pbsworkdir
/home/gseeholzer/nas3/bfd/runs/F2
./:/bin:/usr/bin:/usr/local/sbin:/usr/sbin:/opt/pbs/bin:/home/gseeholzer/programs/bamUtil/bin:/home/gseeholzer/programs/samtools-1.10/bin:/home/gseeholzer/programs/angsd:/home/gseeholzer/programs/angsd/misc:/home/gseeholzer/programs/satsuma2-master/bin:/home/gseeholzer/programs/pcangsd:/home/gseeholzer/programs/evalAdmix:/home/gseeholzer/programs/htslib-1.10.2/bin:/home/gseeholzer/programs/ngsRelate:/home/gseeholzer/programs/vcftools_0.1.13/bin:/home/gseeholzer/programs/bcftools-1.10.2/bin:/home/gseeholzer/programs/gsl/bin:/home/gseeholzer/programs/ngsTools/ngsDist:/home/gseeholzer/programs/ngsTools/ngsF:/home/gseeholzer/programs/ngsTools/ngsF-HMM:/home/gseeholzer/programs/ngsTools/ngsLD:/home/gseeholzer/programs/ngsTools/ngsPopGen:/home/gseeholzer/programs/ngsTools/ngsSim:/home/gseeholzer/programs/ngsTools/ngsUtils:/home/gseeholzer/programs/fastme-2.1.6.1/src:/home/gseeholzer/programs/beast/bin:/home/gseeholzer/.local/bin:/home/gseeholzer/bin
Tue Jun  9 05:06:16 EDT 2020

real	0m0.000s
user	0m0.000s
sys	0m0.000s

                        BEAST v2.6.2, 2002-2020
             Bayesian Evolutionary Analysis Sampling Trees
                       Designed and developed by
 Remco Bouckaert, Alexei J. Drummond, Andrew Rambaut & Marc A. Suchard
                                    
                   Centre for Computational Evolution
                         University of Auckland
                       r.bouckaert@auckland.ac.nz
                        alexei@cs.auckland.ac.nz
                                    
                   Institute of Evolutionary Biology
                        University of Edinburgh
                           a.rambaut@ed.ac.uk
                                    
                    David Geffen School of Medicine
                 University of California, Los Angeles
                           msuchard@ucla.edu
                                    
                      Downloads, Help & Resources:
                           http://beast2.org/
                                    
  Source code distributed under the GNU Lesser General Public License:
                   http://github.com/CompEvol/beast2
                                    
                           BEAST developers:
   Alex Alekseyenko, Trevor Bedford, Erik Bloomquist, Joseph Heled, 
 Sebastian Hoehna, Denise Kuehnert, Philippe Lemey, Wai Lok Sibon Li, 
Gerton Lunter, Sidney Markowitz, Vladimir Minin, Michael Defoin Platel, 
          Oliver Pybus, Tim Vaughan, Chieh-Hsi Wu, Walter Xie
                                    
                               Thanks to:
          Roald Forsberg, Beth Shapiro and Korbinian Strimmer

Random number seed: 1591693576261

File: F2.SBE2_v1_2sp.r3.xml seed: 1591693576261 threads: 32
Loading package BEAST v2.6.2
Loading package BEASTLabs v1.9.2
Loading package MODEL_SELECTION v1.5.2
Loading package SNAPP v1.5.0
Loading package BEAST v2.6.2
Alignment(F2)
  40 taxa
  100 sites
  100 patterns

ant: 100 13
bar: 100 41
cur: 100 5
Data(snap.F2)
  3 taxa
  100 sites
  76 patterns

Seq: seq_Amotape_B67127.Tumbes.Amotape
Seq: seq_Amotape_B67201.Tumbes.Amotape
Seq: seq_Canchaque_B72874.Piura.Canchaque
Seq: seq_Canchaque_B72878.Piura.Canchaque
Seq: seq_Porculla_B31685.Piura.Porculla
Seq: seq_Porculla_B72870.Piura.Porculla
Seq: seq_CarpaChavin_B72794.Huanuco.CarpaChavin
Seq: seq_CarpaChavin_B72802.Huanuco.CarpaChavin
Seq: seq_Carpish_B72762.Huanuco.Acomayo
Seq: seq_Carpish_B72773.Huanuco.Mitotambo
Seq: seq_Chavinillo_B72789.Huanuco.Chavinillo
Seq: seq_Chavinillo_B72792.Huanuco.Chavinillo
Seq: seq_Macate_B72807.Ancash.Macate
Seq: seq_Macate_B72815.Ancash.Macate
Seq: seq_Quichas_B72777.Lima.Quichas
Seq: seq_Quichas_B72785.Lima.Quichas
Seq: seq_CorBlanca_NK_171703
Seq: seq_CorBlanca_FMNH_391889
Seq: seq_Huamatanga_B72889.Lima.Huamatanga
Seq: seq_Huamatanga_B72892.Lima.Huamatanga
Seq: seq_Pacar_B72905.Ancash.Pacar
Seq: seq_Pacar_B72912.Ancash.Pacar
Seq: seq_LaQuinua_B72754.Pasco.LaQuinua
Seq: seq_LaQuinua_B72760.Pasco.LaQuinua
Seq: seq_Chinchan_B72895.Ancash.Chinchan
Seq: seq_Chinchan_NK_173896
Seq: seq_curtata_cra.cur.B6032
Seq: seq_curtata_cra.cur.B8175
ant: 99 13
bar: 99 41
cur: 99 5
3 taxa
99 sites with weight 100
77 patterns
Rate prior = gamma
Log Likelihood Correction = -1761.6081026087832
===============================================================================
Citations for this model:

Bouckaert, Remco, Timothy G. Vaughan, Jo?lle Barido-Sottani, Sebasti?n Duch?ne, 
  Mathieu Fourment, Alexandra Gavryushkina, Joseph Heled et al. 
  BEAST 2.5: An advanced software platform for Bayesian evolutionary analysis. 
  PLoS computational biology 15, no. 4 (2019): e1006650.

David Bryant, Remco Bouckaert, Joseph Felsenstein, Noah Rosenberg, Arindam RoyChoudhury. Inferring Species Trees Directly from Biallelic Genetic Markers: Bypassing Gene Trees in a Full Coalescent Analysis. Mol. Biol. Evol. 29(8):1917-1932, 2012

===============================================================================
Starting step 0
Starting step 1
Starting step 2
Starting step 3
Starting step 4
Starting step 5
Starting step 6
Starting step 7
Starting step 9
Starting step 8
Starting step 10
Starting step 11
Starting step 12
Starting step 13
Starting step 15
Starting step 14
Starting step 16
Starting step 17
Starting step 18
Starting step 19
Starting step 20
Starting step 21
Starting step 22
Starting step 23
Finished step 7
Finished step 9
Finished step 6
Finished step 12
Finished step 8
Finished step 13
Finished step 10
Finished step 4
Finished step 3
Finished step 2
Finished step 5
Finished step 18
Finished step 16
Finished step 14
Finished step 19
Finished step 15
Finished step 0
Finished step 21
Finished step 22
Finished step 1
Finished step 11
Finished step 20
Finished step 23
Finished step 17

Loading /home/gseeholzer/nas3/bfd/runs/F2/F2.SBE2_v1_2sp.r3/step0/likelihood.log, burnin 20%, skipping 200 log lines

|---------|---------|---------|---------|---------|---------|---------|---------|
*********************************************************************************

Calculating statistics

|---------|---------|---------|---------|---------|---------|---------|---------|
********************************************************************************

marginalLs[0 ] = -2412.0082374333697

Loading /home/gseeholzer/nas3/bfd/runs/F2/F2.SBE2_v1_2sp.r3/step1/likelihood.log, burnin 20%, skipping 200 log lines

|---------|---------|---------|---------|---------|---------|---------|---------|
*********************************************************************************

Calculating statistics

|---------|---------|---------|---------|---------|---------|---------|---------|
********************************************************************************

marginalLs[1 ] = -2412.7534995510764

Loading /home/gseeholzer/nas3/bfd/runs/F2/F2.SBE2_v1_2sp.r3/step2/likelihood.log, burnin 20%, skipping 200 log lines

|---------|---------|---------|---------|---------|---------|---------|---------|
*********************************************************************************

Calculating statistics

|---------|---------|---------|---------|---------|---------|---------|---------|
********************************************************************************

marginalLs[2 ] = -2413.510892436329

Loading /home/gseeholzer/nas3/bfd/runs/F2/F2.SBE2_v1_2sp.r3/step3/likelihood.log, burnin 20%, skipping 200 log lines

|---------|---------|---------|---------|---------|---------|---------|---------|
*********************************************************************************

Calculating statistics

|---------|---------|---------|---------|---------|---------|---------|---------|
********************************************************************************

marginalLs[3 ] = -2414.4797150237873

Loading /home/gseeholzer/nas3/bfd/runs/F2/F2.SBE2_v1_2sp.r3/step4/likelihood.log, burnin 20%, skipping 200 log lines

|---------|---------|---------|---------|---------|---------|---------|---------|
*********************************************************************************

Calculating statistics

|---------|---------|---------|---------|---------|---------|---------|---------|
********************************************************************************

marginalLs[4 ] = -2415.269954384857

Loading /home/gseeholzer/nas3/bfd/runs/F2/F2.SBE2_v1_2sp.r3/step5/likelihood.log, burnin 20%, skipping 200 log lines

|---------|---------|---------|---------|---------|---------|---------|---------|
*********************************************************************************

Calculating statistics

|---------|---------|---------|---------|---------|---------|---------|---------|
********************************************************************************

marginalLs[5 ] = -2416.298623245156

Loading /home/gseeholzer/nas3/bfd/runs/F2/F2.SBE2_v1_2sp.r3/step6/likelihood.log, burnin 20%, skipping 200 log lines

|---------|---------|---------|---------|---------|---------|---------|---------|
*********************************************************************************

Calculating statistics

|---------|---------|---------|---------|---------|---------|---------|---------|
********************************************************************************

marginalLs[6 ] = -2417.2154839186305

Loading /home/gseeholzer/nas3/bfd/runs/F2/F2.SBE2_v1_2sp.r3/step7/likelihood.log, burnin 20%, skipping 200 log lines

|---------|---------|---------|---------|---------|---------|---------|---------|
*********************************************************************************

Calculating statistics

|---------|---------|---------|---------|---------|---------|---------|---------|
********************************************************************************

marginalLs[7 ] = -2418.4337152324283

Loading /home/gseeholzer/nas3/bfd/runs/F2/F2.SBE2_v1_2sp.r3/step8/likelihood.log, burnin 20%, skipping 200 log lines

|---------|---------|---------|---------|---------|---------|---------|---------|
*********************************************************************************

Calculating statistics

|---------|---------|---------|---------|---------|---------|---------|---------|
********************************************************************************

marginalLs[8 ] = -2419.786657030662

Loading /home/gseeholzer/nas3/bfd/runs/F2/F2.SBE2_v1_2sp.r3/step9/likelihood.log, burnin 20%, skipping 200 log lines

|---------|---------|---------|---------|---------|---------|---------|---------|
*********************************************************************************

Calculating statistics

|---------|---------|---------|---------|---------|---------|---------|---------|
********************************************************************************

marginalLs[9 ] = -2421.4529189080863

Loading /home/gseeholzer/nas3/bfd/runs/F2/F2.SBE2_v1_2sp.r3/step10/likelihood.log, burnin 20%, skipping 200 log lines

|---------|---------|---------|---------|---------|---------|---------|---------|
*********************************************************************************

Calculating statistics

|---------|---------|---------|---------|---------|---------|---------|---------|
********************************************************************************

marginalLs[10 ] = -2422.4234291233647

Loading /home/gseeholzer/nas3/bfd/runs/F2/F2.SBE2_v1_2sp.r3/step11/likelihood.log, burnin 20%, skipping 200 log lines

|---------|---------|---------|---------|---------|---------|---------|---------|
*********************************************************************************

Calculating statistics

|---------|---------|---------|---------|---------|---------|---------|---------|
********************************************************************************

marginalLs[11 ] = -2424.2539067200105

Loading /home/gseeholzer/nas3/bfd/runs/F2/F2.SBE2_v1_2sp.r3/step12/likelihood.log, burnin 20%, skipping 200 log lines

|---------|---------|---------|---------|---------|---------|---------|---------|
*********************************************************************************

Calculating statistics

|---------|---------|---------|---------|---------|---------|---------|---------|
********************************************************************************

marginalLs[12 ] = -2426.9065893797424

Loading /home/gseeholzer/nas3/bfd/runs/F2/F2.SBE2_v1_2sp.r3/step13/likelihood.log, burnin 20%, skipping 200 log lines

|---------|---------|---------|---------|---------|---------|---------|---------|
*********************************************************************************

Calculating statistics

|---------|---------|---------|---------|---------|---------|---------|---------|
********************************************************************************

marginalLs[13 ] = -2427.881047499562

Loading /home/gseeholzer/nas3/bfd/runs/F2/F2.SBE2_v1_2sp.r3/step14/likelihood.log, burnin 20%, skipping 200 log lines

|---------|---------|---------|---------|---------|---------|---------|---------|
*********************************************************************************

Calculating statistics

|---------|---------|---------|---------|---------|---------|---------|---------|
********************************************************************************

marginalLs[14 ] = -2429.7104911135984

Loading /home/gseeholzer/nas3/bfd/runs/F2/F2.SBE2_v1_2sp.r3/step15/likelihood.log, burnin 20%, skipping 200 log lines

|---------|---------|---------|---------|---------|---------|---------|---------|
*********************************************************************************

Calculating statistics

|---------|---------|---------|---------|---------|---------|---------|---------|
********************************************************************************

marginalLs[15 ] = -2431.7298149428943

Loading /home/gseeholzer/nas3/bfd/runs/F2/F2.SBE2_v1_2sp.r3/step16/likelihood.log, burnin 20%, skipping 200 log lines

|---------|---------|---------|---------|---------|---------|---------|---------|
*********************************************************************************

Calculating statistics

|---------|---------|---------|---------|---------|---------|---------|---------|
********************************************************************************

marginalLs[16 ] = -2433.1496051584527

Loading /home/gseeholzer/nas3/bfd/runs/F2/F2.SBE2_v1_2sp.r3/step17/likelihood.log, burnin 20%, skipping 200 log lines

|---------|---------|---------|---------|---------|---------|---------|---------|
*********************************************************************************

Calculating statistics

|---------|---------|---------|---------|---------|---------|---------|---------|
********************************************************************************

marginalLs[17 ] = -2434.408312656449

Loading /home/gseeholzer/nas3/bfd/runs/F2/F2.SBE2_v1_2sp.r3/step18/likelihood.log, burnin 20%, skipping 200 log lines

|---------|---------|---------|---------|---------|---------|---------|---------|
*********************************************************************************

Calculating statistics

|---------|---------|---------|---------|---------|---------|---------|---------|
********************************************************************************

marginalLs[18 ] = -2434.3079269209015

Loading /home/gseeholzer/nas3/bfd/runs/F2/F2.SBE2_v1_2sp.r3/step19/likelihood.log, burnin 20%, skipping 200 log lines

|---------|---------|---------|---------|---------|---------|---------|---------|
*********************************************************************************

Calculating statistics

|---------|---------|---------|---------|---------|---------|---------|---------|
********************************************************************************

marginalLs[19 ] = -2435.541200066366

Loading /home/gseeholzer/nas3/bfd/runs/F2/F2.SBE2_v1_2sp.r3/step20/likelihood.log, burnin 20%, skipping 200 log lines

|---------|---------|---------|---------|---------|---------|---------|---------|
*********************************************************************************

Calculating statistics

|---------|---------|---------|---------|---------|---------|---------|---------|
********************************************************************************

marginalLs[20 ] = -2437.7377446002197

Loading /home/gseeholzer/nas3/bfd/runs/F2/F2.SBE2_v1_2sp.r3/step21/likelihood.log, burnin 20%, skipping 200 log lines

|---------|---------|---------|---------|---------|---------|---------|---------|
*********************************************************************************

Calculating statistics

|---------|---------|---------|---------|---------|---------|---------|---------|
********************************************************************************

marginalLs[21 ] = -2435.486343301478

Loading /home/gseeholzer/nas3/bfd/runs/F2/F2.SBE2_v1_2sp.r3/step22/likelihood.log, burnin 20%, skipping 200 log lines

|---------|---------|---------|---------|---------|---------|---------|---------|
*********************************************************************************

Calculating statistics

|---------|---------|---------|---------|---------|---------|---------|---------|
********************************************************************************

marginalLs[22 ] = -2436.020918594119

Loading /home/gseeholzer/nas3/bfd/runs/F2/F2.SBE2_v1_2sp.r3/step23/likelihood.log, burnin 20%, skipping 200 log lines

|---------|---------|---------|---------|---------|---------|---------|---------|
*********************************************************************************

Calculating statistics

|---------|---------|---------|---------|---------|---------|---------|---------|
********************************************************************************

marginalLs[23 ] = -2436.2045208588797

Step        theta         likelihood   contribution ESS
0            1            -2412.0082   0            780.8324     
1            0.8623       -2412.7535   -332.2252    795.9263     
2            0.7384       -2413.5109   -298.8869    801          
3            0.6276       -2414.4797   -267.5622    801          
4            0.529        -2415.27     -238.1755    510.958      
5            0.4417       -2416.2986   -210.7383    768.2029     
6            0.3651       -2417.2155   -185.188     801          
7            0.2983       -2418.4337   -161.5172    801          
8            0.2406       -2419.7867   -139.6739    801          
9            0.1911       -2421.4529   -119.6309    801          
10           0.1493       -2422.4234   -101.3094    801          
11           0.1143       -2424.2539   -84.7257     795.5957     
12           0.0855       -2426.9066   -69.8294     801          
13           0.0623       -2427.881    -56.5118     578.0508     
14           0.0438       -2429.7105   -44.7871     635.9831     
15           0.0296       -2431.7298   -34.5912     512.265      
16           0.019        -2433.1496   -25.861      761.4067     
17           0.0113       -2434.4083   -18.5444     801          
18           0.0062       -2434.3079   -12.5737     744.8729     
19           0.0029       -2435.5412   -7.8934      586.1108     
20           0.0011       -2437.7377   -4.4136      336.2782     
21           0.0003       -2435.4863   -2.0314      768.2433     
22           0            -2436.0209   -0.6392      620.1936     
23           0            -2436.2045   -0.0704      580.9744     
sum(ESS) = 16984.8941  

marginal L estimate = -2417.3796955975317


Total wall time: 59972 seconds
Done

real	999m34.276s
user	24483m43.116s
sys	636m55.004s
