#
#model:
#
#<?xml version="1.0" encoding="UTF-8" standalone="no"?><input id="posterior" spec="beast.core.util.CompoundDistribution">
#    <distribution id="prior" spec="beast.core.util.CompoundDistribution">
#        <prior id="lambdaPrior.F2" name="distribution">
#            <parameter id="lambda" lower="0.0" name="x" spec="beast.core.parameter.RealParameter">0.01</parameter>
#            <Gamma id="Gamma.0" name="distr">
#                <parameter estimate="false" id="RealParameter.1" name="alpha" spec="beast.core.parameter.RealParameter">2.0</parameter>
#                <parameter estimate="false" id="RealParameter.2" name="beta" spec="beast.core.parameter.RealParameter">200.0</parameter>
#            </Gamma>
#        </prior>
#        <distribution id="snapprior.F2" lambda="@lambda" spec="snap.likelihood.SnAPPrior">
#            <parameter estimate="false" id="alpha" lower="0.0" name="alpha" spec="beast.core.parameter.RealParameter">11.75</parameter>
#            <parameter estimate="false" id="beta" lower="0.0" name="beta" spec="beast.core.parameter.RealParameter">109.73</parameter>
#            <parameter estimate="false" id="kappa" lower="0.0" name="kappa" spec="beast.core.parameter.RealParameter">1.0</parameter>
#            <parameter id="coalescenceRate" name="coalescenceRate" spec="beast.core.parameter.RealParameter">10.0</parameter>
#            <tree clusterType="upgma" id="Tree.F2" nodetype="snap.NodeData" spec="beast.util.ClusterTree">
#                <taxa dataType="integerdata" id="snap.F2" spec="snap.Data">
#                    <taxonset id="ant" spec="beast.evolution.alignment.TaxonSet">
#                        <taxon id="CarpaChavin_B72794.Huanuco.CarpaChavin" spec="beast.evolution.alignment.Taxon"/>
#                        <taxon id="CarpaChavin_B72802.Huanuco.CarpaChavin" spec="beast.evolution.alignment.Taxon"/>
#                        <taxon id="Carpish_B72762.Huanuco.Acomayo" spec="beast.evolution.alignment.Taxon"/>
#                        <taxon id="Carpish_B72773.Huanuco.Mitotambo" spec="beast.evolution.alignment.Taxon"/>
#                        <taxon id="Amotape_B67127.Tumbes.Amotape" spec="beast.evolution.alignment.Taxon"/>
#                        <taxon id="Amotape_B67201.Tumbes.Amotape" spec="beast.evolution.alignment.Taxon"/>
#                        <taxon id="Chavinillo_B72789.Huanuco.Chavinillo" spec="beast.evolution.alignment.Taxon"/>
#                        <taxon id="Chavinillo_B72792.Huanuco.Chavinillo" spec="beast.evolution.alignment.Taxon"/>
#                        <taxon id="Quichas_B72777.Lima.Quichas" spec="beast.evolution.alignment.Taxon"/>
#                        <taxon id="Quichas_B72785.Lima.Quichas" spec="beast.evolution.alignment.Taxon"/>
#                        <taxon id="Canchaque_B72874.Piura.Canchaque" spec="beast.evolution.alignment.Taxon"/>
#                        <taxon id="Canchaque_B72878.Piura.Canchaque" spec="beast.evolution.alignment.Taxon"/>
#                        <taxon id="Huamatanga_B72889.Lima.Huamatanga" spec="beast.evolution.alignment.Taxon"/>
#                        <taxon id="Huamatanga_B72892.Lima.Huamatanga" spec="beast.evolution.alignment.Taxon"/>
#                        <taxon id="Pacar_B72905.Ancash.Pacar" spec="beast.evolution.alignment.Taxon"/>
#                        <taxon id="Pacar_B72912.Ancash.Pacar" spec="beast.evolution.alignment.Taxon"/>
#                        <taxon id="LaQuinua_B72754.Pasco.LaQuinua" spec="beast.evolution.alignment.Taxon"/>
#                        <taxon id="LaQuinua_B72760.Pasco.LaQuinua" spec="beast.evolution.alignment.Taxon"/>
#                        <taxon id="Chinchan_B72895.Ancash.Chinchan" spec="beast.evolution.alignment.Taxon"/>
#                        <taxon id="Chinchan_NK_173896" spec="beast.evolution.alignment.Taxon"/>
#                    </taxonset>
#                    <taxonset id="cur" spec="beast.evolution.alignment.TaxonSet">
#                        <taxon id="curtata_cra.cur.B6032" spec="beast.evolution.alignment.Taxon"/>
#                        <taxon id="curtata_cra.cur.B8175" spec="beast.evolution.alignment.Taxon"/>
#                    </taxonset>
#                </taxa>
#                <parameter id="RealParameter.0" lower="0.0" name="clock.rate" spec="beast.core.parameter.RealParameter" upper="0.0">1.0</parameter>
#            </tree>
#        </distribution>
#    </distribution>
#    <distribution id="likelihood" spec="beast.core.util.CompoundDistribution">
#        <distribution data="@snap.F2" id="treeLikelihood.F2" non-polymorphic="false" pattern="coalescenceRate" spec="snap.likelihood.SnAPTreeLikelihood" tree="@Tree.F2">
#            <siteModel id="MutationSiteModel.F2" spec="beast.evolution.sitemodel.SiteModel">
#                <parameter estimate="false" id="mutationRate" name="mutationRate" spec="beast.core.parameter.RealParameter">1.0</parameter>
#                <parameter estimate="false" id="shape" name="shape" spec="beast.core.parameter.RealParameter">2.0</parameter>
#                <parameter estimate="false" id="proportionInvariant" name="proportionInvariant" spec="beast.core.parameter.RealParameter">0.0</parameter>
#                <substModel coalescenceRate="@coalescenceRate" id="MutationModel" spec="snap.likelihood.SnapSubstitutionModel">
#                    <parameter estimate="false" id="u" lower="0.0" name="mutationRateU" spec="beast.core.parameter.RealParameter">1.0</parameter>
#                    <parameter id="v" lower="0.0" name="mutationRateV" spec="beast.core.parameter.RealParameter">1.0</parameter>
#                </substModel>
#            </siteModel>
#        </distribution>
#    </distribution>
#</input>
#
Sample	posterior	likelihood	prior	theta0	theta1	theta2	TreeHeightLogger
0	-2143.0016712127053	-1991.1588696192512	-151.84280159345394	0.09125162851844658	0.15954971542990512	0.05533186452211032	7.855383270654237E-5
1000	-2137.4115168929125	-1985.2009209141722	-152.21059597874032	0.06951824302499335	0.07391641992747985	0.17098464398542498	0.00123226361859874
2000	-2140.2609393218227	-1987.9396385703867	-152.3213007514359	0.05820167140110861	0.08448331077023491	0.09272473892812781	0.0015651500210874742
3000	-2138.616452862747	-1987.8834827351425	-150.73297012760423	0.09985985520317953	0.06499826450536171	0.13340321749952788	4.219754639553162E-4
4000	-2139.427099289991	-1986.5170572262423	-152.91004206374893	0.04958584696884831	0.09277657245567189	0.1731424969373014	2.285199628982654E-4
5000	-2138.534126851296	-1987.454929851414	-151.0791969998823	0.10560990302051608	0.18290028366857347	0.14590584996336475	0.002494174733048379
6000	-2136.930950459782	-1986.8820509690122	-150.04889949076954	0.09546693431502142	0.14465581799218227	0.18042798487578554	3.7726179616039894E-4
7000	-2147.2204387906304	-1988.266201816106	-158.95423697452418	0.1080228795945802	0.08527493866568825	0.12088410712599165	0.0010180069712942617
8000	-2139.7425582777178	-1985.8675666717709	-153.87499160594666	0.038505670600368504	0.1345038475623619	0.11458244182356163	6.364881763686774E-4
9000	-2138.5617193129247	-1986.3939578635209	-152.16776144940377	0.07845922422006726	0.19720997656894323	0.15097603021813585	0.0010634759501599066
10000	-2138.0452641342245	-1986.3490717525399	-151.6961923816844	0.11086603371666284	0.1600830842736427	0.18477177432491818	0.002969554743903862
11000	-2140.7511842845825	-1988.782965121577	-151.96821916300544	0.1227886985431674	0.11782038294954308	0.12048070415847961	9.736657622747755E-4
12000	-2137.5840436720773	-1984.7666746715927	-152.81736900048458	0.06145480290612639	0.11582951980796562	0.19651353498538413	0.001274303536658567
13000	-2138.0415141367885	-1985.0716496925427	-152.96986444424587	0.060888339181355416	0.10272880001907754	0.1952055789283858	7.631869245185856E-4
14000	-2137.0837178123274	-1988.5994796002892	-148.48423821203846	0.11413347115032661	0.10018621875253407	0.11927598848582127	7.851465625938375E-4
15000	-2137.5168299321595	-1985.7124133114962	-151.8044166206631	0.059074899487962296	0.14502357743456082	0.1532730412039561	8.564143122367064E-4
16000	-2138.295154060196	-1988.9432852101795	-149.35186885001661	0.09243601326672282	0.13031614153251725	0.10398004156454503	0.0013491833904672155
17000	-2136.128303625221	-1986.4636034905948	-149.6647001346265	0.09131595139820381	0.11424413929289418	0.1513110632734827	0.0015287189087435453
18000	-2140.89117876853	-1985.7809679135094	-155.110210855021	0.10619788593684687	0.19176213974478168	0.2225950280647579	0.0031426595529117163
19000	-2139.003495352032	-1987.4865356485604	-151.51695970347154	0.06436344868898404	0.0667481686963521	0.12409040897724387	3.7263868416115455E-4
20000	-2140.171446945269	-1987.33430651101	-152.83714043425908	0.12526789200364208	0.16478996818331818	0.1637550912433278	7.06073518423964E-4
21000	-2138.8385536273463	-1988.0576865097785	-150.78086711756774	0.09436235197455166	0.06177519690787112	0.12154101198468295	5.155357372485875E-4
22000	-2138.7706680048664	-1985.5161449296525	-153.25452307521383	0.06852728686913202	0.12934449992048194	0.20303519612966342	0.0023069846468541104
23000	-2138.3910093505374	-1986.0763147061123	-152.31469464442506	0.054841969351476755	0.07488196793575498	0.12522518459996168	8.692047785658198E-4
24000	-2141.7533271962257	-1986.567754110512	-155.1855730857136	0.03764683143605041	0.11008929219870973	0.08851303111499138	9.997898116600153E-4
25000	-2139.8440570535963	-1989.6993544551797	-150.14470259841673	0.08088491923571896	0.0986081598077033	0.08403661182591993	5.344245698707645E-4
26000	-2137.5544384223012	-1988.6114377545398	-148.94300066776134	0.10897515702913438	0.07955740250650326	0.12490131285002547	1.9415738192186342E-4
27000	-2138.4412912661483	-1989.6343870872065	-148.80690417894175	0.16053109641717803	0.13134809744124704	0.10427201306523608	1.9518831074999854E-4
28000	-2137.3755228266773	-1986.82125795199	-150.55426487468748	0.12462418811247203	0.09278656637835182	0.1665518412367411	0.002632692048401365
29000	-2138.793079657193	-1986.81016582573	-151.98291383146292	0.08300269409234544	0.19974258569358783	0.15825640381827172	6.125807051376185E-4
30000	-2139.212649974229	-1985.7184191772665	-153.49423079696268	0.11342955244039257	0.12738118235982657	0.24807716119282527	5.710244532596738E-4
31000	-2139.4994243018573	-1985.3183355547008	-154.1810887471564	0.09932179852990232	0.07527802877325852	0.19475499155906023	0.001973394063503205
32000	-2139.852757673214	-1987.3005186585465	-152.55223901466763	0.06788599655993725	0.06681470623703098	0.1791661351070337	9.306123706652599E-5
33000	-2136.8127872784617	-1985.3099357260594	-151.5028515524024	0.09412932619381452	0.0989546503977969	0.20759420682220034	0.0011247852974595658
34000	-2137.2355747114957	-1987.5059057008916	-149.72966901060389	0.07716772040625942	0.10593393817902788	0.11764221432475246	9.170760921439922E-4
35000	-2138.5526089505324	-1986.2896565442873	-152.26295240624506	0.0559405584768273	0.08822149499056882	0.13754946380396563	0.0020053561612441923
36000	-2137.142012697316	-1987.3238237842038	-149.81818891311232	0.08493503196436727	0.13718161246476418	0.12711600661979955	0.001248903603895121
37000	-2137.4048023718015	-1985.9624046513552	-151.44239772044648	0.06258654304817073	0.1429316235046215	0.1531800173095135	7.743942784178222E-4
38000	-2136.798827336937	-1985.3091831462534	-151.4896441906837	0.06845145820323181	0.1361101109352216	0.17432605627184916	0.001274955307816233
39000	-2143.618977464445	-1985.653615272845	-157.96536219159987	0.02685385621500331	0.14978907315466175	0.08960922180940262	6.918600367240312E-4
40000	-2139.28686708129	-1987.4109640760905	-151.87590300519943	0.11279446626818602	0.12276666795534684	0.15299801465262577	0.0029769294362634578
41000	-2139.564871164118	-1987.697675788004	-151.86719537611395	0.05627300256079304	0.092534571373794	0.09331693586545452	8.153964601479864E-4
42000	-2138.599571929661	-1986.0860642670937	-152.51350766256746	0.04566571551731018	0.10423376516532927	0.12708108237978052	5.763677519773655E-4
43000	-2137.282458904462	-1985.0692239841146	-152.2132349203476	0.08599175966230137	0.11931158186141817	0.2088763061790442	0.0013770744401795062
44000	-2137.3133773371974	-1986.7516487091807	-150.56172862801682	0.0858460620148134	0.08446961987507663	0.13657807682249054	0.0013470737292800607
45000	-2139.2771909582657	-1988.1061279494734	-151.17106300879237	0.05815889112973488	0.13078100193686307	0.09079795350807453	7.647258262451045E-4
46000	-2136.869372419596	-1986.5072161238431	-150.36215629575298	0.10858874318908723	0.14357612987122534	0.17719467487911228	9.122232913461038E-4
47000	-2138.9319708233297	-1984.879828662164	-154.0521421611655	0.08971972180895234	0.060170684471893075	0.2061921770307699	0.001420220944961626
48000	-2143.617750518584	-1984.58850633168	-159.02924418690435	0.06070013879064247	0.07403303505966077	0.2331541969944369	0.001696053842717244
49000	-2138.4423197918322	-1987.0691526285298	-151.3731671633025	0.06193888665089821	0.1026054705609723	0.12429627374880156	0.0022041780177940082
50000	-2137.1648456087482	-1986.9824676698765	-150.18237793887184	0.0700021608988541	0.0867441694157051	0.12366041710814707	8.077348177967627E-4
51000	-2138.0607370101584	-1986.1161106357451	-151.94462637441328	0.08021442669002443	0.1591310908889974	0.1563081000704293	0.0017955917068021758
52000	-2137.4617666002646	-1986.5845468850043	-150.8772197152602	0.07793103994152231	0.15738340340317594	0.13940539294596993	0.001308634025305986
53000	-2141.574569125523	-1985.0644205315007	-156.510148594022	0.06724609994677491	0.050046983023790015	0.17306570571433275	0.001006728442310821
54000	-2137.121036518599	-1987.5512825366568	-149.5697539819419	0.14310377633398433	0.10837688976692626	0.17689106600310914	1.858710346837433E-4
55000	-2138.106213801742	-1988.513696370551	-149.59251743119088	0.07680892588108915	0.1316960729004463	0.12896421019305987	8.916775231824075E-5
56000	-2137.0190411200806	-1988.686330639604	-148.33271048047672	0.1202985072402626	0.145852020887661	0.1257265317768457	2.885147838299785E-4
57000	-2138.902379347077	-1985.0645717918817	-153.83780755519544	0.06527063455773581	0.06174580024187774	0.17320204024721156	0.0016780375295748584
58000	-2137.0564204559223	-1986.9268533543507	-150.12956710157178	0.07899379081817597	0.08400859502754268	0.12636432163953185	0.0014134471835924312
59000	-2139.3524952127727	-1987.9334568872782	-151.41903832549443	0.12499554927422181	0.06183064128787753	0.13492189768427265	0.0018690150691828221
60000	-2137.1812491713126	-1986.359124520579	-150.82212465073368	0.10689814921356902	0.08863119508421496	0.1649644370319605	0.0021864359004223092
61000	-2136.7504794469787	-1987.4398110866814	-149.3106683602973	0.08565474437307873	0.09429031644953131	0.12420838803869591	0.0010127336876913058
62000	-2137.7318345090075	-1987.3622353843214	-150.3695991246863	0.0689245367286355	0.13139841531348104	0.12836316995559433	4.996090562880873E-4
63000	-2138.097964946558	-1985.3014659902108	-152.79649895634705	0.09818362828299831	0.0999953232058552	0.22055522423740873	0.002693630936267829
64000	-2138.6422748732475	-1988.0119961231048	-150.63027875014276	0.09511185950916698	0.1144210530510154	0.12819457031273399	5.195657074529748E-4
65000	-2139.118168906098	-1987.0335327943003	-152.08463611179766	0.061705782844925325	0.10705876157364759	0.1304252603661409	0.002333919929527534
66000	-2138.3034819573586	-1988.4087719134488	-149.89471004390975	0.1220443574634469	0.14913473814601724	0.13004787505957016	0.001571642003139552
67000	-2138.994102759234	-1988.0082802043316	-150.98582255490234	0.1705793272311653	0.09418217944794156	0.15273428040815581	0.0010615623380906317
68000	-2137.4251391698963	-1986.6809127056472	-150.74422646424904	0.07290088278645897	0.07920117323270093	0.1262001665263521	0.001255587968059492
69000	-2141.8495328841464	-1989.6880342279155	-152.16149865623072	0.0609424973825309	0.088109251122669	0.09629461143842949	0.0028215434399263832
70000	-2140.329672259497	-1986.4047078359702	-153.9249644235266	0.05198787466408106	0.06860764587446794	0.13955403443498005	0.0020824254039463943
71000	-2138.2318619214784	-1988.1141573071036	-150.11770461437476	0.07097471458907705	0.10182334848817197	0.10939343316958502	4.713586031878828E-4
72000	-2137.830912086116	-1986.8336069073234	-150.9973051787924	0.07860530212533759	0.06692762653550022	0.127510897196895	0.001127430771789404
73000	-2139.348577097396	-1988.238082155947	-151.11049494144902	0.07178524111950892	0.164833326338866	0.1220926776460842	2.447100282459928E-4
74000	-2137.028094304578	-1986.7342819417636	-150.2938123628146	0.07487207117456432	0.15631462454053788	0.1475247581046824	6.67372793089174E-4
75000	-2136.5098295245803	-1987.232670504848	-149.27715901973232	0.10126886329990806	0.11692583670955542	0.15583385227096136	5.544474154896313E-4
76000	-2138.151400982002	-1987.216237578899	-150.93516340310316	0.10492858257142272	0.06107675963341309	0.14955710880935638	5.910379863735238E-4
77000	-2137.937008066522	-1988.7152883239833	-149.22171974253908	0.11838924542039528	0.1289060064803031	0.12492496202765871	0.0020806341027050737
78000	-2141.468994854939	-1989.4742973454772	-151.9946975094619	0.1109845286073799	0.062414829812248475	0.09979468950299637	8.067932091425946E-5
79000	-2139.004131349293	-1985.6904015865512	-153.31372976274176	0.11609652271460556	0.08345614799652731	0.21363151962654117	0.0031917652806697674
80000	-2140.2730684991375	-1985.1917570293697	-155.08131146976802	0.07408979204069525	0.1451973972544088	0.22266442890313726	7.521661883802777E-4
81000	-2137.288053428511	-1987.7954260918445	-149.4926273366663	0.11309502787118009	0.09259025260233303	0.14648627861935246	4.0303957373147395E-4
82000	-2141.922813637217	-1986.415336698987	-155.50747693823027	0.044813187721022135	0.09273783451669113	0.10916473730666527	6.438200181036714E-4
83000	-2137.538464131921	-1987.5056437635376	-150.03282036838363	0.10068574404774937	0.11456456264109643	0.1364115712065301	0.0022275560022684947
84000	-2138.9765150892595	-1987.5863914419751	-151.3901236472845	0.09976283297908024	0.1094761954923609	0.13300256142790945	0.0021012226120644974
85000	-2138.568676941025	-1986.7984831586034	-151.77019378242176	0.07115745554090973	0.10093464295875694	0.17709253177056028	2.633739976528092E-4
86000	-2137.4183758160902	-1986.9318211096825	-150.48655470640765	0.06416188831943621	0.105906303414972	0.11404573981293269	0.0013239427436463136
87000	-2139.7822950290783	-1987.2228514827912	-152.5594435462873	0.06503545993387945	0.07357357409285431	0.11128705404130844	0.0017879139324505691
88000	-2139.8058957457797	-1987.9873716146737	-151.81852413110582	0.07545876745610225	0.1491679569724231	0.11148923281132814	0.0019849295996992172
89000	-2139.4287189422284	-1988.471113739206	-150.95760520302267	0.06295142595097598	0.09248271760542331	0.10604793434944805	2.487862487656029E-4
90000	-2137.6510146709315	-1988.1930689180915	-149.45794575284023	0.09974041758096935	0.0766014574187065	0.12731165653847434	3.7587223940678766E-4
91000	-2137.313905075448	-1988.1383790820832	-149.17552599336494	0.10046004972808205	0.12243398242192932	0.12243971839561427	0.001776014282321238
92000	-2140.283706004533	-1986.1948848843176	-154.08882112021539	0.16562683080572252	0.0897698499622106	0.24694918951763223	3.9716562201021845E-4
93000	-2136.827251295362	-1987.1607630529788	-149.66648824238337	0.12115425869928295	0.08244951672294669	0.15693824807496515	8.417597071502146E-4
94000	-2140.652057786859	-1989.2572962750078	-151.39476151185127	0.11897631463989089	0.06191973021138224	0.1128947673898813	0.0019198474595425222
95000	-2137.792652680777	-1985.6864464451912	-152.10620623558552	0.13189574343007046	0.1292330375461492	0.2111467061762121	0.0021353605461285337
96000	-2136.9329722686116	-1987.2689015424057	-149.66407072620603	0.10930617379287604	0.0847669523244584	0.14109404162025302	0.0016206020693257026
97000	-2138.5834608462683	-1988.1067236240358	-150.4767372222325	0.06276964607602563	0.09712530751697442	0.1304845850515787	1.4568502849127832E-4
98000	-2137.2407318405503	-1985.5803693642772	-151.66036247627312	0.06445578367972078	0.08826295590277214	0.1727262815074219	7.127992596967059E-4
99000	-2138.2696455674727	-1986.0077523198238	-152.26189324764908	0.08435925622872154	0.08234715045259251	0.17996945906943612	6.91714793720142E-4
100000	-2138.532998661841	-1986.2644557584183	-152.26854290342268	0.07388770726090246	0.059804019950230866	0.13816719628074112	0.0010208638647725271
101000	-2136.72359667327	-1987.5436371276487	-149.17995954562159	0.12256062072478287	0.09479400462803218	0.15238509979563813	6.17246086442436E-4
102000	-2141.0427604257898	-1989.310526984359	-151.73223344143085	0.09073586668432383	0.06785163841413558	0.10483923147861632	0.002462715369526297
103000	-2138.339411389701	-1986.4246762971152	-151.914735092586	0.06717939955355087	0.07225984020014029	0.1703272991357774	3.7802635485851947E-4
104000	-2138.7673111136182	-1986.2838068897079	-152.48350422391027	0.1397159310620644	0.0642889644050411	0.18609730647582928	0.0011980547746703592
105000	-2136.2490946877188	-1986.0007259427066	-150.24836874501202	0.07688541508356472	0.12806157148559338	0.15338677166282033	0.001544113116707388
106000	-2137.303905877569	-1985.7847393038169	-151.51916657375207	0.07753261411270547	0.06927277744423535	0.15723831512655356	0.0011513306487258813
107000	-2139.286208243954	-1987.9814321636547	-151.30477608029938	0.1068527326681029	0.07594829027332978	0.14447928217358402	0.003402041044029859
108000	-2139.9469218435074	-1985.1254918512543	-154.82142999225331	0.10370327193430626	0.06590657608860186	0.2061859897461495	0.0015553810442935818
109000	-2136.9114912329255	-1988.5525801009874	-148.3589111319383	0.1339441779573847	0.10573057723946158	0.13081130805690092	3.6845764119502745E-4
110000	-2138.1767654623072	-1988.0783118488257	-150.0984536134816	0.10714367257393416	0.16517341290468052	0.12848868215533826	0.0011557298895665954
111000	-2136.8543672175633	-1987.4249253326793	-149.42944188488417	0.08200263422704343	0.08846771985983491	0.12551148696241635	7.59139388422057E-4
112000	-2137.5350414829986	-1988.4443888810652	-149.09065260193336	0.09751827486216388	0.11491347029444096	0.11362313053344916	0.0012250293572094787
113000	-2136.2483628402524	-1985.6120004494583	-150.636362390794	0.07981969722970753	0.10608162419562477	0.16881407956155545	0.0014605266221551663
114000	-2139.313113899264	-1986.8974755103354	-152.4156383889284	0.12030064234571805	0.08886209099857112	0.16251476605383253	0.0026602081965898727
115000	-2138.408167277069	-1984.873277168482	-153.5348901085869	0.06762428844890431	0.08431557536888887	0.21246802255625957	8.434848573599464E-4
116000	-2138.3226844620567	-1986.2002639430907	-152.1224205189659	0.05764896692311126	0.09184541367925177	0.1275783253487315	8.810927572808553E-4
117000	-2136.2542729995153	-1985.7053885117218	-150.5488844877933	0.09178158505512707	0.12067455891431597	0.1787938656358887	0.001893133120275753
118000	-2141.6679062748926	-1989.5392433197303	-152.12866295516235	0.0675053410526894	0.1605076020046389	0.1115253722136837	0.003286763811474035
119000	-2138.317834800436	-1986.784774721737	-151.53306007869867	0.06645792790501358	0.07476669874348958	0.15308505639531722	3.779050383236694E-4
120000	-2138.592455482689	-1985.971406017446	-152.62104946524266	0.05535060523490848	0.07839887769020801	0.12812182947040418	0.0015264830604736434
121000	-2137.9477341140414	-1989.6799528093716	-148.26778130466994	0.11730508138449632	0.09493878591967521	0.09469771460027142	5.378099492003065E-5
122000	-2138.3025996623915	-1987.6234296865578	-150.67916997583387	0.09519980370664295	0.06385593884406567	0.12247605615088912	0.0012580829551545724
123000	-2137.546798039009	-1988.3881091873104	-149.1586888516986	0.09132549500679249	0.1300009579839462	0.119375449846933	4.208432616920018E-4
124000	-2136.284499591296	-1986.947643445033	-149.3368561462631	0.08331747030861142	0.10387132320099633	0.1342529545900896	0.0010581559892366345
125000	-2137.817996809796	-1987.3894095560167	-150.4285872537794	0.139440719354235	0.10497095739825676	0.16175549618101678	0.002736156718193896
126000	-2138.0552611497033	-1985.4132507587587	-152.64201039094462	0.07985546916204954	0.06361718451445067	0.16867386133827372	0.001495526427191159
127000	-2142.878345782787	-1984.528438986039	-158.34990679674823	0.05248096751810097	0.1701994793323586	0.26196175777085345	0.0012318209129314878
128000	-2136.1645305785346	-1986.7780776639747	-149.38645291456007	0.09656455740799397	0.09170316735734776	0.148609657083196	0.001085202415261414
129000	-2137.993866732223	-1986.5192194191004	-151.47464731312263	0.07986383518884572	0.07884210461966425	0.14173113619104574	9.679640427008653E-4
130000	-2137.011493918393	-1986.9368998750492	-150.07459404334418	0.12234932738539779	0.09592192887419325	0.16034234381960055	0.0023429458907251685
131000	-2137.610226910042	-1988.640082990165	-148.97014391987707	0.07666094336604272	0.13281523480259286	0.1215601062079462	1.1402804191999052E-4
132000	-2138.7413089305987	-1986.167129337864	-152.5741795927348	0.07711816783326793	0.0807313978635836	0.17089042548359806	0.0026738270937423205
133000	-2139.988488387416	-1988.2488036869745	-151.7396847004416	0.05691846913580768	0.10926521061609211	0.10910323250794564	0.0024709254550572737
134000	-2136.7422029047884	-1988.4890375295672	-148.25316537522136	0.12387852169197953	0.11093739831281937	0.12737168985037173	6.278535152197775E-4
135000	-2137.6027524463425	-1985.4440882435774	-152.158664202765	0.07189297244627046	0.09422557324592161	0.19595170330216433	7.024296783146762E-4
136000	-2143.465484675029	-1988.8289118193227	-154.63657285570633	0.12144442459676129	0.1772389630367645	0.12154850374450457	4.259414374378869E-4
137000	-2137.323330675237	-1986.4332163679428	-150.89011430729414	0.12409862865174422	0.12119823935395647	0.17698404617562843	0.0016499746149788732
138000	-2140.141756423364	-1986.5142852010392	-153.6274712223248	0.048155234287378966	0.06902213681362128	0.1368627729688208	3.7272907790727257E-4
139000	-2138.659818671354	-1987.5359815021766	-151.12383716917756	0.12171361645962954	0.057304373693186965	0.14296089051457259	7.558337993441127E-4
140000	-2137.5935871742727	-1986.492271152151	-151.10131602212158	0.09610354084536869	0.08005285810400223	0.15042833032920389	0.0017478452065733854
141000	-2137.079585757844	-1985.7934660233116	-151.2861197345325	0.08422878975868311	0.09048975141780323	0.171558127748799	0.0010628502898816687
142000	-2137.3420217990983	-1987.874734562065	-149.46728723703345	0.06985255908927365	0.11182317434107629	0.1258791218121902	3.0742519741740806E-4
143000	-2138.8107211679344	-1985.4588743741924	-153.35184679374186	0.05401181566974257	0.13907576230718685	0.14921228474758003	0.0014078554364972918
144000	-2137.9927429882237	-1988.7637666034611	-149.22897638476257	0.07871307876914005	0.1090765564381992	0.10632480830698249	2.892340916297761E-4
145000	-2140.559838403341	-1990.647830454522	-149.91200794881922	0.10326111956122816	0.08083657387255391	0.07326792476788796	2.451413946308487E-4
146000	-2138.2061158228466	-1985.8394378897	-152.36667793314655	0.09769477984164229	0.07059073384555006	0.17806691462301955	0.0024236658958892913
147000	-2139.3056534887583	-1989.1311673287687	-150.17448615998978	0.14195778635415127	0.19370630617184	0.1173231963692209	1.84414641082235E-4
148000	-2140.7560117675885	-1985.7624327891804	-154.99357897840815	0.12035345971497358	0.06288842812027223	0.24133275481724664	4.900746307583E-4
149000	-2136.366300260565	-1987.213815765338	-149.15248449522704	0.08653389031832724	0.12180010975811584	0.13171959849831097	0.0010627973385759757
150000	-2138.008590312253	-1986.8699298735446	-151.13866043870863	0.06629616979675373	0.08392149931595162	0.12465891158196452	7.322251461374207E-4
151000	-2137.432407573418	-1986.0610107464145	-151.3713968270036	0.13732697105179945	0.1043611335321592	0.19499911215101223	0.0019477831832496423
152000	-2136.6017131131457	-1986.2454792395356	-150.3562338736103	0.1055533072673732	0.13078244493862887	0.19297374823357993	7.388317113891154E-4
153000	-2136.793253007748	-1986.42452214599	-150.36873086175768	0.09548973618696441	0.1042454760457792	0.1654961748307329	0.0026743318228143135
154000	-2137.634369835443	-1987.5011552098247	-150.13321462561842	0.1529248819096309	0.14668732690590883	0.17068453301752295	5.799956772206557E-4
155000	-2136.036855413071	-1986.2531816464764	-149.78367376659443	0.09494085020498473	0.11099538996996115	0.17397589354471693	8.748848864455916E-4
156000	-2138.6118070945176	-1988.9310246100304	-149.68078248448705	0.09828343192023274	0.10961618080530333	0.10959454913253466	0.0018894599208158765
157000	-2140.3935874793033	-1986.8839177313073	-153.50966974799596	0.055651541343507825	0.20585784447390942	0.12062000750517791	6.222167336597732E-4
158000	-2137.8532478320026	-1987.450633246647	-150.4026145853557	0.15096155589402474	0.09645592172849045	0.1596589839277469	0.0014980425575956211
159000	-2141.4430751440104	-1989.706225023055	-151.73685012095564	0.14155039679774414	0.1063699945441211	0.11830519415662831	0.0018890721639016994
160000	-2137.2939362593283	-1988.6409352239343	-148.65300103539394	0.08984526617266662	0.11068162513413324	0.12478297632427007	1.1431804295569071E-4
161000	-2136.7891499399266	-1986.0067808571341	-150.78236908279243	0.06891513489636798	0.13458028452192475	0.15806573115052372	8.22101866764037E-4
162000	-2137.5903679265725	-1985.8382015386114	-151.7521663879609	0.08771544409272326	0.09425845117228225	0.18960629105291124	0.00275579209809469
163000	-2136.8350014664966	-1985.8319464641831	-151.00305500231337	0.09135040381930777	0.09360227244038752	0.18244438339270175	9.626677848411862E-4
164000	-2137.912207248118	-1985.754602808686	-152.15760443943208	0.08759568057367123	0.07059997018811458	0.168161007315262	0.0012264235669149685
165000	-2139.2014241903953	-1985.061091642368	-154.1403325480273	0.0613574127455799	0.06323092820343482	0.18230414830337155	7.927093482037768E-4
166000	-2137.4452460885095	-1985.9733488254599	-151.4718972630497	0.06359217749131384	0.15468571209464493	0.147361157680185	9.417336789723547E-4
167000	-2137.180491455499	-1987.4430201826326	-149.73747127286637	0.09729455045813942	0.10034144061836267	0.1708982836699844	1.805838823610233E-4
168000	-2137.5606074729258	-1985.6370404803697	-151.92356699255618	0.0869360808927893	0.07788215027090371	0.17094833547600222	0.0018785275621929433
169000	-2139.54354550474	-1985.5847503327186	-153.95879517202158	0.06558794159258091	0.05643811970916808	0.15161247790101293	0.0017692264123516396
170000	-2139.6445517963666	-1986.3761988000815	-153.26835299628533	0.09194127095816015	0.06967563175615249	0.19664616081511413	3.773402648339848E-4
171000	-2137.9798084131758	-1985.3045320970896	-152.67527631608604	0.07338138917047958	0.06326502029360347	0.16737410920855347	0.0012923603333053796
172000	-2137.104923535668	-1987.030429885668	-150.07449365000005	0.12393455710436987	0.10076180666831673	0.16134891755599717	0.0025975830837335653
173000	-2137.552800113867	-1988.128117597363	-149.42468251650394	0.077958722402288	0.13697016309187837	0.12641101574100325	2.7882984128674846E-4
174000	-2138.5635490323593	-1984.9991536081066	-153.56439542425295	0.044129438605093316	0.1294015546422575	0.15178813498172994	0.001058834319763396
175000	-2141.2773737615335	-1989.6946851893715	-151.58268857216197	0.07066846038571714	0.11181234563582494	0.1490859518518487	0.004232612486831814
176000	-2138.483489762097	-1987.708734178797	-150.77475558330022	0.1137809485969953	0.0625178134744068	0.13163937375595547	0.0012807598301097646
177000	-2136.712552828157	-1987.2476308207658	-149.46492200739124	0.08683057318341139	0.11191150709605285	0.12938889479250365	0.0018178726013835579
178000	-2138.5495147008983	-1986.1908817367325	-152.35863296416588	0.06587859774775393	0.08097600035312605	0.1551845136204371	0.0023281100700786907
179000	-2137.991782579796	-1984.9935669632089	-152.99821561658732	0.0676950830765111	0.08323325704593715	0.18149098575893052	0.001523967021459401
180000	-2139.1590166916867	-1987.7552710629338	-151.40374562875303	0.06702900423838054	0.1383439505813409	0.14226160733353735	0.0030272796063370026
181000	-2138.8445986573583	-1985.5640115025114	-153.280587154847	0.12196802878672805	0.1131586816577271	0.22793777637766577	0.003253094501585579
182000	-2136.7275342699772	-1988.1201686588133	-148.60736561116408	0.10367946417335767	0.12039435131509854	0.12347520328280423	0.0011769263384153429
183000	-2138.7932162021484	-1987.2508177822406	-151.5423984199079	0.05628667166338384	0.13375793215491874	0.10223005551816672	9.029500333637844E-4
184000	-2140.4534089108183	-1986.703179058596	-153.75022985222236	0.0551217799760793	0.06402573959248573	0.13175978939524727	0.002173236939888411
185000	-2137.093642119563	-1987.2981510125303	-149.79549110703272	0.08711828332053968	0.07746869538533327	0.12964849435003648	8.457183541864678E-4
186000	-2137.0166059422545	-1985.8067644411212	-151.20984150113327	0.12624495621563692	0.09973794547224306	0.19734687697338174	0.0019325177828074262
187000	-2137.503625531575	-1986.4702836337888	-151.03334189778602	0.13957550764122623	0.08514348042103613	0.18220353887231264	0.001344181725853122
188000	-2137.4648653659365	-1987.0013299515542	-150.46353541438236	0.08724492271175723	0.1745218294025244	0.14187145690364814	9.884599340393972E-4
189000	-2137.62589237197	-1987.3300219109997	-150.29587046097038	0.07426426700433532	0.08884021080102017	0.11463657267751777	0.0012530478488179363
190000	-2137.3051561092866	-1985.9128002456841	-151.39235586360235	0.08288818833483796	0.10600492689277911	0.16045276848287637	0.0017350776516354373
191000	-2138.7820715823273	-1988.451611043819	-150.33046053850822	0.09975271033605941	0.19861782606251838	0.12775528080988327	2.791247763871945E-4
192000	-2137.0695747994346	-1986.1150065280767	-150.95456827135803	0.07998341625291872	0.079534751369957	0.17121160832866258	6.656488615334308E-4
193000	-2137.780765073155	-1988.77904708897	-149.00171798418518	0.09578818733630375	0.08697394749907202	0.10852754088457275	4.7227052348578006E-4
194000	-2140.205591697072	-1985.754450944958	-154.45114075211418	0.04631476682489716	0.12221722380103174	0.12458648728492062	0.0012624592655730085
195000	-2139.0102167257132	-1988.322664908237	-150.6875518174762	0.07199831927575573	0.07682340115620898	0.12645279361088285	1.4364886998945474E-4
196000	-2139.1425318382107	-1985.2877944355778	-153.85473740263288	0.0689614546960392	0.06467682991024606	0.16627805486653177	0.0011136039726345563
197000	-2139.0059512132384	-1985.3465588913264	-153.65939232191204	0.05306935025065748	0.1102341724880216	0.14836256559018055	0.0013232244718853993
198000	-2138.4790109436835	-1989.123723472718	-149.35528747096544	0.13082809870819598	0.09745869616018521	0.11679968810848747	0.0010942284932962385
199000	-2139.495113703297	-1986.0930067976624	-153.4021069056346	0.11164643707608014	0.09921975643120579	0.2561598132004084	2.4581294954633526E-4
200000	-2137.486846562716	-1986.715090432839	-150.7717561298773	0.1024869511067611	0.06734331369859074	0.14767333986675926	0.0014275893302119413
201000	-2139.4055654602016	-1989.7269271069777	-149.6786383532242	0.1682456138343222	0.09092382710140787	0.11551789301126057	9.135993434122867E-4
202000	-2143.1689391383875	-1984.9621541662088	-158.20678497217855	0.02830442127889908	0.17329391476334507	0.14215493020767456	9.483691041088389E-4
203000	-2139.3835684615383	-1987.1195776119425	-152.26399084959596	0.096053375929901	0.04953709258347564	0.1410815386525282	6.636017091027329E-4
204000	-2138.4007917309	-1986.9566189229154	-151.44417280798442	0.05550040156484414	0.13875695979528285	0.13444357936341367	3.956498948454553E-4
205000	-2137.7072945286345	-1986.920727781613	-150.78656674702148	0.08487309970660703	0.15099103483459275	0.1704817711746431	3.8401154876999144E-4
206000	-2136.890980437223	-1987.8850651258638	-149.00591531135913	0.11889591235120545	0.10610046842923862	0.13662910372199583	0.0010078342093481408
207000	-2138.331464691289	-1986.6470015462676	-151.6844631450215	0.07211397354343357	0.10167203788572653	0.17020990598821165	0.002909453611564464
208000	-2138.2401733859224	-1985.618607104705	-152.62156628121747	0.053305761254551665	0.11557059958993762	0.16173925705044356	0.0018257322673330607
209000	-2140.7853413363882	-1986.9549565281934	-153.83038480819502	0.08599181870075728	0.04743064935460245	0.15157763229177507	4.4226453096611547E-4
210000	-2137.310463564654	-1985.6766343315962	-151.63382923305787	0.07788808168794589	0.11707512841526822	0.19004515351914392	7.570806304991503E-4
211000	-2139.2761269011653	-1988.9126238769745	-150.36350302419098	0.14586054717650973	0.08801725537188333	0.12310681744574843	7.038361114691464E-4
212000	-2139.8372126548325	-1987.1738794071814	-152.6633332476509	0.048055614143934444	0.08691965517039855	0.09693950263896901	6.214600549999367E-4
213000	-2136.90259129867	-1986.9606561858714	-149.9419351127987	0.13760364467752947	0.1080827702580839	0.16848860112646227	0.0013836408061078168
214000	-2137.2898188331824	-1988.8221158069362	-148.46770302624603	0.10865192200240115	0.14390661484034706	0.12638766184957537	2.0459064516018086E-5
215000	-2138.840003842944	-1988.2583530402526	-150.58165080269154	0.12976681518620523	0.19443093277443352	0.14343096089060786	2.884469499000539E-4
216000	-2143.7309118207577	-1990.0676257005036	-153.66328612025396	0.11531858893248732	0.04071182315905377	0.08239694706247759	1.6736323421971734E-4
217000	-2137.9402217744096	-1988.2795073231243	-149.66071445128537	0.1103179665968057	0.09366873163972442	0.12252084371208753	0.0010469833014279347
218000	-2143.1640183851923	-1986.0960943471473	-157.067924038045	0.02808065889080926	0.103119914763418	0.08777937075689363	4.8297359416738536E-4
219000	-2138.1749511436715	-1987.748834477859	-150.42611666581269	0.09213273808647812	0.1338100429552722	0.1300096056818615	6.87067490699539E-4
220000	-2139.682882087367	-1985.6719691486915	-154.01091293867543	0.10626183696323122	0.11761602640817963	0.19989599021770132	0.002615702211659535
221000	-2137.0516015792323	-1985.4954342183191	-151.55616736091295	0.08021619756724796	0.0993072119538201	0.18139066189826958	0.001079253446923217
222000	-2136.3613480019267	-1987.0178569174277	-149.34349108449885	0.1125299772974405	0.09716745115468994	0.16943546924855896	5.458436939492297E-4
223000	-2137.1397519919196	-1986.0930626464844	-151.04668934543537	0.07323170254983297	0.15698457410684083	0.1690950678438104	7.099175792750659E-4
224000	-2136.983156511006	-1987.563570391348	-149.41958611965788	0.12742745311387196	0.10293498157069081	0.15676569073856478	5.412220087369004E-4
225000	-2138.806933692026	-1989.1059928232628	-149.70094086876344	0.09160422153893619	0.14783516910244415	0.10608642103997476	0.0020364811139266283
226000	-2138.9716220356563	-1989.308956668206	-149.66266536745033	0.08596350333235328	0.09357853826560382	0.09232114342560363	9.056879369537348E-4
227000	-2138.7175027641856	-1988.2323351158402	-150.48516764834525	0.06677553928172199	0.08767345916333186	0.11536995447973306	2.540768911527082E-4
228000	-2136.1841932622647	-1986.9340031019033	-149.25019016036148	0.09598606043741303	0.11313350474244416	0.14267125300795194	0.0014605236362919356
229000	-2138.4079987569435	-1986.5934001823252	-151.81459857461832	0.13603515722712345	0.17885114188286486	0.1891003455146789	0.0011623960818594938
230000	-2137.567644581009	-1986.9983714379796	-150.56927314302962	0.10115250761443205	0.06587684923080737	0.15228283550511879	6.700042928285495E-4
231000	-2137.9746582962402	-1986.463356065614	-151.51130223062597	0.12151806916021292	0.0645628879629814	0.16643527454795282	0.0014859068987566318
232000	-2138.3478922523095	-1987.9204456643024	-150.42744658800723	0.07119772119759268	0.07660002391819941	0.1221915771292682	3.181890096369208E-4
233000	-2139.817922777166	-1987.3198718192955	-152.49805095787087	0.07652012489685284	0.055730281464514794	0.11642802624395023	0.001785983522026727
234000	-2137.464984652859	-1986.6609645207304	-150.8040201321289	0.117889018912405	0.1658305280254561	0.17104660666106183	0.0013851931047027882
235000	-2137.725026834343	-1987.6237612631317	-150.10126557121157	0.1060693101753434	0.14064008370033615	0.1412504322435968	7.68987384728852E-4
236000	-2136.419567447555	-1986.6917415666526	-149.72782588090257	0.10037760528440619	0.1295179513448145	0.16016069230500118	9.9784021519852E-4
237000	-2136.7683713645697	-1986.7478599090998	-150.02051145547003	0.09030261765694808	0.1083940298293292	0.1429915536491938	0.0018522768298924594
238000	-2137.0135681058405	-1986.618449259567	-150.3951188462738	0.10707222663269783	0.07817481096031027	0.166041254783998	8.355546011147211E-4
239000	-2138.0277968674764	-1985.4521046093187	-152.57569225815755	0.05439739581753412	0.07707512496164785	0.14620958293231034	8.876179668618413E-4
240000	-2140.0349405048064	-1989.3122341785768	-150.72270632622957	0.05577259778580075	0.10317493477313909	0.09909074048713779	4.7995545245075256E-5
241000	-2141.3171511219443	-1984.7257419492958	-156.59140917264847	0.0724294062027817	0.05665844020135164	0.20169527193146053	0.0017617435081187477
242000	-2137.002106749508	-1986.6755353191961	-150.326571430312	0.07080255563578386	0.14566848870827573	0.12959479539797342	0.0012000928033476194
243000	-2136.4343407171627	-1987.0063054990628	-149.4280352181	0.09675337508303875	0.09401993529763718	0.13964733570011847	0.0016632858320060884
244000	-2137.7824638714023	-1988.1499765002632	-149.63248737113912	0.0913020813823719	0.09112217216476111	0.1173597376707734	0.002091892215209462
245000	-2137.204528385504	-1987.7490647237362	-149.45546366176774	0.14041180124782204	0.1326291236050609	0.16398723484977826	2.892039284371958E-4
246000	-2142.0759488322283	-1988.628635495956	-153.44731333627232	0.06649333521335599	0.05290019962531191	0.11042234461072015	1.50381443396086E-4
247000	-2140.508583097743	-1988.1670893954893	-152.34149370225387	0.05875884086898763	0.11666072737443836	0.09866625562182069	0.00203126538613684
248000	-2136.7360987080688	-1986.6407522586155	-150.09534644945322	0.1238326660541043	0.08574128056288113	0.17161592143019366	0.0010647797692784297
249000	-2137.3507883049547	-1985.3768674359249	-151.97392086902988	0.06956659019756019	0.07776288115413546	0.1623637301123512	0.0014761224015617522
250000	-2138.5176570528924	-1985.3582728899187	-153.15938416297396	0.11314009683768034	0.11665330006998137	0.2125082866295883	0.0019859794726124606
251000	-2139.6028359253814	-1985.3710576178623	-154.2317783075192	0.0682401863750658	0.05340230428532141	0.16120726718171127	0.0017620894181125306
252000	-2138.267439030146	-1989.3695099280303	-148.89792910211563	0.1509535488257676	0.1045667246510953	0.11226211498415598	3.504981481465074E-4
253000	-2137.895255267896	-1985.4071525544437	-152.4881027134526	0.06969911896052233	0.06427622866118105	0.16021886770474508	0.0011880641810431312
254000	-2137.4702010294804	-1987.7906841126785	-149.67951691680182	0.08197845633258523	0.14577383336764685	0.11556662261525164	0.0013284190416761466
255000	-2140.9006070060964	-1989.4418829189262	-151.45872408717028	0.12930214907662863	0.16715068685196538	0.10460238768996949	9.446147775949444E-5
256000	-2138.5123237545863	-1987.2840929583817	-151.2282307962046	0.09415404724771496	0.07159296495754199	0.14669906515389197	5.049896992996261E-4
257000	-2137.4771190835886	-1988.7684916901408	-148.70862739344787	0.1404656974942233	0.11334091773395752	0.12688091811866015	2.6996229145161344E-4
258000	-2136.9781604613886	-1988.1336379431623	-148.8445225182261	0.11507620430382687	0.09068977582075445	0.13149913726166604	6.016051249454564E-4
259000	-2136.8706238780683	-1987.2382910114814	-149.63233286658706	0.13110578632635894	0.1297410967771243	0.18111399632102704	3.5101777715470665E-4
260000	-2141.6764557357083	-1990.099043916165	-151.57741181954304	0.12456816875899733	0.06340802033715266	0.12148186106285284	0.003525159806861538
261000	-2138.1372900140022	-1985.9486252426432	-152.18866477135927	0.06112387788115256	0.09297390292109786	0.13420649827287284	0.0013759128881474505
262000	-2137.3630398053233	-1987.0600475203355	-150.302992284988	0.11188514397601705	0.09535187200652635	0.18644730239691193	2.6711600542544793E-4
263000	-2138.275161392601	-1985.9629957650131	-152.31216562758777	0.06125727221356803	0.1394103005481151	0.14578283297492461	0.0017976517476296478
264000	-2139.608361612394	-1985.6899404353198	-153.91842117707446	0.08878097893329633	0.06635682342065878	0.17064057290802853	0.0012369709603367262
265000	-2137.0456435301403	-1988.2551641399618	-148.7904793901785	0.08968947371137144	0.09891541828831067	0.11951612460662704	4.513070685710479E-4
266000	-2136.875215403036	-1985.8815282660094	-150.99368713702626	0.09567875957864652	0.10935275284511824	0.1776130872294708	0.0012720582106763851
267000	-2137.3561381512463	-1987.6441808445838	-149.71195730666264	0.09317554733240498	0.10209025103661712	0.18413119652321702	2.121885769806835E-6
268000	-2137.4709594575447	-1987.4472619227367	-150.0236975348081	0.14916894446435833	0.1108127069643174	0.17753985503649145	3.0259533939318425E-4
269000	-2138.18071445169	-1986.0310307563964	-152.149683695294	0.08126180971758261	0.062008096528379464	0.1580111284812533	9.114943082147971E-4
270000	-2139.184441571493	-1985.9994592087805	-153.1849823627124	0.07016708838220721	0.11641379706660278	0.17768415546553087	0.0024939256786130335
271000	-2136.2926137758827	-1986.4535872200045	-149.83902655587843	0.07781561886744305	0.11708472355906462	0.1484758471953603	8.889238607450638E-4
272000	-2137.2864927453033	-1987.3727435609262	-149.913749184377	0.1267208722274399	0.13069459402576497	0.1537423398748576	0.0013096805017696045
273000	-2138.448158438083	-1989.7873088195581	-148.66084961852457	0.12102893832484708	0.13591357057149944	0.09204644111642696	5.852695943402892E-5
274000	-2139.6889280806254	-1989.162015443751	-150.52691263687439	0.060485609265334375	0.1477183425337737	0.10189542681147024	7.815388517670328E-5
275000	-2137.881013745321	-1986.3915155448935	-151.48949820042762	0.0861841897017105	0.08902420252272421	0.146750071948787	0.0017782240842170824
276000	-2137.0113250785766	-1987.4809333310768	-149.53039174749995	0.08564243752680867	0.12562160226284566	0.12340330254442711	0.0014110615948278351
277000	-2138.422160754898	-1985.4651498606595	-152.95701089423866	0.07612430490822875	0.07694340475963098	0.16590781638241506	0.001603698139710181
278000	-2138.5427988328856	-1986.2524966843025	-152.2903021485831	0.0720373340302668	0.08678121992191284	0.16131651378750497	0.002518188033440902
279000	-2138.3319738545842	-1986.2946959580054	-152.03727789657896	0.10870776185711485	0.1611545493851411	0.19133017244969824	8.287435948571048E-4
280000	-2136.55984906387	-1986.3568846879689	-150.2029643759012	0.06816093448780873	0.10430390113068252	0.14249054866981317	7.917712588386683E-4
281000	-2138.124188493949	-1986.4215671507445	-151.70262134320447	0.07988393449093555	0.10688552669688427	0.1419720258318748	0.001668535958600962
282000	-2138.6297257413935	-1986.337501911119	-152.29222383027465	0.09157541599860346	0.121942065206118	0.1964742424077416	4.632423764527381E-4
283000	-2136.2334885898854	-1986.0134414978127	-150.22004709207266	0.09542495644077018	0.10846596192550406	0.1840519253181047	8.912059158167859E-4
284000	-2137.752926444834	-1986.8333330258693	-150.91959341896484	0.08705447943369897	0.07136804439610586	0.1347538342296246	0.001788293734751334
285000	-2138.340208541291	-1987.9014773434296	-150.4387311978611	0.11023200993846122	0.185394645863537	0.1391062411708242	6.861772544338378E-4
286000	-2136.876503036569	-1987.9310824908484	-148.94542054572062	0.09420587226653886	0.11298998098484464	0.12224583876599103	9.154545906298397E-4
287000	-2136.6210719863066	-1987.069128488125	-149.55194349818154	0.10920226046471901	0.13983872282696652	0.1578852850261668	8.743960582304071E-4
288000	-2137.33612626833	-1986.966436706287	-150.36968956204316	0.07995741659567895	0.0810019357113834	0.1275996699750641	0.0011162256374531796
289000	-2136.970688957124	-1986.1210855016593	-150.8496034554646	0.0849905092791115	0.10981206915978636	0.17154397965252294	8.238646849230306E-4
290000	-2138.0954545028144	-1986.7768542508945	-151.31860025191995	0.05682732217652192	0.11723786794053428	0.11205788654434765	0.0015057951820993563
291000	-2137.279869843608	-1985.5210248860562	-151.75884495755173	0.07467684108747698	0.13455597899980498	0.18216732521338977	0.0020885793023082016
292000	-2136.95847325695	-1985.251521220265	-151.70695203668527	0.07789500571268766	0.07984405077086934	0.17774730810940004	0.0015256544686458407
293000	-2141.2011342396618	-1989.8599165359478	-151.3412177037139	0.11930274619019526	0.0754407878485424	0.11625825491390782	0.003008728904139717
294000	-2139.7392314790404	-1987.6777942018284	-152.061437277212	0.05232111823888198	0.14394949293525808	0.091572476354966	7.710496064244972E-4
295000	-2138.767127284347	-1985.8409958747354	-152.9261314096117	0.04881304728730672	0.12478650736052861	0.17299872609957678	3.996210069969797E-4
296000	-2141.2962521348386	-1990.5143047732936	-150.78194736154506	0.07410454294148405	0.1037937776672279	0.07058834164088024	6.261956197965754E-4
297000	-2138.9883511388566	-1986.137790008032	-152.85056113082473	0.16593353683804118	0.11534158554218464	0.21426983710123082	0.001391244293130923
298000	-2137.9536660093413	-1986.6566068357297	-151.29705917361156	0.08839436522419487	0.16693750486659473	0.14804729166154212	0.0013156470453430274
299000	-2137.140160005473	-1985.4219135983471	-151.71824640712572	0.08086182526934459	0.156876969032361	0.18477426118843696	0.0016188331523526737
300000	-2137.8791512441935	-1987.8038178474426	-150.07533339675072	0.07776806137380393	0.10058105204415915	0.11435780424083598	7.406309147775129E-4
301000	-2140.5419959059204	-1986.1681742068006	-154.37382169911976	0.04309781240583444	0.08284570187863774	0.14291337410451646	0.0018019455678419491
302000	-2142.355182957418	-1986.8148637573263	-155.5403192000918	0.0688844281773645	0.14070594901515063	0.12333634736028443	0.001389804719009108
303000	-2140.236581435726	-1990.1092686690572	-150.12731276666884	0.12821789778001835	0.0928219389235732	0.0907486358625193	3.261414775333825E-4
304000	-2137.909553143645	-1985.6356439810615	-152.27390916258338	0.0780985457226548	0.11891745680105141	0.2178032810736788	5.375257481477733E-4
305000	-2139.0776589844354	-1987.8307849965438	-151.24687398789172	0.05346990091165278	0.09614815121770937	0.11940932070511992	2.3360929248153405E-4
306000	-2140.081130235406	-1988.0031785083745	-152.0779517270315	0.08793280255500316	0.06116991478898783	0.11344915801552816	7.54984696375873E-4
307000	-2136.552407362512	-1987.5010731522307	-149.05133421028142	0.08350029422447092	0.10610118916994475	0.1338278734441812	5.409472101889254E-4
308000	-2136.628890800033	-1986.2522635381856	-150.37662726184723	0.08775320815059956	0.10549769517911811	0.1571461848294139	0.0011803514879566912
309000	-2137.4985783267457	-1985.448612744845	-152.04996558190078	0.0590573736224965	0.1243392927522512	0.15853925672591881	9.64266864584477E-4
310000	-2135.979741015058	-1986.7049052496454	-149.27483576541277	0.103898309446631	0.11068157141188162	0.15786105723036797	0.0011430714227278625
311000	-2135.971754371107	-1986.7073091680143	-149.26444520309286	0.08895506726072078	0.10651132218149698	0.1483795064758814	9.652053093579073E-4
312000	-2136.703076046748	-1986.9960275402045	-149.7070485065435	0.08831708512491232	0.12338802715226409	0.14378945454507688	8.37071037568959E-4
313000	-2136.5916285633284	-1987.568597995203	-149.02303056812545	0.1044832823782299	0.0949813401055711	0.1633614593530979	2.2007011821377145E-4
314000	-2141.4993352257156	-1988.5515461585057	-152.94778906720998	0.061424440840066326	0.07039446498603699	0.12287098615517208	0.0030022953406578182
315000	-2138.399885213868	-1986.1610092720884	-152.2388759417796	0.09410154206695087	0.06177460014014862	0.17884717289377894	6.683537747864246E-4
316000	-2137.9413484937104	-1987.2581850207775	-150.68316347293276	0.0983462153933381	0.12928187864467963	0.14836460711143187	0.002817752498130224
317000	-2136.9330296673334	-1985.982508905643	-150.95052076169034	0.07531997571761323	0.0934623362302723	0.15172269368317134	0.0011571443389674565
318000	-2139.6828690086886	-1989.4497575894811	-150.23311141920743	0.10012664402175378	0.07337526814794097	0.10130261976577797	0.0017375500017563115
319000	-2137.189820690521	-1987.7479352044083	-149.44188548611285	0.07679712510344856	0.10584162905450833	0.11386300257913892	8.05191051665226E-4
320000	-2137.4925736809323	-1987.48615909531	-150.0064145856222	0.10181239191341238	0.1493592632775025	0.1439782401520495	7.232307379881225E-4
321000	-2138.520991420578	-1986.4460220382803	-152.07496938229747	0.06149865821935297	0.13589430323816562	0.15102719378628818	5.151277830007056E-4
322000	-2138.252020352176	-1988.061949241429	-150.19007111074697	0.18200401928502083	0.10659330938227764	0.1567632882411647	4.0292244285815456E-4
323000	-2140.5389608436794	-1988.4115255008421	-152.12743534283715	0.08920030756720632	0.14079624664720708	0.1349339718390657	0.0034888383711831335
324000	-2139.1039982939665	-1986.9747087940564	-152.12928949991004	0.13895860187121722	0.057248593507290876	0.17108645425103342	6.614680358107994E-4
325000	-2137.1617304312695	-1987.9045007748525	-149.2572296564168	0.0990313364982716	0.09007213562164765	0.12727614775953044	6.961892541995933E-4
326000	-2137.058460191895	-1988.3771877483923	-148.68127244350245	0.08766572296801932	0.1073789061846866	0.14512514096624277	1.4629218796364686E-5
327000	-2138.606724415008	-1987.214918997998	-151.39180541701018	0.0826230703595714	0.0823867566620126	0.17319015359193612	1.9189339065500685E-4
328000	-2136.204372651633	-1986.3929941375088	-149.81137851412433	0.09514627405638634	0.10385381899483698	0.16891151375799437	8.417828391182265E-4
329000	-2137.191178445397	-1986.3821335389994	-150.8090449063977	0.0763960050263536	0.13954895121241587	0.17385155133016322	5.224136534221583E-4
330000	-2137.150741317193	-1986.2421074184952	-150.90863389869784	0.09450692474862189	0.10664761235045722	0.16581272420227441	0.001106221556479511
331000	-2138.2116499896642	-1984.615145240576	-153.59650474908813	0.06529686317809047	0.10947270757292808	0.21648278635611187	0.0012647239956798226
332000	-2137.7491383803454	-1988.4990532098006	-149.25008517054488	0.07989097319702824	0.10939539497871287	0.10199558622477833	7.997033346177443E-4
333000	-2138.6515770803117	-1984.8574662252906	-153.79411085502096	0.04670946062949846	0.14811453787428738	0.16812958397548994	0.0010234460084272536
334000	-2139.4001138378135	-1986.0237147929638	-153.37639904484956	0.07892404964195866	0.06604623493026082	0.1853784380572904	5.182061321153445E-4
335000	-2137.4942421781257	-1985.833912501313	-151.66032967681267	0.053142801542536616	0.13303151974129826	0.13439173275065336	9.173012434130092E-4
336000	-2137.497578334822	-1985.0703205727068	-152.42725776211518	0.06342598046476725	0.07787967530841763	0.17260027975627265	0.001103950329516294
337000	-2141.658644708367	-1986.4649772364385	-155.1936674719284	0.13842652235621972	0.07931016309771713	0.2042992856355505	5.628369234781267E-4
338000	-2138.795984139472	-1987.5635247028415	-151.2324594366301	0.06243148352798654	0.0991836922259533	0.12376620696102189	3.599316393614172E-4
339000	-2136.362961587871	-1986.9206969645925	-149.44226462327828	0.08423477632700237	0.12774974225610441	0.14706471906271265	7.131104455119803E-4
340000	-2138.8107030691604	-1987.5078509110656	-151.30285215809477	0.051787406426344905	0.11495126876735434	0.11030627875437621	3.898639224919955E-4
341000	-2137.8131422500173	-1986.506206530501	-151.30693571951622	0.057506229949569415	0.09989577840081536	0.14174721152878364	4.934280210681417E-4
342000	-2138.6265262864995	-1988.6507319383854	-149.97579434811405	0.11074399583155796	0.07445005745933787	0.11572153634087617	0.0015368250048221432
343000	-2139.6644354962423	-1985.439872320494	-154.2245631757481	0.040313576916487626	0.10039690945600052	0.12362103293166599	8.070397247739902E-4
344000	-2138.3226301552277	-1986.185134289582	-152.13749586564543	0.11435804777992953	0.06633695016984056	0.1879091837670296	7.913451790769298E-4
345000	-2138.6276156458216	-1988.9541544539245	-149.67346119189693	0.09705310013318684	0.08845275742371787	0.11026610376498187	0.0022146513836495004
346000	-2137.2049313926605	-1986.5515010962445	-150.65343029641585	0.12130593534357349	0.12751739759377517	0.17333034150295806	0.00238829778880514
347000	-2136.407079684745	-1986.9233648715435	-149.4837148132014	0.10060836540195402	0.1421689313584938	0.15157999898651922	0.0011250177583796872
348000	-2140.115477099494	-1984.7219969394396	-155.39348016005425	0.04012070918220643	0.08228750979593569	0.15563694485102736	0.001055084278958401
349000	-2137.584489506212	-1989.3157014713993	-148.26878803481267	0.09538331043393669	0.11243548038765137	0.10117290368017721	2.006485504785521E-4
350000	-2136.6281102986586	-1986.3944324951053	-150.23367780355306	0.09615856326740656	0.15274388910151968	0.17411666006567914	8.520004906889698E-4
351000	-2138.4120264835965	-1985.384370130426	-153.0276563531706	0.04604456545822055	0.13190515534347744	0.15524154782557814	6.377402093400916E-4
352000	-2138.3047700260254	-1986.9967329143215	-151.308037111704	0.16651551684884014	0.12089842701798904	0.1811711730921218	0.0017988150634717175
353000	-2137.026362391074	-1985.168931977874	-151.85743041319986	0.06403572746132352	0.11241661727805821	0.1793999228925374	0.0010010603233480031
354000	-2139.9717926020135	-1987.6557914241034	-152.31600117791007	0.09412553295962231	0.051620047467059504	0.12003360417783629	0.0010468257119845461
355000	-2138.1351108323074	-1988.534570591497	-149.60054024081043	0.11480437714491815	0.16100256103191238	0.1243547415583831	0.0014906147075852982
356000	-2136.630872317118	-1986.5931075165927	-150.03776480052494	0.09796244970928544	0.1286546756382584	0.17839386760725823	5.952194872557183E-4
357000	-2137.330974038886	-1986.6290043296149	-150.70196970927083	0.101656677370479	0.07229078692694971	0.15099696342347854	0.001988691400816722
358000	-2138.5155633004915	-1984.9816211301722	-153.5339421703195	0.056171154210616865	0.06831589942086191	0.16420877130920447	0.0010313366035683694
359000	-2139.061564602793	-1986.5823924953124	-152.47917210748076	0.04580020601223467	0.13461041848494135	0.1280993327975417	4.185247735772012E-4
360000	-2137.0588506880194	-1987.9804475829915	-149.0784031050279	0.11789052932167603	0.09948280691114036	0.1581057947697432	9.600171034401602E-5
361000	-2138.219548339219	-1986.725807001729	-151.4937413374897	0.06015803452985443	0.14814621090939598	0.12025751403236741	0.0016812087957843258
362000	-2141.276254157472	-1988.627715850665	-152.64853830680724	0.060280753197683334	0.05837952413926282	0.10633957304313124	1.5968106604115248E-4
363000	-2138.3133865250693	-1985.327483800149	-152.98590272492058	0.07889733439854736	0.081979900533242	0.1773665264949686	0.0013324525778623997
364000	-2136.789977524037	-1986.7660606858274	-150.0239168382098	0.07670828712912516	0.09712937109813592	0.1420925555591212	7.103442584724627E-4
365000	-2137.473203442474	-1987.8151775108836	-149.65802593159066	0.10755472703556804	0.101192009778765	0.1535207835754894	2.2873126632808158E-4
366000	-2137.285745903884	-1985.782894279828	-151.5028516240561	0.09287521543174307	0.07990694912892468	0.16980646683895378	0.001713862547527598
367000	-2136.631964524722	-1987.9050906913249	-148.72687383339758	0.10192970782874877	0.13283659742849452	0.13729934074284797	4.8356523780656663E-4
368000	-2137.5224435070963	-1988.5744002411948	-148.94804326590167	0.09289448521720658	0.10552651902446511	0.13334108429146463	4.751626864097178E-5
369000	-2136.4348237037775	-1988.3127004321432	-148.12212327163442	0.10981540502094317	0.12454761092657814	0.13979759081737672	1.5155723651760246E-4
370000	-2138.9909690248132	-1987.829731744606	-151.16123728020713	0.06360586190354667	0.09977019329732435	0.09848245970311172	0.001482685864319965
371000	-2141.211569007556	-1986.840495260501	-154.37107374705514	0.05608977009596895	0.05615232185016164	0.11546450239004176	5.8228508147607E-4
372000	-2137.392117659625	-1985.4704584725328	-151.9216591870922	0.07065669492360226	0.09176221999209186	0.18212906475681637	8.078708585161473E-4
373000	-2137.6265480654997	-1989.1214162125939	-148.5051318529059	0.1288502002878831	0.12781310552423336	0.11463948817043536	1.8360978989259217E-4
374000	-2138.0496314131683	-1985.3138891992955	-152.73574221387275	0.07973821410589949	0.07209337523230709	0.18442309803217238	0.0020980823883444263
375000	-2138.105580123381	-1987.2558883318509	-150.84969179153015	0.07753214140518405	0.13240824996995698	0.12247563819523026	0.0016781915481523068
376000	-2136.9696452383096	-1988.9924466911662	-147.9771985471435	0.12956104018440298	0.10551301659755088	0.11877018824095233	1.1116566583040138E-4
377000	-2137.099468920179	-1987.2025423037094	-149.89692661646973	0.072481669079606	0.11501320691408208	0.11730101892242199	0.0012584926957725832
378000	-2139.098354676102	-1985.6942440036455	-153.4041106724567	0.05030543192900563	0.0687786514096006	0.14454230270715057	6.164172882293699E-4
379000	-2137.2871655155063	-1988.369865696623	-148.91729981888318	0.09635154032251386	0.0938569278803515	0.11351817361430475	9.038893351541989E-4
380000	-2138.246758642235	-1988.164056703357	-150.082701938878	0.1832097875721395	0.11868511738041583	0.15457677044999144	2.8807281042054583E-4
381000	-2137.4196251254493	-1987.7466870545004	-149.67293807094913	0.08458055015659238	0.09567456803750381	0.11899831352800785	8.400960761248325E-4
382000	-2137.5460020043506	-1987.7106362052716	-149.83536579907917	0.07156374471340847	0.09261927939033268	0.11246595667309393	6.55739076008251E-4
383000	-2138.3282453522793	-1986.8281728608986	-151.50007249138062	0.10803349230767062	0.06792542868933399	0.15860339244063498	0.0027405178908862697
384000	-2140.5011194792482	-1986.2104557593502	-154.2906637198982	0.14483750534976786	0.05521700698237558	0.21292220538424014	5.65401155060967E-4
385000	-2137.2371452652656	-1986.3908243619999	-150.84632090326565	0.07310328766155663	0.10315537065103964	0.13620524558582017	0.0016214355644065363
386000	-2137.3501664213354	-1988.229734014311	-149.1204324070244	0.10178305315776538	0.10189615577308227	0.12102127345764645	0.0018540556176157358
387000	-2137.3207106542454	-1986.9412457844132	-150.37946486983213	0.08298867515983058	0.11475564054735943	0.14716614559377558	0.0026837629135936887
388000	-2138.0497491555816	-1988.778183539851	-149.27156561573054	0.14118184952751986	0.07739974667201036	0.12623780157339412	1.3507142665926815E-4
389000	-2136.298569551782	-1986.177354534479	-150.12121501730277	0.07645433027290036	0.1156694586744217	0.1565650536747984	8.917560309988212E-4
390000	-2137.671641548066	-1985.4150675412732	-152.256574006793	0.056816639887548225	0.09536531574155885	0.1481012693945576	0.0013406192322932332
391000	-2137.107370006031	-1985.3570669249766	-151.75030308105457	0.05774291338556876	0.12475831970808515	0.1656549261369218	8.621304595559363E-4
392000	-2139.6559861271244	-1988.0616896809345	-151.5942964461901	0.09195291296421619	0.08217358326456638	0.14550357176375864	1.3188507557216296E-4
393000	-2143.957424492499	-1990.6730004593437	-153.284424033155	0.09570527319701654	0.103817823470937	0.060998239273578586	3.3541114583248664E-6
394000	-2136.403611668408	-1985.50112470085	-150.90248696755813	0.09411100478868856	0.0930363922738047	0.185944954368975	0.0015121856772951918
395000	-2141.4051228900025	-1986.0169401889266	-155.38818270107615	0.046817971777235005	0.1119377350964949	0.14687934612505482	4.606315306380573E-4
396000	-2137.676851735837	-1987.4235749704187	-150.2532767654183	0.07912948372766776	0.12129204146091682	0.1301995043316741	6.160814528334569E-4
397000	-2136.189690933535	-1986.8093595191524	-149.38033141438262	0.09075388925053175	0.12176325579656853	0.14252645667136984	0.0014081431947773108
398000	-2140.1420897691182	-1989.3594826712542	-150.7826070978638	0.09874381726433527	0.06403439418609172	0.09848672946074492	0.0013707075560897928
399000	-2137.9203025356196	-1985.9689487981148	-151.95135373750486	0.08642672544464651	0.11414315828035002	0.19910634598263766	5.877362401931143E-4
400000	-2139.2197833538366	-1987.1314653821457	-152.08831797169083	0.06291324160302515	0.07928397150438855	0.10815722306184662	9.867130259221023E-4
401000	-2137.1575998161766	-1986.95148914826	-150.2061106679165	0.07761945428039381	0.08395425061804068	0.12477189928543982	0.0015126209546930016
402000	-2139.823960911752	-1986.9536579525543	-152.87030295919732	0.08181181823854593	0.14930106893192233	0.18096123538891892	2.567893764506678E-4
403000	-2140.5769932506023	-1985.781156320938	-154.79583692966446	0.09199261612668325	0.04182128159455157	0.16871199352582114	9.853173297058348E-4
404000	-2141.559747401478	-1985.0094501834233	-156.5502972180549	0.05174360130194329	0.059897940858343095	0.1945005419193661	5.506086642721138E-4
405000	-2137.595787618762	-1988.2148679105758	-149.38091970818633	0.0804177925068424	0.08903018491288607	0.10907765923848808	6.23795053283358E-4
406000	-2138.306098419899	-1986.3533424821767	-151.95275593772246	0.11926791762008603	0.06352230362803034	0.16788022804278183	0.001925292510654983
407000	-2137.873218988174	-1987.9291295773296	-149.94408941084438	0.10262917943609895	0.07729787073583051	0.1235883513094476	0.0010434505540279136
408000	-2141.7736305399485	-1989.3828166706344	-152.39081386931392	0.10732041284097223	0.06378846736564135	0.15140679142305688	0.004778102985403783
409000	-2137.3506062893075	-1988.3154822790834	-149.035124010224	0.09862236830408751	0.09688547606810458	0.11600674166096964	0.0015370311647282787
410000	-2137.9330795464566	-1986.5510811112003	-151.3819984352564	0.08061689233770566	0.09636921522034628	0.1707824341558075	0.0029904194422225396
411000	-2136.802523682884	-1986.6425430961312	-150.15998058675274	0.10632103961876085	0.08136659430049531	0.16806840033447573	7.604941263447351E-4
412000	-2138.9403015125354	-1986.7155367501377	-152.22476476239785	0.09174295387537412	0.062496294870457304	0.15146996380266878	0.002590052741467346
413000	-2136.6639915584033	-1986.3416906753037	-150.32230088309944	0.07741919054004645	0.12840826604781078	0.14406560412497524	0.0013089527526671221
414000	-2140.2868455188773	-1985.1650864918415	-155.1217590270359	0.04050786372315153	0.09704413636143173	0.13279728479328873	8.912295902986249E-4
415000	-2139.159416749704	-1986.5054907278272	-152.65392602187706	0.07324130660110718	0.05983961739443988	0.17434155835149379	3.5149213903485835E-4
416000	-2136.365112353015	-1985.8680431691291	-150.49706918388566	0.10201727757837686	0.11213600479334027	0.18675136544247822	0.0011900657517114792
417000	-2138.6582656962296	-1987.7302293322814	-150.92803636394814	0.13423912575530494	0.11797738583783378	0.14803249806047236	0.0017783632164369491
418000	-2136.555015736496	-1986.1761576226368	-150.37885811385917	0.08646372396629924	0.10185785140831471	0.1593421335533254	0.0021958775143984207
419000	-2136.3518122968912	-1986.1291195330334	-150.22269276385785	0.07923329295377998	0.12818434334599155	0.1515653796438354	0.0015928240113051114
420000	-2137.8785713147813	-1985.3100235294883	-152.56854778529305	0.05093960486201297	0.1104586218557166	0.14557120193472955	0.0010957258447312213
421000	-2136.338915930291	-1985.4165338170365	-150.92238211325454	0.08341357277787355	0.10362685379333299	0.18783535589506317	0.0011518728358975367
422000	-2137.970053346119	-1986.8434977684449	-151.12655557767437	0.056280151252845655	0.11111917070198792	0.11028074950662829	8.772117203120717E-4
423000	-2139.621924611245	-1990.431100288769	-149.19082432247615	0.11961288292102183	0.0927103555029237	0.09332695150887857	0.0010055817821087102
424000	-2137.050179052897	-1985.719157115614	-151.33102193728303	0.0785438222320854	0.07281689840172749	0.15914012566560753	0.0012887826354231627
425000	-2140.3648690240007	-1990.0908535745523	-150.27401544944857	0.07875957122666026	0.08962024336855362	0.07673204687875484	4.2542704940553764E-4
426000	-2136.5921145365132	-1987.708998202244	-148.8831163342692	0.13151675308618524	0.10111360417490921	0.15094310995988744	6.490531060983239E-4
427000	-2139.127816226091	-1985.887331971971	-153.2404842541199	0.07642041555515239	0.055483488918633035	0.17708456345322046	5.983570983919981E-4
428000	-2136.0708842073423	-1986.6288533974462	-149.4420308098959	0.09621710749851463	0.12189105674971573	0.15507134714721393	0.001144335962123567
429000	-2137.2445068403645	-1985.840615789092	-151.40389105127264	0.06694623150239493	0.11323611052127604	0.1598348308566357	0.0020487250544786134
430000	-2139.550968678025	-1988.6984445894466	-150.85252408857852	0.07607069467565576	0.18332830608285022	0.10054500228424167	5.603783358434516E-4
431000	-2137.5008813687523	-1984.9711756595852	-152.5297057091671	0.08535199089744828	0.09624621986283152	0.21114764475804215	0.0013021684355433397
432000	-2138.3251280155228	-1988.5951572235435	-149.72997079197924	0.13158964140995436	0.07824503834894235	0.12663590609957376	0.001587696788073981
433000	-2137.3754185603793	-1986.4172934265368	-150.95812513384254	0.07832416639558754	0.07217077796315748	0.13910921883159902	0.001107618260669635
434000	-2137.5630150917773	-1986.2488163981416	-151.31419869363555	0.10903320643968956	0.14186473828672982	0.18693269324015402	0.002992130337408554
435000	-2138.344767810806	-1986.5434552614618	-151.80131254934437	0.08032963724830426	0.19390632410669248	0.1581635430052462	7.540417647651042E-4
436000	-2137.0480328242843	-1986.0395159811394	-151.00851684314472	0.08745150030223388	0.15023326743219462	0.19011214481678024	7.023080635817271E-4
437000	-2139.8218307911206	-1989.146047176623	-150.67578361449762	0.07058528934511472	0.10320375747720667	0.08606246964236831	0.0012766084425820173
438000	-2137.527625175925	-1988.429523641473	-149.09810153445213	0.10470250825479839	0.07842685585854041	0.1219198788568614	4.050126316228995E-4
439000	-2143.697264423414	-1992.4787317877592	-151.21853263565453	0.08388511594694492	0.12997951007397746	0.08815322818706212	0.0038153473292256088
440000	-2137.207945186226	-1986.972601178541	-150.23534400768483	0.0872483256602357	0.08324985620626374	0.16224589678613766	4.1011565895468315E-4
441000	-2138.285483975452	-1987.0943573810455	-151.19112659440614	0.07164332572264094	0.08684860241269313	0.16128558551319536	2.650494817649763E-4
442000	-2136.4660113099803	-1985.565935735965	-150.90007557401512	0.06606614320483246	0.11835051728127344	0.15766285519055712	0.0012101696869411143
443000	-2140.120838783217	-1986.2904350189476	-153.83040376426933	0.04634892712070856	0.09382417650723439	0.11837033864953693	0.0016090898892916605
444000	-2138.3973111142395	-1989.300757673045	-149.0965534411944	0.08806703724866247	0.10245518363325187	0.10537439351164145	4.332940086188151E-5
445000	-2137.0757218207627	-1987.3445610654207	-149.73116075534216	0.08312885098391466	0.13030810652699715	0.13099781270248234	7.870726165209469E-4
446000	-2138.1921815518144	-1986.951950253511	-151.24023129830348	0.07559286690888561	0.08624604552684596	0.14401703673826807	0.0026833672628612804
447000	-2137.6242603994997	-1986.897936011971	-150.72632438752862	0.14272584389461496	0.08796312038254295	0.16906688330074554	0.0019021351646748164
448000	-2137.8090110430107	-1986.4148186694526	-151.39419237355816	0.06750227965073498	0.08141559127370016	0.13447364015068888	0.001963962418687357
449000	-2137.059483070648	-1986.054125901539	-151.00535716910903	0.08129445620804548	0.1584380857663501	0.16630116740330142	0.001018897139533692
450000	-2137.303032433539	-1987.4005290450793	-149.90250338845993	0.08583358156103597	0.07984415002421416	0.1236525111619359	0.0010235566357524896
451000	-2136.647013935939	-1985.4658518047108	-151.1811621312279	0.07962920402163257	0.11020323799470894	0.17703091081490682	0.001338182675700937
452000	-2139.8786701117183	-1986.403552657886	-153.47511745383215	0.05244093002341146	0.08599545798696899	0.12927196242451053	0.00191188818962773
453000	-2137.1440024497106	-1986.458325169705	-150.68567728000582	0.07498919630808666	0.11564235823242545	0.18500117124246687	3.649457493400347E-4
454000	-2140.7623763131505	-1986.246451688874	-154.51592462427672	0.03842274007654214	0.10374791961327845	0.11218022675647421	0.0014426545044686418
455000	-2138.7572450888274	-1987.8250496215173	-150.93219546730998	0.08776060768791709	0.1461232001285473	0.15527776189617284	0.0036789165573275677
456000	-2138.0373826488976	-1985.0453488797848	-152.9920337691126	0.06852815323068003	0.09072392751079981	0.19943073287910765	0.0019591493983243326
457000	-2138.17724735697	-1985.17824721885	-152.99900013811975	0.07496575203926305	0.09439635024228409	0.1949797281888083	0.0020547869957685235
458000	-2139.0083256209946	-1989.567981127707	-149.4403444932874	0.09628647747857659	0.1690117227399577	0.0961850903397386	1.4388558021165743E-4
459000	-2141.944820545301	-1986.589334029839	-155.35548651546202	0.13335318505976423	0.08925136731886986	0.17346225067018145	0.0016190196929078446
460000	-2140.648607317707	-1986.7317464508837	-153.91686086682319	0.044022725010996945	0.08715658981014247	0.09688455255568396	7.073147359733736E-4
461000	-2136.621607505934	-1987.2958405941986	-149.32576691173583	0.08361541892205354	0.09846931838284878	0.12425065014699635	0.0012256925255273727
462000	-2137.858670734687	-1986.6523292539634	-151.20634148072384	0.08244456563239518	0.07994314113919254	0.13992914007685753	0.0021011873478719682
463000	-2140.4175657323503	-1990.456667195225	-149.9608985371252	0.13253622140148671	0.08593443732214995	0.1149490890319548	0.003053222650544222
464000	-2136.88483821888	-1985.798205636924	-151.086632581956	0.07837095654462241	0.09412701883410711	0.18638820762076164	6.843144022788674E-4
465000	-2137.1692172592566	-1985.620545619864	-151.54867163939252	0.10428246883773741	0.08219697731724432	0.1882832479879285	0.0014673601515920354
466000	-2140.467953723861	-1987.8909497097661	-152.57700401409485	0.14442083811896086	0.06473436559030685	0.14378573980218823	7.740455271970051E-4
467000	-2141.9613888902045	-1988.6390541020614	-153.32233478814322	0.1117887866686774	0.049241483887774225	0.11137552844063968	8.075199932145269E-4
468000	-2136.7070806746488	-1985.8873814027133	-150.81969927193535	0.07424002812699866	0.08187755774011696	0.1565864273194631	9.867814503758143E-4
469000	-2139.351464966622	-1986.5054001548165	-152.84606481180586	0.14967381647171754	0.09665420401681289	0.20965208149282763	5.776724082340687E-4
470000	-2137.5966625819615	-1986.1099195515717	-151.48674303038962	0.060627966452826546	0.13603308718203375	0.13987144357162584	8.532518999324689E-4
471000	-2138.726066091393	-1989.0507168569645	-149.67534923442844	0.07480852010246253	0.11082469242422624	0.09018203085956614	6.86050141818244E-4
472000	-2136.8789061434672	-1986.5386373480467	-150.3402687954208	0.07679239881526845	0.10654270565211914	0.16991474461576775	4.6324419590092984E-4
473000	-2139.4086313998464	-1987.0076426687901	-152.40098873105634	0.10754672743562789	0.05623973825928747	0.1801660000668852	2.7923875926016224E-4
474000	-2138.4573983374776	-1985.4710393486298	-152.98635898884797	0.04805294924341623	0.10138060666351081	0.14821970689007344	0.0015521546167526117
475000	-2139.1715166679855	-1986.4700146769953	-152.70150199099018	0.162199463811369	0.15442296620928445	0.2164713072166511	7.558525658130094E-4
476000	-2138.8708242919874	-1986.3384285526756	-152.53239573931185	0.07058653562314364	0.0677487019758951	0.14149043376765277	7.834116732565962E-4
477000	-2138.163596594814	-1985.2525908296047	-152.91100576520927	0.08153703579783184	0.060290427224145814	0.17663098583534798	0.0014645161201186422
478000	-2136.918803304113	-1985.5524377296474	-151.36636557446596	0.102195448044568	0.09701215719537006	0.1939323482830799	0.0014028991810899735
479000	-2136.0899781999533	-1986.2189206330786	-149.87105756687447	0.08915436784102872	0.09915829052035938	0.16425779578763042	9.735475529222477E-4
480000	-2136.397885494326	-1986.724103503179	-149.6737819911469	0.10003556279520742	0.10799393955018391	0.15062691484274615	0.001493492457680105
481000	-2137.6581665211447	-1987.2099885323596	-150.4481779887851	0.06357952879162256	0.11539545472658945	0.12099625994083758	5.861367185304505E-4
482000	-2137.3101935225577	-1986.0565778532482	-151.25361566930957	0.09975723236909058	0.06741961496263245	0.17155199890851658	0.001059437373577956
483000	-2138.993865544463	-1988.0992663871261	-150.8945991573367	0.19752926309530588	0.09613429926717981	0.15846690040991454	1.4695582446750324E-4
484000	-2139.6511055096225	-1985.425763081037	-154.22534242858552	0.12933294720282212	0.11297770955260503	0.22509849831021017	0.002742050773074857
485000	-2139.07007381547	-1985.6352922742365	-153.43478154123343	0.05975271440576587	0.1937697140835212	0.16215860062164694	8.34426477265079E-4
486000	-2136.9402186310886	-1988.1666391890815	-148.77357944200693	0.09283442961315462	0.09121781748573522	0.12066438527977065	5.35268803097956E-4
487000	-2139.268469801536	-1986.9446998654346	-152.3237699361015	0.11414780393035237	0.056749762826661714	0.15159020265427522	9.748386013937656E-4
488000	-2137.7926301734433	-1987.8905508272228	-149.90207934622026	0.08002279919870185	0.10611716336141974	0.13030060779704228	3.3682211129268185E-4
489000	-2139.9959655022226	-1989.0152729959004	-150.98069250632236	0.16350747299116153	0.07151918970736931	0.13016901373940784	0.0015570547971706086
490000	-2139.2690697195562	-1987.4213226747665	-151.84774704478977	0.09740019791227508	0.06343317537997906	0.13631170210861338	6.659234445118292E-4
491000	-2136.3043215385974	-1985.758652369686	-150.54566916891164	0.07321375559057955	0.11273565834252787	0.15654892994900912	0.0014906602316933325
492000	-2138.895918750821	-1985.016641255872	-153.87927749494904	0.08846516061470906	0.0861134072765045	0.20692430495334488	0.0013716076028339951
493000	-2136.4231131252304	-1985.823979961072	-150.5991331641587	0.09658278545619967	0.10830659612725514	0.17629923965904498	0.001903323790813486
494000	-2136.6298258269544	-1985.1691561166658	-151.46066971028867	0.08364236107043445	0.09711001235004174	0.19291858490123512	0.0014802831168354584
495000	-2137.0682657034463	-1986.3250060474354	-150.74325965601093	0.08946436190998727	0.07992106363845622	0.1497772002824691	0.001713990117108331
496000	-2138.012626497308	-1986.9729003736386	-151.03972612366923	0.08272504148211766	0.06365112871266093	0.1352109834804428	7.494396426211753E-4
497000	-2139.3705042954352	-1989.4154494294464	-149.95505486598893	0.12140431008545953	0.06596901654675068	0.10322546913577041	6.168453651889303E-4
498000	-2137.0924484012235	-1985.4817900914247	-151.61065830979868	0.06726561130629617	0.08262454931544065	0.15749858854711676	0.001585877828463189
499000	-2137.0776611690653	-1987.2696238094236	-149.80803735964156	0.12815042392355894	0.0835259456396101	0.1518093100533786	0.0014358480087331938
500000	-2138.6936451863853	-1987.7041680702582	-150.98947711612706	0.06647747740511928	0.07817618711894841	0.11299996301278255	4.903245022563392E-4
