pbsworkdir
/home/gseeholzer/nas3/bfd/runs/F2
./:/bin:/usr/bin:/usr/local/sbin:/usr/sbin:/opt/pbs/bin:/home/gseeholzer/programs/bamUtil/bin:/home/gseeholzer/programs/samtools-1.10/bin:/home/gseeholzer/programs/angsd:/home/gseeholzer/programs/angsd/misc:/home/gseeholzer/programs/satsuma2-master/bin:/home/gseeholzer/programs/pcangsd:/home/gseeholzer/programs/evalAdmix:/home/gseeholzer/programs/htslib-1.10.2/bin:/home/gseeholzer/programs/ngsRelate:/home/gseeholzer/programs/vcftools_0.1.13/bin:/home/gseeholzer/programs/bcftools-1.10.2/bin:/home/gseeholzer/programs/gsl/bin:/home/gseeholzer/programs/ngsTools/ngsDist:/home/gseeholzer/programs/ngsTools/ngsF:/home/gseeholzer/programs/ngsTools/ngsF-HMM:/home/gseeholzer/programs/ngsTools/ngsLD:/home/gseeholzer/programs/ngsTools/ngsPopGen:/home/gseeholzer/programs/ngsTools/ngsSim:/home/gseeholzer/programs/ngsTools/ngsUtils:/home/gseeholzer/programs/fastme-2.1.6.1/src:/home/gseeholzer/programs/beast/bin:/home/gseeholzer/.local/bin:/home/gseeholzer/bin
Wed Jun 10 13:47:28 EDT 2020

real	0m0.000s
user	0m0.000s
sys	0m0.000s

                        BEAST v2.6.2, 2002-2020
             Bayesian Evolutionary Analysis Sampling Trees
                       Designed and developed by
 Remco Bouckaert, Alexei J. Drummond, Andrew Rambaut & Marc A. Suchard
                                    
                   Centre for Computational Evolution
                         University of Auckland
                       r.bouckaert@auckland.ac.nz
                        alexei@cs.auckland.ac.nz
                                    
                   Institute of Evolutionary Biology
                        University of Edinburgh
                           a.rambaut@ed.ac.uk
                                    
                    David Geffen School of Medicine
                 University of California, Los Angeles
                           msuchard@ucla.edu
                                    
                      Downloads, Help & Resources:
                           http://beast2.org/
                                    
  Source code distributed under the GNU Lesser General Public License:
                   http://github.com/CompEvol/beast2
                                    
                           BEAST developers:
   Alex Alekseyenko, Trevor Bedford, Erik Bloomquist, Joseph Heled, 
 Sebastian Hoehna, Denise Kuehnert, Philippe Lemey, Wai Lok Sibon Li, 
Gerton Lunter, Sidney Markowitz, Vladimir Minin, Michael Defoin Platel, 
          Oliver Pybus, Tim Vaughan, Chieh-Hsi Wu, Walter Xie
                                    
                               Thanks to:
          Roald Forsberg, Beth Shapiro and Korbinian Strimmer

Random number seed: 1591811248281

File: F2.SBE3_v1_1sp.r3.xml seed: 1591811248281 threads: 16
Loading package BEAST v2.6.2
Loading package BEASTLabs v1.9.2
Loading package MODEL_SELECTION v1.5.2
Loading package SNAPP v1.5.0
Loading package BEAST v2.6.2
Alignment(F2)
  40 taxa
  100 sites
  100 patterns

ant: 100 41
cur: 100 5
Data(snap.F2)
  2 taxa
  100 sites
  45 patterns

Seq: seq_CarpaChavin_B72794.Huanuco.CarpaChavin
Seq: seq_CarpaChavin_B72802.Huanuco.CarpaChavin
Seq: seq_Carpish_B72762.Huanuco.Acomayo
Seq: seq_Carpish_B72773.Huanuco.Mitotambo
Seq: seq_Amotape_B67127.Tumbes.Amotape
Seq: seq_Amotape_B67201.Tumbes.Amotape
Seq: seq_Chavinillo_B72789.Huanuco.Chavinillo
Seq: seq_Chavinillo_B72792.Huanuco.Chavinillo
Seq: seq_Quichas_B72777.Lima.Quichas
Seq: seq_Quichas_B72785.Lima.Quichas
Seq: seq_Canchaque_B72874.Piura.Canchaque
Seq: seq_Canchaque_B72878.Piura.Canchaque
Seq: seq_Huamatanga_B72889.Lima.Huamatanga
Seq: seq_Huamatanga_B72892.Lima.Huamatanga
Seq: seq_Pacar_B72905.Ancash.Pacar
Seq: seq_Pacar_B72912.Ancash.Pacar
Seq: seq_LaQuinua_B72754.Pasco.LaQuinua
Seq: seq_LaQuinua_B72760.Pasco.LaQuinua
Seq: seq_Chinchan_B72895.Ancash.Chinchan
Seq: seq_Chinchan_NK_173896
Seq: seq_curtata_cra.cur.B6032
Seq: seq_curtata_cra.cur.B8175
ant: 99 41
cur: 99 5
2 taxa
99 sites with weight 100
46 patterns
Rate prior = gamma
Log Likelihood Correction = -1532.6642841359778
===============================================================================
Citations for this model:

Bouckaert, Remco, Timothy G. Vaughan, Jo?lle Barido-Sottani, Sebasti?n Duch?ne, 
  Mathieu Fourment, Alexandra Gavryushkina, Joseph Heled et al. 
  BEAST 2.5: An advanced software platform for Bayesian evolutionary analysis. 
  PLoS computational biology 15, no. 4 (2019): e1006650.

David Bryant, Remco Bouckaert, Joseph Felsenstein, Noah Rosenberg, Arindam RoyChoudhury. Inferring Species Trees Directly from Biallelic Genetic Markers: Bypassing Gene Trees in a Full Coalescent Analysis. Mol. Biol. Evol. 29(8):1917-1932, 2012

===============================================================================
Starting step 1
Starting step 2
Starting step 0
Starting step 3
Starting step 4
Starting step 5
Starting step 6
Starting step 7
Starting step 8
Starting step 9
Starting step 10
Starting step 11
Starting step 12
Starting step 13
Starting step 14
Starting step 15
Finished step 3
Finished step 13
Finished step 9
Finished step 2
Finished step 11
Finished step 12
Finished step 15
Finished step 5
Finished step 4
Finished step 6
Finished step 10
Finished step 0
Finished step 8
Finished step 7
Finished step 1
Finished step 14
Starting step 16
Starting step 17
Starting step 19
Starting step 21
Starting step 23
Starting step 22
Starting step 18
Starting step 20
Finished step 17
Finished step 23
Finished step 19
Finished step 20
Finished step 18
Finished step 16
Finished step 22
Finished step 21

Loading /home/gseeholzer/nas3/bfd/runs/F2/F2.SBE3_v1_1sp.r3/step0/likelihood.log, burnin 20%, skipping 200 log lines

|---------|---------|---------|---------|---------|---------|---------|---------|
*********************************************************************************

Calculating statistics

|---------|---------|---------|---------|---------|---------|---------|---------|
********************************************************************************

marginalLs[0 ] = -1987.0191641094107

Loading /home/gseeholzer/nas3/bfd/runs/F2/F2.SBE3_v1_1sp.r3/step1/likelihood.log, burnin 20%, skipping 200 log lines

|---------|---------|---------|---------|---------|---------|---------|---------|
*********************************************************************************

Calculating statistics

|---------|---------|---------|---------|---------|---------|---------|---------|
********************************************************************************

marginalLs[1 ] = -1987.323884976138

Loading /home/gseeholzer/nas3/bfd/runs/F2/F2.SBE3_v1_1sp.r3/step2/likelihood.log, burnin 20%, skipping 200 log lines

|---------|---------|---------|---------|---------|---------|---------|---------|
*********************************************************************************

Calculating statistics

|---------|---------|---------|---------|---------|---------|---------|---------|
********************************************************************************

marginalLs[2 ] = -1987.4054447258466

Loading /home/gseeholzer/nas3/bfd/runs/F2/F2.SBE3_v1_1sp.r3/step3/likelihood.log, burnin 20%, skipping 200 log lines

|---------|---------|---------|---------|---------|---------|---------|---------|
*********************************************************************************

Calculating statistics

|---------|---------|---------|---------|---------|---------|---------|---------|
********************************************************************************

marginalLs[3 ] = -1987.7841514988843

Loading /home/gseeholzer/nas3/bfd/runs/F2/F2.SBE3_v1_1sp.r3/step4/likelihood.log, burnin 20%, skipping 200 log lines

|---------|---------|---------|---------|---------|---------|---------|---------|
*********************************************************************************

Calculating statistics

|---------|---------|---------|---------|---------|---------|---------|---------|
********************************************************************************

marginalLs[4 ] = -1988.015103054028

Loading /home/gseeholzer/nas3/bfd/runs/F2/F2.SBE3_v1_1sp.r3/step5/likelihood.log, burnin 20%, skipping 200 log lines

|---------|---------|---------|---------|---------|---------|---------|---------|
*********************************************************************************

Calculating statistics

|---------|---------|---------|---------|---------|---------|---------|---------|
********************************************************************************

marginalLs[5 ] = -1988.1809243144164

Loading /home/gseeholzer/nas3/bfd/runs/F2/F2.SBE3_v1_1sp.r3/step6/likelihood.log, burnin 20%, skipping 200 log lines

|---------|---------|---------|---------|---------|---------|---------|---------|
*********************************************************************************

Calculating statistics

|---------|---------|---------|---------|---------|---------|---------|---------|
********************************************************************************

marginalLs[6 ] = -1988.4280481205278

Loading /home/gseeholzer/nas3/bfd/runs/F2/F2.SBE3_v1_1sp.r3/step7/likelihood.log, burnin 20%, skipping 200 log lines

|---------|---------|---------|---------|---------|---------|---------|---------|
*********************************************************************************

Calculating statistics

|---------|---------|---------|---------|---------|---------|---------|---------|
********************************************************************************

marginalLs[7 ] = -1988.6677702703926

Loading /home/gseeholzer/nas3/bfd/runs/F2/F2.SBE3_v1_1sp.r3/step8/likelihood.log, burnin 20%, skipping 200 log lines

|---------|---------|---------|---------|---------|---------|---------|---------|
*********************************************************************************

Calculating statistics

|---------|---------|---------|---------|---------|---------|---------|---------|
********************************************************************************

marginalLs[8 ] = -1988.9734750731245

Loading /home/gseeholzer/nas3/bfd/runs/F2/F2.SBE3_v1_1sp.r3/step9/likelihood.log, burnin 20%, skipping 200 log lines

|---------|---------|---------|---------|---------|---------|---------|---------|
*********************************************************************************

Calculating statistics

|---------|---------|---------|---------|---------|---------|---------|---------|
********************************************************************************

marginalLs[9 ] = -1989.0184930509022

Loading /home/gseeholzer/nas3/bfd/runs/F2/F2.SBE3_v1_1sp.r3/step10/likelihood.log, burnin 20%, skipping 200 log lines

|---------|---------|---------|---------|---------|---------|---------|---------|
*********************************************************************************

Calculating statistics

|---------|---------|---------|---------|---------|---------|---------|---------|
********************************************************************************

marginalLs[10 ] = -1989.358762261087

Loading /home/gseeholzer/nas3/bfd/runs/F2/F2.SBE3_v1_1sp.r3/step11/likelihood.log, burnin 20%, skipping 200 log lines

|---------|---------|---------|---------|---------|---------|---------|---------|
*********************************************************************************

Calculating statistics

|---------|---------|---------|---------|---------|---------|---------|---------|
********************************************************************************

marginalLs[11 ] = -1989.478615039069

Loading /home/gseeholzer/nas3/bfd/runs/F2/F2.SBE3_v1_1sp.r3/step12/likelihood.log, burnin 20%, skipping 200 log lines

|---------|---------|---------|---------|---------|---------|---------|---------|
*********************************************************************************

Calculating statistics

|---------|---------|---------|---------|---------|---------|---------|---------|
********************************************************************************

marginalLs[12 ] = -1989.814458819361

Loading /home/gseeholzer/nas3/bfd/runs/F2/F2.SBE3_v1_1sp.r3/step13/likelihood.log, burnin 20%, skipping 200 log lines

|---------|---------|---------|---------|---------|---------|---------|---------|
*********************************************************************************

Calculating statistics

|---------|---------|---------|---------|---------|---------|---------|---------|
********************************************************************************

marginalLs[13 ] = -1989.932949371013

Loading /home/gseeholzer/nas3/bfd/runs/F2/F2.SBE3_v1_1sp.r3/step14/likelihood.log, burnin 20%, skipping 200 log lines

|---------|---------|---------|---------|---------|---------|---------|---------|
*********************************************************************************

Calculating statistics

|---------|---------|---------|---------|---------|---------|---------|---------|
********************************************************************************

marginalLs[14 ] = -1990.5276983035903

Loading /home/gseeholzer/nas3/bfd/runs/F2/F2.SBE3_v1_1sp.r3/step15/likelihood.log, burnin 20%, skipping 200 log lines

|---------|---------|---------|---------|---------|---------|---------|---------|
*********************************************************************************

Calculating statistics

|---------|---------|---------|---------|---------|---------|---------|---------|
********************************************************************************

marginalLs[15 ] = -1990.4925937657442

Loading /home/gseeholzer/nas3/bfd/runs/F2/F2.SBE3_v1_1sp.r3/step16/likelihood.log, burnin 20%, skipping 200 log lines

|---------|---------|---------|---------|---------|---------|---------|---------|
*********************************************************************************

Calculating statistics

|---------|---------|---------|---------|---------|---------|---------|---------|
********************************************************************************

marginalLs[16 ] = -1990.3472767538647

Loading /home/gseeholzer/nas3/bfd/runs/F2/F2.SBE3_v1_1sp.r3/step17/likelihood.log, burnin 20%, skipping 200 log lines

|---------|---------|---------|---------|---------|---------|---------|---------|
*********************************************************************************

Calculating statistics

|---------|---------|---------|---------|---------|---------|---------|---------|
********************************************************************************

marginalLs[17 ] = -1991.4410284533783

Loading /home/gseeholzer/nas3/bfd/runs/F2/F2.SBE3_v1_1sp.r3/step18/likelihood.log, burnin 20%, skipping 200 log lines

|---------|---------|---------|---------|---------|---------|---------|---------|
*********************************************************************************

Calculating statistics

|---------|---------|---------|---------|---------|---------|---------|---------|
********************************************************************************

marginalLs[18 ] = -1991.0960338544787

Loading /home/gseeholzer/nas3/bfd/runs/F2/F2.SBE3_v1_1sp.r3/step19/likelihood.log, burnin 20%, skipping 200 log lines

|---------|---------|---------|---------|---------|---------|---------|---------|
*********************************************************************************

Calculating statistics

|---------|---------|---------|---------|---------|---------|---------|---------|
********************************************************************************

marginalLs[19 ] = -1990.8830642696298

Loading /home/gseeholzer/nas3/bfd/runs/F2/F2.SBE3_v1_1sp.r3/step20/likelihood.log, burnin 20%, skipping 200 log lines

|---------|---------|---------|---------|---------|---------|---------|---------|
*********************************************************************************

Calculating statistics

|---------|---------|---------|---------|---------|---------|---------|---------|
********************************************************************************

marginalLs[20 ] = -1990.873712086156

Loading /home/gseeholzer/nas3/bfd/runs/F2/F2.SBE3_v1_1sp.r3/step21/likelihood.log, burnin 20%, skipping 200 log lines

|---------|---------|---------|---------|---------|---------|---------|---------|
*********************************************************************************

Calculating statistics

|---------|---------|---------|---------|---------|---------|---------|---------|
********************************************************************************

marginalLs[21 ] = -1991.201036522586

Loading /home/gseeholzer/nas3/bfd/runs/F2/F2.SBE3_v1_1sp.r3/step22/likelihood.log, burnin 20%, skipping 200 log lines

|---------|---------|---------|---------|---------|---------|---------|---------|
*********************************************************************************

Calculating statistics

|---------|---------|---------|---------|---------|---------|---------|---------|
********************************************************************************

marginalLs[22 ] = -1991.4891619252749

Loading /home/gseeholzer/nas3/bfd/runs/F2/F2.SBE3_v1_1sp.r3/step23/likelihood.log, burnin 20%, skipping 200 log lines

|---------|---------|---------|---------|---------|---------|---------|---------|
*********************************************************************************

Calculating statistics

|---------|---------|---------|---------|---------|---------|---------|---------|
********************************************************************************

marginalLs[23 ] = -1991.6072768368226

Step        theta         likelihood   contribution ESS
0            1            -1987.0192   0            696.4587     
1            0.8623       -1987.3239   -273.6726    801          
2            0.7384       -1987.4054   -246.1444    631.7877     
3            0.6276       -1987.7842   -220.3041    801          
4            0.529        -1988.0151   -196.0683    759.8138     
5            0.4417       -1988.1809   -173.4267    801          
6            0.3651       -1988.428    -152.3627    801          
7            0.2983       -1988.6678   -132.8386    687.9796     
8            0.2406       -1988.9735   -114.8325    366.3378     
9            0.1911       -1989.0185   -98.2931     688.4558     
10           0.1493       -1989.3588   -83.2189     680.2935     
11           0.1143       -1989.4786   -69.5523     645.7901     
12           0.0855       -1989.8145   -57.274      551.2585     
13           0.0623       -1989.9329   -46.3323     509.7118     
14           0.0438       -1990.5277   -36.7028     593.8311     
15           0.0296       -1990.4926   -28.3234     620.8769     
16           0.019        -1990.3473   -21.1596     467.0741     
17           0.0113       -1991.441    -15.1722     562.3179     
18           0.0062       -1991.096    -10.2857     583.2591     
19           0.0029       -1990.8831   -6.453       550.3787     
20           0.0011       -1990.8737   -3.6049      507.3856     
21           0.0003       -1991.201    -1.6609      501.5085     
22           0            -1991.4892   -0.5226      523.7349     
23           0            -1991.6073   -0.0576      469.2793     
sum(ESS) = 14801.5336  

marginal L estimate = -1988.2628615427966


Total wall time: 33289 seconds
Done

real	554m51.196s
user	7073m36.334s
sys	101m28.808s
