#
#model:
#
#<?xml version="1.0" encoding="UTF-8" standalone="no"?><input id="posterior" spec="beast.core.util.CompoundDistribution">
#    <distribution id="prior" spec="beast.core.util.CompoundDistribution">
#        <prior id="lambdaPrior.F2" name="distribution">
#            <parameter id="lambda" lower="0.0" name="x" spec="beast.core.parameter.RealParameter">0.01</parameter>
#            <Gamma id="Gamma.0" name="distr">
#                <parameter estimate="false" id="RealParameter.1" name="alpha" spec="beast.core.parameter.RealParameter">2.0</parameter>
#                <parameter estimate="false" id="RealParameter.2" name="beta" spec="beast.core.parameter.RealParameter">200.0</parameter>
#            </Gamma>
#        </prior>
#        <distribution id="snapprior.F2" lambda="@lambda" spec="snap.likelihood.SnAPPrior">
#            <parameter estimate="false" id="alpha" lower="0.0" name="alpha" spec="beast.core.parameter.RealParameter">11.75</parameter>
#            <parameter estimate="false" id="beta" lower="0.0" name="beta" spec="beast.core.parameter.RealParameter">109.73</parameter>
#            <parameter estimate="false" id="kappa" lower="0.0" name="kappa" spec="beast.core.parameter.RealParameter">1.0</parameter>
#            <parameter id="coalescenceRate" name="coalescenceRate" spec="beast.core.parameter.RealParameter">10.0</parameter>
#            <tree clusterType="upgma" id="Tree.F2" nodetype="snap.NodeData" spec="beast.util.ClusterTree">
#                <taxa dataType="integerdata" id="snap.F2" spec="snap.Data">
#                    <taxonset id="ant" spec="beast.evolution.alignment.TaxonSet">
#                        <taxon id="Amotape_B67127.Tumbes.Amotape" spec="beast.evolution.alignment.Taxon"/>
#                        <taxon id="Amotape_B67201.Tumbes.Amotape" spec="beast.evolution.alignment.Taxon"/>
#                        <taxon id="Canchaque_B72874.Piura.Canchaque" spec="beast.evolution.alignment.Taxon"/>
#                        <taxon id="Canchaque_B72878.Piura.Canchaque" spec="beast.evolution.alignment.Taxon"/>
#                        <taxon id="Porculla_B31685.Piura.Porculla" spec="beast.evolution.alignment.Taxon"/>
#                        <taxon id="Porculla_B72870.Piura.Porculla" spec="beast.evolution.alignment.Taxon"/>
#                    </taxonset>
#                    <taxonset id="bar" spec="beast.evolution.alignment.TaxonSet">
#                        <taxon id="Carpish_B72762.Huanuco.Acomayo" spec="beast.evolution.alignment.Taxon"/>
#                        <taxon id="Carpish_B72773.Huanuco.Mitotambo" spec="beast.evolution.alignment.Taxon"/>
#                        <taxon id="Chavinillo_B72789.Huanuco.Chavinillo" spec="beast.evolution.alignment.Taxon"/>
#                        <taxon id="Chavinillo_B72792.Huanuco.Chavinillo" spec="beast.evolution.alignment.Taxon"/>
#                        <taxon id="Quichas_B72777.Lima.Quichas" spec="beast.evolution.alignment.Taxon"/>
#                        <taxon id="Quichas_B72785.Lima.Quichas" spec="beast.evolution.alignment.Taxon"/>
#                        <taxon id="Huamatanga_B72889.Lima.Huamatanga" spec="beast.evolution.alignment.Taxon"/>
#                        <taxon id="Huamatanga_B72892.Lima.Huamatanga" spec="beast.evolution.alignment.Taxon"/>
#                        <taxon id="LaQuinua_B72754.Pasco.LaQuinua" spec="beast.evolution.alignment.Taxon"/>
#                        <taxon id="LaQuinua_B72760.Pasco.LaQuinua" spec="beast.evolution.alignment.Taxon"/>
#                    </taxonset>
#                    <taxonset id="cur" spec="beast.evolution.alignment.TaxonSet">
#                        <taxon id="curtata_cra.cur.B6032" spec="beast.evolution.alignment.Taxon"/>
#                        <taxon id="curtata_cra.cur.B8175" spec="beast.evolution.alignment.Taxon"/>
#                    </taxonset>
#                </taxa>
#                <parameter id="RealParameter.0" lower="0.0" name="clock.rate" spec="beast.core.parameter.RealParameter" upper="0.0">1.0</parameter>
#            </tree>
#        </distribution>
#    </distribution>
#    <distribution id="likelihood" spec="beast.core.util.CompoundDistribution">
#        <distribution data="@snap.F2" id="treeLikelihood.F2" non-polymorphic="false" pattern="coalescenceRate" spec="snap.likelihood.SnAPTreeLikelihood" tree="@Tree.F2">
#            <siteModel id="MutationSiteModel.F2" spec="beast.evolution.sitemodel.SiteModel">
#                <parameter estimate="false" id="mutationRate" name="mutationRate" spec="beast.core.parameter.RealParameter">1.0</parameter>
#                <parameter estimate="false" id="shape" name="shape" spec="beast.core.parameter.RealParameter">2.0</parameter>
#                <parameter estimate="false" id="proportionInvariant" name="proportionInvariant" spec="beast.core.parameter.RealParameter">0.0</parameter>
#                <substModel coalescenceRate="@coalescenceRate" id="MutationModel" spec="snap.likelihood.SnapSubstitutionModel">
#                    <parameter estimate="false" id="u" lower="0.0" name="mutationRateU" spec="beast.core.parameter.RealParameter">1.0</parameter>
#                    <parameter id="v" lower="0.0" name="mutationRateV" spec="beast.core.parameter.RealParameter">1.0</parameter>
#                </substModel>
#            </siteModel>
#        </distribution>
#    </distribution>
#</input>
#
Sample	posterior	likelihood	prior	theta0	theta1	theta2	theta3	theta4	TreeHeightLogger
0	-1832.622626029995	-1582.587768462342	-250.03485756765295	0.05865389320277127	0.09199002113808434	0.08838582275678575	0.059130324015227775	0.17242094066501548	0.0037470024401588978
1000	-1831.6838989257315	-1583.5454924730775	-248.138406452654	0.076988661563995	0.08748685688315692	0.11894168582618121	0.11252617957848748	0.1636478075067224	0.004950046683152753
2000	-1830.8312069817382	-1584.198108253277	-246.63309872846122	0.06750966227849327	0.12112924278713558	0.1443818482093576	0.1579135463544408	0.1641838324564988	0.003915573141039203
3000	-1833.118993813596	-1583.1132139495598	-250.00577986403619	0.11587973063580796	0.15320107128836163	0.07729390324549054	0.09893750993445755	0.21635706834834925	0.007153885681169867
4000	-1831.266584485156	-1585.5524759320947	-245.71410855306127	0.07993789403166898	0.1352965268175439	0.09518376520475022	0.08795309310709466	0.16787571334563026	0.004825382167861931
5000	-1834.179776006757	-1583.9844904752827	-250.19528553147435	0.07657779033779225	0.0509841604806007	0.0937766247719609	0.08294576276987656	0.17726420598226494	0.0031571136992442845
6000	-1832.368189441552	-1585.0068611686243	-247.36132827292764	0.07410921388170369	0.08135988826253604	0.07055415950717095	0.09655853724340288	0.15003634399651095	0.005014271945878
7000	-1834.5689236547726	-1584.821558456003	-249.74736519876964	0.06565500784311541	0.10086244347593756	0.0921615670567868	0.05975891226455104	0.1492708712985714	0.004878593711356674
8000	-1834.1149489738705	-1586.3873018409956	-247.72764713287495	0.08971770153006002	0.06421463147298037	0.08717328420245685	0.0767431507468243	0.1647961207973884	0.004011077492747141
9000	-1833.1102411598351	-1585.4060440471021	-247.70419711273306	0.13031458542425017	0.10682011371901286	0.09285532922321309	0.09127221919821099	0.1840347357504295	0.0068183948158392115
10000	-1831.307380168736	-1584.5799869932575	-246.72739317547837	0.06086662183540363	0.08771564492931985	0.10121398251889026	0.10425824913562388	0.1753973122472114	0.002737207966242326
11000	-1830.505717983382	-1585.6079917137772	-244.8977262696048	0.11882893665810963	0.09005786741200228	0.11556772835289505	0.13520385440280663	0.1587923753439165	0.00520717065704529
12000	-1831.4286396829357	-1582.598063890026	-248.8305757929096	0.07417081824517793	0.09651864339690282	0.13925458657391201	0.07211956712366753	0.20321268155478167	0.005443762634460146
13000	-1829.7409678572399	-1581.9568300615756	-247.78413779566426	0.060593799223967786	0.1089889708025023	0.10087772645341052	0.1133625340108769	0.19874539114586498	0.004208698364272666
14000	-1831.3286433746835	-1581.8841365623605	-249.44450681232289	0.08190270840882292	0.13626604662446906	0.09101100624844616	0.07354050010276697	0.21687676882057785	0.005865230834976303
15000	-1830.1889130361246	-1584.7841449573834	-245.4047680787413	0.07833257958814208	0.09248221776183946	0.08582924246850855	0.12009347142373815	0.14478690802030125	0.00464881989398768
16000	-1835.14423076269	-1589.1582125714233	-245.98601819126688	0.0768294345549409	0.06780712869390532	0.13426701775498004	0.14105090026996686	0.13622698006493397	0.0032131414985108906
17000	-1834.0082513895848	-1587.255540749421	-246.75271064016377	0.10930600608471303	0.10501276366227041	0.10459946084757185	0.18832073619282477	0.13271614523478048	0.005424616274848926
18000	-1831.2331009094573	-1584.8268581086973	-246.40624280076005	0.05373455668188886	0.09726120537227413	0.10731686590099834	0.10540196793233575	0.1248416397206288	0.004206478027538485
19000	-1831.7917536040113	-1585.4648780920904	-246.3268755119208	0.06740888344741694	0.10680423328530328	0.11664910901212673	0.07916233556290982	0.13395730798591787	0.004830204846705366
20000	-1835.942624694249	-1591.3523874738246	-244.59023722042443	0.07221421261206742	0.11196191824575705	0.15976343522762593	0.10466010246572731	0.11151416696427567	0.0030566487861763613
21000	-1834.4072745769988	-1586.3373469728767	-248.0699276041221	0.09330072030122395	0.06856387243322111	0.08822755484385238	0.06221321167472888	0.18115303041736822	0.0028176976335865683
22000	-1834.385880241744	-1586.2067620584667	-248.17911818327718	0.06476679115977445	0.10114822446314521	0.10032050489464435	0.08208025087541052	0.14319539237810844	0.0028687474676800458
23000	-1829.8071175736102	-1583.3335082126093	-246.47360936100085	0.06898657602078669	0.10106476593623337	0.12296629004176135	0.09117376781636234	0.16547540275238812	0.004879126421296323
24000	-1833.3289733648664	-1585.6817421831915	-247.64723118167495	0.07291820849330027	0.05180698236477641	0.1389180610984158	0.08860169982214496	0.11327008633217424	0.0033323736241219325
25000	-1832.0676902981068	-1582.2056520528763	-249.86203824523034	0.06837735586383006	0.0927233181757166	0.10209935803907616	0.09738297335673561	0.24756927543507237	0.0038197289949592
26000	-1837.1751089652394	-1582.1307434459218	-255.04436551931764	0.04654108811542098	0.17451608641748645	0.054849501864956074	0.10275309664387121	0.21344687217328392	0.007020835558717813
27000	-1832.5361615731886	-1583.6142243567324	-248.92193721645614	0.06092364328083039	0.08022622037415923	0.09034495679324472	0.12774347948836867	0.19078869800407583	0.003822921923552082
28000	-1832.666026486844	-1582.1225568470104	-250.5434696398336	0.04139802059805763	0.12728763128719137	0.0808333971414121	0.1024803186817702	0.16970199111808226	0.004052133821577283
29000	-1833.3248406799848	-1584.8164451969474	-248.50839548303753	0.04799208129774893	0.11170072951563297	0.0889348392545519	0.09361970277574465	0.14160364139176357	0.005304229711925057
30000	-1832.457135445526	-1584.5766994559417	-247.88043598958433	0.05656371283912167	0.09144151351071514	0.0703092762316138	0.15385737351491455	0.13373846666929307	0.0032339817090386727
31000	-1830.3970701640385	-1583.9025825634499	-246.4944876005886	0.07558270288790009	0.09671666150698814	0.0971247873272293	0.07581543823706778	0.15908283898086684	0.004480115641389734
32000	-1836.8984981298236	-1585.4163221514239	-251.48217597839962	0.032131228695121805	0.07139612378999381	0.113316079978173	0.0925001744977131	0.12968845853533623	0.0032826281222965224
33000	-1830.3588948691079	-1582.1245316511618	-248.23436321794605	0.06928288250111335	0.09836887130472817	0.13154623460558493	0.13556492271337525	0.20531813497561133	0.005406651293598921
34000	-1834.4829964828452	-1586.6016359334799	-247.8813605493653	0.07205655037233441	0.06493894537499328	0.0748659945368752	0.12583845471050253	0.13162612537906052	0.004961162582764979
35000	-1834.1255240918422	-1588.3089806229434	-245.81654346889866	0.09041473799244626	0.08319059827843793	0.08715149113875019	0.1411340827485029	0.18897996047028948	0.002919796160757188
36000	-1830.689885904966	-1583.7744618668503	-246.91542403811587	0.05834724694941354	0.12280237340550414	0.11931382933433679	0.14455316028088916	0.1582900704947757	0.004853875015847903
37000	-1835.4483956827005	-1584.3219807993873	-251.1264148833131	0.05484621665963027	0.06234261996005894	0.06730510856243198	0.1050027316969964	0.1258918600736714	0.004285261730241066
38000	-1836.8378203428829	-1583.494164782866	-253.343655560017	0.04404046220849457	0.08879150885697405	0.07525980259413857	0.05550322227902821	0.13378193754760187	0.003254425668138099
39000	-1834.2845123454292	-1583.607295853547	-250.67721649188238	0.0377107533726861	0.10039169983429042	0.12429823124717788	0.11499813273997704	0.15424885718709416	0.0024970356052980073
40000	-1837.1409200098492	-1588.0044702944883	-249.13644971536084	0.07687673643349142	0.0934908011793398	0.21154031824611286	0.06518875288805882	0.10818199484073236	0.0035200807012351993
41000	-1835.2809904496612	-1582.9342210117948	-252.34676943786653	0.03457384676635722	0.07785339422995466	0.07382073264935056	0.1570825990871658	0.1378725573025312	0.0024177288848797316
42000	-1836.257968415523	-1586.1211574104566	-250.1368110050665	0.06838814042419533	0.045646178446848366	0.09306310314400597	0.06264820457956814	0.11837588228186738	0.002345406150713403
43000	-1831.0758063027138	-1583.8482336262641	-247.22757267644965	0.05574166240154457	0.07334053909320636	0.10266166743149668	0.10746520829726831	0.16511476896304927	0.0026705724914094604
44000	-1830.5545861848084	-1582.8449188534444	-247.70966733136396	0.07691664904125034	0.08829545356449081	0.08957278558993227	0.11135487817419888	0.20479998425290646	0.0040246597080079586
45000	-1836.5110063902423	-1588.59313546102	-247.91787092922226	0.1349337684353276	0.17738673918683417	0.11137634424965914	0.16373913277026117	0.1583679939123901	0.005910785945405488
46000	-1833.8126306656918	-1580.8857243776552	-252.92690628803675	0.06129983514473482	0.12893472205118367	0.09636335764529182	0.07154485504008667	0.2682894453481018	0.004651311888972777
47000	-1831.074279680872	-1584.1140774322234	-246.96020224864853	0.078826811251636	0.08613110350849001	0.10764515786586501	0.0644689512654684	0.15288733560787615	0.004188009402051621
48000	-1835.516149771926	-1585.9835885912626	-249.5325611806635	0.061843683234094796	0.10532370942869677	0.14909801130694575	0.09456313088523824	0.22722027026098973	0.004102931760730935
49000	-1832.8603440093693	-1584.9199965369276	-247.94034747244172	0.057393488884875346	0.10079843971093086	0.0839537371959329	0.08091454801567419	0.13885100012261906	0.0048184872380880915
50000	-1831.5248492987441	-1584.2189847457364	-247.3058645530078	0.07796879214811746	0.10541598575771718	0.1460920132745566	0.06438631578743476	0.17816086910227455	0.0039194106403958465
51000	-1832.2958599510207	-1585.2065544368415	-247.0893055141792	0.06431877053323616	0.09381657049709985	0.08223181034696414	0.0914321934202849	0.12440005658118626	0.004091173784754365
52000	-1831.308733730702	-1583.4315063186464	-247.87722741205567	0.06850110749724435	0.06912319566894061	0.1039937859217958	0.14278494814558496	0.1586668242515319	0.003880641340133107
53000	-1832.2830946166923	-1585.007348209063	-247.27574640762953	0.08765722240788373	0.13460778328505896	0.08362345797547571	0.11547968329603386	0.16611550209643575	0.006577486359189392
54000	-1831.5325202767483	-1583.1839719016045	-248.34854837514376	0.061075855232115485	0.09982595420911791	0.09228547932379544	0.1257825474129189	0.16243173763969498	0.003972903751139127
55000	-1830.910637611456	-1584.3340240310608	-246.57661358039505	0.06758908103894556	0.08308817379875723	0.12202386525519607	0.0772520223240448	0.14028294214237633	0.004214257186518341
56000	-1834.7047318185928	-1586.6324934315032	-248.07223838708964	0.1122851342731052	0.09899563644093735	0.10833603747715698	0.043974818452447266	0.12687721254620105	0.004653612827087277
57000	-1835.0436959645492	-1583.4149939020763	-251.628702062473	0.08062046130145897	0.14973588553923894	0.15991162376495435	0.07422886641445965	0.23057265131410418	0.008887867711378008
58000	-1834.2088364521437	-1582.5871912633643	-251.62164518877944	0.02834837496739645	0.10350106083783651	0.11285385643548995	0.09673224082393975	0.14035278872486046	0.003165417321808134
59000	-1834.4577211431547	-1582.775371837762	-251.68234930539288	0.03358173301366109	0.09039664526099593	0.10624159609064593	0.0781722545249432	0.16530025431506332	0.0037800030305031778
60000	-1830.0586645999451	-1584.0220325072419	-246.03663209270317	0.08985029066510017	0.12775742388687625	0.10382374247825006	0.11554396701329675	0.19173881098388512	0.00490928862844568
61000	-1831.587982251938	-1586.3398619610875	-245.24812029085055	0.07816123089122144	0.11906655271184993	0.10802933181054339	0.08081895853985548	0.14165897111054646	0.005136444573282849
62000	-1832.9052776906983	-1585.5238415099552	-247.3814361807432	0.0982324567786628	0.057167661579909795	0.1544767237121345	0.1175279639383415	0.17957672468372415	0.003823316082739876
63000	-1832.3825402383497	-1585.09541282243	-247.28712741591968	0.08523350790134201	0.13468333852487524	0.10767161844412014	0.06930153681730611	0.14663240372780723	0.00631764602673709
64000	-1836.461136970788	-1581.7340118892273	-254.72712508156062	0.05099176941970753	0.07726179028406817	0.18592907120996008	0.06171675172230868	0.22922285768817244	0.003538376369347726
65000	-1834.1680301689362	-1587.916061207507	-246.25196896142904	0.11556638491754485	0.08095208765340288	0.09759221347563633	0.1334517170032763	0.15950170845852096	0.006524597703668486
66000	-1832.6773545877195	-1586.2729998662314	-246.40435472148798	0.08918422321497954	0.1443219158203303	0.08381646052975504	0.10334705075192903	0.17495499732200784	0.004127853468973711
67000	-1832.0222788633125	-1583.5515927086183	-248.47068615469428	0.08095094866490656	0.07138738060844171	0.07428829690254815	0.0981406205789311	0.178174031900198	0.004754194876866773
68000	-1829.8175613394933	-1584.1470943969064	-245.67046694258684	0.09634062366856527	0.12530018642145166	0.11825257981330993	0.09596296364640744	0.1704001307950743	0.006111581335876041
69000	-1832.7042233707723	-1585.87945767028	-246.82476570049215	0.06581022957974303	0.10155145352828998	0.09446219407524528	0.08474254668996604	0.15099689290821505	0.005379789517972911
70000	-1834.847650137501	-1588.6160027739284	-246.23164736357256	0.08427403384643749	0.06003301359616937	0.0950634852502105	0.10583843370805755	0.08976822001755758	0.003519904934059498
71000	-1830.7951873634051	-1584.3670782257186	-246.4281091376865	0.10510046542960617	0.12464023212825655	0.11815608880847514	0.13735478101304593	0.19523833217550715	0.006874741706035591
72000	-1838.1305018821333	-1587.5260662570577	-250.60443562507572	0.03467923127450349	0.1298425984926207	0.09358132329056397	0.07478071798004997	0.12952024648146715	0.0038483282313823146
73000	-1833.7290533959244	-1589.016665779914	-244.71238761601032	0.1074234745940535	0.07283066440201158	0.1193841623212607	0.07130279932574152	0.12733238577261619	0.0027940777382339855
74000	-1831.9191434731204	-1584.5738313021016	-247.34531217101878	0.10077003664443822	0.14550711855116955	0.12703161553019665	0.0923490891531144	0.17487570535821972	0.006554944721320433
75000	-1831.493776181264	-1583.8169950881065	-247.67678109315744	0.04710672736459522	0.11138637077440564	0.10088005980254537	0.14369589658096077	0.15267018355862758	0.003472891839544573
76000	-1832.387115364557	-1585.1825824761047	-247.20453288845238	0.08601617400658472	0.15090419380954848	0.11530208888038919	0.12110029605630394	0.1644119602960512	0.0066726570605706095
77000	-1838.288848045679	-1587.5390140091754	-250.74983403650361	0.12207719315664547	0.20399683683593484	0.10716259319914262	0.08558753658774762	0.16022340118270834	0.01027235029507878
78000	-1832.1798476237404	-1583.9603438620536	-248.21950376168692	0.07503684550986191	0.09799883039382891	0.07954890424978027	0.07418396783330006	0.20257319679568642	0.0034373322949880695
79000	-1832.9182460155146	-1584.792715922669	-248.1255300928456	0.08080905021912145	0.08431311535683486	0.07005329285577755	0.13198806004345148	0.20634000351169438	0.003465047491234613
80000	-1831.7333489353532	-1585.5338845106496	-246.19946442470356	0.09762163871475686	0.09557440493179087	0.0847586309345477	0.08755357180652248	0.15897193596159248	0.0057566094066995475
81000	-1830.8186883972978	-1583.9756884725	-246.84299992479785	0.08348809602483044	0.0768367118244207	0.11750252199705828	0.08182297963167813	0.1702866057760475	0.004647107292682085
82000	-1833.2017451293436	-1585.3225976273734	-247.8791475019703	0.06080751682460928	0.06305165475600122	0.08346362382052178	0.1504209358691397	0.15464290329086947	0.0024143829467727475
83000	-1834.420768723335	-1584.6372470387141	-249.78352168462075	0.12608764578155499	0.1736266467401532	0.10254335441928807	0.13496151200430243	0.21545403976126254	0.009969034281427014
84000	-1830.5088655896773	-1584.1051755524395	-246.40369003723768	0.07583448847892789	0.08749051623705624	0.10639632446071065	0.13671055315551994	0.14780249717404173	0.004862786036876664
85000	-1836.6761725393687	-1590.0182443911071	-246.65792814826162	0.1365246147360676	0.07025241856466968	0.08434155745891682	0.07960925006248797	0.1647792290862629	0.003538925813354925
86000	-1834.0254779833474	-1587.0783018026036	-246.94717618074378	0.0654651337360551	0.09307537215310194	0.15334060865430388	0.14156270080548125	0.12601609565071858	0.006063528421767893
87000	-1834.4588287747895	-1585.6189731584345	-248.83985561635487	0.118875792138614	0.20678187458999478	0.14284152259976152	0.0883560936312361	0.18606512379063775	0.006702975344384239
88000	-1831.5458127874613	-1582.2141109109443	-249.33170187651692	0.07612353911730359	0.09392258288781373	0.09706525402146172	0.0801535353628847	0.21046288552786446	0.004659157530685739
89000	-1830.866977552335	-1582.2937899379394	-248.5731876143955	0.057183901708629706	0.08964131378081723	0.12414006698483665	0.13870419207408194	0.1991590408300556	0.0032794221816887337
90000	-1835.3634729280845	-1586.091816422119	-249.27165650596544	0.06331531564283022	0.06651205143352129	0.06727671214548861	0.13801115980637343	0.10191204357729673	0.0038942813359847863
91000	-1830.2490860941364	-1582.3373304776355	-247.91175561650078	0.07553437320238506	0.09797543300066337	0.09619655297234231	0.08845638680242678	0.20877975401029963	0.00437610644389777
92000	-1832.5607234442873	-1587.4978291220445	-245.06289432224287	0.10656066416837882	0.09891588174110406	0.07748641995607808	0.12561887070112404	0.15973239051580945	0.004912184637024721
93000	-1832.2867323985372	-1584.5716682256234	-247.71506417291377	0.07480894638493006	0.07974691529356089	0.07561360770443817	0.08146512710957891	0.15420338236485648	0.004676796107541999
94000	-1831.5659946498915	-1586.2358291649848	-245.33016548490664	0.07882376116542543	0.08040274295427915	0.10185385025917605	0.09126673525293805	0.1350590506328591	0.00391985339626306
95000	-1834.4415301780493	-1585.2746108040715	-249.16691937397778	0.07651113306994384	0.08103867668196416	0.15641635072522556	0.19752812494009733	0.1885284078415937	0.003685561460049222
96000	-1834.8421637334231	-1584.9390712090972	-249.90309252432596	0.07042748961071656	0.08869159269145041	0.1053378321296205	0.10436860212189625	0.13679186456711898	0.004953998381259624
97000	-1835.8327912467084	-1585.8331319508318	-249.9996592958766	0.06160646631080373	0.07718638148110762	0.16170790073199856	0.06236509874056327	0.17200391671535573	0.0022705962897426493
98000	-1834.0701628704942	-1585.9380855514255	-248.1320773190687	0.05574261663117486	0.11606755428202076	0.09752779983259671	0.15702560273178495	0.1450285290417191	0.007290611824119289
99000	-1829.9015175200464	-1583.7510524193617	-246.1504651006846	0.07519904183279248	0.09064789972441276	0.1345381220434575	0.1093154813784524	0.16485196361006052	0.004160648497794353
100000	-1834.79383032839	-1582.7591663030873	-252.03466402530253	0.08457063414149217	0.18363127505245708	0.08732585861765525	0.11216952972707889	0.22150687373967315	0.007441883916393684
101000	-1835.3711124189795	-1584.9383095765697	-250.43280284240967	0.052579850502647296	0.06905503900596643	0.06393364988682089	0.08936323259080753	0.15904265432875506	0.004178488795276674
102000	-1831.1396303314957	-1584.5649578823736	-246.57467244912218	0.07275759027387439	0.1260640272895462	0.08990774052429414	0.0829936177927627	0.17975710407396747	0.0038518164127548287
103000	-1834.6400034732524	-1588.4779385697161	-246.16206490353616	0.10210234250883911	0.09798458919648899	0.09474761717180744	0.12301376074076052	0.15219978782481117	0.007292937330525656
104000	-1833.2199871365694	-1583.9682676102495	-249.25171952631993	0.058780103369135986	0.05747337102847499	0.08879307919760583	0.1324578889515895	0.14134714868917134	0.0035139836764520684
105000	-1831.9364524687417	-1584.674036843136	-247.26241562560563	0.06873457380993488	0.0795240653945085	0.10197872889061667	0.1096085991732833	0.15342080753100207	0.0048719844541752376
106000	-1832.0910270230434	-1585.8290495915437	-246.26197743149953	0.07304710546228202	0.08971945390732536	0.08572218294041185	0.07680655425800048	0.1221829939103537	0.0042559759886232375
107000	-1833.6691240143407	-1583.8763206491922	-249.79280336514861	0.047794584761287146	0.09003936076766952	0.09701032176096708	0.17828650501933688	0.1481868527554568	0.004739852956793803
108000	-1836.1283239502548	-1585.6033407498187	-250.52498320043603	0.06280016389966325	0.1633594688791492	0.059915171968322654	0.0995792817148586	0.15170900351317293	0.006951463661011617
109000	-1832.6749108502722	-1583.2518523159893	-249.42305853428306	0.04841533895239585	0.1210511014593139	0.09278649984574518	0.06586205955082046	0.16417539897596578	0.003388242877733617
110000	-1833.331859447308	-1582.9518228784782	-250.3800365688299	0.04550446768446804	0.10053784707650966	0.071824620067264	0.09066584355041135	0.17207207434334634	0.004328050267722819
111000	-1837.165381795856	-1584.2252518390328	-252.9401299568233	0.03791844436987515	0.09614458470897909	0.08256379663079304	0.15007887915524623	0.1903046738458334	0.004996659151380183
112000	-1834.044513432816	-1587.1189398618449	-246.92557357097124	0.06433028972875474	0.07820859573608865	0.11286576182675051	0.17512563761178815	0.1572378172367118	0.0026218814997261684
113000	-1833.9640766466669	-1585.907016601518	-248.05706004514883	0.11410391143584286	0.1720992950107106	0.16757299257723135	0.14941790636165053	0.1816452943998418	0.0054969572175887875
114000	-1835.2022616643294	-1581.9997117207408	-253.20254994358845	0.044771591452376025	0.0682582071145283	0.1479482886267444	0.10116238101262419	0.24326455653580345	0.0023721150111036494
115000	-1832.2524670862351	-1581.6379134939702	-250.61455359226494	0.05603996858638786	0.09392105819923459	0.07470736911230083	0.1341860000736909	0.21396197392154678	0.00457520127394619
116000	-1832.7138442152052	-1586.4608287558372	-246.25301545936813	0.07585175200592076	0.06426899451426783	0.10335639348279922	0.12691967659937242	0.1610534767286574	0.0032797743975609504
117000	-1833.1379897780444	-1583.5611211039259	-249.5768686741185	0.0942212327628734	0.13528946206090017	0.0843325850167139	0.07518704449586218	0.20146590122508465	0.007712689502129769
118000	-1832.8566126062549	-1586.1395494055107	-246.71706320074415	0.0507721575457833	0.07842469522479271	0.11261176881750153	0.09353507053268564	0.12011571270067639	0.00244683744604737
119000	-1836.6171211337535	-1592.6932421215622	-243.92387901219118	0.13289104124752887	0.0988231984256073	0.1032555389100552	0.08408600203266071	0.10402710009491965	0.00425475849066959
120000	-1834.2584285974601	-1581.8340076159811	-252.4244209814789	0.05739301208617603	0.11540639102745236	0.14426783019078648	0.0582953386066846	0.20819728171821514	0.00563141961000982
121000	-1830.4938851876238	-1583.2789046758899	-247.21498051173396	0.06980384264770334	0.06772358089099996	0.12566517529011156	0.10136897771230614	0.16530386175726125	0.003945873282356214
122000	-1831.716295501627	-1585.4992162196872	-246.21707928193965	0.08760172111347038	0.06746938333091292	0.09195619375087356	0.09197943805354676	0.14943934212375953	0.0036427061786786312
123000	-1833.0344451993624	-1586.6083017426245	-246.42614345673783	0.10894679924348576	0.06683312374556075	0.07518452097174522	0.11976689331318052	0.134996462339341	0.005276397342112805
124000	-1832.472135937201	-1586.6572705056183	-245.81486543158292	0.10195687298356171	0.07789887862691054	0.09786181712027066	0.08757281546914969	0.14197135071286923	0.005816032571020719
125000	-1831.2415987589552	-1584.1770229232307	-247.06457583572464	0.06299592972027886	0.07381997369902864	0.14971510855511258	0.11334943645690652	0.13852369096184008	0.003957245591538423
126000	-1830.3889989776474	-1584.6273924485763	-245.76160652907112	0.10740757188702744	0.1306704724258201	0.12455640074739294	0.13970073580918513	0.17260265159188684	0.0063557104897747655
127000	-1833.5990094863473	-1585.2046483840127	-248.3943611023346	0.0857854908681454	0.06139134668720171	0.08759862788932564	0.1424623330777773	0.19134967660698918	0.0030260841870127604
128000	-1835.6886465732612	-1587.2577612430082	-248.43088533025306	0.14769357843129666	0.10411609866518493	0.07379827700986911	0.08375932614018446	0.17943454237380355	0.006127869884597395
129000	-1837.7980934532713	-1585.6322265214349	-252.16586693183652	0.07616481692805109	0.08489601466889858	0.09455633611926478	0.07188293126207825	0.1923009761946993	0.006429445568218706
130000	-1830.675868637448	-1583.3958221780213	-247.2800464594268	0.07037817394975143	0.0890267675609225	0.07697423231635052	0.08582551629479	0.16532342595567914	0.004273593241997971
131000	-1831.8909944384686	-1585.98415226321	-245.90684217525853	0.12215874044865273	0.10233153782672591	0.09108244636061641	0.11877301016325917	0.19683948858966963	0.0045946371298259195
132000	-1835.205090829977	-1586.6427585752813	-248.56233225469572	0.06106295487501723	0.1381361811116949	0.10010892528287765	0.05808658436770083	0.11657990702689917	0.0037605606821110938
133000	-1836.9584753675956	-1589.152566833811	-247.80590853378456	0.09202777064779191	0.050939454419778034	0.11707610302029259	0.15081933675027706	0.10316804560592031	0.00425189581074006
134000	-1837.8031472171974	-1586.751489939606	-251.05165727759152	0.08230687885303745	0.07761292151103608	0.03605364640531802	0.09789515773001663	0.12225594151008484	0.003919814094055297
135000	-1831.4099891839273	-1585.3273593662916	-246.0826298176358	0.1314524403187625	0.14844468261433194	0.13526837471724212	0.10530193000927836	0.1802509486419266	0.006022347377694956
136000	-1830.891509663504	-1584.8585872901438	-246.03292237336015	0.07652881965492993	0.103242839693376	0.12312228704768394	0.08979905825095694	0.1578805995453284	0.004859792780649693
137000	-1832.887241414151	-1582.6647289466953	-250.22251246745577	0.049180078068921836	0.13871313142182454	0.13768051898381622	0.07669576848441424	0.17844290975892207	0.005145698686905307
138000	-1830.6651787187816	-1585.7234007582856	-244.94177796049595	0.108287306560231	0.10225803237089488	0.09663315073603433	0.15273812856056493	0.15138831350596213	0.005290696286258089
139000	-1830.5399154167126	-1584.3736809149646	-246.16623450174797	0.06334009246797535	0.10788174183556078	0.08633683720696882	0.11730304058620522	0.14070264985277384	0.004486519722563918
140000	-1831.3652906244615	-1585.165847206445	-246.1994434180164	0.0572813864012917	0.12240885486596871	0.09913550114521603	0.10812182035886074	0.13271652269832546	0.004363766460870473
141000	-1832.4248520182118	-1583.1256842172645	-249.2991678009472	0.05407465452646491	0.06030193447908665	0.11630801392303827	0.10480723357532372	0.16848773651381682	0.004627814545139884
142000	-1832.362470578026	-1584.8042928933837	-247.55817768464232	0.057761514602613154	0.0714072529912363	0.1496681958086158	0.1298902559126683	0.1289549697643434	0.0036969468722238804
143000	-1831.1794008449535	-1582.5052733919786	-248.67412745297503	0.0785619436887559	0.10871291291488366	0.07218265401695993	0.1180396473268633	0.21412600390540606	0.0046682063619028725
144000	-1834.0560796664313	-1587.4027037837113	-246.65337588272	0.1184347530662197	0.09814748446605032	0.0854878832838117	0.1873058005705213	0.16193321001833993	0.003849742135131851
145000	-1832.405094278594	-1586.9487404987706	-245.45635377982347	0.07035096103220057	0.12446986668134206	0.08280322836180667	0.13546118359231032	0.1232495887579617	0.004412043019377354
146000	-1829.5907980538793	-1584.6896466470248	-244.90115140685447	0.0836044143105223	0.12061830911564772	0.1218624203666503	0.09483120112434333	0.1539127705810027	0.004821631196133317
147000	-1830.7809443386218	-1582.8304456196097	-247.95049871901207	0.06000377844818623	0.0663674619079178	0.10434978067909262	0.10570722960714984	0.1618789269590915	0.0042830556713284815
148000	-1840.3947053332624	-1582.9355829122824	-257.45912242098	0.03200297167616513	0.07220614452239993	0.09772941800263765	0.12754464692730172	0.15746884816593018	0.004412333167607056
149000	-1831.114804736511	-1585.9928002938075	-245.12200444270343	0.08971465219949763	0.08338571129685514	0.1226927577189823	0.11929668042920494	0.13663389750769675	0.0043092714511622655
150000	-1832.5859529541651	-1585.826230440809	-246.75972251335605	0.0918270235389255	0.1089128688617044	0.0797056853087844	0.1118335931188474	0.14388393769408475	0.0064133358747099556
151000	-1836.047599824032	-1581.1112679872208	-254.93633183681118	0.07335495604778032	0.0880090152458982	0.09500904035214323	0.048791531793908716	0.27180485441558194	0.004169974301786367
152000	-1829.9225286645412	-1582.8285911254561	-247.09393753908518	0.07838395523713079	0.08018123019169641	0.09547427261570308	0.11476625030271567	0.19093242926742646	0.00448887965344379
153000	-1831.770670385636	-1587.7406287113095	-244.03004167432664	0.09273756962450676	0.09534578612172122	0.10971733567369141	0.09382419177870574	0.15404156512662087	0.0030293907355723225
154000	-1832.0333528006431	-1586.2876978926272	-245.74565490801604	0.09017436260538365	0.08131338325251364	0.10112595366591051	0.0754777544504661	0.15291759689198603	0.003954070445014541
155000	-1834.784125505391	-1586.204276273336	-248.57984923205512	0.05754767164117447	0.05392740308768354	0.10694574008344236	0.11613880704245012	0.1319694300675163	0.0033103209809600153
156000	-1833.283042167282	-1582.7571909672997	-250.52585119998233	0.0580443216723187	0.0771602640639712	0.09135801019091348	0.06480206098322994	0.18314665986575912	0.004399496771699238
157000	-1833.7612038438886	-1583.1171790726507	-250.6440247712379	0.07419291963571846	0.0694717713597101	0.0536850379095988	0.10631970929586314	0.18478293575070712	0.005235583085255325
158000	-1830.7642806299627	-1583.2759117711153	-247.48836885884756	0.07910317951768435	0.10465293023716092	0.10749096849564879	0.11130171899613696	0.1939666363874384	0.005959934689470667
159000	-1831.1379872838756	-1585.2230740078433	-245.91491327603242	0.09132291519983306	0.13076629142527907	0.10997951690971736	0.09228734868088358	0.18376531165791338	0.0042205703467964265
160000	-1838.914604791627	-1589.304595922816	-249.6100088688111	0.05567455938489351	0.05074519094378275	0.11256273137707258	0.10725174623507122	0.09265334392848619	0.0038697339190306443
161000	-1832.9684097828376	-1585.3366538121345	-247.63175597070324	0.06806709175577023	0.08473086342495456	0.10022550990809159	0.06519502039704389	0.12264591240996968	0.0037876281189200426
162000	-1837.1304067836131	-1583.3958394715376	-253.73456731207565	0.044359711930953664	0.09008669906516317	0.13378969170277916	0.06354170388488307	0.14455771851000546	0.0045349445439278385
163000	-1834.5704130287668	-1584.2314467950087	-250.33896623375807	0.09427165218040236	0.18786541091648867	0.09420466613969916	0.07180343370898647	0.17248188317383575	0.005870499526527155
164000	-1836.0256117110325	-1583.5384337368496	-252.48717797418303	0.12416582204243014	0.10270821276082312	0.06439003918657214	0.06305290913989145	0.23214907149478112	0.004775271328336817
165000	-1832.5654024295502	-1582.8903598652619	-249.67504256428842	0.07926457005413698	0.10902019291107935	0.07437180568889047	0.0885097336685077	0.23745219080355542	0.004664113854450226
166000	-1834.986893287611	-1587.1426442810641	-247.84424900654687	0.054819567605033225	0.06991427592347506	0.09211086851622022	0.09772415927506534	0.10183942271314894	0.0033158868459816134
167000	-1830.8286936626973	-1582.7656856157573	-248.0630080469401	0.06047031971360201	0.13311274865183464	0.09821507313752234	0.11867573489750555	0.19327993557861417	0.003975596315144207
168000	-1831.8568366442978	-1582.438463251029	-249.418373393269	0.07356661153172749	0.09794230097453345	0.08320145362915767	0.09959087961686576	0.21630686243259317	0.004006975600724709
169000	-1832.662555635253	-1584.7982920044635	-247.8642636307895	0.086500633222054	0.06685062893891065	0.1392242526453172	0.10648440040296989	0.14853522843536693	0.003823637873393123
170000	-1833.218906349353	-1583.7429128688752	-249.47599348047777	0.0447845703084989	0.11488623457536083	0.0818587408258906	0.14929638643921048	0.16723611949606043	0.004352688408631312
171000	-1832.898099200015	-1584.1509955312076	-248.74710366880728	0.048295381575702415	0.08838875577613836	0.09143460394244723	0.151775007692298	0.15195586618724047	0.003622156511526917
172000	-1836.0801110033333	-1582.8198796971005	-253.2602313062327	0.05512141849741725	0.05861176993148403	0.053491072839916914	0.17900891015781636	0.17008204144357905	0.0027309039199162263
173000	-1831.0006070575985	-1586.188906278397	-244.81170077920146	0.09204850536880793	0.09372428960163141	0.09540508461453509	0.10319744560777125	0.13596036116651256	0.004845306577652794
174000	-1830.2404336353302	-1584.3676015417186	-245.8728320936115	0.06425341781073358	0.10123424361407435	0.11715923335344015	0.09628753277310823	0.15012080633526173	0.0037397760149651136
175000	-1829.4296704254884	-1583.3882005227158	-246.0414699027727	0.09423082839619143	0.11517363344030646	0.11645196213057474	0.09913558286283178	0.19481526843514804	0.0052590008619699796
176000	-1833.3475753913087	-1586.039714867643	-247.3078605236658	0.1140154341049358	0.10145661659238991	0.10428627741264948	0.10607788924452698	0.15475318660746992	0.005153640326762031
177000	-1830.8850904624474	-1586.919318944952	-243.96577151749545	0.0903029503304869	0.10272402826978065	0.13183035502872845	0.1123813286818419	0.12755988397255305	0.004295350449771278
178000	-1832.2428753187696	-1581.0378263249295	-251.20504899384014	0.056523225936215296	0.13034661904203812	0.09071668011344937	0.07337163685956348	0.21287365895021415	0.005011138755562598
179000	-1833.199128045748	-1583.3394001180723	-249.8597279276757	0.08028968189597367	0.12806599777534805	0.1503026077200268	0.12794587073494967	0.22544931358329903	0.00843369192314938
180000	-1831.1794817805912	-1583.8834303263902	-247.2960514542009	0.05854444785717775	0.14989512286996257	0.11475723503135891	0.11695757650578693	0.17129705174567822	0.00395108526719235
181000	-1834.175199424205	-1585.635317220829	-248.53988220337607	0.11230888775571468	0.10210001841257925	0.19388715384566763	0.17677663398221025	0.18609521528853643	0.004277254661590867
182000	-1833.6667778757133	-1587.1840657476785	-246.4827121280349	0.08566119668293622	0.06589360742085956	0.1098425507570006	0.15819503848829125	0.10852368530347264	0.005063119567922128
183000	-1832.2060419908098	-1585.2879876187035	-246.91805437210644	0.07661620943907052	0.07111776124853642	0.08525707725345423	0.164180172759428	0.12465218021202869	0.004243443773794088
184000	-1835.6215853350834	-1582.8541121613646	-252.7674731737189	0.03466599289812077	0.11227265524063654	0.06766485880530176	0.14151107723548953	0.17045077668939837	0.0037872962848170388
185000	-1835.605115852104	-1582.3399719971144	-253.26514385498967	0.032646487037629006	0.09026507824414261	0.13223069565066436	0.17210904906933	0.18205969104773304	0.0033866022337201225
186000	-1831.234876769956	-1582.916864331487	-248.31801243846886	0.10621358435597593	0.16644769342516982	0.11694549132796994	0.09770142128957536	0.2125890129658818	0.006874126315558078
187000	-1836.2807741745773	-1584.1997746035888	-252.0809995709886	0.03882249684500384	0.07380210972232117	0.0783968940307945	0.08516382605279196	0.11297577261961386	0.002889067237459792
188000	-1830.388753461227	-1583.1898343595099	-247.19891910171722	0.07305069917705442	0.08738423288743141	0.11943181513552724	0.15560614606241938	0.18928694543169608	0.0040127822901243225
189000	-1830.5047504498525	-1584.3234935408689	-246.18125690898373	0.06025888018333593	0.12543991120474682	0.1118094770848983	0.12379597557745013	0.15682349853039768	0.0045948327080026375
190000	-1834.213601970021	-1585.4152195345885	-248.79838243543261	0.09738513095996705	0.07708782771474867	0.08571399836583564	0.14734252386040672	0.19404010856640883	0.005324894434693995
191000	-1832.52915297255	-1584.6606092705665	-247.8685437019834	0.06695750298139286	0.07136019376077878	0.08505160206557869	0.07324698703896883	0.16030356575779564	0.0027298653653078857
192000	-1836.0022263250794	-1588.49981646315	-247.50240986192935	0.07972086558115642	0.06676799816831559	0.0791466999818223	0.09037242133457359	0.10258505604743479	0.003756530044128877
193000	-1833.8993573596667	-1587.0541597145457	-246.84519764512115	0.07198260937735755	0.11428638924904493	0.1516171450930579	0.1313712895973136	0.13753048151225114	0.006997285646664677
194000	-1831.0905199787385	-1585.4954774354183	-245.59504254332032	0.08527032369177324	0.09364495899982002	0.10029116888596798	0.09591310494235572	0.15365945075826806	0.0052009363456626614
195000	-1836.0583738064634	-1582.4335047955576	-253.62486901090577	0.03749646646364238	0.10859205954252087	0.09520983357542807	0.09757476279201865	0.16833769445839242	0.005046157289427399
196000	-1829.865654734789	-1582.7077864553264	-247.1578682794624	0.07010815038979228	0.09046876787138373	0.08343031776966646	0.12863333789450213	0.18024511794134898	0.004719421527491923
197000	-1834.8998933022322	-1584.749347101035	-250.15054620119713	0.07164065757728429	0.05720180493360132	0.1086913811734956	0.10139337549910749	0.21278320150249286	0.004318124232890581
198000	-1834.050853360607	-1583.7378430197007	-250.3130103409065	0.0325204396583567	0.10273235255136016	0.09841094809766203	0.09591481845324723	0.13080483330386208	0.0027987984199922492
199000	-1832.2127815487643	-1586.5499150959595	-245.6628664528047	0.07177134845028119	0.10891224576148775	0.1780897425925255	0.11872974423978291	0.14272770452980982	0.003929141653421907
200000	-1831.5585684440266	-1584.115754946375	-247.44281349765146	0.08981510121388529	0.10427511561247699	0.07391266221819788	0.06842172718494731	0.16641782914299943	0.004496071116587205
201000	-1839.5103158178931	-1580.5295334675498	-258.9807823503433	0.025921988068981962	0.08530809256903778	0.17786514526768707	0.11496207477660107	0.2338008982732409	0.003895288156155455
202000	-1831.9551519259862	-1581.176253474274	-250.77889845171214	0.04674703377664218	0.0862640831419513	0.08308827793765008	0.12615612403543902	0.20464575934652984	0.003488116208382362
203000	-1832.1607437424143	-1584.740416599926	-247.42032714248822	0.08474945764158377	0.1430679521100822	0.09496911390627229	0.17557358561534078	0.16867578285174947	0.005511754262151334
204000	-1832.9508095906835	-1586.668596841922	-246.28221274876162	0.06339931376540094	0.11185102021452266	0.07921572144774386	0.10649932517558901	0.13603476896480865	0.004926698945019782
205000	-1831.0045499377195	-1584.270920069412	-246.73362986830742	0.07411806725196601	0.07599733898379775	0.09779054466580413	0.07528648956552962	0.1523572982053333	0.003898071602494598
206000	-1832.1457677334479	-1585.6707288999191	-246.47503883352863	0.07027168088542211	0.09223433478999848	0.1297140321658341	0.11590780710294807	0.14749964557473533	0.0061248839572389056
207000	-1833.220891285148	-1583.4020993779063	-249.81879190724158	0.06466442716434846	0.10361772821990778	0.22005502460135246	0.11292602278846865	0.16209730884529563	0.004676457576198259
208000	-1831.0583483780504	-1585.2784918549662	-245.77985652308408	0.08427059412388559	0.11875107096229719	0.08321420301306634	0.12919198965554776	0.18084974893240938	0.003691622637510695
209000	-1833.0849482525996	-1581.8745350539411	-251.21041319865856	0.06926002272435403	0.16970216642790978	0.08940767990023193	0.11220424752895586	0.21239877796331574	0.006351174074075886
210000	-1832.4740374868995	-1582.072658674835	-250.40137881206442	0.05490779713772643	0.06873423792847419	0.12932578122797672	0.13818498860957135	0.20742551507559337	0.003413576400436488
211000	-1831.0879103769425	-1585.6034232320808	-245.48448714486165	0.08460558389601276	0.11357694849836472	0.12825445655234508	0.10399777651405695	0.13963290823325739	0.005381188578836665
212000	-1831.19568546623	-1583.8305365634476	-247.36514890278255	0.06930223118900283	0.06719173623913563	0.08320155819618838	0.13984254067641197	0.14818170013754986	0.003806297391055825
213000	-1833.185006609453	-1586.787959454362	-246.39704715509112	0.13509054193379727	0.10525377111218019	0.14423556613484365	0.1270961843802569	0.17960384381689623	0.0076548872471485846
214000	-1832.3745193422333	-1583.9105033228416	-248.46401601939164	0.07669102090999348	0.16463027113572737	0.09494448902305629	0.11265796065822854	0.1827179868812122	0.008221713528902408
215000	-1836.9608578447371	-1582.2267636416664	-254.73409420307078	0.04098091584116787	0.07544945542448522	0.053943228536284915	0.08630739123685367	0.20954862001999952	0.002918571036708969
216000	-1833.4365009872022	-1583.4795569816947	-249.9569440055075	0.07278300676065724	0.08343232821109904	0.11451059755024937	0.11927591540764088	0.17571966893263252	0.0037255809484373023
217000	-1833.256440065161	-1586.9704693369101	-246.2859707282509	0.052674700891341034	0.08981041073277048	0.08763125799358275	0.10720213275739891	0.1190502158598283	0.0026322093380093353
218000	-1833.247529817865	-1581.704291332803	-251.54323848506183	0.04955653778133893	0.0857451618951877	0.07135682111548895	0.08448933409814814	0.18660360953378777	0.0034479689200424177
219000	-1833.0646396779077	-1585.3419016910775	-247.72273798683023	0.05986734110688068	0.08894417427950625	0.10415400711450243	0.08340335991617237	0.18972522704836536	0.003748251381023876
220000	-1831.7986945841985	-1583.5237588526193	-248.27493573157926	0.06749807395139613	0.11341626908307419	0.11036465271624205	0.10862826668698897	0.22595544017955818	0.003984299221714343
221000	-1831.370956009533	-1582.4600416820945	-248.91091432743855	0.07084255897771417	0.09212918115640054	0.08817961762085205	0.07925679987221029	0.1970584044887019	0.005030449901941122
222000	-1829.6806833950075	-1582.5578682906853	-247.1228151043221	0.06318350205270831	0.08529361727860012	0.09909687641006286	0.11380259449177069	0.177587553601282	0.004189225933200339
223000	-1835.6000119420708	-1586.4334646684829	-249.16654727358787	0.13699619312669173	0.05516893172171641	0.10898348378069976	0.18964645090010168	0.14824032374770799	0.005499719635375719
224000	-1833.7259960854108	-1582.490518491452	-251.23547759395896	0.058467923872886705	0.07834519968081527	0.05558963734541662	0.09413753513107798	0.17301782150652645	0.0038567320223743947
225000	-1831.0280478851532	-1584.1423991675342	-246.88564871761906	0.07533837095054742	0.0932555979882629	0.09151106685436698	0.1624812305707434	0.1640880009875084	0.005893607180958642
226000	-1831.6085323641028	-1583.3255182439286	-248.28301412017402	0.06843867332220707	0.09087764851023603	0.06782746760223422	0.08601761575797545	0.16533079844692597	0.004540674521483741
227000	-1831.9111864593347	-1584.7140429734113	-247.1971434859233	0.07554135709306337	0.07445972227029511	0.16758216053702174	0.13183212346081416	0.138858530164513	0.0038118380116087852
228000	-1832.5806355660525	-1583.0262222541992	-249.55441331185335	0.05220586722787427	0.07325608754303453	0.06274552134870513	0.1287802473131221	0.14320138619950776	0.0033706640915835842
229000	-1834.8026874544323	-1583.434567011603	-251.36812044282945	0.03899292981559548	0.10003708153846673	0.12986233879975406	0.06505131236419029	0.18931118115944853	0.002444525883707912
230000	-1830.2928111620865	-1583.61124835373	-246.6815628083566	0.07474762101038852	0.11779931781886654	0.13344262529579112	0.121354689482495	0.17500732476240172	0.005910889060983696
231000	-1833.379527646438	-1582.1279389949095	-251.25158865152846	0.046413105229075886	0.07585074275380509	0.07131913050871154	0.11562239912676907	0.17787527598777844	0.003197708705015135
232000	-1833.5194160864655	-1584.0988753678316	-249.42054071863387	0.06545261210221837	0.09335505608433044	0.05336289289373871	0.09949709973589507	0.17104072699379033	0.0035305772576418055
233000	-1834.479827880742	-1586.8751956032697	-247.60463227747226	0.1093055685091432	0.08707658193757335	0.11427914507689628	0.11922739623867669	0.22379608448904903	0.005650762936857183
234000	-1834.324031878109	-1581.2113676815572	-253.11266419655183	0.06691799644305102	0.07522396358689573	0.1082111737122877	0.20531956545484933	0.23927012424078345	0.005206256444216392
235000	-1833.682244595103	-1584.9656339720232	-248.71661062307982	0.1511017731464736	0.15742576255624846	0.09632313467280752	0.09142763310837405	0.18789299919923302	0.007094788777660644
236000	-1832.0593520593143	-1584.765594182726	-247.29375787658822	0.08946882252837227	0.09828477077738604	0.06471634029271973	0.08581048638678342	0.1594692703978292	0.004504842020030776
237000	-1830.1380952818213	-1582.8724521190982	-247.26564316272314	0.07948430486825102	0.09341238595792041	0.1129247881152697	0.10616024520279108	0.20135214382198122	0.0057400079289546355
238000	-1834.3276608551507	-1585.0975003034791	-249.23016055167153	0.05292814868920977	0.058546649820245315	0.07724781403474383	0.13266353892901964	0.10412720824645663	0.0030504179118852155
239000	-1830.9823874951987	-1585.1328119439052	-245.84957555129364	0.06484730010473862	0.09718919151500698	0.09436181222013852	0.1343201468252394	0.1294869115502945	0.004408914800337055
240000	-1831.5185658284195	-1583.7910708001837	-247.7274950282358	0.056672196042271375	0.08289134219439255	0.15726101669690426	0.13780134840266067	0.1484025558034111	0.0038882296402490413
241000	-1833.2003254412116	-1586.6683645011408	-246.5319609400709	0.07757072526468148	0.08770241290659525	0.10169151412765398	0.07573670889161602	0.12953999375821032	0.005605711947495845
242000	-1837.1334161237155	-1586.4128750028951	-250.72054112082046	0.0349514368965596	0.06274180552227729	0.08774783627496707	0.11306604857758158	0.12120109962424569	0.0023879704839959745
243000	-1833.386109368374	-1581.0940730619898	-252.2920363063842	0.04853027410602092	0.11670155158481287	0.09395745560716082	0.054280258263942595	0.19219783638683555	0.004116458859763723
244000	-1833.5919887675473	-1584.3875836940786	-249.2044050734687	0.03786672074923356	0.09597866551156599	0.10049572003287599	0.08566907963352272	0.13492503131192352	0.0023756924144426685
245000	-1831.9847120480583	-1585.6761249563644	-246.3085870916938	0.0938193441562664	0.0880567924684441	0.1662565812707095	0.10510498896541615	0.15223166270545258	0.005797918234201838
246000	-1833.4786886700176	-1583.331398744724	-250.14728992529365	0.06529387396590688	0.14741465182714805	0.07580783783336378	0.08358793270229761	0.21615419615419487	0.004154597151128498
247000	-1831.904500798058	-1583.5068768767992	-248.39762392125877	0.08895291077013283	0.07536525108742073	0.14304340341371433	0.16173662915288775	0.16696432050695126	0.005442672160755335
248000	-1834.8334316239493	-1588.4688422758097	-246.36458934813948	0.06119321475042044	0.07388433513747153	0.08645433602391395	0.10045579495879213	0.10550342261452676	0.0024012589305453212
249000	-1836.7693321847657	-1586.7384490562642	-250.03088312850159	0.07613444181996915	0.07796331785224903	0.10062721373789156	0.05035367239471647	0.12882210508379358	0.005233880127798335
250000	-1832.4448342945088	-1582.5486964194781	-249.8961378750306	0.053606346828605544	0.1298580198505613	0.08975514835508883	0.07272498292488208	0.17524474054299352	0.00503039541533297
251000	-1834.1896560324753	-1584.9297737435545	-249.25988228892095	0.06562580933585284	0.08480478824038544	0.11958336606189295	0.21312238524587068	0.16130101671375005	0.002949736572027883
252000	-1841.5931775887552	-1590.2797264640817	-251.31345112467343	0.05971123372021434	0.03777043815382523	0.10027436288108038	0.09384032496257307	0.07905325388948507	0.0024525780018311394
253000	-1831.7166193462713	-1584.1285494404024	-247.5880699058689	0.06468674717478654	0.10677463088503773	0.08129298402272785	0.14159617733730706	0.16049630966756942	0.00552138006356564
254000	-1830.6419790640448	-1583.4804864030052	-247.1614926610396	0.05397149050810693	0.07702329185624755	0.13228371982695042	0.09704458258750294	0.1406969688665497	0.003367867152534731
255000	-1832.112007549407	-1583.5637058911057	-248.54830165830145	0.08868046316683213	0.14458789453681087	0.155842846281358	0.15708695509340306	0.19812694118164006	0.0075195385381979125
256000	-1832.3614070773544	-1582.7074826795024	-249.65392439785208	0.06783927801831363	0.11342763222957641	0.11402148879711693	0.15645268503760515	0.21949081101225787	0.0068944117003193785
257000	-1830.9471121153829	-1585.3492892654594	-245.59782284992343	0.10690003071500184	0.11020806386402816	0.0891770705741218	0.10227405552020152	0.18025148483391695	0.005468291166148781
258000	-1832.3975206892837	-1586.2960992081876	-246.10142148109625	0.11218435914219856	0.0897400036066048	0.08226191961492202	0.09290826946607461	0.14882131890671765	0.00515179286099316
259000	-1829.9101999193026	-1584.634675534071	-245.2755243852315	0.08116644316964033	0.09857239590776051	0.13295680403036927	0.11751596164595729	0.15013964257360063	0.004804700236284493
260000	-1832.955025327554	-1582.958016478706	-249.99700884884805	0.06995536945013475	0.10828510194923095	0.12043364858365381	0.11338839961934469	0.19492486743291995	0.005382920333586169
261000	-1830.7047634914925	-1584.8970625807592	-245.80770091073322	0.08446389326453482	0.13148632454165549	0.11404938530161375	0.12780296940586666	0.15094805859200536	0.005590418911139078
262000	-1833.1462906346158	-1587.0217036435035	-246.12458699111227	0.13261237893359432	0.09556776458304957	0.13126660484053002	0.07399615113610651	0.14997835779514687	0.005108939177150912
263000	-1836.1620752585475	-1586.3677731226228	-249.79430213592474	0.1087383620461308	0.06121690287047562	0.13559099626298174	0.04893499765188367	0.16986272439476466	0.002618578686690273
264000	-1834.8502977278085	-1587.1629568866363	-247.6873408411724	0.07772355881317859	0.09096121030608052	0.10962014612681789	0.1464826439764997	0.14865449685582896	0.007043518063446066
265000	-1832.262204239739	-1583.4557219360172	-248.80648230372182	0.09674804483997759	0.17905004329345345	0.10116876067031975	0.14138150951804082	0.19690888795626119	0.008421984256053594
266000	-1835.9066766555188	-1589.4958185573728	-246.41085809814595	0.063507545223634	0.064786393250265	0.1455385138573587	0.10601423632207006	0.12450520979998653	0.0032572541194360516
267000	-1834.3451276587734	-1585.1411875410954	-249.20394011767814	0.04849858538675746	0.08495087397441342	0.13256177618776022	0.06941611006465143	0.11486734096569534	0.004226407483140259
268000	-1831.214719858168	-1585.460625735724	-245.75409412244403	0.06466226273635496	0.09193280351088025	0.12365228463626154	0.1512757785870763	0.13574888211630673	0.0032795857470326413
269000	-1838.566556512977	-1585.5440055592885	-253.02255095368855	0.04887035684640363	0.08944084290599275	0.0466523556059162	0.13503745679315218	0.19085718681329555	0.004024610204962712
270000	-1834.7179446615783	-1583.9952970454956	-250.7226476160826	0.05055463226005124	0.06938216109533099	0.07237694829746044	0.07343005942170377	0.1389399473664402	0.004028211332438292
271000	-1836.0511472552585	-1586.6985054745294	-249.35264178072916	0.108528971453168	0.12267628462442405	0.10673963972321925	0.0384846402781541	0.1254208176491338	0.005009300668472904
272000	-1832.7230038977866	-1587.2516006041055	-245.47140329368105	0.11975071320130463	0.08916320314950173	0.07582826414563375	0.12309245769845079	0.1464010584587265	0.004440449707727588
273000	-1832.3332280275574	-1583.5764085864516	-248.75681944110588	0.048352481208623836	0.0955348670680478	0.08830428095523384	0.08841008956705661	0.16661800231041768	0.0031507941954700422
274000	-1833.0301521947385	-1586.867502962987	-246.16264923175171	0.08919184865511591	0.13587983492035569	0.1352114069441383	0.14032725515437616	0.14439661951122945	0.008108946616421801
275000	-1833.9021144609928	-1584.2470446006923	-249.6550698603005	0.08671726016960613	0.16375438415727323	0.06235539853384671	0.08848193772485433	0.17084836842873527	0.006085846041624612
276000	-1834.3012684372454	-1586.1731632409987	-248.12810519624676	0.09789185555152016	0.1332355420268229	0.06133656266250839	0.09048365394358313	0.2052674171852926	0.003986434769218026
277000	-1832.8275173110517	-1587.3991073974992	-245.42840991355257	0.08840834930524381	0.09158403689976186	0.12570110738331078	0.08454625532020198	0.11585651239423106	0.004937582544755294
278000	-1833.5134758143972	-1584.6710185960112	-248.84245721838613	0.0546074744252015	0.08466824144171375	0.07927562768669481	0.11254451001482003	0.13876533253380444	0.0028448623667400217
279000	-1834.5632017166217	-1587.6663365143033	-246.89686520231828	0.08180457414399356	0.07819326331889777	0.0866683759671257	0.18872287605432778	0.1172936242197448	0.003152119501795288
280000	-1832.66483240599	-1585.3157363289	-247.34909607709008	0.06535743366637538	0.10841690953157018	0.07402586820857991	0.1214284497454815	0.1316214072528889	0.005104389370100673
281000	-1832.5084692592884	-1582.9472331359207	-249.5612361233678	0.04902929150328006	0.0665478141575819	0.08660026056255146	0.11246431824810098	0.16378880000930968	0.002616455269662415
282000	-1834.2543466202294	-1584.7860194765115	-249.46832714371791	0.0836893172253181	0.12025262050804568	0.059278457799191664	0.06978232105475266	0.1699689467803715	0.0051118003000781695
283000	-1832.015783770823	-1585.2591231905712	-246.7566605802517	0.08944115787046375	0.14027411662691408	0.12685682559425604	0.10945005655727036	0.19508396166459094	0.005697862963043692
284000	-1830.9898040205217	-1584.370656413068	-246.61914760745378	0.10291991657167922	0.07479729086641582	0.10909971498190717	0.1357238479723045	0.17013264740134873	0.006598492237092152
285000	-1836.9053726391314	-1590.9012591324654	-246.00411350666607	0.15127234743703846	0.09811817407383529	0.1387374212802818	0.15624295664684437	0.1192519958850263	0.004502106980383387
286000	-1832.3311587673538	-1586.0133496105984	-246.31780915675546	0.07932494684641218	0.10018407699939964	0.17935997022274694	0.08242190541081684	0.1481967336908883	0.0034232923313841155
287000	-1833.6234223420374	-1587.211976945172	-246.41144539686556	0.07316318815978456	0.12217570579585908	0.10373595581160128	0.10651884982601964	0.14787715453462547	0.008363269385185492
288000	-1833.5206839402008	-1586.690400376412	-246.83028356378867	0.08108223691963033	0.09542555813607817	0.1170232261829462	0.1023947606440648	0.20693671129924596	0.005454595203454273
289000	-1833.3774591221418	-1583.3808560128778	-249.99660310926413	0.054542813808509664	0.08932537284748249	0.13587777413472732	0.13997360814505158	0.18584449364262542	0.005216632300731037
290000	-1831.9579345302946	-1584.981543848974	-246.97639068132042	0.07467645193560261	0.10065367186340553	0.06963563537003872	0.10736398502802015	0.14792510845162513	0.003804420500836469
291000	-1831.874165986912	-1583.2031867012151	-248.6709792856969	0.048916182037872125	0.10540951337530241	0.11404470765933385	0.09642777037308603	0.1692025978643746	0.004140587686956368
292000	-1835.6415696447891	-1584.4543224191016	-251.18724722568757	0.06049497088271778	0.05560513617251118	0.07630324128386015	0.07927495388417735	0.1427271408963735	0.0037357554458698587
293000	-1833.7124674774805	-1586.0583525122472	-247.65411496523313	0.057817420426634604	0.1372848411227661	0.08711791201997363	0.09277011853505071	0.13925882046376162	0.006907572299093564
294000	-1831.5290982052936	-1585.1386517013302	-246.39044650396332	0.0758024719204466	0.14083117991808053	0.07850066867398989	0.09111349146151178	0.1523053511416619	0.0052638425275047356
295000	-1831.4540638418223	-1583.049590126121	-248.40447371570116	0.061696511763039294	0.10904185180135341	0.07573486830625567	0.07725442358492685	0.15979157317058001	0.004742817501222547
296000	-1830.86714746788	-1584.4919694056784	-246.37517806220157	0.09204635997455973	0.10457019646702437	0.08625691140459579	0.09780767349159274	0.18077045500584688	0.004301017785380992
297000	-1833.1154892218615	-1583.8823323619083	-249.23315685995314	0.08047330545401177	0.134879060157463	0.06203443996022766	0.10443925764068096	0.18979204698496005	0.007201556336959738
298000	-1836.5279501933815	-1583.066928421751	-253.46102177163036	0.041296678215770946	0.11102247388768387	0.09191341964308374	0.08018265520325804	0.22240365460273412	0.0030912915783190796
299000	-1832.7553837491555	-1583.0742936834586	-249.68109006569705	0.06567832483889206	0.05552565569560535	0.0725746997324058	0.12635032678230623	0.1631971431861301	0.0035843862067427034
300000	-1830.2226577424083	-1584.4404344274471	-245.78222331496113	0.08691061151477324	0.09234936720429207	0.1098118820816594	0.12382196389942977	0.15413983037246373	0.005377913626446294
301000	-1833.8165402873576	-1581.943307100059	-251.87323318729855	0.03931783346247006	0.11045621971512302	0.11374229055277571	0.12361419565324831	0.20591555658008462	0.0056641957494826325
302000	-1832.8586385961905	-1584.7714940899086	-248.08714450628187	0.04888007154694365	0.14268896122022	0.13205881528038751	0.1549828156165275	0.14233395930729603	0.003990471416759557
303000	-1832.8996798709652	-1583.9790287651222	-248.92065110584295	0.04690668297846377	0.10137391968789794	0.07283950224639095	0.12571952564738767	0.1481514150136988	0.0028921254887985626
304000	-1839.9929564911877	-1588.611858186344	-251.38109830484362	0.06294929248760212	0.11672857930672002	0.06382080803484154	0.09500144755192373	0.12121014575600136	0.005268990602133962
305000	-1832.7081835138815	-1583.2866162979349	-249.42156721594654	0.07547940251055449	0.08933560879258515	0.06765507143556276	0.12347483076234729	0.20992557521138078	0.003498601335435063
306000	-1836.2539205293024	-1583.74353486004	-252.5103856692623	0.05754500437729893	0.11567578572443664	0.09268133282247452	0.040587149924503865	0.16293509017560948	0.0048764697681828555
307000	-1831.72455483391	-1582.2883898216396	-249.43616501227024	0.06337446118938614	0.12959465243851756	0.12453636374742469	0.07825974834143451	0.22258513311555375	0.004266434742928425
308000	-1833.0209564450888	-1584.335257715697	-248.6856987293918	0.10670887021188842	0.08963966100550716	0.08447580117789934	0.07692397758491669	0.20419846897791655	0.005846553999580533
309000	-1835.8708680385973	-1580.8376426255827	-255.0332254130146	0.025776488473042095	0.0882091313523082	0.13657025143370413	0.14005351261647617	0.20208066212702486	0.003031332530579921
310000	-1831.5685954487017	-1584.7983137298538	-246.77028171884797	0.11247374459452893	0.13444192913568684	0.12063236523782518	0.15634097210266312	0.20273102615957025	0.005821286062853602
311000	-1832.4805508404904	-1584.8585429541204	-247.62200788637	0.06807975536004494	0.11231847726450034	0.1527323203918762	0.07278760009301641	0.14078683945876724	0.004215465197647865
312000	-1834.0678730823392	-1583.1239662484343	-250.9439068339051	0.085269078230933	0.06158418161160747	0.07784302625331439	0.13875643887959987	0.19584834642041943	0.004905276335904208
313000	-1832.852671918643	-1584.3703947171166	-248.4822772015263	0.09991179233415431	0.08278399992903712	0.09174392019861873	0.10423848576789231	0.19451874612862774	0.0050279531151944615
314000	-1830.1571972069974	-1584.8564676832575	-245.30072952373976	0.08031116915670775	0.10652121458197457	0.09121716544188421	0.09907682247193342	0.17199181450260392	0.003938958699880018
315000	-1831.0337572993922	-1586.2757219878285	-244.75803531156373	0.07445901412859295	0.09798854316896745	0.10499563296070237	0.12299629997558277	0.1292583856090979	0.0035414971819717036
316000	-1829.9986349394003	-1583.3282179776875	-246.6704169617129	0.07613785062428625	0.08670809448535857	0.10862886995767439	0.12040720107261692	0.18078123053538972	0.004891757145668472
317000	-1834.6354525091954	-1584.5630960614462	-250.0723564477491	0.06140174348887543	0.07260959957207311	0.12413178693210632	0.06924612972495865	0.15165330721768594	0.004786221176463951
318000	-1834.5855862539258	-1583.5417239489152	-251.04386230501058	0.06234224842767822	0.052789381844575205	0.13936876548828667	0.0802307207918273	0.1815171609624294	0.0028117056976838532
319000	-1830.375617815967	-1582.3510254732441	-248.02459234272283	0.07558259841169955	0.10628207626982265	0.09653613567503681	0.08123438640253133	0.19979917650796308	0.005076240271828178
320000	-1832.044539154124	-1583.9310010779584	-248.11353807616572	0.07488310847076526	0.06395669603135905	0.1359421043641963	0.07291230702495688	0.16073310805374008	0.004017089848152825
321000	-1831.0610008026945	-1584.8916809710088	-246.16931983168564	0.07750289288761074	0.10656114665404225	0.12943493681353488	0.08895392187252754	0.15987059218142766	0.0044828766454210744
322000	-1834.9081469414364	-1585.5698325280034	-249.33831441343295	0.04936562885706921	0.11481828955086525	0.13042447748765754	0.056645364270079594	0.13958884412082523	0.0038739279413867516
323000	-1832.6008008505603	-1583.8970384774211	-248.70376237313914	0.04790663288586254	0.06709539605902964	0.09028761413222251	0.09525719068350273	0.12556576622817567	0.003478978992839464
324000	-1832.1678980467086	-1586.4786421204094	-245.68925592629918	0.07252907574989144	0.1395193334860514	0.09234156822478182	0.11375267776062156	0.12546039586667967	0.00587493148289229
325000	-1830.8928315508415	-1583.1196387381922	-247.7731928126493	0.05427678387251681	0.07719037338408809	0.09794904730184817	0.1158611632921742	0.1521895163751216	0.003821593232847344
326000	-1834.6510901312188	-1584.9278946105683	-249.72319552065048	0.09633496877493938	0.057359298430683076	0.07136694488659237	0.15371658284968884	0.1865346215925681	0.003799711147369723
327000	-1830.2129604089537	-1584.0237982653582	-246.18916214359552	0.09422425015603045	0.08441123431047654	0.14059632139601222	0.13992969557572418	0.17683056899103594	0.004663870882628563
328000	-1831.2374938156568	-1584.9561998414197	-246.28129397423703	0.08269698852461066	0.06758347395693615	0.13577694062741916	0.10060970184609064	0.14355118158761307	0.005181666435988174
329000	-1833.3904842528652	-1583.5228729177793	-249.8676113350859	0.044413426962517454	0.10746822877825805	0.1178667997098049	0.12556541304375785	0.18133832625628787	0.0030089598456953105
330000	-1836.6689748581925	-1581.555346050519	-255.11362880767373	0.03345025021142193	0.08081465772970506	0.10644241179130964	0.057351832048132025	0.19239790971857718	0.003426201132125572
331000	-1833.3966376700153	-1584.6145038429881	-248.78213382702714	0.07716467454117357	0.08817376954995802	0.10147044786980745	0.08110155896171249	0.21683285483427464	0.0035288325131694735
332000	-1830.1220769447625	-1584.1938382879641	-245.9282386567983	0.10912163966321735	0.13847899263966443	0.1113107657671247	0.11392772665143498	0.1869664442342795	0.0058217982431937355
333000	-1832.4207631794964	-1585.8346963421445	-246.5860668373518	0.060213643309958466	0.11050111594105769	0.11130801807574507	0.11713580649429615	0.13531970252371583	0.005961393403313904
334000	-1833.1347803900915	-1585.5646895498253	-247.57009084026612	0.05848589722384796	0.12064465934311423	0.09765300297473505	0.06675722609093317	0.13942517715299127	0.00427543487178635
335000	-1832.6717087310608	-1582.418843367036	-250.25286536402476	0.05183113089173997	0.08504653966342225	0.11054217621980955	0.1370606879739284	0.1926917682589323	0.004466945117594672
336000	-1835.81351210507	-1588.7842834290232	-247.0292286760469	0.09792686257684569	0.07522834609695302	0.11779950119407262	0.05899792240136151	0.15825611323670769	0.0030379975061012414
337000	-1833.0955074501219	-1584.7893372561182	-248.30617019400364	0.0768708684024824	0.05343055580191815	0.08715002146555866	0.11145399485398459	0.17579175644911	0.0028320225346684176
338000	-1830.6531955083565	-1582.9231958427495	-247.72999966560698	0.06781475263415518	0.08450655502240066	0.12180928704600272	0.07915826149759798	0.1762537946334032	0.00448198756532645
339000	-1829.9704836423484	-1584.4825320170442	-245.4879516253043	0.08331251537050913	0.09450581355435377	0.10427102577352554	0.09297042273866601	0.16294038938090896	0.004327206025934991
340000	-1834.2437849899782	-1586.2122471626647	-248.0315378273135	0.12133513032153946	0.10234052576652664	0.14012764937561945	0.1721143659353356	0.20179227445238831	0.006689308397967653
341000	-1832.2324668961005	-1585.5539514469842	-246.6785154491163	0.1078795286776461	0.08221749492262385	0.12577290556784473	0.12727989504295514	0.15081801045019572	0.004987260284989245
342000	-1833.3254481778529	-1587.7457121767513	-245.57973600110162	0.07746200052506239	0.08146907096222654	0.11253360589994238	0.07526852907091215	0.1324512263462214	0.002646117634493743
343000	-1832.6951493287843	-1583.5366930920181	-249.15845623676609	0.07074990460887402	0.09593066434681408	0.15421181618255728	0.08544464847912282	0.15901793940855227	0.004619281007070779
344000	-1833.3136413808788	-1586.006450288789	-247.30719109208994	0.07347479124541642	0.13629228805107735	0.07004369259713562	0.10381065828423698	0.16459244257348468	0.004070627876302355
345000	-1832.7756014882384	-1585.6473458612932	-247.1282556269452	0.06814437995528116	0.1259478123452103	0.07276397211840335	0.13278569305174961	0.14651309853099276	0.006321738369043832
346000	-1830.0451158337496	-1584.1948291703961	-245.8502866633535	0.08061441011376463	0.07072888354130444	0.12360017159846219	0.10353515396632486	0.15261744703335212	0.004038893491507294
347000	-1831.079879875084	-1584.6377606434196	-246.4421192316644	0.06638241222483139	0.11937772110325152	0.07548240346496539	0.10471264602606886	0.15542956563122068	0.004227286786301945
348000	-1831.1402954185394	-1584.2904238713254	-246.84987154721392	0.05896486693415161	0.07889248823457252	0.10611607523409809	0.14833476722617056	0.1282781936952405	0.004205607890845606
349000	-1834.5755429754063	-1582.2613259654336	-252.31421700997262	0.061956803087369686	0.05660015298436927	0.06628443396769465	0.15134109786416583	0.1905730878855559	0.005112208589982783
350000	-1833.1197387340271	-1584.3519652684936	-248.7677734655336	0.06754985318499034	0.06768825820057998	0.07688024317885754	0.13411746549720518	0.16894614094032354	0.004484108523668221
351000	-1838.0561865471814	-1580.4309913243476	-257.6251952228339	0.025270479280807386	0.057364295548459246	0.06467919530696442	0.10748131702079568	0.18856878727803456	0.0022630674663801126
352000	-1832.446376756512	-1585.4683124978346	-246.97806425867736	0.0951655174204875	0.09587740924457733	0.16479788239353876	0.0903527134591967	0.17338911496975623	0.006549210409176116
353000	-1830.8711188824432	-1583.4346248068368	-247.43649407560645	0.09323086501169876	0.08925033853533741	0.10145758616168955	0.16042464978936677	0.1889978008886628	0.006983133379874492
354000	-1837.03742069391	-1586.038910594617	-250.998510099293	0.04898618393446983	0.1101466946425809	0.06675900768569205	0.06084391744478487	0.1362201272486451	0.002489547917417644
355000	-1831.2128136013093	-1585.5031389258288	-245.70967467548058	0.08882499513729547	0.09379248330835682	0.14032838152331742	0.0791056882067518	0.14036758338116753	0.005087153794933232
356000	-1832.04563632963	-1585.5759083665494	-246.46972796308063	0.07548959533700597	0.11644483726710313	0.09276728013130046	0.122479181994113	0.16035944353599213	0.007265850272456707
357000	-1833.4690291615034	-1582.3851621292831	-251.08386703222016	0.041633673438928764	0.12813242567109814	0.13775365317938687	0.0963054249610744	0.17952141698760277	0.0034147485587912737
358000	-1833.4638737896057	-1584.354729783466	-249.10914400613984	0.039826823841987845	0.08881278237169718	0.11928155581259767	0.07933679556338928	0.13168547404546677	0.002782719115450259
359000	-1831.5353473517753	-1583.1432584022202	-248.39208894955496	0.05343122938338378	0.09564079698071469	0.10679261932938283	0.11675408359333109	0.18187236838011678	0.005220039023895506
360000	-1833.440379981021	-1584.619965503151	-248.82041447786995	0.06528178052280019	0.16064826068949978	0.1283093120172538	0.09419564790363595	0.19856134816915558	0.0035772401918998773
361000	-1832.5660023642354	-1583.4396162226278	-249.12638614160753	0.0700169948693047	0.06059373997332346	0.09046774539777386	0.13285727988130336	0.156264780920452	0.0038875151561901878
362000	-1834.5788636408336	-1583.889681834196	-250.6891818066376	0.03836947127771003	0.08326330379667056	0.07751314362641859	0.1159364856328894	0.12508744183862922	0.002881447650764364
363000	-1836.993197567298	-1583.560877183575	-253.43232038372292	0.03622360459911616	0.13873492302249077	0.12483254674500446	0.09177695305524544	0.178845340145271	0.00577221044750768
364000	-1831.8776831851128	-1587.0659644127072	-244.81171877240558	0.1235525573815654	0.10400679768518888	0.12134705359621556	0.16492959472232913	0.14952186903026254	0.00471390583354068
365000	-1839.6969870493026	-1586.3279062751278	-253.36908077417473	0.07818399848254873	0.05330886271676832	0.08638564440603666	0.05014501137970201	0.1453447001201994	0.002437640903843015
366000	-1833.0020721624778	-1583.6047279728216	-249.3973441896563	0.05051954742629444	0.10045471733167627	0.0702327298047795	0.11113914848245393	0.15912397002697387	0.005179800118794092
367000	-1836.6392647588268	-1589.7148921105422	-246.92437264828465	0.09206805272285397	0.07436532669156314	0.1048237290040624	0.08371375160520814	0.08963634652856536	0.0046305952634325305
368000	-1835.0713995088502	-1582.7010609886784	-252.3703385201718	0.07631369878086022	0.09711231883893047	0.09170032120066299	0.10167992401493252	0.1981689003707532	0.004511114667548599
369000	-1831.3531717880796	-1584.5204078501524	-246.8327639379273	0.06219564048887065	0.12711419498450602	0.11842603614897233	0.10386641154760741	0.17290909254188203	0.005460794872758384
370000	-1829.8605782026955	-1583.6106979313608	-246.24988027133466	0.08586419612261263	0.09603595990215034	0.11229513386369423	0.10767548529283373	0.17323212706844376	0.005237533842137058
371000	-1832.827298473012	-1584.0864809412083	-248.74081753180369	0.11580656166292146	0.08585347106254339	0.11714101083618395	0.060515724777801316	0.21442645461716545	0.00398138505514509
372000	-1836.1165417433754	-1584.268254415963	-251.84828732741235	0.05271392070809584	0.09095817715365673	0.05167495859744874	0.06283472633544225	0.1524613895173991	0.002685762462644884
373000	-1832.4017827549794	-1585.875647047969	-246.52613570701027	0.08100898199635727	0.17484889281273225	0.14572566548705504	0.11247087908482589	0.15059963652945457	0.0050866977221050765
374000	-1829.7212292786749	-1583.9478498900955	-245.77337938857943	0.09762210976056186	0.09960576331341577	0.1325480122890057	0.14364637584456497	0.1762768725781432	0.005990357538564502
375000	-1833.9312407166058	-1585.257706684206	-248.6735340323998	0.09096329189857158	0.17246360342642825	0.061606699272186184	0.10616092507189236	0.1779933754477754	0.005193745837454863
376000	-1835.6468037898862	-1587.7331319418518	-247.9136718480346	0.0954733095782169	0.048523285825681925	0.11093352183690468	0.08586836263906458	0.15670984387360296	0.0033409382337268455
377000	-1832.171729221959	-1585.261083303585	-246.91064591837375	0.09583180872580876	0.07344843534443499	0.1273529468974181	0.06727744555697061	0.15649841234589762	0.004246635460004411
378000	-1831.7341730080025	-1585.3453981735436	-246.38877483445893	0.0584296502030371	0.1030087033493504	0.1259340408850877	0.08320680717161674	0.12699595838421518	0.004309360482158394
379000	-1832.2765487916042	-1585.1438364886908	-247.13271230291338	0.0862180020683432	0.09609918481444814	0.08283701805905799	0.09215537460417345	0.1834365403891307	0.0043885863174076755
380000	-1832.3507551176708	-1581.6704838141006	-250.68027130357027	0.06087047916223032	0.07199163482736347	0.07791365265550165	0.10954574999047553	0.2082826993049723	0.004288453097370864
381000	-1834.8700811102988	-1583.9407511624113	-250.9293299478875	0.06341322780707669	0.04882519672467684	0.07213590307807402	0.10907242769074783	0.16082593756065597	0.005257296324692176
382000	-1831.8717555971361	-1583.3654215288593	-248.50633406827677	0.0889725906359921	0.08532944080088045	0.08200205271757437	0.08412248645347775	0.21350046043289678	0.004034348262519105
383000	-1835.6740112766222	-1582.7245768065677	-252.94943447005446	0.10073150049418128	0.12514618406229633	0.09402944518281191	0.043272686676810244	0.23313574074353513	0.00482467313525068
384000	-1830.950857796709	-1583.5366832296381	-247.41417456707097	0.06341995567713991	0.11258305711766954	0.07305049921917413	0.13097630097380145	0.16889593608134257	0.004153549210764578
385000	-1831.8514348512256	-1583.4811756480044	-248.37025920322125	0.05211744130831104	0.10732021193772345	0.1008861225276197	0.07139391912109051	0.14815611455263225	0.004612776952315225
386000	-1830.9468174813733	-1584.1932263218312	-246.753591159542	0.06805556685922426	0.11317269181425488	0.13193092364854256	0.08407938043148794	0.16699518150290946	0.0053717279358032125
387000	-1832.3816032056714	-1584.5934927299886	-247.78811047568274	0.06949079630870043	0.09782690034904169	0.18069200576659852	0.13678354896789546	0.1691262505271917	0.005075726966612578
388000	-1833.6290741352177	-1584.9238049900646	-248.70526914515318	0.11997791908046113	0.09842196373604709	0.09173036073129208	0.06532857453936497	0.21651063282077285	0.003916798259113845
389000	-1830.1486332684717	-1583.7543351375189	-246.3942981309529	0.05638977238755693	0.11085091342239728	0.11707560590038693	0.09810232939710495	0.14761933741905497	0.003986026462722566
390000	-1835.091039112111	-1584.9633226350716	-250.12771647703937	0.07332006043792959	0.0951336204349093	0.10622290753292067	0.06065596895493107	0.14167259468248183	0.00509362809433215
391000	-1833.5316821599733	-1584.4857118749355	-249.0459702850378	0.059168159100113665	0.0714483056782557	0.10111256076579536	0.05762042323473063	0.12700834925084642	0.003193958448398693
392000	-1831.0077703764302	-1585.327390979487	-245.6803793969431	0.09582940945610839	0.08872180447701465	0.10791976894163387	0.10117636484356694	0.15048879828385778	0.004292485773732877
393000	-1837.6356729465165	-1585.095871730863	-252.5398012156533	0.06881807559440202	0.08405256650496006	0.13902398022771592	0.031355840082976164	0.12227930976231849	0.0028895139260623447
394000	-1832.539804662564	-1585.1923068579263	-247.3474978046377	0.10335941012841234	0.09542061171748838	0.1875372548793784	0.0805156158966793	0.1601942683207704	0.005239289846343097
395000	-1832.8008806737391	-1584.0398563689228	-248.76102430481632	0.09123728453656893	0.10407612800385713	0.10536520683197143	0.11176493306993983	0.1968712506938524	0.0071296461282658275
396000	-1833.1103331138845	-1584.147028515742	-248.9633045981425	0.06889445889323832	0.12419045160384565	0.0838826687673164	0.08197651846836243	0.1660795883622732	0.0038785570212796407
397000	-1837.357678955186	-1584.678586034825	-252.67909292036103	0.09777320196106715	0.05179038450190612	0.12460553988943249	0.12420139996008336	0.16362776001338292	0.003951352693949627
398000	-1832.3428370501101	-1585.7577021141815	-246.58513493592875	0.08378686772779013	0.10212224101178605	0.09726332523808362	0.07594805742967521	0.1354952506044526	0.005585573246694804
399000	-1830.9948594728016	-1583.8634488521	-247.1314106207017	0.06436128261259334	0.10447951798331348	0.07898245534034856	0.10359949348542695	0.16545820502536038	0.003601034750631579
400000	-1836.1450356388111	-1584.9815539760004	-251.16348166281063	0.03848728183597458	0.0642142909187287	0.15278738522487673	0.15384517564909608	0.09906022549303539	0.002839844345174277
401000	-1831.168875166761	-1582.2299621501134	-248.9389130166476	0.05768750825922964	0.07679010424936177	0.09617155858039218	0.15251061804888827	0.1809669080086311	0.004204932020791707
402000	-1831.455610484742	-1583.8254365358544	-247.63017394888755	0.0859448959437143	0.10469483892265279	0.07273160973348243	0.1503331935761288	0.19569272760147072	0.004749161293410772
403000	-1832.8630063440291	-1582.9204442648506	-249.9425620791785	0.06228268078524319	0.11172293649108883	0.15196950563044845	0.08611933312297818	0.16917739937106993	0.004133883970933727
404000	-1830.0738724614268	-1583.73690907717	-246.33696338425688	0.08116877560070412	0.11716759457058219	0.11837579906616567	0.10695891129422092	0.17503838643149908	0.006375775633807928
405000	-1835.713165148893	-1589.2099955111225	-246.5031696377704	0.11638714791912226	0.160992230001217	0.14530752487799153	0.096638705343556	0.13480260494953597	0.01010814869907579
406000	-1831.5445536156476	-1584.4449633763215	-247.09959023932612	0.07053912317399419	0.09279979898365065	0.09223814231762949	0.17764408968054848	0.15730304459348926	0.003987386405964212
407000	-1833.228680314899	-1584.5473243957347	-248.6813559191644	0.08046558040813985	0.11807853043431085	0.19294572696000278	0.08327698690402928	0.18018248221685007	0.005762923586888721
408000	-1833.5956074534636	-1584.037831935014	-249.55777551844946	0.06888711051589358	0.06815075911780802	0.09881458817399243	0.05251372027678517	0.14612115091660147	0.003427190467618986
409000	-1831.92847469312	-1584.845956355965	-247.08251833715505	0.07577969453495281	0.079629454437471	0.14859036261651862	0.08035494086605431	0.1495712243837372	0.004881074124737549
410000	-1835.4756473665755	-1584.6204075510122	-250.85523981556324	0.04358513838761666	0.060697932836634015	0.10134307131819574	0.0877960592819506	0.12420991112058778	0.0028065461440183754
411000	-1832.2769188688058	-1584.6772852795514	-247.59963358925447	0.051987662892157616	0.12127272894671828	0.0875263636506109	0.09120369317873164	0.12934229423529148	0.004247724815806506
412000	-1832.8883065533137	-1585.9252475996523	-246.96305895366152	0.061275380778347	0.10080781953314637	0.1457525216153924	0.14776389119857847	0.14576097872356789	0.005864710491348342
413000	-1834.1004214227353	-1582.1861975930397	-251.91422382969571	0.0430294776342309	0.06695069929096739	0.15187159704228556	0.08312159912679842	0.15715345274011142	0.002928787755258207
414000	-1832.2283378008801	-1585.7411117357092	-246.48722606517094	0.0569208179706092	0.09917093749447288	0.10248335292447253	0.09766094131159223	0.14089407522684574	0.004230053601304016
415000	-1830.8037952100585	-1581.8285201929034	-248.97527501715516	0.06488629071512081	0.10602643494052491	0.1395237374403699	0.1509614968445063	0.21588709415435464	0.004334799759580616
416000	-1832.5801876739981	-1585.741175921526	-246.83901175247215	0.06543109490776156	0.08420849579325661	0.1411419670724499	0.16742681416770724	0.12640813633570963	0.004405273142042844
417000	-1836.4641680223535	-1583.372908000092	-253.09126002226157	0.06519351641104228	0.09581978023948516	0.0545002832369018	0.09024765392880922	0.20838035619411358	0.0057182973019960165
418000	-1831.6500031148023	-1584.9928448251449	-246.65715828965736	0.11549531294856706	0.16060831168618933	0.12981696951791358	0.1180979891750484	0.17136021207706423	0.006811480873888156
419000	-1831.3310747005335	-1582.643010014935	-248.68806468559833	0.07789501794057915	0.0918461074667484	0.0976316819788833	0.08788663826988385	0.20869482909121553	0.004478763835670016
420000	-1829.7949623626664	-1582.6495484234504	-247.14541393921598	0.0644697364742015	0.09665581371954002	0.14987869813162413	0.1260996828198404	0.1778386057758426	0.004254836303704085
421000	-1832.8552943280151	-1583.212478611591	-249.6428157164242	0.06097512981282382	0.13121401481075917	0.12689860631266628	0.06679082884058904	0.1567308567095572	0.004959200036416672
422000	-1839.922625077634	-1585.6155988068897	-254.30702627074433	0.07058412226505272	0.039294743448001095	0.17440595784467736	0.051082666008828125	0.1379008984009261	0.0023172432674324894
423000	-1832.657051715852	-1581.6656692303964	-250.99138248545563	0.05555535246491994	0.1010558872268247	0.1616471926282987	0.10132394009892266	0.22803312453327387	0.0047960554101394185
424000	-1832.0641796975674	-1585.2042830684572	-246.8598966291101	0.08243866728787934	0.10946538854999464	0.12967654155276215	0.0963979584285925	0.17169949505488988	0.007265792584348327
425000	-1832.3293660566976	-1585.93684431891	-246.39252173778763	0.10831981753798096	0.11044369042234987	0.09074359243314921	0.1304360981517524	0.19136429511387507	0.005910254890203455
426000	-1830.6013108906086	-1583.9149039484732	-246.68640694213525	0.0559474434318821	0.09853369337418015	0.11746819182087682	0.1434267353495283	0.15006992415494247	0.0041912261163033985
427000	-1834.5413774616736	-1587.7740482930617	-246.7673291686119	0.09898076225794968	0.07346038480273848	0.0685524670980035	0.10985105695750713	0.12340258690103222	0.004459624408490579
428000	-1831.947826499851	-1586.620932666808	-245.32689383304307	0.09040930974526508	0.13965420693902675	0.15111693529314887	0.10573531867031451	0.13932708479689282	0.004963364392375978
429000	-1834.6694055505773	-1583.8583835659601	-250.81102198461704	0.04238709477490441	0.1360758526206463	0.14091136755030187	0.06158857118359452	0.14559746289273057	0.004687360937397464
430000	-1831.3530849290246	-1586.1340703422964	-245.21901458672815	0.12471290123503519	0.12833463781058374	0.10547708342917748	0.08586955193785045	0.15503608854512488	0.0064237844635578415
431000	-1831.5244422321132	-1586.9162582171234	-244.60818401498977	0.11463207156436357	0.10840351997889515	0.12011869306679657	0.08847543240819047	0.1509208641038875	0.004712599341280676
432000	-1832.0808137120916	-1583.2508594468563	-248.82995426523533	0.08191215218623618	0.08197601544408063	0.0736673934306315	0.12140296592857056	0.20335550499776675	0.004566934968926277
433000	-1835.9864617021465	-1583.9693183885402	-252.01714331360634	0.0643384611957663	0.10921191510198651	0.04665514313901093	0.1013360696927998	0.16342500834861462	0.004127443426757205
434000	-1831.519551725257	-1582.9452883777353	-248.57426334752182	0.06344444645603377	0.06272803512971947	0.09166378559874479	0.08981755889076685	0.1628008057658334	0.0039069059604485154
435000	-1831.2425593655225	-1584.1851314326118	-247.05742793291068	0.08014490717644447	0.07528057372530571	0.0907467084747441	0.08925493881559894	0.16740840712947566	0.003814585173857015
436000	-1834.8031421423348	-1583.4011904584681	-251.4019516838667	0.06664902638993858	0.0876935340028739	0.07638056854954485	0.05777534657456382	0.15893872975563408	0.0037916127386511842
437000	-1833.6389766006423	-1583.214612383612	-250.4243642170304	0.06473568860060785	0.2167898200547741	0.11891850609357368	0.11943810078231984	0.18402864003806857	0.006112373200162411
438000	-1831.7077869110367	-1586.6896516973843	-245.0181352136524	0.08476285324080451	0.12417692421525182	0.10155447460548757	0.07816467286321364	0.15508015173869746	0.0040993588545467806
439000	-1832.716944343397	-1586.624181300865	-246.09276304253197	0.14697535006154935	0.09728637893292047	0.1535662832209944	0.1404055837687206	0.1576586015016729	0.0059037168435587435
440000	-1832.759451674682	-1584.0779953717945	-248.68145630288737	0.045932977533003266	0.07085256730266652	0.11132713806768074	0.09603704452570286	0.12095202893993745	0.002763684766911929
441000	-1831.548404155514	-1581.7481997051373	-249.80020445037667	0.04164928327548414	0.10532940181316419	0.08795628158467908	0.12164578141544562	0.18257871480111265	0.0033913296819617265
442000	-1834.4387551849545	-1585.284775387284	-249.1539797976704	0.06595387333700184	0.09587440470089716	0.08220391939628204	0.05611149593867944	0.13567029085986107	0.004119750676806439
443000	-1838.64676796273	-1583.933604878633	-254.71316308409695	0.030283809271082297	0.09491344716331039	0.08563993805300324	0.06051651666125804	0.13270588332105074	0.003169983827754814
444000	-1833.191099807518	-1584.916784034358	-248.27431577316005	0.07606168496960994	0.06888317186231753	0.07518416875866839	0.10931999063934979	0.13624385721009297	0.004759461804133252
445000	-1831.2609699833206	-1583.1821154224644	-248.07885456085623	0.060577278116227394	0.14332041556043296	0.12611535155634854	0.0714246427258488	0.16014612243054877	0.00483742231118806
446000	-1833.7978592079874	-1583.6212522332341	-250.17660697475327	0.05509794865880959	0.06579275225957854	0.14223001494215037	0.08585730446110966	0.166611416322725	0.002787208885323864
447000	-1834.9723186504157	-1583.5084254239664	-251.46389322644936	0.06524223077087739	0.10173763489008145	0.11221964914978774	0.08192842745393487	0.24583486615533814	0.005312034028122779
448000	-1830.4135102309297	-1582.8195075196036	-247.5940027113261	0.07810685176172599	0.08810409475202297	0.167449747827444	0.12523004347867633	0.19191268046470086	0.004457985867639577
449000	-1831.87424682622	-1584.577318473081	-247.29692835313904	0.05112735420528658	0.08585081904632225	0.10795621365086648	0.09631298927255331	0.12456457201046353	0.004114605512291822
450000	-1832.5094258697916	-1586.3030684913078	-246.20635737848377	0.12074403642167883	0.07435626672844685	0.08959273555557419	0.10238207048207727	0.15507867181455767	0.00463575099795597
451000	-1831.731883227425	-1581.2908146333264	-250.44106859409865	0.05153998885518654	0.12905564865991273	0.09041697549434194	0.08840737958990001	0.21229328326043917	0.0051086612503956925
452000	-1830.906386066144	-1586.0124720353836	-244.8939140307604	0.08971222180776346	0.10453825796918706	0.1171378466121274	0.11803364132555566	0.17632316571920303	0.003906946961670041
453000	-1832.3537816343992	-1584.5061108685702	-247.84767076582895	0.07354836423065098	0.06391499809668949	0.0910888383419309	0.09640924058542903	0.13684444039328222	0.004432228204735286
454000	-1831.5017501091506	-1582.6579208941107	-248.8438292150399	0.059515664914870973	0.06108021612327427	0.08961869427839594	0.14188941949805536	0.1531093791738514	0.003937873386297853
455000	-1833.9242922668786	-1586.6226343726498	-247.30165789422875	0.09218557574003947	0.06623196135446159	0.06533937699981934	0.08873293089512964	0.12872125179044702	0.003554049639911874
456000	-1834.2530848581491	-1582.8941713222475	-251.35891353590162	0.12328522880271527	0.13227678287266686	0.14622263044396588	0.054580209747100435	0.222219457287643	0.0052978432451637105
457000	-1833.2140142344253	-1583.3966362980927	-249.81737793633255	0.07888493181312936	0.08670176853191192	0.1573897178245109	0.06443222036372097	0.1765170145928412	0.004820868952767375
458000	-1830.372581225718	-1585.8673343677945	-244.50524685792354	0.10997096923270154	0.08661321624692367	0.10898483503602772	0.1257316033248589	0.16262077531137048	0.0046849050377430505
459000	-1834.844767006207	-1586.886995674549	-247.95777133165785	0.06395020366810092	0.09555800067115984	0.07799839109649755	0.0864606834800155	0.11443509992317097	0.004585356638809271
460000	-1831.1353430996492	-1584.784005118625	-246.35133798102427	0.056873083548515585	0.08411473809817249	0.09761280596163222	0.10545871948033383	0.13200659937996476	0.0039751181615081815
461000	-1832.2945915643481	-1582.2670087799606	-250.02758278438745	0.057374263243297606	0.06643737779026264	0.08087373795598893	0.13202863428118222	0.1728937840680027	0.0033270299718369052
462000	-1831.5862203331212	-1584.3427799676233	-247.2434403654978	0.0821601209440234	0.07352580365730216	0.126484767797147	0.09455904440357173	0.19540703188873682	0.004591248012900134
463000	-1831.6164902367098	-1582.805702230138	-248.81078800657187	0.04521403363084898	0.07426979343635642	0.09070907267242816	0.10661526039259625	0.1419420445320526	0.0030265377776133584
464000	-1832.2391273016617	-1583.5261943032128	-248.71293299844896	0.06253001554174097	0.10747934022938024	0.06412103266817577	0.08709999710784173	0.17942389866324793	0.003543421757726062
465000	-1832.2883590613865	-1583.0288887100155	-249.25947035137088	0.05523693267690389	0.14511996766645968	0.09687974692364461	0.14782359509637258	0.16916935751079398	0.005742744931915139
466000	-1830.9542524896913	-1582.7892064356388	-248.16504605405245	0.07449353094062584	0.10096533469848595	0.07735779915064975	0.12452291690555967	0.19329851989916544	0.0057753686736780364
467000	-1831.5071440936952	-1582.8490802960705	-248.65806379762464	0.07655084865744921	0.08019842150165435	0.11768541370966278	0.07320056044330908	0.20394640768195663	0.0038981493763601306
468000	-1832.2476303917197	-1581.3301004616844	-250.91752993003533	0.06775707648231635	0.15061283641561204	0.13390319889272886	0.08263820448973386	0.23301297397969262	0.006852041899819014
469000	-1830.2395766556485	-1583.651256950529	-246.58831970511963	0.06873482364261166	0.08324447703662072	0.11031257731484352	0.12265786070806554	0.16418538891755521	0.0046658513768351555
470000	-1831.4073284440813	-1584.5119657263122	-246.89536271776916	0.07195100995242015	0.12501611747187782	0.10756306386211098	0.13576821031913677	0.1546666306348257	0.005460512321757554
471000	-1832.4607577899944	-1586.3894594584585	-246.07129833153596	0.08745452144582991	0.0780468046379131	0.1495432261210173	0.16478067093898785	0.13370601336860213	0.004526816132536875
472000	-1831.583649236778	-1585.6912941712644	-245.89235506551347	0.11159349908774105	0.12754579509321295	0.0905982593867673	0.11687907189967714	0.16373644273470536	0.006884959787305719
473000	-1830.8545132354932	-1582.962069836847	-247.89244339864632	0.09254691873496149	0.10725453448724	0.11340259142844827	0.11117497797206669	0.21016849095489382	0.006241178028303476
474000	-1835.23617928588	-1585.9081445753945	-249.32803471048547	0.05237401384893212	0.15413948568291455	0.10985128298295391	0.08847591345139798	0.16662189174415998	0.0033145425719436593
475000	-1833.6910922211162	-1583.466408832	-250.22468338911608	0.062212713642115405	0.13455734413755488	0.0941444647439393	0.1496807793622929	0.2142476428636723	0.006346732987988376
476000	-1832.7299132725227	-1584.5920488014315	-248.13786447109123	0.06351611521241203	0.07680080586107	0.062434509210937884	0.10120219072166198	0.13423889922991006	0.0036493930163688155
477000	-1838.263106443553	-1582.95514324318	-255.30796320037294	0.11871952416201875	0.2208804591102561	0.12004764316463626	0.04260301930309697	0.2106904870539356	0.007388263614424245
478000	-1834.2940169460176	-1586.6791218827711	-247.61489506324654	0.06572230185123228	0.10172606489163151	0.05967738981409792	0.12290282713635182	0.11463510526376756	0.00459451531940109
479000	-1831.7656303757267	-1582.1775243321958	-249.5881060435309	0.04681694554507244	0.09589879466509854	0.12118406590749434	0.11691733002332778	0.1905037030301423	0.005100185714889162
480000	-1833.3889593310926	-1583.717295919237	-249.67166341185566	0.11614035765227641	0.13959328037726432	0.0983870814682787	0.1107457979970218	0.21010403401246502	0.005975409763313322
481000	-1831.4483128680417	-1584.0839312963776	-247.36438157166404	0.06779789095599414	0.06840858570076572	0.11191976258832101	0.11457402731148095	0.1591033802102103	0.005582514015502549
482000	-1834.489039239858	-1583.6950864618789	-250.79395277797914	0.05324819867671097	0.07020743470169237	0.09185754018270795	0.10916384568291486	0.13463784969979087	0.0032242291585238996
483000	-1835.925179893191	-1583.4904213043624	-252.43475858882869	0.04847514469704155	0.08506009240668386	0.12573025702392263	0.04280679726689198	0.14435050549566353	0.0028630197752679974
484000	-1840.4218504524197	-1591.8296439603173	-248.59220649210243	0.109408216037266	0.06563260473262567	0.06090615349331836	0.13911477930608607	0.15388017514604674	0.005362354632669261
485000	-1837.069849934241	-1587.6591937337394	-249.41065620050153	0.0854707731304706	0.07419515593308042	0.18846241465171082	0.052857086387988236	0.13921322642545303	0.002501023669967994
486000	-1832.730217321689	-1583.0886225075537	-249.64159481413517	0.0568690293564845	0.10287709796618853	0.06205187805416177	0.11040675478837558	0.16445188012149187	0.004508420023423558
487000	-1830.1648488164897	-1582.885358291746	-247.27949052474378	0.08100636123316284	0.13581000396731405	0.1313251469074745	0.10865334470045554	0.1946143993436467	0.006085526409333329
488000	-1831.229986911385	-1582.2383007421345	-248.99168616925056	0.06327388377554273	0.09225699950616036	0.07100827520431365	0.09863931699107244	0.19094430850881874	0.004286874264415435
489000	-1836.0338012342136	-1587.5197062187808	-248.51409501543267	0.15734808066225264	0.09075085580411815	0.07943039060783295	0.131404274525489	0.1565140108894289	0.007474966408225664
490000	-1830.873367958748	-1582.951902376246	-247.92146558250218	0.07930870989139983	0.0632855139801854	0.11007441085253314	0.10716278357110087	0.1948399837126324	0.003873303836996032
491000	-1831.5409971002018	-1583.0833065836464	-248.45769051655537	0.10155952850789071	0.15640782783361362	0.08840777599951621	0.08287219302783112	0.20317698049256178	0.00634750333825035
492000	-1833.2060823714614	-1587.4075786501412	-245.79850372132032	0.10754286537967914	0.06031205746442219	0.1473760426133172	0.10780846277553549	0.11634354382996985	0.004109813322895835
493000	-1837.3112736067628	-1587.0207660810142	-250.29050752574847	0.040039394970161075	0.14172614848094314	0.08478617204362483	0.10218889806848695	0.10840757891140387	0.005229818525066548
494000	-1831.5068684656542	-1583.360545305546	-248.14632316010798	0.10565125142320665	0.10805822865848147	0.11170545850485357	0.10099555887560085	0.2262198550809817	0.004983713523301907
495000	-1832.1492631113877	-1581.3292724136622	-250.81999069772544	0.047005647341084686	0.10183702250457523	0.10035114972177657	0.11963888117306018	0.2019421419987587	0.0038864062342654714
496000	-1832.294927169181	-1585.7406128788473	-246.5543142903336	0.1361616469380311	0.09347101326606283	0.12668525706009642	0.07456630713384894	0.18183762042119175	0.004527395203001992
497000	-1834.0418508064417	-1588.517928734358	-245.52392207208356	0.10702653517726819	0.07896790606699125	0.07365938872317661	0.08661093867853725	0.1428162326894161	0.003736000866887688
498000	-1833.3531989821022	-1586.0167728043903	-247.33642617771184	0.14403616193678886	0.10612872336858795	0.07897629980405366	0.06926090282430923	0.1753714110334846	0.004285154802999683
499000	-1834.3599816995347	-1582.0808942245544	-252.27908747498037	0.07388419423336437	0.13539038273840226	0.10137895804674521	0.039290209464736936	0.18606402107076317	0.004801831648510107
500000	-1835.2692391513938	-1586.0254705448344	-249.24376860655926	0.06934955720736455	0.10597273238784566	0.05567949612590513	0.08523440108274356	0.14786158443493508	0.005913998732824047
