#
#model:
#
#<?xml version="1.0" encoding="UTF-8" standalone="no"?><input id="posterior" spec="beast.core.util.CompoundDistribution">
#    <distribution id="prior" spec="beast.core.util.CompoundDistribution">
#        <prior id="lambdaPrior.F2" name="distribution">
#            <parameter id="lambda" lower="0.0" name="x" spec="beast.core.parameter.RealParameter">0.01</parameter>
#            <Gamma id="Gamma.0" name="distr">
#                <parameter estimate="false" id="RealParameter.1" name="alpha" spec="beast.core.parameter.RealParameter">2.0</parameter>
#                <parameter estimate="false" id="RealParameter.2" name="beta" spec="beast.core.parameter.RealParameter">200.0</parameter>
#            </Gamma>
#        </prior>
#        <distribution id="snapprior.F2" lambda="@lambda" spec="snap.likelihood.SnAPPrior">
#            <parameter estimate="false" id="alpha" lower="0.0" name="alpha" spec="beast.core.parameter.RealParameter">11.75</parameter>
#            <parameter estimate="false" id="beta" lower="0.0" name="beta" spec="beast.core.parameter.RealParameter">109.73</parameter>
#            <parameter estimate="false" id="kappa" lower="0.0" name="kappa" spec="beast.core.parameter.RealParameter">1.0</parameter>
#            <parameter id="coalescenceRate" name="coalescenceRate" spec="beast.core.parameter.RealParameter">10.0</parameter>
#            <tree clusterType="upgma" id="Tree.F2" nodetype="snap.NodeData" spec="beast.util.ClusterTree">
#                <taxa dataType="integerdata" id="snap.F2" spec="snap.Data">
#                    <taxonset id="ant" spec="beast.evolution.alignment.TaxonSet">
#                        <taxon id="CarpaChavin_B72794.Huanuco.CarpaChavin" spec="beast.evolution.alignment.Taxon"/>
#                        <taxon id="CarpaChavin_B72802.Huanuco.CarpaChavin" spec="beast.evolution.alignment.Taxon"/>
#                        <taxon id="Carpish_B72762.Huanuco.Acomayo" spec="beast.evolution.alignment.Taxon"/>
#                        <taxon id="Carpish_B72773.Huanuco.Mitotambo" spec="beast.evolution.alignment.Taxon"/>
#                        <taxon id="Amotape_B67127.Tumbes.Amotape" spec="beast.evolution.alignment.Taxon"/>
#                        <taxon id="Amotape_B67201.Tumbes.Amotape" spec="beast.evolution.alignment.Taxon"/>
#                        <taxon id="Chavinillo_B72789.Huanuco.Chavinillo" spec="beast.evolution.alignment.Taxon"/>
#                        <taxon id="Chavinillo_B72792.Huanuco.Chavinillo" spec="beast.evolution.alignment.Taxon"/>
#                        <taxon id="Macate_B72807.Ancash.Macate" spec="beast.evolution.alignment.Taxon"/>
#                        <taxon id="Macate_B72815.Ancash.Macate" spec="beast.evolution.alignment.Taxon"/>
#                        <taxon id="Quichas_B72777.Lima.Quichas" spec="beast.evolution.alignment.Taxon"/>
#                        <taxon id="Quichas_B72785.Lima.Quichas" spec="beast.evolution.alignment.Taxon"/>
#                        <taxon id="Canchaque_B72874.Piura.Canchaque" spec="beast.evolution.alignment.Taxon"/>
#                        <taxon id="Canchaque_B72878.Piura.Canchaque" spec="beast.evolution.alignment.Taxon"/>
#                        <taxon id="CorBlanca_NK_171703" spec="beast.evolution.alignment.Taxon"/>
#                        <taxon id="CorBlanca_FMNH_391889" spec="beast.evolution.alignment.Taxon"/>
#                        <taxon id="Huamatanga_B72889.Lima.Huamatanga" spec="beast.evolution.alignment.Taxon"/>
#                        <taxon id="Huamatanga_B72892.Lima.Huamatanga" spec="beast.evolution.alignment.Taxon"/>
#                        <taxon id="Pacar_B72905.Ancash.Pacar" spec="beast.evolution.alignment.Taxon"/>
#                        <taxon id="Pacar_B72912.Ancash.Pacar" spec="beast.evolution.alignment.Taxon"/>
#                        <taxon id="Porculla_B31685.Piura.Porculla" spec="beast.evolution.alignment.Taxon"/>
#                        <taxon id="Porculla_B72870.Piura.Porculla" spec="beast.evolution.alignment.Taxon"/>
#                        <taxon id="LaQuinua_B72754.Pasco.LaQuinua" spec="beast.evolution.alignment.Taxon"/>
#                        <taxon id="LaQuinua_B72760.Pasco.LaQuinua" spec="beast.evolution.alignment.Taxon"/>
#                        <taxon id="Chinchan_B72895.Ancash.Chinchan" spec="beast.evolution.alignment.Taxon"/>
#                        <taxon id="Chinchan_NK_173896" spec="beast.evolution.alignment.Taxon"/>
#                    </taxonset>
#                    <taxonset id="cur" spec="beast.evolution.alignment.TaxonSet">
#                        <taxon id="curtata_cra.cur.B6032" spec="beast.evolution.alignment.Taxon"/>
#                        <taxon id="curtata_cra.cur.B8175" spec="beast.evolution.alignment.Taxon"/>
#                    </taxonset>
#                </taxa>
#                <parameter id="RealParameter.0" lower="0.0" name="clock.rate" spec="beast.core.parameter.RealParameter" upper="0.0">1.0</parameter>
#            </tree>
#        </distribution>
#    </distribution>
#    <distribution id="likelihood" spec="beast.core.util.CompoundDistribution">
#        <distribution data="@snap.F2" id="treeLikelihood.F2" non-polymorphic="false" pattern="coalescenceRate" spec="snap.likelihood.SnAPTreeLikelihood" tree="@Tree.F2">
#            <siteModel id="MutationSiteModel.F2" spec="beast.evolution.sitemodel.SiteModel">
#                <parameter estimate="false" id="mutationRate" name="mutationRate" spec="beast.core.parameter.RealParameter">1.0</parameter>
#                <parameter estimate="false" id="shape" name="shape" spec="beast.core.parameter.RealParameter">2.0</parameter>
#                <parameter estimate="false" id="proportionInvariant" name="proportionInvariant" spec="beast.core.parameter.RealParameter">0.0</parameter>
#                <substModel coalescenceRate="@coalescenceRate" id="MutationModel" spec="snap.likelihood.SnapSubstitutionModel">
#                    <parameter estimate="false" id="u" lower="0.0" name="mutationRateU" spec="beast.core.parameter.RealParameter">1.0</parameter>
#                    <parameter id="v" lower="0.0" name="mutationRateV" spec="beast.core.parameter.RealParameter">1.0</parameter>
#                </substModel>
#            </siteModel>
#        </distribution>
#    </distribution>
#</input>
#
Sample	posterior	likelihood	prior	theta0	theta1	theta2	TreeHeightLogger
0	-2605.3977889387547	-2450.375276764097	-155.02251217465763	0.046109721556113384	0.09729851724888484	0.18901413997081545	0.0018000511649026555
1000	-2603.056866284972	-2452.590307689875	-150.46655859509715	0.07075074762054133	0.08437503731285997	0.1278546812149823	0.001056807807907355
2000	-2604.8809089359916	-2449.5408693973336	-155.3400395386581	0.0817245529949298	0.09554356399795859	0.2591424569917052	0.001323783935136533
3000	-2602.8250038447945	-2451.5075967077814	-151.31740713701325	0.0730611505958086	0.09596835356820949	0.16384217985769234	0.0024024978774357807
4000	-2602.7370558094876	-2450.285379337685	-152.45167647180293	0.05856276457663116	0.09616352770590308	0.17085841766808862	0.0015987651495472683
5000	-2603.59439709976	-2451.9970727586983	-151.5973243410617	0.08521459766801327	0.062559834544834	0.15408551258929842	0.0011424688068145518
6000	-2603.2069873737173	-2451.8065041487453	-151.40048322497202	0.08223901808523168	0.14883926181506246	0.16222118782190315	0.0011331693875610668
7000	-2602.2805729615343	-2451.3131589620525	-150.9674139994818	0.10226803603716654	0.14019809093709906	0.19178538054477393	0.0015436066025885692
8000	-2602.9428044436318	-2453.44321983707	-149.4995846065617	0.08407187968335332	0.10126107603812942	0.13267737058494458	7.921705874654692E-4
9000	-2602.2662103980715	-2451.9918131727027	-150.27439722536877	0.11555778817909687	0.10834043510371306	0.18535424571624215	0.0012782365319372626
10000	-2603.37152009348	-2452.2139325883486	-151.15758750513118	0.07628367605610918	0.07232048954592118	0.15988404980402693	6.439305270409647E-4
11000	-2605.8190514947055	-2452.1741229946083	-153.6449285000974	0.05593979562235395	0.07516581901403967	0.11905174792925964	0.0017580037102688207
12000	-2605.7224405482457	-2450.570446628604	-155.15199391964177	0.13706552854240606	0.0725411783524407	0.2466717288592751	0.0015911269364741255
13000	-2606.700058570834	-2457.237177505795	-149.46288106503872	0.11778241688660701	0.14862477100629962	0.10702008264200562	0.002252797922831078
14000	-2604.776257147458	-2452.118411702005	-152.6578454454532	0.06383965474628896	0.07746278952447497	0.12933608958894022	0.0018827402233536625
15000	-2606.5751436672876	-2454.1556727655275	-152.41947090176023	0.048434239363309574	0.09676219588497813	0.1548958698536986	6.565890188221626E-5
16000	-2604.9868835494185	-2452.3357762877195	-152.65110726169897	0.14679659335696402	0.11720238136179777	0.23063975124714606	3.9597265185598984E-4
17000	-2605.2152649209283	-2451.1987911218534	-154.01647379907502	0.05147286861058136	0.06503398043137379	0.16291270867095414	5.268170694174461E-4
18000	-2604.7451449871337	-2454.386635798117	-150.35850918901687	0.0710106445145552	0.09198783050242045	0.10005548085257357	0.0013179299196370493
19000	-2603.5999604127414	-2454.4817332955436	-149.11822711719793	0.13295116872895482	0.09108974484784733	0.1603995603762252	8.56569724015342E-5
20000	-2604.888195383417	-2450.480118775614	-154.40807660780322	0.07024381805809743	0.08075047853015874	0.19135663460985836	0.002148332196672408
21000	-2604.4169987715222	-2452.384662746557	-152.0323360249656	0.08321540719280988	0.1019012239185745	0.14527942339029037	0.0011917728401873288
22000	-2602.3148277573687	-2450.3661423852564	-151.94868537211232	0.05799254560962526	0.11836054246726521	0.16904926199080125	0.0011109768777197995
23000	-2603.1515156425758	-2450.197381288864	-152.95413435371162	0.05037919386865032	0.08817326787085794	0.15725525754215935	0.001083294978984969
24000	-2603.2014313368554	-2452.9372375593643	-150.26419377749124	0.12560468747826492	0.12807536250329415	0.16584777078879168	0.0018064729901247137
25000	-2605.744893890516	-2453.998096772176	-151.74679711833994	0.15445563391031186	0.06152403366597355	0.15750432503065062	8.66100617132463E-4
26000	-2602.5413847685363	-2450.144531273066	-152.39685349547022	0.08354630177622542	0.12366806933973813	0.21609775296990286	0.0015505218103651882
27000	-2606.323600110668	-2450.6624186720073	-155.66118143866046	0.06175157657195286	0.056302623986839585	0.1556720756410281	0.0013022584849005643
28000	-2605.9540261592106	-2456.110285570665	-149.84374058854564	0.07561277865156293	0.1114898000343446	0.08790331146508265	5.475215902104241E-4
29000	-2603.526239463492	-2451.11550852819	-152.41073093530233	0.05358581346586199	0.11129109194361618	0.1354585566839336	0.0011162506994995642
30000	-2607.9805908498774	-2449.3388517620156	-158.64173908786174	0.02534363472851892	0.11873690977545519	0.14191046015230943	8.283162168478719E-4
31000	-2603.7591260206764	-2453.9948572100334	-149.7642688106432	0.08785107348410622	0.09290619537640271	0.1199587749732961	0.001181308722329713
32000	-2602.7767139647244	-2451.4914079308287	-151.28530603389552	0.11820021496104963	0.11375413311354006	0.20260651565414545	0.0013605275109703277
33000	-2606.230306394085	-2452.9681747349546	-153.26213165913012	0.04213791941197779	0.11251515289469294	0.12183099311938254	3.1205419281481303E-4
34000	-2603.584246745033	-2454.184337408534	-149.39990933649923	0.09119344584978671	0.1156706229991886	0.14030791798399816	3.585925347848725E-4
35000	-2607.0699733736415	-2450.3949507309153	-156.6750226427263	0.02982142785982081	0.09230478820249373	0.10869042234359237	6.745746446416113E-4
36000	-2607.6620433500966	-2452.2051240202436	-155.45691932985287	0.18773732893454864	0.12666495938921316	0.21870238993257973	0.002915364215252759
37000	-2603.0802709592817	-2452.3442008473658	-150.7360701119161	0.09384476597780006	0.1542349654605954	0.17651498987054265	7.217043228699727E-4
38000	-2606.4040566390017	-2454.5761254710515	-151.82793116795042	0.07807125615559876	0.0697977169002076	0.11503717385894487	0.002651423698513706
39000	-2602.575215244997	-2454.121750375596	-148.45346486940048	0.10827542046710137	0.1175081552562563	0.1454195858617553	4.97069903862126E-4
40000	-2604.8830496450055	-2453.5650201297494	-151.3180295152559	0.06098221428154993	0.09238945046538492	0.100761650117579	0.0014941296278655875
41000	-2605.5042788606434	-2452.542474468207	-152.96180439243668	0.06530669549560125	0.16556113925514923	0.13462073089581694	7.479265873139574E-4
42000	-2603.508056748355	-2454.0654165349774	-149.4426402133778	0.126499359868497	0.14207097249228626	0.1630841470866869	3.0789184051000185E-4
43000	-2605.095347188305	-2455.0037763544105	-150.0915708338942	0.08637630682475747	0.10543184787620942	0.10662195845415483	0.0016658258087412503
44000	-2604.894555641343	-2450.678379292838	-154.2161763485046	0.046307039999208155	0.11698102501591369	0.19438848633093672	4.4515315178798344E-4
45000	-2602.896216817299	-2451.115412234947	-151.7808045823519	0.1124398976366586	0.08849573076444535	0.20151740285965739	0.0017788200190830261
46000	-2602.7135674590704	-2453.2262137901057	-149.48735366896472	0.10746173788938092	0.08483231242002214	0.14891289977091068	0.0011214292118513238
47000	-2603.4194253329106	-2450.90283092548	-152.51659440743038	0.0910233305698421	0.08170409195215923	0.19201721889793275	0.0013294408273401568
48000	-2606.411522759744	-2449.7360324402475	-156.67549031949667	0.0289412873220606	0.10004332801543872	0.12478141917561925	7.86862906384669E-4
49000	-2607.6712451679728	-2450.5537865930482	-157.11745857492448	0.03411571719761826	0.14026080485919887	0.12074264767120171	0.001173200558762662
50000	-2606.3627524611647	-2449.430211040087	-156.93254142107733	0.0824042923495601	0.13969233731236916	0.2842304682064422	0.0016549772975085724
51000	-2604.0580401484285	-2450.2986666837583	-153.7593734646703	0.058355708330980534	0.0634776865494496	0.163583459651327	0.0012616401937105164
52000	-2603.4133248241014	-2450.7210387338987	-152.6922860902028	0.06045396128237504	0.09005735661446489	0.15461733882713227	0.0013973693930010513
53000	-2605.0483763785637	-2452.102961468177	-152.94541491038677	0.10721939225961792	0.05881595453937986	0.19222190498618363	6.450419618722657E-4
54000	-2602.2754720354064	-2451.2815173208287	-150.99395471457774	0.06627360212977922	0.13251466992036556	0.14952134495851233	0.0013778676799595963
55000	-2604.8244478735514	-2451.7451180996363	-153.07932977391516	0.05988907907978506	0.07316783988088872	0.15365074314998567	0.002363838130506723
56000	-2602.880748238435	-2451.59174390325	-151.28900433518513	0.07590271837537321	0.13957814325768525	0.16285937941498568	0.002354153827284024
57000	-2605.029549116422	-2450.2229591134774	-154.80659000294463	0.09656106489529084	0.15543300397047374	0.24358303613421853	0.001297545658538724
58000	-2605.8914117996915	-2455.6154295170895	-150.27598228260211	0.18241504873876221	0.08207844677294017	0.13143367909387793	3.4925659351804807E-4
59000	-2603.341828039926	-2450.3669322443884	-152.97489579553778	0.05094164670708408	0.13983661036459827	0.1708061937443139	7.975428526319818E-4
60000	-2606.2803546478967	-2451.767646026981	-154.5127086209159	0.05867417725535224	0.14792934361823898	0.18788489970720693	0.0026647661433341486
61000	-2603.3243567026593	-2451.9233334505648	-151.40102325209455	0.1277730236017845	0.10314764874409577	0.1908040253348667	0.0025123220405380495
62000	-2604.8796857899	-2453.8125181790647	-151.06716761083553	0.06473359806729898	0.16509886591068565	0.10562995176651967	8.7769219184724E-4
63000	-2603.9883523829	-2454.6510658736725	-149.33728650922748	0.12349010376756536	0.15799954599164137	0.1369793868334684	8.581776062931484E-4
64000	-2603.685609081249	-2452.0188386509353	-151.66677043031345	0.056163681882059106	0.1354165585508907	0.12011517036480131	0.0015181063350822575
65000	-2604.4694376179636	-2450.868262284863	-153.6011753331007	0.08826743189525148	0.06352776940614725	0.19563493594873446	0.0010722601093890174
66000	-2604.298319776985	-2454.571766556837	-149.72655322014808	0.08675930414552167	0.10889522132375866	0.11475331268347962	7.899521558636731E-4
67000	-2603.104908205213	-2451.871619429317	-151.23328877589628	0.0775113055079301	0.07414098877753086	0.14646986328481582	0.0018539485149559145
68000	-2604.3814107354606	-2453.4365350291882	-150.94487570627226	0.14781036740866807	0.10647301089404897	0.16772157010811334	0.002041487111787295
69000	-2603.828103554385	-2451.576372254268	-152.25173130011726	0.11381600540190091	0.11681652924078915	0.19351554555968936	0.0026930054292030755
70000	-2602.449454515641	-2452.2780558055033	-150.17139871013754	0.10947178787209659	0.1239317676278602	0.17746070419655205	0.0010824500146956633
71000	-2606.15784321244	-2451.6594182818103	-154.49842493062977	0.03992250382330842	0.1144832416014016	0.11861204653736973	0.0016338588498324513
72000	-2603.491735176545	-2455.3064629391183	-148.1852722374265	0.10870188687973746	0.11603271626242996	0.11865451775984735	5.8764826780145E-4
73000	-2604.6207910819144	-2451.0740248219313	-153.54676625998295	0.13181981619642363	0.07057458572275695	0.22441923215550647	0.001346750230801432
74000	-2606.166770793086	-2456.811782243452	-149.35498854963396	0.10256748349781483	0.09152218513190648	0.09212648017382798	4.8438360412078054E-4
75000	-2603.399705570584	-2449.7972629041815	-153.6024426664025	0.05569127202693346	0.11768777673969956	0.1972188319775558	9.948041232608854E-4
76000	-2603.8504978164174	-2454.7335077039293	-149.11699011248797	0.11053565710990275	0.08136583689910619	0.15580026989629903	8.397256230177646E-6
77000	-2603.8878844460264	-2453.8479195614	-150.03996488462653	0.09095070748981378	0.10231550289676425	0.12978055821539594	8.29205078052448E-4
78000	-2602.891567949164	-2450.147061832436	-152.74450611672796	0.056272615330014715	0.09913805171034015	0.1735153004778684	0.0015556781850980413
79000	-2602.9735318637754	-2451.0769773957704	-151.89655446800478	0.0673501707765949	0.09619366781058675	0.19228828236340503	6.338679493406827E-4
80000	-2604.1950618361116	-2453.7513867496627	-150.44367508644888	0.09365334654034854	0.06900823765677522	0.12609484553722478	0.0014461121867262873
81000	-2603.099701338189	-2453.1455375940027	-149.95416374418608	0.1305201829574017	0.10488901278558661	0.16362637251511702	0.002044679564745309
82000	-2605.207561237746	-2453.49995140773	-151.7076098300164	0.067033804860226	0.11141161872861573	0.11463271041219296	7.687584561147477E-4
83000	-2606.7790585377293	-2450.785743034151	-155.9933155035781	0.06231571492301442	0.0465105137566801	0.15213119487889978	0.0014196974670924788
84000	-2603.5295512493976	-2453.2783344521654	-150.25121679723208	0.11899111633374838	0.13715894789622618	0.15886067143764987	0.0027571928814515397
85000	-2602.128802097202	-2450.97626042927	-151.15254166793198	0.07639448987966532	0.11772906946056837	0.17533046929591248	0.0020969181821178383
86000	-2604.371310925706	-2451.8860237279678	-152.48528719773822	0.09173811247016656	0.13202299763454303	0.16415313117167393	0.0014752602433062614
87000	-2602.4778257566686	-2451.6552156131543	-150.82261014351425	0.06033631212291687	0.11600678909138809	0.1329808854255148	0.0011645306720928536
88000	-2603.967978377159	-2451.458571817294	-152.50940655986517	0.09381991869117767	0.08883690086498541	0.17402881864422326	0.002071838482157741
89000	-2604.1535195896913	-2455.164600140175	-148.9889194495163	0.10336780231826734	0.10445630992634142	0.13741976275355608	4.705803669444672E-5
90000	-2606.039457093907	-2449.884292793273	-156.15516430063403	0.045191458264028775	0.09831451936685799	0.17642687164528942	7.624514282035845E-4
91000	-2603.174209931832	-2451.6039101753436	-151.57029975648862	0.10276833598105373	0.07529347408771214	0.18487495715301366	0.0011589171121833442
92000	-2613.7327073152073	-2452.821622904146	-160.91108441106147	0.059344509917947985	0.025328507074514457	0.13725513040552548	0.002132478067071706
93000	-2604.062097400099	-2452.22674789838	-151.83534950171898	0.10835083899749465	0.07442450123793524	0.17735406049863295	9.45128764544399E-4
94000	-2602.017336863506	-2451.5809261891864	-150.43641067431955	0.09119854495837997	0.09774575697922061	0.17950198747925142	0.0010479329870333079
95000	-2602.0624166813914	-2452.638639201374	-149.42377748001726	0.09190624848244638	0.13336722741155563	0.15200064903933003	0.0010950685628183918
96000	-2602.966237372835	-2452.6313002045727	-150.3349371682624	0.07573616521422007	0.09975019570304132	0.1305178715800187	0.001789921352444531
97000	-2603.089049691209	-2454.5135757930884	-148.57547389812052	0.1311671995262602	0.11600518428106085	0.14485367157381493	5.660233930886044E-4
98000	-2606.598565605298	-2454.206245838633	-152.3923197666651	0.045239268598651225	0.10142787174190408	0.11134195459945839	2.178781442224418E-4
99000	-2609.6667882357215	-2449.7011177572763	-159.96567047844502	0.06262666377203051	0.04604996063924613	0.2510284506345756	0.0019709926405356757
100000	-2606.0785424777973	-2455.181788678959	-150.89675379883832	0.13145775872375884	0.0715714316182776	0.13891184677072815	0.0029877564153232027
101000	-2602.5729053552122	-2452.652219209664	-149.9206861455483	0.07330508980808789	0.09544080399513398	0.14463661578116035	6.613049742455413E-4
102000	-2604.2602281607733	-2452.803875511464	-151.45635264930945	0.10151884522609612	0.07961569480254065	0.1566399745890847	9.469671998037902E-4
103000	-2608.2501289034653	-2455.2239105178232	-153.02621838564224	0.1277893349902375	0.12856616357247458	0.17827578079105333	0.006204009515112566
104000	-2603.0407990365916	-2451.3208127116905	-151.71998632490119	0.053624314905673966	0.10652959941896484	0.15200277693883785	6.562471678121844E-4
105000	-2602.071634090582	-2451.6994431725443	-150.37219091803752	0.10240686818085334	0.11796886299028765	0.18345353522953656	0.0012547875281603113
106000	-2604.2598433468156	-2450.7290095827657	-153.53083376405004	0.07608451372410079	0.07879541117587731	0.1750652973768554	0.0016605300088504422
107000	-2602.4402071304708	-2453.652997188355	-148.78720994211577	0.10710686507297487	0.11583776382791433	0.1449969356218949	9.098900899651369E-4
108000	-2603.3870160293677	-2453.0325347487956	-150.35448128057232	0.09286904888164939	0.09477804588040505	0.17874846559880903	3.29581097171986E-4
109000	-2606.9155495814393	-2449.83349486112	-157.08205472031952	0.08295648202644296	0.07066327661852714	0.24786749234102678	0.0022734065798279894
110000	-2604.1881010452685	-2450.6761294552193	-153.5119715900492	0.07013892623695064	0.08729978588544296	0.19381389054817572	8.374818268933853E-4
111000	-2604.744091244544	-2453.602219094704	-151.14187214984005	0.07821711724849986	0.0919737930611662	0.11865991198611592	0.0019486061354280855
112000	-2601.967548868121	-2451.4400267121214	-150.52752215599946	0.07818653891991158	0.10716038460629992	0.15970468966060045	0.0019252798298468766
113000	-2602.625037906242	-2453.603467951575	-149.02156995466726	0.10662388405675226	0.10607710070820148	0.14471276900806215	9.361326544293064E-4
114000	-2603.841013309582	-2449.9094282531332	-153.9315850564492	0.054877965899079666	0.09182011243719959	0.1983440538705375	8.314707184843084E-4
115000	-2605.2912859609373	-2450.1363534818847	-155.15493247905266	0.09113960306120143	0.05781903720971783	0.22036577311138153	0.0020550721264487146
116000	-2603.7289508389727	-2449.93985438455	-153.78909645442258	0.04823164070567505	0.15320050991768872	0.16813513694945725	0.001234206363620208
117000	-2602.992855589709	-2450.7440778652217	-152.2487777244873	0.0631674496011908	0.15554313058345984	0.1635724684519582	0.0012513943968238681
118000	-2605.9723039098503	-2451.3215352312504	-154.65076867859972	0.05429257095514426	0.06101203805414858	0.12886509102870913	0.0010730991803792648
119000	-2603.1720217319253	-2450.517255693366	-152.6547660385592	0.07920633543243795	0.08221020269629695	0.19150989652102277	0.002032904261131543
120000	-2603.4641692087716	-2451.7484923656903	-151.71567684308127	0.06668741724407873	0.10501594690170986	0.19377019646225244	4.107579914566072E-4
121000	-2602.4337724322795	-2450.9981609069014	-151.43561152537836	0.08000955991546489	0.09829728499037121	0.19061443818748408	9.458583184050381E-4
122000	-2608.216084300639	-2452.7173588859005	-155.49872541473854	0.04737098112740411	0.11004634761097871	0.2243556613676197	4.848465548981008E-5
123000	-2602.0656572760427	-2452.51790764266	-149.54774963338295	0.10058140933049672	0.10636795816945654	0.15778878057180826	0.0013190213705321595
124000	-2604.0107332128823	-2454.240446511937	-149.7702867009451	0.15497756825173734	0.12917511567045983	0.15917801370405157	6.974456691999077E-4
125000	-2603.249031553054	-2452.3979951103265	-150.85103644272726	0.0946959179449707	0.0808960399779651	0.15137713512707418	0.0018931956396233958
126000	-2604.36824768185	-2452.258085240956	-152.1101624408939	0.10878977837784337	0.09473452448882008	0.17963618599901401	9.331572401379317E-4
127000	-2607.1168738990395	-2455.785194576963	-151.3316793220767	0.07722501727118108	0.08086439810083812	0.09112791778251214	0.001475559487790429
128000	-2604.157238613976	-2450.3416533503478	-153.81558526362812	0.0626517888463431	0.07698621992434462	0.19292859230882034	0.002062981850982319
129000	-2603.523607297124	-2451.627943741551	-151.89566355557295	0.06082259365415722	0.09775933891366696	0.14985354689013367	0.002225718746536106
130000	-2603.425982962399	-2452.212717170972	-151.2132657914265	0.0629483539040565	0.10810633095119086	0.14331957503635082	6.49579270139205E-4
131000	-2605.7850774462713	-2449.3793018619617	-156.40577558430937	0.05047847425474761	0.1370565206015274	0.21030015219786188	0.0011316834751317084
132000	-2604.9805851241495	-2452.414501290813	-152.56608383333634	0.095800670313509	0.11407829298970466	0.19425890072388968	0.0038774863566643693
133000	-2603.075725681446	-2451.4348702766165	-151.64085540482955	0.06486112723078934	0.08822160871684452	0.1411323635743582	0.0014935207175684857
134000	-2604.453779363311	-2453.2553813555546	-151.1983980077562	0.06805620954894497	0.08944580871404097	0.12739523869248398	0.0025824499527875855
135000	-2606.2616442348367	-2449.1391254962086	-157.1225187386279	0.03726421569710701	0.0729207965506704	0.18956347227812073	7.614981887567205E-4
136000	-2604.571772378907	-2454.9951556066217	-149.57661677228555	0.10138163290823261	0.07736937045014597	0.12411642078465826	3.559337384762227E-4
137000	-2605.0401114898123	-2452.7616577415943	-152.27845374821786	0.06709878973184145	0.1614763601543049	0.12160979580170597	0.0011544453063780853
138000	-2603.58233943523	-2451.7862712497126	-151.79606818551736	0.0889741536531727	0.07279288932516804	0.16941906253521896	9.994330030625752E-4
139000	-2602.683072052815	-2451.706417816525	-150.97665423629005	0.0650795871825816	0.1316697444951936	0.1409254622945771	0.0018804456443974815
140000	-2603.359482391276	-2453.5044782958885	-149.85500409538753	0.09657580086373255	0.1414335092259318	0.1527898842736515	5.505316400600817E-4
141000	-2603.126556083869	-2454.500749167375	-148.62580691649438	0.10731120262132271	0.099267799560188	0.13552064800595287	4.7993017139166534E-4
142000	-2602.30524498885	-2452.492108427579	-149.81313656127102	0.07252574625373917	0.10554147223339135	0.13991511840039622	8.309913120147768E-4
143000	-2604.049587313311	-2450.2556647223837	-153.7939225909274	0.10703411553024524	0.07953877295833783	0.23228510205513855	0.0022032449063452164
144000	-2606.641514846034	-2454.1304482007463	-152.51106664528794	0.12707619703338563	0.09747914121098065	0.16553294908433094	0.0042695379624061395
145000	-2603.4340199231706	-2452.9013262757544	-150.53269364741635	0.0698659683413094	0.12584701981302018	0.14706589251411514	4.947529195619287E-4
146000	-2603.4779656896744	-2452.4885082740116	-150.98945741566297	0.12088584710017004	0.09472964312413582	0.17176874610663978	0.002398522808872448
147000	-2603.187428423642	-2451.431423319462	-151.7560051041799	0.08515801158553878	0.08642442782462088	0.17473294380152515	0.0010740887582364469
148000	-2602.7974682351532	-2451.469636733942	-151.32783150121122	0.1009743723205311	0.1595639333477353	0.1839318794227335	0.0020508564274623366
149000	-2613.841616889814	-2455.0863755914156	-158.75524129839826	0.03347258252776742	0.05201023011990466	0.08930739716201139	1.2809952454409263E-4
150000	-2604.433291030587	-2452.707833163738	-151.7254578668488	0.0711780936561347	0.10199879443486659	0.1274233171769032	0.0020136277000720325
151000	-2603.466746624249	-2454.5552512790046	-148.91149534524445	0.10516502086724715	0.1045143005712938	0.15379180426495237	9.419460056017921E-5
152000	-2605.0771208643505	-2450.817522474587	-154.2595983897635	0.07784198836008135	0.12262862083505037	0.2231239410468503	6.723934698707225E-4
153000	-2605.7430168163487	-2454.3443520170517	-151.3986647992971	0.1437946124479601	0.07150670347862619	0.14699075275733947	9.276439490836892E-4
154000	-2604.4837918004823	-2450.600166933694	-153.88362486678838	0.04011936833142551	0.10861207864454733	0.12478802253961034	0.0011477581303396803
155000	-2602.493290151607	-2452.9797043442563	-149.51358580735078	0.10852007073385649	0.13853520451796805	0.164610050653612	8.467307376348177E-4
156000	-2603.7663151953084	-2454.7650447562723	-149.00127043903612	0.08293515976583665	0.12882244260092626	0.15030278889661608	3.4045903071234326E-5
157000	-2604.442805134918	-2455.8701346608686	-148.57267047404943	0.13792684652249473	0.14241981891134875	0.11845158841258237	7.698445620785665E-6
158000	-2604.8477554250408	-2450.615703384947	-154.2320520400935	0.043280091448494123	0.13371596638797986	0.1387622804636052	0.001425547786012654
159000	-2604.236443605137	-2451.5363873012516	-152.70005630388542	0.06847124076228353	0.09399206967276576	0.1580885914920115	0.002316752199409491
160000	-2602.358725676643	-2450.174539402808	-152.1841862738354	0.07131536431918471	0.1002158613725885	0.19401568791722196	0.0016893915302233014
161000	-2602.401049492302	-2452.208619128736	-150.1924303635659	0.07739991071795867	0.09427047917195798	0.1417090493629322	0.0012155063378873616
162000	-2605.348173592908	-2453.0119585339103	-152.3362150589977	0.11165208555746792	0.0571300097865583	0.1563656883172602	0.002451884605299984
163000	-2603.1923449473907	-2450.721147282502	-152.47119766488845	0.07082998537500386	0.07710835484499458	0.16908920910223846	0.0013826881005049487
164000	-2603.5058507062563	-2454.5259406312507	-148.97991007500568	0.09794919085346547	0.08521506952700157	0.13480359508205522	3.399601289099212E-4
165000	-2603.423761389468	-2452.2728448399607	-151.15091654950717	0.0775104090136874	0.07887875229659236	0.1375288894798612	0.0017138039708580629
166000	-2604.5491685796906	-2453.221156215939	-151.32801236375155	0.07649838907897606	0.10588802746960291	0.1572806745242757	0.0034221365273510358
167000	-2609.608587199568	-2453.5885052272693	-156.02008197229875	0.11646415377697471	0.13869973303867825	0.20727594983920775	0.005454490131754052
168000	-2604.8814179652813	-2451.648670136301	-153.23274782898017	0.08394091669982293	0.14629928310287346	0.16302568873406606	0.002089577199914062
169000	-2604.4283981286467	-2451.4736215448856	-152.95477658376117	0.11822300291129033	0.12106742540109464	0.19776057935790026	0.00177301306950662
170000	-2602.2118371781316	-2452.0612625503773	-150.15057462775425	0.07010039341648117	0.10621173785790841	0.1354542674612254	0.001316326916953652
171000	-2602.9495069746085	-2452.0676095612084	-150.88189741340008	0.08703757493002078	0.1349110413870461	0.1966415905972105	4.942529420605422E-4
172000	-2603.0652976516694	-2452.449965077973	-150.61533257369632	0.06271289086634291	0.11998891607491943	0.14892020789033394	5.08310540039964E-4
173000	-2602.6671442281004	-2453.17293817857	-149.49420604953053	0.07536190108428728	0.11452960932157658	0.13096269145369405	7.638490838624243E-4
174000	-2601.9637330889586	-2450.886493469604	-151.07723961935477	0.07668736901411374	0.1328841505400162	0.17668568379731284	0.001386513461269771
175000	-2605.087853757063	-2453.502635290455	-151.5852184666078	0.06201397785193887	0.0924006072163532	0.10831634579241216	0.0020184228074750813
176000	-2607.46889795767	-2449.994959771721	-157.47393818594915	0.029522487131767996	0.09593400565563028	0.12888614332201398	0.0010498678094149356
177000	-2602.3255928139843	-2450.798936669398	-151.52665614458664	0.08388922950572758	0.09605873997467251	0.1844211855432892	0.0019128746651536379
178000	-2603.651713739656	-2452.4918119177223	-151.15990182193346	0.07350635425862226	0.10271808965096627	0.13483313965422034	0.0010313979611677952
179000	-2604.0103884617583	-2452.243368700118	-151.76701976164023	0.05868973883461427	0.12151039167625603	0.11799243127594654	0.0012742416304644434
180000	-2603.728487277326	-2454.4193749828987	-149.30911229442742	0.08789786036439799	0.14576144582015435	0.14747311723167242	1.6611066715115517E-4
181000	-2608.3785940008243	-2456.473480322631	-151.90511367819317	0.09927886837909401	0.056594369282508473	0.09372377327677132	3.884798147030883E-4
182000	-2603.6683362671843	-2451.4194377241365	-152.24889854304755	0.07146891760819962	0.07766515574860125	0.18392728336793326	6.203656044089277E-4
183000	-2602.467065665589	-2453.761721226842	-148.70534443874683	0.10495686304455684	0.12474776810298177	0.14994036404222907	5.792943651026337E-4
184000	-2603.39539170621	-2451.860012127393	-151.53537957881667	0.08484524117044881	0.12495733282728703	0.15958552551941102	0.001276121788837872
185000	-2602.46397330143	-2453.189033843289	-149.2749394581408	0.10270427742218916	0.09412532140894428	0.14683406877637448	0.0011167291795682764
186000	-2606.6995093493074	-2451.40777651211	-155.2917328371973	0.10491296347155682	0.07363998719669634	0.2099700791831432	8.086251210577091E-4
187000	-2603.713780798516	-2450.73918033727	-152.9746004612457	0.08713630122578883	0.07930169464359281	0.1898017270733038	0.0014825430554500315
188000	-2603.9828777897205	-2454.2748660902416	-149.70801169947885	0.07937175445888607	0.1086068767801281	0.11108994412256312	9.55808753391756E-4
189000	-2607.477592221124	-2457.4743088430782	-150.0032833780455	0.11760834339279358	0.09507511630243909	0.10545334675729061	0.0024343873513329338
190000	-2604.363779223085	-2451.8517060371173	-152.51207318596778	0.08278010261880422	0.06475676167688753	0.1566930654861109	0.00224147809888742
191000	-2602.645038112357	-2451.95025382003	-150.6947842923267	0.06976877568002626	0.09514364817659718	0.1385157360306361	0.0011791357866010766
192000	-2604.5159161140455	-2451.4932459570737	-153.0226701569718	0.05197196195072794	0.15651537035292834	0.1252615909566767	0.0014281292090679376
193000	-2602.418510099764	-2451.7747706369646	-150.64373946279898	0.09759797494281326	0.11264971609480795	0.19354820087183952	7.976670561425082E-4
194000	-2606.3287948229336	-2452.1971887803384	-154.13160604259537	0.04470268830548461	0.1186583972825421	0.10220756220697043	8.294882747430286E-4
195000	-2606.3019487937845	-2450.7519386739427	-155.55001011984174	0.11678098353033546	0.17046239958691187	0.27111688792557254	8.232249727886695E-4
196000	-2601.909513310952	-2451.45758165499	-150.45193165596197	0.09682710727840795	0.1052262449845609	0.18490106000374618	0.0012269569514776256
197000	-2604.342869778971	-2450.2173058834196	-154.1255638955512	0.11365372489902101	0.08077943193102527	0.23995396737235994	0.001911121394640271
198000	-2604.578860475323	-2450.7812306579685	-153.7976298173545	0.11641837934643254	0.10573195953332958	0.22397472287179107	0.0027185995099178297
199000	-2604.7039056338504	-2450.4214339940245	-154.28247163982584	0.0530805377091104	0.06284395520696372	0.15081449933552132	0.0011408547287460919
200000	-2605.554941883024	-2455.1121793003167	-150.44276258270764	0.11463440246626011	0.06034370079559751	0.14250667826710814	7.994240489704617E-6
201000	-2602.8248607932833	-2452.503041621647	-150.32181917163624	0.07776967187565588	0.0859129745026395	0.13346959335040406	0.0015834096572136071
202000	-2603.1488557184707	-2452.607195205904	-150.54166051256666	0.12167883374181258	0.09032137145036712	0.19318766674365348	5.728253614526343E-4
203000	-2604.243391567245	-2449.696207178516	-154.54718438872905	0.047620679521103895	0.13976922994426114	0.17972342114765738	0.001066617235927571
204000	-2602.3141071685036	-2452.3443507535308	-149.96975641497298	0.11276100338738784	0.0936768869483384	0.1756248819584472	0.0010914622909247906
205000	-2604.523083209649	-2452.375955753921	-152.1471274557281	0.04844878909905733	0.09479613547511162	0.12841881446836204	4.659105203374047E-4
206000	-2604.3170543036936	-2454.120860016804	-150.19619428688972	0.12425819289730049	0.15791871334303612	0.14539386117852646	0.0021520739555107435
207000	-2602.422116505896	-2452.630491846405	-149.79162465949102	0.08357330361411669	0.10934678493487796	0.14070958348591445	0.00119788039659931
208000	-2602.761515805353	-2450.957166276761	-151.80434952859193	0.05522431535829438	0.13034673847305708	0.14194242677398755	0.0013669313008613777
209000	-2602.1679603419852	-2451.9759574442	-150.1920028977851	0.074745329798186	0.13555288708173022	0.14770131666993455	0.0011226590453246657
210000	-2602.2202196324383	-2450.3741854188797	-151.84603421355857	0.07482117954493195	0.1234265734953793	0.19924544680808526	0.0011935181055255193
211000	-2603.92728497437	-2451.697810457186	-152.22947451718437	0.14057775528444275	0.09752436632309801	0.2129613666687259	0.0012760915111214646
212000	-2606.732437613601	-2452.1456911486725	-154.5867464649284	0.10884935253531632	0.07876190115801586	0.22794572618191788	0.0043034535437438196
213000	-2606.29716906051	-2457.085852223305	-149.21131683720478	0.1429085439676435	0.0879483968676629	0.10502579651070483	8.181822708207393E-4
214000	-2604.6957367163022	-2453.9590852914316	-150.7366514248705	0.06589164710375664	0.09778237512073219	0.10204334723988245	0.0016856965917133634
215000	-2602.2627411136104	-2452.480279304493	-149.7824618091177	0.09290825439503064	0.09965973626794804	0.16490506727596327	7.866787289190151E-4
216000	-2602.7820662025147	-2451.2517940762677	-151.5302721262471	0.06273190149513683	0.10513663130591809	0.14577595623945272	0.001191306189718593
217000	-2605.647354183527	-2453.1482919301475	-152.49906225337978	0.07126906952277914	0.08320616565289117	0.18318494367404148	1.6371475382685608E-4
218000	-2604.3807356908237	-2455.393020208645	-148.98771548217906	0.15399313426783234	0.09589188418632429	0.13226151794411756	3.1616543810597184E-4
219000	-2603.134750433449	-2452.0310134465694	-151.10373698687957	0.06398963728476524	0.08955314724891715	0.1290793646007556	0.0017180857997899524
220000	-2606.896154934473	-2452.4148281265475	-154.4813268079257	0.036455143081582875	0.11954319930680207	0.09283156900328286	5.459607858783555E-4
221000	-2604.562233666669	-2449.6630149778766	-154.89921868879225	0.04500068419687349	0.08212100814658642	0.16872868445045341	0.0011558948623602893
222000	-2603.3820325048428	-2449.962842346845	-153.41919015799817	0.07203726830677112	0.07897893471033035	0.20205912017876732	0.0015439762041853267
223000	-2606.730845710456	-2453.3931085163604	-153.33773719409552	0.07893500914701027	0.10539516522666179	0.17284869045083762	2.0181657618079517E-4
224000	-2606.5424995100834	-2453.172073915997	-153.37042559408647	0.13749630663625362	0.049085127092584654	0.1712324514380845	7.071394192385697E-4
225000	-2604.7851886204344	-2453.98159355886	-150.8035950615745	0.12195321825928196	0.07361725299560491	0.1623007001560793	2.8103860397604133E-4
226000	-2602.544396571644	-2450.984319271467	-151.56007730017683	0.05523460490554747	0.11290045394402495	0.14762206682327345	9.386216066924109E-4
227000	-2609.176877008293	-2455.546133220465	-153.63074378782827	0.040599490035237946	0.11239479391461638	0.0838625487247499	1.632220478402617E-4
228000	-2604.270552377583	-2450.750142089894	-153.52041028768923	0.05705135748237404	0.11317084603743537	0.20595132039878894	5.171464355999051E-4
229000	-2604.4503963069255	-2455.089206346536	-149.36118996038965	0.08659842226480323	0.0830400446069961	0.1308118964647248	1.1032123129161218E-4
230000	-2602.8559243385553	-2453.7956388988514	-149.06028543970368	0.10481303075440919	0.11073220583733412	0.17069333011467666	1.996271311641706E-4
231000	-2603.9863419455846	-2455.0699652912836	-148.91637665430096	0.11915204644838641	0.08299889102120492	0.12598579041690539	6.022297846363832E-4
232000	-2603.0369360233517	-2450.8629622606823	-152.17397376266953	0.09032700966783982	0.14826707369420042	0.19599450589488088	0.0014659922733042993
233000	-2603.156521793086	-2452.8111007856855	-150.3454210074005	0.07917552479884647	0.0798249801382537	0.1366928656291823	8.924065511962823E-4
234000	-2602.8633193729747	-2451.274397746525	-151.58892162644932	0.06733901439519632	0.12383308142620408	0.1668881176400235	0.0023015188481894295
235000	-2603.059931464375	-2451.483666654816	-151.57626480955918	0.08347354262916072	0.1731652373806451	0.17865733818331297	0.0010254131145835462
236000	-2602.2726936028016	-2450.5621235438075	-151.71057005899428	0.06684908937065143	0.08926948448523518	0.1693875271093016	0.0014717892990326394
237000	-2603.807527944609	-2452.649143034093	-151.15838491051588	0.09498372996901677	0.13398386954066496	0.14896621245080993	0.0016414806766361784
238000	-2602.7187201355555	-2452.425273026821	-150.29344710873445	0.07391868222820115	0.13887259399299598	0.14344057015945938	8.678717519005313E-4
239000	-2604.5261027907336	-2450.776411741239	-153.74969104949446	0.06915056915335424	0.20171224671878132	0.17238423670510586	0.0017182955802135986
240000	-2605.7668921954005	-2450.466173249256	-155.30071894614437	0.049894997389312086	0.08585315745450915	0.18839778917927166	0.0019264458275222807
241000	-2602.2623576234923	-2451.883148178194	-150.37920944529822	0.07487438233642207	0.09116408182097545	0.14321405529670012	0.00148086548310634
242000	-2605.2928355428144	-2453.5723228912843	-151.72051265152993	0.08716490318901085	0.06593004692382318	0.12359144985714188	0.0013563555537830666
243000	-2603.388435825389	-2451.0341338419435	-152.35430198344568	0.11530851945698659	0.08361654051038934	0.2083374865563346	0.001608962079759924
244000	-2604.507767778132	-2451.3253019997032	-153.18246577842845	0.09085307804228315	0.08207931832319414	0.174098990281422	0.0015766620055421693
245000	-2606.9158264698044	-2450.4452818181717	-156.47054465163285	0.048257300906278	0.10963965694323287	0.24669498504483667	3.5228224440313633E-4
246000	-2606.0730293348624	-2454.7136515976263	-151.3593777372362	0.09863424322897377	0.09073920995039564	0.12653956254653545	4.5412446697897294E-4
247000	-2602.7088587566295	-2451.8230615488396	-150.8857972077897	0.09808089124436044	0.13487020975992656	0.1716080180634856	0.0015611596308935766
248000	-2607.3248412151333	-2456.0727878618077	-151.25205335332572	0.10436720671827882	0.05506740842364658	0.10102713442524466	6.012429301004888E-4
249000	-2605.6177182642236	-2454.0951955864143	-151.52252267780943	0.0697431284101247	0.12016170973389109	0.12447078146582197	3.8332005674111786E-4
250000	-2607.0466576944978	-2453.93893822496	-153.1077194695378	0.08716286161500994	0.07562546826968451	0.17590556711648903	0.004286197404522718
251000	-2603.431186521896	-2453.0387021486413	-150.39248437325497	0.0712171227976511	0.08493066926324115	0.1273234225809657	7.650867448698677E-4
252000	-2604.7010427040973	-2452.958488352308	-151.74255435178944	0.06298832256050668	0.06896600813273986	0.11537560305513728	8.270674596642447E-4
253000	-2602.522440630872	-2451.7665206266956	-150.75592000417655	0.08193260464845256	0.09162493741699955	0.18284079688981686	6.663069349883128E-4
254000	-2604.2824659313987	-2451.8962143503177	-152.386251581081	0.04820082548054215	0.1044079862803696	0.1530256958170249	4.033014067904061E-4
255000	-2603.0661300893057	-2450.356154310814	-152.70997577849184	0.05543163264189932	0.09283972478354544	0.15971155172261564	0.0013973508007229171
256000	-2605.892613530238	-2453.70221596648	-152.19039756375852	0.07512312789968945	0.15849063584297698	0.16401561244927101	0.0037901457219887405
257000	-2605.461149725155	-2451.9156066329715	-153.54554309218358	0.06644858617315003	0.10553737581790337	0.18098979633935275	4.434503988723027E-4
258000	-2604.669590183302	-2452.523579915775	-152.14601026752712	0.08699377775726598	0.0760932355147465	0.14549072135530564	0.0011219444446756482
259000	-2603.6025833484755	-2450.5623257623715	-153.04025758610405	0.06667255872538205	0.06912744415591983	0.1672193368195585	0.0015187602839096621
260000	-2605.186594519715	-2456.215831503853	-148.97076301586202	0.0888993441069973	0.08669153112105062	0.09803441715892884	2.140737401646625E-4
261000	-2604.7848552775827	-2450.8558601189948	-153.92899515858787	0.05135796525219728	0.11517911884087692	0.1862052225190417	0.0020972261006299443
262000	-2602.0469286989282	-2452.72787798056	-149.31905071836826	0.10722314796229042	0.11996457315795626	0.16508303079416603	0.0010003574887793507
263000	-2607.323540537723	-2452.195760881414	-155.12777965630897	0.043454348200606376	0.2025195113917595	0.11785012158642394	5.268822407758989E-4
264000	-2606.009271940072	-2449.2611907716364	-156.7480811684356	0.06019331470493811	0.1238788252198206	0.25196663329309194	0.001367009654349718
265000	-2604.280668938386	-2454.0690661062827	-150.21160283210315	0.09603706370176171	0.0811168449498947	0.13140673339823644	0.0026586093720015083
266000	-2603.1460907567125	-2453.5726196897745	-149.57347106693817	0.07639365583773665	0.10761920565573692	0.13547622245905977	4.95819934967026E-4
267000	-2602.126200984748	-2451.4918722046937	-150.63432878005426	0.10560432099998077	0.12276047985154262	0.1953117024270418	0.0012073192262981314
268000	-2603.0922536163052	-2451.3702250220226	-151.72202859428268	0.09960005215912239	0.11212091834010207	0.22203852915430827	6.799538293774354E-4
269000	-2603.1900545926196	-2455.005674712619	-148.18437988000048	0.11709741390723231	0.10104301514412717	0.1329072388602325	2.973962095881304E-4
270000	-2604.037155032559	-2453.7684134708375	-150.26874156172158	0.08164402662291087	0.07903607471052845	0.13192513988575136	5.311501128611422E-4
271000	-2606.2081414996132	-2454.087084048355	-152.12105745125848	0.04917697172818795	0.11397233506278048	0.09938755923260718	3.840101259172083E-4
272000	-2604.6659751902293	-2453.694424559574	-150.9715506306554	0.14712847606993856	0.07951323306668658	0.17392019047834253	4.107509207080985E-4
273000	-2602.6530414235745	-2451.093647639196	-151.5593937843781	0.0813812691406143	0.16287739977295262	0.17534891189238	0.0015971764711447513
274000	-2605.630141281025	-2452.6694189495156	-152.9607223315092	0.053536151517859065	0.17319067518103076	0.10947075812070232	8.642563974876235E-4
275000	-2606.2491501720483	-2454.44053438063	-151.80861579141816	0.10899458140947035	0.05822486680325182	0.1351514423609386	0.0026808439330548127
276000	-2603.773452634069	-2449.920585545313	-153.85286708875606	0.07724772669652546	0.06947413261770707	0.21290616539127222	0.0013793430255930792
277000	-2602.3804659037114	-2452.929593698121	-149.45087220559049	0.09224111834572403	0.13495617802215615	0.14170998713958965	0.0014791544919922346
278000	-2606.4563778419365	-2454.4564287713374	-151.99994907059914	0.07074461356336677	0.093434420167994	0.13090673360502403	0.003378108746457558
279000	-2604.5156532059727	-2453.427765872027	-151.08788733394587	0.16432926499235667	0.12250349637287981	0.17758920733810774	0.0013263319950982374
280000	-2605.001606005504	-2455.233158247714	-149.76844775779006	0.0926375374497903	0.10136331671409322	0.1109645533953203	0.002141663972232104
281000	-2604.986283435081	-2451.935389513089	-153.05089392199233	0.08897853639957133	0.04994180394985853	0.15766093959209032	0.0011628248840610006
282000	-2603.8517160534516	-2451.5153825927364	-152.3363334607153	0.051990443514450604	0.08537163742177416	0.13330178705507084	7.549048443882134E-4
283000	-2603.2068967694595	-2450.3440128619595	-152.8628839074998	0.08281709841353098	0.08208661932771907	0.19978744058276307	0.0018633697410041325
284000	-2604.5250012409433	-2454.3460063745333	-150.17899486641002	0.07860148321543814	0.1690699559973519	0.1126038509531752	8.227522293056968E-4
285000	-2606.3872178734478	-2452.466299507259	-153.92091836618877	0.08788025702954541	0.05546852519748684	0.1519438426820225	8.66395744543153E-4
286000	-2609.1358940181835	-2453.8636450506438	-155.2722489675396	0.1447102598136725	0.07616744473834514	0.16054665945995417	0.0026323882632583247
287000	-2605.3992551464476	-2452.983486412032	-152.4157687344154	0.13535180838757163	0.11025301892357417	0.17310683100507193	0.0012601148200723981
288000	-2602.2516337204534	-2451.847582228219	-150.40405149223426	0.10244160083905018	0.11666077272758445	0.18509104023222653	0.0010371580521641936
289000	-2602.1870497154687	-2452.726278580406	-149.46077113506263	0.10163106401673126	0.10141167949522086	0.16941081656102722	7.047956392626175E-4
290000	-2602.7505635534253	-2452.6047072820365	-150.14585627138885	0.07262222678198031	0.10026578383362496	0.15679204930205953	5.096354660206609E-4
291000	-2606.825175135722	-2456.2415002223997	-150.5836749133224	0.15663868053084556	0.1320370003253982	0.1123463862968052	1.6977115218315604E-4
292000	-2605.665029519517	-2451.485224717767	-154.1798048017501	0.03750551415220375	0.11942051075832776	0.13125730275419145	4.3682726616184613E-4
293000	-2603.314354035381	-2450.883564432823	-152.43078960255784	0.07910215877086423	0.15607812005697563	0.17905995935638586	0.0016425774549295189
294000	-2604.0925850875033	-2451.8416506827416	-152.25093440476175	0.05494087425767376	0.0987917236543924	0.12130160191273003	0.0010583621829580556
295000	-2604.9905780354825	-2456.098822443702	-148.89175559178065	0.12427598663635278	0.10813374745989932	0.11703250706370356	0.001751859135932094
296000	-2603.257065720295	-2451.630185777007	-151.62687994328806	0.07179320111473694	0.07755739795494074	0.15178998183965053	0.002141786935179807
297000	-2603.130335739913	-2451.657491476175	-151.47284426373795	0.1062514072805835	0.08722547377465839	0.20802898591237728	7.346438523836976E-4
298000	-2603.0556683456116	-2452.875711538968	-150.17995680664336	0.06814830713844332	0.14442097109144195	0.1315964032834883	7.19387884546531E-4
299000	-2604.8918326521316	-2454.9653536319315	-149.92647902020002	0.1023762269818495	0.06807191627995479	0.12151757545264799	4.595482193921143E-4
300000	-2605.6902264096743	-2449.663991040694	-156.0262353689804	0.08491708744495788	0.13966934692777958	0.27540231456843406	0.0011780806714065959
301000	-2602.0434250591334	-2452.1356019368086	-149.90782312232466	0.0817866248571231	0.0948031883151665	0.15350426143638213	0.001002620543007766
302000	-2604.3721640000367	-2453.592907654416	-150.77925634562052	0.05727280141531263	0.11075597490472086	0.1414542194539173	2.3831066057940247E-4
303000	-2602.9162946519496	-2450.076691417606	-152.83960323434354	0.07731292591102482	0.10133650268843931	0.20838123826528637	0.001800825712165964
304000	-2606.4976385801037	-2451.141563998885	-155.35607458121854	0.0818758274967622	0.09235657554772249	0.20157593707650315	0.0028849991594367846
305000	-2603.2888493667997	-2453.744275269391	-149.54457409740854	0.10937879600933284	0.15213728612689817	0.1411137873575842	0.0015018462625213463
306000	-2605.5939819743126	-2455.043817158399	-150.55016481591338	0.13803580647487004	0.05981621681638606	0.14480055830157898	1.363472488865091E-5
307000	-2603.269188103948	-2451.3095210457873	-151.95966705816073	0.11944890319445896	0.12039371637541996	0.2086332447553479	0.0028938511009355453
308000	-2605.577449342858	-2455.6749444147613	-149.90250492809662	0.10301052849884887	0.15601698453449697	0.11612668355445523	0.00255855800311661
309000	-2603.1590966992785	-2453.0120283281476	-150.14706837113107	0.1390005521314339	0.11446136963051601	0.178304744835044	0.00100478204512915
310000	-2603.4081753344462	-2451.401556739167	-152.0066185952793	0.1151538317278446	0.07382844951681976	0.19331654696608455	0.0017222818585468749
311000	-2606.496792996354	-2452.7807815613733	-153.7160114349809	0.07242449658112135	0.2311571405374705	0.1270117312921822	0.0013781718536806503
312000	-2604.4759366973185	-2450.3921028041636	-154.083833893155	0.03974231816168694	0.14333073841409177	0.13065822844791314	0.00103266773392418
313000	-2613.2879556915595	-2452.7921204902245	-160.4958352013352	0.06680842981818234	0.05201972880933547	0.12347820913902795	0.0020536348767604446
314000	-2604.1517007026923	-2450.9223796933466	-153.2293210093457	0.07290379676018649	0.1706205510709178	0.18435889252631266	0.002294423856326159
315000	-2603.398954281436	-2451.367775977305	-152.03117830413134	0.05623418921470759	0.12957192041950874	0.1431171110578201	8.531238767660539E-4
316000	-2604.9837985135546	-2451.44998777084	-153.53381074271473	0.05749601428207271	0.09932811307393372	0.13157155177729196	0.0012643430575469514
317000	-2603.6582430404114	-2454.9007496546988	-148.75749338571285	0.12637513565643138	0.09867999921307145	0.13135880795862642	9.109344695452874E-4
318000	-2601.99966389373	-2450.69781308453	-151.30185080920003	0.08277652628332655	0.12330428107248483	0.18893792040526805	0.001888627569537081
319000	-2603.9409773598036	-2455.352756118593	-148.5882212412108	0.08271283596669829	0.1288529929521602	0.12712366010652307	6.698475558166732E-5
320000	-2602.4195605410564	-2451.210455643514	-151.20910489754277	0.06352510544099359	0.11118458485841429	0.1463442964632459	0.0014001709431398723
321000	-2602.37981370729	-2453.6599049444544	-148.71990876283567	0.10052793459884389	0.11401797224682707	0.13882959403003983	9.796261384463093E-4
322000	-2605.2639183810065	-2450.60709910444	-154.65681927656678	0.10201425414707911	0.09468226229322863	0.24662091773112776	0.0031714648088364103
323000	-2602.3639850745144	-2451.176395561438	-151.18758951307643	0.07832404868890545	0.11401309179194499	0.18829619774451528	8.546421618430291E-4
324000	-2606.45806980339	-2450.873254006859	-155.58481579653127	0.07061272364235467	0.21979666256586058	0.1881214995652376	0.002290586700731207
325000	-2601.983884207315	-2451.3931697727417	-150.59071443457347	0.0849086857791405	0.10833509746750507	0.17277624680855666	0.0012359785441922438
326000	-2603.5355699674856	-2450.5993996692046	-152.93617029828116	0.055711588164122805	0.14669585658037798	0.15552792930221776	0.0014652299821725108
327000	-2602.701283811954	-2452.5515718521797	-150.1497119597745	0.10638738361610711	0.09585381836923104	0.1587016144130164	0.0020435697407565007
328000	-2603.718024487002	-2453.9419248633512	-149.77609962365054	0.07462997300478279	0.14097059237973814	0.1262488982182922	4.943659666570582E-4
329000	-2604.1424310132343	-2451.8061507982143	-152.33628021501985	0.05984835744827197	0.12404913347818321	0.1373157460491984	8.625353226437317E-4
330000	-2603.6163740019383	-2450.8804711743846	-152.73590282755356	0.09766624819858523	0.10243329379767507	0.21804802752086172	0.002973374340149167
331000	-2605.5712920124233	-2452.269210565263	-153.30208144716016	0.04389743348416762	0.1357871172900105	0.09918989993084648	8.584746338276602E-4
332000	-2604.647516565516	-2452.64956005433	-151.99795651118615	0.07556852926485946	0.0627376423334004	0.14731820998438547	6.126524102627685E-4
333000	-2602.8413565069413	-2451.3481258445213	-151.49323066242007	0.0845030228233682	0.07367112538472587	0.16646689291684547	0.0014680934560490587
334000	-2604.8719618354125	-2454.326433559153	-150.54552827625955	0.07428486515213127	0.16215831976480868	0.1567402858385454	8.153680640615167E-5
335000	-2602.4090257248727	-2452.6508517363686	-149.75817398850427	0.07390216285150654	0.11342952961705333	0.1320157018076449	0.0010576502570214513
336000	-2603.959442788958	-2453.7638359013176	-150.19560688764028	0.06444259525130583	0.10390994980319807	0.13277576258311127	3.2056316930123194E-4
337000	-2602.5232366894684	-2451.513645423104	-151.00959126636423	0.07528245111964299	0.09332355370836191	0.1535122495208126	0.0018538681672694043
338000	-2603.7765763939615	-2451.697450062095	-152.07912633186632	0.051874248101310035	0.13553218880240964	0.1309539240150839	7.527706815533423E-4
339000	-2604.6917490051196	-2450.8064463845203	-153.88530262059916	0.04447543767963176	0.10713164165032647	0.12774292898504286	9.888285183120029E-4
340000	-2604.6616770521023	-2450.68103648868	-153.980640563422	0.07925455468751459	0.1438710683951812	0.21560866015245372	0.0026333899588252135
341000	-2605.577617852514	-2454.423140603623	-151.154477248891	0.0637231760740649	0.07269241396461608	0.1372838000243842	1.37691497648903E-4
342000	-2619.7642347290193	-2450.9518317287493	-168.81240300027017	0.05159569109918414	0.03176471016261997	0.19674250147853425	3.6906358025492683E-4
343000	-2603.5800322715872	-2451.2006394900013	-152.37939278158592	0.060590738336657984	0.09579447816872372	0.14394453506518967	0.001144149881968365
344000	-2605.0886073795677	-2451.9144546226275	-153.1741527569402	0.06573356920955761	0.08878594339165981	0.13797070981673593	0.0020142307613240824
345000	-2603.1307586895714	-2451.438422138414	-151.69233655115755	0.11479194402799894	0.12258185326935123	0.20019201551224824	0.002804138561556676
346000	-2610.031047807371	-2452.0072395861002	-158.02380822127074	0.07309342638452472	0.1039809571135989	0.15298804003346772	8.349476113322866E-4
347000	-2603.2730632150156	-2452.223262835644	-151.04980037937156	0.06324912354178383	0.08220352791668045	0.1279183565299615	9.389878622856747E-4
348000	-2604.596490784604	-2452.7986326634036	-151.79785812120045	0.068065250835859	0.16389784741691452	0.12828845257793312	0.002227481606371706
349000	-2602.6394624804775	-2451.609261876387	-151.03020060409048	0.07170421955675862	0.12257278233810828	0.18384940195813415	5.942841383351867E-4
350000	-2604.487274824748	-2454.4130972070475	-150.07417761770046	0.08137899507034067	0.07447085574651847	0.11348162435464866	6.763202834408199E-4
351000	-2603.9866301715015	-2450.7992571563527	-153.18737301514884	0.07905727354828664	0.05798267587237405	0.1749422898488827	0.0014663058285299005
352000	-2603.3881927465595	-2451.2733426058294	-152.1148501407301	0.05782671818897301	0.11423964731705762	0.13872698950357262	0.0011280786135289974
353000	-2603.9826560315933	-2450.521019722033	-153.46163630956013	0.1116997027558969	0.12139823116875784	0.23207137163315417	0.002575554835118786
354000	-2602.624325096421	-2451.5333295490436	-151.0909955473777	0.0954138713864243	0.10665042735150253	0.1841516493653093	0.0027523406153599325
355000	-2602.607964744351	-2451.03966151699	-151.56830322736135	0.0722393666185707	0.08360158375602951	0.1639253460441941	0.0019147741445467658
356000	-2605.422321280047	-2452.88026701052	-152.54205426952672	0.0629209571035427	0.13735745100806576	0.11703164725654888	9.358432763361735E-4
357000	-2604.702307374197	-2449.510334353678	-155.19197302051924	0.03813232738450926	0.11785494800821306	0.16396552002628811	9.50450362805995E-4
358000	-2603.635082144381	-2452.023155419655	-151.61192672472646	0.06317791774027608	0.1341778709569363	0.12823355873703365	0.0015003575390263861
359000	-2605.948039609709	-2451.751456572095	-154.1965830376144	0.05794529616783883	0.05828890626981696	0.13363224005682464	7.949125813663389E-4
360000	-2603.3529388363395	-2451.0200530802736	-152.33288575606593	0.07662845220685344	0.08361277634510428	0.17366511084914793	0.002159621295633722
361000	-2605.312933904464	-2455.554683782909	-149.75825012155525	0.0912516696526174	0.12260820043314974	0.10378092475308011	8.064063018255704E-4
362000	-2604.6893355818174	-2452.5636407341385	-152.12569484767874	0.05742829478387098	0.0887062543767519	0.14396813679338566	4.3046727357746106E-4
363000	-2603.1009530888487	-2454.562739011127	-148.5382140777217	0.09951535440808873	0.09427297217410757	0.13863590797059383	2.7303443515741825E-4
364000	-2603.9141104543523	-2455.664707760792	-148.24940269356006	0.1175786320195987	0.10607907081215794	0.11612938520457942	5.481281064038365E-4
365000	-2602.50319412822	-2450.8012549528853	-151.70193917533462	0.06809124434658365	0.1516357786709286	0.16717302979420837	0.0016078386308851988
366000	-2603.1104076985503	-2453.4170088369638	-149.6933988615865	0.0931354570256611	0.09623712171976095	0.1343521874431501	0.0021670940670389847
367000	-2602.796214279268	-2453.4066111370053	-149.38960314226284	0.09156918640261805	0.14615471031163835	0.1359541911534155	0.0010946386648899964
368000	-2604.0034240446926	-2451.2771044509336	-152.72631959375886	0.11161272659877979	0.08783511533372493	0.20610354369668024	0.002973453922686218
369000	-2603.596427615582	-2452.4982844854567	-151.098143130125	0.06785784181152842	0.14386661827582606	0.12716749835033392	0.0018429665645030297
370000	-2605.9218622236212	-2449.4916049941658	-156.43025722945552	0.030265872520217625	0.12615177473342895	0.14221804580710698	7.722400420613001E-4
371000	-2603.4890903523897	-2454.760633597607	-148.72845675478277	0.12951466306524115	0.12063888996718082	0.13711670835799888	7.59273554482207E-4
372000	-2602.3113818255315	-2451.5340868141343	-150.7772950113973	0.07600351823491582	0.08339800087793671	0.16059391107893578	0.0010298042455462672
373000	-2603.755441258929	-2450.956498232271	-152.79894302665815	0.07286592615118033	0.06981324268365814	0.1747242686637251	0.002208936304260492
374000	-2602.790390502577	-2452.431004421919	-150.3593860806576	0.09401072233114005	0.09270970777794693	0.1508588642736125	0.0015541635632317164
375000	-2606.388832348133	-2454.042618394568	-152.34621395356504	0.11533765632136007	0.06534803236426126	0.15205933635850763	3.7873211708931064E-4
376000	-2603.6721983166617	-2450.4506308005616	-153.22156751609992	0.10488640832255215	0.07759357850245281	0.22035165146946034	0.002204584635631694
377000	-2606.945616585938	-2449.586204021144	-157.35941256479353	0.030174018087032378	0.0965470836257692	0.147774971568763	0.0010173641972277417
378000	-2602.344217452994	-2452.841927108469	-149.50229034452514	0.09404876335030175	0.13269127519153395	0.14778180936202712	0.0011900492539596889
379000	-2604.0237472863746	-2454.579969310623	-149.4437779757517	0.07247513344398535	0.126222835211046	0.13741505390150408	1.472297311367742E-4
380000	-2603.3158650765577	-2450.7029625187347	-152.61290255782282	0.06634870960690305	0.13032249331959703	0.16672930484527673	0.0015001081300855758
381000	-2603.4446499548303	-2450.7501239224184	-152.6945260324119	0.10770185290603654	0.10155254350508391	0.22999628922290877	0.0011251579985234027
382000	-2603.970914012306	-2455.692046870996	-148.27886714131014	0.14487421899120012	0.12156520718870893	0.12401367116678554	1.1681140791012656E-4
383000	-2602.7829762273605	-2452.8113359889294	-149.97164023843126	0.0844050583678394	0.1145759453479192	0.14206292351851024	0.0024764394892034954
384000	-2606.9471258145477	-2456.1077163925643	-150.83940942198333	0.08292452669476706	0.17772423083960406	0.09276934433430693	0.001177368167338978
385000	-2604.299949942474	-2451.653982255665	-152.64596768680894	0.07014533762626717	0.06344138071773692	0.14108620268812933	0.0015156261696498644
386000	-2602.6400099597163	-2451.0678652865986	-151.57214467311772	0.09028929013647836	0.12069963315616618	0.21085953281045638	8.618512145244852E-4
387000	-2602.696905839174	-2450.2852235721207	-152.4116822670533	0.09220368047991583	0.0976583213152668	0.21617914734468824	0.0016448148228743829
388000	-2602.802453787941	-2452.4461599986507	-150.35629378929013	0.10425049803945928	0.11473062354040359	0.1650315471919292	0.001205674875264086
389000	-2604.1024871598665	-2453.3123922031355	-150.79009495673097	0.08251506816917835	0.08411975968592089	0.13053692374904144	0.002377971667996149
390000	-2604.8568627347568	-2452.8295891370663	-152.02727359769065	0.07410877160869118	0.09248021525951299	0.12459393104929752	0.0013768643398119015
391000	-2603.649381708184	-2454.9400763385484	-148.70930536963562	0.13148317609969223	0.10625896515953219	0.13977612607108714	2.601447093603188E-4
392000	-2606.5217274231113	-2450.316786525263	-156.20494089784822	0.1372615163729057	0.08439064215697095	0.26665411993867566	0.0029889623465456493
393000	-2603.285051890638	-2451.3323008005855	-151.95275109005274	0.10959963176802884	0.11807434217441243	0.22575714603810504	7.94008990374464E-4
394000	-2604.9616145711416	-2455.527493370177	-149.43412120096463	0.08355126383808548	0.08647542727439098	0.11101769898776315	2.0666920879464405E-4
395000	-2604.6601160372534	-2452.657538223557	-152.00257781369666	0.14405103246197848	0.07983572714350443	0.19802754110208762	6.489471227492835E-4
396000	-2603.355067093198	-2455.058385298521	-148.29668179467734	0.12116040346471771	0.09832540257686102	0.13326403494050526	2.7713759603151754E-4
397000	-2603.2176797108655	-2451.254846897447	-151.96283281341857	0.07819041109688915	0.08196371399246118	0.17221796783283266	0.0023482551222814645
398000	-2603.215677009379	-2453.446381122459	-149.76929588691962	0.09092543300303293	0.0876062964502221	0.16979502635943888	2.5871607941778304E-4
399000	-2603.1593576207893	-2452.238622162845	-150.9207354579442	0.09688915136331372	0.17361478671804112	0.1625373104598021	0.0014470455182500873
400000	-2603.0662103303052	-2453.1213579868704	-149.9448523434347	0.11352693626089964	0.1045525163371776	0.1529621577117429	0.001930118873153621
401000	-2602.4162038665613	-2452.315838834732	-150.10036503182937	0.07608594563190425	0.13435139559208414	0.14090911177744087	0.0011461938821868453
402000	-2603.660882226479	-2452.405944494246	-151.254937732233	0.14778592264181423	0.12348943360208345	0.1911944026600598	0.0021282054413269843
403000	-2602.2953451728395	-2451.1443421936824	-151.15100297915706	0.07064330092281806	0.1440335678298424	0.16319140448766237	0.0012109487906930643
404000	-2602.8083963823874	-2454.3470897350285	-148.4613066473588	0.1049382623907506	0.13171344923415043	0.13720121189825202	5.4648395765608E-4
405000	-2604.019354774476	-2454.127118292612	-149.892236481864	0.08783695722305304	0.07255705105487538	0.13900493065605649	3.3437561002414636E-4
406000	-2604.6023715701012	-2455.8936366795224	-148.70873489057888	0.12158476519094229	0.09020074712194863	0.11348357996881636	8.392156623401857E-4
407000	-2607.1702823240394	-2449.9789032031717	-157.19137912086745	0.043661413285724336	0.05517659344857613	0.15370808762202337	8.417913676867581E-4
408000	-2602.157504832966	-2450.7583658496205	-151.3991389833452	0.0692148145885466	0.13403738624513936	0.1777898499360312	0.0010850855021949627
409000	-2602.4578683695086	-2451.5285933220157	-150.9292750474927	0.1107704617045695	0.13418808427342582	0.18964534166044292	0.0021719101318160646
410000	-2603.3482186193055	-2450.246518820824	-153.10169979848155	0.05357701710107664	0.08435724543235872	0.16055522963307667	0.0011436253719505772
411000	-2601.9779949717467	-2450.8649400172812	-151.11305495446535	0.06760121959601074	0.1011406551605269	0.1631690321066747	0.0012787704257646328
412000	-2604.9138278670544	-2450.0728502991033	-154.84097756795111	0.04951001639833387	0.07233576614953521	0.1831781116488366	7.112634673550463E-4
413000	-2609.1774327901394	-2450.246413160889	-158.9310196292504	0.024969687370135333	0.13800163284805875	0.13045924875247858	0.0010450057955968752
414000	-2603.6498875289644	-2452.191138053779	-151.45874947518536	0.06754980024618581	0.15619539892323814	0.1309002857298876	0.001579833127630931
415000	-2603.4784732150297	-2452.2324558418773	-151.2460173731524	0.0667657447369548	0.07832745591177186	0.1274912749445945	0.001187657349410314
416000	-2606.2023261266913	-2453.808564084149	-152.39376204254214	0.09807704084808971	0.04951818281281679	0.13012499358908347	9.056299621690153E-4
417000	-2607.026345645686	-2454.7104088806163	-152.31593676506958	0.0589214065937342	0.07385626814420196	0.08921039522583461	6.194723967587884E-4
418000	-2605.04371033719	-2452.8775840120666	-152.16612632512366	0.1592897543624286	0.12575277267413762	0.19002670171013805	0.003095291908345682
419000	-2604.389213433449	-2450.954905574148	-153.4343078593011	0.04876195613792491	0.07699506502420447	0.1327898918349671	9.226298464653436E-4
420000	-2603.227501240545	-2452.42460458126	-150.80289665928458	0.07459482106811909	0.1456219243137877	0.13759432527921053	0.0011198377720422648
421000	-2603.6104585349767	-2452.4429835548945	-151.16747498008232	0.06831972036998221	0.07734382522064986	0.14363711277511468	6.382538122210364E-4
422000	-2607.2787489687844	-2452.556996535868	-154.72175243291625	0.07303645859123487	0.07881280029411095	0.16670555808887358	0.0031494911909342505
423000	-2604.626987246009	-2454.749623522859	-149.87736372314973	0.12960785957288465	0.11755167252393477	0.14408351078809278	0.0031095881688837246
424000	-2603.2793450123104	-2450.134530754728	-153.14481425758237	0.1019401089596324	0.10268816173413556	0.2354410827412439	0.0019318946360361137
425000	-2604.88287359545	-2452.0240894153494	-152.85878418010046	0.045670160742833185	0.1206797323299955	0.10787617716013008	0.0014953362123693804
426000	-2604.8940500371705	-2451.5091644573768	-153.38488557979372	0.05766980110125703	0.06750928351879795	0.13742002389587338	8.573891039418387E-4
427000	-2603.5433086711687	-2451.597632409586	-151.94567626158272	0.08121203283286044	0.09201758104880384	0.20870964670910103	4.854174357508132E-4
428000	-2602.288501794622	-2451.9586616890747	-150.32984010554702	0.07791818907407323	0.11643915205681017	0.17149007062122226	6.823740695920504E-4
429000	-2604.3207603300802	-2453.812327728485	-150.50843260159553	0.1192569388685245	0.1143731160995276	0.18553169055935134	7.268396612604688E-5
430000	-2603.284659164461	-2453.7406934668666	-149.5439656975947	0.12635330123905056	0.11935251165198095	0.16423961470833004	5.077491012297036E-4
431000	-2604.280147597052	-2449.6899455590838	-154.59020203796808	0.05927061729400314	0.10975266897417063	0.21204122199181952	0.0010173478851866534
432000	-2602.9546525172377	-2453.5390315675113	-149.41562094972636	0.08362130272710014	0.13386983645031872	0.12412966430903417	0.0013151082113366578
433000	-2603.9035605924932	-2452.608324555862	-151.29523603663122	0.0558880876355131	0.09577880419052785	0.13258539123049015	5.008337438159206E-4
434000	-2605.03506007206	-2454.023032527719	-151.01202754434084	0.14783509240098747	0.16196303865885464	0.1647204612899625	5.883187332753843E-4
435000	-2602.753958725326	-2451.554547551892	-151.1994111734337	0.0757143603944837	0.08372631304973192	0.17231724547142133	7.796811553865127E-4
436000	-2603.726491089601	-2452.3534039756732	-151.37308711392777	0.11589307272780786	0.08066800560937855	0.17796313624091872	0.0010287241994068185
437000	-2604.118145361567	-2454.7548207615137	-149.36332460005315	0.08011434685577346	0.11958320295836222	0.10476538184710835	0.0010534269750152201
438000	-2603.0434493138328	-2453.349619627809	-149.69382968602386	0.08944793580721785	0.14922432701001556	0.14039554371518143	8.373452357034782E-4
439000	-2606.557147985323	-2452.2638399792163	-154.29330800610654	0.13382442690088045	0.08579554755379686	0.18766772230589898	0.0013432443509083366
440000	-2602.9329536505684	-2453.77288756554	-149.1600660850284	0.12570000958988156	0.11547914763215353	0.16930327031704617	3.479413857732102E-4
441000	-2605.8048108289504	-2449.7771954385453	-156.02761539040512	0.042673404184398786	0.07064292396829015	0.17706426617175405	0.001434172344305814
442000	-2605.5637268191026	-2451.899062486397	-153.66466433270577	0.06371205748053267	0.05245133686676623	0.12806648046034658	0.0012099770234966685
443000	-2605.1830635526935	-2454.492792940541	-150.69027061215246	0.1240541275748557	0.07261887784599302	0.13852419168453575	0.002314952516798321
444000	-2604.7984006190322	-2452.116174657005	-152.68222596202716	0.08032236991568231	0.07011473998631351	0.17318512513986367	0.0030384767270489315
445000	-2602.0077004210198	-2452.4533323136125	-149.55436810740716	0.08473758637215321	0.11899860513462582	0.143234131357286	0.0014830818342201225
446000	-2602.456527797061	-2451.802582250275	-150.6539455467858	0.09297421907642367	0.11865723331524071	0.16531426789699472	0.0016837712473502812
447000	-2604.950796394618	-2452.484466217092	-152.46633017752586	0.1450355392387696	0.11189345011275238	0.1982957915681957	0.0037272239943228797
448000	-2602.937034946937	-2450.7135504413477	-152.2234845055893	0.06144140718321516	0.15755107418878336	0.1605577307179508	0.0014892313630193812
449000	-2602.98115477957	-2450.9227217600783	-152.05843301949156	0.10847693380085846	0.12706602844389853	0.22499597370794935	0.001138576231609132
450000	-2601.8332109477506	-2451.5900491297616	-150.24316181798903	0.0903341502661258	0.10181097183248211	0.1687006234499329	0.0014707082444182019
451000	-2603.447164121266	-2450.1516709041794	-153.29549321708626	0.08080511373215823	0.13702881500065672	0.22974256752871994	0.0010969321054111814
452000	-2609.8598604118274	-2457.2990333232083	-152.56082708861916	0.13656934574553578	0.22545118703746939	0.10904966155479368	0.0013532734740044777
453000	-2602.2621736923525	-2451.7531877612764	-150.5089859310761	0.0700076725548853	0.12374029671959351	0.14190361279433902	0.0015728868994757954
454000	-2603.3744563446644	-2451.8819553816675	-151.49250096299707	0.07931388671670175	0.12597515386671626	0.16295953444675404	0.0026091290291770197
455000	-2602.222898716018	-2451.43321557026	-150.78968314575764	0.10295965558610501	0.12644753909369863	0.1936021727125844	0.0012521026165259002
456000	-2606.166076076805	-2453.248453295991	-152.9176227808138	0.047869304421570745	0.1234618974674122	0.12412149165852945	0.002387997343174133
457000	-2603.7419962422596	-2452.803350987438	-150.93864525482164	0.11925450705920923	0.17427145949202705	0.16645526950450956	0.0017107961547297645
458000	-2608.3808556194394	-2450.570519875967	-157.81033574347236	0.03616211286921169	0.05343255752559724	0.1129421657905231	9.005047163700416E-4
459000	-2604.7592808416807	-2454.0238092723143	-150.73547156936633	0.07719486198034627	0.1029508848805003	0.11527253587541048	7.971641222988959E-4
460000	-2607.6301424395165	-2455.546783518893	-152.08335892062362	0.06488760944383169	0.1612995622881031	0.0861825948709072	6.447544298269475E-4
461000	-2606.230790513025	-2450.814323486523	-155.4164670265023	0.04606713439917407	0.1951514981806751	0.13510263672105619	0.0013755211048342615
462000	-2604.5510154838603	-2451.721009451415	-152.8300060324455	0.1324936694688695	0.1043525085884896	0.2022668012908763	0.0028678129282022798
463000	-2607.551593789117	-2449.996697828832	-157.55489596028457	0.0878529978078005	0.13014048522063282	0.26905018141881243	0.002547529397672031
464000	-2607.866041978324	-2456.553944771368	-151.31209720695614	0.17076352182978305	0.08266518984048112	0.1304997034271086	0.001982918082450791
465000	-2603.142529203627	-2452.7883033574676	-150.35422584615938	0.06693245729197815	0.1359264093509043	0.12091765962115587	0.001102091706970846
466000	-2602.018948190144	-2451.5040961184577	-150.51485207168597	0.09524791961339119	0.10158159234393699	0.1743195300775621	0.0017198742612925045
467000	-2605.167816817897	-2450.180838374793	-154.98697844310377	0.04244670632902154	0.08739545910312782	0.15392174724305685	7.394791981358075E-4
468000	-2602.924304412345	-2450.685783206687	-152.2385212056578	0.10565632638349438	0.08606418668910465	0.2115440137641779	0.0017003564095958176
469000	-2604.622302506669	-2451.3893136812185	-153.23298882545018	0.04973339381423674	0.12733820060129566	0.18355004797897476	3.8234554942572364E-4
470000	-2605.7492105643573	-2454.324812591722	-151.42439797263518	0.057484860014381474	0.16789361049047538	0.11829321964353375	2.6519766080465346E-4
471000	-2603.9815853195396	-2453.236122513429	-150.74546280611034	0.08959352098383534	0.10205519984629725	0.15420996874867943	0.003372000175922802
472000	-2603.5452876193103	-2451.384562924487	-152.16072469482336	0.05427945417682908	0.15231740137102767	0.13117095234381645	0.0014715838886513485
473000	-2603.1104212616924	-2450.4708718590787	-152.63954940261362	0.08157270001540086	0.07052365738589682	0.1933342534604633	0.0013810449519247661
474000	-2603.539527186225	-2452.6330558960153	-150.90647129020962	0.12891956144644823	0.09474939090433152	0.20259668651419482	4.7388974180947617E-4
475000	-2602.878599316341	-2451.8571269878707	-151.02147232847045	0.06941986235568162	0.1047281179250052	0.1401653360965198	0.001213781345492398
476000	-2602.286184898413	-2453.0371410182943	-149.24904388011865	0.08596489337065685	0.11127147025220224	0.14624386875577888	7.34215349994478E-4
477000	-2603.787710206731	-2451.1228426750113	-152.66486753171947	0.045430772190945365	0.12530824185528217	0.12183171239594066	0.0010219029839280249
478000	-2602.371569495502	-2450.7435260660586	-151.62804342944347	0.06182667418116946	0.13511495806367393	0.15943293243189627	0.0015460661758006993
479000	-2603.8762971142555	-2449.8389856877325	-154.0373114265229	0.04630673316799519	0.09494454276343418	0.1661461648842737	9.932353146608034E-4
480000	-2603.1401427017304	-2449.8660930197125	-153.27404968201773	0.0643358498301596	0.08719811324234583	0.1962350936117477	0.0014381281145708256
481000	-2605.6289216359833	-2453.474526791781	-152.15439484420224	0.07927813705619381	0.12230931709746941	0.1493873475731384	3.892067930405487E-4
482000	-2603.0506021123333	-2454.1543381556858	-148.8962639566475	0.09718828519992859	0.11841973591639907	0.12496705777438111	0.0014480851254511885
483000	-2605.7909820835853	-2451.6611199690938	-154.1298621144917	0.06853853671060067	0.07284475448625595	0.1405064710834452	0.0012813458602534665
484000	-2602.0488968883765	-2450.7056326968714	-151.34326419150517	0.0850819443519644	0.09667569930635635	0.18866246398735914	0.0018300969187258578
485000	-2603.095639237193	-2455.0544452636022	-148.04119397359085	0.11305952003381464	0.10732526218270731	0.13623078641264869	1.4717967167308496E-4
486000	-2608.746963803912	-2449.900345193342	-158.84661861056955	0.029529556291185907	0.1128587380891503	0.12280746026302261	7.106286683839488E-4
487000	-2605.2278892309732	-2454.2737137779895	-150.9541754529835	0.06485926165347146	0.14149578260887044	0.09677043693748737	0.0013475900945969785
488000	-2604.295417302351	-2451.4710010464305	-152.82441625592026	0.08845708752042716	0.16064254841778727	0.17782414687765638	0.0012412290144745044
489000	-2602.6571884140944	-2452.65522436271	-150.00196405138416	0.11351184792196417	0.14208319555005294	0.18188403069367207	7.37966376180831E-4
490000	-2602.4262174398305	-2450.6018922835724	-151.8243251562582	0.07218970515867096	0.13137079945151534	0.18456003040371446	0.0019933415009391903
491000	-2603.4004710666127	-2454.0941416830547	-149.30632938355802	0.09794396098350605	0.1358754979271708	0.12739077847007657	0.0018503772522768813
492000	-2604.517827969138	-2452.5394716823726	-151.97835628676552	0.08664463478195757	0.14341627124108916	0.16965986335244834	0.003327528946078956
493000	-2605.1250030896895	-2453.8396348163064	-151.28536827338309	0.14668690139818052	0.06295787744681487	0.16126463088534634	6.496193878870239E-4
494000	-2603.14402961127	-2452.7171588107667	-150.42687080050356	0.10198209665631176	0.07835720066912037	0.15059578510185315	0.0017185158239170287
495000	-2602.618672713369	-2452.2738627033614	-150.34481001000756	0.0785775454199561	0.1298126471995713	0.14494450125119512	0.0022102970476477
496000	-2605.5546135526006	-2450.007311409511	-155.54730214308955	0.05438743028551152	0.20307724564783128	0.18407395329955847	0.0010569347548952243
497000	-2603.023803900373	-2450.7423912709955	-152.2814126293775	0.05693027118826153	0.08395937379200241	0.15136515336848907	0.0010807483061723603
498000	-2604.8205724478225	-2453.1286624891827	-151.69190995863983	0.10766189826563033	0.14828430406726936	0.16665154498050172	6.625101417056611E-4
499000	-2603.728198044007	-2452.6938957141083	-151.03430232989885	0.12327279682182951	0.1161896533467198	0.20931813382756206	3.3645195014488376E-4
500000	-2606.722675849617	-2452.791158670064	-153.93151717955337	0.060711214823774624	0.05848429616121051	0.14014439590203556	4.2370435573960494E-4
