pbsworkdir
/home/gseeholzer/nas3/bfd/runs/F2
./:/bin:/usr/bin:/usr/local/sbin:/usr/sbin:/opt/pbs/bin:/home/gseeholzer/programs/bamUtil/bin:/home/gseeholzer/programs/samtools-1.10/bin:/home/gseeholzer/programs/angsd:/home/gseeholzer/programs/angsd/misc:/home/gseeholzer/programs/satsuma2-master/bin:/home/gseeholzer/programs/pcangsd:/home/gseeholzer/programs/evalAdmix:/home/gseeholzer/programs/htslib-1.10.2/bin:/home/gseeholzer/programs/ngsRelate:/home/gseeholzer/programs/vcftools_0.1.13/bin:/home/gseeholzer/programs/bcftools-1.10.2/bin:/home/gseeholzer/programs/gsl/bin:/home/gseeholzer/programs/ngsTools/ngsDist:/home/gseeholzer/programs/ngsTools/ngsF:/home/gseeholzer/programs/ngsTools/ngsF-HMM:/home/gseeholzer/programs/ngsTools/ngsLD:/home/gseeholzer/programs/ngsTools/ngsPopGen:/home/gseeholzer/programs/ngsTools/ngsSim:/home/gseeholzer/programs/ngsTools/ngsUtils:/home/gseeholzer/programs/fastme-2.1.6.1/src:/home/gseeholzer/programs/beast/bin:/home/gseeholzer/.local/bin:/home/gseeholzer/bin
Tue Jun  9 03:31:17 EDT 2020

real	0m0.000s
user	0m0.000s
sys	0m0.000s

                        BEAST v2.6.2, 2002-2020
             Bayesian Evolutionary Analysis Sampling Trees
                       Designed and developed by
 Remco Bouckaert, Alexei J. Drummond, Andrew Rambaut & Marc A. Suchard
                                    
                   Centre for Computational Evolution
                         University of Auckland
                       r.bouckaert@auckland.ac.nz
                        alexei@cs.auckland.ac.nz
                                    
                   Institute of Evolutionary Biology
                        University of Edinburgh
                           a.rambaut@ed.ac.uk
                                    
                    David Geffen School of Medicine
                 University of California, Los Angeles
                           msuchard@ucla.edu
                                    
                      Downloads, Help & Resources:
                           http://beast2.org/
                                    
  Source code distributed under the GNU Lesser General Public License:
                   http://github.com/CompEvol/beast2
                                    
                           BEAST developers:
   Alex Alekseyenko, Trevor Bedford, Erik Bloomquist, Joseph Heled, 
 Sebastian Hoehna, Denise Kuehnert, Philippe Lemey, Wai Lok Sibon Li, 
Gerton Lunter, Sidney Markowitz, Vladimir Minin, Michael Defoin Platel, 
          Oliver Pybus, Tim Vaughan, Chieh-Hsi Wu, Walter Xie
                                    
                               Thanks to:
          Roald Forsberg, Beth Shapiro and Korbinian Strimmer

Random number seed: 1591687877695

File: F2.SBE2_v1_2sp.r1.xml seed: 1591687877695 threads: 32
Loading package BEAST v2.6.2
Loading package BEASTLabs v1.9.2
Loading package MODEL_SELECTION v1.5.2
Loading package SNAPP v1.5.0
Loading package BEAST v2.6.2
Alignment(F2)
  40 taxa
  100 sites
  100 patterns

ant: 100 13
bar: 100 41
cur: 100 5
Data(snap.F2)
  3 taxa
  100 sites
  76 patterns

Seq: seq_Amotape_B67127.Tumbes.Amotape
Seq: seq_Amotape_B67201.Tumbes.Amotape
Seq: seq_Canchaque_B72874.Piura.Canchaque
Seq: seq_Canchaque_B72878.Piura.Canchaque
Seq: seq_Porculla_B31685.Piura.Porculla
Seq: seq_Porculla_B72870.Piura.Porculla
Seq: seq_CarpaChavin_B72794.Huanuco.CarpaChavin
Seq: seq_CarpaChavin_B72802.Huanuco.CarpaChavin
Seq: seq_Carpish_B72762.Huanuco.Acomayo
Seq: seq_Carpish_B72773.Huanuco.Mitotambo
Seq: seq_Chavinillo_B72789.Huanuco.Chavinillo
Seq: seq_Chavinillo_B72792.Huanuco.Chavinillo
Seq: seq_Macate_B72807.Ancash.Macate
Seq: seq_Macate_B72815.Ancash.Macate
Seq: seq_Quichas_B72777.Lima.Quichas
Seq: seq_Quichas_B72785.Lima.Quichas
Seq: seq_CorBlanca_NK_171703
Seq: seq_CorBlanca_FMNH_391889
Seq: seq_Huamatanga_B72889.Lima.Huamatanga
Seq: seq_Huamatanga_B72892.Lima.Huamatanga
Seq: seq_Pacar_B72905.Ancash.Pacar
Seq: seq_Pacar_B72912.Ancash.Pacar
Seq: seq_LaQuinua_B72754.Pasco.LaQuinua
Seq: seq_LaQuinua_B72760.Pasco.LaQuinua
Seq: seq_Chinchan_B72895.Ancash.Chinchan
Seq: seq_Chinchan_NK_173896
Seq: seq_curtata_cra.cur.B6032
Seq: seq_curtata_cra.cur.B8175
ant: 99 13
bar: 99 41
cur: 99 5
3 taxa
99 sites with weight 100
77 patterns
Rate prior = gamma
Log Likelihood Correction = -1761.6081026087832
===============================================================================
Citations for this model:

Bouckaert, Remco, Timothy G. Vaughan, Jo?lle Barido-Sottani, Sebasti?n Duch?ne, 
  Mathieu Fourment, Alexandra Gavryushkina, Joseph Heled et al. 
  BEAST 2.5: An advanced software platform for Bayesian evolutionary analysis. 
  PLoS computational biology 15, no. 4 (2019): e1006650.

David Bryant, Remco Bouckaert, Joseph Felsenstein, Noah Rosenberg, Arindam RoyChoudhury. Inferring Species Trees Directly from Biallelic Genetic Markers: Bypassing Gene Trees in a Full Coalescent Analysis. Mol. Biol. Evol. 29(8):1917-1932, 2012

===============================================================================
Starting step 0
Starting step 1
Starting step 2
Starting step 3
Starting step 4
Starting step 6
Starting step 5
Starting step 7
Starting step 8
Starting step 9
Starting step 10
Starting step 11
Starting step 12
Starting step 13
Starting step 14
Starting step 15
Starting step 16
Starting step 17
Starting step 18
Starting step 19
Starting step 20
Starting step 21
Starting step 22
Starting step 23
Finished step 22
Finished step 19
Finished step 15
Finished step 23
Finished step 10
Finished step 4
Finished step 13
Finished step 14
Finished step 11
Finished step 7
Finished step 8
Finished step 9
Finished step 6
Finished step 12
Finished step 5
Finished step 20
Finished step 2
Finished step 3
Finished step 1
Finished step 16
Finished step 0
Finished step 17
Finished step 18
Finished step 21

Loading /home/gseeholzer/nas3/bfd/runs/F2/F2.SBE2_v1_2sp.r1/step0/likelihood.log, burnin 20%, skipping 200 log lines

|---------|---------|---------|---------|---------|---------|---------|---------|
*********************************************************************************

Calculating statistics

|---------|---------|---------|---------|---------|---------|---------|---------|
********************************************************************************

marginalLs[0 ] = -2411.944152861879

Loading /home/gseeholzer/nas3/bfd/runs/F2/F2.SBE2_v1_2sp.r1/step1/likelihood.log, burnin 20%, skipping 200 log lines

|---------|---------|---------|---------|---------|---------|---------|---------|
*********************************************************************************

Calculating statistics

|---------|---------|---------|---------|---------|---------|---------|---------|
********************************************************************************

marginalLs[1 ] = -2412.6907626771626

Loading /home/gseeholzer/nas3/bfd/runs/F2/F2.SBE2_v1_2sp.r1/step2/likelihood.log, burnin 20%, skipping 200 log lines

|---------|---------|---------|---------|---------|---------|---------|---------|
*********************************************************************************

Calculating statistics

|---------|---------|---------|---------|---------|---------|---------|---------|
********************************************************************************

marginalLs[2 ] = -2413.6280617059983

Loading /home/gseeholzer/nas3/bfd/runs/F2/F2.SBE2_v1_2sp.r1/step3/likelihood.log, burnin 20%, skipping 200 log lines

|---------|---------|---------|---------|---------|---------|---------|---------|
*********************************************************************************

Calculating statistics

|---------|---------|---------|---------|---------|---------|---------|---------|
********************************************************************************

marginalLs[3 ] = -2414.447487290629

Loading /home/gseeholzer/nas3/bfd/runs/F2/F2.SBE2_v1_2sp.r1/step4/likelihood.log, burnin 20%, skipping 200 log lines

|---------|---------|---------|---------|---------|---------|---------|---------|
*********************************************************************************

Calculating statistics

|---------|---------|---------|---------|---------|---------|---------|---------|
********************************************************************************

marginalLs[4 ] = -2415.337720944132

Loading /home/gseeholzer/nas3/bfd/runs/F2/F2.SBE2_v1_2sp.r1/step5/likelihood.log, burnin 20%, skipping 200 log lines

|---------|---------|---------|---------|---------|---------|---------|---------|
*********************************************************************************

Calculating statistics

|---------|---------|---------|---------|---------|---------|---------|---------|
********************************************************************************

marginalLs[5 ] = -2416.1464193230404

Loading /home/gseeholzer/nas3/bfd/runs/F2/F2.SBE2_v1_2sp.r1/step6/likelihood.log, burnin 20%, skipping 200 log lines

|---------|---------|---------|---------|---------|---------|---------|---------|
*********************************************************************************

Calculating statistics

|---------|---------|---------|---------|---------|---------|---------|---------|
********************************************************************************

marginalLs[6 ] = -2417.436951306653

Loading /home/gseeholzer/nas3/bfd/runs/F2/F2.SBE2_v1_2sp.r1/step7/likelihood.log, burnin 20%, skipping 200 log lines

|---------|---------|---------|---------|---------|---------|---------|---------|
*********************************************************************************

Calculating statistics

|---------|---------|---------|---------|---------|---------|---------|---------|
********************************************************************************

marginalLs[7 ] = -2418.493862522471

Loading /home/gseeholzer/nas3/bfd/runs/F2/F2.SBE2_v1_2sp.r1/step8/likelihood.log, burnin 20%, skipping 200 log lines

|---------|---------|---------|---------|---------|---------|---------|---------|
*********************************************************************************

Calculating statistics

|---------|---------|---------|---------|---------|---------|---------|---------|
********************************************************************************

marginalLs[8 ] = -2419.6062063101344

Loading /home/gseeholzer/nas3/bfd/runs/F2/F2.SBE2_v1_2sp.r1/step9/likelihood.log, burnin 20%, skipping 200 log lines

|---------|---------|---------|---------|---------|---------|---------|---------|
*********************************************************************************

Calculating statistics

|---------|---------|---------|---------|---------|---------|---------|---------|
********************************************************************************

marginalLs[9 ] = -2421.1139513694475

Loading /home/gseeholzer/nas3/bfd/runs/F2/F2.SBE2_v1_2sp.r1/step10/likelihood.log, burnin 20%, skipping 200 log lines

|---------|---------|---------|---------|---------|---------|---------|---------|
*********************************************************************************

Calculating statistics

|---------|---------|---------|---------|---------|---------|---------|---------|
********************************************************************************

marginalLs[10 ] = -2422.7531885502367

Loading /home/gseeholzer/nas3/bfd/runs/F2/F2.SBE2_v1_2sp.r1/step11/likelihood.log, burnin 20%, skipping 200 log lines

|---------|---------|---------|---------|---------|---------|---------|---------|
*********************************************************************************

Calculating statistics

|---------|---------|---------|---------|---------|---------|---------|---------|
********************************************************************************

marginalLs[11 ] = -2424.6348798846616

Loading /home/gseeholzer/nas3/bfd/runs/F2/F2.SBE2_v1_2sp.r1/step12/likelihood.log, burnin 20%, skipping 200 log lines

|---------|---------|---------|---------|---------|---------|---------|---------|
*********************************************************************************

Calculating statistics

|---------|---------|---------|---------|---------|---------|---------|---------|
********************************************************************************

marginalLs[12 ] = -2426.7827080985307

Loading /home/gseeholzer/nas3/bfd/runs/F2/F2.SBE2_v1_2sp.r1/step13/likelihood.log, burnin 20%, skipping 200 log lines

|---------|---------|---------|---------|---------|---------|---------|---------|
*********************************************************************************

Calculating statistics

|---------|---------|---------|---------|---------|---------|---------|---------|
********************************************************************************

marginalLs[13 ] = -2428.215917333984

Loading /home/gseeholzer/nas3/bfd/runs/F2/F2.SBE2_v1_2sp.r1/step14/likelihood.log, burnin 20%, skipping 200 log lines

|---------|---------|---------|---------|---------|---------|---------|---------|
*********************************************************************************

Calculating statistics

|---------|---------|---------|---------|---------|---------|---------|---------|
********************************************************************************

marginalLs[14 ] = -2429.710217728322

Loading /home/gseeholzer/nas3/bfd/runs/F2/F2.SBE2_v1_2sp.r1/step15/likelihood.log, burnin 20%, skipping 143 log lines

|---------|---------|---------|---------|---------|---------|---------|---------|
*********************************************************************************

Calculating statistics

|---------|---------|---------|---------|---------|---------|---------|---------|
********************************************************************************

marginalLs[15 ] = -2431.835231086936

Loading /home/gseeholzer/nas3/bfd/runs/F2/F2.SBE2_v1_2sp.r1/step16/likelihood.log, burnin 20%, skipping 200 log lines

|---------|---------|---------|---------|---------|---------|---------|---------|
*********************************************************************************

Calculating statistics

|---------|---------|---------|---------|---------|---------|---------|---------|
********************************************************************************

marginalLs[16 ] = -2433.028447023617

Loading /home/gseeholzer/nas3/bfd/runs/F2/F2.SBE2_v1_2sp.r1/step17/likelihood.log, burnin 20%, skipping 200 log lines

|---------|---------|---------|---------|---------|---------|---------|---------|
*********************************************************************************

Calculating statistics

|---------|---------|---------|---------|---------|---------|---------|---------|
********************************************************************************

marginalLs[17 ] = -2433.492089116669

Loading /home/gseeholzer/nas3/bfd/runs/F2/F2.SBE2_v1_2sp.r1/step18/likelihood.log, burnin 20%, skipping 200 log lines

|---------|---------|---------|---------|---------|---------|---------|---------|
*********************************************************************************

Calculating statistics

|---------|---------|---------|---------|---------|---------|---------|---------|
********************************************************************************

marginalLs[18 ] = -2434.8985176326623

Loading /home/gseeholzer/nas3/bfd/runs/F2/F2.SBE2_v1_2sp.r1/step19/likelihood.log, burnin 20%, skipping 94 log lines

|---------|---------|---------|---------|---------|---------|---------|---------|
*********************************************************************************

Calculating statistics

|---------|---------|---------|---------|---------|---------|---------|---------|
********************************************************************************

marginalLs[19 ] = -2435.3416245268427

Loading /home/gseeholzer/nas3/bfd/runs/F2/F2.SBE2_v1_2sp.r1/step20/likelihood.log, burnin 20%, skipping 200 log lines

|---------|---------|---------|---------|---------|---------|---------|---------|
*********************************************************************************

Calculating statistics

|---------|---------|---------|---------|---------|---------|---------|---------|
********************************************************************************

marginalLs[20 ] = -2435.744319936636

Loading /home/gseeholzer/nas3/bfd/runs/F2/F2.SBE2_v1_2sp.r1/step21/likelihood.log, burnin 20%, skipping 200 log lines

|---------|---------|---------|---------|---------|---------|---------|---------|
*********************************************************************************

Calculating statistics

|---------|---------|---------|---------|---------|---------|---------|---------|
********************************************************************************

marginalLs[21 ] = -2435.8283119459065

Loading /home/gseeholzer/nas3/bfd/runs/F2/F2.SBE2_v1_2sp.r1/step22/likelihood.log, burnin 20%, skipping 98 log lines

|---------|---------|---------|---------|---------|---------|---------|---------|
********************************************************************************

Calculating statistics

|---------|---------|---------|---------|---------|---------|---------|---------|
********************************************************************************

marginalLs[22 ] = -2437.094826079859

Loading /home/gseeholzer/nas3/bfd/runs/F2/F2.SBE2_v1_2sp.r1/step23/likelihood.log, burnin 20%, skipping 143 log lines

|---------|---------|---------|---------|---------|---------|---------|---------|
*********************************************************************************

Calculating statistics

|---------|---------|---------|---------|---------|---------|---------|---------|
********************************************************************************

marginalLs[23 ] = -2436.485604590324

Step        theta         likelihood   contribution ESS
0            1            -2411.9442   0            801          
1            0.8623       -2412.6908   -332.2221    801          
2            0.7384       -2413.6281   -298.9009    669.3477     
3            0.6276       -2414.4475   -267.5558    801          
4            0.529        -2415.3377   -238.1811    801          
5            0.4417       -2416.1464   -210.7292    738.3066     
6            0.3651       -2417.437    -185.2062    801          
7            0.2983       -2418.4939   -161.5173    769.1099     
8            0.2406       -2419.6062   -139.6654    801          
9            0.1911       -2421.114    -119.6212    801          
10           0.1493       -2422.7532   -101.3186    617.3606     
11           0.1143       -2424.6349   -84.74       694.9159     
12           0.0855       -2426.7827   -69.8295     760.0432     
13           0.0623       -2428.2159   -56.517      801          
14           0.0438       -2429.7102   -44.7881     756.9011     
15           0.0296       -2431.8352   -34.5924     422.2255     
16           0.019        -2433.0284   -25.8595     736.1616     
17           0.0113       -2433.4921   -18.5373     639.7649     
18           0.0062       -2434.8985   -12.5767     715.3816     
19           0.0029       -2435.3416   -7.8929      263.0062     
20           0.0011       -2435.7443   -4.4102      605.6685     
21           0.0003       -2435.8283   -2.0317      542.3416     
22           0            -2437.0948   -0.6395      233.5167     
23           0            -2436.4856   -0.0704      574          
sum(ESS) = 16146.0515  

marginal L estimate = -2417.4029403893796


Total wall time: 86375 seconds
Done

real	1439m38.125s
user	32736m27.481s
sys	456m46.032s
