pbsworkdir
/home/lmoreira/nas3/bfd/runs/F5
./:/home/lmoreira/programs/miniconda3/condabin:/home/lmoreira/perl5/perlbrew/bin:/home/lmoreira/perl5/perlbrew/perls/perl-5.28.0/bin:/home/lmoreira/programs/H-scan:/home/lmoreira/programs/parallel-20201222/bin:/home/lmoreira/programs/psmc:/home/lmoreira/programs/AGAT/bin:/home/lmoreira/programs/Bio-MUST-Apps-HmmCleaner-0.180750/bin:/home/lmoreira/programs/discoal:/home/lmoreira/programs/diploSHIC:/home/lmoreira/programs/samblaster:/home/lmoreira/nas3/programs/lumpy-sv/bin:/home/lmoreira/nas3/programs/boost_1_57_0:/home/lmoreira/nas3/programs/pandoc/bin:/home/lmoreira/nas3/programs/easySFS:/home/lmoreira/nas3/programs/SNPGenie:/home/lmoreira/nas3/programs/bedops/bin:/home/lmoreira/nas3/programs/gffread:/home/lmoreira/nas3/programs/gmap-2020-03-12/bin:/home/lmoreira/nas3/programs/LDhat:/home/lmoreira/nas3/programs/LDhelmet_v1.10:/home/lmoreira/nas3/programs/gm_et_linux_64:/home/lmoreira/nas3/programs/BRAKER/scripts:/home/lmoreira/nas3/programs/ngsLD:/home/lmoreira/nas3/programs/fastq-pair/build:/home/lmoreira/nas3/programs/fastq_screen_v0.14.0:/home/lmoreira/nas3/programs/iqtree-1.6.8-Linux/bin:/home/lmoreira/nas3/programs/satsuma-code:/home/lmoreira/nas3/programs/bcftools:/home/lmoreira/nas3/programs/mapping-iterative-assembler/bin:/home/lmoreira/nas3/programs/vcf2phylip:/home/lmoreira/nas3/programs/LFMM_CL_v1.5/bin:/home/lmoreira/ANGSD_pipeline/PCAngsd/pcangsd:/home/lmoreira/nas3/programs/angsd/misc:/home/lmoreira/nas3/programs/angsd:/home/lmoreira/nas3/programs/bamUtil/bin:/home/lmoreira/nas2/PopSizeABC/comp_stat/ms:/home/lmoreira/nas3/programs/bioawk:/home/lmoreira/nas3/programs/seqkit:/home/lmoreira/nas3/programs/G-PhoCS/bin:/home/lmoreira/nas3/programs/treemix-1.13/bin:/home/lmoreira/nas3/programs/fastx_toolkit_0.0.13/bin:/home/lmoreira/nas3/programs/PopLDdecay/bin:/home/lmoreira/nas3/programs/plink1.9:/home/lmoreira/nas3/programs/htslib-1.9/bin:/home/lmoreira/nas3/programs/seqtk:/home/lmoreira/nas3/programs/vcftools/bin:/home/lmoreira/nas3/programs/qualimap_v2.2.1:/home/lmoreira/nas3/programs/gatk-4.0.3.0:/home/lmoreira/nas3/programs/fsc26_linux64:/bin:/usr/bin:/usr/local/sbin:/usr/sbin:/opt/pbs/bin:/home/lmoreira/programs/mugsy_x86-64-v1r2.2/:/home/lmoreira/programs/mugsy_x86-64-v1r2.2//mapping:/home/lmoreira/programs/JustOrthologs:/home/lmoreira/programs/beast/bin/:/home/lmoreira/.local/bin:/home/lmoreira/bin
Mon Nov 22 22:55:11 EST 2021

real	0m0.000s
user	0m0.000s
sys	0m0.000s

                        BEAST v2.6.6, 2002-2021
             Bayesian Evolutionary Analysis Sampling Trees
                       Designed and developed by
 Remco Bouckaert, Alexei J. Drummond, Andrew Rambaut & Marc A. Suchard
                                    
                   Centre for Computational Evolution
                         University of Auckland
                       r.bouckaert@auckland.ac.nz
                        alexei@cs.auckland.ac.nz
                                    
                   Institute of Evolutionary Biology
                        University of Edinburgh
                           a.rambaut@ed.ac.uk
                                    
                    David Geffen School of Medicine
                 University of California, Los Angeles
                           msuchard@ucla.edu
                                    
                      Downloads, Help & Resources:
                           http://beast2.org/
                                    
  Source code distributed under the GNU Lesser General Public License:
                   http://github.com/CompEvol/beast2
                                    
                           BEAST developers:
   Alex Alekseyenko, Trevor Bedford, Erik Bloomquist, Joseph Heled, 
 Sebastian Hoehna, Denise Kuehnert, Philippe Lemey, Wai Lok Sibon Li, 
Gerton Lunter, Sidney Markowitz, Vladimir Minin, Michael Defoin Platel, 
          Oliver Pybus, Tim Vaughan, Chieh-Hsi Wu, Walter Xie
                                    
                               Thanks to:
          Roald Forsberg, Beth Shapiro and Korbinian Strimmer

Random number seed: 1637639711887

File: F5.EXT_v24_2sp.r1.xml seed: 1637639711887 threads: 32
Loading package BEAST v2.6.6
Loading package BEASTLabs v1.9.7
Loading package MODEL_SELECTION v1.5.3
Loading package SNAPP v1.5.2
Loading package BEAST v2.6.6
Alignment(bfd)
  40 taxa
  100 sites
  100 patterns

ant: 100 13
bar: 100 21
cur: 100 5
Data(snap.bfd)
  3 taxa
  100 sites
  73 patterns

Seq: seq_Amotape_B67243.Tumbes.Amotape
Seq: seq_Amotape_B67257.Tumbes.Amotape4
Seq: seq_Canchaque_B72873.Piura.Canchaque4
Seq: seq_Canchaque_B72878.Piura.Canchaque7
Seq: seq_Porculla_B72863.Piura.Porculla
Seq: seq_Porculla_B72866.Piura.Porculla4
Seq: seq_Carpish_B72761.Huanuco.Acomayo3
Seq: seq_Carpish_B72772.Huanuco.Mitotambo2
Seq: seq_Chavinillo_B72789.Huanuco.Chavinillo3
Seq: seq_Chavinillo_B72792.Huanuco.Chavinillo4
Seq: seq_Quichas_B72777.Lima.Quichas2
Seq: seq_Quichas_B72778.Lima.Quichas
Seq: seq_Huamatanga_B72889.Lima.Huamatanga7
Seq: seq_Huamatanga_B72892.Lima.Huamatanga7
Seq: seq_LaQuinua_B72753.Pasco.LaQuinua1
Seq: seq_LaQuinua_B72756.Pasco.LaQuinua3
Seq: seq_curtata_cra.cur.B60322
Seq: seq_curtata_cra.cur.B81753
ant: 98 13
bar: 98 21
cur: 98 5
3 taxa
98 sites with weight 100
74 patterns
Rate prior = gamma
Log Likelihood Correction = -949.0266254619074
===============================================================================
Citations for this model:

Bouckaert, Remco, Timothy G. Vaughan, Jo?lle Barido-Sottani, Sebasti?n Duch?ne, Mathieu Fourment, 
Alexandra Gavryushkina, Joseph Heled, Graham Jones, Denise K?hnert, Nicola De Maio, Michael Matschiner, 
F?bio K. Mendes, Nicola F. M?ller, Huw A. Ogilvie, Louis du Plessis, Alex Popinga, Andrew Rambaut, 
David Rasmussen, Igor Siveroni, Marc A. Suchard, Chieh-Hsi Wu, Dong Xie, Chi Zhang, Tanja Stadler, 
Alexei J. Drummond 
  BEAST 2.5: An advanced software platform for Bayesian evolutionary analysis. 
  PLoS computational biology 15, no. 4 (2019): e1006650.

David Bryant, Remco Bouckaert, Joseph Felsenstein, Noah Rosenberg, Arindam RoyChoudhury. Inferring Species Trees Directly from Biallelic Genetic Markers: Bypassing Gene Trees in a Full Coalescent Analysis. Mol. Biol. Evol. 29(8):1917-1932, 2012

===============================================================================
Starting step 0
Starting step 1
Starting step 2
Starting step 3
Starting step 4
Starting step 5
Starting step 6
Starting step 7
Starting step 8
Starting step 9
Starting step 10
Starting step 12
Starting step 11
Starting step 14
Starting step 13
Starting step 15
Starting step 16
Starting step 17
Starting step 18
Starting step 19
Starting step 20
Starting step 21
Starting step 22
Starting step 23
Finished step 4
Finished step 6
Finished step 0
Finished step 3
Finished step 9
Finished step 12
Finished step 13
Finished step 11
Finished step 7
Finished step 14
Finished step 5
Finished step 16
Finished step 10
Finished step 22
Finished step 20
Finished step 19
Finished step 8
Finished step 1
Finished step 2
Finished step 15
Finished step 17
Finished step 21
Finished step 18
Finished step 23

Loading /home/lmoreira/nas3/bfd/runs/F5/F5.EXT_v24_2sp.r1/step0/likelihood.log, burnin 20%, skipping 12 log lines

|---------|---------|---------|---------|---------|---------|---------|---------|
*********************************************************************************

Calculating statistics

|---------|---------|---------|---------|---------|---------|---------|---------|
********************************************************************************

marginalLs[0 ] = -1523.9032737856564

Loading /home/lmoreira/nas3/bfd/runs/F5/F5.EXT_v24_2sp.r1/step1/likelihood.log, burnin 20%, skipping 200 log lines

|---------|---------|---------|---------|---------|---------|---------|---------|
*********************************************************************************

Calculating statistics

|---------|---------|---------|---------|---------|---------|---------|---------|
********************************************************************************

marginalLs[1 ] = -1524.565789083722

Loading /home/lmoreira/nas3/bfd/runs/F5/F5.EXT_v24_2sp.r1/step2/likelihood.log, burnin 20%, skipping 200 log lines

|---------|---------|---------|---------|---------|---------|---------|---------|
*********************************************************************************

Calculating statistics

|---------|---------|---------|---------|---------|---------|---------|---------|
********************************************************************************

marginalLs[2 ] = -1524.9199108891241

Loading /home/lmoreira/nas3/bfd/runs/F5/F5.EXT_v24_2sp.r1/step3/likelihood.log, burnin 20%, skipping 12 log lines

|---------|---------|---------|---------|---------|---------|---------|---------|
*********************************************************************************

Calculating statistics

|---------|---------|---------|---------|---------|---------|---------|---------|
********************************************************************************

marginalLs[3 ] = -1525.3133793556851

Loading /home/lmoreira/nas3/bfd/runs/F5/F5.EXT_v24_2sp.r1/step4/likelihood.log, burnin 20%, skipping 10 log lines

|---------|---------|---------|---------|---------|---------|---------|---------|
*********************************************************************************

Calculating statistics

|---------|---------|---------|---------|---------|---------|---------|---------|
********************************************************************************

marginalLs[4 ] = -1526.5156499734535

Loading /home/lmoreira/nas3/bfd/runs/F5/F5.EXT_v24_2sp.r1/step5/likelihood.log, burnin 20%, skipping 200 log lines

|---------|---------|---------|---------|---------|---------|---------|---------|
*********************************************************************************

Calculating statistics

|---------|---------|---------|---------|---------|---------|---------|---------|
********************************************************************************

marginalLs[5 ] = -1526.9343161229835

Loading /home/lmoreira/nas3/bfd/runs/F5/F5.EXT_v24_2sp.r1/step6/likelihood.log, burnin 20%, skipping 12 log lines

|---------|---------|---------|---------|---------|---------|---------|---------|
*********************************************************************************

Calculating statistics

|---------|---------|---------|---------|---------|---------|---------|---------|
********************************************************************************

marginalLs[6 ] = -1527.2377394443447

Loading /home/lmoreira/nas3/bfd/runs/F5/F5.EXT_v24_2sp.r1/step7/likelihood.log, burnin 20%, skipping 200 log lines

|---------|---------|---------|---------|---------|---------|---------|---------|
*********************************************************************************

Calculating statistics

|---------|---------|---------|---------|---------|---------|---------|---------|
********************************************************************************

marginalLs[7 ] = -1528.2929088654614

Loading /home/lmoreira/nas3/bfd/runs/F5/F5.EXT_v24_2sp.r1/step8/likelihood.log, burnin 20%, skipping 200 log lines

|---------|---------|---------|---------|---------|---------|---------|---------|
*********************************************************************************

Calculating statistics

|---------|---------|---------|---------|---------|---------|---------|---------|
********************************************************************************

marginalLs[8 ] = -1529.405592194143

Loading /home/lmoreira/nas3/bfd/runs/F5/F5.EXT_v24_2sp.r1/step9/likelihood.log, burnin 20%, skipping 200 log lines

|---------|---------|---------|---------|---------|---------|---------|---------|
*********************************************************************************

Calculating statistics

|---------|---------|---------|---------|---------|---------|---------|---------|
********************************************************************************

marginalLs[9 ] = -1530.7382814869225

Loading /home/lmoreira/nas3/bfd/runs/F5/F5.EXT_v24_2sp.r1/step10/likelihood.log, burnin 20%, skipping 200 log lines

|---------|---------|---------|---------|---------|---------|---------|---------|
*********************************************************************************

Calculating statistics

|---------|---------|---------|---------|---------|---------|---------|---------|
********************************************************************************

marginalLs[10 ] = -1532.0983748664228

Loading /home/lmoreira/nas3/bfd/runs/F5/F5.EXT_v24_2sp.r1/step11/likelihood.log, burnin 20%, skipping 200 log lines

|---------|---------|---------|---------|---------|---------|---------|---------|
*********************************************************************************

Calculating statistics

|---------|---------|---------|---------|---------|---------|---------|---------|
********************************************************************************

marginalLs[11 ] = -1533.625066973954

Loading /home/lmoreira/nas3/bfd/runs/F5/F5.EXT_v24_2sp.r1/step12/likelihood.log, burnin 20%, skipping 200 log lines

|---------|---------|---------|---------|---------|---------|---------|---------|
*********************************************************************************

Calculating statistics

|---------|---------|---------|---------|---------|---------|---------|---------|
********************************************************************************

marginalLs[12 ] = -1535.2667754347822

Loading /home/lmoreira/nas3/bfd/runs/F5/F5.EXT_v24_2sp.r1/step13/likelihood.log, burnin 20%, skipping 200 log lines

|---------|---------|---------|---------|---------|---------|---------|---------|
*********************************************************************************

Calculating statistics

|---------|---------|---------|---------|---------|---------|---------|---------|
********************************************************************************

marginalLs[13 ] = -1537.500372550286

Loading /home/lmoreira/nas3/bfd/runs/F5/F5.EXT_v24_2sp.r1/step14/likelihood.log, burnin 20%, skipping 200 log lines

|---------|---------|---------|---------|---------|---------|---------|---------|
*********************************************************************************

Calculating statistics

|---------|---------|---------|---------|---------|---------|---------|---------|
********************************************************************************

marginalLs[14 ] = -1539.2831818619845

Loading /home/lmoreira/nas3/bfd/runs/F5/F5.EXT_v24_2sp.r1/step15/likelihood.log, burnin 20%, skipping 200 log lines

|---------|---------|---------|---------|---------|---------|---------|---------|
*********************************************************************************

Calculating statistics

|---------|---------|---------|---------|---------|---------|---------|---------|
********************************************************************************

marginalLs[15 ] = -1539.984154167933

Loading /home/lmoreira/nas3/bfd/runs/F5/F5.EXT_v24_2sp.r1/step16/likelihood.log, burnin 20%, skipping 200 log lines

|---------|---------|---------|---------|---------|---------|---------|---------|
*********************************************************************************

Calculating statistics

|---------|---------|---------|---------|---------|---------|---------|---------|
********************************************************************************

marginalLs[16 ] = -1541.3496143442399

Loading /home/lmoreira/nas3/bfd/runs/F5/F5.EXT_v24_2sp.r1/step17/likelihood.log, burnin 20%, skipping 200 log lines

|---------|---------|---------|---------|---------|---------|---------|---------|
*********************************************************************************

Calculating statistics

|---------|---------|---------|---------|---------|---------|---------|---------|
********************************************************************************

marginalLs[17 ] = -1542.740266002749

Loading /home/lmoreira/nas3/bfd/runs/F5/F5.EXT_v24_2sp.r1/step18/likelihood.log, burnin 20%, skipping 200 log lines

|---------|---------|---------|---------|---------|---------|---------|---------|
*********************************************************************************

Calculating statistics

|---------|---------|---------|---------|---------|---------|---------|---------|
********************************************************************************

marginalLs[18 ] = -1543.5497250090202

Loading /home/lmoreira/nas3/bfd/runs/F5/F5.EXT_v24_2sp.r1/step19/likelihood.log, burnin 20%, skipping 200 log lines

|---------|---------|---------|---------|---------|---------|---------|---------|
*********************************************************************************

Calculating statistics

|---------|---------|---------|---------|---------|---------|---------|---------|
********************************************************************************

marginalLs[19 ] = -1543.6981889494482

Loading /home/lmoreira/nas3/bfd/runs/F5/F5.EXT_v24_2sp.r1/step20/likelihood.log, burnin 20%, skipping 200 log lines

|---------|---------|---------|---------|---------|---------|---------|---------|
*********************************************************************************

Calculating statistics

|---------|---------|---------|---------|---------|---------|---------|---------|
********************************************************************************

marginalLs[20 ] = -1543.5217998375829

Loading /home/lmoreira/nas3/bfd/runs/F5/F5.EXT_v24_2sp.r1/step21/likelihood.log, burnin 20%, skipping 200 log lines

|---------|---------|---------|---------|---------|---------|---------|---------|
*********************************************************************************

Calculating statistics

|---------|---------|---------|---------|---------|---------|---------|---------|
********************************************************************************

marginalLs[21 ] = -1543.511920544252

Loading /home/lmoreira/nas3/bfd/runs/F5/F5.EXT_v24_2sp.r1/step22/likelihood.log, burnin 20%, skipping 200 log lines

|---------|---------|---------|---------|---------|---------|---------|---------|
*********************************************************************************

Calculating statistics

|---------|---------|---------|---------|---------|---------|---------|---------|
********************************************************************************

marginalLs[22 ] = -1544.4782155493826

Loading /home/lmoreira/nas3/bfd/runs/F5/F5.EXT_v24_2sp.r1/step23/likelihood.log, burnin 20%, skipping 200 log lines

|---------|---------|---------|---------|---------|---------|---------|---------|
*********************************************************************************

Calculating statistics

|---------|---------|---------|---------|---------|---------|---------|---------|
********************************************************************************

marginalLs[23 ] = -1544.2863905758995

Step        theta         likelihood   contribution ESS
0            1            -1523.9033   0            49           
1            0.8623       -1524.5658   -209.9316    737.6366     
2            0.7384       -1524.9199   -188.849     801          
3            0.6276       -1525.3134   -169.0292    37.8022      
4            0.529        -1526.5156   -150.5246    43           
5            0.4417       -1526.9343   -133.1674    759.2789     
6            0.3651       -1527.2377   -116.9982    48           
7            0.2983       -1528.2929   -102.064     801          
8            0.2406       -1529.4056   -88.2731     801          
9            0.1911       -1530.7383   -75.6172     801          
10           0.1493       -1532.0984   -64.0649     612.8141     
11           0.1143       -1533.6251   -53.5884     800.2525     
12           0.0855       -1535.2668   -44.1668     752.7247     
13           0.0623       -1537.5004   -35.7766     719.335      
14           0.0438       -1539.2832   -28.3688     652.1886     
15           0.0296       -1539.9842   -21.9041     746.9175     
16           0.019        -1541.3496   -16.3809     594.7601     
17           0.0113       -1542.7403   -11.7511     615.8508     
18           0.0062       -1543.5497   -7.9725      620.1226     
19           0.0029       -1543.6982   -5.003       687.1541     
20           0.0011       -1543.5218   -2.7947      526.51       
21           0.0003       -1543.5119   -1.2874      565.8175     
22           0            -1544.4782   -0.4053      665.9451     
23           0            -1544.2864   -0.0446      631.9721     
sum(ESS) = 14071.0824  

marginal L estimate = -1527.9633770883152


Total wall time: 23568 seconds
Done

real	392m49.769s
user	8352m5.715s
sys	41m51.999s
