#
#model:
#
#<?xml version="1.0" encoding="UTF-8" standalone="no"?><input id="posterior" spec="beast.core.util.CompoundDistribution">
#    <distribution id="prior" spec="beast.core.util.CompoundDistribution">
#        <prior id="lambdaPrior.bfd" name="distribution">
#            <parameter id="lambda" lower="0.0" name="x" spec="beast.core.parameter.RealParameter">0.01</parameter>
#            <Gamma id="Gamma.0" name="distr">
#                <parameter estimate="false" id="RealParameter.1" name="alpha" spec="beast.core.parameter.RealParameter">2.0</parameter>
#                <parameter estimate="false" id="RealParameter.2" name="beta" spec="beast.core.parameter.RealParameter">200.0</parameter>
#            </Gamma>
#        </prior>
#        <distribution id="snapprior.bfd" lambda="@lambda" spec="snap.likelihood.SnAPPrior">
#            <parameter estimate="false" id="alpha" lower="0.0" name="alpha" spec="beast.core.parameter.RealParameter">11.75</parameter>
#            <parameter estimate="false" id="beta" lower="0.0" name="beta" spec="beast.core.parameter.RealParameter">109.73</parameter>
#            <parameter estimate="false" id="kappa" lower="0.0" name="kappa" spec="beast.core.parameter.RealParameter">1.0</parameter>
#            <parameter id="coalescenceRate" name="coalescenceRate" spec="beast.core.parameter.RealParameter">10.0</parameter>
#            <tree clusterType="upgma" id="Tree.bfd" nodetype="snap.NodeData" spec="beast.util.ClusterTree">
#                <taxa dataType="integerdata" id="snap.bfd" spec="snap.Data">
#                    <taxonset id="ant" spec="beast.evolution.alignment.TaxonSet">
#                        <taxon id="CarpaChavin_B72793.Huanuco.CarpaChavin" spec="beast.evolution.alignment.Taxon"/>
#                        <taxon id="CarpaChavin_B72795.Huanuco.CarpaChavin" spec="beast.evolution.alignment.Taxon"/>
#                        <taxon id="Carpish_B72761.Huanuco.Acomayo" spec="beast.evolution.alignment.Taxon"/>
#                        <taxon id="Carpish_B72772.Huanuco.Mitotambo" spec="beast.evolution.alignment.Taxon"/>
#                        <taxon id="ElMolino_B72830.LaLibertad.ElMolino" spec="beast.evolution.alignment.Taxon"/>
#                        <taxon id="ElMolino_B72834.LaLibertad.ElMolino" spec="beast.evolution.alignment.Taxon"/>
#                        <taxon id="Amotape_B67243.Tumbes.Amotape" spec="beast.evolution.alignment.Taxon"/>
#                        <taxon id="Amotape_B67257.Tumbes.Amotape" spec="beast.evolution.alignment.Taxon"/>
#                        <taxon id="Celendin_B72843.Cajamarca.Celendin" spec="beast.evolution.alignment.Taxon"/>
#                        <taxon id="Celendin_B72848.Cajamarca.Celendin" spec="beast.evolution.alignment.Taxon"/>
#                        <taxon id="Duraznopampa_B72852.Amazonas.Duraznopampa" spec="beast.evolution.alignment.Taxon"/>
#                        <taxon id="Duraznopampa_B72861.Amazonas.Duraznopampa" spec="beast.evolution.alignment.Taxon"/>
#                        <taxon id="Chavinillo_B72789.Huanuco.Chavinillo" spec="beast.evolution.alignment.Taxon"/>
#                        <taxon id="Chavinillo_B72792.Huanuco.Chavinillo" spec="beast.evolution.alignment.Taxon"/>
#                        <taxon id="Macate_B72807.Ancash.Macate" spec="beast.evolution.alignment.Taxon"/>
#                        <taxon id="Macate_B72814.Ancash.Macate" spec="beast.evolution.alignment.Taxon"/>
#                        <taxon id="Quichas_B72777.Lima.Quichas" spec="beast.evolution.alignment.Taxon"/>
#                        <taxon id="Quichas_B72778.Lima.Quichas" spec="beast.evolution.alignment.Taxon"/>
#                        <taxon id="Canchaque_B72873.Piura.Canchaque" spec="beast.evolution.alignment.Taxon"/>
#                        <taxon id="Canchaque_B72878.Piura.Canchaque" spec="beast.evolution.alignment.Taxon"/>
#                        <taxon id="CorBlanca_NK_171703" spec="beast.evolution.alignment.Taxon"/>
#                        <taxon id="CorBlanca_FMNH_391888" spec="beast.evolution.alignment.Taxon"/>
#                        <taxon id="Suyubamba_B72820.LaLibertad.Suyubamba" spec="beast.evolution.alignment.Taxon"/>
#                        <taxon id="Suyubamba_B72821.LaLibertad.Suyubamba" spec="beast.evolution.alignment.Taxon"/>
#                        <taxon id="Huamatanga_B72889.Lima.Huamatanga" spec="beast.evolution.alignment.Taxon"/>
#                        <taxon id="Huamatanga_B72892.Lima.Huamatanga" spec="beast.evolution.alignment.Taxon"/>
#                        <taxon id="Contumaza_B72841.Cajamarca.Contumaza" spec="beast.evolution.alignment.Taxon"/>
#                        <taxon id="Contumaza_NK_172033" spec="beast.evolution.alignment.Taxon"/>
#                        <taxon id="Pacar_B72907.Ancash.Pacar" spec="beast.evolution.alignment.Taxon"/>
#                        <taxon id="Pacar_B72909.Ancash.Pacar" spec="beast.evolution.alignment.Taxon"/>
#                        <taxon id="Porculla_B72863.Piura.Porculla" spec="beast.evolution.alignment.Taxon"/>
#                        <taxon id="Porculla_B72866.Piura.Porculla" spec="beast.evolution.alignment.Taxon"/>
#                        <taxon id="LaQuinua_B72753.Pasco.LaQuinua" spec="beast.evolution.alignment.Taxon"/>
#                        <taxon id="LaQuinua_B72756.Pasco.LaQuinua" spec="beast.evolution.alignment.Taxon"/>
#                        <taxon id="Chinchan_B72900.Ancash.Chinchan" spec="beast.evolution.alignment.Taxon"/>
#                        <taxon id="Chinchan_NK_173896" spec="beast.evolution.alignment.Taxon"/>
#                    </taxonset>
#                    <taxonset id="cur" spec="beast.evolution.alignment.TaxonSet">
#                        <taxon id="curtata_cra.cur.B6032" spec="beast.evolution.alignment.Taxon"/>
#                        <taxon id="curtata_cra.cur.B8175" spec="beast.evolution.alignment.Taxon"/>
#                    </taxonset>
#                </taxa>
#                <parameter id="RealParameter.0" lower="0.0" name="clock.rate" spec="beast.core.parameter.RealParameter" upper="0.0">1.0</parameter>
#            </tree>
#        </distribution>
#    </distribution>
#    <distribution id="likelihood" spec="beast.core.util.CompoundDistribution">
#        <distribution data="@snap.bfd" id="treeLikelihood.bfd" non-polymorphic="false" pattern="coalescenceRate" spec="snap.likelihood.SnAPTreeLikelihood" tree="@Tree.bfd">
#            <siteModel id="MutationSiteModel.bfd" spec="beast.evolution.sitemodel.SiteModel">
#                <parameter estimate="false" id="mutationRate" name="mutationRate" spec="beast.core.parameter.RealParameter">1.0</parameter>
#                <parameter estimate="false" id="shape" name="shape" spec="beast.core.parameter.RealParameter">2.0</parameter>
#                <parameter estimate="false" id="proportionInvariant" name="proportionInvariant" spec="beast.core.parameter.RealParameter">0.0</parameter>
#                <substModel coalescenceRate="@coalescenceRate" id="MutationModel" spec="snap.likelihood.SnapSubstitutionModel">
#                    <parameter estimate="false" id="u" lower="0.0" name="mutationRateU" spec="beast.core.parameter.RealParameter">1.0</parameter>
#                    <parameter id="v" lower="0.0" name="mutationRateV" spec="beast.core.parameter.RealParameter">1.0</parameter>
#                </substModel>
#            </siteModel>
#        </distribution>
#    </distribution>
#</input>
#
Sample	posterior	likelihood	prior	theta0	theta1	theta2	TreeHeightLogger
0	-3300.028030918807	-3148.98707934536	-151.04095157344685	0.07622348683923585	0.11250868037454127	0.17491199991109116	0.0015923736239326475
1000	-3301.1049123821094	-3148.3295869592025	-152.77532542290714	0.1049736636196665	0.08360086702991945	0.21855826426549704	0.0019370595558139206
2000	-3302.921898266604	-3148.625330434527	-154.29656783207716	0.04383717885547394	0.10690894256657231	0.1346314081483885	9.516674915231338E-4
3000	-3301.520208015569	-3150.966607892185	-150.55360012338411	0.060588434852761615	0.10727266902460131	0.13827005455224012	4.895098464312214E-4
4000	-3304.2094884374574	-3149.4058950849285	-154.8035933525288	0.09492126986031711	0.040219613114502846	0.15800947839845148	0.0012256624705019971
5000	-3304.2622904253585	-3150.974834584752	-153.28745584060636	0.14131519447424726	0.0524582073955859	0.16148664138142277	0.002483921905349533
6000	-3300.0054079209795	-3149.41133464465	-150.59407327632925	0.09703717347148601	0.1108953603979529	0.18130116014994088	0.0017526925905418703
7000	-3304.0383460459293	-3152.5212567451717	-151.5170893007576	0.080186113680539	0.09324554607029652	0.1477450682122641	0.003765013317587712
8000	-3302.0633817369817	-3151.7018342216174	-150.36154751536415	0.06710202253933881	0.10015641560212683	0.10811436057195904	0.0010990523092586988
9000	-3302.1883271063	-3148.7793168375506	-153.40901026874963	0.08477928342792711	0.08900579817127621	0.2044949393913048	0.002344873104678821
10000	-3301.5835315991367	-3150.1048825838725	-151.47864901526424	0.054648793693378335	0.13915009653608149	0.12085707456629703	9.737169489114893E-4
11000	-3301.9467772255784	-3151.7934754990106	-150.15330172656792	0.13766362210636332	0.09274013561307612	0.17545626976398193	8.120917829343603E-4
12000	-3304.039898868625	-3149.15397339956	-154.88592546906509	0.12685844993429393	0.10547262359055892	0.24904706469496365	9.739093400147231E-4
13000	-3301.642458569461	-3149.6167124769863	-152.0257460924746	0.09273111196612775	0.0596820946794156	0.16281751823149587	0.001196109667869003
14000	-3302.7473477024732	-3147.913265099767	-154.83408260270588	0.060668610075337824	0.07991335478161013	0.20471721562868317	0.001584348658421873
15000	-3301.220964073535	-3148.6273826011584	-152.59358147237657	0.054478797891755595	0.11313284634740559	0.1631362673266924	0.001374704602544031
16000	-3300.760066526049	-3148.4438862530287	-152.3161802730199	0.07190182377452256	0.07479723295764934	0.18539606678473086	9.37954076734851E-4
17000	-3301.743023860607	-3151.063134264702	-150.6798895959049	0.05896392312226795	0.12999164038179592	0.13609962512950372	4.754030905217323E-4
18000	-3305.295728879165	-3150.2504188763687	-155.04531000279613	0.08201049050347425	0.05027537014718269	0.16875798039135004	5.83063567335423E-4
19000	-3301.8645881959055	-3150.782786734768	-151.0818014611377	0.05851266372940055	0.11798585580553451	0.11313666453486775	0.0011065046869645097
20000	-3299.996771502314	-3150.637862603711	-149.35890889860318	0.09337827550346335	0.10726333486751077	0.15324414438931225	0.0011214337820215738
21000	-3302.899141968447	-3152.7538973753144	-150.14524459313267	0.0985436032421325	0.13451525018776261	0.1751261643309593	1.2822182225311537E-4
22000	-3299.9277950691676	-3149.4639502490354	-150.4638448201324	0.08585367666912472	0.09332349583035138	0.17596533855070962	9.997649044417472E-4
23000	-3302.997474398382	-3148.1390820570614	-154.85839234132092	0.062387313805060976	0.07177076446083287	0.20948101453693993	0.0018648322682824118
24000	-3301.534491311191	-3149.185064812626	-152.34942649856472	0.0528615994853598	0.15100348467699645	0.14260951681544737	7.847012783852472E-4
25000	-3302.7360474566103	-3151.0447085312344	-151.69133892537604	0.05547074725606243	0.112791744705209	0.10561908323929492	0.0011122061561999479
26000	-3304.4654100304897	-3150.182221738069	-154.28318829242045	0.10225003218096561	0.045857835858147206	0.15917373311663707	0.0030028364684551085
27000	-3302.653169134946	-3147.559078828987	-155.094090305959	0.041556196030707974	0.12125896393019589	0.18936871955511642	9.615787505700136E-4
28000	-3300.495446618355	-3148.474662766827	-152.02078385152788	0.07432227325585569	0.08547542321931316	0.1818820551197738	0.0014700722023964514
29000	-3300.5068648855054	-3150.745984444863	-149.76088044064238	0.09484099563878348	0.09355373369073693	0.16088084133286817	8.786812553091059E-4
30000	-3305.0506438807656	-3151.9532758644377	-153.09736801632783	0.12379893603618232	0.04931980157748459	0.14608381084278826	0.0010239236237573
31000	-3301.4828049161383	-3148.8815665403	-152.60123837583848	0.08828285832296025	0.10727418645454179	0.1947347459909679	0.0011210094750679401
32000	-3303.011300671273	-3149.5902197037635	-153.42108096750962	0.12970572325961136	0.09295249347481604	0.2211089790200062	0.003862607274256794
33000	-3300.7600372410047	-3151.3069357737413	-149.45310146726356	0.08679254370143917	0.10446145820390935	0.15629337102764287	6.250108213614803E-4
34000	-3301.7104450819247	-3149.2647481279278	-152.4456969539969	0.0771926986057866	0.06564635146951373	0.15370997968521516	0.0015860324768923514
35000	-3301.132164093869	-3150.925486287707	-150.20667780616208	0.09710447973438961	0.10008936177096381	0.16813719253715306	7.476573937047697E-4
36000	-3300.2743107734163	-3148.80955898566	-151.4647517877567	0.10002378469390999	0.1231978202480587	0.20911580502236637	0.0014065284507561765
37000	-3306.723016430338	-3149.906806025576	-156.81621040476213	0.12455001080864539	0.045632912758242654	0.18985323452025285	9.548687413914494E-4
38000	-3301.2838281805757	-3150.092182554479	-151.1916456260966	0.08621302408527169	0.09132259319038437	0.17188138636826045	0.00277848004930669
39000	-3306.7832107205636	-3149.182146819641	-157.6010639009228	0.02828587382750559	0.07807452240477525	0.1449259293920922	2.466708746395394E-4
40000	-3301.929474712975	-3151.644209235167	-150.28526547780797	0.09466682630064899	0.15204994185877893	0.14113041974610893	0.0020376513409608847
41000	-3302.015007454891	-3150.0112921715545	-152.00371528333633	0.06850211178667776	0.06275889463634997	0.13166006944049485	0.0010007194235412728
42000	-3301.886422574594	-3150.0656856902015	-151.8207368843924	0.10680828290222615	0.0716476706954912	0.16659823728093276	0.0024164725518733103
43000	-3303.3297545415203	-3147.7224913630666	-155.60726317845382	0.05384288836895677	0.08363052996379577	0.23214274461578102	5.706902635786881E-4
44000	-3301.577013825838	-3150.0097366715054	-151.56727715433283	0.08807897116501344	0.12049319105023372	0.1670439822625662	0.0021674201847040435
45000	-3302.353550310992	-3150.407656948449	-151.94589336254285	0.07505582873692439	0.0700335324416844	0.14016825049120346	0.002253052192381959
46000	-3301.810172819541	-3148.612763192632	-153.19740962690904	0.10463324308517656	0.06950513032134181	0.19937207312638852	0.00205200595417561
47000	-3302.8089687771826	-3148.195837590288	-154.61313118689426	0.08316913883216893	0.15791190165060642	0.2493184051750976	9.289869528511507E-4
48000	-3299.769614676073	-3149.3888996777905	-150.38071499828277	0.08714823847709018	0.10739137486788387	0.17152706102392684	0.0015906458568196386
49000	-3301.7154703112374	-3148.7371553257785	-152.97831498545864	0.0482242861996446	0.13739000524459052	0.14618661102498362	0.0011240092221410996
50000	-3302.33884732999	-3149.2895425272172	-153.04930480277298	0.05937147384776598	0.06252738247137504	0.13327105068630188	0.0013450858774244987
51000	-3301.3147355218407	-3148.4271555360474	-152.8875799857931	0.0587637366678097	0.08807597407576478	0.17205668154306974	0.0014908684636879624
52000	-3300.161918679228	-3149.2154228619193	-150.94649581730894	0.09695140279628692	0.09087228402323275	0.19311579411783444	0.001084030983902681
53000	-3301.07926366153	-3150.7304162823475	-150.3488473791827	0.11242100339233013	0.09477095337496468	0.1600512975233157	0.0019163523238607556
54000	-3304.281166218185	-3152.1126437288212	-152.1685224893637	0.05408048457133368	0.14750593923561414	0.11027342655721405	4.3806817588984854E-4
55000	-3302.8945896726827	-3153.2734264202986	-149.6211632523841	0.07135465717645785	0.10126386319431405	0.114425716889453	4.058445524884849E-4
56000	-3301.7085360050096	-3151.1464501701594	-150.56208583485017	0.08405128525076336	0.0948106143628706	0.15139517959645668	6.793021059498269E-4
57000	-3301.305663746243	-3152.1463071724306	-149.15935657381272	0.11980921277459601	0.1166329402281554	0.14528358117883441	0.001773734795624774
58000	-3301.088852117505	-3150.9905089327594	-150.09834318474591	0.08558428852373427	0.15054159609460624	0.14220375530532617	0.0011892359485983692
59000	-3303.7575640983086	-3147.7893911543406	-155.96817294396783	0.058432444503537004	0.09313440559949113	0.2340856289406274	6.281292491433032E-4
60000	-3301.3048154255516	-3149.664737178118	-151.64007824743385	0.06064815738831771	0.10643090650754172	0.14738376446255838	6.858607606658922E-4
61000	-3302.158916719323	-3150.423517701527	-151.73539901779586	0.11746493838475033	0.13164388452463338	0.18939724015726822	0.0010906813179581629
62000	-3302.2930067957795	-3149.1673456249123	-153.1256611708671	0.08051749763912268	0.053893907115633154	0.17122628444654994	8.499236711247903E-4
63000	-3303.0066614929037	-3148.7947717250872	-154.21188976781642	0.06167863795410949	0.061156386186500614	0.1882416993012357	5.594426637172402E-4
64000	-3306.5195202657496	-3151.5480142413744	-154.97150602437543	0.056403824152572724	0.1970823409080403	0.1020661822479522	0.001020484399472352
65000	-3301.6660033397447	-3149.217144795346	-152.44885854439872	0.06743671933497124	0.11453902535305936	0.1618969200942564	0.0016204027778339237
66000	-3304.17919813891	-3149.1787105409057	-155.00048759800458	0.06992012003124992	0.10429197627166133	0.18091728627397685	7.243539949392131E-4
67000	-3301.623384337817	-3150.5986497883455	-151.02473454947113	0.11396696362013238	0.16730656009529954	0.17766399144516362	0.0013335300638332582
68000	-3301.1951980862523	-3150.336741695686	-150.85845639056595	0.08377690191846461	0.1628231785700954	0.15667733310404885	0.001041574226878622
69000	-3302.320031686568	-3152.7478824433306	-149.57214924323748	0.08215392543394219	0.13009020880708572	0.12155615326079268	6.800818439746101E-4
70000	-3304.1467645222183	-3150.595719008701	-153.55104551351735	0.061610474135745656	0.08690963205132157	0.16825874077623615	0.002644531181209962
71000	-3306.9283966176868	-3150.366581528299	-156.56181508938798	0.03350217164282278	0.07821552295388992	0.0800718580775157	5.500271852813287E-4
72000	-3300.3656058506695	-3148.993830441765	-151.37177540890426	0.07942222465856187	0.13866007456332194	0.18235561354816648	0.001397466824726063
73000	-3303.282187905344	-3147.1977091889485	-156.08447871639558	0.059086378138005144	0.054152675728311214	0.20026748506112177	0.0011815241941866656
74000	-3301.9022351645162	-3148.5334524307113	-153.3687827338047	0.08923012040185219	0.05547696133481124	0.17867989383863195	0.0015243649657638316
75000	-3303.6204629740905	-3148.0688456675175	-155.55161730657295	0.0472831702255465	0.13676663818746232	0.17777699002070974	6.3374655903933E-4
76000	-3304.7395138012857	-3153.416191775349	-151.32332202593673	0.06791076299728807	0.14025181610620982	0.10126701785707103	0.0021088653562230243
77000	-3306.673726174278	-3150.5035144009175	-156.17021177336042	0.09630202105431053	0.08027398016788585	0.1854383971052156	0.003683195619602528
78000	-3301.170243470323	-3150.6424777386806	-150.52776573164252	0.0808465332232971	0.08019698006556347	0.136542162858645	0.0018563510448684993
79000	-3301.862983365001	-3149.505175402023	-152.35780796297854	0.06463879964249364	0.06921480051022817	0.1355796772184431	0.0011904441032316339
80000	-3302.0480922107986	-3150.4990235107894	-151.5490687000093	0.06658448317918177	0.15716165522726863	0.1378567949964196	0.0017526480540766371
81000	-3301.5153927774754	-3149.480997717425	-152.03439506005034	0.052423842060501595	0.11676520831765332	0.12941566077637198	0.0011727031606404625
82000	-3301.3005987948136	-3149.451311278082	-151.8492875167315	0.07425618381917622	0.07871142546197678	0.14990592209020168	0.0012794834045983235
83000	-3300.771633655745	-3150.055278867891	-150.71635478785402	0.08210106754307739	0.1326519095194006	0.16800082627866217	8.419671643040367E-4
84000	-3306.351654714094	-3147.8799583453265	-158.4716963687675	0.025480716574140302	0.07845451072561456	0.1149600997591289	7.033465492076911E-4
85000	-3303.828742068586	-3153.7416978662422	-150.08704420234383	0.08331957573340415	0.08452443682992483	0.10069137059215413	0.0016775599514345962
86000	-3302.0068891778947	-3149.1180451663377	-152.88884401155678	0.08139042479933187	0.07575331552012841	0.16692106854382263	0.001263129937872597
87000	-3303.406968685432	-3149.97270645215	-153.43426223328186	0.05648945742312356	0.09314049336656882	0.17941426463929908	0.0022875585104075603
88000	-3301.3328891699584	-3151.0469783800354	-150.2859107899231	0.07409994586807667	0.10843357024485484	0.12896890717531675	0.001775888090490404
89000	-3301.506116141097	-3148.939372057767	-152.56674408333032	0.04649472321436863	0.09928575104533502	0.1281801852912843	8.975801087842787E-4
90000	-3301.2284551093626	-3148.406190092035	-152.82226501732737	0.07655781678495016	0.10977777387625985	0.19654954496314017	0.0011874700399253108
91000	-3300.047314455051	-3149.4152536970205	-150.63206075803058	0.10051404476648733	0.08854797364917516	0.18173645858785134	0.0013722480223950855
92000	-3302.082449850501	-3151.676270942643	-150.4061789078578	0.08618598418186997	0.16101870615175595	0.13076747218977555	0.0012109993238824054
93000	-3301.9859859935937	-3150.1995493303684	-151.7864366632251	0.09658984348310752	0.18501631529246607	0.1765665015091336	0.0010770318402015659
94000	-3301.1412080693012	-3150.543609853533	-150.59759821576827	0.07613847666888941	0.14680474558294185	0.1450398867147508	0.0018436170018667265
95000	-3302.632193108061	-3148.5433453565324	-154.0888477515285	0.05959593893974374	0.12103932462866851	0.21209142127206104	0.001761373029746732
96000	-3303.3476716809173	-3150.901292493094	-152.4463791878233	0.06517572856140588	0.08965503102478749	0.11632751649756055	0.0010871377632158843
97000	-3300.999021536791	-3148.0158127353125	-152.98320880147884	0.0902686888641661	0.09787024068740911	0.22859305932440396	0.001283539401758714
98000	-3301.8466989353833	-3152.5591827033104	-149.2875162320727	0.1190467596392763	0.09596137721631649	0.1468387875657992	9.028306246641065E-4
99000	-3301.9010986240746	-3148.9696321001775	-152.93146652389717	0.06851108137055979	0.16356644097300266	0.18494382236665854	0.0017140114099187128
100000	-3302.6007630061827	-3151.1689258072715	-151.43183719891127	0.07191998354142366	0.13968216620482007	0.12671549045677893	0.0016420010285403536
101000	-3299.9996946917454	-3148.7993668094114	-151.2003278823341	0.08964493018387412	0.09108553690162818	0.19187799199324915	0.0012110646431275304
102000	-3300.018886688704	-3148.374502474456	-151.6443842142476	0.07581604981048914	0.10146888475991793	0.19165284249118467	0.0012763856027587198
103000	-3300.7240216657897	-3151.6560973758383	-149.06792428995155	0.10275543658857439	0.11551663524078544	0.16084178596657198	7.02395487290451E-4
104000	-3301.4483075878625	-3151.746095084391	-149.70221250347143	0.09068754132381779	0.14203477667640418	0.15603588738147964	5.802951866313204E-4
105000	-3305.4257888695047	-3149.8939824621048	-155.5318064074	0.10056814133924862	0.07273802925288372	0.17057112490689488	0.001153270747437196
106000	-3303.2856937085085	-3147.406708126503	-155.87898558200558	0.05052391294080003	0.06855178172891724	0.1863815499293788	8.524600822235161E-4
107000	-3302.5444700394714	-3150.091779249118	-152.4526907903533	0.1330730383246794	0.09124959507653846	0.18667846712597025	0.002328368937104497
108000	-3300.949949911165	-3150.0679509023657	-150.8819990087989	0.08755913100424334	0.07829066283860613	0.15492432299852305	0.002165025877790902
109000	-3300.1448124488156	-3149.7227765522416	-150.42203589657385	0.09125058196193071	0.13714523420094918	0.17203423744373394	0.0013654225110462524
110000	-3305.304519082096	-3151.7876832813226	-153.5168358007732	0.050681881994549184	0.08059035188159916	0.13829376116506692	0.0025165372689061596
111000	-3304.456177482834	-3154.1484267553515	-150.30775072748264	0.07494698685380315	0.1416914626813434	0.09324628763290654	0.0014588723424937093
112000	-3303.105922895896	-3149.5256994323986	-153.58022346349756	0.06849143474465003	0.1128100661854829	0.18999603594305192	0.002342666816604856
113000	-3302.2156706684127	-3153.903567886293	-148.31210278212004	0.09838647523126756	0.10416682766206294	0.13642795741727765	1.854020580904705E-4
114000	-3301.3045875990333	-3151.8285974155983	-149.4759901834348	0.08280094875938654	0.1033351519063062	0.16000792667980188	3.7702394223290415E-4
115000	-3300.4741672710798	-3150.08075567127	-150.39341159980987	0.08710717437093787	0.08840723184155053	0.15480570844380723	0.0019694256389567693
116000	-3301.3727532038088	-3148.861299834434	-152.51145336937486	0.06477256843564669	0.09058103833828157	0.15750290808797	0.0010370009688096
117000	-3301.4957959784706	-3148.6287727393837	-152.86702323908676	0.05132349353448766	0.11837479863699125	0.17760337271336374	5.591014179260442E-4
118000	-3300.3891702295236	-3149.0258001985144	-151.3633700310094	0.05958934454288119	0.1263625602653965	0.15033931406805143	0.0010893383263360268
119000	-3303.0770713731163	-3148.5096864369953	-154.56738493612113	0.04487879662197013	0.06519511457186157	0.130128473363139	9.908626164012414E-4
120000	-3300.4652835591014	-3150.8029819055405	-149.66230165356092	0.09792331720744181	0.13347790920797678	0.15379239279402335	0.0017952715080849432
121000	-3307.0144964510855	-3149.291879991152	-157.7226164599331	0.02901996241189227	0.07861973455281791	0.08730889627080136	7.354344200325355E-4
122000	-3300.326119036673	-3149.1532161217156	-151.1729029149572	0.07598237051079877	0.07802189866362894	0.16420999047088455	0.0010391805629748863
123000	-3303.588052499284	-3151.3877304997536	-152.20032199953027	0.1508701203071928	0.07592843841351046	0.18478578122520734	9.334401901205982E-4
124000	-3309.9921058892214	-3154.7331931626163	-155.25891272660505	0.05410603810419315	0.059611309424918546	0.06649419727836568	8.912267249192282E-4
125000	-3300.788797169383	-3148.219220473189	-152.56957669619388	0.06345830493870894	0.0907752476285211	0.1809630968898666	0.0013623802588697467
126000	-3302.444186873407	-3147.584405849944	-154.85978102346326	0.08511020249035192	0.06679649959662635	0.2300335707002654	0.0018072367543271206
127000	-3304.5744486922854	-3147.8822288179344	-156.69221987435114	0.03397333610470979	0.0699078788811951	0.14171298554439923	9.67994481327651E-4
128000	-3301.1844354362884	-3147.768532117859	-153.4159033184292	0.05328965848792349	0.11207475157491396	0.19178840891334034	0.0011008490479258097
129000	-3306.4604588954694	-3148.5444395328414	-157.91601936262802	0.025549283462916142	0.09868622352479724	0.10835773427446667	8.20296690455894E-4
130000	-3300.9365639082	-3150.2924105431653	-150.6441533650346	0.09073634448961483	0.08996768152273797	0.1695671570858931	8.184697056892764E-4
131000	-3305.242142471804	-3150.1178586774467	-155.12428379435735	0.12552634080923547	0.04772087791891124	0.18180325084149881	0.0037957109035962537
132000	-3301.159424736389	-3149.855747385269	-151.30367735112034	0.05996989452108905	0.09302032445393692	0.129108318140637	0.0012748830889148233
133000	-3302.946829987464	-3152.546126844286	-150.40070314317808	0.1606022423993573	0.11233267356222762	0.16964480338040278	0.0010608247272389034
134000	-3300.3684919633442	-3149.2540333372776	-151.1144586260666	0.05947995553140644	0.1202635315039968	0.1437806051937518	0.0011647702449814107
135000	-3301.722921045716	-3149.78014345986	-151.94277758585568	0.10752425115317908	0.06378015202329541	0.16793199070620943	0.002189866348764375
136000	-3302.4456759361956	-3150.3990034134367	-152.04667252275874	0.058380015289956295	0.07052432290181415	0.12024208185812198	6.992341661002602E-4
137000	-3301.2740658473344	-3147.98479537968	-153.28927046765446	0.053583647194566646	0.07681788704957815	0.16632107665924978	0.00101993743351998
138000	-3300.6646974398564	-3150.759376644748	-149.90532079510845	0.0909017180702627	0.09516418951533474	0.14375669476898836	0.0016115024795113142
139000	-3300.759252921936	-3150.21956442368	-150.53968849825597	0.08119048100860526	0.1187111785319434	0.18546556804502282	5.83572423188988E-4
140000	-3302.7948477033383	-3147.4596382552736	-155.33520944806475	0.07653792142530243	0.06887862090851067	0.22500632951215566	0.001335474400091531
141000	-3302.9628352216127	-3152.417675581813	-150.5451596397997	0.1174692660792948	0.14623415297561748	0.1482297743301506	0.0010621248170779706
142000	-3305.9469951727356	-3148.977013081595	-156.96998209114054	0.0559899533463753	0.07435608064724596	0.14297020008077688	8.138778417067376E-4
143000	-3303.9112884037563	-3149.567190080538	-154.34409832321867	0.0647212199542147	0.11803991043055817	0.20174729744156142	0.0023355925844982107
144000	-3301.3617973942737	-3148.6196179720264	-152.74217942224726	0.05030779726825187	0.08812404507529986	0.14269284698599027	0.0010124438543031523
145000	-3302.9992697475564	-3148.066071092392	-154.93319865516412	0.03704521235959527	0.11900933828084795	0.15665831805449446	0.001019741747362675
146000	-3302.8238801337666	-3147.7862923482376	-155.03758778552913	0.035505565826891704	0.11662159622817897	0.15837383304346858	5.070843016017726E-4
147000	-3303.417313633158	-3152.407731750932	-151.00958188222586	0.07894051258401304	0.1587449638940873	0.18582359277841615	9.389868216692236E-5
148000	-3303.006536026331	-3152.04314648577	-150.9633895405607	0.06344093985658836	0.13551837018100682	0.10427556226680644	0.0013539938722548855
149000	-3302.3688175317798	-3151.197025119035	-151.1717924127447	0.09401649850796472	0.06048154943366387	0.1337647109457353	0.001191802935604188
150000	-3301.1565526876575	-3150.6083489077205	-150.5482037799372	0.08063639712936	0.07565929309273811	0.13482727031325376	0.0011678544568111062
151000	-3301.811797925367	-3147.9593650381667	-153.8524328872004	0.04543768107772166	0.122964054381215	0.16585082267273843	9.165946873797758E-4
152000	-3301.883322803444	-3147.7312101480784	-154.15211265536567	0.07432039465566864	0.10986883172073178	0.23950916588967247	0.0010361301451663875
153000	-3301.7464465400258	-3148.255237017606	-153.49120952241972	0.0527376946608085	0.06916185888862197	0.1513655962873326	0.0010931346929959256
154000	-3301.903747272787	-3150.503975966011	-151.39977130677613	0.060322890167455075	0.105012051447055	0.12911737487417624	0.0018170381046419852
155000	-3302.992910761198	-3149.5502046799934	-153.44270608120453	0.048621791194518225	0.07805540019422628	0.13132580546776232	0.0015820638495604815
156000	-3302.077775459503	-3151.181809350916	-150.89596610858706	0.11924400712330174	0.10622950474406766	0.1752410610769483	0.003769124968527845
157000	-3303.031722362918	-3147.2919129402867	-155.7398094226315	0.04617369795293349	0.06403844535722526	0.1805601940774413	8.568967379639488E-4
158000	-3301.22646364326	-3149.508603797748	-151.7178598455122	0.0820873142185006	0.13941298807076993	0.17530426565425214	0.0019020216194030298
159000	-3300.7571994474674	-3150.8007873979	-149.95641204956735	0.09740321411176593	0.11230683976136359	0.15348342122189543	0.002105454222165743
160000	-3301.2113774014597	-3149.8081081109485	-151.4032692905114	0.08702422581533079	0.12807073875012326	0.1679251283204629	0.0018619770620329574
161000	-3302.3074079549483	-3148.681290011774	-153.62611794317425	0.04542421372264618	0.08242438883981829	0.13331029052724955	0.0010804986071268788
162000	-3304.860492426517	-3153.1776065741847	-151.68288585233225	0.08185463458062608	0.09842981470355269	0.1383668524218015	0.0039137088617810355
163000	-3302.0969487571183	-3152.780270790848	-149.31667796627028	0.09184434317733124	0.14559820391580156	0.1276557249648398	7.874665721606366E-4
164000	-3302.5042790273346	-3150.570160386074	-151.93411864126077	0.057883803747697034	0.09869042944339428	0.1524899846606193	4.2256845073552313E-4
165000	-3302.482926582992	-3151.054967343635	-151.4279592393571	0.10820325399304519	0.07785018016144447	0.1749663993393601	6.91231954384454E-4
166000	-3304.3776559840258	-3149.8551711902373	-154.52248479378838	0.07534060921388838	0.04816403131856599	0.1337209720685928	0.001219771187222241
167000	-3300.7167638188967	-3150.3226449489143	-150.39411886998235	0.12012446413645934	0.09755549980882118	0.17961817580639483	0.0013792864541140929
168000	-3302.1195801444665	-3148.540719303989	-153.57886084047735	0.056543464698987314	0.06738084976570324	0.15626954710451366	0.0015017629924373177
169000	-3301.026272424874	-3151.572267814559	-149.45400461031534	0.08772511365575737	0.09660358914409824	0.13750219852160683	8.38892349821737E-4
170000	-3300.7664262559256	-3150.1614879173712	-150.60493833855423	0.06639001202240127	0.10312041244132059	0.1311855283911321	0.0010822001482646538
171000	-3300.5859175984074	-3148.5707267370726	-152.01519086133467	0.06083153544629399	0.11720894216185435	0.16792139538845452	0.0010731511536682286
172000	-3304.7319466389586	-3149.9522306124754	-154.77971602648333	0.13924484235315282	0.1506765475731432	0.21270943220689764	0.0029321599176564293
173000	-3301.302410606867	-3150.5314541317807	-150.77095647508622	0.0914971234302917	0.14211002040418294	0.15614818330465655	0.00188955954840894
174000	-3300.6753019775933	-3149.1963429765974	-151.4789590009957	0.07052813569980859	0.1099566160636953	0.16742378077082198	0.0017587107727191215
175000	-3301.991147453877	-3148.692805708967	-153.2983417449098	0.09077112031214743	0.06406595482999831	0.18422386325913118	0.0012678405830139137
176000	-3303.710362385128	-3149.6649232983345	-154.04543908679344	0.040317454233405055	0.13711336958284315	0.12141697229066076	4.62507758784587E-4
177000	-3301.9733534511356	-3148.1298992136476	-153.8434542374879	0.061133048324200565	0.17365653942274709	0.19721088861351702	9.257951212245097E-4
178000	-3300.6253300461685	-3148.7327504679897	-151.89257957817892	0.07152845588409187	0.1434027674588049	0.18236399933606545	0.0014108143392267353
179000	-3301.387967913403	-3150.555070643789	-150.83289726961414	0.10232337824421235	0.1545441538641968	0.16472144756080082	0.001874617387262925
180000	-3302.9219702110763	-3151.1811931239868	-151.74077708708953	0.06670507396374623	0.06675169292949912	0.11016975052505643	0.0010800304432125284
181000	-3302.8018209027796	-3149.7280193521933	-153.07380155058638	0.14498494697250117	0.07401074739537546	0.2049115708550422	0.0014932230125894467
182000	-3302.8372661826993	-3149.049302632073	-153.78796355062667	0.09647032923336694	0.14040959357856733	0.2165083999957074	0.0023744293525697962
183000	-3301.6641117495387	-3151.837686580757	-149.82642516878212	0.09386801786043786	0.14829257717960545	0.13539325176805175	0.0017505929351728186
184000	-3302.123325066937	-3151.253546075911	-150.86977899102604	0.07283104692620454	0.08409442207876286	0.12257475615513097	0.0018752744985208777
185000	-3303.721851819743	-3150.553717728255	-153.1681340914877	0.11573983730342627	0.0671070996155073	0.15917327033079445	0.001648138762222896
186000	-3303.7432303432834	-3149.335875897622	-154.4073544456615	0.08238340778166531	0.18908976587338444	0.21613531557225812	6.890602360595473E-4
187000	-3302.400033035266	-3150.5017102104484	-151.89832282481774	0.1258296097820661	0.071882979276256	0.16788498597092916	0.0021844594818907896
188000	-3300.259254534089	-3149.001369262426	-151.2578852716628	0.08268864033873162	0.08811885736472105	0.17620664802357602	0.0017639857191890798
189000	-3303.828451574761	-3153.1068670495733	-150.7215845251874	0.10895422718678818	0.10427551288826224	0.14220981728241705	5.096648135282317E-4
190000	-3301.3923902581955	-3148.01697171672	-153.3754185414754	0.05899519429481026	0.10629133276082972	0.19150075179566542	8.330646421578867E-4
191000	-3300.734786078554	-3150.050463272993	-150.68432280556075	0.06072501708710521	0.11461834727473316	0.1283262112015301	0.0010729174230966502
192000	-3300.455247499256	-3148.6812961846176	-151.77395131463834	0.06040194630932179	0.08635901792641074	0.15655217136540434	0.0010588295547400758
193000	-3302.2119233783283	-3151.5645364931106	-150.6473868852176	0.086679478065369	0.0906406462742168	0.14206734959874098	0.0029525959358152306
194000	-3302.507097367699	-3148.059638727378	-154.4474586403207	0.06960100865686633	0.07416487199855419	0.1985265599904083	0.0017342877242169292
195000	-3301.058233418494	-3150.211659209167	-150.84657420932726	0.0830757017046703	0.08553239135295831	0.15196301598274034	0.002199390136509288
196000	-3301.518740947474	-3149.807714529629	-151.71102641784503	0.09002724499416502	0.06468355940030299	0.15398541653109293	0.001337258514231172
197000	-3302.424402168364	-3150.0898682545367	-152.33453391382724	0.09280342798176086	0.09246426226447563	0.19880742150721475	0.003408319363125575
198000	-3302.6161907448154	-3150.220153887846	-152.3960368569691	0.12286987065248921	0.1056608572741817	0.1949406929598683	0.0011183816761164507
199000	-3300.3657993113356	-3151.181140428899	-149.18465888243642	0.09225005285759226	0.10317414528423023	0.15154721170724003	8.356878317230897E-4
200000	-3300.741744112439	-3148.769424562671	-151.9723195497682	0.05487124265170969	0.13894553489066638	0.1574467507031379	7.983602121432302E-4
201000	-3302.3980913969353	-3148.1669200695883	-154.23117132734694	0.04897192514720223	0.13377341615059957	0.16964716804618205	0.0011086265548343162
202000	-3300.8879287191203	-3149.7796860274034	-151.10824269171695	0.0652498432752686	0.12468186781467645	0.16822393856773377	5.909850101138016E-4
203000	-3300.2570742004073	-3149.546624486722	-150.71044971368516	0.09005549852689829	0.09599794868635911	0.16765811490587293	0.0014524229539022331
204000	-3301.2194964732507	-3148.97949348789	-152.24000298536063	0.06293916913395405	0.07227421577130602	0.16077438962267918	7.446679346091511E-4
205000	-3300.1956095394166	-3149.4541426032843	-150.7414669361322	0.07347131218405206	0.09587647107237682	0.16361915315980236	8.659707562666979E-4
206000	-3301.5159381869926	-3148.237392653338	-153.27854553365478	0.06696293132943724	0.13117070674950865	0.20181307215947314	0.0014546069914490043
207000	-3309.031583131136	-3149.603427767145	-159.42815536399084	0.10745039515641594	0.07184241830398023	0.1741512014842176	0.001875060941438794
208000	-3302.074033364946	-3150.6207478308743	-151.45328553407163	0.1268647174923056	0.11480558917410992	0.18956759643918122	0.0011105952472165656
209000	-3300.4421846519917	-3150.4947030068897	-149.94748164510216	0.07864919417798476	0.09945732737205273	0.13785544636670316	0.0015036113212487877
210000	-3300.063595983399	-3150.374954332642	-149.68864165075675	0.08931451562674114	0.10992545613555516	0.15127470941529672	0.0014141777626624134
211000	-3302.371324015924	-3150.42953130624	-151.9417927096843	0.05356517182214783	0.09556102223691473	0.11679587607451161	0.0015054915195005527
212000	-3302.250672254106	-3151.4374830153456	-150.81318923876046	0.12548723179069815	0.12582574120569806	0.16067123325297067	0.001892210310768461
213000	-3302.815007154285	-3151.8365181662093	-150.9784889880755	0.10138579996049946	0.1309452138491998	0.16804463551514845	0.003912057828445308
214000	-3303.7831821191644	-3150.649478102717	-153.1337040164476	0.11495114669985498	0.10358054625920286	0.17953101029921656	0.0010187332625633126
215000	-3300.880240190907	-3149.765758101693	-151.11448208921396	0.08252646163745887	0.16535659568586353	0.17369182132295488	9.6368058605558E-4
216000	-3305.4726127034965	-3147.3754065082785	-158.09720619521795	0.0447563348769759	0.18564983543674507	0.22991465675970907	8.714971782216873E-4
217000	-3303.5215710800276	-3148.393232930041	-155.1283381499867	0.037376812149589225	0.1505290062453578	0.13252054679885608	6.57590908905154E-4
218000	-3303.6718636252886	-3155.102651973167	-148.56921165212128	0.08390173262012063	0.11979757450819822	0.10421502441560791	2.202314262996395E-4
219000	-3303.6294120626576	-3152.0228547585607	-151.60655730409684	0.07444976236124239	0.08007009124809475	0.12447303388169668	6.069072632730602E-4
220000	-3302.6450677140238	-3148.487403422112	-154.15766429191152	0.06205163358491551	0.0926203728377247	0.18098831725526512	0.0016451556496985098
221000	-3300.3754351447515	-3148.790342941091	-151.58509220366048	0.0826894427419482	0.07659629848974683	0.17865551049569817	0.0011739780976514392
222000	-3306.4050346024674	-3149.885799154283	-156.51923544818413	0.11423264278934671	0.032199457203623105	0.15305803942586985	0.0018706863691973882
223000	-3301.9181148441608	-3151.660665977105	-150.25744886705553	0.07827134326624516	0.10451132967659743	0.13148709155511795	0.002480291802852161
224000	-3300.383559309661	-3150.1897781982693	-150.19378111139147	0.11047909318906629	0.1230199589777406	0.1855600351668963	0.0011353956590358207
225000	-3302.3463587157607	-3147.7980203682546	-154.54833834750602	0.05867940823977658	0.057952806555065094	0.1727788529689928	0.0012470581204698343
226000	-3302.9679233135294	-3154.233590609951	-148.73433270357836	0.0936155744557437	0.11727699650314996	0.10469816028313937	0.001001361016481641
227000	-3304.0266943562774	-3148.285401305123	-155.7412930511547	0.08406133572666062	0.10337450653499165	0.26039993709301873	7.453196105468249E-4
228000	-3302.8035659330744	-3150.501529204204	-152.30203672887043	0.058086948493958235	0.08662901003056583	0.1345392289039942	0.0020962815304368604
229000	-3300.9707286930234	-3150.5681237981225	-150.40260489490083	0.0702925549994114	0.10595571280021654	0.13871736283886094	7.616259129019508E-4
230000	-3299.993955130069	-3149.7607221197377	-150.23323301033122	0.09499650013131694	0.11099804655320224	0.17016969641368446	0.0015432596703933432
231000	-3300.9500091003547	-3149.114779547687	-151.8352295526678	0.07930154333312985	0.07527993450110512	0.17062819755970893	0.002014687340302451
232000	-3302.2741107973093	-3150.728604646852	-151.5455061504572	0.08228553409819808	0.1075311238379247	0.20578272888277	3.159808019341343E-4
233000	-3301.8741991163156	-3148.9547246069455	-152.91947450937025	0.05916610486130231	0.06331073000602364	0.14355425142512254	8.76119018640234E-4
234000	-3301.727999655989	-3149.353053953039	-152.37494570295053	0.07816909877855993	0.06305013195737146	0.15359442554630487	0.0017777696528606232
235000	-3301.6831094320287	-3152.6011866375857	-149.08192279444316	0.11276474719716574	0.11141450527800636	0.13435624707000277	0.0018946102355720921
236000	-3301.8268946734765	-3149.7496862819416	-152.07720839153492	0.0991958052694262	0.060630047740552584	0.17467430400325398	9.88870140569549E-4
237000	-3302.9748829798996	-3149.1502236524343	-153.82465932746507	0.0805870844773949	0.09745062903337502	0.17121688583589212	0.0011966331903735092
238000	-3306.0374643981254	-3149.7927416464645	-156.2447227516608	0.1254821194171529	0.08566334588927309	0.18931020413862837	0.0015759450783602005
239000	-3301.0211927655405	-3148.6167563380827	-152.40443642745785	0.053332580919119035	0.13617588420398855	0.15820239162527197	0.0011615359726164626
240000	-3301.0449048600967	-3148.709723589829	-152.33518127026773	0.05352958789980283	0.13676346703162295	0.16389456381715506	6.809465716564244E-4
241000	-3303.4776520659802	-3149.4391726073236	-154.03847945865675	0.04348362109773033	0.09158538273022858	0.12085292028663235	0.0012679284434035337
242000	-3300.162668556449	-3149.056244852474	-151.10642370397505	0.08656228399915629	0.08056860602102106	0.17422741132074865	0.00131867309465952
243000	-3301.3868498725096	-3150.7718421933573	-150.61500767915226	0.11261886717874679	0.10925830573102477	0.1623937293880898	0.0019408904142446857
244000	-3300.2698459156313	-3149.689852646042	-150.57999326958947	0.06771439714188948	0.09248065552560181	0.141159663014015	0.0011092632131892242
245000	-3302.226913158678	-3149.093971637369	-153.13294152130882	0.041574208645490336	0.1116005564832696	0.1206339874071912	6.367614158146337E-4
246000	-3300.6600369471216	-3148.4579738874268	-152.202063059695	0.06700906304187661	0.0891608061522656	0.1728947230444504	0.0013139625869584854
247000	-3300.895326820264	-3149.7717780677885	-151.12354875247533	0.058548980918646014	0.09925211924836884	0.12907687242485058	0.0011845718277140433
248000	-3302.7919634228924	-3148.9249079967744	-153.86705542611818	0.04447788396533441	0.11602780208535533	0.13564301554720204	0.0011793846039948389
249000	-3300.8604137325315	-3149.853479038682	-151.00693469384953	0.0635173891405591	0.09591699440326747	0.13650715788362183	8.649290282376782E-4
250000	-3304.660958914102	-3149.025710336912	-155.63524857718983	0.09468641852100206	0.07095549865322814	0.18964741699074028	0.002513627928385067
251000	-3300.8043663745048	-3149.1535977854824	-151.65076858902233	0.10990567329038009	0.11898158166276142	0.20329613283219555	0.0015646600171457723
252000	-3303.9138354167876	-3149.290922298277	-154.62291311851067	0.07655285578047391	0.19210380680996736	0.18892249329659197	8.362434257110527E-4
253000	-3302.2745262538356	-3149.4663496722924	-152.80817658154334	0.04406823338620982	0.12246061061196138	0.11464619948285161	8.720108492136687E-4
254000	-3301.331834351106	-3150.3092403341425	-151.0225940169634	0.07353063332166924	0.14303644979034183	0.15116665374025887	8.010891281806437E-4
255000	-3304.0408437192546	-3155.0783081967957	-148.96253552245886	0.08591663154993029	0.12242546775955847	0.10097362552876697	3.68382778057144E-4
256000	-3301.147902349674	-3148.8826847008963	-152.26521764877765	0.09019180791823483	0.07604465808482674	0.1904799847368411	0.00228667683299168
257000	-3301.829859448674	-3149.129928157066	-152.69993129160838	0.07398089482686877	0.09124620327991532	0.17014636219384488	0.0018786431233252902
258000	-3301.64370305284	-3149.0539424266813	-152.58976062615884	0.06071004415257304	0.11088521986839553	0.14970264217657256	0.0011905459502685287
259000	-3301.3318592104392	-3148.1225748950005	-153.20928431543865	0.054057158391035906	0.1148936145144273	0.1946370263559134	6.634551203724172E-4
260000	-3302.4530781768135	-3150.886566305743	-151.5665118710704	0.07251083086756244	0.09419932305514425	0.19773489747258224	2.6185489602166746E-4
261000	-3304.304951280773	-3152.9046649808342	-151.40028629993867	0.1347607042375498	0.08578824264571047	0.1570979419998468	0.005041358253539143
262000	-3301.764215855729	-3148.4797987744155	-153.2844170813139	0.08812391656469877	0.10220823315056722	0.20435364259609495	0.0013062925904520522
263000	-3303.242640204225	-3148.8525070728665	-154.39013313135862	0.06189350768589209	0.06068116482597597	0.14587296031479413	0.0013910998280102882
264000	-3310.5491874369995	-3149.6259413703074	-160.923246066692	0.0851675932252138	0.03395417209157402	0.13822086613791748	0.00165270051234179
265000	-3301.1218653856326	-3148.581530050904	-152.5403353347287	0.06837620693336074	0.08828558787990791	0.17136769970573038	0.001369467734114002
266000	-3303.866886322687	-3149.43772358587	-154.4291627368171	0.0747479447454474	0.08485352935727736	0.15947425386433312	9.674049461810096E-4
267000	-3306.126620833571	-3152.8515838466224	-153.27503698694852	0.06445446578838661	0.1072426971316955	0.11789089994896622	3.6450079830283055E-4
268000	-3301.5135469006914	-3149.755795658658	-151.7577512420335	0.0885341250653527	0.07477192896618838	0.18898702948468774	7.117922998669722E-4
269000	-3302.2653366751956	-3147.749911468372	-154.5154252068237	0.07427431298188382	0.06211798086706104	0.19678060825198493	0.0012649859542529954
270000	-3301.3594181153912	-3150.776086634829	-150.58333148056232	0.08560825708277404	0.08999722174658446	0.17786873619505517	5.027172610691759E-4
271000	-3304.3483624280766	-3147.6581434445247	-156.6902189835519	0.0809800330236511	0.06712848653081495	0.22904385887053658	0.0010214338366462774
272000	-3300.5562058521245	-3149.8013660055885	-150.75483984653619	0.08012139148039525	0.13542058148286576	0.1661227330224507	0.0019503817852057053
273000	-3301.858019535569	-3151.9203711055493	-149.93764843001978	0.11565303281223145	0.12786946967273807	0.1502162382980924	0.0024248092299515096
274000	-3301.838028965686	-3148.7655077719105	-153.0725211937758	0.05071892113621737	0.15219824829438933	0.15572311329098032	0.0012576665842218477
275000	-3302.4831998537843	-3150.788517881661	-151.69468197212345	0.07794987084957242	0.06914845805873335	0.13866146597751605	0.0024918837638423035
276000	-3305.4448720886394	-3148.115678570299	-157.32919351834	0.06089787731517626	0.21641530539519396	0.2295648931467493	7.101829091527948E-4
277000	-3303.6698175177717	-3149.5132158723013	-154.1566016454704	0.06183712987944996	0.0896265879252321	0.14203500878431263	0.0015603466070713988
278000	-3302.1331076441243	-3148.1539404814357	-153.97916716268838	0.03950652162755247	0.11016678346461928	0.1392081651523614	7.290582548171124E-4
279000	-3302.5836107836226	-3148.7904297279683	-153.79318105565426	0.045820198802462936	0.07326023518543157	0.12799910124420447	0.001045590006922236
280000	-3301.0830818671984	-3150.1398325232935	-150.94324934390502	0.10876480470781895	0.10441690633820246	0.1753429043420129	0.0023797544805480224
281000	-3300.768119648822	-3150.7609767927706	-150.00714285605147	0.09430576891997222	0.07907438704642691	0.1444271626925888	0.0013790461319737387
282000	-3303.120740635421	-3149.75880038107	-153.3619402543509	0.04755437659784153	0.14002940067316444	0.1266239123019349	5.753179002168188E-4
283000	-3300.492710720877	-3149.7357609652245	-150.75694975565224	0.08146465071566968	0.14444829935937253	0.16638259112350096	0.0017785315007990742
284000	-3300.394860904517	-3149.9375564299885	-150.4573044745286	0.0706232784742043	0.1168650186251817	0.14961532673840694	8.618522035425205E-4
285000	-3307.69132732924	-3148.1460596833144	-159.54526764592538	0.029154947725027015	0.13776037623990678	0.2087159566386279	9.488756911182639E-4
286000	-3300.8927357555585	-3148.131067502666	-152.7616682528926	0.0701342293208083	0.08554596398127097	0.19642999156661034	0.0015994854643339895
287000	-3302.028813971057	-3151.412235426461	-150.61657854459617	0.09240293736799214	0.17753608655166303	0.1501279076163306	8.987754717593697E-4
288000	-3300.6798753530957	-3149.333228478214	-151.34664687488143	0.06832886410664901	0.10419848637949498	0.1605672692746094	0.0017476938659729067
289000	-3303.3695122415043	-3149.4787790977957	-153.89073314370836	0.04277657541327025	0.0840639621729928	0.11305903739647898	0.0011199463653215353
290000	-3300.4375930429633	-3149.167363732388	-151.27022931057553	0.08966964470302366	0.09554559550572371	0.17960244066409223	0.00126749058380888
291000	-3301.1893278403286	-3150.5641198733656	-150.62520796696285	0.07444143477534196	0.14857404014627387	0.16740802599586413	5.710000746820281E-4
292000	-3301.758611496295	-3151.0065911871734	-150.75202030912175	0.0993277401648671	0.06505204318827426	0.150086685328857	9.64031214749176E-4
293000	-3302.4102987407664	-3150.6712459144464	-151.7390528263199	0.0767518530634513	0.08636404821601341	0.1364909547914946	0.0020102153725360884
294000	-3300.5396716182745	-3149.2751733817217	-151.2644982365526	0.06191906651746705	0.08657594417266459	0.14428741272054785	9.604939400355752E-4
295000	-3300.374890929915	-3150.3385261369003	-150.03636479301474	0.08906069149258761	0.09165037690276305	0.15002325799733077	0.0018332670417710677
296000	-3301.772674533395	-3148.094465080672	-153.67820945272317	0.0993611918166196	0.12290778352044868	0.24737702215650478	0.0016442377375063331
297000	-3305.4186108223494	-3152.4609982455436	-152.95761257680599	0.07353795182778361	0.10987136482699117	0.13335083519045757	0.0031246817543471024
298000	-3301.543324302496	-3148.518276802956	-153.02504749954022	0.04753876441809525	0.08505044717011222	0.14631824715042294	6.796204332038858E-4
299000	-3302.1032558577135	-3151.5172323353527	-150.58602352236088	0.09651063497451638	0.09768986182835317	0.16559868276256376	5.474425908257275E-4
300000	-3303.065631011745	-3148.1095976445295	-154.95603336721553	0.07283438053632767	0.0812993354142314	0.23357355418119383	0.0020434934043660753
301000	-3301.865801319105	-3150.4954286023058	-151.37037271679895	0.11731560106926482	0.08300943821738907	0.17761245585480112	0.001098986041887286
302000	-3300.532830155838	-3149.045659883504	-151.487170272334	0.06114662634165307	0.08541097988233134	0.14647427640233482	9.89469023211872E-4
303000	-3301.4918405912395	-3150.098640907888	-151.39319968335164	0.0899468376433788	0.08526602446625771	0.16058826611797514	0.0023508068210709274
304000	-3302.3198501919146	-3147.686156338052	-154.63369385386238	0.06599406307210921	0.07582480154940353	0.2193176645340141	0.0016042766597511402
305000	-3303.0155244654466	-3149.22923091728	-153.78629354816673	0.05732667275444484	0.060880570111136435	0.13022077901482187	0.001022685621849733
306000	-3300.5576664154637	-3148.291098708285	-152.26656770717855	0.07664055634423203	0.123869428360016	0.2054770339710122	0.0014687195789786502
307000	-3301.920752373297	-3148.143333958215	-153.77741841508222	0.0851537504523494	0.10073059482531238	0.22432456907796788	0.0018503174455816063
308000	-3301.853310950698	-3151.3068726399306	-150.54643831076754	0.1282112067544064	0.09061474764858406	0.1602265661238473	0.0022461995237598054
309000	-3303.484415046725	-3148.2785125931523	-155.20590245357312	0.0434511249065586	0.09940157327141379	0.16526361230703998	0.0012603848061562147
310000	-3301.9898424842304	-3149.904945580587	-152.0848969036434	0.12333433597515255	0.10407167847576648	0.21986820236303295	8.719209696844332E-4
311000	-3300.783765275067	-3149.0116023656387	-151.77216290942795	0.08687650271428161	0.11955090506783178	0.21447000611029224	8.1532948560799E-4
312000	-3302.841237296975	-3152.0235619298924	-150.81767536708284	0.09307188942764863	0.07834620953478608	0.13531645953975202	7.891764391780252E-4
313000	-3300.5173082125366	-3150.3649708303537	-150.15233738218268	0.0823421741022055	0.11503682995452219	0.15134743336583573	0.001015327421632162
314000	-3303.4795731834056	-3150.7637434223498	-152.71582976105594	0.08193492248161963	0.05599074894704508	0.13386751428775578	0.002321571868450583
315000	-3307.9346202787156	-3153.319668892962	-154.61495138575364	0.08145730939828304	0.05952924664805537	0.11317830503304685	0.0032009898341315273
316000	-3304.215772069129	-3151.3178321249898	-152.89793994413927	0.04674869787861564	0.10313074507034	0.10224873901263173	0.0016268121062262921
317000	-3302.057024052114	-3149.844239428231	-152.21278462388275	0.11650188260853603	0.06157173806199153	0.1797317394983168	0.0012357972428874698
318000	-3301.9290249533915	-3150.0074134143597	-151.92161153903194	0.060195441069816946	0.08551858156656518	0.12947986233990408	0.001581618800340251
319000	-3303.3620904595095	-3152.4992415417587	-150.86284891775077	0.11646105301728998	0.14464195480812472	0.14534987665270876	0.0026262072753454554
320000	-3300.389562740885	-3148.729292095943	-151.6602706449423	0.06273554040924326	0.09376736454255478	0.15892575710774787	0.001201486301012929
321000	-3301.0180067869946	-3149.7722089209415	-151.24579786605327	0.05879311475979423	0.0895907417440722	0.12873563870226903	9.761725103602455E-4
322000	-3305.591463272862	-3149.1890697592007	-156.4023935136613	0.06476660242628703	0.03693314914792862	0.15018370700103859	6.702288619774098E-4
323000	-3305.4361718596665	-3153.429352170482	-152.00681968918448	0.08663155311763836	0.06051838457626867	0.10212098467036003	0.00158693341846003
324000	-3300.0405719084392	-3150.001678222973	-150.0388936854659	0.0714066583715296	0.11990569977122843	0.14533051767494407	9.803093361634193E-4
325000	-3303.0369691046444	-3151.9129359103226	-151.124033194322	0.05388322067168014	0.10871287634462624	0.1193980526519808	3.787505100315029E-4
326000	-3301.6063303970645	-3149.623633269256	-151.98269712780828	0.05541194038068278	0.11207237469142904	0.14846966824866567	0.0017544444721425757
327000	-3302.128742015675	-3152.936085362452	-149.19265665322283	0.10810162861093733	0.10185331238952032	0.1703030842478203	1.3690950674210707E-4
328000	-3301.3433188717554	-3150.7602019933615	-150.58311687839384	0.09029135673668909	0.1173034726627255	0.14757844145247462	0.001841436974706512
329000	-3300.511832616182	-3148.6938718759857	-151.81796074019618	0.10661322682292981	0.10472074455849868	0.21475442487813537	0.0015477583885794293
330000	-3300.751564218847	-3148.563717721259	-152.18784649758805	0.08258176484821139	0.07164038874224718	0.18218577176311287	0.0012383155898477195
331000	-3300.883076253125	-3150.431203777972	-150.45187247515324	0.07795559435311061	0.11697150296766408	0.17947621263862307	5.290235751277557E-4
332000	-3300.8032478246137	-3148.675828571414	-152.12741925319958	0.09269316026473662	0.09207108972105758	0.20555300880495217	0.0021824549961693652
333000	-3301.641028222299	-3151.740419997961	-149.90060822433804	0.09007227820478213	0.08135384478459336	0.13626860410066596	8.240017277944099E-4
334000	-3300.9644144079675	-3150.512666645757	-150.45174776221063	0.09740658539992487	0.07580493573544589	0.15420863925244277	0.0011422825663244716
335000	-3305.5600972225698	-3156.7291681554298	-148.83092906713992	0.09535303456252153	0.13561950222217917	0.08294789414509016	9.708255428396386E-5
336000	-3303.4851992641093	-3154.096236373587	-149.38896289052235	0.1109806626095159	0.08315665600114702	0.11332679880354987	0.0016655559827525692
337000	-3303.7432270890577	-3148.2907491712763	-155.4524779177816	0.0490857012365935	0.13684941896850064	0.21300381163388274	0.0014314348746408338
338000	-3302.9881465087938	-3148.1396234028016	-154.84852310599223	0.12388847970794574	0.1091521499656993	0.25767967168724426	0.0019771418988458285
339000	-3302.283073091103	-3149.411078998382	-152.87199409272094	0.05648717468634861	0.10150475810357538	0.15584369032540113	0.0018040408309045414
340000	-3300.5956906397414	-3148.7344493012165	-151.86124133852513	0.07143725590794196	0.10561811374653188	0.19964087878626963	7.461341977829298E-4
341000	-3300.00879280361	-3150.3937576748363	-149.61503512877357	0.08057926474642592	0.1125592370966853	0.15387568824539635	8.505294731576584E-4
342000	-3304.4206165790756	-3147.787028349989	-156.6335882290864	0.058731596703258226	0.13155943859317312	0.26620165940217355	6.002783178746872E-4
343000	-3301.4283718900206	-3149.4381472855575	-151.99022460446298	0.052319062488172106	0.13221787689389725	0.1355042770887703	0.0013064428013325193
344000	-3301.855557604789	-3148.7320687159595	-153.12348888882943	0.05942926892866424	0.1481407367124746	0.16378768024283288	0.0010439761040071606
345000	-3300.5686295570604	-3148.604614892513	-151.96401466454762	0.06739961806041331	0.12917764041290675	0.19071593211772242	8.186284305595668E-4
346000	-3303.4188209932286	-3149.358242582491	-154.0605784107376	0.051499847745360976	0.12989419155644538	0.14475852663874697	0.0014882922246873083
347000	-3303.1554781662776	-3149.6142132387326	-153.54126492754497	0.1328105242752647	0.06216374887975084	0.1873968541731533	0.0026293240234307254
348000	-3301.0559993316706	-3150.9362784771843	-150.1197208544865	0.09398771146889232	0.11628362201843188	0.1514314886304571	0.0022692259548225376
349000	-3299.8075548612655	-3149.543209130374	-150.26434573089134	0.09321306357974718	0.10200082080323118	0.17737928566858968	0.001205754704127289
350000	-3303.4734537170393	-3147.4613886522984	-156.01206506474097	0.03259871507585331	0.1374377453331444	0.15635990610484785	5.936963292611789E-4
351000	-3301.424919452776	-3148.7480180700895	-152.67690138268668	0.06400291505866068	0.09895481742774952	0.18217031847565518	0.0018036046123786587
352000	-3302.377696417777	-3152.236040372915	-150.14165604486183	0.08328602329455302	0.10020370587615092	0.11726856245458993	0.0010947720463019748
353000	-3305.8032367180826	-3150.0350506063974	-155.76818611168525	0.04084326724735962	0.11649045404806607	0.15574502732740494	2.9657863491397483E-4
354000	-3303.2361632057314	-3151.1462392745193	-152.08992393121187	0.06349650151996168	0.13593143730563997	0.18899720975318549	2.207103995590141E-4
355000	-3302.938633670729	-3150.866955666666	-152.0716780040629	0.08735427205933498	0.07088646720739467	0.13979177128820133	0.0023144158673920638
356000	-3301.1892675558215	-3148.1128949322997	-153.07637262352193	0.06045833768522565	0.1191975024830713	0.19569224828889106	0.0013668700055339328
357000	-3303.1305068814386	-3150.773787661276	-152.35671922016243	0.15820766994812824	0.07304420695943625	0.1810439631131922	0.0019670173188778457
358000	-3301.1390388747523	-3150.313248405383	-150.82579046936928	0.0711784302050487	0.16120896400183027	0.13924277383995598	0.001099334347608017
359000	-3302.8728641411362	-3148.979670856848	-153.89319328428832	0.11812797022569722	0.07563301737207724	0.21265570688227547	0.001273610103136402
360000	-3301.8434741457004	-3150.727698521589	-151.11577562411134	0.07169786777706288	0.13038912918847823	0.13812990823295324	0.0019448640459815503
361000	-3304.09405141589	-3150.6583024598503	-153.4357489560397	0.1339786898532919	0.07981187273987406	0.18759612316687432	0.004137784792683936
362000	-3302.445222144243	-3149.325993633164	-153.1192285110787	0.09742717597082748	0.05658341237109852	0.1691138921259931	0.0022300233386052166
363000	-3301.643503374612	-3149.139738724819	-152.50376464979294	0.11729161685843893	0.07020371214940369	0.19330323163243432	0.002354735512412296
364000	-3302.181220490216	-3149.437451877466	-152.74376861275	0.04857949554594243	0.08020120444197038	0.12205055476317228	7.219034364280572E-4
365000	-3303.6320792152783	-3148.606664326194	-155.02541488908466	0.045217140783262964	0.18500265256335222	0.1427716775546903	8.827693073525639E-4
366000	-3300.5685441497326	-3148.1732862944073	-152.39525785532544	0.07882275670289776	0.11837966193292941	0.21253953533810963	0.0014053647526562024
367000	-3305.1269381159277	-3149.7181089317955	-155.4088291841322	0.05553054713174278	0.04982026989123523	0.13464217107880264	0.0020051472331590048
368000	-3301.7475718178457	-3148.6516452014007	-153.0959266164452	0.051395600997737156	0.08828416355421087	0.1428048282098233	0.001071006562326917
369000	-3302.110904473154	-3151.8873113282966	-150.22359314485732	0.1050006043713141	0.08260869419270457	0.137929360737042	0.0024070026169646297
370000	-3301.408012116193	-3150.0372168091135	-151.37079530707933	0.07856636337266185	0.07237985225290411	0.16336053437898224	7.134181598285129E-4
371000	-3300.721707257804	-3150.6199896564744	-150.10171760132985	0.08347091254989417	0.10421614187311026	0.14799616110145028	0.002194520335132512
372000	-3302.2767434761477	-3147.8362900575203	-154.44045341862747	0.07294810384378579	0.13390657520333596	0.23316895708860058	0.0010869979218109669
373000	-3301.2549450913843	-3148.8494376665108	-152.4055074248735	0.0621094040446827	0.09167834776800467	0.16267771200110748	0.0015780292333720132
374000	-3306.399738201677	-3147.826711236758	-158.573026964919	0.041635216449528764	0.19467408442331685	0.1737050487628943	8.416884314417741E-4
375000	-3303.91274039336	-3149.066471579823	-154.84626881353708	0.11415703719796036	0.05866604989735647	0.23753040248622423	7.450286327564808E-4
376000	-3300.369031049459	-3150.7603097805977	-149.6087212688612	0.10756032284773825	0.12262230066965418	0.16141609667968917	0.0016692970733372338
377000	-3305.201334299087	-3156.2182788900896	-148.98305540899767	0.08321355369612651	0.10851638522962505	0.08753640451801967	1.508605985850908E-4
378000	-3301.0028029466007	-3150.7872496830114	-150.2155532635891	0.08087346800793771	0.11764555131428524	0.1371854872424357	0.001573375368749513
379000	-3300.6056919506223	-3148.6630018847095	-151.94269006591264	0.058891227245985785	0.12102136377313162	0.17565225380634167	7.304966780182201E-4
380000	-3300.9657011383515	-3148.565257284478	-152.40044385387355	0.0742360649539922	0.0832280743067201	0.18391921002235426	9.8169696382478E-4
381000	-3303.1106032597813	-3147.8323206371133	-155.2782826226679	0.09232457953133585	0.07477136204114412	0.22819366940935012	0.0012925937614566374
382000	-3304.070738375636	-3152.9964515067595	-151.0742868688766	0.07115713382886425	0.1006036555147614	0.09799019656430308	9.033265020073408E-4
383000	-3301.165872174021	-3149.7850696824094	-151.3808024916117	0.06842795714836107	0.12796357847220197	0.1466363499525316	0.0014775067753984368
384000	-3299.9737238746097	-3149.376538576464	-150.59718529814546	0.10143342028503595	0.09425627075326223	0.1824374997350788	0.001515087900792114
385000	-3299.7630265273147	-3148.8763731908093	-150.88665333650528	0.073316614395237	0.11404523923018381	0.17339015949390288	0.001199817238961348
386000	-3301.516932637739	-3150.7277772224757	-150.7891554152635	0.09620477171043432	0.10885217805354827	0.15109164440535763	0.0018585405992029244
387000	-3303.7194232198867	-3148.70285465611	-155.01656856377647	0.047781084349309944	0.14531638081911777	0.16793792709576655	0.0013917295338084625
388000	-3300.278655214291	-3149.8068119498694	-150.47184326442166	0.09822608756447805	0.11720838391197394	0.19037847070844235	9.365979781521474E-4
389000	-3300.2891437354074	-3149.7484601001997	-150.54068363520747	0.06963290289539914	0.11699760275685998	0.14577338170576173	0.0012975978343545563
390000	-3304.0420582821635	-3150.623414508228	-153.4186437739353	0.05963238113492862	0.1033566613874434	0.11483423955876372	0.0010752117144821106
391000	-3302.8690404934187	-3153.0266892477225	-149.8423512456962	0.08223613940738789	0.12321059643693491	0.12617072387239572	4.780236198408082E-4
392000	-3302.1716912158963	-3150.7757338908245	-151.395957325072	0.08042897216667594	0.09291729003546696	0.13512665979974625	0.0011222475529665198
393000	-3302.073597855344	-3150.7915725647545	-151.2820252905893	0.14149826216813186	0.08940057395770487	0.19189938239797194	0.0011041986550286815
394000	-3302.862363216444	-3147.6134274735978	-155.24893574284633	0.047463682618538686	0.06420237551476425	0.17191359878535373	7.23024084413176E-4
395000	-3300.5130864373327	-3148.939086931432	-151.57399950590053	0.05891128773685047	0.09641687555142944	0.15281038641271857	8.319009812727961E-4
396000	-3302.9829811814407	-3150.1728892011347	-152.81009198030577	0.047634494440047616	0.0939922628179227	0.1082939114280723	0.0011573982281491441
397000	-3303.3482929367606	-3151.8888422902346	-151.4594506465259	0.08431854074741428	0.05889765147283402	0.13559236100790986	5.916057030509623E-4
398000	-3308.7019984880963	-3152.599458591362	-156.10253989673464	0.1412976906938666	0.035527836932633027	0.1537726091711596	4.8339655184991665E-4
399000	-3303.349255902054	-3152.0825084871703	-151.2667474148838	0.07956685523470293	0.06511256367062901	0.11008989172664621	0.0012703643587055789
400000	-3302.1204121992378	-3150.030944234277	-152.08946796496107	0.0991908582558932	0.061985546040487	0.15574067977936787	0.001540691005616326
401000	-3301.903112965405	-3151.209981545083	-150.69313142032215	0.06867506169387952	0.12354214115584412	0.13308409799994864	0.0022364363544711344
402000	-3300.0971837584893	-3148.674625712021	-151.42255804646805	0.07566339540693982	0.08625522664772212	0.18208867746549107	0.0010028994375154278
403000	-3303.0785026788208	-3148.496255914384	-154.5822467644366	0.04668366691305867	0.0984035064585645	0.18152171512565746	0.0014871162471925428
404000	-3301.6455445416345	-3150.329059098648	-151.3164854429864	0.0641490788834373	0.1325457693364323	0.14827767656195215	0.002080755599944974
405000	-3301.1925135902666	-3149.89272187177	-151.29979171849664	0.06111120606372129	0.0980122830417356	0.1561329279899902	5.671765182229597E-4
406000	-3301.515231530029	-3148.917030180911	-152.59820134911783	0.06779448277823887	0.06626028850477124	0.16612691868211704	7.990802422309911E-4
407000	-3300.825823983975	-3148.510153372355	-152.31567061162005	0.06601876312459984	0.15534350751413792	0.18615877940795508	9.478440758263773E-4
408000	-3305.5799974943184	-3154.930088181412	-150.6499093129066	0.07088124260906059	0.11294654387617618	0.10609887983701426	1.3404557179491261E-4
409000	-3301.17434704644	-3148.4691189318346	-152.70522811460538	0.0649330065671727	0.12406433811230058	0.19426671755729336	8.014671352295709E-4
410000	-3300.603013910285	-3149.4733581662076	-151.1296557440772	0.06919990775799635	0.15357592073670231	0.1565400266848204	0.001146917280136721
411000	-3301.829675907133	-3151.0007262371396	-150.82894966999362	0.08150243578561381	0.07752235630594721	0.1362588860085495	0.0023311236337009824
412000	-3301.1928622100813	-3151.4388821613366	-149.75398004874458	0.07585361313563338	0.10424409803334798	0.1410638222400658	5.996352415571866E-4
413000	-3304.7580632136564	-3148.043667136672	-156.71439607698463	0.07686024580490175	0.06831031904567098	0.24911290788220747	0.002286061736531508
414000	-3301.107361231793	-3149.5858157289767	-151.52154550281634	0.059057476473963595	0.08685478500331392	0.1314215227860338	0.0010516888988029154
415000	-3300.690892109248	-3148.6523607852623	-152.0385313239856	0.06348598022618081	0.14122944650911226	0.1799443835946397	8.401483895763831E-4
416000	-3301.6557564176974	-3151.85047713652	-149.8052792811774	0.11876729483480931	0.08873697215975655	0.14526756991411202	0.0020311434316850536
417000	-3300.5823768180603	-3151.289553906066	-149.2928229119943	0.08640534124510406	0.10500881741754235	0.13307539629535714	0.0011700078687684062
418000	-3301.6989404080728	-3148.0799468824434	-153.61899352562926	0.0698959164293511	0.09614519747412985	0.21377916470994082	8.339369047977179E-4
419000	-3300.207060181719	-3148.37131946695	-151.83574071476926	0.07963142136973854	0.08871589336569043	0.19658177094733703	0.001168709462334455
420000	-3303.547908670171	-3153.200238105369	-150.34767056480214	0.06712656817820171	0.11524047190656825	0.1093301681632147	4.457307524679466E-4
421000	-3302.608478492717	-3150.8696972891166	-151.7387812036002	0.10490109889797379	0.09167280663077082	0.1527287632024275	0.001969355851478621
422000	-3304.4951940365227	-3150.39829531157	-154.09689872495264	0.11017390190614305	0.043311636005932526	0.17577897035834236	7.493284275264606E-4
423000	-3301.824119856645	-3147.7143811104997	-154.10973874614527	0.07488403784055363	0.06279657666700554	0.20190493392996067	0.0014791267197954623
424000	-3306.215106134774	-3150.3848212987164	-155.83028483605744	0.03945279290083311	0.09007272463325387	0.10901432191679027	0.001469461071441941
425000	-3303.2148406587357	-3148.2392099729655	-154.97563068577014	0.10362393389095441	0.05029220567227871	0.1978579792518221	0.0021467212520166245
426000	-3303.687324420672	-3147.5388131612676	-156.14851125940444	0.08294735850890383	0.04267226570446515	0.19902370920075815	0.0012505959723835027
427000	-3303.0265617123664	-3147.627479848117	-155.39908186424904	0.03723474078392614	0.13267045078024112	0.1620910593576557	7.139144160734788E-4
428000	-3302.630121070397	-3147.9324122650005	-154.69770880539616	0.04187598033827829	0.10912244160747751	0.15918211218957778	9.543921889857695E-4
429000	-3302.596376177296	-3150.8998419614077	-151.6965342158882	0.10982627327728488	0.08671977332944666	0.15471968848722709	0.0014632394899669586
430000	-3305.0128337264355	-3155.395155105449	-149.61767862098677	0.09667714789089142	0.07567278087424921	0.10925993229040812	5.214204390326172E-5
431000	-3302.6240299304027	-3150.131274368858	-152.49275556154453	0.09712173455633506	0.10710641030672043	0.16973658943453496	0.002370201010304285
432000	-3300.88026141919	-3150.673470543726	-150.20679087546387	0.09282268154393865	0.08555106502881994	0.14675363847845896	0.001981661521449828
433000	-3301.270789135741	-3147.7943245375473	-153.47646459819367	0.056764167499043464	0.09634765255614265	0.20156495535259566	7.799340162618187E-4
434000	-3302.5543497289395	-3148.0126979602564	-154.54165176868307	0.043725133883722414	0.11279896138467191	0.17276065082100972	0.0011335186947018193
435000	-3300.422520454142	-3148.815006801273	-151.60751365286927	0.0726743875232017	0.11043041534519654	0.189183939254094	8.269800447016505E-4
436000	-3302.107558437502	-3147.895439796949	-154.21211864055317	0.06523941463930179	0.062174977517920386	0.1948238971472402	8.325658873807124E-4
437000	-3302.7478115845793	-3149.5724696841003	-153.17534190047888	0.07188065353839228	0.053894508414967825	0.14392309133861536	9.356760639602904E-4
438000	-3303.883416585014	-3149.0648002837966	-154.81861630121747	0.0448728975845234	0.08969028948884035	0.12202952879014832	7.803967481258586E-4
439000	-3302.9350328415626	-3149.4508888283876	-153.4841440131749	0.04382333746675116	0.10196285535716748	0.11528020970429458	6.942672787281317E-4
440000	-3303.993350839927	-3150.1826437417667	-153.8107070981607	0.10177503675053631	0.2063662776877016	0.18256809871764892	0.0011822090722538685
441000	-3301.111863509632	-3149.7331273448835	-151.37873616474835	0.08755567378489383	0.07225554953281718	0.17944400647651668	7.820580112630157E-4
442000	-3301.873059987451	-3151.6878344080747	-150.18522557937666	0.11620668391759861	0.08520711978315701	0.15213275278491606	0.0011041997899752702
443000	-3301.8489121459575	-3148.361906082761	-153.48700606319656	0.06615295288787972	0.06549597430979005	0.18830532907707245	7.426685121539988E-4
444000	-3304.6761688201163	-3153.5118637761107	-151.16430504400572	0.06471150336536997	0.08731599692734462	0.09121973702992303	6.187919753412632E-4
445000	-3301.3773648052083	-3148.6316242423045	-152.74574056290396	0.0627155507391944	0.07696782594273661	0.1698700171957414	0.0016992456589354033
446000	-3300.142014943193	-3150.414284001953	-149.7277309412399	0.10917285551876167	0.11877658045116582	0.1706490677738623	0.0013709068468561979
447000	-3302.3482251330734	-3148.1322888906275	-154.215936242446	0.09115606714208352	0.06123607457226022	0.19833128387154128	0.0015138163258119626
448000	-3303.005222812788	-3153.5516387176085	-149.4535840951795	0.11108129770322739	0.09034173411365369	0.12709207696813782	8.301174196394573E-4
449000	-3302.219436435164	-3149.3265101367256	-152.89292629843837	0.0901859446656594	0.06539904128533995	0.1735657744330229	0.002429902641176848
450000	-3301.9446547293755	-3151.48951219463	-150.45514253474562	0.09471004924208966	0.0688749011127486	0.14148037484969	8.63898391748739E-4
451000	-3307.322651034302	-3147.1273051433745	-160.1953458909274	0.058405463031489496	0.07707654903863555	0.2975728641784634	0.0011455358316047192
452000	-3301.1739667719403	-3149.7957286558926	-151.37823811604756	0.10330528682479077	0.10898047519277154	0.211460629987433	7.623931727538067E-4
453000	-3300.896635495113	-3149.4228792927815	-151.47375620233169	0.06245465859456129	0.1319249764219031	0.1536259277546788	8.16214119023672E-4
454000	-3300.977331707473	-3151.0347250106693	-149.94260669680344	0.07898563075660008	0.1334363065928833	0.1326452529944457	0.0015225584173890441
455000	-3301.176054797908	-3147.9670904568134	-153.2089643410944	0.06406880539277357	0.08680248426652161	0.20612956980823668	7.984379588375976E-4
456000	-3301.7839392157803	-3152.0205477956606	-149.76339142011963	0.11095950034973313	0.08192965955287591	0.14997648072665667	8.444510883309077E-4
457000	-3305.4477858361415	-3151.183744176873	-154.26404165926854	0.05238696283951763	0.06800331658984561	0.09998901785732885	0.001496906436973753
458000	-3303.9714885198846	-3154.4452362216534	-149.5262522982311	0.09048812518221361	0.1322859147761482	0.10901281444073643	5.415485601422498E-4
459000	-3303.26782934773	-3149.2836831102454	-153.98414623748496	0.04487376541834023	0.1112689395796363	0.1622463053290661	0.0016167400986573843
460000	-3303.0401838585644	-3151.2007327738324	-151.83945108473182	0.12810692135483573	0.061191541839363914	0.1684732134919647	9.858516513944406E-4
461000	-3300.0828659941617	-3148.961471369265	-151.12139462489688	0.08417014468167627	0.08304654276712509	0.17696146574131935	0.0012109489477270538
462000	-3301.0891920769773	-3149.5360156992774	-151.55317637769986	0.09121546814706384	0.0996724907960396	0.18400390245041484	0.002465298327554885
463000	-3302.3889298992235	-3150.5163687355653	-151.87256116365805	0.09950318671244021	0.14770691979246922	0.17747640649828242	0.002786471798403579
464000	-3300.2907228974964	-3149.167793757313	-151.12292914018332	0.10053762722082035	0.09976305256973274	0.20273967674452395	0.001072873824286877
465000	-3300.3714136596973	-3148.6492219745487	-151.72219168514866	0.06422552749877934	0.1273629795206636	0.17245265529189796	0.0013239665283970262
466000	-3301.473464596131	-3148.400875258883	-153.07258933724808	0.11428761725864567	0.07300221612285553	0.2151260781606094	0.001962669474883836
467000	-3302.568369210625	-3151.5787618938816	-150.98960731674342	0.12720241563729695	0.09860493498416435	0.1602124037051221	0.002920868727681804
468000	-3301.7061523479447	-3149.4943359020813	-152.2118164458636	0.07061745491236734	0.08695460600750755	0.17071569973004913	0.0022730783837150406
469000	-3299.880663271179	-3149.8245856805092	-150.0560775906697	0.09534636235389626	0.10747769827420535	0.17701280388195972	0.0011049280390744553
470000	-3301.4003167389897	-3150.8372401575166	-150.5630765814729	0.0850047099619603	0.06961523199843102	0.1350257046021285	0.0010814100620270693
471000	-3300.557153405461	-3150.5963997270774	-149.96075367838387	0.07824500672751174	0.10986537549382785	0.1403901463761561	0.0018223857883112576
472000	-3301.598735625528	-3149.8664015162835	-151.73233410924456	0.06153038550387423	0.0781916158534986	0.1272129380110601	0.0012789391762754038
473000	-3303.0261004215636	-3151.765278428304	-151.26082199325927	0.10891758133322688	0.1094881083453845	0.14270509780225898	0.001723136223222786
474000	-3300.6333218310388	-3150.9820976352885	-149.65122419575027	0.08092448967455801	0.11329879917423823	0.1562293783895308	6.419322967123824E-4
475000	-3302.91807026903	-3153.0913096946397	-149.82676057439053	0.08331295326311175	0.10260657628491435	0.11192880346995918	0.002132648711163363
476000	-3300.6789843102542	-3149.1101001473735	-151.56888416288092	0.10889025363873958	0.07687299122416144	0.18957825892497138	0.0017608119776655142
477000	-3302.1813095977404	-3149.0051539938177	-153.17615560392298	0.06842378539459305	0.09816622989705927	0.1986217920521335	0.0021975500479396886
478000	-3302.2316515211687	-3148.5654812181083	-153.66617030306037	0.07309606886882451	0.05209918771416197	0.1650715731168502	0.0010302713067190617
479000	-3302.346221981609	-3149.516739103427	-152.82948287818192	0.05859097115946152	0.07284538702449105	0.1295933600486412	0.0011664305894364794
480000	-3303.2212654356204	-3149.9856671637726	-153.2355982718478	0.06568632303388255	0.15412802662715508	0.2108179113128371	3.4900786125687894E-4
481000	-3301.1189342014072	-3148.389320361	-152.729613840407	0.04945114566886483	0.10992535087735254	0.16684596622876452	6.293708430111067E-4
482000	-3301.6827010277966	-3147.669511573713	-154.01318945408357	0.06111126323755374	0.06783788655820426	0.1877370302087348	0.0010933307934951162
483000	-3301.154995743727	-3148.8300888481454	-152.32490689558134	0.12277099203714853	0.10179616928313791	0.2258462508385849	0.0014807236087664968
484000	-3303.054802492332	-3149.1814234715594	-153.87337902077252	0.06303387862318346	0.08582200631522127	0.16556228729360314	0.0019447813691001047
485000	-3302.354106115581	-3150.528013848305	-151.826092267276	0.06337738382975387	0.0719349387196647	0.118634642985686	0.0014678595053980534
486000	-3302.4112325181422	-3149.4956205148032	-152.91561200333877	0.12689756604931102	0.15140298422248694	0.2161533303985019	0.0024938113343555084
487000	-3300.808217666912	-3149.7347134779884	-151.07350418892352	0.06476022824929889	0.08282148306523988	0.13783865391687908	9.497865155299725E-4
488000	-3301.5918434020646	-3151.343728639018	-150.24811476304632	0.06173230813854328	0.12051216068960181	0.1268138657163739	5.415337038724293E-4
489000	-3301.658691112445	-3149.2152269691273	-152.44346414331744	0.09890704177422027	0.05901165137053717	0.17083461596925248	0.0018688275457492108
490000	-3302.5332093675047	-3149.22568669689	-153.3075226706145	0.13039434474803985	0.10501526607998517	0.22685278735836992	0.003241573239109915
491000	-3303.6133089611208	-3147.9410852704864	-155.67222369063427	0.08210340456705875	0.1740225775120361	0.25351447460770865	0.0014008011342518446
492000	-3302.356648374967	-3152.3205791554847	-150.0360692194822	0.08053903480402777	0.08566415699183066	0.11118943710011019	0.001274980499854933
493000	-3300.3246042938617	-3149.7731292386643	-150.5514750551975	0.0724179844057112	0.12364799634206272	0.155902666974298	8.993612864973532E-4
494000	-3300.8185483468396	-3148.19767251308	-152.6208758337599	0.05156124399461318	0.09238675231398412	0.16057587611024787	8.337421459351864E-4
495000	-3300.3904000649145	-3149.833063312867	-150.55733675204718	0.06988564163683529	0.09996518270196468	0.14423463025051866	0.0010256958581227166
496000	-3303.6049453555197	-3149.7029986477164	-153.9019467078032	0.060390048208493766	0.060888407427056535	0.12503330884933603	0.0011983428112526868
497000	-3304.4465190789356	-3148.8378300838885	-155.60868899504712	0.07375635709976312	0.046809890275750304	0.1598939488030775	9.578242014528564E-4
498000	-3302.446978909344	-3151.1650533705088	-151.2819255388353	0.06784764902527883	0.1434052192294952	0.12588516975681896	0.0017797650907839867
499000	-3302.9192449097663	-3148.0384969929	-154.88074791686648	0.11286748886272853	0.06604793653057771	0.22459589361282986	0.0021438190433686476
500000	-3302.7080153387165	-3150.170069088145	-152.53794625057165	0.08707711292016823	0.09680093153791137	0.18975352812398927	6.046013177781285E-4
