pbsworkdir
/home/lmoreira/nas3/bfd/runs/F5
./:/home/lmoreira/programs/miniconda3/condabin:/home/lmoreira/perl5/perlbrew/bin:/home/lmoreira/perl5/perlbrew/perls/perl-5.28.0/bin:/home/lmoreira/programs/H-scan:/home/lmoreira/programs/parallel-20201222/bin:/home/lmoreira/programs/psmc:/home/lmoreira/programs/AGAT/bin:/home/lmoreira/programs/Bio-MUST-Apps-HmmCleaner-0.180750/bin:/home/lmoreira/programs/discoal:/home/lmoreira/programs/diploSHIC:/home/lmoreira/programs/samblaster:/home/lmoreira/nas3/programs/lumpy-sv/bin:/home/lmoreira/nas3/programs/boost_1_57_0:/home/lmoreira/nas3/programs/pandoc/bin:/home/lmoreira/nas3/programs/easySFS:/home/lmoreira/nas3/programs/SNPGenie:/home/lmoreira/nas3/programs/bedops/bin:/home/lmoreira/nas3/programs/gffread:/home/lmoreira/nas3/programs/gmap-2020-03-12/bin:/home/lmoreira/nas3/programs/LDhat:/home/lmoreira/nas3/programs/LDhelmet_v1.10:/home/lmoreira/nas3/programs/gm_et_linux_64:/home/lmoreira/nas3/programs/BRAKER/scripts:/home/lmoreira/nas3/programs/ngsLD:/home/lmoreira/nas3/programs/fastq-pair/build:/home/lmoreira/nas3/programs/fastq_screen_v0.14.0:/home/lmoreira/nas3/programs/iqtree-1.6.8-Linux/bin:/home/lmoreira/nas3/programs/satsuma-code:/home/lmoreira/nas3/programs/bcftools:/home/lmoreira/nas3/programs/mapping-iterative-assembler/bin:/home/lmoreira/nas3/programs/vcf2phylip:/home/lmoreira/nas3/programs/LFMM_CL_v1.5/bin:/home/lmoreira/ANGSD_pipeline/PCAngsd/pcangsd:/home/lmoreira/nas3/programs/angsd/misc:/home/lmoreira/nas3/programs/angsd:/home/lmoreira/nas3/programs/bamUtil/bin:/home/lmoreira/nas2/PopSizeABC/comp_stat/ms:/home/lmoreira/nas3/programs/bioawk:/home/lmoreira/nas3/programs/seqkit:/home/lmoreira/nas3/programs/G-PhoCS/bin:/home/lmoreira/nas3/programs/treemix-1.13/bin:/home/lmoreira/nas3/programs/fastx_toolkit_0.0.13/bin:/home/lmoreira/nas3/programs/PopLDdecay/bin:/home/lmoreira/nas3/programs/plink1.9:/home/lmoreira/nas3/programs/htslib-1.9/bin:/home/lmoreira/nas3/programs/seqtk:/home/lmoreira/nas3/programs/vcftools/bin:/home/lmoreira/nas3/programs/qualimap_v2.2.1:/home/lmoreira/nas3/programs/gatk-4.0.3.0:/home/lmoreira/nas3/programs/fsc26_linux64:/bin:/usr/bin:/usr/local/sbin:/usr/sbin:/opt/pbs/bin:/home/lmoreira/programs/mugsy_x86-64-v1r2.2/:/home/lmoreira/programs/mugsy_x86-64-v1r2.2//mapping:/home/lmoreira/programs/JustOrthologs:/home/lmoreira/programs/beast/bin/:/home/lmoreira/.local/bin:/home/lmoreira/bin
Fri Nov 19 02:58:40 EST 2021

real	0m0.000s
user	0m0.000s
sys	0m0.000s

                        BEAST v2.6.6, 2002-2021
             Bayesian Evolutionary Analysis Sampling Trees
                       Designed and developed by
 Remco Bouckaert, Alexei J. Drummond, Andrew Rambaut & Marc A. Suchard
                                    
                   Centre for Computational Evolution
                         University of Auckland
                       r.bouckaert@auckland.ac.nz
                        alexei@cs.auckland.ac.nz
                                    
                   Institute of Evolutionary Biology
                        University of Edinburgh
                           a.rambaut@ed.ac.uk
                                    
                    David Geffen School of Medicine
                 University of California, Los Angeles
                           msuchard@ucla.edu
                                    
                      Downloads, Help & Resources:
                           http://beast2.org/
                                    
  Source code distributed under the GNU Lesser General Public License:
                   http://github.com/CompEvol/beast2
                                    
                           BEAST developers:
   Alex Alekseyenko, Trevor Bedford, Erik Bloomquist, Joseph Heled, 
 Sebastian Hoehna, Denise Kuehnert, Philippe Lemey, Wai Lok Sibon Li, 
Gerton Lunter, Sidney Markowitz, Vladimir Minin, Michael Defoin Platel, 
          Oliver Pybus, Tim Vaughan, Chieh-Hsi Wu, Walter Xie
                                    
                               Thanks to:
          Roald Forsberg, Beth Shapiro and Korbinian Strimmer

Random number seed: 1637308720430

File: F5.EXT_v2_2sp.r1.xml seed: 1637308720430 threads: 32
Loading package BEAST v2.6.6
Loading package BEASTLabs v1.9.7
Loading package MODEL_SELECTION v1.5.3
Loading package SNAPP v1.5.2
Loading package BEAST v2.6.6
Alignment(bfd)
  40 taxa
  100 sites
  100 patterns

ant: 100 13
bar: 100 61
cur: 100 5
Data(snap.bfd)
  3 taxa
  100 sites
  82 patterns

Seq: seq_Amotape_B67243.Tumbes.Amotape
Seq: seq_Amotape_B67257.Tumbes.Amotape4
Seq: seq_Canchaque_B72873.Piura.Canchaque4
Seq: seq_Canchaque_B72878.Piura.Canchaque7
Seq: seq_Porculla_B72863.Piura.Porculla
Seq: seq_Porculla_B72866.Piura.Porculla4
Seq: seq_CarpaChavin_B72793.Huanuco.CarpaChavin
Seq: seq_CarpaChavin_B72795.Huanuco.CarpaChavin1
Seq: seq_Carpish_B72761.Huanuco.Acomayo3
Seq: seq_Carpish_B72772.Huanuco.Mitotambo2
Seq: seq_ElMolino_B72830.LaLibertad.ElMolino2
Seq: seq_ElMolino_B72834.LaLibertad.ElMolino
Seq: seq_Celendin_B72843.Cajamarca.Celendin1
Seq: seq_Celendin_B72848.Cajamarca.Celendin2
Seq: seq_Duraznopampa_B72852.Amazonas.Duraznopampa1
Seq: seq_Duraznopampa_B72861.Amazonas.Duraznopampa1
Seq: seq_Chavinillo_B72789.Huanuco.Chavinillo3
Seq: seq_Chavinillo_B72792.Huanuco.Chavinillo4
Seq: seq_Macate_B72807.Ancash.Macate4
Seq: seq_Macate_B72814.Ancash.Macate
Seq: seq_Quichas_B72777.Lima.Quichas2
Seq: seq_Quichas_B72778.Lima.Quichas
Seq: seq_CorBlanca_NK_1717036
Seq: seq_CorBlanca_FMNH_3918886
Seq: seq_Suyubamba_B72820.LaLibertad.Suyubamba2
Seq: seq_Suyubamba_B72821.LaLibertad.Suyubamba2
Seq: seq_Huamatanga_B72889.Lima.Huamatanga7
Seq: seq_Huamatanga_B72892.Lima.Huamatanga7
Seq: seq_Contumaza_B72841.Cajamarca.Contumaza4
Seq: seq_Contumaza_NK_1720332
Seq: seq_Pacar_B72907.Ancash.Pacar1
Seq: seq_Pacar_B72909.Ancash.Pacar3
Seq: seq_LaQuinua_B72753.Pasco.LaQuinua1
Seq: seq_LaQuinua_B72756.Pasco.LaQuinua3
Seq: seq_Chinchan_B72900.Ancash.Chinchan2
Seq: seq_Chinchan_NK_1738961
Seq: seq_curtata_cra.cur.B60322
Seq: seq_curtata_cra.cur.B81753
ant: 100 13
bar: 100 61
cur: 100 5
3 taxa
100 sites
84 patterns
Rate prior = gamma
Log Likelihood Correction = -2414.8526272565373
===============================================================================
Citations for this model:

Bouckaert, Remco, Timothy G. Vaughan, Jo?lle Barido-Sottani, Sebasti?n Duch?ne, Mathieu Fourment, 
Alexandra Gavryushkina, Joseph Heled, Graham Jones, Denise K?hnert, Nicola De Maio, Michael Matschiner, 
F?bio K. Mendes, Nicola F. M?ller, Huw A. Ogilvie, Louis du Plessis, Alex Popinga, Andrew Rambaut, 
David Rasmussen, Igor Siveroni, Marc A. Suchard, Chieh-Hsi Wu, Dong Xie, Chi Zhang, Tanja Stadler, 
Alexei J. Drummond 
  BEAST 2.5: An advanced software platform for Bayesian evolutionary analysis. 
  PLoS computational biology 15, no. 4 (2019): e1006650.

David Bryant, Remco Bouckaert, Joseph Felsenstein, Noah Rosenberg, Arindam RoyChoudhury. Inferring Species Trees Directly from Biallelic Genetic Markers: Bypassing Gene Trees in a Full Coalescent Analysis. Mol. Biol. Evol. 29(8):1917-1932, 2012

===============================================================================
Starting step 0
Starting step 1
Starting step 2
Starting step 3
Starting step 4
Starting step 5
Starting step 6
Starting step 7
Starting step 8
Starting step 9
Starting step 10
Starting step 11
Starting step 12
Starting step 13
Starting step 14
Starting step 15
Starting step 16
Starting step 17
Starting step 19
Starting step 18
Starting step 20
Starting step 21
Starting step 22
Starting step 23
Finished step 20
Finished step 19
Finished step 21
Finished step 14
Finished step 17
Finished step 22
Finished step 16
Finished step 18
Finished step 15
Finished step 12
Finished step 23
Finished step 13
Finished step 10
Finished step 11
Finished step 9
Finished step 6
Finished step 7
Finished step 8
Finished step 5
Finished step 2
Finished step 0
Finished step 4
Finished step 1
Finished step 3

Loading /home/lmoreira/nas3/bfd/runs/F5/F5.EXT_v2_2sp.r1/step0/likelihood.log, burnin 20%, skipping 200 log lines

|---------|---------|---------|---------|---------|---------|---------|---------|
*********************************************************************************

Calculating statistics

|---------|---------|---------|---------|---------|---------|---------|---------|
********************************************************************************

marginalLs[0 ] = -3108.028145009977

Loading /home/lmoreira/nas3/bfd/runs/F5/F5.EXT_v2_2sp.r1/step1/likelihood.log, burnin 20%, skipping 200 log lines

|---------|---------|---------|---------|---------|---------|---------|---------|
*********************************************************************************

Calculating statistics

|---------|---------|---------|---------|---------|---------|---------|---------|
********************************************************************************

marginalLs[1 ] = -3108.6150822454383

Loading /home/lmoreira/nas3/bfd/runs/F5/F5.EXT_v2_2sp.r1/step2/likelihood.log, burnin 20%, skipping 200 log lines

|---------|---------|---------|---------|---------|---------|---------|---------|
*********************************************************************************

Calculating statistics

|---------|---------|---------|---------|---------|---------|---------|---------|
********************************************************************************

marginalLs[2 ] = -3109.5188529280686

Loading /home/lmoreira/nas3/bfd/runs/F5/F5.EXT_v2_2sp.r1/step3/likelihood.log, burnin 20%, skipping 200 log lines

|---------|---------|---------|---------|---------|---------|---------|---------|
*********************************************************************************

Calculating statistics

|---------|---------|---------|---------|---------|---------|---------|---------|
********************************************************************************

marginalLs[3 ] = -3110.2778482111553

Loading /home/lmoreira/nas3/bfd/runs/F5/F5.EXT_v2_2sp.r1/step4/likelihood.log, burnin 20%, skipping 200 log lines

|---------|---------|---------|---------|---------|---------|---------|---------|
*********************************************************************************

Calculating statistics

|---------|---------|---------|---------|---------|---------|---------|---------|
********************************************************************************

marginalLs[4 ] = -3111.042718794502

Loading /home/lmoreira/nas3/bfd/runs/F5/F5.EXT_v2_2sp.r1/step5/likelihood.log, burnin 20%, skipping 200 log lines

|---------|---------|---------|---------|---------|---------|---------|---------|
*********************************************************************************

Calculating statistics

|---------|---------|---------|---------|---------|---------|---------|---------|
********************************************************************************

marginalLs[5 ] = -3112.5528775045004

Loading /home/lmoreira/nas3/bfd/runs/F5/F5.EXT_v2_2sp.r1/step6/likelihood.log, burnin 20%, skipping 200 log lines

|---------|---------|---------|---------|---------|---------|---------|---------|
*********************************************************************************

Calculating statistics

|---------|---------|---------|---------|---------|---------|---------|---------|
********************************************************************************

marginalLs[6 ] = -3113.5430126364195

Loading /home/lmoreira/nas3/bfd/runs/F5/F5.EXT_v2_2sp.r1/step7/likelihood.log, burnin 20%, skipping 200 log lines

|---------|---------|---------|---------|---------|---------|---------|---------|
*********************************************************************************

Calculating statistics

|---------|---------|---------|---------|---------|---------|---------|---------|
********************************************************************************

marginalLs[7 ] = -3115.177941403282

Loading /home/lmoreira/nas3/bfd/runs/F5/F5.EXT_v2_2sp.r1/step8/likelihood.log, burnin 20%, skipping 200 log lines

|---------|---------|---------|---------|---------|---------|---------|---------|
*********************************************************************************

Calculating statistics

|---------|---------|---------|---------|---------|---------|---------|---------|
********************************************************************************

marginalLs[8 ] = -3116.6076978080378

Loading /home/lmoreira/nas3/bfd/runs/F5/F5.EXT_v2_2sp.r1/step9/likelihood.log, burnin 20%, skipping 200 log lines

|---------|---------|---------|---------|---------|---------|---------|---------|
*********************************************************************************

Calculating statistics

|---------|---------|---------|---------|---------|---------|---------|---------|
********************************************************************************

marginalLs[9 ] = -3118.659361997113

Loading /home/lmoreira/nas3/bfd/runs/F5/F5.EXT_v2_2sp.r1/step10/likelihood.log, burnin 20%, skipping 200 log lines

|---------|---------|---------|---------|---------|---------|---------|---------|
*********************************************************************************

Calculating statistics

|---------|---------|---------|---------|---------|---------|---------|---------|
********************************************************************************

marginalLs[10 ] = -3121.0592044338796

Loading /home/lmoreira/nas3/bfd/runs/F5/F5.EXT_v2_2sp.r1/step11/likelihood.log, burnin 20%, skipping 200 log lines

|---------|---------|---------|---------|---------|---------|---------|---------|
*********************************************************************************

Calculating statistics

|---------|---------|---------|---------|---------|---------|---------|---------|
********************************************************************************

marginalLs[11 ] = -3123.639761439667

Loading /home/lmoreira/nas3/bfd/runs/F5/F5.EXT_v2_2sp.r1/step12/likelihood.log, burnin 20%, skipping 200 log lines

|---------|---------|---------|---------|---------|---------|---------|---------|
*********************************************************************************

Calculating statistics

|---------|---------|---------|---------|---------|---------|---------|---------|
********************************************************************************

marginalLs[12 ] = -3125.4279245019015

Loading /home/lmoreira/nas3/bfd/runs/F5/F5.EXT_v2_2sp.r1/step13/likelihood.log, burnin 20%, skipping 200 log lines

|---------|---------|---------|---------|---------|---------|---------|---------|
*********************************************************************************

Calculating statistics

|---------|---------|---------|---------|---------|---------|---------|---------|
********************************************************************************

marginalLs[13 ] = -3127.463872459892

Loading /home/lmoreira/nas3/bfd/runs/F5/F5.EXT_v2_2sp.r1/step14/likelihood.log, burnin 20%, skipping 200 log lines

|---------|---------|---------|---------|---------|---------|---------|---------|
*********************************************************************************

Calculating statistics

|---------|---------|---------|---------|---------|---------|---------|---------|
********************************************************************************

marginalLs[14 ] = -3129.089696956275

Loading /home/lmoreira/nas3/bfd/runs/F5/F5.EXT_v2_2sp.r1/step15/likelihood.log, burnin 20%, skipping 200 log lines

|---------|---------|---------|---------|---------|---------|---------|---------|
*********************************************************************************

Calculating statistics

|---------|---------|---------|---------|---------|---------|---------|---------|
********************************************************************************

marginalLs[15 ] = -3131.613961010877

Loading /home/lmoreira/nas3/bfd/runs/F5/F5.EXT_v2_2sp.r1/step16/likelihood.log, burnin 20%, skipping 200 log lines

|---------|---------|---------|---------|---------|---------|---------|---------|
*********************************************************************************

Calculating statistics

|---------|---------|---------|---------|---------|---------|---------|---------|
********************************************************************************

marginalLs[16 ] = -3132.4731834903846

Loading /home/lmoreira/nas3/bfd/runs/F5/F5.EXT_v2_2sp.r1/step17/likelihood.log, burnin 20%, skipping 200 log lines

|---------|---------|---------|---------|---------|---------|---------|---------|
*********************************************************************************

Calculating statistics

|---------|---------|---------|---------|---------|---------|---------|---------|
********************************************************************************

marginalLs[17 ] = -3134.1962952028284

Loading /home/lmoreira/nas3/bfd/runs/F5/F5.EXT_v2_2sp.r1/step18/likelihood.log, burnin 20%, skipping 200 log lines

|---------|---------|---------|---------|---------|---------|---------|---------|
*********************************************************************************

Calculating statistics

|---------|---------|---------|---------|---------|---------|---------|---------|
********************************************************************************

marginalLs[18 ] = -3134.2500727759425

Loading /home/lmoreira/nas3/bfd/runs/F5/F5.EXT_v2_2sp.r1/step19/likelihood.log, burnin 20%, skipping 200 log lines

|---------|---------|---------|---------|---------|---------|---------|---------|
*********************************************************************************

Calculating statistics

|---------|---------|---------|---------|---------|---------|---------|---------|
********************************************************************************

marginalLs[19 ] = -3135.9982742068796

Loading /home/lmoreira/nas3/bfd/runs/F5/F5.EXT_v2_2sp.r1/step20/likelihood.log, burnin 20%, skipping 2 log lines

|---------|---------|---------|---------|---------|---------|---------|---------|
*********************************************************************************

Calculating statistics

|---------|---------|---------|---------|---------|---------|---------|---------|
********************************************************************************

marginalLs[20 ] = -3133.581016194834

Loading /home/lmoreira/nas3/bfd/runs/F5/F5.EXT_v2_2sp.r1/step21/likelihood.log, burnin 20%, skipping 200 log lines

|---------|---------|---------|---------|---------|---------|---------|---------|
*********************************************************************************

Calculating statistics

|---------|---------|---------|---------|---------|---------|---------|---------|
********************************************************************************

marginalLs[21 ] = -3136.0159357288776

Loading /home/lmoreira/nas3/bfd/runs/F5/F5.EXT_v2_2sp.r1/step22/likelihood.log, burnin 20%, skipping 200 log lines

|---------|---------|---------|---------|---------|---------|---------|---------|
*********************************************************************************

Calculating statistics

|---------|---------|---------|---------|---------|---------|---------|---------|
********************************************************************************

marginalLs[22 ] = -3134.8775303695857

Loading /home/lmoreira/nas3/bfd/runs/F5/F5.EXT_v2_2sp.r1/step23/likelihood.log, burnin 20%, skipping 200 log lines

|---------|---------|---------|---------|---------|---------|---------|---------|
*********************************************************************************

Calculating statistics

|---------|---------|---------|---------|---------|---------|---------|---------|
********************************************************************************

marginalLs[23 ] = -3136.5996691549403

Step        theta         likelihood   contribution ESS
0            1            -3108.0281   0            577.3451     
1            0.8623       -3108.6151   -428.0609    801          
2            0.7384       -3109.5189   -385.0962    801          
3            0.6276       -3110.2778   -344.6801    801          
4            0.529        -3111.0427   -306.7939    801          
5            0.4417       -3112.5529   -271.4712    718.4649     
6            0.3651       -3113.543    -238.5371    743.9269     
7            0.2983       -3115.1779   -208.0428    750.1845     
8            0.2406       -3116.6077   -179.8962    692.0857     
9            0.1911       -3118.6594   -154.0833    801          
10           0.1493       -3121.0592   -130.5256    801          
11           0.1143       -3123.6398   -109.1697    772.7417     
12           0.0855       -3125.4279   -89.9347     801          
13           0.0623       -3127.4639   -72.7956     693.8415     
14           0.0438       -3129.0897   -57.6835     738.2563     
15           0.0296       -3131.614    -44.5499     580.7582     
16           0.019        -3132.4732   -33.2959     739.6974     
17           0.0113       -3134.1963   -23.876      682.3153     
18           0.0062       -3134.2501   -16.1893     708.293      
19           0.0029       -3135.9983   -10.1635     509.0502     
20           0.0011       -3133.581    -5.6738      5.9535       
21           0.0003       -3136.0159   -2.6157      484.4281     
22           0            -3134.8775   -0.8226      788.5803     
23           0            -3136.5997   -0.0906      599.1058     
sum(ESS) = 16392.0284  

marginal L estimate = -3114.0482101663897


Total wall time: 161474 seconds
Done

real	2691m15.910s
user	62766m31.834s
sys	353m37.072s
