pbsworkdir
/home/gseeholzer/nas3/bfd/runs/F2
./:/bin:/usr/bin:/usr/local/sbin:/usr/sbin:/opt/pbs/bin:/home/gseeholzer/programs/bamUtil/bin:/home/gseeholzer/programs/samtools-1.10/bin:/home/gseeholzer/programs/angsd:/home/gseeholzer/programs/angsd/misc:/home/gseeholzer/programs/satsuma2-master/bin:/home/gseeholzer/programs/pcangsd:/home/gseeholzer/programs/evalAdmix:/home/gseeholzer/programs/htslib-1.10.2/bin:/home/gseeholzer/programs/ngsRelate:/home/gseeholzer/programs/vcftools_0.1.13/bin:/home/gseeholzer/programs/bcftools-1.10.2/bin:/home/gseeholzer/programs/gsl/bin:/home/gseeholzer/programs/ngsTools/ngsDist:/home/gseeholzer/programs/ngsTools/ngsF:/home/gseeholzer/programs/ngsTools/ngsF-HMM:/home/gseeholzer/programs/ngsTools/ngsLD:/home/gseeholzer/programs/ngsTools/ngsPopGen:/home/gseeholzer/programs/ngsTools/ngsSim:/home/gseeholzer/programs/ngsTools/ngsUtils:/home/gseeholzer/programs/fastme-2.1.6.1/src:/home/gseeholzer/programs/beast/bin:/home/gseeholzer/.local/bin:/home/gseeholzer/bin
Mon Jun 22 09:22:33 EDT 2020

real	0m0.000s
user	0m0.000s
sys	0m0.000s

                        BEAST v2.6.2, 2002-2020
             Bayesian Evolutionary Analysis Sampling Trees
                       Designed and developed by
 Remco Bouckaert, Alexei J. Drummond, Andrew Rambaut & Marc A. Suchard
                                    
                   Centre for Computational Evolution
                         University of Auckland
                       r.bouckaert@auckland.ac.nz
                        alexei@cs.auckland.ac.nz
                                    
                   Institute of Evolutionary Biology
                        University of Edinburgh
                           a.rambaut@ed.ac.uk
                                    
                    David Geffen School of Medicine
                 University of California, Los Angeles
                           msuchard@ucla.edu
                                    
                      Downloads, Help & Resources:
                           http://beast2.org/
                                    
  Source code distributed under the GNU Lesser General Public License:
                   http://github.com/CompEvol/beast2
                                    
                           BEAST developers:
   Alex Alekseyenko, Trevor Bedford, Erik Bloomquist, Joseph Heled, 
 Sebastian Hoehna, Denise Kuehnert, Philippe Lemey, Wai Lok Sibon Li, 
Gerton Lunter, Sidney Markowitz, Vladimir Minin, Michael Defoin Platel, 
          Oliver Pybus, Tim Vaughan, Chieh-Hsi Wu, Walter Xie
                                    
                               Thanks to:
          Roald Forsberg, Beth Shapiro and Korbinian Strimmer

Random number seed: 1592832154063

File: F2.SBE3_v1_1sp.r1.xml seed: 1592832154063 threads: 8
Loading package BEAST v2.6.2
Loading package BEASTLabs v1.9.2
Loading package MODEL_SELECTION v1.5.2
Loading package SNAPP v1.5.0
Loading package BEAST v2.6.2
Alignment(F2)
  40 taxa
  100 sites
  100 patterns

ant: 100 41
cur: 100 5
Data(snap.F2)
  2 taxa
  100 sites
  45 patterns

Seq: seq_CarpaChavin_B72794.Huanuco.CarpaChavin
Seq: seq_CarpaChavin_B72802.Huanuco.CarpaChavin
Seq: seq_Carpish_B72762.Huanuco.Acomayo
Seq: seq_Carpish_B72773.Huanuco.Mitotambo
Seq: seq_Amotape_B67127.Tumbes.Amotape
Seq: seq_Amotape_B67201.Tumbes.Amotape
Seq: seq_Chavinillo_B72789.Huanuco.Chavinillo
Seq: seq_Chavinillo_B72792.Huanuco.Chavinillo
Seq: seq_Quichas_B72777.Lima.Quichas
Seq: seq_Quichas_B72785.Lima.Quichas
Seq: seq_Canchaque_B72874.Piura.Canchaque
Seq: seq_Canchaque_B72878.Piura.Canchaque
Seq: seq_Huamatanga_B72889.Lima.Huamatanga
Seq: seq_Huamatanga_B72892.Lima.Huamatanga
Seq: seq_Pacar_B72905.Ancash.Pacar
Seq: seq_Pacar_B72912.Ancash.Pacar
Seq: seq_LaQuinua_B72754.Pasco.LaQuinua
Seq: seq_LaQuinua_B72760.Pasco.LaQuinua
Seq: seq_Chinchan_B72895.Ancash.Chinchan
Seq: seq_Chinchan_NK_173896
Seq: seq_curtata_cra.cur.B6032
Seq: seq_curtata_cra.cur.B8175
ant: 99 41
cur: 99 5
2 taxa
99 sites with weight 100
46 patterns
Rate prior = gamma
Log Likelihood Correction = -1532.6642841359778
===============================================================================
Citations for this model:

Bouckaert, Remco, Timothy G. Vaughan, Jo?lle Barido-Sottani, Sebasti?n Duch?ne, 
  Mathieu Fourment, Alexandra Gavryushkina, Joseph Heled et al. 
  BEAST 2.5: An advanced software platform for Bayesian evolutionary analysis. 
  PLoS computational biology 15, no. 4 (2019): e1006650.

David Bryant, Remco Bouckaert, Joseph Felsenstein, Noah Rosenberg, Arindam RoyChoudhury. Inferring Species Trees Directly from Biallelic Genetic Markers: Bypassing Gene Trees in a Full Coalescent Analysis. Mol. Biol. Evol. 29(8):1917-1932, 2012

===============================================================================
Starting step 0
Starting step 2
Starting step 1
Starting step 3
Starting step 4
Starting step 6
Starting step 5
Starting step 7
Finished step 3
Finished step 4
Finished step 7
Finished step 6
Finished step 0
Finished step 2
Finished step 1
Finished step 5
Starting step 8
Starting step 9
Starting step 10
Starting step 12
Starting step 14
Starting step 11
Starting step 13
Starting step 15
Finished step 8
Finished step 9
Finished step 10
Finished step 15
Finished step 12
Finished step 14
Finished step 13
Finished step 11
Starting step 16
Starting step 17
Starting step 18
Starting step 19
Starting step 20
Starting step 21
Starting step 23
Starting step 22
Finished step 19
Finished step 23
Finished step 22
Finished step 20
Finished step 16
Finished step 18
Finished step 21
Finished step 17

Loading /home/gseeholzer/nas3/bfd/runs/F2/F2.SBE3_v1_1sp.r1/step0/likelihood.log, burnin 20%, skipping 200 log lines

|---------|---------|---------|---------|---------|---------|---------|---------|
*********************************************************************************

Calculating statistics

|---------|---------|---------|---------|---------|---------|---------|---------|
********************************************************************************

marginalLs[0 ] = -1987.0201772860783

Loading /home/gseeholzer/nas3/bfd/runs/F2/F2.SBE3_v1_1sp.r1/step1/likelihood.log, burnin 20%, skipping 200 log lines

|---------|---------|---------|---------|---------|---------|---------|---------|
*********************************************************************************

Calculating statistics

|---------|---------|---------|---------|---------|---------|---------|---------|
********************************************************************************

marginalLs[1 ] = -1987.2099037115793

Loading /home/gseeholzer/nas3/bfd/runs/F2/F2.SBE3_v1_1sp.r1/step2/likelihood.log, burnin 20%, skipping 200 log lines

|---------|---------|---------|---------|---------|---------|---------|---------|
*********************************************************************************

Calculating statistics

|---------|---------|---------|---------|---------|---------|---------|---------|
********************************************************************************

marginalLs[2 ] = -1987.440669778731

Loading /home/gseeholzer/nas3/bfd/runs/F2/F2.SBE3_v1_1sp.r1/step3/likelihood.log, burnin 20%, skipping 200 log lines

|---------|---------|---------|---------|---------|---------|---------|---------|
*********************************************************************************

Calculating statistics

|---------|---------|---------|---------|---------|---------|---------|---------|
********************************************************************************

marginalLs[3 ] = -1987.6343524019658

Loading /home/gseeholzer/nas3/bfd/runs/F2/F2.SBE3_v1_1sp.r1/step4/likelihood.log, burnin 20%, skipping 200 log lines

|---------|---------|---------|---------|---------|---------|---------|---------|
*********************************************************************************

Calculating statistics

|---------|---------|---------|---------|---------|---------|---------|---------|
********************************************************************************

marginalLs[4 ] = -1988.0498003540936

Loading /home/gseeholzer/nas3/bfd/runs/F2/F2.SBE3_v1_1sp.r1/step5/likelihood.log, burnin 20%, skipping 200 log lines

|---------|---------|---------|---------|---------|---------|---------|---------|
*********************************************************************************

Calculating statistics

|---------|---------|---------|---------|---------|---------|---------|---------|
********************************************************************************

marginalLs[5 ] = -1988.2048260929475

Loading /home/gseeholzer/nas3/bfd/runs/F2/F2.SBE3_v1_1sp.r1/step6/likelihood.log, burnin 20%, skipping 200 log lines

|---------|---------|---------|---------|---------|---------|---------|---------|
*********************************************************************************

Calculating statistics

|---------|---------|---------|---------|---------|---------|---------|---------|
********************************************************************************

marginalLs[6 ] = -1988.5034653969292

Loading /home/gseeholzer/nas3/bfd/runs/F2/F2.SBE3_v1_1sp.r1/step7/likelihood.log, burnin 20%, skipping 200 log lines

|---------|---------|---------|---------|---------|---------|---------|---------|
*********************************************************************************

Calculating statistics

|---------|---------|---------|---------|---------|---------|---------|---------|
********************************************************************************

marginalLs[7 ] = -1988.62909093301

Loading /home/gseeholzer/nas3/bfd/runs/F2/F2.SBE3_v1_1sp.r1/step8/likelihood.log, burnin 20%, skipping 200 log lines

|---------|---------|---------|---------|---------|---------|---------|---------|
*********************************************************************************

Calculating statistics

|---------|---------|---------|---------|---------|---------|---------|---------|
********************************************************************************

marginalLs[8 ] = -1988.8786436767755

Loading /home/gseeholzer/nas3/bfd/runs/F2/F2.SBE3_v1_1sp.r1/step9/likelihood.log, burnin 20%, skipping 200 log lines

|---------|---------|---------|---------|---------|---------|---------|---------|
*********************************************************************************

Calculating statistics

|---------|---------|---------|---------|---------|---------|---------|---------|
********************************************************************************

marginalLs[9 ] = -1989.137008351937

Loading /home/gseeholzer/nas3/bfd/runs/F2/F2.SBE3_v1_1sp.r1/step10/likelihood.log, burnin 20%, skipping 200 log lines

|---------|---------|---------|---------|---------|---------|---------|---------|
*********************************************************************************

Calculating statistics

|---------|---------|---------|---------|---------|---------|---------|---------|
********************************************************************************

marginalLs[10 ] = -1989.4569375371236

Loading /home/gseeholzer/nas3/bfd/runs/F2/F2.SBE3_v1_1sp.r1/step11/likelihood.log, burnin 20%, skipping 200 log lines

|---------|---------|---------|---------|---------|---------|---------|---------|
*********************************************************************************

Calculating statistics

|---------|---------|---------|---------|---------|---------|---------|---------|
********************************************************************************

marginalLs[11 ] = -1989.4753191091345

Loading /home/gseeholzer/nas3/bfd/runs/F2/F2.SBE3_v1_1sp.r1/step12/likelihood.log, burnin 20%, skipping 200 log lines

|---------|---------|---------|---------|---------|---------|---------|---------|
*********************************************************************************

Calculating statistics

|---------|---------|---------|---------|---------|---------|---------|---------|
********************************************************************************

marginalLs[12 ] = -1989.8502436166234

Loading /home/gseeholzer/nas3/bfd/runs/F2/F2.SBE3_v1_1sp.r1/step13/likelihood.log, burnin 20%, skipping 200 log lines

|---------|---------|---------|---------|---------|---------|---------|---------|
*********************************************************************************

Calculating statistics

|---------|---------|---------|---------|---------|---------|---------|---------|
********************************************************************************

marginalLs[13 ] = -1989.9917755174781

Loading /home/gseeholzer/nas3/bfd/runs/F2/F2.SBE3_v1_1sp.r1/step14/likelihood.log, burnin 20%, skipping 200 log lines

|---------|---------|---------|---------|---------|---------|---------|---------|
*********************************************************************************

Calculating statistics

|---------|---------|---------|---------|---------|---------|---------|---------|
********************************************************************************

marginalLs[14 ] = -1990.3364597671225

Loading /home/gseeholzer/nas3/bfd/runs/F2/F2.SBE3_v1_1sp.r1/step15/likelihood.log, burnin 20%, skipping 200 log lines

|---------|---------|---------|---------|---------|---------|---------|---------|
*********************************************************************************

Calculating statistics

|---------|---------|---------|---------|---------|---------|---------|---------|
********************************************************************************

marginalLs[15 ] = -1990.526894952131

Loading /home/gseeholzer/nas3/bfd/runs/F2/F2.SBE3_v1_1sp.r1/step16/likelihood.log, burnin 20%, skipping 200 log lines

|---------|---------|---------|---------|---------|---------|---------|---------|
*********************************************************************************

Calculating statistics

|---------|---------|---------|---------|---------|---------|---------|---------|
********************************************************************************

marginalLs[16 ] = -1990.9765302270316

Loading /home/gseeholzer/nas3/bfd/runs/F2/F2.SBE3_v1_1sp.r1/step17/likelihood.log, burnin 20%, skipping 200 log lines

|---------|---------|---------|---------|---------|---------|---------|---------|
*********************************************************************************

Calculating statistics

|---------|---------|---------|---------|---------|---------|---------|---------|
********************************************************************************

marginalLs[17 ] = -1991.1385369997029

Loading /home/gseeholzer/nas3/bfd/runs/F2/F2.SBE3_v1_1sp.r1/step18/likelihood.log, burnin 20%, skipping 200 log lines

|---------|---------|---------|---------|---------|---------|---------|---------|
*********************************************************************************

Calculating statistics

|---------|---------|---------|---------|---------|---------|---------|---------|
********************************************************************************

marginalLs[18 ] = -1991.1571064394125

Loading /home/gseeholzer/nas3/bfd/runs/F2/F2.SBE3_v1_1sp.r1/step19/likelihood.log, burnin 20%, skipping 200 log lines

|---------|---------|---------|---------|---------|---------|---------|---------|
*********************************************************************************

Calculating statistics

|---------|---------|---------|---------|---------|---------|---------|---------|
********************************************************************************

marginalLs[19 ] = -1991.1652248000755

Loading /home/gseeholzer/nas3/bfd/runs/F2/F2.SBE3_v1_1sp.r1/step20/likelihood.log, burnin 20%, skipping 200 log lines

|---------|---------|---------|---------|---------|---------|---------|---------|
*********************************************************************************

Calculating statistics

|---------|---------|---------|---------|---------|---------|---------|---------|
********************************************************************************

marginalLs[20 ] = -1991.3563207895231

Loading /home/gseeholzer/nas3/bfd/runs/F2/F2.SBE3_v1_1sp.r1/step21/likelihood.log, burnin 20%, skipping 200 log lines

|---------|---------|---------|---------|---------|---------|---------|---------|
*********************************************************************************

Calculating statistics

|---------|---------|---------|---------|---------|---------|---------|---------|
********************************************************************************

marginalLs[21 ] = -1991.0869448775168

Loading /home/gseeholzer/nas3/bfd/runs/F2/F2.SBE3_v1_1sp.r1/step22/likelihood.log, burnin 20%, skipping 200 log lines

|---------|---------|---------|---------|---------|---------|---------|---------|
*********************************************************************************

Calculating statistics

|---------|---------|---------|---------|---------|---------|---------|---------|
********************************************************************************

marginalLs[22 ] = -1991.5095184687652

Loading /home/gseeholzer/nas3/bfd/runs/F2/F2.SBE3_v1_1sp.r1/step23/likelihood.log, burnin 20%, skipping 200 log lines

|---------|---------|---------|---------|---------|---------|---------|---------|
*********************************************************************************

Calculating statistics

|---------|---------|---------|---------|---------|---------|---------|---------|
********************************************************************************

marginalLs[23 ] = -1991.0059555215773

Step        theta         likelihood   contribution ESS
0            1            -1987.0202   0            801          
1            0.8623       -1987.2099   -273.6573    801          
2            0.7384       -1987.4407   -246.1494    801          
3            0.6276       -1987.6344   -220.2881    612.7854     
4            0.529        -1988.0498   -196.0716    697.4702     
5            0.4417       -1988.2048   -173.4283    801          
6            0.3651       -1988.5035   -152.3669    715.7347     
7            0.2983       -1988.6291   -132.836     801          
8            0.2406       -1988.8786   -114.828     728.2998     
9            0.1911       -1989.137    -98.2999     723.4857     
10           0.1493       -1989.4569   -83.223      556.0667     
11           0.1143       -1989.4753   -69.5531     801          
12           0.0855       -1989.8502   -57.2745     759.8563     
13           0.0623       -1989.9918   -46.3336     624.469      
14           0.0438       -1990.3365   -36.6996     701.0421     
15           0.0296       -1990.5269   -28.3239     668.4549     
16           0.019        -1990.9765   -21.1658     506.3737     
17           0.0113       -1991.1385   -15.1702     510.9452     
18           0.0062       -1991.1571   -10.2861     703.068      
19           0.0029       -1991.1652   -6.4538      376.4771     
20           0.0011       -1991.3563   -3.6057      540.4101     
21           0.0003       -1991.0869   -1.6608      561.935      
22           0            -1991.5095   -0.5226      621.0988     
23           0            -1991.006    -0.0575      541.3042     
sum(ESS) = 15955.277   

marginal L estimate = -1988.2557513148088


Total wall time: 46970 seconds
Done

real	782m52.773s
user	6492m9.214s
sys	83m5.742s
