#
#model:
#
#<?xml version="1.0" encoding="UTF-8" standalone="no"?><input id="posterior" spec="beast.core.util.CompoundDistribution">
#    <distribution id="prior" spec="beast.core.util.CompoundDistribution">
#        <prior id="lambdaPrior.F2" name="distribution">
#            <parameter id="lambda" lower="0.0" name="x" spec="beast.core.parameter.RealParameter">0.01</parameter>
#            <Gamma id="Gamma.0" name="distr">
#                <parameter estimate="false" id="RealParameter.1" name="alpha" spec="beast.core.parameter.RealParameter">2.0</parameter>
#                <parameter estimate="false" id="RealParameter.2" name="beta" spec="beast.core.parameter.RealParameter">200.0</parameter>
#            </Gamma>
#        </prior>
#        <distribution id="snapprior.F2" lambda="@lambda" spec="snap.likelihood.SnAPPrior">
#            <parameter estimate="false" id="alpha" lower="0.0" name="alpha" spec="beast.core.parameter.RealParameter">11.75</parameter>
#            <parameter estimate="false" id="beta" lower="0.0" name="beta" spec="beast.core.parameter.RealParameter">109.73</parameter>
#            <parameter estimate="false" id="kappa" lower="0.0" name="kappa" spec="beast.core.parameter.RealParameter">1.0</parameter>
#            <parameter id="coalescenceRate" name="coalescenceRate" spec="beast.core.parameter.RealParameter">10.0</parameter>
#            <tree clusterType="upgma" id="Tree.F2" nodetype="snap.NodeData" spec="beast.util.ClusterTree">
#                <taxa dataType="integerdata" id="snap.F2" spec="snap.Data">
#                    <taxonset id="ant" spec="beast.evolution.alignment.TaxonSet">
#                        <taxon id="Carpish_B72762.Huanuco.Acomayo" spec="beast.evolution.alignment.Taxon"/>
#                        <taxon id="Carpish_B72773.Huanuco.Mitotambo" spec="beast.evolution.alignment.Taxon"/>
#                        <taxon id="Amotape_B67127.Tumbes.Amotape" spec="beast.evolution.alignment.Taxon"/>
#                        <taxon id="Amotape_B67201.Tumbes.Amotape" spec="beast.evolution.alignment.Taxon"/>
#                        <taxon id="Chavinillo_B72789.Huanuco.Chavinillo" spec="beast.evolution.alignment.Taxon"/>
#                        <taxon id="Chavinillo_B72792.Huanuco.Chavinillo" spec="beast.evolution.alignment.Taxon"/>
#                        <taxon id="Quichas_B72777.Lima.Quichas" spec="beast.evolution.alignment.Taxon"/>
#                        <taxon id="Quichas_B72785.Lima.Quichas" spec="beast.evolution.alignment.Taxon"/>
#                        <taxon id="Canchaque_B72874.Piura.Canchaque" spec="beast.evolution.alignment.Taxon"/>
#                        <taxon id="Canchaque_B72878.Piura.Canchaque" spec="beast.evolution.alignment.Taxon"/>
#                        <taxon id="Huamatanga_B72889.Lima.Huamatanga" spec="beast.evolution.alignment.Taxon"/>
#                        <taxon id="Huamatanga_B72892.Lima.Huamatanga" spec="beast.evolution.alignment.Taxon"/>
#                        <taxon id="Porculla_B31685.Piura.Porculla" spec="beast.evolution.alignment.Taxon"/>
#                        <taxon id="Porculla_B72870.Piura.Porculla" spec="beast.evolution.alignment.Taxon"/>
#                        <taxon id="LaQuinua_B72754.Pasco.LaQuinua" spec="beast.evolution.alignment.Taxon"/>
#                        <taxon id="LaQuinua_B72760.Pasco.LaQuinua" spec="beast.evolution.alignment.Taxon"/>
#                    </taxonset>
#                    <taxonset id="cur" spec="beast.evolution.alignment.TaxonSet">
#                        <taxon id="curtata_cra.cur.B6032" spec="beast.evolution.alignment.Taxon"/>
#                        <taxon id="curtata_cra.cur.B8175" spec="beast.evolution.alignment.Taxon"/>
#                    </taxonset>
#                </taxa>
#                <parameter id="RealParameter.0" lower="0.0" name="clock.rate" spec="beast.core.parameter.RealParameter" upper="0.0">1.0</parameter>
#            </tree>
#        </distribution>
#    </distribution>
#    <distribution id="likelihood" spec="beast.core.util.CompoundDistribution">
#        <distribution data="@snap.F2" id="treeLikelihood.F2" non-polymorphic="false" pattern="coalescenceRate" spec="snap.likelihood.SnAPTreeLikelihood" tree="@Tree.F2">
#            <siteModel id="MutationSiteModel.F2" spec="beast.evolution.sitemodel.SiteModel">
#                <parameter estimate="false" id="mutationRate" name="mutationRate" spec="beast.core.parameter.RealParameter">1.0</parameter>
#                <parameter estimate="false" id="shape" name="shape" spec="beast.core.parameter.RealParameter">2.0</parameter>
#                <parameter estimate="false" id="proportionInvariant" name="proportionInvariant" spec="beast.core.parameter.RealParameter">0.0</parameter>
#                <substModel coalescenceRate="@coalescenceRate" id="MutationModel" spec="snap.likelihood.SnapSubstitutionModel">
#                    <parameter estimate="false" id="u" lower="0.0" name="mutationRateU" spec="beast.core.parameter.RealParameter">1.0</parameter>
#                    <parameter id="v" lower="0.0" name="mutationRateV" spec="beast.core.parameter.RealParameter">1.0</parameter>
#                </substModel>
#            </siteModel>
#        </distribution>
#    </distribution>
#</input>
#
Sample	posterior	likelihood	prior	theta0	theta1	theta2	TreeHeightLogger
0	-1772.0637106311515	-1622.6958887146316	-149.3678219165198	0.09014095517546185	0.11653843601360746	0.13421061735323675	6.529497451987084E-4
1000	-1771.6874298219232	-1621.347200179274	-150.34022964264918	0.07714098712766189	0.12127562900259058	0.16107034344699392	0.0010118574530545038
2000	-1777.649259218576	-1624.5220309039837	-153.12722831459232	0.09702327605563323	0.24448094336861634	0.09788525334154757	1.317588103598981E-4
3000	-1772.7080815678705	-1621.7966996323119	-150.91138193555878	0.0930785858022755	0.11207725246155717	0.1750957210727344	0.003246438948740561
4000	-1773.0364407243646	-1623.2086636850167	-149.82777703934798	0.12209191699054521	0.13065050666223826	0.12961014900628906	0.0017274946384506916
5000	-1771.9718939150262	-1623.368930037015	-148.60296387801134	0.1378518523280453	0.12509491768699918	0.14522398364720926	3.856927798401668E-4
6000	-1774.0863717848576	-1620.65291675198	-153.43345503287756	0.05387303458539065	0.07091599837387202	0.14772450595841197	0.0013109996204935014
7000	-1772.2140563052535	-1623.1509473265723	-149.06310897868116	0.11153622120185862	0.1239194660986666	0.16392864330706142	1.4649585974039865E-4
8000	-1772.2727798499254	-1621.7044573766145	-150.56832247331084	0.08881237772535323	0.08358249563456116	0.14319122558696878	0.0018438785977671838
9000	-1771.9772270050512	-1622.4451065505154	-149.5321204545358	0.07432011689800119	0.10081586082280221	0.1409492482269885	4.5850051874840955E-4
10000	-1772.6258043812643	-1622.9488298175352	-149.67697456372903	0.07778167671053797	0.13413765627042332	0.10631226806557495	0.001374451065723678
11000	-1773.3524054316326	-1621.5802128829757	-151.7721925486568	0.08421361218849045	0.07936840943386712	0.1667175130184864	7.54826097511039E-4
12000	-1775.588053459205	-1621.0844336245395	-154.50361983466547	0.05813998533147827	0.05158440183367622	0.13048949142922653	0.001479786321645459
13000	-1777.5935071819376	-1624.2418424717964	-153.35166471014116	0.05932354560114806	0.059535157148927334	0.08082714543035295	2.241252197122038E-4
14000	-1772.895092354552	-1623.1874733852883	-149.70761896926362	0.08397556898121356	0.11062185308156602	0.17054971568777175	4.739421683878638E-5
15000	-1772.4419442598246	-1622.9601764918716	-149.481767767953	0.07985427072287411	0.1453682988956713	0.11233804537509119	8.638827578772226E-4
16000	-1773.322884675785	-1622.4700087202118	-150.85287595557313	0.1035045830684306	0.06839049917046379	0.13586014565504342	0.0024890156452421633
17000	-1772.412047786975	-1623.4651419879838	-148.94690579899125	0.13184146299737076	0.08694751626993115	0.14297536788041335	2.3254365247772136E-4
18000	-1772.468701011906	-1622.2120598034169	-150.2566412084891	0.07170192934926908	0.1500957246476385	0.1198333054953433	0.0011484731770821557
19000	-1776.3529902968846	-1621.3691297969963	-154.98386049988835	0.11810269038233014	0.04578070227686899	0.20201018429266615	7.396652274691358E-4
20000	-1773.5922579272133	-1621.5635713618162	-152.02868656539712	0.07974061141995537	0.09413827934848168	0.1551827593270911	9.025863306626571E-4
21000	-1771.4333585849565	-1621.342751110528	-150.09060747442848	0.08334975828614141	0.12489760653020808	0.16523810701592687	0.0011366563789542365
22000	-1772.6541894526135	-1623.1323341449693	-149.5218553076443	0.08954508411899458	0.10248235336495697	0.11293564714520168	8.942352271121477E-4
23000	-1774.6607131973801	-1620.8121431022946	-153.84857009508542	0.14308059865794795	0.128502017514433	0.24057344908586978	0.00233538504937503
24000	-1776.9898531874344	-1625.5200224277296	-151.4698307597047	0.14963618698234055	0.09574972247979933	0.09737686344531161	0.0013335562157310212
25000	-1777.8196365879867	-1622.899852541926	-154.9197840460605	0.053551585874623386	0.04864857172993662	0.10047946126182299	3.6057156535186305E-4
26000	-1773.946328319403	-1620.9487238901527	-152.99760442925017	0.06914172142869865	0.0694511549560996	0.17110446646278746	0.002146267584384363
27000	-1772.477422283285	-1622.1276672389965	-150.34975504428843	0.10270295509137738	0.07120216287060024	0.14090988210862537	0.0013062408181458384
28000	-1771.8964007553866	-1622.0929692542081	-149.80343150117844	0.111899420420654	0.1279872398029433	0.1798030854000701	6.793850392556559E-4
29000	-1773.0053916060265	-1620.94270652729	-152.06268507873654	0.08001425917841125	0.07216033260417516	0.16406313865458402	0.0017484210666706187
30000	-1775.2408038909011	-1623.4009298435478	-151.83987404735342	0.05053014037125357	0.1184141292156849	0.15763999469176623	2.0866214262514008E-5
31000	-1775.5676944546494	-1622.650777356797	-152.91691709785243	0.09529357521762315	0.1450689154887601	0.12683229490201564	0.0015098072152972646
32000	-1772.3110360143223	-1622.5574072083054	-149.7536288060168	0.08627750668228722	0.1477268600766653	0.153983917450669	4.2961990457705015E-4
33000	-1771.5004275350461	-1621.5881531465393	-149.91227438850694	0.10550786299640726	0.09387461502931921	0.16272087625764112	0.0016137686800035509
34000	-1773.004605149635	-1621.736573767114	-151.26803138252095	0.07375076365011021	0.06964890206917793	0.12656008072340852	0.0014564905593965403
35000	-1772.3528550471801	-1622.1010699938336	-150.25178505334654	0.1384135478143539	0.13172441594659004	0.1698554129579883	0.0017861459811360561
36000	-1773.9976942132848	-1623.1069824802366	-150.8907117330481	0.054268442099342486	0.11129969278118733	0.13412319034481163	1.5373516550531706E-4
37000	-1774.3872569339471	-1624.2011094938184	-150.18614744012865	0.07093111795835451	0.11939413923395203	0.08364120519021474	4.7569261393872863E-4
38000	-1773.8968050977505	-1624.299027475274	-149.59777762247649	0.12558306008341694	0.08149577065524312	0.10481340442010255	8.414322391233522E-4
39000	-1772.7611565840289	-1621.9803103858076	-150.78084619822138	0.1247162715537306	0.08038638377853763	0.18943156291014682	6.560043137760382E-4
40000	-1773.552584061059	-1621.9821107848031	-151.57047327625583	0.10752541879853	0.12203994064322604	0.19116658972999476	5.728164109946326E-4
41000	-1773.2375446653723	-1624.2882098373623	-148.94933482801	0.14348786033661273	0.11217784174884629	0.11427733408834648	0.0010229352063417408
42000	-1774.980238030107	-1623.1974798889855	-151.78275814112155	0.0812262317382051	0.20740898119483506	0.1273448264132806	3.7140778338824406E-4
43000	-1776.2382073913532	-1621.246263832025	-154.99194355932806	0.07238209365452332	0.10491382046997567	0.14726259237657133	0.001518354707462597
44000	-1774.4152624503754	-1621.8232212801136	-152.59204117026172	0.06345300696750031	0.06659723726285129	0.1138845372957251	0.0012024091194497487
45000	-1773.716448748752	-1622.6810863453823	-151.03536240336985	0.1287914531083102	0.07455544924066064	0.18276142221460928	2.5691134582930223E-4
46000	-1773.8908524284857	-1622.7720788393767	-151.11877358910905	0.11793216852827598	0.056353866707248554	0.1380853460940197	7.397899704380317E-4
47000	-1774.494558305987	-1622.298638659469	-152.19591964651823	0.04818091427667747	0.0924447758617562	0.11364629962225292	4.083444125305417E-4
48000	-1774.0084615822564	-1620.6616973619857	-153.34676422027064	0.06316131735180625	0.07482499040801334	0.16757512114254272	0.0010404613715781395
49000	-1773.7452738338113	-1621.0380874840282	-152.70718634978311	0.11787923308141839	0.13869958963274392	0.2301483908281983	0.001209123669189643
50000	-1771.5730649452155	-1621.2174539355824	-150.35561100963312	0.07486783302975246	0.11640909891835477	0.16250643953057137	0.0010447249543394084
51000	-1772.1659854638092	-1622.978456919441	-149.1875285443681	0.10343138961479993	0.08034341643880617	0.12562271685294596	8.212006885085229E-4
52000	-1772.4495451911375	-1622.2700341518603	-150.17951103927714	0.12019491789893022	0.07338524859402863	0.15870370079678917	8.613498588861285E-4
53000	-1771.9907162122597	-1621.1400861289135	-150.85063008334623	0.06895440156210828	0.11136565949556516	0.1515609782559246	0.0017372857778922416
54000	-1771.7551577803642	-1621.1516470150439	-150.60351076532046	0.07207281448492353	0.11013872354021234	0.15208987032415175	0.001599473886485383
55000	-1772.7435737740923	-1622.4705098244317	-150.27306394966052	0.1553311321999156	0.12071896675864402	0.16748136963263688	0.0014105102938357255
56000	-1772.5582248504788	-1621.3251699077123	-151.23305494276659	0.07215207539120352	0.09885423021070133	0.14696332892393787	0.0011547193585705242
57000	-1773.7056519436558	-1623.3752232008687	-150.33042874278703	0.07330307486884309	0.09333481378708716	0.0949190603812829	8.432033458006528E-4
58000	-1777.4028350707408	-1621.4744947671606	-155.92834030358028	0.030255911884124537	0.13706797664672787	0.10822969342816256	3.704957570774019E-4
59000	-1774.0277118490062	-1621.5362471211472	-152.49146472785895	0.12447295862538127	0.10592614204357188	0.23253303737802122	6.474117292943563E-4
60000	-1772.1875957846514	-1620.9656152445414	-151.22198054011017	0.08672028091383395	0.10359927471091973	0.1852152004184604	0.0023040698250245835
61000	-1773.2806738898726	-1620.654762149331	-152.62591174054154	0.05814683893861827	0.09620650493124397	0.18455364443949263	7.845521774498654E-4
62000	-1772.063269783614	-1620.8024808357482	-151.26078894786585	0.0670898966522172	0.09540685867909489	0.1663843038865739	0.001149792177483751
63000	-1779.243547676532	-1622.433919379178	-156.80962829735407	0.09437347456495652	0.03169577789176944	0.13365345698961884	0.0021545544181296636
64000	-1772.3350861678557	-1623.3703781156978	-148.96470805215782	0.0786161270330658	0.10950352968205378	0.11817504980543286	3.3352516206459177E-4
65000	-1772.521063857469	-1620.905738245224	-151.61532561224504	0.07059528183194716	0.09079619039454423	0.16213635079872063	0.0017541643478069984
66000	-1774.3226853342246	-1624.0959520065085	-150.22673332771623	0.10493593717901152	0.09591306302235249	0.10180246306632287	0.0014609917809072627
67000	-1774.7160078801219	-1622.6033045140284	-152.11270336609354	0.06659881334540023	0.08625096093748813	0.16209741582993442	2.0453756493688205E-4
68000	-1772.9444132151145	-1623.8480649768576	-149.09634823825698	0.08312329755589916	0.12998889231963565	0.09869370313894639	5.522553481375756E-4
69000	-1780.4706893333082	-1620.442479218399	-160.02821011490911	0.12678743955025526	0.0923757178442163	0.256935410029272	0.0023179356820032812
70000	-1772.5008539794062	-1621.8310192195154	-150.66983475989088	0.08993306706765253	0.09797314965842861	0.1895418926713421	4.965315281870538E-4
71000	-1777.0740604528085	-1623.169535312932	-153.90452513987634	0.057141539079561564	0.07449697322715428	0.11313649350864353	2.4943167454696054E-4
72000	-1773.6038639000365	-1622.5297230548485	-151.07414084518786	0.15003858422925573	0.07910603208545514	0.1870592283047527	4.050482752073351E-4
73000	-1775.0584922299436	-1621.7972190183973	-153.26127321154627	0.05677257072110169	0.09997677412441641	0.11616736108214691	0.0016933588030673432
74000	-1774.9860694806723	-1622.3158480149405	-152.67022146573186	0.06736675764345618	0.07461597152385782	0.15406154053379492	3.24631849730805E-4
75000	-1773.0131712982966	-1621.4434436906176	-151.56972760767903	0.05459860950216002	0.1301111208195745	0.12095015687066012	0.0012689517243451016
76000	-1775.504081679794	-1625.1327727016537	-150.3713089781402	0.08152026272671427	0.09894457133522976	0.07426392006798607	9.590900039426988E-4
77000	-1774.9454619978305	-1622.5002557785433	-152.4452062192873	0.12279045786407852	0.07872285669679728	0.21068179027390146	1.5443990945201552E-4
78000	-1773.5869344024356	-1621.1873365608876	-152.39959784154811	0.046734127455925596	0.11966831481393353	0.12201708176354802	8.546791668733085E-4
79000	-1774.173338704314	-1620.6817014204053	-153.49163728390863	0.05977127309247021	0.07769335626616511	0.187579630948387	7.32337619672455E-4
80000	-1774.1273025715413	-1621.9854443185848	-152.14185825295655	0.10349244306067308	0.05692810895484811	0.14467311578856967	0.002201501886376265
81000	-1774.2854770183437	-1621.9204766511473	-152.36500036719653	0.1692167125399244	0.09448707327086737	0.20827410962372792	8.991342627599418E-4
82000	-1771.4808446255502	-1622.6424825214672	-148.83836210408293	0.0886758339032138	0.11325891105035821	0.12592127210753473	9.142131308724613E-4
83000	-1771.8142128696375	-1622.4404514950058	-149.37376137463153	0.08427766415345148	0.10109413021345161	0.12052689335571122	0.0015099463690894227
84000	-1771.2363101061674	-1621.3934687201763	-149.84284138599097	0.0852993864941506	0.10998556057174955	0.1620785006788568	0.0011653497654647593
85000	-1771.9980345188355	-1623.342928155857	-148.65510636297867	0.10320250282447554	0.12503517417579751	0.1570557030695343	9.02025114788454E-5
86000	-1775.0196772397394	-1620.5947860959682	-154.4248911437712	0.12197349488052615	0.0658676383443167	0.23523023719475555	0.0014435755763233826
87000	-1772.9316428678178	-1622.037806145059	-150.89383672275886	0.11894303644999454	0.06656220387612881	0.16371030507672693	9.231908349630531E-4
88000	-1775.0942482534747	-1623.2957789668687	-151.79846928660598	0.11158909547380338	0.13434111302556123	0.14220573808908216	0.003937803355471528
89000	-1772.5712376420663	-1621.5087707886796	-151.06246685338675	0.06466899279288611	0.0960006045297329	0.15930863424055614	6.02103422146048E-4
90000	-1776.8185181796348	-1621.415348103233	-155.4031700764016	0.047764209216136354	0.09042446122488149	0.1468441182787334	0.0018832926508520601
91000	-1773.6418728352764	-1622.735339599308	-150.90653323596854	0.07771962305306619	0.1090755889057687	0.1348113778745578	4.314795307685324E-4
92000	-1772.070404723908	-1621.3710263092735	-150.69937841463462	0.08000234252897635	0.10944094722810183	0.15196004096874322	0.0013827626157937266
93000	-1773.4152253134312	-1622.5333027244974	-150.8819225889338	0.0592848379480554	0.1418384390073371	0.10834405877723044	6.357481158632323E-4
94000	-1771.9054444409642	-1622.4400569071681	-149.46538753379602	0.08875484503650378	0.12313265861326761	0.12985047260717633	0.001060532183067634
95000	-1774.3750169460284	-1623.2491113252001	-151.12590562082815	0.12689736363371304	0.061403759187415384	0.12930042899602845	6.975210775287972E-4
96000	-1771.363730611822	-1622.130479473965	-149.23325113785694	0.0884854508613327	0.11459404331835929	0.13483555249794943	0.001297691299965522
97000	-1773.24035446899	-1620.8911991878517	-152.34915528113834	0.08256491637377522	0.09084572233586911	0.2159296106446724	7.957278658380482E-4
98000	-1773.6160345074047	-1620.9713740152147	-152.64466049218996	0.09923492146692796	0.08674918930398014	0.1869513700716607	0.002285413169659485
99000	-1772.6415823379768	-1621.5190389642175	-151.12254337375938	0.05935959725590992	0.0993780040316384	0.12200693286200812	0.0011999613552279697
100000	-1772.7759027947002	-1621.786086506795	-150.98981628790511	0.08839019021557118	0.07565268710059389	0.1801273156198201	5.393831292403267E-4
101000	-1772.9874232300833	-1624.1642839829433	-148.8231392471401	0.11930531990008213	0.09129175595399297	0.10606099739632295	0.0010718506015220586
102000	-1773.4629186668901	-1621.047784905776	-152.415133761114	0.056269162430776586	0.08401404575726816	0.1452452272292032	0.001733688409250167
103000	-1775.0171366074344	-1621.4648554572425	-153.552281150192	0.04679780238386087	0.09255838877228331	0.16158700725767502	3.7502453853272943E-4
104000	-1775.741512967683	-1625.2556237876493	-150.4858891800339	0.09044454460057824	0.0900050716158865	0.0753992056169847	7.314759996869389E-4
105000	-1771.9668118800676	-1623.6030241030494	-148.36378777701822	0.10682542841993102	0.12382610623083383	0.11801489531731989	5.980949436325858E-4
106000	-1775.2491132045661	-1623.2336124433823	-152.01550076118372	0.09818313281865967	0.07458396631431673	0.1279120410008364	0.003201719118076837
107000	-1772.2484076822834	-1622.284106336614	-149.9643013456694	0.11999483528419845	0.1474309709897785	0.15383952734374812	0.0022887680138965576
108000	-1773.5466619556846	-1623.572991790716	-149.97367016496852	0.10722253247571543	0.06908370203293676	0.10928645090721308	0.0011174679114282
109000	-1772.8380099164754	-1621.8285204100857	-151.00948950638957	0.07708884464854363	0.13354519573193743	0.1922810559965449	4.0955579433375576E-4
110000	-1772.7682958110372	-1623.506826666909	-149.26146914412806	0.13027551693361267	0.07682995509142121	0.12850161726692194	5.394480213827422E-4
111000	-1779.6109715165796	-1622.9857736237084	-156.6251978928712	0.12795383898698723	0.030129403573773222	0.1294555852029392	0.0016344140739111882
112000	-1772.7104948248532	-1622.850985940213	-149.85950888464032	0.1090471809153213	0.09189009724368641	0.16698227203364766	2.533117615618263E-4
113000	-1772.7450083394972	-1622.7731725504354	-149.9718357890617	0.15858319133729118	0.11798501632965352	0.16915839588457338	6.918096461063517E-4
114000	-1773.7892063009056	-1621.4311319524595	-152.3580743484461	0.10753335376786154	0.10989246768459383	0.20389469178541103	0.0035008112591978628
115000	-1771.4780546199502	-1621.4070333197533	-150.07102130019697	0.08639857645899449	0.09507467291491228	0.15893593886607288	0.0012112136465887986
116000	-1777.1402665312673	-1625.238004322378	-151.90226220888934	0.08083895779650928	0.0894408685839751	0.06993714566100456	4.488259000155549E-4
117000	-1772.1627673120304	-1621.36003575526	-150.80273155677045	0.09509689957302388	0.13288594259251052	0.1771493598218334	0.002589628259875262
118000	-1771.5659759531313	-1623.0527249391757	-148.51325101395548	0.09136282945853517	0.12186798850183352	0.13321270686071948	4.3925361999844583E-4
119000	-1772.7910734212917	-1620.843977332848	-151.9470960884437	0.07887197984846425	0.11390262008552049	0.19129978438691791	0.0021953806582606736
120000	-1772.6829160055265	-1623.9859666051866	-148.6969494003399	0.10378399553525162	0.11412131893605518	0.11108842760806885	3.193841486367094E-4
121000	-1774.0865818313532	-1622.1906616826654	-151.89592014868782	0.05967164353884902	0.06908677278507094	0.11583259850586612	6.031530306089383E-4
122000	-1772.2993857183178	-1623.198033479873	-149.10135223844486	0.11666475603763135	0.07827371062240704	0.13701985337337452	4.5239856099709065E-4
123000	-1774.1354585730023	-1621.3335133055282	-152.80194526747408	0.053534986635259664	0.11458416450046774	0.1372045249519702	0.0017750069335533232
124000	-1771.6059006731707	-1622.2637504353727	-149.34215023779802	0.07761458452226132	0.11777843983638982	0.13133513304889888	7.98948300034528E-4
125000	-1775.252058144959	-1622.7735223382858	-152.478535806673	0.12610061852673637	0.09607724758173589	0.1790701554880791	0.004862057163222028
126000	-1771.6702628515197	-1622.3443853493966	-149.32587750212306	0.08990554279463131	0.12245694832311567	0.1343521250688092	0.0010339205901883557
127000	-1771.5569238636042	-1621.2682357656681	-150.288688097936	0.08656799991919341	0.0893959345008719	0.1582238647555041	0.0016209052556356482
128000	-1774.4390059663424	-1624.5188218855706	-149.92018408077186	0.13178993476863038	0.08233861889718402	0.10352007643875144	9.978171560401131E-4
129000	-1774.5838816142161	-1624.806726932688	-149.77715468152817	0.16973206104916172	0.10341481126177139	0.09057340701312531	1.9017078386657402E-5
130000	-1774.8380544554434	-1620.5430068913547	-154.29504756408863	0.0906025192618301	0.1228984209201629	0.24948307902451994	0.00232525803256366
131000	-1776.196078836873	-1624.0727741477422	-152.12330468913092	0.1695823202847489	0.05680503576042717	0.11911682124055893	7.370739163231565E-4
132000	-1772.9064158397853	-1623.4178033318244	-149.48861250796077	0.09019740380351894	0.09206301941752897	0.10448681601910713	0.0015498957349474405
133000	-1772.3004285028398	-1623.06880377209	-149.23162473074993	0.1003709856512354	0.08283722285359083	0.11788184371978083	0.0010876412619067284
134000	-1775.0493751273013	-1620.7523201177057	-154.29705500959568	0.06982337918503605	0.06343399581897777	0.20968424723418985	6.738666095975009E-4
135000	-1775.022038742139	-1623.183471361464	-151.83856738067504	0.07834665486394236	0.0701236577172108	0.09850241800963892	0.001386876446691645
136000	-1772.0059591017111	-1621.8708359945067	-150.1351231072044	0.07871852798289614	0.10956144724782342	0.1360360132464394	0.0020916320619159055
137000	-1771.89017073613	-1622.0055685634281	-149.88460217270185	0.12261843751193434	0.1368619752152193	0.1736292253529769	0.001128897842146213
138000	-1775.2082374677393	-1622.3125070086235	-152.89573045911592	0.1780479143206485	0.07012213652955525	0.17308669742041832	0.0015547005469071916
139000	-1772.3877921597136	-1620.9700866219325	-151.41770553778122	0.07041273009376017	0.09381281270565606	0.15946645648043584	0.0017766714600946855
140000	-1773.553464683683	-1621.2062290424797	-152.34723564120327	0.12111440830404928	0.07261671382677948	0.18598780067681703	0.0023229136211741514
141000	-1772.6898430663728	-1624.3875265256702	-148.30231654070255	0.11733617987635403	0.10622851784274157	0.10185305100509659	5.013183890909634E-4
142000	-1771.4827376891221	-1622.0451349440214	-149.4376027451009	0.08617654268682874	0.10979939160449496	0.15736385133153064	6.570746144587161E-4
143000	-1773.527750115422	-1621.7770427836474	-151.75070733177455	0.05244389244631947	0.11892501861898179	0.13990316171841116	4.7036817015481453E-4
144000	-1774.587390135511	-1623.5500645814159	-151.03732555409516	0.08988930413374942	0.06263985646136251	0.13215166361036265	1.406807377760724E-4
145000	-1773.7542209486273	-1622.3113761609127	-151.4428447877146	0.1608266865408851	0.12676566500788328	0.17371642014569535	0.0028588137834548023
146000	-1772.5212865625736	-1620.9293723623573	-151.59191420021637	0.07599498259697379	0.13744249589522878	0.17266792544317036	0.0014614549026870415
147000	-1772.6279929221373	-1622.8896851360412	-149.73830778609602	0.06951139305758607	0.13695302634584083	0.11521799263076067	5.278645380991073E-4
148000	-1776.3026681935887	-1621.038663062871	-155.2640051307178	0.06580261562114131	0.12952670245379536	0.1758006794360027	8.024502180838777E-4
149000	-1775.0619827341634	-1623.4670519444749	-151.59493078968848	0.052918799341663436	0.09160656891194596	0.12709552437301017	1.0084751111275106E-4
150000	-1773.0879109433151	-1623.4382744211898	-149.64963652212532	0.088217458055267	0.09425002145600549	0.10989907742873047	5.832094309804394E-4
151000	-1772.7140405822672	-1622.8159941209042	-149.89804646136298	0.15139353237373543	0.09589696053059571	0.1506840338390403	0.0015355962993115059
152000	-1771.8738292136468	-1622.1268557204603	-149.7469734931864	0.09713774893971583	0.08641821171618605	0.1526391433266648	7.965872636955424E-4
153000	-1774.912494225094	-1623.4458579974776	-151.46663622761645	0.07409969895906784	0.1419521151703709	0.1004686227325641	0.0021317696691495005
154000	-1771.9919100847292	-1622.6773451206261	-149.31456496410306	0.11750941961568344	0.12162622629171876	0.14050295470745133	0.0013598280097306746
155000	-1772.5587589791755	-1621.52576543541	-151.03299354376563	0.07509668498405606	0.09099929562258476	0.13756448722555545	0.0014660296852650725
156000	-1773.1883008299922	-1623.0732319042013	-150.11506892579084	0.08661317003621899	0.07355446146792706	0.15012417614070359	1.8801655112502208E-4
157000	-1772.2789996723645	-1621.4223847179137	-150.85661495445092	0.06923761606391471	0.1169252974325231	0.14348329293079262	0.0010646326812250673
158000	-1772.8698825206086	-1624.4721411696628	-148.39774135094578	0.14201743874027917	0.12555014759130634	0.10750905819450898	3.811223346722982E-4
159000	-1773.813666947609	-1620.603547261702	-153.21011968590696	0.061923268048469635	0.09635731963241112	0.19662639314138855	8.151325461783133E-4
160000	-1776.176273372846	-1621.0433575913673	-155.1329157814788	0.05538104973446613	0.055722480087216954	0.14963456061216487	0.0018665581139858554
161000	-1772.2077024991083	-1621.7689056894824	-150.4387968096259	0.06899959321920826	0.0880391219832522	0.1450306635099707	6.645905351905499E-4
162000	-1773.5612796477042	-1622.5828402693696	-150.97843937833454	0.06579481534408889	0.07892902449652009	0.12048377614262223	4.8238717133384325E-4
163000	-1772.3197990407493	-1622.1007563771354	-150.21904266361398	0.0760947208285222	0.08502052088811755	0.12226549658075989	0.0011750846447065567
164000	-1774.1383464846147	-1624.3385782105906	-149.79976827402396	0.09803640352745625	0.0980535925186783	0.10073473021317453	0.0023851959288082136
165000	-1772.131013936813	-1620.8149163243174	-151.31609761249544	0.08670196776725342	0.09816460052134109	0.18488571060265502	0.0015733352880734615
166000	-1774.5321604438325	-1620.2414327522642	-154.29072769156824	0.044519132403406145	0.09206208110766785	0.170247637824764	0.0010357232541491801
167000	-1774.659636206774	-1622.2647905139142	-152.39484569285963	0.06209661112354224	0.07881141186406547	0.11259811788107196	0.002008544433398207
168000	-1774.65764720332	-1621.9772936435406	-152.68035355977946	0.06428058623429544	0.0653551539473782	0.11213036348036766	0.00104149387317656
169000	-1771.2134254421962	-1622.2782126931706	-148.93521274902568	0.10674408876586931	0.10855743092242996	0.15281641437108395	9.180156229237828E-4
170000	-1773.5125528301078	-1623.107397165108	-150.40515566499974	0.1029395363925407	0.09582772646555214	0.1262264828790807	0.0027795810914086126
171000	-1774.0053497869485	-1622.731586298927	-151.27376348802161	0.10436263319220593	0.056782125208318136	0.15665173672956828	3.316465562755776E-4
172000	-1774.9858048321862	-1623.2194183574454	-151.7663864747409	0.055496848444389964	0.09735496654752557	0.09455127481509086	4.0846670256433973E-4
173000	-1773.2967241457218	-1622.5919624239564	-150.7047617217654	0.07583299071059074	0.17466810938836064	0.14786356576463652	3.844358275779473E-4
174000	-1773.0384249409199	-1622.2524498433606	-150.7859750975592	0.0716756852962271	0.10393627964539927	0.11722099546145448	0.0018485489580837317
175000	-1779.988348416677	-1620.2485030388805	-159.73984537779643	0.02897776041447973	0.059445012978413155	0.16095576356394736	9.743156110185155E-4
176000	-1773.5668238546732	-1624.0717349810793	-149.49508887359383	0.07499313749335787	0.15709574198938167	0.11246892475124858	8.81842539173634E-5
177000	-1771.663366609127	-1622.9085747141191	-148.75479189500777	0.09843737775480935	0.09740162749489582	0.14077642485811037	4.5965312740403277E-4
178000	-1772.1810604149568	-1621.5428165253388	-150.63824388961808	0.07307895165080605	0.10205061668158885	0.14653044724449105	9.394204967220474E-4
179000	-1772.3776618434104	-1621.367398389054	-151.01026345435633	0.05933608536723046	0.10649224486867588	0.12761352074008891	0.0013069860891067478
180000	-1772.7592004670366	-1623.9984495974618	-148.76075086957476	0.08760288108059261	0.12781947320652517	0.1109777669130194	1.8254052912829524E-4
181000	-1773.5864708137701	-1620.936754948088	-152.6497158656821	0.06236607901568928	0.12734381527373023	0.1802640098236294	7.596685867059748E-4
182000	-1776.57606810324	-1626.0461817119026	-150.52988639133739	0.1561398559048887	0.07966717954003409	0.09241093894927278	0.0014170865344497303
183000	-1771.6561105526348	-1621.6820970051704	-149.97401354746444	0.07851755520842002	0.10197354970784657	0.13925504351070192	0.0012388500499279664
184000	-1772.8825044703879	-1622.226167765127	-150.65633670526086	0.10123241380742108	0.09570501577712676	0.16280751871685706	0.0035086703149344615
185000	-1772.1836550586925	-1621.403597723573	-150.7800573351194	0.10703090413270781	0.12085753810958756	0.19126007188010963	0.001095223262615727
186000	-1771.9127825739204	-1621.2630533710453	-150.6497292028751	0.11126670119832076	0.1299401694568499	0.19167591471963114	0.0014940971429712481
187000	-1773.021107844427	-1622.036982003403	-150.98412584102397	0.12222768173291174	0.09258907349933637	0.16802335935716867	0.003282558917476111
188000	-1776.1946096756528	-1623.5294329578378	-152.6651767178151	0.10270336513884677	0.057927694770074034	0.13303969571866178	0.003582897073855942
189000	-1776.9779552273064	-1621.1399824719645	-155.83797275534198	0.05050693319601863	0.217278778430412	0.15463431292173027	6.454969315812338E-4
190000	-1772.780512592776	-1622.281226869444	-150.49928572333192	0.08027448577057017	0.0873758912471384	0.11989840734973073	0.0014766698564594929
191000	-1774.086179086599	-1621.2391811575571	-152.84699792904192	0.07574731029540552	0.05602924899840736	0.1443534648850752	0.0012494984010467736
192000	-1774.0820252454132	-1621.0638815014206	-153.0181437439925	0.09380684926452382	0.10910876818179886	0.1952126601079689	0.0026806188885974917
193000	-1775.7637858088308	-1623.041254470088	-152.72253133874284	0.06859817800377001	0.08434819527476498	0.09521662981449948	9.896294051785217E-4
194000	-1772.6213814348312	-1620.6924187849004	-151.92896264993087	0.06780646824221148	0.12348168712631157	0.17776336121852568	0.0016034427362404257
195000	-1773.4422826233763	-1623.9861066059925	-149.45617601738385	0.09242133832482294	0.10999224352583492	0.09942181883361487	0.0018615201019352291
196000	-1774.4003566351355	-1620.3652297891545	-154.03512684598107	0.06829789890076744	0.09204724308546776	0.20512632614059334	0.0016526559308431203
197000	-1773.5964898995212	-1621.5869095321266	-152.00958036739465	0.06789045697131196	0.09108487264900947	0.14157110738407727	8.177542826497185E-4
198000	-1773.7104265224643	-1624.4029115665567	-149.30751495590766	0.0877773264658	0.15222007762504072	0.0921123402340517	3.6124260528144883E-4
199000	-1772.902307210865	-1622.0402951085641	-150.86201210230095	0.10627731615615366	0.12225838588782413	0.1524111371864821	0.0014054011912867457
200000	-1773.105169845161	-1623.8860525201335	-149.2191173250276	0.10243787893106888	0.08946506126328455	0.10690348569031337	5.309917556897159E-4
201000	-1772.870122885031	-1621.395960115743	-151.47416276928783	0.11399038674679757	0.16297327161699715	0.18489764998379649	0.0021598766203889137
202000	-1778.2548259995158	-1624.2753096085999	-153.979516390916	0.05732563723168638	0.0876445987128706	0.07584155308368788	0.001882528846301163
203000	-1771.6965346606949	-1621.5952179369397	-150.10131672375522	0.0916463428184332	0.0980270547029512	0.17416598786573464	8.209821650528408E-4
204000	-1779.9474319219396	-1624.7274540494745	-155.21997787246497	0.06141083637029565	0.0958915658642484	0.10092160560654674	0.0032401064741236986
205000	-1777.2921121881968	-1620.521072741422	-156.7710394467748	0.06630353234712599	0.041323397386962446	0.16312839110594538	0.0011850915379035937
206000	-1772.6781263215537	-1624.5911592309196	-148.086967090634	0.10497741173281401	0.13481362872472397	0.09917781956258098	5.857781537536037E-6
207000	-1774.9892945836195	-1622.5029528076584	-152.48634177596125	0.13669997850751817	0.06855518279006063	0.1514938828488253	0.0011587376804966533
208000	-1774.3729191138325	-1621.4527295243101	-152.9201895895224	0.15124643765534693	0.07275418138137739	0.1942797687308632	0.0027345474285531603
209000	-1773.7940212873732	-1620.7763748934256	-153.01764639394753	0.045365465424963086	0.11404956369013974	0.1375767969960316	0.0012365642038382532
210000	-1775.2166905210695	-1623.9593936764818	-151.25729684458773	0.16804799801490014	0.16242544313706983	0.13597961373157952	0.002008117741677402
211000	-1772.6918783183696	-1622.086480045756	-150.60539827261357	0.06773101536824348	0.13600162456340484	0.1181876266290964	0.001648867744653874
212000	-1771.8417120904876	-1621.6540440324907	-150.18766805799697	0.07847356593466054	0.08798179250186071	0.13770880718287992	0.0012825297480726326
213000	-1774.6462323481394	-1620.667083231003	-153.9791491171364	0.05184303024641472	0.12480459857693282	0.2066057508526241	5.876102505251314E-4
214000	-1774.370400174415	-1622.6008915151906	-151.7695086592244	0.16364697443852788	0.1634728851617858	0.1723965196691826	0.001248426856158406
215000	-1772.1555748876278	-1622.3781044336406	-149.7774704539872	0.08052071950790705	0.11420449445927831	0.1685420911237998	3.31902991504584E-4
216000	-1773.4854882616949	-1622.034077517751	-151.4514107439438	0.06288483025844956	0.12641120729185032	0.13243413651457175	0.0022900455381307324
217000	-1772.5838868438714	-1621.6106954484649	-150.97319139540656	0.0745352960908979	0.12621589213648984	0.14653611306531428	0.0021896397935883653
218000	-1775.7657942487876	-1622.3595300604118	-153.4062641883759	0.07951696836354857	0.04615794071512014	0.11986367806295348	7.760532913530478E-4
219000	-1772.8402067989032	-1620.6203739156504	-152.21983288325282	0.07884044112286345	0.07418033017009859	0.1836121415433572	0.0014121293356744295
220000	-1774.965359940681	-1625.065541654822	-149.8998182858591	0.1221906196811579	0.08997044090518808	0.10244188478440597	0.0025184248876802067
221000	-1773.145001252114	-1622.1515860440559	-150.9934152080582	0.10240021582073763	0.07621327438925225	0.1391083401576775	0.0019480016224116522
222000	-1773.1766067008564	-1623.125965559108	-150.05064114174834	0.0917560664477643	0.1799717001280434	0.1367843636877128	3.7981309382689157E-4
223000	-1773.4008334374464	-1624.1527619326828	-149.24807150476366	0.10017096551886102	0.09249451558277295	0.09837511455410147	0.0014738042472764946
224000	-1773.9306990923624	-1623.6457700150856	-150.28492907727664	0.08346810096178034	0.13684522565194798	0.09851075975909966	9.946826400723315E-4
225000	-1772.5284970769076	-1622.641669772278	-149.88682730462972	0.07830765447386145	0.07948634423423566	0.1202539259260517	6.815214448939247E-4
226000	-1772.2662350341395	-1623.3885223908933	-148.87771264324618	0.13704662715258265	0.11889093995147411	0.16210268804460706	5.707793105875863E-5
227000	-1771.7818861537905	-1621.994694176228	-149.78719197756257	0.09908655023510116	0.09067363714406979	0.14413252791587164	0.0021547264830153647
228000	-1774.3174713330372	-1622.6881635296563	-151.62930780338104	0.05434664974483138	0.12240211785797095	0.14405352950062897	2.092197158637049E-4
229000	-1774.2576334842277	-1623.0620142907721	-151.1956191934556	0.07896199431337843	0.0637812247811948	0.13192683490729396	2.800468628866014E-4
230000	-1774.2384752120834	-1621.4847460144376	-152.75372919764575	0.14369387132941777	0.0831906800713483	0.19595165836069078	0.003221982240765853
231000	-1774.1033815403146	-1623.9081616554456	-150.195219884869	0.12818069605801508	0.06879989325939148	0.11571665797487551	4.476713905356191E-4
232000	-1776.1767899166994	-1622.087752940889	-154.08903697581042	0.05718626751991475	0.1615290227703938	0.11693053847238578	0.0018902306738287167
233000	-1771.9823615338944	-1622.2820087794569	-149.70035275443755	0.08899644819085492	0.10310639022797127	0.13253728279348756	0.0010926271668915523
234000	-1775.6285011735924	-1622.8422493318835	-152.78625184170883	0.142380512220412	0.07364983350034844	0.1477450933676144	0.0027766504681207733
235000	-1774.118093957317	-1624.272513328808	-149.84558062850894	0.09565815657191304	0.099453424441226	0.11406756958443466	1.083807258294564E-5
236000	-1773.2650915448448	-1621.8596644810964	-151.40542706374842	0.057316334260495566	0.11144544164212625	0.1109194582273879	0.0013974658443181567
237000	-1772.3604204845612	-1622.1148137346008	-150.24560674996044	0.10292915726671036	0.07911064655572048	0.14112211107546715	0.0020241470467013034
238000	-1771.8575563064917	-1621.850860186223	-150.0066961202688	0.08027132160794587	0.12428956386960413	0.14601864081160748	9.193682129624482E-4
239000	-1774.3017282790174	-1622.2151727910784	-152.0865554879391	0.06650048153218735	0.12257154064833393	0.11773149765748206	8.648628148791504E-4
240000	-1771.7584243684128	-1621.6296562215734	-150.1287681468394	0.09372403737915098	0.10344006790869519	0.18154992543779025	7.44075501247529E-4
241000	-1775.7975741284918	-1621.8895163036789	-153.90805782481297	0.082223407178383	0.04504845848129837	0.13080800820587613	0.001933602785604162
242000	-1774.350161690162	-1623.7603941242944	-150.5897675658675	0.07097672084354452	0.07978662022576151	0.09068540244062848	4.943611838577333E-4
243000	-1772.477434060158	-1622.6907681830128	-149.78666587714508	0.14374640273416503	0.10182395732554518	0.15102812309337418	0.001654485555359873
244000	-1772.4047677472843	-1623.7132124599436	-148.69155528734063	0.13480340319244066	0.08559930762818822	0.13872091593837457	1.0274851800288077E-4
245000	-1778.2181139166626	-1621.6423788622947	-156.5757350543678	0.14052031897302586	0.0379747064006208	0.18857214649008677	8.11526525139887E-4
246000	-1775.5619228304338	-1623.1439297705053	-152.41799305992853	0.0613716139007594	0.09266635478598606	0.08700923406290068	0.0010633098875944328
247000	-1774.6810962059556	-1623.460941970065	-151.22015423589045	0.06122659593580265	0.076693772883079	0.1129949810636885	1.9956403072568486E-4
248000	-1775.1008482960951	-1621.8361242634253	-153.26472403266985	0.05037758184799882	0.08119242752334672	0.11127866394678812	0.00171163410470122
249000	-1772.7576487196732	-1624.044117560409	-148.71353115926425	0.12177459226197096	0.13189878735324614	0.11203362788483996	0.00114139149380055
250000	-1773.7945929477798	-1623.3444374671194	-150.4501554806604	0.08527280438449006	0.08541870368207571	0.12740165715761576	2.69237189341851E-4
251000	-1773.1313800270498	-1621.4982703334729	-151.63310969357693	0.07490970919816071	0.07007691863182053	0.1551582787868407	7.672233138191721E-4
252000	-1772.6767449533672	-1620.9922902219082	-151.68445473145903	0.10712018222866664	0.11127281454227163	0.1943944000537945	0.001992936323491597
253000	-1772.9763782987177	-1621.641864600611	-151.33451369810686	0.06321527567373118	0.07747205123073134	0.14072818711787324	6.564875839002992E-4
254000	-1776.880817937713	-1621.3908820964164	-155.4899358412966	0.0428759611074921	0.08903080680109068	0.10307691060817056	0.001071498373999319
255000	-1772.6580039340981	-1622.5487930015677	-150.1092109325304	0.10258632676366043	0.09947270460148806	0.144231555216434	0.0031427179940475346
256000	-1774.6809564585724	-1621.444681475552	-153.2362749830204	0.04417772309375996	0.09682776017677654	0.10973731741832607	0.0013659869658352508
257000	-1771.7745065854608	-1622.252225040363	-149.5222815450978	0.08203710480406895	0.11133429886831467	0.12422926025184441	0.0016266545987636278
258000	-1775.317916705461	-1622.0668003118153	-153.25111639364562	0.06471755810140839	0.058296677946303575	0.11452142617492433	0.0018806345861094346
259000	-1773.943948526218	-1622.265940688828	-151.67800783739	0.09879916762920327	0.17455021624608577	0.14144944660085768	0.0015674296711589697
260000	-1771.5798994136157	-1622.7790803895368	-148.800819024079	0.11273523792087681	0.10148894612664676	0.14088932413857178	8.062373374800349E-4
261000	-1773.5254932645332	-1624.317681358297	-149.20781190623626	0.07279879907865108	0.10362476819339804	0.09963826156889234	9.501062470570072E-5
262000	-1771.5615497489682	-1622.4099901240534	-149.15155962491488	0.1114500800656513	0.10777428637036135	0.1679246023353505	5.565764965169476E-4
263000	-1777.5357093754262	-1621.2563823402497	-156.27932703517652	0.075306732864025	0.04042686185628437	0.1582950036897126	0.002190502306171789
264000	-1783.2342087730408	-1623.4570578720773	-159.77715090096345	0.055125763024801634	0.039020918936409306	0.19093387537956671	0.0030356100804409627
265000	-1776.783966776466	-1622.3708475212259	-154.4131192552403	0.10754324699547936	0.05160198672778021	0.1334536299225432	0.0012942369457230494
266000	-1775.4476019619149	-1622.1885246316338	-153.2590773302811	0.0440208807260369	0.09804973163750423	0.09039697570427876	6.709477286282826E-4
267000	-1772.7260814988786	-1624.4849701757507	-148.24111132312783	0.1368226980154608	0.11498697489707034	0.10451531522928974	4.3299537923394976E-5
268000	-1773.1701129131598	-1623.8006690688696	-149.3694438442902	0.14120831808634005	0.09280019176844997	0.12507663760077262	5.072528876508041E-4
269000	-1772.1801601778411	-1621.5844214500162	-150.59573872782505	0.06548660105090484	0.11696904825332072	0.13003818664428085	0.001657488625995217
270000	-1772.4000606635216	-1620.8653721046685	-151.53468855885308	0.05709112642025602	0.10460212610562865	0.14657519525873855	0.001245068908729191
271000	-1773.621760757385	-1622.5855484923716	-151.0362122650134	0.09638980285724905	0.06305587608310906	0.1599512086165817	3.441800867052056E-4
272000	-1774.9876214507483	-1624.6281505018635	-150.35947094888488	0.1212252729152439	0.1505962625220868	0.10044523778450257	7.863206138459754E-4
273000	-1774.974199063092	-1621.9691248999416	-153.00507416315054	0.0476553433810432	0.09649495679875209	0.09544399784258424	9.414305550063007E-4
274000	-1771.8956555061054	-1622.3102527001904	-149.5854028059149	0.0789482878184015	0.1067217376371742	0.1281388848996409	8.554946491026108E-4
275000	-1775.3599229714823	-1622.0815465154838	-153.2783764559985	0.11054428990444536	0.04545423135722647	0.1414818481871895	0.0015836178297169248
276000	-1774.0559105804152	-1622.2488139198576	-151.80709666055768	0.1008677200563517	0.16545584085640613	0.1535086085163685	9.330084535686316E-4
277000	-1775.3693670657012	-1623.416567917222	-151.95279914847922	0.11172361196798344	0.15980043843438732	0.1451063227995993	0.004232421180250897
278000	-1773.9430395283182	-1622.1115750092486	-151.83146451906967	0.05507869070080706	0.09356978083911403	0.1421535740045395	3.6503046324894747E-4
279000	-1773.0599752692863	-1621.8864775791872	-151.17349769009903	0.07525074961128812	0.08029482192957196	0.13606931684644263	8.459337384292231E-4
280000	-1771.9273507574685	-1621.977165472559	-149.9501852849095	0.07015430963474412	0.10920911590024479	0.12144943081305593	0.0012227256669806775
281000	-1772.0662846988587	-1621.452512475678	-150.61377222318063	0.06718597891280963	0.14222547742125147	0.14759572366991414	9.069199213127392E-4
282000	-1773.6308236774598	-1622.1370518366152	-151.49377184084472	0.10226786601786267	0.16333902455018975	0.14752771173745532	0.0021166067684336345
283000	-1772.1060950269484	-1621.4375293852418	-150.66856564170658	0.07050168586980515	0.11765365251456526	0.14578750411945807	0.001994747571532965
284000	-1777.352747041209	-1623.933426705052	-153.41932033615726	0.05590185161727301	0.0767804860554602	0.0777373847137728	0.0018169551309152332
285000	-1775.3803824888457	-1621.0093297935823	-154.37105269526347	0.05319684107963342	0.16483349714435014	0.13971686051037108	0.0011241013315695374
286000	-1774.6729661817235	-1621.481726596658	-153.19123958506538	0.07483268137170652	0.06933783287805953	0.14081486930796147	0.0010728417964468166
287000	-1773.6034510581692	-1624.7044306048554	-148.89902045331377	0.13508083109357005	0.08792189251968607	0.09851560880934836	4.8633143588187763E-4
288000	-1773.869974133057	-1621.730661637535	-152.13931249552218	0.07224500167955643	0.10301479425985324	0.1308239969867206	0.0017592700681169089
289000	-1773.1651388775372	-1621.2901128362782	-151.87502604125902	0.07320130509238285	0.0668681011104111	0.15946963084100002	8.09843610949448E-4
290000	-1772.5061937039952	-1623.2468094245264	-149.25938427946878	0.08899238120173766	0.14467844459115303	0.11959234364111257	5.67301483670521E-4
291000	-1774.0028952027692	-1623.5465726263596	-150.45632257640943	0.07054026489655994	0.12140048463417955	0.10095142417568458	4.232481234277829E-4
292000	-1772.5204352049227	-1622.499127179918	-150.02130802500469	0.08459211117467656	0.135980858838399	0.13492970414281208	7.170561892192786E-4
293000	-1771.7382298966304	-1621.5898360706628	-150.1483938259675	0.08008029877595642	0.13132732277799308	0.146978492458743	0.001990934639919041
294000	-1774.073021918756	-1623.91363736041	-150.15938455834612	0.14939378571993273	0.07169680857976947	0.12034726270411734	0.0011015845418639162
295000	-1773.349841134861	-1622.341665487964	-151.00817564689683	0.10311208113563788	0.12077713812564125	0.1609214055692168	6.435774777282994E-4
296000	-1774.4508216858503	-1620.303963068819	-154.14685861703117	0.07323948344570853	0.06322220980130938	0.1992411924068245	0.0016254191212449476
297000	-1774.260943843422	-1621.9697202053412	-152.29122363808068	0.05535124480258509	0.07853990583084912	0.15793175659752254	3.225381423679832E-4
298000	-1774.8755987132777	-1622.8039495447279	-152.0716491685498	0.1965249860884664	0.08737868719767235	0.17828449482302441	5.800233114782894E-4
299000	-1771.8478473994596	-1622.4504720740815	-149.39737532537816	0.10138386740349385	0.08476058527328402	0.15293485421552816	5.918702911679511E-4
300000	-1775.261256144689	-1621.1510608752155	-154.1101952694735	0.09440220640023617	0.06220074097823294	0.16566743175788523	0.0015278188953659142
301000	-1772.8295422415788	-1621.156064183695	-151.67347805788387	0.07841034572129352	0.0788287161478931	0.18073077435020204	7.986550714161019E-4
302000	-1772.0178212652052	-1621.0904240199936	-150.92739724521152	0.08608884871850848	0.09771691623500484	0.17431504688304467	0.0022494944605503716
303000	-1774.5173977184559	-1622.4443902121513	-152.07300750630446	0.10602225263892476	0.11894088088643975	0.17039167027829202	0.004016257918827561
304000	-1771.8655472943883	-1623.0278779571217	-148.8376693372666	0.09229679101754269	0.13224364838874764	0.12228547257449683	7.646126535773988E-4
305000	-1773.9107479814897	-1622.362734241678	-151.54801373981184	0.10619874288959186	0.07802110607751456	0.15250492316853098	7.10996747964685E-4
306000	-1773.9343655051682	-1622.8674020301523	-151.06696347501588	0.07979023729972441	0.08306549505236979	0.13384830096213077	3.7308213824772957E-4
307000	-1773.288962081254	-1622.0639214954651	-151.22504058578895	0.08452299735815715	0.1354256370568903	0.14130273247510614	9.769815327097954E-4
308000	-1774.823797974463	-1623.3365489624648	-151.48724901199824	0.09476547457337993	0.12194265158752551	0.11061187109752328	0.0012585131725589293
309000	-1774.0895024211443	-1624.017272561001	-150.07222986014344	0.06795894505093567	0.1572093589803686	0.11258664594462872	8.759868630010202E-5
310000	-1783.2764885177862	-1621.1845052448675	-162.09198327291875	0.02656681391386285	0.04917775426961268	0.10920640066576927	3.211491972956856E-4
311000	-1774.1981817132132	-1623.9168754368347	-150.28130627637853	0.15901329819562152	0.0912468272083002	0.13205149509990372	0.0025363243187456357
312000	-1773.275266622735	-1623.7982406942415	-149.47702592849342	0.12971769655533832	0.11601144871175798	0.12706322343529597	3.0493960233734716E-4
313000	-1774.4108605276351	-1624.992419417133	-149.41844111050193	0.13322182546029407	0.09177903513739133	0.09482524932427898	7.539170474702292E-4
314000	-1772.3021432921928	-1622.653880828332	-149.64826246386085	0.10343792096699006	0.10918537003507593	0.13142782257555763	0.0012758365105022239
315000	-1774.1560041143107	-1620.3450722291548	-153.810931885156	0.06522610151674965	0.09404996055978997	0.20518932037248894	0.0011131535716997713
316000	-1773.6962234283226	-1621.3537709386082	-152.34245248971442	0.10976136106113292	0.07200418910237713	0.17075770654654354	0.0017149605001870619
317000	-1773.0113377626105	-1620.9051636648983	-152.10617409771223	0.08295259990106169	0.15094395711515954	0.18433187445231045	0.0015540414135850472
318000	-1773.170919357741	-1623.673667461435	-149.4972518963062	0.07221139323693929	0.14187156885238159	0.11924948330309859	1.6471108345653034E-4
319000	-1773.2492958495893	-1621.1378879955873	-152.11140785400192	0.05846986268508229	0.07838573843754705	0.15607035644093972	6.847603657823179E-4
320000	-1774.512826695407	-1624.3416334087715	-150.17119328663566	0.10063153565791512	0.08069931278032585	0.1061711170264273	7.12536706984649E-5
321000	-1773.044530763405	-1622.9752815268232	-150.06924923658175	0.10204272228402529	0.07566478703087254	0.11871890009364773	0.0014004912907705101
322000	-1775.043784109879	-1623.2383860326318	-151.80539807724713	0.10131315157287034	0.08927581196541913	0.14155171087289564	2.6241941450468633E-4
323000	-1775.889718268355	-1622.0870665795085	-153.8026516888466	0.0690752801980423	0.07569625870675992	0.11786183421011762	9.500482863627107E-4
324000	-1772.1910282597162	-1622.4197483752587	-149.7712798844575	0.08681406371275617	0.08002502644436661	0.1302254508702452	8.204028465260233E-4
325000	-1774.8125654359455	-1623.6757444416332	-151.13682099431233	0.09804392687996703	0.11829104809736353	0.12849020608443165	0.0037598651456446806
326000	-1777.0935778094847	-1622.103357194845	-154.9902206146397	0.04500779406805903	0.06501874345187118	0.08777966219547681	8.04486623960604E-4
327000	-1774.7540656512688	-1621.8876563019194	-152.8664093493494	0.04984378763418524	0.15249573881489242	0.10314810055008888	0.0012635281431052062
328000	-1775.014955713293	-1623.510454708378	-151.50450100491494	0.05537167202572757	0.11160304171163664	0.08514988372365563	4.540109478773124E-4
329000	-1773.91935973065	-1624.2532225658547	-149.66613716479537	0.08680602782591801	0.1389977285620183	0.10923929639834809	6.662371525399589E-5
330000	-1775.836583009705	-1625.2298004989939	-150.60678251071104	0.19086115237419182	0.1045040129010628	0.08249938470891457	1.1711844743444137E-4
331000	-1772.7138072052667	-1621.8915851767217	-150.82222202854499	0.07637873081249504	0.09831530388582152	0.12801854330864054	0.0014418534490941123
332000	-1778.1297492283845	-1621.0607096328522	-157.06903959553227	0.05226317993641359	0.24618192901977862	0.14450568197462418	0.0014444818834259737
333000	-1772.836031686888	-1621.5165076572835	-151.31952402960445	0.06727324784425923	0.1323853525291946	0.16837362586322113	6.02513524177577E-4
334000	-1772.0202474795042	-1623.135383531884	-148.8848639476202	0.08939961442386775	0.10033930647717632	0.11417567335323624	8.002567210999629E-4
335000	-1775.4230965745794	-1623.9161381972795	-151.50695837730004	0.16066346774067797	0.07347234164473583	0.12411780945517617	0.0010974412622728857
336000	-1775.4057883167673	-1623.0318424152997	-152.37394590146755	0.058680156481790806	0.08175143116527944	0.08751231050096316	8.098743748449186E-4
337000	-1772.843753158499	-1621.2726987916676	-151.5710543668316	0.10120551226095104	0.11064089873108728	0.18519272879926246	0.0027543120508594352
338000	-1773.0477616513344	-1621.7428761011686	-151.30488555016578	0.08138260282151953	0.06380627309675911	0.13714982876278545	0.001080295187799709
339000	-1772.437932952535	-1622.2230415250287	-150.21489142750636	0.14579560419239967	0.10930921358217524	0.1694832286206977	0.0014751006169519435
340000	-1772.6862292066783	-1623.609952277364	-149.0762769293141	0.13478604432716954	0.13717640250700425	0.127423811829905	0.0015617411605709636
341000	-1772.7192929747016	-1621.4673949745493	-151.25189800015244	0.0676199160731677	0.08679458346745439	0.1454652315985612	8.250862296302879E-4
342000	-1771.6885353747584	-1621.699790606976	-149.98874476778244	0.10836651160569781	0.09368330573494404	0.17618563397815673	9.720646342179706E-4
343000	-1772.5340421394242	-1620.9162055647967	-151.61783657462755	0.07957953844892063	0.15560117690899533	0.18369837169350225	0.0013222846742622298
344000	-1774.753820077522	-1622.6734718240955	-152.08034825342656	0.053881911838754286	0.10584656627265998	0.13780591316251947	2.3258409293968205E-4
345000	-1775.463709792093	-1623.8430270030956	-151.62068278899724	0.08042849024911453	0.06870307765909073	0.11250071823602184	1.6884727147252802E-4
346000	-1773.8913440779913	-1620.559971204293	-153.3313728736983	0.05850795493516187	0.10340526124581634	0.19061666858299492	0.0017112082059566511
347000	-1772.8478657467135	-1621.1387593079196	-151.7091064387938	0.05992509886812867	0.09171219767632445	0.13559059134009221	0.0012581499144321234
348000	-1773.4970434840434	-1624.1944604937821	-149.3025829902612	0.17992338055969923	0.10518525644549806	0.11952449664195265	3.020781731636536E-5
349000	-1772.2173458023576	-1621.5777884064426	-150.63955739591512	0.06845078004206542	0.1019927187131104	0.13036814909452088	0.0015120498624555574
350000	-1773.3546172251836	-1622.9907418829	-150.36387534228345	0.09601596487881832	0.11237507116383286	0.15065104795516465	0.0039345605095192
351000	-1772.3663361625713	-1622.4652325969043	-149.90110356566692	0.13545674032542868	0.1278792667630307	0.15955734954684833	0.0012712884237968136
352000	-1772.1689971458861	-1621.4793870591548	-150.68961008673136	0.07022640789761801	0.11032992723129334	0.16093992713320157	7.168835155258013E-4
353000	-1771.863079288333	-1623.2445395305647	-148.6185397577683	0.1088726943629462	0.10398054185240499	0.12023464927649294	0.0012246504719228017
354000	-1775.9380506575621	-1625.1551661870762	-150.78288447048584	0.0981534874675864	0.11948864183059564	0.07641442825419142	1.3727666553043011E-4
355000	-1773.341314559294	-1622.044122758341	-151.297191800953	0.09721310148703202	0.060141480880544426	0.13887212815267713	0.0011739016819574187
356000	-1773.5602545523795	-1621.391252168673	-152.1690023837066	0.1067094526613477	0.0684081384796285	0.18754870418072625	9.260785523260407E-4
357000	-1771.8491639978192	-1622.220038588789	-149.62912540903005	0.0999059045179596	0.08649448244860163	0.16330222876197717	5.912134915488806E-4
358000	-1772.5587497324052	-1622.004678580824	-150.55407115158124	0.07820076745905234	0.15679160441829396	0.1610735625042386	5.744203784589404E-4
359000	-1773.3917342337818	-1624.0241887091925	-149.36754552458945	0.1002091122050778	0.08683359550328364	0.11166777584338547	2.0240030798056443E-4
360000	-1771.5194531556708	-1621.6412315336702	-149.87822162200055	0.07262736932115785	0.12052269624964615	0.13997220863156043	0.0010470465072254863
361000	-1774.1507021505474	-1620.82614028009	-153.32456187045742	0.06825000474711744	0.07319308478992824	0.1571830961249888	0.0015313315907006257
362000	-1772.20449286428	-1622.9940704204196	-149.21042244386047	0.11240473556931452	0.12239080217647332	0.13108793599268945	0.002409868360021217
363000	-1774.26840698803	-1621.9124384560666	-152.35596853196327	0.10670973197564211	0.09104161836608148	0.1508332849174629	0.0020121500912406378
364000	-1777.360088680821	-1623.0539772110274	-154.30611146979365	0.06919036022433293	0.09377167687795118	0.09665728289180774	0.0016066196654646481
365000	-1775.9722140219055	-1623.2677014220146	-152.704512599891	0.06736513481886051	0.1293445893765224	0.17054148447784978	1.7517393934405236E-5
366000	-1777.9987316068346	-1622.4609391321587	-155.53779247467588	0.08980287163322288	0.042121427477112526	0.13497717584317975	5.497733492377091E-4
367000	-1773.4836377637464	-1621.4309191798957	-152.05271858385063	0.12059653966632758	0.15322937204645787	0.19521342333251937	0.001444701352562229
368000	-1773.3620328606637	-1622.1119468394882	-151.2500860211755	0.10164946671165834	0.13814999166960798	0.21017141454653465	3.263380716323545E-4
369000	-1775.761166013226	-1622.3901980134342	-153.3709679997918	0.08839914629428239	0.05399306180190564	0.1966395545191846	1.733114178158743E-4
370000	-1772.6971872397457	-1624.3390026535792	-148.35818458616652	0.09326913842216296	0.1242473736652145	0.09950435308964359	2.0451405644510064E-4
371000	-1772.1337041297754	-1621.0720558090181	-151.0616483207573	0.0968078732983078	0.0853034770619771	0.1771214295241591	0.002119196535938928
372000	-1776.6520876118084	-1622.7232237526518	-153.92886385915656	0.03738733277382163	0.12630626893139968	0.09962454612709577	2.620138044733812E-4
373000	-1774.3952963953525	-1622.914634421549	-151.48066197380345	0.06837882440918158	0.10943861815999302	0.09796556825857693	0.001225380374231497
374000	-1775.0021949225686	-1620.8045015349019	-154.19769338766682	0.08215634756144895	0.12650237838360479	0.18603779977901483	0.0016487397827042842
375000	-1775.6197973738804	-1623.596775015696	-152.02302235818428	0.08965397105715701	0.05086650167347316	0.11854776980310745	2.2824926955062797E-4
376000	-1773.0575383027635	-1622.113127149754	-150.94441115300955	0.05961760405443588	0.12288028620081166	0.15282296654932587	3.6441556970413666E-4
377000	-1773.0385538688327	-1621.4460538851854	-151.5924999836472	0.10745828108762497	0.11284020541850744	0.17289444780349383	0.002334387506632353
378000	-1775.5915114504885	-1621.5121384503705	-154.07937300011795	0.06598885192932227	0.058005049847653777	0.1365341789717219	0.0020501195518869597
379000	-1777.559492855808	-1626.322634116705	-151.2368587391029	0.08377383416700893	0.09506275713802771	0.10607404615991875	0.004819453039224749
380000	-1773.5259663121965	-1623.0667836558637	-150.45918265633276	0.11892347795200589	0.07101794457486023	0.16839904116711416	1.4091875932581988E-4
381000	-1775.5160794885378	-1621.2952482433348	-154.22083124520307	0.05871431711634804	0.07261893597808906	0.18875186778818934	4.27274657717038E-4
382000	-1773.2808988493875	-1623.023366689591	-150.25753215979654	0.06888662334933739	0.1136635547576405	0.14529475703283865	1.8395456699139614E-4
383000	-1772.5467838789432	-1623.2554324273985	-149.29135145154459	0.08394446048692968	0.152904671585129	0.11592959486265113	5.634521730786365E-4
384000	-1772.144522576732	-1623.1326834711651	-149.0118391055669	0.11712333684374271	0.11853526922175733	0.1288696340141195	0.0021183327706465692
385000	-1775.0879282578105	-1622.1983316426458	-152.8895966151646	0.05313546214135869	0.07222123583915946	0.09752677170204778	8.228629173070474E-4
386000	-1774.8608434909656	-1622.3972728633225	-152.463570627643	0.1473842888724431	0.07724042933389522	0.17546064832412656	0.0039574814658363214
387000	-1774.2174255946622	-1624.1696841405535	-150.0477414541088	0.10357991294019565	0.14425592090272973	0.1107570433049225	0.002847269638376959
388000	-1774.7540278364158	-1624.3242242186043	-150.42980361781167	0.15990051820673273	0.08258850821000419	0.12016072349472519	0.0017398445021522052
389000	-1775.448927082165	-1624.82519662203	-150.62373046013496	0.1024702827521964	0.1515897472087889	0.1285450589919862	0.00498438145418529
390000	-1774.8065643108312	-1623.3549190379313	-151.45164527289998	0.061650384171377415	0.09027024835646649	0.10524424928441316	3.0663579842932865E-4
391000	-1773.4638828900013	-1621.6696118512466	-151.79427103875477	0.09934582552116902	0.16124265459437503	0.1698850777222141	0.0027380525043881826
392000	-1772.5256877882882	-1621.1470566969922	-151.37863109129594	0.08098329115400327	0.16219351439579288	0.16904721584036586	0.0018484391980170317
393000	-1772.2863063341663	-1621.9881023297166	-150.29820400444973	0.08912389655942514	0.12544738098421973	0.14165099971458972	0.002207712552415683
394000	-1772.5127634843602	-1621.3641423312226	-151.14862115313755	0.05938714118006704	0.11792768593340287	0.15797100975102973	6.238125917471512E-4
395000	-1772.3743043775373	-1621.5998934036052	-150.77441097393225	0.06396397311138242	0.0985178768750463	0.12472467528992766	0.0014887945896555096
396000	-1771.9140256597284	-1623.3116992628943	-148.6023263968341	0.10068922548701578	0.09510889056934323	0.11839022122830482	7.127804052963008E-4
397000	-1777.0996673350758	-1624.1349765466714	-152.96469078840443	0.13359849178549704	0.06506219575201777	0.1605460843256133	0.005368574303922621
398000	-1772.3641195610155	-1622.6159563830688	-149.74816317794665	0.11316005070391015	0.09243586956896366	0.18248685008510135	2.6516005568076736E-4
399000	-1777.257074275409	-1622.5730144202576	-154.68405985515147	0.043077643285111766	0.09482978913889492	0.07894254384735903	0.0011885086210408795
400000	-1773.0693014788458	-1624.515495557418	-148.55380592142765	0.11747379362682923	0.10594973636625135	0.09928000084029708	7.918993099890897E-4
401000	-1773.2786002551977	-1623.8587497753952	-149.41985047980253	0.08009428570831059	0.08202537385459911	0.11994285313701047	1.0608429543736444E-4
402000	-1772.9141608960724	-1621.6521836096306	-151.26197728644192	0.07740995330460829	0.08365250868531632	0.1345523564551002	0.0015977166440927916
403000	-1771.4624286689727	-1622.8276725916448	-148.63475607732784	0.10262634906878863	0.12475122314132076	0.1498744917897396	4.5387105277044806E-4
404000	-1773.8032121483188	-1621.607973989399	-152.19523815892	0.067742767336177	0.07149178937384465	0.15386272350666771	6.029452446067316E-4
405000	-1772.6263358700762	-1623.2449038304592	-149.38143203961693	0.11037561421438596	0.1444379128698517	0.14425210541691116	3.2276541868298344E-4
406000	-1773.1282349402065	-1623.2782620962926	-149.84997284391395	0.09952615803125184	0.13351440957318794	0.13258228591301094	0.0034756763114222556
407000	-1772.233211966617	-1621.1075548055464	-151.12565716107065	0.10393659153840391	0.07838222770802743	0.17913903116000138	0.0016947983471337046
408000	-1774.5417398807665	-1621.5082357452716	-153.03350413549492	0.10626943633220592	0.0513748716740804	0.17010303588456335	9.896338642709412E-4
409000	-1773.4283608226442	-1620.691063929278	-152.73729689336625	0.0820166809217027	0.11071047638316528	0.20364990356572463	0.0011841209382670195
410000	-1773.9156254319598	-1623.9887494552804	-149.92687597667938	0.09010017846512115	0.10094415207646254	0.10936604047148082	0.003042834074070557
411000	-1774.3181164741168	-1621.7689523174631	-152.5491641566537	0.0502386749156221	0.12364021620123897	0.10559216368908482	0.0012800053980885709
412000	-1772.8564102508383	-1622.3202404607223	-150.53616979011602	0.09175464509488221	0.11978432509412772	0.1421637061244304	8.428312760826716E-4
413000	-1775.3652874705026	-1621.5076103754811	-153.85767709502156	0.11757667311797618	0.054641716481884574	0.1668033433536672	0.0016213179000008876
414000	-1772.1148370236335	-1622.7086901417294	-149.406146881904	0.10626908179336834	0.09867929254915189	0.1325222804239525	0.0023932637979426404
415000	-1772.769603405399	-1623.5945674909976	-149.17503591440138	0.08701630969640489	0.14494076744246237	0.11341288495343341	4.061749201938801E-4
416000	-1772.0101960590143	-1622.1884147046476	-149.8217813543667	0.09299116928535359	0.07809990193403693	0.14908332679054878	7.121102503859222E-4
417000	-1773.0588876825373	-1621.856999111099	-151.20188857143827	0.07652525301573142	0.06857030725761144	0.14817452540198323	6.541381945103333E-4
418000	-1772.69839505862	-1621.0406884991023	-151.65770655951764	0.07651915546207999	0.08568633906840167	0.1710409628358484	0.002217098880029073
419000	-1772.6505625667933	-1620.9065560251775	-151.74400654161582	0.06644849186749585	0.09000656013004775	0.15561484431090672	0.0012460661886305438
420000	-1772.5606066101188	-1621.9057806162687	-150.65482599385012	0.0611005857544925	0.11632471328054421	0.13393654523152557	6.125547309468161E-4
421000	-1774.1663322943311	-1624.1279499453342	-150.0383823489969	0.10600815198613596	0.16999493245327624	0.10417858799418397	0.0010440283103208044
422000	-1772.4041129752006	-1621.2126785659862	-151.19143440921457	0.06507319235075175	0.09142372834901587	0.13874015187090086	0.0013304041442074256
423000	-1772.7142389699534	-1622.5100449864665	-150.20419398348682	0.0635136689668551	0.13522053661855912	0.12308577325189149	5.035968225311884E-4
424000	-1774.147756075277	-1622.6809215645994	-151.46683451067744	0.06390529512173253	0.0729964366345066	0.10149582034358218	7.350813273703194E-4
425000	-1773.2698678756542	-1622.016621529627	-151.25324634602725	0.13446798533193058	0.1300606845873184	0.1899310750854267	8.796137887383089E-4
426000	-1773.573996101814	-1621.960380062389	-151.6136160394248	0.06043411812067822	0.09567024477963396	0.13226595898342672	5.689477784210912E-4
427000	-1773.2626841636597	-1623.599807925223	-149.66287623843675	0.14670184136864214	0.09833379187319015	0.12998500571586932	0.0016334573739545664
428000	-1776.2938934993792	-1623.2534186129628	-153.0404748864165	0.18129274218016525	0.06300913349172901	0.14544872265817663	9.64235183428675E-4
429000	-1772.0802873501618	-1621.282999543424	-150.7972878067378	0.10344266490830208	0.07924943713122455	0.16979363682745172	0.0018994694073918086
430000	-1773.915272027041	-1623.9100254348446	-150.00524659219658	0.18818399166114683	0.09688412936959022	0.13401520652232546	8.311288772432726E-5
431000	-1773.2244093669	-1622.4802372651798	-150.74417210172024	0.09075802142679927	0.06879369366931418	0.1214433036054231	0.0013867575147189695
432000	-1777.6011207040417	-1625.2882675604642	-152.3128531435775	0.08562823899106674	0.13828363817535289	0.0766256693945412	0.0011150763631556444
433000	-1774.2150313829543	-1620.6844187159736	-153.5306126669807	0.04653988041331688	0.10153602070729847	0.15234553717391472	7.594427417436788E-4
434000	-1774.72173649769	-1622.3824026525576	-152.33933384513227	0.12091788674063565	0.054690983034192384	0.142777320860537	0.0021062312117110177
435000	-1771.7182058071294	-1622.4839904551168	-149.23421535201254	0.08991140339454182	0.09385598880606827	0.1401376831357958	6.470550509388555E-4
436000	-1779.45014688923	-1621.6299367674746	-157.82021012175537	0.06906312026656405	0.0477525164246896	0.12182894839590344	0.0013908883090848838
437000	-1774.396687389893	-1620.6842330686145	-153.71245432127864	0.05388466034551292	0.0835973320269061	0.1913656776683726	6.229513120575922E-4
438000	-1774.5141210329596	-1622.7235682371088	-151.7905527958508	0.1944282068739719	0.09957375136619055	0.1778890812256118	8.28125360277285E-4
439000	-1774.2440938622044	-1621.724443042798	-152.5196508194064	0.060686602777242006	0.08870930999426424	0.13157517336861807	0.002075251088728446
440000	-1772.8769657460127	-1623.9948787466703	-148.88208699934245	0.0892501920158236	0.13902262522719663	0.10123207354931463	4.536741882187567E-4
441000	-1771.6279548809753	-1622.8048303773157	-148.8231245036596	0.12887692484165042	0.1108710538277154	0.14871157465165438	8.764807659286798E-4
442000	-1771.6653633021033	-1621.7800935134844	-149.88526978861898	0.11405548052048572	0.13746066768243118	0.16825835091095453	0.0015628341084217778
443000	-1772.0254542474077	-1623.6163482420961	-148.4091060053116	0.13686833817613336	0.1033158004304167	0.13989216580824584	1.9504907922467948E-4
444000	-1772.0380546595002	-1621.3539040774167	-150.6841505820834	0.09726775911189084	0.09167281107644035	0.1644626199846005	0.002000487467079339
445000	-1772.2455463188485	-1621.9478053142832	-150.29774100456538	0.09840461954339291	0.07849909539835134	0.1498878840866681	0.0010524876881303545
446000	-1774.3115687472036	-1624.3051517150698	-150.00641703213375	0.08027877102904835	0.09792453032496228	0.08467202885318692	6.799658386842112E-4
447000	-1771.6304019398167	-1622.7270469365858	-148.90335500323084	0.1033638222843734	0.1267278721472943	0.13152673188640493	0.0011983490608739507
448000	-1772.8308852010018	-1624.452010105023	-148.37887509597886	0.11463730825344177	0.12232894002521603	0.10011819623913962	4.973638821659317E-4
449000	-1771.9078645489096	-1621.1763176420625	-150.73154690684714	0.06794760868536207	0.09635457754037985	0.1441539220487563	0.0014213083939286807
450000	-1772.6199630893109	-1622.9317711352537	-149.6881919540571	0.09231567601509025	0.08275062008102227	0.15407468770237415	2.445682939150385E-4
451000	-1772.0330297240985	-1622.6057435187786	-149.4272862053199	0.07887658533208552	0.10807414075834168	0.11344479708515036	0.0012527630136614854
452000	-1772.621827676943	-1620.571868092713	-152.04995958422992	0.06582909431820717	0.10371566236377783	0.18149235371609046	0.0015983827567960286
453000	-1771.4601886870696	-1622.3155304733802	-149.14465821368933	0.10201948292374102	0.10198593851211765	0.13719643008902513	0.001558633344073453
454000	-1772.8358310505855	-1622.268053912618	-150.56777713796765	0.06799830458137109	0.08548597440082645	0.11097938722784881	0.0010560790831053203
455000	-1776.313920144528	-1622.222137374288	-154.0917827702401	0.05422032631300513	0.12267976334433318	0.1301646780599364	0.0022713312906643456
456000	-1772.900892265454	-1620.5775277262733	-152.32336453918074	0.06067224946920167	0.09495514439894497	0.1736473808849213	0.0015720173006134712
457000	-1772.888647345017	-1621.9961263175287	-150.8925210274884	0.07264575702767512	0.131384840995819	0.16227720742123958	4.8420590660209356E-4
458000	-1773.1319074316414	-1621.6405777235977	-151.4913297080437	0.15140117638683628	0.12805379953935153	0.19802503056735202	0.0017083608557293187
459000	-1772.4915513287415	-1623.263057381958	-149.22849394678326	0.08383086209061498	0.11338634358156192	0.10396872634770742	0.0012805999672975733
460000	-1772.145140454945	-1622.4170884426726	-149.72805201227243	0.09999761943082902	0.16506916732574414	0.14524341432508175	9.649220536709581E-4
461000	-1771.400439619402	-1622.7150724845878	-148.68536713481421	0.10610958802334755	0.11177507828688063	0.1472523775273516	6.092385158341037E-4
462000	-1773.0755521714132	-1623.7589171301704	-149.31663504124282	0.11216331016295228	0.1618996111324641	0.12435441275201811	3.1223355547306986E-4
463000	-1776.14303332105	-1623.5971693723636	-152.5458639486864	0.07718423686159454	0.053569382520768725	0.10988288347249181	2.554016225186634E-4
464000	-1774.7455530849825	-1623.1240219273113	-151.62153115767106	0.08506509931099852	0.1666866903718029	0.12385009184664972	5.109704601025976E-4
465000	-1773.3500038744899	-1623.5276314508756	-149.82237242361438	0.07545338923093424	0.15929149090602662	0.1302537438911619	1.4901353998186207E-4
466000	-1776.3451168712859	-1626.314652329063	-150.030464542223	0.10764522285402954	0.10130682408653752	0.07004101172553902	7.792474322585011E-4
467000	-1774.9005535350077	-1621.2588090349564	-153.64174450005143	0.039967891814714634	0.10765717696570003	0.1358809257125246	4.60326836189576E-4
468000	-1773.7395026340337	-1623.6005933978115	-150.1389092362222	0.09686611830021391	0.0665142461988725	0.1240652515666797	2.2613297782279632E-4
469000	-1776.1194061405738	-1624.911394298545	-151.2080118420288	0.2047883241367347	0.10137805967298305	0.08671532629353926	2.122429777338556E-5
470000	-1772.4301151976708	-1621.2724860272706	-151.15762917040018	0.08115533026652282	0.07396534266872923	0.1501204234002217	0.001571198772182883
471000	-1772.211629216713	-1622.530402746939	-149.68122646977392	0.08567182026575414	0.10369330886985077	0.11970985127144129	0.001568062117948093
472000	-1776.9613345763426	-1624.0741076419613	-152.8872269343813	0.10376322299309328	0.04769863493574596	0.10552164535897814	2.2785668541179058E-4
473000	-1774.1600235453002	-1622.6692509228315	-151.49077262246885	0.08976207591385024	0.06046355192081829	0.1183171057717782	0.002000076450678719
474000	-1772.9682583245035	-1623.2104950635385	-149.75776326096513	0.09073901967313742	0.08332318187296665	0.1217891428857825	4.7285445790052694E-4
475000	-1773.3290796885472	-1624.7657117489111	-148.56336793963595	0.13800656104912423	0.1414530147636156	0.09428510573949554	9.891775100541584E-5
476000	-1771.6004529923666	-1621.4139581461654	-150.18649484620107	0.09611577246335493	0.11380344649739078	0.17879294794744938	0.0010604537910745206
477000	-1772.8563533192007	-1621.8857539418875	-150.97059937731322	0.06484249164521184	0.10244738057917994	0.12082340365383365	0.0017762716901684832
478000	-1772.4758954998485	-1621.397414570066	-151.07848092978242	0.09931220668996833	0.11025594077523686	0.20491267094557317	7.620158840895576E-4
479000	-1773.428830697816	-1622.1769841351697	-151.25184656264625	0.1130849689114483	0.1658327929708425	0.15722939329678579	0.002706486452109418
480000	-1777.7751205588086	-1623.8506908149934	-153.92442974381515	0.11985680504747345	0.03742462733987605	0.11253988679309201	2.900605804972932E-4
481000	-1772.5281649467613	-1621.545034548008	-150.98313039875327	0.07312851283377743	0.15957016796149123	0.14298650696745613	0.0017990760429565794
482000	-1774.0624662710215	-1623.5502898467869	-150.5121764242347	0.11585920625575362	0.06456139219206153	0.12081403186740856	4.850882765227943E-4
483000	-1777.3651653401585	-1625.2026666166985	-152.16249872345986	0.10789500156404967	0.05850972582237644	0.09710217129347647	0.002714314562166553
484000	-1774.0983254169528	-1620.7598025193315	-153.3385228976213	0.0482736055164558	0.09319062916847108	0.14141215036895974	8.979314971329619E-4
485000	-1772.578480805698	-1621.4787488840316	-151.09973192166652	0.08394734207306838	0.09531867602383837	0.15222612314219583	0.0021386830152613306
486000	-1773.3464237378398	-1622.5608235383156	-150.78560019952408	0.06676055321522113	0.11667298521673107	0.1768324370826138	1.6768633105181645E-4
487000	-1773.4637997172335	-1623.2882122098	-150.17558750743356	0.08008978632248223	0.101381645762632	0.10443507790236516	0.0020884660455206348
488000	-1773.0236647863746	-1620.9429655537049	-152.08069923266973	0.062204081741266355	0.13342170645740692	0.18624402167993376	7.140404015871176E-4
489000	-1772.4057662411847	-1622.7247827920576	-149.6809834491271	0.10941838970938556	0.08507953097501983	0.1299038601420803	0.001478117910698876
490000	-1773.694891918195	-1620.6199467593478	-153.07494515884716	0.05371201642307683	0.14691371807139414	0.1763250638971175	8.640694363304197E-4
491000	-1772.8002654342029	-1622.9099588115212	-149.89030662268175	0.1018144361548472	0.14331931083478192	0.12549598258732705	0.0013782250322900281
492000	-1772.3687060718662	-1621.5087441184457	-150.8599619534205	0.11079348059542392	0.08047176026493842	0.17711051312408077	0.0011669767459852067
493000	-1778.2298707593516	-1620.9113262654428	-157.3185444939089	0.029526574749943343	0.10111520285032723	0.10873474217560568	4.995830620382689E-4
494000	-1772.3699792073576	-1622.226556662008	-150.14342254534938	0.11538805819563383	0.07537337045894846	0.1653604433314984	6.980544416121407E-4
495000	-1772.344166225439	-1621.3804654287014	-150.96370079673758	0.062021931827011295	0.10650871062094185	0.15133866243491165	7.152901793197597E-4
496000	-1771.3787948840538	-1621.832106083453	-149.54668880060075	0.0973574071547713	0.09671026617093549	0.15240777330741753	0.0012184622056596876
497000	-1771.407109765081	-1622.8845139965392	-148.52259576854178	0.10053694547850227	0.12170031796344825	0.13094596816032858	8.101257280212338E-4
498000	-1771.6587123178194	-1621.7708808186794	-149.88783149914005	0.10037014480801307	0.12362649604586921	0.1773317600158	8.288984019869519E-4
499000	-1772.2593652009068	-1622.4214196967193	-149.83794550418745	0.11148216637555461	0.08840647478970681	0.1619096803619051	5.961327205774786E-4
500000	-1774.0977921736724	-1623.1891120354558	-150.90868013821654	0.11417022037274195	0.0714936116730329	0.135858368121995	0.003318272369167254
