#
#model:
#
#<?xml version="1.0" encoding="UTF-8" standalone="no"?><input id="posterior" spec="beast.core.util.CompoundDistribution">
#    <distribution id="prior" spec="beast.core.util.CompoundDistribution">
#        <prior id="lambdaPrior.F2" name="distribution">
#            <parameter id="lambda" lower="0.0" name="x" spec="beast.core.parameter.RealParameter">0.01</parameter>
#            <Gamma id="Gamma.0" name="distr">
#                <parameter estimate="false" id="RealParameter.1" name="alpha" spec="beast.core.parameter.RealParameter">2.0</parameter>
#                <parameter estimate="false" id="RealParameter.2" name="beta" spec="beast.core.parameter.RealParameter">200.0</parameter>
#            </Gamma>
#        </prior>
#        <distribution id="snapprior.F2" lambda="@lambda" spec="snap.likelihood.SnAPPrior">
#            <parameter estimate="false" id="alpha" lower="0.0" name="alpha" spec="beast.core.parameter.RealParameter">11.75</parameter>
#            <parameter estimate="false" id="beta" lower="0.0" name="beta" spec="beast.core.parameter.RealParameter">109.73</parameter>
#            <parameter estimate="false" id="kappa" lower="0.0" name="kappa" spec="beast.core.parameter.RealParameter">1.0</parameter>
#            <parameter id="coalescenceRate" name="coalescenceRate" spec="beast.core.parameter.RealParameter">10.0</parameter>
#            <tree clusterType="upgma" id="Tree.F2" nodetype="snap.NodeData" spec="beast.util.ClusterTree">
#                <taxa dataType="integerdata" id="snap.F2" spec="snap.Data">
#                    <taxonset id="ant" spec="beast.evolution.alignment.TaxonSet">
#                        <taxon id="CarpaChavin_B72794.Huanuco.CarpaChavin" spec="beast.evolution.alignment.Taxon"/>
#                        <taxon id="CarpaChavin_B72802.Huanuco.CarpaChavin" spec="beast.evolution.alignment.Taxon"/>
#                        <taxon id="Carpish_B72762.Huanuco.Acomayo" spec="beast.evolution.alignment.Taxon"/>
#                        <taxon id="Carpish_B72773.Huanuco.Mitotambo" spec="beast.evolution.alignment.Taxon"/>
#                        <taxon id="Amotape_B67127.Tumbes.Amotape" spec="beast.evolution.alignment.Taxon"/>
#                        <taxon id="Amotape_B67201.Tumbes.Amotape" spec="beast.evolution.alignment.Taxon"/>
#                        <taxon id="Chavinillo_B72789.Huanuco.Chavinillo" spec="beast.evolution.alignment.Taxon"/>
#                        <taxon id="Chavinillo_B72792.Huanuco.Chavinillo" spec="beast.evolution.alignment.Taxon"/>
#                        <taxon id="Macate_B72807.Ancash.Macate" spec="beast.evolution.alignment.Taxon"/>
#                        <taxon id="Macate_B72815.Ancash.Macate" spec="beast.evolution.alignment.Taxon"/>
#                        <taxon id="Quichas_B72777.Lima.Quichas" spec="beast.evolution.alignment.Taxon"/>
#                        <taxon id="Quichas_B72785.Lima.Quichas" spec="beast.evolution.alignment.Taxon"/>
#                        <taxon id="Canchaque_B72874.Piura.Canchaque" spec="beast.evolution.alignment.Taxon"/>
#                        <taxon id="Canchaque_B72878.Piura.Canchaque" spec="beast.evolution.alignment.Taxon"/>
#                        <taxon id="CorBlanca_NK_171703" spec="beast.evolution.alignment.Taxon"/>
#                        <taxon id="CorBlanca_FMNH_391889" spec="beast.evolution.alignment.Taxon"/>
#                        <taxon id="Huamatanga_B72889.Lima.Huamatanga" spec="beast.evolution.alignment.Taxon"/>
#                        <taxon id="Huamatanga_B72892.Lima.Huamatanga" spec="beast.evolution.alignment.Taxon"/>
#                        <taxon id="Pacar_B72905.Ancash.Pacar" spec="beast.evolution.alignment.Taxon"/>
#                        <taxon id="Pacar_B72912.Ancash.Pacar" spec="beast.evolution.alignment.Taxon"/>
#                        <taxon id="Porculla_B31685.Piura.Porculla" spec="beast.evolution.alignment.Taxon"/>
#                        <taxon id="Porculla_B72870.Piura.Porculla" spec="beast.evolution.alignment.Taxon"/>
#                        <taxon id="LaQuinua_B72754.Pasco.LaQuinua" spec="beast.evolution.alignment.Taxon"/>
#                        <taxon id="LaQuinua_B72760.Pasco.LaQuinua" spec="beast.evolution.alignment.Taxon"/>
#                        <taxon id="Chinchan_B72895.Ancash.Chinchan" spec="beast.evolution.alignment.Taxon"/>
#                        <taxon id="Chinchan_NK_173896" spec="beast.evolution.alignment.Taxon"/>
#                    </taxonset>
#                    <taxonset id="cur" spec="beast.evolution.alignment.TaxonSet">
#                        <taxon id="curtata_cra.cur.B6032" spec="beast.evolution.alignment.Taxon"/>
#                        <taxon id="curtata_cra.cur.B8175" spec="beast.evolution.alignment.Taxon"/>
#                    </taxonset>
#                </taxa>
#                <parameter id="RealParameter.0" lower="0.0" name="clock.rate" spec="beast.core.parameter.RealParameter" upper="0.0">1.0</parameter>
#            </tree>
#        </distribution>
#    </distribution>
#    <distribution id="likelihood" spec="beast.core.util.CompoundDistribution">
#        <distribution data="@snap.F2" id="treeLikelihood.F2" non-polymorphic="false" pattern="coalescenceRate" spec="snap.likelihood.SnAPTreeLikelihood" tree="@Tree.F2">
#            <siteModel id="MutationSiteModel.F2" spec="beast.evolution.sitemodel.SiteModel">
#                <parameter estimate="false" id="mutationRate" name="mutationRate" spec="beast.core.parameter.RealParameter">1.0</parameter>
#                <parameter estimate="false" id="shape" name="shape" spec="beast.core.parameter.RealParameter">2.0</parameter>
#                <parameter estimate="false" id="proportionInvariant" name="proportionInvariant" spec="beast.core.parameter.RealParameter">0.0</parameter>
#                <substModel coalescenceRate="@coalescenceRate" id="MutationModel" spec="snap.likelihood.SnapSubstitutionModel">
#                    <parameter estimate="false" id="u" lower="0.0" name="mutationRateU" spec="beast.core.parameter.RealParameter">1.0</parameter>
#                    <parameter id="v" lower="0.0" name="mutationRateV" spec="beast.core.parameter.RealParameter">1.0</parameter>
#                </substModel>
#            </siteModel>
#        </distribution>
#    </distribution>
#</input>
#
Sample	posterior	likelihood	prior	theta0	theta1	theta2	TreeHeightLogger
0	-2604.6132590019592	-2456.2294346472872	-148.38382435467207	0.11739512455713479	0.11844206643427999	0.10720993465268787	5.494990021878186E-4
1000	-2602.4727294953	-2450.9042045799756	-151.56852491532442	0.08975118312315157	0.10163985755242227	0.18827141331787148	0.0020541890872639063
2000	-2602.1178215223595	-2451.8005077517823	-150.31731377057727	0.0881584780096077	0.10377675559737982	0.16001363083599132	0.0015886915119996381
3000	-2602.999362266096	-2450.526708347589	-152.47265391850655	0.05643040273231008	0.12423378546069071	0.15875336623923675	0.001164068211590601
4000	-2603.946927349708	-2454.4444954203504	-149.50243192935753	0.09910321671115191	0.15280339458281125	0.1231960439244032	0.0013935554013137115
5000	-2603.191260776725	-2452.920035472099	-150.27122530462594	0.13167554550457597	0.11658655652833463	0.1696970478262062	0.0022021271952329677
6000	-2602.549200810344	-2451.219684280117	-151.32951653022698	0.06294582032517393	0.11151700357617303	0.1508795780844025	0.0010500560503532302
7000	-2604.9971007975746	-2450.255994895354	-154.7411059022206	0.050763201724129785	0.059338826887325724	0.15881525135751112	9.052752222090856E-4
8000	-2601.8545279331306	-2451.6829464427174	-150.17158149041336	0.07386372274819442	0.10685888499099509	0.15052948325849813	0.0012113317450798816
9000	-2604.3888681990134	-2452.457091761747	-151.9317764372662	0.05051373618265735	0.13902792989371593	0.1299360260273323	4.8585130630068553E-4
10000	-2605.0423188556115	-2452.6141946713924	-152.4281241842192	0.06819277379529988	0.1037319933221357	0.20689976141316888	1.586581823407384E-4
11000	-2602.235427433724	-2452.1239294067404	-150.11149802698338	0.10082219286585888	0.1197178137068543	0.1874539344608571	7.478672154036662E-4
12000	-2606.1448252495907	-2453.072860838379	-153.07196441121184	0.06304439006928933	0.06250704844142742	0.13416126578283777	4.413284951226732E-4
13000	-2603.351165500386	-2451.025559113776	-152.32560638660976	0.06152493796673378	0.10015851664878607	0.16517182154113305	0.002120879773735977
14000	-2602.974508869763	-2452.362485937156	-150.61202293260683	0.07017310127495394	0.11742017438965545	0.1630145242246148	5.042397573867825E-4
15000	-2603.881084561536	-2453.6401572699197	-150.24092729161637	0.06299257648869952	0.12609961807618103	0.11779071165030143	5.254218202196588E-4
16000	-2603.703785119679	-2452.2474859608724	-151.456299158807	0.0987436988271965	0.06873819673504435	0.15705492023612175	0.0016656143643124129
17000	-2603.3762552790686	-2452.313655775334	-151.0625995037343	0.06267151666929786	0.09400207385313317	0.13216714080701125	7.707988711735579E-4
18000	-2605.319145424383	-2456.0747541341143	-149.24439129026868	0.08183854774164893	0.0867865033296362	0.09813952533143247	2.1289392619427795E-4
19000	-2606.9051494519144	-2453.7254086155867	-153.1797408363278	0.08637792240840626	0.10847900192660713	0.13774509027559242	5.520814453310158E-4
20000	-2604.3642342219446	-2453.9600693972106	-150.4041648247341	0.07949943167785932	0.08336346603325652	0.11380384170948689	0.0018113154821012142
21000	-2603.073301629684	-2452.0209611361197	-151.05234049356443	0.10253935861938968	0.16471361261650225	0.17493591702418962	0.0013403344945954357
22000	-2602.0918782872504	-2450.973721860522	-151.1181564267286	0.0967918310686025	0.11310582131921203	0.20152455358016302	0.0012854424306922244
23000	-2608.5498598752893	-2451.4895971508486	-157.0602627244405	0.10527517083500434	0.049700262534777995	0.18132654677925963	0.0019238477840870123
24000	-2604.116467200686	-2452.45638031142	-151.66008688926604	0.06510253347516518	0.08697384430317583	0.12886806784295018	0.0021213443270010797
25000	-2604.361191643747	-2454.599365136999	-149.7618265067483	0.11068815970528252	0.16282975059732357	0.15025536515858834	1.4956114943318136E-4
26000	-2602.1389180293563	-2451.193586173113	-150.94533185624311	0.09135733420092138	0.14307660170933004	0.18419680005933978	0.0015105195106641693
27000	-2603.886228154997	-2451.679071279836	-152.20715687516088	0.11202763520044672	0.07626918765683763	0.2049353965662679	8.243257658227416E-4
28000	-2603.5926050755643	-2451.1708474630564	-152.42175761250783	0.09605137622794732	0.14464273256574825	0.1925565404905715	0.001406373071604538
29000	-2602.796147513166	-2453.760591363779	-149.03555614938725	0.10944390109632451	0.09139075097102384	0.14565380400400943	7.619061679742656E-4
30000	-2603.3414448985786	-2451.7975603414507	-151.54388455712788	0.07687948082247892	0.07212747762475516	0.15579013913201692	9.560101757826659E-4
31000	-2602.6060169467282	-2452.9576325243165	-149.64838442241154	0.0952305913344589	0.08350170411674214	0.15099641592511043	8.393806334432534E-4
32000	-2602.929159404483	-2450.2644210490444	-152.66473835543846	0.08891441839081927	0.08991864717031725	0.21231777931135867	0.0015942347707369165
33000	-2602.2666655340363	-2452.131129868636	-150.13553566540054	0.10766011545921257	0.1006769746260836	0.17348294354631577	0.0013039298819501
34000	-2604.1474293163124	-2450.7418635214867	-153.40556579482558	0.06918183935504899	0.14362910177913216	0.18865862332668967	0.0022572884004084023
35000	-2602.293135309746	-2451.352850486566	-150.9402848231803	0.06151350648085784	0.12230607755937836	0.1418913886341691	0.0012021321822707801
36000	-2604.3967873608062	-2453.4631184926375	-150.93366886816898	0.1383338470357835	0.08158003580348751	0.16250492274941633	0.0023813937173115317
37000	-2604.2313590382573	-2454.9302487444866	-149.30111029377073	0.08227851106645197	0.09430268225899156	0.10891785694018769	5.720705459132767E-4
38000	-2602.474578093905	-2452.6813735543305	-149.79320453957465	0.07484772944830217	0.09552413059274559	0.13390742015203902	9.542361362983202E-4
39000	-2604.7526224601734	-2452.870312772066	-151.8823096881075	0.09473023889776164	0.09176325794321868	0.1445805384825446	0.0021862900982653546
40000	-2606.168740696409	-2452.400878620133	-153.76786207627592	0.05779796600968167	0.06286005684891545	0.11455144421244165	9.607800112721842E-4
41000	-2608.294523301364	-2455.289652093832	-153.00487120753172	0.11073426162328685	0.17859636415927108	0.1384600441768119	0.004076066471913799
42000	-2603.2330214877197	-2450.8012085655246	-152.43181292219532	0.06880390887141154	0.1428362605115494	0.1845530421835731	0.0022380964210651595
43000	-2605.922533338458	-2451.97421827324	-153.94831506521797	0.042468648806561045	0.145738028402348	0.11053522387110307	0.0016034089571540682
44000	-2605.568793215165	-2455.5590782204335	-150.00971499473158	0.09161973591885904	0.10159855522919532	0.11277225531510988	0.0028107111381015532
45000	-2602.369983565954	-2450.3024773728735	-152.06750619308067	0.08264686419403344	0.10644211562203161	0.2051529060458531	0.001503166806190186
46000	-2604.3007077559005	-2451.608123247791	-152.69258450810946	0.10935953380403039	0.06033634879794411	0.18140064541660111	0.0019732722834775447
47000	-2603.355030783009	-2452.2610991750016	-151.0939316080075	0.10649364383279131	0.10469366040222731	0.17931854281610135	0.0032387976304239273
48000	-2603.4271809579354	-2451.209702378742	-152.21747857919365	0.09528669989176579	0.15751405404466637	0.1963660423785446	0.0027056350378629472
49000	-2603.0380666531037	-2453.100646048749	-149.9374206043547	0.1345340039467046	0.10082361201176732	0.18265827098026335	6.060436695731096E-4
50000	-2607.5192260811727	-2450.6361624706933	-156.88306361047933	0.09255664349532106	0.03980881109889317	0.1962382366668804	0.0014853773537409703
51000	-2602.903820983005	-2450.7250164341835	-152.1788045488217	0.07526331119751407	0.09495975475401133	0.18425701146079534	0.0021606444527863767
52000	-2602.3894405895658	-2450.4095433258035	-151.9798972637622	0.061037181389060634	0.1293517469285645	0.17435487974524275	0.0011136126011802364
53000	-2608.693044411902	-2453.2716066541143	-155.42143775778766	0.04405846871686973	0.07984960535075633	0.1388588899680726	0.0024311889115450694
54000	-2605.1170599385355	-2450.3228291853557	-154.7942307531799	0.047126844488441955	0.11983371027382954	0.15430950775732474	0.0014637283804814064
55000	-2604.50497964834	-2453.961024188866	-150.54395545947398	0.13309946104032885	0.0761982901651886	0.15102992306892649	8.761126421563227E-4
56000	-2603.0263112276953	-2450.7943305233016	-152.23198070439375	0.0625939898808032	0.13169074685454027	0.1694814560720407	0.0019797583208564294
57000	-2602.841099067937	-2452.6361898566606	-150.2049092112766	0.06500730792391211	0.12460046514068956	0.12393743350983932	9.433637571251978E-4
58000	-2606.49881251547	-2451.5719687825285	-154.92684373294156	0.038322734891181404	0.10406589030556682	0.09941647671245854	8.721786893463558E-4
59000	-2606.0510836422186	-2449.925605779713	-156.12547786250582	0.06477598187097838	0.04802981721879982	0.1893388202110529	0.001528337240860361
60000	-2603.533078461467	-2452.285769823097	-151.24730863837007	0.10315221217294326	0.08109981912862303	0.16928670059828502	0.001034600467393685
61000	-2603.0458978396077	-2452.7600053395063	-150.2858925001014	0.13011215244501384	0.11133769800707397	0.19596324803461557	5.393165615514159E-4
62000	-2603.540677358729	-2452.8988952688487	-150.64178208988054	0.06960563843784356	0.14344134493530958	0.12082998323809416	0.0012586683693027872
63000	-2602.874664412826	-2451.414331817694	-151.4603325951319	0.05899796043181755	0.13432905556199007	0.16147149460946394	6.626354291040004E-4
64000	-2602.1883058815483	-2451.4183600736123	-150.76994580793584	0.07400561967518819	0.1002685436638366	0.15368702569705123	0.0015266637323124816
65000	-2602.893889720729	-2452.206943442208	-150.68694627852142	0.09267386322217022	0.1010253864250944	0.1629453929339723	0.0010450458096922391
66000	-2606.93633579995	-2452.708867937341	-154.22746786260885	0.10668915178298184	0.06417766421257586	0.15613005852511047	0.0012245023549484568
67000	-2602.5015285934437	-2452.472545557709	-150.0289830357347	0.06813129197523962	0.12362409738441656	0.13913320673500632	7.465383513378461E-4
68000	-2603.287461612032	-2450.1868747456915	-153.10058686634068	0.09051485035937618	0.10085899746181817	0.22666855921273402	0.0022896389144084523
69000	-2604.0811102740226	-2453.024547277005	-151.05656299701792	0.08695700051151602	0.1613902344456781	0.1355503027670054	0.0016723192792822109
70000	-2602.586685092401	-2453.4820621139347	-149.10462297846613	0.11577056345127135	0.1095571922678568	0.15020513489444018	0.0012102905896243677
71000	-2603.293377615698	-2453.170920482499	-150.1224571331989	0.07991021836743821	0.131709421987461	0.17288316918534183	2.7186719713320285E-4
72000	-2602.542332174215	-2453.3884551494966	-149.15387702471827	0.0860716509334714	0.09593213862587137	0.13732210537773376	7.314902925674791E-4
73000	-2608.016984959867	-2451.8654814976953	-156.15150346217177	0.0486875790025199	0.22097426127198252	0.11536698159198096	9.311867021313489E-4
74000	-2604.3412748852647	-2453.844228273899	-150.49704661136585	0.1576608920005219	0.13128065259236568	0.1657761468949238	0.0018368792840738192
75000	-2603.348360380743	-2449.635210493995	-153.71314988674777	0.06957613890106626	0.11665871386927708	0.22659124911345443	0.0015367547179146728
76000	-2602.3114948836474	-2451.2269928237765	-151.084502059871	0.09015245341100873	0.09960534195235539	0.18768078155766357	0.0011246052480162632
77000	-2602.877506794727	-2450.3331746116837	-152.54433218304362	0.062414709418781536	0.08953669167412996	0.17956567427974793	0.0010458354788081456
78000	-2603.4122280702563	-2453.6296576187738	-149.78257045148246	0.09554587937668854	0.10124757995300616	0.13588757472133836	9.198725579320997E-4
79000	-2602.58557957449	-2450.8207976212143	-151.76478195327599	0.08447214499513488	0.12281884518158098	0.21011912823247916	9.173779762390528E-4
80000	-2602.796017997081	-2450.9044504150747	-151.89156758200636	0.08185732020253277	0.12232275104857458	0.18172958351950572	0.0014411931070230798
81000	-2608.1034935372804	-2452.13111677727	-155.97237676001032	0.05485667097852115	0.058705291121507075	0.16261588254293174	3.563085167448813E-4
82000	-2603.232116668604	-2452.135687477605	-151.09642919099855	0.06660518172369564	0.1603722351836317	0.13222312949551768	0.001222226821052364
83000	-2605.997201081853	-2453.808252924569	-152.18894815728402	0.11490278453329555	0.1470610116498422	0.1470868749234776	0.002655676579633708
84000	-2604.9363701682505	-2450.9124119497305	-154.02395821852016	0.11379265164570002	0.18721784337389533	0.22831299820166145	0.0013415531409274309
85000	-2602.822943004146	-2453.337574354194	-149.48536864995194	0.08574520519364537	0.1288157563716284	0.16146623982807656	3.637711347379733E-4
86000	-2603.6313183974794	-2453.344140798623	-150.28717759885666	0.07313311987220054	0.11409067830194647	0.1549682485692257	3.159663650253346E-4
87000	-2603.7083736767177	-2453.4743571526974	-150.23401652402046	0.07916745918776412	0.09658563417855907	0.1592375118170919	2.8015347896891943E-4
88000	-2604.807822874182	-2451.7004935300456	-153.10732934413636	0.09100068760805807	0.06976231949394912	0.20933790910343056	5.035214854286892E-4
89000	-2603.323045266228	-2452.5059980503966	-150.81704721583108	0.08103542735403904	0.08393401817682317	0.17190339531786067	4.730304368949504E-4
90000	-2602.181943809659	-2451.5618453602037	-150.62009844945518	0.08556695661232172	0.09678678675474658	0.1657119115994601	0.002183680316478684
91000	-2605.0415469375275	-2452.840022638365	-152.2015242991624	0.12644232443795317	0.0710930505079953	0.20183612702034398	3.205842459925737E-4
92000	-2602.72311057718	-2453.183061817207	-149.5400487599728	0.11397443985684515	0.12349093573779901	0.15441694035328923	0.0013754017679112386
93000	-2603.109208251713	-2452.6411932090564	-150.4680150426566	0.07069269369361016	0.1183429693850381	0.1320885564074869	0.0022330976003937485
94000	-2602.5448858138648	-2451.756428293459	-150.78845752040561	0.06384804467878955	0.09778337523058624	0.1421771037340974	9.027564339999515E-4
95000	-2604.8287904529266	-2451.218354031035	-153.61043642189196	0.05106960894318233	0.18109129676046348	0.14223181554507333	7.812404919163749E-4
96000	-2604.3737918512766	-2453.6554358363082	-150.71835601496835	0.13286204316730935	0.09507336418689198	0.15692483391612652	0.0024280465985906134
97000	-2602.515934525281	-2450.7121488559105	-151.80378566937023	0.0625448821953739	0.10271846154805236	0.1786876517903277	8.351813912075586E-4
98000	-2605.943669349008	-2455.1255274679397	-150.81814188106827	0.07643303761024332	0.0810345821604137	0.0975107083473493	0.0016376112988081453
99000	-2602.816815868162	-2453.200217930096	-149.61659793806598	0.08886255494174494	0.0908217196109162	0.13191704755179118	0.0016625526590573476
100000	-2605.3440574035008	-2449.4922468926425	-155.8518105108582	0.03633871188421776	0.11617073849169515	0.16678857409078948	7.565002666739574E-4
101000	-2605.0792433770825	-2452.5436102436624	-152.5356331334203	0.07808872792897789	0.08300973210280184	0.1797056953608922	3.662828622086363E-4
102000	-2603.2441234089206	-2454.8580398613694	-148.38608354755135	0.09476708805543549	0.13400837799772508	0.13241965169310121	2.2897564630449627E-4
103000	-2603.0215628777382	-2453.4889224699855	-149.53264040775275	0.11872830614797514	0.09039408292576454	0.15288833845034647	0.0010148900734689578
104000	-2605.0707612219617	-2451.71549529186	-153.35526593010164	0.06934009287817397	0.06646939480356864	0.15237068054926517	0.0022852664903386046
105000	-2603.1464826976603	-2450.488769773508	-152.65771292415226	0.05622647761024291	0.15893038957529504	0.15988613475883637	0.0013200835441745144
106000	-2604.308875793913	-2451.441635757532	-152.86724003638136	0.08682040407468782	0.12485227160764525	0.16960470929003033	0.001556923162603647
107000	-2602.417004038123	-2451.2850686194847	-151.13193541863836	0.07386975466981087	0.10653344251130516	0.1599821578076025	0.0019437238260399847
108000	-2610.042009050948	-2453.5243286827836	-156.51768036816424	0.04825400703764514	0.10076488965328921	0.10082774607896365	0.002028064821074461
109000	-2603.083741690609	-2452.360616586971	-150.72312510363764	0.07916013871513931	0.08285117791568833	0.13959015466767005	0.001991798861431552
110000	-2603.8335002162135	-2450.289801438851	-153.54369877736227	0.05889277592999572	0.16097623286284096	0.1730862548016032	0.001455560510962212
111000	-2606.041058698737	-2451.983388132243	-154.0576705664938	0.1582579442646591	0.0923131094727012	0.25267820964253657	3.7298544788420503E-4
112000	-2604.636960167534	-2453.820513659012	-150.81644650852235	0.08161061298110965	0.14708002293923653	0.12073512505154292	0.0010082210979252613
113000	-2605.7122492448843	-2449.926672909095	-155.7855763357893	0.07298820280556022	0.19003251462864068	0.22849297277497332	0.0011758501304699816
114000	-2605.5789708064162	-2454.281939328917	-151.2970314774994	0.0630222872052917	0.09362135137423859	0.10767553785256766	4.5720015523771667E-4
115000	-2605.335966956517	-2452.8538859526507	-152.48208100386626	0.061562753855899016	0.10787638091814988	0.11158489861196799	0.00116720483644652
116000	-2602.422341763665	-2451.7841100869173	-150.6382316767478	0.10975735936416313	0.11632502242630013	0.18740392634429004	0.0012712264650110376
117000	-2603.409493485423	-2450.1582835855447	-153.2512098998783	0.05060126209367269	0.11337272529226813	0.17233440136795186	0.0016052384553914328
118000	-2602.6336674013555	-2452.8937168493185	-149.73995055203727	0.09431669775295916	0.11673955468906923	0.17992459262189828	3.930159649722854E-4
119000	-2607.225632289476	-2455.980639898943	-151.24499239053281	0.09326901641965504	0.1239354915835525	0.10053822422275314	0.0014098394591233157
120000	-2605.29613235996	-2450.1799271145537	-155.11620524540658	0.048173955782535964	0.062455412485279374	0.1551840642487009	0.0014362947091098581
121000	-2603.9633790351254	-2449.7336945411275	-154.2296844939977	0.056703767059112085	0.1212704888006266	0.2207745531171279	8.33219644300751E-4
122000	-2603.885175110631	-2450.140858447888	-153.74431666274273	0.05786188527721657	0.10815546798099371	0.1742472468410217	0.0012552995960029105
123000	-2605.364223685566	-2452.4544805675428	-152.90974311802282	0.051840863625761006	0.07602538015844452	0.1118289519684882	7.353550958149441E-4
124000	-2604.1481883929255	-2450.911569331936	-153.23661906098963	0.04477446147644211	0.13699683927815132	0.1508093177963809	6.023714609438847E-4
125000	-2604.9936341915363	-2450.006728082271	-154.98690610926536	0.037330493017158614	0.1192626948694723	0.16737500916453207	5.705196346305245E-4
126000	-2603.0042508688193	-2452.4864842444954	-150.51776662432385	0.09316437862063687	0.0844223101416899	0.148147341290783	0.001705935005595208
127000	-2603.5921789864915	-2451.9518284651713	-151.64035052132036	0.0707644492084357	0.07022434413677857	0.1541335600285379	7.2866122592244E-4
128000	-2602.634725590966	-2452.5757628240603	-150.05896276690564	0.08057067922438131	0.1263020403846555	0.13873487441348215	0.0020589602849506628
129000	-2602.8105035281374	-2453.16575075481	-149.64475277332747	0.0849015506753496	0.10329959227113361	0.13120439582943247	0.0020215355784876346
130000	-2602.6680719418096	-2451.9055031623384	-150.7625687794711	0.06867793279621226	0.09952211361412372	0.1632406083632666	6.263208852580615E-4
131000	-2603.978004402368	-2451.5302690077133	-152.44773539465444	0.07522286011478173	0.06780859423435003	0.1591928479894851	0.0022367369641710074
132000	-2607.703969059774	-2455.5742141894257	-152.1297548703483	0.0687373315495479	0.19487272134836658	0.08947335828229311	6.512396660678036E-4
133000	-2604.563558678999	-2453.776247112743	-150.78731156625582	0.09851142440056986	0.09002760291318893	0.13172820779064373	0.0011703775543551015
134000	-2604.7327127612584	-2450.614220669335	-154.1184920919234	0.07698252841216391	0.08878344006331478	0.18123250733034868	0.0016650641081661015
135000	-2603.579186517676	-2451.788989493336	-151.79019702434005	0.05145416237259238	0.09892158549904088	0.1350856946132618	6.249606372165059E-4
136000	-2603.4035533595315	-2454.3524096485426	-149.05114371098912	0.0879394192082437	0.10706276968141452	0.14145364711996034	2.4580634547221973E-4
137000	-2602.4690222899103	-2452.642033346736	-149.8269889431745	0.10914711110789677	0.09522510485562172	0.172601832281608	8.187562585404599E-4
138000	-2604.0309750365705	-2453.5917412887743	-150.4392337477963	0.10277323536949445	0.09672069542870972	0.14637919040195943	0.0030022080211680132
139000	-2602.089751557186	-2451.606006856958	-150.483744700228	0.08029867881604213	0.09162044659355781	0.16959690328507915	9.240599859815656E-4
140000	-2602.811978899129	-2451.382330173496	-151.42964872563283	0.06112691547542604	0.10810609750103185	0.13873552625486876	0.0015070413951363255
141000	-2602.001760361238	-2452.086922554318	-149.91483780692053	0.09971558001735888	0.13210790383655324	0.17497625945612694	0.0010666244958505858
142000	-2604.1788459874815	-2452.2396557639827	-151.93919022349877	0.06970427973364572	0.12791268631952407	0.13875000253935846	9.546670550921515E-4
143000	-2604.9348557572084	-2452.793381573694	-152.14147418351402	0.06824404290488714	0.0766932296717985	0.14550874724300378	0.0028226102854885713
144000	-2603.434553875796	-2451.9850550739375	-151.44949880185857	0.1265353420107528	0.136013638156807	0.2000089024194392	0.0011331912888338524
145000	-2604.271129044879	-2451.236062746149	-153.03506629873016	0.04631976480913279	0.13415774233269975	0.12116601433813605	0.001297686477099015
146000	-2605.1209643151883	-2454.178884535646	-150.94207977954224	0.09632346807340161	0.09707084973525332	0.12323491392326746	0.001570961207011807
147000	-2604.296297408191	-2453.648447694594	-150.647849713597	0.06704883931076114	0.12199929047979459	0.10623376196476422	0.0014526476487224385
148000	-2602.7095084403795	-2452.18524397848	-150.5242644618996	0.06904827940982018	0.11371834905582699	0.13709881652467532	0.001001870666821259
149000	-2603.2867992256215	-2451.1891469019693	-152.09765232365245	0.09324666693961374	0.08280770591969164	0.20972552559474528	7.900423426545557E-4
150000	-2603.2402214773983	-2454.03347293788	-149.2067485395184	0.09482333323447698	0.09709889795507672	0.13255344662607044	6.696253032499288E-4
151000	-2604.314082029291	-2453.5680294338677	-150.74605259542346	0.08242409687810831	0.16262024453965013	0.12613789784797513	0.0022170029732589314
152000	-2607.353383649126	-2452.1012313891265	-155.25215225999955	0.10175720908871405	0.06300013710958396	0.22321710970386752	0.003969226554095245
153000	-2605.39205576622	-2453.074238705278	-152.31781706094213	0.05835873586382204	0.08141403684902575	0.11342166524785299	6.690709454863639E-4
154000	-2603.230565062592	-2454.592053619853	-148.63851144273954	0.10128303744623535	0.1307176718542638	0.14856781789925055	1.3790020009951532E-4
155000	-2603.890054996998	-2451.6870534050404	-152.2030015919576	0.06815115058985388	0.06863217828680519	0.14648050899966591	9.448063310136667E-4
156000	-2603.290835801025	-2449.9787381265414	-153.31209767448337	0.054901895845052354	0.10799704617832624	0.1833890033412551	0.001586585679474417
157000	-2602.5255719046627	-2452.4061376124528	-150.11943429220972	0.06734864234084287	0.12753029159683835	0.1367517903472791	8.114545523908161E-4
158000	-2603.267582411444	-2452.0268016392197	-151.2407807722244	0.06933308035092065	0.12485582461950659	0.13619995760382245	0.0012978617796304153
159000	-2605.2613345575633	-2455.9055419144015	-149.35579264316183	0.09053511138729413	0.0820628972039034	0.11358675709211348	4.56232340797109E-5
160000	-2603.9758368576595	-2449.9270806687896	-154.04875618887007	0.07827571347317758	0.144673327489574	0.2387070748070069	0.0011348002969623942
161000	-2609.6302621947734	-2456.481686035154	-153.14857615961964	0.07296366267783133	0.11732221694513022	0.08297617525675484	4.108694928608614E-4
162000	-2602.35535873394	-2450.0924954043844	-152.26286332955564	0.06917174202641234	0.11134955918581091	0.19791178908205398	0.0012997970879450157
163000	-2605.6717248743125	-2453.8215042922257	-151.85022058208682	0.0949647221707833	0.21569748602240624	0.13297566227246357	0.0010705669353089876
164000	-2605.681932207697	-2450.9542479017996	-154.7276843058978	0.07305231673391203	0.07656598798773603	0.20498335051445085	0.0026972423432495406
165000	-2604.1577303022896	-2451.2835167401636	-152.87421356212602	0.12548384698893628	0.11998982154712375	0.2349391717839519	9.224259552163434E-4
166000	-2602.7535397923134	-2450.035719965033	-152.7178198272803	0.053905172652235565	0.11926448772457512	0.17225323419217642	0.0012666472385073283
167000	-2606.1513880294224	-2455.464375617189	-150.68701241223317	0.12365791541830519	0.12147792197534467	0.12206702716872898	7.896023935735684E-4
168000	-2605.7701752413254	-2450.316827004929	-155.45334823639638	0.06577646256935436	0.12786611406965157	0.1860113364554523	0.0011682498174658124
169000	-2602.9934694690946	-2452.8640371767187	-150.12943229237598	0.09418192741872042	0.09923900459191007	0.16827980803546355	5.372904334409053E-4
170000	-2603.8917374743087	-2454.8406867850013	-149.05105068930754	0.07823638876912202	0.13222637825955041	0.11883365527318365	3.153291329844341E-4
171000	-2602.1195147035396	-2451.8586200920154	-150.26089461152415	0.06878326148867896	0.10884923048470614	0.14992083382869834	8.593144272865226E-4
172000	-2603.088949182783	-2452.1475668525877	-150.94138233019504	0.0825268059558918	0.08990030662215014	0.1572201334551844	0.0026208065208994965
173000	-2602.963593473368	-2450.4107864304615	-152.55280704290647	0.07672664156286645	0.11671864705454704	0.21947309250752495	8.940089948034627E-4
174000	-2602.9469729611897	-2453.9299024400802	-149.01707052110953	0.0872293553611543	0.11818341335870475	0.1211711986572202	0.0012268712068622776
175000	-2602.840439031559	-2449.9201130103397	-152.92032602121918	0.07035661399509949	0.08703165565586088	0.2047980122630078	0.001349425795872126
176000	-2603.7433258404244	-2452.130225086889	-151.61310075353555	0.055929925947223125	0.09701108176405702	0.11546190243264569	0.0012925717057296724
177000	-2606.5060012717977	-2455.9032496929476	-150.60275157885008	0.08533534153796266	0.07915885568287709	0.10451106753982127	0.002642387137896989
178000	-2602.4500117133684	-2453.3009566747082	-149.14905503866004	0.09526262633300704	0.12332815856457785	0.1392678838958891	0.0011824180710772268
179000	-2608.9424720053994	-2458.7856777677785	-150.15679423762083	0.16097530032603757	0.12044795913034201	0.0720822997777668	2.49330354064415E-4
180000	-2603.2812274427856	-2450.929836895926	-152.35139054685945	0.052425579571123614	0.1332026345955633	0.1405509889210511	0.0010574420106188533
181000	-2603.3915742959744	-2453.38911290349	-150.0024613924842	0.0931590093303979	0.09358669973602406	0.13607134555504702	0.0023256182476384286
182000	-2602.8808700820455	-2451.246938632047	-151.63393144999847	0.061327561928631716	0.09113290409920856	0.15763406176619596	8.008124968857904E-4
183000	-2602.906688756909	-2451.5322646330947	-151.37442412381424	0.06110224586233243	0.11156537088828634	0.15305180094843593	7.510890801242673E-4
184000	-2604.3571796269093	-2451.123290862663	-153.2338887642462	0.05331863025339833	0.14697003864205563	0.13560360222038756	0.0014123009896567639
185000	-2603.9883877078664	-2452.435517282145	-151.55287042572112	0.09602936446652634	0.06276988332465393	0.17173528035758423	6.543051142471955E-4
186000	-2604.1163832140346	-2455.694940198755	-148.42144301527983	0.11887359973559375	0.10000738687890497	0.11638088984384257	4.296481307127818E-4
187000	-2603.7753435980935	-2450.160413936406	-153.6149296616876	0.045311132666455575	0.08717380277872461	0.1475871056815848	0.001190687023321513
188000	-2607.3396750314546	-2452.1176207009503	-155.22205433050433	0.1683003736060316	0.06379648707133641	0.20548612983447548	0.0017770242528882924
189000	-2606.2252662834103	-2453.5543852061737	-152.67088107723674	0.06678247300835014	0.0852433751181481	0.13330363005834298	0.0029397332156372237
190000	-2604.859622430815	-2450.831445792096	-154.02817663871897	0.08549056423206106	0.08442763547963782	0.24081628097293867	5.897413981073089E-4
191000	-2602.5385989877063	-2451.0596628299227	-151.47893615778347	0.060639784578156455	0.11808261067801953	0.16363767855460987	8.181987275228635E-4
192000	-2606.174501993808	-2452.3084516390927	-153.86605035471547	0.05741206446462679	0.10365731612656531	0.18903915858289763	0.002863152661459106
193000	-2609.631220433915	-2450.698896108972	-158.9323243249433	0.06308215680331287	0.0304039981729315	0.1579581366839412	0.0010777236861958485
194000	-2604.745202136771	-2450.848040571763	-153.89716156500808	0.08862283460930295	0.06087216541809252	0.1983298011483996	0.0024842904193893432
195000	-2602.72078713167	-2452.4393452142463	-150.28144191742388	0.10579860974168523	0.08473742126662273	0.16439108777861983	0.0011929658858843676
196000	-2602.8934204974817	-2451.7289505249373	-151.16446997254437	0.0735398638732326	0.09164102798502044	0.1621202647474665	8.122143439742007E-4
197000	-2609.4651474972334	-2449.7202138412945	-159.7449336559389	0.03186837736780067	0.10889440766512898	0.17564943863256913	0.001191381083226181
198000	-2604.8164208550456	-2451.97019059997	-152.84623025507577	0.04708892821530813	0.12678320858001238	0.10664408018055811	0.0011576906814384713
199000	-2603.699478170775	-2454.05082173119	-149.64865643958495	0.10367514300642532	0.08121116217592958	0.1429541184048852	4.8524759380605675E-4
200000	-2602.855017693017	-2451.0287460775658	-151.82627161545116	0.09536670975961523	0.083119302615848	0.1873958453113604	0.0019619359321295065
201000	-2604.4297581456035	-2452.208400075232	-152.2213580703716	0.09716550297647132	0.14951115582192862	0.16148433988661562	0.0015800177320632388
202000	-2602.2771878279227	-2452.8003415482926	-149.47684627963	0.09559433896586403	0.09581523926776314	0.16250575803044534	6.87750188420661E-4
203000	-2604.1344927887676	-2455.0027484364214	-149.1317443523463	0.11926650343162642	0.150477813708046	0.127684421307053	0.0012369594636251634
204000	-2604.668000085313	-2454.457055492307	-150.21094459300602	0.12420957350779949	0.11502010987834234	0.1508689093974475	2.816762196313281E-4
205000	-2602.923596301933	-2452.2480496296957	-150.67554667223718	0.07080951221839864	0.1400638411181742	0.13804625551456995	0.0010449634307794708
206000	-2602.9617069448263	-2452.413369931479	-150.5483370133475	0.13431293823155352	0.10815076273740568	0.1862179407959291	0.001330287542862516
207000	-2604.4230850184586	-2450.857553502068	-153.56553151639042	0.08860877862157829	0.13211688704773072	0.24946888315022064	5.982814043381795E-4
208000	-2603.235910114324	-2450.6563738579625	-152.57953625636134	0.1157708436689021	0.11654544801603339	0.22441491406248756	0.0020383045335767695
209000	-2607.0694707276175	-2455.7663334396307	-151.30313728798689	0.06697158105140986	0.10967931776414042	0.10100700313845619	1.6391436322716577E-4
210000	-2605.276377725946	-2452.9778356815414	-152.29854204440494	0.04996322908868991	0.12283957241986213	0.09597108539727581	0.0013294063475305276
211000	-2607.433769548735	-2451.414602245752	-156.0191673029831	0.06099024177198853	0.20097633686021163	0.14059003863121328	0.001346705637600439
212000	-2603.6794825277375	-2452.4021460466497	-151.277336481088	0.12425235830028383	0.10300777238748922	0.1793976132729892	0.00283097953022136
213000	-2603.901080931315	-2451.721534565907	-152.17954636540776	0.09777940679773948	0.1364458439926507	0.1806889794613944	0.002744502204793827
214000	-2607.1932774342836	-2457.7167074895237	-149.47656994475963	0.13324225813905888	0.1359209741380383	0.11204508309469194	0.002673495589249076
215000	-2604.0423568206643	-2455.041066855176	-149.00128996548827	0.14131399376773243	0.13846208560413226	0.14224201129213696	1.3387775479005714E-4
216000	-2606.352512622344	-2454.062079699399	-152.2904329229449	0.13423650044822114	0.09353264272713308	0.16842262427844973	2.057793179966324E-4
217000	-2603.3057936243545	-2453.208219642384	-150.09757398197053	0.08166656310173112	0.0848855936925132	0.12823897215540112	0.0010555299264858092
218000	-2605.8712772530894	-2451.4542468592003	-154.41703039388895	0.06436899109997946	0.16391710742549426	0.1571797140757068	8.587205438060203E-4
219000	-2603.6012927838965	-2450.275336291092	-153.32595649280458	0.05038644932623521	0.08301807510264506	0.15700651972797702	9.775041783496683E-4
220000	-2604.034915267521	-2449.763670065382	-154.2712452021388	0.08167478039848058	0.07520654831510153	0.23201788922886368	0.0013761183820211402
221000	-2603.0287219448805	-2452.811538728422	-150.21718321645847	0.12934068658847203	0.10871022290849582	0.1698797933240733	0.002102618509912904
222000	-2603.841285666445	-2453.379909086107	-150.46137658033794	0.05919127030815543	0.11348459868227903	0.1166431487666152	5.446090235253302E-4
223000	-2607.3840111223303	-2451.6035670213305	-155.780444101	0.06632683980420084	0.05363329852110813	0.14784096474042893	8.53539966251648E-4
224000	-2602.854494878743	-2452.0204636392955	-150.83403123944757	0.08552099177934272	0.13778180312437793	0.15463324681089152	0.0014535977222649536
225000	-2606.2381052878695	-2451.5930702678015	-154.64503502006787	0.043983016839328586	0.19091705189919425	0.1145141044513972	8.175790202540232E-4
226000	-2604.928795524676	-2453.211936746464	-151.71685877821216	0.07375665032351882	0.15512545525494717	0.14685704911142244	0.003137799407017153
227000	-2602.9606086489594	-2452.2666831669794	-150.69392548197976	0.07842652629197594	0.0902409592935668	0.15871337653568246	7.056464958928275E-4
228000	-2604.1657841790043	-2452.1956312938505	-151.9701528851537	0.09849271299524763	0.12947439587752133	0.2281157361217812	2.7391912221800624E-4
229000	-2603.368324591376	-2454.2462305914787	-149.12209399989743	0.09012638083664953	0.14084800575556433	0.12065045880673395	0.0010437840059467783
230000	-2602.39925336853	-2451.016773905554	-151.38247946297577	0.06770745868589534	0.08994143581286193	0.15688165920755057	0.001335733936466428
231000	-2602.276501781669	-2452.2961338734285	-149.98036790824068	0.09627751708638925	0.10719916115408848	0.15827691191516355	0.0022878499320690645
232000	-2607.766592413767	-2449.7447112772115	-158.0218811365551	0.03877627441631888	0.06250296395198608	0.14702065405607426	9.490405146734968E-4
233000	-2602.9716134620103	-2450.9568520722864	-152.01476138972404	0.09587450140131767	0.12451376584721324	0.2036690784416862	0.002656053712747269
234000	-2608.220665021147	-2450.224269146989	-157.9963958741578	0.041039618708860075	0.10396419272374903	0.14904899499237767	0.0013806722361852774
235000	-2602.336172781507	-2451.2579701151017	-151.07820266640516	0.0651630049971336	0.12784617962165776	0.1486610902142676	0.0016281317927895641
236000	-2603.6217100559033	-2451.167508702693	-152.4542013532106	0.055095958096971494	0.13233811740345183	0.13686666953360888	0.0014596322475034955
237000	-2602.9420395689326	-2454.4851996932935	-148.45683987563922	0.11625954533116187	0.10608693392351141	0.15456304373075075	1.437897135772013E-4
238000	-2605.305862256508	-2451.539480761509	-153.76638149499922	0.15183177636168588	0.0917625803658296	0.23913879443723246	8.85855850781788E-4
239000	-2603.0631032511324	-2451.882968085397	-151.18013516573552	0.07440049966595876	0.14560088796938855	0.14778257135933678	0.0012292716886488835
240000	-2604.442308287385	-2451.949241579356	-152.49306670802895	0.052235941877658516	0.11496940558207798	0.1445858272618868	0.0022389059960354575
241000	-2605.920550175753	-2455.9527332400417	-149.96781693571114	0.09468182281404725	0.09624493016051686	0.11734230805963537	0.0034450108587218147
242000	-2603.0682569887317	-2450.011519258593	-153.05673773013856	0.06605337916466508	0.10936670547930134	0.21394521926715604	9.492424368251621E-4
243000	-2602.934679864895	-2449.924763905405	-153.0099159594899	0.05653821188189803	0.09325922084365368	0.18643411382339883	0.0010392950912794406
244000	-2605.210268406455	-2453.9105392283104	-151.29972917814422	0.17164572000186157	0.09288871023645366	0.16774217892130536	0.0013943794789624505
245000	-2603.1587015210903	-2451.839102451366	-151.31959906972392	0.08231357214073465	0.07657708955281968	0.15825614582001227	0.0010688801985481822
246000	-2602.815016253238	-2453.0724525595174	-149.7425636937205	0.07725000145252645	0.12460469902296743	0.12491309560936045	0.0013933106528411826
247000	-2602.6481063236392	-2450.7770156849733	-151.87109063866612	0.08957755243543578	0.10771087800624132	0.2151883566934067	9.626117164783058E-4
248000	-2605.6107498841375	-2456.3642985878564	-149.24645129628126	0.08440618978711731	0.11231864159872568	0.0899751012405184	5.795937033196739E-4
249000	-2604.0410556198467	-2451.043900441528	-152.99715517831862	0.04580823830740899	0.08867318282672369	0.12849283974309889	8.26850239496112E-4
250000	-2602.9508843954013	-2452.05980333769	-150.8910810577114	0.06558954894102673	0.12864228517582124	0.13552484669339102	0.0019946339583366713
251000	-2603.4853320410484	-2454.013505561621	-149.47182647942716	0.10550411872566702	0.11688350598416329	0.13416911984823077	0.001154403876308178
252000	-2605.434262763732	-2450.4903151629637	-154.94394760076815	0.08832708999084944	0.06075757611229622	0.23137157791331475	8.152154867780407E-4
253000	-2603.8614033250883	-2450.8495159576764	-153.01188736741182	0.10842367508336477	0.11062570421913111	0.2446924607523032	8.570399911402596E-4
254000	-2606.1161308876967	-2452.622898943519	-153.49323194417764	0.04733379476076641	0.15314746761203119	0.12808314159980644	0.0021994752245447355
255000	-2606.2434506943077	-2449.72459962143	-156.51885107287745	0.040013115181162774	0.07027309938428924	0.152674279460101	0.0010888447358006498
256000	-2605.0577521928553	-2453.933769091964	-151.123983100891	0.17344101400324782	0.10348869673830247	0.16897603175004355	0.0016365345215544628
257000	-2603.2851693446096	-2452.2016242666987	-151.0835450779107	0.07218129791284238	0.08124444717288706	0.13304334769185178	0.0014711111416583415
258000	-2605.043901868043	-2450.978931726885	-154.06497014115786	0.05850627189920041	0.07741172730313023	0.15087304218533457	0.0018126417252865895
259000	-2605.2932307318933	-2454.8421518415566	-150.45107889033687	0.07514160109111213	0.15088394872427552	0.10886871585106385	4.893249969157395E-4
260000	-2609.0115303550933	-2449.521518511394	-159.49001184369936	0.030871464316228128	0.129670027863924	0.1756309694855109	5.116771574865046E-4
261000	-2602.629055034606	-2453.0121791707556	-149.6168758638505	0.09265761023161666	0.09914366474457141	0.14007265549523937	0.00208831997280849
262000	-2608.183747960679	-2456.5643607834168	-151.61938717726187	0.16147514420342446	0.05937340781439785	0.09851595883999653	1.6913882958225817E-5
263000	-2602.6932219859177	-2450.269410350819	-152.4238116350991	0.08187905265487232	0.12534348553240504	0.21612752697394555	0.0012240831566511633
264000	-2603.8256336911577	-2454.3956403333577	-149.4299933577998	0.14039230508555167	0.0901448916220027	0.14581467586231955	0.001023436309717278
265000	-2604.394506382258	-2453.2747627203767	-151.11974366188144	0.1276219579056696	0.18516036180709436	0.16490423913112162	0.0012711406449793317
266000	-2603.3645789619623	-2451.05992462297	-152.30465433899252	0.12064529485882543	0.12793834433058743	0.2130697307866543	0.0021795256981627094
267000	-2601.9368280828294	-2451.580964797713	-150.35586328511644	0.07590320873695847	0.11245027059673196	0.16064914402511965	0.0010534913187839696
268000	-2609.159169428086	-2452.725974864318	-156.43319456376827	0.06296633366551019	0.07756532742862446	0.20968006480311507	0.0032902460736676034
269000	-2602.8070365015046	-2450.743942056081	-152.06309444542364	0.052573952284898015	0.10211898732245459	0.14375526018564228	0.0011028825632270018
270000	-2604.718444294248	-2453.4046661900115	-151.31377810423623	0.07409315770525697	0.14707005505888485	0.12612679444287245	0.0024772861683883996
271000	-2605.0537737366612	-2449.2842482859846	-155.7695254506768	0.035348686773639	0.1050344369997885	0.1695274544830177	9.06698195552372E-4
272000	-2606.573367304207	-2450.977208898796	-155.59615840541085	0.1449210006873727	0.056317863919426135	0.22916404669966212	0.0017695825787451915
273000	-2604.605690574802	-2450.36767889966	-154.23801167514188	0.038041752837123334	0.12459652265109128	0.1295837287365615	0.0011510209942148897
274000	-2603.8686573482014	-2453.059669611739	-150.80898773646246	0.09839724511917326	0.09015291625971568	0.1688956219454463	4.7410153347063295E-4
275000	-2602.915097069002	-2450.879577926139	-152.0355191428628	0.06495928218190099	0.0745689090645246	0.15600311955898924	0.0012897923304520775
276000	-2606.1909695371137	-2453.373939503597	-152.81703003351697	0.06795339640521984	0.08396689681147476	0.11147040518420397	0.0017627245346870303
277000	-2603.588773947414	-2450.600171881599	-152.98860206581514	0.09935554241181445	0.098265102729566	0.22164820460392917	0.0012282827694526815
278000	-2604.619644209248	-2450.261166677353	-154.35847753189512	0.10857957743694446	0.13328717986590116	0.23999417193106024	0.0018966220884741325
279000	-2609.2265659194686	-2454.224694874663	-155.0018710448057	0.03983195641057228	0.08954739040783957	0.07552444785874259	4.7348787887751837E-4
280000	-2603.6942587724525	-2449.703249981301	-153.9910087911518	0.07344834548563928	0.08024230803474375	0.22151086194598069	0.001659028663281627
281000	-2605.6543816594954	-2453.7767353465288	-151.87764631296676	0.05562699047864391	0.14946087257596896	0.09326007648513258	0.001031502461902652
282000	-2604.990337792524	-2452.883230353306	-152.10710743921794	0.052877739543699634	0.121674404425484	0.10256546644276825	0.0015492117726899777
283000	-2604.030765556817	-2451.270500868396	-152.76026468842122	0.07981846175439257	0.16906502442837062	0.1713001677547506	0.0021108504898703804
284000	-2603.9271909732724	-2453.9269216268417	-150.00026934643088	0.08965619938980723	0.07179659942924997	0.1465905081110604	3.2159468426384223E-4
285000	-2606.332296938562	-2449.4837591344576	-156.84853780410478	0.03157590183528237	0.11084275328503099	0.16266865384698662	0.001054372517898492
286000	-2603.7410441933507	-2453.6225713471345	-150.11847284621604	0.08151284492833091	0.12598020011399877	0.17136432734666907	1.6782486366361186E-4
287000	-2604.2483982191306	-2453.529285381121	-150.7191128380095	0.13486792254391217	0.0874710215222255	0.1718611962160987	5.100975114140266E-4
288000	-2605.7114842620545	-2455.4001542252636	-150.3113300367907	0.08283456696507242	0.07654313523359244	0.09971249054136844	6.647672491006414E-4
289000	-2605.1922908214497	-2452.2867331263806	-152.9055576950689	0.15849003441861692	0.0910371157774435	0.2026692087598299	0.003092757990319758
290000	-2603.4264295643343	-2451.5656370808574	-151.86079248347693	0.08612054015489852	0.09265668202855007	0.19097523435240366	7.294121760682101E-4
291000	-2602.7609882264283	-2451.4142069947125	-151.34678123171574	0.060662198677700764	0.08896604733582386	0.13632547973444037	0.0012917392904886772
292000	-2605.9560437677114	-2453.0905142216357	-152.8655295460758	0.09027038164573685	0.06236790451996989	0.16772943908901153	0.0035287717217215033
293000	-2603.550486038723	-2452.399697063767	-151.1507889749565	0.11507581464893	0.11532460888102092	0.1717399302495897	0.002554415180186919
294000	-2604.549774896002	-2451.8311417896703	-152.71863310633174	0.05812716499856713	0.07602272072119835	0.13714093414437173	0.0020811112640698294
295000	-2603.3508716985534	-2451.9499823390724	-151.4008893594812	0.06905223801369116	0.09141913974257965	0.1373795343728306	0.0018525418337085335
296000	-2602.7794390913705	-2451.7452919705806	-151.03414712079	0.06131559805210988	0.13508473582126726	0.15411149034914823	6.706550906920314E-4
297000	-2602.6564651580547	-2453.748556319842	-148.90790883821262	0.11394608154726041	0.10031627813570455	0.15865096237009985	4.6629735065532705E-4
298000	-2603.0586192376945	-2452.762580175168	-150.29603906252666	0.10164335328158235	0.09593308594597376	0.15242806281970653	0.0022840048700646077
299000	-2603.0339134641476	-2451.6313494070882	-151.40256405705944	0.06799686192145593	0.07996606247417895	0.15812612766310258	7.690315670450653E-4
300000	-2602.801526587223	-2453.425968116577	-149.3755584706459	0.1001816413610657	0.1138163651684271	0.13875902301829132	0.0014194355252263736
301000	-2604.3864833437196	-2452.7381389606167	-151.6483443831031	0.10468249440215117	0.06868908531060665	0.1588997881588899	9.739650885388951E-4
302000	-2606.416308954819	-2455.0430606074888	-151.37324834733062	0.0552635721427838	0.10667068578905586	0.0888245219083766	4.0845157040556376E-4
303000	-2603.9833889696715	-2452.2467409724345	-151.73664799723693	0.07292217504347565	0.07284756334446311	0.14363856809277412	0.0023635693017804308
304000	-2602.946659990037	-2451.534297993246	-151.41236199679074	0.06503877818147705	0.13617415890603568	0.14665683477473074	0.001948411722033724
305000	-2603.4604742131282	-2450.5671725200277	-152.89330169310054	0.0699334162056199	0.08438044724607299	0.18359163370245957	0.002068806877508637
306000	-2603.324925176485	-2452.942249051174	-150.38267612531106	0.12606450899821425	0.10568862652423382	0.17168725826007797	0.001015532066223684
307000	-2607.8873530395335	-2455.167962842188	-152.71939019734546	0.06677090842238574	0.18860786728645412	0.10059671667482212	0.002525710977102022
308000	-2606.6038479979256	-2453.9850787555993	-152.61876924232644	0.07180507113956791	0.1327181060548385	0.1097324859998998	0.0019773132007800892
309000	-2602.224178459295	-2450.394478388292	-151.82970007100334	0.08051685208040327	0.10370611313335396	0.20426969630965808	0.0012341988743236466
310000	-2607.691289596918	-2455.303857085233	-152.387432511685	0.06466441120329883	0.057439348961761796	0.11781426420465864	9.724416698998089E-5
311000	-2605.5436166294257	-2451.0707648667453	-154.47285176268028	0.07543421685284232	0.06533076885736369	0.16312778061660155	0.0017483084158875996
312000	-2602.4756373708697	-2452.8856121418285	-149.59002522904098	0.09550497708141796	0.1042162158564108	0.152915060275134	8.955149248237446E-4
313000	-2603.582229956329	-2453.5152556348617	-150.06697432146734	0.1358353604183243	0.08486124459804921	0.1625532958329218	9.324857621012719E-4
314000	-2602.278466678037	-2451.691684743018	-150.58678193501927	0.09259807755183076	0.09567345367112742	0.16742712102232385	0.0015141607737506112
315000	-2604.1991618322527	-2452.454767383986	-151.74439444826663	0.08627439550479123	0.06466742253552547	0.16046777920115526	6.827448427375794E-4
316000	-2602.7089408731326	-2450.98952778703	-151.7194130861024	0.058283620009409676	0.10023189191659569	0.1460786654573241	0.0015950168324670633
317000	-2606.4431038063585	-2449.085936527654	-157.35716727870425	0.049681944866650125	0.12039754173009228	0.24993050137172204	9.718406763557138E-4
318000	-2604.59167592454	-2451.92220539145	-152.66947053309022	0.06450493124542286	0.10701330796551431	0.1383227546900936	0.0020523622091019743
319000	-2605.8288259075225	-2450.234851561919	-155.59397434560339	0.046308865014850015	0.05517038011054503	0.14344253818848982	0.0010710893677341002
320000	-2603.308260900737	-2451.343508230763	-151.9647526699739	0.05779216467131287	0.09334861548928967	0.1423019431186023	0.0018673194473609075
321000	-2604.524159034951	-2450.081107352597	-154.44305168235402	0.045835572488875286	0.09279177391261624	0.17693638999237996	0.0016031262056277534
322000	-2606.247419471641	-2449.2376850702085	-157.00973440143264	0.03672286081776679	0.11183464913762964	0.17860427510140983	9.124950119806162E-4
323000	-2604.223314747507	-2449.891794967303	-154.33151978020373	0.05867426990796361	0.1498489130485231	0.19813396323384924	0.0016105848063489075
324000	-2605.571461741723	-2456.033556892937	-149.53790484878573	0.10164429907474691	0.08483720125473934	0.10553138186939581	0.0017470741527498927
325000	-2602.169188599999	-2450.682701550405	-151.48648704959407	0.07886426216618143	0.11474766873330491	0.18621498777212084	0.0013795536764107089
326000	-2607.5593680901543	-2451.793369012239	-155.76599907791504	0.06670060882410754	0.04772200101793752	0.15537443918995486	0.0023556352566699527
327000	-2602.8483148407327	-2451.1835442168217	-151.6647706239108	0.1016074868097986	0.11518249977211517	0.1954843437784088	0.0025296240825540264
328000	-2605.0022131702412	-2449.480285360898	-155.52192780934334	0.036549575717813594	0.11395746288255294	0.16271220288108684	0.0010175135068492974
329000	-2603.8691103417573	-2452.633462312841	-151.2356480289162	0.10116013229296511	0.06301118528598336	0.15232060543614656	0.0013046276507763244
330000	-2603.868710355071	-2450.8015071913846	-153.06720316368651	0.054728228454940075	0.12261844815197943	0.14593948672824267	0.0014332623833207647
331000	-2604.6770361327153	-2453.5982816814585	-151.078754451257	0.06196058622236355	0.08368101916037127	0.14178813040197266	2.605057582116277E-4
332000	-2602.819946385875	-2451.6894315305503	-151.1305148553246	0.0807996206784063	0.1427577938318183	0.1565517478996485	0.0016760324675613948
333000	-2603.5701892879074	-2452.854731756706	-150.71545753120162	0.0845644799330148	0.09045128759104322	0.13429253583392797	0.0017936003231041697
334000	-2606.3091103693137	-2454.3538427681506	-151.95526760116329	0.051140899446006395	0.13105542838006032	0.08906888773830553	5.354800658535624E-4
335000	-2602.5014193917486	-2451.438450366842	-151.0629690249065	0.08197913933899101	0.07835022993601447	0.16850993991224025	0.001102127238022973
336000	-2604.6693943616824	-2453.121081509197	-151.54831285248534	0.12189216319706606	0.06643598142358603	0.19287921301888733	2.6764033442002095E-4
337000	-2603.914514303634	-2452.9550182503526	-150.95949605328119	0.0795576817069182	0.07915042921483746	0.13720886016899173	0.0025350559402628377
338000	-2603.1091844044213	-2452.83873795602	-150.2704464484013	0.08405505100821455	0.12319600311241737	0.13522700665787676	0.00176951616258609
339000	-2606.6438350743456	-2451.80340913519	-154.8404259391554	0.06303215788747277	0.07297500711051932	0.151264405059936	6.660709105793009E-4
340000	-2605.0772677496752	-2452.2021724623446	-152.87509528733068	0.10984060168763041	0.05864225724120596	0.19939901370739246	5.23425512556718E-4
341000	-2605.221077038895	-2451.678757869178	-153.5423191697174	0.04325050514013942	0.15116848482463158	0.11185070545822576	7.765372024422937E-4
342000	-2605.792361821423	-2450.920231625832	-154.87213019559107	0.03432597413122752	0.11604798296610862	0.12419662890882902	5.247974024400568E-4
343000	-2605.4352306036067	-2455.789846348173	-149.64538425543375	0.15906771741985673	0.14992488582542413	0.12953556218336099	7.237168667052161E-4
344000	-2603.3289873200215	-2449.781701467297	-153.5472858527244	0.04698172119119215	0.12159087705866038	0.17462797530914112	9.71106278451601E-4
345000	-2605.7122353447553	-2452.899886554165	-152.81234879059042	0.052144649616290555	0.0777755218275038	0.09816850104071204	0.0012794528070215769
346000	-2604.1227065673684	-2451.112886455405	-153.00982011196353	0.10797566037310145	0.06388878046022645	0.19497814537525668	0.0017785712440686545
347000	-2604.3461472244726	-2449.4673542346445	-154.8787929898279	0.05660046236382274	0.1018028238869048	0.22456590559247874	9.663149165734222E-4
348000	-2602.928742503513	-2451.689671412805	-151.2390710907081	0.06328198459439918	0.13012329899274636	0.1695245687035086	5.690335725100325E-4
349000	-2602.4400858466806	-2452.438344749303	-150.00174109737804	0.09662259379336839	0.10391717481514555	0.1535614222712223	0.0015886721779148861
350000	-2603.9058670031854	-2449.818249924714	-154.08761707847145	0.044777233799491174	0.09680349281585769	0.1773102165094704	7.732885865244914E-4
351000	-2606.2051822249027	-2449.8342643586543	-156.37091786624842	0.0420505772526557	0.056968604288633734	0.15255548973049032	8.9958910594431E-4
352000	-2607.675422513349	-2451.278178795287	-156.39724371806204	0.04833265206235985	0.051057648712275	0.12037210078867153	9.632948995445845E-4
353000	-2604.7767095762924	-2451.142149842235	-153.63455973405746	0.08824963710058273	0.1011999590273033	0.1813594003376118	0.0013732221524390931
354000	-2604.582478486119	-2455.9884134190374	-148.59406506708137	0.09017231216948778	0.13351163011191425	0.10195669510824608	3.0667076550657544E-4
355000	-2603.4313298036427	-2450.640825329521	-152.79050447412203	0.05638705422035171	0.07376859081123349	0.1559362142890063	9.82631987901138E-4
356000	-2604.550469391066	-2450.1773262343086	-154.37314315675775	0.07053242053652033	0.13580369247051416	0.22043059496126466	0.002191961817522335
357000	-2602.2708230140584	-2451.983417529779	-150.28740548427896	0.11121040424153306	0.13422671327179872	0.18067273833869976	0.0014597433750507256
358000	-2604.253105183361	-2451.3470255944326	-152.90607958892883	0.0717083757808003	0.07126079459330777	0.15499483128743818	0.0019590500258357606
359000	-2603.1277354821855	-2452.057416427907	-151.07031905427868	0.09331688089082384	0.09894516369609915	0.15895454173017606	0.002038248240384487
360000	-2603.9840967974837	-2451.2179307595443	-152.76616603793954	0.05448618491606466	0.08707035854769433	0.1621891584619103	6.002896195144884E-4
361000	-2604.9832283403102	-2451.9206272649935	-153.06260107531668	0.07725213328844543	0.07117217619953159	0.1442568005656842	0.001750023257494928
362000	-2603.191910343516	-2450.6403485146766	-152.5515618288396	0.06004532306462262	0.07892365108968452	0.1715321890147554	8.589994621264925E-4
363000	-2602.4658431584976	-2452.019940766683	-150.44590239181494	0.10008984756845556	0.08231297162747679	0.16412009197515184	0.0017642614003024369
364000	-2604.054817297594	-2452.4733355802973	-151.58148171729673	0.055629674608027375	0.08319018577022295	0.12664303640657884	5.949341769183411E-4
365000	-2604.1983770613974	-2451.8389745249387	-152.35940253645862	0.12648548786518005	0.1348576572625161	0.21683910408427354	8.274213543697567E-4
366000	-2605.9593931668196	-2451.157036565813	-154.8023566010066	0.048014570401491256	0.1277745154048786	0.17279068100189096	0.002063492094998245
367000	-2603.790746111765	-2451.150850113953	-152.63989599781246	0.05584698266813543	0.08063531285205089	0.16856824358366834	5.898024447505263E-4
368000	-2608.8065916890478	-2451.0587549204374	-157.7478367686104	0.03618894358946824	0.21645376662136845	0.11831144115466223	0.0013390961944213695
369000	-2607.2314942853	-2455.24502062814	-151.98647365715982	0.07195314688268804	0.07142481464409942	0.09906617287215148	0.002284364470061418
370000	-2602.581297638252	-2453.453333639715	-149.12796399853733	0.12149632021834152	0.1095681128073016	0.15641680241904815	0.0010395246402948115
371000	-2604.76803899534	-2452.2741456439117	-152.493893351428	0.06560094757067553	0.14703023756745567	0.16738371969253357	0.002893169210236414
372000	-2601.9114061483997	-2451.990509128035	-149.9208970203648	0.1026498843928042	0.10565116028974307	0.17306851822631353	0.0013066567492673084
373000	-2604.759137408117	-2454.1770671499567	-150.58207025816031	0.06598393745657351	0.12824165142810467	0.11280128421780909	4.8099163233652516E-4
374000	-2604.8793203964306	-2450.1753384119725	-154.70398198445807	0.06671367580428117	0.09888819487891444	0.2448447597518929	6.375997542458311E-4
375000	-2603.336314466239	-2453.6742773633814	-149.66203710285734	0.09813483385098412	0.09469935439059492	0.13764806724730996	8.659396039863837E-4
376000	-2606.7662153404367	-2453.899699621028	-152.86651571940848	0.06885588121527958	0.08700733994027059	0.112668519033072	0.0023261945135337886
377000	-2606.226598941633	-2449.4524917256595	-156.77410721597352	0.04907612638593641	0.11567527381188156	0.2029435150175827	9.597971917725477E-4
378000	-2606.1674703480235	-2454.022730218255	-152.14474012976842	0.06256527371674771	0.0721499609347541	0.1623716356257632	7.986499279948803E-5
379000	-2605.2603621570383	-2453.2775649566893	-151.9827972003491	0.09528593940299208	0.14908848748518036	0.16428638166043233	0.003765482682475878
380000	-2603.32995465738	-2450.584948252529	-152.74500640485073	0.06394953696139795	0.1604753468229454	0.1897987782694825	8.593395681148136E-4
381000	-2601.833279153941	-2451.615892017964	-150.21738713597696	0.07251124992845408	0.11195626430113406	0.15002399353344184	0.0012516501003989296
382000	-2604.5913494377446	-2453.9791315653283	-150.6122178724161	0.0898255418754957	0.06974817348172378	0.1411917520187664	3.746846044578961E-4
383000	-2601.909684795667	-2451.626771033892	-150.28291376177512	0.08692188983082727	0.10444296664599384	0.16298559384441957	0.0018835573853089615
384000	-2604.072122926307	-2450.7215111291384	-153.35061179716874	0.0767133494400675	0.05754770171689368	0.17425182120650398	0.0015014633094293957
385000	-2604.567497244621	-2456.240292685724	-148.3272045588969	0.0963736712117413	0.11664092474127727	0.09978036085272772	2.87425844042399E-4
386000	-2603.6409188160114	-2452.4417463888326	-151.19917242717878	0.060580621473174404	0.09383906393727727	0.11694103162310894	0.0015814316990895182
387000	-2603.7711044144107	-2450.9231160823115	-152.84798833209942	0.054200183135738184	0.16830480408299547	0.1445592680386328	0.001101154953246119
388000	-2604.529639911699	-2451.7171157172766	-152.81252419442268	0.07651696715051828	0.06320772646203357	0.18849398950045962	5.185913366966928E-4
389000	-2603.8087307382943	-2453.298783708875	-150.50994702941944	0.08114840457806533	0.06989817002490714	0.13434205161341622	6.84889733310504E-4
390000	-2604.5902180407406	-2456.0704700174115	-148.51974802332933	0.15110516515476277	0.10129393213628375	0.11652018649413609	2.7387774022791586E-4
391000	-2603.186442146984	-2452.119662619094	-151.06677952789022	0.079852927128073	0.10671752308859266	0.1539091475311869	9.575757675995726E-4
392000	-2603.2381547370646	-2450.170644130668	-153.06751060639678	0.08222272019546888	0.11606747850900855	0.21932392763612463	0.001265530842289082
393000	-2604.932974959775	-2450.7538014033553	-154.17917355641987	0.06581427223613646	0.1293882107838732	0.18659925047483558	8.296326361715318E-4
394000	-2602.5521590696776	-2452.475340655967	-150.07681841371053	0.08778731921745513	0.09317004966913446	0.14420585192782426	0.0018168117915510283
395000	-2602.1361337688136	-2451.662746116538	-150.47338765227568	0.10175829438287022	0.11640580499240195	0.19291114326216366	9.817497177697157E-4
396000	-2602.729338125264	-2452.5336491134713	-150.19568901179264	0.0893969862796804	0.08933739840365738	0.1684620872268561	6.139756758050893E-4
397000	-2603.77433684658	-2451.0909989710876	-152.68333787549233	0.0796937664274506	0.08811548384063271	0.19843525524442723	0.0027833556767442734
398000	-2604.8475104229456	-2454.3252918004077	-150.52221862253762	0.07527058682188233	0.06917627675933588	0.11964192129402537	4.130618917109633E-4
399000	-2603.610081673857	-2449.9301519691844	-153.67992970467296	0.050638925930438436	0.11467878940822016	0.18441493202641301	0.001574655886217951
400000	-2603.4960569008035	-2450.64798263205	-152.84807426875332	0.06827017654911942	0.0765326455631065	0.1838294789604917	9.146088964758762E-4
401000	-2603.499982180072	-2451.094943857458	-152.4050383226139	0.05461174478695281	0.0992183435878016	0.14342288740025755	0.001750076018337396
402000	-2603.726238883505	-2450.074172725225	-153.65206615828018	0.0814828294224899	0.07895527791120482	0.2162789915911216	0.002057183621399086
403000	-2605.054731381183	-2451.0097645329424	-154.04496684824085	0.037078367910052444	0.11499602526679457	0.12583623643582256	5.675299429852368E-4
404000	-2603.3331124748292	-2452.605143654632	-150.72796882019742	0.06273522999282177	0.0960009378258839	0.12115538846840493	9.064420395365552E-4
405000	-2603.1238600760234	-2452.9908598163993	-150.13300025962428	0.08733141805565797	0.0897871282518949	0.13682902579058237	0.0021734737369809845
406000	-2602.0127494698195	-2452.428253087417	-149.58449638240234	0.0853797240283975	0.11039295194907306	0.14350805506891337	0.0016289596377221111
407000	-2602.1447965028638	-2451.3598439625707	-150.78495254029286	0.06606784029827388	0.10414921302624693	0.14987018028531332	0.0011096825594731027
408000	-2605.351192404577	-2451.802044517443	-153.54914788713384	0.04924881790794909	0.12460584928855936	0.11537282259317175	9.521499750731184E-4
409000	-2604.043327945581	-2452.6903872858647	-151.35294065971607	0.07005461864716526	0.15175889962913997	0.1794938338246322	2.952510223297908E-4
410000	-2604.5114621659504	-2453.7535671074947	-150.75789505845566	0.15266193252142526	0.07928526897208554	0.17639177200563674	3.331110844380551E-4
411000	-2602.0321532840894	-2451.6539453877194	-150.37820789637001	0.09680367960666342	0.1007076007932625	0.17684714914576882	0.0012867373454480257
412000	-2602.4538173476326	-2450.8005002797217	-151.6533170679108	0.059110916993761996	0.11653150738132285	0.15234504765581555	0.0012776295206680865
413000	-2603.443307553986	-2454.442025888975	-149.00128166501108	0.08227976004565454	0.13775525369173366	0.13826457956460034	2.2694568021213357E-4
414000	-2606.687145941788	-2450.7538812055373	-155.9332647362509	0.05956089246054101	0.10538118840293267	0.15862634867516717	0.0017456435524604835
415000	-2606.551995724811	-2452.590254403689	-153.96174132112208	0.05291731689544056	0.07287867718132802	0.1110509893088262	0.0018231637724519193
416000	-2602.3412186393693	-2453.3453102194208	-148.99590841994853	0.10274499332583271	0.11996404974960934	0.1626756521212079	5.122953129107236E-4
417000	-2604.384859064975	-2453.7188942966554	-150.66596476831964	0.07564667285882887	0.08260018301472453	0.11221657190493387	0.001385606295521972
418000	-2604.1724331608934	-2452.882704942513	-151.28972821838033	0.11339663361927316	0.06157009540431818	0.16238581639117802	9.076393959522447E-4
419000	-2603.2883179060827	-2450.529892065915	-152.75842584016752	0.0616792719716156	0.0909755460463981	0.17204563005741097	0.001862106538926088
420000	-2602.982170462641	-2453.1798904045695	-149.80228005807163	0.07001814334911434	0.11269498007468585	0.1403808855810164	4.77126454798605E-4
421000	-2605.123335613688	-2452.989723486067	-152.13361212762123	0.06589754083858608	0.17143821072761034	0.13271583533476977	0.0025826435849378676
422000	-2604.4472914584762	-2451.2857840367574	-153.16150742171874	0.11003170484948532	0.08207608440223008	0.19526245170555462	0.0015383845683949093
423000	-2602.3164680842146	-2453.111921263736	-149.20454682047875	0.0930955676032176	0.120301219717746	0.14745965050808713	8.546255061798192E-4
424000	-2602.493167988735	-2452.62290657484	-149.87026141389515	0.11336916993525284	0.0997641539963103	0.16235286645750963	0.0018907874225560777
425000	-2608.3072071694664	-2451.7724953877128	-156.53471178175357	0.05165441166025555	0.06594203308334931	0.17238872768105434	3.528588837292378E-4
426000	-2603.2080679586975	-2451.5522538498353	-151.65581410886222	0.07526545013301202	0.16737194265149177	0.15806398587364612	0.001246627971174321
427000	-2602.3145594005273	-2451.6151218246127	-150.6994375759147	0.09893532587216129	0.12832363925155413	0.18224556949994972	0.0012963600040102258
428000	-2605.4374700240664	-2449.980908787582	-155.45656123648467	0.043903270259562796	0.12604758744118497	0.17961175824669667	0.0015148158662493816
429000	-2604.0092250108637	-2453.1137626359937	-150.8954623748698	0.08640872358938108	0.08495562451915814	0.1448846146940909	0.0028930574229800348
430000	-2601.8275404181654	-2451.4755389950597	-150.35200142310583	0.08938676806054811	0.1152994142926698	0.17017346415258977	0.0016772005064367766
431000	-2602.7369430224026	-2453.328282841753	-149.40866018064932	0.09088686198554173	0.1454850043484219	0.1459971727594467	7.130496137066144E-4
432000	-2607.127318081779	-2453.4765931584925	-153.65072492328648	0.060248283465983724	0.052824138648195865	0.1489535843917047	2.1529069821506677E-4
433000	-2601.8679116340245	-2451.8652912546568	-150.0026203793675	0.07419970092896405	0.11035921431475151	0.14937242361830064	0.0010879157258879815
434000	-2604.772554429068	-2452.0748127321995	-152.6977416968685	0.07290507102925314	0.14687585202384631	0.21098313502459937	2.895834873260176E-4
435000	-2604.2767107073646	-2455.6997177452076	-148.57699296215705	0.09087476379995425	0.14039999100008163	0.1079607411868101	3.077890420667997E-4
436000	-2604.491878770899	-2454.4554409899843	-150.03643778091475	0.08705292690691017	0.0735915256927718	0.11255055645646991	0.00102478006885715
437000	-2605.230801882893	-2451.778374850379	-153.45242703251427	0.0848583716713643	0.0483416381400664	0.15461129028872395	0.0013345854142675759
438000	-2603.1899725968797	-2452.313458314798	-150.8765142820815	0.08454004213151502	0.15330606853118722	0.15842189999438797	9.103187742150782E-4
439000	-2604.2806015090914	-2452.985453786376	-151.29514772271506	0.06430595771723266	0.11068423963107075	0.11247401565025088	0.0012426073263701782
440000	-2602.0545679229617	-2450.5637804257817	-151.49078749718	0.08081861880306498	0.1280125424451082	0.1915834331105695	0.0017226883896091063
441000	-2604.269498252348	-2452.2955122972635	-151.97398595508457	0.12446999166454893	0.12305203516367458	0.18423706382787025	0.0013033317412955822
442000	-2603.690176662145	-2452.471241886812	-151.2189347753327	0.0561453522171841	0.13151348498335655	0.11316747919961824	0.0010063480659078814
443000	-2603.282965178924	-2451.357371746335	-151.92559343258867	0.06846467459772669	0.06996319932785322	0.15419109028392403	9.993865258512724E-4
444000	-2607.2156340239576	-2453.457350706587	-153.75828331737074	0.13587455074770724	0.15775959114837942	0.16420731663833446	0.0013704786660520365
445000	-2603.379762009434	-2451.5946383513483	-151.78512365808604	0.052473197146851364	0.11905046980359349	0.12703665418428922	9.075597462159691E-4
446000	-2603.8498445907085	-2455.4735712890756	-148.376273301633	0.09904732743250313	0.14147796003348703	0.11812915721548767	2.4386832592313665E-4
447000	-2607.752271373832	-2458.662521939068	-149.0897494347643	0.12446852349627546	0.10519526423564485	0.09345991024400756	0.0016339923348893306
448000	-2604.00043557052	-2453.4709421129905	-150.52949345752955	0.08391919715881356	0.16667935821566424	0.16034930792015864	3.2563823990516307E-4
449000	-2601.830143932733	-2452.1041482341616	-149.7259956985715	0.09413656677853294	0.11287545636145571	0.1587320007172915	0.001722594912469788
450000	-2602.0999492866895	-2452.276002660173	-149.82394662651646	0.10290598645451396	0.12699885301453018	0.17874739722994828	8.74048958253582E-4
451000	-2602.5655950424816	-2450.742795078697	-151.82279996378455	0.08607498651877973	0.14682262302921836	0.19385950407586744	0.0015353989555450514
452000	-2603.502496674025	-2451.0576820535452	-152.44481462048	0.05532222611651558	0.08300615192483009	0.13775357985550382	0.0011523155682005319
453000	-2603.205127175567	-2451.81766501331	-151.38746216225735	0.13267282282752002	0.10526102491122358	0.19659910834910213	0.002438337039749758
454000	-2603.095559594132	-2454.7654369729703	-148.33012262116156	0.09931769549550232	0.11937895314130266	0.1441920937094621	1.1556718718743374E-4
455000	-2602.795827238741	-2452.196353937881	-150.59947330085953	0.06564400625261307	0.08937058309169037	0.13374286260297402	8.99624662132649E-4
456000	-2604.9787153079724	-2452.39061435296	-152.58810095501255	0.06025530651164576	0.07498385173228404	0.1155735600522517	0.001289666006525064
457000	-2602.615798100238	-2452.4578487742792	-150.1579493259589	0.08544158808729936	0.13556646238540337	0.17074487951382217	6.027354247645577E-4
458000	-2605.538215287146	-2450.1629670800135	-155.37524820713264	0.04464471676499601	0.0863033749237337	0.1817656688576855	0.0016588075968073232
459000	-2603.669909128972	-2450.4898228656693	-153.18008626330277	0.05320009449658409	0.11814212755287037	0.16126497037120677	0.0016624679535411553
460000	-2602.8175397186183	-2453.2109419380067	-149.60659778061137	0.0824856675254289	0.12065071483103619	0.12730504585619098	0.0016486104349909192
461000	-2608.7643353097765	-2450.5975331974905	-158.16680211228572	0.025718015787275235	0.09146251794512315	0.09818354903872445	9.509296688308252E-4
462000	-2605.7567482296754	-2452.33618073267	-153.42056749700552	0.07277149685772348	0.12352442347558973	0.16807751917439828	5.009792651838468E-4
463000	-2602.9682552620925	-2451.107635301787	-151.86061996030526	0.07257823049692794	0.1171464218714501	0.16146597076065433	0.0016355538295695236
464000	-2604.767233697123	-2455.959396752682	-148.80783694444088	0.07761856773721888	0.10582067250580003	0.10721118850880101	8.297490171102723E-5
465000	-2603.1756025347195	-2451.652826343266	-151.52277619145332	0.1333921392241271	0.12214961167437732	0.2048089271302711	0.001713353201701204
466000	-2603.4959754102856	-2452.604759374274	-150.89121603601157	0.08083198419027733	0.0707565787050057	0.1431611607933034	8.658004614923721E-4
467000	-2606.562024481882	-2454.1935477756856	-152.36847670619636	0.05272232089049885	0.1327204016751239	0.09000684862720874	6.385576194977982E-4
468000	-2603.861559740716	-2451.0034513598043	-152.85810838091191	0.06060870595663403	0.16517206790273936	0.15902550771166024	0.0019054256103384236
469000	-2603.6682270715887	-2453.238504283422	-150.42972278816677	0.08479614687829704	0.11630374466583353	0.12888280939786725	0.0017126437357563246
470000	-2603.910188740637	-2453.7545501394093	-150.1556386012278	0.07974016944177952	0.12166336410920435	0.13020024567594865	0.002864322151957568
471000	-2602.3402489223436	-2451.950649284978	-150.3895996373654	0.11103872587175108	0.1074637666501258	0.17646824752472057	0.0019838741391539905
472000	-2604.8506124989726	-2450.1684787922377	-154.68213370673487	0.04696311740175769	0.1785257237939893	0.155681576969205	0.0011616875819212935
473000	-2603.460690034218	-2451.9835586440827	-151.47713139013524	0.10272657002036938	0.08428396395092612	0.1696276753301514	0.0023160909740685977
474000	-2602.8639265414804	-2450.5643272791986	-152.29959926228187	0.08382491422408966	0.12645958563942578	0.20398202322521744	0.0023005350990840034
475000	-2602.4772195468854	-2451.972661410214	-150.50455813667105	0.0833712792514586	0.10946383041367622	0.16836087020453464	8.283595897883366E-4
476000	-2603.3288438816203	-2452.7328569345264	-150.59598694709396	0.12284377463392981	0.10022387327064695	0.2031526128765898	3.7600791605059647E-4
477000	-2604.558610916318	-2452.7272244646497	-151.831386451668	0.06897152507987979	0.16328577104929695	0.1241083664297998	0.0017838698370305646
478000	-2602.083668189368	-2451.319656686586	-150.7640115027822	0.08837535682659516	0.10489930659201208	0.17478752408274026	0.002145491114977947
479000	-2604.9552377215923	-2451.4523013216894	-153.50293639990298	0.05621266278803646	0.08260581981568905	0.19034206770443582	3.9033915566246156E-4
480000	-2603.8339651886754	-2451.1655287352974	-152.66843645337818	0.07987905823984327	0.06544109335709755	0.16597135730213164	0.0018416116070478178
481000	-2604.104770388792	-2451.6249565111248	-152.47981387766734	0.09403999111267049	0.08410072105470677	0.1943666226563011	0.0031810498639851274
482000	-2606.4173829974084	-2456.9891293696373	-149.4282536277711	0.09480823251423216	0.08605344756745281	0.08722151722823934	6.354996282677791E-4
483000	-2604.799667025124	-2453.5444913640517	-151.25517566107246	0.0708504169417206	0.08751847491255269	0.11801647598590309	0.002282414394986694
484000	-2604.4958740271695	-2451.6222601928225	-152.8736138343468	0.08705643083260557	0.10446045432755201	0.1630311074179143	0.0018197175020932665
485000	-2602.981859984822	-2452.4000979290386	-150.58176205578374	0.09289995151405976	0.08976147329569596	0.15825841532477156	0.0026668255308211724
486000	-2605.126712662156	-2454.886003118435	-150.24070954372087	0.07068161209254474	0.09344666706221152	0.09508749751064671	9.258989906400496E-4
487000	-2610.875481698497	-2455.415493711839	-155.45998798665775	0.18887048897797007	0.09090805084227882	0.16263376555269302	0.003640838845902589
488000	-2602.401939996439	-2451.2490117193597	-151.15292827707958	0.06135072163921417	0.1273786753064811	0.1431835761942186	0.0013402271974694419
489000	-2602.643641178236	-2450.0069248032905	-152.63671637494548	0.05553263856141177	0.10516188265143239	0.1790140500998369	0.001091133829454418
490000	-2602.988983077985	-2451.5979187487123	-151.39106432927252	0.10788042828826432	0.08768976558249998	0.18566747699843245	0.0014254871852301552
491000	-2603.5997707592387	-2449.6946649181295	-153.90510584110933	0.05907912394787221	0.10426015997931659	0.2140930034727673	9.677611775008068E-4
492000	-2603.216684667665	-2454.0708243308	-149.14586033686493	0.1113785785812574	0.15277729232800127	0.15710129561868721	3.187731737081539E-4
493000	-2602.248884426674	-2452.2408379937247	-150.00804643294953	0.08602152051156543	0.11921438900897557	0.15912390869225074	9.480702312835217E-4
494000	-2605.0225407340254	-2450.467256183504	-154.5552845505214	0.0446245941341065	0.15531379090584116	0.16505206327985547	0.0016487072350025913
495000	-2604.0668881529505	-2450.663413451086	-153.4034747018644	0.1093741978956735	0.16548708849664007	0.22262314767343497	0.0022086068787189553
496000	-2606.9087915506416	-2452.113814010656	-154.79497753998544	0.10062566141537703	0.046505049989154605	0.16810354441127723	0.002345848871523775
497000	-2603.438701370442	-2452.340007495657	-151.09869387478474	0.05662537201502868	0.1070568601761695	0.14263216439170304	4.962827602320958E-4
498000	-2602.3684104671456	-2452.6961862478292	-149.6722242193163	0.09889421876422295	0.10542916685845924	0.15017730555475045	0.0016167455288284558
499000	-2602.0954384198058	-2451.473423212238	-150.62201520756813	0.06822600502848945	0.09945723060470073	0.15415387274330697	9.77306068552857E-4
500000	-2603.8131900254007	-2450.5058134080464	-153.3073766173544	0.049603441500401524	0.07951925873472758	0.14287518482207495	0.0011708476416953258
