#
#model:
#
#<?xml version="1.0" encoding="UTF-8" standalone="no"?><input id="posterior" spec="beast.core.util.CompoundDistribution">
#    <distribution id="prior" spec="beast.core.util.CompoundDistribution">
#        <prior id="lambdaPrior.F2" name="distribution">
#            <parameter id="lambda" lower="0.0" name="x" spec="beast.core.parameter.RealParameter">0.01</parameter>
#            <Gamma id="Gamma.0" name="distr">
#                <parameter estimate="false" id="RealParameter.1" name="alpha" spec="beast.core.parameter.RealParameter">2.0</parameter>
#                <parameter estimate="false" id="RealParameter.2" name="beta" spec="beast.core.parameter.RealParameter">200.0</parameter>
#            </Gamma>
#        </prior>
#        <distribution id="snapprior.F2" lambda="@lambda" spec="snap.likelihood.SnAPPrior">
#            <parameter estimate="false" id="alpha" lower="0.0" name="alpha" spec="beast.core.parameter.RealParameter">11.75</parameter>
#            <parameter estimate="false" id="beta" lower="0.0" name="beta" spec="beast.core.parameter.RealParameter">109.73</parameter>
#            <parameter estimate="false" id="kappa" lower="0.0" name="kappa" spec="beast.core.parameter.RealParameter">1.0</parameter>
#            <parameter id="coalescenceRate" name="coalescenceRate" spec="beast.core.parameter.RealParameter">10.0</parameter>
#            <tree clusterType="upgma" id="Tree.F2" nodetype="snap.NodeData" spec="beast.util.ClusterTree">
#                <taxa dataType="integerdata" id="snap.F2" spec="snap.Data">
#                    <taxonset id="ant" spec="beast.evolution.alignment.TaxonSet">
#                        <taxon id="CarpaChavin_B72794.Huanuco.CarpaChavin" spec="beast.evolution.alignment.Taxon"/>
#                        <taxon id="CarpaChavin_B72802.Huanuco.CarpaChavin" spec="beast.evolution.alignment.Taxon"/>
#                        <taxon id="Carpish_B72762.Huanuco.Acomayo" spec="beast.evolution.alignment.Taxon"/>
#                        <taxon id="Carpish_B72773.Huanuco.Mitotambo" spec="beast.evolution.alignment.Taxon"/>
#                        <taxon id="Amotape_B67127.Tumbes.Amotape" spec="beast.evolution.alignment.Taxon"/>
#                        <taxon id="Amotape_B67201.Tumbes.Amotape" spec="beast.evolution.alignment.Taxon"/>
#                        <taxon id="Chavinillo_B72789.Huanuco.Chavinillo" spec="beast.evolution.alignment.Taxon"/>
#                        <taxon id="Chavinillo_B72792.Huanuco.Chavinillo" spec="beast.evolution.alignment.Taxon"/>
#                        <taxon id="Macate_B72807.Ancash.Macate" spec="beast.evolution.alignment.Taxon"/>
#                        <taxon id="Macate_B72815.Ancash.Macate" spec="beast.evolution.alignment.Taxon"/>
#                        <taxon id="Quichas_B72777.Lima.Quichas" spec="beast.evolution.alignment.Taxon"/>
#                        <taxon id="Quichas_B72785.Lima.Quichas" spec="beast.evolution.alignment.Taxon"/>
#                        <taxon id="Canchaque_B72874.Piura.Canchaque" spec="beast.evolution.alignment.Taxon"/>
#                        <taxon id="Canchaque_B72878.Piura.Canchaque" spec="beast.evolution.alignment.Taxon"/>
#                        <taxon id="CorBlanca_NK_171703" spec="beast.evolution.alignment.Taxon"/>
#                        <taxon id="CorBlanca_FMNH_391889" spec="beast.evolution.alignment.Taxon"/>
#                        <taxon id="Huamatanga_B72889.Lima.Huamatanga" spec="beast.evolution.alignment.Taxon"/>
#                        <taxon id="Huamatanga_B72892.Lima.Huamatanga" spec="beast.evolution.alignment.Taxon"/>
#                        <taxon id="Pacar_B72905.Ancash.Pacar" spec="beast.evolution.alignment.Taxon"/>
#                        <taxon id="Pacar_B72912.Ancash.Pacar" spec="beast.evolution.alignment.Taxon"/>
#                        <taxon id="Porculla_B31685.Piura.Porculla" spec="beast.evolution.alignment.Taxon"/>
#                        <taxon id="Porculla_B72870.Piura.Porculla" spec="beast.evolution.alignment.Taxon"/>
#                        <taxon id="LaQuinua_B72754.Pasco.LaQuinua" spec="beast.evolution.alignment.Taxon"/>
#                        <taxon id="LaQuinua_B72760.Pasco.LaQuinua" spec="beast.evolution.alignment.Taxon"/>
#                        <taxon id="Chinchan_B72895.Ancash.Chinchan" spec="beast.evolution.alignment.Taxon"/>
#                        <taxon id="Chinchan_NK_173896" spec="beast.evolution.alignment.Taxon"/>
#                    </taxonset>
#                    <taxonset id="cur" spec="beast.evolution.alignment.TaxonSet">
#                        <taxon id="curtata_cra.cur.B6032" spec="beast.evolution.alignment.Taxon"/>
#                        <taxon id="curtata_cra.cur.B8175" spec="beast.evolution.alignment.Taxon"/>
#                    </taxonset>
#                </taxa>
#                <parameter id="RealParameter.0" lower="0.0" name="clock.rate" spec="beast.core.parameter.RealParameter" upper="0.0">1.0</parameter>
#            </tree>
#        </distribution>
#    </distribution>
#    <distribution id="likelihood" spec="beast.core.util.CompoundDistribution">
#        <distribution data="@snap.F2" id="treeLikelihood.F2" non-polymorphic="false" pattern="coalescenceRate" spec="snap.likelihood.SnAPTreeLikelihood" tree="@Tree.F2">
#            <siteModel id="MutationSiteModel.F2" spec="beast.evolution.sitemodel.SiteModel">
#                <parameter estimate="false" id="mutationRate" name="mutationRate" spec="beast.core.parameter.RealParameter">1.0</parameter>
#                <parameter estimate="false" id="shape" name="shape" spec="beast.core.parameter.RealParameter">2.0</parameter>
#                <parameter estimate="false" id="proportionInvariant" name="proportionInvariant" spec="beast.core.parameter.RealParameter">0.0</parameter>
#                <substModel coalescenceRate="@coalescenceRate" id="MutationModel" spec="snap.likelihood.SnapSubstitutionModel">
#                    <parameter estimate="false" id="u" lower="0.0" name="mutationRateU" spec="beast.core.parameter.RealParameter">1.0</parameter>
#                    <parameter id="v" lower="0.0" name="mutationRateV" spec="beast.core.parameter.RealParameter">1.0</parameter>
#                </substModel>
#            </siteModel>
#        </distribution>
#    </distribution>
#</input>
#
Sample	posterior	likelihood	prior	theta0	theta1	theta2	TreeHeightLogger
0	-2603.701656747096	-2453.473446419523	-150.2282103275728	0.09008375858237644	0.12051684630054706	0.13601343140218394	0.0025886145263398466
1000	-2603.5631082944396	-2453.617253277708	-149.9458550167313	0.08637204496527148	0.08027355765171297	0.15525932006439047	3.125627112971324E-4
2000	-2604.0646154559954	-2453.3440247064395	-150.7205907495559	0.08786161176974763	0.1082925549889904	0.14992850244755118	0.0033100815829782857
3000	-2607.5363758816793	-2450.2595013700093	-157.27687451167012	0.0907736446872579	0.055445303304110655	0.24207335547440226	0.002618744249671686
4000	-2603.6418835586455	-2450.14036063033	-153.5015229283154	0.07609241814180784	0.10385738137998549	0.20314428497308332	0.0017598916216540876
5000	-2604.304107438493	-2454.3664998859513	-149.93760755254138	0.10296791353359343	0.07803637848410956	0.12585199620125417	0.0019502274207097606
6000	-2603.5212845533883	-2451.0213145853218	-152.49996996806675	0.07085789412275913	0.12378914865719015	0.16513044020604944	0.0012626313695289076
7000	-2604.410932377138	-2451.510595665993	-152.90033671114492	0.06860139221797601	0.11800452756288146	0.1456923739194878	0.0014625748037553463
8000	-2602.683667362695	-2452.575132749188	-150.10853461350703	0.08774327083951812	0.09775720703521923	0.14614440615828106	0.002303942892242037
9000	-2603.3873826426097	-2451.066949498234	-152.32043314437576	0.06476362957350743	0.152835552446227	0.1682428391849789	8.989888771169774E-4
10000	-2606.602694673138	-2452.6736184288575	-153.92907624428076	0.06130180948013575	0.06109253305830794	0.11162471332965694	0.0013251422725404605
11000	-2603.4850186651274	-2452.235198362431	-151.24982030269615	0.09980584214870807	0.09988033290778348	0.16012598032858957	0.0017261102140144363
12000	-2604.868595283989	-2455.751447252167	-149.11714803182196	0.12215077380360607	0.07324217178927243	0.11800660185042257	1.476906776217301E-4
13000	-2603.759650574635	-2451.0480081270643	-152.71164244757057	0.08305078152749659	0.14877592688117716	0.20269513049944263	0.0027852949501587054
14000	-2603.2015397321784	-2452.1869163935507	-151.01462333862773	0.06630754105276804	0.1458348202584491	0.1357814407728972	9.548608204002705E-4
15000	-2602.6330521707296	-2452.3429226562594	-150.2901295144703	0.09346380871505693	0.13775270776095375	0.15740004476985955	0.002407376655536235
16000	-2603.3476225694108	-2449.952886373522	-153.39473619588898	0.0660239873952189	0.1350088320983955	0.2097665673884856	0.0018257940048380097
17000	-2603.327343198419	-2454.392333194604	-148.93501000381517	0.10301340850125824	0.09675876361006182	0.16397792217749046	4.5791490819578505E-5
18000	-2603.8374571302143	-2452.538707562937	-151.29874956727747	0.10599047690782888	0.15310138630429582	0.16347574484659322	0.0013976745503659223
19000	-2603.140434460414	-2450.5464710976516	-152.59396336276208	0.053033985245499	0.12118569020286903	0.1604949012938721	0.00169288672496759
20000	-2601.8521093092468	-2451.2357829536304	-150.6163263556166	0.07328686695389239	0.11789681423431721	0.1647067358261437	0.0011449808762932546
21000	-2604.2471566611093	-2451.785954580743	-152.4612020803665	0.10291294377955028	0.18859832750241287	0.17822594501720843	0.002191760844703881
22000	-2602.8536616185324	-2451.00790474499	-151.84575687354237	0.052410124725995676	0.10972552316232455	0.1401074266546743	9.559580538777516E-4
23000	-2603.812963254766	-2452.520528988028	-151.29243426673793	0.11138700760643072	0.11784602366527629	0.2226426153106265	2.3699418272198842E-4
24000	-2603.1613543206786	-2452.1803047282065	-150.98104959247203	0.08324089352949553	0.114408356664879	0.18470241985138774	5.134823530757661E-4
25000	-2605.75631545589	-2455.541478616762	-150.21483683912822	0.1963098992497091	0.1358983351691927	0.13184430517399653	9.962874569941877E-5
26000	-2604.0125932929695	-2451.5631831786777	-152.44941011429196	0.05683596891753658	0.16220261749279344	0.1300736894907508	0.0013596313547532227
27000	-2604.081642594574	-2454.0582092476675	-150.02343334690673	0.12813169401145597	0.11618481195394903	0.17901744919239646	4.4622785845653064E-5
28000	-2604.0441073365328	-2450.8274121976247	-153.21669513890814	0.07445557016871433	0.08783521613681279	0.21433045568770223	6.539247124877686E-4
29000	-2602.4724616536996	-2451.4221595425684	-151.05030211113137	0.07617913741838364	0.10836971538678347	0.1592940142408205	0.0012906194618152738
30000	-2604.82809320623	-2452.1901729449905	-152.6379202612393	0.09362794369303927	0.07417863875580333	0.15558799284082703	0.0013910510313131345
31000	-2602.2366250811897	-2451.926710834536	-150.30991424665368	0.10831635289820253	0.13107263852763448	0.18078115306688208	0.0013740155222170297
32000	-2603.0155864646254	-2450.7062120276564	-152.30937443696882	0.06371975535269477	0.14075573924666704	0.16604660620305609	0.0012095987002893897
33000	-2606.9763986023613	-2456.124912732703	-150.8514858696585	0.08357254178029212	0.09789280873220159	0.09718470465249288	2.4414687687144453E-4
34000	-2601.758389463823	-2451.2426085611114	-150.5157809027115	0.086843976088503	0.12402593997414203	0.1749313177058091	0.001635703355325221
35000	-2602.977362017825	-2451.1939079639064	-151.78345405391846	0.12295622603383588	0.10603097064396798	0.20828475891863849	0.0021357169598877654
36000	-2603.5770664753472	-2453.73185847879	-149.8452079965573	0.09269632796870725	0.10434704166163225	0.18663043389713227	6.018276282686369E-5
37000	-2604.3911438867685	-2453.3921789739693	-150.99896491279918	0.12893203631292569	0.13580549802268474	0.16973391382574265	0.0035768135326244266
38000	-2606.1389574092755	-2451.829544989811	-154.30941241946468	0.05059786803875608	0.07055075374537281	0.14900070577138871	0.0022234605338047934
39000	-2605.698801976346	-2449.886782134319	-155.81201984202684	0.06034805765993028	0.0798305311714695	0.24493799959328827	6.427759114468862E-4
40000	-2604.8330935484173	-2454.424341621628	-150.40875192678925	0.08548308487211545	0.17564151881938142	0.12096488729224032	6.411370308759345E-4
41000	-2603.3931523255437	-2454.7425283418856	-148.65062398365805	0.09200325338745237	0.12629511378089017	0.1176653374979037	7.028655391373931E-4
42000	-2603.8318864456814	-2451.381879756858	-152.45000668882363	0.047871430032121264	0.1036319723878968	0.11903107794487253	0.0012924719916626872
43000	-2603.160949652526	-2451.64135697595	-151.51959267657602	0.06595725373226172	0.11678026531304171	0.1820441418325442	5.162371335180922E-4
44000	-2606.345956944773	-2452.580869253585	-153.76508769118803	0.05545998740377928	0.08035731985600024	0.11191597245138163	0.0017625233153349949
45000	-2602.64699211805	-2450.230630346732	-152.41636177131807	0.07439798303584359	0.11804621487968416	0.2002104532465659	0.0018802747118802851
46000	-2603.856455312465	-2453.2209716729103	-150.63548363955508	0.10377278592777937	0.1026734916643781	0.14409991273455122	0.0015727830901572765
47000	-2603.295051449037	-2452.9735538755835	-150.32149757345374	0.07170971787754277	0.09750892662336413	0.1221872621133593	0.0019054035941463907
48000	-2604.1878804918156	-2450.5473760741884	-153.640504417627	0.07759161334351904	0.10090380925994631	0.20967116840536884	9.152057783333078E-4
49000	-2604.905330003937	-2453.48984805708	-151.41548194685674	0.06086528462631451	0.12170404601180496	0.10948939007986479	7.043617071450474E-4
50000	-2604.766752418569	-2453.246548769893	-151.520203648676	0.08918795011735053	0.059781765914649336	0.13477134373839944	9.215698357376504E-4
51000	-2604.827951759195	-2453.199528852389	-151.62842290680612	0.057647791354283225	0.1384805186519123	0.11459425509656347	6.186461865315675E-4
52000	-2604.368172332644	-2454.0997848476063	-150.2683874850379	0.08941033981922075	0.07774504518467763	0.11952775451571991	0.0018406199444841926
53000	-2606.0915204165576	-2452.9753422151966	-153.11617820136104	0.0968105205390176	0.05645100555258698	0.1481742216919053	0.002487355210482961
54000	-2604.3015343292386	-2455.004293239581	-149.2972410896578	0.12916044020550288	0.09042874415117186	0.133379975834765	4.5117412232315105E-4
55000	-2602.647270789126	-2451.444627601608	-151.2026431875181	0.0930188657418679	0.12304862249674473	0.17635087578589811	0.0021648873318827603
56000	-2605.9633559823646	-2451.3487003597097	-154.6146556226549	0.05836169871424622	0.0713335585007327	0.18008450252689112	4.8514252821214084E-4
57000	-2603.295191178694	-2451.7320168951874	-151.56317428350656	0.05869943181211873	0.08961977244726692	0.1571049621841607	5.647688802172453E-4
58000	-2604.2819075377342	-2455.2507266145676	-149.03118092316643	0.1154297703147396	0.1064831589267787	0.1234812053126028	0.0020329381786440854
59000	-2604.3459845843363	-2449.8432690935747	-154.50271549076152	0.05945090182212892	0.1354544511836626	0.2154882763510814	0.0017913732704748701
60000	-2607.933283630316	-2450.2646814933996	-157.66860213691655	0.044591174615235804	0.06151741351683516	0.1897152261643125	0.0017478813334890714
61000	-2605.021274709975	-2453.006154697724	-152.01512001225078	0.15639884748424893	0.07556618923567297	0.17910582525677032	0.002120157126958817
62000	-2601.9999803631367	-2451.0931164254553	-150.90686393768163	0.07984004553299222	0.13945573450870663	0.17753513511085375	0.001248963370546338
63000	-2606.2345518773714	-2449.501489028663	-156.73306284870822	0.04306277775118204	0.1291160486693782	0.22281658185002517	6.212454063025799E-4
64000	-2603.7052207489587	-2454.630964719802	-149.0742560291571	0.09920707870682975	0.09189558724146836	0.12897415572852305	4.4649861768575116E-4
65000	-2606.130144347109	-2449.443693233364	-156.6864511137452	0.05139325872028453	0.16613719824006248	0.21000964725343083	0.0011949781698609772
66000	-2605.0602389283818	-2450.1263411044342	-154.93389782394766	0.05495437679152494	0.11792346140853396	0.1995970925365857	7.430321550995377E-4
67000	-2602.788869515431	-2451.6845006503986	-151.10436886503257	0.0771530415945706	0.16697829419837132	0.15571402362477507	0.001324003188327469
68000	-2606.161047192643	-2452.599814075613	-153.56123311702984	0.08905259468737776	0.05143855575178022	0.17100428823263356	4.780366708830405E-4
69000	-2603.6664316809474	-2450.5914198658825	-153.0750118150649	0.05680980390412337	0.11484004599853714	0.2004760844707218	5.932923843958634E-4
70000	-2603.3191288539388	-2454.192873039442	-149.12625581449694	0.0758094800900183	0.11625180696558444	0.11895877843961554	5.432930673389036E-4
71000	-2609.0082207567075	-2457.2044708291837	-151.80374992752385	0.1922826760485006	0.08307801726362632	0.10684092790811335	4.949433715139547E-4
72000	-2604.43598704097	-2453.1548591771248	-151.28112786384486	0.06525235182379416	0.0893146919597665	0.1103668174175099	0.001508344102133887
73000	-2606.2721463264083	-2450.7948890689217	-155.4772572574866	0.06261686753236771	0.08232979444070021	0.20819761058488956	5.432712949035012E-4
74000	-2603.9986433714494	-2452.0211155578977	-151.9775278135516	0.05678418106564134	0.1330988416243821	0.12646651288964325	0.001854873111043361
75000	-2609.339181130363	-2453.790101121252	-155.5490800091113	0.19400720803165367	0.06200283010649448	0.1761330433541229	0.0017277086004287338
76000	-2603.476353262119	-2450.415852674107	-153.060500588012	0.06889876892016017	0.11998596623100932	0.20160345250507894	9.144899121201393E-4
77000	-2607.2271588765093	-2449.719102078548	-157.50805679796102	0.08378777269603882	0.050636824806157756	0.2533810556598538	0.0010001017214545439
78000	-2603.712326005659	-2450.487147799072	-153.22517820658732	0.09814277488848612	0.0760976246835857	0.21014242363857868	0.001726509800460862
79000	-2602.8196327744595	-2453.2203205472388	-149.59931222722068	0.10336616349766994	0.15255022638076138	0.15838970813880204	7.360104454090878E-4
80000	-2603.7297007349225	-2454.501357480657	-149.2283432542656	0.09746083115557269	0.15219513268947657	0.13294739888579288	4.4969398484805394E-4
81000	-2602.4934901272436	-2450.399876768225	-152.0936133590187	0.08058949457831067	0.14404256203818122	0.20321149377618716	0.0013971911144010111
82000	-2602.805314681433	-2450.296578523918	-152.50873615751524	0.07229286777587988	0.12768224956356236	0.1916051732172318	0.0015927448847857391
83000	-2604.714129904297	-2450.985160551229	-153.72896935306773	0.06664807071963634	0.059279839419666275	0.1817226820378748	6.976861956836675E-4
84000	-2604.1389850200812	-2453.162539705532	-150.97644531454966	0.0954760875042703	0.11363973063144128	0.1399166357380822	0.002049972775552363
85000	-2603.273771419586	-2450.4629283894546	-152.81084303013128	0.05599935755771596	0.11012917849411971	0.16044591305909303	0.001549572491281491
86000	-2609.2333028813346	-2454.4674646278468	-154.765838253488	0.17164709873135536	0.12515282660370317	0.16016167273726584	4.192572116576413E-4
87000	-2603.438769245767	-2453.37031502746	-150.0684542183073	0.1138447384521072	0.10298995259753543	0.16023114729864452	7.052865500062486E-4
88000	-2602.1370839382826	-2451.5048868646254	-150.63219707365704	0.0729864005866199	0.1314572227578954	0.15192281469527194	0.0016814199135374544
89000	-2602.849518991222	-2453.9521381709014	-148.89738082032042	0.12194278393482108	0.12967626766714727	0.14926138894135393	8.604199168065421E-4
90000	-2604.967716924935	-2455.5913624769414	-149.37635444799326	0.07530835806762631	0.13431396670028864	0.11470189107566137	1.0429614386231008E-4
91000	-2606.642091920651	-2454.6140082019538	-152.02808371869753	0.12872210673992154	0.0514672008373956	0.1330330398531894	0.001178685354021452
92000	-2604.3466153991967	-2451.5102724747394	-152.83634292445743	0.07803235154105077	0.06833539972888736	0.165861926131568	9.421403976778692E-4
93000	-2602.0096628387	-2450.7513261642857	-151.2583366744144	0.0805012135896019	0.09226425803171973	0.1810072217051374	0.0016385482171333032
94000	-2602.446757711643	-2453.511469293212	-148.9352884184311	0.09536344393422805	0.12606829973532818	0.13523076848409188	0.0012137513483534285
95000	-2604.4907218672074	-2454.1544694124373	-150.33625245477035	0.1006669375505511	0.0970174659761403	0.1656443376548502	1.0538257298440255E-4
96000	-2604.485390871117	-2451.345787417529	-153.13960345358788	0.049588173692722816	0.07937683660175068	0.12665634448381902	0.001590030441693145
97000	-2605.079789968816	-2452.8753007908663	-152.20448917794943	0.10437271772667622	0.14972527182625608	0.2330381054409814	3.565953644095908E-5
98000	-2604.905118584716	-2450.5149716031574	-154.39014698155873	0.10153150624643288	0.136838654823048	0.2540505500461893	9.354660949639557E-4
99000	-2605.599585078355	-2454.0938056070145	-151.50577947134065	0.10779286455636379	0.07632312053011003	0.16180914019964127	0.0041476668898661
100000	-2602.3058014950116	-2451.726460349389	-150.57934114562266	0.08925980308675746	0.15150253348372447	0.175972068749203	0.0010545885549629109
101000	-2603.9148661475865	-2454.9036079940415	-149.01125815354476	0.11151875937342035	0.08835755976350537	0.12252227989993429	0.0012371714230614297
102000	-2604.8854225935265	-2451.8550136006747	-153.03040899285165	0.05329682795920043	0.08764043964818227	0.12864613502508365	0.0019179052844340422
103000	-2605.0332953473894	-2453.3620876918526	-151.67120765553685	0.09924369273172934	0.05999789298031097	0.15356370710203707	5.323716388032769E-4
104000	-2604.0304901716077	-2450.1535642628382	-153.87692590876924	0.08603327879205089	0.10503604810975482	0.22071964930240204	0.00212993761691929
105000	-2607.7913148290395	-2454.872484891952	-152.91882993708748	0.058416402538716515	0.11136735535591505	0.08363912485665954	0.0010943930658895698
106000	-2604.3997752794216	-2451.832413513742	-152.5673617656798	0.06464843919238632	0.0683338682228954	0.1321806701628833	0.00164998583741073
107000	-2607.0521466391133	-2451.0388632922113	-156.01328334690217	0.046659517894469246	0.13925577015258234	0.13710513096441931	0.0016289236693440583
108000	-2604.391155056229	-2449.9445027344345	-154.44665232179435	0.08396484420205445	0.12456635036865484	0.2565688227878412	0.0010208113983809792
109000	-2603.9328918454185	-2450.993118366812	-152.9397734786066	0.08018920448196915	0.07495039327936193	0.18359729850427078	0.0023859840721510567
110000	-2602.415445661899	-2451.8005155071505	-150.61493015474846	0.11820587523893325	0.09917380391247493	0.18991217598871313	0.0014193246475525756
111000	-2603.309789239067	-2449.6818466336226	-153.6279426054444	0.051798448653282286	0.1304370585893977	0.18917300705410905	0.0011422076512630692
112000	-2602.787551590482	-2453.284715492285	-149.5028360981968	0.10993019214446627	0.09142002830759978	0.15499969690303708	8.462717257766711E-4
113000	-2605.9153619870804	-2456.511741135952	-149.4036208511282	0.14010912455524172	0.1398091005591848	0.11737305903639104	0.0013221423250585793
114000	-2602.870735104524	-2451.1541738166966	-151.71656128782772	0.05678176540747935	0.13798400155284754	0.14193029255054496	0.0010908683011385933
115000	-2603.265982352514	-2452.1741657391467	-151.0918166133674	0.11592512155123239	0.0722694215576233	0.17941988608053808	0.0011342753497255674
116000	-2609.488935053972	-2459.0507455230054	-150.43818953096664	0.11879066326938606	0.14245477250910565	0.09812043525338986	0.0029347381284264055
117000	-2603.151341047483	-2451.8561660680134	-151.2951749794696	0.09701213649237851	0.1541270597471181	0.17762952102483007	0.0027767240690494944
118000	-2604.2416001132547	-2455.647752365634	-148.59384774762074	0.09340299262448379	0.11781932244244477	0.1144873322414191	1.697453790436335E-4
119000	-2606.558523829884	-2452.394974299873	-154.16354953001093	0.057214051568268	0.05452278471535361	0.11118638396785659	0.001383948994858927
120000	-2605.4817398195996	-2455.7569696193077	-149.7247702002919	0.09142017868247436	0.1300456681571595	0.11293319776222682	0.0030278350508274195
121000	-2602.809139903007	-2451.1722815129656	-151.63685839004125	0.10316836462904706	0.09609797160441155	0.19913935463478996	0.0012913597382813932
122000	-2608.6483587338453	-2454.630062381818	-154.01829635202753	0.05327352416946333	0.06650136319868159	0.1077876238150364	2.3036302243715958E-4
123000	-2604.0246813484514	-2453.361930849212	-150.66275049923917	0.0873685907915105	0.07073301310899296	0.15878773938375648	3.585944488072858E-4
124000	-2605.220812591767	-2452.3166741073424	-152.9041384844245	0.05934302889250283	0.0661189601720418	0.13423714001616457	6.100096369779639E-4
125000	-2603.184147213764	-2453.815556669641	-149.3685905441231	0.08775876969767495	0.09692820251351425	0.16428198605067926	1.844452803777479E-4
126000	-2603.8837762687626	-2451.1320433329583	-152.75173293580434	0.05529309839621631	0.1244976195313042	0.13701858885171994	0.001280441124925312
127000	-2604.5677462836175	-2451.829819130723	-152.7379271528944	0.050667004128744315	0.15058976512010724	0.11974731620501769	8.917093607228304E-4
128000	-2603.8984588495364	-2455.802135862464	-148.09632298707203	0.11889742069705807	0.13123347647458153	0.11608962528917739	2.854263880548681E-4
129000	-2605.7049261202237	-2449.3033792894603	-156.40154683076364	0.0349177705797426	0.07854877174881457	0.16273145928231486	8.803842882635185E-4
130000	-2604.160730177413	-2453.645419309716	-150.51531086769674	0.08170933586471975	0.11033379310093608	0.1451807994285922	0.0033927378654648307
131000	-2607.4124332163747	-2453.150048093878	-154.2623851224966	0.07195351689027948	0.05009879226262093	0.1364282715991844	0.0026541706654586877
132000	-2602.737737313627	-2452.8341280393574	-149.9036092742696	0.09348021229410546	0.12467210079041534	0.1439244117489682	0.0019267301393580993
133000	-2602.8747266315304	-2453.1297138377904	-149.7450127937399	0.0866939315878609	0.11254711889932714	0.13236209382126854	0.0018020803730904923
134000	-2604.736088211872	-2451.047259141975	-153.6888290698971	0.07743372365775092	0.05504613917302172	0.16723649879786934	0.0018697297310793664
135000	-2603.1342358160123	-2451.3061344133557	-151.8281014026564	0.12562312283408553	0.08994331838342864	0.2053446783231304	0.001991265421532883
136000	-2604.64701983029	-2453.6582599707062	-150.98875985958375	0.05950011274182096	0.1292286123623469	0.15323439005496242	1.7855610370429587E-4
137000	-2606.0225421276828	-2449.1083410166734	-156.91420111100933	0.0325944681541542	0.11610773475192712	0.1820993627197037	9.257068828711874E-4
138000	-2605.6195499221185	-2452.299836216056	-153.3197137060623	0.06797040867252493	0.06974843484685626	0.13341827383350183	0.0021067568750959818
139000	-2604.023914875495	-2449.612719324151	-154.41119555134387	0.05016983919541115	0.08301204162125234	0.18488939432576806	0.0010621109191286718
140000	-2602.7964247601462	-2452.093092189908	-150.70333257023825	0.11395126445645994	0.08595179981063117	0.17387180220272055	0.0018876824013658036
141000	-2603.3013955229867	-2450.582789431315	-152.71860609167172	0.07795675313609396	0.0690973711300373	0.1821795774371836	0.001751628478435761
142000	-2603.8140104018203	-2453.3214870264164	-150.49252337540406	0.09827272105891958	0.14840475966077796	0.14577561335785497	0.002736617147440156
143000	-2603.7839836727967	-2450.1781968096143	-153.60578686318246	0.05759554612714552	0.08300390199274484	0.16960979306627383	0.001240235894794984
144000	-2604.0971236070914	-2450.441891754588	-153.65523185250325	0.057765485294692276	0.06888432710098509	0.16209158337264948	0.001627311917592275
145000	-2604.191816900721	-2453.7698292121127	-150.42198768860817	0.082719472169344	0.1695118123155912	0.1239732827409673	9.504774147411849E-4
146000	-2605.143525592439	-2455.4184793265376	-149.7250462659013	0.12080033054924945	0.07047391200529286	0.11958395625419685	5.742941878259093E-4
147000	-2603.4645028132577	-2451.4710191033914	-151.9934837098662	0.0805470040436251	0.1857135096970567	0.16676261089431332	0.0013228064639113362
148000	-2604.8450163041134	-2453.1687250712903	-151.676291232823	0.0551287091716929	0.126417778740353	0.10992989004632463	6.407545537418223E-4
149000	-2603.922821677973	-2454.8337403994765	-149.0890812784963	0.0817632010292113	0.10384239079256943	0.11701868344740597	3.830790487236543E-4
150000	-2606.965992687821	-2451.780409063853	-155.18558362396826	0.04238618292037331	0.09166550405586207	0.10151047322652207	0.0011012102508810393
151000	-2605.850380096947	-2455.3574000452263	-150.49298005172062	0.09912061489945038	0.12530120114892082	0.1377422775834702	0.004281647042698162
152000	-2602.8690563255377	-2453.219003481004	-149.65005284453363	0.08971730252107363	0.10771000904629847	0.13628598719035928	0.0022843750909970558
153000	-2602.8117370891005	-2451.414097471108	-151.39763961799216	0.07348979758052673	0.09243005730463452	0.18873546503624844	6.257291173590307E-4
154000	-2603.022351798427	-2451.1991938928186	-151.82315790560844	0.09309774121004842	0.12487963992613003	0.18253286194718793	0.0018134543383410235
155000	-2605.1637937622795	-2453.270893291283	-151.89290047099652	0.11088135444745605	0.060119482798930285	0.1502987463288733	9.573634892111869E-4
156000	-2603.1130098661033	-2450.8122120739463	-152.30079779215714	0.09757892852643936	0.10620094383344045	0.21551183563565843	0.001114935409895752
157000	-2604.6702813438433	-2454.0580556676828	-150.6122256761605	0.07116343800895217	0.07805471434148244	0.10791294874713961	7.83214401846368E-4
158000	-2602.519769642715	-2452.397588329034	-150.122181313681	0.0755687683395638	0.09902558114714248	0.13380617903842124	0.0016113163025682155
159000	-2602.6198869563154	-2451.554981503205	-151.06490545311044	0.08767610703311826	0.08592130453434833	0.16799908053472162	0.0022413389067499983
160000	-2603.6984735367632	-2454.8407076655512	-148.85776587121177	0.0992216364163528	0.13364204759699394	0.14622082285231133	6.528623472906736E-5
161000	-2602.3635380354535	-2450.578251993803	-151.7852860416505	0.06882375000213134	0.09282770279397624	0.1722344657257242	0.0016154315224724233
162000	-2602.816227939241	-2450.7112493230675	-152.1049786161735	0.08643895439202429	0.08294010641058452	0.1926182290807892	0.002157279684898192
163000	-2603.3450000494026	-2453.4257472564536	-149.91925279294915	0.11110796587723842	0.10719585279532381	0.17152337922524655	3.895563320832668E-4
164000	-2604.7792638460114	-2453.842639535229	-150.9366243107827	0.09249679649676575	0.07808885929448835	0.12485714920616167	0.0012452167924787527
165000	-2604.1480329832243	-2452.1563092091737	-151.99172377405054	0.05147137039087472	0.11035032148146509	0.15825508248890122	3.6434605139359585E-4
166000	-2603.3332022957634	-2453.0960673823097	-150.2371349134537	0.07846211915006575	0.07888230987666042	0.145080859798	5.402703924510327E-4
167000	-2605.118028992193	-2449.914970755359	-155.2030582368343	0.07697234269042048	0.08165877087653431	0.23086395188541198	0.002155968885827428
168000	-2606.632526801683	-2454.4780687531415	-152.15445804854153	0.07185961209467576	0.06126239089798347	0.1558679956350422	4.61744573508945E-5
169000	-2602.0859082065376	-2450.7812041807074	-151.30470402583006	0.0753122146320807	0.14029726123056083	0.1769135649557749	0.001636445398938427
170000	-2604.3660591176053	-2454.036964383382	-150.3290947342235	0.11542602592704491	0.0699387453775808	0.14091936760609622	7.856979060379502E-4
171000	-2602.3588000562436	-2452.807049690759	-149.55175036548445	0.10633859091662562	0.09827925002498178	0.15774795311697642	0.0011586604030809431
172000	-2605.3182715460307	-2453.1303574427216	-152.18791410330925	0.05435885852896207	0.08176628767983887	0.10032523090453414	8.805176480076799E-4
173000	-2603.9980830987033	-2453.176557351745	-150.8215257469585	0.061574857223034456	0.08683740341880032	0.12459250995305858	5.248224757604087E-4
174000	-2606.4631630367276	-2451.714990242294	-154.74817279443363	0.055301201449917854	0.1431549996101649	0.15737975758381628	5.353541479172843E-4
175000	-2604.3920028975635	-2452.1483651832414	-152.2436377143222	0.08127090054505236	0.12841746840397578	0.20207854110592258	3.7062339879632706E-4
176000	-2609.366002154943	-2452.4804315920337	-156.88557056290915	0.12874829148121575	0.07690611427702544	0.21077605699756916	0.004344711530650923
177000	-2605.7922032181773	-2452.353269628721	-153.43893358945616	0.04149320269024415	0.10951630875377034	0.10990373385913203	5.008609417458241E-4
178000	-2603.878452540098	-2450.542042680894	-153.33640985920385	0.05135561590768559	0.10042899650508767	0.1616949005673158	0.0017426378335734162
179000	-2602.0085391087605	-2451.2368627841333	-150.77167632462707	0.07937236961640437	0.09904178861962848	0.16509456595354527	0.001538260256430673
180000	-2606.4815582031756	-2453.17599578798	-153.30556241519582	0.12501048447642912	0.20891514170343917	0.16547010635711168	0.002671263116172392
181000	-2604.2355977020816	-2452.7330465649898	-151.50255113709198	0.06810126058656599	0.07193020445933518	0.11923395426007738	0.001242742259163732
182000	-2603.4086158217656	-2452.2220713581746	-151.18654446359108	0.07648001181565056	0.1577236928905358	0.15263347828668025	8.711447792168622E-4
183000	-2602.614182578459	-2451.255175365196	-151.35900721326274	0.09165336169559142	0.08537703343866199	0.17886731838160191	0.002175989355861656
184000	-2603.265301484528	-2452.9211596639107	-150.34414182061764	0.10439765879776458	0.12449058163588941	0.19016334563783258	3.4573479786845603E-4
185000	-2604.3049072818003	-2454.117814540608	-150.18709274119226	0.0968001004258568	0.13044749334654418	0.1350989289150725	6.179917406009857E-4
186000	-2604.109420893404	-2454.0385810630714	-150.07083983033255	0.1333097049519477	0.07288191195092814	0.1607290854754809	3.513117287560269E-4
187000	-2603.9810081681103	-2454.661351081854	-149.31965708625648	0.12118562898719544	0.09008244970807203	0.14065241690942784	3.5806953635226396E-4
188000	-2607.2724825944074	-2452.679261223071	-154.5932213713364	0.1023302893741313	0.17934440869801777	0.20871680517394306	2.707028066796054E-4
189000	-2603.4658816429114	-2454.9781562841954	-148.48772535871618	0.08977094271559749	0.1002827696758556	0.13402617223839408	1.253967296508241E-4
190000	-2603.65419976825	-2451.930051521498	-151.7241482467516	0.1481540272533426	0.11318624234921468	0.20411100874914956	0.001915490160810937
191000	-2603.8998210442687	-2453.8450527027385	-150.05476834153046	0.13312745003049464	0.08913391227859199	0.18586478747233512	6.479687405142535E-5
192000	-2604.188639108241	-2455.4194940186767	-148.76914508956472	0.14852895638112693	0.13640343615993497	0.13189634128386024	2.1391169872308135E-4
193000	-2603.6592394237764	-2453.560538248681	-150.09870117509516	0.08006578565057634	0.09455962408819477	0.16896371509423572	1.8775052074747255E-4
194000	-2603.7923470405253	-2450.7810909411537	-153.01125609937148	0.04988353709943937	0.09775568835041921	0.13939651293865513	9.953625457958437E-4
195000	-2605.0225653929865	-2451.140453956265	-153.8821114367215	0.06205494442058857	0.15714942537801654	0.15317556957826522	0.0018338904962770888
196000	-2604.278355127738	-2452.270744822315	-152.0076103054231	0.05677900778744823	0.1668378085743646	0.13295288582814024	6.532969856984232E-4
197000	-2604.061368610165	-2450.5053870988563	-153.555981511309	0.07094146239117333	0.08011730050282072	0.17648531564139433	0.0016094294454940916
198000	-2603.186892052285	-2453.5090849453554	-149.6778071069297	0.08777702259312972	0.1194846882208599	0.17078356483642945	2.2785847952969286E-4
199000	-2602.819753366001	-2453.136403517876	-149.68334984812492	0.07334224733299491	0.1371169464449367	0.13668991269102193	6.216345490765244E-4
200000	-2602.6353400541134	-2451.121443189435	-151.51389686467857	0.07494500064181352	0.09874663613162243	0.16564597229476766	0.0019612915325907436
201000	-2603.250548546248	-2451.377355877389	-151.87319266885862	0.08050679026314547	0.14505685278908853	0.17160117675538272	0.0011695912166435692
202000	-2601.7667037611845	-2451.883968307251	-149.8827354539334	0.08730636907193996	0.10225873149444223	0.16036205857755004	0.0012772989702965313
203000	-2608.3601139444368	-2453.4579330351567	-154.90218090928005	0.06405799199438732	0.06634553105144583	0.10699290181264623	8.744356128172617E-4
204000	-2602.76272230117	-2451.354149727693	-151.40857257347736	0.09062529398823525	0.12579731624486734	0.18406280866238964	0.0025827214428882344
205000	-2603.73430620843	-2450.9835899188847	-152.75071628954552	0.0632344243234948	0.10818543265437594	0.16144933279878507	0.0019806829911661284
206000	-2609.0263790783265	-2451.2918019368417	-157.73457714148478	0.06943531884256174	0.053750158830121006	0.1906780807624928	0.002645417380330452
207000	-2602.974759324924	-2450.5668295752926	-152.40792974963148	0.05161486123708561	0.11718025938382408	0.16562447159598198	7.638133934690605E-4
208000	-2603.406595999685	-2452.9643274628825	-150.44226853680283	0.11492377761457814	0.11206205778368518	0.20160215917124336	2.535495621215926E-4
209000	-2602.7679709629156	-2450.9126684641406	-151.85530249877522	0.06610454726077784	0.11887880050627672	0.1828026380198047	7.907643262812879E-4
210000	-2603.2499145049946	-2450.7735281661717	-152.4763863388231	0.07604489619105992	0.11311997401545267	0.20946652459460943	7.751205172230994E-4
211000	-2607.128126640837	-2456.0644334038607	-151.06369323697632	0.10890410278338657	0.07618368094158583	0.1064640502051582	0.0012957581737210616
212000	-2603.7785163318777	-2454.2109750998384	-149.56754123203905	0.09817412880578744	0.1088528816519017	0.13131254876046103	6.922908390678003E-4
213000	-2608.082433607048	-2453.295689656131	-154.78674395091738	0.06651066256158802	0.047448720705934616	0.11198963190643652	0.001816608858554992
214000	-2605.7656452750402	-2453.8739624590053	-151.89168281603477	0.07877155499655261	0.18036364029081187	0.11539139755464099	0.0014746946610097614
215000	-2603.480571470137	-2449.7321208871763	-153.7484505829605	0.04896457782707176	0.08973487129002286	0.17459856493383125	0.0012075002183673683
216000	-2602.323769695957	-2452.0447242997157	-150.27904539624137	0.06926086758881769	0.10349037279992762	0.13407769185710725	0.001407316833126697
217000	-2602.46556405941	-2451.4663943069445	-150.9991697524654	0.09135326114221541	0.11547295892853246	0.18205072148042376	0.0026535469476744906
218000	-2605.385311679882	-2453.488328186209	-151.89698349367313	0.16310576888414047	0.07072420300153882	0.1804925573547332	5.278741480951067E-4
219000	-2604.253318465268	-2453.649460947575	-150.6038575176932	0.07392849085396307	0.11125731924990516	0.11254602673971327	0.0014023239407815271
220000	-2606.212521920736	-2452.9927660386998	-153.2197558820362	0.06900397698971207	0.06734545075098522	0.19812476357376838	1.1722465170399023E-4
221000	-2610.280643395869	-2453.648752596273	-156.63189079959596	0.040946211968920065	0.10011665100633244	0.08977122655569701	0.0017991357016424506
222000	-2605.518415765557	-2453.1905471556956	-152.3278686098617	0.16721389312212584	0.11163642884738723	0.18561943528429836	0.0029162310819056785
223000	-2603.87101129076	-2455.8027208185276	-148.06829047223275	0.127867225048708	0.12854789442530815	0.11879256755503931	1.7500984719917583E-4
224000	-2604.975152708902	-2451.6077503139627	-153.3674023949395	0.07711579979621477	0.0936485942871765	0.17663026516528144	0.002776284276161106
225000	-2605.2909335325985	-2456.560776510597	-148.7301570220015	0.1542126209427691	0.10361095287751225	0.11137211667252027	4.976836709342786E-4
226000	-2603.8367781200573	-2451.440409344342	-152.3963687757156	0.0783949412205838	0.06571775531696782	0.18440142393132752	6.935559167003362E-4
227000	-2610.9549603714195	-2455.211842031324	-155.74311834009524	0.12904863553393112	0.09945212961650489	0.1333656576850406	1.9028602272502034E-4
228000	-2604.706557422514	-2451.6253109643403	-153.08124645817378	0.06489268185315608	0.05677325126279643	0.13905241204005375	0.0010314597994056992
229000	-2604.2298648851975	-2452.869887795504	-151.35997708969364	0.09618597857688321	0.11331159470711202	0.2126094052244362	1.4412214389107307E-4
230000	-2602.9940742744816	-2450.5363459482705	-152.45772832621086	0.05441187012673553	0.08838720992881882	0.15137812731791797	0.0013947044070216057
231000	-2602.4801289811016	-2452.401874057058	-150.07825492404334	0.11403710986370133	0.1346630878139337	0.17947281215364522	0.0010391202082510487
232000	-2604.25420501433	-2454.784881014128	-149.46932400020222	0.082979270586289	0.12029629954419298	0.10625634708164951	0.0011905194717288115
233000	-2603.134093536383	-2452.8974224139943	-150.2366711223887	0.06896127517066207	0.11061519863815736	0.11903150646489255	0.0016192043163115327
234000	-2603.464472207503	-2451.4926605079595	-151.97181169954376	0.07834462096450741	0.0709649077257735	0.1698909305167182	8.879070379452584E-4
235000	-2602.503971208432	-2450.4272956357718	-152.0766755726605	0.06457450682860072	0.12527878007061052	0.17422343726461959	0.0015258893306730873
236000	-2603.1559931554516	-2450.2757350752436	-152.88025808020797	0.07377567910832875	0.0932889136616728	0.19684469908193747	0.0012370871833094778
237000	-2609.1335061419113	-2453.7285864747255	-155.40491966718582	0.1177632269307706	0.08266358049450061	0.23397534627601593	0.0057539369806907095
238000	-2607.1599254508674	-2451.642387678362	-155.5175377725055	0.07971887101143368	0.049887368645498205	0.16397885497067585	8.75934694985819E-4
239000	-2608.5032163750975	-2453.5892259636566	-154.91399041144086	0.136403384733208	0.03941830794801136	0.15389945623265244	0.0010331689510678452
240000	-2606.262954452607	-2450.585910045594	-155.6770444070128	0.03531470565353746	0.07521724225523901	0.13756599705721742	5.209160371040621E-4
241000	-2603.3571540609346	-2450.3942189580675	-152.9629351028671	0.07177542830868403	0.12032551143926709	0.21833469591507626	8.174496072483791E-4
242000	-2604.286651184077	-2449.639964333326	-154.646686850751	0.05544284615726829	0.09530973752104009	0.2057876082877547	0.001574148386356053
243000	-2601.8753782509984	-2451.5962238541856	-150.27915439681286	0.08457101325454172	0.10262475992301244	0.16118391790693173	0.001840810917334387
244000	-2603.257892454208	-2453.8017139574013	-149.4561784968069	0.1155822571949328	0.08933108345118966	0.14775825726629208	7.887566683079011E-4
245000	-2614.458990692643	-2450.633290300039	-163.8257003926042	0.055048143922153674	0.021370049608432553	0.15597315061974576	7.70449317686482E-4
246000	-2607.297066405043	-2452.048284941192	-155.24878146385132	0.1076651990550316	0.07642979876864424	0.19982108149628486	0.0036541019131341723
247000	-2604.07102567133	-2453.6908773926693	-150.38014827866084	0.07517155245401978	0.1569909013808369	0.12144680088928433	7.722392255873277E-4
248000	-2603.9406430983304	-2450.1484894450377	-153.7921536532927	0.053066911629707725	0.15125800307188403	0.16795135860090482	0.0013298481544045098
249000	-2603.208108759386	-2453.149716953829	-150.05839180555716	0.07899432063293355	0.10050475144905952	0.12434125549945452	0.001466845124965253
250000	-2602.2549105021612	-2450.7293361407064	-151.52557436145483	0.07423435752169334	0.10461676917473642	0.17855008896420693	0.0012846511216508985
251000	-2604.348801529547	-2452.592176993879	-151.75662453566792	0.05586958742908397	0.08520839015149412	0.13715660188842216	4.558333061860071E-4
252000	-2602.9564974616987	-2451.0901451343307	-151.86635232736813	0.06785432321900772	0.1242864729944125	0.19330673114155741	6.499525036563781E-4
253000	-2602.103604436113	-2450.8197284534267	-151.2838759826864	0.07166585542890619	0.13665548741041061	0.17098924540160557	0.001462161805356456
254000	-2604.063421847322	-2451.869324805741	-152.19409704158093	0.1347395920126651	0.08951826708293258	0.20038139728754942	0.0029916257971704693
255000	-2602.2881199774906	-2452.1986660058656	-150.08945397162518	0.07452324441261142	0.09959983216908244	0.15550964785209745	7.205463927486028E-4
256000	-2602.5232515075545	-2452.000212242843	-150.52303926471149	0.09524578087212468	0.08590783463851889	0.16228488114613748	0.0021766469660725414
257000	-2603.121544039217	-2450.672727082967	-152.4488169562503	0.05424690015411701	0.08617366058568666	0.16019616788694377	8.269012516992583E-4
258000	-2604.467505507453	-2453.098822085354	-151.3686834220987	0.1331146720434631	0.15946737090297158	0.1699294483780984	0.0014673049429313977
259000	-2604.0868285653105	-2452.9880534762224	-151.09877508908806	0.07544619828106747	0.08198654056076683	0.12323083795891651	0.0016928359786293268
260000	-2603.8632571931857	-2454.6890688219537	-149.17418837123208	0.07863393871278901	0.11745274501902461	0.11690609927275117	4.129878729344168E-4
261000	-2610.2989139649194	-2455.2980891386696	-155.0008248262497	0.08587086616877332	0.03655610460718426	0.09864624043178219	8.216440340708258E-4
262000	-2604.358460030287	-2450.4038421055993	-153.9546179246878	0.0608950668594646	0.07343729225581906	0.16507026869466487	0.0014908889578104274
263000	-2606.0527227581733	-2453.2685969250047	-152.7841258331688	0.062430247422247974	0.07654739733300481	0.10518861087971756	0.0011770764806068451
264000	-2603.9104318742034	-2453.804720941211	-150.10571093299237	0.08894152073055896	0.10194558607036992	0.1451101609720791	4.117510751210138E-4
265000	-2606.4990540714584	-2451.1369897921463	-155.3620642793121	0.06333645758759018	0.04354548585983929	0.1475992846451664	0.0010302321020196196
266000	-2606.1543484862973	-2449.524923520725	-156.6294249655719	0.03202091761358024	0.08917313135778399	0.15334251642913943	0.0010396111317613303
267000	-2601.9203115608843	-2452.58739350146	-149.332918059424	0.08942091641004248	0.11259818542549116	0.1460192402509975	0.0013326017944628404
268000	-2602.6781502722665	-2451.5047844134956	-151.17336585877078	0.06297094113845925	0.14518795969063328	0.14078710490488056	0.0012338897122532474
269000	-2605.4029966394064	-2452.3710099072205	-153.03198673218577	0.054383741205836326	0.06505430196308323	0.11150834018554094	8.977978623065595E-4
270000	-2602.4375709960427	-2452.9457366059305	-149.4918343901123	0.07946749626820131	0.12103360180628166	0.12941502233977956	0.0013525285521630158
271000	-2602.1347197642276	-2450.4857085258554	-151.64901123837197	0.06894606174038131	0.09447946073742718	0.17600672828031683	0.0014391130477156052
272000	-2604.6873049416085	-2453.315831949858	-151.37147299175055	0.11289290380513664	0.08181426594183161	0.2015576820575579	1.0118513222967304E-4
273000	-2602.655780598906	-2452.407531730347	-150.24824886855907	0.08092413993841109	0.15306216390142974	0.14263188047828748	0.001326979820503861
274000	-2607.4993429622946	-2454.123050037825	-153.37629292446948	0.11998100868668672	0.06700264069761659	0.15414708905097885	3.29409489222489E-4
275000	-2606.515026466073	-2449.5466794335216	-156.96834703255138	0.09756211845719757	0.06117121189831839	0.2671033827482015	0.0015550909753153095
276000	-2605.1224567997874	-2452.7339999150167	-152.38845688477068	0.059155138875276965	0.10127484940651765	0.12962343039941734	5.629344862973398E-4
277000	-2603.768313622877	-2450.861322418586	-152.906991204291	0.06983491931534601	0.07851690000102438	0.18201256077771236	0.0023085424643115708
278000	-2602.0470655319905	-2451.491262132521	-150.55580339946943	0.09299952230393058	0.12800487125721294	0.17486647944800066	0.0021180553528053533
279000	-2605.109906463158	-2452.759913497882	-152.3499929652761	0.099526651436014	0.05196736210605432	0.15148780080194293	9.910564930040865E-4
280000	-2606.2459093927755	-2452.846658622948	-153.39925076982763	0.08898958249923697	0.06908530235230749	0.13975477010793894	0.0011374912259586158
281000	-2607.7145271388567	-2455.973390226357	-151.74113691249977	0.06848313163501356	0.061804608217441895	0.10385988202557106	7.880106657205452E-5
282000	-2603.7120037448067	-2454.986072308514	-148.72593143629254	0.14605500247922368	0.1277069805250046	0.1449487526829718	1.0349274958950329E-4
283000	-2604.635615831105	-2454.333622239349	-150.30199359175583	0.13591855633370437	0.15058754365623608	0.1498672155624527	0.002504916448877988
284000	-2603.5455117359484	-2450.7594482244663	-152.7860635114821	0.06753434853037836	0.07464837020368202	0.1719561775653561	0.0020219427395863705
285000	-2602.917036743545	-2451.7079568508716	-151.20907989267326	0.10198521578385793	0.07642115108367614	0.17305098352590487	0.0018246250164831441
286000	-2602.3056930079947	-2451.1408670823544	-151.16482592564012	0.062124040129407275	0.10927341232161461	0.1460645489602128	0.00141471475395786
287000	-2603.9047545237822	-2452.0893393352103	-151.815415188572	0.11186434122875838	0.12193478167938082	0.1791810714320806	0.002759764597648521
288000	-2605.715757138932	-2453.609801432806	-152.10595570612603	0.09910972001868132	0.09712632921702766	0.1892580092765955	0.0046604247881613554
289000	-2603.9429143474044	-2452.7079443850603	-151.23496996234402	0.09740131973265469	0.11810822105268898	0.17906170394877324	5.131258355612598E-4
290000	-2603.455637736456	-2451.3947851814123	-152.06085255504365	0.07650846824585873	0.06815147933450783	0.17219667660489835	8.511809525015752E-4
291000	-2602.3574223426626	-2450.922732539089	-151.43468980357358	0.0688435084418898	0.11159777920619827	0.1834526235833532	8.358972064995091E-4
292000	-2605.8928793379037	-2453.095889464649	-152.79698987325426	0.06753439968177183	0.0611818279850922	0.11368335465242062	0.001672775595278709
293000	-2604.014853270827	-2451.560954733414	-152.45389853741327	0.13180992997504426	0.07225811587009122	0.20484749198802174	0.0014207396472851529
294000	-2603.4221191746065	-2450.0330264408185	-153.38909273378786	0.06010866755267793	0.11807975079273998	0.18916755105677407	0.0016533390219193608
295000	-2604.7171657938493	-2452.98412526793	-151.73304052591953	0.11668917011967887	0.1451913215699671	0.16583262203692745	0.0030377292623919422
296000	-2602.277405673532	-2450.4567082543285	-151.82069741920344	0.06771786441866748	0.11215702079837488	0.19103929655550536	9.871500817943823E-4
297000	-2604.0043921013057	-2455.4923859163646	-148.51200618494127	0.11116857791603278	0.10853330142099452	0.11526059363348018	8.594807278892242E-4
298000	-2606.4032480650403	-2452.4319136766894	-153.97133438835112	0.05012364710675173	0.08940156315626988	0.13366197417146733	0.0022694797748864077
299000	-2604.5424546290733	-2452.3853572761395	-152.1570973529336	0.10163283048781034	0.05693646183930345	0.16991464996660133	7.938834995898157E-4
300000	-2605.624957735779	-2449.2645823408943	-156.36037539488478	0.036266189324847244	0.12321959429122017	0.19197627198274267	6.897740410086784E-4
301000	-2602.681442072404	-2452.120616006097	-150.56082606630702	0.10495940148339115	0.09745767905339797	0.18098244803868085	9.290717907448164E-4
302000	-2602.2884765972176	-2451.25151416087	-151.03696243634758	0.07145401357740142	0.10739145196798398	0.16666085861014027	9.812985999213357E-4
303000	-2606.129499204182	-2450.7092449650736	-155.4202542391084	0.06363558812514929	0.06430913857255735	0.19330376876504896	6.615989620863995E-4
304000	-2603.272328719772	-2451.189434124835	-152.08289459493702	0.0597867998920424	0.15091461837642162	0.1437918366154148	0.0012687617592172982
305000	-2602.878070178868	-2451.3366749634665	-151.5413952154011	0.08513429755305608	0.09376559801025974	0.1812030065916428	0.00260698589943035
306000	-2602.5230101633006	-2452.599909752725	-149.9231004105753	0.10141234919941369	0.11354251813304948	0.15650443292198118	0.0013689947269613012
307000	-2603.383294477656	-2452.6681622743517	-150.71513220330425	0.0816720340712242	0.11195010142327542	0.18737805147944733	3.1329528674751267E-4
308000	-2603.087943392857	-2452.626268606204	-150.461674786653	0.1013458689819308	0.07686017678202108	0.16030258626238209	9.590617011236309E-4
309000	-2605.6809668240626	-2452.4037775155393	-153.27718930852313	0.07994841406702098	0.09122178778509916	0.14351075594332222	0.002291239794508874
310000	-2602.4614537273146	-2451.6108775623416	-150.85057616497312	0.07900439758651244	0.0803813059352484	0.16499962813553198	9.568566430518032E-4
311000	-2602.514322271493	-2451.946275595514	-150.56804667597854	0.09860095880498657	0.09180508552193427	0.16703530981285347	0.002248695437154118
312000	-2603.627680322542	-2450.502451444845	-153.12522887769663	0.04889025994855869	0.08589576576496252	0.14224271065249308	0.0011577561120205639
313000	-2605.962869035739	-2449.759841728296	-156.20302730744282	0.0436606790022178	0.06450918130706759	0.172879585176554	0.0014056717829975726
314000	-2606.831447448089	-2454.172825795874	-152.6586216522151	0.13519838810944737	0.09016958033285206	0.14657647684644243	0.0014196198351209206
315000	-2603.9655980137027	-2450.268954010738	-153.69664400296443	0.057139843284086944	0.09334631191864616	0.17215541546222057	0.0010257234512108784
316000	-2602.2348372277233	-2450.9027282363745	-151.33210899134878	0.06695112906845671	0.1435952821377534	0.16421418554143902	0.0012466450749403165
317000	-2601.999468647965	-2451.1990216971694	-150.80044695079567	0.08703330381211467	0.13620933179787856	0.18624578960042512	0.0011654366049488262
318000	-2602.8652953156266	-2450.7900729760245	-152.07522233960208	0.1122344813943827	0.09336573899688509	0.2154351472678421	0.0016678948533498303
319000	-2602.3401336791335	-2451.1874315395344	-151.15270213959909	0.0671018422449171	0.1477162116180748	0.15580649254067672	0.0012410090561005473
320000	-2604.745536792397	-2450.899169814681	-153.84636697771626	0.04946846055214198	0.15661325196051734	0.15743354476598004	0.0018430580209531158
321000	-2603.996279335379	-2454.793315714567	-149.20296362081194	0.14489140133140135	0.11005453528047567	0.14166073871853505	0.0011061644328221845
322000	-2606.0101073977676	-2453.15922299465	-152.8508844031175	0.053526092352847957	0.10022597575427325	0.19251334387698035	8.307536309374886E-5
323000	-2603.1215223616723	-2453.15439735659	-149.9671250050822	0.13681850972094456	0.09886517156048152	0.16721329474966443	0.001545804011284874
324000	-2605.896535930691	-2452.0707328404646	-153.82580309022612	0.1148642828048271	0.07499898285098734	0.2475641158711949	2.1931315264774647E-4
325000	-2603.0578993177633	-2452.2619060431807	-150.79599327458243	0.06853588946019808	0.1264847729143291	0.1388908357153604	8.851231433187975E-4
326000	-2603.582074401524	-2449.9897603463814	-153.59231405514254	0.08299062806343549	0.12361806573392421	0.23889421970669542	0.0011644571440222338
327000	-2605.071497430639	-2453.113322667362	-151.95817476327701	0.06198999126712325	0.1359486863608831	0.11886340433145728	0.0022314387030083226
328000	-2602.7864743480322	-2451.8294293587596	-150.95704498927265	0.07614455038593898	0.11346777736095698	0.1565119141405306	0.002390649004957787
329000	-2603.9567677786595	-2451.5797112420837	-152.37705653657576	0.08135690994091697	0.06249513962077019	0.1668478103939307	9.508670358056644E-4
330000	-2606.9221433174243	-2449.6975088513746	-157.22463446604962	0.028733448266878753	0.08685677983699332	0.13457435631136697	9.734705021198655E-4
331000	-2602.274382122257	-2451.2550466418274	-151.0193354804297	0.06675513602404987	0.11060884320433657	0.16959612518515527	7.956219573288575E-4
332000	-2604.7114019338474	-2450.6530240886314	-154.0583778452162	0.04423578377943796	0.08627539411428138	0.13598428944809174	8.241469790301743E-4
333000	-2605.0874739724436	-2452.438303306534	-152.64917066590937	0.1747844452266536	0.12360386673347737	0.20493120499882478	0.002011637439525344
334000	-2605.0062611124595	-2449.8461764696845	-155.160084642775	0.03769628611233419	0.09583041823979782	0.1576050701707249	0.001259568527628795
335000	-2603.6459618031754	-2450.1889565628176	-153.45700524035783	0.07458968200229865	0.08135598762020958	0.2209252329911907	9.100415839623701E-4
336000	-2602.8997112503166	-2452.3884227826084	-150.51128846770848	0.06758980568505109	0.13389098170100636	0.14794512221764808	6.338743002895975E-4
337000	-2604.7289132783753	-2452.296557266012	-152.43235601236353	0.06954985104859503	0.08048720196976814	0.13913938852580937	8.247545528937753E-4
338000	-2603.0632508220406	-2451.8366983543256	-151.22655246771478	0.0816844470920836	0.11216972144648872	0.16163709859730446	0.002479166027313876
339000	-2604.5698068179163	-2455.4569815388363	-149.11282527908014	0.10269233957345861	0.13770250491675326	0.11291055590008726	0.0016427412627122078
340000	-2604.0060604933283	-2451.351575633511	-152.6544848598175	0.08021968194320539	0.07376493595958564	0.16514305241581806	0.0021161339777655682
341000	-2602.1883585253536	-2450.452069446995	-151.73628907835834	0.0827371377488859	0.09435884483851538	0.1981775737437039	0.0014327508907109677
342000	-2607.6351516164987	-2449.1122463293686	-158.52290528713021	0.060281642721026	0.07380251061578456	0.2567700106194993	0.001381687808532666
343000	-2606.759489197432	-2453.501108233738	-153.2583809636941	0.06144321607911965	0.19582863543202145	0.10395450803287942	0.0011073471079976799
344000	-2602.653937513134	-2451.9025418438196	-150.7513956693145	0.11942703250786355	0.10318889327489994	0.19474967569366486	0.0011188786644367797
345000	-2603.4659101050756	-2453.7913970235577	-149.67451308151809	0.1314878806307598	0.11823160494295674	0.15341763383952353	0.0021289853705439648
346000	-2607.338206453147	-2451.868658176624	-155.46954827652263	0.04173407713630482	0.19144618437256264	0.15826661690942928	3.188312693978134E-4
347000	-2607.8159951790776	-2454.3349340296268	-153.481061149451	0.05727318209541866	0.06947904434896708	0.09284954328026686	0.001879780780596108
348000	-2605.2154995053156	-2453.265481813507	-151.95001769180843	0.17303508599711612	0.08237524969309105	0.19563168251329108	4.1315659590930386E-4
349000	-2604.5323520131637	-2453.1608254190733	-151.37152659409028	0.06784040337959056	0.06835626457034458	0.11696402745316198	8.548907811892891E-4
350000	-2607.1570073360745	-2449.531330908756	-157.6256764273183	0.03423086832360082	0.0939876897655592	0.15571850030048248	7.269115799763492E-4
351000	-2603.224603898778	-2454.6374933478187	-148.58711055095918	0.09736903912931344	0.09445361656167857	0.13426553522705148	2.99001147866063E-4
352000	-2602.85596074764	-2451.3225214899358	-151.53343925770437	0.099525133902589	0.08786335753855941	0.1828498876614921	0.0020621781328022423
353000	-2602.826312897526	-2452.2577705958192	-150.56854230170686	0.08873541623070057	0.15643694087989024	0.1519429613258232	0.0017607244911817272
354000	-2604.1135640893235	-2453.9530805667473	-150.16048352257644	0.12839193764675805	0.08381118928277735	0.14926730271265085	9.056164690299121E-4
355000	-2605.217015931068	-2450.8522207759634	-154.3647951551048	0.04682241043899378	0.06744572325203066	0.12756136986986516	0.001062679957661455
356000	-2603.787854766304	-2450.0840069885394	-153.70384777776476	0.04871875373142746	0.13425077674427557	0.18581128780138567	7.232226510325165E-4
357000	-2604.3161096866256	-2452.060554938421	-152.25555474820493	0.052544640302258354	0.11912263705879338	0.12432274861724509	0.001910707102557633
358000	-2604.6791780323188	-2452.773950486953	-151.90522754536585	0.05304746477232506	0.09895733237943825	0.10155304793516445	0.0012338944908512886
359000	-2602.201693854925	-2450.4792457680846	-151.72244808684013	0.07978380301143355	0.12510481123683415	0.19487480675561575	0.0014974336151110936
360000	-2604.332687366656	-2449.858610983447	-154.474076383209	0.05201320478278621	0.13290772801270517	0.18071464553900102	0.0010908512129118983
361000	-2602.491836431998	-2450.872712476932	-151.61912395506582	0.0761219040099038	0.13993755281846482	0.18028963324612016	0.0021026574952328464
362000	-2602.8391530915505	-2451.135897413325	-151.7032556782255	0.059157914553707586	0.08887884109074154	0.1408142517822184	0.0013333911927046263
363000	-2603.4389532567398	-2452.574763116324	-150.8641901404156	0.10075035308684775	0.09738990865739784	0.162360520538182	9.850645494083937E-4
364000	-2604.6095440241215	-2451.0073067640315	-153.6022372600902	0.04620872811490565	0.09590135803245121	0.13088696919882392	0.0015178837335956376
365000	-2604.8686903491894	-2453.651013488199	-151.21767686099034	0.1128636084116421	0.12850376294475313	0.1586442810806374	5.556743483630211E-4
366000	-2608.6328697425656	-2452.4688818069	-156.1639879356658	0.08457472238361737	0.039767114438133654	0.19272790810741944	2.8497045974020386E-4
367000	-2602.847745495907	-2450.14245984905	-152.70528564685722	0.06825720369797322	0.12300682780505154	0.20584166465689052	0.0010427682860042193
368000	-2609.938043126076	-2453.8896724312463	-156.04837069483	0.06435678416899515	0.042545773092482114	0.1325191249873216	0.002846021794497912
369000	-2604.803363006889	-2453.8932107813507	-150.91015222553807	0.08870958107929187	0.08760955885372466	0.12178304567383315	0.0012070421060844663
370000	-2604.3927597997085	-2453.458145229925	-150.93461456978378	0.14484967532624882	0.11382088123895474	0.17163458095970519	8.700885936262466E-4
371000	-2602.8631442079486	-2452.25815520558	-150.60498900236857	0.07011927392786514	0.09131002560972196	0.13038771971045343	0.0016085353277078556
372000	-2605.5605275621583	-2454.547296402175	-151.013231159983	0.11983498717171898	0.11844992481437827	0.1465134765040329	2.960693362283386E-4
373000	-2604.6957770471827	-2455.045002892715	-149.65077415446788	0.0771773248945578	0.08791457009771605	0.14381293904232892	9.88945834337355E-6
374000	-2603.342159186107	-2454.8531104888207	-148.4890486972863	0.10167900244548145	0.1198766194966938	0.15225998059238519	5.587039960016434E-7
375000	-2605.9371321715103	-2456.7269150384395	-149.2102171330709	0.11300546449613938	0.08371801306594304	0.0946557294748741	1.881965343541554E-4
376000	-2606.1611542113747	-2450.868870899612	-155.29228331176287	0.07270609207584144	0.12792008515136058	0.17440572431600623	0.0020004526696532814
377000	-2603.659634017701	-2450.116818564929	-153.54281545277195	0.09280328248545297	0.08562924419074879	0.22482540454542202	0.002040150026788746
378000	-2602.316451062412	-2451.0643849699927	-151.25206609241926	0.06116918560393541	0.10441980146598294	0.14772649876514699	0.001233349050982632
379000	-2603.913156384536	-2451.005799931482	-152.9073564530535	0.09332444075999509	0.06272345782994916	0.18441530605809445	0.0018664093233552435
380000	-2606.0405147792817	-2452.16896666402	-153.87154811526162	0.07483099496408785	0.07877015320201754	0.1398903108176441	0.0020194712569600536
381000	-2602.7432947457874	-2453.908595479754	-148.83469926603334	0.1090026619022208	0.11020804789455373	0.13789170211330906	0.0011807383910659803
382000	-2602.6829838407252	-2453.739793171047	-148.943190669678	0.11246356964244995	0.1097650224914588	0.14188003564563073	0.0014354196223628907
383000	-2603.2349154943136	-2454.363632402221	-148.87128309209248	0.10151271661921323	0.12273277903746314	0.12550545637984858	0.00125578517730552
384000	-2607.5696067968815	-2453.3726626912003	-154.19694410568107	0.15289503245265054	0.086494321303564	0.17413906585523342	9.378138516363578E-4
385000	-2603.1917309407613	-2452.4087196638566	-150.7830112769046	0.13815458149455548	0.11533473203005949	0.18485193521587853	0.002183098144883387
386000	-2603.9027637271133	-2450.299499081198	-153.6032646459154	0.046075372692052516	0.08423420612057823	0.15714316641933795	7.716944528789457E-4
387000	-2602.5702684029907	-2452.5271753727466	-150.0430930302441	0.0943753667590198	0.0969591961385017	0.1821078907578127	5.048316265612529E-4
388000	-2604.8246941737493	-2450.933849599533	-153.89084457421626	0.051902670299724125	0.07332323491959088	0.151660575197807	0.001858152523492007
389000	-2604.0014450296057	-2455.3378232989726	-148.6636217306332	0.10759261698385747	0.10810038797297593	0.11548006838799815	0.001320553402150784
390000	-2604.275950566956	-2450.7276658236174	-153.5482847433388	0.05294325180461353	0.07223152221009102	0.1680725556500551	6.656201637684588E-4
391000	-2604.224910772489	-2451.904394863248	-152.32051590924098	0.04867890047129499	0.11634051722156559	0.1116656145260858	0.0014161227227377476
392000	-2604.219406522295	-2449.817436188988	-154.40197033330708	0.04652048324547586	0.1232077978237512	0.16977472482365621	0.0012513863774964206
393000	-2604.5725392553572	-2453.401664735312	-151.1708745200452	0.0837089525075153	0.060712289476367275	0.13102222932971613	7.566605924465074E-4
394000	-2605.5694735479624	-2453.5592718844528	-152.01020166350983	0.16620032319751066	0.10620529636744987	0.19052237107901426	2.684920491978143E-4
395000	-2602.7373274547467	-2450.325935838429	-152.41139161631776	0.05522943083077388	0.13293063146822687	0.17198523437316787	9.603622441182233E-4
396000	-2602.0130758473074	-2452.665942934585	-149.34713291272226	0.09639577706130598	0.11362973415525651	0.14997496634393495	0.0014419341269234012
397000	-2606.9941225803705	-2449.9206011601264	-157.07352142024405	0.030025413778935264	0.09541260686385786	0.12176155343695491	8.935714747757057E-4
398000	-2602.443844912096	-2451.4227119187167	-151.0211329933793	0.0791545380829847	0.09374139261233401	0.1661072844020531	0.0011251724045055686
399000	-2603.1986108708847	-2450.5432245985303	-152.6553862723543	0.0549765888674584	0.07862445576605853	0.15185708956106286	0.0011572563640402146
400000	-2603.719843821892	-2451.4580785807143	-152.26176524117764	0.0726987731148749	0.16280948361783304	0.1542641236832591	0.001735832780987916
401000	-2606.9246452824714	-2451.9796935546765	-154.94495172779506	0.04044671750140404	0.09189178303499698	0.16227217443750663	2.6461828104596893E-4
402000	-2604.002099056434	-2452.3929056715347	-151.6091933848993	0.06902410800814889	0.15300224126445605	0.1669990666273806	4.5763628595076874E-4
403000	-2602.315560145735	-2451.48567649254	-150.82988365319525	0.09820277014524921	0.10958879651459581	0.19446766889273784	9.921841930619114E-4
404000	-2602.230209107994	-2450.633553368814	-151.59665573918008	0.07987628048389683	0.12171562637608754	0.18984343949998797	0.0020044081789670626
405000	-2607.0791081851266	-2449.0682529383316	-158.01085524679513	0.02825246949357946	0.11959941391005975	0.17456744840587163	8.589033894456781E-4
406000	-2607.9782433388064	-2454.2910322810435	-153.68721105776277	0.062038601403328675	0.05886502061515118	0.11379575344031037	0.0026722815899190397
407000	-2603.49071669725	-2450.7379723561435	-152.75274434110617	0.09599134701944485	0.09867218487087744	0.21645673666258822	0.0027774186698148965
408000	-2602.396046560901	-2451.3592906317567	-151.03675592914433	0.09165781531226733	0.12082408137116492	0.19351087833031946	9.707419179195627E-4
409000	-2603.035552847928	-2450.830103164567	-152.205449683361	0.09281551154405542	0.0908508096459509	0.21949550204470933	8.959622086071487E-4
410000	-2603.9922011471754	-2450.8637392964647	-153.12846185071064	0.09498503092526886	0.1249004619310751	0.2378204063417641	7.576865912585945E-4
411000	-2603.250537925368	-2454.7502671621214	-148.5002707632464	0.10263585994358891	0.14329291295041036	0.13315088739522427	3.501117645101243E-4
412000	-2602.012449197315	-2451.10332504898	-150.90912414833517	0.08892759176091868	0.1355591971040117	0.18364991574572836	0.0015274764607314923
413000	-2602.8972345832562	-2453.5393723345696	-149.35786224868673	0.08110371807380717	0.09694052545777453	0.14891022181920852	3.771721725017542E-4
414000	-2604.7056802558677	-2450.3759269936486	-154.329753262219	0.07710231254739437	0.08887156128121923	0.1909432562163152	0.0016787528946692921
415000	-2603.762899455154	-2450.6066328955144	-153.15626655963968	0.08332053961071484	0.07566450677570177	0.19024863631985073	0.0019791898782075177
416000	-2608.721579342529	-2457.3720611934787	-151.34951814905017	0.06680073905453295	0.15409713075369494	0.07094015644335551	1.478479938575395E-4
417000	-2603.388997797999	-2450.126973812032	-153.26202398596692	0.08336740071302573	0.13789942230587507	0.22067235286638745	0.0014385092271501413
418000	-2605.7524546627847	-2451.6568671276355	-154.0955875351494	0.047738020970555184	0.10703734802813694	0.11360911765463233	0.0013190081453581337
419000	-2602.0531235715202	-2451.589505785549	-150.46361778597097	0.08320650363495372	0.11585760911591346	0.16043180163565646	0.0017139912059725008
420000	-2603.506295029605	-2451.6700280271257	-151.83626700247933	0.07878773422324865	0.179080684860822	0.1580635633085205	0.0020187801588688967
421000	-2602.7677989098142	-2451.643666450961	-151.12413245885324	0.0624173506854796	0.08995518692230481	0.13330343592775953	0.0013654592653183628
422000	-2604.094821218993	-2454.3000554683867	-149.79476575060613	0.08007784812725953	0.10419337456587908	0.11248208174216362	0.002073543023337793
423000	-2606.0920143499093	-2452.1474951334085	-153.94451921650065	0.10850554181827013	0.14244235608344769	0.21781999671657076	0.00427339756289309
424000	-2603.681450261695	-2452.9254769015747	-150.7559733601203	0.061269377615802964	0.12397091799397768	0.11702071094726887	8.059707630262104E-4
425000	-2604.171445824761	-2453.6817831614544	-150.4896626633066	0.06893763139423359	0.09672098984696073	0.10802433472677955	0.0010699032030805889
426000	-2603.404934705179	-2451.9168765528566	-151.4880581523224	0.07917160002485407	0.09651294604720029	0.16398075181841826	0.0026977029324996293
427000	-2603.213912320167	-2450.7054775858073	-152.50843473435964	0.09502176989843876	0.0715078563181886	0.1970966980816909	0.0018325231110604987
428000	-2605.208068198724	-2452.0425032177604	-153.16556498096367	0.05050202232198735	0.0740240397705178	0.14871288124827836	4.150791229921596E-4
429000	-2602.994558565407	-2451.9565233064027	-151.03803525900398	0.09560079779431827	0.08467943896712571	0.16429236015777507	0.0013755996165698754
430000	-2604.002732830006	-2450.913797343982	-153.08893548602413	0.044774684275527436	0.11257963526437424	0.12856598551898582	0.0013926478011175726
431000	-2604.7687839031237	-2451.5250502936806	-153.24373360944313	0.153938877090153	0.14027518477176204	0.2214657333301076	0.0024401565744365133
432000	-2603.3468087055853	-2452.155195664405	-151.19161304118063	0.08214319507293026	0.1061690730690698	0.14843495138168897	0.0012591534277268653
433000	-2602.856919931976	-2450.6623448235564	-152.19457510841937	0.08103641483867188	0.16194659286926574	0.19475754952334007	0.0013371321386314407
434000	-2601.7707983378737	-2451.0608382553255	-150.70996008254812	0.08310879940006288	0.10211178846630974	0.17829909428267587	0.0013355907487850333
435000	-2603.2878750465843	-2450.1468635549995	-153.1410114915846	0.05431030093878012	0.08903033966730385	0.16536094094488743	0.0012341898968998197
436000	-2602.4022556106197	-2451.5897883481866	-150.81246726243324	0.10605530870006889	0.09556250286136708	0.18113226824911854	0.0019080342413247695
437000	-2605.0288328753613	-2455.838481866559	-149.19035100880214	0.1376242273504439	0.09985765211377376	0.11962247826228777	5.204259127501681E-4
438000	-2604.7981140928327	-2452.081277097949	-152.71683699488344	0.06848767579430379	0.174443892296491	0.1469847942169159	0.0023572163664003546
439000	-2602.9843450782896	-2450.5411425101615	-152.443202568128	0.049679347644887885	0.1272564140598206	0.14494484933092397	0.001219282831715202
440000	-2608.146689075279	-2449.288218569324	-158.8584705059553	0.04332519314074247	0.16632427886342233	0.2194639289275189	7.761570369139006E-4
441000	-2605.1864617411165	-2452.142079128048	-153.04438261306842	0.04495220138071623	0.1546166765066461	0.11252601864813316	6.437424876648689E-4
442000	-2602.7410841878736	-2451.1999642521905	-151.54111993568296	0.10989590378984093	0.128967205978724	0.19897321733436044	0.0021498404493174483
443000	-2604.945224757798	-2451.8184825869293	-153.12674217086854	0.10846838056668512	0.09639264693814467	0.2505563658832164	2.915171666105748E-4
444000	-2603.3368418500304	-2450.5247734635773	-152.8120683864532	0.06691779715604405	0.15140348892315902	0.19001260118623806	9.767278776282977E-4
445000	-2603.091695284379	-2452.420031590594	-150.671663693785	0.08231550363519166	0.15359862070131625	0.14302179598230583	0.0019317061358138264
446000	-2603.2428017364673	-2452.122946337207	-151.11985539926027	0.05893331884308295	0.1263025163230539	0.12333975479982195	0.0010364773970722968
447000	-2603.2857402753207	-2450.8435063735606	-152.44223390176035	0.06168334656826141	0.10093199109271905	0.19247423399375183	6.300738866572609E-4
448000	-2605.4760111880955	-2450.8250468525944	-154.6509643355013	0.07242981163710009	0.05809054328599047	0.1721781584820513	0.0019898999843313003
449000	-2604.6588229719137	-2452.105648287259	-152.5531746846544	0.06316574421988465	0.1841679639882311	0.12810340874599868	0.0015712207775845422
450000	-2604.0672393797804	-2453.75301959688	-150.3142197829003	0.07802286465877807	0.15381476308636452	0.15825312428127253	2.1974514746377297E-4
451000	-2602.794348173644	-2452.072143077223	-150.72220509642125	0.07961166005814485	0.09354667557244904	0.14546915863663357	0.0019196232652333436
452000	-2605.537192921072	-2452.156165597837	-153.38102732323486	0.057916981215930564	0.1904100365379627	0.12550067594108644	0.0018417852800192203
453000	-2605.1397059303054	-2451.2770526206973	-153.86265330960796	0.04326436956038614	0.08064186374879155	0.1503721067374976	4.606756101728981E-4
454000	-2602.8889751789857	-2451.0660786587873	-151.82289652019844	0.057222077031483305	0.08917521738169004	0.14200489428265922	0.0011115682356553475
455000	-2604.33836923792	-2453.174225187683	-151.16414405023664	0.07274247703526948	0.11515451437146598	0.1190758311890487	0.0017172449747804538
456000	-2602.3130479220445	-2452.5961992153398	-149.7168487067049	0.08017934968598496	0.10592445285942843	0.15096555080730376	7.370091853976524E-4
457000	-2611.3931211103322	-2459.6576013927406	-151.73551971759153	0.09886256437682278	0.08589630181863374	0.05971707560414184	3.983176957864809E-4
458000	-2602.6388235961695	-2451.8594633444523	-150.77936025171732	0.09799626505832688	0.07968500765177286	0.18101142336250786	9.19752299135811E-4
459000	-2603.8435082814995	-2451.6205421634945	-152.22296611800482	0.08894894836825636	0.06475924178519947	0.16796761700543497	0.0022906066763023008
460000	-2602.7731954240894	-2450.7049667900155	-152.06822863407376	0.05998734966799754	0.12529105784353423	0.15823729223657826	0.0015803450833307238
461000	-2603.0777520913853	-2451.942467913616	-151.13528417776925	0.08804962014843494	0.07269320713570994	0.17514473443827072	7.559855214146489E-4
462000	-2603.2208116999695	-2450.91392002366	-152.30689167630973	0.051224671181759975	0.11172891042635263	0.1358979493266466	0.0011796948768908581
463000	-2604.541085454513	-2449.5752239130434	-154.9658615414696	0.05313918696835567	0.07075936862453669	0.19263418913827232	0.0010633145731639708
464000	-2602.8975472044763	-2454.587010358268	-148.31053684620827	0.10656271767864099	0.11912217993413067	0.13809522927775575	3.5639115421977504E-4
465000	-2604.137449793843	-2453.738482386324	-150.3989674075193	0.06927468610548926	0.088182743925559	0.14873899240907726	2.317627060696391E-4
466000	-2603.5926507244812	-2450.945691475698	-152.64695924878353	0.0840000023850387	0.11401899420931615	0.20690491141330225	8.594875271768798E-4
467000	-2603.7390769081308	-2455.315928344452	-148.4231485636789	0.10841722011880656	0.12493632886822534	0.11781420343031022	6.911122907147585E-4
468000	-2602.3815602713507	-2452.021101307434	-150.3604589639165	0.07554700124149774	0.09430029116949354	0.14907751865281293	9.873634178863544E-4
469000	-2604.5982354499574	-2454.6100553350334	-149.98818011492426	0.12970504418310874	0.07931639149077	0.13596469015471996	0.001208565702488207
470000	-2604.232715890854	-2451.0905704304373	-153.14214546041643	0.046108473418722484	0.12676794540674413	0.1598578618053497	5.162092305146186E-4
471000	-2604.077185411284	-2450.9605639647934	-153.11662144649054	0.06256323576184815	0.09156774411462312	0.18551895280304317	0.0023681774050120343
472000	-2602.380007948472	-2451.250647536271	-151.12936041220115	0.08172835496779852	0.133330452181608	0.19436829238630896	8.221155877686168E-4
473000	-2604.569940553397	-2452.9136995588437	-151.65624099455317	0.06754359162553893	0.0871436527098104	0.11832495390526704	0.0018198467345649095
474000	-2606.4162812762047	-2454.6510636833027	-151.76521759290185	0.08180502528327221	0.06217268226977271	0.11040092511196659	0.0021746278024836014
475000	-2603.5296531973063	-2452.4167962090874	-151.11285698821877	0.07685773182622253	0.09810714069075395	0.17048534757911799	4.842598746331283E-4
476000	-2602.0075190031407	-2450.7178168414557	-151.28970216168514	0.06437965254215422	0.10286560385379737	0.16265163688949227	0.001298934830119146
477000	-2603.916871536627	-2452.4462064465897	-151.47066509003713	0.08260483378759946	0.11647978075253589	0.1576430299276665	7.544411102035642E-4
478000	-2603.2619114039635	-2450.5531940400315	-152.70871736393207	0.107516854448963	0.09012812072061213	0.21976801917565766	0.0017110294942788498
479000	-2603.1474041767574	-2450.6218425705747	-152.52556160618252	0.06792269860659456	0.08804736134043571	0.18359850796443872	0.0021362135255766305
480000	-2604.5679191011927	-2453.9921413181523	-150.5757777830406	0.05828605575502425	0.10816807446494463	0.12476404484324036	2.8002189583337507E-4
481000	-2603.1614286857184	-2451.9754488054655	-151.18597988025272	0.06830683259805004	0.07737513064678679	0.13690059207583272	0.0010671588953018998
482000	-2604.9780572533928	-2450.99379434693	-153.98426290646304	0.0489606576874364	0.0668532533059689	0.12770849280764024	0.001298762412614814
483000	-2602.7590266228626	-2452.0886494194815	-150.67037720338107	0.06250270702747963	0.11078442568438229	0.12521120582982412	0.001390783933067328
484000	-2604.1227584620915	-2454.3813459546454	-149.7414125074461	0.11266761308061883	0.11488285016076372	0.1322707738801033	0.001222124264981099
485000	-2604.149398928025	-2453.2936410556313	-150.85575787239398	0.06551028207927664	0.12493940990136762	0.13792466823662064	4.1422072452272337E-4
486000	-2604.290580518809	-2451.7275870087105	-152.5629935100982	0.05687884460420236	0.10301075975331297	0.1574754388260627	0.0023727846280472862
487000	-2605.5826475445338	-2449.279249691898	-156.30339785263575	0.052300269605359787	0.066933301256922	0.21336911047316298	0.0010166426147567987
488000	-2602.551189635485	-2451.8618103624694	-150.68937927301585	0.0763943269526663	0.1583908927235675	0.1491207058137089	0.0013942533334282117
489000	-2603.0330520666016	-2452.9056738861445	-150.1273781804569	0.10415199560970326	0.11387496578635121	0.15625199431942088	0.0027472307545761384
490000	-2603.4063898096797	-2453.359841632882	-150.04654817679804	0.09064515142217669	0.17096676500660032	0.13964572128055322	9.291694993299217E-4
491000	-2604.740447458339	-2452.7334292702394	-152.00701818809947	0.0866980363006893	0.18402199881158174	0.1842405073730259	3.7308539663493995E-4
492000	-2608.672769781688	-2454.659020883399	-154.0137488982892	0.12744190020851995	0.05152077451269352	0.16517884342276465	0.004067601182789407
493000	-2603.859195221837	-2450.778967556477	-153.08022766536013	0.07906070847286094	0.09313490615131566	0.19496128244345087	9.908159865356153E-4
494000	-2603.5108003701985	-2451.191884973627	-152.31891539657138	0.07795073743897771	0.10692361687963124	0.21993715654894389	5.325217602825952E-4
495000	-2605.3196575662723	-2450.411028630251	-154.90862893602124	0.08381404180565136	0.09937596036163561	0.2001457100918743	0.0015622899652755354
496000	-2602.2912795562784	-2451.7965020407432	-150.49477751553528	0.09139160190863974	0.08621456242142522	0.16289997322879904	0.0014929231334479675
497000	-2603.9950445178088	-2453.167199875341	-150.82784464246768	0.06724257566870666	0.15934659557345462	0.12857570191277584	6.305655164883563E-4
498000	-2602.7152646013283	-2453.2792055124246	-149.43605908890362	0.10653706852961427	0.1178000250762639	0.15793459243091715	7.275252422415623E-4
499000	-2604.043478854752	-2453.961459727766	-150.08201912698607	0.09459496800492506	0.08576230916802026	0.1326871548420727	0.0027147063500665477
500000	-2603.993018673047	-2453.585617423931	-150.40740124911602	0.08337521428816079	0.070347849578714	0.12568968060538716	8.481889408517967E-4
