#
#model:
#
#<?xml version="1.0" encoding="UTF-8" standalone="no"?><input id="posterior" spec="beast.core.util.CompoundDistribution">
#    <distribution id="prior" spec="beast.core.util.CompoundDistribution">
#        <prior id="lambdaPrior.F2" name="distribution">
#            <parameter id="lambda" lower="0.0" name="x" spec="beast.core.parameter.RealParameter">0.01</parameter>
#            <Gamma id="Gamma.0" name="distr">
#                <parameter estimate="false" id="RealParameter.1" name="alpha" spec="beast.core.parameter.RealParameter">2.0</parameter>
#                <parameter estimate="false" id="RealParameter.2" name="beta" spec="beast.core.parameter.RealParameter">200.0</parameter>
#            </Gamma>
#        </prior>
#        <distribution id="snapprior.F2" lambda="@lambda" spec="snap.likelihood.SnAPPrior">
#            <parameter estimate="false" id="alpha" lower="0.0" name="alpha" spec="beast.core.parameter.RealParameter">11.75</parameter>
#            <parameter estimate="false" id="beta" lower="0.0" name="beta" spec="beast.core.parameter.RealParameter">109.73</parameter>
#            <parameter estimate="false" id="kappa" lower="0.0" name="kappa" spec="beast.core.parameter.RealParameter">1.0</parameter>
#            <parameter id="coalescenceRate" name="coalescenceRate" spec="beast.core.parameter.RealParameter">10.0</parameter>
#            <tree clusterType="upgma" id="Tree.F2" nodetype="snap.NodeData" spec="beast.util.ClusterTree">
#                <taxa dataType="integerdata" id="snap.F2" spec="snap.Data">
#                    <taxonset id="ant" spec="beast.evolution.alignment.TaxonSet">
#                        <taxon id="Amotape_B67127.Tumbes.Amotape" spec="beast.evolution.alignment.Taxon"/>
#                        <taxon id="Amotape_B67201.Tumbes.Amotape" spec="beast.evolution.alignment.Taxon"/>
#                        <taxon id="Canchaque_B72874.Piura.Canchaque" spec="beast.evolution.alignment.Taxon"/>
#                        <taxon id="Canchaque_B72878.Piura.Canchaque" spec="beast.evolution.alignment.Taxon"/>
#                        <taxon id="Porculla_B31685.Piura.Porculla" spec="beast.evolution.alignment.Taxon"/>
#                        <taxon id="Porculla_B72870.Piura.Porculla" spec="beast.evolution.alignment.Taxon"/>
#                    </taxonset>
#                    <taxonset id="bar" spec="beast.evolution.alignment.TaxonSet">
#                        <taxon id="CarpaChavin_B72794.Huanuco.CarpaChavin" spec="beast.evolution.alignment.Taxon"/>
#                        <taxon id="CarpaChavin_B72802.Huanuco.CarpaChavin" spec="beast.evolution.alignment.Taxon"/>
#                        <taxon id="Carpish_B72762.Huanuco.Acomayo" spec="beast.evolution.alignment.Taxon"/>
#                        <taxon id="Carpish_B72773.Huanuco.Mitotambo" spec="beast.evolution.alignment.Taxon"/>
#                        <taxon id="Chavinillo_B72789.Huanuco.Chavinillo" spec="beast.evolution.alignment.Taxon"/>
#                        <taxon id="Chavinillo_B72792.Huanuco.Chavinillo" spec="beast.evolution.alignment.Taxon"/>
#                        <taxon id="Macate_B72807.Ancash.Macate" spec="beast.evolution.alignment.Taxon"/>
#                        <taxon id="Macate_B72815.Ancash.Macate" spec="beast.evolution.alignment.Taxon"/>
#                        <taxon id="Quichas_B72777.Lima.Quichas" spec="beast.evolution.alignment.Taxon"/>
#                        <taxon id="Quichas_B72785.Lima.Quichas" spec="beast.evolution.alignment.Taxon"/>
#                        <taxon id="CorBlanca_NK_171703" spec="beast.evolution.alignment.Taxon"/>
#                        <taxon id="CorBlanca_FMNH_391889" spec="beast.evolution.alignment.Taxon"/>
#                        <taxon id="Huamatanga_B72889.Lima.Huamatanga" spec="beast.evolution.alignment.Taxon"/>
#                        <taxon id="Huamatanga_B72892.Lima.Huamatanga" spec="beast.evolution.alignment.Taxon"/>
#                        <taxon id="Pacar_B72905.Ancash.Pacar" spec="beast.evolution.alignment.Taxon"/>
#                        <taxon id="Pacar_B72912.Ancash.Pacar" spec="beast.evolution.alignment.Taxon"/>
#                        <taxon id="LaQuinua_B72754.Pasco.LaQuinua" spec="beast.evolution.alignment.Taxon"/>
#                        <taxon id="LaQuinua_B72760.Pasco.LaQuinua" spec="beast.evolution.alignment.Taxon"/>
#                        <taxon id="Chinchan_B72895.Ancash.Chinchan" spec="beast.evolution.alignment.Taxon"/>
#                        <taxon id="Chinchan_NK_173896" spec="beast.evolution.alignment.Taxon"/>
#                    </taxonset>
#                    <taxonset id="cur" spec="beast.evolution.alignment.TaxonSet">
#                        <taxon id="curtata_cra.cur.B6032" spec="beast.evolution.alignment.Taxon"/>
#                        <taxon id="curtata_cra.cur.B8175" spec="beast.evolution.alignment.Taxon"/>
#                    </taxonset>
#                </taxa>
#                <parameter id="RealParameter.0" lower="0.0" name="clock.rate" spec="beast.core.parameter.RealParameter" upper="0.0">1.0</parameter>
#            </tree>
#        </distribution>
#    </distribution>
#    <distribution id="likelihood" spec="beast.core.util.CompoundDistribution">
#        <distribution data="@snap.F2" id="treeLikelihood.F2" non-polymorphic="false" pattern="coalescenceRate" spec="snap.likelihood.SnAPTreeLikelihood" tree="@Tree.F2">
#            <siteModel id="MutationSiteModel.F2" spec="beast.evolution.sitemodel.SiteModel">
#                <parameter estimate="false" id="mutationRate" name="mutationRate" spec="beast.core.parameter.RealParameter">1.0</parameter>
#                <parameter estimate="false" id="shape" name="shape" spec="beast.core.parameter.RealParameter">2.0</parameter>
#                <parameter estimate="false" id="proportionInvariant" name="proportionInvariant" spec="beast.core.parameter.RealParameter">0.0</parameter>
#                <substModel coalescenceRate="@coalescenceRate" id="MutationModel" spec="snap.likelihood.SnapSubstitutionModel">
#                    <parameter estimate="false" id="u" lower="0.0" name="mutationRateU" spec="beast.core.parameter.RealParameter">1.0</parameter>
#                    <parameter id="v" lower="0.0" name="mutationRateV" spec="beast.core.parameter.RealParameter">1.0</parameter>
#                </substModel>
#            </siteModel>
#        </distribution>
#    </distribution>
#</input>
#
Sample	posterior	likelihood	prior	theta0	theta1	theta2	theta3	theta4	TreeHeightLogger
0	-2662.92636359926	-2412.7865939459243	-250.13976965333597	0.1018356279062822	0.05940974407467867	0.10463358787396385	0.08360690486172535	0.22468241627165236	0.004198875313605979
1000	-2657.015360218944	-2410.599717566841	-246.41564265210295	0.08252971182402782	0.09855391556938728	0.11796167482540774	0.11321426693712175	0.19824729033551453	0.00415741240372797
2000	-2664.753034013135	-2409.8528116489865	-254.90022236414865	0.03362629324602977	0.0572471620927909	0.09937531423827066	0.08024319115760745	0.16191139656172396	0.0018555655250593905
3000	-2664.17997848724	-2414.024253135391	-250.15572535184887	0.07725797036920493	0.18678403956870376	0.07388472939858184	0.07718149992148463	0.17620721551852717	0.004709975592299387
4000	-2661.6259546863384	-2409.2176966917928	-252.40825799454558	0.08275946141937059	0.07962055246562086	0.07130796401594688	0.10927022503197258	0.26501101707903757	0.003969790378349386
5000	-2661.7174142792323	-2410.544360573935	-251.17305370529738	0.06374001632127524	0.0907892263285466	0.06218703438065052	0.1309398119743225	0.18076774615190327	0.0032285337596369445
6000	-2658.784119750511	-2410.3715442238854	-248.41257552662543	0.069033653850929	0.09468070359662564	0.07298755102374127	0.14992018553668474	0.19302736134728438	0.003566228398284794
7000	-2659.904936332447	-2412.65755303558	-247.2473832968673	0.0600726822563353	0.09909364368222044	0.07422130877284001	0.08454162395638343	0.16336551239827016	0.0028326300849476757
8000	-2658.708746262574	-2410.7776487930105	-247.9310974695637	0.09084269658975037	0.062182155091408044	0.13547469277104715	0.12768592489179156	0.19430285657414328	0.003701635411525777
9000	-2661.503712222188	-2410.8874058140605	-250.61630640812734	0.044337498819604484	0.1246522740664501	0.13961421592316656	0.07072784970193156	0.1942363359571576	0.0034643189160894813
10000	-2659.428414062235	-2414.9318420166333	-244.49657204560168	0.10157399677709558	0.09963596680884336	0.1101654736220935	0.15718328774017362	0.14266898756428475	0.004864392883672526
11000	-2663.993040082152	-2409.3961675996725	-254.59687248247988	0.024372850544886873	0.0653186482724899	0.10216776177305738	0.08463748681913116	0.16488240392435097	0.0014947029398508008
12000	-2660.6365988254797	-2410.6754497775983	-249.96114904788158	0.08740968496820511	0.05005852504693911	0.09178483710096906	0.08799145881190484	0.2131902236950871	0.0030374566109495167
13000	-2662.216946932014	-2408.8855047327684	-253.33144219924546	0.06312677953194082	0.11018316314945376	0.09243556475542151	0.2123101277781305	0.2535312778230752	0.0031290977150622563
14000	-2660.279437376509	-2411.3695877972023	-248.9098495793067	0.0681108089546446	0.08486112160783385	0.13096930175078186	0.06524782506503718	0.1823707657901811	0.0038267088787312695
15000	-2658.9078650733622	-2413.5481570124	-245.3597080609619	0.10557234666128433	0.11382505800809835	0.10803199167794479	0.09907919913895465	0.17888612528874356	0.005171128261894757
16000	-2664.5886868635953	-2412.1257930001348	-252.46289386346032	0.12166090999601722	0.06037580586853652	0.09136813490354075	0.0824280384781633	0.2409708810975463	0.0036868560413027907
17000	-2664.4758336751925	-2414.4118747290554	-250.06395894613706	0.10524763849635507	0.13379510945248188	0.11295602561574916	0.10494672652800888	0.21314559769277244	0.005250514458500184
18000	-2659.222801406201	-2411.387649916521	-247.83515148968038	0.10528151256244317	0.1410344362490074	0.09605409031630494	0.12590655145591045	0.21138325904083785	0.005877409907379517
19000	-2660.0233775796382	-2410.937379975366	-249.08599760427222	0.08945676788141099	0.10359732976292942	0.07926397478438163	0.08306647476826717	0.24086802599298782	0.0032511965563488364
20000	-2657.588871964955	-2411.4529420882045	-246.1359298767508	0.0873465859943779	0.0997837222171483	0.10822257619422615	0.09103370943242275	0.2024764620651314	0.0039554391794801224
21000	-2660.4252748374624	-2414.559626769339	-245.8656480681234	0.09116426994454328	0.10223468066583703	0.09696331893907112	0.0884890931774166	0.16002520426685793	0.0031921077036959457
22000	-2659.8601562003128	-2412.553822114855	-247.306334085458	0.05280923870676181	0.07546742921445876	0.09313775398029282	0.13725838118169612	0.14048363583918178	0.0027444307214746153
23000	-2660.308564315662	-2411.4926972317066	-248.81586708395545	0.11061507188367456	0.13833327388067929	0.08635573103746641	0.14948054293790797	0.22674252221741745	0.005594310723195282
24000	-2661.697389068867	-2413.816189222006	-247.88119984686077	0.09644938369834585	0.1062852274639324	0.18056774050978217	0.0882209611398126	0.17069263021087838	0.00439881397921157
25000	-2658.982646898718	-2409.5215455169628	-249.4611013817554	0.06089004765897522	0.12740731494036986	0.07363864372886865	0.12017012475756904	0.21474486730398828	0.0038529716607074572
26000	-2662.824148856093	-2413.670674026447	-249.15347482964572	0.05646810505757467	0.08296925739215232	0.05844727626523808	0.11300985966076786	0.14053896698605758	0.003123021210573495
27000	-2660.1602930408553	-2410.8870027883772	-249.2732902524782	0.05380852914041738	0.12528579238031348	0.10237150951569744	0.06976010267391079	0.1928707124851624	0.0030098294432620728
28000	-2659.1318249677342	-2413.1340043451128	-245.99782062262153	0.06462091691457193	0.07885513442356147	0.13638190982140014	0.1302191177709545	0.14112524386197997	0.002776353555272797
29000	-2658.7936497346564	-2410.5754260018066	-248.21822373284996	0.06260697480139914	0.11883731683898233	0.14249751304636926	0.12401918509438017	0.1987200736195809	0.004790431770196004
30000	-2660.924794428945	-2413.853923170904	-247.070871258041	0.05858389967145977	0.08778655887673113	0.11995327909812324	0.06952446620972584	0.129954235329737	0.0033841382328544
31000	-2662.724543512684	-2415.930659801008	-246.79388371167585	0.1104079321269213	0.08777825459349543	0.10066579541854921	0.0628129628574589	0.16285740028220985	0.0026079022165875
32000	-2662.855738207116	-2412.1046760638837	-250.75106214323225	0.06136630120440032	0.05462096461781834	0.07527294787092924	0.10909167808993368	0.14182504636742244	0.003983617338504068
33000	-2663.8257752791833	-2411.257594661587	-252.56818061759625	0.07623820966662723	0.10483424969797532	0.06397439830927995	0.08345374702276305	0.2543506520244538	0.004465266204554542
34000	-2660.9867297381884	-2415.4145618151106	-245.5721679230779	0.10316227610029087	0.10870106520319787	0.08462231676772328	0.07821085316429705	0.17737837136618287	0.0027891019439562773
35000	-2660.8726835919	-2411.2757910684422	-249.59689252345797	0.06281249952133616	0.09975614831036736	0.111568806785683	0.08916100164301512	0.2190443215932619	0.005203123224429431
36000	-2660.451236420099	-2411.9277360077917	-248.52350041230721	0.07299546399846571	0.13259362554148532	0.08573823167151275	0.15734808993633384	0.1995578017231047	0.00515610291088779
37000	-2661.912566624143	-2410.835461756549	-251.077104867594	0.07751606981968916	0.08337871905910656	0.06183411259976216	0.06858686372500333	0.20908821325941462	0.0041228435565330585
38000	-2663.4266593462085	-2415.7605565802273	-247.66610276598124	0.05383879018397981	0.06918667377790617	0.11828612064195541	0.08802286760650459	0.15035226025306883	0.003329851359763172
39000	-2661.180721863652	-2412.158949052469	-249.02177281118293	0.03959806902705505	0.0938929826469386	0.1060607369774416	0.07959538517293487	0.1447807266489423	0.0026269374452202237
40000	-2658.6023197953955	-2410.085778133438	-248.51654166195755	0.0673564114932825	0.08394122136768312	0.11880513922399802	0.15074879389757995	0.20525277509523626	0.004371716215960639
41000	-2660.492048551132	-2412.296184527074	-248.19586402405804	0.08102156317865632	0.0707286206859821	0.11684290883121615	0.1473200938083915	0.20208047242826968	0.0038174905935161527
42000	-2663.812985536238	-2411.247732964332	-252.56525257190594	0.04387189466029313	0.05815717770940848	0.08861023981657987	0.07891563877138916	0.14998471696259605	0.002795383142826566
43000	-2660.6094089030134	-2412.569377405504	-248.0400314975096	0.07174837624328859	0.08685256003117674	0.17053040315209353	0.08547569506256457	0.17375524911532014	0.004076565813063001
44000	-2662.692012033585	-2409.00821461869	-253.68379741489488	0.042162425248561224	0.11371112347524925	0.12016858442207302	0.09510226814103492	0.19988414251638473	0.0029637348127979765
45000	-2664.281034340009	-2411.992155081039	-252.28887925896979	0.05051192853690987	0.0944444917376566	0.05864617047165561	0.05642666143314655	0.16955543803009887	0.00205525353615293
46000	-2659.7767113247405	-2412.3527685659533	-247.4239427587874	0.056121148796894484	0.0973555281934682	0.1071646982122988	0.08601657657853334	0.16532495986210424	0.002804477589415172
47000	-2657.4548758838387	-2409.9457947581086	-247.5090811257301	0.06107935855662257	0.09057652456343974	0.11487090537213335	0.11153687022152224	0.2016310266576966	0.0030188772639001306
48000	-2659.1674226785667	-2411.557477964469	-247.60994471409757	0.06638276885643307	0.10711841292197898	0.15886593682012015	0.10802633613968851	0.19646756035592824	0.0028910115399063225
49000	-2659.2224405204693	-2410.2740951808437	-248.94834533962552	0.08439972431414516	0.0896659809086206	0.06402980704877696	0.09221367459982309	0.2136112634653444	0.003750665220389373
50000	-2662.0210036122435	-2408.6118334310722	-253.4091701811711	0.04630709190310633	0.06315032513568929	0.07096450779201516	0.1402480957541735	0.22421668145176651	0.0023711736049257712
51000	-2664.069072174796	-2414.6822445885737	-249.3868275862224	0.139530572393479	0.07016758167027148	0.13112067582524636	0.04687367702494689	0.1801908278314041	0.002127824129813777
52000	-2659.7095487377424	-2412.1262993944056	-247.58324934333686	0.057090287354730165	0.0865497920964393	0.10260978820219979	0.14034676139083874	0.17292942377298018	0.003340412727062783
53000	-2661.5415407371615	-2412.6343439811385	-248.90719675602298	0.060507227920350265	0.050571454296079364	0.10230854404603773	0.09771789613129747	0.14112513398547308	0.002763671787937825
54000	-2660.1372158884924	-2413.6751087458106	-246.46210714268204	0.13797877171263012	0.11132082636762605	0.15394327806639366	0.1185623117345963	0.18729041283871758	0.005743691065268786
55000	-2659.4709397251713	-2412.555407172456	-246.91553255271523	0.06768559015908839	0.0890452859566501	0.09247425996124363	0.10540059004316507	0.18069889675325462	0.0037149529990465856
56000	-2668.4861203665964	-2416.9894505245334	-251.49666984206291	0.11590344647962515	0.036079241520208076	0.10705567135092306	0.10160346799763285	0.17770792512733974	0.005577245115433799
57000	-2658.1827177559267	-2412.2109292717187	-245.97178848420793	0.07016268722868634	0.10112498004211694	0.10397687070770216	0.09354017696756257	0.16811708803553438	0.004496468662105564
58000	-2662.2234072348797	-2411.949118692356	-250.27428854252383	0.05122737873206694	0.08305429021552765	0.08717687526650783	0.07491302598843426	0.14190246744109603	0.002663454027385489
59000	-2665.1594509034653	-2414.708121078374	-250.45132982509122	0.11935028180632791	0.09852647850126935	0.14223881353568918	0.05119392743001527	0.1973233110325349	0.004066425886827109
60000	-2657.454459435729	-2410.4383832811473	-247.0160761545815	0.0636949585564089	0.11571175868027588	0.12084535933131924	0.11603275200995118	0.19208126283313007	0.004007879116963371
61000	-2664.326894851668	-2411.893730064419	-252.43316478724904	0.08610291087264975	0.06749656681894001	0.09340593871848459	0.11949678204075993	0.28163291477927255	0.003091611799460366
62000	-2657.895190082876	-2412.226118965179	-245.66907111769686	0.07455522055792177	0.11864626804809084	0.09482167410333735	0.0979204941250921	0.16935532331188713	0.004316769098628381
63000	-2659.764426852408	-2412.9379684086534	-246.8264584437549	0.0853013511161164	0.0593765245871912	0.1287570185124262	0.09630759382200534	0.16417611002296395	0.002841356695433108
64000	-2660.228537877968	-2415.786762715007	-244.4417751629609	0.08857059747343173	0.1195261306763446	0.09786742443674232	0.14654040831931037	0.1362124953114003	0.004830471054905833
65000	-2659.420632080068	-2411.090833827572	-248.3297982524961	0.09139354841690008	0.07206571621355551	0.10852454567900444	0.17307176496844875	0.21278399149139454	0.0032331779828216408
66000	-2660.4429110578435	-2413.76158222144	-246.68132883640334	0.09107557366839725	0.08471388582388166	0.08746367665560244	0.06953316333249919	0.15593416289181583	0.004101297009230008
67000	-2659.036096141127	-2411.088875053056	-247.9472210880708	0.06874224542610848	0.060516326724152227	0.12993443830350146	0.09910353041695788	0.17346896917709842	0.003978431329773083
68000	-2659.6075497035768	-2411.68571973995	-247.92182996362698	0.08619715854215104	0.10222154882182101	0.06975835711080336	0.10423461679045153	0.19373848375367617	0.004251775224529443
69000	-2658.910414823181	-2410.0732883114742	-248.83712651170669	0.08325790595077412	0.13321288050164132	0.12506455834185237	0.11274013418522588	0.24062230755039352	0.005468756385932535
70000	-2663.628873722598	-2412.538074369667	-251.09079935293138	0.1299907682779203	0.09984084496788243	0.18879401753107494	0.05341853378294171	0.20849395233001172	0.004504968369593584
71000	-2660.2310813562704	-2411.0026344496846	-249.2284469065856	0.048128810162187466	0.08170058850319087	0.10217902004927829	0.1376195034204936	0.17824643172551285	0.0021128827524776487
72000	-2659.8627273817424	-2409.030503916758	-250.83222346498445	0.03528856619870613	0.08912707370552081	0.12163875583374348	0.11057804403690408	0.18255589101715586	0.0028699941852374893
73000	-2659.024440695193	-2410.682733510497	-248.34170718469557	0.09142959922261465	0.10385218922421248	0.10673948330985553	0.08026522679247239	0.2326130110732068	0.003915105425033343
74000	-2665.2335500462555	-2414.3037338374097	-250.92981620884575	0.04911802160490241	0.0770424681949781	0.0589639551457591	0.10217100020055522	0.12429387595566913	0.002192601358186127
75000	-2661.373951011923	-2410.3615844761284	-251.01236653579457	0.045791920126536635	0.07001505960890461	0.07811856670450555	0.1742582846150934	0.1713939481380362	0.0030364286447311624
76000	-2660.8546260657604	-2412.7909810385922	-248.06364502716832	0.08000267177367654	0.06355144296581512	0.08373675370120684	0.10487075082541614	0.18355263048096668	0.002739603924222823
77000	-2658.9031857235786	-2410.0496921483373	-248.85349357524123	0.058139104526344625	0.09890268524963394	0.09951567395120654	0.14100284269200752	0.20347007260997488	0.004853076093728457
78000	-2658.434832699928	-2412.7110966560745	-245.72373604385345	0.09780880317631996	0.1345370350066637	0.13828061579866865	0.1106009899652229	0.18733755653454792	0.004861184303236877
79000	-2660.163990193205	-2410.1267866691283	-250.03720352407652	0.04763488669462723	0.07619852425977344	0.14481097460968234	0.17394080804958018	0.17915098212630826	0.002328903668600203
80000	-2662.3288533399013	-2414.793506611508	-247.5353467283936	0.08508371469824258	0.09690226645601181	0.06225571336650602	0.07449298131395235	0.15114996720442778	0.003801772014483175
81000	-2660.5916493865047	-2410.4214512373	-250.17019814920482	0.03874096973619595	0.06648035629121375	0.13745702958160783	0.11742962338098623	0.14744908310376997	0.002099518458910887
82000	-2663.2975671781387	-2409.4822032118095	-253.8153639663293	0.070996045785858	0.07709004253026935	0.0880983064524004	0.07752890440601017	0.2698108956330669	0.0035843328127988365
83000	-2660.7222523548903	-2412.0322460898515	-248.69000626503896	0.08700077992697136	0.15146166511697332	0.06949775924921502	0.11042932464697079	0.20467123801805442	0.005468138079433995
84000	-2659.7945203558065	-2410.502217372743	-249.29230298306337	0.04388141324189141	0.08213302219339981	0.13462622122627493	0.08920438387086893	0.17517441396875919	0.002927918647429523
85000	-2661.267281145621	-2414.174496698312	-247.09278444730907	0.10595238122200475	0.06163172241207175	0.13372649041921375	0.09313759648366272	0.20126314679964635	0.002681717733569437
86000	-2660.871692329321	-2411.674787216444	-249.1969051128769	0.10474680451233392	0.1299687256557441	0.06059045033690326	0.16547597609299886	0.19999286830807622	0.005793880264949635
87000	-2662.300098279782	-2416.9394155536665	-245.36068272611539	0.09284554189281634	0.07534601921813863	0.12936590964381411	0.06631240629092305	0.1372403786775352	0.0031208161610346303
88000	-2659.8806396612777	-2410.1896186846843	-249.69102097659353	0.05269954170481567	0.15161343271593425	0.123599930176821	0.12241469404532598	0.21737697001153194	0.0036014619211452176
89000	-2661.253561317107	-2409.6102766298095	-251.64328468729747	0.05938450814988918	0.050182786140398825	0.14294461547938633	0.13332377577818705	0.2200023007035657	0.0024270688468890542
90000	-2662.521617764208	-2413.9262188637194	-248.5953989004885	0.09672815002786755	0.0827941092624569	0.06319463708695063	0.08001721751714047	0.17282969939681442	0.004169625793430604
91000	-2664.0730474754155	-2412.711099654809	-251.36194782060653	0.05460774055374347	0.05101909455840012	0.1502591398249881	0.12885794949781718	0.14681740024943743	0.0024825511023973132
92000	-2661.6561504675433	-2414.528581395123	-247.12756907242016	0.1436692199226601	0.10714880438576142	0.07524060647847261	0.11154278697011565	0.19528698414547516	0.004195774735672251
93000	-2659.119648559614	-2412.9252213554096	-246.1944272042043	0.07612812855106116	0.0813153343470929	0.1013600884948286	0.09033363791872008	0.19271563805090075	0.0023596547686389044
94000	-2662.0854197526523	-2414.08258220493	-248.0028375477221	0.07403274856742582	0.08281411791980954	0.07384194611589001	0.08157516542904891	0.14822318157020506	0.004020531682040543
95000	-2661.398066005245	-2409.7264211254337	-251.6716448798113	0.05876464404993127	0.12916706116190607	0.10205705569416194	0.06959901569676476	0.25321737865187477	0.003497983403537336
96000	-2659.852580531	-2413.5243376672347	-246.32824286376527	0.11187506405085934	0.11254794499283553	0.07871886406577486	0.11082418110253021	0.19250693359541704	0.006017357921906019
97000	-2659.334832814784	-2410.411420458481	-248.92341235630278	0.05255419374375944	0.12058162826546809	0.07236820464502715	0.1063800418128074	0.1830014693718027	0.00377488510721236
98000	-2664.5597643108185	-2412.4659781736827	-252.0937861371356	0.10556766548063036	0.09536549129615315	0.050801140588106225	0.09597477091007298	0.21119191868544893	0.005803806520877352
99000	-2663.5896614999574	-2407.0731459996027	-256.5165155003545	0.05419219301163379	0.06343421483637265	0.06833470509202526	0.15473479534198892	0.2836945822898305	0.0033037201273416706
100000	-2663.3253814330155	-2414.933031233084	-248.39235019993154	0.041643008300655024	0.12846492368794296	0.09892961099424949	0.07413863418029068	0.16758256471234578	0.0016787425537791525
101000	-2662.5971597008806	-2410.785443834265	-251.81171586661534	0.0843289212191155	0.12840399151902954	0.11864300548779445	0.23492781343081032	0.20089731119872686	0.006006775489139348
102000	-2662.213898084641	-2411.080203220443	-251.13369486419813	0.05128510256112817	0.09004581566206349	0.0681691627598054	0.14056090009184438	0.161559359875042	0.003105403309447471
103000	-2662.66282765995	-2413.2775991234657	-249.3852285364843	0.06820527249261422	0.05190493400903842	0.1287678577939979	0.08170134550432374	0.16158064361548738	0.003117812454524407
104000	-2660.993131636199	-2412.4424712454484	-248.55066039075075	0.040858910759446816	0.11565075646804128	0.12345963051450903	0.14456314494810416	0.15596234800218126	0.0032500044069467297
105000	-2661.2330566124774	-2414.4634525429137	-246.7696040695638	0.07122182372992895	0.10009485232945978	0.08424274439539396	0.07829326002557845	0.1367634710919644	0.003591819234291169
106000	-2660.022033467049	-2414.1794661760655	-245.84256729098334	0.14776539167548766	0.08463203286475428	0.1332958701956247	0.1119426161182499	0.19092824910626174	0.003743780443673342
107000	-2662.0894790779203	-2410.503093854725	-251.5863852231951	0.04362895212477562	0.05740147353947629	0.12995670854521243	0.0678817202786469	0.16554733651068823	0.002289292777844632
108000	-2662.3778499022114	-2408.941838102807	-253.43601179940427	0.04350014440082229	0.10950529617008088	0.06986544310390631	0.1436448100398779	0.21674428089406078	0.003065735913258551
109000	-2661.4660282707146	-2413.3131773631194	-248.15285090759505	0.0697251315924494	0.1346385190397298	0.09615943387054945	0.11844488545505212	0.18934837172424604	0.005200858670080761
110000	-2661.059544430262	-2412.4812654595235	-248.5782789707386	0.07006402047278808	0.06398911328303063	0.05677172503622577	0.1056056901656036	0.1396722412878929	0.0030914849406300142
111000	-2660.1252409244253	-2412.91189059482	-247.2133503296052	0.06381375660739996	0.09752723956974645	0.1639115617446185	0.07230235485769881	0.1624765697186121	0.0026888847196982176
112000	-2665.1979010817267	-2408.423296645343	-256.7746044363839	0.048007049051646884	0.04520664774908126	0.06516012565786079	0.10896397025229408	0.24428348039729822	0.0023914199133953547
113000	-2670.1396853752794	-2423.915878140594	-246.22380723468547	0.1316211380498401	0.0781630876788379	0.1565328118994559	0.08289720394271825	0.09828828544509893	0.006186911802980054
114000	-2661.9026123072267	-2408.635788646506	-253.26682366072063	0.06131267527541083	0.09614830584183232	0.1239089619808787	0.05571655837210981	0.24555746469504386	0.003562657089113607
115000	-2659.954883740409	-2408.855226908538	-251.09965683187087	0.07002813406189431	0.10903865956380371	0.12540322465637552	0.12295920661143392	0.2643528718371985	0.004484305925599509
116000	-2659.43797720308	-2411.6569717827497	-247.78100542033036	0.057468788013134396	0.10961562524253976	0.10276514577386406	0.07552611691681138	0.1672267835281746	0.0041302471873759065
117000	-2665.7826087366275	-2415.2038897769016	-250.57871895972568	0.07190023612542779	0.09830801226987851	0.0393156886003856	0.0771969734771618	0.1536834594036726	0.0024852915211649087
118000	-2657.981964043313	-2412.844109049621	-245.13785499369214	0.07771834746737788	0.11273388490756682	0.09855383533724746	0.13729308488556874	0.16882332330251057	0.0036066860592979953
119000	-2659.0148337807022	-2410.2404180517683	-248.77441572893392	0.06127143844275605	0.0917108669344419	0.11105294605672547	0.11147524875047013	0.22547425049380793	0.0027659926780721545
120000	-2662.522111880964	-2411.4628493875393	-251.05926249342485	0.0682817292307938	0.09070053959422535	0.13406131270466182	0.05808249919493226	0.21065982740582898	0.004175450669846093
121000	-2660.4064458304038	-2409.1960335829494	-251.21041224745449	0.03611410241964807	0.06901757991891629	0.1359629580594046	0.13097022748445697	0.16471565487273707	0.0023322133739821383
122000	-2663.9947353097346	-2409.747362126689	-254.24737318304545	0.037479974542110044	0.1061735989777022	0.059787302055794016	0.057199107379567946	0.17034148344254707	0.0027550542067653868
123000	-2661.530743660686	-2412.0525806428795	-249.4781630178062	0.05219298759561861	0.12552801670122093	0.07091635531716332	0.11366393003551543	0.1667928230192881	0.004438900403455444
124000	-2660.692529879311	-2412.2116140526946	-248.48091582661675	0.05393244243614485	0.10480398566331078	0.10145573053822118	0.18865455278133128	0.17111825996870422	0.00242067902843232
125000	-2660.109634229705	-2413.7355630530433	-246.37407117666157	0.06749316665991058	0.09742394210066972	0.11555632412444611	0.10515836113966802	0.15554878944814904	0.003436830993672769
126000	-2662.798632039909	-2409.474864846242	-253.323767193667	0.05103389262801887	0.13150383188560347	0.06711404234094168	0.16928238342287877	0.2234312851050847	0.004441969488064954
127000	-2660.7804977599408	-2410.949085785449	-249.8314119744917	0.06202977584109689	0.0933335932156115	0.06941003175339776	0.0972583343836762	0.21191600064969876	0.0025737439664906456
128000	-2660.3265446091145	-2410.1185463294105	-250.20799827970382	0.04676468688742558	0.07224916564227475	0.15204049983266313	0.1229928479971196	0.182007336850349	0.002902687569107777
129000	-2664.231089166728	-2413.399387537721	-250.83170162900697	0.04949548449417968	0.1048626050440189	0.1167596805890789	0.0544896775080965	0.13556916402808566	0.0035548744091560966
130000	-2662.0161798689005	-2410.1805647928354	-251.83561507606527	0.11789171215966385	0.12712666449848448	0.09549547532329884	0.11531509269139878	0.283686162355121	0.00493415766720162
131000	-2659.5612395585667	-2411.6961006090623	-247.86513894950463	0.06395175552426291	0.07716991239709578	0.14500405205554018	0.09215877647777185	0.1783835817187684	0.002463346482828015
132000	-2658.6605230038936	-2413.9771425726976	-244.68338043119573	0.10660791451617929	0.09747927372614762	0.10541495596567992	0.13110694898067288	0.15903572286734236	0.0041876368750389005
133000	-2664.599452751199	-2416.0171204331114	-248.58233231808754	0.10028030357707553	0.11602591320752718	0.13331858087088674	0.0593752286700369	0.17710516375829466	0.0032432216457401377
134000	-2660.2654216343885	-2414.3143335030672	-245.95108813132128	0.063897437680616	0.09524199580216425	0.09729237797752319	0.15398130697550916	0.14886135433027523	0.003987536458261182
135000	-2666.9643851573765	-2422.2013625736213	-244.7630225837551	0.10061124215203973	0.07677323339834934	0.06897511214602378	0.13848210204134118	0.11582655384299223	0.0028898659589757627
136000	-2665.81702246078	-2413.4800286080877	-252.33699385269264	0.05687951523662186	0.09900846885595062	0.061801188437480246	0.04704553538381511	0.19456016222475028	0.0017272569802873343
137000	-2659.421657507693	-2408.246244191182	-251.1754133165109	0.04518602976436991	0.08913420913623368	0.09240921948423801	0.1341341157102984	0.21518794823019313	0.0027105613394174466
138000	-2657.7930601692747	-2409.5994992222386	-248.1935609470361	0.06726229322272115	0.07508418402194782	0.10873080664957087	0.11602764699116241	0.19875334673993844	0.0034056535490838403
139000	-2664.601169542059	-2412.1832800621214	-252.41788947993737	0.05641340169752108	0.1012715085414127	0.06566344392556865	0.09935069779713446	0.1621219889695375	0.0042294418468696235
140000	-2661.4566539312937	-2415.2347703844025	-246.22188354689106	0.05325970974534157	0.0970164074666408	0.13899663871315632	0.14564929842842558	0.13046175629249374	0.0025225453184813036
141000	-2665.8544604309623	-2412.7641048065543	-253.0903556244079	0.02911364962333749	0.0710601013577047	0.16674883157650708	0.11383358367232048	0.12746835033174833	0.002758039159616199
142000	-2660.4840792478494	-2408.1922674480265	-252.29181179982268	0.06762191627508281	0.0907750602893929	0.12261846701300219	0.09899109752739602	0.287227282255006	0.0033105735206964606
143000	-2660.9287306761644	-2413.4866528711655	-247.4420778049988	0.05448483355447476	0.08028308898162634	0.10034609858194984	0.06845647765697929	0.13102136583566837	0.0023147173241936754
144000	-2661.1308286357275	-2412.0782191316803	-249.05260950404718	0.07449924782079878	0.10761041115024994	0.06171140953472154	0.15554377302711203	0.1976430622456166	0.0034929461986517064
145000	-2658.1877455327453	-2410.6523474213036	-247.53539811144154	0.061695195219724455	0.07025870145570833	0.11401265958845361	0.10060676929866041	0.17442322037242114	0.0030688139853495802
146000	-2660.679744107884	-2412.8910903296514	-247.78865377823254	0.07011876648042685	0.06719494142277656	0.0647740948338823	0.10773649557753498	0.1426954238348477	0.003510018674423212
147000	-2658.7737300817926	-2410.5600116600854	-248.21371842170734	0.06984848531104068	0.12774803112469793	0.1209303902841008	0.09813213246409005	0.21690639483086613	0.004947166419470067
148000	-2658.520049151323	-2408.8119001301334	-249.70814902118966	0.06757423040661475	0.0921305788883883	0.12568711290168566	0.08730672256576537	0.24140946733739113	0.0033653051164143593
149000	-2660.925004053927	-2411.027284000871	-249.89772005305568	0.12478671594267729	0.14046000064108566	0.10473014198211253	0.15271538162386533	0.24184565351473408	0.0062880276988599845
150000	-2663.7295489493563	-2415.9903355165898	-247.73921343276658	0.12208455188903199	0.19136760383062953	0.10594037672545718	0.13656003942965697	0.17795810496070458	0.008041528075684437
151000	-2660.240785379642	-2414.5016276864853	-245.73915769315687	0.06078549823721819	0.08315279233020326	0.10230683703000658	0.08444987983200222	0.12640003098647754	0.002941074471411635
152000	-2666.3495856056047	-2417.9709026412993	-248.37868296430523	0.11365596251406392	0.04115196172477891	0.1414106725168779	0.11599996098699959	0.10902403869489985	0.0031905160107339957
153000	-2659.9206418639615	-2411.212834986596	-248.70780687736547	0.050901056652457886	0.08798760293854185	0.13749637224848185	0.1259764186512927	0.1589343937369049	0.002920594300574702
154000	-2660.2019154910645	-2411.161768380333	-249.04014711073143	0.05311468668427473	0.09837295578668238	0.08870580054947476	0.09870240145316561	0.2127359206954063	0.00299044711109023
155000	-2657.7623613467276	-2410.686968556725	-247.07539279000267	0.06312516927953686	0.06512127297906672	0.11752121741169969	0.12175824464752062	0.1640266836574996	0.0031000996851358853
156000	-2661.368167237385	-2411.811367727546	-249.5567995098388	0.07430860538626424	0.09995461181168754	0.19070670086437017	0.07842481743892536	0.19356051430374896	0.002945268077280561
157000	-2658.5311306302615	-2409.917529113045	-248.6136015172164	0.07991635627776406	0.08571654532874867	0.11904728832700888	0.09002160046456861	0.2195671852195191	0.003667787644696824
158000	-2661.9888241879034	-2410.746365523179	-251.2424586647243	0.03924260885641183	0.08944415939894898	0.16096118548191873	0.12753949074414828	0.15803473817027813	0.003152040127707557
159000	-2659.9761979262717	-2408.820287641246	-251.15591028502558	0.06457149407597916	0.14784607976016348	0.1077777385105076	0.10678627968539658	0.24561837869920614	0.0051167220695796534
160000	-2658.137920871091	-2410.041250436262	-248.09667043482904	0.0565212722827122	0.1168378124336307	0.1204702150407506	0.09327552638807374	0.2083504167972579	0.0028908062814631337
161000	-2659.3973008498724	-2413.663195507538	-245.73410534233432	0.08178207630654517	0.07120375137468239	0.11542809455011067	0.08753354192876629	0.14018034419468178	0.003464931466853317
162000	-2663.561039922677	-2409.093385368279	-254.46765455439777	0.04646187619221141	0.06413801019085255	0.06541448046159345	0.0588898575976298	0.20521496112402507	0.0020248934081181485
163000	-2659.4310202434767	-2411.5029669144496	-247.9280533290269	0.0935382402249786	0.06699500529743466	0.1046263008648701	0.10898686554731024	0.18375698235113427	0.00451201189261983
164000	-2661.4260541749536	-2409.8748223363714	-251.55123183858225	0.06286298998504114	0.05694108800668934	0.07355698748740976	0.09056452216453473	0.20309701888312467	0.0027046548125511907
165000	-2660.3897582752156	-2411.303836877917	-249.0859213972987	0.07087240124700474	0.1290296495401768	0.12098249172878736	0.06904985022264344	0.20286601098068863	0.005317396836946012
166000	-2661.473119295044	-2412.2758463439013	-249.19727295114262	0.03853477051915318	0.08607472471045181	0.15122610958480473	0.1419682160324517	0.13423467313311677	0.0021174237279911294
167000	-2660.151567065359	-2408.827243594745	-251.32432347061388	0.05402825267635452	0.10394658462088169	0.12093427532952351	0.14262693095998838	0.23393856405720734	0.004158697238274799
168000	-2659.1626555522435	-2413.397713554955	-245.76494199728862	0.13221903177083325	0.09635957597515735	0.1121458195177512	0.1087662009980135	0.1999077996325763	0.003917978794464852
169000	-2658.701069751109	-2408.8282194567505	-249.87285029435876	0.06636781618376406	0.07021152654143699	0.11847172354269932	0.10254412868307344	0.23418707903534297	0.0038196229848574174
170000	-2662.224354473445	-2408.700155828644	-253.52419864480143	0.03037302991628022	0.07072887205799182	0.1578391219376408	0.1063017111423227	0.17275808201448595	0.0020364198434615842
171000	-2663.0286091629223	-2412.947608272065	-250.08100089085733	0.07347704167025203	0.04395591326168191	0.17275944573232532	0.11176187780695317	0.18057125653683723	0.0025864679268289394
172000	-2660.8840813389993	-2412.7488346142477	-248.1352467247518	0.09134242227873458	0.055318564875285636	0.1737088610072965	0.1219421848100886	0.1519399942043236	0.0034578137336375887
173000	-2659.7773896974013	-2413.365279998527	-246.41210969887427	0.07897783869895283	0.06148649100063439	0.10440059330692121	0.08367707429025294	0.1475208775831689	0.002577388484130266
174000	-2661.534988424593	-2413.086707667487	-248.44828075710583	0.08806835727324155	0.11949735513112683	0.06684561321418696	0.10883166249663864	0.22327966593856716	0.0030002736431853994
175000	-2660.2306451282175	-2412.601096925576	-247.62954820264187	0.10048880120161158	0.06409343844110299	0.07595673147609569	0.13104216483442663	0.1741773571926578	0.004509592422361597
176000	-2661.051512997478	-2410.1367384519244	-250.9147745455534	0.05498005583943972	0.090572945917678	0.09921609664506592	0.05984683491019652	0.1820627001388759	0.003214651384047438
177000	-2662.8683300459006	-2414.449615567434	-248.4187144784664	0.0453399412921909	0.1314467368164642	0.1097968507414064	0.13069616402869014	0.1442921459917166	0.004906748084266696
178000	-2660.1823507293716	-2409.8220833586556	-250.3602673707158	0.044311735989012974	0.07529108179622658	0.09361502887799655	0.1364488659806619	0.20864250298664783	0.00207484145072465
179000	-2659.4558157050556	-2408.632621677237	-250.82319402781883	0.03665081151849459	0.09518068605213392	0.12695940076126425	0.0987322605158478	0.19304811965916743	0.0026712542358294936
180000	-2658.42130766609	-2411.3664241655365	-247.05488350055344	0.09417055778761686	0.11770000750598424	0.07841169968634426	0.11031527706965995	0.1980480758339134	0.004686785211564189
181000	-2659.322421753209	-2409.2215801530206	-250.10084160018835	0.05246786421243199	0.08726067978233186	0.07369378558692871	0.1391774565232772	0.19754190076840963	0.003921749221393878
182000	-2661.643465055356	-2410.7505756074606	-250.8928894478953	0.11420944962327179	0.06776173839883164	0.15095148751756773	0.15871524928764374	0.24585711725676596	0.005777061660777727
183000	-2661.8697525645	-2408.795120869931	-253.07463169456895	0.08674625808732678	0.14331300230244173	0.1475379263835742	0.08366287220359676	0.2871823313224252	0.004737634316367312
184000	-2659.587073557227	-2413.685551577029	-245.90152198019823	0.1106131402545379	0.06862439203275625	0.09564061110401524	0.1430284902057678	0.16260433806597727	0.003493732863771498
185000	-2657.861312764025	-2409.7308318433165	-248.1304809207086	0.05821559462825351	0.07930670519422699	0.09957994666277764	0.09682615288276865	0.18876122387568653	0.0031204344534874395
186000	-2659.962016625691	-2409.2201329730105	-250.7418836526805	0.06317006291342597	0.15622410997615804	0.09420942417576242	0.1124375861023464	0.23879902729969538	0.004989864882817997
187000	-2661.420786097116	-2412.2129443603117	-249.2078417368042	0.04066547994018006	0.10429874548293255	0.15572072811222956	0.10213287534642884	0.15897658126475023	0.0036372512843757957
188000	-2662.137062461685	-2411.901508314653	-250.23555414703245	0.06756290137188398	0.07982823336150623	0.08670777496439289	0.05621848154778956	0.1749080270472912	0.003174664568728113
189000	-2659.2433463776747	-2408.4825301366727	-250.76081624100206	0.05737547240611163	0.06224595022787974	0.09106898489296236	0.09788627696655416	0.21900710721185984	0.003151395353307043
190000	-2660.3274553874044	-2411.267148383472	-249.06030700393256	0.07222835600287121	0.07209557126513992	0.06570660085128338	0.09438044086130007	0.19525299988731273	0.002783682189497938
191000	-2660.3347016882863	-2412.2029792629814	-248.1317224253046	0.0684484317631496	0.07356603809484137	0.07315555135937894	0.13171983847779806	0.1918789226927167	0.002405997855751639
192000	-2660.7629843715845	-2410.537668090188	-250.22531628139612	0.05244659560707414	0.10339473000736388	0.1146436319654118	0.05208767702742394	0.181826133560227	0.00270079466334872
193000	-2662.729984126367	-2409.74813277771	-252.9818513486571	0.06028035710226406	0.08100678291082172	0.056745408501538516	0.1349439162419767	0.23607890295334152	0.003862346619200327
194000	-2661.8527237303924	-2408.971210312103	-252.88151341828961	0.045368341110631684	0.08059372867449219	0.1339475021768462	0.08054463825683307	0.21823191272182368	0.003174295773678684
195000	-2662.0891950926703	-2412.6821274167114	-249.40706767595893	0.050992588723079865	0.12697805711914584	0.06699285594418554	0.08749365351886955	0.15439916691754715	0.003854543587183537
196000	-2662.271677177905	-2414.3272906205843	-247.94438655732097	0.0736823373209045	0.09190264463159845	0.11562426650413343	0.1628732675697503	0.1805304395746086	0.0068121248320989255
197000	-2659.3180947716874	-2413.28841779494	-246.0296769767475	0.07288777181080038	0.09294212631971936	0.09758820251582463	0.09557914951305159	0.14638128564159983	0.0042005355584430176
198000	-2661.008232581314	-2415.0246440051824	-245.98358857613172	0.05482233654085167	0.09178182624346269	0.11780358910455258	0.12429461362347229	0.14475683724114297	0.0035212118305873426
199000	-2660.310306253989	-2412.3696654235882	-247.94064083040078	0.1272163144529988	0.07201098170069353	0.0810179306400242	0.10199219722855639	0.2001398595398484	0.0044998861468567766
200000	-2661.509848827366	-2411.7114869438697	-249.79836188349648	0.06958427581355914	0.06754551173187928	0.09290905616321861	0.0796754620215386	0.18200683849986812	0.002614332100933156
201000	-2660.8837202567584	-2415.975453495852	-244.90826676090623	0.12814267700537416	0.10755213453638685	0.11098727075633472	0.09687519791825673	0.16896957794826092	0.004934486892643892
202000	-2658.9290682393	-2413.188012916088	-245.7410553232117	0.07808961284056874	0.12133537903840376	0.14366256649434023	0.09007835665211114	0.1601277089841406	0.004648654738889326
203000	-2658.0937997452374	-2410.0796515317934	-248.01414821344406	0.06521028070648538	0.06318585525033552	0.1120429467940106	0.11935003845680224	0.19013016211787578	0.0033360268946361583
204000	-2661.674889353166	-2409.4545451677295	-252.22034418543646	0.04366176234434743	0.08640760537221893	0.059435597898288825	0.1405142880446993	0.19172502723357057	0.0033048843979965894
205000	-2662.360946226532	-2410.8709156320747	-251.49003059445738	0.07972760085442988	0.10472933103803177	0.06301133418349225	0.20199606560628952	0.20828510508719042	0.003864112091523326
206000	-2660.5063322482965	-2412.565364598421	-247.94096764987526	0.09078627323605531	0.08132694205968166	0.0838203732797953	0.06166366578206639	0.1788975039840167	0.003147733961734766
207000	-2659.4144213000623	-2413.6050839733552	-245.80933732670704	0.11229279214566552	0.0843961793574084	0.08122243961605403	0.08694147870383531	0.16863337363553482	0.004423105491952442
208000	-2659.6745206394025	-2412.2489310262117	-247.42558961319065	0.0689563803769575	0.0782196774316949	0.1263407560108098	0.11059986715268061	0.1849685888487351	0.0025855704774300553
209000	-2664.721669960966	-2412.3771525250077	-252.34451743595844	0.07407295656031582	0.05687732119551571	0.09866285486927982	0.05834174918218675	0.21080433161700576	0.003303326801912629
210000	-2659.1087112244813	-2411.0609702773645	-248.04774094711686	0.0681283513961521	0.08132346222863907	0.08599271236451926	0.12173746442372295	0.1878422792444522	0.003222257249921975
211000	-2660.3975883185512	-2413.048540499019	-247.34904781953205	0.05278518625876851	0.08118693659328706	0.08965264470546835	0.09764714255595425	0.1321257379248506	0.0036457530223558045
212000	-2659.1882669811566	-2412.781523503846	-246.40674347731033	0.06533404281490916	0.08150997472652462	0.13207441333208042	0.11630916079743174	0.17245488120196795	0.0034785221647585453
213000	-2660.323090186502	-2410.1534080415604	-250.16968214494162	0.09181197722490098	0.08517890210653162	0.16733366512074	0.19310580827635307	0.20764120987857376	0.00528782093842463
214000	-2659.7662157449886	-2412.972972685695	-246.7932430592937	0.09982954304011732	0.0966701891122941	0.05922413267730449	0.11410550003330415	0.17192833298219398	0.004388862246782117
215000	-2667.045152178375	-2413.7711794080624	-253.2739727703122	0.12673966442766268	0.1379998625419949	0.16668514985679303	0.10187750941025243	0.24749005244603398	0.008575760521479736
216000	-2657.8675274986235	-2411.9380343532375	-245.9294931453858	0.09505072867196393	0.06914320996148675	0.11680812887601032	0.13467490527653184	0.1768567525516059	0.0035549804411708096
217000	-2663.052799438956	-2413.7150638279445	-249.3377356110111	0.06119306055315422	0.08872951240176409	0.19058222860652413	0.06276415707240487	0.15018654625970537	0.0027058451252005558
218000	-2663.0370576230976	-2411.6457170283666	-251.3913405947308	0.06307696711425027	0.07312987989441984	0.06877573559930687	0.10222158500370375	0.1866396002817435	0.0025375441126255977
219000	-2661.4926838847464	-2411.312430742809	-250.18025314193756	0.04676403619575931	0.11729428054226143	0.13320910178898962	0.1081640375496459	0.21245407372046995	0.0035172530415962413
220000	-2662.016198279446	-2414.487860126556	-247.52833815289017	0.07778965062103645	0.08286577356311636	0.07999170378361879	0.0725975590993344	0.18224924735110198	0.002117514983857088
221000	-2664.410928212623	-2417.675590360296	-246.73533785232647	0.09038734318830877	0.08836351679767061	0.19070894383408257	0.06408961135920982	0.1520394770047766	0.0023941897284816024
222000	-2659.7029258981547	-2411.6458576507994	-248.05706824735557	0.061006229449322366	0.06801090188008474	0.0846395594607507	0.12540072731937563	0.15318853611359667	0.0028982763463614924
223000	-2658.371757814026	-2409.430180080136	-248.94157773388974	0.04984487046028902	0.1241431560281452	0.09563166901152095	0.10964426303846214	0.2044731433992614	0.0032613300225493094
224000	-2658.353438348421	-2410.978186964396	-247.3752513840249	0.06861331238081718	0.0957933117648582	0.1198820644739189	0.10486025828635889	0.18914082650399922	0.00469384518046901
225000	-2657.786946344225	-2410.668735106849	-247.1182112373757	0.07004996824870666	0.08733541842345473	0.09011423582454459	0.11394642504760154	0.19688078056237657	0.002948667708198339
226000	-2657.7688699071173	-2410.093107096034	-247.67576281108316	0.05446506727272107	0.10190046395749942	0.10040265134781207	0.12927553817370868	0.18701601956365763	0.002994743015619836
227000	-2659.51912411123	-2409.544330453918	-249.97479365731232	0.05274932954578216	0.0795429816465492	0.0843654435178868	0.12196700209308647	0.20949052834260642	0.00264571732448074
228000	-2662.3080647210304	-2413.6224063143713	-248.68565840665906	0.12436226083361182	0.08147485307252382	0.1006231193708994	0.054597826226106004	0.21047030953848875	0.0025029533258558306
229000	-2657.6135465252046	-2411.53215175126	-246.08139477394502	0.06353918545674607	0.09091805530500012	0.11064503276477104	0.12605578513970533	0.16217195551580976	0.0034438835929204025
230000	-2664.527723553532	-2408.968652381599	-255.559071171933	0.03504957115717969	0.07624642769633068	0.1362546735288366	0.05993432964709511	0.21155755617457409	0.0032227915828726018
231000	-2661.7731065859884	-2409.6080130032497	-252.16509358273876	0.028472014948309164	0.07788852938214894	0.13098445070171474	0.0934375562667541	0.16596366445290148	0.001905448186635435
232000	-2660.4460281792763	-2412.749405655274	-247.6966225240019	0.05678728392475826	0.12807323769331194	0.13687978097633488	0.10246885235717745	0.16845302846401283	0.005116564156132619
233000	-2659.9495257798503	-2409.8954898405063	-250.05403593934378	0.04457058479660789	0.07247385269914233	0.14335219540844366	0.09557753333639646	0.18171334199141517	0.002557295629668918
234000	-2660.9262676749945	-2410.315392876048	-250.6108747989467	0.03798656728118463	0.11669874080461722	0.08924028602923312	0.11545452783271594	0.1717329997432794	0.0029308428497306716
235000	-2657.4449183990437	-2411.441315973071	-246.00360242597256	0.08446284963324786	0.08258735491380215	0.10436646662290949	0.13995176103080842	0.17318674645453905	0.004276846961275826
236000	-2658.151582631541	-2412.3961587984268	-245.75542383311392	0.10503029371191522	0.08357631407945637	0.11312482111623863	0.08850935208202836	0.18329500644933963	0.00431530414617479
237000	-2659.2995053720215	-2411.911916932311	-247.38758843971013	0.08595226715975056	0.10038949315522623	0.11585392480513165	0.18009232947408133	0.1880488732296461	0.0038858329316840174
238000	-2661.9318596863973	-2411.5957008853457	-250.33615880105174	0.07024410502750329	0.04602330067851759	0.08290566085348344	0.09170436729167249	0.1653424590852743	0.004072811599011433
239000	-2663.7880548055373	-2412.335327047899	-251.45272775763812	0.08376406300733984	0.06033180746201645	0.19598324356783126	0.18220512758424706	0.19505022093869587	0.004437103405019738
240000	-2660.6012458246973	-2409.236473200249	-251.36477262444848	0.05019916485206201	0.08962114475513802	0.0740678466371113	0.13590303692377814	0.19136726926456768	0.003614294756105369
241000	-2663.7942195612377	-2410.8432458567363	-252.95097370450154	0.0772920255714097	0.11598813279463673	0.08546957520981395	0.16459643709028896	0.2171039578309545	0.0033531129142955695
242000	-2658.8779705856446	-2410.5287260956575	-248.34924448998726	0.058444785693889126	0.10739549905948624	0.13952162853314146	0.14737884681853425	0.2023054587441582	0.003626467055760808
243000	-2659.5849028766056	-2408.8499342296013	-250.7349686470041	0.07289203475448913	0.1401849639859907	0.14975924654006992	0.12051479189060817	0.26089773188889565	0.004504403656321456
244000	-2665.0315348213585	-2414.6590752230322	-250.3724595983262	0.06142025327279041	0.05550895611234148	0.09041890134880043	0.05133804513509065	0.10949822245715107	0.0022722209230786675
245000	-2661.24237786063	-2412.87080840334	-248.37156945728952	0.1066050698387153	0.10745118090407169	0.16432969540904988	0.13817872550714017	0.24230124520312954	0.003126580810902263
246000	-2659.9174856575255	-2412.916403877148	-247.00108178037775	0.11165831043900507	0.09618513332134031	0.12605701728720403	0.0764937453943293	0.20983816481708778	0.00338280008601203
247000	-2660.681544313475	-2412.265906727983	-248.41563758549233	0.062111754473522685	0.09535524085478655	0.06831627677705761	0.11616418685174928	0.19537973636470762	0.0035248852452859102
248000	-2658.2880690326906	-2412.8229104791208	-245.46515855356967	0.08076242487396827	0.08564600837032614	0.11449793888780561	0.09321348706358554	0.18066567889802396	0.0029028186507527864
249000	-2659.212189734195	-2410.6987885484727	-248.5134011857222	0.05762313924445284	0.07859088361767554	0.0892110549173425	0.10915919766004632	0.18975848117489472	0.004364135855935548
250000	-2663.359188242628	-2412.4354312531664	-250.92375698946194	0.08163213883278404	0.09084964234746289	0.14465501637797443	0.10560405250080282	0.22259511400306298	0.0046649560243113486
251000	-2661.2180645272147	-2410.8216498009074	-250.39641472630726	0.061589143400901554	0.05961643920307351	0.16128618401070252	0.07783952016981402	0.17960983228420235	0.002348277975059857
252000	-2662.6874555304776	-2413.08000806243	-249.6074474680475	0.04688073267219311	0.07925459704989092	0.1933952933061588	0.1309583576679625	0.15346722381859315	0.0025790724664119056
253000	-2661.0690503702253	-2410.021261949379	-251.0477884208461	0.0672579671830374	0.1611991208823021	0.12215033720729529	0.0984514059487085	0.22638438254458082	0.0046823134376056015
254000	-2659.5815467093976	-2415.544326929272	-244.0372197801259	0.09047578225138748	0.11045144331704713	0.12528506413643062	0.13686771013978302	0.16060818046015687	0.0029286447745906865
255000	-2660.84238506357	-2410.0227051461125	-250.81967991745768	0.05745256860578896	0.07955400420726295	0.1867718221346235	0.09160674232962274	0.18395876192996244	0.0031932040540050177
256000	-2660.269891032984	-2411.148235483238	-249.12165554974607	0.08553001022886475	0.10576199784661493	0.13275234410829856	0.1524091618887357	0.23100747495421894	0.005233814842161327
257000	-2661.692092470481	-2410.5742604231186	-251.11783204736213	0.062222684588391405	0.10863534841635368	0.05854559152894056	0.11873749432906687	0.19853699460486088	0.003071427037724821
258000	-2670.724165597044	-2420.5789819962356	-250.14518360080834	0.13551225479366621	0.0595741683935001	0.10826450846936424	0.15975104754009622	0.13523091107297516	0.010665478237834978
259000	-2658.7440580416887	-2412.3562976657713	-246.38776037591762	0.08890291449118877	0.08032881230700405	0.07154993176978104	0.10312747360454884	0.16574086205024688	0.00356276742401149
260000	-2661.8047781249825	-2411.322866780977	-250.48191134400543	0.07940334782757241	0.08481078331410719	0.18817176316719625	0.1627666113290826	0.2308416367981215	0.002824242545549251
261000	-2664.2071748697085	-2417.2575710241385	-246.94960384557012	0.16181460913182094	0.0852074751537297	0.0806687791951888	0.10580257062000001	0.1675585030736841	0.0034957470539473605
262000	-2658.301876644551	-2409.206302403502	-249.09557424104915	0.05357087768601502	0.08607030820818398	0.13220603516969326	0.09484211588314803	0.20253085830235829	0.0036945319151710974
263000	-2663.8819224260665	-2415.544762312192	-248.33716011387466	0.06534782560880519	0.07961547153768699	0.05584586197478654	0.10723005775418883	0.13351557122794488	0.004502598463511826
264000	-2661.5948448041627	-2413.5055077021357	-248.08933710202703	0.0739456666841535	0.06551711410847033	0.07128994627841649	0.14802076214378582	0.14031334501024761	0.0034847507383162393
265000	-2660.5116893072127	-2415.0115278492713	-245.50016145794166	0.12166431906943503	0.08648512768545283	0.0704951570074486	0.0904111396499988	0.1544828362342858	0.003580320202108382
266000	-2663.325635527142	-2411.9285491220594	-251.3970864050827	0.05844191788592577	0.06578431685171547	0.12734057042999405	0.04350700127277895	0.16431717853559177	0.0019874412037617084
267000	-2664.2186424193933	-2415.55250725887	-248.66613516052365	0.06046056583229156	0.1802971987126222	0.16879218893082687	0.13073155412932821	0.14311744652541464	0.004505686400247846
268000	-2661.2600088264317	-2408.6548161947244	-252.60519263170707	0.07879081339215273	0.11241337604536915	0.09180882131457464	0.09684533586977861	0.26692504420296725	0.0044589332738243295
269000	-2659.1830067859455	-2412.215617344032	-246.9673894419134	0.050941994036826754	0.11120548753229907	0.14034003484524887	0.119448293288391	0.16227230040946986	0.0029697686315381592
270000	-2663.673265318772	-2409.947881117832	-253.72538420093977	0.038290965893716895	0.08316506369226466	0.10834414993632455	0.09413459620990453	0.2191081793161781	0.0029663293292707784
271000	-2659.959250403485	-2410.394606709827	-249.56464369365818	0.07475829764008037	0.07321346561259756	0.07743550660129009	0.11616598891437473	0.19630240095029217	0.00308957278242612
272000	-2662.0866970925563	-2410.329455423208	-251.75724166934847	0.04424931703149151	0.10825682235349696	0.06179429319264288	0.09675492792493541	0.2013987973608596	0.0034084255700768474
273000	-2662.810790761706	-2408.1077546955767	-254.70303606612916	0.03876520616914223	0.10934551286803246	0.11082658078818151	0.12112981787137035	0.26179658581033916	0.0038044888956210985
274000	-2662.739447319347	-2412.571987054116	-250.1674602652311	0.05483464038268638	0.06337544407582556	0.07730970944207209	0.16496404333432785	0.1288225321405198	0.0031618752880477234
275000	-2662.861626167066	-2413.0573354504513	-249.8042907166148	0.06045904088675642	0.06970796620683933	0.08284132570227606	0.11356577721455965	0.1897727764354979	0.003578762760024204
276000	-2659.6628901568674	-2413.6881958666345	-245.97469429023286	0.10659181366759016	0.08211222704295999	0.0971790073862417	0.11789915736348054	0.20303890216989154	0.0033783442057352276
277000	-2660.188684636479	-2409.611043520369	-250.57764111611021	0.05847667730319662	0.12918880322492002	0.11171811279440476	0.09662672929299551	0.24705305711399195	0.0040729183614780775
278000	-2662.811984790196	-2410.3350269318757	-252.4769578583207	0.0578010744942789	0.12256329429897138	0.04637960351844938	0.13987196733963234	0.2035367505649014	0.0039513435328909895
279000	-2668.0335637611174	-2414.4771570411526	-253.55640671996468	0.07857456108473633	0.16628955971918646	0.08228220931410593	0.1541914762616246	0.18541840337813706	0.003281135175709188
280000	-2661.144162198174	-2409.297898445952	-251.84626375222228	0.09193038452400619	0.12786386892109713	0.12488922875829492	0.05686155849159106	0.2542571036182639	0.004985214388600777
281000	-2661.9575345308385	-2414.102908375671	-247.8546261551672	0.10392026495158224	0.11962659026437218	0.1646086099170968	0.14384496414403183	0.17700713016960878	0.003766836505418674
282000	-2662.1053276736693	-2411.3949092384064	-250.71041843526305	0.12340021492827631	0.14272726207510078	0.14030641996651563	0.05778275218350043	0.22897295637551995	0.004255507396670646
283000	-2659.766670060911	-2414.7619454337546	-245.00472462715652	0.07109410490093618	0.08230284888730272	0.12525298201792515	0.10276717430632518	0.13925453440592067	0.002690910533247758
284000	-2659.764171977959	-2410.495455592571	-249.26871638538782	0.06020413946145135	0.10552522929435401	0.13909088078239315	0.12437134993396776	0.2242153297563741	0.002602297023188323
285000	-2659.074613583017	-2410.5016162029974	-248.57299738001927	0.07400569848532297	0.062147773882801245	0.13132229837657317	0.13306022052545102	0.20607646588572373	0.0029600039924166125
286000	-2659.942125374372	-2410.146965428995	-249.7951599453774	0.07749927168589082	0.11494631394871842	0.11870507589436405	0.05531882108990651	0.22373571018443725	0.0033728330051521218
287000	-2665.6859785042343	-2414.0103882560034	-251.67559024823086	0.06744140804359264	0.12417225324274601	0.06782768371839276	0.03935944864262998	0.14301317590678747	0.003454622077019665
288000	-2660.5371276947453	-2408.724626272485	-251.8125014222606	0.04344992037572188	0.10517231525357605	0.0952368616932166	0.07015435982419597	0.22199341167228528	0.0026110587236914348
289000	-2662.5757641361565	-2417.355306169413	-245.2204579667437	0.10680153786110921	0.08403488922329802	0.08502185740872341	0.15522672953685768	0.16332084824386833	0.0033359424455710806
290000	-2659.161956269631	-2410.268229194229	-248.89372707540196	0.061718446468735005	0.08964132029837876	0.17673823089447216	0.10646659028689003	0.21075631415550888	0.0028511121186714974
291000	-2659.7367230400587	-2410.2245040561716	-249.51221898388707	0.06343048782609868	0.14182608789010684	0.1577210701840646	0.10460731205850396	0.2038725944348085	0.003971580427345191
292000	-2658.5192852739187	-2413.172961716081	-245.34632355783782	0.08274377569758529	0.07594612613064572	0.1293390479027541	0.10712985354420342	0.1505400061557413	0.003609913529575892
293000	-2660.1029318588894	-2412.2019930315137	-247.90093882737588	0.08397151794687403	0.06850295553974556	0.13115677908810477	0.084213288581862	0.18680057906839498	0.0038518374318146963
294000	-2662.3068811503385	-2414.6913581228855	-247.61552302745307	0.09313115860465802	0.06824988521772905	0.06828403759891084	0.07015510624982216	0.1325866675272896	0.003296043854079161
295000	-2663.5490726622775	-2411.729067529378	-251.8200051328994	0.06184915968250651	0.14720471630805576	0.05053138503390107	0.07483358935995246	0.182225389839487	0.003902047101757345
296000	-2659.732873322394	-2410.952186884747	-248.78068643764726	0.06758390029999439	0.10715261086395896	0.10273515316452313	0.07370479654047743	0.21001120558352174	0.0027796850613693766
297000	-2660.7106197606768	-2410.910812113856	-249.79980764682068	0.061888662063447904	0.1301941604732504	0.0797604607476311	0.05974249690965405	0.18230127943741117	0.003725156024308383
298000	-2658.369813354414	-2411.319445462548	-247.05036789186556	0.06485973310886549	0.07976118001989344	0.1281925340093169	0.1156995815931592	0.1832857385815102	0.0033366646118813924
299000	-2663.8548038915005	-2413.603598557314	-250.25120533418678	0.14822692622901226	0.05391399167500465	0.12942111755908808	0.12274742904549711	0.19769799386740922	0.006483226975776908
300000	-2659.8867705831603	-2410.117337845804	-249.7694327373564	0.051519415548226234	0.08410108374711228	0.11496767190102442	0.09724112355314066	0.19800137219810812	0.0023779371371257314
301000	-2667.5399057543664	-2417.129786979337	-250.41011877502916	0.13949373503774937	0.04947710614084401	0.06044866989077354	0.12253865134066838	0.1604095699993404	0.0024357829171453658
302000	-2661.378069293332	-2415.0687719829875	-246.3092973103442	0.08456044435775496	0.1627563166848794	0.14056918834464546	0.08967774236485376	0.17597052098444452	0.0038084153059214703
303000	-2659.599273499831	-2411.1583110694364	-248.44096243039434	0.08222469519747502	0.12520709467358343	0.14073475321956214	0.09778418213711601	0.22976226691679588	0.0046200860469752325
304000	-2662.6029652607795	-2410.812019025406	-251.79094623537375	0.04857262112068048	0.048917230593575486	0.07252978650432158	0.08871955493758758	0.1390917374014291	0.002867575587544661
305000	-2659.520325773926	-2411.2494134424996	-248.27091233142633	0.06721550250348947	0.0748681605866356	0.08006271704431485	0.10478598745112218	0.18149178114496545	0.002923674666427078
306000	-2662.1731128074475	-2412.679652666858	-249.49346014058926	0.12054301249524242	0.15483858267121983	0.12472811879243274	0.08895143382498143	0.2149404311118772	0.004533026435896615
307000	-2666.0360304002	-2413.0567085693783	-252.97932183082165	0.0775633124622977	0.06969696820169906	0.07246576457572909	0.03652215884797001	0.16721048907076355	0.0031052679311229523
308000	-2662.4113484653785	-2413.348417724989	-249.06293074038948	0.07611959453546263	0.07705493400230429	0.08295001587814352	0.06993024903247361	0.16487899008956022	0.003862227346849141
309000	-2660.348223916987	-2409.766673307997	-250.58155060899037	0.0511812930769983	0.08312324171896669	0.10728619808805517	0.07719884813944719	0.2014438165900114	0.0038174612024241598
310000	-2659.315973235219	-2412.299489069505	-247.01648416571416	0.0705580539258515	0.08499492574113887	0.09321957157990075	0.08519918130460111	0.17809477853963052	0.0039017814584591842
311000	-2660.861999451591	-2410.2243727470905	-250.6376267045008	0.07421786074295128	0.09800924122964702	0.0538174015994411	0.13617885347447592	0.19757798573516192	0.004069755337475827
312000	-2660.2986413717867	-2412.1563609748655	-248.1422803969211	0.08263812038296987	0.14400462677419923	0.10236959179988409	0.0649543203224351	0.19083186701204907	0.004775441222781727
313000	-2661.4654610952357	-2412.850292738358	-248.61516835687783	0.07610205510834854	0.05292541930661845	0.1023972162409607	0.10157447122822633	0.164149706697345	0.0022734134039556885
314000	-2660.8493054495716	-2409.8437691724175	-251.00553627715428	0.049451488898674206	0.08946477248687117	0.1716269032350867	0.10281008809565811	0.20648524108652067	0.004414923030592453
315000	-2657.4855948574714	-2412.0170087668985	-245.4685860905729	0.06991876906108944	0.09185410291504292	0.10153168979731922	0.11835650841789823	0.160775057101846	0.0036625219613954894
316000	-2660.586846960715	-2409.729969681743	-250.85687727897152	0.06077389933490038	0.05728626216878125	0.11795548157126376	0.08198019526951983	0.20163560731207136	0.003530857346443455
317000	-2663.2041235853117	-2415.555407602004	-247.64871598330785	0.08232862606660885	0.04874548601251235	0.11030812079507153	0.13235107897228535	0.16778387645733303	0.002693653577639065
318000	-2659.186131254932	-2413.377596967642	-245.80853428728992	0.07415853123337118	0.09638790591859539	0.08750671132671084	0.14277600818874386	0.16983124792459045	0.0027410207220180498
319000	-2658.7075267346327	-2410.4064261079975	-248.30110062663536	0.07003910582759226	0.11645024233831006	0.10130226936440208	0.12932498808777576	0.20365271555228232	0.005005384610085087
320000	-2661.9664510020148	-2413.799223599006	-248.1672274030088	0.07194376845975188	0.10189109331043912	0.05314931934689971	0.08954652839341973	0.16824098998939438	0.0033415978481653166
321000	-2667.50123026797	-2416.0220047195403	-251.47922554843004	0.20782239031479932	0.10577209326085553	0.11186725046180113	0.07644034126290847	0.2153848164635289	0.006674557991099714
322000	-2658.77770186336	-2411.3293348928964	-247.44836697046364	0.08633399864152631	0.12115991923495141	0.06705835567980832	0.11562043017460356	0.1943577272472301	0.004862896202976595
323000	-2661.688181613056	-2411.8160659700625	-249.87211564299352	0.05335485239685751	0.10162504554683227	0.11627440356881273	0.1725385434769354	0.1700542370852405	0.0027051106675641153
324000	-2665.7670203810217	-2415.795371361418	-249.9716490196037	0.13620380194923998	0.06456411528817065	0.12292634919448354	0.192138100043233	0.14167143951021624	0.005557316806174786
325000	-2661.3290555270364	-2413.981606985461	-247.34744854157555	0.10830306126208597	0.07563135617489412	0.11918875609561776	0.07374713549073503	0.18638028792935618	0.005005308691147823
326000	-2660.02612253322	-2409.0328571401287	-250.99326539309135	0.04020729812133189	0.08115869748526519	0.11565153459136238	0.08406126128498784	0.1942245328758258	0.002181294879763669
327000	-2660.2878242318457	-2412.5328838216437	-247.7549404102021	0.0535818260476573	0.08839706144381095	0.08964477420366773	0.13541597352051607	0.13862520844467702	0.0035101351967188887
328000	-2661.368509343134	-2411.958278611264	-249.41023073187003	0.08405377746461119	0.12868049251856675	0.0656476198361084	0.06650417355442202	0.18737566959656674	0.004127092655399495
329000	-2658.626911517159	-2413.1036710549315	-245.52324046222756	0.07640383986905935	0.11879692836164825	0.12485276724858177	0.08445300426946761	0.16287874273147324	0.00439957957737418
330000	-2661.9034687700087	-2410.368179263713	-251.53528950629538	0.061021111092075433	0.09776139969243212	0.23665065637821497	0.13020825215214876	0.19633302623184876	0.002970632521354839
331000	-2659.3283159076204	-2409.933212908574	-249.3951029990464	0.0538410754096106	0.07254148914628769	0.08509080091550128	0.07688915972420951	0.1748189403721606	0.0028843353602992466
332000	-2659.7127993951053	-2411.9555007104545	-247.757298684651	0.09028016575585028	0.10074489463491007	0.0742470624749716	0.0941219655352619	0.19985966910797473	0.004484955009696119
333000	-2659.585831106017	-2414.422278988701	-245.16355211731627	0.1179817682844998	0.08999457069580548	0.10146234832796437	0.11314887083778112	0.16795798538740855	0.005120923080248416
334000	-2661.9519943146192	-2415.5994309876	-246.35256332701923	0.07535971931535812	0.08727471451449151	0.07891981018205896	0.0733732823014464	0.17330040996460727	0.0019782888837318116
335000	-2662.633567476401	-2411.136752077836	-251.49681539856496	0.059187547811252746	0.0652211272745748	0.08813891266807569	0.15144090983679123	0.1850650060875741	0.004786303449169614
336000	-2659.9335705225494	-2411.4554902568625	-248.4780802656871	0.04788076083101439	0.07447239381793086	0.12074835294156276	0.1067041978539454	0.16368259342629152	0.0033799771661263294
337000	-2662.363045685416	-2410.7039588556654	-251.6590868297507	0.05279868353298467	0.09141423311217699	0.06561581671181618	0.10622252253036721	0.21570729645592998	0.004784862243070368
338000	-2660.7997810014635	-2408.921716795898	-251.87806420556547	0.04584890781101499	0.11548284155345613	0.1164611067090851	0.08933550168770371	0.23591131125705778	0.0036113015466547106
339000	-2657.6700494647353	-2410.012978304757	-247.6570711599784	0.06439692800324781	0.12295026507478388	0.130076475618002	0.11241483383017038	0.21013164271868723	0.003750898675137496
340000	-2658.3238067934612	-2411.534176434528	-246.78963035893327	0.06278274631848473	0.10195213450914142	0.08217275994272123	0.10933970734110691	0.1779079774119143	0.003155698008324322
341000	-2658.3584237885857	-2408.4464941093706	-249.91192967921495	0.05611821461165097	0.1003951403561522	0.10758421104533239	0.12530750223036616	0.23811273640584757	0.0032070756666672316
342000	-2658.9501641112533	-2412.440679321706	-246.50948478954757	0.05711685340358362	0.10348316403935487	0.10203461356982005	0.10072451936673289	0.15003119912681792	0.0035458279101024575
343000	-2661.0599453595073	-2411.3577080019118	-249.70223735759544	0.05283939018702036	0.06026460761665792	0.15610309443372128	0.07469486099909696	0.14817366480523558	0.0029684266434988524
344000	-2663.075190268874	-2416.7990247160187	-246.27616555285508	0.1422907792628933	0.059416342808400344	0.14208774524756665	0.08123085301777795	0.16879497206757615	0.002221519663840563
345000	-2658.442781853532	-2410.60983066603	-247.83295118750158	0.07342607421849252	0.11641987306793398	0.12084156912424956	0.11847218450118188	0.19481547546981418	0.004604280780796289
346000	-2660.0943774183743	-2412.379015589895	-247.71536182847944	0.061102800764229415	0.09576601143767687	0.11244083355661498	0.08742530207366374	0.19839513622417893	0.0038244895307680705
347000	-2661.5885480997636	-2414.3855551428705	-247.2029929568932	0.0735600601030822	0.0987446418357466	0.05881212593531548	0.1141317011416123	0.1776194773261657	0.00268108382747568
348000	-2659.5346611784194	-2409.825542478116	-249.70911870030352	0.04617429170639081	0.09750218954251345	0.09110336320200124	0.1556639861393214	0.1843706909722008	0.0027910338639903173
349000	-2660.006566121814	-2411.7325091019134	-248.27405701990062	0.07891786958232247	0.07322143068962475	0.0942478997091408	0.07788111440070296	0.18818134257471997	0.003112244259718612
350000	-2661.7973458097426	-2412.3207670751854	-249.47657873455717	0.1121131526486681	0.03900311015009895	0.10308381761832346	0.1077401125393724	0.1729424262661771	0.003885671685237521
351000	-2660.7673460414476	-2414.7511276617897	-246.016218379658	0.09986641892389546	0.06986539952776374	0.07558242660867201	0.1217026737582835	0.17360027463793362	0.002438270325477475
352000	-2659.8452262463675	-2410.978891379511	-248.8663348668567	0.043607637374184965	0.07651066229607485	0.11011513911305297	0.0903755618641438	0.15808075135096292	0.002693581247573476
353000	-2659.271246588554	-2413.421201719674	-245.8500448688796	0.07869230694199174	0.07550508242144063	0.10932414269106136	0.09775866821963743	0.15522473805798773	0.0038119442964895996
354000	-2659.3108102590772	-2410.614372579696	-248.69643767938123	0.07023719353240448	0.09118724903313992	0.14369828035416765	0.10941736173278319	0.22299002148937183	0.004372602525197607
355000	-2660.234613721288	-2412.889288349154	-247.34532537213425	0.05582407642797887	0.08278578768513793	0.13582021564849733	0.13036155272812927	0.14475613486589503	0.0029969558810964895
356000	-2661.9129345813867	-2408.2462367663948	-253.66669781499198	0.06939112980215142	0.07142920240252683	0.09432737154306635	0.18219089065390953	0.24854851842684694	0.004509547562784094
357000	-2664.004777812116	-2407.4921981905577	-256.5125796215582	0.04789140976508965	0.0784688468952941	0.21609896765074343	0.08489341205727481	0.2612081125281623	0.00289745979590815
358000	-2662.543566634195	-2412.6670253770844	-249.87654125711052	0.06456516247148165	0.13374702646211925	0.08963274482219896	0.07071789906350932	0.1695922320427407	0.004896564344417552
359000	-2658.277898426223	-2412.10190362069	-246.17599480553304	0.11469342219307521	0.09256394163094428	0.1105494530760494	0.13237744896255388	0.19916671006124334	0.005811536694690748
360000	-2662.3334665251855	-2410.8686188043744	-251.46484772081115	0.04449719321255087	0.08071592216742514	0.07771605722247653	0.10363874923908674	0.193353579172174	0.004041239397532491
361000	-2662.06408225803	-2412.6837219350296	-249.38036032300016	0.08992914223232645	0.1111260192773031	0.1372495824108528	0.06019608923431123	0.19373334523658509	0.0033871735077391284
362000	-2658.562897154166	-2413.0976471431804	-245.46525001098573	0.06405282519669915	0.1056869494553263	0.08939458833803864	0.11751362184034535	0.15392979849982596	0.0035948329810357874
363000	-2659.583582071218	-2413.7555154319252	-245.82806663929293	0.06208203418659459	0.12615100606498478	0.10912011689769142	0.12213884066782266	0.16293737176496034	0.00406794735354967
364000	-2664.6675511711233	-2411.875396569836	-252.79215460128736	0.05419592064721034	0.05273900026268448	0.0962791911610879	0.08053684597807993	0.2368427552982083	0.0016312705385255666
365000	-2666.7727684890674	-2417.3134006065293	-249.45936788253815	0.055198204414673394	0.06790487754903969	0.08372386940754588	0.14809332308757941	0.10909355860764343	0.004867197069774467
366000	-2660.8073530741267	-2412.8157753847636	-247.99157768936308	0.07737558938661686	0.12058628386853021	0.12018667867931646	0.15438948598642938	0.19947514003965386	0.00650049928229017
367000	-2660.803813442526	-2413.6218875468885	-247.18192589563768	0.08104113951023356	0.0788369149298945	0.0859414236381918	0.14836208549691526	0.1865541239465674	0.0026762661021741806
368000	-2657.439329330219	-2410.0955915666423	-247.34373776357674	0.07153918509875482	0.08823339721486775	0.09395737823366193	0.09626530258996159	0.19664105982959168	0.003623753468934344
369000	-2661.64288156761	-2410.9884044849723	-250.65447708263758	0.05791764069185775	0.06325806332237258	0.09934502135148846	0.07842342969309471	0.19391776814660266	0.003507486691127196
370000	-2659.8100187032164	-2411.01272971915	-248.7972889840668	0.037810203392390156	0.09895817430767091	0.11396993048261915	0.09627464028979839	0.15599644970396742	0.002314327194786303
371000	-2660.9221358898158	-2414.1643825142637	-246.75775337555228	0.07178494360145997	0.10674820209112615	0.08159461084801446	0.06932517159538759	0.1570467135416132	0.0037028559852644426
372000	-2664.0283351560183	-2419.6897763158254	-244.33855884019314	0.11776264398746825	0.15164240154193834	0.16407461077455168	0.0967190511641464	0.15793676147624724	0.0028503048156584628
373000	-2660.843107693384	-2412.0214277054665	-248.82167998791738	0.11090463277383428	0.05331903295861723	0.16363743720996007	0.1367198463374085	0.18118423378014012	0.005351370446815827
374000	-2661.71271679309	-2409.6375662933806	-252.07515049970925	0.05763214975233188	0.08631124965923616	0.07168604266007439	0.05444129044468149	0.20790307814280945	0.002658338352636272
375000	-2657.507770932713	-2411.7124309260134	-245.79534000669955	0.0759121987846881	0.08068240199666221	0.12791524191654724	0.11358087250251046	0.17860106592767164	0.003059535659196806
376000	-2659.176330237609	-2411.065624788882	-248.11070544872683	0.07425068310533667	0.10116281120970633	0.0811525454569906	0.08213528742286218	0.18885619981842694	0.004357601057399796
377000	-2664.3225126170305	-2416.915969711615	-247.40654290541534	0.10578971707927608	0.050641491483819086	0.07802605723174229	0.09670550573532384	0.10511770320108156	0.0037150607206423176
378000	-2661.631164026999	-2408.339688167397	-253.29147585960192	0.052924597482646836	0.08408349290244689	0.0627788036003972	0.08305271802846662	0.23011870193184786	0.003128997686406691
379000	-2661.7562822485656	-2409.2314523995346	-252.524829849031	0.057614621762202306	0.09672417392448936	0.12369821561557298	0.05891623266233301	0.24504567225432977	0.0026008479925872406
380000	-2657.9126656219073	-2411.698476337334	-246.21418928457348	0.05905340458208719	0.1032601222985185	0.10749392448650605	0.11355157707091282	0.16213675066235486	0.0035428194412065765
381000	-2665.2163839811283	-2408.9005052581156	-256.3158787230129	0.056433692485333434	0.03010684959336793	0.08553475556329831	0.12754381672335416	0.18878299495152578	0.0034626731679013737
382000	-2660.978401507014	-2411.7645196978688	-249.2138818091454	0.08585125981128333	0.14915610726240527	0.12883340861315135	0.11826705171523834	0.24399197624007765	0.00593790700492747
383000	-2661.7391793176203	-2415.577510178216	-246.1616691394041	0.11769497584338345	0.07014347985043738	0.09343254903100595	0.10095032828747341	0.1672792934514843	0.004258562158083255
384000	-2658.6867078514683	-2411.040238055847	-247.64646979562127	0.0912587103642115	0.09043926685771467	0.0964386767412394	0.09169017014936243	0.19979823939949182	0.004147351888836204
385000	-2663.142906486263	-2412.3832003349503	-250.75970615131314	0.07713212801656937	0.06610651230206	0.09903238136996292	0.14789677554208547	0.23853206235116703	0.004180339126899041
386000	-2661.777598864418	-2410.7388296398	-251.03876922461833	0.08132611615849167	0.09704182076707102	0.2322573208481009	0.1127072004019947	0.21229236745485805	0.004890720983674613
387000	-2660.331115333232	-2412.5704642561977	-247.76065107703442	0.0830953224792297	0.07848962888381972	0.12198690015406001	0.11897342648856701	0.16046683653119828	0.0037703772472470155
388000	-2658.2767347008125	-2412.8611332231662	-245.41560147764625	0.07362682340051366	0.10128764737451143	0.1022632218543393	0.08066437821579957	0.16636731996937368	0.0029481228658928193
389000	-2657.5263502965395	-2410.8790328364666	-246.64731746007266	0.07058803882492069	0.08921135743392572	0.10200405569522288	0.11644384011272947	0.19267797925328742	0.004140572910416222
390000	-2659.5414417988563	-2410.4974725006227	-249.04396929823352	0.04041316983832794	0.10779132073821991	0.11390252111307898	0.1002056309331556	0.166888631275075	0.0031285528802642614
391000	-2659.318387903327	-2410.0425389166803	-249.27584898664708	0.05858140844068968	0.06492741079803596	0.07956923317444056	0.14955232836431875	0.18086498194488554	0.0032525032983209577
392000	-2661.08508904454	-2411.015546493457	-250.069542551083	0.05690766260941922	0.13962379395413746	0.10208264247755194	0.07504586121973082	0.19158742493422853	0.004768476470921832
393000	-2661.591388465662	-2415.4305752525006	-246.1608132131616	0.13864491265027623	0.06513592607952601	0.13042367204435382	0.0910158759701047	0.15337998355620433	0.005011994501600567
394000	-2661.27463810321	-2413.2744835328713	-248.0001545703386	0.1065812340949975	0.11057298809487809	0.10303499727494574	0.08149237419762045	0.18103114543371177	0.005284956055495516
395000	-2659.6778271251865	-2411.40496804775	-248.27285907743615	0.061609576545993014	0.1109403514905634	0.07426651002750698	0.07110469408598906	0.17802891482922908	0.0029001418115727103
396000	-2663.613104255474	-2412.1971898366855	-251.41591441878845	0.09550851461856269	0.04168918101039588	0.07082247129915907	0.07633235546876141	0.17656221888738433	0.0029111927377062923
397000	-2661.9156921514204	-2414.7630602089484	-247.1526319424722	0.11357166484541681	0.14093344543029085	0.14416927176768043	0.06106058909287146	0.16173709364895417	0.005039239847058442
398000	-2664.2267905822655	-2410.773600780293	-253.45318980197285	0.06954447900656986	0.05799469758111161	0.09642047763358155	0.0668388641819377	0.25454053339956356	0.002918922440591083
399000	-2658.761125597273	-2413.188243643871	-245.57288195340192	0.08377210577578836	0.07425513664981492	0.08482541268284452	0.09867925855916196	0.15225256612271296	0.0031229145516636744
400000	-2663.694902453199	-2413.6339113902986	-250.06099106290054	0.07526653333805554	0.04680575892303054	0.06670781409184645	0.11314064631046669	0.17431600537378486	0.0024327078081169094
401000	-2664.3757317069376	-2411.3732294209008	-253.002502286037	0.09861838917696403	0.12867998365807107	0.0418622225296331	0.09510344544019471	0.23936531040755446	0.004854831206811481
402000	-2664.8517597503865	-2411.2070670374405	-253.6446927129459	0.05713027184433022	0.04401563412846448	0.06306757559274109	0.13726598261100906	0.16858469199563803	0.003567547037080159
403000	-2659.6274756573857	-2415.0125324617566	-244.61494319562914	0.09521321572805588	0.10470510131443107	0.08186837986651321	0.11421004488310804	0.14997617351649897	0.0038953689006189793
404000	-2659.856823403354	-2411.991835648945	-247.86498775440884	0.0700008526377243	0.08361018957503971	0.0784152590750916	0.0760753677132145	0.16396567939725795	0.003035471195668759
405000	-2659.7248200149133	-2410.2683292689503	-249.45649074596284	0.06692250551258243	0.07426313425144837	0.12037558736501354	0.17688172969020607	0.17910298307118577	0.003517956578197808
406000	-2661.0507293360583	-2415.4439296414207	-245.60679969463777	0.062122486631551684	0.0795876958957616	0.08583637723147282	0.11639242229621527	0.12890211973449775	0.0021425428874749072
407000	-2662.2542358088494	-2412.857020584753	-249.3972152240965	0.049785191147471146	0.08123843205513487	0.08697918917624402	0.062252680194653555	0.13012733759483291	0.002922186200205576
408000	-2658.80105885578	-2410.2476939909648	-248.55336486481517	0.09290356850986654	0.0716234717751373	0.13119503287028933	0.17159479724848464	0.20972881166352744	0.004159539799490812
409000	-2658.157103850875	-2411.8694411358338	-246.28766271504145	0.10047652571897014	0.11138532278290914	0.09036923141987922	0.12319220359000542	0.21406639263605207	0.003822042674793197
410000	-2657.4928983482573	-2411.1113671883004	-246.38153115995686	0.0960163324404711	0.07947853044896364	0.09865616964228854	0.12315271554192109	0.193085982749124	0.004570081776754559
411000	-2659.7226016331724	-2413.217048621266	-246.50555301190678	0.07049360689772431	0.09348977199144255	0.1365675035442289	0.12226556767345698	0.18169438904562596	0.003863085144349657
412000	-2657.8769278509317	-2409.617421651529	-248.2595061994023	0.06801006373569062	0.11191103181624273	0.11798431117633061	0.10458332548396221	0.22734266657050492	0.0037597361770703506
413000	-2662.9412810168105	-2414.063346471757	-248.8779345450534	0.06839377215404757	0.08840197067865108	0.18641367962325708	0.14231872910579588	0.20747776642299665	0.0033241316405289135
414000	-2658.2055242822435	-2411.5804720547367	-246.62505222750693	0.06005925175128856	0.08125976832525376	0.09919624324498537	0.1219543559118834	0.1638668819619794	0.0028448216534958325
415000	-2660.56056872127	-2412.5311015129264	-248.02946720834368	0.09893932030150025	0.06016915415530052	0.10231790085071363	0.11228752425720318	0.18849385017887452	0.004777634664323858
416000	-2660.8319933325597	-2414.7506362094	-246.08135712315985	0.12769307833534876	0.120965143212603	0.11973931865928424	0.16068941415903076	0.1697560214164525	0.007790812895896452
417000	-2663.1242782912977	-2412.1693628253424	-250.9549154659551	0.0793199923776795	0.08931893995570546	0.05004689052632404	0.13935317108667922	0.19616222431506844	0.004031226726657565
418000	-2663.6784991304444	-2411.2797137370785	-252.39878539336596	0.03623244075755607	0.08195891972864602	0.12435252491433069	0.13255459416989804	0.16891099034501955	0.005160139644043567
419000	-2662.839870465907	-2414.5318878830376	-248.30798258286956	0.09282142598039032	0.11422389634766787	0.10666500421554578	0.047522778730551815	0.19169518989840614	0.003043256297210892
420000	-2659.8056916679716	-2411.6251545060545	-248.1805371619171	0.0773859252798333	0.0978371205340116	0.16707946391191347	0.1679494287043825	0.18655722204324693	0.0033306718409899625
421000	-2665.390200098729	-2416.3534206083264	-249.03677949040295	0.055067390598332815	0.06964354381793285	0.10749739737567203	0.06919853459672301	0.11801506019271073	0.003763174586584834
422000	-2658.8899898915215	-2409.1058311315583	-249.78415875996316	0.07414126758067163	0.06735306049634754	0.08565768443245683	0.11343891201644378	0.22850682747587842	0.0034444362952532758
423000	-2660.011788218962	-2414.1998499098668	-245.81193830909515	0.1026824535242142	0.11700159196636259	0.14005411938128645	0.07476332749147876	0.1627830199379258	0.004428679478529844
424000	-2660.992443120383	-2413.282196807594	-247.71024631278908	0.08587750798609516	0.09097396177858363	0.09407225597489513	0.09558083328277887	0.2383271813757546	0.0024986680963400678
425000	-2661.157535574555	-2415.5904180887865	-245.5671174857683	0.07222197279246728	0.10441442579211009	0.08699687122810158	0.116920173389519	0.17078308553915728	0.0022995036784586925
426000	-2658.5866835869224	-2413.1051739794357	-245.4815096074869	0.07183028850783983	0.10100688771442447	0.0998593792823467	0.1385161909182658	0.1678498084652022	0.00290221081776499
427000	-2660.608243963939	-2411.736044905365	-248.872199058574	0.07609145440511642	0.07828449936236254	0.10227343630750879	0.08545503444435738	0.21320699627261636	0.004494916702446433
428000	-2662.3913165958943	-2413.6705819581603	-248.72073463773384	0.04071835312925321	0.10263875372164985	0.15953837756711975	0.08583117056918335	0.12933924096644112	0.0023214446974026497
429000	-2667.0996123568293	-2416.671038846807	-250.42857351002235	0.03889849753072757	0.07176738650426143	0.08347550441738834	0.15702305919604156	0.11447442913239718	0.0019934544058094065
430000	-2661.2741625574363	-2408.8595473778305	-252.41461517960585	0.05765507915511691	0.09984057810680938	0.13868429328198079	0.0615807659263159	0.22992136065833493	0.003091970138118092
431000	-2666.636880502505	-2412.9879954756357	-253.6488850268691	0.0796415185585023	0.06770295975218914	0.07645018275748869	0.05867317689767377	0.19493728936139693	0.004159241425000753
432000	-2660.2973129682364	-2413.4715386212256	-246.82577434701088	0.07333773301215009	0.12271440311782231	0.07572066899880883	0.08859024831320875	0.17472058474740051	0.0028854988462107406
433000	-2660.5046912369457	-2414.962855067997	-245.54183616894846	0.10016841473284654	0.12599665521477804	0.14346193806408203	0.07334710874940759	0.17950358534133004	0.0031574305858752074
434000	-2660.214750473411	-2413.2822943410592	-246.9324561323519	0.08499188076914577	0.11601901385365126	0.12703467867322188	0.09778306559638812	0.21439696009742176	0.002919819540861372
435000	-2663.083172228234	-2413.5299413191783	-249.55323090905583	0.09376857034633232	0.0822554511301195	0.05723202441907788	0.09754611690521983	0.1719154776415971	0.0034632218365229918
436000	-2660.0243659837324	-2414.0637130735563	-245.96065291017624	0.07975061168977413	0.12038870046161858	0.14830932647066403	0.13038690876882292	0.18639321074538423	0.00359194348946038
437000	-2664.935004258152	-2412.351832796636	-252.5831714615162	0.0527184526896579	0.07134009628416181	0.060539534462828656	0.10549184619463692	0.1617396679914381	0.004178854272709362
438000	-2668.7971155397468	-2412.630176426454	-256.1669391132929	0.06963820067269194	0.059862018532467545	0.042133984906608433	0.06015018053984154	0.19793757257898076	0.0034304342635491317
439000	-2662.9559037417544	-2414.387613698729	-248.5682900430251	0.07616552488917414	0.07232622852476472	0.14209158477130643	0.12819013792451175	0.14600460843392668	0.003896748227166911
440000	-2661.603608191675	-2415.200087791486	-246.40352040018894	0.12760506073297173	0.1019728976303392	0.07872514425011683	0.06532072749498612	0.17052651644493283	0.003279454848599846
441000	-2664.0162682611726	-2414.268404955684	-249.74786330548832	0.08385581553272767	0.10910820435124996	0.15971333451638645	0.053679640635406305	0.1754707638420211	0.0033544832547264085
442000	-2660.043304532536	-2411.76690076051	-248.27640377202576	0.04955740825563373	0.0700245725541496	0.1381943170048137	0.08999312552572977	0.1384819490313073	0.003182743179689738
443000	-2658.914414473293	-2409.447620844613	-249.46679362868025	0.06858617943107412	0.09674126745994321	0.13943753089687091	0.07060513320831839	0.2197617294744719	0.0035839056650404898
444000	-2660.979895154552	-2413.27174451159	-247.70815064296218	0.1458925362435086	0.07416305309167755	0.09908585896509134	0.1557065136197324	0.19040572242495732	0.004751251740811278
445000	-2659.681898473911	-2408.736134074672	-250.94576439923907	0.04864024554244628	0.07334770000809981	0.10346303318951879	0.1571815427668046	0.2110301548775271	0.0026416796792867016
446000	-2661.1922673301165	-2414.7452084152546	-246.4470589148618	0.1077037338746378	0.07341498609838887	0.08768969418068864	0.14181429093893633	0.16429515428382382	0.004356657333702812
447000	-2659.44446230532	-2409.9014913978085	-249.54297090751137	0.05806764106226004	0.1329027540959012	0.15503605460627978	0.10037598241756301	0.20484543180971115	0.003962142989806305
448000	-2659.5057530704375	-2414.210544972666	-245.2952080977718	0.07952567467119366	0.0924372361161598	0.0849517699453668	0.0898419843986596	0.14211810348636988	0.0035190737561007165
449000	-2661.8155830200353	-2409.4098742720844	-252.4057087479511	0.047107333420410104	0.08653037862394049	0.05116976166115382	0.08644116660052364	0.19610433275926276	0.0025736088950163057
450000	-2658.742298870354	-2411.7719684770577	-246.97033039329625	0.07940930846337953	0.12064942662157162	0.14494605348917208	0.09792304789925672	0.20236796166300897	0.005072675509181297
451000	-2663.0509616726936	-2413.3075738688617	-249.74338780383204	0.09201590824815829	0.09117651109139156	0.06962712079574539	0.09151481246376875	0.18086167722561747	0.0031355851583751725
452000	-2666.3967585736027	-2410.3458833104123	-256.05087526319016	0.06743309251692445	0.08164445260634373	0.04728390041521024	0.1396791442960993	0.25740234703060877	0.005833311234364196
453000	-2660.6586815790292	-2411.5966780170793	-249.0620035619499	0.09682598783098302	0.11064048348239833	0.06386152257227572	0.14587524876358354	0.22846815202099216	0.0034833886850709535
454000	-2659.330133788088	-2410.996191173028	-248.3339426150601	0.08072939292853645	0.05835212417981552	0.1131926523185547	0.0845378445467262	0.18809990600225124	0.0030162960205750325
455000	-2660.7963988355446	-2411.7102961255205	-249.0861027100241	0.08342162040098394	0.11175908721215556	0.08269689416614977	0.15576893413427106	0.23552197477268114	0.0038061818981076556
456000	-2668.117763258663	-2415.229752953761	-252.88801030490217	0.10256780885976925	0.06768901098087651	0.046014137560582494	0.10085971544108445	0.18583170461932005	0.0034840853936814655
457000	-2666.6629878025788	-2417.36933588566	-249.293651916919	0.14940253392962208	0.042974016878478294	0.114498257656653	0.1339385621723625	0.18070712274867812	0.002064917264730909
458000	-2662.8473105779385	-2412.2685499749878	-250.57876060295095	0.09479710059895684	0.08203443572852455	0.10532252287939946	0.04338418938767403	0.2085117792927846	0.0027590715910321122
459000	-2662.081179673173	-2414.501439041511	-247.57974063166216	0.14384428053778606	0.0662080174128742	0.06527919899603897	0.10307654412329105	0.1591080730904083	0.004523608643375531
460000	-2661.0272170398275	-2415.331044900422	-245.6961721394055	0.07721506928782451	0.05913421026685263	0.120413157427555	0.12876888093049108	0.14259764168094016	0.0021243752945561685
461000	-2659.8363736942124	-2412.8143596296154	-247.02201406459702	0.09094743484257385	0.10571364251864698	0.11908099197752968	0.15862471557572697	0.21070798516215553	0.003566162885611337
462000	-2658.5065376984244	-2409.2001645325245	-249.30637316589988	0.06972696419143895	0.07781285944586742	0.08020193021235596	0.12448641194675557	0.22247869883521568	0.0033402046665035024
463000	-2661.319521160645	-2412.553978958203	-248.76554220244176	0.06815714186554082	0.13392052392073617	0.07670812215545629	0.17502068954031055	0.20097170126633407	0.003137730547563929
464000	-2658.518164498504	-2411.704741149296	-246.81342334920805	0.10629092991638811	0.09312550472059002	0.13905533838445844	0.13035237002762806	0.22165630760723348	0.0035588296341228227
465000	-2664.503763353538	-2413.5458925479998	-250.95787080553816	0.0423398587331599	0.08856907700688742	0.06322798916348163	0.07404176583787322	0.16661761387001484	0.0017714812779919369
466000	-2659.9527978748847	-2412.2942629554236	-247.65853491946112	0.11536324716970416	0.1525331385424559	0.1408032023895526	0.10453836268820245	0.2055838031025874	0.0062925224706479625
467000	-2661.307994158522	-2415.019835125811	-246.2881590327112	0.06190623919143687	0.11091750385353631	0.08211234894805895	0.1021909247261779	0.16237002845497014	0.0042172292498733575
468000	-2661.093584959501	-2407.340416244715	-253.75316871478634	0.03672336519035881	0.07588396630307989	0.12297176144330917	0.11460190360662276	0.23527049334703815	0.002847662607476768
469000	-2661.0554816437207	-2413.8371852154733	-247.2182964282474	0.06482940080561156	0.07031058906583436	0.1013951992161794	0.10626470297585308	0.14239318976181922	0.004725875327041036
470000	-2659.5677959681743	-2410.196926333847	-249.37086963432728	0.09583531309400554	0.08575719844054747	0.07145373748047948	0.13475489382741926	0.21810757414111814	0.004653376936304703
471000	-2660.619257604639	-2409.768134297135	-250.85112330750408	0.07103071673918453	0.1150261395837429	0.13232163965879967	0.10923856485029104	0.2672821851812124	0.003202345298676611
472000	-2663.556529012313	-2408.3609928042806	-255.19553620803237	0.05824317192166841	0.05441264930776459	0.07578676591748423	0.11736255855258798	0.23842048263804064	0.002710026040789845
473000	-2661.037085290149	-2416.48666244323	-244.55042284691913	0.09156969385455933	0.11351070619751043	0.10435713135084541	0.06575759006658832	0.14180831041584951	0.0028749803339071307
474000	-2661.234651999989	-2411.0154091257405	-250.21924287424858	0.06950940445943488	0.06396776530896173	0.0781475948126205	0.0850481113744123	0.2252915885928697	0.002684441277981076
475000	-2659.6704225787307	-2411.9361675171676	-247.73425506156306	0.08958881877147926	0.06888333375996697	0.09206740266449513	0.12565149378564716	0.18094885206608802	0.005534797513150294
476000	-2663.8658059786035	-2409.0473425058817	-254.81846347272193	0.05855458955615141	0.0371092715907606	0.17595593881657554	0.13499485554075313	0.2039293981896214	0.003990791300051552
477000	-2660.3169173457964	-2411.023068619743	-249.29384872605365	0.04654354243041981	0.07305809962335091	0.1227518177343736	0.0965162990397804	0.16693054430682283	0.0030002712961827954
478000	-2658.7642133924132	-2408.7537265078613	-250.010486884552	0.050755513404290194	0.10157748357782258	0.1058394483248101	0.1091860184016896	0.2151384702659053	0.003268164561181177
479000	-2662.0706824775725	-2416.843995994569	-245.22668648300345	0.11708435660701547	0.06753722691065536	0.1022118920522851	0.08283941504375826	0.12148694036957523	0.003713093798143796
480000	-2658.6445323598427	-2409.973462519453	-248.67106984038986	0.058751938140493995	0.09899357740273433	0.0936454739718685	0.16515932200924552	0.18687847985624056	0.003997532656296274
481000	-2661.2221900032214	-2413.64361010468	-247.57857989854108	0.05989685853108082	0.06937811308476417	0.08377618636775869	0.133229746932044	0.12874435830435033	0.002847886799137563
482000	-2662.8084979162763	-2413.942643020043	-248.86585489623334	0.04537295449791431	0.12375246584811236	0.08100513819923352	0.14212554032311422	0.13788336800890483	0.0035864688610009235
483000	-2661.286558017228	-2410.8512726438034	-250.4352853734244	0.04113966991705201	0.08539119621791078	0.14094711422275058	0.14786525765583372	0.1857955089647431	0.0034902030066281606
484000	-2657.240309758577	-2411.687682070635	-245.552627687942	0.09326858968971641	0.09711830856488514	0.12547582946618938	0.10424745233824527	0.18945115498079548	0.0041200826514928394
485000	-2659.5500701363894	-2412.5889058989133	-246.96116423747623	0.07293349060512966	0.13725815478738806	0.08047124158986754	0.12923865618196956	0.19230758858677058	0.0035798639601512996
486000	-2664.5974404516537	-2415.850470221614	-248.74697023003955	0.061876428342466275	0.09346653001710106	0.07997211667500585	0.09086939796548171	0.149679054280213	0.0035382082504990375
487000	-2661.093652735944	-2410.654918661539	-250.43873407440495	0.03540923623599028	0.07470406047243784	0.13684487139956847	0.11035132408336594	0.1672452259306608	0.002267430081706934
488000	-2658.1043080495137	-2410.1540916773592	-247.95021637215456	0.09046904949271453	0.07568830515419102	0.0823461060568968	0.13127740892345258	0.21405050774726098	0.003874625596960777
489000	-2658.524427681584	-2413.532180431055	-244.99224725052852	0.0752827635176284	0.08880060444685663	0.14110192561139973	0.11309444698846975	0.1528455339559737	0.0029651039799895008
490000	-2659.603135454441	-2410.491071979031	-249.11206347541034	0.047330440001728924	0.08045750279477358	0.1384954453763377	0.08138106793193069	0.16269237405109538	0.0032533460703848016
491000	-2659.6141165030203	-2412.151017929244	-247.4630985737765	0.10658676304966487	0.09754679788205738	0.07747153379431271	0.10872109418728419	0.2290781035671498	0.0035768839563018844
492000	-2662.823905297271	-2408.6229925899897	-254.20091270728125	0.03998312006982889	0.04691019430714815	0.09160351161516804	0.07804033178495305	0.1990727585121302	0.001839383851863814
493000	-2656.987299193642	-2410.4995316420136	-246.48776755162814	0.06696408002865102	0.10680127053348339	0.12300227003651888	0.11162332841472003	0.18752103003667425	0.004102839094175233
494000	-2662.5517339848748	-2411.699684515948	-250.85204946892682	0.06449223193547798	0.06304223655105219	0.13650947902069127	0.05213058027130823	0.15641437258355906	0.0025561636752564963
495000	-2662.5435126447705	-2411.6787674949237	-250.86474514984667	0.06073688648842992	0.10531303020595736	0.09309593862215074	0.10331264628796741	0.2134635625296266	0.005486734849193826
496000	-2658.3621920534397	-2408.9548838515457	-249.40730820189393	0.06314628749004897	0.10230609877607202	0.13712822351089562	0.1336816065692862	0.22441502529739144	0.004101658035546822
497000	-2662.3917095182633	-2412.0687058624885	-250.32300365577456	0.11105576132003361	0.09946222494223927	0.10961734206884198	0.15060736023946253	0.2687573310985498	0.0035025897774227975
498000	-2659.171107118052	-2410.533110433138	-248.63799668491393	0.0671236296861298	0.07665725614166867	0.12996627994121926	0.0737293096391671	0.19933758574245897	0.003052402668009937
499000	-2661.0635246745537	-2414.405378930352	-246.65814574420153	0.08886146474265286	0.086666184013433	0.13662081235121734	0.11608984723617644	0.15985313214694444	0.004617052365524748
500000	-2660.646797919576	-2409.166947129747	-251.47985078982882	0.04967616477674467	0.07660733490036437	0.08985854398685882	0.09506802923280781	0.22950243808700227	0.0029879701941927426
