#
#model:
#
#<?xml version="1.0" encoding="UTF-8" standalone="no"?><input id="posterior" spec="beast.core.util.CompoundDistribution">
#    <distribution id="prior" spec="beast.core.util.CompoundDistribution">
#        <prior id="lambdaPrior.F2" name="distribution">
#            <parameter id="lambda" lower="0.0" name="x" spec="beast.core.parameter.RealParameter">0.01</parameter>
#            <Gamma id="Gamma.0" name="distr">
#                <parameter estimate="false" id="RealParameter.1" name="alpha" spec="beast.core.parameter.RealParameter">2.0</parameter>
#                <parameter estimate="false" id="RealParameter.2" name="beta" spec="beast.core.parameter.RealParameter">200.0</parameter>
#            </Gamma>
#        </prior>
#        <distribution id="snapprior.F2" lambda="@lambda" spec="snap.likelihood.SnAPPrior">
#            <parameter estimate="false" id="alpha" lower="0.0" name="alpha" spec="beast.core.parameter.RealParameter">11.75</parameter>
#            <parameter estimate="false" id="beta" lower="0.0" name="beta" spec="beast.core.parameter.RealParameter">109.73</parameter>
#            <parameter estimate="false" id="kappa" lower="0.0" name="kappa" spec="beast.core.parameter.RealParameter">1.0</parameter>
#            <parameter id="coalescenceRate" name="coalescenceRate" spec="beast.core.parameter.RealParameter">10.0</parameter>
#            <tree clusterType="upgma" id="Tree.F2" nodetype="snap.NodeData" spec="beast.util.ClusterTree">
#                <taxa dataType="integerdata" id="snap.F2" spec="snap.Data">
#                    <taxonset id="ant" spec="beast.evolution.alignment.TaxonSet">
#                        <taxon id="Amotape_B67127.Tumbes.Amotape" spec="beast.evolution.alignment.Taxon"/>
#                        <taxon id="Amotape_B67201.Tumbes.Amotape" spec="beast.evolution.alignment.Taxon"/>
#                        <taxon id="Canchaque_B72874.Piura.Canchaque" spec="beast.evolution.alignment.Taxon"/>
#                        <taxon id="Canchaque_B72878.Piura.Canchaque" spec="beast.evolution.alignment.Taxon"/>
#                    </taxonset>
#                    <taxonset id="bar" spec="beast.evolution.alignment.TaxonSet">
#                        <taxon id="CarpaChavin_B72794.Huanuco.CarpaChavin" spec="beast.evolution.alignment.Taxon"/>
#                        <taxon id="CarpaChavin_B72802.Huanuco.CarpaChavin" spec="beast.evolution.alignment.Taxon"/>
#                        <taxon id="Carpish_B72762.Huanuco.Acomayo" spec="beast.evolution.alignment.Taxon"/>
#                        <taxon id="Carpish_B72773.Huanuco.Mitotambo" spec="beast.evolution.alignment.Taxon"/>
#                        <taxon id="Chavinillo_B72789.Huanuco.Chavinillo" spec="beast.evolution.alignment.Taxon"/>
#                        <taxon id="Chavinillo_B72792.Huanuco.Chavinillo" spec="beast.evolution.alignment.Taxon"/>
#                        <taxon id="Quichas_B72777.Lima.Quichas" spec="beast.evolution.alignment.Taxon"/>
#                        <taxon id="Quichas_B72785.Lima.Quichas" spec="beast.evolution.alignment.Taxon"/>
#                        <taxon id="Huamatanga_B72889.Lima.Huamatanga" spec="beast.evolution.alignment.Taxon"/>
#                        <taxon id="Huamatanga_B72892.Lima.Huamatanga" spec="beast.evolution.alignment.Taxon"/>
#                        <taxon id="Pacar_B72905.Ancash.Pacar" spec="beast.evolution.alignment.Taxon"/>
#                        <taxon id="Pacar_B72912.Ancash.Pacar" spec="beast.evolution.alignment.Taxon"/>
#                        <taxon id="LaQuinua_B72754.Pasco.LaQuinua" spec="beast.evolution.alignment.Taxon"/>
#                        <taxon id="LaQuinua_B72760.Pasco.LaQuinua" spec="beast.evolution.alignment.Taxon"/>
#                        <taxon id="Chinchan_B72895.Ancash.Chinchan" spec="beast.evolution.alignment.Taxon"/>
#                        <taxon id="Chinchan_NK_173896" spec="beast.evolution.alignment.Taxon"/>
#                    </taxonset>
#                    <taxonset id="cur" spec="beast.evolution.alignment.TaxonSet">
#                        <taxon id="curtata_cra.cur.B6032" spec="beast.evolution.alignment.Taxon"/>
#                        <taxon id="curtata_cra.cur.B8175" spec="beast.evolution.alignment.Taxon"/>
#                    </taxonset>
#                </taxa>
#                <parameter id="RealParameter.0" lower="0.0" name="clock.rate" spec="beast.core.parameter.RealParameter" upper="0.0">1.0</parameter>
#            </tree>
#        </distribution>
#    </distribution>
#    <distribution id="likelihood" spec="beast.core.util.CompoundDistribution">
#        <distribution data="@snap.F2" id="treeLikelihood.F2" non-polymorphic="false" pattern="coalescenceRate" spec="snap.likelihood.SnAPTreeLikelihood" tree="@Tree.F2">
#            <siteModel id="MutationSiteModel.F2" spec="beast.evolution.sitemodel.SiteModel">
#                <parameter estimate="false" id="mutationRate" name="mutationRate" spec="beast.core.parameter.RealParameter">1.0</parameter>
#                <parameter estimate="false" id="shape" name="shape" spec="beast.core.parameter.RealParameter">2.0</parameter>
#                <parameter estimate="false" id="proportionInvariant" name="proportionInvariant" spec="beast.core.parameter.RealParameter">0.0</parameter>
#                <substModel coalescenceRate="@coalescenceRate" id="MutationModel" spec="snap.likelihood.SnapSubstitutionModel">
#                    <parameter estimate="false" id="u" lower="0.0" name="mutationRateU" spec="beast.core.parameter.RealParameter">1.0</parameter>
#                    <parameter id="v" lower="0.0" name="mutationRateV" spec="beast.core.parameter.RealParameter">1.0</parameter>
#                </substModel>
#            </siteModel>
#        </distribution>
#    </distribution>
#</input>
#
Sample	posterior	likelihood	prior	theta0	theta1	theta2	theta3	theta4	TreeHeightLogger
0	-2200.6910884691315	-1948.3173508864634	-252.37373758266816	0.05885999337041207	0.0671346896312655	0.13209376612196536	0.06714344159785525	0.159766683468441	0.00318082848968927
1000	-2201.135712308402	-1952.0486279289648	-249.08708437943724	0.08595137903384335	0.05471879303352215	0.1039976546871673	0.15031565465939575	0.14100009666941388	0.00878436203702528
2000	-2203.0567656933245	-1955.8222982662614	-247.23446742706278	0.09138025455487277	0.05419536629191076	0.12347124575650177	0.07738656744066572	0.12463471668049586	0.003631255878783844
3000	-2196.4509581330594	-1949.0161524569771	-247.43480567608248	0.05885939910940885	0.08001967469851118	0.07824503186145036	0.13353617896157166	0.1430644450708359	0.0039469132206223344
4000	-2200.188614053078	-1951.0182436099926	-249.17037044308523	0.053289454165179516	0.05932003704097924	0.11442808201180359	0.10045663447381258	0.11225737823543677	0.0026741019931701376
5000	-2196.145426503956	-1948.0258806032548	-248.11954590070144	0.052928649046373615	0.10645245578230306	0.1160390733279441	0.10585626379637417	0.1703188134601656	0.005080498304098447
6000	-2194.593020912365	-1948.0479091301202	-246.54511178224482	0.08071900298533598	0.10898201534423567	0.10263035404323245	0.12015716305395849	0.18756513787371856	0.005739184786879173
7000	-2196.590640735237	-1948.1921362942142	-248.39850444102285	0.07129376508030179	0.0888144813344456	0.07488117490347163	0.11070491994040152	0.1908311625841822	0.004340176596389367
8000	-2198.684697815025	-1948.9983600754358	-249.6863377395895	0.08772826940898494	0.05741443166506076	0.06281723814214124	0.09221294952614532	0.16125194380341118	0.005392072230458135
9000	-2200.2872538882557	-1949.9587583251932	-250.32849556306266	0.07460347205076316	0.07721074296416451	0.10833086683387241	0.05287149754748893	0.15416761302875562	0.0032055116729692488
10000	-2196.83549236443	-1947.9728500167816	-248.86264234764852	0.0705326402083011	0.05711571315649401	0.10682904097422843	0.10115172358968835	0.16477507391262858	0.004954456819483791
11000	-2197.4120558495606	-1949.5109338227362	-247.90112202682442	0.07008210337896534	0.07337181318128286	0.15793024660496485	0.07141808919997461	0.14735411490751377	0.004325384402408282
12000	-2198.114421546777	-1948.5499408668954	-249.5644806798816	0.08691134293684434	0.06902932478626682	0.07669946578289087	0.07039424132521072	0.20626410101791406	0.00354810320792697
13000	-2199.8468864394217	-1952.1726427582685	-247.67424368115314	0.0731884186349801	0.14608356365477934	0.12450755768947495	0.11603463424535132	0.16145176890115684	0.003942149385593905
14000	-2197.9953539564885	-1951.4215035530824	-246.57385040340597	0.12401895612146605	0.09237035760461995	0.07800496479942581	0.07854905560776242	0.1566545653656097	0.005331778706055266
15000	-2196.68786009687	-1951.0550380239713	-245.63282207289873	0.08238957001775216	0.10135050421974608	0.12903276236709055	0.08142148700886856	0.1556735677820326	0.004098021834755197
16000	-2195.742131306627	-1948.697343370302	-247.0447879363252	0.06555437761844146	0.08746422711852586	0.09476901806126364	0.10867808426420712	0.15469274171636943	0.004465927250595706
17000	-2199.0188131849964	-1949.5760317276531	-249.44278145734322	0.13456869807672553	0.1268508205970089	0.07143666740478047	0.09100981881883057	0.2324778266127657	0.0056133559149510875
18000	-2196.7298357481063	-1946.4774984853912	-250.25233726271526	0.06460479559921675	0.07120063205127161	0.10601987998520442	0.10169390450888303	0.22182858458036517	0.005169344332794979
19000	-2199.884502895621	-1950.510367185927	-249.37413570969403	0.04619637800294585	0.0638974324724946	0.10849460253390272	0.1448139535598381	0.11490905223817198	0.0036240152368039206
20000	-2198.4789671472527	-1949.4619221418639	-249.0170450053889	0.05532592618846186	0.1357228119327401	0.1590107807662998	0.08965462082622382	0.172762336881356	0.00383823645785101
21000	-2196.028794619471	-1947.2106873768244	-248.81810724264642	0.05353458541691161	0.095570439320308	0.08550796199439066	0.09058348258793748	0.18301922750457408	0.003964644868936896
22000	-2197.073557103945	-1948.9765696202264	-248.09698748371875	0.09564123325089302	0.08887500196911655	0.09895206072881603	0.12248103302803662	0.17690807432604272	0.005846203654882931
23000	-2197.4122911144677	-1946.1381411037487	-251.2741500107192	0.06344405885234834	0.1006952910913924	0.09280920259363223	0.1303818449828644	0.25871674378592224	0.004426389354989559
24000	-2199.423982272776	-1951.213494531582	-248.21048774119367	0.07658099928345358	0.07647154822433698	0.08796052469359589	0.06821246113221888	0.1618926416053738	0.00501617195725281
25000	-2199.8793684950338	-1951.2243111673	-248.6550573277339	0.09711429341639258	0.05912402497429336	0.16487752789357915	0.14989765905170227	0.1609540065551712	0.007761209338654327
26000	-2195.9766479393384	-1946.7176723720718	-249.25897556726656	0.06611847146025074	0.0815777523573558	0.11229071086431151	0.1119448849044534	0.21707696444446994	0.005110899786178841
27000	-2196.7640095943398	-1949.3945537723196	-247.36945582202043	0.08500551346960784	0.06438435418969075	0.1384352859226974	0.16171433532934848	0.17368670992395893	0.003935338096956232
28000	-2196.4412804325525	-1948.0728644922995	-248.36841594025285	0.0724021933716815	0.05543580822658375	0.10881445714215285	0.10226577055947454	0.1647214867803704	0.004720205980406041
29000	-2196.820002457197	-1951.3846461963926	-245.43535626080418	0.08928076739814156	0.10747255405728318	0.10137964170520819	0.09914261312744237	0.14932820719589587	0.007375863839135327
30000	-2201.406996250577	-1950.4281411413235	-250.97885510925315	0.06132534562019488	0.08973494033432682	0.09776513676442533	0.0509875593038672	0.15548490337785142	0.004792207567528525
31000	-2197.9713875569796	-1952.8244755479545	-245.14691200902507	0.09174441316303841	0.08998580466054686	0.07992399237126388	0.10525339972831092	0.15718639275683668	0.0031730573967592712
32000	-2200.8977406157956	-1949.7747134323135	-251.1230271834821	0.09957755440137615	0.1081644035037179	0.1637919974773766	0.04874028558245768	0.19669666230080726	0.006569007002596004
33000	-2198.1419418235955	-1950.5490299073663	-247.59291191622947	0.04669881004751578	0.1325034560622933	0.09403532699675653	0.11150031829253369	0.16353394016030898	0.003032286246965027
34000	-2195.6049892537703	-1948.0056805732995	-247.59930868047098	0.05196471828607842	0.10619640516560934	0.10918744075547271	0.09911298663575849	0.1734089977199402	0.004382079413044512
35000	-2197.158380358682	-1946.4613261025804	-250.69705425610155	0.07335510944059265	0.11638701475678422	0.10047578851302513	0.11758729563203593	0.24651236694215434	0.00619383971529668
36000	-2198.186360736271	-1949.7607145150412	-248.4256462212298	0.11525044556959378	0.12758273356296831	0.07757939769656758	0.11780566275840439	0.21915284229229837	0.007493443888457258
37000	-2195.783304157068	-1948.342610555214	-247.4406936018541	0.058081684850212145	0.10087724988488671	0.10944208931968497	0.08003342495107353	0.16660958760503092	0.004491178894405294
38000	-2198.818428205421	-1949.7494830657017	-249.0689451397189	0.07308984624741122	0.06835275704121008	0.10172820856608747	0.07360268338189903	0.18789128357387	0.004212942993808457
39000	-2197.4627750267177	-1946.9924934099759	-250.47028161674191	0.08674078721321184	0.07516944969885224	0.1252666452840792	0.18127502137154644	0.22863877431322124	0.005761244757866008
40000	-2195.6834975933934	-1948.8950298189143	-246.78846777447913	0.07339095934648304	0.09309688123757211	0.149509493159315	0.10895476724850181	0.16529762414819346	0.004620054146946938
41000	-2197.3164266459166	-1951.8122157054331	-245.50421094048346	0.08857931874800923	0.08756260464857367	0.11690059466478572	0.11944302742833393	0.13630153002581952	0.007814459618666593
42000	-2196.1807451149307	-1946.1660534967125	-250.0146916182181	0.05546909170037538	0.08050233596418435	0.12755778893860178	0.15068193357579052	0.20811234927912464	0.004454523192361464
43000	-2202.8479120867087	-1947.3770295400204	-255.47088254668827	0.021984953295205528	0.08539446845630586	0.08424642185297665	0.12848746753728382	0.15102860693979492	0.0032801654521103707
44000	-2198.5115860559386	-1949.301493613878	-249.21009244206058	0.08874779018265551	0.17400142195592452	0.11122818209549021	0.1436880857773576	0.22408459228522298	0.005385862325668741
45000	-2197.731444278328	-1949.7202891515294	-248.01115512679894	0.08504930499866517	0.052726560017034664	0.1252338036572304	0.08062290087068087	0.14946933041867802	0.004309072711915134
46000	-2199.1456687900195	-1946.5235569106558	-252.62211187936367	0.08095757298956568	0.052436406261730024	0.0933842615559137	0.12301066109883178	0.24877410674720313	0.0058507206831916025
47000	-2195.0531925478917	-1948.296302114181	-246.7568904337108	0.06764104651215211	0.077996537679256	0.09939739192201887	0.09696530642051207	0.1624349193502426	0.004154559022446016
48000	-2202.60249628106	-1947.4981655538204	-255.10433072723998	0.05180591201594087	0.18268626409763408	0.10960486871888987	0.05402546159163054	0.22173116876997037	0.005779246046270275
49000	-2200.2630521199035	-1949.2738879253905	-250.98916419451308	0.08788490456888025	0.05011921102724583	0.10656279624800186	0.06807270116762489	0.20380328745122644	0.0042575530832305196
50000	-2197.911561359457	-1948.0658958828215	-249.84566547663576	0.09002345214290894	0.07511642164637893	0.08147152837999162	0.0770571327020591	0.21309250261125667	0.004763199912936976
51000	-2200.2310251557783	-1949.9273159180032	-250.30370923777502	0.05274862437280115	0.04480897695521976	0.12925556559181137	0.12283703774063683	0.10676237713049505	0.0035032608050384927
52000	-2196.1869166096244	-1948.58066103375	-247.60625557587437	0.061318104355265524	0.07091051111368021	0.11344294317170964	0.08725938741736936	0.1737249316529842	0.0030080480831787605
53000	-2196.5294751510064	-1947.2348878790929	-249.29458727191331	0.074008892724805	0.09362489823827333	0.0965537237780119	0.15832709298294195	0.21593135813962425	0.004941342255055409
54000	-2199.418970178266	-1949.5456861952832	-249.87328398298283	0.045233976778421336	0.12388364836114484	0.1561069023246688	0.09598585307752992	0.17542351619864213	0.005750404491906669
55000	-2199.218145164482	-1947.3225243552029	-251.89562080927894	0.04429363756922705	0.05114348481021161	0.13589349471172987	0.09338699806613912	0.1601716991941975	0.002829198086516044
56000	-2200.0098658237944	-1950.3265939455052	-249.68327187828893	0.03615600438003143	0.07948030934529692	0.1381613648311811	0.14749578307750433	0.12603557772412372	0.002309962386447387
57000	-2198.230419328292	-1950.6529349080504	-247.5774844202418	0.09782537928494854	0.1326594145595571	0.09726317589954328	0.12659505141094876	0.20975702732314622	0.005837908198051528
58000	-2199.6090266393353	-1949.2184165678937	-250.3906100714418	0.05712720895260349	0.13442331054847836	0.07489618271431778	0.17317434224856065	0.19543966319831443	0.0037790226142704816
59000	-2196.006712293182	-1948.0892609815426	-247.91745131163944	0.06729907009034801	0.07250150515424977	0.12951487863730968	0.07757435107703956	0.1692808881605687	0.004299421184146179
60000	-2195.067625400519	-1948.7249641472554	-246.34266125326343	0.06533869661318065	0.11122414275485148	0.10411731179765453	0.09920374855833893	0.16534478324317026	0.00525076566890682
61000	-2195.438694487948	-1949.5379359815188	-245.90075850642913	0.08045283445293269	0.07986721316095703	0.10874245032664928	0.15008915191034383	0.14531720141104698	0.005130069956769115
62000	-2196.977506891908	-1950.3529131370037	-246.62459375490437	0.0836367627679689	0.1313679074469714	0.11824920477032629	0.09531325880257235	0.21465748968887596	0.0038399858178767847
63000	-2199.090359598154	-1947.133813601124	-251.95654599703002	0.03738565047841678	0.08910010834448273	0.0980731355722247	0.08748474286720305	0.20414330460433944	0.003071453857790561
64000	-2196.214227156867	-1950.3086789473703	-245.9055482094964	0.09136724626536921	0.1114883275242463	0.12013168103373563	0.09562339441368929	0.16717262099874902	0.007375441979947378
65000	-2196.4397355989317	-1949.7768873827986	-246.662848216133	0.09378043688908627	0.0816857245809806	0.12214762051773578	0.07474970799170715	0.16714610842364191	0.004153443181818761
66000	-2198.136442979246	-1947.5591793457666	-250.57726363347973	0.09698218522939146	0.06053182116390626	0.13405332300772685	0.12394822606955047	0.22043584580826234	0.004983799153016475
67000	-2197.5002380947685	-1949.5088478632456	-247.99139023152273	0.10374708015454583	0.1101679400718587	0.14028711640595745	0.0758903994450601	0.19009623758272973	0.006066631067250508
68000	-2197.2521677566406	-1949.3508493391378	-247.9013184175026	0.08891315466564122	0.10203199494484042	0.15354065118232935	0.12557160609738968	0.1872307215665363	0.005612483508007892
69000	-2196.114765995773	-1947.451525786797	-248.66324020897588	0.09081069959247455	0.12944049131331573	0.1382759682819898	0.10581933892272688	0.22372140693539364	0.006807729557722968
70000	-2199.9494634570156	-1951.8310737409342	-248.1183897160811	0.07035397875349916	0.08102484232516165	0.06926497586092427	0.07681262743328092	0.11575901586310407	0.0045109522430660555
71000	-2199.117802988864	-1950.2649751992244	-248.85282778963935	0.06879664568946207	0.07756540155196325	0.13870383964572855	0.07548121171383487	0.21087155006864167	0.0026355332200206517
72000	-2199.3978358587183	-1948.6535962484152	-250.7442396103029	0.07980411006274257	0.07348129853664846	0.13086283441915597	0.1274756023662854	0.21537097622042356	0.0082906835536908
73000	-2202.663085686144	-1947.1891027897477	-255.47398289639608	0.024680857475819464	0.0738615239546035	0.14085230766838985	0.11600620626157748	0.20035731764828824	0.0027122143876469667
74000	-2200.6388329877063	-1946.9785523048881	-253.66028068281818	0.07418756226777193	0.08481161657852837	0.0667909610400981	0.07107432618803762	0.23336986880239152	0.00419142233876783
75000	-2200.409786699927	-1950.242630240798	-250.16715645912882	0.0634310809189566	0.15386007383514522	0.05799976939398553	0.07532727221215937	0.16334979964728014	0.004072997499013544
76000	-2199.67484826332	-1948.9885651818113	-250.68628308150875	0.03811650038964638	0.07809806034176117	0.08184546151435482	0.09889414505429585	0.1707396317599808	0.002583405674459675
77000	-2197.4567401394206	-1947.857199251245	-249.59954088817543	0.049918187663296226	0.08988787038147476	0.16396434291061884	0.11418099073300139	0.17635244206981113	0.004335478789425474
78000	-2200.1755543455674	-1946.8063595054896	-253.3691948400779	0.05736413341566099	0.12090098650706042	0.17310508421609697	0.07169894611506383	0.21987056872978752	0.004216799137797761
79000	-2194.9252038625923	-1947.7705883427952	-247.15461551979692	0.09360558091953448	0.08781862328944193	0.11944269806289523	0.12356492945116723	0.20633130147159875	0.0054541366202789515
80000	-2195.5911994553826	-1948.4374328049248	-247.15376665045778	0.06642242205534171	0.0877182580463176	0.10168094709877576	0.07887681742192783	0.17478698914125404	0.00416456508394696
81000	-2197.74690790013	-1948.9116923857646	-248.8352155143652	0.052748450703766527	0.1067608959923738	0.12965516198016686	0.1365259041230765	0.18623248504258116	0.005110908861141588
82000	-2199.0605546011107	-1951.9601726099245	-247.100381991186	0.06253745556206984	0.14095950338889376	0.09450250556240374	0.09211623286523163	0.17178403537882678	0.005345115427918887
83000	-2196.1554976890916	-1948.7228423380357	-247.4326553510558	0.09198392159204459	0.1451840195057238	0.09305126488504661	0.14319364388511643	0.1995448543750463	0.00675977476994725
84000	-2196.8024825134144	-1949.764461698598	-247.03802081481615	0.08966593174459667	0.10500813562990415	0.11285068555342598	0.09215114828029482	0.19088705244335327	0.007683031469198526
85000	-2196.628694279915	-1946.8353922425658	-249.7933020373492	0.05268869218678596	0.10521953478460024	0.10920678253434077	0.11351991943887117	0.2065461750004843	0.005445722539786481
86000	-2197.019277861851	-1951.3593116460072	-245.6599662158439	0.08989424929603539	0.08556329357017121	0.09231190103890964	0.07246853821903951	0.138412014487773	0.004447950275762282
87000	-2197.160123566556	-1947.9477117293268	-249.21241183722952	0.060096756491852144	0.057554006491990696	0.07728805285711418	0.10888858341679869	0.1483576100389808	0.004306308176216382
88000	-2199.1657358992343	-1949.786029661318	-249.37970623791628	0.07415919245954086	0.08307975123855849	0.1502491044815898	0.06177707698427534	0.17363969518207073	0.00544994318466455
89000	-2200.545953075666	-1952.5007299186257	-248.04522315704034	0.055864905407339224	0.14239280486571834	0.07091487738032275	0.1366794280481798	0.13027373941173195	0.004361483978455234
90000	-2198.2434833923126	-1951.231021200085	-247.01246219222745	0.07557600788679997	0.1186774042074786	0.1655304526037116	0.09367542500836501	0.15925324579893646	0.005206741349054583
91000	-2200.056992614809	-1952.5385276129784	-247.51846500183052	0.05658955744414137	0.1154437434093066	0.09969610757749608	0.09486914055478912	0.13881688653741014	0.005987043723975526
92000	-2197.789609750378	-1946.1667901807145	-251.62281956966333	0.05484977541116793	0.09068203056972979	0.09252103202759626	0.0794475295379678	0.2399036418020479	0.0038870843417429884
93000	-2195.7041995926234	-1947.3543600171902	-248.34983957543315	0.07611574465046969	0.07057140008844906	0.08047539253110825	0.1443729021557189	0.18166327432129944	0.0056639803048181845
94000	-2196.109496152808	-1948.3557213467611	-247.75377480604664	0.08152844756952432	0.08022876068976899	0.06809933309873917	0.09497908805403665	0.17261518271226559	0.005054463723660753
95000	-2198.051948605026	-1951.448048011958	-246.60390059306832	0.07894258954594074	0.08077046434610796	0.09302044880968052	0.18121413818935447	0.13722253351075017	0.003692649516718969
96000	-2196.854188965539	-1951.7364403646357	-245.11774860090324	0.10135644412477053	0.09310412974755519	0.11646240416520884	0.1166982162653631	0.16950707175614832	0.005302124518570583
97000	-2199.742258583343	-1950.093862968962	-249.64839561438083	0.1373612406535845	0.10321084738342325	0.144248841740055	0.09523737666288651	0.2450623487191927	0.004906297008507172
98000	-2199.570977232421	-1947.4069576346556	-252.16401959776516	0.05335202711331925	0.075820209877601	0.0868285758691969	0.07326082907815981	0.23189584043818773	0.002682066098962983
99000	-2199.992963185306	-1948.2155341544953	-251.77742903081082	0.10146739399404915	0.10610743230465512	0.07989544117455126	0.1058947570550289	0.2300801655110854	0.007413935725880104
100000	-2196.6693258542086	-1947.049508039765	-249.61981781444376	0.05885839112047566	0.09244095901060378	0.15314439595284343	0.15625939691453236	0.19168800760838794	0.005056782041954871
101000	-2197.9190097818046	-1951.5515986959222	-246.36741108588242	0.13432632225759855	0.07784939568661638	0.09192017872009306	0.10528458482646853	0.1545928812307887	0.0077433762611382765
102000	-2198.4958051947283	-1949.299245488837	-249.1965597058913	0.08199856608474922	0.07506577695554198	0.05056272302137426	0.12001486470724898	0.15286971204557165	0.005217504107478306
103000	-2200.2109384027362	-1952.0896240783354	-248.12131432440077	0.09662512809606537	0.16894472637794528	0.06891127421720722	0.0737532797889731	0.15974080780253902	0.00574952833220841
104000	-2198.6233093142505	-1948.7528495525657	-249.8704597616849	0.07891404529672214	0.09511796091222337	0.13067923839144907	0.09624744212473145	0.20617058495560034	0.004852387665713909
105000	-2197.858523691767	-1952.884602539048	-244.97392115271896	0.10252281798450201	0.12438640758376807	0.11721132276238588	0.12519956708364005	0.1574826888089368	0.007096106272217049
106000	-2204.2938235891997	-1953.0121708479146	-251.2816527412851	0.11664740437266079	0.061205453665333726	0.11872262477179407	0.19779289185194876	0.1289389133444831	0.009880454103173796
107000	-2197.707419032371	-1949.733799400764	-247.97361963160688	0.057769848341352285	0.07438673965107316	0.1296511796435119	0.10702325054176098	0.16659992447567334	0.004052674897653796
108000	-2195.371954929847	-1949.1046562654813	-246.26729866436574	0.08327775801867361	0.08110640793877995	0.13501169496321805	0.14591295863663117	0.156726894300308	0.005284693355322145
109000	-2198.6120776643597	-1949.6522647184765	-248.95981294588316	0.0517296249576184	0.1468859561842974	0.15417951490003823	0.07404489600365072	0.16797643743785293	0.0035363348888391077
110000	-2201.0119640014595	-1945.3987219278956	-255.61324207356398	0.041630597354683926	0.070898531347835	0.10242256196364197	0.06604411103670065	0.24660070759190436	0.003623428438402753
111000	-2198.129363267519	-1946.35948807678	-251.7698751907386	0.04207617716374919	0.11049053659822752	0.1496768495992659	0.1053935254657175	0.22542721700942453	0.003794693701479699
112000	-2203.5850440913623	-1950.5903749534841	-252.9946691378781	0.07855531063408897	0.09161104445656451	0.061260564861560375	0.04763675173099976	0.20723242084605176	0.0035038851873642335
113000	-2198.1574627046575	-1949.6306187285518	-248.52684397610597	0.10961544473845126	0.04880352766859636	0.07459284818172339	0.11487652208505088	0.16276246088424298	0.00450594269285097
114000	-2198.5368013889497	-1948.2313554293908	-250.30544595955902	0.10671880893221727	0.06634647342552041	0.09925427002423617	0.12280327820208686	0.20471464074562623	0.005022862691412419
115000	-2197.514688711803	-1947.5549323425123	-249.9597563692908	0.07528169292750542	0.1277991309200923	0.07665636845815241	0.10184068705085406	0.22849431942338755	0.004975433343773741
116000	-2195.8599984049274	-1947.7639392488916	-248.0960591560359	0.06555638009274739	0.08304936702654046	0.16143098208791648	0.12363656689097981	0.1838237560755012	0.005303063458464332
117000	-2198.198027972485	-1948.1968525160091	-250.00117545647552	0.06742670514320194	0.0412877752241996	0.12766334624507064	0.10523017603110567	0.1497742848702018	0.004468868024450615
118000	-2201.1371828239708	-1950.811058057172	-250.32612476679864	0.1160413677674595	0.12649761691526026	0.08863130422107475	0.04958600037592494	0.20591116762405562	0.004820894479806835
119000	-2197.443144312374	-1948.121824722385	-249.32131958998903	0.08298662242249119	0.11143329246151276	0.07140823067996031	0.07841751032138808	0.21229521113593122	0.004679355488184426
120000	-2197.10526098036	-1948.335139678723	-248.77012130163712	0.08531359918769589	0.12451667586140423	0.13781641174257558	0.12839067480796856	0.2364181374573123	0.006220889320262842
121000	-2197.5848064608454	-1948.9760651672882	-248.60874129355727	0.060007001498610525	0.05865665725984211	0.1396301888916046	0.08441105135436167	0.1483313361197004	0.002947551703245535
122000	-2201.9250841528597	-1955.3670289797992	-246.5580551730605	0.07078112016943285	0.08867028426383697	0.07930659644048671	0.08165541655247556	0.16484226701625782	0.0022191029218279193
123000	-2197.6020114734247	-1950.8438262094048	-246.75818526401983	0.08989554881333693	0.09240225713923152	0.12959596821833566	0.11857251081764579	0.1927647237205147	0.007944764644135106
124000	-2197.3117051341246	-1948.4836825169855	-248.82802261713906	0.06101144455816099	0.1022011767804298	0.11654461457988867	0.07277889522981527	0.205064108347482	0.004269260146588139
125000	-2196.9315474239884	-1947.5112779062615	-249.42026951772667	0.051830673235824166	0.1031240460151527	0.09123527998895944	0.08105849136152644	0.17944221542577662	0.004241967462603642
126000	-2200.499649529838	-1948.4792151519243	-252.0204343779136	0.05427264178399843	0.16717383857702986	0.09205897960263439	0.14627582927949825	0.23606700049487617	0.004937680410553057
127000	-2195.962492135262	-1950.382376145762	-245.5801159895001	0.09813654676437127	0.08690223367719438	0.09481665457848831	0.08179932909812644	0.15902274401034738	0.00507397802707041
128000	-2202.660570527287	-1948.9576968143488	-253.70287371293784	0.0677938851702923	0.0928278526668851	0.2104266094855044	0.22686821865315607	0.19445357256125775	0.00383664255192436
129000	-2199.9803943677903	-1951.5559891711155	-248.424405196675	0.05812310534719927	0.06415903456194631	0.12406752116815671	0.09705581459194013	0.10633879736135637	0.0036967932444898657
130000	-2204.4557697133623	-1954.1623959156946	-250.29337379766764	0.12020764555531381	0.04330990488380969	0.08051526216444503	0.10798576277370342	0.197032672709958	0.0032565200699773283
131000	-2197.7683119900007	-1948.3859592345166	-249.38235275548402	0.044629296269582924	0.09708997090986374	0.12515623160921566	0.16193209030378847	0.16872503090108848	0.0042907863853451095
132000	-2196.606240624604	-1947.4475060115815	-249.15873461302255	0.05770625206374099	0.0929750959239793	0.17843996719072047	0.12462147510385599	0.19106276183160648	0.00382953604843149
133000	-2196.7402493754225	-1947.4517544143296	-249.28849496109302	0.06681914411666909	0.08055201726823549	0.11506121736336637	0.1430707520029457	0.2040697898935207	0.00710465166117835
134000	-2200.938257992001	-1949.3423684129802	-251.59588957902068	0.0478317391563714	0.05038530009554416	0.10195153520981982	0.06979936679899222	0.14714870790955187	0.0028468066940997684
135000	-2201.480001951187	-1952.319471306109	-249.16053064507798	0.06285363905064353	0.1085605965589843	0.11850439583106304	0.04610235531943068	0.12423979886404712	0.003990105731537791
136000	-2198.2223800376564	-1951.1115335775921	-247.11084646006447	0.11787744657167207	0.10165586849354079	0.07669061849294359	0.09001451830032617	0.20001901037126896	0.005149060586607115
137000	-2199.9524791872673	-1949.5019410554914	-250.45053813177591	0.0812226333188821	0.08277098702844239	0.05266700760111608	0.14129561242008074	0.19641405307746496	0.004415335125620168
138000	-2195.9089686156135	-1951.6134724128362	-244.29549620277737	0.08082131618633626	0.10317747807336551	0.10497255096202417	0.11006619935056845	0.1563812756695308	0.003652530613082635
139000	-2195.8360270105113	-1950.424051950279	-245.41197506023235	0.10269839361940428	0.07095907152080276	0.12127990859704871	0.09734221539320735	0.14759341808048643	0.004944182367738754
140000	-2198.833755840407	-1947.5644508197738	-251.26930502063288	0.053472618757542084	0.04637393478440857	0.12740915969614905	0.08215660565123814	0.17404571268350777	0.002887074921841479
141000	-2197.2531619469746	-1952.3421485512697	-244.91101339570494	0.12019494421002858	0.10913037954258618	0.1068350244857577	0.08421543980439948	0.16388647706768142	0.004194522052684179
142000	-2196.9798702429216	-1948.6836314834031	-248.29623875951867	0.06811886631488584	0.06044971834750932	0.08221754337263847	0.13089361597749677	0.14566789943814804	0.005615029270856332
143000	-2197.184278855084	-1947.346303855916	-249.83797499916818	0.053094359775122196	0.10401459918103834	0.1820124601828476	0.10760692389448835	0.18550331688205282	0.005000713214287345
144000	-2197.345069894514	-1951.3906428048654	-245.9544270896485	0.10007473804817069	0.0867108072695336	0.07476444072614559	0.11403752805987931	0.15656110751125238	0.004021926515857187
145000	-2199.994801646234	-1951.2354669143742	-248.75933473185964	0.07024036970210398	0.08122052820001806	0.1353395777987545	0.05348592057274221	0.14176233226938276	0.004771993344944897
146000	-2195.9380040986457	-1948.9231587897832	-247.01484530886268	0.08874249559226965	0.06956717169408176	0.09588699801657126	0.09431187245705441	0.16586230066728744	0.005311674069067501
147000	-2197.1605149979637	-1947.9270671794154	-249.23344781854837	0.05024840543439466	0.10422923138055594	0.11276840433970785	0.07282865125062377	0.17471231182895167	0.0036971319689891834
148000	-2199.4601462369833	-1952.899814404066	-246.5603318329171	0.073987313550633	0.05916904882957533	0.15709382783064174	0.09765952686601428	0.11683909509460357	0.0028695295421528894
149000	-2196.840087731677	-1950.4179599405466	-246.4221277911304	0.06382211957131373	0.11911258490081052	0.12176193259792918	0.09550252854294765	0.1727376018441033	0.004960586725911157
150000	-2201.5032590077994	-1949.9075411506378	-251.59571785716156	0.02743283302123303	0.08867191106273145	0.09176272602914175	0.10876864429399749	0.14594116210376692	0.0023623718822034134
151000	-2196.114592032968	-1947.8513855014291	-248.26320653153903	0.05299628378705073	0.07419078077804366	0.0965970402582424	0.1387142318712617	0.15398334464328106	0.004418230924403153
152000	-2195.454914979645	-1947.8261693701638	-247.62874560948111	0.08438208689130701	0.08603614859407856	0.11609818042884751	0.1528271550777072	0.18163016833783285	0.006024457729217768
153000	-2197.566354729835	-1950.8588050162175	-246.70754971361768	0.08354954107049273	0.12180875477078444	0.07794589865093916	0.08059351429534004	0.1552560649650077	0.004704320377857877
154000	-2198.281629820551	-1949.492907216655	-248.78872260389616	0.04354097741461499	0.07876241919017159	0.12264035116420195	0.08387626998858715	0.12613305352321172	0.0032220844612203866
155000	-2201.020083756634	-1948.8556447813578	-252.164438975276	0.07459323054552655	0.09983621703759248	0.07362092624168079	0.06920961922501365	0.18181569294603186	0.005044237272645895
156000	-2198.829242905635	-1950.6744195530914	-248.1548233525435	0.05673012201587506	0.15912073030841947	0.12209458901160786	0.08757296179879617	0.16329994524533337	0.004294077421408947
157000	-2195.7867071731616	-1947.9233494013627	-247.86335777179897	0.057050209225453785	0.11599627693675046	0.11729541209416117	0.09711957447334232	0.1980584648295808	0.003666826367850333
158000	-2197.1086292227806	-1950.832405609544	-246.27622361323674	0.06598656670646535	0.1233991826583605	0.11268443866929229	0.07485687912836674	0.16657226378077633	0.0038271434272644433
159000	-2204.554204264091	-1951.587317366977	-252.96688689711405	0.07831301863073661	0.05234249321839671	0.1379574030811276	0.21801207678735235	0.17338838194519637	0.003600746421594473
160000	-2197.8857132242206	-1949.3079598745885	-248.577753349632	0.08202784170051564	0.1197953440776966	0.08263821119397942	0.105905193467068	0.19663500025082375	0.0069818649175248885
161000	-2197.3914819913134	-1949.6864312133719	-247.70505077794155	0.11048442487811108	0.06670518061232737	0.12967974807453714	0.12837850370539494	0.16447923886438737	0.007117887160428986
162000	-2196.203197807619	-1949.6175642404783	-246.58563356714066	0.07146368266101018	0.14538594957352932	0.10210695229712848	0.1079100047332582	0.17596885593284606	0.004882341468629348
163000	-2196.7220568636794	-1948.1246315768735	-248.59742528680604	0.05674480570197395	0.11506739148786262	0.08111257664271748	0.11382781741206958	0.17996975810171786	0.004402060799953187
164000	-2197.967267616164	-1952.074110201251	-245.8931574149131	0.0817724637647959	0.06715335767172646	0.14081224770549097	0.08855418223886911	0.14281441634665895	0.0031991861249184997
165000	-2203.0065230655555	-1951.6126588838265	-251.39386418172913	0.08298348281882804	0.048035644205440035	0.0625487625307875	0.18488225118085366	0.12784238370521223	0.004894104918108572
166000	-2197.4093749980475	-1947.2458691928655	-250.16350580518184	0.0616035995117337	0.07449494240341434	0.09882194196141243	0.07237397036776441	0.20635513456002028	0.0034385582777197335
167000	-2197.361675516217	-1949.860496047747	-247.50117946847007	0.06886673961037741	0.11660488920765255	0.09230230787103556	0.1010810311169079	0.18379203045431683	0.0067501232581037
168000	-2197.6582133404745	-1947.4790533277392	-250.17916001273525	0.050693471881419885	0.08467295259739749	0.07532813419724155	0.11061427963359081	0.1722005130165347	0.004390725235517456
169000	-2197.12506832507	-1951.0369162400746	-246.0881520849957	0.11883759019609665	0.09983449733402923	0.07029308583002275	0.11058315027900574	0.15391429243646457	0.006484926460495712
170000	-2197.475930524507	-1949.5307160730886	-247.9452144514184	0.07340993453737538	0.061549638751137906	0.10454537025269614	0.11805980527495258	0.16527719008109676	0.005690899651918878
171000	-2199.8124210453657	-1954.3391963802712	-245.47322466509462	0.08373448046856491	0.11708191779891701	0.10732938201088565	0.10452515634227372	0.13306925778698478	0.0047466935837804
172000	-2199.5377157656917	-1950.6592390279916	-248.87847673770025	0.05746476040220507	0.09579831631839823	0.09141904615876899	0.08019009073329895	0.18482623173539756	0.00590917388563773
173000	-2197.547505697887	-1951.3373771581132	-246.21012853977388	0.10420342538505763	0.10517254530275098	0.1302908138953466	0.11499010111234986	0.19428391474767237	0.0062020864013157305
174000	-2205.599266868648	-1949.5275636500241	-256.07170321862395	0.057769934843856965	0.12671460435081872	0.06984239997562386	0.051062905712137854	0.20515016483526727	0.004746928840738758
175000	-2196.77552021307	-1948.2204537812731	-248.5550664317969	0.06947108584076749	0.09729858042212504	0.0969599733177329	0.15926269072674878	0.21199209437132663	0.00413494356469871
176000	-2202.231138833829	-1950.1546236390527	-252.07651519477628	0.06706860291508694	0.20434817424419086	0.16220309830693883	0.07713724446041686	0.17394815494423066	0.005708603373621226
177000	-2200.2203922816884	-1948.5939964631186	-251.62639581856996	0.06245174317757484	0.059335018312420384	0.06231291682514744	0.12378074081245681	0.20258575780995955	0.0033117879449220933
178000	-2200.0200502885164	-1946.6983705374648	-253.3216797510517	0.03522766212740996	0.0493523542044502	0.11611407805877258	0.12878845591966065	0.14716584442963054	0.002733810104932097
179000	-2195.3855968183534	-1948.794366353078	-246.5912304652755	0.08034557814489887	0.08183079402215417	0.15228885566444697	0.13113919457813317	0.1677310926839693	0.005248574841550181
180000	-2200.99159172015	-1953.1637465361487	-247.8278451840017	0.0792967767735023	0.1349341190735753	0.09898034553937421	0.05040702960470873	0.12624702983849787	0.004581274255279931
181000	-2198.478892920511	-1949.1468828083118	-249.33201011219927	0.11661584618611619	0.1551326467707297	0.11670834624759417	0.09287937981956135	0.2164109689681381	0.006680175165236531
182000	-2197.317650739274	-1952.3183634932634	-244.99928724601085	0.08212883259577688	0.08596232341437816	0.11827183630651562	0.09802121958572882	0.17195103006867218	0.002868872568888733
183000	-2199.559831070018	-1952.1198923228142	-247.43993874720385	0.08139438868135535	0.09328241256332255	0.08984631771724634	0.059501895874917256	0.14636262569650643	0.003095906312926708
184000	-2199.671707453853	-1949.6560859482656	-250.01562150558735	0.06655286329587275	0.06397272358375612	0.11946053545613043	0.09053334947671207	0.13419412380913595	0.003675507614003643
185000	-2195.6580068751327	-1949.1592755559855	-246.49873131914725	0.08260222637991382	0.07852791955608482	0.09837838485492012	0.10546646157686587	0.15506754888454072	0.005555329954095771
186000	-2197.3645478060157	-1949.14583090048	-248.21871690553596	0.0662089092652739	0.0689853423920845	0.14592950235585636	0.12160768711963005	0.1699049105971181	0.004162657869962517
187000	-2199.386015819402	-1950.5682469507224	-248.81776886867954	0.09685023818698232	0.08962807516768775	0.051819970367294306	0.09805875024264206	0.16890310932396474	0.004225109532690775
188000	-2197.453162068139	-1951.9633022636417	-245.48985980449766	0.10282157717560737	0.11269512306618878	0.12436707992117835	0.09146233265535561	0.14294943712415129	0.006878204104358752
189000	-2199.5660830478314	-1951.1901097848126	-248.37597326301858	0.06974978528521315	0.07303793786865598	0.09277861979434242	0.10328322811803733	0.18166203509399487	0.005540501410810324
190000	-2199.1092605516733	-1946.9294295168534	-252.17983103481998	0.0432768347699131	0.11114159621020808	0.08584466785980922	0.09346395295515104	0.23496117895175264	0.003519494052959171
191000	-2197.965651296878	-1952.481489511735	-245.4841617851432	0.07868669957597475	0.11804925771601839	0.09400570042984238	0.08349844868241162	0.13459863937538305	0.005097326975515917
192000	-2199.9257843791556	-1953.5839684241037	-246.3418159550522	0.07116412049562308	0.06173919233340949	0.1313557739207254	0.10332281050174957	0.12567770695836836	0.003401802765841601
193000	-2199.3551029308637	-1953.9067447424518	-245.44835818841176	0.06745297278557467	0.09546038844852352	0.11470013316937558	0.1111353590315038	0.1255007945311014	0.006570431160576529
194000	-2201.8103704983696	-1951.0756598614475	-250.73471063692224	0.11061207058780925	0.058317023993488974	0.14371486230687588	0.08705917910054305	0.1411401090519689	0.004255435170851207
195000	-2198.881402106357	-1948.669289906867	-250.21211219949	0.05770979033990714	0.12319581243894434	0.06470083593086536	0.11601198940880911	0.2097760693868428	0.003790283381978893
196000	-2198.518913777891	-1949.418681999863	-249.10023177802788	0.047922516517968756	0.06310769730543166	0.09812250171402853	0.1210529920721823	0.1551396198141866	0.002988469613992439
197000	-2199.1220175075505	-1947.4835820426392	-251.63843546491108	0.07902705785893664	0.06085752304446956	0.0635842924861521	0.16562721241023168	0.20426313794536838	0.004714017066453336
198000	-2197.35253177712	-1951.4883544085833	-245.86417736853693	0.09630223135975031	0.1273734546223679	0.09083632844128596	0.08394189574453931	0.1790765174733596	0.004490234388249834
199000	-2199.148600790352	-1945.6475413780404	-253.50105941231143	0.04479740342833935	0.06449123907190744	0.06773703964503237	0.11154993596741197	0.19929454735452615	0.003515929685776433
200000	-2199.2437587596824	-1952.2481334378638	-246.9956253218187	0.08657302327784287	0.08660015477802803	0.17113311994767294	0.13414442030665677	0.15380214257196662	0.006403543348569961
201000	-2195.5857719458504	-1948.603056204753	-246.9827157410973	0.06580332334774552	0.10934940356341055	0.12125815413215678	0.15307490721319583	0.16631947309711856	0.005302311218414067
202000	-2201.431974752491	-1949.3829334356165	-252.04904131687442	0.033746658872879955	0.10267155760932535	0.060201545884108566	0.12683168389110067	0.14027966620619647	0.003433780988924175
203000	-2196.71795737362	-1950.6851354060245	-246.03282196759523	0.13887317131576923	0.07821997877970069	0.1202578007929581	0.14380069304152007	0.1653881318609637	0.006533790345981318
204000	-2201.6259345979665	-1955.9954890667657	-245.63044553120082	0.13256185588024796	0.11485987313474667	0.14319237166140067	0.0759604380237214	0.1436165605751206	0.006781685024995223
205000	-2199.5755963102365	-1948.5448704387204	-251.0307258715159	0.058190648422013456	0.0586481627688851	0.12798184349493144	0.09019633451735429	0.21341934939780666	0.003361974494951925
206000	-2196.8210366746816	-1948.8129012460504	-248.00813542863148	0.07237670785123715	0.07499628339990254	0.11168521117203001	0.11307329003571447	0.19166480978257114	0.005604788837697114
207000	-2197.626175142062	-1948.99102771235	-248.63514742971216	0.09415631001809649	0.06938038855245772	0.11639442708413054	0.07587215946229078	0.20272711878848895	0.005252205665544888
208000	-2197.27539487014	-1946.7791663235666	-250.49622854657343	0.06280319869307614	0.08864891598359342	0.13570230613525303	0.1271792948157791	0.21827086879982707	0.004315153928342512
209000	-2197.025797749454	-1946.7915118645396	-250.23428588491433	0.04958583240796826	0.08054334853184507	0.1325820164938685	0.13508907287950495	0.19149559789224696	0.0044558946291623535
210000	-2199.9768833884036	-1947.2191585273276	-252.75772486107599	0.09735389351311328	0.07757381909316624	0.052449577108995	0.19615881283173703	0.20281182855820426	0.007551713685937048
211000	-2197.2488090698766	-1950.9853878245467	-246.2634212453301	0.11246020654123369	0.09752461939259714	0.1538754756271849	0.16188233876475164	0.1638498445952507	0.006377590304228731
212000	-2199.370287732049	-1949.6533004933515	-249.71698723869724	0.05899433235085788	0.08589507872283376	0.08517611510245962	0.09120277551500479	0.20334686008207742	0.004491708004320122
213000	-2195.1396457583023	-1948.1288574030764	-247.01078835522608	0.08910617033683706	0.08786812948510837	0.0806893746618728	0.13848818135079588	0.18951028192792915	0.00530639053991102
214000	-2198.1366729459596	-1953.3085688000501	-244.82810414590938	0.07489924922250507	0.10914124406689488	0.11475605424792733	0.11776012048631154	0.13116701302699046	0.0043493409705940515
215000	-2197.6840518345125	-1948.8701320220457	-248.81391981246693	0.05774273451898499	0.11550171965879294	0.06285656984446435	0.10212195853600636	0.18198571867263508	0.0035504219266981494
216000	-2196.804247915546	-1950.1824914912986	-246.6217564242473	0.0719783764923049	0.08451703260650918	0.09335802807911554	0.09693802729885538	0.1434011712142638	0.004671279674231441
217000	-2203.8309601075125	-1949.8292645694028	-254.00169553810963	0.05726550897310794	0.19017057004057636	0.06751324531528918	0.09936856694091149	0.1991014446388556	0.0036162982867402015
218000	-2198.3612551345036	-1950.0082157562522	-248.3530393782515	0.058956677288292396	0.10545572116815065	0.07025414595491972	0.08318942771614497	0.14319323148632027	0.005006095090136518
219000	-2199.038914430781	-1950.055333756523	-248.98358067425784	0.06508768889074548	0.15850681600573732	0.07069764261315217	0.13017874920682698	0.1653746287157451	0.005432797434298185
220000	-2198.165989710268	-1947.130015224749	-251.03597448551926	0.05072853911560315	0.06438803637333983	0.11537913179291866	0.14198650540753355	0.19175453341948112	0.005643864474268831
221000	-2199.3432642449015	-1948.238950585404	-251.10431365949745	0.03936505594992186	0.08153236231912545	0.07586139642200654	0.08264923121851611	0.17314237797063375	0.002336506941797224
222000	-2199.914095414689	-1947.0439256683048	-252.87016974638433	0.061037113116126245	0.10673866702037549	0.09154111733128711	0.1661255230319241	0.2493313925501353	0.003915750978286701
223000	-2196.7755158533378	-1948.5192556782017	-248.256260175136	0.054402891785434795	0.11582782438579191	0.10553974335558652	0.11176730427125707	0.18761319765725096	0.004588716209639471
224000	-2201.8814712012163	-1947.7292016223853	-254.15226957883104	0.035903030237951834	0.06009776416205884	0.0933572034511026	0.12333430690933461	0.1524326225250712	0.004123728496240984
225000	-2200.453017976348	-1952.4790075199903	-247.9740104563576	0.12737042640651988	0.11039767587949338	0.07367828213942068	0.06066568436196915	0.17572819472517412	0.003823095255787079
226000	-2203.47866105686	-1949.2100187795795	-254.2686422772803	0.06432563303324214	0.1166371150633259	0.07047842132602829	0.041066246970343764	0.18954440323366553	0.0034559968505270366
227000	-2194.3344604203116	-1947.9411447976404	-246.39331562267125	0.08505004509690102	0.10959262482368673	0.11191076353699407	0.10530348138722495	0.19615005766480967	0.00560427304110719
228000	-2195.7559539697754	-1947.1884681466959	-248.56748582307972	0.10091432893297225	0.10578058495045153	0.10265328682322872	0.1630516676272802	0.22244710423567993	0.0066006312707978495
229000	-2199.126235543898	-1949.416057987708	-249.71017755619016	0.05238268872373835	0.0664714550287794	0.14023895216045698	0.06578847412885301	0.12904708850123606	0.0033941529286091706
230000	-2198.593343691417	-1950.9009967518841	-247.6923469395327	0.09309859467685751	0.13336805586169348	0.10894092839054069	0.11011227312221732	0.20396018588020576	0.006994389880561657
231000	-2200.009704500924	-1949.5768897896214	-250.43281471130246	0.03566938142528955	0.08048788785748935	0.150733611145779	0.11916854421159978	0.12327868639785942	0.0035576732405580807
232000	-2197.402433593097	-1948.4602743948576	-248.9421591982395	0.05939677014202568	0.05071459302492623	0.11666224051716086	0.1241055428858976	0.16249099426661257	0.0028916559179442843
233000	-2198.75074458312	-1949.6439028708687	-249.10684171225168	0.08092085836603313	0.11499739406678153	0.08840431141426162	0.06300334233026196	0.19631375792130099	0.005757960546659682
234000	-2197.829262996396	-1951.4513731145953	-246.37788988180085	0.057268855567463514	0.11028351985747538	0.09248649161408583	0.13161339183554305	0.13211655471583497	0.0038258459824077697
235000	-2197.174534282525	-1949.0268818794407	-248.14765240308444	0.09009176222931976	0.11008446385341732	0.09572542682046173	0.07509336973291579	0.20192330536195074	0.005912514392569527
236000	-2199.5548451985437	-1951.2740546047721	-248.2807905937714	0.0607749641825779	0.17383276357962352	0.09781038306292317	0.08211525095500607	0.14977631222287513	0.0055739827205521794
237000	-2199.371669229303	-1950.8657404690275	-248.50592876027508	0.10293278077195037	0.07219460915823027	0.06428527517946422	0.11782998815597114	0.1509129986958124	0.0045635601609884
238000	-2197.0181428651476	-1950.074878861256	-246.94326400389156	0.07453726328672902	0.11656876326310094	0.0848060951399799	0.07863650569722036	0.1662175490341529	0.005014070109852394
239000	-2198.820655295409	-1952.9546416106864	-245.8660136847227	0.15746789948130227	0.10282685815253874	0.0993742793835943	0.08617504134225824	0.1496966658488952	0.006284728680326047
240000	-2195.3166545819013	-1947.375350168164	-247.94130441373713	0.06464758496859488	0.07755438094847371	0.12381262408776857	0.13136171749237804	0.19703675059288436	0.004123974378661054
241000	-2197.9684788413465	-1950.6692964409997	-247.29918240034678	0.0766809476082261	0.1251838684396351	0.08860759473943641	0.14812357232443354	0.20494787485157667	0.003933086391456581
242000	-2197.547972957102	-1951.676929995298	-245.87104296180408	0.12873299982911648	0.11151298609432483	0.14407943943887	0.14060016127283484	0.14935815916668188	0.007599502660832416
243000	-2201.6644121067634	-1952.4436488566275	-249.22076325013595	0.13282529642046267	0.06952651187657646	0.10863480816767594	0.10266588205646719	0.17474487578547054	0.008858944135935678
244000	-2199.1149482113765	-1946.7050217961773	-252.4099264151991	0.07050345222933443	0.07000076298531692	0.08977762158369543	0.10210231780573904	0.23554758804850426	0.004091854430711453
245000	-2195.925236472643	-1949.172376737245	-246.7528597353979	0.06392444695112467	0.09385266118722996	0.08990007325580371	0.11224002012966341	0.16100118270332794	0.005481115989510346
246000	-2195.627224205018	-1947.4430270289336	-248.1841971760844	0.0643920312653029	0.09426484940868676	0.15848107332335604	0.0970809107107814	0.19009232258720055	0.004556600005436333
247000	-2201.378122383446	-1947.9782941345798	-253.39982824886658	0.060243261548853226	0.07647880320673685	0.052613120756862426	0.1581923453708434	0.19655224022316595	0.006998196123324629
248000	-2203.459763152792	-1956.6861390381575	-246.77362411463486	0.056606573895845974	0.08470543460544559	0.17761268727116988	0.13762115651618279	0.11341217084222376	0.002003482803978386
249000	-2200.0041171668895	-1950.3331800867568	-249.67093708013292	0.06674801055688656	0.173934072269486	0.07969181980257706	0.08472819417658964	0.17141739585289342	0.006539141112525192
250000	-2201.3299341683205	-1947.274354986504	-254.05557918181668	0.040682552106383815	0.0903590484592682	0.09088813834887086	0.17043546433646864	0.19596145124404982	0.0047064691083066835
251000	-2196.9890101752753	-1951.0572652597589	-245.93174491551633	0.10415607966530013	0.08787622249448405	0.15257210599435864	0.13267123413623752	0.17596576325567878	0.004458380079065734
252000	-2195.778542054784	-1948.1635056916693	-247.6150363631147	0.053260802391872454	0.10528622630737451	0.09221156403398427	0.13256024797967472	0.1627649219559359	0.004428149858007283
253000	-2196.2073660368355	-1949.2595942269159	-246.94777180991963	0.09176293638874683	0.11661875308418719	0.1469969577212536	0.09403383918588716	0.19245972670073994	0.0056746626860095534
254000	-2196.486056421536	-1950.4646717575552	-246.02138466398105	0.0752383636333124	0.07357647335994304	0.09413595309245035	0.11578558497965953	0.13620327540877342	0.005761947645838622
255000	-2204.569097774232	-1953.6554118955637	-250.9136858786683	0.0740893001005175	0.07134681065626913	0.0599237694372018	0.05922490193535626	0.13157442506028771	0.005125674634312464
256000	-2199.7702076735586	-1951.680136700233	-248.09007097332574	0.05904706652921021	0.07569194986113795	0.09099330160564198	0.06706472263234216	0.1225841212844919	0.00288703403275002
257000	-2197.599906722239	-1948.9755844560373	-248.6243222662019	0.0854170833695315	0.14283358138074093	0.11781788357293578	0.07787361059191994	0.1882331184048819	0.006269056663897301
258000	-2195.8089724709807	-1948.786242517439	-247.02272995354167	0.09419577101874134	0.14102791162698053	0.09533227435427957	0.11825232188557316	0.21029267018132863	0.005198418498925956
259000	-2201.2732551751033	-1953.157044580699	-248.11621059440424	0.09353219114937703	0.0987776693600934	0.07585857533013027	0.06983872023324438	0.14106243936576113	0.006580164547092405
260000	-2201.8473610988462	-1954.4992467625252	-247.34811433632103	0.05441740589843115	0.11655761356862472	0.14845959265321215	0.1222911532824908	0.1363265613893756	0.006210065927416226
261000	-2200.4821377941894	-1952.3059008318974	-248.1762369622919	0.08898748639680101	0.16341335817763328	0.08586352908283333	0.17190329019428582	0.15756311251423916	0.005853449393124718
262000	-2198.2087361950958	-1948.6312790851302	-249.57745710996556	0.04846633108418606	0.08338463500042373	0.09512630258641312	0.16910328812431674	0.1574797312156741	0.0039041585442596578
263000	-2199.138460047942	-1952.5700022864708	-246.5684577614713	0.08373083716626538	0.10866239797221768	0.13965275366109414	0.06375708215116341	0.13962528433434404	0.0035737843039809186
264000	-2195.737811398452	-1948.9022208690856	-246.8355905293665	0.09957957428338951	0.09430459436533589	0.10880944892004192	0.09978132989119333	0.18788650833109302	0.0065143516904119505
265000	-2199.9921922914946	-1951.9455060564248	-248.04668623506967	0.16933447494535214	0.1337305373197139	0.10152634140189344	0.165735236357086	0.17821205949696348	0.007074748528923881
266000	-2206.6155493369797	-1950.160131006786	-256.45541833019365	0.06695932118738464	0.07189571683709478	0.08293091647478525	0.05381266279657063	0.2807990755659913	0.004292788318221598
267000	-2195.9932721385594	-1949.0948109527692	-246.89846118579027	0.0936755130428964	0.0688336651271405	0.10073770833613797	0.11416278759167688	0.1637064488604049	0.005146351188039381
268000	-2201.767096869588	-1950.9751716777805	-250.79192519180754	0.09649584474221544	0.1041844544797901	0.044114451639394515	0.10996160163554985	0.17172541383677836	0.005922857652828984
269000	-2198.898209320311	-1947.3505345776912	-251.54767474261945	0.08867370903270849	0.1473397755079995	0.05732335575154003	0.1585326113277953	0.22583661840438948	0.0067073096075510345
270000	-2197.4953558025	-1952.923246030866	-244.57210977163408	0.0889870787908719	0.10708055478054745	0.08884202664459537	0.1379001013754119	0.1518407104479703	0.0038119541763484035
271000	-2197.153459264594	-1948.241853953491	-248.91160531110302	0.06559039109800087	0.1014609900778729	0.10085811810745865	0.08322580914440002	0.2152847383286808	0.003813001853979605
272000	-2197.925270475234	-1950.1060475617578	-247.8192229134761	0.057367340077655725	0.08617140666914379	0.07659702632535625	0.1457102740718132	0.128327035029967	0.004994526500720624
273000	-2197.814809249003	-1949.2984921690093	-248.51631707999334	0.05696540497113742	0.07993539970320598	0.10459313937004613	0.0663097749124049	0.1610093788188873	0.0029537260083198334
274000	-2195.6049316002363	-1949.501854415275	-246.10307718496162	0.10539862534234518	0.09620390090141955	0.09336109612150162	0.0940345864198535	0.18032750340966658	0.006369243297229029
275000	-2195.33660454253	-1949.2113688869563	-246.12523565557396	0.09166019015911282	0.07007450219508081	0.10300449275433354	0.12778712331519787	0.1626988883394524	0.005909155582931994
276000	-2196.731644461541	-1951.042004042576	-245.68964041896487	0.07758480380770012	0.1278444399455013	0.15104255697472757	0.11298862770233264	0.1431156134446371	0.005548193954586753
277000	-2199.5081359543287	-1950.2211553379607	-249.28698061636797	0.07454714054867291	0.14220055497451084	0.07954306331359687	0.17731366508370802	0.17727818728200018	0.006026819594604649
278000	-2198.4874969539915	-1948.5952093464591	-249.89228760753213	0.09357334808673358	0.15844935977265381	0.11978797588901294	0.128415036274569	0.23328333831245956	0.005615123209067877
279000	-2199.063881993171	-1950.3051441006949	-248.75873789247603	0.09161307983959636	0.08799913844857304	0.060409796750412914	0.06908680689153403	0.15555634623036352	0.004302114896980753
280000	-2197.454367076469	-1950.9521376067137	-246.50222946975566	0.07274085646972714	0.07968934059882087	0.14922874567110606	0.0789177508283375	0.12917657762270945	0.004535042588221619
281000	-2198.810745841339	-1946.8362073160329	-251.97453852530623	0.04878251717721061	0.13110551121910843	0.13083305133975973	0.109402270684142	0.22874007348087783	0.006347312115731942
282000	-2195.7318799060413	-1950.0295878652291	-245.70229204081224	0.07492056801420544	0.10636320119352335	0.10949777927816357	0.09169452857291512	0.15092396864213292	0.005529124811337693
283000	-2201.9628796801944	-1954.1935734348206	-247.76930624537363	0.10213503817188968	0.05559034668364714	0.09231283640132872	0.16325997624087493	0.10888695961666787	0.007017254354248381
284000	-2200.076338385831	-1948.9045469266985	-251.1717914591327	0.0724808367361007	0.05120680265528286	0.08833739582136663	0.06539725587843447	0.17192638019270123	0.0034751856596965934
285000	-2201.961133328636	-1949.5700753669062	-252.39105796173016	0.049866934320334705	0.04074323834038827	0.10613392709881134	0.08028625521093459	0.1429349873068058	0.001984012906804132
286000	-2196.9041453424256	-1951.837787752228	-245.06635759019775	0.06642349470695964	0.08223297912227169	0.10842442324020517	0.10188502709423533	0.14360870038403278	0.0029600505133319283
287000	-2200.7702144028653	-1950.705744039712	-250.06447036315353	0.061701858699705826	0.08664102660237578	0.05409125537657367	0.11673140598817763	0.14896625769913777	0.004820731032082031
288000	-2196.9421846744904	-1950.5342405585277	-246.4079441159626	0.11515027085727186	0.10980023444835267	0.1018306970101626	0.13947131702762675	0.1697398568379652	0.008681110654976617
289000	-2196.967277850615	-1951.399764005782	-245.56751384483323	0.09564592964657716	0.09319470200340987	0.09174149395425736	0.13499040944934176	0.13711358915492614	0.0067421063579048285
290000	-2196.6583290264803	-1950.3950693518484	-246.26325967463188	0.0798679752610611	0.09587364934166624	0.12909841370032027	0.0759958581963963	0.14807854318337224	0.004215393460102553
291000	-2198.3268402969707	-1949.9494502267473	-248.37739007022336	0.16027112187594725	0.12707923951213762	0.10594279019346207	0.11826480768540816	0.20767018514437355	0.007114958287579302
292000	-2200.5986703863973	-1949.0187138608287	-251.57995652556838	0.04169481999131664	0.0716600213449394	0.18073683146215147	0.08282031907087527	0.13822569271849977	0.003580423276543252
293000	-2197.2045018153503	-1952.963531668599	-244.2409701467513	0.12249936143866672	0.12639021654043625	0.10622403751884447	0.13476417934862545	0.1563361744804417	0.005232120320635478
294000	-2204.156366676681	-1951.5782271567932	-252.57813951988794	0.20479920901911206	0.07243055274939568	0.0901916700494403	0.18656712852074397	0.16578571778558363	0.007613366991623003
295000	-2198.837856645038	-1947.0188356854253	-251.81902095961237	0.10854007588786146	0.11337850518800983	0.11160559217685492	0.18097516593171034	0.24762647367952798	0.006522529932199057
296000	-2197.206715625289	-1950.1241587332881	-247.08255689200047	0.06078318780601146	0.10176557888116207	0.09181140502508414	0.09575763943155746	0.17268399621031044	0.0031541443396341014
297000	-2197.5855352293875	-1948.1945343108455	-249.39100091854178	0.058472065676158966	0.10196160855031637	0.07174543834928791	0.08014013288027368	0.1893082083169336	0.0035537429239352195
298000	-2198.2471648767955	-1951.6249647884333	-246.62220008836223	0.08582149893501685	0.07727844250950049	0.12478150066334748	0.09265185348982753	0.16347995142104743	0.0051593631751039115
299000	-2196.6590186256994	-1950.4024201043076	-246.25659852139208	0.08993383487091441	0.0904825834940446	0.10949130504492313	0.12722132068306727	0.19068594053422683	0.004753884828727319
300000	-2196.9535767213247	-1948.3849117604454	-248.5686649608793	0.07854012654626007	0.07532601716007485	0.07681586938173257	0.1804598516727312	0.16613462463972184	0.00539892464459433
301000	-2200.949925831435	-1955.273264425895	-245.67666140553985	0.08491870332499518	0.07798878886319813	0.10322082535913396	0.16407572556978772	0.11400015638706407	0.004388492775474289
302000	-2196.9127365802424	-1949.9615470742256	-246.95118950601682	0.08891781717151276	0.07366619092898069	0.09949212198805825	0.06850931291292114	0.1691551475881971	0.003682486354596899
303000	-2198.852875118353	-1947.4675918134553	-251.38528330489754	0.057509016364766886	0.10565454960972831	0.06336290283354344	0.11989662182736587	0.21122953245202752	0.0047696639807426
304000	-2198.516932436198	-1951.4375125353472	-247.07941990085112	0.1136441633647831	0.11572480400810616	0.08316049620122117	0.09052750633508792	0.15980232707193467	0.007186635349204486
305000	-2198.2934184664123	-1947.35344403007	-250.9399744363423	0.04433973697258875	0.07899848556346625	0.11807290027604875	0.15014643444075648	0.2061506090471698	0.00308516632821759
306000	-2197.8876091172315	-1950.8344192698623	-247.05318984736914	0.07262845268359767	0.10062582752251331	0.17300718441648336	0.07846891627070075	0.14598751426708298	0.004233468291328711
307000	-2198.631001275791	-1947.4669127573068	-251.164088518484	0.04794986861437871	0.13952700121497566	0.14923635408854982	0.10859126367807619	0.20405360979605353	0.005418637780129776
308000	-2196.475089698218	-1948.0130078739523	-248.4620818242659	0.051697805348809626	0.12036978231246138	0.10603894416808886	0.10746727156067298	0.17698944570911848	0.004933427043476216
309000	-2196.493309989681	-1948.6021977531318	-247.89111223654916	0.05134260120703423	0.09107722305219644	0.1088479102342882	0.1091530899379778	0.16522950877610376	0.003380204111955805
310000	-2199.5087230603663	-1947.925372093404	-251.58335096696217	0.06417205928776697	0.10266618362197659	0.10185340435999449	0.09823472979783195	0.24198488647089045	0.007065368718144877
311000	-2195.8538087230627	-1949.466087517042	-246.38772120602076	0.07959491845622887	0.09752710250265194	0.11607370681073252	0.11249564756911	0.17097438929019546	0.007139067798947524
312000	-2196.572307095567	-1950.7882771851464	-245.78402991042037	0.11577372152571863	0.09388341030101306	0.0897364535231464	0.10469861032331915	0.15480629138635463	0.00677792712650312
313000	-2198.8720179394613	-1947.8940464625834	-250.97797147687783	0.09480699026806322	0.13251484944883354	0.09527044646905485	0.11768075286292728	0.2414363911870897	0.006458371931311671
314000	-2197.363285953464	-1950.35220594486	-247.01108000860404	0.07466540675961417	0.11181680982256122	0.08545000554137247	0.12266119780247503	0.16750901191199302	0.00443643013497387
315000	-2201.1601091118578	-1954.3449361306125	-246.8151729812454	0.14512801485207608	0.11563914799202962	0.06492630322826805	0.14082197862757648	0.1400360143310294	0.005622198117013885
316000	-2196.021776966692	-1949.344937046203	-246.6768399204888	0.10682474847250757	0.09599683783898807	0.11374683210077353	0.08259618153978796	0.19398965621197217	0.006117711592556257
317000	-2200.233370211981	-1953.4349035432833	-246.79846666869753	0.1246432463398917	0.0700366023857429	0.09600931480812167	0.060621542792826486	0.12033925689667355	0.003936770826013647
318000	-2198.1837459589697	-1950.392853397326	-247.79089256164346	0.05668262207513158	0.13121133850245484	0.12111002696924279	0.14773916625118794	0.17149412556401908	0.0037648440923049266
319000	-2195.9506387858305	-1949.523795411472	-246.42684337435844	0.09392255118578395	0.11137050364054155	0.10564623577687621	0.07736065765721921	0.19205589077935867	0.004301418585829879
320000	-2196.224152843308	-1949.83774743398	-246.38640540932798	0.06754033985732677	0.1001453754716753	0.10888939322226598	0.08074300634990114	0.15497417888523354	0.004361677820085556
321000	-2199.6515394372746	-1952.2625004257643	-247.3890390115102	0.10072026009111933	0.10425807621750251	0.1752719091205945	0.07275032251249904	0.16453532152867123	0.004653693380514651
322000	-2199.084397232582	-1950.812357471344	-248.27203976123812	0.1283134037426686	0.05920411002370241	0.08464685180516586	0.09892512669888157	0.16508148139500842	0.004710313488501166
323000	-2199.044521403087	-1947.6752067953544	-251.36931460773246	0.0646775614274752	0.0636762932973948	0.1450175466305992	0.12254760392959077	0.19729821637638958	0.005235567960043198
324000	-2195.6576275513676	-1947.9239974590755	-247.73363009229197	0.09298644633226581	0.10955802186450408	0.08493549879341182	0.12426419989212907	0.2054660651324878	0.006356776392471799
325000	-2198.964058894058	-1947.8760066067284	-251.08805228732942	0.05570393568465432	0.06418234199120246	0.06183727647008711	0.08518688635170464	0.16183039324451579	0.003374372338654993
326000	-2198.8837415627518	-1946.5267640171776	-252.35697754557438	0.03949571473580493	0.07494422621514667	0.14144665619203103	0.11803939363455945	0.2095426417418339	0.0026184946569646583
327000	-2198.8584256197564	-1953.868143960755	-244.9902816590015	0.07235353568023442	0.11000541941542742	0.07792546072050589	0.10663770786220152	0.12063633525785744	0.0039028191735129203
328000	-2197.1167963131165	-1951.8581577872033	-245.25863852591317	0.08183061779924972	0.10804957707528155	0.10971738954090726	0.13485201540413308	0.13613723051559085	0.004525300259451401
329000	-2196.8807460280923	-1950.2781200953766	-246.60262593271577	0.0748654604047034	0.14412609656424116	0.11255666705976418	0.09393887345952696	0.17888505363117763	0.0050131392815744085
330000	-2197.5308580522033	-1947.0688233426163	-250.46203470958721	0.07506906471247408	0.05229246779273259	0.07567850558280342	0.12307916199683978	0.18614081450771647	0.0047338917644756525
331000	-2195.9726824840245	-1948.7768043428669	-247.1958781411579	0.07382792841393973	0.06941048203739486	0.09403723246975058	0.11106441802282137	0.17595161744324264	0.0037562664202705105
332000	-2197.2041729889697	-1950.2011099858983	-247.00306300307136	0.054746594442710135	0.08343469492853597	0.10177518530099539	0.08897454622615082	0.14044829666110367	0.0031424500903020564
333000	-2200.3568969857456	-1948.9722834958143	-251.38461348993113	0.0566091976064576	0.07680728227182518	0.05989685851404632	0.07374772949589967	0.17330475527254388	0.003525945741722213
334000	-2198.615629781641	-1948.6833480056175	-249.93228177602367	0.05253547544784739	0.10228594978784958	0.054935372651766484	0.09796011914451543	0.16581032901699153	0.0033678449681982963
335000	-2198.464967307757	-1949.127041070704	-249.3379262370527	0.13474080275336883	0.06355385124743425	0.11649042217736107	0.12024419429472824	0.21335847452216247	0.0063125838800300255
336000	-2197.540641734413	-1949.892659046715	-247.6479826876982	0.04811803697943247	0.07182225096619291	0.10314169120029294	0.11376629830079973	0.13051336828833185	0.0029966538771880463
337000	-2196.142713097867	-1950.5779041024584	-245.56480899540844	0.0706514532098032	0.09774807975749553	0.09494863513954152	0.1342609680398	0.1426211174113929	0.005422907601989618
338000	-2199.2305091242188	-1949.6257831202602	-249.60472600395883	0.05494626691477434	0.05570813459647775	0.09768462566813861	0.08284487974252588	0.1262389136005436	0.00454822571148109
339000	-2196.2611733651584	-1946.7172579825715	-249.5439153825871	0.06256128719061693	0.07464966770221125	0.11296240916828493	0.0874299504368801	0.2114843096498969	0.004571940982949697
340000	-2196.1281684836636	-1947.8949354086258	-248.23323307503796	0.07642512409987	0.06091587283745389	0.10599244937230659	0.14503892325129292	0.16775907146932192	0.005491821657556093
341000	-2204.1691160284245	-1953.667778259659	-250.50133776876558	0.054324238587850134	0.08594961928304092	0.11512992219483532	0.12479669555975388	0.2104155356845765	0.006054901692642264
342000	-2198.588019787451	-1952.0781664728665	-246.50985331458432	0.05811195365390758	0.1168023075799157	0.10716764376817817	0.12139683007720861	0.14746997457388686	0.004446043934544476
343000	-2196.2926410449277	-1950.0452110446247	-246.24743000030313	0.06025827334250277	0.09902434511718795	0.11691573236302275	0.11795661402485155	0.1403376157010198	0.00556910782498979
344000	-2196.54691696867	-1949.5258138312352	-247.0211031374347	0.11150491772772315	0.07917009558734688	0.11170772015527376	0.13238829968187352	0.20144419327747554	0.0050012518464149554
345000	-2196.9109403688635	-1947.003425109875	-249.90751525898872	0.07715205125333989	0.09658841856366757	0.12295695578036105	0.13569072162847973	0.23262348362795085	0.007250849600033558
346000	-2197.6453164713694	-1948.7851061882789	-248.86021028309045	0.06470121972731749	0.0871988478400401	0.06603735689427832	0.12132883819099347	0.1597575992693532	0.006169793267386956
347000	-2202.8799620184936	-1947.8045702173188	-255.07539180117502	0.042939146583128605	0.043143633174167265	0.054973112293947274	0.08094054385549238	0.13240196049144992	0.002466624297601895
348000	-2205.128416097294	-1948.314089494263	-256.8143266030309	0.02738150407931966	0.10097221400061694	0.11765858648384997	0.05907654668586797	0.19148363391188547	0.004893681510007545
349000	-2198.3015771199894	-1946.595216988595	-251.70636013139443	0.057452418579161564	0.06056684507694906	0.0805085962905209	0.10718808175030912	0.18582078285714976	0.004303944712812394
350000	-2198.289082302505	-1945.9514045722094	-252.33767773029552	0.055304840899768754	0.07885443666191244	0.05620154596833139	0.13701488256447347	0.21055305867877122	0.004161433436801036
351000	-2199.9689328445584	-1951.8207899128738	-248.14814293168436	0.06138258640503379	0.17441310423477796	0.11865406347372602	0.14104851346325217	0.15765733474741309	0.0050221040619563995
352000	-2195.450692288033	-1950.5276068075302	-244.92308548050292	0.0874511780639514	0.0874093166671846	0.13630240496542023	0.09318070511380731	0.15976813461371742	0.004051832886049851
353000	-2200.3314380186066	-1947.5842246467148	-252.74721337189195	0.05796859449988037	0.0812420949765336	0.061647950968550025	0.18674205789888634	0.18085379985628888	0.004451292272647825
354000	-2197.9413791867987	-1948.8329462318545	-249.10843295494402	0.07665365845879894	0.09085479487448876	0.055124258348153356	0.13048811357907775	0.1913670090472773	0.004158995581904417
355000	-2196.744167063826	-1949.2456652793894	-247.4985017844363	0.05109829702900107	0.11222925013894089	0.10997283932462927	0.09490025349661464	0.161716640028459	0.0033305945480905283
356000	-2194.978531120931	-1948.7979183683474	-246.18061275258376	0.0748274859148166	0.11028472853607509	0.10339290963735685	0.11932874239341203	0.19162086103434214	0.004222379130288061
357000	-2197.4055007139777	-1948.581320080633	-248.82418063334458	0.07242467483863417	0.07759211867332794	0.1403327054984262	0.07771653364325623	0.21646879017943274	0.0034933549341413994
358000	-2194.6746808489606	-1948.3032734411872	-246.3714074077734	0.06982488603227366	0.09393526753337107	0.0915139484052062	0.11918204903747896	0.173011698271305	0.004403463983165833
359000	-2199.85758381584	-1953.6009481647322	-246.25663565110784	0.06636518061379572	0.14192015092032215	0.10977233881165029	0.08413728907265022	0.12654170192253716	0.004226446654298112
360000	-2198.958038600194	-1950.844039539572	-248.11399906062192	0.09162314993520851	0.10550935701042811	0.08913272495601228	0.059295787305582444	0.20180770640816068	0.0035853120776205435
361000	-2197.0688417745023	-1949.5077311333048	-247.56111064119747	0.06801971919184861	0.10886539825181364	0.09924572218133694	0.0771504026090339	0.16260753181164375	0.005713360531889162
362000	-2196.030907667013	-1949.3761932577631	-246.65471440924958	0.09160803907881535	0.11486518791503973	0.07444445976328685	0.09575963334246337	0.1736991535370306	0.005314576322538065
363000	-2199.1172101348197	-1950.494173026144	-248.62303710867593	0.058696575617214176	0.10776362323279637	0.06623781790364656	0.07110906575861957	0.15884532333264645	0.0036036191413816947
364000	-2199.974673123626	-1952.3418656597114	-247.63280746391447	0.11029292198684873	0.0861685588183141	0.11747289076013011	0.07983877844435601	0.1639352422814253	0.00558446446708937
365000	-2200.471809328798	-1949.909025092445	-250.56278423635274	0.0649941190384165	0.05750292760852606	0.058285422513181556	0.07310840425472506	0.15497322180085696	0.0026478124878035122
366000	-2201.8226157021627	-1951.054684304966	-250.76793139719655	0.08803344699962677	0.07277794407353215	0.07274695513863152	0.2338470126192865	0.13727064348134846	0.004726150212269842
367000	-2199.005935774331	-1948.3504503382962	-250.65548543603495	0.056795770928970944	0.08505119251306802	0.056772283395711304	0.15461025168347747	0.1718433904101297	0.003934307188308534
368000	-2198.29334436121	-1948.9950509363448	-249.29829342486525	0.08810335204975829	0.06458372055806198	0.19309335756707158	0.15011679686450674	0.18270639326962504	0.003961706572627111
369000	-2196.7526036557088	-1950.2151666268687	-246.53743702884006	0.07389252013651795	0.14025089187743486	0.08552676962448925	0.12622937191722672	0.17088833383184432	0.004551481745568392
370000	-2197.4967152712134	-1946.7207378623375	-250.77597740887572	0.0476111996515889	0.08673498685018274	0.06990346839716975	0.09670962574647583	0.18657698605689757	0.004292566643844589
371000	-2197.6146910239286	-1950.700998561867	-246.91369246206136	0.06156259925875324	0.08056612981353017	0.110969989269813	0.11192727060332747	0.16489611982759925	0.004199665654317201
372000	-2200.6220677361207	-1950.582397529614	-250.03967020650668	0.10920947340953581	0.05633103681011656	0.10881385821436183	0.1441424694035495	0.19304970508141017	0.00798614681063095
373000	-2195.927220249078	-1948.0157149198417	-247.91150532923626	0.11739426885020708	0.0926471778565131	0.1150686327216153	0.15277144084628777	0.20883256712286435	0.007534815552026778
374000	-2199.812795971904	-1950.2886226507644	-249.52417332113941	0.08906382460810715	0.10510403543204457	0.06762576403705069	0.08048126508586638	0.15437664748855498	0.005382404894280116
375000	-2195.9028882392117	-1947.1142540216624	-248.78863421754914	0.07633036077839317	0.10489983719764309	0.132215602334923	0.09997302486017014	0.2234243314068558	0.00619194546128121
376000	-2199.2074216712467	-1948.88384332232	-250.32357834892693	0.11819435118726734	0.1139609200367018	0.07856218503525188	0.09811100476773318	0.22971925965432333	0.007835519491932091
377000	-2199.61055162144	-1947.7205801246985	-251.88997149674182	0.03206548117187837	0.11711128123241288	0.09239356320843724	0.07992477564269075	0.1616359683184242	0.0036642475658190572
378000	-2200.6515210630837	-1951.5477969606254	-249.10372410245827	0.06726250140611512	0.10718110518898516	0.05369154427375145	0.10349141087036241	0.14004944246802903	0.006443856764486167
379000	-2196.8855151751504	-1948.552379423948	-248.3331357512026	0.061723230398978146	0.07901334870681496	0.12585005296649768	0.16458194622385125	0.14969047559147786	0.005278129568742166
380000	-2196.0116359617227	-1949.86547807855	-246.14615788317258	0.07577048021455104	0.08235909644942675	0.09511593436779499	0.11598305731156262	0.1856550780367313	0.0031955081705667787
381000	-2196.2852421540524	-1947.6654748287974	-248.61976732525508	0.07208683894631891	0.09869824829482951	0.10716716849367379	0.09883450381863684	0.19342114245809047	0.005430278897333892
382000	-2197.3650243157067	-1948.536336551424	-248.82868776428253	0.08501678311707661	0.09652878668677185	0.08090097563565063	0.08809021813488795	0.23047101498902428	0.004437914712650567
383000	-2196.4622062121634	-1950.5179554375877	-245.94425077457566	0.09335116940796347	0.09812953637332307	0.15108584148301638	0.10347532792928421	0.16041473639577317	0.0050587334849601494
384000	-2195.177653542193	-1948.2520733706892	-246.92558017150412	0.07999419657623293	0.1275130819836778	0.09183692810045146	0.10760148174055101	0.19412978293901384	0.0056403802112136615
385000	-2197.774028165462	-1949.5510221455495	-248.22300601991236	0.10317131593873341	0.10453477939548625	0.11427690609500114	0.078153524909777	0.19491702189988178	0.006371881086117156
386000	-2203.0415332237253	-1950.2369635661007	-252.80456965762437	0.04764453796124375	0.07801362050358379	0.11560955830337813	0.057365600796197166	0.20662037996567312	0.0020102584807576832
387000	-2198.480219801737	-1949.3365985502446	-249.14362125149245	0.05113691146722645	0.08561262945733708	0.13328541660777854	0.10681403174633981	0.1437115129050567	0.004649442218277007
388000	-2196.0851528324515	-1949.5979454393844	-246.48720739306705	0.05545112691265862	0.08913558020198303	0.1351449774680801	0.10364273065362464	0.13939998622102462	0.003675655639703764
389000	-2195.9290800578106	-1946.7853403352099	-249.14373972260051	0.05556765528389357	0.07243807441591221	0.1395524898576028	0.1292284382380297	0.1853997108424259	0.004236472498213536
390000	-2196.1992945926672	-1948.9967750992828	-247.2025194933843	0.09870492379293122	0.12487007106703281	0.07347543193106153	0.10909629791633203	0.20055593644769742	0.00558914074220347
391000	-2197.1189683192765	-1947.5173048909612	-249.60166342831533	0.07329118534534504	0.09134483557334026	0.07007750045547241	0.1112474441974241	0.20714180449191913	0.005688773250553553
392000	-2204.4085533229527	-1956.2324126583342	-248.17614066461834	0.14939782320117123	0.1528211653762977	0.18008299468082437	0.14399561085198118	0.126144780715465	0.011902372294600005
393000	-2198.2497988716727	-1949.1886824872188	-249.0611163844538	0.06314424970377999	0.09625786386863408	0.11534981866716397	0.16160839355085665	0.18339163690604135	0.007995659272590603
394000	-2199.3868101798107	-1950.0517369279871	-249.33507325182336	0.10065545374578154	0.06515592905196003	0.2099364735944974	0.14564514666085532	0.15224579204995084	0.006352530387932892
395000	-2196.197334302812	-1949.4366948022548	-246.76063950055755	0.09703598647047808	0.05887843326699376	0.10510301175255389	0.11760529280451387	0.16589014631798943	0.0046157424922269935
396000	-2197.990002856493	-1949.1741495288397	-248.81585332765346	0.05409416060811782	0.09590742848504995	0.07745387617938633	0.12821976143809607	0.14823645717009742	0.005058403041899536
397000	-2198.1656505293	-1946.2414870639668	-251.92416346533318	0.04894685323779215	0.0956020538042337	0.07045394587641256	0.07368015178454601	0.21078866596100035	0.0035919353250121805
398000	-2198.0776553452492	-1950.6874096823485	-247.39024566290064	0.07516409077052054	0.10219730294718939	0.15183018249416766	0.0725874890508237	0.1657389051920341	0.004637915519089456
399000	-2198.906641740982	-1953.717873693368	-245.1887680476142	0.13571674824758836	0.12389812848901734	0.08757204975898732	0.09295918077237066	0.13824407072636163	0.006108903406491038
400000	-2198.8395378763353	-1950.5935075372959	-248.24603033903955	0.1272990452856083	0.05654549416801605	0.13134595951026865	0.12394071593807982	0.20091426835991902	0.003963962593933155
401000	-2198.730825448978	-1946.8117139648482	-251.9191114841301	0.06564672502973236	0.08845235425589283	0.06373336017032158	0.14251557347043758	0.1927355780702397	0.005210451072429581
402000	-2201.3551879980737	-1950.8607047551222	-250.49448324295136	0.06318529237604875	0.10387474568474538	0.07497870634906896	0.08634473839997751	0.1361623572263389	0.004995085507906455
403000	-2197.6714136069945	-1949.205221212932	-248.4661923940626	0.04440380478771323	0.10264600746447104	0.13303952499916677	0.10304580787015014	0.14783639075200408	0.003550149177996388
404000	-2198.2362311138545	-1947.581625623387	-250.6546054904675	0.06134440573848687	0.10790599467341008	0.09673471207955082	0.09147461978533454	0.19989073906064986	0.005916809371385587
405000	-2198.8396845724537	-1953.0431963606416	-245.79648821181206	0.12193602180332966	0.13439106658457034	0.1347532802931416	0.11378751543321389	0.20523704227608225	0.003919143010392191
406000	-2198.668001463278	-1946.4981710639129	-252.16983039936508	0.03808088438351952	0.07942562931728495	0.11168405800642808	0.13288010614572124	0.20627412439242324	0.0038102020298814076
407000	-2198.0105121859156	-1948.5861937097793	-249.42431847613625	0.07008679703045544	0.11922002054847829	0.0810634441604375	0.16574360219965692	0.21171766756898613	0.004535963539550466
408000	-2197.9219721829586	-1949.6045102350863	-248.31746194787246	0.10919803527241127	0.12398562307346983	0.14546437414946253	0.16111029883886127	0.19241882482293593	0.010719744580012146
409000	-2196.6225129585646	-1948.8589340871279	-247.7635788714365	0.05211475223617145	0.10510570181630127	0.15914426806158277	0.10744320951351821	0.1647310396659212	0.004101805665553215
410000	-2196.365341626575	-1949.2369481130777	-247.1283935134976	0.0662260222198604	0.09138462274810956	0.15950506688540111	0.09206219146196677	0.16982468224960592	0.003512757446621913
411000	-2196.9232289527595	-1947.008558351471	-249.9146706012885	0.07397285900141802	0.06290490907399587	0.1384249495047077	0.12314343575242516	0.2086058868235442	0.00424715235489426
412000	-2199.359205808079	-1950.4721217344745	-248.88708407360465	0.08223971062493145	0.11876100163173332	0.07114365919566586	0.0718037162566293	0.17786768738699485	0.006361067658909172
413000	-2202.696058631223	-1949.780260739672	-252.9157978915511	0.04403761806532825	0.1871849050911139	0.14244940262037947	0.060028899834168745	0.1832154010236398	0.0037226814591333262
414000	-2198.934280999512	-1949.5569915406186	-249.37728945889322	0.05187357679468692	0.15619204074435789	0.08087247076968973	0.12714468653056238	0.17359925521979894	0.003920208550401559
415000	-2201.0371527281723	-1952.7848177537257	-248.2523349744467	0.09298756280202486	0.15424408214974306	0.12015398051457539	0.11183129405961985	0.16170398746181347	0.006988608377663166
416000	-2195.68341316345	-1949.178230571675	-246.505182591775	0.06846099526389095	0.08813476203629118	0.09717961356879104	0.10156599520830985	0.17338629947609163	0.0038044364382254082
417000	-2196.1174298615297	-1946.716695510495	-249.40073435103457	0.07683682377338753	0.1312146026842969	0.10199403062946528	0.10624825001673882	0.23855035270025665	0.006294319231686574
418000	-2197.57797370945	-1947.8913094282113	-249.68666428123848	0.058210929249125014	0.06927015175175621	0.12050760549361386	0.09491786687758193	0.19850742142331218	0.00520795501853483
419000	-2197.399607156748	-1949.6428948104995	-247.75671234624852	0.1173804770544327	0.07517078515636182	0.1629206227749307	0.10421700930021953	0.19917867363386552	0.005020867640115148
420000	-2200.974538855918	-1948.3624876270835	-252.61205122883442	0.03562953437045456	0.13975234151865099	0.09139230706844968	0.15448200998120382	0.17928705459919886	0.005560306674956355
421000	-2198.2321047927935	-1947.331495508995	-250.90060928379836	0.06012134897370478	0.06602076276385065	0.07851965348254117	0.10753478122397213	0.1892406289171504	0.005530402629239306
422000	-2202.8731634583305	-1955.4549558103336	-247.41820764799704	0.10568821418665142	0.08465820945085241	0.07721649133364016	0.09276047469759166	0.13317761457566385	0.009475153808944843
423000	-2197.497964836477	-1948.5729902509238	-248.92497458555323	0.08725525249143791	0.160799245051522	0.09656171564424597	0.09468236072345974	0.21410395511905503	0.0062468768991249994
424000	-2198.227812464757	-1951.9154290368065	-246.3123834279502	0.0900022076370585	0.06658717013597829	0.11290069835419479	0.06650319070066087	0.13965803030416807	0.0032953221912920497
425000	-2195.2872892303103	-1948.5530261871513	-246.73426304315882	0.08836009313018961	0.07946633808100179	0.12152650897670712	0.08957868310263195	0.1822616561611445	0.004637073571938497
426000	-2199.1697368930936	-1953.80481920277	-245.36491769032347	0.08420211445183409	0.11688432077734746	0.14016806152200417	0.17332904144527916	0.13108798248117115	0.00519670649759519
427000	-2201.8644745529764	-1951.6485600953163	-250.2159144576601	0.06778043240485115	0.09454687051449745	0.05878200181550676	0.06624116757154155	0.14279477991723144	0.0029343202822250322
428000	-2198.2502082001097	-1949.0195379570223	-249.23067024308756	0.07077898638619651	0.07333449540055238	0.10546458756999207	0.07291920892525831	0.1665792999045691	0.00382955126656197
429000	-2198.989949158201	-1947.6147265365194	-251.37522262168153	0.038870294692088844	0.08938785529910755	0.1352326173262595	0.06911211232051073	0.16162630187125923	0.0039311862273592735
430000	-2202.463232643477	-1953.8878974035297	-248.57533523994738	0.13379442226525273	0.15062767800956928	0.09004687637941587	0.05514257560032486	0.14631243852955428	0.007087099973165931
431000	-2197.7937394339183	-1948.9793532212343	-248.814386212684	0.11464988053125928	0.08925105698933712	0.06004060402032041	0.13421457630047914	0.20446763822472055	0.006217487087996023
432000	-2197.74333277437	-1946.4005961204462	-251.34273665392422	0.04366931115274115	0.058698503919881975	0.1318834292688364	0.12300783678569353	0.18143649834926712	0.003439878812448912
433000	-2196.4457934298866	-1948.6410456790522	-247.8047477508346	0.06887139158518077	0.06109966650134315	0.09626635446878498	0.09642180274854603	0.14870396537812341	0.0045785163583912485
434000	-2201.9457745823447	-1952.374731715709	-249.5710428666357	0.053077529236489916	0.08415746931974989	0.05247944387306754	0.10743087132842623	0.11386448815014467	0.003083081828436384
435000	-2203.901493562407	-1947.2766124186894	-256.62488114371735	0.07477767065911554	0.13304492882372795	0.05377928551618686	0.09012919442941406	0.2649773208369604	0.0070568264771692195
436000	-2200.53299808292	-1947.4906768815601	-253.04232120136012	0.051217332461240245	0.14065687275939312	0.07593076550683103	0.13010040637485346	0.23369186974361983	0.005114525641065673
437000	-2197.649665649797	-1951.3847694126885	-246.2648962371088	0.08711806530610071	0.07231628093977852	0.14290482296709262	0.1386044126955532	0.15071742199008512	0.005164500926631985
438000	-2200.8917786802217	-1954.064528359993	-246.82725032022893	0.08338794936687509	0.07834524706529128	0.18438163822073003	0.11722714110724254	0.18020352424433064	0.0030158166136760155
439000	-2199.172225067523	-1947.7946868376741	-251.37753822984902	0.08419613907204536	0.1219282500552219	0.06768958556267778	0.07419661129533502	0.22418013268307685	0.006153361841682368
440000	-2200.573893903287	-1949.6877358364418	-250.88615806684552	0.12155819666596647	0.1329826485658242	0.09373346361006844	0.09368485502077244	0.19694274425978706	0.007331170672854002
441000	-2202.1346136401617	-1946.1046915517172	-256.02992208844427	0.02534133697716796	0.07200795285096222	0.08455716685322463	0.07346320799436656	0.17546867068428915	0.0023543304075065766
442000	-2196.4763842652746	-1951.1096766739354	-245.3667075913395	0.07304375067588757	0.09278683884970758	0.12134163533180606	0.12078270106728319	0.13083411678567972	0.005190821027512436
443000	-2199.008153821241	-1951.5368827812404	-247.47127104000083	0.11431563138306264	0.09123735104921975	0.12786721194563375	0.11966637703597091	0.18453404442143878	0.004543268622694245
444000	-2195.7403626479604	-1949.1407883207498	-246.59957432721043	0.06057667156705794	0.08741101058631237	0.08874291273358939	0.09886466444043088	0.15207785192563356	0.004094734071745418
445000	-2195.32907320994	-1948.5743208917343	-246.7547523182057	0.09888574006846063	0.09944289231365434	0.0866594527317246	0.10171521561843654	0.19115738846941852	0.006100832711848397
446000	-2203.7620881132057	-1954.0852516375567	-249.6768364756489	0.07405655092811499	0.048826557965354636	0.09663827031082192	0.06369243628922741	0.12042698540050445	0.0044645526615976336
447000	-2198.011704391949	-1950.8528782686485	-247.15882612330037	0.08869618182258474	0.06494208681356221	0.12025093636174584	0.10219859190433699	0.14574972871065878	0.00695249994775634
448000	-2197.5011482469095	-1949.2486165493688	-248.25253169754086	0.09250209808618101	0.07139031210728632	0.1348303572337809	0.13940236729758787	0.20827087116994386	0.004262453703072617
449000	-2197.4522747881747	-1946.2388265742766	-251.21344821389795	0.052143415060774655	0.06386369241050563	0.07246873994289119	0.10265217889272193	0.18917069057208172	0.003987139688495656
450000	-2202.5630822258013	-1946.4492894223724	-256.11379280342896	0.04417130880919232	0.15085833229283446	0.06698189850175124	0.07402505392436422	0.22755154284773557	0.0040284517271908194
451000	-2201.3210767879236	-1955.3127645197114	-246.00831226821217	0.09861157995994385	0.1201843783773993	0.10448612335639076	0.1201111824906912	0.11182930581966836	0.00669615581303098
452000	-2195.6889369610926	-1947.4640016619467	-248.22493529914593	0.090995834870698	0.12227081947235295	0.10632917881738403	0.13185845926648254	0.22204232419607642	0.005773310594521406
453000	-2201.811737354737	-1948.9422944590688	-252.86944289566813	0.03924760880380696	0.1209700824741052	0.053828176115094814	0.12854311512174413	0.19978168244062383	0.0030143440090657585
454000	-2207.816269893938	-1948.923873184458	-258.89239670948024	0.02435544568512339	0.0660315192791528	0.14695336870753642	0.09204949281915836	0.23357450934875393	0.004016919196556316
455000	-2199.2038324117048	-1950.5744033131805	-248.62942909852444	0.06400522554844527	0.1028493756715532	0.07025982526442466	0.07899283397948137	0.15719236362079625	0.005644081777134329
456000	-2197.5381137825143	-1947.9163290642555	-249.62178471825874	0.05286065221723201	0.12979096112046543	0.15970178254830225	0.0999136492303014	0.19323899734036426	0.005394901818435098
457000	-2196.475530494208	-1950.0450013214825	-246.4305291727258	0.07044231684265075	0.09177770547725994	0.1037671161638643	0.14794463504656782	0.15773722338523402	0.004013575777508513
458000	-2198.302597300836	-1952.6993892928135	-245.60320800802256	0.06059285542055923	0.0930015093864038	0.11032162515184468	0.08146806750515385	0.14272980721729928	0.003095395037715707
459000	-2196.145709248862	-1947.0784881494865	-249.06722109937553	0.08128135931258229	0.08149375920527381	0.0947374077026118	0.11740851466923849	0.2107585959336847	0.00555608103265858
460000	-2202.621514431129	-1950.112706911686	-252.50880751944322	0.04315272575577842	0.08785078958464906	0.05764237960036633	0.1090703458108237	0.12416984309909894	0.0030533419848335374
461000	-2199.3973378047235	-1950.7894262093082	-248.6079115954153	0.04366739296491627	0.07228707841843572	0.10106954632407114	0.08613230845444753	0.138308908030149	0.002714011884740275
462000	-2197.707800221062	-1950.3491027663545	-247.35869745470748	0.05778251745450765	0.07477165574749484	0.10536966764547591	0.08249244319767356	0.12419413355388347	0.0038271581786718076
463000	-2198.044235892334	-1949.947091072262	-248.0971448200723	0.06593483762062043	0.0677852587818836	0.07850825379150511	0.12901886123468492	0.12696253253396828	0.005299439854791945
464000	-2197.779201975226	-1951.6931265083413	-246.0860754668846	0.12403125830684496	0.13950983454531027	0.11927267734303591	0.0950452710343492	0.17962028469419325	0.005958222325901369
465000	-2196.3676697379915	-1949.953502738518	-246.4141669994735	0.07611345727165823	0.09574340344986845	0.09379158461104282	0.09089557222926475	0.16057168083869972	0.005882397762497959
466000	-2200.455645350877	-1946.1337307878644	-254.32191456301277	0.037463531099567245	0.06561411726417073	0.1090833496365747	0.1318800074982573	0.21045389212941146	0.0042360253781323215
467000	-2196.3569752408107	-1947.4659017551903	-248.89107348562024	0.05815344622552987	0.10803597225865	0.07792932137220232	0.08816147636349998	0.19370507748465626	0.0038592710942982537
468000	-2201.325517283113	-1952.5030886091336	-248.8224286739796	0.1199691578231443	0.06638763088329509	0.10676106391658577	0.0812109954775925	0.2364921111280433	0.002752515654707261
469000	-2196.4232955066755	-1949.0888779508005	-247.33441755587492	0.08236729900856715	0.0822597818715248	0.07548057018744844	0.13892138384171313	0.15253385619645318	0.00585012500576019
470000	-2199.120596457749	-1952.913021947445	-246.2075745103039	0.1568140182437334	0.09875872780039383	0.10002483932668507	0.12716673519136631	0.1458528241499449	0.00828640009243837
471000	-2196.4043129652227	-1947.4391797540327	-248.9651332111902	0.05982770283487419	0.09562190769128529	0.08821515740953793	0.14581339511892819	0.17688029705964006	0.005233534309040316
472000	-2195.887094638062	-1948.8065305267996	-247.08056411126248	0.07361203021630996	0.07034075503035626	0.09586736878260753	0.09555558699980192	0.16789573606281172	0.003909400656234388
473000	-2194.9657889775262	-1949.0758928183604	-245.88989615916557	0.08298334068169706	0.10418955336083298	0.1318674404855126	0.12206471996575108	0.17597620661702817	0.00496375188412674
474000	-2198.205180834926	-1948.3286757914582	-249.8765050434677	0.07943707361638606	0.04199118384454132	0.11490974280427244	0.124393403670014	0.16164263567213993	0.00523456871174485
475000	-2197.7525939886946	-1952.173408254065	-245.57918573462968	0.06565361715774573	0.10850891806569239	0.1293291153274406	0.10576111324803973	0.15328434548317818	0.005580386221222632
476000	-2195.8380058336597	-1948.2019756088441	-247.6360302248154	0.07402274511367442	0.07126499870550326	0.11870591690505748	0.10077273200939754	0.18014762717134494	0.00471247952196053
477000	-2202.469448860233	-1948.536743575176	-253.93270528505718	0.03800762694623187	0.10650303516248252	0.05625643196743544	0.0756491160908899	0.15524051366009642	0.004202895014883705
478000	-2197.9212963962095	-1950.9009902173634	-247.02030617884608	0.11165436377669488	0.09163397731242277	0.11694771305815038	0.07590311864425996	0.18759449627021088	0.0048575882821723865
479000	-2198.991090381505	-1951.8728937440333	-247.11819663747175	0.07436038181542802	0.08807567005213318	0.07503285734234144	0.0977730841040659	0.13981497674058116	0.007250874603362373
480000	-2201.5979716870693	-1948.5854776267345	-253.01249406033492	0.0361390968328003	0.04870277720303784	0.09402060565842978	0.0881234469189064	0.1562982766036619	0.0021189333091047565
481000	-2197.7348487059276	-1946.8355302139717	-250.89931849195602	0.06066326027316252	0.08136614891775379	0.11766956906787494	0.11150200215637449	0.20634110684782767	0.005627746253123197
482000	-2197.552386962985	-1953.0223141627714	-244.53007280021362	0.10829128679516792	0.08703655765330807	0.10757922655916642	0.08716743719953804	0.12220863263838837	0.0047258764571955535
483000	-2195.6616420620144	-1949.5047047408038	-246.1569373212107	0.08402604239836567	0.08411122677540092	0.0982380762089954	0.16084203977393285	0.15019299909254052	0.0053490891362657
484000	-2201.1000084706184	-1951.0594096424916	-250.04059882812678	0.0688565410416856	0.13130702220745957	0.08569456044002285	0.05248780108307674	0.19280343268297956	0.003792564589229439
485000	-2197.7750334053644	-1949.6292693750142	-248.14576403035016	0.06744438046801642	0.06227623093153939	0.08601794441507268	0.12454385370296706	0.1379684009925416	0.006134047831967623
486000	-2196.1980437882657	-1946.671784619321	-249.52625916894456	0.07832944564699174	0.0719337394529192	0.09045803387658274	0.14379439188878804	0.22662047616941763	0.004575377720766238
487000	-2200.9739082368496	-1952.4089081622615	-248.5650000745881	0.04331578450891181	0.08979385480866384	0.1375022384904302	0.08448334952895588	0.1125448931178417	0.0025786713237321117
488000	-2200.039500456175	-1945.360137518232	-254.67936293794304	0.044478675321650514	0.08680495321200359	0.06633989895920042	0.16875491726135622	0.23081705838252867	0.004245935034119637
489000	-2197.2993326249534	-1950.4097073960709	-246.88962522888255	0.0926374657092772	0.1010192985192887	0.1275946749375363	0.07790290171881141	0.1651861032034317	0.005245365855871313
490000	-2197.3349988174773	-1947.2922477753004	-250.04275104217706	0.04595585238745526	0.07830271693851416	0.12106438354812003	0.07418503102436891	0.1828166097813221	0.0028736014848535062
491000	-2196.1628415142704	-1951.1739817699581	-244.98885974431235	0.08237321830093934	0.08680273198877453	0.1103706647124283	0.13958426640425833	0.14544129815998105	0.003932809875565939
492000	-2196.583493091653	-1947.8058724751504	-248.7776206165025	0.07063233719470616	0.10393536423195848	0.1088572519170512	0.1409017329087612	0.20985260078743517	0.007770040568003891
493000	-2201.0008365080494	-1950.5986433952435	-250.40219311280592	0.11465997972719363	0.10004013584010094	0.05719811711922446	0.0655249670665935	0.18523765664791758	0.0042597009631507796
494000	-2198.67030936411	-1952.4905639157435	-246.17974544836648	0.09587199300578904	0.06729657984862412	0.14912778938288185	0.08060443938649994	0.15052033342085466	0.00322549988347416
495000	-2200.024249174662	-1945.7856251405883	-254.23862403407384	0.05546464717255027	0.05487990840158493	0.085357057489312	0.1401237579564977	0.24917561099895386	0.0035703814563708895
496000	-2201.394505376976	-1947.0959309465459	-254.29857443043048	0.03441142774690785	0.11209769896682473	0.08179106174677779	0.0663607381362861	0.1863593881885282	0.0038220174634463976
497000	-2197.8786979819233	-1953.719322278755	-244.1593757031682	0.0941543197788588	0.09989191081254811	0.10034025528449793	0.1078054734551412	0.1668190266931958	0.0030376237426521504
498000	-2199.485236375676	-1954.7751625553497	-244.7100738203263	0.11060904212131821	0.08356185320743006	0.08741314547922022	0.08867331235782457	0.13166092329386084	0.0038738841402595147
499000	-2195.6582588297133	-1948.2505065753555	-247.40775225435783	0.07371152969779486	0.10158977728381943	0.15108101414224492	0.09236212782309713	0.19497366610435898	0.004272852748180792
500000	-2198.4685646137705	-1949.3609682234055	-249.10759639036488	0.09462655214452226	0.0784939019613946	0.11142176688029105	0.08747258026875471	0.1997059468134737	0.006202214767929173
