#
#model:
#
#<?xml version="1.0" encoding="UTF-8" standalone="no"?><input id="posterior" spec="beast.core.util.CompoundDistribution">
#    <distribution id="prior" spec="beast.core.util.CompoundDistribution">
#        <prior id="lambdaPrior.bfd" name="distribution">
#            <parameter id="lambda" lower="0.0" name="x" spec="beast.core.parameter.RealParameter">0.01</parameter>
#            <Gamma id="Gamma.0" name="distr">
#                <parameter estimate="false" id="RealParameter.1" name="alpha" spec="beast.core.parameter.RealParameter">2.0</parameter>
#                <parameter estimate="false" id="RealParameter.2" name="beta" spec="beast.core.parameter.RealParameter">200.0</parameter>
#            </Gamma>
#        </prior>
#        <distribution id="snapprior.bfd" lambda="@lambda" spec="snap.likelihood.SnAPPrior">
#            <parameter estimate="false" id="alpha" lower="0.0" name="alpha" spec="beast.core.parameter.RealParameter">11.75</parameter>
#            <parameter estimate="false" id="beta" lower="0.0" name="beta" spec="beast.core.parameter.RealParameter">109.73</parameter>
#            <parameter estimate="false" id="kappa" lower="0.0" name="kappa" spec="beast.core.parameter.RealParameter">1.0</parameter>
#            <parameter id="coalescenceRate" name="coalescenceRate" spec="beast.core.parameter.RealParameter">10.0</parameter>
#            <tree clusterType="upgma" id="Tree.bfd" nodetype="snap.NodeData" spec="beast.util.ClusterTree">
#                <taxa dataType="integerdata" id="snap.bfd" spec="snap.Data">
#                    <taxonset id="ant" spec="beast.evolution.alignment.TaxonSet">
#                        <taxon id="CarpaChavin_B72793.Huanuco.CarpaChavin" spec="beast.evolution.alignment.Taxon"/>
#                        <taxon id="CarpaChavin_B72795.Huanuco.CarpaChavin" spec="beast.evolution.alignment.Taxon"/>
#                        <taxon id="Carpish_B72761.Huanuco.Acomayo" spec="beast.evolution.alignment.Taxon"/>
#                        <taxon id="Carpish_B72772.Huanuco.Mitotambo" spec="beast.evolution.alignment.Taxon"/>
#                        <taxon id="Amotape_B67243.Tumbes.Amotape" spec="beast.evolution.alignment.Taxon"/>
#                        <taxon id="Amotape_B67257.Tumbes.Amotape" spec="beast.evolution.alignment.Taxon"/>
#                        <taxon id="Chavinillo_B72789.Huanuco.Chavinillo" spec="beast.evolution.alignment.Taxon"/>
#                        <taxon id="Chavinillo_B72792.Huanuco.Chavinillo" spec="beast.evolution.alignment.Taxon"/>
#                        <taxon id="Macate_B72807.Ancash.Macate" spec="beast.evolution.alignment.Taxon"/>
#                        <taxon id="Macate_B72814.Ancash.Macate" spec="beast.evolution.alignment.Taxon"/>
#                        <taxon id="Quichas_B72777.Lima.Quichas" spec="beast.evolution.alignment.Taxon"/>
#                        <taxon id="Quichas_B72778.Lima.Quichas" spec="beast.evolution.alignment.Taxon"/>
#                        <taxon id="Canchaque_B72873.Piura.Canchaque" spec="beast.evolution.alignment.Taxon"/>
#                        <taxon id="Canchaque_B72878.Piura.Canchaque" spec="beast.evolution.alignment.Taxon"/>
#                        <taxon id="CorBlanca_NK_171703" spec="beast.evolution.alignment.Taxon"/>
#                        <taxon id="CorBlanca_FMNH_391888" spec="beast.evolution.alignment.Taxon"/>
#                        <taxon id="Huamatanga_B72889.Lima.Huamatanga" spec="beast.evolution.alignment.Taxon"/>
#                        <taxon id="Huamatanga_B72892.Lima.Huamatanga" spec="beast.evolution.alignment.Taxon"/>
#                        <taxon id="Pacar_B72907.Ancash.Pacar" spec="beast.evolution.alignment.Taxon"/>
#                        <taxon id="Pacar_B72909.Ancash.Pacar" spec="beast.evolution.alignment.Taxon"/>
#                        <taxon id="Porculla_B72863.Piura.Porculla" spec="beast.evolution.alignment.Taxon"/>
#                        <taxon id="Porculla_B72866.Piura.Porculla" spec="beast.evolution.alignment.Taxon"/>
#                        <taxon id="LaQuinua_B72753.Pasco.LaQuinua" spec="beast.evolution.alignment.Taxon"/>
#                        <taxon id="LaQuinua_B72756.Pasco.LaQuinua" spec="beast.evolution.alignment.Taxon"/>
#                        <taxon id="Chinchan_B72900.Ancash.Chinchan" spec="beast.evolution.alignment.Taxon"/>
#                        <taxon id="Chinchan_NK_173896" spec="beast.evolution.alignment.Taxon"/>
#                    </taxonset>
#                    <taxonset id="cur" spec="beast.evolution.alignment.TaxonSet">
#                        <taxon id="curtata_cra.cur.B6032" spec="beast.evolution.alignment.Taxon"/>
#                        <taxon id="curtata_cra.cur.B8175" spec="beast.evolution.alignment.Taxon"/>
#                    </taxonset>
#                </taxa>
#                <parameter id="RealParameter.0" lower="0.0" name="clock.rate" spec="beast.core.parameter.RealParameter" upper="0.0">1.0</parameter>
#            </tree>
#        </distribution>
#    </distribution>
#    <distribution id="likelihood" spec="beast.core.util.CompoundDistribution">
#        <distribution data="@snap.bfd" id="treeLikelihood.bfd" non-polymorphic="false" pattern="coalescenceRate" spec="snap.likelihood.SnAPTreeLikelihood" tree="@Tree.bfd">
#            <siteModel id="MutationSiteModel.bfd" spec="beast.evolution.sitemodel.SiteModel">
#                <parameter estimate="false" id="mutationRate" name="mutationRate" spec="beast.core.parameter.RealParameter">1.0</parameter>
#                <parameter estimate="false" id="shape" name="shape" spec="beast.core.parameter.RealParameter">2.0</parameter>
#                <parameter estimate="false" id="proportionInvariant" name="proportionInvariant" spec="beast.core.parameter.RealParameter">0.0</parameter>
#                <substModel coalescenceRate="@coalescenceRate" id="MutationModel" spec="snap.likelihood.SnapSubstitutionModel">
#                    <parameter estimate="false" id="u" lower="0.0" name="mutationRateU" spec="beast.core.parameter.RealParameter">1.0</parameter>
#                    <parameter id="v" lower="0.0" name="mutationRateV" spec="beast.core.parameter.RealParameter">1.0</parameter>
#                </substModel>
#            </siteModel>
#        </distribution>
#    </distribution>
#</input>
#
Sample	posterior	likelihood	prior	theta0	theta1	theta2	TreeHeightLogger
0	-2481.4124750254664	-2329.229183624728	-152.183291400738	0.08564388115444971	0.07063443871417313	0.11681717711016827	0.004238165353516068
1000	-2478.784848390672	-2328.782130368403	-150.00271802226894	0.10207383207890859	0.08704177112879061	0.12133437017934055	0.003095309060613006
2000	-2480.415218740706	-2327.351083842237	-153.06413489846918	0.06869708430456073	0.05712096277221503	0.11788051091631097	0.0016885531336882477
3000	-2479.425919903458	-2327.4172431922116	-152.00867671124658	0.10172809092751257	0.059332194558047835	0.15373010586847932	0.0016073812965157507
4000	-2483.364009818045	-2329.4229415922264	-153.94106822581847	0.07055505758363874	0.1693159609805661	0.13833760724336883	7.231300370583598E-4
5000	-2481.2353176355773	-2331.377312692942	-149.85800494263566	0.1071845676773254	0.10875043099556805	0.09553787657081787	0.001911730419336757
6000	-2482.8816549931416	-2328.032914146554	-154.84874084658773	0.1372586331369631	0.09990172170638023	0.1965552065322541	0.0017914554534405448
7000	-2483.3747615428215	-2327.8684402300623	-155.5063213127593	0.07726156984979494	0.1622636835137204	0.2373816042122594	0.0015619326504966342
8000	-2480.735721959593	-2329.651164553704	-151.08455740588911	0.1427028627006319	0.0832105725610786	0.12749580161737967	0.005709444563622883
9000	-2478.3531516154067	-2328.240322844781	-150.11282877062538	0.12091423728157748	0.12134279889833016	0.15870664072904742	0.0032076166045990856
10000	-2480.1460727792023	-2329.697005761661	-150.44906701754147	0.08377032536933525	0.07376703314269147	0.12413912918174522	7.181952235512902E-4
11000	-2482.284720398068	-2330.9141741674075	-151.37054623066086	0.10948647516743963	0.08160087303839922	0.09492575883267883	0.002643191540991295
12000	-2480.0898957106506	-2328.9138035442274	-151.17609216642322	0.07584595058010009	0.08190244215279183	0.16656642454454498	6.212673827333132E-4
13000	-2478.6612597190797	-2328.218865852027	-150.44239386705226	0.09153393483973833	0.09870658244444447	0.13769006425465283	0.0031542037215952995
14000	-2485.784208317905	-2330.844280345386	-154.9399279725191	0.20459308184623004	0.05932117632794356	0.1308083734228663	0.0014054854202788427
15000	-2482.8020899643334	-2330.9346325685824	-151.8674573957509	0.086463663119324	0.11220861259268781	0.16328168975774537	0.005769631132435928
16000	-2479.741243200699	-2327.566275293861	-152.1749679068381	0.109823454601153	0.08091955494981015	0.15300294582433893	0.002723727892293343
17000	-2481.2570719527407	-2332.686601571968	-148.57047038077283	0.1438301229847177	0.12443903851415965	0.12031665727230381	1.6124412905863783E-4
18000	-2480.74783091098	-2327.5415098497365	-153.20632106124373	0.06734451384480994	0.07379073670544953	0.17679814445677	0.0027021531349357983
19000	-2479.8626105154176	-2327.8482622261713	-152.0143482892463	0.05025555120422419	0.10477298559438843	0.1167642095170032	0.0010838298737025102
20000	-2480.4420283753816	-2328.974191609217	-151.46783676616445	0.07683643548614733	0.07916351629498375	0.10532397188963526	0.002987794631416199
21000	-2478.7529870711082	-2328.106366294407	-150.64662077670133	0.10327030911284633	0.0784722820939287	0.13586775015202818	0.00360556073262762
22000	-2480.3467709547467	-2330.094535246041	-150.2522357087059	0.07823070226345051	0.08569521085714882	0.11607217774621187	6.509185345289247E-4
23000	-2478.779364267023	-2327.789217160166	-150.99014710685688	0.10756711364621475	0.09839910323609753	0.1688334472567036	0.003910144048782239
24000	-2478.923712745246	-2328.543269777577	-150.38044296766938	0.08828652330715349	0.0836480589961261	0.11733197594412985	0.002742559265008356
25000	-2479.0187211491657	-2328.848296453468	-150.17042469569782	0.06854481871149867	0.11533945876744811	0.1110145936876947	0.001313505531014918
26000	-2478.4673869484927	-2327.0568095522385	-151.4105773962543	0.084579715013137	0.07282309361669984	0.1547458238433549	0.00238393983864667
27000	-2480.557276782843	-2330.5314502425945	-150.0258265402487	0.1453199969957547	0.07548365042046742	0.12389419788202874	0.0013676381114604585
28000	-2479.518169112317	-2330.1522193800092	-149.36594973230766	0.12388098084963761	0.09423542979788614	0.11677605418127027	0.0020515849942769598
29000	-2480.962725052295	-2327.6150651791854	-153.3476598731095	0.08164756687520086	0.05100702126938692	0.11373558294594638	0.0023065460044041034
30000	-2481.1608043390297	-2328.050998330359	-153.10980600867046	0.0746935190483965	0.051120203399827605	0.10621081300547143	0.0014643402246477945
31000	-2478.7126589079485	-2328.106064874868	-150.60659403308043	0.08136712047733329	0.10462907796999071	0.15425608511432776	0.0012675156400663295
32000	-2482.770987522017	-2328.6245219743755	-154.14646554764155	0.07893953288545402	0.05412428269199016	0.1251695304835543	0.00404687787039454
33000	-2482.082857684102	-2327.868868760573	-154.21398892352883	0.050231456412373233	0.09299825464131645	0.13681343473657473	7.705862902050817E-4
34000	-2479.745495450414	-2327.3199493831535	-152.42554606726065	0.06466854289830502	0.07174151619219547	0.1392013662845636	0.001272197641500521
35000	-2481.180736166822	-2330.2081737536823	-150.97256241313963	0.09456001975513743	0.15389572747853764	0.1394182337198704	0.005091977216095906
36000	-2479.830738034934	-2331.1189965659155	-148.71174146901845	0.09768906824145936	0.10378444703055138	0.15222893119842454	2.8746604628086245E-4
37000	-2479.630795455354	-2329.3965518438627	-150.23424361149128	0.10790000711350797	0.10825407278544878	0.1212579541201824	0.002336138106515667
38000	-2480.557358664614	-2328.294329121402	-152.26302954321218	0.05186138225753042	0.10464264930576465	0.11513572790341908	0.001988847315000008
39000	-2480.1985834478774	-2329.5678597372944	-150.63072371058277	0.09817812550668939	0.06773723010877063	0.10379138300599162	0.0017804373670495248
40000	-2480.2416995251087	-2329.7152866646684	-150.52641286044013	0.07094465217657972	0.13613890452866528	0.0974941205075856	0.0014591852601938422
41000	-2479.219619467731	-2328.1759391380565	-151.04368032967412	0.0704569757689042	0.14224298552861933	0.139208311982412	0.0014712565811322341
42000	-2478.3619276302043	-2328.6081299323773	-149.75379769782717	0.11230264721351842	0.08312826784295886	0.14945997467895114	0.0014554559240249998
43000	-2481.355416604829	-2326.6262778770465	-154.72913872778258	0.0673458301062138	0.05895469198914331	0.18281558575202603	0.002227962287748402
44000	-2481.2651531193665	-2326.4372592618292	-154.82789385753722	0.08423350097029958	0.06402903123460418	0.20824318816871898	0.002314074121066247
45000	-2480.4150006489995	-2328.6252705453653	-151.7897301036342	0.12574798047663663	0.12527111487178444	0.18411546180875524	0.0015266120388506305
46000	-2479.551596828824	-2330.3847365597135	-149.1668602691105	0.09324260269996622	0.09258702168668555	0.10482398510808319	0.0011298065635860638
47000	-2480.416198291772	-2327.6682243463333	-152.74797394543864	0.05801557827610183	0.13798105600139215	0.165079699224457	0.0016603064657653918
48000	-2479.8851051690303	-2327.1095363940713	-152.77556877495917	0.07794934814774326	0.07919680420234976	0.15904646057757874	0.002277825131186474
49000	-2480.1144486946873	-2326.326678511674	-153.78777018301355	0.10717886571483588	0.06355985567295352	0.2082913298854122	0.0023364451919926335
50000	-2480.0079383804605	-2330.027781255169	-149.98015712529144	0.08795652499149624	0.10955972626239906	0.1018546596441009	0.0032758206422361887
51000	-2479.334231000274	-2329.0152008914974	-150.3190301087767	0.1046815140620411	0.1639439610343581	0.15749422203831762	0.001462400134491285
52000	-2484.2203407360357	-2330.5583213027317	-153.66201943330424	0.05629285184840964	0.14211022332686937	0.0848337436978506	0.00265653739448468
53000	-2478.5457442224256	-2328.622853020732	-149.9228912016939	0.08019279730603748	0.13955852759818188	0.1375458906351583	0.0013795817558517097
54000	-2479.452275122382	-2329.649819982194	-149.80245514018813	0.09500913877920197	0.10011325358007508	0.15089601496095692	7.247615967638695E-4
55000	-2479.7209083310504	-2327.5956051938547	-152.12530313719563	0.05525520431511914	0.09143748308802715	0.15594113190920747	8.889152955938841E-4
56000	-2479.075016519011	-2327.1021362900096	-151.97288022900167	0.09113267093588989	0.08815060388985461	0.19030583027963174	0.0018763690767217044
57000	-2478.779171542391	-2329.4142246662673	-149.3649468761235	0.09797595269285908	0.11014258183064991	0.1328427647349355	0.00120090912044783
58000	-2479.2133574012496	-2327.607875065366	-151.6054823358836	0.07981021063626281	0.0820819344687092	0.1491243736232024	0.002902370729023777
59000	-2479.6143136170094	-2330.223816501163	-149.39049711584633	0.09007446816772138	0.09753161372183065	0.10306559164728749	0.001275931518304963
60000	-2481.919467382019	-2328.4917533314824	-153.42771405053642	0.05616402680916472	0.12700670810649264	0.10609503286058304	0.0016707056436217468
61000	-2480.4179511246457	-2330.8192666319765	-149.59868449266924	0.07529634929457768	0.1267637827030488	0.13355382710651284	3.548303468885641E-4
62000	-2480.493237710171	-2330.0576042504654	-150.43563345970568	0.08972489316074578	0.08672302154575628	0.09654652127551511	0.003142479103284486
63000	-2478.3102116135797	-2327.4875837071336	-150.82262790644614	0.08947598919586046	0.07818124361147936	0.1429809060929257	0.0024505473769266864
64000	-2481.095317019686	-2328.0003344702714	-153.09498254941442	0.06710902754458241	0.05711406260286746	0.10432767410286828	0.0014282645081512408
65000	-2479.630361445751	-2328.373896848654	-151.2564645970969	0.09597974968611316	0.08771571674586284	0.15078843752396084	0.004292353339920895
66000	-2479.772318961405	-2327.880108064198	-151.8922108972068	0.07310734420891876	0.10090669495177562	0.1514602661849406	0.0012331239347390356
67000	-2480.3915275297013	-2327.12470010956	-153.26682742014134	0.05453487295761094	0.09013758932889768	0.17367384702516073	0.0014981422124527657
68000	-2478.1624867727014	-2327.094620982747	-151.06786578995437	0.09509988097327227	0.07914837282912082	0.167719964731163	0.0022258067531628397
69000	-2479.81524585702	-2327.6099803383554	-152.20526551866453	0.08769603948010518	0.055427627758972475	0.12161219905473974	0.00208474730543867
70000	-2480.443076243745	-2330.123336870313	-150.31973937343204	0.07228094764392184	0.08972522229678201	0.15181490091406252	3.71146367357409E-4
71000	-2478.236566529791	-2328.3795484921557	-149.85701803763544	0.12510722652579037	0.10574560670175479	0.14959470896301882	0.0030676208998266187
72000	-2480.7030403829435	-2326.3360366311917	-154.36700375175187	0.10961960063488976	0.06020635882643319	0.19219445328838292	0.0024044468889420504
73000	-2478.3252683001883	-2328.246962164986	-150.07830613520198	0.09245832311159531	0.08989852412779041	0.13058515253454103	0.003006783239603353
74000	-2479.3749995106655	-2328.1244508987147	-151.25054861195056	0.07055127884223783	0.0926314208301098	0.14411062772055694	0.0028961978131649695
75000	-2478.357142579366	-2327.0134940939206	-151.34364848544553	0.09602907008964805	0.0734689674147198	0.16303862739063976	0.002424846398850235
76000	-2478.2572094371426	-2328.1764945214713	-150.08071491567142	0.07796336513505497	0.12897665442890358	0.14521555780367315	0.0014988601099991897
77000	-2482.8283732928357	-2328.5930694580093	-154.23530383482657	0.06003294985711056	0.05662900175558812	0.08679877979580636	0.0014182428228430898
78000	-2478.8694590706186	-2328.118665197092	-150.75079387352642	0.07605531197781545	0.08526437797373647	0.12930714626437154	0.0013742031986509274
79000	-2479.4346313358337	-2329.3630183979203	-150.07161293791364	0.12988314367593576	0.11405457917855515	0.14997921250503612	0.0016098895564309104
80000	-2478.8996593188863	-2327.9708386750003	-150.928820643886	0.10132703010749043	0.0946770893667607	0.17487272064839085	0.0014333695692692447
81000	-2479.7479810221957	-2328.7530163717624	-150.99496465043327	0.10322049448260283	0.061752391374253895	0.12078536670233278	0.0015935461525087558
82000	-2481.6201040241135	-2328.7650401100755	-152.85506391403825	0.07335549529143746	0.053112314188544354	0.1101676590973742	9.152442419182981E-4
83000	-2480.0893784033915	-2328.5950337313016	-151.49434467209008	0.11511004151597115	0.09698293632965375	0.16138303549208705	0.0014529196297867347
84000	-2480.490419951858	-2327.5514211919544	-152.93899875990346	0.1306535249633693	0.11621942812067225	0.21727309137438167	0.0023237022993399343
85000	-2480.78822604342	-2332.5537606118273	-148.23446543159233	0.1150198068884305	0.13585218449578823	0.10819756097805426	3.128368889994605E-4
86000	-2482.9026450656297	-2330.287747611914	-152.6148974537159	0.06338893742573973	0.0718576717281446	0.07887752864339888	9.525043965810302E-4
87000	-2478.7920280060935	-2327.5004817563713	-151.29154624972236	0.0880526128935703	0.07860747778905033	0.14218675222610946	0.002474329110961998
88000	-2481.913786191828	-2326.8224334416636	-155.09135275016453	0.05094503313288495	0.05811329517764902	0.16678445793573546	8.939390829040656E-4
89000	-2479.7694429646212	-2328.271020457477	-151.4984225071443	0.059448373955420616	0.09313395075694164	0.10510359238830368	0.001660255194441168
90000	-2478.736754727647	-2327.8144240683755	-150.9223306592719	0.0935958240002852	0.08241640449957129	0.14438118261889785	0.003337549209623123
91000	-2484.350291731698	-2330.757740442394	-153.59255128930357	0.1211544264774595	0.06294287325687521	0.10942540780433074	0.0010349221165042828
92000	-2481.5274385085686	-2330.623033911319	-150.90440459724948	0.08984811096262137	0.1342707549375018	0.09691202020529006	0.0029149735937651746
93000	-2481.917143442394	-2327.4851449727944	-154.4319984695994	0.04470304008753195	0.07266648808906441	0.11635854078255271	0.001594212214500069
94000	-2479.598104986537	-2327.9053269214555	-151.69277806508117	0.05700546939445465	0.1208484478089605	0.12545782480306572	0.0013744498081522075
95000	-2483.727511402157	-2326.135018454057	-157.59249294809968	0.05030058030722265	0.042800933655648764	0.1392759907996182	0.0012657403561797773
96000	-2478.186408567052	-2328.6212144812903	-149.56519408576168	0.0934621675976359	0.09618234780219499	0.14114145641374917	0.0013438262050754742
97000	-2481.7674202097733	-2327.6854084099646	-154.0820117998086	0.15071779746903258	0.07509944160269517	0.19820307836561865	0.006805755166090865
98000	-2479.345024290689	-2327.4330038646126	-151.9120204260764	0.11038455348986523	0.07710398312657545	0.17655776996075326	0.001782280182534157
99000	-2480.030783999649	-2329.90956225163	-150.12122174801883	0.11316142628574638	0.06829252919846404	0.1331304332039504	8.502739710239679E-4
100000	-2479.399492411909	-2329.8565380571017	-149.5429543548072	0.07800557553744863	0.12233760434011134	0.11380520217639581	9.134752443586828E-4
101000	-2479.1437289044416	-2328.3325110482733	-150.81121785616816	0.06049641947155949	0.10672120915411298	0.12270564472527455	0.0010137199728828077
102000	-2478.1680258918414	-2328.1711957282923	-149.9968301635492	0.09919192770351827	0.10583807216020759	0.15396990901725288	0.001747509992365394
103000	-2480.3499162490057	-2328.092728900596	-152.25718734841004	0.14917543466842276	0.06195348590911385	0.1465469883878169	0.0027240870636110483
104000	-2481.141055014999	-2326.7560293465986	-154.38502566840046	0.08685801280936063	0.0540519953772542	0.14379253712891962	0.0024227388671750148
105000	-2478.21212969275	-2327.71210035781	-150.50002933493994	0.10074272269178308	0.07441409626575105	0.1450130601084555	0.0020018288080705165
106000	-2479.6022158943733	-2327.8758582318355	-151.72635766253785	0.09013604522245514	0.13352489775221882	0.17910858786531092	0.002853572988070621
107000	-2480.9129646541974	-2327.899617770236	-153.01334688396142	0.05342996343913638	0.12290312107797961	0.15831302966376903	0.0018731366712578864
108000	-2481.427910183068	-2330.9978001108343	-150.43011007223362	0.09875369558749607	0.08156132104214583	0.09232995447514367	0.00151365525425592
109000	-2480.3200665190648	-2327.958737557395	-152.3613289616698	0.09900818096071483	0.06391662382571855	0.18037453765923755	0.001019696749706476
110000	-2479.72528984681	-2327.4126296466675	-152.31266020014237	0.057733828453943425	0.07583061231450913	0.12205702984179423	0.0015445623179463279
111000	-2478.5086982457756	-2329.3901600244244	-149.11853822135112	0.08437332512323702	0.10321780748440106	0.12763788846646457	9.61690896426133E-4
112000	-2481.385192446726	-2328.951943152006	-152.4332492947198	0.0537009703026932	0.12416139480786578	0.1699830406823315	4.593207138627141E-4
113000	-2478.3848066708642	-2327.8598750228075	-150.5249316480569	0.10931128475947825	0.12730842460684438	0.17401273641068926	0.002869130010717289
114000	-2478.1847770572786	-2327.5295818994086	-150.65519515787014	0.11827073601771876	0.08589210782174946	0.1638040768579495	0.0026923441724363544
115000	-2479.3912181537908	-2327.868621217893	-151.52259693589767	0.08699254009443881	0.08063738064016406	0.13074470264151575	0.002329884092703682
116000	-2479.6802456137166	-2327.435760072886	-152.2444855408306	0.06634172573026917	0.07195186615738774	0.12715648272647373	0.0020737298581071347
117000	-2478.6210926391404	-2328.8560290880328	-149.7650635511078	0.1043707792568005	0.08536893579147214	0.12655703941689886	0.001861304102525859
118000	-2481.945956861372	-2327.531186948377	-154.414769912995	0.038209961253704496	0.10509847901821015	0.12503429478919786	0.001237062196116721
119000	-2481.373067373741	-2328.185944434971	-153.18712293877002	0.16726666734444975	0.06851349258076983	0.18350446597016506	0.0017060016920374325
120000	-2483.720219510005	-2327.538603469381	-156.1816160406236	0.17430926060839305	0.059312973741574584	0.19770111399979015	0.001822770925835702
121000	-2478.3804966431862	-2327.5371285801325	-150.8433680630535	0.08079619200718205	0.07912423335623556	0.13730993256713672	0.0020333093887650935
122000	-2480.3551582591545	-2328.216908930826	-152.1382493283288	0.09515111615506	0.1755265152341221	0.19356042954882882	0.0015339112239648595
123000	-2485.2615794602116	-2333.4985695379855	-151.76300992222627	0.08477743898815963	0.06282630239776968	0.0710917878607738	1.9885313443268344E-4
124000	-2480.1788529944674	-2327.321416091343	-152.85743690312438	0.09127148615292832	0.050678700116056144	0.13019348424838412	0.0018386666711700335
125000	-2481.26866869932	-2327.5083207175057	-153.76034798181422	0.14133058442985408	0.06691262203298717	0.17925131130834807	0.005871775324045644
126000	-2479.5824049573393	-2328.3468523029705	-151.23555265436863	0.06080833449656701	0.08673560081049402	0.13733294144994254	7.709177851706397E-4
127000	-2482.755315348068	-2330.2752578392615	-152.48005750880642	0.08062500936429477	0.06474914566534613	0.08281079095962358	0.002508152844990774
128000	-2480.6678162873104	-2329.745660312663	-150.92215597464752	0.0923678049845199	0.06806731307339507	0.16836824162585382	4.6689198865199327E-4
129000	-2479.4867293150114	-2330.092340852477	-149.39438846253478	0.12563423761720205	0.11648779390512529	0.14372847193054775	0.0011033973631546885
130000	-2479.4469899723968	-2328.3237628850334	-151.12322708736357	0.0961916082034668	0.07399625991644708	0.13431321144600186	0.004055096666660756
131000	-2481.6336647779785	-2327.4668565651805	-154.16680821279786	0.07114490763646676	0.07700661016937822	0.1720448397753395	0.0027534861055063665
132000	-2480.253023220903	-2329.2505531097904	-151.00247011111244	0.08039892087217221	0.06543962027310508	0.12037062301064405	8.219560240659064E-4
133000	-2480.0782526041403	-2328.3149650926935	-151.7632875114468	0.12176104372968387	0.1622242480392243	0.19315887952692104	0.0020088578648430784
134000	-2478.8157787087566	-2328.5968939494874	-150.2188847592693	0.06968507719624173	0.1019932588789244	0.11202827667666133	0.0014746442526767463
135000	-2479.022972266821	-2327.230513538874	-151.7924587279466	0.07271964993995393	0.09136664742780284	0.17235356725302303	0.002176761134529787
136000	-2483.327493508878	-2328.479691988207	-154.8478015206711	0.056656793031050624	0.07195046439386836	0.09386957241131123	0.0020078825504639872
137000	-2483.365878723555	-2329.5955201792376	-153.77035854431736	0.05570150660549294	0.17706208465875653	0.1025877306916584	0.0023646542379492995
138000	-2478.314359501973	-2328.1272080264425	-150.18715147553047	0.0894934289989532	0.08861895955242399	0.1370254018080974	0.0016987109566893009
139000	-2479.974417544481	-2327.177631094125	-152.7967864503561	0.10777093935436752	0.07808561685790608	0.16473862985175755	0.002818751156011404
140000	-2479.7474861603646	-2329.5525406890843	-150.1949454712802	0.09420150983669544	0.16334358978229713	0.11955844905610388	0.0023245419367949236
141000	-2480.3927151371986	-2330.5714480096203	-149.82126712757827	0.0702012038508433	0.12899275142032193	0.13223411175834812	3.820745878789252E-4
142000	-2480.2745979806473	-2329.2946534296702	-150.97994455097697	0.06932103524509822	0.12626705739170352	0.10022845618828928	0.0017063051279857617
143000	-2481.7984003044517	-2326.3745794744136	-155.42382083003807	0.10793265137303523	0.037707038459580317	0.1628464539733872	0.0016368163317370514
144000	-2480.8400858460095	-2329.7211146067725	-151.11897123923717	0.08002164087055968	0.06856633161417908	0.09903890262679248	0.0010817601276888866
145000	-2479.63238456224	-2326.7611610209533	-152.87122354128684	0.07536025829441173	0.057816990456285806	0.1453077870531981	0.001800669641084084
146000	-2479.5526996719436	-2330.6328625222386	-148.919837149705	0.12299779228897731	0.10186981974730869	0.11532912269830345	0.0015867132671240727
147000	-2479.4639984094797	-2330.5285943036815	-148.93540410579803	0.12273856309841019	0.14100301234859053	0.1271983759263056	0.001415119674414673
148000	-2479.3297082131207	-2327.6925122598636	-151.6371959532573	0.10820524835304834	0.0704032088948073	0.1736188448599756	0.0014318739600489795
149000	-2480.5246960324125	-2327.3590865340116	-153.16560949840098	0.07912787737196923	0.10147736815002438	0.19943086320668862	0.0024043138811748175
150000	-2479.1271808376046	-2329.219384922339	-149.9077959152657	0.10112466302575628	0.08210715153487999	0.11292621165299128	0.0021997354202241024
151000	-2479.2994981181196	-2327.4209539377334	-151.87854418038603	0.0752960323398575	0.11081775654000611	0.19416028865170643	0.0014694414613657643
152000	-2479.084569513707	-2327.5504800667127	-151.53408944699393	0.05743137929055462	0.1148803484319839	0.14407247141949914	0.0014381689254246808
153000	-2478.3204481416988	-2329.061219846121	-149.25922829557786	0.08253617145823973	0.11763047237724941	0.12261580654867649	0.0013387153522535934
154000	-2478.8426225212656	-2327.7373052597454	-151.1053172615203	0.06661535887578784	0.12016529264192578	0.1512935500836992	0.002004143143464476
155000	-2478.529290593731	-2327.7862873136064	-150.74300328012438	0.13486111609809132	0.10430627592823909	0.17273719816148692	0.0032445368786250526
156000	-2479.575590672689	-2327.4377009241985	-152.13788974849047	0.08423780829951945	0.06577614634206322	0.15415356076829112	0.0013431968927847529
157000	-2482.251665293556	-2331.1534864899213	-151.0981788036347	0.0999365103643813	0.09943110266972964	0.09258814630536039	0.0018758601556077492
158000	-2479.5628824535784	-2328.6898784311875	-150.873004022391	0.11499139284419617	0.09043405484788308	0.13909979463125455	0.0046749525751586625
159000	-2479.354533382622	-2329.882996764455	-149.47153661816688	0.13592556410814227	0.09586017685523839	0.15237596309749127	0.0010653957115886808
160000	-2479.2578519365757	-2328.05509539001	-151.20275654656544	0.07252158256329828	0.07418355908560632	0.1338068051007779	0.0010928275870328817
161000	-2484.1925407757353	-2325.426474719757	-158.76606605597834	0.13836280622687963	0.04486344018837843	0.23047343513060867	0.003328993211958855
162000	-2478.1537100940104	-2327.6707106992085	-150.48299939480205	0.11291290975940596	0.09369643917332576	0.16025969714195432	0.003261270320563012
163000	-2479.501462426434	-2329.356431034959	-150.14503139147521	0.06465065413809298	0.1062763883486511	0.11355670537274591	7.693921645854207E-4
164000	-2478.8711200821344	-2327.8764159184925	-150.99470416364184	0.10356045325031032	0.06993910639596194	0.13347486105801631	0.0031739783894315643
165000	-2479.277317538815	-2326.9344056525215	-152.34291188629365	0.06809036390533489	0.07165411990643455	0.15621029803553246	0.002021145082989289
166000	-2482.592252921745	-2331.303882301028	-151.28837062071705	0.11618562446529823	0.07468161649839082	0.09266778886766709	0.003063746924789297
167000	-2478.4621414001967	-2327.6585240568343	-150.80361734336236	0.11935882504902251	0.10747737732977983	0.17675104547941342	0.0027114769850116265
168000	-2483.55240618837	-2329.5782122278756	-153.9741939604943	0.1365087600219233	0.13279740900460696	0.14345339356265732	0.0021919182626268636
169000	-2482.1530404118757	-2328.311896066117	-153.84114434575898	0.13940787852835193	0.0851583765293568	0.2072799312944517	0.0012920456030134642
170000	-2481.7565661804356	-2327.9609146656526	-153.7956515147831	0.059842533258229254	0.19814683665486899	0.15987735925646515	0.0012209943242955728
171000	-2478.7261880188776	-2328.9626073608515	-149.7635806580262	0.07513048289313626	0.09977532762340054	0.11746105295553164	0.0011515305230450623
172000	-2484.9477838057983	-2331.6254867826965	-153.322297023102	0.14317450519705424	0.15490068674112997	0.11669359731896078	0.007064160735116829
173000	-2478.51189306995	-2327.8086694736676	-150.7032235962823	0.0854895543898412	0.07716110309451679	0.1579155039484365	0.0012391171447272244
174000	-2480.8161277051804	-2327.8510345330105	-152.96509317217004	0.05713918621783973	0.10283159754539045	0.17338865797240607	0.002110144912611578
175000	-2482.5392234128317	-2327.551279149668	-154.98794426316343	0.04162424312162498	0.09314129429995206	0.13620255602164558	7.100907910128037E-4
176000	-2480.982053908465	-2329.6625572696	-151.31949663886525	0.05708374857446187	0.11278111727238689	0.11964133320905579	5.064468512674909E-4
177000	-2479.5273778218143	-2328.230246570236	-151.29713125157812	0.1056802476987962	0.09510394376365865	0.13894693728466148	0.002758365424826058
178000	-2478.64137056978	-2328.9456752036003	-149.69569536617985	0.09767022820631738	0.1426665415649237	0.13578785930559362	0.001918306145575685
179000	-2483.501124090263	-2325.640212639199	-157.8609114510641	0.12246271416332766	0.033212274824865065	0.18304116096356657	0.003437449748063329
180000	-2479.593682333237	-2330.7797773188154	-148.813905014422	0.10440581116636335	0.12687591220339364	0.11205249866367374	0.001162761860063285
181000	-2480.3610524998735	-2331.105372896362	-149.25567960351137	0.08868401682914222	0.07977660562956834	0.11953240352924409	4.0451101847773836E-4
182000	-2479.854336240252	-2328.235265948922	-151.61907029133005	0.07556161841875894	0.07755589307022648	0.13018138408260996	0.0011565293001374306
183000	-2482.03218935952	-2327.611867172897	-154.42032218662337	0.05565700395304594	0.054354075141724856	0.10097729873945506	0.0012814272955797923
184000	-2479.71388722262	-2326.42560646687	-153.28828075575012	0.12602334484724745	0.06095537759950209	0.1866795518277244	0.0029478427280837756
185000	-2478.7872016362926	-2327.567661523391	-151.2195401129015	0.11163936280523068	0.07548141923966166	0.14932417761866112	0.0032829357307275183
186000	-2479.628519986791	-2328.9051934533436	-150.72332653344736	0.06818628015536259	0.14237530401894752	0.11061526891291934	0.0020293710202992244
187000	-2480.8754614246345	-2328.508260039012	-152.36720138562282	0.06978271399549983	0.10150971768356028	0.1621523488303786	0.003143156231506292
188000	-2480.1604685743487	-2329.6188856575673	-150.54158291678132	0.10556759714230854	0.07661865780787235	0.10643933152399407	0.002597541781776343
189000	-2481.5043799226055	-2328.1243063954475	-153.38007352715815	0.07664734900945559	0.051435755120302774	0.10169878971293347	0.002005654317071712
190000	-2479.9511153932826	-2326.8598370409345	-153.09127835234818	0.11656963595363602	0.04986444778615414	0.15730737247286986	0.002113477608307455
191000	-2480.654914158849	-2327.4497419775525	-153.2051721812964	0.12937752851494821	0.090849385401144	0.1993429215434601	0.004964689067438607
192000	-2481.130959652011	-2329.5946121314882	-151.5363475205227	0.06805806872330883	0.0750233711014426	0.08909842192368891	0.0011936615996534959
193000	-2479.001677222479	-2327.1490507734125	-151.85262644906663	0.0880928839497714	0.0781529481427821	0.16143178664082	0.0026950754729077007
194000	-2481.8508901934933	-2326.5146044479898	-155.33628574550366	0.055931140866046246	0.054718483114967596	0.16075240265905108	0.0011666277007737775
195000	-2480.9044286437065	-2329.743016641539	-151.16141200216757	0.10334519085745396	0.17940069536749542	0.1295608863944974	0.0038768881878470797
196000	-2478.969705792038	-2327.58232655578	-151.38737923625794	0.12285741019675013	0.07877358135686931	0.17962862495744997	0.001865635433103546
197000	-2480.20713918693	-2327.884020977004	-152.32311820992555	0.12822194523821126	0.10454810780903583	0.19341260325535004	0.005197779089393346
198000	-2479.3817848578506	-2327.3867189285606	-151.99506592928972	0.08540973942352703	0.09504514272419955	0.1948390783189134	0.0014637995509584401
199000	-2481.7789808187117	-2326.186561885584	-155.59241893312776	0.06750332006674373	0.04771157860176408	0.17432359551842322	0.0021676770398575728
200000	-2479.1647892018213	-2327.9041242521243	-151.26066494969692	0.10269247220094951	0.06076430576912877	0.13240482596049746	0.0019010650702713536
201000	-2481.9549328872286	-2327.3304081249576	-154.62452476227094	0.04616951450765172	0.0766094008928869	0.11699332294865798	0.0013909822135365082
202000	-2481.2816207720907	-2332.415871406988	-148.86574936510254	0.12344084454725167	0.08626085106035367	0.10174666738432367	4.928490692931111E-4
203000	-2482.4676715060755	-2327.404656043086	-155.06301546298945	0.0630592784766442	0.04766710769291705	0.15690577503903277	7.680165387127391E-4
204000	-2480.691025483578	-2327.1138602264577	-153.57716525712001	0.05280521537162836	0.08604645355319658	0.17552417650697283	0.0010517536713601286
205000	-2480.7659768976305	-2329.606643134118	-151.15933376351273	0.060196120554552056	0.11303249543201649	0.13762884084195218	4.6633569769823703E-4
206000	-2479.7249291172857	-2329.7177717467885	-150.0071573704973	0.11563086581477332	0.11727321870646154	0.12205532408578199	0.0024292905811410933
207000	-2478.3688248441717	-2327.971314765253	-150.39751007891908	0.07969224574661242	0.11825736463012683	0.14722225424394825	0.0024703221051739365
208000	-2481.196115310288	-2326.5091565409284	-154.68695876935945	0.13105131193784475	0.06399895220072337	0.20646766818826068	0.00237798252334909
209000	-2480.8139347247934	-2327.9813044468547	-152.83263027793873	0.1764490225311106	0.09588657471289086	0.1793175893426423	0.003375198629061951
210000	-2479.072177966057	-2329.8620717707236	-149.21010619533362	0.08522529113987257	0.09244142074879752	0.13097791630195763	6.877103752772867E-4
211000	-2482.078404542839	-2329.3534394666153	-152.72496507622384	0.14819310110761696	0.08817183260961858	0.13568644527562163	0.002681222833803282
212000	-2488.5514846193137	-2335.7971081023534	-152.75437651696026	0.10421800867739978	0.1130262174073051	0.073945732723553	0.008085153328113721
213000	-2481.6405560566195	-2330.8171086517095	-150.82344740491	0.06994824743188943	0.11587685683071303	0.0860269126550432	9.084789137974993E-4
214000	-2480.9088964388225	-2327.5156141910893	-153.39328224773328	0.1302526525297998	0.052657075768251356	0.1470218227516498	0.002288990270511792
215000	-2479.58051414119	-2329.4956670283327	-150.08484711285732	0.07385810988500416	0.1427162897692838	0.1064535366812156	0.0013790925172448103
216000	-2480.0312293829143	-2330.19024884846	-149.84098053445396	0.0971880314129658	0.12410031897760558	0.10936065525314793	0.0039141023518425525
217000	-2480.9956814051397	-2327.912346935046	-153.0833344700938	0.05090587645839989	0.07898383414589706	0.11069908918544123	0.0018856796917516164
218000	-2480.8346042526236	-2329.4509946732933	-151.38360957933045	0.08926155229074698	0.11746325733068612	0.18771128490574288	5.830576378811258E-4
219000	-2488.127573539775	-2329.5473955945185	-158.58017794525637	0.06431781571085726	0.073212085906043	0.08184849534884955	0.0017508337776769656
220000	-2478.77791905022	-2328.2629446815467	-150.51497436867334	0.10361877805304032	0.08302641251938545	0.13124085081078782	0.0026461327362017903
221000	-2480.853095169797	-2328.8848729431124	-151.9682222266845	0.05463703529760205	0.11755141162165497	0.11635264414300935	0.0023810841173279346
222000	-2478.7066870845474	-2327.4548630198433	-151.25182406470407	0.08498386270825728	0.09861700535498205	0.18971154885430574	0.0014713858334507418
223000	-2479.422519996376	-2328.0355202707697	-151.3869997256066	0.14224620783562167	0.07355269651057474	0.150223520655625	0.0029878243963843473
224000	-2478.3980775352134	-2327.279640405697	-151.1184371295162	0.10833340559151781	0.08512200475823185	0.16947281239168008	0.003213240942116463
225000	-2481.1760911391766	-2326.4057565082408	-154.7703346309359	0.07279923024199599	0.05286108831526922	0.1870571961329032	0.0013437957957024543
226000	-2478.377741880785	-2328.663829420501	-149.71391246028406	0.08716201777875153	0.11849954234285251	0.1297802374154157	0.0017411539441550702
227000	-2479.7842993171625	-2329.641202258171	-150.14309705899183	0.09042454935690714	0.09903327081872812	0.10526735765900876	0.003095641982225246
228000	-2479.304032931413	-2327.6140635710253	-151.68996936038775	0.07003705881131196	0.10044477504916827	0.1526601433698397	0.002278958419520529
229000	-2480.2257319092964	-2330.048767708361	-150.17696420093517	0.06553419742151464	0.12126084097437204	0.13704412152551895	4.305869902183898E-4
230000	-2478.7407377837053	-2328.586275554371	-150.1544622293346	0.08530060520645058	0.08388750024740364	0.1145776930067614	0.0021139028810056677
231000	-2478.849711081456	-2327.8284961297486	-151.02121495170758	0.07257901065739068	0.14272085396079817	0.15876903001087714	0.0017721470898451614
232000	-2478.695616120704	-2329.700140773831	-148.9954753468727	0.09412043945042071	0.11884330672269695	0.11483648136460742	0.001595468861587607
233000	-2482.613505411848	-2328.1804846433624	-154.43302076848582	0.03972109099267261	0.11519542886829476	0.09437011596099702	8.353575900161664E-4
234000	-2480.2395108749906	-2327.505621445416	-152.7338894295744	0.07356930241144875	0.12216714119385316	0.21228748012544918	0.0014574288029658323
235000	-2480.558416221267	-2330.552886476791	-150.0055297444759	0.1554118130286145	0.12597634529035	0.14469353456138384	0.0013519869476085516
236000	-2479.7580723514784	-2326.55366518862	-153.20440716285853	0.07840007102340814	0.06188420529466999	0.17059511312003967	0.0022815987634456645
237000	-2480.0071058313188	-2329.3237280726244	-150.6833777586943	0.1066768747451518	0.07636028309938127	0.1317080863818046	0.0011680550933962747
238000	-2479.4929057316303	-2329.7779579969956	-149.71494773463453	0.07133632835627068	0.1063050962339618	0.10816829351375327	8.339386760166851E-4
239000	-2478.6506309228953	-2327.0074099384283	-151.64322098446686	0.09703335603113013	0.06692305029629367	0.15554261627868313	0.0028215561031386606
240000	-2478.7588865902408	-2328.4152670730005	-150.34361951724054	0.0835004706497615	0.10922800102663889	0.12648428061059647	0.002210278000602234
241000	-2478.8373257605926	-2329.0800634584252	-149.75726230216725	0.13374253895403773	0.08933902099277602	0.15313268692723814	0.0015264676025542104
242000	-2480.3536874207603	-2327.4464182868105	-152.9072691339496	0.062168127638777826	0.06984143321529693	0.12440590915828723	0.0013544777615876438
243000	-2478.870033950232	-2327.769965916757	-151.10006803347525	0.08073630537795025	0.11275883751348838	0.15213905998708985	0.0018789007570441984
244000	-2480.0769417982474	-2328.0188849894735	-152.05805680877415	0.06857340523843446	0.10539983772468138	0.16041378520646765	9.834967034061527E-4
245000	-2481.6766019109527	-2328.7260405883058	-152.95056132264682	0.06225208586514464	0.11228500155048352	0.10486390181591594	0.0020495618811633516
246000	-2478.6291727019407	-2328.1905479464085	-150.43862475553217	0.10051292937905622	0.13412819628829975	0.16568247391437796	0.0018580823889617713
247000	-2479.3490146618415	-2328.3882406275184	-150.96077403432312	0.10555370253656421	0.0772625343939794	0.15358373057576546	0.0013120685497886985
248000	-2482.6766292619773	-2329.2524916248985	-153.42413763707856	0.06535060537917269	0.10156678299486578	0.10135396491362206	0.00106492133645119
249000	-2478.991354683062	-2327.307780033282	-151.68357464977987	0.0691269472863454	0.10180713431713538	0.18234672560749493	0.0014128409680477382
250000	-2481.414081420687	-2327.189465151502	-154.224616269185	0.18332457939969105	0.06736948504910838	0.18344885737103522	0.003470393126465502
251000	-2484.220766167734	-2327.0068837022473	-157.2138824654868	0.09480153935830901	0.04108992932713357	0.12582757032889122	0.0022797390538303324
252000	-2480.492955180524	-2325.941732463481	-154.55122271704283	0.10832431771799858	0.04734082044602665	0.1837094271034213	0.002404789943311798
253000	-2482.3678937284885	-2330.732747596089	-151.63514613239948	0.15610017677333257	0.058836310974238595	0.11900236083028036	0.0012598768375663729
254000	-2479.4623522244233	-2328.676994896329	-150.78535732809442	0.08246872071198016	0.14648338768839197	0.14305909390884292	0.003081537794269552
255000	-2479.607912315388	-2327.3334308346903	-152.27448148069809	0.13110311482575623	0.10513263730741594	0.20020718841796006	0.00391451606090885
256000	-2480.099825270882	-2326.907520742603	-153.1923045282787	0.10297720472473643	0.07500365820664465	0.20287011720546458	0.003524627158585339
257000	-2481.7482188335994	-2329.293574954598	-152.4546438790011	0.07076924956570353	0.09276592756158716	0.09832525800940278	0.0013621417655072603
258000	-2478.94035417649	-2327.4903156772493	-151.45003849924078	0.0600618149224031	0.09847012919285139	0.14076897027729005	0.00172743043121153
259000	-2483.9772695889724	-2330.9862779113814	-152.99099167759073	0.05715227181934628	0.12183628503657795	0.06830776789621514	0.0016455584077847297
260000	-2480.8122305764778	-2327.184902508758	-153.6273280677195	0.06447079788770943	0.06907289161368814	0.14733062296365912	0.0022750488376633844
261000	-2482.935263093089	-2331.835757232517	-151.09950586057164	0.0722275521268329	0.16354809846437063	0.08111883183629598	7.410626288708497E-4
262000	-2478.686780757734	-2329.395854991563	-149.29092576617134	0.08299484327679854	0.099327896643116	0.13791707099250916	7.854467688773475E-4
263000	-2479.2318086688438	-2328.7685234745295	-150.4632851943144	0.10948169634025283	0.16352465585286738	0.16212082982773526	0.0017797927032693597
264000	-2480.4995766239604	-2329.127477326168	-151.37209929779226	0.059269734461274266	0.1020599091146817	0.09100237116773863	0.001354889398661865
265000	-2480.3693798754857	-2328.3801628713277	-151.98921700415815	0.09794828755796185	0.0541208667113603	0.14240390222686303	0.0010403651925049726
266000	-2478.161464617101	-2328.306152055917	-149.85531256118375	0.08608411411868916	0.08948904012287344	0.12431371281932811	0.002028504429297139
267000	-2480.592361426008	-2327.2599672505767	-153.33239417543177	0.08232525920217469	0.05131887577725622	0.12556589704719445	0.002733220288339042
268000	-2479.8581338229424	-2327.801379189988	-152.05675463295455	0.05867531360816533	0.08631462771283904	0.12307065223811975	0.0011624784191297513
269000	-2479.730658181245	-2329.329289398247	-150.40136878299808	0.11146403971705758	0.15519558379456413	0.14106955124436682	0.0018673232675239704
270000	-2479.33801913861	-2328.712205931529	-150.62581320708102	0.1344474661982818	0.08311115245265888	0.1362794290725171	0.0031433988193718303
271000	-2479.519058724686	-2327.329655562077	-152.18940316260952	0.07182449088421157	0.0869606185453306	0.17416342363586365	0.002431736316144297
272000	-2479.6843787255657	-2329.480997812398	-150.20338091316748	0.11495818770975122	0.11039390284024435	0.12243692825328807	0.0028888241925017575
273000	-2480.2961592077363	-2329.3582200861433	-150.93793912159302	0.07916496927214833	0.08948988213286639	0.12494417910665133	0.004058540576627822
274000	-2480.191538257396	-2327.929556481595	-152.26198177580113	0.05952802534207723	0.08122763215393741	0.13378891753613267	0.0024154041405060798
275000	-2481.8741052917994	-2329.6346465914075	-152.23945870039188	0.06268987654329379	0.15068534106476839	0.09380323595164088	0.0012490645356728728
276000	-2480.1695781322237	-2329.316210053067	-150.8533680791566	0.07396150857878629	0.10201341130469617	0.10765940680522054	0.0030848583819167207
277000	-2479.684512015058	-2327.4009180412445	-152.28359397381348	0.11720079579300341	0.08773569622352602	0.1691995914333363	0.0034731620772330855
278000	-2478.885353231682	-2327.320903922376	-151.56444930930584	0.10452028991412256	0.079588661447838	0.1719081060550008	0.003728784509873817
279000	-2477.989739871496	-2328.4264010854554	-149.56333878604053	0.09663067894540601	0.11816810971474422	0.15151622605093232	0.0016029471980018764
280000	-2478.4224965012463	-2327.0861342026155	-151.33636229863063	0.09394709547879836	0.07897549984260804	0.16725273558898776	0.002217317363385563
281000	-2478.7818195955665	-2328.886705160699	-149.89511443486737	0.08146101940206289	0.1256027938603194	0.11946014265898067	0.002582630298818454
282000	-2479.319358318668	-2329.1061323781646	-150.21322594050358	0.14891547155511775	0.12283085960655127	0.15090143739692716	0.0030083214300213185
283000	-2481.987510425431	-2332.154976232393	-149.83253419303824	0.08649657137174721	0.11718131034091755	0.1527908249334816	4.5378468155795765E-5
284000	-2479.6451598319777	-2330.0798853485867	-149.56527448339088	0.11518307638466141	0.1373450233681412	0.11830833369044633	0.002865386612388787
285000	-2480.964122579816	-2330.1710954594582	-150.79302712035755	0.08755222261863213	0.10370085470947334	0.09588085806636315	0.0023416257287350844
286000	-2478.808901603569	-2328.002857545203	-150.80604405836633	0.09174401376936608	0.1059456759164399	0.1877870785132856	0.0012263356504808665
287000	-2481.88537864084	-2328.753625726592	-153.13175291424778	0.12924675197067553	0.05923251454082795	0.14537376606093283	0.0062292422865686805
288000	-2478.628699726999	-2328.99427846493	-149.63442126206897	0.10352355624180572	0.10494399038580095	0.12441101815854494	0.0032305428372500504
289000	-2480.154574434848	-2328.244961812889	-151.90961262195927	0.06898452280061376	0.17727698448762333	0.14080735664808366	0.001784944179229179
290000	-2479.316775507045	-2329.220113686906	-150.09666182013862	0.07764873032356767	0.08181984714796678	0.1296067172670972	7.811467997652916E-4
291000	-2480.9779652405177	-2327.4351899232197	-153.5427753172979	0.08103632283408438	0.04857850001306816	0.11737880814322267	0.0018110026250641956
292000	-2479.8651774180676	-2328.9828471216474	-150.88233029642015	0.15827392662220335	0.08578504350121877	0.1455195291107616	0.002799060846267152
293000	-2480.8565453060714	-2327.765661807707	-153.0908834983643	0.1259302768512366	0.07377122250406004	0.1581816714208467	0.004820780170638202
294000	-2478.8278717716585	-2329.4242085048436	-149.40366326681504	0.09135097848826915	0.10803112837861002	0.1281594129483381	0.0011221038846361603
295000	-2479.342919808524	-2328.17000904051	-151.1729107680141	0.10056719683566699	0.06576115720556247	0.1608225553256518	0.0011167089463603428
296000	-2485.764888312337	-2333.1836427143953	-152.58124559794172	0.14890567661847262	0.061555593789526374	0.09883396851957814	1.1265135306362952E-4
297000	-2480.2294808382962	-2328.119859622929	-152.10962121536684	0.053393842336517	0.09982420034115116	0.10753182380134407	0.0016788022659523765
298000	-2482.6736374781244	-2328.4995454923446	-154.17409198577997	0.06313067763192408	0.06379047426274778	0.09597105244705886	0.0013053877144538646
299000	-2478.893038033396	-2329.5434402169917	-149.34959781640427	0.09146669464276438	0.08634915656817672	0.11961369145089201	0.0010903104437008702
300000	-2479.6417139641076	-2328.4311076111894	-151.21060635291823	0.10354003030133528	0.08466315099026038	0.1580084104282151	0.0048874257506607306
301000	-2482.3751347852913	-2329.8429743788615	-152.53216040642985	0.06383059177652592	0.17460529372371428	0.10809340602857583	0.002836154327722757
302000	-2478.9899369797126	-2328.2599367596904	-150.73000022002245	0.08393566516372129	0.09447703124709544	0.16845839738198293	0.0010103147180353458
303000	-2478.7368038348914	-2328.803615994675	-149.9331878402164	0.08308643958060383	0.13163967228843176	0.1291561686475301	0.0015205526951704445
304000	-2479.109699628769	-2329.1702467081795	-149.9394529205892	0.07186328786904234	0.1325137514292059	0.1428110182504157	7.471375651776578E-4
305000	-2479.907223134484	-2328.4735088207867	-151.43371431369738	0.07954876741596624	0.15460180274383065	0.1412868346084542	0.0025634177699471457
306000	-2483.0250487477933	-2327.488248537776	-155.53680021001713	0.056371289800953656	0.0907336563610234	0.1307172731422202	0.0013127176339709668
307000	-2480.638068087709	-2327.971978252208	-152.6660898355014	0.08524119584708903	0.09604511965713197	0.17441178686986394	0.003497937216558463
308000	-2479.5251281100855	-2330.33295478966	-149.19217332042533	0.12541865262245372	0.09703484463437298	0.15770971931625202	6.558431345917978E-4
309000	-2479.708596034202	-2329.1421256056083	-150.56647042859362	0.10931550488569923	0.09073767284012109	0.13664442306286465	0.0014046297461573084
310000	-2483.9137520672184	-2327.604946155705	-156.30880591151347	0.04052469515152312	0.08107049582273038	0.12177319659043255	0.001499487233499192
311000	-2479.7551089348544	-2328.1494653720833	-151.60564356277132	0.07346122673812183	0.10204712451462578	0.1374270834072052	0.002746904000941423
312000	-2481.4702522332445	-2329.2183387404	-152.2519134928442	0.05042999568824115	0.12658416580273057	0.08849503305368343	9.286536043180114E-4
313000	-2479.0517326895806	-2329.4707946389226	-149.58093805065778	0.07607424894456985	0.13801375360271576	0.1304416159408356	8.328284373179774E-4
314000	-2478.0669055204776	-2327.737150664554	-150.32975485592334	0.08432862383307137	0.08465290075356846	0.13629002432214748	0.0021237903858510655
315000	-2480.5334444361274	-2327.3832817608604	-153.15016267526715	0.04635534072680371	0.09697904866584364	0.15416483311629242	8.486011230358309E-4
316000	-2481.6746652201546	-2328.3590677352477	-153.31559748490693	0.07919793298205596	0.1049065143591483	0.23709323860386103	7.724425695272828E-4
317000	-2478.859817423965	-2327.636620010677	-151.22319741328826	0.0653769370603323	0.08867782095520521	0.1334040861308687	0.001407162859573336
318000	-2478.613503649118	-2328.332870770055	-150.28063287906303	0.08504506757157898	0.08968645830156882	0.15275884219201863	0.0010998797803993133
319000	-2478.3485999648055	-2329.478190392558	-148.87040957224715	0.10117759352143528	0.12100306348763612	0.14112187750476812	0.0011205784062081625
320000	-2480.103755408806	-2327.5629549101727	-152.54080049863327	0.07269894610997227	0.081801216342988	0.13854362763218206	0.0015219572117631066
321000	-2481.3255679268686	-2330.7832871434584	-150.54228078341015	0.10760507316704963	0.09135765162901494	0.09720525397482932	0.002836287774395447
322000	-2486.5786135380204	-2327.71075177238	-158.86786176564047	0.024226114998166997	0.10623295702001714	0.0957135460303885	4.1883988222125065E-4
323000	-2478.778776051894	-2327.8441499500136	-150.93462610188033	0.07745621620192944	0.11296272797456415	0.14511051458554078	0.0021675620875554248
324000	-2479.926351019706	-2328.977351119587	-150.94899990011882	0.14411456713480986	0.10018507360022672	0.16311574018997035	0.0017201999219465622
325000	-2481.6315757890015	-2330.921218689645	-150.71035709935666	0.08252458254549366	0.0918717815290583	0.08294808911640544	0.0024137082209958393
326000	-2479.1736699872504	-2329.102746991013	-150.07092299623736	0.13357774809957598	0.07975028742630853	0.1520835803170286	0.001386082222878155
327000	-2478.7574207095236	-2329.3014569461366	-149.45596376338705	0.09728431239077509	0.09566048945376693	0.11419394191058893	0.0020493187895610217
328000	-2481.7344111283765	-2329.6874151510306	-152.046995977346	0.08172738838352964	0.12705949051804347	0.11276655090379395	0.001192655895370038
329000	-2479.3525265023113	-2328.62752928111	-150.72499722120114	0.07355877446073063	0.09523510893438351	0.11493360642507794	0.0027015992628928575
330000	-2485.332982126506	-2329.325770441621	-156.00721168488514	0.0317503878054256	0.11214628481926778	0.13663010755700966	2.3891137446354764E-4
331000	-2478.95943741293	-2327.691325657781	-151.26811175514914	0.1137651105911	0.06785512163704036	0.1485761051452272	0.0021074741203065007
332000	-2479.884955265842	-2327.2490773096933	-152.6358779561488	0.05212528554261615	0.08339689376549252	0.13316512593450888	0.0012714414945392467
333000	-2479.4932652219427	-2328.075667765568	-151.41759745637435	0.06424463514834233	0.09271055249225965	0.12192340560859148	0.0012494900442151205
334000	-2478.6932747751825	-2329.581286289265	-149.11198848591746	0.09259319211067012	0.10684983297251523	0.11508879423049943	0.001480334728352732
335000	-2480.0658640348643	-2326.3361903717587	-153.72967366310579	0.0998572670353139	0.04869896402507505	0.15924464870673566	0.0027401470373464272
336000	-2481.297104069622	-2326.716480486924	-154.58062358269797	0.09868238198457135	0.061672802907505535	0.21257566868553862	0.0015426340557087445
337000	-2479.976395717796	-2327.110712126838	-152.86568359095838	0.05973045409915712	0.08514347568318785	0.1545092287901535	0.0014965630489352528
338000	-2480.1657993453728	-2328.808488554376	-151.35731079099696	0.09866862532605702	0.13551067385020613	0.15828537022158795	0.004195447361050864
339000	-2477.8801987248253	-2328.2618344868592	-149.61836423796584	0.09189338605098049	0.10990180658645762	0.13701612541236655	0.0023778677803833305
340000	-2480.0683959688395	-2330.51265042093	-149.55574554790942	0.08110359761315612	0.11305097467872387	0.11909580354127007	5.908894781848159E-4
341000	-2481.7200642261955	-2327.487494331288	-154.23256989490773	0.05956535852087033	0.07019803479147745	0.11811142420679197	0.0014243398755222451
342000	-2479.5929356884444	-2328.9316450380607	-150.66129065038396	0.09205783686129553	0.08033574908320787	0.11320353536462194	0.0032946601082855177
343000	-2479.1614618993876	-2330.1823542987636	-148.9791076006239	0.10837645783228751	0.13440848201018774	0.12122132272901984	0.0015035878660274804
344000	-2483.129236662925	-2327.7890701019646	-155.34016656096057	0.06208359645957267	0.05081666492333424	0.15105213059755307	0.0030138357792892354
345000	-2478.2452319391678	-2327.4852870023974	-150.7599449367703	0.09651921733881474	0.10925578006252565	0.17777205687746336	0.002586729316394566
346000	-2480.124945501357	-2330.047229775831	-150.0777157255262	0.15406511366564485	0.12960112509934849	0.1378487055257531	0.0027569378829724067
347000	-2480.2156881891037	-2329.0192293280725	-151.19645886103146	0.09382272817789657	0.12282584693999467	0.13888937659561246	0.0040196976993096345
348000	-2479.5587705229937	-2327.994851555155	-151.56391896783856	0.0752233182300742	0.06720102780293538	0.15474824364297934	9.050504441593404E-4
349000	-2478.597734220392	-2328.8751685276106	-149.72256569278122	0.12295720206233153	0.10550192154008356	0.13590601463945004	0.0034975344371567267
350000	-2480.7513184924615	-2327.531075246204	-153.22024324625724	0.0988714292540306	0.11111487069976758	0.20802740992589994	0.003200988710533103
351000	-2480.0279690550797	-2330.355713474866	-149.6722555802135	0.13633501325514022	0.07636041188150769	0.13243347696708868	0.001019259723542488
352000	-2480.0399600473716	-2328.0896428986753	-151.95031714869623	0.13134692568392234	0.07124413713654949	0.14087029092991418	0.003566530799858907
353000	-2482.7270214812456	-2326.81908142697	-155.90794005427566	0.13408556788510417	0.07312405383817042	0.19184839763932737	0.004267690557862038
354000	-2481.9834374825145	-2330.2180633588137	-151.76537412370095	0.08058890918494022	0.09480489495499062	0.17112700626763538	3.4279688856640636E-4
355000	-2479.259340059993	-2329.001233275743	-150.25810678425034	0.06651338553572185	0.10739916562402295	0.10655560614018734	0.0011706660094274676
356000	-2480.3591550652923	-2327.286705783295	-153.0724492819973	0.06001979438999606	0.08072269892324624	0.1416320509647491	0.0018928264563651109
357000	-2482.088848830126	-2328.2201129688146	-153.86873586131173	0.0570357536542361	0.16424179277332332	0.12412663365541751	0.0013154421339580799
358000	-2481.009934866737	-2329.356574316128	-151.65336055060885	0.11615939347738193	0.09457634875425205	0.12486697348425488	0.004564869859026642
359000	-2481.0366795315163	-2328.1254819834776	-152.91119754803853	0.1654697422547881	0.08331554771592321	0.18961268479407298	0.0019599858589057486
360000	-2484.919453020833	-2327.3081522022076	-157.61130081862532	0.03070436228105836	0.104674852078088	0.11533133027180549	9.007266847938876E-4
361000	-2480.7855839848103	-2328.4740636798824	-152.31152030492785	0.10298576664984258	0.07042790001130253	0.12163585702149728	0.002319071079078285
362000	-2480.3241517267948	-2330.699965031507	-149.6241866952878	0.11320298564568426	0.15026660750541507	0.11088480888898708	0.002424122136724284
363000	-2479.103095683731	-2328.6944029181464	-150.40869276558493	0.0762118744547849	0.09190447692283686	0.11966530226128351	0.001252002277728278
364000	-2479.8494987671743	-2327.6925744502432	-152.15692431693125	0.05969364466246031	0.10079262202880747	0.1378576479016351	0.001177833933374538
365000	-2478.428778363613	-2328.12490964445	-150.30386871916338	0.07436680054391419	0.0962248322337499	0.12317982374260722	0.0021374517181707194
366000	-2480.095964229786	-2328.7173451912363	-151.37861903855008	0.09427937425192923	0.07802152942531869	0.1148121939722566	0.0028506360792547327
367000	-2480.1558541321547	-2330.7808905228385	-149.3749636093164	0.15011051722983065	0.1110173531306016	0.13334963519087562	0.0013359816489003076
368000	-2479.293931482634	-2329.2525583541483	-150.04137312848556	0.07936716372028367	0.07828509313578569	0.12095680622307144	8.857629379709257E-4
369000	-2478.5286217234247	-2327.7803527250917	-150.74826899833292	0.085930752683312	0.08286473456364732	0.14005763824011033	0.0029678806321539715
370000	-2477.814523189931	-2327.95051745783	-149.86400573210125	0.08902944649446909	0.09389561674398433	0.1450972365389334	0.0017251657622328696
371000	-2480.1932865564204	-2328.419748247932	-151.77353830848824	0.10597816286482162	0.0986851251643122	0.17225857495606015	0.004893621828548285
372000	-2479.3475671025626	-2330.4911481169047	-148.85641898565768	0.08940568036295624	0.12404930560075349	0.1384229812739401	5.282925800787838E-4
373000	-2479.7866795256355	-2327.0873423938533	-152.69933713178236	0.06584227392391151	0.08888838939175508	0.1895997573908785	0.0013877101630149328
374000	-2478.6172109954055	-2327.5269670255	-151.09024396990523	0.07259777362051632	0.09419629956692611	0.1577480015322103	0.0013769940346106235
375000	-2479.192326552379	-2327.8264954686283	-151.3658310837511	0.08385652481437426	0.0747142192998338	0.12936097105997757	0.001849975004821705
376000	-2488.888658148563	-2328.0067292652716	-160.8819288832913	0.02287519047157237	0.10003890665815922	0.14777640109036158	2.7219969594342733E-4
377000	-2482.6410498157666	-2327.635729946091	-155.00531986967576	0.09538384647971118	0.04727541282175544	0.1645582304926997	0.0010066999991932635
378000	-2481.235580237727	-2327.7145332852815	-153.52104695244554	0.08541295183747413	0.04589180617471556	0.14787240032945922	9.699718764393917E-4
379000	-2479.7784076815874	-2329.703411524812	-150.07499615677517	0.07705400855044076	0.10914936218496646	0.09788008439509464	0.0016375467124723885
380000	-2481.453735853423	-2330.8071783156183	-150.64655753780485	0.12963691356223137	0.12299053131846369	0.11401314548644476	0.005026380690000171
381000	-2480.260807718685	-2330.5891780468664	-149.67162967181858	0.13157276147817332	0.14274947872250582	0.16096862811228194	6.969834400954132E-4
382000	-2480.669944334923	-2329.5372212373336	-151.13272309758943	0.07662060321987184	0.0970189518265456	0.10421750412538588	0.001198369955122851
383000	-2478.682304772613	-2327.4195098724485	-151.2627949001644	0.09337858660891488	0.09003744310692703	0.16836390713082158	0.0030853845620401233
384000	-2478.3700938275433	-2327.705186315634	-150.66490751190926	0.07713328377078132	0.08019056595306519	0.13656523037628854	0.0015449589815531239
385000	-2482.0281047374174	-2326.606091506837	-155.42201323058035	0.09900486676668159	0.05114646242744652	0.15661347196618083	0.003187915327596634
386000	-2482.2828157076174	-2327.2083166551656	-155.07449905245184	0.06565344043133771	0.05303393074168295	0.1821049023943261	8.355855769508302E-4
387000	-2479.010049250756	-2330.155250052501	-148.85479919825522	0.12958714953453818	0.11020778046069778	0.13592945610990806	0.001313705565255422
388000	-2481.1732472975273	-2326.377707290193	-154.7955400073343	0.15778915865069265	0.07063779796450237	0.2163528197117803	0.004306066568576817
389000	-2480.127512550368	-2328.34500411973	-151.78250843063785	0.11187438177579914	0.1138964223194904	0.21658542435307096	0.00117694359105152
390000	-2479.4423060397025	-2327.720801684647	-151.7215043550554	0.06638159846475092	0.08659335092296679	0.14847553462991214	0.002517968543911603
391000	-2478.6919590280977	-2327.9409162777965	-150.751042750301	0.06682934538968757	0.0890089134552319	0.14004681549169706	0.0010720058663120642
392000	-2482.56502446045	-2326.480752447002	-156.08427201344773	0.05587725376325928	0.05412877260749037	0.1661831634538984	0.0017543904865741867
393000	-2480.29212398471	-2329.0095297178846	-151.28259426682547	0.17238200133204284	0.09777178825861728	0.17130960375032386	0.0019633535602891572
394000	-2479.668685689953	-2328.6894320525084	-150.97925363744415	0.09618173660033205	0.08140659158067243	0.12140032777189308	0.0035301503747052045
395000	-2480.658698977331	-2327.993918314306	-152.66478066302503	0.08661711346675033	0.11557346398013207	0.1892614463251465	0.001204656067749516
396000	-2481.4116905904443	-2330.6346588708093	-150.77703171963506	0.09707707366724391	0.16101989956019394	0.109434089631989	0.0040912679888619
397000	-2479.1893592408665	-2329.5516935836554	-149.63766565721107	0.09733923043790231	0.09885643235129404	0.1154513959466479	0.0016087870799177534
398000	-2478.951926681566	-2326.73759016192	-152.2143365196463	0.08399768898063488	0.06618620135353716	0.1633664033154017	0.0022406743073947475
399000	-2481.420725779637	-2326.3931929221994	-155.02753285743745	0.07220240347477867	0.04338209864802219	0.13445774435646715	0.0018338778202177226
400000	-2481.315582476987	-2328.7280343595444	-152.58754811744254	0.09690957426844914	0.05984935496817491	0.12236453551348332	0.004410592591110325
401000	-2481.541686366181	-2327.542878098687	-153.99880826749356	0.06210888026837419	0.06186687574024186	0.1553647852693576	0.002670993203014675
402000	-2491.037660443482	-2331.933118223092	-159.1045422203898	0.16913590770818646	0.023553960882556343	0.13147352807794857	1.1197437278764192E-4
403000	-2484.788129107072	-2333.41804002959	-151.37008907748202	0.07562498671525719	0.13265910536536393	0.11028720946483761	0.0062154945459057045
404000	-2481.0773281132715	-2332.0505775049414	-149.0267506083299	0.09364440071441343	0.08854830646654133	0.11344865136842094	2.445536402428439E-4
405000	-2478.9670073679376	-2328.345225124507	-150.62178224343052	0.13363660399107852	0.11957678140736934	0.15989210658300756	0.0038627390611153346
406000	-2479.0143404954183	-2329.4357876773797	-149.5785528180387	0.10869446807850888	0.1306773979029337	0.16936653908526075	9.230382153597459E-4
407000	-2481.3300419653415	-2327.990556585156	-153.33948538018547	0.06804568943380485	0.13222584010442562	0.1513153394551238	0.0022363769297567117
408000	-2480.6240212889293	-2329.8991204246363	-150.72490086429278	0.09557042376009421	0.07588718746472593	0.09747721142257679	0.002648549722882166
409000	-2479.0251147859244	-2328.4789382601493	-150.54617652577502	0.09000703727503007	0.14968916120283338	0.1721436487839826	0.0012450850834887673
410000	-2481.934702139011	-2332.1629746354374	-149.77172750357323	0.0700921371431134	0.14520541981599186	0.12942663697281462	9.531831991917048E-5
411000	-2479.481466099576	-2329.022767509501	-150.45869859007487	0.10682921263557033	0.09986124128010346	0.12519841780211324	0.0023406221456325487
412000	-2481.171164151489	-2327.684436729215	-153.48672742227382	0.06818766502526082	0.05976261454764018	0.14152748597083648	0.0030180279712210037
413000	-2480.853267274069	-2327.1803141877685	-153.6729530863003	0.07879185010118367	0.07322567320049847	0.21823857614013378	0.001170366037360657
414000	-2479.6904183846113	-2329.5508567350867	-150.1395616495247	0.08023696449656864	0.09432362213515143	0.10411623945524187	0.0013285964160567893
415000	-2480.663141293268	-2328.3689594360208	-152.294181857247	0.06619425996436969	0.06901522303752107	0.10296512938917025	0.002388818600968075
416000	-2481.6959928087026	-2326.889724361032	-154.80626844767025	0.052723079828184104	0.054855330346791055	0.15288335133182968	8.998203169420277E-4
417000	-2480.2015125867165	-2330.411853543372	-149.78965904334427	0.08349870899813952	0.1275113174658174	0.09442228112854478	0.0018873660954140585
418000	-2478.9588610076808	-2327.797876083472	-151.16098492420883	0.08638742604007733	0.06424785343118612	0.13782338414681813	0.0013894016950879132
419000	-2479.6182327093206	-2328.172094345324	-151.44613836399697	0.11247061305763396	0.10352976702345228	0.18605252190844113	0.001438616181867312
420000	-2480.124765159459	-2329.606346472917	-150.5184186865424	0.07559474652064055	0.14340678488278133	0.1030266210477532	0.001680680885076967
421000	-2478.7613111882247	-2326.912129115255	-151.84918207296968	0.11049351209170986	0.07150577751145645	0.17188241486428982	0.0031959879957247197
422000	-2481.031837757851	-2330.710723412008	-150.321114345843	0.07450472436169779	0.08707522258955613	0.09563814362133229	6.848209628341408E-4
423000	-2481.2692670573238	-2330.6022681248223	-150.66699893250157	0.07859846834492494	0.07005383068817293	0.1032862926842685	5.882334574755346E-4
424000	-2478.5488194491318	-2327.9447413230387	-150.60407812609301	0.08287718797226641	0.11012261365635706	0.14283087115022333	0.00232765910181762
425000	-2480.8542201505543	-2327.66436845007	-153.18985170048444	0.05378385014711507	0.15638856600485315	0.15979071349507826	0.0013541332782616654
426000	-2478.782358868195	-2329.827881476084	-148.95447739211107	0.10036874169037793	0.1079308023059547	0.11324626181708179	0.001745155482478318
427000	-2481.823319560232	-2328.5225263017533	-153.30079325847854	0.07931607974692953	0.09876797889655826	0.12527032591384007	0.0030019319961051916
428000	-2478.4213254555875	-2328.4508997425855	-149.970425713002	0.11895015412354142	0.10635272855695747	0.14459853456514046	0.0031202549155481627
429000	-2478.8724093082988	-2328.688420316934	-150.18398899136497	0.09530123930905086	0.12256329938488664	0.13600141311502428	0.0018850240159832036
430000	-2480.609236351848	-2328.092820252053	-152.51641609979453	0.0725797982020589	0.12256535363676577	0.1909340125721248	0.00269678960680365
431000	-2478.539827611975	-2327.8969656565196	-150.64286195545526	0.09350109548001515	0.13712040918074545	0.168795704347547	0.002377432280919041
432000	-2480.71619319152	-2328.8431258000496	-151.87306739147036	0.15196073151778136	0.12794105445820578	0.156030570524353	0.004045925275386604
433000	-2479.9190093962143	-2330.2805219152924	-149.63848748092198	0.13748682196682777	0.09091044898235731	0.11967165722493399	0.002230445303324963
434000	-2478.7992302907687	-2329.0532685130265	-149.74596177774208	0.11470083525824665	0.08351835895229716	0.13396926787138963	0.001617521219739576
435000	-2479.1159046826583	-2327.974740478967	-151.14116420369155	0.07205605006769619	0.07317739182848557	0.14445619252317518	9.917573645446805E-4
436000	-2480.0729454948464	-2329.711439876416	-150.36150561843033	0.08248319854962397	0.14737447001228457	0.10977728962940377	0.0029646279696457795
437000	-2480.133118207069	-2327.1228434792993	-153.0102747277698	0.09912145544005857	0.05945648787098029	0.18715201354944477	0.0013480693835605689
438000	-2478.487470627811	-2328.8466139690927	-149.6408566587184	0.10802478861239083	0.08814565168499489	0.13088956783249628	0.001853033559099458
439000	-2479.4644884050826	-2327.7590055159335	-151.7054828891493	0.05976242536974935	0.08313157312690854	0.12394358494681179	0.0011833062095841802
440000	-2480.7583994733177	-2327.7557968307797	-153.00260264253822	0.05673780050073405	0.1527154033895399	0.15834253464041623	0.0015928321662627657
441000	-2479.9980707847353	-2328.252430587432	-151.74564019730303	0.05778407142305125	0.11869841549791317	0.11409643046706579	0.001783213621450073
442000	-2481.375107585722	-2326.875991749126	-154.49911583659613	0.0718613713942101	0.05218049120247343	0.16277268214720741	0.002844388760389676
443000	-2481.715461505724	-2326.5267563375246	-155.18870516819928	0.07679980365406683	0.05432491265845982	0.17531245474680582	0.001415674628280521
444000	-2482.4607000487777	-2329.2355857450707	-153.22511430370673	0.06670602447207122	0.07888627128041041	0.09406982330798026	0.0026313790126344123
445000	-2478.758797033261	-2328.877804438411	-149.8809925948498	0.10464201996830647	0.0868796924429699	0.12294488943114024	0.0022122700313683343
446000	-2485.243455287149	-2327.282479740636	-157.96097554651303	0.17610855664037933	0.07566446400355535	0.18481285859027408	0.005789989890336227
447000	-2479.246461446342	-2328.631615509359	-150.61484593698304	0.06593166209370978	0.11656970161831165	0.10893763024255423	0.0017443268673036265
448000	-2479.1650432181164	-2327.5534655456813	-151.61157767243512	0.07566102618353074	0.0771019699435017	0.1333180915568815	0.0017678547537808482
449000	-2479.17053608053	-2327.6141794357954	-151.55635664473442	0.05983584711625906	0.0907405501385249	0.1313057771389036	0.0012759204384761391
450000	-2480.5634765787872	-2326.579589020006	-153.9838875587811	0.09549238776461778	0.06969980543006567	0.21597770285503218	0.0028058317701091175
451000	-2480.5020788006113	-2327.863039118302	-152.6390396823093	0.06224685123375545	0.10046912791230617	0.15413474490988288	0.0023356029798358236
452000	-2480.5167045662133	-2329.9914614680756	-150.52524309813782	0.09291998937013349	0.0904046140196824	0.1106432703726429	0.004522093857654337
453000	-2478.8489800866255	-2329.8921186673847	-148.956861419241	0.10636428112256878	0.12544701936871408	0.11849774307255177	0.0018942783560118115
454000	-2481.2067428885202	-2330.3258242034262	-150.88091868509414	0.07397378221774524	0.12463056866030137	0.10811504326153	0.003832370574125785
455000	-2481.4323117044464	-2326.0894811892235	-155.34283051522291	0.10085288539310869	0.03989628311635881	0.15418937119115952	0.0024466636420213033
456000	-2483.2071463073876	-2330.4320888760644	-152.7750574313233	0.05834562018029795	0.14103869261576676	0.0831969336259582	8.243134776793363E-4
457000	-2479.902749798626	-2328.185569563879	-151.7171802347467	0.07954479080738107	0.08398427523264189	0.1277076108566414	0.001472796702885756
458000	-2480.674140066852	-2328.6227909695936	-152.05134909725862	0.06379313887431919	0.07548461898480359	0.10160142943059898	0.0011894531859529094
459000	-2478.445315000579	-2329.337512806425	-149.10780219415403	0.09767019834457513	0.12844846371746482	0.12344150847171702	0.0018817424405011447
460000	-2479.518676792358	-2328.975342687848	-150.54333410451014	0.10291872169176787	0.10770150514513854	0.13112289020298248	0.0018468057209221518
461000	-2479.050630949775	-2328.403645750209	-150.6469851995662	0.08604860598223588	0.13179339596002718	0.17650641642892642	0.0010970078873716012
462000	-2478.1579159050066	-2327.936459255036	-150.2214566499704	0.1066288746208955	0.09103222054644998	0.14567642901715924	0.0028427902949509343
463000	-2480.9547072679115	-2327.070197279165	-153.88450998874646	0.07378134304909274	0.05008453058057404	0.1294248752921364	0.002663634541138268
464000	-2480.246050635964	-2327.778832517782	-152.46721811818165	0.11392900732270193	0.08280945045704904	0.1810594320782152	0.0015718862738515122
465000	-2479.0754564005633	-2327.736807098716	-151.33864930184765	0.07450621124556882	0.08042275411824289	0.1451761380577194	0.0012489917445631733
466000	-2481.877654333353	-2330.692047638596	-151.18560669475707	0.07375364398081372	0.17645748520897056	0.09269631173238649	0.0011126075716221026
467000	-2479.3421046663034	-2330.8035091991587	-148.53859546714443	0.1072490998051786	0.10045285162674124	0.13890284520987345	5.2132073925811E-4
468000	-2479.488177703453	-2329.1656054523805	-150.3225722510726	0.0829197028659002	0.15342988965609994	0.1628445122212055	8.125331237768846E-4
469000	-2481.608533057984	-2331.98221169877	-149.62632135921416	0.08014072318280631	0.11865960825768333	0.0845464619204489	6.573615827918429E-4
470000	-2479.254779570627	-2330.7516590575287	-148.50312051309825	0.09209719642531888	0.11419059873100125	0.12130910139981566	6.236231575198809E-4
471000	-2481.01493619793	-2329.1359235246673	-151.87901267326265	0.0523644718030125	0.11860262814608967	0.15871538578165154	4.2574089427656483E-4
472000	-2483.3130217061243	-2327.8370350278274	-155.47598667829715	0.03838361562451205	0.16853638763076714	0.11340721903675545	8.645691062006056E-4
473000	-2479.4344441185012	-2328.488806462791	-150.94563765571016	0.06653088578044172	0.09350815805407832	0.10641210690971518	0.0017194763688933837
474000	-2480.739715139941	-2327.3397047591875	-153.40001038075334	0.07358658890750143	0.0704245831703115	0.1397241428862769	0.00251799215944197
475000	-2482.429379537688	-2330.5256146039255	-151.90376493376226	0.1632995079423052	0.0940608402122637	0.12278842817972127	0.005850443605919856
476000	-2480.8725398838596	-2331.0376599009405	-149.83487998291935	0.07039389932084243	0.13808505995254716	0.13066220786786875	2.951231687456439E-4
477000	-2480.578482953631	-2328.5817569948144	-151.9967259588166	0.06804728907917384	0.17723525102874235	0.1378523917717024	0.0011328394881415238
478000	-2480.014410976887	-2329.4596295678243	-150.5547814090629	0.08532289157395645	0.1407739113190296	0.13219190809345704	0.001025534689461962
479000	-2477.786126513922	-2328.1376201938756	-149.6485063200467	0.10726520961511823	0.10788573481092265	0.14983877329028458	0.0025700144377724145
480000	-2479.603395222564	-2329.796709254648	-149.80668596791594	0.14248053270822342	0.13421444916450742	0.1420346580045899	0.0022361299396178934
481000	-2479.242638621339	-2329.1645027635873	-150.0781358577519	0.09821026907891033	0.10183336748150619	0.12195530765314917	0.0037895097725028338
482000	-2479.793258397997	-2328.004442719014	-151.78881567898253	0.06473378609112962	0.11982829719585066	0.16575777672460784	0.0023691279066843118
483000	-2479.1693587016393	-2329.7196311111334	-149.44972759050597	0.10988951582494222	0.08284662311434471	0.14779936009434347	8.100899202961833E-4
484000	-2480.4318123420685	-2328.2655862161014	-152.16622612596726	0.050570966462244106	0.10500249555342876	0.09972099666978286	0.0013135515172222319
485000	-2480.09230278862	-2327.404443863591	-152.68785892502888	0.08107513923280556	0.06249684248833159	0.12959842408936184	0.0025802581957612316
486000	-2480.4961307300323	-2330.27382003437	-150.22231069566212	0.10359114275437054	0.06414919660146143	0.12332218706206971	6.980355610016318E-4
487000	-2479.116971446957	-2328.2016630772664	-150.9153083696905	0.0626875834237174	0.09368575012290371	0.12897015798425648	9.872587904150294E-4
488000	-2478.163393700477	-2328.266810294865	-149.89658340561198	0.10398297932510765	0.09077405596226668	0.1369450045787679	0.0023359501975138016
489000	-2481.5660999666	-2327.994715833437	-153.57138413316318	0.06441482701722995	0.056776250922982344	0.14107404494979572	7.58163828248758E-4
490000	-2478.0497591208396	-2329.013475070184	-149.03628405065527	0.10091388808079814	0.12186161929495073	0.13821099188634958	0.0015814045944578354
491000	-2479.00478850002	-2329.000953314745	-150.00383518527488	0.08403868589903142	0.09178251997340876	0.10825858875916362	0.002235227616604067
492000	-2479.2537322750163	-2330.790504895693	-148.46322737932326	0.1056338879053893	0.1016248662097021	0.11690289005788988	8.545117456904534E-4
493000	-2479.9658714206116	-2329.3608538879985	-150.60501753261323	0.09720855371110475	0.09834594377343804	0.11183445204805605	0.002762374596403748
494000	-2478.0999176713203	-2327.9352446017892	-150.164673069531	0.111878980350591	0.11574521779273708	0.16829600004895154	0.002350207451656917
495000	-2479.2409773930635	-2328.309298971657	-150.93167842140676	0.12317377591418378	0.06776771183060909	0.13205435739744478	0.002856334302997321
496000	-2479.8455944165285	-2330.7495042840865	-149.0960901324418	0.08463784304423504	0.111884322997479	0.153467905987853	3.222239402011297E-4
497000	-2479.166832216737	-2329.3861081271707	-149.78072408956618	0.0894233058385664	0.1006950647774152	0.10787656330929794	0.0027393417037090665
498000	-2481.108593145476	-2328.548117990464	-152.56047515501157	0.10520425137474099	0.056340968030734184	0.11700900135878729	0.0019611738618494053
499000	-2481.8230975545166	-2330.6607985494693	-151.1622990050471	0.12360024229382194	0.07923000262277355	0.14468043290540722	5.614256529053133E-4
500000	-2480.65635648297	-2327.865525860957	-152.79083062201275	0.06701757621725936	0.07724094536924943	0.12936619237360858	0.002594734227305436
