pbsworkdir
/home/gseeholzer/nas3/bfd/runs/F4
./:/bin:/usr/bin:/usr/local/sbin:/usr/sbin:/opt/pbs/bin:/home/gseeholzer/programs/bamUtil/bin:/home/gseeholzer/programs/samtools-1.10/bin:/home/gseeholzer/programs/angsd:/home/gseeholzer/programs/angsd/misc:/home/gseeholzer/programs/satsuma2-master/bin:/home/gseeholzer/programs/pcangsd:/home/gseeholzer/programs/evalAdmix:/home/gseeholzer/programs/htslib-1.10.2/bin:/home/gseeholzer/programs/ngsRelate:/home/gseeholzer/programs/vcftools_0.1.13/bin:/home/gseeholzer/programs/bcftools-1.10.2/bin:/home/gseeholzer/programs/gsl/bin:/home/gseeholzer/programs/ngsTools/ngsDist:/home/gseeholzer/programs/ngsTools/ngsF:/home/gseeholzer/programs/ngsTools/ngsF-HMM:/home/gseeholzer/programs/ngsTools/ngsLD:/home/gseeholzer/programs/ngsTools/ngsPopGen:/home/gseeholzer/programs/ngsTools/ngsSim:/home/gseeholzer/programs/ngsTools/ngsUtils:/home/gseeholzer/programs/fastme-2.1.6.1/src:/home/gseeholzer/programs/beast/bin:/home/gseeholzer/.local/bin:/home/gseeholzer/bin
Sat Dec  5 16:40:39 EST 2020

real	0m0.000s
user	0m0.000s
sys	0m0.000s

                        BEAST v2.6.2, 2002-2020
             Bayesian Evolutionary Analysis Sampling Trees
                       Designed and developed by
 Remco Bouckaert, Alexei J. Drummond, Andrew Rambaut & Marc A. Suchard
                                    
                   Centre for Computational Evolution
                         University of Auckland
                       r.bouckaert@auckland.ac.nz
                        alexei@cs.auckland.ac.nz
                                    
                   Institute of Evolutionary Biology
                        University of Edinburgh
                           a.rambaut@ed.ac.uk
                                    
                    David Geffen School of Medicine
                 University of California, Los Angeles
                           msuchard@ucla.edu
                                    
                      Downloads, Help & Resources:
                           http://beast2.org/
                                    
  Source code distributed under the GNU Lesser General Public License:
                   http://github.com/CompEvol/beast2
                                    
                           BEAST developers:
   Alex Alekseyenko, Trevor Bedford, Erik Bloomquist, Joseph Heled, 
 Sebastian Hoehna, Denise Kuehnert, Philippe Lemey, Wai Lok Sibon Li, 
Gerton Lunter, Sidney Markowitz, Vladimir Minin, Michael Defoin Platel, 
          Oliver Pybus, Tim Vaughan, Chieh-Hsi Wu, Walter Xie
                                    
                               Thanks to:
          Roald Forsberg, Beth Shapiro and Korbinian Strimmer

Random number seed: 1607204439464

File: F4.SBE3_v2_2sp.r1.xml seed: 1607204439464 threads: 16
Loading package BEAST v2.6.2
Loading package BEASTLabs v1.9.2
Loading package MODEL_SELECTION v1.5.2
Loading package SNAPP v1.5.0
Loading package BEAST v2.6.2
Alignment(bfd)
  40 taxa
  100 sites
  100 patterns

ant: 100 13
bar: 100 21
cur: 100 5
Data(snap.bfd)
  3 taxa
  100 sites
  73 patterns

Seq: seq_Amotape_B67243.Tumbes.Amotape
Seq: seq_Amotape_B67257.Tumbes.Amotape4
Seq: seq_Canchaque_B72873.Piura.Canchaque4
Seq: seq_Canchaque_B72878.Piura.Canchaque7
Seq: seq_Porculla_B72863.Piura.Porculla
Seq: seq_Porculla_B72866.Piura.Porculla4
Seq: seq_Carpish_B72761.Huanuco.Acomayo3
Seq: seq_Carpish_B72772.Huanuco.Mitotambo2
Seq: seq_Chavinillo_B72789.Huanuco.Chavinillo3
Seq: seq_Chavinillo_B72792.Huanuco.Chavinillo4
Seq: seq_Quichas_B72777.Lima.Quichas2
Seq: seq_Quichas_B72778.Lima.Quichas
Seq: seq_Huamatanga_B72889.Lima.Huamatanga7
Seq: seq_Huamatanga_B72892.Lima.Huamatanga7
Seq: seq_LaQuinua_B72753.Pasco.LaQuinua1
Seq: seq_LaQuinua_B72756.Pasco.LaQuinua3
Seq: seq_curtata_cra.cur.B60322
Seq: seq_curtata_cra.cur.B81753
ant: 98 13
bar: 98 21
cur: 98 5
3 taxa
98 sites with weight 100
74 patterns
Rate prior = gamma
Log Likelihood Correction = -949.0266254619074
===============================================================================
Citations for this model:

Bouckaert, Remco, Timothy G. Vaughan, Jo?lle Barido-Sottani, Sebasti?n Duch?ne, 
  Mathieu Fourment, Alexandra Gavryushkina, Joseph Heled et al. 
  BEAST 2.5: An advanced software platform for Bayesian evolutionary analysis. 
  PLoS computational biology 15, no. 4 (2019): e1006650.

David Bryant, Remco Bouckaert, Joseph Felsenstein, Noah Rosenberg, Arindam RoyChoudhury. Inferring Species Trees Directly from Biallelic Genetic Markers: Bypassing Gene Trees in a Full Coalescent Analysis. Mol. Biol. Evol. 29(8):1917-1932, 2012

===============================================================================
Starting step 0
Starting step 1
Starting step 2
Starting step 3
Starting step 4
Starting step 6
Starting step 5
Starting step 7
Starting step 8
Starting step 9
Starting step 10
Starting step 11
Starting step 12
Starting step 14
Starting step 13
Starting step 15
Finished step 11
Finished step 7
Finished step 3
Finished step 9
Finished step 10
Finished step 6
Finished step 5
Finished step 0
Finished step 4
Finished step 15
Finished step 1
Finished step 13
Finished step 12
Finished step 14
Finished step 8
Finished step 2
Starting step 16
Starting step 19
Starting step 18
Starting step 23
Starting step 17
Starting step 20
Starting step 22
Starting step 21
Finished step 17
Finished step 22
Finished step 23
Finished step 16
Finished step 18
Finished step 19
Finished step 21
Finished step 20

Loading /home/gseeholzer/nas3/bfd/runs/F4/F4.SBE3_v2_2sp.r1/step0/likelihood.log, burnin 20%, skipping 200 log lines

|---------|---------|---------|---------|---------|---------|---------|---------|
*********************************************************************************

Calculating statistics

|---------|---------|---------|---------|---------|---------|---------|---------|
********************************************************************************

marginalLs[0 ] = -1524.1794916934737

Loading /home/gseeholzer/nas3/bfd/runs/F4/F4.SBE3_v2_2sp.r1/step1/likelihood.log, burnin 20%, skipping 200 log lines

|---------|---------|---------|---------|---------|---------|---------|---------|
*********************************************************************************

Calculating statistics

|---------|---------|---------|---------|---------|---------|---------|---------|
********************************************************************************

marginalLs[1 ] = -1524.4470416883107

Loading /home/gseeholzer/nas3/bfd/runs/F4/F4.SBE3_v2_2sp.r1/step2/likelihood.log, burnin 20%, skipping 200 log lines

|---------|---------|---------|---------|---------|---------|---------|---------|
*********************************************************************************

Calculating statistics

|---------|---------|---------|---------|---------|---------|---------|---------|
********************************************************************************

marginalLs[2 ] = -1524.940807260007

Loading /home/gseeholzer/nas3/bfd/runs/F4/F4.SBE3_v2_2sp.r1/step3/likelihood.log, burnin 20%, skipping 200 log lines

|---------|---------|---------|---------|---------|---------|---------|---------|
*********************************************************************************

Calculating statistics

|---------|---------|---------|---------|---------|---------|---------|---------|
********************************************************************************

marginalLs[3 ] = -1525.4768012036347

Loading /home/gseeholzer/nas3/bfd/runs/F4/F4.SBE3_v2_2sp.r1/step4/likelihood.log, burnin 20%, skipping 200 log lines

|---------|---------|---------|---------|---------|---------|---------|---------|
*********************************************************************************

Calculating statistics

|---------|---------|---------|---------|---------|---------|---------|---------|
********************************************************************************

marginalLs[4 ] = -1525.9354974541002

Loading /home/gseeholzer/nas3/bfd/runs/F4/F4.SBE3_v2_2sp.r1/step5/likelihood.log, burnin 20%, skipping 200 log lines

|---------|---------|---------|---------|---------|---------|---------|---------|
*********************************************************************************

Calculating statistics

|---------|---------|---------|---------|---------|---------|---------|---------|
********************************************************************************

marginalLs[5 ] = -1526.6481488504144

Loading /home/gseeholzer/nas3/bfd/runs/F4/F4.SBE3_v2_2sp.r1/step6/likelihood.log, burnin 20%, skipping 200 log lines

|---------|---------|---------|---------|---------|---------|---------|---------|
*********************************************************************************

Calculating statistics

|---------|---------|---------|---------|---------|---------|---------|---------|
********************************************************************************

marginalLs[6 ] = -1527.3989565679935

Loading /home/gseeholzer/nas3/bfd/runs/F4/F4.SBE3_v2_2sp.r1/step7/likelihood.log, burnin 20%, skipping 200 log lines

|---------|---------|---------|---------|---------|---------|---------|---------|
*********************************************************************************

Calculating statistics

|---------|---------|---------|---------|---------|---------|---------|---------|
********************************************************************************

marginalLs[7 ] = -1528.2494405854395

Loading /home/gseeholzer/nas3/bfd/runs/F4/F4.SBE3_v2_2sp.r1/step8/likelihood.log, burnin 20%, skipping 200 log lines

|---------|---------|---------|---------|---------|---------|---------|---------|
*********************************************************************************

Calculating statistics

|---------|---------|---------|---------|---------|---------|---------|---------|
********************************************************************************

marginalLs[8 ] = -1529.5179703532958

Loading /home/gseeholzer/nas3/bfd/runs/F4/F4.SBE3_v2_2sp.r1/step9/likelihood.log, burnin 20%, skipping 200 log lines

|---------|---------|---------|---------|---------|---------|---------|---------|
*********************************************************************************

Calculating statistics

|---------|---------|---------|---------|---------|---------|---------|---------|
********************************************************************************

marginalLs[9 ] = -1530.5073405014148

Loading /home/gseeholzer/nas3/bfd/runs/F4/F4.SBE3_v2_2sp.r1/step10/likelihood.log, burnin 20%, skipping 200 log lines

|---------|---------|---------|---------|---------|---------|---------|---------|
*********************************************************************************

Calculating statistics

|---------|---------|---------|---------|---------|---------|---------|---------|
********************************************************************************

marginalLs[10 ] = -1532.184350027331

Loading /home/gseeholzer/nas3/bfd/runs/F4/F4.SBE3_v2_2sp.r1/step11/likelihood.log, burnin 20%, skipping 200 log lines

|---------|---------|---------|---------|---------|---------|---------|---------|
*********************************************************************************

Calculating statistics

|---------|---------|---------|---------|---------|---------|---------|---------|
********************************************************************************

marginalLs[11 ] = -1534.1050565676303

Loading /home/gseeholzer/nas3/bfd/runs/F4/F4.SBE3_v2_2sp.r1/step12/likelihood.log, burnin 20%, skipping 200 log lines

|---------|---------|---------|---------|---------|---------|---------|---------|
*********************************************************************************

Calculating statistics

|---------|---------|---------|---------|---------|---------|---------|---------|
********************************************************************************

marginalLs[12 ] = -1535.2589504358132

Loading /home/gseeholzer/nas3/bfd/runs/F4/F4.SBE3_v2_2sp.r1/step13/likelihood.log, burnin 20%, skipping 200 log lines

|---------|---------|---------|---------|---------|---------|---------|---------|
*********************************************************************************

Calculating statistics

|---------|---------|---------|---------|---------|---------|---------|---------|
********************************************************************************

marginalLs[13 ] = -1537.99615579082

Loading /home/gseeholzer/nas3/bfd/runs/F4/F4.SBE3_v2_2sp.r1/step14/likelihood.log, burnin 20%, skipping 200 log lines

|---------|---------|---------|---------|---------|---------|---------|---------|
*********************************************************************************

Calculating statistics

|---------|---------|---------|---------|---------|---------|---------|---------|
********************************************************************************

marginalLs[14 ] = -1539.7500292008926

Loading /home/gseeholzer/nas3/bfd/runs/F4/F4.SBE3_v2_2sp.r1/step15/likelihood.log, burnin 20%, skipping 200 log lines

|---------|---------|---------|---------|---------|---------|---------|---------|
*********************************************************************************

Calculating statistics

|---------|---------|---------|---------|---------|---------|---------|---------|
********************************************************************************

marginalLs[15 ] = -1540.6567907673905

Loading /home/gseeholzer/nas3/bfd/runs/F4/F4.SBE3_v2_2sp.r1/step16/likelihood.log, burnin 20%, skipping 200 log lines

|---------|---------|---------|---------|---------|---------|---------|---------|
*********************************************************************************

Calculating statistics

|---------|---------|---------|---------|---------|---------|---------|---------|
********************************************************************************

marginalLs[16 ] = -1541.9863305750255

Loading /home/gseeholzer/nas3/bfd/runs/F4/F4.SBE3_v2_2sp.r1/step17/likelihood.log, burnin 20%, skipping 200 log lines

|---------|---------|---------|---------|---------|---------|---------|---------|
*********************************************************************************

Calculating statistics

|---------|---------|---------|---------|---------|---------|---------|---------|
********************************************************************************

marginalLs[17 ] = -1542.4405631687657

Loading /home/gseeholzer/nas3/bfd/runs/F4/F4.SBE3_v2_2sp.r1/step18/likelihood.log, burnin 20%, skipping 200 log lines

|---------|---------|---------|---------|---------|---------|---------|---------|
*********************************************************************************

Calculating statistics

|---------|---------|---------|---------|---------|---------|---------|---------|
********************************************************************************

marginalLs[18 ] = -1543.160349423393

Loading /home/gseeholzer/nas3/bfd/runs/F4/F4.SBE3_v2_2sp.r1/step19/likelihood.log, burnin 20%, skipping 200 log lines

|---------|---------|---------|---------|---------|---------|---------|---------|
*********************************************************************************

Calculating statistics

|---------|---------|---------|---------|---------|---------|---------|---------|
********************************************************************************

marginalLs[19 ] = -1544.2509756190934

Loading /home/gseeholzer/nas3/bfd/runs/F4/F4.SBE3_v2_2sp.r1/step20/likelihood.log, burnin 20%, skipping 200 log lines

|---------|---------|---------|---------|---------|---------|---------|---------|
*********************************************************************************

Calculating statistics

|---------|---------|---------|---------|---------|---------|---------|---------|
********************************************************************************

marginalLs[20 ] = -1542.6927795093695

Loading /home/gseeholzer/nas3/bfd/runs/F4/F4.SBE3_v2_2sp.r1/step21/likelihood.log, burnin 20%, skipping 200 log lines

|---------|---------|---------|---------|---------|---------|---------|---------|
*********************************************************************************

Calculating statistics

|---------|---------|---------|---------|---------|---------|---------|---------|
********************************************************************************

marginalLs[21 ] = -1543.683999776102

Loading /home/gseeholzer/nas3/bfd/runs/F4/F4.SBE3_v2_2sp.r1/step22/likelihood.log, burnin 20%, skipping 200 log lines

|---------|---------|---------|---------|---------|---------|---------|---------|
*********************************************************************************

Calculating statistics

|---------|---------|---------|---------|---------|---------|---------|---------|
********************************************************************************

marginalLs[22 ] = -1544.2121220697677

Loading /home/gseeholzer/nas3/bfd/runs/F4/F4.SBE3_v2_2sp.r1/step23/likelihood.log, burnin 20%, skipping 200 log lines

|---------|---------|---------|---------|---------|---------|---------|---------|
*********************************************************************************

Calculating statistics

|---------|---------|---------|---------|---------|---------|---------|---------|
********************************************************************************

marginalLs[23 ] = -1543.3540178280396

Step        theta         likelihood   contribution ESS
0            1            -1524.1795   0            801          
1            0.8623       -1524.447    -209.9127    801          
2            0.7384       -1524.9408   -188.85      676.2546     
3            0.6276       -1525.4768   -169.0469    801          
4            0.529        -1525.9355   -150.4797    656.4446     
5            0.4417       -1526.6481   -133.1469    733.4327     
6            0.3651       -1527.399    -117.0127    801          
7            0.2983       -1528.2494   -102.0579    801          
8            0.2406       -1529.518    -88.2773     769.6747     
9            0.1911       -1530.5073   -75.6042     801          
10           0.1493       -1532.1844   -64.0652     791.3409     
11           0.1143       -1534.1051   -53.6043     774.1937     
12           0.0855       -1535.259    -44.1678     699.981      
13           0.0623       -1537.9962   -35.789      701.0626     
14           0.0438       -1539.75     -28.3775     747.8329     
15           0.0296       -1540.6568   -21.9134     555.4583     
16           0.019        -1541.9863   -16.3871     531.6705     
17           0.0113       -1542.4406   -11.7492     649.2086     
18           0.0062       -1543.1603   -7.9704      677.8582     
19           0.0029       -1544.251    -5.0045      278.0938     
20           0.0011       -1542.6928   -2.7932      633.482      
21           0.0003       -1543.684    -1.2876      545.4555     
22           0            -1544.2121   -0.4052      585.8637     
23           0            -1543.354    -0.0446      615.4057     
sum(ESS) = 16428.7142  

marginal L estimate = -1527.947034600993


Total wall time: 35610 seconds
Done

real	593m32.387s
user	7752m51.197s
sys	150m9.516s
