#
#model:
#
#<?xml version="1.0" encoding="UTF-8" standalone="no"?><input id="posterior" spec="beast.core.util.CompoundDistribution">
#    <distribution id="prior" spec="beast.core.util.CompoundDistribution">
#        <prior id="lambdaPrior.bfd" name="distribution">
#            <parameter id="lambda" lower="0.0" name="x" spec="beast.core.parameter.RealParameter">0.01</parameter>
#            <Gamma id="Gamma.0" name="distr">
#                <parameter estimate="false" id="RealParameter.1" name="alpha" spec="beast.core.parameter.RealParameter">2.0</parameter>
#                <parameter estimate="false" id="RealParameter.2" name="beta" spec="beast.core.parameter.RealParameter">200.0</parameter>
#            </Gamma>
#        </prior>
#        <distribution id="snapprior.bfd" lambda="@lambda" spec="snap.likelihood.SnAPPrior">
#            <parameter estimate="false" id="alpha" lower="0.0" name="alpha" spec="beast.core.parameter.RealParameter">11.75</parameter>
#            <parameter estimate="false" id="beta" lower="0.0" name="beta" spec="beast.core.parameter.RealParameter">109.73</parameter>
#            <parameter estimate="false" id="kappa" lower="0.0" name="kappa" spec="beast.core.parameter.RealParameter">1.0</parameter>
#            <parameter id="coalescenceRate" name="coalescenceRate" spec="beast.core.parameter.RealParameter">10.0</parameter>
#            <tree clusterType="upgma" id="Tree.bfd" nodetype="snap.NodeData" spec="beast.util.ClusterTree">
#                <taxa dataType="integerdata" id="snap.bfd" spec="snap.Data">
#                    <taxonset id="ant" spec="beast.evolution.alignment.TaxonSet">
#                        <taxon id="Carpish_B72761.Huanuco.Acomayo" spec="beast.evolution.alignment.Taxon"/>
#                        <taxon id="Carpish_B72772.Huanuco.Mitotambo" spec="beast.evolution.alignment.Taxon"/>
#                        <taxon id="Amotape_B67243.Tumbes.Amotape" spec="beast.evolution.alignment.Taxon"/>
#                        <taxon id="Amotape_B67257.Tumbes.Amotape" spec="beast.evolution.alignment.Taxon"/>
#                        <taxon id="Chavinillo_B72789.Huanuco.Chavinillo" spec="beast.evolution.alignment.Taxon"/>
#                        <taxon id="Chavinillo_B72792.Huanuco.Chavinillo" spec="beast.evolution.alignment.Taxon"/>
#                        <taxon id="Quichas_B72777.Lima.Quichas" spec="beast.evolution.alignment.Taxon"/>
#                        <taxon id="Quichas_B72778.Lima.Quichas" spec="beast.evolution.alignment.Taxon"/>
#                        <taxon id="Canchaque_B72873.Piura.Canchaque" spec="beast.evolution.alignment.Taxon"/>
#                        <taxon id="Canchaque_B72878.Piura.Canchaque" spec="beast.evolution.alignment.Taxon"/>
#                        <taxon id="Huamatanga_B72889.Lima.Huamatanga" spec="beast.evolution.alignment.Taxon"/>
#                        <taxon id="Huamatanga_B72892.Lima.Huamatanga" spec="beast.evolution.alignment.Taxon"/>
#                        <taxon id="Porculla_B72863.Piura.Porculla" spec="beast.evolution.alignment.Taxon"/>
#                        <taxon id="Porculla_B72866.Piura.Porculla" spec="beast.evolution.alignment.Taxon"/>
#                        <taxon id="LaQuinua_B72753.Pasco.LaQuinua" spec="beast.evolution.alignment.Taxon"/>
#                        <taxon id="LaQuinua_B72756.Pasco.LaQuinua" spec="beast.evolution.alignment.Taxon"/>
#                    </taxonset>
#                    <taxonset id="cur" spec="beast.evolution.alignment.TaxonSet">
#                        <taxon id="curtata_cra.cur.B6032" spec="beast.evolution.alignment.Taxon"/>
#                        <taxon id="curtata_cra.cur.B8175" spec="beast.evolution.alignment.Taxon"/>
#                    </taxonset>
#                </taxa>
#                <parameter id="RealParameter.0" lower="0.0" name="clock.rate" spec="beast.core.parameter.RealParameter" upper="0.0">1.0</parameter>
#            </tree>
#        </distribution>
#    </distribution>
#    <distribution id="likelihood" spec="beast.core.util.CompoundDistribution">
#        <distribution data="@snap.bfd" id="treeLikelihood.bfd" non-polymorphic="false" pattern="coalescenceRate" spec="snap.likelihood.SnAPTreeLikelihood" tree="@Tree.bfd">
#            <siteModel id="MutationSiteModel.bfd" spec="beast.evolution.sitemodel.SiteModel">
#                <parameter estimate="false" id="mutationRate" name="mutationRate" spec="beast.core.parameter.RealParameter">1.0</parameter>
#                <parameter estimate="false" id="shape" name="shape" spec="beast.core.parameter.RealParameter">2.0</parameter>
#                <parameter estimate="false" id="proportionInvariant" name="proportionInvariant" spec="beast.core.parameter.RealParameter">0.0</parameter>
#                <substModel coalescenceRate="@coalescenceRate" id="MutationModel" spec="snap.likelihood.SnapSubstitutionModel">
#                    <parameter estimate="false" id="u" lower="0.0" name="mutationRateU" spec="beast.core.parameter.RealParameter">1.0</parameter>
#                    <parameter id="v" lower="0.0" name="mutationRateV" spec="beast.core.parameter.RealParameter">1.0</parameter>
#                </substModel>
#            </siteModel>
#        </distribution>
#    </distribution>
#</input>
#
Sample	posterior	likelihood	prior	theta0	theta1	theta2	TreeHeightLogger
0	-1712.093157171675	-1561.410356747816	-150.68280042385908	0.11411649508945053	0.09283095815676086	0.0984438705376335	0.0019426296399148834
1000	-1709.4980487429252	-1559.7309838915971	-149.7670648513282	0.11670479989154815	0.09985137967617935	0.13686855286899738	0.0031261111315816666
2000	-1716.4582361248613	-1557.425476425229	-159.03275969963246	0.15069108658143962	0.03327259866955925	0.1561686370518225	0.004553998667680458
3000	-1714.805753873007	-1561.4833132625627	-153.32244061044426	0.07660566818123143	0.07111513130944826	0.07133019175326227	0.0017808689619975805
4000	-1713.6324154142503	-1561.0398512473462	-152.5925641669041	0.06886727981003103	0.09406355554412599	0.08722145326753111	0.003107954466280915
5000	-1711.8133508561828	-1560.436518317785	-151.37683253839788	0.06567328946538889	0.10085954842292623	0.10138710694956851	0.0024726503388409157
6000	-1710.6672041719526	-1560.7972569209219	-149.8699472510308	0.13036795313621155	0.13265082382756643	0.1202329800639954	0.003938344481257766
7000	-1711.3290252375477	-1561.1724430352335	-150.15658220231433	0.1173250492969476	0.1390268966509703	0.11099088634637075	0.0046767754359114885
8000	-1712.4338764050856	-1560.2615398589046	-152.1723365461809	0.061020963018615315	0.07555061758362801	0.10425110875198808	0.0010902601039260603
9000	-1713.569387912944	-1560.0735517731775	-153.4958361397664	0.06493669564747362	0.06793495111589483	0.15498976626310665	0.00316084982025044
10000	-1713.2063074171942	-1561.9917920062135	-151.21451541098074	0.11300469712412183	0.16210746449895336	0.11217672932890008	0.006503842233033926
11000	-1715.0656891698777	-1564.471424787299	-150.5942643825788	0.16819102977142725	0.14847653408603598	0.08274844953890452	0.0011071735942662856
12000	-1711.960316766393	-1560.355643383632	-151.6046733827608	0.12661902398235594	0.08459981734615525	0.10759365232664375	0.004488010704526851
13000	-1711.616246034906	-1562.5284598973162	-149.08778613758983	0.09140885523529392	0.0879020468688294	0.10540744678755701	4.749755437870562E-4
14000	-1711.5102911827096	-1562.0363408199205	-149.47395036278905	0.116323563579377	0.0874076065992173	0.09386424719814541	0.0013547209307458162
15000	-1712.652366387581	-1559.911123703438	-152.7412426841429	0.10055221037995386	0.10368684431377898	0.14367296096978904	0.0042691250653888275
16000	-1710.2509914982375	-1560.5487198145274	-149.70227168371014	0.10518121734590767	0.08162469679138516	0.14934133426012108	0.0011716534742909556
17000	-1712.084712420845	-1559.57717884439	-152.5075335764552	0.17549142899830228	0.09276081377428198	0.1573751311258974	0.0032688093732052125
18000	-1711.4098700526617	-1560.4840654410275	-150.92580461163428	0.08244802013224398	0.10750606699347662	0.11221437981686798	0.003420753563699845
19000	-1713.9611635791741	-1558.7186365685088	-155.24252701066533	0.18955388426294492	0.10612098004739876	0.20840159275623146	0.007703427855007057
20000	-1711.427354655331	-1561.7708043190817	-149.65655033624952	0.11926267203825675	0.12589102382327988	0.09825948819305666	0.002794929220472452
21000	-1716.23670661063	-1563.4673928656841	-152.769313744946	0.0767050865786414	0.0888338963032931	0.14493171451189504	4.7745073568032225E-5
22000	-1714.533655081345	-1560.3880908487417	-154.1455642326032	0.2078236078227374	0.07102752984126184	0.18295660236307548	0.0014947650942337496
23000	-1712.6603840025416	-1560.3565010845066	-152.30388291803493	0.0804819468618397	0.10483111439172198	0.10918652112581134	0.002930054292338722
24000	-1712.8073831521222	-1560.1521267293997	-152.65525642272252	0.06668937082275886	0.08830277856978731	0.10077364674104518	0.0023256078636704346
25000	-1712.2935849603236	-1562.50044484287	-149.7931401174538	0.09203214441764936	0.12290231539165944	0.08010353631848824	0.001533915018551133
26000	-1711.6654415003661	-1558.5368360945317	-153.12860540583438	0.1328665894853337	0.04862294973664361	0.1266196054056433	0.002939644792210333
27000	-1711.522427673023	-1559.3241517334245	-152.19827593959855	0.07448308703468506	0.07264964225164144	0.15607447565004684	0.002839620050974856
28000	-1713.7786919034324	-1559.3381470886663	-154.44054481476599	0.10958425044639976	0.04911462807467433	0.12001434192858715	0.005448101113163299
29000	-1711.9430219521007	-1559.5712223011938	-152.37179965090687	0.10222574714070717	0.09639934898800676	0.14244033880751059	0.002794366262413021
30000	-1712.2481234049817	-1559.4127088321436	-152.83541457283815	0.11054783280204171	0.10289224126587941	0.1751280755743814	0.0037598364672826933
31000	-1711.573769213759	-1560.1766075607266	-151.39716165303258	0.1080284668203338	0.07160579259067884	0.10400881689886547	0.0024209721836266082
32000	-1714.606752940744	-1563.0019970778126	-151.60475586293134	0.15794140110394947	0.18060194538131297	0.1041449059388152	0.0025394675844311303
33000	-1710.8447985732582	-1560.318453106874	-150.52634546638427	0.07927543968595883	0.13297817803098647	0.1304136767970221	0.0022203143294119592
34000	-1712.7027709862061	-1559.894444382289	-152.80832660391715	0.12791535861384642	0.07472680667845641	0.1243582577932266	0.006485265033234078
35000	-1710.749840142703	-1560.1775850812796	-150.5722550614234	0.06989980355429516	0.10416766405554467	0.12808367175496785	0.0014618472446276374
36000	-1711.1201138491053	-1560.1777572554097	-150.94235659369565	0.10509951682499387	0.11199292534351905	0.12469210031126976	0.0037974004577437884
37000	-1710.6403569048107	-1560.229364217278	-150.41099268753248	0.082075263728535	0.12644397445524527	0.13362067093785063	0.002693944143465107
38000	-1712.716707407402	-1563.6345331103148	-149.0821742970872	0.1025378405100043	0.1414817239843962	0.11130203235001467	1.2237982435202584E-4
39000	-1710.616980727947	-1561.6747218741934	-148.94225885375363	0.10306719599754635	0.09126623566043854	0.10721185944066332	0.001035716752144664
40000	-1713.199711817046	-1562.5575398372412	-150.6421719798047	0.1277763999065272	0.11431769067375651	0.18512877609161527	3.743065033026906E-4
41000	-1713.591584575803	-1560.590386713804	-153.0011978619989	0.06512703898119986	0.13281093342196956	0.20538905340417407	0.0013424834813070693
42000	-1716.4015709750438	-1557.1135077083409	-159.2880632667028	0.21675204163661643	0.0504445935017623	0.2147769840729182	0.004197129888767806
43000	-1711.6104364405146	-1561.4292432582824	-150.18119318223216	0.09939156166737655	0.07503415840449432	0.09480154468994789	0.001243611413052506
44000	-1713.772261776204	-1563.6365635879465	-150.13569818825744	0.10619981964344792	0.18404992147858162	0.13249662736046017	5.657681646201234E-5
45000	-1711.2205746226625	-1561.6222380574018	-149.5983365652608	0.09913261762600979	0.1418403005671068	0.1584268027750196	8.305010027201696E-4
46000	-1711.0046495541637	-1559.314179830763	-151.69046972340087	0.09311971368891939	0.08718007323972318	0.18585701733387142	0.0023720478532106614
47000	-1716.007104573872	-1562.6575405433307	-153.34956403054142	0.06564993834736295	0.14512003725371017	0.0979196361351323	0.004142306496594373
48000	-1710.477604151841	-1559.8185814765466	-150.6590226752944	0.1491351254311716	0.11325651357140046	0.14276481843606859	0.004566108510647852
49000	-1710.5936457213372	-1561.316181120162	-149.27746460117527	0.10913280160462849	0.10554562553951259	0.1154196427081893	0.001403887475653561
50000	-1712.5941806942772	-1560.3445573990955	-152.24962329518164	0.049934087147792794	0.13193914199461504	0.13110034954981442	0.0013014729328546058
51000	-1711.8724234401059	-1560.6340876428608	-151.2383357972451	0.18209364589923696	0.10307123026936563	0.13550986996094364	0.0030642896267567693
52000	-1710.8465440702873	-1561.331669386365	-149.51487468392227	0.11557421770175366	0.08110254997812753	0.1101343018960594	0.001274684246862256
53000	-1710.5519172154197	-1560.8279389301517	-149.723978285268	0.0873423427507808	0.12487815707477792	0.1248001594667167	0.0014412490915897203
54000	-1714.2128333362768	-1561.2774725016745	-152.93536083460236	0.056025428446143666	0.0940058440332665	0.0826357247804424	0.002753754189845375
55000	-1712.3838684007433	-1558.64286102308	-153.74100737766327	0.08439979092040117	0.04648024637361629	0.14645470839120495	0.0014906732970514102
56000	-1712.5949708365179	-1563.3516665950613	-149.2433042414567	0.07368006900334947	0.09690107025199483	0.1122750310993414	1.3078250932038336E-4
57000	-1711.2972373795287	-1558.2887433112053	-153.0084940683234	0.109856150922958	0.060465217257563125	0.15412942592417953	0.0033163220668755737
58000	-1711.1392080737676	-1561.0112478949006	-150.12796017886694	0.0828575252687261	0.12994043917721163	0.10134006282394457	0.002002195354449289
59000	-1713.4887726020572	-1560.3345127835662	-153.154259818491	0.10364508878688693	0.06430043816293027	0.0915179699605223	0.0033913872347666077
60000	-1713.4991219635904	-1563.2117923122744	-150.28732965131607	0.10605680233984759	0.19527584316898522	0.10925604562711254	4.2618042432296946E-4
61000	-1713.4099653378025	-1559.877803686433	-153.5321616513694	0.12476258838773882	0.12122354609475786	0.16300636922052658	0.005305050996264972
62000	-1711.6499314763394	-1560.7719946293207	-150.87793684701862	0.15276321079953614	0.10858365254984383	0.11527844882759013	0.005813299669913805
63000	-1711.8019776105748	-1560.313741231218	-151.48823637935675	0.061774073248382216	0.12310613732548549	0.12667736253518758	0.002025404061473203
64000	-1711.6955059076954	-1559.87064637212	-151.82485953557546	0.10406990930622571	0.10425901165537088	0.1900707103991819	0.004388987155286799
65000	-1711.6822399765658	-1561.9719446144013	-149.7102953621645	0.09134575152647001	0.1060305095279795	0.08614886708363552	0.0014331176016316991
66000	-1713.0798329353017	-1557.8942645379966	-155.18556839730505	0.11067434114080775	0.040379979210028914	0.13022235675708607	0.002577978512099871
67000	-1710.4184835257777	-1560.7092120315988	-149.70927149417895	0.09236979873843262	0.1010400681538621	0.11430100681024677	0.001600071645628098
68000	-1711.4646498904358	-1560.7874268704247	-150.67722302001104	0.1399762416651456	0.09749393653176384	0.1094020979033263	0.005875509992505075
69000	-1711.8854575391945	-1561.0475603228485	-150.83789721634588	0.08509544829692937	0.13484388523091212	0.10278895781174067	0.0031919039852773092
70000	-1711.2127382581452	-1559.5452151196969	-151.66752313844847	0.0902867153628653	0.05970823654187258	0.13224109893788727	0.0014212425456754966
71000	-1710.984248693096	-1559.6036239905466	-151.38062470254965	0.09553587511446628	0.08771524539761041	0.12919897913786615	0.003554890899904716
72000	-1711.9270758948765	-1560.085206440011	-151.84186945486556	0.07331508592790072	0.07770449511856928	0.12187171147164248	0.0035427722466018527
73000	-1711.3840317609447	-1560.9046233655622	-150.4794083953826	0.07629920509176073	0.11480508616535781	0.09502108909625256	0.002740140371289213
74000	-1717.900618870649	-1560.5644738399112	-157.3361450307378	0.08634395536945233	0.11910436848826202	0.243793516642855	0.002587354571323866
75000	-1711.343824210085	-1561.242189538405	-150.10163467168	0.12450159874764197	0.07257457725708347	0.10210667559349099	0.0016064438657523651
76000	-1709.9184544561424	-1560.4637149871128	-149.45473946902962	0.09063160172272078	0.11261748531743847	0.15112584236852836	0.0014070046160245858
77000	-1717.945083092013	-1562.7593754224886	-155.18570766952436	0.05045934243524173	0.10829795918161948	0.062158089114916146	0.0028250324896664067
78000	-1711.378617321654	-1562.506111149409	-148.87250617224507	0.11109078210997234	0.09642607728122211	0.09333043936288149	9.509926067640819E-4
79000	-1711.4797146453907	-1559.6466772439517	-151.83303740143893	0.09570049719925929	0.06307765539273183	0.10322810992486041	0.0037290052403388205
80000	-1712.8245330394107	-1561.9043426401217	-150.92019039928883	0.11408707288626523	0.07947224300777483	0.08433004920629583	0.0020917800644033777
81000	-1709.7989448784074	-1560.399722702233	-149.39922217617436	0.08689402362744164	0.10899713758353383	0.11733445609601917	0.0019381798362465502
82000	-1711.3723126472883	-1559.283513651993	-152.08879899529526	0.08848779293465076	0.08520735224223648	0.16892747550273068	0.0023714363830430875
83000	-1712.2580476452943	-1561.1191018068448	-151.13894583844944	0.11604771388976438	0.14171390843978382	0.12352992496792453	0.0020961156432639815
84000	-1710.1329326733792	-1559.9582440734025	-150.17468859997663	0.1110130557071178	0.07965708609765514	0.1105051005609321	0.0031515546048063213
85000	-1711.530093371927	-1559.6810712816134	-151.84902209031355	0.07243755747076576	0.07144589452782688	0.10653966291821396	0.0027655697975591423
86000	-1713.348394380189	-1558.3941177791908	-154.9542766009981	0.08869209553937339	0.05732901910332645	0.16058719845527358	0.002990753887311844
87000	-1711.740568644087	-1559.7568824287919	-151.98368621529505	0.07906800782667352	0.08617881186363101	0.11691788140864748	0.002570449007375672
88000	-1709.825609255152	-1559.310617243094	-150.51499201205797	0.10621873598307428	0.07373240631074986	0.12557140121207072	0.002839391464214515
89000	-1712.1816451954935	-1559.9960746965858	-152.18557049890768	0.09829124092224993	0.0717027281641088	0.10230834259888681	0.0025809052229476635
90000	-1712.98141777923	-1563.9380990652971	-149.04331871393282	0.12308639923762273	0.13777073035572834	0.08090218539004686	4.85534348620072E-4
91000	-1711.4522443814235	-1561.3703160616399	-150.0819283197836	0.09198128648735517	0.11068642718004569	0.1108660179189537	0.0011860152141711711
92000	-1709.875766696196	-1558.9952791887406	-150.88048750745543	0.11374853891077065	0.0844406381927027	0.15964344866203375	0.003363793449855399
93000	-1710.0993525224326	-1560.209822139936	-149.88953038249662	0.10418559224037201	0.07434201868801125	0.12219355356976104	0.001598012714700002
94000	-1709.9144814064393	-1560.0917473870188	-149.82273401942047	0.10853598482819568	0.10835272073635382	0.15279680715503005	0.001996456623745826
95000	-1712.6354112495892	-1560.6416309692333	-151.9937802803558	0.15758068645731782	0.10566812886657674	0.1530323971385563	0.001982365068094063
96000	-1712.5954734224888	-1560.3270043735752	-152.2684690489137	0.06483853261829384	0.12570299666138135	0.12965909993227803	0.002157906269103478
97000	-1712.1935224886963	-1557.6464075356748	-154.5471149530214	0.12531358545105645	0.04299335448722281	0.14527709819854887	0.0031804077086656645
98000	-1711.5347004913863	-1560.316917188753	-151.21778330263334	0.08668541809034053	0.14771878480457656	0.14842778147906266	0.0025154284731480256
99000	-1714.3449030811366	-1561.3927078854574	-152.95219519567928	0.05434002565012731	0.12012166617103898	0.07275130505155708	0.0017808132666459456
100000	-1709.634937821143	-1560.0170333582869	-149.61790446285602	0.10352566235193385	0.10134981064617238	0.12177305796344672	0.0033096669002691155
101000	-1712.537150888523	-1559.9864224739706	-152.55072841455248	0.10317334986119762	0.08444383352140203	0.11059568795101736	0.0031538279820851147
102000	-1714.7966616656163	-1560.327290899399	-154.46937076621722	0.0386896745850549	0.10082014332089491	0.09391984235329856	0.001262760279303318
103000	-1713.2918685599434	-1562.7004767420979	-150.59139181784542	0.08457699641276178	0.09751032246788928	0.08614165904511747	5.98298473693067E-4
104000	-1713.3350815363647	-1558.8417776871227	-154.49330384924207	0.06840636527026558	0.04824594249578087	0.11182453348755048	0.0027940217733219146
105000	-1710.3148014226604	-1559.5971666391602	-150.71763478350013	0.14607712738758535	0.0813970479685864	0.13265814034197676	0.0033433788848458526
106000	-1712.2251127160075	-1561.4284884628914	-150.796624253116	0.07176811653850249	0.14448249739776023	0.0892838807812782	0.001631448350988825
107000	-1711.3684067936654	-1558.9079891558308	-152.46041763783458	0.16575394852272812	0.08420166764028886	0.1619455362587162	0.003923181237063566
108000	-1709.8417617589728	-1560.286119112549	-149.5556426464239	0.11178995218666864	0.10816883241106678	0.14591302886316712	0.0019058986448047537
109000	-1711.178716206551	-1560.4296772343118	-150.74903897223908	0.07474765741696271	0.10769375150487992	0.11001614298143271	0.0028921941149742244
110000	-1711.741795160554	-1560.8116188072183	-150.9301763533355	0.07096232875701047	0.07649263590147154	0.12829676288357533	7.803339500944062E-4
111000	-1710.4022178858313	-1559.0803376176768	-151.3218802681545	0.08855922762339989	0.07558453030800566	0.15261923917528802	0.0031227168274393434
112000	-1711.3809214928988	-1560.3096208476532	-151.07130064524574	0.10098046685889428	0.14267183051412882	0.1617962992015844	0.0038741805247964308
113000	-1713.154805308526	-1562.409642076177	-150.74516323234894	0.09126886148696718	0.1525891417532258	0.10143364401855522	8.256552699761066E-4
114000	-1713.4246564233958	-1561.0835782576119	-152.34107816578404	0.04709775868496705	0.11308128253306528	0.12347610567626333	5.639673370125977E-4
115000	-1711.6382493210363	-1558.8392362801626	-152.7990130408736	0.07847946689805999	0.054802731392650905	0.14088344919509507	0.0016334407070244742
116000	-1712.847594796899	-1560.1768672639819	-152.6707275329172	0.1256440576532137	0.0577163481422916	0.09680172945060055	0.0039941986187191515
117000	-1709.6491117847295	-1560.1549574002738	-149.4941543844556	0.1084934769209599	0.12382414526306083	0.14450626700036445	0.0024895750429874035
118000	-1711.08062069392	-1561.0872526724052	-149.99336802151504	0.08809415493997655	0.10380832458984424	0.09289789976206625	0.002139426027137063
119000	-1716.194536864168	-1562.0273925158258	-154.1671443483422	0.06756736424196291	0.10552985600599997	0.07184607126997859	0.0012034664611780504
120000	-1709.9636867722757	-1558.8384968652617	-151.12518990701383	0.10880310525797052	0.07618816576954184	0.1604725553764956	0.002939205345613859
121000	-1712.551992101885	-1559.912536397807	-152.63945570407796	0.09507212031460827	0.05298672681866919	0.16051837254287374	9.867778517066632E-4
122000	-1710.736736362187	-1559.4995976996365	-151.23713866255045	0.12004116987267169	0.06906721027100955	0.11567810472815895	0.00442116676696485
123000	-1712.6580210775574	-1562.165013082365	-150.4930079951924	0.1760154770250418	0.14255022509259394	0.12784792071653983	0.001776522805754582
124000	-1712.2261615436882	-1559.9939128477997	-152.23224869588853	0.05351482043030657	0.097999079717215	0.15126066853529432	0.001312246895278859
125000	-1711.396295444386	-1559.9866219549556	-151.40967348943036	0.14141210702033727	0.12339451948842034	0.19455938695763467	0.0024675989152644537
126000	-1713.5724294936213	-1561.9975475165102	-151.57488197711106	0.06264476433528184	0.15761626347442775	0.11791546427586992	5.080167494743964E-4
127000	-1713.1285586683387	-1559.3137892611517	-153.8147694071869	0.08191427347923516	0.047972977943996874	0.10601641989505801	0.00151625433266752
128000	-1711.0258753712055	-1560.448468498087	-150.57740687311832	0.07851585300974395	0.10094602861571211	0.10914235967841791	0.0033021662496130573
129000	-1710.162736836839	-1560.1241147284559	-150.03862210838327	0.12842518786456744	0.0906292500257259	0.12829265733142983	0.0025178917351339806
130000	-1710.2922789740553	-1559.8719585569702	-150.42032041708504	0.11871835171038903	0.09781093316122833	0.17607237597181774	0.0019373929836010563
131000	-1713.0006923407814	-1559.5962017203124	-153.40449062046912	0.14777854206669574	0.07352577664936162	0.12430453810028012	0.0036131189860553305
132000	-1713.7151673704648	-1560.2379214281339	-153.477245942331	0.04764543857003059	0.08314477959780305	0.13161004084111988	7.960630882256543E-4
133000	-1711.2292608720365	-1559.7940703960353	-151.43519047600117	0.07191269016261738	0.08686586871055343	0.13956848570080294	0.002840845842748124
134000	-1711.6704749470289	-1559.0134867926158	-152.65698815441303	0.09189028796531996	0.06058125224065335	0.1231791566649342	0.003726339414379448
135000	-1710.7209881356366	-1559.6719357089407	-151.04905242669585	0.1609909302737697	0.11486059949311492	0.15475997318894139	0.004264226216357634
136000	-1710.744429308273	-1560.399588922497	-150.34484038577608	0.06979203837762311	0.10428414307380912	0.11455979980216813	0.0014145787835451108
137000	-1710.8997172854743	-1559.5504568396339	-151.34926044584049	0.08836797421577822	0.06892241947889155	0.11397428411193339	0.0020833087255548877
138000	-1713.3173783407476	-1559.9216577730542	-153.39572056769342	0.1285780375414326	0.06057030821112681	0.11658803583083598	0.006499623240171357
139000	-1711.9131965445522	-1560.0439399961874	-151.86925654836483	0.062012058466787416	0.09981078305641188	0.14462902074133788	0.002183578901858768
140000	-1711.8502027269174	-1560.5958356615724	-151.2543670653448	0.07902826276206991	0.07971947561859939	0.0930072377039195	0.001667646191015955
141000	-1710.676464841325	-1561.0427052339996	-149.63375960732543	0.09694175926589466	0.09724317858291998	0.09539114488036655	0.002248533631231552
142000	-1710.7353483840357	-1560.6273330524941	-150.10801533154148	0.10746318389458288	0.13532054946341782	0.12327688589363082	0.0041208443041031466
143000	-1710.6155889628606	-1559.1144056434212	-151.50118331943932	0.09518252950123375	0.07896859872651658	0.1750856571556509	0.00227546663808076
144000	-1713.0806369048576	-1562.0588872501316	-151.02174965472585	0.06297023042905787	0.11239756611061225	0.10944202868927472	4.6321731957997385E-4
145000	-1712.413218489488	-1560.139227031581	-152.27399145790704	0.10974871111603698	0.11623406385850221	0.20119945669662678	0.00474643239379624
146000	-1710.8919299306012	-1560.8664086300282	-150.025521300573	0.10688424781058645	0.1075405563646195	0.10514864301467623	0.004518311998533279
147000	-1714.605113885766	-1559.7632519542492	-154.84186193151677	0.06912043752759524	0.05765048790570015	0.09646619324485561	0.0031415168725178666
148000	-1709.8440974605007	-1560.6949264709776	-149.1491709895231	0.10433616071247348	0.10712625768658793	0.145337738255198	0.0013836602710393699
149000	-1710.915932255501	-1560.8375664604464	-150.07836579505457	0.09486220108364524	0.0884808495003111	0.09399686944665091	0.002353372765322056
150000	-1713.0590846915827	-1558.0438735972684	-155.01521109431428	0.10274504093135975	0.05397040233308205	0.16808855033218909	0.003480998556108207
151000	-1712.9206180146607	-1560.4672354170248	-152.45338259763602	0.12125737208086508	0.053731177051875065	0.1038916873272476	0.0015655867878759976
152000	-1712.3818847216546	-1563.2248675327053	-149.15701718894928	0.1505161801481463	0.08661736347877785	0.1038151213412352	4.5005273449521383E-4
153000	-1711.870761665711	-1559.9949670695783	-151.87579459613266	0.07306073355499339	0.09482747999880192	0.15438711480557282	0.0013730048530377725
154000	-1710.2698167315616	-1558.943868504321	-151.32594822724056	0.1489154363451024	0.0773134340773952	0.15331243735176683	0.0034028193532579733
155000	-1714.6264366472737	-1560.0088368496968	-154.617599797577	0.08406188005313944	0.06064393667103598	0.11616174143022658	0.0012425039072081648
156000	-1714.7048896574754	-1563.0610803038035	-151.64380935367197	0.1163055135527313	0.07360375603165908	0.10075758843658358	3.604321322415375E-4
157000	-1715.4898160785249	-1561.3822609878944	-154.1075550906306	0.10685767548335777	0.16964939427575365	0.11070152023093412	0.0028124661984636804
158000	-1711.9587545073787	-1560.1804238406723	-151.77833066670644	0.1346933361773537	0.09362655134372581	0.12084750844134035	0.003415064709573988
159000	-1710.8510707525918	-1561.1283645044114	-149.72270624818037	0.15157320926300047	0.10960066980802935	0.14066459717751917	0.0017159073997401865
160000	-1712.1300779428948	-1559.3026119769697	-152.82746596592506	0.08057570212442565	0.07900549557799613	0.14089644376955607	0.0022163280809709383
161000	-1710.315396087395	-1560.445116977513	-149.87027910988186	0.10296565213276769	0.10468953422273208	0.11039466729213522	0.003625620630211524
162000	-1717.7419970567594	-1562.5843237485547	-155.15767330820483	0.15230662235282108	0.2541745905257672	0.13622572885696654	0.0012675346072912202
163000	-1712.162352978683	-1562.3063449181122	-149.85600806057062	0.0928101638241283	0.09454109818780983	0.08043859755190146	0.0012703517741253845
164000	-1711.6618168500754	-1560.2570624655318	-151.40475438454368	0.06551987635150616	0.0932722049876249	0.09881419616053119	0.0019203717769845014
165000	-1712.5219134923193	-1560.5227144716525	-151.99919902066685	0.14595178799087682	0.06763500688499555	0.10558393671671945	0.002930918566561747
166000	-1713.8918555969553	-1560.297302076222	-153.59455352073348	0.06337072221881095	0.07094561933986572	0.15117218649683864	8.174650539136422E-4
167000	-1711.196676789712	-1560.6682923754688	-150.52838441424313	0.09600566564689009	0.07106492982202674	0.15442068446708554	9.021250722150989E-4
168000	-1709.7227485563697	-1559.6077309354341	-150.11501762093548	0.08829695366980755	0.0944957595724461	0.15060162701992996	0.0021543234296692677
169000	-1711.5789314030142	-1561.1845113003362	-150.39442010267794	0.15743110860988338	0.1257937264719514	0.1270807238467231	0.0027213076957221926
170000	-1711.746152748819	-1560.3204073084964	-151.42574544032266	0.10654521068051102	0.06611238771141724	0.14691279326433443	0.0011219159512102209
171000	-1711.4128898075364	-1563.2482948279958	-148.1645949795406	0.11799244095015361	0.10055430783644116	0.12264446472646412	2.2342301268058623E-4
172000	-1711.322822557722	-1560.4069883438108	-150.91583421391124	0.1474722756687159	0.12278865869435482	0.1628773439678893	0.002286952492005876
173000	-1710.2938444318333	-1559.539780009145	-150.75406442268826	0.14171501339820716	0.07740601045266043	0.14062024249091715	0.0026399787993570444
174000	-1711.2236764174077	-1560.2991951185918	-150.9244812988158	0.06720575845761143	0.1129740303562112	0.11933646995822574	0.001540784397057972
175000	-1712.1583262223508	-1560.2705532884306	-151.88777293392025	0.06184079988243276	0.08774984637266511	0.1683609662833314	9.498964921769911E-4
176000	-1712.1680245460227	-1558.8633584295549	-153.30466611646776	0.12748001663941302	0.058703305448420576	0.12477160326329645	0.004501971868462654
177000	-1711.3320105150283	-1560.2876051464955	-151.0444053685329	0.14968009927476272	0.13369583072031585	0.13900758169941577	0.0060999714459087535
178000	-1710.313062206995	-1560.0890099954656	-150.22405221152934	0.12504483765483285	0.07588143972931981	0.11993982962984365	0.0022799925053040696
179000	-1710.4955080856787	-1559.2532032176364	-151.2423048680424	0.1094410351686757	0.08833625034941998	0.1680883598738661	0.004380953999565528
180000	-1711.8680218003592	-1562.2209152771031	-149.64710652325599	0.10661975441197996	0.09824894504771627	0.08488878175963813	0.001734673327322673
181000	-1710.7576037838103	-1559.606238715805	-151.15136506800528	0.08168628933959833	0.06638091050041736	0.1369583765599179	0.0013845482821955135
182000	-1714.012734529607	-1560.1851237974279	-153.82761073217915	0.0908806159546555	0.05034316303473286	0.08322068473566764	0.002183710253416729
183000	-1710.725107971924	-1560.98226606238	-149.74284190954396	0.10729293103466354	0.12496327694050266	0.15930945995695125	0.001245365662843141
184000	-1713.5220971641766	-1559.9843191808377	-153.53777798333877	0.0489090417412068	0.07230100443737954	0.09974373904502867	0.001043654126718021
185000	-1710.0124768678872	-1560.8797908045797	-149.1326860633075	0.09870433860064233	0.09699165040777405	0.1287887260579813	0.0012417838624830132
186000	-1711.6586800626983	-1560.370840999376	-151.2878390633222	0.10465004087236243	0.07212039357642026	0.13480014054853376	0.0012609948398803177
187000	-1710.0942455707639	-1559.2900601749056	-150.80418539585813	0.08470971590933055	0.08252688485790402	0.15051557024791495	0.0023546543926455943
188000	-1710.3207396571902	-1559.6121018118924	-150.70863784529766	0.0930434284391977	0.0785381618815192	0.16402956712826244	0.0016018472914732444
189000	-1712.2864491137875	-1559.4008083959461	-152.8856407178413	0.07924877927947924	0.07499119254014962	0.12099707565145851	0.00238932548937787
190000	-1710.5638261124564	-1560.1353298880222	-150.42849622443407	0.1273272782121853	0.1387334057114823	0.1596121092096593	0.0029692409637314863
191000	-1711.3878011270986	-1561.8790942455116	-149.508706881587	0.09472308454715749	0.10782384751837426	0.15401256836306287	5.793788700286599E-4
192000	-1711.504060722671	-1559.2447886648579	-152.2592720578133	0.10098965787554508	0.07930301102589099	0.14360478245283642	0.0024512259572721266
193000	-1709.5885290011377	-1560.0541017564829	-149.5344272446548	0.12440230439556084	0.10180626483768543	0.1404791047523024	0.002446088242899152
194000	-1710.8035144465784	-1559.9158096689703	-150.8877047776081	0.0855548986933474	0.09173409193048687	0.16689706795987835	0.0014963069473598145
195000	-1712.3209253942362	-1559.4163030050966	-152.90462238913966	0.11260596453003299	0.05403136312106273	0.1555304497724565	0.0013894945129868186
196000	-1712.9002019532436	-1559.8021883322272	-153.09801362101632	0.08571724529849653	0.0501123030364872	0.09763934869515646	0.0015003315191591791
197000	-1712.033948048463	-1560.667475745911	-151.3664723025519	0.08491052411141782	0.11872241862284089	0.11125345842552838	0.00189522356892439
198000	-1712.2574438838062	-1558.7761016628783	-153.48134222092793	0.15020483852098424	0.07667612477910252	0.15168915384603213	0.005708445368210642
199000	-1711.415639541518	-1557.7752118568128	-153.64042768470506	0.1314662977226853	0.055481443611365915	0.1774332198478931	0.0034803848406443657
200000	-1712.1559794724883	-1562.629364512039	-149.52661496044928	0.1256797828966331	0.1370123385362977	0.10650474306880528	0.0010295680502986654
201000	-1710.521484284113	-1559.3178348743545	-151.20364940975858	0.10051746450535777	0.06604466632593649	0.14037502238714447	0.001822465955612879
202000	-1711.8525462473128	-1560.5853272311929	-151.26721901612	0.08663872086807883	0.07917688723874763	0.09925252084557616	0.004266910500484637
203000	-1710.8929573370272	-1560.1195796487862	-150.77337768824106	0.09996146662362432	0.09593662067411128	0.11807076147647946	0.0041061945554883555
204000	-1710.1557128675279	-1558.7030337320086	-151.4526791355193	0.1118486851895023	0.06702441304319232	0.1408313689306517	0.0038408609412003154
205000	-1713.1056869369622	-1563.9798725643493	-149.12581437261304	0.12596573504757497	0.12872053871287514	0.07848365895103972	6.141838030943367E-4
206000	-1709.6175131118548	-1559.2478698046511	-150.36964330720375	0.10440956294052638	0.08507426000979476	0.15249739139079735	0.0026173042839549854
207000	-1712.030650026828	-1558.5279324599194	-153.5027175669087	0.1303546096703245	0.07297627014836457	0.16181317584556396	0.004552671816106881
208000	-1711.7665362040743	-1562.3151204760777	-149.45141572799665	0.07324464419270416	0.1316724201716975	0.12703476517496218	4.1619840801957527E-4
209000	-1713.2808938792768	-1561.8514857442253	-151.42940813505155	0.0671778859198963	0.14127589856320152	0.07968156813918933	0.001280383497135491
210000	-1712.7488641734194	-1564.0192890985613	-148.7295750748581	0.10829288187347941	0.09524492341966977	0.08961128024763693	5.4744657662163006E-5
211000	-1712.7889911595216	-1558.8832330521348	-153.90575810738693	0.15142131499513972	0.04455249609299662	0.13499597722805182	0.002044843000121182
212000	-1710.5692582818156	-1558.35018330297	-152.21907497884547	0.1413930714112917	0.06870915405878344	0.16641518740636968	0.0036105567676556847
213000	-1711.1884752739404	-1561.004916754022	-150.18355851991856	0.06945355388332675	0.12375176361147427	0.10208799535540634	0.0012669114110557794
214000	-1710.5152612953761	-1561.029370773862	-149.4858905215143	0.09565249040729479	0.10943045152334796	0.13728569826115494	0.001121913430582049
215000	-1713.7911034418362	-1559.849317622686	-153.94178581915023	0.06206042070698965	0.061612559164341635	0.08755815078992114	0.002307837760304193
216000	-1710.2246265890217	-1559.8723700845076	-150.35225650451412	0.0857866775099847	0.0806803712675115	0.11689441300597916	0.0019017043626746856
217000	-1710.301606917875	-1561.8146473083884	-148.48695960948658	0.1040937461783379	0.11836663659413074	0.11893205936032325	9.753627583734099E-4
218000	-1712.2839877543586	-1558.1760669203604	-154.10792083399812	0.11854238997064177	0.053331474873224746	0.19172824266692223	0.002261422394771562
219000	-1711.3152131198015	-1560.0781923632762	-151.23702075652514	0.09416056473317282	0.1297216733908885	0.14916866924920888	0.002897215657848194
220000	-1714.6006013802462	-1563.5011261727002	-151.09947520754594	0.17612077638893764	0.08077666321935885	0.0884204790748522	8.500325898159856E-4
221000	-1710.3892620808867	-1560.561602833191	-149.8276592476957	0.1141324794889068	0.14487416282064072	0.13000363415970623	0.003344374458292178
222000	-1712.7628055669184	-1558.9240990669266	-153.83870649999182	0.09935123469864	0.04278673254971558	0.12103566845456552	0.0015749080288170083
223000	-1711.1854759741625	-1560.247791146588	-150.9376848275745	0.12846197544772045	0.11526299858516743	0.1273050857049718	0.004906105222014921
224000	-1710.718038611488	-1561.0947230539414	-149.62331555754668	0.10054709643474027	0.07956963163076369	0.10510509516538566	0.0013081819234226919
225000	-1711.2283638493059	-1559.615457615672	-151.6129062336339	0.16039443289772903	0.10753574686508927	0.17246402977676636	0.003123627457431349
226000	-1711.972002402223	-1560.315760027351	-151.65624237487202	0.05780205500195461	0.10946765234827095	0.13040788601391423	0.0021427914644474738
227000	-1713.6026985884766	-1563.0469040545295	-150.5557945339471	0.09391854554188594	0.07009927862605839	0.08183197312279955	4.395568046959154E-4
228000	-1712.0086741603468	-1562.6008515627443	-149.4078225976026	0.11119777965900267	0.10222929621068913	0.08510932015374878	0.0014089073952258536
229000	-1712.0983784824891	-1558.6747358411787	-153.4236426413103	0.08199019416887478	0.04908703983913272	0.14646064809554055	0.0015452370647206933
230000	-1712.25453983769	-1561.5748800118954	-150.6796598257944	0.07822742022597058	0.12231409193641223	0.08297276084885725	0.002318830473866673
231000	-1710.4565299314959	-1559.4886802440856	-150.96784968741028	0.10258678235058435	0.09407932331700443	0.1412136695503683	0.0033146990550623812
232000	-1710.2103305156597	-1559.3612733719522	-150.84905714370745	0.10258281359586671	0.0760366843082012	0.1346680168013817	0.002327413310086074
233000	-1714.323775594281	-1563.264661379174	-151.05911421510694	0.06867475698919749	0.08696587873671922	0.07717013203569015	2.844809299422683E-4
234000	-1714.8627536924832	-1560.9483107882954	-153.9144429041879	0.13752751436281085	0.07392221745165539	0.17231661238432835	9.642134269104813E-4
235000	-1711.295081484747	-1562.4473188892728	-148.8477625954742	0.150298152508272	0.1177571719180058	0.13502624354123638	7.500082339941301E-4
236000	-1713.4885162601017	-1559.4024855573582	-154.08603070274364	0.13419223883843692	0.049485670588186294	0.10963218496344898	0.0049231165159277146
237000	-1712.6912737628095	-1560.5507016265547	-152.1405721362549	0.13383377943100147	0.14722191576957705	0.13641553642836687	0.003676027997383508
238000	-1709.7677450248802	-1559.2284952618575	-150.53924976302287	0.12672802314031975	0.0797289220418902	0.13474244948357963	0.003662802109017475
239000	-1710.7308633177236	-1562.0775120592339	-148.65335125848958	0.11348573634143667	0.11291990304021489	0.1468930381186866	6.393118912941113E-4
240000	-1710.6598468200286	-1560.5826736479262	-150.07717317210248	0.09683687037629994	0.12745323830087096	0.1237424648071944	0.004042182576537662
241000	-1710.4653405254417	-1560.3841063772384	-150.08123414820332	0.11466476055372485	0.11347612528547876	0.1223469954500375	0.004736735829666982
242000	-1714.6477722421814	-1561.474428325534	-153.17334391664733	0.07012492634734782	0.11232598561312444	0.07909667071716642	0.0024674042630578705
243000	-1714.5212478585952	-1564.2868096051143	-150.2344382534809	0.1229075189232209	0.16205016874943418	0.07480541134923355	1.7157779341134597E-4
244000	-1710.210554211545	-1560.7407436237245	-149.46981058782052	0.08322485808658144	0.10419753319879262	0.12639689745415722	0.0012098303405392436
245000	-1715.6033797998039	-1561.4254204024078	-154.17795939739608	0.12486270132880667	0.09250163246854254	0.09406930724470162	0.00501243090421891
246000	-1710.967108982858	-1562.1123769535502	-148.85473202930785	0.10891611122212932	0.10557039395945571	0.09743935146725027	0.001228666186902715
247000	-1711.8368154353666	-1560.419596868236	-151.41721856713053	0.10791980700100942	0.10366035058067592	0.12522774267621498	0.0020724677280487677
248000	-1711.3780246470099	-1558.1133176012654	-153.2647070457444	0.12017042175292794	0.054268374786200245	0.1674191712535968	0.0025830919679526235
249000	-1713.1700559430012	-1559.0371801289696	-154.1328758140316	0.11571168667004955	0.04281667732297741	0.11018576463000684	0.0020678128749874293
250000	-1711.5242544472153	-1561.089830922986	-150.43442352422917	0.1357630672180199	0.08639310605392216	0.09956474376731841	0.003721170840849818
251000	-1710.8054014313423	-1558.915791361495	-151.88961006984727	0.14692623574512081	0.07445163563721413	0.14055742212708872	0.004942122171735555
252000	-1712.508194625086	-1560.4972026931423	-152.01099193194358	0.05282322933584839	0.0866194157145769	0.12239285042815246	7.87676566565938E-4
253000	-1713.3351276906983	-1562.3929273662661	-150.94220032443206	0.07379445910457394	0.17818082892856416	0.09619838009685512	6.835077636428376E-4
254000	-1712.9075868764746	-1560.1033266036893	-152.8042602727854	0.11169203571398059	0.06944466116180753	0.12695499208475194	0.001591943048395483
255000	-1709.7949606900338	-1559.6421512734073	-150.15280941662652	0.08416646635107566	0.09483415117598751	0.13778793574590967	0.0025134814923693837
256000	-1712.0491054506747	-1559.8690678182193	-152.18003763245548	0.09183057359756121	0.1047243595996289	0.21176955873200867	0.0021319870036699486
257000	-1711.168429388122	-1561.9084424978455	-149.25998689027637	0.13678385571146134	0.13313232022744032	0.1534938101440704	9.394369965752475E-4
258000	-1709.9868898650752	-1560.3977924561864	-149.58909740888873	0.09332838151906067	0.11440712888924032	0.11559446775643681	0.002622179454960957
259000	-1710.9214641646076	-1559.5905086599753	-151.33095550463227	0.07518014949016084	0.08569458393470958	0.13790866105253297	0.0018643957506941865
260000	-1710.9310561073132	-1559.8590539493046	-151.0720021580087	0.08570692252452448	0.07244745861465675	0.10578104772859089	0.0020639548107491564
261000	-1712.3993745881862	-1561.4635928784128	-150.93578170977352	0.09781277172887748	0.08687284990120477	0.14587922381751586	7.133268226190265E-4
262000	-1712.6816801473703	-1560.3052592911822	-152.37642085618805	0.09858465198430957	0.05854795334764917	0.12401045034390148	0.0011186123126516448
263000	-1713.9877847031016	-1562.8550297432716	-151.1327549598301	0.13662264437133056	0.13080819405142743	0.11172434693740284	7.710589091613313E-4
264000	-1710.8467684828738	-1559.3397823823057	-151.50698610056824	0.08570199216676061	0.07843981308207909	0.14507381755934795	0.0033466530615922562
265000	-1711.768936657094	-1560.3222939546242	-151.44664270246966	0.09173076477210286	0.13778171490534574	0.13494063176167886	0.0027774381046836594
266000	-1711.1313751653772	-1560.3389928148474	-150.7923823505299	0.06265716315670064	0.11726053481685855	0.11229583059392442	0.0016765291903936305
267000	-1712.3868844117328	-1562.7598396511078	-149.62704476062498	0.16603802051743058	0.09691892355791386	0.1390885512860311	4.77125949380733E-4
268000	-1710.8855183567714	-1560.4034885401384	-150.48202981663306	0.08056650218283393	0.14530600954563394	0.1383272877218505	0.0020027747030814352
269000	-1714.2915879688128	-1557.972274420361	-156.31931354845185	0.08071785491828906	0.03579294219992019	0.11033622692309936	0.002235398681555108
270000	-1711.6322294229442	-1559.575735970349	-152.05649345259522	0.09477032005790265	0.08025482281804237	0.1198417838514035	0.0027378837701710758
271000	-1711.6201577598338	-1561.2957486013195	-150.32440915851421	0.13993366275626837	0.1315640582375931	0.11081580168965459	0.004537660103380651
272000	-1712.425017493882	-1561.2817731235682	-151.14324437031374	0.06699080868075297	0.07503397715757917	0.12733809891864967	5.715093809354516E-4
273000	-1710.5502711724346	-1561.0314952722467	-149.51877590018793	0.09290097297129503	0.08845627904915465	0.11876548380724439	0.0010968480780154852
274000	-1711.8711479169478	-1562.440279202722	-149.43086871422577	0.13573183834565286	0.14431401104498004	0.10642114764242802	0.0016276159258755397
275000	-1713.8576323587151	-1559.1102161452145	-154.74741621350068	0.07272312108733796	0.06286867304940348	0.20377680054002684	0.0019683400580804153
276000	-1718.2737322805615	-1562.967129143736	-155.30660313682546	0.05337345993023491	0.10225582917210722	0.051070452795819926	0.0018904875966867744
277000	-1710.1043506813214	-1560.1089493023374	-149.99540137898407	0.14107317975519837	0.0869809182497399	0.1413098629045643	0.0021856363204491975
278000	-1709.565366240147	-1559.9412170758897	-149.62414916425712	0.10315389826131653	0.11629157222402403	0.14935030501521837	0.002494382800766849
279000	-1712.1354926135728	-1561.2856532288722	-150.84983938470063	0.1780001740210809	0.09629134789454011	0.16040472597817812	0.0013071219271935594
280000	-1713.100492525879	-1562.090472682151	-151.010019843728	0.1679494106721188	0.07694394143774724	0.16462925903508127	5.783124030996394E-4
281000	-1711.222980290411	-1558.5306961458773	-152.69228414453372	0.10905495628311487	0.05764936525858417	0.16868565616070216	0.0021216229664105064
282000	-1712.804833226349	-1560.1100206856554	-152.69481254069368	0.13290218369227974	0.1636496602817943	0.18449194758290807	0.00423045712307776
283000	-1711.454221525492	-1560.9523144931845	-150.50190703230743	0.1101363479195222	0.06711283546094389	0.09831915984781703	0.0015803643566701603
284000	-1711.7117672593636	-1563.5195662926867	-148.19220096667678	0.11387521652227257	0.10206885341590623	0.10941146313828758	1.7135718299695694E-4
285000	-1713.6131320030504	-1562.2634430696285	-151.349688933422	0.16265916747843623	0.17757271465800475	0.1214529060735895	0.0023010476637275626
286000	-1712.8487311232311	-1560.45601828442	-152.39271283881112	0.0801980350574594	0.11941269703133445	0.17429775022585028	0.001278386119147742
287000	-1710.5575610982487	-1558.9191530013175	-151.63840809693113	0.1391907426168027	0.06416082723802909	0.13822361988046858	0.0029958485190672763
288000	-1712.3418342919515	-1561.7343059149093	-150.60752837704212	0.16631589770604358	0.1235225085630836	0.11979525625769616	0.002421985835785615
289000	-1710.3434937337902	-1560.6861745883898	-149.6573191454005	0.11383243620810905	0.11047312010875313	0.16118563268418584	0.001406500149476564
290000	-1711.8235359711073	-1560.1032581447803	-151.72027782632705	0.15069615922441978	0.10844209359984472	0.12965622966833631	0.005204885089121627
291000	-1712.0587754414223	-1559.9751068069327	-152.0836686344896	0.05533341576558754	0.09126880090223484	0.11562336523110352	0.0018438113037477911
292000	-1711.4390656507028	-1560.574316337548	-150.8647493131548	0.07755063139330667	0.09089589313463867	0.09407753567755997	0.001999941113867063
293000	-1709.542394429202	-1559.3144199806752	-150.22797444852665	0.10613085306183084	0.08010205711417566	0.137575207579849	0.002634107296064923
294000	-1710.3897309188374	-1559.7440038137322	-150.64572710510504	0.07997221657860938	0.10211540163538188	0.15597075028499577	0.002120925967372733
295000	-1713.1100892540483	-1559.432359944985	-153.67772930906344	0.08896731311303205	0.09213019768077071	0.17138929484051862	0.002406238985397923
296000	-1710.3125184882333	-1560.1564360108562	-150.15608247737723	0.12020886112033652	0.12402632935644291	0.14660797569478048	0.0026889745194564624
297000	-1712.5332039683851	-1559.7470312237429	-152.78617274464236	0.07805559486610227	0.0669181059965187	0.10118045597349644	0.0031233115593283377
298000	-1711.988031366642	-1561.1024966043367	-150.8855347623053	0.09518983903731726	0.13728647551250567	0.14930274199342272	0.005041384457134995
299000	-1710.7639254592088	-1560.3451464353002	-150.41877902390874	0.11732503081462937	0.07371383175613959	0.1032183962642313	0.0027396945648348408
300000	-1712.4756045961003	-1561.6347099538118	-150.84089464228842	0.07814677360853434	0.06780083903977091	0.13977508450511905	4.7030797922152493E-4
301000	-1712.7534385083047	-1559.5005016010468	-153.25293690725786	0.15958581155947438	0.06926372701772901	0.12350361380193027	0.005627343682948735
302000	-1711.6741751476652	-1559.5734823619134	-152.1006927857517	0.08242339328694033	0.059776538921330474	0.1431001430867984	0.0012398039009640371
303000	-1713.0236468008475	-1558.2144819036062	-154.80916489724126	0.09487837899005579	0.04833901950346937	0.15524580410908195	0.0038858021317909877
304000	-1711.2917049863204	-1558.9616012012953	-152.33010378502502	0.14702155330788289	0.09532935353502452	0.18111415281722526	0.003758836047001956
305000	-1710.859836559067	-1560.3410744567454	-150.51876210232152	0.091364162300714	0.09848433102688671	0.12114629643964205	0.004278285077941237
306000	-1713.3027044108896	-1558.5482964221328	-154.75440798875684	0.06898200378342122	0.04670647045763524	0.11547965238450454	0.002488478234279173
307000	-1710.1097712369683	-1559.002465876554	-151.10730536041441	0.12919821118706035	0.07907154003870973	0.1421212008544803	0.004164691761136341
308000	-1711.2266654632592	-1560.5616094193815	-150.66505604387774	0.07193855528036719	0.12325634115094074	0.14444336233033653	0.001185274985591605
309000	-1712.9318716906205	-1560.107148451662	-152.82472323895854	0.053588017322852864	0.08582741757061685	0.16618491868849475	9.706235887582799E-4
310000	-1711.8419254191394	-1562.485431617367	-149.3564938017724	0.07723946544563844	0.10032612136346444	0.09600071387802657	5.019086445759316E-4
311000	-1711.1297541514004	-1558.8650064019946	-152.26474774940579	0.09870033524294981	0.06310603767126864	0.16972837130006693	0.0019152451633723522
312000	-1712.4160418270756	-1561.4248290053902	-150.99121282168542	0.06960123178360295	0.1059004722630061	0.08094339281020392	0.0014551394786339337
313000	-1711.010872176971	-1558.584577729237	-152.42629444773382	0.10399155208705817	0.05673589499574032	0.12798682128281133	0.003066980768928247
314000	-1713.8232285667298	-1562.1218440213986	-151.70138454533122	0.05899865015256452	0.10450143802807182	0.07859235394778791	6.279187371723936E-4
315000	-1710.556969398508	-1560.5278075063084	-150.02916189219957	0.08279624827317886	0.08675870960285982	0.11922248023404042	0.0012546792414728444
316000	-1711.2198668870385	-1559.008476796234	-152.2113900908045	0.08907516678969735	0.06146610342523331	0.11746281276692605	0.0027721015749681507
317000	-1711.8779520526755	-1560.7895988714768	-151.08835318119873	0.08301731092641715	0.06369774496649223	0.10393520232657756	0.0010010259781654924
318000	-1711.752117053784	-1559.4081193118325	-152.34399774195154	0.06291783340318746	0.07563978433024089	0.14821584559795573	0.0018296981500338608
319000	-1711.0703592316077	-1560.4681542057315	-150.60220502587626	0.07125509868232763	0.12285120981904728	0.12817561923688053	0.0027956089300738268
320000	-1716.0438831134386	-1562.2163385812016	-153.82754453223703	0.05866619149647451	0.113162961172292	0.11731132138452596	3.5524328390972433E-4
321000	-1712.4803366148826	-1559.7230979808905	-152.7572386339921	0.15434870278590027	0.0638262524649923	0.13660282083434439	0.0021317459794682387
322000	-1712.4998321372204	-1558.9245445758381	-153.57528756138225	0.07236105578446646	0.06266209569171474	0.16915598072796414	0.0023778058119171635
323000	-1710.7110036716385	-1560.4558675453404	-150.25513612629805	0.07227513364999918	0.1181306257424363	0.10878366805413721	0.002077621992534525
324000	-1710.6355368630802	-1559.4391497364227	-151.19638712665747	0.11035727076390857	0.08085254860707186	0.12643929249033029	0.0039584014308732835
325000	-1711.2328403178979	-1561.2105586387966	-150.02228167910138	0.0892692390156084	0.07367441391077179	0.1400985836639849	7.039629023466998E-4
326000	-1711.7363750149923	-1559.5281496853138	-152.20822532967858	0.06326221740942703	0.07231053862134568	0.11562721560459913	0.002222975424314705
327000	-1710.1350126471261	-1559.5802780857355	-150.5547345613907	0.11798348824233812	0.08274083697732419	0.123579876577789	0.004164944013571022
328000	-1712.0628128204276	-1561.348598683418	-150.71421413700946	0.09151801734914285	0.14567976706554822	0.09876536985406643	0.002786359699031174
329000	-1710.1742908770739	-1559.6686515548924	-150.50563932218137	0.10696482801436857	0.07451475567256731	0.1569791702144443	0.0016368280540421346
330000	-1714.4708122357717	-1558.729937128477	-155.74087510729467	0.05536167090640932	0.04421909146366478	0.12134411694163906	0.0012445268204291878
331000	-1710.971187433543	-1559.6990403124635	-151.27214712107963	0.1307249697469087	0.060759876109389994	0.12515380745185442	0.0020217450394290136
332000	-1713.374398107433	-1559.1613009360465	-154.21309717138666	0.17192198794102562	0.0634805632561356	0.15095203420747014	0.00841706399065518
333000	-1710.206743416232	-1559.6081925374644	-150.59855087876758	0.13521210660075697	0.07596367545632389	0.12414411576872864	0.0032991121508229343
334000	-1710.0702786738643	-1559.4525485102445	-150.61773016361985	0.08719669465426474	0.0793986656567144	0.14442323284042727	0.0018901273556231081
335000	-1711.3454383469104	-1558.9944539785608	-152.35098436834966	0.15686664003640746	0.06171923971487669	0.13145113430570685	0.0036505959115352114
336000	-1712.4937752341518	-1558.4964271256913	-153.9973481084606	0.08545655438092607	0.05540168246119446	0.1875220532368742	0.002030153259546632
337000	-1709.9916110345616	-1560.7567348043115	-149.2348762302502	0.10792892853470908	0.09160844773372898	0.13645754919801267	0.0012951877692483477
338000	-1710.6291784280343	-1559.245961034067	-151.38321739396733	0.09998042551143958	0.0864334677694243	0.1610744168382284	0.002525650574382762
339000	-1712.122305125804	-1559.4904836054375	-152.6318215203665	0.05877429465770059	0.07624369240229664	0.1434319708795138	0.0016271049614726865
340000	-1712.9292588492385	-1558.7698797889027	-154.15937906033585	0.08787072029714645	0.04536140748377287	0.10256406550253033	0.0026333363117139394
341000	-1710.8034019864704	-1559.6464032988067	-151.15699868766367	0.0793334217967902	0.08663256522287932	0.13803274331087026	0.003049656498477693
342000	-1710.7266365156768	-1558.5134257263944	-152.21321078928233	0.13932661576961586	0.06386789152195171	0.1439664503925067	0.003858314180310696
343000	-1712.4332125646833	-1561.3657925066982	-151.06742005798526	0.12572055598495355	0.06459719464060024	0.14824891335692802	7.269057228324363E-4
344000	-1712.4293204888413	-1558.6102239439651	-153.8190965448761	0.0706575139139531	0.05497006123426868	0.16140617640417498	0.001979612167068422
345000	-1713.9429812662697	-1562.3010482029797	-151.64193306329014	0.07563521220291346	0.09065969814915117	0.12801248454696443	0.005465576386240646
346000	-1709.4888624675605	-1560.1792729924816	-149.30958947507884	0.11407797562536068	0.09986416848791804	0.13999585501060907	0.0020165415117125393
347000	-1709.9543364553558	-1559.043265200734	-150.91107125462187	0.12623863154447335	0.08744503583306666	0.1553225034974117	0.003728462951122707
348000	-1713.5220395252338	-1558.6938660489775	-154.82817347625635	0.1233186047017448	0.04127690733861413	0.14617602006972746	0.0015792502322851134
349000	-1709.6052337738306	-1559.0970302279934	-150.50820354583726	0.11939913407885319	0.08206160516101464	0.1464840889586475	0.003268067087877244
350000	-1713.4533205753064	-1561.5507510602658	-151.90256951504065	0.10778820395255524	0.12068734602538206	0.17679692773895536	0.0068940625369385685
351000	-1714.6667428543121	-1562.545359744899	-152.12138310941305	0.1396851887914401	0.163397220899933	0.10556308905764634	0.002015226520978732
352000	-1711.5055967589349	-1560.2864754484738	-151.2191213104612	0.09349412809208568	0.07795684844419369	0.10724142840607678	0.0018214908643335152
353000	-1710.5946782491205	-1560.9413477449657	-149.65333050415478	0.11102868490838846	0.10418644191989457	0.11693029120792167	0.0017716995765799258
354000	-1711.195591374327	-1562.1361759201102	-149.05941545421683	0.15359943707644966	0.11444593700304553	0.13224729040127547	0.0010279615590611437
355000	-1711.5328330191553	-1560.5372176885626	-150.99561533059264	0.06871442538086428	0.0882288624425579	0.09151316103986251	0.0016622409788012455
356000	-1712.8127808964146	-1560.0440350847007	-152.7687458117139	0.17025510056185225	0.08162327573178207	0.12187387486385318	0.006720982994222233
357000	-1711.2519418602517	-1558.3544162634817	-152.8975255967701	0.10150124035395985	0.05714939190407567	0.14507672988995207	0.00278837790920281
358000	-1711.9121774645103	-1563.1104988796817	-148.80167858482858	0.10406949128179066	0.09750405228426048	0.09443249721194066	4.425760170701453E-4
359000	-1710.9562768471042	-1559.553738736534	-151.4025381105704	0.11525046745671003	0.10617353958201048	0.18293131301822887	0.004504000782442422
360000	-1713.1817289793485	-1560.1245489446803	-153.05718003466805	0.1161904875080161	0.0491606941655547	0.12796858526240915	0.0011370997881634422
361000	-1711.8386442256578	-1559.5940607871878	-152.24458343846996	0.1010339095239161	0.08738432220856729	0.12962584462216548	0.0038711939772041286
362000	-1709.5346539506802	-1559.8890476579018	-149.64560629277835	0.0927134233101481	0.10562992802159138	0.13430059643100822	0.0025172787962800106
363000	-1713.4659056558794	-1560.0836910156472	-153.38221464023218	0.044323657635766844	0.09902524164205324	0.13634123423430394	0.0010788224356783436
364000	-1714.2529524036067	-1558.7744078868243	-155.4785445167824	0.06397264116896878	0.056048932423779604	0.14903885718915372	0.001893271145050134
365000	-1710.1593872136664	-1560.5780326830331	-149.5813545306332	0.10624086921274783	0.13210171261697393	0.134076670150932	0.0021283494742522866
366000	-1710.8912513093546	-1560.9104009823623	-149.98085032699228	0.10010221136347688	0.12890495660846066	0.17404861696344806	0.0011896788439732101
367000	-1711.3501909210768	-1559.5442068363805	-151.8059840846962	0.13517420910502045	0.08599960925323663	0.15982689148567295	0.00705933776561878
368000	-1710.3861060669885	-1558.7604084272937	-151.62569763969483	0.12173052261332658	0.06190921471715901	0.1338834597130815	0.003038110023592093
369000	-1711.7398388954769	-1558.1993580621056	-153.5404808333712	0.08978098268689776	0.05254387963455786	0.1540236201316208	0.0024469767787619425
370000	-1710.8393485247288	-1561.497604192055	-149.3417443326738	0.10170994759141441	0.09082410661422859	0.10312576989149994	0.001235075933938623
371000	-1712.152998058378	-1560.9580083578774	-151.1949897005006	0.07979678419176682	0.1275781273708052	0.13750023882785106	0.0010731420253486453
372000	-1712.8370455424433	-1561.3063020661539	-151.53074347628942	0.055698714141953695	0.0834177466616225	0.10818689483305714	5.63305601919632E-4
373000	-1711.2025662681663	-1559.776565505667	-151.42600076249937	0.14232585535143755	0.07397277175244718	0.11734534964748657	0.005310348260919048
374000	-1710.285136185143	-1558.9487929506045	-151.33634323453856	0.14164069583841968	0.07860798734593856	0.14510815815215394	0.004085262755564972
375000	-1711.1599918978607	-1558.5947106607155	-152.56528123714523	0.14169567498825855	0.06963844276141856	0.16044187832145945	0.005912006825422377
376000	-1711.5252120750965	-1559.8844724590126	-151.64073961608395	0.08988324407460263	0.09670418290624512	0.17710570767657144	0.0037443294686354055
377000	-1712.0637702013012	-1560.972291429975	-151.0914787713261	0.10728206123696904	0.06803454479906525	0.08782489511978081	0.002393892757446126
378000	-1711.5102392068125	-1561.4006453268764	-150.10959387993609	0.13535960407082664	0.09003989143556734	0.13764936675425615	0.001098139934468756
379000	-1711.4837001825993	-1558.8556416058402	-152.62805857675903	0.12084926130125392	0.08222489376051627	0.1796594805610269	0.004576924043214838
380000	-1711.4142890727308	-1560.9948991030997	-150.41938996963103	0.11594259924277858	0.08113608666698778	0.0977980710028265	0.0023367405636345734
381000	-1712.019991343825	-1559.852784343582	-152.16720700024294	0.09747346137643766	0.06401020111020445	0.1297787657280517	0.005413052202383446
382000	-1712.2405879507146	-1561.0895705989624	-151.15101735175224	0.10620102934910941	0.11029429365602726	0.09904225768071488	0.003372420308407908
383000	-1714.2849888898077	-1563.0515854635742	-151.23340342623348	0.08001042898914028	0.1051104601987839	0.09847970113257447	0.006155736183412879
384000	-1712.13083015762	-1560.4203549330834	-151.71047522453648	0.10649884537377301	0.06757956731354253	0.0934645986380672	0.003969458691785473
385000	-1711.656323022442	-1560.8887898402604	-150.76753318218152	0.12126043438289803	0.15573187572821087	0.1390395368210168	0.002257856785041038
386000	-1710.522552720302	-1561.3830857627954	-149.13946695750658	0.10089327677148845	0.10943172729141092	0.10078767507912824	0.0017422696219923884
387000	-1710.3949312400434	-1560.1054162001954	-150.28951503984803	0.07382707639911892	0.11318494981390712	0.12691568615951496	0.002150558594428616
388000	-1711.1006235745479	-1559.7159826973955	-151.38464087715238	0.08687287638357635	0.0705900016584276	0.1117869700035146	0.0019491295665805747
389000	-1712.9935811043813	-1558.2096902202688	-154.78389088411248	0.15549201569557464	0.07615133518189476	0.19327918945307432	0.005325061449970678
390000	-1711.859417252897	-1562.7571787962984	-149.10223845659854	0.09362261896347784	0.10818421485464655	0.0984374578818583	5.307277444734306E-4
391000	-1713.0325738442773	-1559.0664127715543	-153.966161072723	0.08951599238636754	0.06322091273729168	0.11772253507856022	0.0027869761690466175
392000	-1717.8568700213289	-1557.0509013931523	-160.80596862817654	0.15322734227199483	0.027815640408686816	0.20946694701801413	0.0018006565323010328
393000	-1711.8477573944333	-1561.3292332106785	-150.51852418375472	0.07848112715627086	0.11592357539623036	0.0860088267328467	0.0025576368470252527
394000	-1710.151513795356	-1559.8891050139089	-150.2624087814473	0.10518535900465277	0.11956064833745372	0.15213749234570983	0.00369899276900713
395000	-1710.294534679507	-1560.300917375368	-149.9936173041389	0.11784842042644608	0.08793760320627934	0.1291026215429966	0.001917289254606269
396000	-1717.4319889305618	-1559.6290445554068	-157.80294437515505	0.0786604270767951	0.03848061256555662	0.09573814971164409	0.001131143442246326
397000	-1712.346119720658	-1560.1021384751687	-152.24398124548935	0.1205305803949286	0.08822907508619075	0.113700665057654	0.003718610716850651
398000	-1716.3528120822177	-1561.6395900813363	-154.71322200088136	0.09769634709633014	0.04541825326632443	0.06854659902118666	0.0017052918967650095
399000	-1714.1535269007752	-1559.6412505544736	-154.5122763463016	0.08655776588835505	0.07413005690511615	0.11303280127533719	0.002215380854988415
400000	-1715.1479889365373	-1561.6601387933738	-153.4878501431635	0.09133819613441464	0.051252424335234824	0.07260319252668182	0.001263669730769217
401000	-1710.3766494802696	-1559.7239526431288	-150.65269683714095	0.13481566296157635	0.09199296732212452	0.1302466742144942	0.0037853999864734572
402000	-1711.2541988217522	-1560.3502991991395	-150.90389962261276	0.08223770451765283	0.08294037236870794	0.12382081681659558	0.0012645418752283808
403000	-1712.0509983850527	-1561.9196989804905	-150.13129940456233	0.1203652996300723	0.10905576025816764	0.09036556494056117	0.0043289951124311585
404000	-1710.6368701506842	-1560.9472237896464	-149.68964636103786	0.11961984510860633	0.10033693079242105	0.10444292671179588	0.0029396505954138166
405000	-1711.0773147104048	-1560.6436140220665	-150.4337006883384	0.07553616480388903	0.1159365277731484	0.13482595055397545	0.0011794160808388857
406000	-1711.084068820438	-1561.4651307232216	-149.6189380972163	0.08636245642152963	0.12018551493413851	0.0921561029895878	0.0017789617035494656
407000	-1713.064326939759	-1560.4208764206196	-152.6434505191393	0.0904599991610917	0.0509071844107121	0.09941533124680751	0.0011456257913375137
408000	-1710.845953465267	-1562.4400735828608	-148.40587988240628	0.1055107970996211	0.11624464165026648	0.11490239011443133	6.448565419342048E-4
409000	-1710.1846788450653	-1559.4014152044256	-150.78326364063957	0.09896017752371757	0.08231721539336496	0.15934591029393247	0.0020301223739413524
410000	-1710.6454077385233	-1560.2580834365087	-150.3873243020145	0.08896363901435668	0.07381914314077838	0.1109195645552458	0.0015132090986977246
411000	-1711.424649895759	-1561.7761278518497	-149.64852204390957	0.07579507885085525	0.14493233633659353	0.11975131751190478	7.270652972893855E-4
412000	-1713.4320096741553	-1561.7366546325943	-151.69535504156102	0.1097916732837635	0.11598569799773314	0.09416825317228018	0.005097313317184694
413000	-1710.9940170265206	-1559.8839297933291	-151.11008723319145	0.1449347003277978	0.09293170412446647	0.14195300989824083	0.0027836750548633064
414000	-1711.8026917955096	-1557.903965925437	-153.8987258700727	0.11317971071801672	0.045350103298166446	0.13694580873417816	0.003554837979039592
415000	-1711.3916366050225	-1559.4808098829412	-151.91082672208137	0.10324729100232206	0.06607637824078967	0.12004185773579402	0.0021646978929673114
416000	-1712.2231840224983	-1559.3778341885393	-152.84534983395906	0.06823772005934245	0.06621512765644393	0.10908711904686774	0.002154371616628512
417000	-1711.0628658756023	-1560.1672933126379	-150.89557256296445	0.07873200671883654	0.06850954453804765	0.12477478120612384	0.0011210102238008298
418000	-1710.5688550118807	-1560.7781959824736	-149.79065902940718	0.08514092291815664	0.08946332032449408	0.1343217343734866	0.0010126374239784806
419000	-1711.0958249323226	-1560.2249777518712	-150.87084718045134	0.0632494356482812	0.11682240380807674	0.12099673867225422	0.0018715845374937929
420000	-1711.7354157989682	-1560.3969960810364	-151.3384197179318	0.08685287065950355	0.07875886690051814	0.11314032320348558	0.0014053045242273853
421000	-1713.2942318678108	-1557.9111816081486	-155.3830502596622	0.10718060260405388	0.042919608690154244	0.16648361610085533	0.00441329804697321
422000	-1711.5373127306234	-1561.0324326875875	-150.50488004303597	0.12148730481500127	0.14447318226729422	0.1428870178224613	0.0017750850418029001
423000	-1710.883217690863	-1559.4588632916311	-151.42435439923187	0.07601974288963584	0.08281848505268516	0.13566015265112444	0.0021864791956727574
424000	-1710.5412937677754	-1558.7251396593153	-151.81615410846	0.10426355485066618	0.07280618568396764	0.16056800807939386	0.003224345661341161
425000	-1711.1616874546132	-1561.3503096494849	-149.81137780512844	0.11937405416366675	0.09016128578425553	0.09511160018235422	0.002637032597062494
426000	-1710.242081571608	-1559.135523922754	-151.106557648854	0.10958189402214688	0.07024973179600341	0.12714074049962848	0.0040872374581607685
427000	-1710.5657139381212	-1560.827820222632	-149.7378937154892	0.08196137949294377	0.09674742394283402	0.12639967984128195	0.0010656428473282374
428000	-1714.555590610417	-1561.5761243589918	-152.97946625142532	0.15642756656246964	0.05946790073467059	0.1394019299914483	7.45286345398469E-4
429000	-1712.5512977289275	-1560.7789642222385	-151.77233350668894	0.08854991336530739	0.11555053088672086	0.11668914623505552	0.0015880481386096102
430000	-1710.2357083014404	-1560.3355784645237	-149.9001298369168	0.10730001067660334	0.10639565875073939	0.1154189484824124	0.00327501750664751
431000	-1710.5986199584108	-1560.7686508592155	-149.8299690991952	0.09489619356439731	0.1314159756264129	0.1277374286230195	0.001706045928097738
432000	-1710.5584940147062	-1558.6962041319118	-151.86228988279436	0.11947373970748856	0.06452722696205775	0.13552929995995883	0.0036369000185907294
433000	-1713.169659954699	-1558.0923276501808	-155.0773323045182	0.11951663895190616	0.054798418569376124	0.2070656814968779	0.0024923745056652695
434000	-1713.8096429286156	-1561.4584225875637	-152.35122034105189	0.1318124149240544	0.051340465860813034	0.10869086619553323	8.639483096047653E-4
435000	-1711.417663056292	-1559.3664607077917	-152.0512023485003	0.1580701383621221	0.09049031907109155	0.19122683895420606	0.0025893031665309204
436000	-1711.1847162574684	-1560.3008582967798	-150.88385796068857	0.1432706969682314	0.1306233625689943	0.17370615239256443	0.0023619690563896414
437000	-1711.1209717795841	-1559.4112627258278	-151.7097090537564	0.0955490702199641	0.07047305135341299	0.11913238006140887	0.002401921045174436
438000	-1713.1886400022113	-1561.293441921141	-151.89519808107022	0.07519713431682218	0.0738093243446265	0.0932152134483221	9.017343249600664E-4
439000	-1711.872365066968	-1559.3057764348766	-152.56658863209157	0.08690245587085195	0.05055576462029027	0.11718316631665372	0.0014816613600016617
440000	-1710.0169642209955	-1559.0267603862344	-150.99020383476105	0.134326129020579	0.08248643643552632	0.14538168175786031	0.004588276076914143
441000	-1712.0303423673745	-1561.0116971991304	-151.01864516824412	0.06083319779345224	0.11422350762800351	0.1397422004103735	7.250234592508556E-4
442000	-1715.3158455971788	-1560.0638145796297	-155.25203101754911	0.040600449516159126	0.08921838746701855	0.10509007149910424	0.0012732917301305723
443000	-1711.9200934649214	-1560.1989665987069	-151.72112686621458	0.0632995826707562	0.10346745220861389	0.13621806288247895	0.002417167412839667
444000	-1712.7788129382777	-1558.7747538419312	-154.0040590963466	0.10738994140402193	0.04711160664900647	0.10920029477013812	0.0031037251744875445
445000	-1710.3324272483742	-1561.0357971554652	-149.29663009290908	0.10425013528405765	0.12066359030186116	0.10690909252469874	0.0023933308177676825
446000	-1711.472793261845	-1560.6714551501389	-150.8013381117062	0.0662401464035404	0.10008266166934311	0.15605680735677502	8.576826185238732E-4
447000	-1712.877033057936	-1562.1056899692571	-150.77134308867883	0.1078849652918664	0.11435885286138951	0.08665769667557878	0.0046117020292264265
448000	-1719.5202082784049	-1562.559658660171	-156.9605496182338	0.04972064998605597	0.09545434672986414	0.05363667497721942	8.088211443930142E-4
449000	-1709.6870800544432	-1559.5909484212893	-150.0961316331539	0.11075106582272697	0.10362527229245797	0.14716106553738362	0.0037653701957927437
450000	-1711.2727744656354	-1558.7047460390727	-152.56802842656276	0.08883292528051437	0.05468448544862427	0.12837142970596244	0.0021171659032073777
451000	-1712.722397971779	-1561.8732211984263	-150.84917677335258	0.09497937241966639	0.1963959628224455	0.1185144984646255	0.0011629574618393327
452000	-1711.4639051274962	-1560.6053482013435	-150.85855692615263	0.10099632411983102	0.08816373768766939	0.09981509923654952	0.004121571501258396
453000	-1710.1312198620865	-1560.127856222883	-150.00336363920334	0.08045583711986354	0.11628248544431408	0.13990056002061668	0.0018405057499889152
454000	-1712.9212369658726	-1560.7360522527465	-152.1851847131261	0.06500346980933774	0.08838523920337485	0.08246982987017966	0.002117962214684016
455000	-1710.0746646279445	-1559.9919481953352	-150.08271643260917	0.1398404207893669	0.11412847070703948	0.14766782011323587	0.0031101951166706424
456000	-1712.5161751444693	-1559.8370096374247	-152.6791655070447	0.05696079891979691	0.07760887610069066	0.13610716589821065	0.002226672725795226
457000	-1712.8584054799107	-1561.8999547903038	-150.95845068960705	0.09080969420055801	0.09736281735410839	0.10016326510064055	0.005908346181811573
458000	-1711.9520399633932	-1560.503194838727	-151.4488451246662	0.10553394136278223	0.10202580207906355	0.10991925229900963	0.0027983966422050195
459000	-1712.5722791757657	-1563.2884278719266	-149.2838513038392	0.1336844796343731	0.09804083473092133	0.1198218915093777	2.501704725752607E-4
460000	-1710.450999288522	-1559.105108057824	-151.34589123069802	0.09615861006765884	0.06481521241174515	0.12044541714114362	0.002673013383409422
461000	-1711.1364805283022	-1560.7535436813823	-150.3829368469198	0.11302193593425876	0.10905021327213461	0.1103803966671206	0.002789064676538185
462000	-1711.7490889494156	-1560.3296543622712	-151.41943458714434	0.12673673015998274	0.1249796100739146	0.12978281635280534	0.004713948560509665
463000	-1712.567873241327	-1558.8693714157032	-153.69850182562394	0.09321699363691097	0.054449211956470386	0.11334961556665907	0.0032323360696800375
464000	-1710.589671056871	-1559.100629340238	-151.48904171663327	0.08259948099384487	0.06769888004905143	0.12495319039152494	0.0027172762388115775
465000	-1711.567245988426	-1559.1540471734952	-152.4131988149309	0.1214292318825864	0.04997018645326692	0.12914127511137868	0.0018362503674425985
466000	-1711.2311084222094	-1561.1370035915331	-150.0941048306763	0.10716639727267666	0.08360926884858165	0.15846497353160324	8.501795572761334E-4
467000	-1710.5918270238428	-1561.3989948307403	-149.1928321931025	0.1373579837839316	0.1016301488657485	0.11395749398862094	0.0019254148358703249
468000	-1713.5383983590077	-1561.5443979124857	-151.99400044652208	0.1155723278751371	0.06551037636229193	0.08392274581428898	0.002102359443239838
469000	-1709.822863669846	-1559.4709230456365	-150.3519406242093	0.0881827980586112	0.08526915282132448	0.13200050664871646	0.0026597930098911536
470000	-1710.223553478675	-1559.8485995953956	-150.37495388327935	0.10475041668664754	0.06988985130800743	0.12577635498262416	0.001745052968982579
471000	-1710.7423557900206	-1559.6112376085593	-151.13111818146123	0.08459237204137915	0.0767277024289407	0.16265299156905308	0.0014932267708216262
472000	-1713.457756840331	-1559.8160807779154	-153.64167606241554	0.054224468506334667	0.07039168341589168	0.14302315165310397	0.00218770940791105
473000	-1711.5265887059534	-1558.978776086955	-152.5478126189984	0.07575788203968928	0.06541430246900104	0.13784410166979366	0.002604117236889102
474000	-1714.4157602975984	-1557.973985543769	-156.44177475382932	0.11527023116918893	0.047227325272127404	0.13789430158384236	0.003119359897097237
475000	-1710.4673889336073	-1559.926349941592	-150.54103899201516	0.12976787987559554	0.11916609863791451	0.1469883985277956	0.005326949355219278
476000	-1713.7327039830925	-1559.1570827859525	-154.5756211971401	0.16127746047313468	0.059129873742215594	0.16127051474745208	0.008428185475476026
477000	-1712.5315733073735	-1559.53143174124	-153.00014156613332	0.09641275788589679	0.09219791332943808	0.21032284025261916	0.0031325082562829545
478000	-1711.3626077041606	-1559.2073914766588	-152.15521622750182	0.08007091675861454	0.05793173295769378	0.12879797728298445	0.0015409335014264663
479000	-1712.0430398097776	-1560.708827756761	-151.33421205301664	0.10135017035934767	0.16289035850892072	0.1310615960901422	0.0035026040566673838
480000	-1715.7168981381253	-1561.7483352361805	-153.96856290194484	0.0783385262798418	0.05382694193758046	0.09255314521049933	5.735821421702075E-4
481000	-1710.95658551053	-1559.762794691791	-151.19379081873896	0.08397086025704383	0.07970455560564461	0.16611513623564916	0.0014074876462762023
482000	-1710.7886789054694	-1559.843212320947	-150.94546658452234	0.10398295633032359	0.06664197511399435	0.14028617061268303	0.0014465686215005091
483000	-1711.4390780767562	-1560.3015229532475	-151.13755512350875	0.10455505291247852	0.09609366518244407	0.11220111765123132	0.0027225597433844246
484000	-1710.1088265194091	-1559.9870048899036	-150.1218216295056	0.0843413250385444	0.09461964505276159	0.15621699891427027	0.00149996065727678
485000	-1712.7330401194035	-1560.9465392623795	-151.78650085702407	0.06397198073999438	0.13323798708299098	0.10421063210242407	0.0011855111884413142
486000	-1712.7438555698864	-1559.3839533176945	-153.35990225219183	0.06518278919985142	0.05850604013284938	0.09791994874438609	0.001933174136337031
487000	-1711.4049819570305	-1560.134538052782	-151.27044390424842	0.07133338259969385	0.09321372736790351	0.11225298028217495	0.0016489776349466877
488000	-1715.5653823094676	-1560.371786969943	-155.19359533952468	0.10809313429987753	0.04897816769650284	0.13535860614945128	0.006967608786254324
489000	-1713.543410589851	-1559.781732678515	-153.7616779113359	0.13601352615750523	0.049435078113487935	0.10091746362177641	0.003255030207683478
490000	-1712.8213123925404	-1561.273580775549	-151.54773161699146	0.15745990167767435	0.06776490954677553	0.13133076804580163	0.0011122719407114312
491000	-1710.826686006905	-1560.579858755618	-150.24682725128702	0.08888941121364659	0.08964909275362778	0.09547702836251971	0.002747363737726376
492000	-1712.7628319678192	-1560.5394009400295	-152.22343102778981	0.06713653454230208	0.16524372165240156	0.16693220280323356	0.001729156348148589
493000	-1710.6666950409847	-1558.9511741279641	-151.71552091302058	0.0928147761030719	0.05993841689042009	0.12113875630594728	0.0024345642500802006
494000	-1713.2515359197216	-1560.1364695665013	-153.11506635322024	0.11273340448809255	0.09771823366967518	0.21373585905069603	0.0015943507323287304
495000	-1712.2124314601315	-1559.5859706471501	-152.62646081298132	0.18072361853226152	0.09749823447688759	0.14060036668080939	0.006686186388559248
496000	-1713.3766294146062	-1561.9713137367585	-151.40531567784768	0.14259769979338102	0.1278198085995618	0.09971943603208902	0.005657577381063365
497000	-1711.161960186068	-1558.5185477789973	-152.6434124070706	0.12837857188355814	0.054575426922085495	0.1291724840625276	0.003903813070331206
498000	-1712.0884347928118	-1559.5233740127103	-152.56506078010142	0.11027852061836103	0.06057158696468578	0.11748928950090667	0.0052403760300866525
499000	-1713.0829472276928	-1561.3437219892228	-151.73922523846994	0.06832655011439666	0.09146914616832967	0.12637649758450525	0.004063224665516973
500000	-1711.9592764345743	-1559.9538198138139	-152.00545662076038	0.08112046995687956	0.09948124007390051	0.17880628236362733	0.0030759469879392196
