#
#model:
#
#<?xml version="1.0" encoding="UTF-8" standalone="no"?><input id="posterior" spec="beast.core.util.CompoundDistribution">
#    <distribution id="prior" spec="beast.core.util.CompoundDistribution">
#        <prior id="lambdaPrior.bfd" name="distribution">
#            <parameter id="lambda" lower="0.0" name="x" spec="beast.core.parameter.RealParameter">0.01</parameter>
#            <Gamma id="Gamma.0" name="distr">
#                <parameter estimate="false" id="RealParameter.1" name="alpha" spec="beast.core.parameter.RealParameter">2.0</parameter>
#                <parameter estimate="false" id="RealParameter.2" name="beta" spec="beast.core.parameter.RealParameter">200.0</parameter>
#            </Gamma>
#        </prior>
#        <distribution id="snapprior.bfd" lambda="@lambda" spec="snap.likelihood.SnAPPrior">
#            <parameter estimate="false" id="alpha" lower="0.0" name="alpha" spec="beast.core.parameter.RealParameter">11.75</parameter>
#            <parameter estimate="false" id="beta" lower="0.0" name="beta" spec="beast.core.parameter.RealParameter">109.73</parameter>
#            <parameter estimate="false" id="kappa" lower="0.0" name="kappa" spec="beast.core.parameter.RealParameter">1.0</parameter>
#            <parameter id="coalescenceRate" name="coalescenceRate" spec="beast.core.parameter.RealParameter">10.0</parameter>
#            <tree clusterType="upgma" id="Tree.bfd" nodetype="snap.NodeData" spec="beast.util.ClusterTree">
#                <taxa dataType="integerdata" id="snap.bfd" spec="snap.Data">
#                    <taxonset id="ant" spec="beast.evolution.alignment.TaxonSet">
#                        <taxon id="Carpish_B72761.Huanuco.Acomayo" spec="beast.evolution.alignment.Taxon"/>
#                        <taxon id="Carpish_B72772.Huanuco.Mitotambo" spec="beast.evolution.alignment.Taxon"/>
#                        <taxon id="Amotape_B67243.Tumbes.Amotape" spec="beast.evolution.alignment.Taxon"/>
#                        <taxon id="Amotape_B67257.Tumbes.Amotape" spec="beast.evolution.alignment.Taxon"/>
#                        <taxon id="Chavinillo_B72789.Huanuco.Chavinillo" spec="beast.evolution.alignment.Taxon"/>
#                        <taxon id="Chavinillo_B72792.Huanuco.Chavinillo" spec="beast.evolution.alignment.Taxon"/>
#                        <taxon id="Quichas_B72777.Lima.Quichas" spec="beast.evolution.alignment.Taxon"/>
#                        <taxon id="Quichas_B72778.Lima.Quichas" spec="beast.evolution.alignment.Taxon"/>
#                        <taxon id="Canchaque_B72873.Piura.Canchaque" spec="beast.evolution.alignment.Taxon"/>
#                        <taxon id="Canchaque_B72878.Piura.Canchaque" spec="beast.evolution.alignment.Taxon"/>
#                        <taxon id="Huamatanga_B72889.Lima.Huamatanga" spec="beast.evolution.alignment.Taxon"/>
#                        <taxon id="Huamatanga_B72892.Lima.Huamatanga" spec="beast.evolution.alignment.Taxon"/>
#                        <taxon id="Porculla_B72863.Piura.Porculla" spec="beast.evolution.alignment.Taxon"/>
#                        <taxon id="Porculla_B72866.Piura.Porculla" spec="beast.evolution.alignment.Taxon"/>
#                        <taxon id="LaQuinua_B72753.Pasco.LaQuinua" spec="beast.evolution.alignment.Taxon"/>
#                        <taxon id="LaQuinua_B72756.Pasco.LaQuinua" spec="beast.evolution.alignment.Taxon"/>
#                    </taxonset>
#                    <taxonset id="cur" spec="beast.evolution.alignment.TaxonSet">
#                        <taxon id="curtata_cra.cur.B6032" spec="beast.evolution.alignment.Taxon"/>
#                        <taxon id="curtata_cra.cur.B8175" spec="beast.evolution.alignment.Taxon"/>
#                    </taxonset>
#                </taxa>
#                <parameter id="RealParameter.0" lower="0.0" name="clock.rate" spec="beast.core.parameter.RealParameter" upper="0.0">1.0</parameter>
#            </tree>
#        </distribution>
#    </distribution>
#    <distribution id="likelihood" spec="beast.core.util.CompoundDistribution">
#        <distribution data="@snap.bfd" id="treeLikelihood.bfd" non-polymorphic="false" pattern="coalescenceRate" spec="snap.likelihood.SnAPTreeLikelihood" tree="@Tree.bfd">
#            <siteModel id="MutationSiteModel.bfd" spec="beast.evolution.sitemodel.SiteModel">
#                <parameter estimate="false" id="mutationRate" name="mutationRate" spec="beast.core.parameter.RealParameter">1.0</parameter>
#                <parameter estimate="false" id="shape" name="shape" spec="beast.core.parameter.RealParameter">2.0</parameter>
#                <parameter estimate="false" id="proportionInvariant" name="proportionInvariant" spec="beast.core.parameter.RealParameter">0.0</parameter>
#                <substModel coalescenceRate="@coalescenceRate" id="MutationModel" spec="snap.likelihood.SnapSubstitutionModel">
#                    <parameter estimate="false" id="u" lower="0.0" name="mutationRateU" spec="beast.core.parameter.RealParameter">1.0</parameter>
#                    <parameter id="v" lower="0.0" name="mutationRateV" spec="beast.core.parameter.RealParameter">1.0</parameter>
#                </substModel>
#            </siteModel>
#        </distribution>
#    </distribution>
#</input>
#
Sample	posterior	likelihood	prior	theta0	theta1	theta2	TreeHeightLogger
0	-1711.2389116561849	-1562.2451322163809	-148.99377943980411	0.13487183983750492	0.09883012867453242	0.10596886781615183	0.0011848684198682783
1000	-1711.1952314934242	-1560.548615565447	-150.64661592797705	0.08113183455362084	0.10211230069554547	0.10073279180055772	0.0022120985157170862
2000	-1710.9172594091513	-1559.8930947330823	-151.0241646760689	0.07392266626972485	0.07939858706023821	0.14819857296776576	0.0012528419175536472
3000	-1711.2114119458201	-1560.3868433510374	-150.82456859478265	0.08760245222340096	0.08044604985989125	0.09813486547756536	0.002076736626325071
4000	-1714.3035713221113	-1561.6683596407274	-152.635211681384	0.11763499113968641	0.07978027677698056	0.10402436043136379	0.007871334522918638
5000	-1711.9007131701221	-1561.8236689306912	-150.07704423943093	0.08159339187109317	0.13578770120384492	0.1052016776395254	9.208621320361963E-4
6000	-1713.8220120501474	-1559.6842616231738	-154.13775042697364	0.12815588748466758	0.04147837680474302	0.11024601251918667	0.0015732232950050036
7000	-1716.5344864719032	-1558.252309941733	-158.2821765301701	0.07616168663710329	0.03225824058689855	0.1047746749938358	0.003093842539262213
8000	-1713.5600268017263	-1559.1852370668523	-154.37478973487393	0.11195970587890226	0.07518693303849526	0.18224846390817392	0.005193273513484411
9000	-1711.7483518260292	-1561.6547968821674	-150.09355494386188	0.16307230601316997	0.08357029845106845	0.13433324597623186	0.0010968684420155168
10000	-1709.5697932380735	-1559.699931040379	-149.8698621976946	0.09641632100925182	0.09585272550425177	0.14441773636298375	0.002222869723337873
11000	-1712.8680324455738	-1559.4702017532948	-153.39783069227911	0.06729568776156065	0.07369825753466612	0.1200424447733492	0.0023162946292204865
12000	-1709.7785513938784	-1559.3793178508517	-150.39923354302672	0.10680958816032797	0.09847052007842794	0.16611315523379508	0.002951449859210846
13000	-1710.4055085658144	-1560.0211985198666	-150.38431004594779	0.08759305932947836	0.10726123775336016	0.1727085418257588	0.0016684483892121182
14000	-1712.487165475339	-1558.739273233409	-153.74789224193003	0.13873261777875642	0.0452085314111851	0.11957485752724974	0.0028434584823298185
15000	-1712.5384965528724	-1561.9178379078521	-150.6206586450202	0.12784029798481195	0.06225150140168887	0.13340908997516787	5.687853881053911E-4
16000	-1711.4578861333011	-1560.9296017757958	-150.5282843575052	0.16570599841287198	0.10501383378736333	0.15831837598936607	0.0016704499065143933
17000	-1710.9061534897492	-1560.3893455928196	-150.51680789692946	0.10485799029941074	0.08939155802479468	0.11632834416933287	0.0019814571387186952
18000	-1710.8716849741031	-1561.2013256892442	-149.67035928485902	0.09325735685346186	0.08917318366742803	0.09428928681371912	0.0016202620990415342
19000	-1710.0711554277705	-1559.5649927496718	-150.5061626780988	0.1294520490231654	0.07360733238620608	0.14525193417238613	0.0021217547759975405
20000	-1714.360150599226	-1558.8650784248305	-155.49507217439563	0.0577245167909344	0.05172347653726228	0.1641097366247721	0.0019008619037750856
21000	-1710.318857225621	-1559.5021141846069	-150.81674304101412	0.07953021953914362	0.08510143371192655	0.13497983519411452	0.0026502355241515866
22000	-1710.0930666733343	-1560.1442872189025	-149.94877945443173	0.11474354122017391	0.09573646611858766	0.14485940453847737	0.0018809586339749887
23000	-1711.755831784961	-1557.8750512742618	-153.88078051069922	0.16326508092190783	0.06015144752025639	0.17243715757808126	0.0040983437582533845
24000	-1710.6123111991474	-1558.7044446410077	-151.90786655813952	0.13047196083568818	0.08296677660164736	0.1851119487495176	0.003531051462843897
25000	-1712.1743428587683	-1560.5114426065802	-151.6629002521881	0.06888041000118048	0.08884662359171326	0.13540927380003476	9.55150704240028E-4
26000	-1711.5679506398967	-1562.104024186416	-149.46392645348075	0.13795924084280897	0.13692592985649102	0.1173743718520108	0.0014725357354405761
27000	-1709.8823926386233	-1560.057343835147	-149.8250488034761	0.11428683090287772	0.0854957595216446	0.11860703946152874	0.0025537347387069712
28000	-1713.196049303981	-1561.282281099057	-151.9137682049241	0.13806613642253707	0.0695389799923169	0.09262754044241742	0.003067734784714222
29000	-1711.9525267906495	-1561.9116290738802	-150.04089771676925	0.08174209758222326	0.1348522377965383	0.09239727041450646	0.0011638719316376448
30000	-1710.7493175828263	-1561.7867656807393	-148.96255190208703	0.1133245177559501	0.12808055726284504	0.10316191353692329	0.0018330410655575471
31000	-1712.1426722274928	-1560.0585824889533	-152.08408973853952	0.09000921272056997	0.10450999420627329	0.19797221797383519	0.0016262131390152833
32000	-1710.9043046932468	-1558.8680820715542	-152.0362226216925	0.12506187324001708	0.0808882459313506	0.154682556476003	0.003777922448596823
33000	-1711.759797593535	-1560.2423938756463	-151.51740371788884	0.08452408969501331	0.05910803991521673	0.10625949795798435	0.0012195719138317462
34000	-1710.0068018717066	-1560.8002089105419	-149.20659296116457	0.0930949958179818	0.12716223113078645	0.1162128079283651	0.001917301013053866
35000	-1713.564143755898	-1562.811938053227	-150.75220570267086	0.18732446483159576	0.12073641452082355	0.1668480233269674	4.328709156536999E-4
36000	-1712.4124247633017	-1560.7266148270014	-151.6858099363004	0.0596886512494847	0.15990836574619754	0.11182200739618277	0.0014205682519944898
37000	-1718.5734468021762	-1564.0664108936994	-154.50703590847678	0.08220432607628333	0.10158121161467883	0.060610099017390395	3.6866837792078305E-4
38000	-1711.73038334668	-1560.0941893110946	-151.63619403558533	0.11672819058075816	0.13214659513939603	0.20480425805606378	0.0023247205382346888
39000	-1713.4526950583356	-1557.9400498235466	-155.51264523478906	0.1455871250838715	0.048313072510462775	0.20293152117799917	0.0022987698629828566
40000	-1712.9679139403474	-1561.504975342166	-151.46293859818132	0.1260823801282651	0.06676915953053646	0.08599281646639272	0.0027285056120699837
41000	-1711.827108617734	-1561.81112494618	-150.01598367155412	0.08247344465209225	0.07796712718250444	0.09591750857078843	7.46265354694561E-4
42000	-1710.9572995190647	-1561.6691756340156	-149.28812388504917	0.09784374919709268	0.13997133838323653	0.10567398356980288	0.0014756784558283534
43000	-1712.8277907896165	-1562.6398095923419	-150.1879811972746	0.08634724087614042	0.0912285879933358	0.07844105138543833	8.180356074281045E-4
44000	-1712.7146097890413	-1559.9889914946443	-152.72561829439695	0.13388013250732617	0.11517334450761585	0.13925492925406624	0.0036538159291582832
45000	-1712.9815739472629	-1559.3537581336172	-153.62781581364558	0.07047938298336737	0.061414259848742346	0.1048599504064682	0.0025629493598770254
46000	-1710.1344175943423	-1561.2688306054974	-148.86558698884488	0.11158881453632107	0.1090762027385479	0.12432339508186142	0.0013323016748619453
47000	-1713.2466904197313	-1562.5190492279294	-150.72764119180192	0.07384380386064195	0.1706597750161318	0.09189677770567044	6.634510492465153E-4
48000	-1712.5898034584002	-1559.18745463693	-153.4023488214702	0.1257696152584352	0.048909008619445256	0.11263813130682027	0.0024745011143226013
49000	-1709.9043677205104	-1559.478118646673	-150.42624907383743	0.08547331482261983	0.08080550856241223	0.13513624539090918	0.0020455203035318835
50000	-1711.723161214497	-1562.3480835400774	-149.37507767441957	0.12234068220803372	0.08545495909644113	0.10882535369037957	7.397251913368752E-4
51000	-1715.3949471767723	-1561.0294961441011	-154.3654510326711	0.04163991313782585	0.11051835432855746	0.08423548819204324	0.0017865184855497122
52000	-1711.9441720789898	-1563.3904044757621	-148.55376760322775	0.09100444736193893	0.09274762518191278	0.12138092190882756	1.2340350897942966E-4
53000	-1711.0992775489192	-1560.458378722687	-150.6408988262322	0.06617310187371288	0.10030409051278201	0.14394973347783838	0.0010064429025313391
54000	-1714.0532680208585	-1562.2577919556177	-151.79547606524088	0.07036349804516	0.09123762768112309	0.138939248277512	0.0048560332870827205
55000	-1712.2364287944602	-1559.2068736754675	-153.02955511899273	0.07331969938214714	0.07242187529397043	0.17148744396976442	0.0023089820006695475
56000	-1710.3352050011015	-1560.3392989295253	-149.99590607157614	0.08515509863857251	0.12526595191169212	0.13267962889831045	0.001899062434661793
57000	-1711.327636705666	-1561.7484832874102	-149.57915341825586	0.1247816962764529	0.11635891926378367	0.11689821359101289	0.0013780546018680438
58000	-1710.2683955439338	-1561.5083978329867	-148.75999771094715	0.09387758627988624	0.10001275325646783	0.11631703373917653	9.491154949549676E-4
59000	-1712.251866623987	-1558.5044102489187	-153.7474563750685	0.13202533801338454	0.06864783715378377	0.1568313394841134	0.0034376194487392435
60000	-1714.0563037615768	-1559.9717445722738	-154.0845591893031	0.18584269777908466	0.09950768419434132	0.17323820153495534	0.0025742389029101394
61000	-1711.7651960757987	-1562.1350526094047	-149.63014346639395	0.06868755443757138	0.109029071214552	0.12731290893460548	4.107049528939673E-4
62000	-1710.9672509429035	-1559.1845743850702	-151.78267655783333	0.0979400156387462	0.08556815008375451	0.15779446094378108	0.0032322693258248106
63000	-1710.2172783110987	-1560.3284556935814	-149.8888226175172	0.08800155418075783	0.1364862952599144	0.13309948890081544	0.002613677790698551
64000	-1714.6114862940785	-1560.9949786906052	-153.61650760347337	0.06964859281628454	0.13230112537352803	0.11356824014999209	0.0011260626031382225
65000	-1711.2532457992802	-1560.0399405869887	-151.21330521229157	0.11047169120263878	0.07439044658433476	0.11164341459048595	0.005163097748226094
66000	-1709.8599562136947	-1560.2289950679458	-149.6309611457488	0.09575935244576247	0.10585342586368902	0.12724025417203141	0.0020447960256101457
67000	-1711.1029555898303	-1559.4208540980712	-151.68210149175908	0.14832595918135155	0.06937533580782726	0.16195155616424614	0.0020641988846814866
68000	-1710.4156535295872	-1560.100930316572	-150.3147232130152	0.14528635559925698	0.09416812928359825	0.12593539977318552	0.0035529725642227655
69000	-1712.3356428292543	-1562.4826393514763	-149.85300347777803	0.14311211792106232	0.16275633315111446	0.11204707225562811	0.001663934919282402
70000	-1712.2698096852132	-1559.8409741051753	-152.42883558003794	0.09453482305884066	0.061863835658900135	0.12001773763671628	0.0014800977285396844
71000	-1712.1360454460544	-1558.5091787901235	-153.6268666559309	0.13701862182957275	0.05793023340430891	0.13518762063878803	0.0038878219009395253
72000	-1713.264183055912	-1561.485473318754	-151.7787097371581	0.11215520340427577	0.11412736466920496	0.17210197419665058	8.448260853494252E-4
73000	-1712.1893348984038	-1561.6798334112082	-150.5095014871957	0.1215406029608472	0.06319843498910818	0.14807664520755387	5.801479401593126E-4
74000	-1711.2828736954282	-1561.0318997633085	-150.25097393211973	0.11477713216377897	0.08758437704264674	0.0944962136712376	0.003668873420385173
75000	-1711.0168840193287	-1561.468897904197	-149.54798611513172	0.10957085204834761	0.08664288838422356	0.15735731214916598	7.358949351075714E-4
76000	-1710.3953475397957	-1560.2673461974632	-150.12800134233248	0.07131405446268185	0.09562021187564242	0.1236762975537794	0.0013165333756651725
77000	-1713.1086688797113	-1564.2041957226113	-148.90447315709991	0.10203873574078118	0.11580714782566344	0.0759872885777124	6.646216806481555E-5
78000	-1713.1519878028093	-1558.6016519488744	-154.55033585393485	0.15874523824869627	0.07590478434230648	0.20217918656048386	0.007227163644289943
79000	-1710.1250653340398	-1560.547667635585	-149.577397698455	0.0941591188122514	0.09702339474048692	0.11599749945867939	0.001702362482937243
80000	-1711.012318682498	-1558.4030431679703	-152.60927551452767	0.09281738510082914	0.05926727192043102	0.16045615572010516	0.0026037511401935244
81000	-1710.1229294822956	-1559.8706526610677	-150.2522768212279	0.08557663748542571	0.0928817881550438	0.11972762372608152	0.002963516242814263
82000	-1709.9349974804002	-1559.1370435960432	-150.797953884357	0.10007136518256805	0.07404028822248336	0.13054900470255637	0.003276108124070343
83000	-1712.9439499073515	-1558.8096609668357	-154.13428894051566	0.09736309536914915	0.0435671754208365	0.10517609123216685	0.0022671728393797727
84000	-1714.9179102689627	-1561.4580678050966	-153.45984246386607	0.18770324917280762	0.15680364766228422	0.1427797876463671	0.0027646007827823865
85000	-1714.2443179576749	-1559.9175946713262	-154.32672328634854	0.11065088564764132	0.04444267224483526	0.08824072831134053	0.002876092070124879
86000	-1712.591753262601	-1557.5169501270889	-155.07480313551213	0.1472316909088471	0.054463711760783406	0.19457996636204258	0.0044850723528302066
87000	-1710.2754801923313	-1558.9475091327515	-151.32797105957974	0.09004888136843077	0.0730152953337244	0.15086228532498772	0.002660302470596739
88000	-1710.3290284563816	-1559.5749603896397	-150.75406806674184	0.07798660625880798	0.07990809993579047	0.11885384589005714	0.0023128052117366627
89000	-1711.6353001268521	-1560.112415475369	-151.52288465148303	0.11610212158748683	0.12547256268957188	0.19505050006470764	0.0021130686296136703
90000	-1712.6604908619372	-1558.9010288845625	-153.75946197737463	0.08296246338499268	0.06604791431786174	0.19133371329262436	0.002613801246301521
91000	-1711.3790011216247	-1559.0162647937452	-152.36273632787942	0.10160031138786134	0.0580845225753059	0.11412335315193634	0.0034440282839652606
92000	-1710.4175267652488	-1560.4015128140384	-150.0160139512105	0.07670060032537145	0.11373983220884826	0.11997278631118266	0.0016423318227968538
93000	-1714.1309704399664	-1559.9616025929404	-154.1693678470259	0.12672717031296496	0.04469947536207666	0.10744308505917595	0.0015729772558213605
94000	-1713.1193708716835	-1561.2106956876655	-151.90867518401788	0.1697422994078743	0.07058939834702577	0.12938406559301668	0.001336298645186367
95000	-1711.1174450690787	-1559.5471756875922	-151.5702693814865	0.12213051220141892	0.0997175763575767	0.14776245436701033	0.004906319243344099
96000	-1712.0015982840105	-1561.5583736769415	-150.44322460706897	0.07242908715897735	0.10925813494597703	0.09289199524249905	9.926028383914712E-4
97000	-1713.8394894692456	-1559.3049826246936	-154.5345068445519	0.06379807409616381	0.057012146342058874	0.10701386297360349	0.002588204318276751
98000	-1711.0730587760431	-1559.0151279432089	-152.0579308328343	0.11688688892638083	0.05556206955114444	0.11566004789501184	0.0030489838097425112
99000	-1712.2681602820726	-1562.535707335203	-149.73245294686973	0.09429694618239522	0.08493426755953286	0.09852829930423027	5.437154484747054E-4
100000	-1713.2945837737236	-1563.1511313925344	-150.1434523811892	0.0850433774096605	0.10534301361658382	0.07296854058262624	7.20771927700123E-4
101000	-1712.230192092864	-1562.2421967667829	-149.98799532608115	0.10021050800599532	0.11886105270701194	0.18629621557251924	4.318141355736907E-4
102000	-1711.585678039276	-1560.6789463134164	-150.90673172585966	0.06795492182728949	0.14691295368850543	0.14747133738759985	0.0011647666053465195
103000	-1711.2448792891694	-1560.2413860288339	-151.00349326033557	0.10621942903720305	0.14072736560410842	0.1449753888538496	0.0029493003566609327
104000	-1712.0304567556802	-1562.2032355128722	-149.82722124280798	0.124858897446607	0.1349607104371214	0.10288912570646325	0.001747248345992095
105000	-1710.846876424265	-1560.1511109166029	-150.69576550766217	0.15090160417996468	0.12954618569111087	0.1540415778393696	0.0033096279019869603
106000	-1711.9663506599993	-1560.2150869395562	-151.75126372044312	0.05722430849079936	0.10321284931321002	0.15506382530096757	0.0010881400681150989
107000	-1709.7424650946891	-1560.2753873042636	-149.4670777904255	0.09869468565138916	0.08561649216330292	0.1275066441966933	0.0015840706450522325
108000	-1710.3014672012198	-1559.437053012944	-150.86441418827576	0.13382274512977238	0.10119714692696799	0.14824321292612944	0.004275576388025731
109000	-1710.9359410809457	-1559.4271988239534	-151.50874225699224	0.07641836320970151	0.08078233021712272	0.1348350964349062	0.0021115471362872416
110000	-1710.2594484309923	-1560.1999411209833	-150.05950731000894	0.09924747511168613	0.11164979382564656	0.12228607167662488	0.0028959368457253717
111000	-1710.7208353967367	-1558.2970561094985	-152.4237792872383	0.10404901187455315	0.0566504234202906	0.14356901383674064	0.0033053873367379564
112000	-1710.214861973944	-1560.2049722184709	-150.00988975547313	0.07601163868409921	0.09842907149920234	0.13338434132403656	0.0013933951771838786
113000	-1710.8076508332247	-1560.2983755912414	-150.50927524198312	0.11173511847691577	0.1348924558802412	0.1557296729742996	0.0022607898426063684
114000	-1710.74830077128	-1560.01513790413	-150.73316286714999	0.11068357921387793	0.11562935912496065	0.14375546832374644	0.002608527487657187
115000	-1714.6834751839392	-1562.9413536735308	-151.74212151040845	0.12063595831839614	0.19647119442654834	0.1669814269979947	3.094214903056502E-4
116000	-1710.7523303809055	-1559.3835242805528	-151.3688061003526	0.10569079769800616	0.0616835869095964	0.11036551276148247	0.002778643483696317
117000	-1711.7267760376512	-1559.8608944210378	-151.86588161661354	0.09150144257289584	0.07217920653108123	0.11783335846490456	0.004459519807246203
118000	-1711.3470728187124	-1559.5356748104878	-151.8113980082247	0.0902424857017847	0.0747122853164219	0.11389415697910647	0.0029377644215625733
119000	-1711.518836805847	-1561.630440694606	-149.8883961112411	0.09917298914508586	0.08756836206314865	0.08732740806088579	0.0017294557147926426
120000	-1715.7082757817157	-1560.2310160232123	-155.47725975850324	0.03486015952674953	0.09431733979414367	0.1510402245821554	8.810305627756282E-4
121000	-1710.093149412869	-1559.7587209318276	-150.33442848104144	0.08873391072824102	0.08667408346635477	0.1182882830978048	0.0030818360895672457
122000	-1712.1947787034621	-1559.4936896838133	-152.70108901964892	0.14370338852613707	0.056861125229908736	0.13306914263666295	0.002024613552659936
123000	-1710.90773509482	-1560.279877466345	-150.6278576284752	0.09160425516432286	0.06740161591405756	0.1221768666482351	0.0012261027938108811
124000	-1710.0477049573856	-1558.8919400666134	-151.15576489077205	0.13237835612390822	0.08809652016268955	0.17058472294210306	0.0036922428993338137
125000	-1711.6078567045101	-1559.3812401694431	-152.2266165350669	0.07341807753276716	0.06822631458239413	0.1163281590496434	0.0019002551445648278
126000	-1711.6289670473243	-1559.1036245734413	-152.525342473883	0.08919169357872425	0.05384264292595297	0.12059222470381462	0.0017536832701974437
127000	-1712.9343750167193	-1558.7367829303312	-154.19759208638808	0.1556097541091292	0.06331822586588946	0.1728331559847373	0.007602213600547045
128000	-1712.3974886887818	-1561.9294522652322	-150.46803642354962	0.10462872845535383	0.11850409275253289	0.10808664415875127	0.006727861252902577
129000	-1711.0030461634835	-1560.758144987984	-150.2449011754996	0.11192886393019694	0.1530097218972234	0.13488742943923143	0.0023630443831058347
130000	-1711.211248130193	-1562.402030051348	-148.80921807884502	0.10853599273405956	0.12126994091974497	0.10524047048547058	8.779496337876205E-4
131000	-1710.811530484912	-1561.0632439492	-149.74828653571223	0.12051134508641893	0.0964378453676007	0.10658165299793938	0.0022466690209237508
132000	-1712.6220345921195	-1560.1472921482832	-152.47474244383633	0.08025014791569847	0.0637797845601545	0.10637634112669503	0.004248073146985282
133000	-1711.7673383798613	-1558.726873675294	-153.0404647045673	0.11621863792700986	0.05759089184468717	0.14352869554735484	0.002281355864162159
134000	-1713.1596117092733	-1559.9653463860445	-153.19426532322888	0.09471280197734021	0.10709086998283532	0.2282446671351065	0.0025781497841029194
135000	-1711.6659650145584	-1561.1578727064057	-150.50809230815287	0.12687460345350215	0.09287968740524002	0.0987154548670386	0.0034636301463261267
136000	-1712.9527048692557	-1561.6826142794705	-151.27009058978513	0.07108516402456844	0.06558836685196129	0.13262646426363073	4.2987209152060005E-4
137000	-1711.9916035182355	-1560.9669719403053	-151.0246315779301	0.13289410016677272	0.09539115718894736	0.1229124535349886	0.008311798902325107
138000	-1712.731756932208	-1562.6045326048888	-150.1272243273192	0.09051214819276733	0.10496339737620612	0.07753724994259556	0.0012087604046492283
139000	-1715.459103865796	-1559.5358101832128	-155.923293682583	0.05081426995789343	0.06129733306873257	0.17552204248929515	0.0016432262485749274
140000	-1712.9655767499655	-1561.26864134491	-151.69693540505546	0.11043560014186152	0.058268396677833366	0.13607128131297297	6.935664426838934E-4
141000	-1711.521250943552	-1561.5150247924328	-150.00622615111925	0.13019311849369206	0.06844192604351677	0.11408798758763222	0.0010306322746470907
142000	-1716.4510323086665	-1561.741526708837	-154.7095055998295	0.07054359371692086	0.06392223207285495	0.17132746263890122	0.004741417660534894
143000	-1713.1555826748288	-1558.9623318722813	-154.19325080254757	0.08054680228671039	0.04826994134131839	0.10193947432234036	0.002108848844508976
144000	-1712.6187269431248	-1560.3703828841853	-152.24834405893935	0.12395476301591139	0.060056033324051274	0.09499496076709177	0.0033299900181406
145000	-1712.574757984347	-1560.1985415504087	-152.3762164339381	0.09954894700494883	0.05898823111363444	0.0894205703157192	0.0032064185352361513
146000	-1710.9612558575905	-1561.4472378654211	-149.51401799216922	0.08441658348520646	0.08362365674050642	0.13342100985903926	6.628246259494199E-4
147000	-1712.4622819696513	-1561.659361086307	-150.80292088334429	0.100411861303134	0.07508952888804568	0.15667462880262759	5.561866492879942E-4
148000	-1710.6852117031608	-1560.159676046021	-150.5255356571398	0.11073700172324355	0.11214195952783919	0.13885039054692183	0.005014434951142389
149000	-1714.4251194668168	-1560.0162144090555	-154.40890505776125	0.09188547557523505	0.04277257532664173	0.17153693247196292	7.631503906231825E-4
150000	-1710.6473003810681	-1559.5304217093499	-151.11687867171833	0.10557345827045746	0.06158971741954132	0.12359800274796759	0.001846459817726723
151000	-1710.972248188183	-1561.8009251758967	-149.1713230122861	0.11532414006033853	0.08273435325163997	0.1341927829183784	7.043327874094026E-4
152000	-1714.824225635943	-1561.2083311480233	-153.61589448791986	0.097531435606306	0.07585457163951764	0.09126903881345655	0.0015782805999180322
153000	-1713.0126032762853	-1559.9714112440122	-153.04119203227302	0.09924479015689223	0.049388903797753396	0.0922173438074725	0.0019223824158748565
154000	-1712.1131604740397	-1559.631344734459	-152.48181573958078	0.10993801288867605	0.060611039227506644	0.10338986362910409	0.0032166531338169544
155000	-1711.7626223087711	-1560.3823096201397	-151.3803126886315	0.07791113595836906	0.09395724088747434	0.09915090695719748	0.002321314045349365
156000	-1710.5806444186755	-1560.1687542933596	-150.41189012531586	0.10283980918053445	0.0874577820387771	0.11533468015131632	0.002246557123024674
157000	-1710.9387373343784	-1561.395709948845	-149.5430273855334	0.1466987717656241	0.08834310351183697	0.12876942764951638	0.0013216106515789926
158000	-1713.087305292435	-1560.469322235319	-152.61798305711622	0.11131140268331816	0.07554175590353597	0.13666860966284197	0.0013027274285077298
159000	-1713.7455180866343	-1560.271814537781	-153.4737035488534	0.13182225170198877	0.10185850810702334	0.11949840945841358	0.004076876599665198
160000	-1711.0708274455444	-1559.6589744380835	-151.41185300746082	0.09039010750193381	0.07739499242774585	0.11880136993631074	0.003737951271739786
161000	-1712.2827749036733	-1560.0505724991724	-152.23220240450078	0.09545469288287625	0.05179000609450469	0.12234446480344817	0.0011082784512461638
162000	-1710.9686530480474	-1561.5150710574042	-149.4535819906432	0.08467285066366323	0.14813030645487138	0.11672994597348041	0.0010771038433086018
163000	-1710.2100378397017	-1560.7697650331543	-149.44027280654754	0.09553086470406705	0.09402919569459063	0.1529513618904607	0.0010578538053271022
164000	-1711.569539775841	-1563.2633323243665	-148.3062074514744	0.12725977760758772	0.1420374229582168	0.12512432381712643	2.8815401529497204E-4
165000	-1709.7929473369354	-1559.6268146410307	-150.16613269590468	0.11068596704037112	0.10822076827267724	0.1519898690107813	0.0033003547064727468
166000	-1714.8719572432192	-1561.2821758656396	-153.58978137757958	0.14860709939713784	0.05698601673624048	0.19147757462870718	6.453753812713511E-4
167000	-1711.7228090229632	-1558.9117556871142	-152.81105333584892	0.08034808403273472	0.052939587086258094	0.13990234834701393	0.001521281906495047
168000	-1710.7509882180993	-1559.7713448949187	-150.97964332318068	0.07347812300508258	0.09819991069444149	0.15235265674565668	0.00237419442910696
169000	-1712.1373733614264	-1562.016042120946	-150.1213312404804	0.12591488706667092	0.06913871023789546	0.10319349428058514	8.926225288164382E-4
170000	-1711.0928291819198	-1561.0563524490594	-150.03647673286042	0.15542454627016936	0.1146235037373566	0.1185078827533434	0.003429667289165016
171000	-1712.0887678460963	-1559.367782232096	-152.7209856140003	0.06308117420431972	0.06345306117982638	0.1110395499239066	0.0016117115619629723
172000	-1712.6082458108986	-1561.971569102268	-150.6366767086305	0.15957783231336034	0.1406161732390758	0.12224902939443265	0.0020047510028835098
173000	-1712.035540387507	-1559.9448519512293	-152.0906884362775	0.15020374351279545	0.11216740234637212	0.16850563698623208	0.0026458886748848115
174000	-1714.1772781995815	-1561.3464744643122	-152.8308037352692	0.16619602968333866	0.12426012771200622	0.11640421752130024	0.00413823227336018
175000	-1711.7336433311148	-1559.0408834188859	-152.69275991222887	0.07517922779654299	0.06926621232881902	0.1490387654396011	0.0021212054376685144
176000	-1714.7113603895848	-1560.7256521900895	-153.98570819949526	0.05791466993174915	0.11133305680657017	0.09977880877681997	0.0011166552086343399
177000	-1715.6454013053315	-1558.6924757403979	-156.95292556493368	0.11900221576105925	0.03400270436979616	0.16345084678370222	0.00118155522115493
178000	-1715.8092803709928	-1561.9008305286052	-153.90844984238768	0.07138402465831539	0.06397938580556464	0.10644051867341679	0.005226334447413794
179000	-1710.496237166115	-1560.7954214360693	-149.70081573004555	0.09015257891433975	0.13182306928638046	0.10876408031861112	0.0027110780428667956
180000	-1710.7085584197112	-1559.897123519361	-150.81143490035024	0.10159606339271168	0.12330378600458028	0.1572331962004311	0.0032062269088054696
181000	-1713.2215743663032	-1560.933832906347	-152.287741459956	0.07310209605601312	0.16447126072000692	0.12606814005281178	0.0028938430718311045
182000	-1710.8853126348572	-1558.4265205984007	-152.45879203645666	0.12998171637719652	0.0563526631174311	0.14430407947279122	0.002876220946257231
183000	-1711.9009217717694	-1559.4769111670003	-152.42401060476908	0.07394555456119067	0.08418539006016316	0.16659677890233376	0.002293218336919514
184000	-1711.973523092962	-1563.0809463484272	-148.89257674453484	0.08152313536175716	0.1387775164702519	0.10801160590225332	2.8601710529995973E-4
185000	-1710.385148291441	-1560.4697097796397	-149.9154385118014	0.09763949296631089	0.10431295446642054	0.11096177272458274	0.00393906443319687
186000	-1712.3482091825056	-1560.2034139790062	-152.1447952034994	0.06582761795809994	0.11094784163797701	0.12258103913169235	0.0015660991590634014
187000	-1710.2458912152322	-1560.081041675303	-150.16484953992918	0.08082314004018998	0.11459385751396382	0.1300876292216974	0.0023524206942388943
188000	-1714.4930520914334	-1559.7537868716843	-154.73926521974917	0.2016016594535233	0.060353091775282405	0.14392717696154156	0.002281838048194441
189000	-1712.3919538021476	-1563.4565078477117	-148.93544595443595	0.10275034204430825	0.07721839845112591	0.10769540048983726	1.4974451308551095E-4
190000	-1713.1040786270853	-1561.8975460742079	-151.20653255287743	0.0979129335582711	0.09797698942066596	0.08129813992297442	0.00373951928685712
191000	-1710.7215192207939	-1559.3300064545588	-151.39151276623502	0.08508576916220488	0.0859250090032583	0.17038538302390904	0.0024859992982940297
192000	-1710.3334553966415	-1559.3355152131398	-150.99794018350164	0.08712239003944156	0.07298893303840429	0.12143364865780033	0.003083983788542888
193000	-1713.281520767022	-1562.6012064728125	-150.6803142942094	0.05892960053157999	0.10949807529403291	0.14103855813673324	2.1497195442762686E-4
194000	-1711.3891863021106	-1559.702024918986	-151.6871613831247	0.10560477577131555	0.11477835861174177	0.18730637452054605	0.003447511667918206
195000	-1710.573961141431	-1559.1447626993595	-151.42919844207165	0.11713544304690922	0.06305482988601004	0.12901245915941206	0.0024580623718687437
196000	-1711.0415013201696	-1560.952788556214	-150.0887127639556	0.09782698623404498	0.11008992492282599	0.0993909531661897	0.002843594501203748
197000	-1710.8446110780142	-1561.4151192671054	-149.42949181090884	0.09142075084139395	0.12888372141512347	0.11999990808476362	0.0011208789217540445
198000	-1713.0585039790544	-1563.246689570216	-149.81181440883856	0.15168438835138928	0.17495885092341104	0.12726805310062542	4.3667264249483705E-4
199000	-1713.8259140626785	-1560.3977993281533	-153.4281147345253	0.042877111212014846	0.08848169582398116	0.13336941368887562	6.829831176580097E-4
200000	-1710.8522289045952	-1562.119982153758	-148.73224675083733	0.1284270928500616	0.09476277273771459	0.12765618920676922	7.541959925872818E-4
201000	-1714.9525315712522	-1558.8572374400724	-156.09529413117974	0.17271250418181044	0.049090950726008484	0.15084375365735556	0.007529422940602197
202000	-1713.4182114294997	-1557.8187226971932	-155.5994887323066	0.12496007431642807	0.03642515425245689	0.1261807080901616	0.002980964280766409
203000	-1709.8760863596883	-1559.4461880629665	-150.42989829672186	0.10179133468407998	0.08646760779144522	0.14803830825782002	0.0023153159619348513
204000	-1714.0984542790445	-1560.4109281794501	-153.68752609959444	0.04932084731993306	0.09702259384140623	0.14017092367725512	0.0019156125475305612
205000	-1710.5947166660017	-1560.1236464058702	-150.47107026013154	0.07158018036170313	0.11988876290429085	0.14219757047991968	0.0017934782169650985
206000	-1710.533247777985	-1560.257574620559	-150.2756731574262	0.08436498542912922	0.1131034031428963	0.12729172668378474	0.001884853257278182
207000	-1717.4148036244042	-1561.3583180993578	-156.05648552504644	0.0997235547600878	0.09568722316257292	0.11256752914618785	0.006272316512071904
208000	-1713.899050936013	-1561.8057941499146	-152.0932567860985	0.0821967487113709	0.08132618917626246	0.07163149397695212	0.0025336250012283857
209000	-1710.855362628812	-1559.5105345805573	-151.34482804825458	0.0824582656699998	0.07769318832109999	0.14708298144547147	0.0016773171013978617
210000	-1714.1263901426	-1563.6124654319472	-150.51392471065276	0.14537563993239377	0.148585633109257	0.15023069673555417	2.9558033928835745E-5
211000	-1710.3676840311687	-1559.2853242558826	-151.08235977528602	0.12852781531444077	0.07352881021744506	0.16519031231769393	0.002111127361776432
212000	-1713.1114536582295	-1558.6287606591336	-154.482692999096	0.11752241738739548	0.06139531301721041	0.1631299053328431	0.005251024523480155
213000	-1711.1932897280103	-1561.371114279779	-149.8221754482313	0.10613841802547375	0.09032942982272567	0.14107557502418386	8.592629945118019E-4
214000	-1710.7159451527132	-1559.679235121453	-151.03671003126007	0.08476728914025075	0.0723422346797615	0.11689837267797165	0.001841469711946903
215000	-1712.7273135236699	-1560.7800694905363	-151.9472440331336	0.06493477253056389	0.0975154419099789	0.10639838719643144	0.003130613368522423
216000	-1714.6786732766534	-1560.6274944165036	-154.0511788601498	0.04718654953674712	0.1709541924448494	0.1540333972010792	0.001126293874780125
217000	-1711.1746310606159	-1561.0277549564003	-150.14687610421564	0.12321706944264292	0.11567594081060163	0.11075397074770654	0.005787765151435618
218000	-1709.972889535219	-1559.7934591343412	-150.17943040087792	0.10738054979856497	0.11215816378459195	0.1517955765699543	0.004027985992450984
219000	-1711.3139488694728	-1560.3121835107563	-151.00176535871648	0.06089259596926246	0.12240649463732634	0.1342200014702187	0.0013166844083842583
220000	-1711.184584374975	-1561.6727467925812	-149.51183758239384	0.12388835931389118	0.09034054508183385	0.15796697950814223	7.342952842242799E-4
221000	-1710.8171878305243	-1561.1804690193158	-149.63671881120865	0.1231426651643111	0.09286208595659884	0.12485530009982759	0.001359810031995552
222000	-1711.3045544341308	-1562.1322867929352	-149.1722676411954	0.1059846412567644	0.11145604076069397	0.14023923109971537	5.974835098677437E-4
223000	-1710.956027957427	-1561.2637872991447	-149.69224065828226	0.13907873234232504	0.11612697210550967	0.15526844385207167	0.0013043009526196691
224000	-1714.7203341496106	-1562.752935354635	-151.96739879497576	0.13843890969684722	0.06735871462101393	0.0791475797985566	0.0018841583950643247
225000	-1711.64467156531	-1558.9019444770852	-152.742727088225	0.07119412217032867	0.061013440422088	0.13020851731437483	0.002205115997760573
226000	-1710.3544403470312	-1560.951033364481	-149.40340698255028	0.11415740776503097	0.09492191503120045	0.13054942736278535	0.0013498391279757529
227000	-1713.2334671778547	-1563.086862280281	-150.14660489757367	0.13917249384253536	0.07676799338150168	0.17199272973802154	1.4754065107378065E-4
228000	-1710.8443800024693	-1559.0111477213864	-151.83323228108281	0.1256084452796265	0.065147645371297	0.15266257582954845	0.00224093697430612
229000	-1712.1761223341496	-1561.3737828214853	-150.80233951266436	0.11489749048903519	0.06454667759224911	0.09822878734681721	0.0012403897008228938
230000	-1710.5309678824372	-1560.819410081604	-149.71155780083322	0.12072266046068707	0.11690763863720072	0.11081401245668608	0.00407210207995698
231000	-1716.7676407419	-1563.1800405330987	-153.5876002088015	0.050504637597069066	0.09037305173753757	0.06487245628407193	2.7272536560666303E-4
232000	-1711.6918105808716	-1558.8241715193194	-152.86763906155218	0.12535989930782762	0.04857311711749657	0.1275050208847778	0.002208582964732202
233000	-1711.095500558088	-1560.0079070408958	-151.08759351719203	0.08156258354344277	0.09554628972179845	0.11497366025313546	0.0023692895566299397
234000	-1713.019331881884	-1562.5040844001887	-150.51524748169524	0.1234533056495368	0.09598517941557456	0.08607493747167513	0.001917658283982182
235000	-1711.3485785646876	-1559.569635495053	-151.77894306963452	0.08803109307827915	0.06451383563102575	0.10302896351429387	0.003142075686046268
236000	-1712.4639002772	-1560.722934341117	-151.74096593608294	0.10798088231118297	0.1259914707471871	0.11376187874955186	0.0035347384480151275
237000	-1711.4417305497059	-1560.2148831869558	-151.22684736274996	0.07188038262528625	0.09098934161009871	0.1714611003443083	0.001108973483598742
238000	-1712.2189515363038	-1561.1739657768426	-151.0449857594612	0.1224495180426535	0.08179656871330822	0.09332733139292695	0.003288732475153833
239000	-1711.2390917685093	-1561.1258714306155	-150.11322033789378	0.09181229851449717	0.12370572740117569	0.10453251886857326	0.004135759598993015
240000	-1712.0593833985122	-1563.4602008584961	-148.59918254001613	0.12841534290132434	0.15368791190782216	0.10943155517444735	3.2935761679070413E-4
241000	-1711.955976465165	-1561.959402458492	-149.99657400667306	0.08979430941979606	0.14824368572192906	0.16687052100647154	5.808075834356276E-4
242000	-1710.866167265751	-1561.3013557092108	-149.5648115565403	0.1466002158808299	0.09600117623459098	0.11418367125946911	0.002141545804857747
243000	-1710.1222620622088	-1559.836515929811	-150.28574613239795	0.1267996249284652	0.10960312255964977	0.14192412995553766	0.003364333880450566
244000	-1712.1945407430396	-1557.9261859608064	-154.26835478223322	0.0898942906789231	0.04387287796873255	0.1376264271822178	0.0023806840640503645
245000	-1715.2712030208693	-1561.3024971624004	-153.9687058584688	0.21803543347284648	0.12654573640606326	0.12097545381726219	0.008455475874160645
246000	-1711.041849030416	-1561.0097323083419	-150.03211672207408	0.13333784445982502	0.07383820584856073	0.11888472399368812	0.0014279790695053412
247000	-1711.3853512072399	-1559.9261759426577	-151.45917526458217	0.10879198787835315	0.08137690642773479	0.11902708217885616	0.0023950711300546913
248000	-1711.611605020703	-1560.973080717393	-150.6385243033101	0.13550655031522876	0.14326292348905895	0.12264073151353216	0.005973369558182631
249000	-1713.387190056203	-1558.9499872125957	-154.4372028436073	0.08555632356973594	0.06410706748665079	0.2017888398209941	0.0019272690056919232
250000	-1717.3775335318069	-1558.0512335840367	-159.32629994777017	0.1021525271951956	0.026943486228688803	0.19257067320171653	0.0010821669089219313
251000	-1712.9447172727205	-1559.6282344433716	-153.31648282934884	0.06234957212983074	0.05975294607846852	0.0931826821631048	0.0016290469038607498
252000	-1710.046436006877	-1560.9733645045515	-149.0730715023256	0.11512666530910061	0.09209168440330193	0.12978400163658288	0.001319841908356984
253000	-1711.9214999071041	-1562.9263408960996	-148.99515901100455	0.12585331422120102	0.09904322758367255	0.09068791861174111	9.645172645735175E-4
254000	-1709.7964747059248	-1559.3768124737062	-150.41966223221863	0.1132328000430581	0.08109451129985606	0.14878461240886595	0.0023424576168006948
255000	-1713.483321497379	-1560.0542178057722	-153.42910369160683	0.06748650870115389	0.06123394327070548	0.08282740750498337	0.0020673402767562134
256000	-1712.1402536355945	-1559.9279769768004	-152.212276658794	0.12984936488394255	0.06411606872102495	0.1069435747362318	0.005009296803385707
257000	-1710.0580227126088	-1560.0454836097724	-150.01253910283629	0.09466909532232842	0.1125271261843992	0.1564251015164902	0.0019042742369131263
258000	-1711.1481975160948	-1559.46159282712	-151.6866046889747	0.10079655752331845	0.09217951289445539	0.15133675978458166	0.0038739226352443733
259000	-1710.945829259192	-1559.1326847416185	-151.8131445175734	0.09362791933972232	0.07970798368327212	0.14629485813906978	0.0029182101863017016
260000	-1716.403998340558	-1560.7319152276536	-155.67208311290435	0.08908409332963378	0.08032167623814233	0.0887022427857329	0.0032100275791445993
261000	-1710.9884708579505	-1559.1181365045961	-151.87033435335428	0.07267446852402416	0.0659801969901102	0.13384448762310397	0.0018346858857163494
262000	-1711.4812623957332	-1560.267162585975	-151.2140998097582	0.13393943556239202	0.08113042690128859	0.10923793296856388	0.004764865719857854
263000	-1711.4070264034028	-1560.059154918825	-151.34787148457772	0.1514605540585581	0.09812388962472271	0.18972757743669447	0.0019483932962682112
264000	-1713.3039336604115	-1561.2242136472767	-152.07972001313493	0.07541563731154373	0.1937272733327877	0.14666211704250665	0.0010189957365536624
265000	-1711.6679763093798	-1563.4732265213486	-148.1947497880313	0.1342914838700652	0.11506285836793695	0.10314565303896112	3.4038404447467356E-4
266000	-1711.9714704451385	-1560.4689001508727	-151.50257029426578	0.06594558635718385	0.14303587344193516	0.14894635476291346	0.002173877934241847
267000	-1711.670244017923	-1559.9596203256388	-151.71062369228432	0.055628545313242704	0.09886573858415819	0.13178170130057698	0.0015987971875512652
268000	-1715.954671379188	-1564.5293998940924	-151.42527148509572	0.0788614406571155	0.12060143249928075	0.05647264692008659	2.988224480021512E-5
269000	-1713.294955949476	-1560.262026876562	-153.032929072914	0.082745765505382	0.05245520869977507	0.08607116846685367	0.0015632017179561676
270000	-1712.1789457398104	-1561.1648373208263	-151.0141084189841	0.09285787963378854	0.08611794767555427	0.1027016927039449	0.0012686042470096293
271000	-1711.136626668222	-1559.6211475717741	-151.51547909644805	0.08087937599536599	0.09448170447475991	0.16068467985291857	0.002705233974284077
272000	-1714.0554755115495	-1560.6180606858236	-153.43741482572602	0.09186230821462686	0.06247289139558946	0.13309817868450674	8.984237079991249E-4
273000	-1710.2696260238072	-1560.928803718909	-149.3408223048983	0.08651842738226091	0.11426698313972726	0.12312523076375945	0.0012560933637187964
274000	-1710.2110273248916	-1560.6296275335537	-149.58139979133784	0.0842265944250583	0.08837020693245995	0.12146630120000028	0.001197010744488714
275000	-1712.2116985645348	-1558.7290395727448	-153.4826589917899	0.14226076463801499	0.06768459460494333	0.17973484283808575	0.002501637343685216
276000	-1710.1020892639267	-1560.428461457459	-149.67362780646766	0.1060559428539257	0.10499201802203101	0.1530286353923953	0.0015341213256744588
277000	-1718.0407007518147	-1559.8619922882	-158.1787084636147	0.07969908824784015	0.028001740981329244	0.1412541478249043	5.752520250553414E-4
278000	-1709.823458254669	-1560.3358735992792	-149.48758465538975	0.11966682597952717	0.0950774698417973	0.14143003690149308	0.0017975030736920637
279000	-1710.0121154531803	-1559.0600732556554	-150.95204219752492	0.0968113099757848	0.06885530622508879	0.14258625706705996	0.0021755685439110327
280000	-1711.3705502698965	-1561.3973290866845	-149.97322118321202	0.14787846220690665	0.08503594576139716	0.13540114433125394	0.0011700015212068305
281000	-1711.4214413355705	-1560.7455675704573	-150.6758737651133	0.09367727950412456	0.09716901549932008	0.1096187894411779	0.004733461620294755
282000	-1709.962125522112	-1559.641654084666	-150.32047143744606	0.09632305389073148	0.09437801539995565	0.14069174224061412	0.002391161983217478
283000	-1711.4585049274592	-1558.7165979739402	-152.7419069535189	0.08919439767230525	0.051046074015132926	0.11787443943405072	0.0021913008180169734
284000	-1710.1382797901654	-1560.117583368005	-150.0206964221604	0.12600387349953804	0.09024414370714512	0.14167354700730175	0.002017892403893926
285000	-1713.4739660622195	-1560.1864391772533	-153.28752688496616	0.04938406166466625	0.08222302690315436	0.09773914148391294	0.0019128517997492767
286000	-1710.862384606283	-1559.9589397684622	-150.90344483782079	0.0724936716339834	0.08978077538386167	0.11425756777724917	0.001832489221873781
287000	-1713.539085620184	-1558.2273680064234	-155.3117176137608	0.10491931336822331	0.051761313288404054	0.21553122623597207	0.002185509495498328
288000	-1711.5614805202324	-1562.8724696431527	-148.6890108770797	0.1090394622210593	0.09816192480406034	0.09807486397774459	5.666159259084881E-4
289000	-1712.1868969263328	-1560.0149918628492	-152.17190506348362	0.059874250482868104	0.08414004774115902	0.10837194355218355	0.00228379229459883
290000	-1709.843739876752	-1559.7436274237025	-150.10011245304935	0.11297481623498017	0.09602264200395107	0.12899165625980358	0.0038831927516760293
291000	-1711.601721594134	-1560.0280742801226	-151.57364731401134	0.07717085841443094	0.10412697753159907	0.1897543392534214	0.0015860377727272246
292000	-1714.0240418775682	-1559.671475880856	-154.35256599671223	0.07274029246594267	0.09413755887140299	0.15574371950656152	0.0021606586042169315
293000	-1713.9305286790068	-1561.5711540653242	-152.35937461368246	0.20892454624030493	0.09844906389446834	0.1216215125616314	0.0029157592518885655
294000	-1712.822990767946	-1558.4656265797921	-154.35736418815395	0.13401093609048942	0.05825462925158899	0.1737156647280325	0.006119986626549611
295000	-1710.0776373499348	-1559.58457662399	-150.4930607259447	0.10815561125508132	0.09306379898671323	0.17357029237393298	0.0020952456229722774
296000	-1714.8087776208185	-1558.6064433734527	-156.20233424736583	0.12741559975401828	0.06809076883433024	0.15593781439925578	0.0030465141228147837
297000	-1713.0962108907852	-1560.9601023977966	-152.13610849298848	0.06552354133315687	0.15946089329316074	0.159478747572572	9.250488385553503E-4
298000	-1714.5134892872895	-1557.9909430699531	-156.5225462173364	0.09886428284857017	0.045737826049490296	0.15488408149692934	0.0021405587559924005
299000	-1710.0092167991122	-1558.8711244479125	-151.13809235119962	0.12087366013800527	0.06840910997234283	0.14426728850617399	0.0027931197189261427
300000	-1711.3040800838853	-1560.5784354307173	-150.72564465316805	0.09522624832536664	0.09638575130404432	0.11542707995200688	0.004806886892335722
301000	-1711.2564817483822	-1562.1477864198212	-149.10869532856088	0.12242114482585652	0.14754605829601541	0.1103537161894742	0.0014712254557193829
302000	-1710.726910728872	-1559.2853524495274	-151.44155827934458	0.10345321340906051	0.07354368628921552	0.149334758539765	0.0020331696067198844
303000	-1715.2482947264252	-1563.135208692193	-152.1130860342323	0.16179908750046107	0.10603021909182186	0.09778020767317354	0.001120307851807684
304000	-1710.1161400346975	-1559.3812508648239	-150.73488916987358	0.11485879256269244	0.07274671780334434	0.12209575609720488	0.003140701812302933
305000	-1714.1085219782153	-1561.1846783693834	-152.92384360883182	0.048049187983320245	0.16262680569626775	0.13794431938616994	5.931425016060511E-4
306000	-1714.657174615937	-1558.9260540370476	-155.73112057888946	0.05935415792249621	0.04163635732434161	0.11477051966081232	0.0011107784938795657
307000	-1714.9748867836197	-1560.8621111419259	-154.11277564169387	0.0809515221174944	0.06932792257383232	0.19160655664639148	0.004721718707582487
308000	-1713.6877518299673	-1558.620765563843	-155.06698626612442	0.12050160167509281	0.05595293937220161	0.1265987510974108	0.0035118350174853288
309000	-1716.0846951820297	-1557.5626000743705	-158.52209510765925	0.10430793341427443	0.040780739789325324	0.22995679931551932	0.0031232236290229575
310000	-1711.3161495119068	-1558.8849945295317	-152.43115498237506	0.15825548414445176	0.06435057027164169	0.14963964174300293	0.0029024884803806644
311000	-1711.6135954861297	-1560.3718526405519	-151.24174284557782	0.060860342246456624	0.10644559670106965	0.10213809689925202	0.001981722114650828
312000	-1710.671270513621	-1561.0614021713914	-149.60986834222967	0.121638485022402	0.10301528537135361	0.10760348179563345	0.0024683144010689047
313000	-1712.7960719978914	-1560.3323690464622	-152.46370295142924	0.06143908006646693	0.09411836689673195	0.12711237476245962	0.0010449708265988266
314000	-1712.1267959835352	-1561.3157440733016	-150.81105191023354	0.08920045583706225	0.07351520478156616	0.16557923385389903	6.0161657104275E-4
315000	-1716.1585928376862	-1561.0326172755479	-155.12597556213828	0.05334065017925922	0.21537360702191582	0.10052246882931339	0.0014035007193641752
316000	-1711.047714490253	-1560.1330835371118	-150.9146309531412	0.12124004408392981	0.06275127788739954	0.11679079733081715	0.0017627301711875406
317000	-1713.1623753374424	-1559.8933554104217	-153.26901992702062	0.04924502792725712	0.0818393287660081	0.13583679661286527	0.0016955994552292138
318000	-1710.9181091384594	-1559.9567472990489	-150.96136183941053	0.07208868311091031	0.09170771473954885	0.1122048426925466	0.002239130243802517
319000	-1710.8114785926425	-1559.6462725485408	-151.16520604410184	0.09588061247543124	0.06981523945340769	0.11286762321711247	0.0022397512686694594
320000	-1711.2410383455058	-1561.6418201177971	-149.59921822770866	0.12729821525868493	0.13323027652716257	0.11278380237245259	0.002041135804920498
321000	-1712.08322698673	-1560.4147687370353	-151.66845824969482	0.09911286960358341	0.10435742040029797	0.1581214344275297	0.0014162663183348743
322000	-1713.049843665021	-1560.3588697585983	-152.69097390642276	0.14872145405553025	0.0515189713890416	0.15503251470467727	0.0010497606392201005
323000	-1709.4704523135622	-1559.9289037352505	-149.54154857831162	0.10660562509755231	0.09743097009369146	0.1485224675790676	0.001992631253674262
324000	-1711.0992755425311	-1558.8219503914413	-152.27732515108974	0.07948531011478602	0.06021601495634546	0.12721828227144927	0.0025236669082138383
325000	-1712.2714749271913	-1559.1710683662766	-153.1004065609147	0.0951102338996615	0.0512241477272037	0.10141853620456673	0.0027492032951848605
326000	-1709.9031457793872	-1558.9904904766083	-150.91265530277875	0.11056833582375991	0.07677973205245732	0.1538544040565277	0.0027022644586399856
327000	-1709.8079562538437	-1559.6585479210935	-150.14940833275017	0.08731452543483366	0.0822013808297025	0.12253183403267313	0.002190564651107739
328000	-1713.3222992859914	-1559.791921631294	-153.53037765469765	0.08056303341548646	0.10008042054034846	0.15651808158589936	0.0018523687599262787
329000	-1711.7343661279128	-1561.7235182143709	-150.01084791354197	0.127837015800424	0.06915491123978502	0.14288987083310645	6.52063888433617E-4
330000	-1710.7306400506586	-1559.0313554337095	-151.69928461694906	0.1129007573164533	0.07298248797675334	0.15145368056514402	0.0024587710603780747
331000	-1711.21485932145	-1559.8302682273031	-151.38459109414677	0.13321176914156313	0.10350527746914899	0.1387948807821354	0.005784797452349319
332000	-1710.0540663151182	-1560.4345443834113	-149.619521931707	0.12504634213208002	0.1201064326672047	0.12357816299525065	0.0037782583389436458
333000	-1714.4180067444152	-1561.6471497978741	-152.77085694654107	0.12957299992605703	0.05579177054458414	0.08148032556575846	0.0024748452057481176
334000	-1710.5212538904689	-1559.2547141174973	-151.26653977297153	0.10424044380435646	0.08149007307420193	0.17733658276812736	0.0021393571289624043
335000	-1714.2421955005352	-1562.7543771332112	-151.48781836732417	0.15736153950835136	0.07106984394149922	0.1597995393953476	2.8126615878091855E-4
336000	-1710.852336255842	-1561.2130056992705	-149.63933055657145	0.10757597166628352	0.09662751854776287	0.10719360601757688	0.0015948000880014574
337000	-1710.6717455969329	-1560.9779251086427	-149.6938204882902	0.09401775840061408	0.09558465171033288	0.13580419696712454	0.0010376370023976777
338000	-1709.5822910939526	-1559.7234758557736	-149.85881523817898	0.11056959410868682	0.10310953074051495	0.13752482691663293	0.0033634977073215386
339000	-1712.6012149157064	-1560.199749581367	-152.4014653343393	0.0665086632281102	0.11205626350173459	0.13017923254439326	0.0023577806380998398
340000	-1717.0351161624242	-1562.6417869162383	-154.39332924618594	0.11288142790021834	0.12339357424153453	0.08375400693105452	0.002510830018074222
341000	-1710.9364220538264	-1560.4663959313627	-150.47002612246362	0.1062393218453311	0.10001366766646674	0.17732045880465064	0.001317877230756576
342000	-1712.4306928671433	-1562.1777992655946	-150.25289360154872	0.08589075115512568	0.07690572544170075	0.11437721908879167	4.7011431716414146E-4
343000	-1710.6431663554772	-1558.4615756145095	-152.18159074096775	0.12078376601591492	0.056406121338878894	0.14595907562878527	0.0026088300523425755
344000	-1711.711397220625	-1559.4790379060337	-152.23235931459126	0.0956570833874652	0.08560346705235913	0.18811841583699965	0.0038249180670205424
345000	-1712.8624900374907	-1559.8658386315533	-152.9966514059373	0.10301090649292766	0.11402636348800448	0.14767830364977685	0.003737407676100445
346000	-1716.191171573714	-1559.037982452311	-157.15318912140296	0.09891471159938335	0.030647476064860405	0.08694242750520285	0.002039171571530799
347000	-1711.5626148210767	-1561.2150408576686	-150.3475739634082	0.10985593418158769	0.13036924796925506	0.1100326516452968	0.005173598757993532
348000	-1710.181215457712	-1559.0264412655995	-151.1547741921125	0.09899018057020073	0.07654401005176321	0.14355907634221757	0.003073831568264036
349000	-1713.871863856282	-1561.7170090197612	-152.1548548365209	0.07749594287555653	0.08165850718050593	0.07130371240449809	0.00284007111305532
350000	-1709.7695196143677	-1560.4766904016444	-149.29282921272332	0.09840094948282993	0.10025901204130944	0.1174365175389247	0.0019344252950916152
351000	-1712.0460738199124	-1560.1471335318959	-151.89894028801655	0.07190199252504412	0.07168231203730589	0.09199923788624897	0.00181895809053143
352000	-1709.9946615259694	-1559.6722083900831	-150.32245313588626	0.11351595635435775	0.08703415122449494	0.12424672222448323	0.004142738470979948
353000	-1710.7951256082697	-1560.81681326932	-149.97831233894985	0.10567506572028117	0.0898196099344159	0.10774467738644987	0.0018308038155445583
354000	-1713.0282135148152	-1557.779196139843	-155.2490173749722	0.1288139304303818	0.046618959792258316	0.14638398425852756	0.00340636100747793
355000	-1712.18626310729	-1558.150998926269	-154.03526418102092	0.1259872007797531	0.054866750840388036	0.17331533032388402	0.005214127586223175
356000	-1712.1998002479415	-1558.479711157926	-153.72008909001548	0.14578392507739416	0.06812423591622596	0.1526292144187522	0.003983920821275182
357000	-1713.366995528498	-1563.5948904268541	-149.77210510164372	0.09822533987970697	0.07911830267780084	0.12718521374579142	5.395091642542333E-5
358000	-1710.7839377996788	-1560.0796982802055	-150.7042395194733	0.09521477610256822	0.11922174069199859	0.1385209459374575	0.00244681824374436
359000	-1710.9160241870138	-1560.4063393647348	-150.50968482227904	0.0687946833950762	0.1256387229013334	0.1432283255674178	0.0013160605845696268
360000	-1713.7072534057413	-1561.0812579047363	-152.62599550100506	0.05506019422700808	0.16960001826671037	0.12335034038902809	8.12071289467729E-4
361000	-1709.9406212917027	-1559.1731467270315	-150.76747456467112	0.11593997135281556	0.09420032565705469	0.1689791415222717	0.0033237666089512927
362000	-1711.081588434962	-1560.5850127007184	-150.49657573424358	0.08000161029318095	0.08672558905734983	0.09353808254129853	0.0019667300033124344
363000	-1714.2956630786223	-1561.7100651706767	-152.58559790794556	0.11298701083932801	0.057113355983669276	0.08914488960642242	0.001081630788926633
364000	-1712.1030210314834	-1560.4121510169007	-151.69087001458263	0.07105759451902371	0.11552402243491235	0.11299533046839742	0.001706727420418561
365000	-1711.9541848441418	-1562.5936553688098	-149.36052947533196	0.11611062897405905	0.09914561798637757	0.10261432480723633	7.387416022469616E-4
366000	-1711.6244865231586	-1560.6067393171725	-151.01774720598618	0.10491183889097212	0.06902916846457967	0.0942789101421735	0.0022300454201962883
367000	-1712.2081592350278	-1558.52242811915	-153.68573111587773	0.17089599899993027	0.06485771869115246	0.14772396634257168	0.004533292344493137
368000	-1713.332057925909	-1559.355307109201	-153.97675081670812	0.1260659641107162	0.04338552617277328	0.10704952288814823	0.0021274114058007255
369000	-1712.0005720578592	-1562.0615568035146	-149.93901525434478	0.07156188903417371	0.1252149297772805	0.09271897305684823	7.475171216902088E-4
370000	-1711.9337159378945	-1558.6336102954704	-153.3001056424242	0.15753930869116625	0.06660065813880284	0.15771352673072708	0.0032068677107113426
371000	-1716.270196499887	-1561.8131010786424	-154.4570954212448	0.0939934098885909	0.04331285163672342	0.07204763958629173	9.487861953201825E-4
372000	-1711.274829413929	-1562.8450912410835	-148.42973817284545	0.12514105823358904	0.11486960806316664	0.1474048290629815	3.3331439691467834E-4
373000	-1712.5501964042369	-1560.9777842946678	-151.57241210956917	0.07937191152875119	0.06919486440447621	0.08909712539795224	0.00121081730679262
374000	-1710.2529897789366	-1559.7588889310414	-150.49410084789525	0.11541101857521927	0.12342411360296025	0.16943008933709955	0.0031776110286443567
375000	-1710.5977001294157	-1559.2874696731888	-151.31023045622692	0.11535191905545131	0.08026566773332793	0.15330614726522354	0.0052813869010918954
376000	-1710.5268077882693	-1560.6717984072902	-149.8550093809791	0.11275293254046294	0.1268857853258431	0.13067668777010824	0.0021542300487339045
377000	-1712.4736235513983	-1561.6685529277763	-150.80507062362187	0.0750592193382925	0.12057149244445398	0.1679011569511328	5.513152436181157E-4
378000	-1711.101178285297	-1560.8861369784672	-150.2150413068298	0.07781617004575864	0.12390352039061647	0.12164709147921654	0.0012241494580878878
379000	-1710.4236352711398	-1561.5751438346408	-148.84849143649902	0.08849099237437072	0.1233542074371	0.11846364351773743	9.510411707253726E-4
380000	-1710.7922991462567	-1559.5711303087862	-151.22116883747051	0.09013958001889204	0.09745011689183247	0.16995567444806847	0.002239565201072076
381000	-1710.0708526616672	-1559.3893029444023	-150.68154971726506	0.10232754623013847	0.07300883086600266	0.12497268027164472	0.0024874542284186022
382000	-1711.7547888463828	-1561.9035115827367	-149.8512772636462	0.11107769407844727	0.12600890012022922	0.09455272992942501	0.002355972733030063
383000	-1711.2753174129384	-1561.5714337002996	-149.70388371263877	0.12189058296743288	0.1345287511112013	0.14165617644201256	0.0011787505073658242
384000	-1710.7001176496378	-1561.972136143518	-148.72798150611985	0.08892844666522623	0.1028831301705611	0.11227072921807095	7.022572865622969E-4
385000	-1710.2236748474643	-1560.7059556721729	-149.51771917529143	0.08686546213925564	0.0901337958930808	0.12952121955209756	0.0011195390644602422
386000	-1711.2095119566586	-1560.8702690059558	-150.33924295070278	0.1516964698168183	0.10485612840927175	0.13092314217971687	0.0022552004863942293
387000	-1715.730025906458	-1559.442496838552	-156.28752906790606	0.0482231708142217	0.05070628991626989	0.15219149167956691	8.496682961169088E-4
388000	-1712.946019872906	-1563.738616135374	-149.20740373753188	0.11052653065601023	0.09340500454479196	0.09161574025610145	1.7265114915229187E-4
389000	-1711.5600937633576	-1559.467087696062	-152.0930060672956	0.08268869377572262	0.06045596541116826	0.10353539641819418	0.002099430424551801
390000	-1710.6782308549696	-1559.7557793487558	-150.92245150621372	0.08278167990879211	0.10375721941817384	0.14838085781367172	0.0025419674306975232
391000	-1710.7110411667636	-1560.1043684411704	-150.60667272559306	0.1102399882821706	0.08502537413661634	0.11508966813133052	0.0025373702792528163
392000	-1711.3533328325275	-1558.8558334707304	-152.49749936179717	0.11509190164428867	0.0643643003805895	0.12983362754584057	0.004113582899380371
393000	-1713.6993859375948	-1559.719841418925	-153.97954451866977	0.08428959480206476	0.060155122855679685	0.2029558117895156	0.0011156562143227657
394000	-1712.3084128251141	-1559.7690528016917	-152.5393600234225	0.12261441917300035	0.05337061441583812	0.10204108267451469	0.002673287671997316
395000	-1715.8945335865412	-1561.9634145178352	-153.93111906870604	0.09578466981605256	0.21696746439771308	0.12335441184039482	0.004963800345216036
396000	-1713.239752180289	-1561.6211598033365	-151.6185923769526	0.06981917464248413	0.09490404688295134	0.09032390913700591	8.494876758903703E-4
397000	-1710.655930622757	-1560.5515003843911	-150.10443023836592	0.08141973560734594	0.09586397002784335	0.09764332174158458	0.0022236305629265993
398000	-1710.3239308330567	-1561.5288436575372	-148.79508717551943	0.1257206311876496	0.1071109970881112	0.11357700100344034	0.0016133485469214353
399000	-1711.5284604326241	-1561.0330353419454	-150.49542509067874	0.08734867750701146	0.09877489474610031	0.09812001022252455	0.004231898339539913
400000	-1710.1718056872205	-1559.397084583242	-150.77472110397832	0.09092435606343933	0.07368089468954789	0.13564588131543043	0.0019432696756002323
401000	-1711.5249856345904	-1561.868218482209	-149.65676715238155	0.10311253945967226	0.14634315654779892	0.12820438773537743	9.489779596551189E-4
402000	-1716.81075998378	-1561.3231133814145	-155.48764660236552	0.04425853327487947	0.09753138654214841	0.0637001497655144	0.0010046988425888197
403000	-1711.6337837236692	-1559.7725943193664	-151.8611894043028	0.06246779892845515	0.0810397978396984	0.11602483663743204	0.002244789227887894
404000	-1711.5435618961192	-1560.774077962026	-150.76948393409327	0.1130922189431763	0.12736761725515178	0.11452092218127244	0.0034361110405891505
405000	-1709.6305645298744	-1560.1009204155368	-149.52964411433743	0.1185184995484425	0.11563600152587207	0.1338828603575735	0.003185801458996223
406000	-1711.2315625948147	-1559.076438114432	-152.1551244803828	0.11465170391523626	0.07489591230479942	0.19533276578414635	0.0021451369334218105
407000	-1713.1931797200666	-1558.670461135121	-154.5227185849456	0.0948951325538265	0.046791698020848656	0.10884765327641836	0.0027344697928157534
408000	-1711.7336382030974	-1560.772268066504	-150.96137013659342	0.14859162186159897	0.10748551823490542	0.11819315557965661	0.0073392368044185325
409000	-1711.0231819532685	-1561.834872694363	-149.18830925890543	0.08864568717505701	0.10163049056855285	0.1062784530608634	8.3261411807233E-4
410000	-1711.0230886447016	-1560.7383509796068	-150.28473766509484	0.13334484561234827	0.07198763022316283	0.13994520859017917	0.0012391134069715077
411000	-1716.1297217639783	-1561.5380618030965	-154.5916599608818	0.055044652571902115	0.11283966351653787	0.15118984372135014	0.002780590068022561
412000	-1709.8592832479808	-1559.5616643504236	-150.2976188975573	0.10306671052677759	0.08339540751028952	0.12321874400630091	0.0034404012595151234
413000	-1714.2898333242204	-1563.6370633663244	-150.652769957896	0.17024026978424256	0.15114060760874515	0.10124930162255522	7.726098313894334E-4
414000	-1710.087070628569	-1559.164026945187	-150.92304368338196	0.08630323863560276	0.0776043720477061	0.1497431582837542	0.0023266441207204047
415000	-1711.9894139730777	-1563.209729641929	-148.7796843311486	0.11315136084449212	0.08478298874845108	0.10204268318497471	3.1605968731417095E-4
416000	-1711.3239485936433	-1559.3457766206259	-151.9781719730174	0.08639415644180604	0.062198831432591674	0.13157883549723537	0.0016033741656056692
417000	-1713.260776627548	-1559.165180420348	-154.09559620720015	0.09153304112314657	0.07836689818678023	0.17762408210070957	0.0033463773245173143
418000	-1711.600077125963	-1559.3333502130768	-152.2667269128863	0.06971166089319886	0.07209159155663336	0.13591689187570874	0.001712588975969949
419000	-1712.027552468239	-1560.7296465493391	-151.29790591889994	0.10349858401149602	0.09200143508410327	0.11416204023165642	0.001678438144204918
420000	-1711.1597391536186	-1560.8709640671377	-150.28877508648088	0.06958831323964339	0.14071993068668823	0.11055690877766748	0.0013739518658907885
421000	-1715.4198078986678	-1559.5107684670895	-155.9090394315783	0.06222739787685814	0.06354442612453197	0.10712554857442125	0.0024643211074605667
422000	-1713.6294280844488	-1562.0408780405417	-151.58855004390725	0.0852061928068364	0.09394780428381308	0.07468725205949027	0.003471549916961049
423000	-1713.2577605301053	-1562.1143704382575	-151.1433900918479	0.0798242399910731	0.1299390077362943	0.07893663448379476	0.0016653543653092717
424000	-1712.0819655831203	-1558.407942399922	-153.67402318319847	0.11340887774097055	0.06722300321107906	0.19047060531855192	0.003008580934293491
425000	-1710.1600055595925	-1560.6161507108054	-149.543854848787	0.11119423940926192	0.10213828562212623	0.10936586857816008	0.002839725809734162
426000	-1709.7787365975307	-1560.4952315253963	-149.28350507213446	0.08763346583312977	0.10555807494406298	0.12044381192623443	0.0016434139883664092
427000	-1710.9108873579667	-1559.5384760873465	-151.37241127062018	0.09318454242566739	0.08796375741704715	0.14113588861225546	0.003669763867642085
428000	-1712.791288975436	-1560.2499783599442	-152.5413106154917	0.06974317459570475	0.06104930260093552	0.15776076534369318	7.92085827835169E-4
429000	-1711.7873966362563	-1560.0019978187856	-151.78539881747056	0.10634761287255559	0.07876857782727921	0.11048376007685409	0.004487463990116724
430000	-1711.4248852921694	-1560.5559597351883	-150.8689255569811	0.07192364069966689	0.07934954653022502	0.0979035533406435	0.0012914463989438252
431000	-1713.2270102826017	-1559.3929611087815	-153.83404917382023	0.05522758138617205	0.06074295590808949	0.1165986343446623	0.0012488329549194966
432000	-1710.7151097252577	-1560.4235054341757	-150.29160429108202	0.07633400952173247	0.1369764850883761	0.13271176833062087	0.001746412133004877
433000	-1713.8485573004323	-1563.406948408246	-150.4416088921863	0.09391389290831378	0.12244297814638032	0.07006331765886016	0.00135043378323502
434000	-1710.7450565061847	-1560.79923989928	-149.94581660690466	0.07131186942486059	0.12257111017871654	0.13520095182810102	0.0010399109872105984
435000	-1712.3653712988958	-1559.8527756645528	-152.51259563434286	0.07816701524212875	0.0669703452538258	0.18158250039258378	0.0010914543707474316
436000	-1712.5818239936373	-1560.4365253593396	-152.1452986342976	0.10055411558013508	0.07949851077669531	0.09673242571248969	0.003307576496224051
437000	-1710.0645083151212	-1558.9357191726374	-151.12878914248375	0.11191848184944234	0.06743912149323382	0.13255640867846757	0.0030008569886300087
438000	-1716.9416713841115	-1559.4935697619944	-157.44810162211695	0.0697720247824869	0.055390015931470124	0.11971141533985216	0.0034294602650271574
439000	-1711.006170309114	-1560.6366539100763	-150.36951639903765	0.16195263803551974	0.10964575704905215	0.13088485776649744	0.0031421933265231424
440000	-1712.4120244053813	-1559.5124015882884	-152.8996228170929	0.07964057933854808	0.0577113543039494	0.10543673896905573	0.001693097648965336
441000	-1710.046415135061	-1560.1451977814993	-149.90121735356163	0.08937754871399776	0.09141152731262694	0.14944054928150682	0.0014079131670245316
442000	-1711.9023314699102	-1559.7785457792627	-152.12378569064765	0.09424871004411413	0.061835824486452036	0.09793551529215158	0.002596690163657035
443000	-1712.2450193023587	-1559.6819378287432	-152.5630814736156	0.09292311119050185	0.09575893802062027	0.20800818982887004	0.0030795079586669613
444000	-1713.885507353796	-1559.856287704381	-154.02921964941496	0.08662282456176125	0.05091995091537645	0.08637000365505781	0.0031365531123098574
445000	-1714.2926179935935	-1560.9736781094664	-153.31893988412702	0.13741342467227707	0.04496000373905171	0.1561856463456961	6.628103847412042E-4
446000	-1713.562190578337	-1558.2330072595164	-155.3291833188206	0.18573427301650025	0.06717192986927974	0.16239637471836524	0.0050011564333662896
447000	-1712.8319290547513	-1558.8450450984783	-153.9868839562731	0.08983712898929747	0.06990203797236509	0.15481368919453292	0.0029964314240889757
448000	-1709.7605118799631	-1560.2697493057358	-149.49076257422732	0.10011862286752637	0.1162719049170576	0.122224258441258	0.003085001764387533
449000	-1711.9243558121314	-1560.6874601055626	-151.2368957065687	0.07149023607974822	0.0894123374191796	0.08684920775486289	0.002391077723684249
450000	-1710.2910369681974	-1560.2892315687898	-150.00180539940774	0.08758021575895249	0.08910126433137505	0.11357590844069819	0.0017396481904007938
451000	-1710.02412877592	-1559.3851502116681	-150.63897856425194	0.11150125093934858	0.08165032753785079	0.1289227103681071	0.003812166030455273
452000	-1712.5017350559747	-1558.2214188894723	-154.28031616650242	0.07714199307528484	0.04455071613029792	0.1341478611134979	0.0018654007508107538
453000	-1711.6167137541593	-1561.4515769227573	-150.16513683140184	0.10558730076479597	0.08651688655909463	0.08764933690480856	0.0024255174300032317
454000	-1711.9337744335796	-1560.3319647787432	-151.60180965483633	0.057212557536763055	0.09648151877496561	0.14989193257501537	9.350657336103368E-4
455000	-1714.6730248790745	-1558.9581667188436	-155.71485816023096	0.12456171875064441	0.046594913971265334	0.10965686827410973	0.0038054238649614454
456000	-1712.6207272286542	-1562.423394460819	-150.19733276783506	0.06462222551972059	0.13757080416309575	0.11969037711615187	3.549126491890955E-4
457000	-1712.7958726840109	-1563.4863115661192	-149.30956111789172	0.11594501958853887	0.11202884720142904	0.07917805042227831	9.438272030192255E-4
458000	-1711.2471814476376	-1562.4043970272314	-148.84278442040605	0.11958832789090275	0.13083080942501643	0.10014642566181087	0.0013782797306630648
459000	-1714.0173351359615	-1559.9879554386303	-154.02937969733134	0.05599572801402504	0.07354155589146706	0.09496199300009929	0.0013628898495601648
460000	-1709.869044324311	-1560.0845876431795	-149.78445668113164	0.09896967661304908	0.12576652570154687	0.14084397724733724	0.0029655990994338914
461000	-1711.597543789349	-1563.2489643865574	-148.34857940279153	0.10774997562717552	0.09576208488357157	0.10362245199907713	2.966011926409331E-4
462000	-1711.7414046913364	-1560.6313399294415	-151.11006476189482	0.1103945320916449	0.07595158359583104	0.09493734963658532	0.003199292839745587
463000	-1713.651025940337	-1560.6159451269846	-153.03508081335227	0.05398893866732917	0.08976375852177934	0.10550154985244116	0.002489376642707267
464000	-1710.7187226412348	-1560.7721579694933	-149.94656467174153	0.08488547709956583	0.11582193789763459	0.10657975931188357	0.0018738437772127575
465000	-1713.9068195622722	-1559.272703220996	-154.63411634127615	0.06989759583773507	0.052266358805371546	0.10085427836353437	0.0016310591511044662
466000	-1710.544542228399	-1559.6095861175754	-150.93495611082366	0.09482292771643197	0.10513335577550967	0.1680263085386484	0.002781265182600228
467000	-1711.6495702311904	-1561.8254946580842	-149.82407557310623	0.1518070206289016	0.08521956115593678	0.1465871426349	8.13546565686094E-4
468000	-1714.3169595553566	-1562.3779394735498	-151.93902008180677	0.06414118708813045	0.08322770253821606	0.1141680375344791	3.125121182019341E-4
469000	-1712.350456026106	-1559.1789752971529	-153.17148072895316	0.14546912206868215	0.058529153437552585	0.13110253597552451	0.00647844191722604
470000	-1710.869599417388	-1561.0579599336081	-149.81163948377986	0.0858365673777496	0.1352260940800762	0.14531804540657398	0.001079607773504429
471000	-1713.9784347630957	-1563.8920418722057	-150.08639289088993	0.0738220812399849	0.07701000381847953	0.0997789384928642	3.065525763389439E-5
472000	-1710.1220931309745	-1559.7727964333812	-150.34929669759327	0.08702447033627787	0.10567713690493787	0.14916199758960477	0.002868132648447336
473000	-1710.1780475554717	-1560.3570706455398	-149.82097690993194	0.09833954391110163	0.09577334913714851	0.1085087055354565	0.0026090677687167943
474000	-1714.1029594041129	-1558.8235581332067	-155.27940127090628	0.07153439768777815	0.053145134971970265	0.1388422427081054	0.002963079151741045
475000	-1710.6317593621807	-1560.3362720464256	-150.29548731575517	0.07817984643332794	0.08979917278234519	0.1395428165750936	0.0011663443067532293
476000	-1711.5294491648401	-1558.7909950571375	-152.73845410770255	0.13987585687998888	0.0527567785152675	0.12541827888745286	0.003142683702904249
477000	-1711.519105929817	-1562.538884772652	-148.98022115716498	0.1249682552296667	0.09537972491908371	0.1349689339748737	4.725815803589401E-4
478000	-1710.531243415336	-1560.2333606476875	-150.29788276764833	0.14425245614745713	0.08626766959500815	0.11840227194683371	0.0034336925793131173
479000	-1713.9526983642618	-1562.4697164709155	-151.48298189334622	0.13019973993443876	0.0994093583705523	0.13103184167534604	0.011078090142285302
480000	-1710.2857446693215	-1559.9553569511995	-150.3303877181219	0.07222817637667336	0.09321736099012701	0.13207563321929283	0.0015272524081902043
481000	-1710.7620469787307	-1560.2996235547675	-150.46242342396326	0.09448882870899929	0.1386248916597752	0.1413286302018233	0.003243078012777685
482000	-1711.969296952732	-1558.6139721176214	-153.35532483511057	0.12639367937197016	0.07347830521511946	0.19355023055918286	0.0028543787574553422
483000	-1715.5472480423373	-1558.800709112962	-156.74653892937528	0.12445503440832695	0.030892591575348394	0.11966459197840766	0.0013896583151326997
484000	-1711.2520414574306	-1559.9388508332167	-151.31319062421377	0.15045711434124942	0.1334582126512129	0.15212056665441298	0.0054370993556981115
485000	-1710.4615261193353	-1560.1972626676159	-150.26426345171956	0.13111408451263967	0.09348564043858842	0.11623284352396979	0.004372963668443376
486000	-1710.34341339206	-1560.4219768949652	-149.921436497095	0.0946875241355375	0.08525085047948747	0.10821577247880065	0.0018660027338197427
487000	-1710.6834684335972	-1561.094469016312	-149.58899941728538	0.10553952311859764	0.07847745550252222	0.11641801777503188	0.0011392881500629024
488000	-1710.6869352078306	-1561.513566325606	-149.1733688822245	0.11115794640701283	0.0925525593395345	0.09957202280895752	0.001615804621972877
489000	-1711.8390952070727	-1560.8262588107482	-151.0128363963244	0.08993825708534245	0.13930947166274782	0.11060061943620056	0.0027585456015519934
490000	-1711.1041523783124	-1558.742289544891	-152.36186283342138	0.08503899378778924	0.06579855935830468	0.1669696558786664	0.0025416160481610463
491000	-1709.927196383716	-1560.9437249821008	-148.9834714016151	0.11559422902754057	0.11624760782371849	0.11748292733287001	0.002143962074950076
492000	-1711.1343903256338	-1560.1854964045028	-150.94889392113097	0.08571278520657868	0.08025334780548386	0.1497349811746402	0.0011867109256219605
493000	-1712.6743590698277	-1561.2830110083578	-151.39134806146998	0.07009957338693439	0.0927617568285063	0.08766617031579364	0.0011195354344934708
494000	-1710.514476511398	-1559.6165432727164	-150.89793323868153	0.08033827391229797	0.09287066521867744	0.16743290045160886	0.0019292060077763273
495000	-1710.36655363908	-1558.8232491127033	-151.54330452637674	0.11890974368797268	0.07038898448938699	0.14249050193898188	0.003186892488330551
496000	-1710.8176612960474	-1560.8718270116708	-149.94583428437662	0.08327235792191952	0.11826634010143133	0.09881778068614884	0.0024754504921909114
497000	-1710.134331050742	-1560.938298315074	-149.19603273566804	0.12820480970860984	0.11080962499129392	0.15081196847410472	0.001453731633746537
498000	-1710.6212084191159	-1561.2226568179422	-149.39855160117378	0.14377001862932473	0.10915350373766725	0.12012783757449552	0.0022082916791086185
499000	-1712.2906962132054	-1561.7899044095388	-150.50079180366657	0.12699798147089492	0.06540458400086181	0.09999728262037044	0.0010685057679293132
500000	-1711.9913809335226	-1559.8719355727383	-152.1194453607844	0.07124521518914095	0.0939059616475175	0.17974989195537502	0.002372098377148414
