#
#model:
#
#<?xml version="1.0" encoding="UTF-8" standalone="no"?><input id="posterior" spec="beast.core.util.CompoundDistribution">
#    <distribution id="prior" spec="beast.core.util.CompoundDistribution">
#        <prior id="lambdaPrior.bfd" name="distribution">
#            <parameter id="lambda" lower="0.0" name="x" spec="beast.core.parameter.RealParameter">0.01</parameter>
#            <Gamma id="Gamma.0" name="distr">
#                <parameter estimate="false" id="RealParameter.1" name="alpha" spec="beast.core.parameter.RealParameter">2.0</parameter>
#                <parameter estimate="false" id="RealParameter.2" name="beta" spec="beast.core.parameter.RealParameter">200.0</parameter>
#            </Gamma>
#        </prior>
#        <distribution id="snapprior.bfd" lambda="@lambda" spec="snap.likelihood.SnAPPrior">
#            <parameter estimate="false" id="alpha" lower="0.0" name="alpha" spec="beast.core.parameter.RealParameter">11.75</parameter>
#            <parameter estimate="false" id="beta" lower="0.0" name="beta" spec="beast.core.parameter.RealParameter">109.73</parameter>
#            <parameter estimate="false" id="kappa" lower="0.0" name="kappa" spec="beast.core.parameter.RealParameter">1.0</parameter>
#            <parameter id="coalescenceRate" name="coalescenceRate" spec="beast.core.parameter.RealParameter">10.0</parameter>
#            <tree clusterType="upgma" id="Tree.bfd" nodetype="snap.NodeData" spec="beast.util.ClusterTree">
#                <taxa dataType="integerdata" id="snap.bfd" spec="snap.Data">
#                    <taxonset id="ant" spec="beast.evolution.alignment.TaxonSet">
#                        <taxon id="Amotape_B67243.Tumbes.Amotape" spec="beast.evolution.alignment.Taxon"/>
#                        <taxon id="Amotape_B67257.Tumbes.Amotape" spec="beast.evolution.alignment.Taxon"/>
#                        <taxon id="Canchaque_B72873.Piura.Canchaque" spec="beast.evolution.alignment.Taxon"/>
#                        <taxon id="Canchaque_B72878.Piura.Canchaque" spec="beast.evolution.alignment.Taxon"/>
#                        <taxon id="Porculla_B72863.Piura.Porculla" spec="beast.evolution.alignment.Taxon"/>
#                        <taxon id="Porculla_B72866.Piura.Porculla" spec="beast.evolution.alignment.Taxon"/>
#                    </taxonset>
#                    <taxonset id="bar" spec="beast.evolution.alignment.TaxonSet">
#                        <taxon id="Carpish_B72761.Huanuco.Acomayo" spec="beast.evolution.alignment.Taxon"/>
#                        <taxon id="Carpish_B72772.Huanuco.Mitotambo" spec="beast.evolution.alignment.Taxon"/>
#                        <taxon id="Chavinillo_B72789.Huanuco.Chavinillo" spec="beast.evolution.alignment.Taxon"/>
#                        <taxon id="Chavinillo_B72792.Huanuco.Chavinillo" spec="beast.evolution.alignment.Taxon"/>
#                        <taxon id="Quichas_B72777.Lima.Quichas" spec="beast.evolution.alignment.Taxon"/>
#                        <taxon id="Quichas_B72778.Lima.Quichas" spec="beast.evolution.alignment.Taxon"/>
#                        <taxon id="Huamatanga_B72889.Lima.Huamatanga" spec="beast.evolution.alignment.Taxon"/>
#                        <taxon id="Huamatanga_B72892.Lima.Huamatanga" spec="beast.evolution.alignment.Taxon"/>
#                        <taxon id="LaQuinua_B72753.Pasco.LaQuinua" spec="beast.evolution.alignment.Taxon"/>
#                        <taxon id="LaQuinua_B72756.Pasco.LaQuinua" spec="beast.evolution.alignment.Taxon"/>
#                    </taxonset>
#                    <taxonset id="cur" spec="beast.evolution.alignment.TaxonSet">
#                        <taxon id="curtata_cra.cur.B6032" spec="beast.evolution.alignment.Taxon"/>
#                        <taxon id="curtata_cra.cur.B8175" spec="beast.evolution.alignment.Taxon"/>
#                    </taxonset>
#                </taxa>
#                <parameter id="RealParameter.0" lower="0.0" name="clock.rate" spec="beast.core.parameter.RealParameter" upper="0.0">1.0</parameter>
#            </tree>
#        </distribution>
#    </distribution>
#    <distribution id="likelihood" spec="beast.core.util.CompoundDistribution">
#        <distribution data="@snap.bfd" id="treeLikelihood.bfd" non-polymorphic="false" pattern="coalescenceRate" spec="snap.likelihood.SnAPTreeLikelihood" tree="@Tree.bfd">
#            <siteModel id="MutationSiteModel.bfd" spec="beast.evolution.sitemodel.SiteModel">
#                <parameter estimate="false" id="mutationRate" name="mutationRate" spec="beast.core.parameter.RealParameter">1.0</parameter>
#                <parameter estimate="false" id="shape" name="shape" spec="beast.core.parameter.RealParameter">2.0</parameter>
#                <parameter estimate="false" id="proportionInvariant" name="proportionInvariant" spec="beast.core.parameter.RealParameter">0.0</parameter>
#                <substModel coalescenceRate="@coalescenceRate" id="MutationModel" spec="snap.likelihood.SnapSubstitutionModel">
#                    <parameter estimate="false" id="u" lower="0.0" name="mutationRateU" spec="beast.core.parameter.RealParameter">1.0</parameter>
#                    <parameter id="v" lower="0.0" name="mutationRateV" spec="beast.core.parameter.RealParameter">1.0</parameter>
#                </substModel>
#            </siteModel>
#        </distribution>
#    </distribution>
#</input>
#
Sample	posterior	likelihood	prior	theta0	theta1	theta2	theta3	theta4	TreeHeightLogger
0	-1769.8572553419772	-1522.3427330999164	-247.51452224206074	0.0867365380432809	0.11638723679732715	0.10631721576875384	0.07266343855467347	0.18206504738323762	0.005085474352660512
1000	-1771.4307352790634	-1523.4151357475237	-248.0155995315398	0.06005760522874451	0.10422960832382216	0.08326177290294556	0.08978165035584969	0.18607156209739154	0.003645634966774035
2000	-1769.6948800035361	-1522.1933656468445	-247.50151435669153	0.12275594918749227	0.14007585526223562	0.07169529318850168	0.11505288066280972	0.19425346819116646	0.006755109119014352
3000	-1770.5679081200224	-1524.0519881440719	-246.51591997595048	0.11733915590982627	0.09449517933303392	0.15190699657168769	0.11286259644745061	0.18414149668160468	0.0055323220723198265
4000	-1773.8670092962968	-1526.005697942219	-247.86131135407783	0.070291126466802	0.10891963618120452	0.12697807552657747	0.06383455847500917	0.10797264062594475	0.0032573101765155125
5000	-1770.3789466019684	-1524.8946662601231	-245.48428034184525	0.10130667901749961	0.10753173999373816	0.1695859144954655	0.08924358493501705	0.16169976095673164	0.0045108572613036715
6000	-1773.0062871560344	-1522.498188920958	-250.50809823507652	0.12191810523869526	0.06978210015208156	0.04906036307527369	0.07292898871173438	0.1463612306850615	0.00604628012229564
7000	-1770.9313617927723	-1524.840537620249	-246.09082417252338	0.08946580413599763	0.12840708945709167	0.08581864520727259	0.11555814221306884	0.13829982096845878	0.006846831150316351
8000	-1768.863383900084	-1522.2809234795432	-246.58246042054097	0.09326483598917701	0.11710375145787953	0.09723528558619574	0.08067494814547314	0.17665354476463493	0.005382985646018789
9000	-1771.3944652841924	-1522.0158154528194	-249.37864983137297	0.07685281869569263	0.12434555507397944	0.058743257265495376	0.07282555577682678	0.1450372186480066	0.0049478872016199184
10000	-1773.2928092812554	-1524.2207437086481	-249.07206557260716	0.1492520651202571	0.08736692145835795	0.07280011592337528	0.16649923550631968	0.13044202394734902	0.0066204903842585075
11000	-1771.854465177241	-1523.8707172272761	-247.9837479499649	0.13768499788380795	0.08050187655184587	0.09802606423125068	0.07647362439720479	0.16021239691643233	0.004618525753184087
12000	-1774.204549591534	-1524.4496411694863	-249.75490842204778	0.09477619323478734	0.057284697099399685	0.05929406731316178	0.13268884637425832	0.18358542933164249	0.0048697529946570735
13000	-1771.1531102881675	-1523.2212326037843	-247.9318776843832	0.13316581682065773	0.10528231413659882	0.12974800633193714	0.11786062155231684	0.21213110568271137	0.005481954561875014
14000	-1772.8196596363866	-1525.012289304494	-247.8073703318925	0.06269921269469078	0.07558515363347278	0.09475997295220384	0.09307861649245712	0.11247051426935861	0.005011504221824712
15000	-1771.8277494160739	-1525.4007962348614	-246.42695318121238	0.08817366963814381	0.11727651647533958	0.1263938147899084	0.10164264769377555	0.15362024005858452	0.0047272952592160526
16000	-1774.5954905173282	-1521.5037749537134	-253.09171556361477	0.15133576179864308	0.14171628968493985	0.05978790415244872	0.056917087945549914	0.2054504073066766	0.006348300282194516
17000	-1773.0938159034822	-1521.1365903759151	-251.95722552756718	0.16395483631041882	0.14093175735732785	0.050945115441847634	0.10622093344344033	0.19872890323886358	0.008452963496770959
18000	-1769.7948310297875	-1524.0160600621064	-245.77877096768117	0.12968119218668403	0.1283153903331897	0.07946125495545384	0.1465245624258479	0.15260891088740705	0.005661670043645207
19000	-1772.2144265376178	-1526.7495423216537	-245.46488421596416	0.1365622140109187	0.15108642400223948	0.12954181001678677	0.10509832691810721	0.12877488479527768	0.006525325269114289
20000	-1768.402893456177	-1521.3572098140785	-247.0456836420985	0.1199426813302703	0.13039261985359082	0.08009907698572928	0.0916509427158828	0.18649479225523774	0.00682557132266017
21000	-1769.5196078022434	-1524.1011261849221	-245.4184816173212	0.08869839478555007	0.13444322518238988	0.1129311619900972	0.08383094418738764	0.16983310680527813	0.004067602464486949
22000	-1772.7346681158265	-1528.056710181943	-244.67795793388353	0.06664746627011135	0.12666772022655887	0.11600353196736372	0.09320933249035848	0.14028830386197422	0.0025760132533171765
23000	-1772.4817726447661	-1523.2938010690877	-249.1879715756783	0.060239575740409695	0.06939180019465506	0.0596504436640825	0.0932636984851288	0.15015878439043673	0.0028112938992422443
24000	-1771.8516371658422	-1522.9125743965117	-248.93906276933066	0.06627423051128366	0.09927222852371846	0.07854192298911902	0.09448965600731875	0.15542966233293604	0.0053975163893473935
25000	-1773.0299533709976	-1526.138524337148	-246.89142903384956	0.11233800171646599	0.10252622041491026	0.08510664518281154	0.08294213006588089	0.09939286394461207	0.005523398024446657
26000	-1772.9280961068644	-1522.6321650482864	-250.29593105857802	0.0587474767981458	0.10612367276241423	0.07479678894114337	0.05369382238278545	0.15563375297793078	0.0039887445628481125
27000	-1769.8736356936688	-1522.2094541969846	-247.6641814966842	0.0959951310999283	0.14965342455211966	0.0822333148166047	0.06901696242766084	0.17269960740275853	0.0051027008856948585
28000	-1769.6985594917278	-1523.1044323408619	-246.594127150866	0.12663848467324818	0.11648779128862097	0.15715538069293422	0.10866115575279323	0.19425985213396454	0.0059710504371254785
29000	-1770.3566671291974	-1521.8083318861923	-248.5483352430052	0.1227964748555769	0.1213201697563891	0.05954661724621402	0.08523187829435012	0.166865320929307	0.008059336120574613
30000	-1771.7626390347023	-1524.954541727814	-246.80809730688824	0.075816721737475	0.0709598026178457	0.12762297663051578	0.11867178569990634	0.15325113780600563	0.006000583731099355
31000	-1771.000045873854	-1524.8822035146113	-246.11784235924267	0.09628692554926857	0.10209314196885326	0.07559557692564199	0.13657212958858173	0.1494357044785044	0.00608808281692623
32000	-1774.3582617562743	-1525.7373496365622	-248.62091211971216	0.09510885595254497	0.13486463719828684	0.0651364035578463	0.06837756640505932	0.14241331577098956	0.006664047430578483
33000	-1773.658626633835	-1525.7783822275946	-247.88024440624037	0.06499902239361081	0.07235741495176494	0.08072430524009123	0.14198451742044946	0.10516268792057966	0.004712763987213034
34000	-1771.4052528326538	-1525.303666181263	-246.10158665139085	0.07358947401588006	0.06716867482553796	0.1527714896322986	0.10222513370658133	0.14215612827010282	0.0036668003722779507
35000	-1773.122621810483	-1525.0085994046804	-248.1140224058027	0.06949462331237148	0.07911164967732175	0.07015025950784952	0.13906204541035883	0.12923054288080785	0.006208293917277997
36000	-1770.4870742321275	-1524.683049235448	-245.80402499667954	0.07987104872498206	0.11181815973332444	0.06836266780303137	0.08782098129004506	0.12360434245212307	0.004146915471287594
37000	-1770.5591938255357	-1524.3007172544185	-246.25847657111706	0.1223092697157264	0.10485567636609723	0.07766244288533951	0.11380685314743211	0.1345040497432807	0.005120016817299212
38000	-1772.1453273469308	-1524.9447343104507	-247.20059303648003	0.11504536174827154	0.12313433682553884	0.08011960516880247	0.12135156560278858	0.14041404783470404	0.009642502209473266
39000	-1770.2808592506112	-1523.1297484189854	-247.1511108316258	0.08753024880897617	0.06592529116925491	0.0737617395828958	0.09664644964556637	0.1307792011019656	0.005308097692255106
40000	-1776.9198352030712	-1524.9618072896428	-251.95802791342837	0.060979684070432895	0.07400586030738776	0.2314002042819426	0.06759487860472087	0.15274287178828413	0.003197238702496322
41000	-1774.043358362642	-1522.3690145082924	-251.67434385434964	0.07300830520657003	0.09128759946106162	0.05892726970996965	0.07453279787445466	0.15653870861537805	0.005825520539775539
42000	-1770.3410786144625	-1523.3378810264849	-247.00319758797767	0.15721287069317613	0.08914987782729077	0.09509357173301357	0.10824212464325003	0.16152917172189943	0.007898283453442482
43000	-1772.7680211034601	-1526.2646533489155	-246.5033677545445	0.060277630714111935	0.09712239700950466	0.08314694778169315	0.09016369370262983	0.12987384481163602	0.0033569634392004617
44000	-1773.1938705936786	-1525.8832518991958	-247.31061869448294	0.0787938434740154	0.1902267889260023	0.1107027016809773	0.07799083495302825	0.12107197869575344	0.004991929651245104
45000	-1773.073945215761	-1523.4921313048515	-249.58181391090955	0.13079918828589593	0.11784512309170397	0.12821103487380434	0.09624414875534165	0.22688931247053298	0.010289347357295153
46000	-1771.0023876735622	-1526.3998634155812	-244.60252425798106	0.08509670955216861	0.08876625769995156	0.10877433360369143	0.07963287653449297	0.10937569145630785	0.0037853945360595497
47000	-1777.4109401380356	-1522.8012208327823	-254.60971930525335	0.1382601111569239	0.07981902451365279	0.046601631309693685	0.0397247237154403	0.14223640814629795	0.0049515918698807915
48000	-1770.5677107799818	-1522.1888122316252	-248.37889854835655	0.09034537170700487	0.07167000770996455	0.0743882831369677	0.0861364192817327	0.1779210610996723	0.00593829274122732
49000	-1768.673023714005	-1522.1179336233215	-246.5550900906834	0.1197143880863862	0.10719259043073431	0.0909052324184926	0.12568023678412893	0.1750637918966979	0.007382198578889097
50000	-1773.3843561704057	-1524.3168568399137	-249.067499330492	0.10605805547659326	0.07945155945338046	0.04626135837717306	0.11741337431864615	0.1306368115350373	0.0059570111408479495
51000	-1769.8929729776187	-1525.2767955087947	-244.61617746882382	0.08760564723200041	0.14428249142663155	0.10219497794526214	0.10852910367304255	0.12939845748433376	0.004616019347817964
52000	-1773.2588116937043	-1525.4572605280473	-247.80155116565703	0.1635667180108763	0.12073857908621059	0.1058707345312605	0.17819554594160011	0.16565229309516627	0.0074924376582401735
53000	-1774.0160603171162	-1526.6039916695063	-247.41206864760977	0.12926432798839374	0.06411713453388011	0.1395049896217411	0.1274219299298643	0.10756670620397103	0.00561759399973645
54000	-1774.0751889857243	-1527.2321201796756	-246.84306880604876	0.059930362621081146	0.07706044154070896	0.1252425164821104	0.14878363736807898	0.08971448771849387	0.0034312655219430306
55000	-1771.9359762873341	-1524.877715327092	-247.05826096024228	0.11643128177424333	0.13111477755795936	0.05652771703142085	0.13657411067142022	0.1340948358077714	0.00532869583594065
56000	-1773.8275029193178	-1525.1363677137092	-248.6911352056086	0.07205645454493714	0.13329758476855502	0.08984214100826825	0.11261560053609067	0.14299385002178147	0.007013258800285384
57000	-1775.3826319993177	-1526.70980860565	-248.67282339366756	0.09202785395399526	0.11045488839591647	0.07292131575706466	0.16053953769570756	0.16827615977696184	0.00936265204200691
58000	-1772.670728411528	-1523.1274294286372	-249.54329898289078	0.0646518313069386	0.1270371882836937	0.09691584076116733	0.05153904410205034	0.14466539590513047	0.004478845850267657
59000	-1770.6445167068023	-1523.5632877409903	-247.08122896581204	0.11112338015686149	0.12216310619487304	0.09414904851065141	0.058361636452177845	0.13840730074466392	0.006568156865547342
60000	-1769.8218685503693	-1523.3550069150406	-246.46686163532866	0.10284287893756307	0.09854633291304675	0.06960638860280495	0.10333975728619363	0.19036309143827265	0.004116513145655521
61000	-1771.1710767194515	-1526.4374050705073	-244.7336716489443	0.10967420229853513	0.10014007972014388	0.1135277383329948	0.07132637621179982	0.10391634545908687	0.004489157812053217
62000	-1774.030189330669	-1523.6264496821282	-250.40373964854075	0.0801810272098398	0.0814684969408207	0.04064463441083607	0.14427101983727786	0.10743762537487515	0.004648855785336798
63000	-1768.3169465861276	-1522.469652557038	-245.84729402908962	0.095164303301746	0.10660433185293594	0.09607084579429762	0.08399117034656645	0.1712183051136667	0.0048693185302682695
64000	-1776.5029156302057	-1525.0613069983615	-251.44160863184422	0.07580208625500712	0.06651478101791834	0.06730506420046864	0.046784718826952315	0.13602369307270726	0.004087599893947591
65000	-1770.9378462749066	-1523.2577744593818	-247.6800718155247	0.11111647825779179	0.14263482116604626	0.128386018064964	0.11242610457241449	0.20372714459849886	0.009710094211783316
66000	-1774.2817649950525	-1524.531572489012	-249.75019250604066	0.08623534576177588	0.054870651492817626	0.09076863357873463	0.14182455822710896	0.1252001267733015	0.005072963338180939
67000	-1772.579888864803	-1522.8687039535757	-249.71118491122735	0.16110140475983967	0.13681029744513215	0.07337580156339424	0.09549721479089736	0.16227657117707237	0.009074398773673798
68000	-1771.6180156552505	-1524.8313919993202	-246.78662365593027	0.06472642853081752	0.08235584276307037	0.08455713183929943	0.1432489468895388	0.11111539178645605	0.003955965236714366
69000	-1771.8552750172505	-1524.1028524684584	-247.75242254879205	0.0683703478714771	0.08372631354020346	0.10080210968721266	0.06023463780554901	0.13614952589709567	0.00451198037382146
70000	-1772.9458991050274	-1522.4181036274458	-250.5277954775815	0.06758603403814131	0.10442622239851364	0.06693350774841061	0.08009448301445174	0.15521645955124397	0.004005912847586332
71000	-1772.1158435787208	-1525.3210722111103	-246.79477136761048	0.10351015432229517	0.09578668420887118	0.06511262080087331	0.11021490951322156	0.12902642095613356	0.0037611776018732983
72000	-1771.3013749602078	-1522.0287783241652	-249.2725966360427	0.0673427227336395	0.079324188239665	0.06526381097880295	0.06415802273475574	0.1550490069354027	0.003575705885610978
73000	-1773.251646473456	-1525.0326369511986	-248.21900952225755	0.05060237070870195	0.09209858121889931	0.06752639551800374	0.14903967245881736	0.11924057984040222	0.0032359525915716747
74000	-1775.8662970416594	-1526.615787919824	-249.25050912183542	0.047224889899222244	0.15506668906831975	0.1636461558624	0.0974717239362304	0.1351037505125439	0.004546999955013235
75000	-1771.2716420147253	-1523.9643215284082	-247.30732048631705	0.05650988795544934	0.1292731473162416	0.11759138246694797	0.12250596222144926	0.1666608203212969	0.004545432497611842
76000	-1770.9328383915235	-1523.482865480692	-247.44997291083152	0.14517194957472299	0.11509120232160065	0.08537204125637815	0.06834438851604485	0.148435890549657	0.00775362417981451
77000	-1771.2655757813282	-1525.724591889406	-245.5409838919223	0.06738721117190204	0.12495436377007593	0.11635476599872058	0.13353584751253025	0.12648969967445778	0.0057230720437408235
78000	-1773.5992642692058	-1527.5086623369598	-246.09060193224616	0.10874990911387386	0.14745513356499096	0.13576502185863973	0.14316596041422397	0.11409923921412217	0.007963967893900772
79000	-1769.3759426387194	-1524.6553633218027	-244.72057931691674	0.15329737014753847	0.1057523173367659	0.11511467468156464	0.11039297257892994	0.1417204456883916	0.006950087268325712
80000	-1771.3061691525877	-1525.667328576204	-245.6388405763836	0.07643808820926334	0.07695977104101176	0.09733236558115096	0.08631214609558915	0.13132792659696554	0.0028918221584020992
81000	-1774.7487058096237	-1524.138118599782	-250.6105872098417	0.06091808190768829	0.08102192479734463	0.13335540576888924	0.04519245288770933	0.1211958165026879	0.00388547223621705
82000	-1770.2460792916165	-1523.8987317477267	-246.34734754388984	0.08738928569786425	0.0924870880501709	0.13977223180529486	0.16424157673344808	0.15937673062771787	0.006582271111015137
83000	-1776.4950605645975	-1525.4017724091332	-251.0932881554643	0.09939470480523925	0.2198859245481712	0.08787078487711886	0.04618043533082869	0.12915114880482736	0.0037559671767033584
84000	-1771.9548903129853	-1526.0621654596416	-245.8927248533438	0.1074371693935243	0.054935009933289196	0.127797141578952	0.12497071523995584	0.11769494066249352	0.0038694882434770848
85000	-1768.3477291455288	-1524.2647890157764	-244.08294012975244	0.10263705635638645	0.08858415098413575	0.11076791769011121	0.10039782111605246	0.14754641293664655	0.004290143458193814
86000	-1769.8261033813935	-1525.5970226393656	-244.22908074202792	0.11285650702553598	0.09882289136179973	0.11247434820573592	0.08740330770788861	0.1575727092234548	0.0037301906712417015
87000	-1769.5915450536354	-1522.7536950832205	-246.83784997041488	0.10560135019007254	0.08987627699654853	0.09619941195193644	0.149417037145388	0.1580554453680013	0.006484341117478478
88000	-1775.2891202732494	-1527.2394516489758	-248.04966862427375	0.07288024600637455	0.09398431295717107	0.069073740906758	0.11303243578990275	0.10677886394155939	0.0046184309957392235
89000	-1772.0760172106734	-1524.3807905840622	-247.6952266266111	0.11623736940966238	0.12587436663104076	0.07841941737160851	0.09382417394780856	0.18209031550866897	0.0075949287259902045
90000	-1770.3897536091697	-1525.4836948187913	-244.90605879037838	0.12064651981209393	0.07989126079545619	0.1280438649031007	0.15304060954078177	0.12556806028143652	0.005253273617059601
91000	-1770.5968366758455	-1522.8925960821964	-247.704240593649	0.09194591937195225	0.16319104174043705	0.09618125243517782	0.11317275326444737	0.189699140074982	0.0070897712070839905
92000	-1770.6953268598666	-1523.6046267345685	-247.09070012529816	0.10037139296160634	0.08644257952731133	0.07615674070891641	0.06414121910407598	0.14938374991925116	0.0050676175931185065
93000	-1772.4011372959062	-1524.1406113456846	-248.26052595022162	0.07424511304981732	0.05176395075721508	0.09994620847361316	0.11661848985501223	0.11726238703416142	0.0044453322790990015
94000	-1772.0076386054777	-1527.717784353302	-244.2898542521758	0.11710506160423224	0.11457455050270511	0.13197956454541568	0.09447133641326699	0.1203791630271439	0.004837288080882726
95000	-1771.0024066441551	-1521.4678366126427	-249.5345700315125	0.07822541861210307	0.13243396516431388	0.06153645731935301	0.0882211017195166	0.18479573946095226	0.005774417866023905
96000	-1775.0589165168624	-1523.0064131343129	-252.0525033825495	0.10198315739925776	0.1426453905542706	0.07911710822503898	0.0466539328369025	0.18039172257881517	0.00838912055759946
97000	-1770.5272577357946	-1525.712457955402	-244.81479978039258	0.0834431581455679	0.10781629519743888	0.11724832508166352	0.11899169519438205	0.12129236424448862	0.006424423283169981
98000	-1771.2951543129695	-1524.4498609887432	-246.8452933242264	0.07889888471352145	0.0949661129984491	0.06529005508252869	0.08866993100897601	0.13341481209919973	0.0045294356975978285
99000	-1771.1061221050825	-1524.3309883498723	-246.77513375521022	0.09737882170028281	0.12671725373285234	0.06250240237175043	0.12067646296601513	0.18498325616361214	0.0038277899462479726
100000	-1774.3900736849355	-1522.8531539292976	-251.5369197556378	0.04563598555992906	0.05582893853171578	0.07944772970592623	0.1140335504710936	0.1746728803135153	0.0027748344719764327
101000	-1771.6209234151193	-1527.1566494494807	-244.46427396563854	0.13985377768510254	0.09672486500429789	0.08948179821780826	0.08949503564205268	0.11427728809978054	0.004119430926219559
102000	-1770.7501471470746	-1523.5468448185034	-247.2033023285713	0.10004599391067791	0.07136742288822205	0.13439510467015287	0.09321558153420065	0.17527558659938478	0.005852614716259723
103000	-1772.543837940408	-1521.1927193763158	-251.35111856409213	0.09006529028013689	0.09195870075260927	0.0375817399050474	0.15544547388656615	0.16225182229109014	0.0047685447794617065
104000	-1769.648757308085	-1521.7462479556539	-247.902509352431	0.10795193901934814	0.08120200971783917	0.06911118748898444	0.09144609368496333	0.18695706850924013	0.005070685718674591
105000	-1771.9859298567703	-1523.567792518003	-248.41813733876722	0.08130310536699067	0.16273239212837484	0.06490446048947428	0.06920291147869331	0.15670957135479785	0.003941771262476284
106000	-1771.9879660799136	-1524.9104823724488	-247.0774837074648	0.14923403135910637	0.18624432549414488	0.10218746275004478	0.1182140813619825	0.15150132917230585	0.006305888090942238
107000	-1774.7812105398082	-1525.8764637673694	-248.9047467724387	0.1599450646732624	0.07044075883122981	0.05377486504149584	0.1189796631534078	0.15055573724574142	0.004389504777261836
108000	-1772.3583824977354	-1523.7123845272713	-248.64599797046404	0.07713848981743206	0.05202597925807131	0.07760384108870325	0.10446374246837059	0.12148559484828644	0.004983083729137113
109000	-1770.8669397961817	-1524.84771022909	-246.01922956709183	0.10420392520528955	0.11957903806626859	0.09163929287617296	0.07056603633090115	0.11874824099938153	0.006770051682367532
110000	-1769.422602613962	-1523.9538491237402	-245.46875349022181	0.07798767121917081	0.08960135452657958	0.09046483390432529	0.10684596237253809	0.15375341382013047	0.0050765680738405275
111000	-1772.8696605249422	-1524.4580349787902	-248.41162554615198	0.0866926617276992	0.16331156678456202	0.06916532063178711	0.10738135959709375	0.129350138587927	0.006421798219288525
112000	-1772.5473462217706	-1524.3596643566875	-248.18768186508305	0.08905742522253247	0.06861898092096295	0.06698160236144747	0.07782214214490683	0.14326661839503438	0.005424206326898733
113000	-1776.258102188906	-1524.7769110635377	-251.48119112536816	0.04944371825844968	0.06020866641967894	0.07298379689039358	0.1501596151992803	0.15657057106205174	0.002702615156214805
114000	-1771.76803195267	-1525.7887936441066	-245.9792383085634	0.08172083391862472	0.08767949777086799	0.17141164913836537	0.10753153518952882	0.119129300084206	0.00430279068266177
115000	-1771.2661856531872	-1523.3013136653535	-247.96487198783376	0.08149557456134061	0.09205520997124847	0.05606843956389947	0.1145506454790659	0.17350921098722188	0.003538818442790316
116000	-1774.085966593039	-1522.9223989928987	-251.16356760014034	0.16192554541880574	0.13464398943139105	0.06416971629484862	0.08988666938051339	0.21239949065318986	0.008042863985111854
117000	-1771.9692089923128	-1524.806726842319	-247.1624821499939	0.1170805996202169	0.07291544424824778	0.11212668425276856	0.07207336909164215	0.15121824963153827	0.0065506825928181595
118000	-1770.5334552998079	-1524.9092484895145	-245.62420681029346	0.12535688340709436	0.10888459465880213	0.09596161454590837	0.061134153520292944	0.14210262724500955	0.003976912876924601
119000	-1769.3488379822786	-1522.8223103953765	-246.5265275869022	0.07778545830628822	0.09717914610498883	0.09363922753023127	0.10654232298543467	0.18086144272316418	0.004602970964941263
120000	-1774.6394482570338	-1527.6274734709673	-247.01197478606642	0.15855819409987584	0.10426687012104977	0.09048749319331263	0.15501080446347668	0.10070094387188605	0.010441800566001337
121000	-1772.1487527103034	-1524.0511178311424	-248.09763487916092	0.07640942188897745	0.09651167825871697	0.05429268264299852	0.1561769547125011	0.11397685425934449	0.004726485309187757
122000	-1770.9540341294532	-1524.566890304709	-246.38714382474438	0.08177192873651914	0.1344070477845955	0.07273393719659028	0.09405507798803088	0.12603987352757243	0.005918515299449482
123000	-1770.405645664901	-1523.9001405981282	-246.50550506677257	0.15647166370050544	0.11011851611653234	0.09070887892478449	0.1083518455158759	0.16291366003710153	0.007524852563828664
124000	-1773.1341676177271	-1523.6878261420939	-249.4463414756334	0.10263933265117814	0.05247409216912716	0.06368072144461168	0.0970164661813888	0.13338128842642102	0.0038714498610484347
125000	-1777.5306970299716	-1523.1318034585934	-254.3988935713783	0.16459425799628863	0.08076475131183196	0.04167789535851758	0.12528479604209358	0.1521469083235408	0.010664915255557147
126000	-1770.4253477120274	-1523.5887639512357	-246.83658376079157	0.08294791466228514	0.12076280889710422	0.06008071278137993	0.10399565670978711	0.12724096674439786	0.005226911479583367
127000	-1773.0738685712838	-1525.3711577286085	-247.7027108426752	0.07366875335032938	0.0864404627383065	0.09763035603689904	0.1220648797570533	0.11584780628136866	0.006045938481328511
128000	-1772.0211443152682	-1524.258934894922	-247.7622094203461	0.05748894685392488	0.12311490400565397	0.0862733842133214	0.06566460128604229	0.13235791963417276	0.004255918277936655
129000	-1771.7872768885666	-1525.4128841609768	-246.3743927275898	0.07624210361208834	0.08845141377307283	0.07623337251722939	0.09066413714303306	0.17587057801204842	0.0037080224603776375
130000	-1772.5011859735491	-1526.2582973920025	-246.24288858154665	0.10209873524632818	0.1265683350575524	0.14293797103163294	0.170350201156431	0.1301333869938319	0.008845360919300998
131000	-1772.4266385959431	-1522.8205770590876	-249.6060615368557	0.05305125978637961	0.09216020635429453	0.0745188666653342	0.08730204073942908	0.14658951460894126	0.003631529405497316
132000	-1769.5004359155985	-1522.5223020192536	-246.97813389634493	0.12143945083571694	0.07719309612189244	0.0731272460614646	0.14296941822461803	0.15108604677908638	0.006965225774965687
133000	-1771.3393531631887	-1524.4850684802143	-246.8542846829743	0.10980517163529328	0.0611098416931409	0.10071282860434547	0.12128819804836892	0.1427258175431988	0.005026431880765656
134000	-1770.3284456196602	-1523.6060222400654	-246.72242337959477	0.10394998128756693	0.1224050824359295	0.06992830505221218	0.08726414787568727	0.1785141972795672	0.0041645215904207245
135000	-1773.650962086016	-1521.2779868156654	-252.37297527035065	0.07378811199095776	0.107363715265609	0.05012698509397412	0.16444711171592072	0.20619439510304957	0.005445185090067635
136000	-1770.220957247454	-1523.6238397318343	-246.5971175156196	0.09966849527166584	0.1112033965684902	0.07102846342163865	0.13679855899224302	0.1473302873749746	0.006896083257019861
137000	-1768.6955455446289	-1522.2301365227686	-246.46540902186027	0.10396170409600927	0.13845765148708888	0.1081241403596578	0.07754357934424573	0.17942297397142418	0.005926540262831966
138000	-1770.2833981941587	-1524.5934484280106	-245.6899497661482	0.12462634923001788	0.12238084143700348	0.08191457291752013	0.10761999761870805	0.1469384527546809	0.005049611538798498
139000	-1769.419434114234	-1522.5933724567976	-246.8260616574365	0.08843031271696589	0.10197046285860602	0.061890250723983214	0.12565544021151903	0.1513719690730715	0.004926284834193968
140000	-1771.582278316961	-1525.871067261045	-245.71121105591595	0.13193568948105314	0.10131952265098383	0.07597905052757048	0.0761523781045214	0.15057953763212367	0.0036273251220078355
141000	-1771.8198503221015	-1523.051878563915	-248.76797175818658	0.07771798508040716	0.06729127378708108	0.05961033729503161	0.14567982325196602	0.13264539283429172	0.004138615395843849
142000	-1771.9398613810135	-1522.061394972185	-249.87846640882836	0.05956749564727837	0.10515499824059471	0.04879259628587384	0.08934463930190076	0.13977529840925446	0.004336553208243035
143000	-1769.0958921519784	-1525.0381272409627	-244.05776491101577	0.0994600781526261	0.12015940511521833	0.10051521875136313	0.09667259217643741	0.11795362010343523	0.00574133706364856
144000	-1771.1965791579894	-1524.8326261662723	-246.36395299171704	0.12655419678748014	0.06689584459567469	0.09596572260033975	0.07521950040502148	0.13240534401243517	0.004053653588446031
145000	-1773.8355088300573	-1524.8746501544506	-248.96085867560674	0.068565543932009	0.05470348319476607	0.12419991140103367	0.09287722827711742	0.17745696634366911	0.00391776912422025
146000	-1770.4526136843172	-1524.7855164740977	-245.6670972102195	0.11816655131007328	0.0948026654968514	0.10536142629904113	0.07241052948879738	0.12901041817720196	0.004425447914746545
147000	-1779.011747797561	-1529.124409556514	-249.887338241047	0.11202346254720322	0.0651877830453963	0.08370537689901209	0.14959219306420862	0.16692991687227507	0.014239171144344283
148000	-1772.9997131015155	-1525.2438766913956	-247.75583641011983	0.11274452657138279	0.04799681138070255	0.08073606604225908	0.11263577739159046	0.1184547118901444	0.004089188912180542
149000	-1768.9813711088452	-1522.8148808851522	-246.16649022369305	0.13067646128261876	0.10355763030169098	0.07430525263331361	0.12573756711516612	0.14974019908174419	0.0069703533442071
150000	-1771.3189282568965	-1524.7006930395646	-246.61823521733177	0.073759215710951	0.12231922547503098	0.07762939843840966	0.06546869881303112	0.15193289950891428	0.002994650944598355
151000	-1771.0667350073181	-1524.6972190641882	-246.36951594312995	0.09230914695840864	0.08241925799905618	0.08547766850577897	0.148833088475104	0.15699072553488966	0.005873775110081223
152000	-1771.9533119889602	-1526.4051846557047	-245.54812733325556	0.06968111165370783	0.10315386163549135	0.07352368781520563	0.10387399655481452	0.1404133579418063	0.003074479959235498
153000	-1770.8991535866496	-1523.392345454154	-247.50680813249554	0.09159466030552707	0.14201377247110383	0.0630362913339793	0.11836761153418514	0.1798868707744643	0.005462009524070239
154000	-1768.3862023544375	-1523.3497477809474	-245.03645457349018	0.12705518906447183	0.08988271044890679	0.09048451971880703	0.1011959707299635	0.1569377694304536	0.005269402594121984
155000	-1772.586649874044	-1525.4864482576131	-247.10020161643087	0.09780335659495543	0.07061124528991408	0.12133745945855251	0.06841466309909279	0.13446707177957412	0.006528561840322347
156000	-1770.196004074917	-1521.3221897098088	-248.8738143651083	0.11601999592978451	0.13885895561837047	0.05828213066716053	0.13353817223792508	0.1908843975745943	0.0061049300705326255
157000	-1772.300754439524	-1525.0891837881259	-247.21157065139812	0.13221212344548228	0.12181332149759183	0.055522053470557574	0.15349585715309852	0.12784324333837585	0.005159342798338944
158000	-1773.7543876596944	-1525.48205211302	-248.27233554667438	0.14010123408351327	0.08064184273833284	0.06880760486479352	0.0566310604930781	0.11521643728408192	0.003889598485789124
159000	-1772.5908629180872	-1523.7259032169695	-248.86495970111764	0.06335300294178949	0.09303526848109268	0.04906999987929859	0.08765637971483649	0.124226594990527	0.0034410125667369714
160000	-1769.4804174484962	-1522.7143827523137	-246.7660346961826	0.09395561158830824	0.12178037352690933	0.10583945346780611	0.1338150476235299	0.16991653433501816	0.007149281561086307
161000	-1769.501525905358	-1523.530253456255	-245.971272449103	0.08948157328807159	0.08993878416430737	0.12346917613852855	0.07285145355635349	0.1415591554748483	0.004688038840403468
162000	-1770.8040053095667	-1524.1442737518803	-246.6597315576864	0.05840100049421725	0.10352096964237817	0.0852011049800327	0.1306651121963403	0.14193943102892154	0.0038134271413443237
163000	-1768.8202961757313	-1523.0455842686306	-245.7747119071008	0.09087241301878948	0.11106007247542622	0.0773301116288272	0.08732063859896066	0.14313267151240147	0.005208099989988507
164000	-1769.8746350895333	-1522.7808207326534	-247.09381435687982	0.11150442341966234	0.1161491582811618	0.10171033406979303	0.12755211252847037	0.17233153223958964	0.00862629229866286
165000	-1773.091443784046	-1524.9228111681032	-248.16863261594284	0.10976583377703271	0.049696991228874034	0.07276375333983268	0.11775888432908697	0.1251506940331466	0.004401044493620962
166000	-1778.9417863438005	-1523.9325607887606	-255.00922555503993	0.04599565000777279	0.07724016979982469	0.038845938952709685	0.13111753675111365	0.1489335073184856	0.006085953013137456
167000	-1768.5023930838959	-1521.9095242036706	-246.5928688802252	0.09111254239806242	0.12376492371009437	0.07633485277946916	0.0826972928422455	0.16672722770857026	0.005240546532481479
168000	-1776.0272498898726	-1522.78714808876	-253.24010180111253	0.07647127661369083	0.06738436325327639	0.05482083985121566	0.04991955805596249	0.13191016634144564	0.004573501030592623
169000	-1770.5017496130824	-1523.4590021317601	-247.04274748132235	0.12632049456005648	0.08104656954167924	0.098569194930681	0.1013726866530123	0.15600382289035233	0.00603528443416161
170000	-1769.2545383058027	-1521.7482961486126	-247.5062421571901	0.07807395169935676	0.1140791810723058	0.06936052183223766	0.0993154058112118	0.16645629798800754	0.0053795997567026976
171000	-1774.1773154091807	-1529.4161904755683	-244.76112493361228	0.08864201661698541	0.1265241517015204	0.10855310664118971	0.14689813547417754	0.10016998829330973	0.005548183008647155
172000	-1770.2327715455756	-1524.2883127831394	-245.9444587624362	0.09021203420352926	0.07910487522356138	0.07953980061810725	0.10947558788461956	0.13577428469580904	0.0051229690139618905
173000	-1772.6777442315233	-1526.0058241481802	-246.6719200833431	0.08017042070915602	0.09658641119459273	0.13085041210869408	0.10929723234262229	0.13330849232677539	0.007230409212672096
174000	-1773.5936875688885	-1524.6238926510057	-248.9697949178828	0.05796726465475208	0.08147513162879684	0.06283434300789148	0.07659384444560102	0.11468443230487411	0.0033943462764381275
175000	-1771.3196850069617	-1523.2136971617801	-248.1059878451814	0.10477617277615382	0.14444980190573725	0.06674419933733583	0.1670614420146191	0.1575222092648849	0.007794224460918739
176000	-1776.4666813232134	-1521.767455271338	-254.69922605187557	0.07594406857951622	0.055242287004074714	0.035975094469639195	0.06442989739347642	0.12382945181673287	0.0037318217589215946
177000	-1772.7621862907993	-1526.0736480848027	-246.6885382059965	0.11919305799367663	0.08909973627800861	0.06328964771965985	0.12330592127765642	0.15075912397333058	0.00345428731914564
178000	-1770.43124571568	-1523.528355296838	-246.90289041884193	0.09216334258382207	0.08955507659360491	0.06542511652018362	0.07765575139895477	0.11958002954232062	0.005509283616100955
179000	-1769.3088796819652	-1523.140856404601	-246.16802327736428	0.09968163218851857	0.1029910721420878	0.072561125204096	0.08121697355251868	0.14505131142106065	0.0058705268135475636
180000	-1771.8567310605708	-1522.1710685704866	-249.68566249008435	0.099501555258006	0.09419221059095821	0.05202401810672948	0.061858120630528486	0.16052837004517265	0.0042346962160939635
181000	-1771.5196477390812	-1523.7366029593081	-247.783044779773	0.1226158153577585	0.10314313484378226	0.14307558223700753	0.17964603878300006	0.15373613317836143	0.0076980367945469145
182000	-1772.8012802179778	-1524.8142923175747	-247.98698790040308	0.18335579062744256	0.1092118558531734	0.07746525989799917	0.10170936825106659	0.14308091713135318	0.009505994038909215
183000	-1769.388354702135	-1523.9812310428629	-245.40712365927226	0.14653742149810245	0.11131041233915763	0.09222339339780793	0.1286962814105177	0.16955056905745824	0.006085241762228076
184000	-1769.710469562334	-1523.047718530523	-246.662751031811	0.07048845187890036	0.07756049663950901	0.0916181681125432	0.07676012565363734	0.14669208381814006	0.0037681646385224477
185000	-1769.1608822258372	-1523.5436831987852	-245.61719902705198	0.10757261355575258	0.09209487870546042	0.10676221978436433	0.11876550485071155	0.14292966797904913	0.0060876170344600486
186000	-1774.3617673426186	-1522.2222797048116	-252.13948763780698	0.15390839520448082	0.15249245567676778	0.07108986118122737	0.05835743259990245	0.19947820773022307	0.005311375002465988
187000	-1776.7584389117087	-1524.657072088277	-252.10136682343173	0.0801527930851418	0.23671900083050376	0.06389692116991584	0.1454722174279284	0.16054748214915363	0.0076382347232829845
188000	-1770.7387571279369	-1524.7099786888643	-246.0287784390725	0.15279956540588652	0.10423232774024321	0.14964971538903907	0.1323312122244829	0.13902528796732108	0.008694098172222057
189000	-1773.760637018997	-1521.7923076864886	-251.96832933250826	0.09669781166799508	0.09025605307504399	0.06908828243945261	0.06355635652978231	0.18649148173599783	0.0042103317432028746
190000	-1770.2731419611796	-1522.3742986422885	-247.89884331889107	0.08981863242395097	0.1267711453552743	0.1117571922665825	0.11500512721127956	0.19040541292737947	0.006538408816442427
191000	-1771.9439063242862	-1525.036096395359	-246.90780992892726	0.15383655796626755	0.09541870081363009	0.08711036334474982	0.10359987601559249	0.19478894076592954	0.00550053338887133
192000	-1773.412213076467	-1523.9399447133078	-249.4722683631591	0.07538890218069642	0.06437456374645945	0.07500862940083927	0.06856597423229249	0.17526655734600124	0.0030219881843201036
193000	-1771.7658148149349	-1522.2066905546874	-249.55912426024753	0.09196315971321573	0.09438912821616945	0.06921199837752309	0.062057438144348435	0.15135513874123177	0.005610641948363422
194000	-1774.9259062285653	-1526.0537197114545	-248.87218651711078	0.1156621613201644	0.12151079486145169	0.09377720353042805	0.1102045348269222	0.1280340409750425	0.007184191503354774
195000	-1769.3383139887349	-1524.0775301760746	-245.26078381266024	0.09061631417844013	0.10462576056230143	0.15370044563202856	0.10001451502553332	0.14845153004922484	0.006235156559279954
196000	-1773.06258167327	-1524.346310466622	-248.7162712066478	0.0772424806704131	0.09071020367625394	0.04561079586123891	0.10459009306553793	0.12306315333305327	0.004102980537993118
197000	-1772.7361639136616	-1523.8737836312437	-248.86238028241783	0.10833884067260133	0.12566657960849073	0.06188409391598588	0.13031530992953527	0.13098579565732354	0.008679571200301469
198000	-1771.4903263706465	-1527.5246201070759	-243.96570626357072	0.076187620197716	0.1140204173134228	0.10305395656707143	0.08768015980919029	0.11732218176499708	0.002971672085513773
199000	-1769.1588921782002	-1523.5474369085036	-245.61145526969648	0.11563757055948362	0.10897971435561575	0.07677155673844568	0.09584386671213163	0.16527732953221905	0.004749440814321177
200000	-1772.7410017477216	-1524.9439826347934	-247.7970191129282	0.08815334478506717	0.08421096712088907	0.10961218513377635	0.09531209036530772	0.17069296846510915	0.00805861885507217
201000	-1772.029783450551	-1524.81360800632	-247.21617544423097	0.11921672204308345	0.05498487727614971	0.07972090500839936	0.10183207280006282	0.1380744461100148	0.004473738401889545
202000	-1773.733535156888	-1523.648780002491	-250.0847551543969	0.07012411395160142	0.11754552119251474	0.0723422165199382	0.13623136530371832	0.23629178641349025	0.004888132125200416
203000	-1774.7593614091472	-1525.5695434738072	-249.1898179353399	0.07859831961018025	0.04971285584229094	0.12351886290209585	0.0790555750992568	0.14068733729587896	0.005985439667006549
204000	-1769.483229563738	-1523.4371185279833	-246.0461110357545	0.08472233185728553	0.12104707666947123	0.08792066347770908	0.10966592794644879	0.1381829285289965	0.0062184633741300226
205000	-1771.1177404105154	-1523.9990278013756	-247.11871260913964	0.09970088403213095	0.061966365133555204	0.1122377398346475	0.100500838393341	0.16340283359257737	0.0067304220707209
206000	-1772.0681997827191	-1523.265247581193	-248.8029522015261	0.08784005663658082	0.1623405107440705	0.09677781946888223	0.05737749349719213	0.17316755202916606	0.005356971245388633
207000	-1770.0994194872092	-1522.8971152969502	-247.20230419025896	0.10518181326890413	0.09796531320925292	0.13890005191753477	0.06662776205447402	0.17358636174780318	0.0054026433139632395
208000	-1770.657218443751	-1522.4111547067241	-248.24606373702687	0.07265825948259509	0.06950636530426509	0.0924784911024436	0.11802016454671725	0.1964280785496644	0.004185546893753892
209000	-1771.6918688254957	-1523.8224361146836	-247.86943271081205	0.15472381114492892	0.10658889338203237	0.08668139078334902	0.15386555210638844	0.15513791931286128	0.008467520394034594
210000	-1771.4155461197536	-1524.8969866127113	-246.5185595070422	0.1417760554916149	0.12788487739260668	0.09242597913695841	0.1510497875548235	0.13483443724673042	0.011501472584071241
211000	-1771.8396430155353	-1524.5010727350327	-247.33857028050255	0.07042796384288803	0.11882797335642585	0.0890072030611978	0.08006460467190402	0.17085236368153534	0.005299965388136846
212000	-1769.7258426795647	-1524.245088832709	-245.48075384685586	0.08670000481925975	0.12359609380673105	0.1046071924666391	0.09577630000023481	0.1647616818151222	0.006565041350401294
213000	-1769.034038896505	-1522.599346004944	-246.43469289156099	0.12767144880501954	0.1352786335267442	0.1059474281525187	0.08375780395238441	0.16700914388067398	0.007743950047983301
214000	-1775.2491152347777	-1523.12582399141	-252.12329124336776	0.16025112993544668	0.16771517701392846	0.06659430899054428	0.08247780985772685	0.19264194480158778	0.006666689946282295
215000	-1769.7613735449904	-1524.2540018548311	-245.50737169015926	0.09659072784962063	0.11293668980774252	0.09385594103655097	0.07385658328520736	0.12530630162267142	0.0054714265539656725
216000	-1776.15620265592	-1524.0064348829299	-252.1497677729901	0.0954043015763365	0.07797392385272789	0.041134541272314744	0.0956740774988807	0.1531649426588626	0.004124620277444763
217000	-1769.4398971644525	-1523.1952973910566	-246.2445997733959	0.09616183717322808	0.09087123957180297	0.09145922805757753	0.11453295962118673	0.1683666751697454	0.007698294798034442
218000	-1772.5493777033823	-1522.4515217415042	-250.09785596187817	0.07199142491463062	0.1038144170607723	0.039960424561022584	0.12373198735069098	0.13451245957300612	0.0043779866736026775
219000	-1770.780014767241	-1525.0332226115877	-245.74679215565342	0.1269839891379499	0.0655202097673633	0.09713485923935511	0.08750365076824652	0.13637187703452444	0.004178848064756706
220000	-1772.4535018289407	-1524.0159935838815	-248.43750824505912	0.12405127232563014	0.08227132607241065	0.05333698913630529	0.08309134922237746	0.11485756648625733	0.004837638288639738
221000	-1771.5859585626615	-1521.7059193858875	-249.88003917677398	0.07617594961127541	0.07578322136262323	0.05980623217606208	0.08575814422269683	0.18218288153818446	0.0056355950237435
222000	-1769.2537793769013	-1523.0806221135515	-246.17315726334982	0.11101455199589928	0.10865003963913372	0.14089217098188803	0.09011807912239687	0.17490496820030685	0.005499607844118816
223000	-1769.2613486268567	-1522.3944268285077	-246.86692179834898	0.13694585789809868	0.09253182674412223	0.11590686380976926	0.11330539691084598	0.20144301004620635	0.006696178218150913
224000	-1770.67055649657	-1522.8508392193112	-247.81971727725886	0.0960989053031344	0.0972658116931191	0.07528368001328573	0.08488682788662001	0.143376045725351	0.006127236450447922
225000	-1775.492292096343	-1524.5739562090594	-250.9183358872835	0.0860099627850519	0.05888873820430662	0.14977223324784997	0.09170125189800842	0.22356912277040242	0.005726421052116721
226000	-1773.927660669011	-1524.554397918195	-249.37326275081585	0.1138910338831693	0.08064490051987479	0.11400111881387626	0.04848980636526005	0.12806865312941568	0.004734852373147253
227000	-1770.3102506891744	-1524.4938481926883	-245.81640249648595	0.1348889695369741	0.10131560884379649	0.09357659408937986	0.08242063778593064	0.15036564768824984	0.006080954378445854
228000	-1772.245654636853	-1527.4471098845052	-244.79854475234785	0.1076381842783431	0.09234640327393359	0.10760548218063773	0.12229466344363188	0.15099895808408476	0.004720829778701676
229000	-1772.776053426622	-1524.4819365705557	-248.29411685606627	0.10042621457180272	0.11417122414606752	0.06216564440302291	0.10283352026906997	0.1417280486584913	0.008473044503960388
230000	-1770.344066166504	-1522.6220846202218	-247.72198154628234	0.08787797780199988	0.13739736731835756	0.0894592659541249	0.09588879195328748	0.1926342194010404	0.007909392497621548
231000	-1772.708878767868	-1521.6358263125599	-251.0730524553082	0.0824672573150338	0.16614729510092768	0.04771255289749284	0.07445645524172391	0.16535224956810865	0.0057389403913472295
232000	-1772.2557648587194	-1527.6557361411028	-244.6000287176166	0.0983046269566647	0.095833554795247	0.10627148319049241	0.08759610550233234	0.18084792047772338	0.0027922419716408095
233000	-1771.0689374274293	-1522.156368826587	-248.9125686008424	0.1304084479475772	0.1623806743328125	0.08168647947302335	0.1515327845506599	0.1917892451357984	0.007071187207130127
234000	-1770.2531593577648	-1522.258340455224	-247.99481890254089	0.08738647948311941	0.06239474850357343	0.0789929914096863	0.08687890900262885	0.1642769141672997	0.004887807191427112
235000	-1774.373796736861	-1526.0685585392227	-248.3052381976384	0.1200581014651769	0.0560155925064302	0.0847297515889766	0.07780340033948663	0.1357366812544316	0.004924142687128768
236000	-1771.4385923919433	-1526.8907329531703	-244.54785943877295	0.1057856391372375	0.08492537716003248	0.14024928397894867	0.14654746224607604	0.12845858554975592	0.003951626642132366
237000	-1769.961313823958	-1522.092602650158	-247.8687111738002	0.09073801908494532	0.0870874136214578	0.07994327854680645	0.14363684626901313	0.18545832442292784	0.00701668731903049
238000	-1773.1649150161068	-1520.4947627468323	-252.67015226927438	0.1090154637648255	0.09726407755075173	0.049315565951922616	0.06012817797504104	0.2052990037044337	0.005164087928705497
239000	-1772.7684887784083	-1521.64283590441	-251.1256528739983	0.1153208474158766	0.20111013309022188	0.06370934229794911	0.09651191239929813	0.17693084490427619	0.008298567408105386
240000	-1773.5200127714215	-1526.59987894283	-246.92013382859153	0.13659154646996374	0.09578913776765145	0.05868357754441165	0.07740780420175486	0.14998549678423329	0.00333192186167972
241000	-1773.5632476943047	-1523.448071769174	-250.11517592513056	0.14374901785971003	0.08616395482632835	0.05157845812806868	0.0861480330912986	0.1487051891517863	0.007190904630809597
242000	-1769.19161707043	-1523.0139258310096	-246.17769123942048	0.13457162640354756	0.088541341315896	0.06697107877828425	0.10006341406213085	0.14465115670838505	0.0054042213669241255
243000	-1769.1427592188534	-1524.0731676460432	-245.06959157281005	0.10707464046928246	0.0806183795545884	0.09136460130051367	0.13353439511934642	0.1341163402974472	0.006461292814964063
244000	-1774.6016898257242	-1521.83354934543	-252.76814048029433	0.07124467170564062	0.10693919363087319	0.049869582669051796	0.07769465939397988	0.21826236401277466	0.005511676531103141
245000	-1772.0315419214828	-1523.874061233455	-248.15748068802785	0.12040112146282143	0.07015445653289366	0.05869138352169965	0.07351733832598278	0.11689427185215454	0.0045966385959964355
246000	-1772.381174507063	-1524.2334270707938	-248.14774743626916	0.11556606041566339	0.07855018824818638	0.09013464445481544	0.13732484114161744	0.2038823554702477	0.006688325780849555
247000	-1771.5777002356383	-1527.2034354445368	-244.37426479110144	0.13033677358875823	0.1069843983234763	0.08381517428345706	0.09846860806967886	0.10850435624872362	0.0061317727157060575
248000	-1770.3032151201685	-1524.0580240774734	-246.24519104269504	0.1240225184401409	0.08990936599357427	0.06059866491164845	0.12409857551897202	0.13930616282368147	0.005398331485967753
249000	-1769.8183921954633	-1522.9259898696105	-246.8924023258528	0.07491952321734038	0.11381391225812153	0.09650390436316497	0.0802818815860976	0.1951627184053639	0.003877909092828504
250000	-1772.3772385153932	-1523.7633865108658	-248.61385200452744	0.07687007485807205	0.06003412525255213	0.08934054717038917	0.06968806958802752	0.1191939486428285	0.003793445062567441
251000	-1770.024688385602	-1524.4208439563802	-245.60384442922197	0.12175308288661207	0.1194517257493957	0.12769397467121038	0.12106087681455151	0.14471036710279617	0.006002772893766879
252000	-1771.9722334327525	-1526.6162855594787	-245.35594787327375	0.1122592843552016	0.1025369157609868	0.08572984379746841	0.13677304150051733	0.1181508812098485	0.005342056943557023
253000	-1771.3775600975814	-1525.228845277799	-246.14871481978233	0.09784663490499118	0.07260563476049071	0.08516235512385317	0.10732095667017104	0.11869247733552724	0.005637819173763926
254000	-1769.2769182898867	-1524.4227747645482	-244.85414352533857	0.09231116137154817	0.08768188907579857	0.13919613541801046	0.0951271875533153	0.15067836887391944	0.004053662114720098
255000	-1772.134976900654	-1525.924562317217	-246.2104145834371	0.08947944864923482	0.0886999807092167	0.1758880037847515	0.08965485837224453	0.1133299789459607	0.00531250514616602
256000	-1771.3792603396823	-1523.5976066948774	-247.78165364480483	0.13266271113803565	0.08695738929692698	0.06834894741650373	0.06944410890463197	0.17002850897694394	0.00434827547229463
257000	-1769.3509536993465	-1522.6092224184	-246.74173128094654	0.09147900898857081	0.13791157937808737	0.10403305320733906	0.07176757728387219	0.17389694231447814	0.004925821003070418
258000	-1773.0972139730789	-1524.7148544162942	-248.3823595567847	0.06940036538951956	0.18414647847209314	0.10640692734342037	0.15224630113589202	0.18372486424831402	0.004358800860206203
259000	-1774.1547033810812	-1524.9824736464616	-249.17222973461946	0.13343937177214005	0.048325702260894964	0.11339915179891609	0.11661497556420172	0.13665233824925888	0.007373681278284302
260000	-1770.084791216493	-1521.2080240735904	-248.87676714290248	0.1057908383109629	0.09725608718485881	0.05357850549303282	0.15360038258534206	0.1665146925008762	0.0064926422179173915
261000	-1770.3793483960565	-1524.5670973521305	-245.81225104392584	0.12772158014564255	0.11079375973145304	0.0900078746387678	0.08917863527400528	0.16387973666144706	0.0045753433681956085
262000	-1771.9320562543369	-1523.381155754424	-248.5509004999128	0.09674264995453516	0.08140417285743531	0.052038791631879674	0.12861337024842218	0.1458625437957492	0.005695987108563559
263000	-1769.9819455377085	-1524.6038676116132	-245.3780779260953	0.08596089334360649	0.11856681894426711	0.0806426049977825	0.10533008698270938	0.16869805435341406	0.0036212261988695137
264000	-1770.222220169531	-1523.0917146422826	-247.13050552724854	0.08943317835945659	0.0791880256123134	0.06123860130599024	0.1279151828538041	0.14271768360289902	0.004784691153213295
265000	-1772.7597495612715	-1526.7619630528493	-245.9977865084222	0.09125678297566432	0.10835248108612797	0.11435568150123428	0.06899148804217287	0.11594137346545456	0.006952215516048925
266000	-1770.9520193067285	-1522.9608199434251	-247.9911993633034	0.11004610305429044	0.05672338768305251	0.09369587078359756	0.1514929274775356	0.1712814356770981	0.005847459976484153
267000	-1769.1212200982332	-1523.6876606997648	-245.43355939846825	0.11267862008847941	0.09410055050908551	0.10589411464169866	0.10789854532742676	0.13949855053772817	0.006016336224961054
268000	-1769.2409480657695	-1522.7887241612136	-246.45222390455584	0.12472037975435322	0.15175104983458265	0.09361058137790179	0.08633633622265707	0.16974201497707062	0.005926205323681187
269000	-1774.5684583314617	-1522.2718102806944	-252.29664805076732	0.06251365966519645	0.07735851581870182	0.09694186510930887	0.04991699994010061	0.19300256123914722	0.003815399743299401
270000	-1773.8574188906832	-1523.0200576551424	-250.83736123554073	0.08941230940906336	0.18019968883348583	0.06396790790068582	0.12790397614278945	0.18263530400836173	0.007138892288285249
271000	-1771.9493672120666	-1524.3220169438137	-247.627350268253	0.1502090711504157	0.06897438813445003	0.060977728318302005	0.09783230659939328	0.1282777194949868	0.004810079711308091
272000	-1772.4117116625584	-1524.1796881015584	-248.23202356100003	0.10832058351834012	0.08721483526956877	0.1182559593725625	0.06847997262701475	0.16359736091058244	0.0038875807560400846
273000	-1769.4635124464323	-1523.702152339415	-245.76136010701728	0.09313678637257801	0.09219482375297533	0.1307720698374016	0.07027168477257953	0.1590683002702099	0.004046520212676478
274000	-1771.349533361466	-1528.3530970151694	-242.9964363462967	0.10401405789983274	0.11574990014979819	0.10392275316589615	0.1332014602833582	0.12844967329017917	0.0036257546626629793
275000	-1772.6593107406175	-1523.0073251737717	-249.65198556684567	0.14629585129673767	0.09105907673837839	0.06591830519015691	0.05609154241282604	0.16317122260222183	0.00502513960278289
276000	-1772.6768390776617	-1523.933174905951	-248.74366417171063	0.08838450850397878	0.08182961801599113	0.1193398052100454	0.09898601199295674	0.16461521015851896	0.00618165732040295
277000	-1769.5278923692092	-1523.8047417579883	-245.72315061122092	0.09568464580525576	0.1330517284898213	0.07572657055038456	0.07489348443376533	0.14789218783496308	0.0041604326203237615
278000	-1771.4644757744263	-1524.2321165279686	-247.23235924645775	0.08803333140876528	0.07885983103336781	0.054159293999162195	0.1274061377589041	0.1352789407425186	0.004234006883831822
279000	-1768.2799412868121	-1523.7541749919556	-244.5257662948565	0.09933626155423696	0.08205725936200893	0.10984829569215364	0.10927551979028055	0.13813566434196717	0.005630668348980931
280000	-1774.052159704136	-1523.226167317251	-250.82599238688488	0.138871524552022	0.11731483558262892	0.08181198797801155	0.037102590117718284	0.15661355502648064	0.004632714826345576
281000	-1773.5137815672613	-1522.76764047842	-250.74614108884143	0.07271063155966938	0.06681357542039576	0.0882513231018638	0.10009803860077021	0.21986299717637967	0.005894481522423774
282000	-1768.554856735544	-1524.7000559499247	-243.8548007856193	0.11470434685167889	0.10901049836877803	0.10075956014097957	0.09284395410304307	0.1390452692897275	0.004851460828213139
283000	-1773.686226550216	-1524.9264589793293	-248.75976757088657	0.05887046494703811	0.05356939176204431	0.09003811190847923	0.10305258838013807	0.10416502715201961	0.0036242973531340756
284000	-1776.5765805108558	-1532.6380707050512	-243.93850980580476	0.09663781562695396	0.14695369942445471	0.11376959854863214	0.12608626899828096	0.15952752119289484	0.0025096769961928567
285000	-1771.4933630037542	-1522.3573531026227	-249.13600990113153	0.15833389019027524	0.112734408680544	0.07428060414693403	0.06935543338626914	0.17735675291337594	0.008063141177983691
286000	-1770.2969758112129	-1524.184688664885	-246.1122871463279	0.08176108497415396	0.11666564927522328	0.1050855166634136	0.06008087143597637	0.128976255549502	0.004066225092819167
287000	-1773.1103014524078	-1522.5562888616537	-250.55401259075424	0.12684943922106237	0.0633639493183331	0.0708717491941813	0.1417281461165446	0.2002149589456765	0.006951613654562131
288000	-1771.0246142399856	-1522.991801894856	-248.0328123451296	0.08020278048729193	0.10233298924098104	0.08613510353957764	0.11389908642586608	0.15084213498550894	0.005927763266099502
289000	-1770.2850137351775	-1523.3513976533627	-246.93361608181485	0.07968695134927391	0.09169068666423069	0.0769446688826139	0.08521309934247526	0.1306533322689888	0.004928963006210495
290000	-1771.1878130724795	-1526.2414869798436	-244.9463260926359	0.13718396929885043	0.11841375222146415	0.08317973756442819	0.09681461415992569	0.12852049220674214	0.0051808763787075714
291000	-1772.93267482919	-1525.9791099873837	-246.9535648418065	0.05173123450142258	0.10552317354631169	0.0976775007232264	0.10233183520499535	0.10896282089158844	0.0031126149633052113
292000	-1772.9266822441796	-1523.0856243457342	-249.84105789844543	0.07618556572725421	0.06060000245398152	0.12993103844362425	0.06186765386185407	0.1948724673787113	0.00327604656675808
293000	-1770.288478791738	-1524.3886175594662	-245.8998612322718	0.07476040636935184	0.0967690236150274	0.11120301473639516	0.15249175816535576	0.1349321788405041	0.004432608529079277
294000	-1769.95546383808	-1521.7151328322293	-248.24033100585083	0.13703311685644154	0.10354578209272142	0.08255360506354384	0.09230266895235376	0.20668664260095196	0.00714372453812949
295000	-1771.8876294954882	-1521.9680476654576	-249.91958183003064	0.15385884698811927	0.08787318299918535	0.062498694789888266	0.08862588467423826	0.1724014938220968	0.006539711005376031
296000	-1773.749125618638	-1523.5117975643711	-250.23732805426678	0.12902485236424147	0.10781471795925068	0.10945371922146485	0.05633342226317311	0.2258567419469454	0.005984608918993519
297000	-1773.4274514364713	-1524.5116218478547	-248.91582958861665	0.08053680001941836	0.08239067824012151	0.05094991350658578	0.10430122557690939	0.11884010164336417	0.0069694266555060365
298000	-1773.5504926797369	-1523.1731757175448	-250.3773169621921	0.07243670255795602	0.06330983711661184	0.05985618346659746	0.11270477848436179	0.14207889134777077	0.005279801047859233
299000	-1771.6525574268974	-1523.5172212006528	-248.13533622624456	0.055848436795776786	0.07434295454908635	0.06836455199386399	0.13124543058638344	0.13386488692311244	0.003111164951760597
300000	-1773.139509210603	-1524.8148921785446	-248.32461703205826	0.06394075352124595	0.0891915026412819	0.06798758288371053	0.1249028790657166	0.16391359965552885	0.004789759402999266
301000	-1777.6639789175592	-1528.1640411932303	-249.49993772432902	0.06573290363365282	0.06483746231187407	0.08098689858565812	0.1435647477029936	0.12131569338927925	0.007755950138334362
302000	-1774.2525067139934	-1524.3484228427046	-249.90408387128875	0.05312945746883538	0.07596859370833942	0.07104354259917867	0.0684157511695322	0.1003135339318448	0.0030976691999237862
303000	-1770.2648954135316	-1523.722149355327	-246.54274605820459	0.0971795506784724	0.05770873738217306	0.08656459701903618	0.0957623653243642	0.13361953557773748	0.004155149167888755
304000	-1771.2216906418575	-1525.0600342754246	-246.16165636643302	0.12400367612894977	0.12166272149835311	0.1027515081534656	0.07152019608723847	0.12042497843761563	0.005359712828529435
305000	-1769.4376446123033	-1521.523525778206	-247.91411883409737	0.1004249977746937	0.11506324131216308	0.07000374800079034	0.08262862657348664	0.18332069957566816	0.0062282732566831984
306000	-1771.630270180206	-1525.0534247573628	-246.57684542284326	0.06180148528880881	0.09608652018196323	0.11808582563511703	0.14411514672292025	0.142505544921421	0.005946840948448985
307000	-1768.784996836186	-1523.3148441304631	-245.47015270572305	0.103801289998014	0.1507971074569527	0.10412545508902607	0.10969913560039252	0.15433192182511907	0.006751710228124537
308000	-1769.3054201748282	-1521.8890437554383	-247.41637641939008	0.11525831735295075	0.11785140783966037	0.08211921563634968	0.11026743311351254	0.1990637365994835	0.005566166966764123
309000	-1779.8733412792553	-1522.4192308663442	-257.4541104129112	0.08076936399075542	0.1225182206018911	0.07327866989746952	0.02575433293502452	0.20826484609909715	0.004569708127094819
310000	-1771.0010814455684	-1523.253463716629	-247.7476177289393	0.13175906180731808	0.08603861699351394	0.09648494153318213	0.1888996794991372	0.16589546678209677	0.006168559955624304
311000	-1768.489253072254	-1523.6999244088556	-244.78932866339852	0.0980913225241443	0.11942759351667098	0.08303255943344247	0.09871278670171452	0.13500736759200035	0.005696773843698211
312000	-1771.527229801949	-1523.5715396792846	-247.9556901226644	0.16337609797441138	0.15295783063491714	0.09223464373726978	0.08591517892846297	0.15234561161587154	0.01020753523269833
313000	-1771.0731627025439	-1525.04638214554	-246.0267805570038	0.054542977862960015	0.11262350657362048	0.1325368584143671	0.10193168078977762	0.1377371387825966	0.003461913779245758
314000	-1770.2642957331261	-1523.7356914418665	-246.52860429125965	0.08445160394278466	0.11977429283674516	0.07580803535724664	0.13370608783693377	0.14398828049493534	0.006842939662095239
315000	-1770.3053751561304	-1522.6509855063969	-247.6543896497335	0.12331896816350232	0.1387015631279265	0.10743562755802062	0.07066010119735498	0.17529914580158115	0.008327819347278808
316000	-1770.6390341846343	-1521.2516888357354	-249.38734534889892	0.11307984481624549	0.1155125565068836	0.051393176031064775	0.16045766809483145	0.17437392556253198	0.007217671040087512
317000	-1771.4589918527363	-1522.4625879500486	-248.9964039026878	0.07511848004915167	0.06337012693010219	0.0903871660410583	0.0735485673416373	0.16479484535759092	0.004177257307870716
318000	-1772.9032037905288	-1522.8979055871978	-250.00529820333105	0.06851446384119854	0.08009966358242766	0.05921231448812906	0.12322291634192421	0.17034809272678803	0.006502788342898493
319000	-1770.0443976997572	-1522.5719698890052	-247.47242781075192	0.09204027337907203	0.09717522555907603	0.06498036598994557	0.12276505766904224	0.1388831311133117	0.0061693946654083195
320000	-1772.5895930118845	-1520.951770998353	-251.63782201353163	0.1328722746782767	0.08746704200210674	0.04934925112283495	0.1572109506604713	0.2019923292713154	0.006614698564619881
321000	-1770.90769380129	-1523.569758754705	-247.33793504658505	0.05819493723608931	0.0743316755744601	0.09384921993707973	0.09926657288077358	0.1589961113558939	0.0034451869371201864
322000	-1770.6293309562684	-1523.5665348190385	-247.06279613722984	0.11600695562139521	0.11198195469341421	0.06989451713529947	0.09953678406801436	0.16961740183119076	0.007083893158181413
323000	-1769.9831269307892	-1524.5129802134493	-245.47014671733987	0.07965213116738754	0.11771291723657827	0.09120206310862768	0.13887528185575856	0.12966251048793348	0.0066176854867439445
324000	-1772.22508872159	-1526.530137560548	-245.69495116104218	0.0961899600397488	0.10561440577291144	0.10093307930063294	0.056567878616396186	0.12633123652995146	0.0031503203978678037
325000	-1771.4096185277676	-1523.170408024509	-248.23921050325868	0.10569223605058631	0.13783543735054	0.055997119319270844	0.10687946012817574	0.1625418337566258	0.007235057498846485
326000	-1773.8003097970109	-1524.3342441453683	-249.46606565164265	0.12078992550400255	0.21066925923771143	0.1162760657555442	0.12017811603592224	0.18845947602638422	0.006176855694211088
327000	-1771.2277581496057	-1523.6124383445294	-247.61531980507638	0.07505660392469908	0.08452847770751257	0.07544993695100546	0.10197629264403524	0.12260319437307725	0.004302399475521652
328000	-1771.5442045843388	-1524.1284804392567	-247.41572414508215	0.09044021274058431	0.14217385006784897	0.05781372176154562	0.07776292285965133	0.11878768334082326	0.0047023650907716845
329000	-1771.9363273103913	-1525.1125588472287	-246.8237684631627	0.13935208525200193	0.13230494221943906	0.13964319238390627	0.09000832333388023	0.13547654081818764	0.0070477276527333875
330000	-1772.7690211537408	-1522.742913175633	-250.02610797810775	0.07372249962303172	0.07762810662599812	0.05169309630789237	0.14831797399744362	0.18388740318836908	0.003217422253677212
331000	-1769.3590038574396	-1522.4723223596961	-246.8866814977435	0.12884424479025214	0.07781296385799633	0.08462716472666985	0.13388488631954049	0.1632497881131297	0.007007594348219041
332000	-1771.7845577949788	-1524.9859298687861	-246.79862792619275	0.11344879277600092	0.14977548222874038	0.07103835816747617	0.10920629080821766	0.11871178811397702	0.008296624354740182
333000	-1770.0780464151437	-1522.5852446457798	-247.49280176936387	0.08528359670430961	0.11533860407417401	0.06969876039201325	0.14899081997014815	0.1738365411947342	0.005511381818035732
334000	-1769.0681944472788	-1522.1412660757205	-246.92692837155823	0.14403660756875422	0.14343657290209014	0.09576084124446402	0.12948977686437915	0.17135443989964752	0.008682937517685611
335000	-1770.6102155175645	-1525.5437709247703	-245.06644459279406	0.1023681675044467	0.08365837546340364	0.07434815597215855	0.09313685338500313	0.10680428214420387	0.004126232859248954
336000	-1769.8708209712752	-1524.1111410235414	-245.75967994773373	0.0753000744199735	0.14737064918085346	0.12179951503081145	0.08158055308646724	0.14181528843103583	0.005010944361383179
337000	-1773.092033266944	-1525.6881100367218	-247.40392323022232	0.060968292181961564	0.06962947380470755	0.12167288656119547	0.13672836560949608	0.10990507114334554	0.005469595975101881
338000	-1770.0782066586582	-1522.5766314067146	-247.50157525194365	0.08153452077790642	0.1031563672901344	0.09715918207254641	0.07341329621893526	0.17958561278167287	0.005283563036580658
339000	-1769.225023065115	-1521.931716439758	-247.29330662535708	0.0942844607224782	0.11207839610249136	0.06265407431527951	0.0894163090609815	0.15749034579782833	0.00654808215247699
340000	-1772.105136810329	-1526.6154063924891	-245.48973041783972	0.10486592330205892	0.14648225018398106	0.09690753517158139	0.10168593345275743	0.14405224248145482	0.005485678879408302
341000	-1770.5259788530097	-1523.3477791729606	-247.17819968004923	0.07078412288363438	0.07158328391946339	0.09396269817833525	0.0733344179288731	0.12950333770361086	0.0038865529994894163
342000	-1771.612699454205	-1525.3313515264235	-246.2813479277816	0.08431721225941305	0.0728507218395053	0.09484415703004462	0.10433561383638891	0.1261437560746935	0.0033511984817309478
343000	-1770.9322070127419	-1524.1111175160402	-246.82108949670163	0.10393369218872052	0.06680909958814131	0.09583353028601124	0.08442447130081598	0.13610594594056497	0.006120460781499053
344000	-1773.6422172151172	-1524.565636196881	-249.076581018236	0.09327205555219865	0.1075089990694153	0.08093340847971711	0.1622244018405238	0.1417644970825264	0.010132411522526991
345000	-1770.0044439735125	-1520.8631110380093	-249.14133293550327	0.09120100497441389	0.11132414275798959	0.04678852371240119	0.10010278102680041	0.16420081294482394	0.005630665763296287
346000	-1768.683684553625	-1523.651355877081	-245.03232867654395	0.12159995838838294	0.10800909029872696	0.13235814410346752	0.09126485588239827	0.14991629777027016	0.006705881976270426
347000	-1773.0108030346537	-1523.0003867135226	-250.01041632113117	0.060781065162411774	0.146805262613012	0.0694634534932712	0.06738140898093697	0.15774531883597537	0.005584905294008421
348000	-1773.1435655310042	-1523.1394394874471	-250.00412604355722	0.11365908610698534	0.05332020994663754	0.0626270681282331	0.0808844958733208	0.14855023551931373	0.0053348225098473825
349000	-1775.5767248553202	-1525.180611588435	-250.39611326688498	0.06631760081247666	0.07506385281382509	0.21176395528872402	0.10252655527651132	0.13265140310232235	0.003372291310521971
350000	-1773.5837215309964	-1523.573641125644	-250.01008040535257	0.08117854358325367	0.13957433472826616	0.040905387228465984	0.12289695995494701	0.11690802674176513	0.005565736940311337
351000	-1773.2805281048206	-1524.2925429704321	-248.98798513438857	0.1365399748507444	0.06353750396114377	0.0751180227374689	0.07178344748184715	0.1581628757555019	0.004352535808817612
352000	-1771.356993470871	-1526.0528329649746	-245.30416050589628	0.12182455701033174	0.09714744749757884	0.10057617314938214	0.10114894458243534	0.12002330290610295	0.007377914063794028
353000	-1770.8920965916295	-1522.2469371743568	-248.64515941727268	0.07188701811724632	0.09146891221961057	0.0984800276116818	0.06771707143243995	0.1723567992156054	0.004742799812807301
354000	-1773.7717148703641	-1526.1946469807672	-247.57706788959692	0.10526208482908957	0.12459276963004248	0.06565491928856057	0.05063066976358303	0.14729340933493862	0.0027278314750710003
355000	-1771.1784324230453	-1521.8622961189612	-249.31613630408404	0.16079666553501348	0.11392509789151348	0.07009661124698945	0.10142722725552715	0.18283861286652753	0.009158024713691159
356000	-1774.4880729824326	-1522.698007233119	-251.79006574931384	0.09718126418031799	0.08092380413860631	0.041241392751112556	0.06062379123460693	0.12881454116989324	0.004658286589387117
357000	-1773.8100208467947	-1523.029291893814	-250.78072895298084	0.1052759842882384	0.10873213549647268	0.03932071691411177	0.14981603499483398	0.15745323397279776	0.0063138349738323316
358000	-1771.558982607862	-1524.2985277055777	-247.26045490228412	0.1292206817616966	0.09816743061935636	0.1293556302145861	0.06409903450648732	0.13819482557929486	0.005848012654232595
359000	-1769.670885559422	-1522.2455569319582	-247.42532862746395	0.1337128501639632	0.10256690743790194	0.09871842915292822	0.08144631865626363	0.19695125826851603	0.0065608951546662145
360000	-1769.3315908687314	-1524.0884274603484	-245.24316340838288	0.09817733041446808	0.09508331958312971	0.08237703178673565	0.08148726497737607	0.12490019456689125	0.004517542579667647
361000	-1770.171171674723	-1524.311923480418	-245.8592481943049	0.08183006846406865	0.0712131872234797	0.12248874703684849	0.07807573967643588	0.13701960218900364	0.004289125456513983
362000	-1769.0677005319362	-1521.6594751261273	-247.4082254058089	0.08216818214194473	0.10446414523505786	0.07210529927361084	0.07817690755732763	0.1672153386845546	0.004919167907581642
363000	-1773.6004386383804	-1525.774908758063	-247.82552988031745	0.11005644474365611	0.13610719413792785	0.08436112602399101	0.06450345452564399	0.17980722345731948	0.0033494035098044573
364000	-1777.8321494366755	-1528.493653887035	-249.3384955496406	0.0756783670466802	0.09946183962711976	0.12936501475709605	0.09785471538901351	0.212047789103458	0.00982462028190081
365000	-1768.5744074186339	-1523.6463638994169	-244.9280435192169	0.09340199901600238	0.11908847169113375	0.10282946524718994	0.0978329088592418	0.15424493996352542	0.006237057740576442
366000	-1771.6566470555777	-1525.0013079339046	-246.65533912167302	0.08756931252997763	0.09582113859003841	0.13870344854783714	0.07721206738415602	0.1967310930119914	0.004334096865189797
367000	-1771.6927966399187	-1522.690802692231	-249.0019939476876	0.06963540608774078	0.0865209639560195	0.0793304309100698	0.12556718690946542	0.20246703562978086	0.006284551462819403
368000	-1772.7985384848685	-1527.5074867796466	-245.29105170522192	0.14538349738103876	0.12900160600936142	0.16860176583352704	0.10468656610562219	0.12119831278582506	0.006573472352923055
369000	-1772.056661338654	-1524.5088008914126	-247.54786044724133	0.08109641681056437	0.12655576440932198	0.07623652071040851	0.14367838980418274	0.16222812591483796	0.007590935404789718
370000	-1771.461516449181	-1523.1159017664872	-248.3456146826938	0.14515700591089836	0.10251512292328248	0.09315722469564641	0.08783413439475678	0.22383409515397973	0.0050974110760561055
371000	-1770.4381173254947	-1523.6414073916676	-246.79670993382715	0.07456132757616074	0.1449585960205104	0.08511019670176322	0.11011531099274069	0.1536175817020943	0.006483886222001399
372000	-1771.935648246381	-1523.2073325276092	-248.72831571877194	0.12279273832264036	0.0934033430168916	0.04669779409470572	0.0922266619803845	0.13962438472665395	0.004858072586496006
373000	-1771.22227731282	-1524.2423481752144	-246.97992913760584	0.09588092469504624	0.10158261041727797	0.0607253554458374	0.11181376654561398	0.1164304951592553	0.007073523514398595
374000	-1774.195492887812	-1524.1116234061376	-250.08386948167438	0.08564379372033684	0.12229873933771923	0.14621990142006733	0.1762609138633323	0.1731318564348495	0.007355746500486906
375000	-1774.6163631587601	-1524.059936785677	-250.55642637308304	0.14595676942847277	0.20902421822100845	0.07932564444603957	0.12983685160596434	0.18854308303906633	0.005877284745266116
376000	-1769.404300745731	-1523.9980896021098	-245.40621114362128	0.10158068879481506	0.1463567624645284	0.08303924054423946	0.103696078575808	0.1636187546428099	0.004559109258347874
377000	-1773.2384321854868	-1525.8888307395998	-247.3496014458869	0.06113312615283432	0.09530671942961112	0.10375841898154337	0.17423204469308443	0.11887141853472438	0.005600915467380786
378000	-1769.660096974299	-1523.46578608732	-246.19431088697877	0.08887508557218196	0.10324843685305145	0.08222507667657161	0.1117888985989872	0.13645398575745965	0.006347238329810419
379000	-1770.774010383977	-1523.839294718146	-246.93471566583094	0.07592235446306049	0.09408789479990147	0.06800701567057166	0.07493365540664548	0.13316350577910846	0.0033748794201425305
380000	-1771.1917880984347	-1524.1106063793559	-247.08118171907878	0.07499434603817223	0.06509063729380075	0.07925659477137764	0.09389060529523902	0.14862847028881154	0.0031412108126469664
381000	-1770.2499269312054	-1523.1865579717683	-247.06336895943713	0.129749103651614	0.1156449555548045	0.1123831618529076	0.06576082694427099	0.16255497655802553	0.007261884803445838
382000	-1770.0514647523605	-1522.7891895480157	-247.26227520434475	0.0841517150756433	0.11164197020847844	0.07454611119137027	0.09403604031153069	0.16936610918526276	0.00620510879639457
383000	-1768.9974426503513	-1521.8691336975248	-247.12830895282647	0.10364010773339752	0.11117591729889245	0.0724648890667586	0.13233210810484858	0.1679944999626114	0.006336793118428523
384000	-1772.0358939626071	-1525.9913023881727	-246.04459157443438	0.1019901766341932	0.0721707391828292	0.09906981460763299	0.09340002664493265	0.10627797986196494	0.006561792083155818
385000	-1770.7480587838063	-1524.5291014721088	-246.2189573116974	0.07188974600680746	0.1418347138282613	0.11012814700334635	0.09975356711492525	0.14143598070303004	0.004361836472512476
386000	-1770.3946707090856	-1524.2059950745615	-246.18867563452412	0.07956974418119973	0.11433425768550068	0.0698694290693042	0.10813064650671811	0.12028898672424165	0.005307057502043265
387000	-1769.888793605076	-1522.7895870994878	-247.09920650558823	0.09416911619478636	0.1104948211798313	0.05989220896934568	0.14806149063437424	0.1558277701742828	0.004651459486126337
388000	-1769.4405993822718	-1522.2706333490034	-247.16996603326837	0.12191307878785065	0.11293011003586684	0.12208675670439335	0.13944650984782203	0.1987432486115732	0.008167644664566615
389000	-1771.6827970925317	-1526.3795370023313	-245.30326009020038	0.07718891992758424	0.09429290857159227	0.11538011431793986	0.102805956061971	0.10150602836988513	0.005210175939076615
390000	-1777.3932203334803	-1526.841344595363	-250.5518757381174	0.10471896141691484	0.13418389788834173	0.03831786002244916	0.10367450715676874	0.11252604746530437	0.006013159849777238
391000	-1771.5793146224153	-1523.6136921597433	-247.9656224626719	0.06080016730500748	0.14403096476490165	0.07379497780985543	0.10330978629969999	0.16615597680038455	0.004977718765460788
392000	-1769.4757004242758	-1523.6447769141023	-245.83092351017348	0.1027766529874763	0.12032598757497542	0.13147274703948778	0.07232830744037522	0.15863174161996246	0.004722795151209318
393000	-1771.474528373922	-1523.9527424642758	-247.52178590964616	0.1092829755343216	0.07864812825271689	0.07195483218679777	0.14516881115547017	0.12595498478314862	0.00541038894835598
394000	-1771.1804915155694	-1521.9142372072783	-249.26625430829105	0.10625688428556687	0.07463395903857853	0.08383477234645767	0.1575602599194125	0.20602598777971057	0.005770247211665425
395000	-1770.770162408566	-1523.1641431379371	-247.6060192706289	0.0952991415605925	0.07774912226039322	0.06830632869357171	0.10209176408710903	0.16240862059284858	0.006150016122444237
396000	-1768.0839574255651	-1523.7889464520317	-244.29501097353352	0.0897633204277023	0.10618684016178633	0.11782150286353532	0.11755075583119673	0.15033675985686104	0.0048259402162720505
397000	-1769.9806581827295	-1522.86530866501	-247.11534951771958	0.09433031041803168	0.08697990576815921	0.10601068574881324	0.0724304867209711	0.17551056409058283	0.006177147825306524
398000	-1769.6512526609813	-1524.6350952254145	-245.01615743556675	0.12414163863004313	0.1431380384954138	0.11681708381330308	0.10520107332648354	0.1352193015613924	0.008042783697830371
399000	-1774.235750179963	-1526.3104604357663	-247.92528974419653	0.07631076646652832	0.07194554650704275	0.07094691269525498	0.08055969272022133	0.10860127819301364	0.0050499328845706355
400000	-1771.9384320331474	-1522.7343766457657	-249.2040553873818	0.14006328314448052	0.1685517575947224	0.062034478922821754	0.1026454569701011	0.17435714179782136	0.0069466203422673956
401000	-1770.1683109713401	-1521.9674503519877	-248.20086061935243	0.09100820973128114	0.16421611208827414	0.09027265346078543	0.08435172192803958	0.19769595361866063	0.00607833077286271
402000	-1769.503328646273	-1522.5674826097256	-246.93584603654742	0.09931583655494733	0.09027737519400268	0.09812329626534443	0.06989691650608452	0.1836293318223854	0.004558488653656195
403000	-1768.6623395942265	-1523.5540183090925	-245.10832128513402	0.11471832140875707	0.09170648329708758	0.12033176442710267	0.11055111183062177	0.15359915656250295	0.007262341308001308
404000	-1768.966771313737	-1524.0635001093842	-244.9032712043528	0.11406791352112054	0.13380938131668255	0.12799170382308356	0.10031549840876597	0.16370345940362857	0.006702594766978504
405000	-1773.4004690926713	-1525.6078222314459	-247.7926468612253	0.14684277601456805	0.11654638188726753	0.09535337063554845	0.11523458827233324	0.18521282712233011	0.006983917314763499
406000	-1769.2864919781973	-1522.8673144125164	-246.419177565681	0.10692346594928824	0.09626347085983743	0.06416400490188769	0.08606590906467831	0.13957706135079517	0.004981669316495579
407000	-1770.0435647482425	-1523.2150241983427	-246.82854054989974	0.13252873352528882	0.09215675028515996	0.06678430367548036	0.07396592577301023	0.13949830517256034	0.004984606966787219
408000	-1770.4223805977126	-1522.340025139958	-248.08235545775466	0.07161837238858207	0.08639125376076472	0.06720421920084119	0.07992682144238916	0.15584644752370508	0.004259158929058195
409000	-1776.4694170430396	-1525.7598072501928	-250.70960979284672	0.06484631988723251	0.19395277595454075	0.10199952014072745	0.0510748790845444	0.11362613506880104	0.004454190312710979
410000	-1772.192022098385	-1525.02326528611	-247.16875681227492	0.07774259552581719	0.12708199372012335	0.17961942762152266	0.09495214827091493	0.1573582837904212	0.00675451679649871
411000	-1770.4543425274987	-1523.7075193837627	-246.7468231437361	0.11293825971663034	0.07401415895914504	0.08018653200755603	0.06829136767581301	0.14562791267187367	0.0038892370294741183
412000	-1769.9997035185338	-1523.1679615685453	-246.83174194998858	0.08769530366976303	0.13170913144234098	0.09826905593606984	0.14314748966588772	0.1875242850299392	0.007385133113421113
413000	-1770.4808456056132	-1525.1350615147244	-245.34578409088877	0.07442719091402408	0.09548883821166188	0.09157087148690564	0.09843651120264849	0.11881812919351299	0.004120267934998878
414000	-1772.4064481045957	-1524.8498488637504	-247.55659924084523	0.09022581453816053	0.17343324924024087	0.09695093960698088	0.13240748778859068	0.18860891029947954	0.005981667630760655
415000	-1772.1454990818013	-1524.0906359842288	-248.0548630975724	0.09278849532460211	0.1062542980766155	0.10135795451203952	0.17021892269218997	0.1664205558525219	0.008821010041052894
416000	-1768.2172872936342	-1523.6223049815626	-244.59498231207158	0.09639170947914491	0.10739927182229198	0.09229532561329797	0.10980206114186808	0.1551263853006346	0.005094978985362011
417000	-1772.920940598986	-1523.0756530562103	-249.84528754277568	0.0913515587593093	0.1540669827802105	0.06972492772868026	0.07267915515920628	0.1738094357301092	0.00710035868909208
418000	-1770.5889139779379	-1523.3553070563344	-247.23360692160352	0.10165171364319464	0.07590221410874366	0.06497996193117293	0.11296283951559638	0.1395536924631931	0.0073915587898862895
419000	-1770.5172652513395	-1524.3179975044636	-246.19926774687582	0.07186574968306346	0.10499225146451448	0.07984462507902061	0.07768221519583218	0.1432558622545643	0.0032575115155440066
420000	-1771.6497847294704	-1521.753549493066	-249.89623523640438	0.17686609525528507	0.14901043508454456	0.07354317415731151	0.12472020467046031	0.1884684901261524	0.009920332812766065
421000	-1770.247516685601	-1521.8183061760042	-248.429210509597	0.0807571868714457	0.1048873476354	0.07722504675290182	0.15317653836579237	0.20410391538362685	0.0051753148088568
422000	-1769.0764898573098	-1524.0917051387269	-244.984784718583	0.11701837792480714	0.09664130043938049	0.07377254292800671	0.08938233221074858	0.13588787652828155	0.004508753739004736
423000	-1770.1965029342743	-1522.658350103578	-247.53815283069648	0.1183943882788328	0.10917998639784615	0.05575993388924673	0.1458961543890827	0.14008216455475578	0.006679311238506934
424000	-1773.8985054377063	-1525.4535172671956	-248.44498817051073	0.10466237225302316	0.0965690722674793	0.15412982690869353	0.06685930450310691	0.1177941015511171	0.005366391795480151
425000	-1778.756367311494	-1524.8120180705034	-253.94434924099053	0.05632694026225654	0.11925767254403187	0.03425761728753062	0.06798182652364879	0.10030491622865964	0.0036346085118948734
426000	-1773.685843861851	-1521.3868097896889	-252.29903407216227	0.07320826241805273	0.12873662035700292	0.08546740456958761	0.05872501468882789	0.2428924302764918	0.004739988369063266
427000	-1769.517977169596	-1523.6409839291373	-245.87699324045857	0.07828166328806119	0.143712845844097	0.08040074192891965	0.1040143300135965	0.1444065804163414	0.005140144286632541
428000	-1771.183728110909	-1525.0733643465833	-246.1103637643257	0.08942677096839019	0.10425988866359892	0.09429397829410138	0.07343877009621927	0.12663340141463145	0.005948260856861841
429000	-1769.7729154732324	-1522.736504669647	-247.03641080358523	0.10178360840996359	0.09119521762922564	0.12043467703775994	0.06888175958616255	0.18580072837916156	0.004634594264104512
430000	-1773.0114769665126	-1525.979968134205	-247.03150883230765	0.10488936349680941	0.17043767827014758	0.07178746350120747	0.1199604217103695	0.11128263123997802	0.008308859361628982
431000	-1770.1600289073556	-1523.799560244487	-246.36046866286844	0.07356229894993561	0.1040373711040394	0.07645780006374817	0.07332047073740776	0.15221932921972675	0.0033649462624700567
432000	-1771.181751150628	-1524.308388281755	-246.87336286887313	0.12732791791590176	0.07049917502728428	0.0948510629090279	0.12592931817599778	0.16058304806738888	0.0045333515399902016
433000	-1771.288853110193	-1522.07603886459	-249.21281424560317	0.11160894379293819	0.13754120393719996	0.05437982499772105	0.13177759540031864	0.1809011588463598	0.005313868047747115
434000	-1770.8135101850366	-1523.7314713850446	-247.08203879999192	0.10884247022321619	0.1290899354024728	0.14370141688044719	0.07122067122838495	0.1934049777303483	0.004561817956849987
435000	-1769.1372287690765	-1522.3345870508601	-246.80264171821636	0.10201184410595669	0.08876751957918566	0.09719587805380904	0.0838989592291649	0.19752656281381878	0.004635481881041821
436000	-1768.8156595225944	-1523.2572159040249	-245.55844361856953	0.09898608959062842	0.09758532912900801	0.10780373634653835	0.07911158256317666	0.1448232133903677	0.005662928763908327
437000	-1770.6714658995247	-1522.0935689913035	-248.5778969082213	0.06149599239420825	0.1034118079764668	0.06494663495904135	0.09760845267561771	0.16789951494749947	0.004004733841284537
438000	-1770.9724484860058	-1525.7616248761956	-245.21082360981006	0.12639756129925292	0.07487384282091691	0.12656387605519992	0.08184460669483541	0.11215303631326973	0.005038923692963958
439000	-1771.7281147701187	-1527.4108389341354	-244.31727583598342	0.10063571012306045	0.09911115693445076	0.09466155437356143	0.06576515087112228	0.13081332461435397	0.0029144297113793544
440000	-1772.0959684167497	-1524.6848197930785	-247.4111486236712	0.06178457686755195	0.1281571999088653	0.09480941033101946	0.09270470086897148	0.14029911482167726	0.005918797240408087
441000	-1770.8728640143838	-1523.8699264030365	-247.00293761134736	0.06574618239095961	0.11523503498837487	0.08376907545206409	0.07735150371503842	0.1333809986586657	0.005491397796327084
442000	-1770.5393907306259	-1521.2104616847564	-249.32892904586947	0.11713132113056736	0.13372990786894765	0.08340955057710214	0.11253629875259503	0.24155107164145015	0.006334720992568895
443000	-1773.8108870147505	-1521.9275985744202	-251.88328844033023	0.07278057527057953	0.09834584865569505	0.0524038167674344	0.04742763341130796	0.13233161501881163	0.004049948649389655
444000	-1770.0936362739199	-1524.7120585385144	-245.38157773540547	0.09634318680039776	0.11623489463646264	0.1377312716442254	0.10916748016490062	0.17503490177664746	0.006855431334005455
445000	-1770.7248523283413	-1524.7531969322151	-245.97165539612615	0.11391850072395776	0.11045329911115602	0.10717098422951882	0.08526658826333236	0.18423982451070955	0.005070154181059094
446000	-1772.8950506522215	-1524.3199445368	-248.5751061154215	0.05580182092479769	0.0728095858951163	0.13413474525897287	0.08201836371350373	0.16338189497011688	0.0035375339567167013
447000	-1770.145865205504	-1522.6717706658617	-247.47409453964218	0.1422829179125086	0.11053129719925374	0.10280749238521324	0.11892823549192506	0.19950560828883704	0.008626514211200004
448000	-1772.4051683760545	-1520.8722439520923	-251.5329244239622	0.06634488496886674	0.08589581809057666	0.05277910073432171	0.0723061099840782	0.18656159088563565	0.004556935357724319
449000	-1771.3752607887138	-1521.282109309724	-250.09315147898968	0.10269680600392214	0.16536032013610882	0.07754596077332622	0.076211400539308	0.20953378311540932	0.006074412818258497
450000	-1771.9559006013428	-1523.995697677522	-247.9602029238207	0.08175136779769264	0.08908301139710376	0.06160819906886845	0.08229927944164867	0.1221952142432426	0.006257800307804956
451000	-1771.3001216112648	-1523.0882370520785	-248.21188455918622	0.08989147811484456	0.09204769860998054	0.06653866602209604	0.073724501212868	0.15350209764268144	0.0053550924422066494
452000	-1771.255991400209	-1525.5481127084436	-245.7078786917656	0.11274467451398983	0.08918409716112266	0.09638188133549691	0.0888690394290522	0.12688528127703533	0.003997358421944911
453000	-1771.642000410668	-1525.4337654319252	-246.20823497874292	0.07364789585903343	0.08839690201902295	0.07522289436666224	0.14191856526798097	0.16159544270948223	0.0029759219992987218
454000	-1773.5550491182944	-1526.841645261159	-246.71340385713532	0.07433973467306046	0.08366534696521964	0.15960852749835933	0.08848073107200087	0.13168540240465298	0.005663255705670292
455000	-1767.870479324105	-1522.122901315553	-245.74757800855204	0.09750246522127982	0.10566987120628812	0.10339812397433315	0.11551876658311126	0.18581850280264375	0.006124084946509055
456000	-1774.3939765980235	-1528.5740194630448	-245.8199571349788	0.09923256601324043	0.08393470618255845	0.082211354509254	0.084933566579571	0.10148753474743605	0.004258347536637013
457000	-1770.1174317097202	-1522.1693970654114	-247.94803464430885	0.0662858248363598	0.11793250772208973	0.06651294126102478	0.13005722932453867	0.16728792476569254	0.0048801095820266965
458000	-1770.630571961874	-1523.5639027512134	-247.0666692106607	0.09753543692724266	0.11819041564757407	0.05529199403686516	0.15057061150850257	0.13909124111703833	0.005506118405704915
459000	-1770.8543981998687	-1522.244448748433	-248.60994945143568	0.10328952308228405	0.16284107410984106	0.07567113816680314	0.14877022834508213	0.17847624077235966	0.008185368897580429
460000	-1772.7828973511537	-1525.8524883725977	-246.9304089785561	0.061116619372634136	0.08004036304849986	0.09820520567469643	0.10892198895503523	0.101625770699811	0.00437191307029323
461000	-1772.7274632968235	-1523.6904002336796	-249.03706306314402	0.06922898477314651	0.061177101356062906	0.12083975454599548	0.11087998194967542	0.13880307184142	0.003877593791742657
462000	-1770.2080775519532	-1522.7931168604678	-247.41496069148548	0.06879976284536425	0.10706323921567926	0.07734418244163094	0.11414961043973149	0.1811011945072352	0.005281410867936227
463000	-1772.032428392685	-1524.4493511156788	-247.58307727700617	0.056134310089251745	0.09753946630287058	0.08166780820832657	0.12574836008113285	0.14665798230192612	0.005235005206318923
464000	-1772.287395047048	-1526.585545595417	-245.701849451631	0.07182615123564569	0.10992741307763977	0.08766048995356078	0.14683455127032602	0.1472142345408955	0.005661082549700758
465000	-1772.3702048593063	-1522.8546415018259	-249.51556335748057	0.08055067616470683	0.08618403087485574	0.04931913991539335	0.10479292164662744	0.14624649075341548	0.005629130308659983
466000	-1769.8800494817608	-1523.1603149160042	-246.71973456575668	0.08236936716927194	0.11574053904186984	0.07997628439049487	0.17118601986318996	0.15435729203118598	0.004986896631372138
467000	-1774.9088253271843	-1525.0454004654207	-249.86342486176375	0.10927296796463622	0.17188289743277146	0.07676934587112345	0.055713935244748075	0.1692457241817796	0.005855055240572532
468000	-1776.2011607125337	-1527.1320361122555	-249.06912460027812	0.09721417596945875	0.05075409294143232	0.14393147715730223	0.07557152179222057	0.08700760985674694	0.004509909051471362
469000	-1771.0805030089175	-1524.3584042912466	-246.72209871767092	0.07206279414848521	0.06951862204483768	0.10642521235248352	0.14803830208703211	0.15048560581621004	0.004627661120633868
470000	-1770.4682291460808	-1523.0545080168868	-247.41372112919396	0.09046378570391833	0.10441479136681782	0.08805358446637236	0.055875716257453016	0.16447491676414355	0.0037198707486410234
471000	-1772.7565949124491	-1521.8617788686308	-250.89481604381828	0.10239533631110531	0.09740268840619162	0.0653788234619832	0.04753468989118778	0.15966868457706646	0.005303053993607884
472000	-1773.8711329217956	-1526.9304509135495	-246.94068200824609	0.08165198476879841	0.07104899206846516	0.07146477498285135	0.11247930348667949	0.11963515558600993	0.0030872210913548306
473000	-1768.8709150137654	-1523.6190214269582	-245.25189358680717	0.09252363508262736	0.11357496344846546	0.08221563925932275	0.09206560319500832	0.15989887813882625	0.00434551860212644
474000	-1770.2132412232463	-1524.5439711356694	-245.66927008757705	0.08417992974055617	0.09223302746933984	0.12327812400093895	0.16738372299764318	0.13913054026278615	0.004561314070652363
475000	-1770.8657446524753	-1520.615121492725	-250.2506231597503	0.09949299981150535	0.09197375632501896	0.04236304288926782	0.09908351597202336	0.16942014349612528	0.006068198605483214
476000	-1770.0922521915218	-1523.9672996033905	-246.12495258813135	0.07021382628341848	0.1107217517055465	0.12057252818235843	0.07460374462765836	0.13504275136124216	0.004934870339603123
477000	-1771.3333782527516	-1524.6295002269126	-246.7038780258391	0.09825364052536442	0.11747209668420258	0.05458708471641872	0.09156510475099187	0.12203636603731671	0.004692211044670248
478000	-1771.8982163412038	-1522.7648465086982	-249.13336983250554	0.08150475827221179	0.07764827330496388	0.08937444212140257	0.10023314330403674	0.21606878755067693	0.006078651557442942
479000	-1772.6613293667351	-1521.390843230436	-251.2704861362991	0.07264987731577237	0.09047333468337385	0.04954111450014727	0.1211897848026232	0.1916539660970736	0.004199567586405632
480000	-1769.2968476098174	-1521.6785412676509	-247.61830634216653	0.10310957385643606	0.1043215845789184	0.06676810070045135	0.11827562466253186	0.19377556922189762	0.005139991670486592
481000	-1770.3540906034013	-1522.2001322181754	-248.15395838522596	0.07146431587097174	0.0807532193172941	0.08270682680986813	0.09435262267000931	0.18479674140480973	0.0053076837117537095
482000	-1771.3415913587494	-1524.292536497705	-247.04905486104445	0.11762885682869434	0.07338594168804502	0.1003114070836318	0.10166721202549542	0.18090059700976857	0.004026691195713371
483000	-1773.3929777692294	-1524.194228228554	-249.19874954067535	0.05162463961273789	0.10616536735614639	0.06952472718966404	0.1228247170751827	0.16316901610570675	0.003055900470217896
484000	-1770.559120177773	-1525.5380967352953	-245.02102344247763	0.11722360353344959	0.11182066697601761	0.15496641288828486	0.08765873392181872	0.12263311081246477	0.006800984238151292
485000	-1770.7008197689165	-1525.1626590343221	-245.53816073459438	0.12038572342272018	0.10876733134634879	0.09740393515344077	0.1751743405466609	0.12795160708997233	0.0059394970210828605
486000	-1773.7933143725236	-1526.8048138218526	-246.98850055067098	0.11596779101952825	0.07379684930451022	0.12156185982017235	0.08606985793653302	0.15505166262330597	0.008314771637880438
487000	-1773.8517128195904	-1523.154700383197	-250.69701243639346	0.12072790567785685	0.06837064369643062	0.0572514054683303	0.11745948348906038	0.15309248902240138	0.005656564659519379
488000	-1769.2158458753288	-1525.0653569894457	-244.15048888588314	0.11067696204366462	0.10954846612061436	0.11155210653064428	0.08076387169434325	0.14947550226244846	0.004045594083314907
489000	-1770.6908481836665	-1524.3679479812847	-246.32290020238185	0.10088123053065945	0.09648162268408587	0.07250763634214455	0.09697508091145556	0.11869889781010082	0.006946850653372133
490000	-1771.6128450173865	-1523.5075116478538	-248.10533336953276	0.05623129322278203	0.0878388571263263	0.0858871336670876	0.08410536928223224	0.1291320262211927	0.003611210362395969
491000	-1769.2525918801339	-1522.1439695883755	-247.10862229175848	0.08350537325360417	0.1281255031092768	0.07011808373105292	0.1180646485314788	0.16480052052429872	0.00660375893985593
492000	-1771.0502858315656	-1525.1457044311612	-245.90458140040434	0.14261095758946357	0.06710366589088583	0.12888210786997648	0.10579502129731902	0.12670859767944376	0.006656696685380287
493000	-1771.0376752242055	-1524.2080418254386	-246.82963339876687	0.09247761586234542	0.10841520607519284	0.14878563661757066	0.11327991473930647	0.14591816925849488	0.005430698857815637
494000	-1769.3810242459922	-1524.2319635307244	-245.14906071526775	0.09465552851687214	0.1310845862855452	0.12218315576325768	0.14158828663129672	0.14301845564417134	0.006565368753000551
495000	-1773.9671143837186	-1523.4978631611057	-250.4692512226129	0.055024959437317694	0.11467329168785512	0.05156143696851428	0.12490668429196532	0.12800092068907204	0.0035347870915530275
496000	-1773.9594845239617	-1523.9710515644795	-249.9884329594822	0.0635737614933932	0.06862745299064439	0.13471744389539916	0.12463611937374208	0.14158697510895812	0.004340579638559125
497000	-1771.309470122967	-1524.681965549854	-246.62750457311284	0.060858192997179913	0.10821381863398098	0.08770142459522344	0.08738302772286437	0.1387488614029103	0.004421208709554669
498000	-1770.8927864340337	-1523.6186595256574	-247.2741269083763	0.0748719622492285	0.09150856435245984	0.09951820667295339	0.10481799052935045	0.17850629013861566	0.0059802379248436715
499000	-1776.4979858920499	-1524.5886356437268	-251.90935024832316	0.09907267825943179	0.1675540597566216	0.03876687297210119	0.12497387338089821	0.16265487828146796	0.007915162641913463
500000	-1768.8110060115405	-1523.4609755589122	-245.35003045262837	0.09501265602074473	0.10380436775311294	0.0899133009896845	0.09122988424801838	0.1424805632035907	0.005951294819002936
