#
#model:
#
#<?xml version="1.0" encoding="UTF-8" standalone="no"?><input id="posterior" spec="beast.core.util.CompoundDistribution">
#    <distribution id="prior" spec="beast.core.util.CompoundDistribution">
#        <prior id="lambdaPrior.bfd" name="distribution">
#            <parameter id="lambda" lower="0.0" name="x" spec="beast.core.parameter.RealParameter">0.01</parameter>
#            <Gamma id="Gamma.0" name="distr">
#                <parameter estimate="false" id="RealParameter.1" name="alpha" spec="beast.core.parameter.RealParameter">2.0</parameter>
#                <parameter estimate="false" id="RealParameter.2" name="beta" spec="beast.core.parameter.RealParameter">200.0</parameter>
#            </Gamma>
#        </prior>
#        <distribution id="snapprior.bfd" lambda="@lambda" spec="snap.likelihood.SnAPPrior">
#            <parameter estimate="false" id="alpha" lower="0.0" name="alpha" spec="beast.core.parameter.RealParameter">11.75</parameter>
#            <parameter estimate="false" id="beta" lower="0.0" name="beta" spec="beast.core.parameter.RealParameter">109.73</parameter>
#            <parameter estimate="false" id="kappa" lower="0.0" name="kappa" spec="beast.core.parameter.RealParameter">1.0</parameter>
#            <parameter id="coalescenceRate" name="coalescenceRate" spec="beast.core.parameter.RealParameter">10.0</parameter>
#            <tree clusterType="upgma" id="Tree.bfd" nodetype="snap.NodeData" spec="beast.util.ClusterTree">
#                <taxa dataType="integerdata" id="snap.bfd" spec="snap.Data">
#                    <taxonset id="ant" spec="beast.evolution.alignment.TaxonSet">
#                        <taxon id="Amotape_B67243.Tumbes.Amotape" spec="beast.evolution.alignment.Taxon"/>
#                        <taxon id="Amotape_B67257.Tumbes.Amotape" spec="beast.evolution.alignment.Taxon"/>
#                        <taxon id="Canchaque_B72873.Piura.Canchaque" spec="beast.evolution.alignment.Taxon"/>
#                        <taxon id="Canchaque_B72878.Piura.Canchaque" spec="beast.evolution.alignment.Taxon"/>
#                        <taxon id="Porculla_B72863.Piura.Porculla" spec="beast.evolution.alignment.Taxon"/>
#                        <taxon id="Porculla_B72866.Piura.Porculla" spec="beast.evolution.alignment.Taxon"/>
#                    </taxonset>
#                    <taxonset id="bar" spec="beast.evolution.alignment.TaxonSet">
#                        <taxon id="Carpish_B72761.Huanuco.Acomayo" spec="beast.evolution.alignment.Taxon"/>
#                        <taxon id="Carpish_B72772.Huanuco.Mitotambo" spec="beast.evolution.alignment.Taxon"/>
#                        <taxon id="Chavinillo_B72789.Huanuco.Chavinillo" spec="beast.evolution.alignment.Taxon"/>
#                        <taxon id="Chavinillo_B72792.Huanuco.Chavinillo" spec="beast.evolution.alignment.Taxon"/>
#                        <taxon id="Quichas_B72777.Lima.Quichas" spec="beast.evolution.alignment.Taxon"/>
#                        <taxon id="Quichas_B72778.Lima.Quichas" spec="beast.evolution.alignment.Taxon"/>
#                        <taxon id="Huamatanga_B72889.Lima.Huamatanga" spec="beast.evolution.alignment.Taxon"/>
#                        <taxon id="Huamatanga_B72892.Lima.Huamatanga" spec="beast.evolution.alignment.Taxon"/>
#                        <taxon id="LaQuinua_B72753.Pasco.LaQuinua" spec="beast.evolution.alignment.Taxon"/>
#                        <taxon id="LaQuinua_B72756.Pasco.LaQuinua" spec="beast.evolution.alignment.Taxon"/>
#                    </taxonset>
#                    <taxonset id="cur" spec="beast.evolution.alignment.TaxonSet">
#                        <taxon id="curtata_cra.cur.B6032" spec="beast.evolution.alignment.Taxon"/>
#                        <taxon id="curtata_cra.cur.B8175" spec="beast.evolution.alignment.Taxon"/>
#                    </taxonset>
#                </taxa>
#                <parameter id="RealParameter.0" lower="0.0" name="clock.rate" spec="beast.core.parameter.RealParameter" upper="0.0">1.0</parameter>
#            </tree>
#        </distribution>
#    </distribution>
#    <distribution id="likelihood" spec="beast.core.util.CompoundDistribution">
#        <distribution data="@snap.bfd" id="treeLikelihood.bfd" non-polymorphic="false" pattern="coalescenceRate" spec="snap.likelihood.SnAPTreeLikelihood" tree="@Tree.bfd">
#            <siteModel id="MutationSiteModel.bfd" spec="beast.evolution.sitemodel.SiteModel">
#                <parameter estimate="false" id="mutationRate" name="mutationRate" spec="beast.core.parameter.RealParameter">1.0</parameter>
#                <parameter estimate="false" id="shape" name="shape" spec="beast.core.parameter.RealParameter">2.0</parameter>
#                <parameter estimate="false" id="proportionInvariant" name="proportionInvariant" spec="beast.core.parameter.RealParameter">0.0</parameter>
#                <substModel coalescenceRate="@coalescenceRate" id="MutationModel" spec="snap.likelihood.SnapSubstitutionModel">
#                    <parameter estimate="false" id="u" lower="0.0" name="mutationRateU" spec="beast.core.parameter.RealParameter">1.0</parameter>
#                    <parameter id="v" lower="0.0" name="mutationRateV" spec="beast.core.parameter.RealParameter">1.0</parameter>
#                </substModel>
#            </siteModel>
#        </distribution>
#    </distribution>
#</input>
#
Sample	posterior	likelihood	prior	theta0	theta1	theta2	theta3	theta4	TreeHeightLogger
0	-1778.5820047271907	-1527.199598200758	-251.38240652643276	0.0759884770817354	0.13161750292555857	0.07209799846794869	0.09540081459466343	0.11216391710043215	0.0067912122759185
1000	-1772.1730314822262	-1525.9321884327173	-246.2408430495089	0.10131029696649445	0.07728337360999839	0.09350383392634617	0.09255168865528451	0.1361451014603207	0.007014867410818864
2000	-1770.163979761197	-1523.080703305488	-247.08327645570895	0.15191266321576752	0.1071274047967401	0.11514190905109635	0.1472541820049161	0.18340153879722354	0.006764203947708039
3000	-1771.9262470093374	-1522.9077678271879	-249.01847918214966	0.06062589774750394	0.10231218562737797	0.05923740411180444	0.09566005521513518	0.14691419166340555	0.005231948873371089
4000	-1771.7187157802703	-1524.8783895268502	-246.84032625341993	0.08174428990408744	0.08746914721751681	0.0631807315491678	0.11148358357421118	0.14288275869401804	0.003587831578339092
5000	-1772.8935731476527	-1525.1949728035866	-247.69860034406616	0.08749776266156553	0.0817745087464734	0.15884547808732022	0.08074461911159497	0.13040707420881079	0.003635722727959145
6000	-1772.2351711878953	-1523.9880050083661	-248.24716617952913	0.07918653756529401	0.08295503613224638	0.08477660028527877	0.09708729453307444	0.21760160501410142	0.004026882766360276
7000	-1777.004946033299	-1521.7825276921867	-255.22241834111213	0.10619497855600593	0.040368509654842406	0.042803895808243446	0.11404232979999791	0.1662558803584373	0.005426311789369041
8000	-1771.956658420562	-1523.75684775449	-248.19981066607184	0.13788241979330626	0.06975129958304249	0.13055210615017895	0.13114847447179676	0.18531746569890248	0.006175703661488577
9000	-1775.7896731180954	-1526.00203164286	-249.78764147523543	0.09496763300767232	0.08077070143385509	0.07236610480256288	0.06625125342136995	0.1759313148255215	0.008420147033976071
10000	-1770.9010473512606	-1525.8769159342962	-245.02413141696428	0.09068176723944243	0.08116604630275244	0.07668305267949735	0.09251652128827702	0.13163390866967997	0.0030745604776295106
11000	-1769.3386119902168	-1524.1834161118768	-245.1551958783401	0.1338554720631385	0.09456530909337893	0.09617999544364657	0.11134072236534272	0.13657978239881363	0.005621866897388533
12000	-1769.8336348413586	-1523.710880182054	-246.1227546593044	0.1052054201204069	0.14702466185666183	0.090316703007185	0.0869571926099132	0.1849704915218933	0.0044011763542821
13000	-1769.3345106897616	-1523.129285236283	-246.20522545347856	0.09644670985303702	0.07382588069062992	0.08953166535207865	0.08290142714479475	0.16330255552430245	0.003975903178738552
14000	-1773.7443692846673	-1523.6876399693597	-250.05672931530773	0.12355058966384828	0.10205290377202068	0.08850783539467198	0.05133123101669121	0.16312668273193895	0.006797857428936657
15000	-1770.326480874194	-1525.3843614600924	-244.9421194141017	0.0987439295228785	0.11318185881139263	0.1679474558384075	0.08811876191688055	0.13016732860894167	0.004629260309441085
16000	-1768.803085442879	-1523.6006643135083	-245.2024211293706	0.08343925807220849	0.12216490125384658	0.1276113949737337	0.08592817567505114	0.14941257134632174	0.005036831901196143
17000	-1772.5659158384656	-1524.0233341651183	-248.54258167334737	0.1077754068523259	0.09015365493690274	0.04792576454157564	0.09163828546419676	0.11174969060724115	0.005314623395632172
18000	-1771.6105369056218	-1525.7447508605833	-245.86578604503853	0.0862478341859884	0.10730717970251619	0.08010633832160867	0.09864505242059957	0.12714244766083885	0.007707760593931063
19000	-1769.4540955913576	-1523.5569806799626	-245.89711491139488	0.07452447299039543	0.0881741449325423	0.08435084693780354	0.08686026053436496	0.14011826038374292	0.004703951611377985
20000	-1772.9830476693874	-1525.9345932541037	-247.0484544152837	0.07293407569132429	0.17596689014731784	0.08933252992810603	0.11964211977186136	0.12509563196321782	0.005751411465755971
21000	-1771.2265218933524	-1525.3050788255755	-245.92144306777686	0.06127080987145194	0.11647081477022089	0.1335381052682299	0.1093506240554882	0.1461081411644375	0.004087376050140235
22000	-1772.2982255272686	-1525.4023837343257	-246.89584179294286	0.1565902253966799	0.14226729600768193	0.08114444006634655	0.13279021863027554	0.13873180054795267	0.008500321926105565
23000	-1768.4040433948492	-1522.3783064507106	-246.0257369441385	0.09334397117071348	0.09194124541268801	0.0819690836216585	0.11176626919510678	0.17151773998733189	0.004785844073982066
24000	-1769.472647551746	-1523.786777714358	-245.68586983738783	0.08149395982572603	0.09776144172208634	0.09209957549823203	0.09711859807867074	0.17094270078492088	0.004329750158048849
25000	-1775.031824537695	-1522.2858437899208	-252.74598074777424	0.1464426543009111	0.11467811466717023	0.05518215330376551	0.06620210464925444	0.1986038097648929	0.008098825366822916
26000	-1771.784485008817	-1525.8988838781197	-245.8856011306972	0.13797744392055386	0.14050850353778185	0.09413767039303643	0.08829289596877257	0.13967293324479263	0.007322216760828706
27000	-1772.043011640443	-1524.6589333028703	-247.3840783375727	0.1577244307287646	0.10111031823357294	0.13066125587024335	0.09330831678556084	0.14018734710187192	0.007401754773507223
28000	-1773.0626518455674	-1524.828738232464	-248.23391361310325	0.17716202773807996	0.15407847564992114	0.1210610363716554	0.1591260610492882	0.14160279252439284	0.008987157227039225
29000	-1771.0300688350899	-1522.3955638945768	-248.63450494051307	0.10967805788884778	0.14101741829330533	0.06416149188383961	0.08458041980375083	0.15470859680153082	0.007782670857896433
30000	-1770.3362916181452	-1523.456077209453	-246.8802144086922	0.1219680091588549	0.10419006121180327	0.07927121872882184	0.08724824385411095	0.1738252178317248	0.006251278565666451
31000	-1772.7421812614243	-1526.0779689643618	-246.66421229706236	0.07773300968881353	0.12369275314550068	0.10595753136850662	0.10509279911730522	0.1684949617073805	0.008909925152304071
32000	-1769.0162823165292	-1523.5567499516858	-245.45953236484345	0.08306913030130166	0.09484331458971562	0.09014690946385076	0.08071273113863918	0.15013559980796662	0.0037893468529671165
33000	-1769.8934484389413	-1521.5243892721294	-248.36905916681195	0.0979349466847328	0.09643934136458857	0.07827955004030751	0.09685455140625193	0.20839667673055912	0.005064064792743443
34000	-1768.1945958106912	-1522.5353183387515	-245.65927747193967	0.09032717854152555	0.10381925948689207	0.08666230200011658	0.08550561132042929	0.1539122798727098	0.0051024714276278905
35000	-1772.0248252723234	-1524.0678621895718	-247.95696308275154	0.13214626541939767	0.09832352553772611	0.08118985298303734	0.09741127743471471	0.19665576123387138	0.007650853439162487
36000	-1770.306880192495	-1521.8797483027884	-248.42713188970677	0.12630641194949352	0.12179732828530083	0.0807306991559312	0.07365440532654101	0.182693277856551	0.007772965563630365
37000	-1769.5994803302508	-1522.0485053079506	-247.55097502230015	0.10906957714019588	0.12637912084793995	0.05808706336453527	0.11005030892406949	0.1786335880983434	0.00618401604772753
38000	-1772.0502280581172	-1523.2352487542355	-248.81497930388184	0.11125763193831643	0.06771333248413015	0.058660610491803204	0.0891908600296341	0.1305154669243641	0.0061513599487015075
39000	-1772.7433363483005	-1527.0470944612948	-245.69624188700575	0.15056432739011083	0.08920325236635597	0.09843868102165557	0.0694907721245851	0.15729439138368087	0.004199207552133308
40000	-1772.6164865299731	-1526.2834949396313	-246.3329915903418	0.18516860126181378	0.08964244196423644	0.10779173597243527	0.1335732509621286	0.1297813743268313	0.00809560945657779
41000	-1770.0189406428683	-1524.8811082237303	-245.13783241913796	0.08685388147793473	0.09957546804032705	0.13870459530426135	0.15472751720613953	0.13859590604978336	0.0047870209367103095
42000	-1772.2907326197783	-1525.2444553515224	-247.04627726825575	0.0749493935717557	0.07350347496124639	0.07716769235899128	0.06719219750515064	0.11720091861375581	0.002908745012113668
43000	-1770.4161463626956	-1523.49444435107	-246.92170201162577	0.06290638048725293	0.11068979147016085	0.07904790993655228	0.09099350191053111	0.15601388178828007	0.003507297151750778
44000	-1772.2682238245748	-1522.7345489766005	-249.53367484797423	0.0553209429413467	0.10533121988675506	0.0858303938286729	0.08121915509692382	0.18721739341792398	0.003954877586743541
45000	-1774.931473579867	-1525.940909674439	-248.9905639054281	0.1298402901328728	0.12219559807127525	0.23865840119815357	0.08628545256755409	0.16075744635042688	0.004425248634174579
46000	-1769.794693353695	-1525.0173625182333	-244.77733083546167	0.08800291627150393	0.09904531187195662	0.07799060770315513	0.1064855593673418	0.14732382329376534	0.0034858591134361108
47000	-1770.0820115063375	-1522.6849360516248	-247.3970754547126	0.1318688928798826	0.08889290374906877	0.10635459022308101	0.14742265028742388	0.21048141219233288	0.006370799541376466
48000	-1768.1948954336385	-1523.0078471724796	-245.18704826115902	0.13170803143349116	0.10693082304871857	0.11661395737236825	0.09256172131214438	0.16295996892853276	0.006503910441338905
49000	-1771.7864366979525	-1525.4518843160986	-246.33455238185388	0.10840781017440265	0.10717811088247993	0.05459637475618907	0.13514760749996302	0.1107447286516367	0.004796757973962027
50000	-1769.7549915972072	-1521.5815592231868	-248.17343237402042	0.1244415638649827	0.11944934607320912	0.05361263251165463	0.1045366871700583	0.18137075135681216	0.005786666908527393
51000	-1771.154859270113	-1523.533669931798	-247.62118933831513	0.07708023311825939	0.1383758394640098	0.08860712673283684	0.09504757018104479	0.19901870918517112	0.004796516551470627
52000	-1770.696450235895	-1520.7783794079087	-249.91807082798647	0.0764298602755067	0.09748535723671964	0.046296306085776985	0.0936264653546093	0.1729476494910443	0.004686116446950822
53000	-1773.5366248931377	-1525.5007749241063	-248.0358499690314	0.07416063872562528	0.09888962223863282	0.10461318531468183	0.15144950699887397	0.20733442368727348	0.0047587350546451366
54000	-1775.3663525537509	-1526.1300019170176	-249.23635063673322	0.07655792619846573	0.05528371867471432	0.07704517560779617	0.12522532361898045	0.10777914241253855	0.005938534476306772
55000	-1774.4742662854876	-1521.8079359750307	-252.66633031045703	0.07774775920093706	0.15801662385446177	0.04449586100983994	0.07511965820480954	0.20775734247409175	0.0038856666372962378
56000	-1769.066242644491	-1523.6817969636554	-245.38444568083554	0.0826700121093131	0.073664530585088	0.10937819842954032	0.11255255956179322	0.1482089064457752	0.004904895832968866
57000	-1779.4490230071171	-1522.446517686105	-257.0025053210122	0.05456440111315975	0.06264925235857301	0.06197968057933105	0.24006482275601476	0.20355821993105225	0.003450179149047112
58000	-1773.363159893024	-1524.7121555541075	-248.65100433891635	0.0688631962266714	0.08338480785053452	0.05303027661762031	0.09570310922910134	0.12037672012011665	0.004202671042213955
59000	-1772.6307956706114	-1525.900828587943	-246.7299670826685	0.1385101780864125	0.11163300001658329	0.09620228821179715	0.0777185415498787	0.14252005106720644	0.004056402878865943
60000	-1769.95491325669	-1521.6489657105772	-248.30594754611266	0.09533812778268454	0.13684488624647093	0.1041928837722676	0.08584225680154367	0.22036326650265212	0.0063126045661820035
61000	-1768.3112873605094	-1524.4572739340308	-243.85401342647847	0.10869204941527988	0.12671829008670982	0.11221690891022866	0.0985542257076321	0.1471314919899745	0.0049960771641178675
62000	-1771.9605754223796	-1526.0783585311203	-245.8822168912594	0.06555785201048332	0.09337886138537664	0.1271231921891445	0.09714610976553456	0.11138196772864992	0.003560115660520115
63000	-1769.127346731863	-1523.1315192179115	-245.99582751395155	0.12332884363008832	0.11338232988708866	0.10879208429366023	0.09876719182725667	0.17162326457749189	0.007923792964026462
64000	-1774.3092369574556	-1523.0450394898967	-251.2641974675588	0.13329627144049694	0.1184603684641016	0.0330717828971471	0.10672804404256135	0.12732634020978892	0.005413008898779097
65000	-1771.547240267293	-1524.8850179849521	-246.66222228234085	0.11246351144566141	0.1513705681279774	0.13107065195367643	0.1541577253828732	0.14602739711698492	0.007430191103338847
66000	-1772.0345651678153	-1523.992347989844	-248.04221717797148	0.13318570386900852	0.10821864104125468	0.046785980633495705	0.14215523845741135	0.13060195156450818	0.005326495479663806
67000	-1768.0218221031064	-1522.8333850978606	-245.1884370052457	0.08758363494942295	0.10913488481608807	0.0913867515447713	0.1254219166358338	0.16589964814358277	0.004882396196698397
68000	-1769.24809663044	-1523.8489791119068	-245.39911751853307	0.10172653019779014	0.09021637710668898	0.14614452130942596	0.1163608964253407	0.15718089498233637	0.005756606608624468
69000	-1772.513972143806	-1527.961562008241	-244.5524101355652	0.11569671342442187	0.11429782587720116	0.10692782354348991	0.07450295679605355	0.10065474536233691	0.003869764338475587
70000	-1768.0140631412041	-1522.8721722243513	-245.14189091685296	0.11857670624140157	0.11803702193103693	0.09621732211614249	0.10221000552082049	0.16536023052322166	0.005614462157641547
71000	-1771.4206595157084	-1522.4152307198049	-249.00542879590344	0.09023723808629873	0.08959611395628143	0.05071835220171693	0.08937653581703406	0.18035830153403729	0.003979248499905558
72000	-1770.908706761814	-1524.1163127703921	-246.79239399142202	0.08202063946198998	0.09609628943430232	0.13373355661231193	0.08496095273476581	0.1742798535374824	0.004890612343602961
73000	-1773.1446129727976	-1523.4709586183203	-249.67365435447726	0.06694772201826261	0.07581091522957774	0.10800696509392628	0.06434762803037333	0.1338583183345334	0.004430494465231838
74000	-1772.9802551047937	-1529.670560853426	-243.3096942513678	0.12069951369193063	0.08901288498232145	0.10508824364943822	0.0947723972593878	0.11615128436592022	0.003066502368492817
75000	-1772.028600614068	-1522.6088302252865	-249.4197703887814	0.06790163647912593	0.10633278393665606	0.07966799479974895	0.12085016188466764	0.17550616506124977	0.004125110441860067
76000	-1768.6323696877816	-1523.1626368767738	-245.4697328110078	0.10289196570535983	0.12465025307940605	0.11905082363450292	0.07439751813618835	0.1543961468875778	0.005549505424930476
77000	-1769.2862574759606	-1522.6541467664729	-246.63211070948765	0.12416955004348867	0.13138392873780727	0.1051777292639227	0.07782727491576122	0.1745888020208122	0.007314765069024001
78000	-1769.8663428090758	-1522.631881385023	-247.23446142405277	0.08017670792112086	0.14652606342417263	0.07421530569486218	0.0775965783071987	0.14741947281007023	0.00523326986717435
79000	-1769.9729625741343	-1523.1293716679143	-246.84359090622013	0.09201890534659458	0.14635943639902846	0.0710225359218673	0.13418303566165224	0.15581766635612637	0.005809868015518283
80000	-1772.906124836515	-1524.289656755115	-248.6164680813999	0.06853804145943267	0.13015802489200348	0.08408750107684299	0.14609056035124754	0.140854258470547	0.006845162840096811
81000	-1773.921995863993	-1522.148654155248	-251.77334170874497	0.11266661424715957	0.15480694793341343	0.049061126427836534	0.049816557126445796	0.14451468310200824	0.005242954736301084
82000	-1771.8878145244043	-1525.1024442996825	-246.78537022472176	0.058215097104036016	0.09996065940715936	0.08949417699494043	0.105495352994008	0.12899957536974618	0.0050235275506371425
83000	-1774.3106949848438	-1523.6880978028835	-250.62259718196032	0.05776155505889041	0.10794732237931698	0.08949619126363739	0.058473351293330054	0.20436808968350767	0.0030852752900524336
84000	-1769.762826569141	-1523.144771083078	-246.6180554860631	0.11350298192365826	0.0721696516352121	0.0866343524460419	0.11467608583475705	0.1571856359258065	0.006217282999339185
85000	-1771.1314534069836	-1525.8154421822119	-245.31601122477164	0.09860306926087943	0.1263346584537032	0.07817872675609402	0.06771727856926703	0.1409777396111161	0.0037606180508684807
86000	-1772.1424020939803	-1524.0150000279996	-248.12740206598085	0.053741861606243065	0.11599718689862304	0.0799835191199868	0.08282958645349006	0.15599455489984543	0.0039226973555648624
87000	-1770.4325206713015	-1525.4958844724013	-244.93663619890015	0.08794595015905124	0.09117908375497616	0.11368023379126417	0.12423288673944742	0.13285312605134825	0.006393027721767209
88000	-1775.1886971138958	-1525.752386510358	-249.4363106035377	0.09403123711618325	0.043878473745737084	0.1626631738239334	0.1648548890132458	0.14843936173080244	0.0034833635657191614
89000	-1768.8588570382694	-1523.052616786274	-245.80624025199543	0.1017835977730025	0.07314515148348157	0.11434278731268696	0.1366955391228369	0.16403331383329342	0.005753450409379244
90000	-1776.6579346340673	-1527.5923128492905	-249.06562178477677	0.08126465248184239	0.13072601346553106	0.05089632600314935	0.14115285989593535	0.08426224494998162	0.005266451187810762
91000	-1769.9877222768382	-1523.5292883251143	-246.4584339517238	0.06528916029322862	0.1159377727352425	0.09947946280128787	0.10882947675452158	0.1681230680993683	0.003903611670600136
92000	-1770.8372655652165	-1524.8563893175328	-245.98087624768368	0.11938065910265121	0.10207499227587685	0.07433296869548751	0.12137591183547344	0.11361965860019571	0.007288224353537796
93000	-1770.7772821002675	-1523.4839249967736	-247.29335710349386	0.12239233216066726	0.13399427502543151	0.06513358519782457	0.14071636085799397	0.12982353567846786	0.007239383397122304
94000	-1772.4152430800848	-1524.5174026471918	-247.89784043289302	0.1488230154293118	0.09217994608721852	0.08537755960926606	0.09480258762989285	0.22394464033871328	0.004430786497004666
95000	-1772.890856568145	-1525.7578969693627	-247.1329595987823	0.08993463685271562	0.1416904141088666	0.14469801188915152	0.09463856423192946	0.1244277959921369	0.005019099055697399
96000	-1771.7586221380773	-1524.3767557334463	-247.38186640463087	0.07821185382739898	0.16241169521947108	0.09835296161675663	0.08262572070797841	0.19201200385898115	0.003733637642412197
97000	-1775.4541871251174	-1526.4555049437913	-248.99868218132607	0.1638800429314914	0.11281374621633	0.16040777370560144	0.09904236298388663	0.18661971521148796	0.012534699682412822
98000	-1769.5754975991263	-1521.8163981014468	-247.75909949767944	0.07687360535830452	0.09035191604156677	0.061904308779773355	0.13141191062249777	0.15842135092751655	0.005315892565128494
99000	-1775.7814957485111	-1522.1616867608745	-253.61980898763656	0.05552685339421876	0.056860840380603704	0.04264576613389108	0.0954264666621751	0.13174797918735642	0.0042519189830908894
100000	-1769.4116761956036	-1522.3526249020726	-247.05905129353087	0.11185385058547083	0.09822168058690425	0.07438019228581982	0.07277527553595237	0.15532038928355504	0.006026889921961129
101000	-1774.4453911497149	-1525.212992252485	-249.23239889722976	0.08767346089085855	0.06023262296413669	0.07511299794486662	0.09447754694933806	0.11563025961539287	0.003186750006342508
102000	-1773.302485159377	-1525.243078253218	-248.05940690615893	0.1253831635976162	0.09166698994281514	0.09122308903533091	0.21149316537778365	0.12138233966697402	0.009102170830921796
103000	-1772.140375726326	-1525.7214345003888	-246.41894122593735	0.05364118584861746	0.1141681999135557	0.08882532039472675	0.11058249906749892	0.1079312631035568	0.0038626885182256225
104000	-1768.8137062852982	-1523.548472451615	-245.26523383368314	0.1410404690383851	0.1198859171211416	0.12469829319097042	0.09609488802685376	0.16102399182503527	0.006620401708194914
105000	-1772.982285119793	-1523.0724511313354	-249.90983398845765	0.0706510777722579	0.10123786634674307	0.11174733995118409	0.13210476814204933	0.19057797884216224	0.004285533670420654
106000	-1770.3203841864859	-1524.2585440980642	-246.06184008842166	0.11169621683460543	0.16618574409690473	0.11015866993018934	0.09319762896460647	0.1388079463350373	0.007691938479676549
107000	-1775.6183972404117	-1523.8543461449458	-251.76405109546587	0.10749232961830561	0.05278176277497753	0.07895699093749381	0.06868403069898577	0.17072512366573023	0.00573679096154555
108000	-1772.0375203221618	-1526.933651320789	-245.1038690013726	0.11843545430649734	0.0958300064179211	0.09056764329583496	0.11040792874050583	0.11157582752634615	0.006539656856750626
109000	-1771.0485939634523	-1523.3447028056705	-247.70389115778187	0.06211683346324335	0.064348825643625	0.10790626553202545	0.13136215762139028	0.16079394693796942	0.0039263385977685444
110000	-1769.209286584186	-1522.5813903614267	-246.6278962227593	0.11803398215105172	0.07397477954995837	0.09181622888785766	0.11653082853534036	0.18380886257965715	0.005979682672607099
111000	-1771.5631163259068	-1524.91804535848	-246.64507096742693	0.12616255704025806	0.12510092162498385	0.0634130824968076	0.0828680869271735	0.10993983531906946	0.005938406810562187
112000	-1771.3194332188266	-1521.057669762709	-250.26176345611742	0.09588691151388298	0.12870875056497952	0.0532549524091931	0.09628457481836067	0.17837664869499653	0.007179676892500057
113000	-1772.5636313202178	-1526.0735078080652	-246.49012351215262	0.06361091897245394	0.12979735707716103	0.14927580706170762	0.14759290372488285	0.1273055014839399	0.005384623903751037
114000	-1772.8759503092158	-1523.0793848335793	-249.79656547563653	0.08584985181605163	0.1452716444169052	0.058354070391955996	0.054508209992006056	0.1418172601010393	0.004160231337378462
115000	-1776.1116841736755	-1527.8746968848454	-248.23698728883014	0.11608079894253667	0.15821182406358988	0.05527793409095977	0.06355691223688713	0.11303209931453542	0.0032278061639462586
116000	-1772.1336684715109	-1522.4799317072261	-249.65373676428473	0.11957737056181846	0.07264663446606445	0.044630739875070824	0.07960153472890093	0.13901187944838075	0.004596492912346242
117000	-1771.478345603161	-1525.5139029724992	-245.96444263066186	0.11614743583233646	0.0812326194220681	0.08692464880990063	0.14677505348583822	0.1481628182863389	0.00483232933600937
118000	-1771.7655556268408	-1526.2681075732698	-245.49744805357096	0.10204304624830796	0.10251598935252051	0.12713906996235275	0.11558291279551489	0.10898685437563777	0.0054448946891860915
119000	-1768.4274416230946	-1522.6017994742137	-245.825642148881	0.09528537575811333	0.1295213313742525	0.07876652148572126	0.09621783866178867	0.16488512682632753	0.005061798337654152
120000	-1770.2019920824537	-1524.559017619758	-245.64297446269578	0.09487624973909793	0.08024049700366667	0.11076679988772271	0.07660157046954673	0.1483648830299853	0.003907012095924805
121000	-1771.1211818940883	-1523.7871812010894	-247.33400069299898	0.05837805233732069	0.0721614033059186	0.1016036736304422	0.10525813470427897	0.1439816462222618	0.004838964193982693
122000	-1771.8956993383656	-1525.2348494900566	-246.66084984830894	0.11929772841582625	0.07620192455625607	0.11146952442413716	0.06748364153316673	0.11646450347434688	0.004293864137578186
123000	-1770.877360254946	-1524.35084237517	-246.526517879776	0.08260644907119556	0.15738598902660506	0.08329852314789053	0.08316817706743357	0.14958202895439862	0.004935399347913074
124000	-1771.646034999782	-1525.3641119507934	-246.2819230489886	0.07405897251739485	0.12160140243519849	0.08501393699396681	0.12144897436442709	0.1160134630005039	0.005356866490356348
125000	-1773.7033065225448	-1526.8621692025965	-246.84113731994836	0.08907452931808905	0.11250876487534998	0.09197343533699663	0.15380624748512559	0.19170215491521606	0.004765561083879438
126000	-1770.2285347695608	-1524.9780913060056	-245.25044346355534	0.09672482425196274	0.07090765531987006	0.09039140137867527	0.10602944155004343	0.14683986545625707	0.004602111798882648
127000	-1773.9659805837657	-1525.2332010908972	-248.73277949286847	0.13417879925397833	0.11628367646171142	0.06741586736797911	0.06342629049389957	0.16716368659259187	0.004074730217990568
128000	-1776.7131388341154	-1528.085497664903	-248.6276411692124	0.059910667211883976	0.05081129645663446	0.10336371768334135	0.1213778972388267	0.1170201876489644	0.002043875712559185
129000	-1772.6173321542901	-1523.338527166034	-249.2788049882561	0.1327504068425938	0.14651254419087525	0.06615913591554554	0.08567823754760596	0.18395082526109074	0.008007258948401317
130000	-1772.4255133602273	-1522.6066521460675	-249.81886121415977	0.08926397289941981	0.09777278871851884	0.05650964733593759	0.11121139828637383	0.19068172743086179	0.004469130225993044
131000	-1773.844255984579	-1523.1745460020798	-250.66970998249909	0.07593413805571361	0.05534951990558252	0.06205692324065905	0.06522259074007655	0.11791020676449568	0.004096858364035638
132000	-1772.8757414245101	-1525.1644919228172	-247.71124950169292	0.1013685982011357	0.10918399919080861	0.07178695824020796	0.15197433187074308	0.15639257756899677	0.009633706143914116
133000	-1768.6901196093856	-1523.7768580628467	-244.91326154653902	0.0999718963910527	0.10119465528225594	0.08683702916965645	0.1059446671398453	0.13665321410652093	0.005117222868709919
134000	-1768.306177657655	-1522.5061696613998	-245.80000799625526	0.08202047436175595	0.09444977207528417	0.07691583063942453	0.09711090334921094	0.1511632915010016	0.004794428797876922
135000	-1769.1330722369976	-1523.139923922072	-245.9931483149256	0.10880720070073786	0.07421011629037004	0.09997624615019912	0.08531841432929982	0.1661849367574522	0.004559366854170738
136000	-1772.5801477039884	-1521.889359317683	-250.69078838630526	0.17837288075559762	0.08111062909507566	0.06468254624381203	0.15580582502976897	0.19688745024403198	0.007237034151997036
137000	-1777.4722096785663	-1524.9408958311692	-252.5313138473972	0.08118429355744082	0.19933996156850908	0.05448953587420484	0.090805775881756	0.14435916731942874	0.004751449437353364
138000	-1770.2723450715634	-1520.919858383292	-249.35248668827137	0.11375671079614873	0.1555811100933709	0.05738665607817596	0.09528217496725472	0.17931092117332204	0.007340999489091783
139000	-1769.6658315013055	-1522.7086405293203	-246.95719097198523	0.11766451976537669	0.07115912095888435	0.08894201783979737	0.09860621410033252	0.17831218669380328	0.005635672790125416
140000	-1772.4438958340738	-1526.6365001552285	-245.80739567884532	0.11747100888186893	0.08727284551670561	0.10654985704362102	0.149347681092528	0.12244485676896989	0.008611825529297094
141000	-1772.7915884122308	-1523.2576091449882	-249.5339792672425	0.0855746160848822	0.0918971172890461	0.05802849059384619	0.12482615515412564	0.13343620860110397	0.006487862512319614
142000	-1769.7771296140547	-1523.084591059656	-246.69253855439868	0.09050658419565162	0.095144965230076	0.07256484649394579	0.073475336335552	0.14008789015170092	0.0040967876593549675
143000	-1771.3900494533777	-1522.7248041364815	-248.66524531689626	0.14613291892190025	0.0941801604287858	0.0611479987844046	0.16755141513454688	0.1644800101868876	0.006286623446974001
144000	-1769.9010212014587	-1523.1564760033152	-246.74454519814353	0.08388192481154498	0.12889223916541862	0.08065125039275758	0.1461316946387913	0.16829145555577302	0.005276654234651976
145000	-1770.3609935669501	-1523.3752218073687	-246.9857717595815	0.16544162700882822	0.13158078975767737	0.08122365353065462	0.10910385407177575	0.15080257963479884	0.007906293715628681
146000	-1771.2675360952387	-1521.4888437605923	-249.77869233464634	0.11105047406915015	0.08695258980476296	0.04420479321476157	0.09693289819195086	0.1463889459936142	0.005486654604845949
147000	-1773.6628752883003	-1528.774953318103	-244.88792197019725	0.10284723578452659	0.07092617990382373	0.10054936243203277	0.1214613606572417	0.10854730447201501	0.0030216559092761702
148000	-1772.347742867886	-1524.3439244496312	-248.00381841825472	0.09176849863451561	0.06401617243579805	0.11883243627468565	0.06437176610612438	0.1321706306866284	0.0038336640718952294
149000	-1770.3278993842318	-1525.0396254947564	-245.28827388947548	0.08466920588513469	0.14358034275715637	0.14819021468188595	0.11608300713003486	0.1403408554387112	0.005356892222441143
150000	-1768.1642568751488	-1523.7779411481997	-244.38631572694902	0.0985273371714962	0.11234936706224552	0.11136937911027286	0.1013100001933519	0.1568158970146278	0.004736786974333452
151000	-1770.2993236454722	-1523.2517925145858	-247.04753113088648	0.07013067590538571	0.11760983165706852	0.09950275345654051	0.07957658287029698	0.15451967158716365	0.005532206004731774
152000	-1770.0217410699217	-1525.1487013649241	-244.8730397049976	0.08282502506919939	0.08572745202936993	0.08271501263219468	0.10156701939416557	0.11212280942378854	0.0038071979162090297
153000	-1770.4344608600352	-1523.5459637947583	-246.8884970652769	0.08189852440513909	0.10615378954649521	0.05770939778579531	0.09338283300892754	0.14592689064389186	0.00415626414128324
154000	-1773.946413581734	-1523.24613360997	-250.7002799717641	0.12482179049410747	0.10204500226166577	0.10469500742034413	0.10718130576307852	0.26892030557020136	0.005808987746093988
155000	-1771.120307818259	-1525.8658036494448	-245.25450416881432	0.06737254953861412	0.11589378170009994	0.14146990688806022	0.12237670764296601	0.14932460710793807	0.0034646944931020435
156000	-1771.927964361852	-1523.1578785515671	-248.77008581028483	0.11265799699159747	0.08088183348801074	0.06437373788109034	0.0841799926360074	0.16573118827058472	0.005417644528716191
157000	-1770.68853847515	-1522.8017024431308	-247.8868360320192	0.1128407902610851	0.12875157344580254	0.07087831016680989	0.061262746990483834	0.16615689438153766	0.004622908719379641
158000	-1771.1871869942247	-1524.2739169961696	-246.91326999805506	0.08552074232410622	0.11933724096728139	0.10933526841468848	0.10615119849105749	0.18345884566887788	0.007669078384125856
159000	-1773.5249790141283	-1521.6807183431183	-251.8442606710101	0.07828507722979731	0.08963581249125452	0.03769166594866662	0.08484918495401862	0.1600670628421528	0.005029696184571019
160000	-1774.4889520604743	-1525.7827245940211	-248.7062274664531	0.09503798728019106	0.07402725307478726	0.08645884255660799	0.12513331699765357	0.1329981206688072	0.003351599607716108
161000	-1771.0949355304724	-1524.431315859774	-246.6636196706984	0.15652704650232738	0.12785691296213708	0.13292846357690352	0.06786039448438748	0.15350018947317726	0.00570426593106643
162000	-1772.2494611597378	-1525.0636941519806	-247.1857670077573	0.0811434502855761	0.13933752178059577	0.10455526333502387	0.06687643497663878	0.13719165110773598	0.0036684109377881618
163000	-1772.20069757618	-1523.3120365401226	-248.8886610360574	0.07489530438420153	0.07540977463805812	0.05638172546989118	0.07222573733502205	0.12601947557435683	0.004068001437321178
164000	-1771.8012497250013	-1525.8940944553751	-245.9071552696262	0.13168539051099148	0.1421900643546872	0.10318365785882068	0.12155586649617353	0.18284983441894437	0.007695043087410318
165000	-1771.482223566461	-1524.1780604300059	-247.30416313645506	0.106001930660743	0.10723725103193531	0.08213529078556599	0.0962504890027566	0.15758726161268838	0.007801583662331942
166000	-1769.5847291239181	-1524.161426664252	-245.42330245966596	0.10788145559347319	0.1253280602225312	0.13102028915889427	0.11185654678347992	0.1517255395814514	0.005712703905151927
167000	-1769.261276762935	-1523.574985190864	-245.686291572071	0.12083815459515629	0.09346690032649246	0.0933269931527385	0.10007554423950854	0.15508892769381735	0.00663787045115475
168000	-1770.0393515931014	-1523.5541368861514	-246.48521470695005	0.07515726867730975	0.12284808954222162	0.0809609360334039	0.12634325090028292	0.158392823697746	0.00465120918208254
169000	-1769.415997451631	-1522.0709187193174	-247.3450787323136	0.1111756925906484	0.08548543003821629	0.06857558791801241	0.15813105813524733	0.16633243055513527	0.006093341354813387
170000	-1771.7593080701326	-1525.2763727994593	-246.48293527067344	0.0783758650393692	0.18278327503868275	0.120025452195656	0.10363017102889605	0.1350573260172285	0.006378261603396869
171000	-1771.125058066348	-1522.5388670275188	-248.5861910388291	0.10318581613230877	0.0584956393529322	0.08651821914860588	0.09884635771803159	0.16688893451357714	0.0053374704350557635
172000	-1769.230698915606	-1524.691979820917	-244.53871909468893	0.0939017846606313	0.10656105635724512	0.12511865918293638	0.12525916354406325	0.1294029172349531	0.006479610400066226
173000	-1770.8923067271132	-1525.4904203939773	-245.40188633313593	0.14029602779927478	0.14141814498005834	0.09653754250554628	0.11883501168389311	0.11825134374560423	0.008464378832024534
174000	-1770.800364139271	-1526.1504099037275	-244.64995423554362	0.09690682995988815	0.12087884039670654	0.09495748655946114	0.16415470294378698	0.13878301345175603	0.0043207164332799185
175000	-1769.6757309630775	-1522.2903985983257	-247.38533236475166	0.10113898897610428	0.0974033716283942	0.06098305243022902	0.1327788182799513	0.16189091699726532	0.007279708696447782
176000	-1771.4775715706176	-1522.9304690090185	-248.54710256159913	0.09264781440527141	0.07598401841832512	0.14171550483978093	0.15760380253612644	0.1850687490780505	0.006251174313936999
177000	-1768.6510521867824	-1523.2189502761485	-245.4321019106339	0.07951598175117112	0.12038640486010038	0.12281740893036823	0.0874970300940767	0.15791340491778602	0.0049739727663928425
178000	-1768.963340224655	-1523.1105943567463	-245.85274586790854	0.08281700515672577	0.1225439489621136	0.12131235257676405	0.11179041848060606	0.1753008231948649	0.005334661925847813
179000	-1770.4813647914389	-1523.7625281074206	-246.7188366840183	0.08687479992535908	0.10953106612644017	0.08986019345563957	0.11702202377489447	0.16611761467005365	0.004454113050935526
180000	-1771.7826717951846	-1523.9464243669622	-247.83624742822238	0.11054295247792012	0.07077515335429695	0.16885493631236798	0.11880834795852396	0.16768729985903807	0.00741267405174091
181000	-1772.1106180363151	-1522.5923397221873	-249.51827831412794	0.08473212542163412	0.07547403901126462	0.06271915008615418	0.07982718212423512	0.1931108376607582	0.0036258649030903086
182000	-1770.500093030439	-1523.2907864383349	-247.20930659210433	0.0980148530126951	0.07507919259285407	0.11225478301772483	0.07872533820192824	0.1484379049738648	0.005312047731791825
183000	-1771.5800321724078	-1524.0806914589866	-247.49934071342102	0.09248584701840114	0.12209757357133413	0.06942955707992507	0.16218301535136476	0.12424825505034744	0.006854010732930408
184000	-1771.8817182736245	-1524.4903314727217	-247.39138680090278	0.10099646536632595	0.0861578882614739	0.05662557763094257	0.14226303032586085	0.11967046701723019	0.005832614092731642
185000	-1773.8941654874825	-1524.0833023799946	-249.81086310748793	0.07631366119630764	0.0840369837357563	0.06175857899295827	0.1334803398991769	0.17865086073923206	0.005665915076363129
186000	-1769.938019144605	-1522.4689748616165	-247.4690442829886	0.10901881011098682	0.13306858864896554	0.09077971477960207	0.10733217357556643	0.15990348702569812	0.0071138563591837435
187000	-1771.01046071316	-1523.1134101120529	-247.8970506011072	0.10575198574468024	0.09899797373398883	0.058178973325688305	0.1276566759350295	0.1563219152267979	0.004471070979680615
188000	-1773.0203128094745	-1524.6184893937443	-248.40182341573015	0.0965401588788531	0.14766563771077476	0.052334151229533936	0.12119849248906547	0.1613879158350806	0.004536278116730192
189000	-1769.7045139919055	-1521.017988470604	-248.68652552130146	0.0948036274283477	0.09595393673797631	0.05304330640306591	0.08982821313893323	0.17928375296021962	0.004854755447746605
190000	-1770.047927752644	-1521.1047416243775	-248.94318612826655	0.12306287113780477	0.12062484407541554	0.07863026883804392	0.11424649541317226	0.21032192311937004	0.0080778150487099
191000	-1774.3180421510488	-1525.3898195762708	-248.928222574778	0.13757996500984032	0.1293081512359159	0.12429853940236972	0.0559284657149311	0.13451277357625233	0.008346515417247211
192000	-1770.9055489570146	-1523.920573867901	-246.9849750891136	0.08658263211975893	0.07997833563624931	0.0644360250630198	0.09548131684649991	0.1107848287237998	0.005268492985975135
193000	-1770.8998586770283	-1524.1635984399063	-246.736260237122	0.11587193912401676	0.08189073868369345	0.09404643955389547	0.09149196267718607	0.1807361173093517	0.00630823134960832
194000	-1771.3326488755172	-1523.6984545821992	-247.63419429331785	0.07490192282536651	0.06542538179265381	0.12710083187271423	0.07998272270383748	0.13739807026651618	0.004672415620727983
195000	-1771.1272727812852	-1524.637358411362	-246.48991436992327	0.06333481463941475	0.09409501997925389	0.09474965255469756	0.11190119278451927	0.13673332518301629	0.0058435207854428415
196000	-1772.5559080101805	-1523.8686030719718	-248.68730493820857	0.06791166050690522	0.13783245620852697	0.09295110658328799	0.11572670145237457	0.19353424165796093	0.005213891999319222
197000	-1772.3785712268684	-1524.5825150977594	-247.79605612910913	0.05820652973248622	0.07552940569076864	0.06561427369448643	0.13541779284826866	0.1268538071489503	0.0027220502910637627
198000	-1774.3155169231034	-1525.3111556226565	-249.00436130044687	0.07483333815694224	0.04821982060007367	0.10878283432872692	0.13394820546108877	0.1019117573666947	0.00425327915981169
199000	-1775.5028383501312	-1522.3682415630446	-253.13459678708668	0.066537997640857	0.09530093176333608	0.03659931939082316	0.0860745494946068	0.15733290468105823	0.005459760967992282
200000	-1771.1774510413413	-1521.66677149748	-249.51067954386124	0.09296759535563247	0.07297690364019792	0.05544930034488221	0.09306298409345477	0.17204838035059128	0.005841503558561684
201000	-1769.5255284264226	-1524.2993834265612	-245.22614499986128	0.07830026614548079	0.07737716450630436	0.13843741846460722	0.097861747144702	0.1321472178420629	0.0040480565103783155
202000	-1775.0243635895795	-1524.6586605405828	-250.36570304899672	0.059716939931251566	0.09083911713707023	0.18830518891361386	0.05556480018265671	0.13074913649160652	0.0034621458975480158
203000	-1769.481555735269	-1521.619346722876	-247.86220901239318	0.10081859603170075	0.14239800864447608	0.09428300441738081	0.10037842531722063	0.22151417285605066	0.00589500026350271
204000	-1772.114125835839	-1522.8233738621668	-249.29075197367226	0.122292449800652	0.10642209000140475	0.042995185111494076	0.07421528186356935	0.12438716953965388	0.0052578872585239585
205000	-1771.917449779797	-1524.2930833480336	-247.6243664317632	0.08138214963797741	0.07438031798953919	0.06775573265641736	0.10581333168807254	0.1429916874132821	0.004923852273390274
206000	-1772.4343412525131	-1523.4747092922494	-248.9596319602638	0.05329996784295948	0.10106351604095365	0.14694144455483027	0.07981277510036465	0.17928457253570615	0.003705332494389263
207000	-1770.8380183473919	-1522.626253185185	-248.2117651622069	0.0628071269088932	0.08238011988924206	0.06477232759366199	0.11615199029552839	0.14115569593495317	0.00425387719190955
208000	-1768.8597410142593	-1522.0724972948474	-246.78724371941195	0.13124757956146613	0.12777786600710617	0.10597355230327184	0.12519423480730282	0.1852617520637696	0.008495027615924024
209000	-1771.8508591710065	-1524.7128065678492	-247.13805260315732	0.11268270675525205	0.12685226068596	0.13803311908962176	0.17091974364236226	0.19528806460079223	0.006941392118120234
210000	-1771.7008015822876	-1523.3979027944915	-248.3028987877961	0.12853889033482802	0.0841480624394947	0.06208028480955032	0.14767674607683456	0.14105609228270172	0.009163435263166533
211000	-1770.4245874083451	-1522.9386158126717	-247.48597159567342	0.0772115005146344	0.12522791409268266	0.06139055633119828	0.09026434978556801	0.1363312819497806	0.005901381801862251
212000	-1772.4471456048152	-1525.801068555893	-246.64607704892236	0.06544576888147678	0.07778679145947295	0.12035015798017556	0.07161997368692329	0.1352040185902695	0.002846735004895777
213000	-1774.7062797184803	-1527.4514274060598	-247.25485231242064	0.08833129962759874	0.060432520205916794	0.11511015238677237	0.06966184596493855	0.09036380396209476	0.0033182448052471144
214000	-1775.5807838390053	-1524.3478574175463	-251.23292642145904	0.07320601769141236	0.059782899517246434	0.04444489657827846	0.07791505068115535	0.11136478453484279	0.002727887539539501
215000	-1772.0502304944348	-1521.7533289610174	-250.29690153341755	0.1011599908993921	0.0945834672782953	0.07042045182104627	0.05296063778151739	0.18908175727181809	0.004293868914979086
216000	-1771.6855503879171	-1524.684098182523	-247.00145220539403	0.09707168504515258	0.08266903677386768	0.11583398144648345	0.1119737371198978	0.18391841013843116	0.008879222102948248
217000	-1775.1437517131612	-1526.03109342081	-249.11265829235117	0.042095992979268804	0.06911542190853694	0.1367646835129303	0.08696919694335956	0.10871870927033177	0.0023691624049302176
218000	-1770.7728851675206	-1521.8702730955804	-248.90261207194024	0.10123826166259438	0.12344939150981317	0.04492697103089537	0.0945399946940666	0.1607590580942433	0.004783897739567757
219000	-1771.8548326928235	-1523.0268529748143	-248.82797971800926	0.06017440723872556	0.09143915412960892	0.0945341513701951	0.09622759557235462	0.196157268651927	0.005451494186572604
220000	-1772.4786493203685	-1521.9652556362396	-250.51339368412894	0.11894173616490396	0.13837517472498326	0.06597273570670943	0.04972693210280731	0.16804587013170755	0.0054574005889673075
221000	-1770.0766578593768	-1523.1058759914595	-246.97078186791742	0.13079548028531365	0.09814316294902904	0.07864934429537321	0.1536507006445363	0.1704392260720274	0.005571101422858403
222000	-1770.6812695725782	-1523.639329177082	-247.04194039549634	0.09287069493600493	0.09540443392324313	0.0900574981622026	0.17647234346739266	0.1845489276502479	0.004188921604004193
223000	-1768.7273021208043	-1523.904417036798	-244.82288508400634	0.10963893885839196	0.10913728269709445	0.10517605688740916	0.11634866021739776	0.15069777167427414	0.005408728664387926
224000	-1769.7072509133059	-1521.4531065898288	-248.2541443234771	0.10337005850675703	0.14501291707458638	0.08561709449129389	0.13420680281134995	0.21552416101147143	0.007162393084912026
225000	-1769.9067327057662	-1523.7087581612436	-246.19797454452268	0.06771530390647217	0.11909742216520064	0.10217046693659153	0.10715515032936071	0.17328187612192705	0.0041511090661563565
226000	-1770.3112093209802	-1523.8658832691308	-246.44532605184946	0.0857727284980112	0.11441367999781861	0.060543131344591876	0.1287198531200908	0.15397352473127693	0.004820441507501549
227000	-1771.308256903422	-1524.4452364780918	-246.8630204253303	0.06826725168971225	0.13273279348247957	0.08636966923261247	0.0899094587878225	0.1402390906338315	0.006518112371869
228000	-1769.5442213561485	-1523.6242365136818	-245.9199848424667	0.07734178682025789	0.11786582183480615	0.1065878790540079	0.08309126408774875	0.18074027443519253	0.0037885381412934085
229000	-1773.1241615798394	-1524.9890260108953	-248.13513556894424	0.16512009219129575	0.1440525680995943	0.14100735578654058	0.10883207085741704	0.2007541070147757	0.009060172684868905
230000	-1770.1844426513414	-1523.0113455794763	-247.17309707186516	0.11241888979176042	0.12324261094716976	0.10356110393154126	0.1323093653242351	0.19394330889265926	0.008604052502122688
231000	-1773.338816637948	-1526.2181967164624	-247.12061992148557	0.15441740257190556	0.14503185553706657	0.14644685397010218	0.06823989979155716	0.1220430203314703	0.006785178876914183
232000	-1772.1578325606124	-1525.9073450321134	-246.2504875284989	0.10943141883168074	0.13614846857727314	0.059642716644861773	0.15134479762418482	0.1381678572109732	0.0047022968258523794
233000	-1769.8548196892414	-1524.94291554633	-244.9119041429114	0.11801738337621201	0.130542067373758	0.14511299221237703	0.11969613914858379	0.1739080388463569	0.004861269277610436
234000	-1769.7730031122085	-1523.168638747889	-246.60436436431957	0.11266349615544317	0.12600141482869778	0.09454641824900625	0.08739393640778034	0.1470013815480683	0.00701004910056103
235000	-1771.3897275364786	-1522.1528354048842	-249.23689213159443	0.09540931704527712	0.07880773929372387	0.06782073220130039	0.12270711815644626	0.15480309569894846	0.005888117254502784
236000	-1771.8391786740565	-1526.13505551635	-245.7041231577066	0.13463192195856066	0.08925125325453562	0.11225572146073913	0.15447351447549815	0.11364162093554807	0.008871938697932527
237000	-1773.0042409264727	-1523.2308884712747	-249.77335245519788	0.0974824523301059	0.08877029947885318	0.07584838476358563	0.07466750078133463	0.18972516331209938	0.0061631004028021505
238000	-1772.4779883689498	-1523.6126886232862	-248.86529974566355	0.10819286088670395	0.06167764988317974	0.09694869977829419	0.05437239782942447	0.15143112473093379	0.00469598676406464
239000	-1770.7607226687153	-1525.8968473573514	-244.86387531136398	0.09394074204175083	0.08688155663211751	0.11833284138484845	0.10376566376640263	0.14961936010962387	0.0042333628174982246
240000	-1774.0264435953427	-1528.2911087161087	-245.7353348792339	0.1260270950229963	0.07014284738002093	0.14089818854797617	0.1322436271049515	0.14757623431948008	0.005174137285484607
241000	-1770.750132173475	-1524.2390306119755	-246.51110156149952	0.0908038633223301	0.10507032598471239	0.077925766278641	0.17583665009195856	0.12779619486531357	0.005400098827132856
242000	-1771.7776817789274	-1524.475764990583	-247.30191678834439	0.12807194982864553	0.12589482140424074	0.06388746495656544	0.10692327697004837	0.17657283823234166	0.004365577586188349
243000	-1770.7816558401587	-1521.8563860733332	-248.9252697668255	0.0878334868890421	0.13046441402259468	0.04719778559228587	0.10944157123580145	0.15008884396210068	0.005514394132904424
244000	-1768.547110169673	-1522.951196314167	-245.59591385550618	0.10745973721616449	0.08169354167026645	0.12096587299451793	0.1131798794452463	0.16708485176586288	0.0062884799063896366
245000	-1772.5660646306658	-1524.7431205222326	-247.82294410843315	0.10462298953686691	0.16286380218495305	0.10281026118496772	0.1006141603532614	0.13680461627304036	0.008806497929874733
246000	-1772.4677274093422	-1524.237015329697	-248.23071207964512	0.0727483516572291	0.07350020004382257	0.06565360357401806	0.08218411516645491	0.10836935036767514	0.004314756385927223
247000	-1771.9411584265115	-1526.3341827880465	-245.60697563846497	0.07844668407042385	0.1243643896094183	0.1298849772493961	0.11761661571642204	0.11617644500990477	0.006227834494033936
248000	-1769.9016902563374	-1523.2768606189102	-246.62482963742724	0.10973552390263758	0.07988219198256868	0.07911124292322923	0.07790165899375565	0.16561170211785758	0.004589290899581176
249000	-1770.5372389905233	-1522.08750203398	-248.44973695654335	0.10627544624289281	0.1334288210414672	0.07196625807472079	0.10486778642477232	0.1829464428556224	0.005409126510766018
250000	-1773.451604344736	-1523.021917287565	-250.4296870571711	0.07647655008230485	0.09625113421232079	0.038796531190599066	0.10617671052991612	0.1237602565121626	0.004346201087471396
251000	-1772.7589310714386	-1525.4750508543875	-247.28388021705115	0.070704067729227	0.11894181334404237	0.06582692559393903	0.10677697522540221	0.11067951640172914	0.0060621076662307
252000	-1775.859399742061	-1522.4366891403074	-253.42271060175352	0.06922243881642051	0.0806157035156938	0.030972467469944694	0.10795432536894393	0.10807217023510225	0.004333691552320032
253000	-1772.610490459772	-1521.9205184647744	-250.68997199499762	0.08502315746136647	0.08665948986889839	0.05228997387896153	0.06428480621140259	0.14495110223723534	0.004649901515325886
254000	-1768.522733354346	-1522.6921830354815	-245.8305503188644	0.08836955897329139	0.09005248383341226	0.06982925706528346	0.10850009264443894	0.13835105986956836	0.005030657840097798
255000	-1773.7271032450903	-1524.9265418866285	-248.8005613584619	0.04818208345307111	0.13696548457526853	0.09253094542223173	0.09517102285578533	0.1810696826895499	0.0032164261673246026
256000	-1771.1815679677193	-1526.4895851127533	-244.69198285496591	0.08618700249721453	0.10418106391249089	0.09579119006076768	0.11939743130747861	0.12471152822721498	0.005357526138223238
257000	-1771.765128658381	-1526.7702532104647	-244.99487544791614	0.10333510689225035	0.1054954760940224	0.09125738404359145	0.09942858118056641	0.1593303649778483	0.005515916808816289
258000	-1771.1582033875927	-1522.393655973327	-248.7645474142657	0.10330802544867262	0.09218709466238262	0.05092410236549935	0.12238168037825238	0.1590232787765052	0.007071361792298858
259000	-1771.171115714668	-1524.0769521956322	-247.09416351903582	0.07451443650408177	0.12222267793909894	0.08331201606297271	0.0585209097107369	0.11911599654650452	0.004129327447659675
260000	-1770.2489179261117	-1523.5333212317844	-246.71559669432742	0.11355919550773444	0.12087349431245357	0.06289724151458373	0.08141192843168453	0.1683083922374396	0.004825900313595863
261000	-1773.1404106596858	-1520.9558934767117	-252.18451718297408	0.13922333642080037	0.10785569368305943	0.0635875183334197	0.15234186158985843	0.22180567366302292	0.006759588049663179
262000	-1772.1289925801334	-1524.245254156598	-247.8837384235353	0.08527680301038323	0.11039425320152114	0.0533929951109176	0.11178570711922144	0.11517171330334182	0.005501457835214926
263000	-1773.6553607752041	-1524.8223350398482	-248.833025735356	0.074255505168109	0.07906826674845685	0.08482829678259315	0.05753804984715225	0.1330797847355523	0.004400486758770645
264000	-1774.5318333609098	-1524.7664009290343	-249.76543243187547	0.050146931009865274	0.1186816070747644	0.06172144425143261	0.10112627743370702	0.14664133700013374	0.004711709423011583
265000	-1768.8410719090987	-1523.9180094937667	-244.92306241533205	0.10086154879999552	0.08467276082168938	0.1031496945602706	0.13284240447406634	0.14142106805229177	0.005540924623611557
266000	-1772.6286355379502	-1523.4637966754153	-249.164838862535	0.10104882486517734	0.06337955289696155	0.07821247896760153	0.13911704419149318	0.18462558755319866	0.005566205450768664
267000	-1771.6588085896717	-1524.7305147352993	-246.92829385437244	0.08517578000709745	0.10020851872108871	0.06812463510121657	0.08843191497066187	0.139909748752594	0.005617724869069157
268000	-1770.126203064001	-1525.2353200584175	-244.89088300558345	0.09329246521935308	0.09388824517750409	0.07369380086623269	0.09355097469636367	0.12070986757102914	0.003729555253490431
269000	-1772.4048511608178	-1523.4683450084576	-248.93650615236015	0.06658285800405472	0.07157204279869822	0.07599756530982682	0.0789356160295146	0.12653568328639583	0.004888915272632724
270000	-1771.6833076632895	-1525.3953106700005	-246.28799699328894	0.14349309716888606	0.14900300594232957	0.0837640135143979	0.10394587850747675	0.11816657332219241	0.009147368492790724
271000	-1769.9109850282282	-1521.014023746628	-248.89696128160014	0.126691698105483	0.09097936697429328	0.0524034106516174	0.10691491314695499	0.17693820065381527	0.006241350115662762
272000	-1775.0410753050346	-1522.9924809268527	-252.04859437818183	0.11065142942756924	0.04528373135526571	0.06137509462333987	0.17640193722475664	0.14222743266210908	0.00643559996876504
273000	-1769.3418432769677	-1522.5521941660159	-246.78964911095173	0.09796939478038165	0.15080343061046722	0.08031387037455645	0.09910117095797927	0.16316451148884673	0.007766156103688045
274000	-1769.4864129490702	-1524.0385103813392	-245.44790256773095	0.10880415509356513	0.08008908996953219	0.09149612748453524	0.08777966102824439	0.13647533886000132	0.004735529230374792
275000	-1770.208656288711	-1521.7249190118341	-248.48373727687672	0.07881525786482578	0.1364715511558067	0.0876085422054239	0.10070750437974735	0.20888381278662568	0.006215469495223636
276000	-1777.4297017200392	-1523.6231378403731	-253.80656387966604	0.14717294579964815	0.07482687092615496	0.04396458514068342	0.18118629554256444	0.12124308041959342	0.008515525482813466
277000	-1770.779822414511	-1522.1355849317438	-248.64423748276727	0.08262716031554874	0.10634643576455216	0.0774154356573015	0.05757973167772999	0.15248549201438275	0.004957304753074527
278000	-1775.0595692419886	-1524.5297267945261	-250.5298424474625	0.12697072466916265	0.10555085108665133	0.03341033096337619	0.1256856657023951	0.11566986480848279	0.005185335657051871
279000	-1771.2582285918897	-1524.2669500262796	-246.99127856561012	0.1282007168898303	0.09797814674637015	0.06118921944184829	0.09439807508014608	0.1790597425270329	0.004285555461123998
280000	-1776.052133353988	-1522.838673480079	-253.2134598739089	0.07967551056361567	0.09027073095434457	0.051499136058591834	0.040235125314922224	0.12885130008437534	0.003207833459394149
281000	-1772.151373975992	-1523.947893822732	-248.20348015326002	0.09250145874582419	0.07412335574396736	0.06680323732628952	0.10946053996721626	0.17448961505943525	0.005480064173820862
282000	-1772.5982258191405	-1525.8414560538472	-246.75676976529326	0.12238134068790613	0.11722894366365894	0.06400253957723477	0.0845456650427829	0.1011881599236092	0.006436240963952551
283000	-1770.8959959059641	-1523.395497897518	-247.5004980084462	0.070381509670808	0.07539524358690829	0.06832446932911813	0.1295570780714658	0.145057934705553	0.0037629426204719733
284000	-1771.4451436206054	-1523.600406402824	-247.84473721778133	0.12600772314637484	0.15916566269957869	0.0969904474946815	0.12439680666146502	0.15339553584120316	0.008998537553214581
285000	-1771.7031808505665	-1524.631872497644	-247.07130835292236	0.07829729355148202	0.057490738336524544	0.11987501777477745	0.09921647844401194	0.14259060623313174	0.004990998242033475
286000	-1771.4607993992329	-1525.2242764020966	-246.23652299713623	0.07357272217901804	0.12144533758848908	0.15545088762645026	0.11948287421874698	0.13072662456477613	0.005416031299206338
287000	-1771.2882291525505	-1523.670992743192	-247.61723640935833	0.1270915256389981	0.07007413687410274	0.131926397369395	0.09511839452513438	0.2044054767661731	0.004846133703066511
288000	-1774.0158121615852	-1527.830076157839	-246.18573600374637	0.07127423269934482	0.09179109320829043	0.12964949478157034	0.09479381663366135	0.10397209579201301	0.006635710022520008
289000	-1772.1415518579056	-1523.7427786850578	-248.39877317284777	0.0935854603616994	0.07865786958502077	0.13564037082031447	0.0620002251321405	0.17906779856919156	0.0047906021396363855
290000	-1770.0738855553634	-1523.2517868768273	-246.82209867853612	0.10711622375727083	0.10933455162246696	0.16356008743035436	0.13724920487728537	0.1784556809051239	0.006281000454440192
291000	-1770.1146741688592	-1524.1644619613148	-245.95021220754435	0.12323057046993662	0.11692197342381111	0.09497816352843766	0.09240442998045552	0.16339036528426093	0.004582155965817214
292000	-1773.9493462592316	-1528.1554675592538	-245.79387869997782	0.14327079581062543	0.10802159055525822	0.10977709834554603	0.05498438826004147	0.10832645212701372	0.004063197118103907
293000	-1771.0981799700687	-1523.4229605028836	-247.67521946718503	0.14311577018313124	0.1312160083371041	0.06659784777725819	0.14548052923442217	0.14131940914116406	0.008615397529716034
294000	-1769.0304512491139	-1522.4876588465554	-246.54279240255835	0.1020087203098829	0.08516545584609093	0.07143729148542671	0.1312843669245793	0.15487977653338128	0.005935161145901514
295000	-1769.4810317157437	-1523.6286527180528	-245.852378997691	0.11578947262287441	0.0775877024107983	0.10114666345633826	0.11223677252799512	0.13815567769768136	0.006220461143643634
296000	-1774.5656991661542	-1520.58194222579	-253.98375694036417	0.09417780803672024	0.1098250593032095	0.035167583959277146	0.11543041358039506	0.17111129697503086	0.005391485833984855
297000	-1776.265641812288	-1526.1444294597477	-250.1212123525403	0.047433296034214256	0.09211442563172263	0.11900961318820674	0.14913545902206443	0.17459194363556216	0.005316295421540824
298000	-1770.8089108870404	-1523.9011226923571	-246.90778819468326	0.09482195079648063	0.08684276450910033	0.09551276756123295	0.1171495124850614	0.1803946959726906	0.006937437774232949
299000	-1768.227035558932	-1522.9010291321042	-245.32600642682766	0.09353934656512741	0.11856901952705427	0.09689702929133921	0.09799066372902972	0.17564369263241741	0.005200811477068006
300000	-1770.4623431733455	-1524.926703346906	-245.53563982643965	0.08004810116741422	0.09640809866600725	0.1345677414431983	0.09734800328553798	0.12519266911056476	0.005897468561470724
301000	-1770.3843780390657	-1526.162645156487	-244.22173288257855	0.09281573545719887	0.1178104017461539	0.12337374273973775	0.09823801379190415	0.1752166412462865	0.0034841654478966304
302000	-1772.894256314348	-1524.4691419028388	-248.42511441150913	0.09453723436312225	0.08762637567638085	0.05725467426241925	0.05951852404421834	0.1150660931586702	0.0034591968493332156
303000	-1769.533044111794	-1523.6933679103277	-245.83967620146643	0.14932468314254976	0.08777408521309954	0.0935342320680746	0.11625388416092539	0.17180796676158003	0.006205029345673952
304000	-1773.2679403390198	-1524.6655067833312	-248.60243355568863	0.06047060670069785	0.10981286121878195	0.10352061359805342	0.11652569310277759	0.17681237265651253	0.008178628232211682
305000	-1771.3306697171085	-1523.264081572161	-248.06658814494753	0.12684049050777987	0.11385303219466256	0.10300729773853476	0.10102074329700297	0.22401028296609812	0.0060891557206194935
306000	-1775.7778862393502	-1522.2834045797977	-253.4944816595526	0.06251841002795605	0.11470734858344137	0.031280307697342795	0.1017485460815732	0.13395228589810299	0.004238744590272142
307000	-1772.4095445921607	-1523.9313267250773	-248.47821786708354	0.07835766570520411	0.07971063110449816	0.05633520259075026	0.07963143413884226	0.11377895753523781	0.0052113256036194905
308000	-1769.5861579230443	-1521.2231057209965	-248.36305220204787	0.13328183300286373	0.15228240614267757	0.07875631134562988	0.1211218499308403	0.19481282117105586	0.007621438208172898
309000	-1768.668999623508	-1523.8135754914638	-244.8554241320442	0.11994345009192563	0.07924015096152753	0.10377659545704376	0.10090072354910229	0.13556108391256036	0.005915454335915357
310000	-1772.8965763699878	-1523.695230323131	-249.2013460468568	0.08793489996867161	0.04377513681806198	0.08846667102690546	0.07780695570481282	0.12662047436520357	0.003769790208322653
311000	-1774.838962475898	-1522.731684535332	-252.10727794056572	0.14287596516183887	0.10725651988520837	0.09561652804266127	0.09608330151171154	0.24683425303444734	0.009763997552144339
312000	-1771.716864044861	-1522.6089310502484	-249.1079329946126	0.12387507863264505	0.09599547212451473	0.054441799789342195	0.16308809818670145	0.14253509339178871	0.009024656270184974
313000	-1774.800573684088	-1521.8272788870927	-252.9732947969954	0.06787992685324731	0.05293940444584538	0.0599354092832564	0.07337706254931953	0.1746483507112162	0.003314791297413966
314000	-1773.512351188019	-1526.0045804829763	-247.50777070504267	0.15744990473040846	0.06481565217801893	0.1278749548673134	0.14855867242581414	0.13424733252876123	0.00767234203713815
315000	-1774.8203261311878	-1526.6631139646042	-248.15721216658363	0.06073459444547274	0.11059373615134095	0.11939058185966694	0.09060302991700772	0.21260489178575	0.003309248227501019
316000	-1770.4105494036542	-1523.6819923220635	-246.72855708159074	0.08544126382345824	0.1101427104403102	0.08940165330601971	0.17752382074861997	0.14760609520064644	0.005791188846047098
317000	-1773.5245707874437	-1520.7187388883758	-252.80583189906793	0.06244804449483441	0.09619055102852649	0.0469254854208983	0.0619563903205894	0.18461644325194074	0.003744964525585794
318000	-1772.278420963048	-1523.7011488212129	-248.57727214183498	0.17936935963482958	0.09071447989368898	0.06943406532961217	0.08919330548260943	0.1682288887963327	0.005061031906800145
319000	-1772.393306466237	-1525.98260812166	-246.41069834457693	0.10035053174988076	0.07396588451433432	0.0980080451125916	0.13318734191375126	0.10564184269777409	0.004523258376639421
320000	-1773.368516678412	-1524.2379852736087	-249.1305314048034	0.07860673554798712	0.08839984228087694	0.12104869763762385	0.1675955807854088	0.17514748051569834	0.0060223784469082995
321000	-1771.1001062741486	-1521.7632129061535	-249.33689336799515	0.07958832672781437	0.09304977071755133	0.0501647433201898	0.08721648933079713	0.16144717234120587	0.005176127088795553
322000	-1770.8057871798032	-1524.5706222133979	-246.23516496640528	0.10987668444858416	0.08049731229968987	0.07949683069274917	0.12579536285578033	0.14844016754667405	0.005929881573021621
323000	-1771.6839300959336	-1523.1657616272355	-248.51816846869815	0.07563923612746337	0.08637349752614933	0.0862582565582861	0.1263975070998899	0.20170961823034494	0.006391955414889626
324000	-1771.4237487990672	-1522.608869902207	-248.81487889686014	0.08722264385676616	0.0530905750817155	0.06942612759895554	0.10798994863847813	0.15250754143695625	0.00440111516898516
325000	-1771.7619612447832	-1524.892460680128	-246.8695005646552	0.08000388752123111	0.14574655261953434	0.12173807142564774	0.11619320408160591	0.1879062292035148	0.006092231462441514
326000	-1769.0361243867758	-1523.2007784096043	-245.8353459771715	0.0979639970406157	0.08033747694499446	0.10216826038166484	0.12532658702094748	0.15140603300579467	0.006678045715353094
327000	-1771.3755411839586	-1522.4442490032625	-248.9312921806961	0.1352297928831403	0.1282322922012103	0.07983928392132257	0.1068689046025409	0.1655980657478469	0.007015576490137417
328000	-1774.4370688230067	-1526.2080035825757	-248.22906524043097	0.07707851147296138	0.08544624011138541	0.06041064631434322	0.07892635816290154	0.09447059214524871	0.0043598534087482335
329000	-1769.648132691288	-1522.5904298060811	-247.05770288520702	0.07103553457678509	0.09625610543930727	0.09285400377968439	0.1073161494174871	0.16685465893659873	0.0052370740019924995
330000	-1769.0480385478152	-1524.2770756274235	-244.77096292039155	0.11328227214437887	0.09621052274666711	0.10474818925962406	0.13342393361367844	0.13037201635275708	0.007198164000345177
331000	-1771.2691367949394	-1525.6046924080892	-245.66444438685022	0.08559859060763636	0.12875695812263166	0.08230996442723809	0.12307990466052732	0.14939641623276262	0.003981098080173231
332000	-1773.8585775005663	-1523.12556874035	-250.73300876021642	0.07189370707648217	0.0983592519210076	0.09057233750569797	0.07972277442648286	0.15251612495716416	0.004863846931873001
333000	-1772.780135941711	-1524.0238027308242	-248.7563332108869	0.06519705203005104	0.0889656438278576	0.18400301510833963	0.0835061994712082	0.1903601218797764	0.003587361544652492
334000	-1769.5603531152603	-1523.2409723206563	-246.31938079460406	0.07340325300676129	0.11572188084326036	0.08607249628923652	0.08520744649119788	0.14942620248045319	0.004877878603130991
335000	-1774.802861830027	-1523.6218695675386	-251.18099226248847	0.042481009997801064	0.08934097178571519	0.05726451981443225	0.1198181672025834	0.14834359821706344	0.00419408761222104
336000	-1769.541842173278	-1524.4236578074679	-245.11818436580995	0.08172357681705605	0.10586005637913595	0.07612552265724659	0.08903978789121297	0.12553288779885569	0.004209754654819107
337000	-1769.4142705475235	-1522.51854540077	-246.89572514675336	0.08538695174678723	0.1343218081739919	0.07866144250334674	0.07876125562282184	0.15133217395137608	0.005992374269838663
338000	-1768.41247644926	-1521.2962416926466	-247.11623475661352	0.1169925584004197	0.12761055021306153	0.0697571149715393	0.10282903622584777	0.18396378734809182	0.00674139013251971
339000	-1770.4248940498042	-1522.3774226547253	-248.04747139507887	0.11353937132209356	0.10987615740895468	0.09209305450425843	0.12039134919074831	0.163665343903259	0.006677774680361413
340000	-1769.773837679827	-1522.6794168863894	-247.09442079343754	0.11170833079845567	0.10265471582782094	0.09398045262334827	0.1207261846702043	0.182441059641399	0.00866693950645495
341000	-1775.4675939812278	-1525.1083466149453	-250.3592473662824	0.09311534936772278	0.10749276736331288	0.11183803414228571	0.08467321882014318	0.22003848971059906	0.008732182566982076
342000	-1774.4567901701332	-1525.406927367892	-249.04986280224122	0.09412965409297389	0.07167925796745213	0.05267759422586036	0.1035469318825665	0.11148589519152677	0.007590337238507156
343000	-1769.8958721732456	-1524.8297033290269	-245.06616884421862	0.08853556198370117	0.1087200259812735	0.14188654871642734	0.1178776017532461	0.16150933800060785	0.004230726264197192
344000	-1771.9814697926963	-1523.0288382801768	-248.95263151251936	0.09386272832675917	0.10294823346173802	0.06884322419631721	0.155802568641794	0.1892011080957976	0.009401601905969162
345000	-1770.2174515375943	-1524.1074554758088	-246.10999606178555	0.16786509031198943	0.09756784080565437	0.11956068636437725	0.11004505931388898	0.1560556735526675	0.008311198682358226
346000	-1770.5912526112986	-1525.1967567898541	-245.39449582144448	0.09498541285744978	0.09700741499454954	0.07327194775004636	0.0988197296001295	0.107230714826941	0.0053325140199678685
347000	-1770.402177697733	-1522.9052171268495	-247.49696057088335	0.0876522520485424	0.06836240614960176	0.08520189834395273	0.09195658116704337	0.1677944860090047	0.00457038341143611
348000	-1774.7144157266832	-1523.3917383311111	-251.32267739557207	0.06865920856804789	0.06908221268886267	0.04094929448638687	0.12233197078623692	0.1221727455510737	0.0041611016910193255
349000	-1777.5101501040654	-1525.0104221206961	-252.49972798336916	0.06387194207323599	0.1428158418071518	0.09288955704206826	0.14552364190358158	0.21357385550065153	0.007853856624835336
350000	-1770.336835176242	-1523.2962346245374	-247.0406005517045	0.14879874217861258	0.07592205427977623	0.10477230811979785	0.08901225017355519	0.1689543406887075	0.0063284577177145735
351000	-1771.0446829551975	-1525.0414801968475	-246.00320275835	0.06006086484007829	0.09015101735102886	0.11068069360925163	0.08328993842266766	0.1337865807554456	0.0030131345881405152
352000	-1770.7840091226176	-1523.6140877957578	-247.16992132685982	0.0762159334865365	0.08673377694926149	0.057749601895414705	0.09713222828701608	0.1291057519088895	0.003963806456630466
353000	-1770.0970595618537	-1522.7523758394186	-247.34468372243515	0.06702098618173366	0.12826352482983797	0.08477912979032656	0.08364172714739905	0.16776367071940235	0.0041530121591485565
354000	-1769.6024839974805	-1523.4690859977868	-246.1333979996937	0.1399807550579006	0.11601380939564365	0.08901718146934368	0.11954683037013908	0.19210250677884333	0.005798335944418866
355000	-1772.709582184065	-1525.8769528531507	-246.83262933091444	0.06441606156004076	0.09072619577239127	0.08860808044789727	0.10544628231185156	0.10465354754605524	0.0042101475446614895
356000	-1771.782244625395	-1524.4745556460587	-247.30768897933638	0.15095154719655482	0.12062666344992379	0.1531044647974076	0.06838216249735317	0.1478364111897254	0.007124931973199271
357000	-1770.414284466465	-1524.0139586071998	-246.4003258592651	0.08581349814302655	0.09763971399236862	0.06871888780569882	0.09241307300104011	0.11799333067578674	0.006101330635813978
358000	-1769.2610131852546	-1524.4693556880375	-244.79165749721702	0.08582278706182477	0.08134851257832519	0.1208160628265232	0.12379940339751609	0.12740429017458949	0.004800347073594062
359000	-1770.820280962348	-1525.0817650590682	-245.73851590327982	0.1356362632151529	0.10064233235806583	0.13435746208955143	0.1074557495882272	0.13471145852634006	0.008497033032609342
360000	-1769.1222340779154	-1523.505934816908	-245.6162992610074	0.1099565977267227	0.13239327236518908	0.10637587401490047	0.13347194006456173	0.15156812821096066	0.007739523995909185
361000	-1769.6628104147471	-1523.0005388953623	-246.66227151938483	0.10437022824825447	0.08421262322877775	0.05734156595142443	0.11520637522869534	0.13244016373694048	0.005274112799967562
362000	-1773.1609619023113	-1522.9959522743052	-250.16500962800617	0.14143735869376511	0.17517078415164683	0.058710127305331206	0.14436780832344331	0.16828845956198465	0.010313491296693676
363000	-1772.2579366498776	-1524.69308536257	-247.56485128730765	0.08818858893401219	0.0770183601920275	0.12379809948082912	0.1338495490269133	0.18038783259476981	0.006730651872912279
364000	-1774.0634059869994	-1523.8112263342682	-250.25217965273112	0.14041479152350728	0.19259964283521372	0.06140722977027286	0.06217819274447288	0.13745627052282514	0.005592571565055132
365000	-1771.1527375537364	-1523.3538234205112	-247.79891413322525	0.13547049724020346	0.13052913639109096	0.05871057081823176	0.10875771627760145	0.18659949786303362	0.005035800233753004
366000	-1770.7276249751849	-1523.448986604755	-247.27863837042995	0.07116605206293437	0.11758177801341037	0.10294403681778592	0.06289618887599253	0.1467118172144279	0.00522371665538943
367000	-1772.6627855220247	-1524.3298875338962	-248.33289798812854	0.07797676981138234	0.07613803399317999	0.06909327925046906	0.0814395512115474	0.1340817693822355	0.003400788679142127
368000	-1772.6092458596174	-1524.3118765978359	-248.29736926178157	0.07609848526293503	0.0788081181750883	0.05873757863441517	0.09358404176937349	0.12404589521360807	0.005519855053999113
369000	-1771.4855395705567	-1522.2237501623317	-249.26178940822513	0.06236048048377923	0.0810250636167721	0.0657897083541575	0.11837906938177963	0.16201862069538187	0.004679524181437699
370000	-1773.0637024976486	-1527.002034884987	-246.0616676126616	0.06955867334150836	0.11582255718546322	0.14359985042792975	0.1289506841192641	0.11388425281320792	0.006442381537117999
371000	-1772.957824898541	-1525.2924085041109	-247.66541639443025	0.05879897211991795	0.10068408921625924	0.11859120812624369	0.141676260199132	0.12725262003722781	0.007010574754659609
372000	-1770.1650791550308	-1523.32433433811	-246.8407448169208	0.12243162324775159	0.10745977025242427	0.12641389943965925	0.10699292765459352	0.17440238882075038	0.005922143527377892
373000	-1769.9585301426887	-1525.5355814721947	-244.42294867049395	0.10193299877268751	0.10669073610801498	0.10601224971978043	0.10195074854620638	0.12365153028949273	0.005237121706496508
374000	-1771.0057788037707	-1524.321229228875	-246.68454957489564	0.13991001680061735	0.076067317445997	0.07421108130530633	0.09417060664614536	0.13905105982889931	0.004576719823955745
375000	-1771.1519073857635	-1524.4029622892153	-246.74894509654808	0.12012543574344044	0.07059376053461931	0.10389105436016054	0.15948811417984776	0.1500405219267213	0.006860043494524387
376000	-1773.0588093133586	-1526.9994954371004	-246.05931387625805	0.13223496304002713	0.09674421358498066	0.10755832012154952	0.09717965864325885	0.1214104546429993	0.009784263411903589
377000	-1770.9112184914266	-1525.3053142926863	-245.6059041987403	0.16252739283687934	0.12180182578106155	0.09440672813025466	0.11299747931588286	0.16925789032940047	0.0049781933541953784
378000	-1770.6151564357356	-1523.2861772334195	-247.32897920231602	0.08697022281474175	0.09226572771787263	0.07894461875727474	0.14630719830688396	0.16368319983405813	0.007068610405642407
379000	-1774.49155460879	-1527.6198601243386	-246.87169448445135	0.07300633306996714	0.09419932949042384	0.06549608264386006	0.11826808419125195	0.09451996018578122	0.0058680335786820475
380000	-1775.7681486434747	-1527.1844146264052	-248.5837340170695	0.06710218754199664	0.08984990061040071	0.05041852472821469	0.12224720273506043	0.10005508978199547	0.0025480683472266495
381000	-1769.4212380995048	-1523.593697740681	-245.82754035882394	0.07396268098001549	0.1124880557438972	0.1278082544993284	0.0949589959044099	0.1533329117651478	0.005606331700798483
382000	-1771.7500957917503	-1521.019970067894	-250.73012572385628	0.159028176553436	0.10059635400349194	0.057280713553852544	0.14565315305447354	0.21530285904505742	0.006802057736487208
383000	-1772.0114142036361	-1523.0945408584985	-248.91687334513767	0.13478905044733888	0.11161508940485175	0.04714791693267661	0.09011778748053478	0.16846364232425437	0.004766550677736643
384000	-1770.422330677446	-1521.7435698042073	-248.67876087323887	0.07480866980623595	0.11018278831813129	0.08262059841483445	0.11316691498738302	0.20932064565692074	0.004996497622748213
385000	-1771.6290106408712	-1527.0906688724276	-244.53834176844353	0.10772111928624127	0.08468130304100738	0.11753256924759037	0.158347257076956	0.13827016603342243	0.004960077768603428
386000	-1770.4614166941296	-1522.5329409403269	-247.92847575380284	0.0921386727383701	0.11657526455432983	0.1270802078951243	0.07110512736866761	0.19650440225840524	0.006618308203774834
387000	-1770.2049691698403	-1522.586411835683	-247.61855733415717	0.1272729583247783	0.1261882872959253	0.10073738763974169	0.07485400766629044	0.1754811620395183	0.006297423363902909
388000	-1770.643230450189	-1522.7727140414722	-247.87051640871692	0.11524744669791985	0.08449833532108873	0.07658122956122859	0.16597834597966882	0.16326918912396596	0.008553550787861852
389000	-1770.0648248860955	-1523.4198838797975	-246.64494100629813	0.11490339948064092	0.09833812069558391	0.07953451290093454	0.10712309624847846	0.19110763864095306	0.004767768157182109
390000	-1771.4826768037449	-1522.6872930135614	-248.79538379018342	0.08635385282250199	0.1347073833094192	0.1481251346725448	0.06001965731641673	0.18975399187035016	0.004952421604091455
391000	-1774.1409769593552	-1526.1381182939226	-248.0028586654326	0.12153021758786796	0.06020180237867162	0.12063857362786165	0.1816931882157876	0.10947268160882656	0.007488030658639919
392000	-1769.6969115534823	-1521.8373394346377	-247.8595721188446	0.09473165221867706	0.0767503185945889	0.07631120109392486	0.1323734382550675	0.18203785178521842	0.006381158972771867
393000	-1769.668579519198	-1523.0880209765915	-246.58055854260655	0.09400609593448589	0.09824794474651466	0.07899518712563182	0.0691189443823016	0.14296937709620386	0.004210320565313196
394000	-1771.133709112632	-1522.8729524815067	-248.26075663112522	0.12171840738164325	0.06978291693166297	0.05825950860201766	0.08841089665556555	0.1589683836152236	0.004726572402433158
395000	-1776.268991831407	-1527.25635706101	-249.012634770397	0.11671723205586074	0.055007088065018424	0.16205267271280105	0.10133666020921413	0.15799941926070835	0.0036087538599717897
396000	-1769.469056086957	-1522.6817558173325	-246.78730026962438	0.15181208788065684	0.11681931581506617	0.12605509670017034	0.10392177104515675	0.18476688261016294	0.00850972341880439
397000	-1771.5111762954336	-1521.7832808385667	-249.72789545686686	0.13830731898950532	0.12893203307272993	0.06781795585114336	0.1991260058692557	0.17564806717951248	0.00841853850798428
398000	-1772.0636626691314	-1525.873275737718	-246.19038693141346	0.13591507853426837	0.09266234937856882	0.09988850564364722	0.11782321247711425	0.14143386129133628	0.010365914074725967
399000	-1772.7005125191872	-1523.7574685735563	-248.94304394563102	0.1428827150641041	0.16667028685753202	0.1063214565154971	0.08625273609087546	0.14431810428544214	0.007857727348180263
400000	-1769.5527659960544	-1523.014842616909	-246.53792337914547	0.07026066305133584	0.09588718907751945	0.07031655792316625	0.09314830927003726	0.1519296744898024	0.003706353060963056
401000	-1774.919357513396	-1525.0718801968515	-249.8474773165447	0.06885495671941425	0.05661957933365804	0.05860342908540184	0.09800778606234055	0.14198859933855731	0.003166903374980629
402000	-1768.5049727271307	-1521.364387621716	-247.14058510541474	0.09459660669085664	0.10933371536289481	0.06703189013456874	0.11781248291871173	0.1816542375182387	0.0056067008122492965
403000	-1770.7685045022408	-1522.7051210611653	-248.06338344107542	0.08736816472426276	0.11345474636371203	0.12840234787016003	0.05775085448309268	0.17437824600783816	0.005417058488223806
404000	-1770.0936537993477	-1523.9001044836587	-246.19354931568918	0.08625894956642526	0.10107738165911431	0.08663113463232908	0.0943454821107647	0.14167077355504634	0.005234768275127169
405000	-1773.9066545990715	-1524.038262148481	-249.86839245059065	0.08227611247921164	0.10861206107222993	0.10214966155943199	0.04958927172163546	0.12296051318958873	0.004774393535011848
406000	-1772.3165551876598	-1525.8515494454787	-246.46500574218106	0.07847265481333843	0.10532566567048167	0.16585852913563198	0.0881513336090757	0.13589723069638157	0.006014745048143596
407000	-1770.0740933470383	-1523.3475968923244	-246.72649645471398	0.0655906670337889	0.11391138522931066	0.11205367040294598	0.07166765800299955	0.15120747138277782	0.004217934246876862
408000	-1770.4363768892108	-1524.2285823197712	-246.20779456943944	0.08440571601502851	0.1321125186410903	0.06348679004490093	0.1009712226727796	0.13228770497452458	0.004150223123277933
409000	-1773.198463589206	-1523.9129856640386	-249.28547792516756	0.09322581824863686	0.04932772026453653	0.06360831505398051	0.08261160461684681	0.14371980777735882	0.0035244624426979208
410000	-1770.9587060981191	-1523.8491065507974	-247.10959954732172	0.09533152702190824	0.10040026981052134	0.07816211981646438	0.07825296382688579	0.15254896671828028	0.0038503028291159485
411000	-1769.3138787744772	-1523.6407187136615	-245.67316006081577	0.12007439865512229	0.08577723344026843	0.10914448707963931	0.10094611754279838	0.14180452784752848	0.006524267203222916
412000	-1774.2463289455022	-1526.394201384925	-247.85212756057723	0.07524804310407587	0.06304958842189917	0.1414329329960086	0.0557025255042733	0.13327518119297949	0.002282679962321559
413000	-1769.857901331227	-1523.7776595790365	-246.08024175219035	0.12813061997972874	0.09897153855734012	0.06573259887383053	0.09617036268844564	0.13946642728155864	0.004859323386957491
414000	-1774.1281358927934	-1523.466265548096	-250.66187034469726	0.11101572585264423	0.09922702759830802	0.050902691110870424	0.13533922150175592	0.16224399467595194	0.007662662680405072
415000	-1769.886403605704	-1522.9923428497796	-246.8940607559244	0.07050585227686053	0.08681450647422893	0.07472074412888431	0.10597574918799468	0.16434313595008182	0.003995789050169397
416000	-1772.294777972226	-1523.4286149504678	-248.86616302175815	0.09129780564713491	0.09030699449854361	0.07294530385264007	0.07141723302554831	0.19473593154341903	0.006155863851780144
417000	-1769.3727174114347	-1524.282818415928	-245.08989899550681	0.10448253629791937	0.11799797687694447	0.08325810831587405	0.08608996155096182	0.12521411689896947	0.0053385773531560606
418000	-1770.280521805254	-1525.071965204076	-245.20855660117815	0.08796369212943962	0.11337172497982598	0.11547562410271853	0.09110404610835635	0.13420547561470803	0.006413554562995655
419000	-1773.000099628609	-1521.401120628629	-251.59897899997978	0.11495844876705147	0.16363752950164204	0.038497964848014855	0.08012184714428595	0.16289854121427194	0.005345302356747
420000	-1774.999241162551	-1525.532259048855	-249.46698211369613	0.1467602223630025	0.045235446403920694	0.07750725187955404	0.10863898740053846	0.1380163881779117	0.0037985660516477926
421000	-1772.9571196529844	-1523.4991322241126	-249.4579874288718	0.0867614345900824	0.07278961146458159	0.07730880682557259	0.18288277426494257	0.1732658282661484	0.004292292562937108
422000	-1770.3928370270369	-1523.6533466677997	-246.73949035923727	0.077040714266929	0.08708975694177712	0.120354569673028	0.13033785021365743	0.1987859992099468	0.0038507119285962317
423000	-1770.3143620221263	-1522.9677624950923	-247.34659952703393	0.12688871722931788	0.12120797277185053	0.11977468084252402	0.1457160449825331	0.18163068778742383	0.00709436232540936
424000	-1769.287410519957	-1522.0327324890045	-247.25467803095242	0.08717615532703196	0.11963690033873507	0.07275523476509899	0.07430045689374247	0.17697891049625875	0.00444599353747962
425000	-1770.0304993029774	-1522.2586134945902	-247.77188580838722	0.0715903934255993	0.07995166939282462	0.09124413096821551	0.12577225262209618	0.18521547018049106	0.004961559876939629
426000	-1772.9874729414473	-1526.5179918799429	-246.46948106150433	0.06980366436375843	0.08979763157953176	0.12522744204100858	0.09074593555210439	0.1983615316986567	0.002568130540113297
427000	-1772.383043284883	-1522.6573415755156	-249.7257017093673	0.08681935275847748	0.1191000580699147	0.1233042899323591	0.10834593751796062	0.21513738701432777	0.005090650630830782
428000	-1772.8557703714634	-1526.2879083036205	-246.56786206784292	0.0930230358220645	0.10824607811009729	0.10178755026491393	0.11400946083880917	0.17160800878547924	0.010509826138462778
429000	-1771.805214315677	-1523.8736930531481	-247.93152126252892	0.09105451732710806	0.05572032662605172	0.09267907662367829	0.15993721445633788	0.13455776267404918	0.004791277069883641
430000	-1773.5669919679667	-1526.7439673547863	-246.82302461318056	0.12006434486243524	0.07558305782695249	0.07707311609063335	0.10363265451124293	0.09294309881773909	0.004850926606137058
431000	-1774.0730362231193	-1524.5679033956362	-249.50513282748295	0.14449361860908544	0.13342378702631705	0.19948972423009598	0.09284550326532355	0.17323896097822433	0.0098365498744208
432000	-1772.4677459388572	-1525.3812183670261	-247.086527571831	0.08256467297975958	0.14092468449258852	0.0787621970096121	0.05663830901727644	0.11460531612101414	0.0034991573636902564
433000	-1768.9934806130805	-1522.814055825269	-246.17942478781157	0.09395208387053795	0.0976718918093981	0.11119372089702886	0.07630203726656626	0.18393082101318584	0.004358036149967652
434000	-1768.1451504887154	-1521.8517046446111	-246.2934458441042	0.08927510802348376	0.10020665446855283	0.07054779924392915	0.10550305095483868	0.16244564748981816	0.005261944423780378
435000	-1770.93334637138	-1525.0257144083657	-245.90763196301413	0.13396432512808754	0.12053812543410862	0.09590124443979485	0.14321581085179047	0.12062852460755487	0.008431694258647749
436000	-1769.103595797128	-1523.4568683280766	-245.6467274690514	0.13559883578259457	0.09290859610104009	0.07348825546542	0.1090735136768584	0.1487490477094406	0.00597621729804369
437000	-1772.1121427746457	-1524.6714773485896	-247.44066542605597	0.11954426630044679	0.09609693842979743	0.0616668092295645	0.08597359315533264	0.12166904755354646	0.00566451002384783
438000	-1773.7595200671565	-1526.7003505104667	-247.05916955668977	0.054165910738121714	0.10016055165586564	0.08289046678401873	0.10214019015642406	0.09308191272813786	0.0031305446374971535
439000	-1769.8661159853657	-1522.744508356836	-247.1216076285298	0.06860261041537875	0.11311251820957784	0.08211391604870144	0.07516076831530062	0.15066488887009685	0.004256517022027437
440000	-1773.3451166745247	-1524.0289020379769	-249.31621463654776	0.07325754817289223	0.059491908114607486	0.09450461822767321	0.10752690110292465	0.18724527658025797	0.003535094494029207
441000	-1772.8953875508128	-1526.2824065558978	-246.6129809949149	0.15128838779054415	0.12584240419054096	0.1755376159918272	0.11577377554007147	0.153834099762674	0.006317634208267341
442000	-1772.3197597104968	-1524.5992457586995	-247.7205139517973	0.10832405416616472	0.14394852397806046	0.10386153153763522	0.08581900961256109	0.17969559375085828	0.009699757851732906
443000	-1774.6718059583266	-1529.3476916859336	-245.3241142723929	0.08315267037081255	0.0722853305035216	0.12350066093920029	0.1399739248485382	0.08743248774680688	0.003105957407819914
444000	-1772.1132106119435	-1526.2941859397956	-245.81902467214778	0.11431216098832357	0.11762550887979421	0.09247700298473785	0.06736542940945199	0.13573019319721716	0.005129521046060203
445000	-1769.124892409667	-1523.7796636794424	-245.34522873022456	0.09120205643917544	0.09849803239951523	0.1251560982854276	0.0891309621313911	0.1449480134334336	0.004728113069240615
446000	-1772.8815617353953	-1523.7760485417393	-249.10551319365587	0.08824668738130988	0.09846096625618767	0.05166580724136038	0.11739456322113123	0.1313077784741262	0.0054285247321403576
447000	-1771.1618735239244	-1523.3240788089415	-247.83779471498283	0.11454017318488958	0.14467855896190715	0.08568570494272579	0.1213599859140255	0.18621329263196504	0.007191540511017476
448000	-1768.9500559956414	-1521.6088530144298	-247.3412029812116	0.09791322159243256	0.12560997518766073	0.06545740730428126	0.08151047396761896	0.169956110800779	0.005384841374085308
449000	-1771.4143431835832	-1525.184908056368	-246.22943512721534	0.1459123971870503	0.12042611681375567	0.07676921233626641	0.11829093595654004	0.169811477757687	0.004570866787927179
450000	-1773.5794715699374	-1525.214511228509	-248.3649603414282	0.10383662329768531	0.06248280627000257	0.07651377492975538	0.06392813530804328	0.12392957773181856	0.00571252266769877
451000	-1770.338720489307	-1521.3512586640618	-248.98746182524525	0.0788788180702132	0.11041952776612145	0.07232020235297906	0.12551967404023906	0.2109541543362115	0.005406114042192456
452000	-1774.9322163191555	-1525.729723168632	-249.20249315052342	0.12856345309100944	0.04870516317782542	0.10800780119516154	0.0790899558141669	0.12531195827458244	0.0035343680843355424
453000	-1776.043374503817	-1527.619199529799	-248.42417497401792	0.05828788824200807	0.11027512647910492	0.17870092523654763	0.0965040132551051	0.13408332840465553	0.0065209353672136625
454000	-1775.9827764748952	-1529.6082019827338	-246.37457449216132	0.08681244504483789	0.07871120078253391	0.09031506034897348	0.11611534275337573	0.1665409275040172	0.006065096351279598
455000	-1771.051839065246	-1521.049168486778	-250.002670578468	0.09426036636265157	0.13880198131847024	0.06536482955245959	0.09178588073970127	0.2138105624611209	0.007373584309912407
456000	-1771.3533908598727	-1522.9009747129576	-248.45241614691506	0.12528730718356215	0.10029126078685979	0.10179238779324033	0.11412684557702202	0.21896016975523117	0.009701854234670982
457000	-1771.1156844158857	-1527.3889832567602	-243.7267011591255	0.1009595332158042	0.09792145707935145	0.10582291379024193	0.12247325612678014	0.10880115866707273	0.0046165411270689535
458000	-1777.5841846055896	-1526.9751142273194	-250.60907037827025	0.050276371385367634	0.10596177619734387	0.156313768105007	0.056769587389215274	0.11895965233013392	0.0037764574602110164
459000	-1772.998427891498	-1526.4195009279624	-246.57892696353565	0.11097732140809718	0.11477070826715677	0.08397789421779536	0.07627536026733239	0.12805016371869496	0.006655853111768174
460000	-1771.4705116838477	-1523.5306815849435	-247.93983009890425	0.07390748955937275	0.0618729099170427	0.10778813112366419	0.16402000030879207	0.16697731855410566	0.00405062645443106
461000	-1770.3685409699224	-1522.0661271181434	-248.30241385177902	0.10863477532749853	0.1056512086140393	0.05446580233483669	0.16490897297243357	0.1612255498932551	0.0059000072739924005
462000	-1770.3578711922532	-1523.6103412672464	-246.74752992500686	0.11939109734058984	0.12083930812213756	0.09730412743695309	0.06453294417581246	0.14131579727992485	0.006735398354802898
463000	-1769.3334100055276	-1523.5415088507782	-245.79190115474938	0.08303561840672774	0.07974628158602803	0.07269588539704172	0.11522146536569856	0.1384313889620019	0.003879365519851736
464000	-1770.978893571733	-1523.636641099009	-247.34225247272389	0.14156710109889992	0.12753781825483887	0.0784544863491646	0.06987111084176702	0.16342635907153022	0.006771264606782115
465000	-1773.4577313268294	-1526.0282995244784	-247.42943180235093	0.10037089978485007	0.12050495457028888	0.05457741369483916	0.07598493849844903	0.1022701545358847	0.004963695438041591
466000	-1770.9888471541663	-1526.236086583594	-244.75276057057224	0.08633445320249385	0.12732468694486132	0.13948865425516244	0.07421280166736706	0.15087855316631804	0.0031798023829583645
467000	-1770.828536211089	-1523.4297242986822	-247.39881191240664	0.0794641718906825	0.07833116799464539	0.0817345963757966	0.07528103164175888	0.14451626875851617	0.005019023936574809
468000	-1775.5387160711882	-1528.8686963153934	-246.67001975579484	0.0835160927264465	0.10334269762378155	0.20556389333281763	0.12559505036777718	0.10993065419911222	0.005556860185553406
469000	-1771.1080562073103	-1522.9913852763375	-248.11667093097265	0.08404301154013931	0.14072968215063109	0.05841926705568337	0.07087568080803133	0.13282545836665582	0.0046430953368014225
470000	-1770.8336277963663	-1523.016989281496	-247.81663851487022	0.11889118727413292	0.10295482491577049	0.07459271679186273	0.16851788468061865	0.152862780703478	0.009533123109446739
471000	-1772.6137818681461	-1526.8961829613165	-245.7175989068296	0.09282987995720522	0.09309033363201301	0.09009747093458526	0.1373091577110285	0.11232091473917898	0.00865213438855228
472000	-1771.9951136068037	-1525.7490149406044	-246.2460986661993	0.15037427480450236	0.11061292543422953	0.08213913632220163	0.1325383960498179	0.17124974591800582	0.005768516781671772
473000	-1771.067818711731	-1523.392141804674	-247.67567690705698	0.07684654542041713	0.09762790810520745	0.05271590892537535	0.10166155754648575	0.1148344418071541	0.004540553076224019
474000	-1775.9543210816878	-1527.6823666784494	-248.27195440323848	0.1281090569936919	0.05193307047884493	0.07879474812324262	0.06515484402300971	0.1311212757921089	0.0025603297920438394
475000	-1771.8024551732142	-1523.1767526076073	-248.62570256560676	0.09459145038092961	0.10979340384100121	0.08478454200395809	0.1402940428274832	0.20801500693136118	0.008024742830388109
476000	-1770.387719966951	-1522.4098549909145	-247.97786497603647	0.07890076580642559	0.11835684046877898	0.09945001709371791	0.08246496421118059	0.1779333314293775	0.006076742839139364
477000	-1773.3084430072054	-1523.8804417479823	-249.42800125922304	0.1173603869479027	0.09624493008326646	0.1526705768712404	0.08967895534424579	0.20863894932582142	0.005364521131985029
478000	-1770.9593162146418	-1523.9729390341536	-246.98637718048835	0.08322371058708605	0.14956394778919582	0.10418373024109373	0.1325941592620053	0.16317032749440233	0.007875949863296823
479000	-1771.0773762359058	-1524.1474622219007	-246.92991401400505	0.10205192454738285	0.1278871641175166	0.10638832084981799	0.10757216026211083	0.15691470302105198	0.007586756895574546
480000	-1770.8894809118008	-1523.9856561100164	-246.90382480178428	0.0960561417548776	0.11026539383816304	0.08207037270491349	0.16626025202462844	0.14392435487184738	0.0070560851226518125
481000	-1773.2910615789115	-1526.064239692621	-247.22682188629057	0.15080436089542854	0.11843542073385306	0.12318700278446616	0.09382523801387566	0.12173575049681222	0.005892231035745049
482000	-1768.6950579999	-1524.3750078012322	-244.32005019866773	0.10303938977584973	0.11124001361868757	0.08944849349381302	0.09711057871576252	0.1380564923813949	0.005413480753402311
483000	-1773.9824070902032	-1524.8603772010335	-249.12202988916962	0.07627360537541428	0.13756523746582053	0.10314780602545515	0.08853470285358397	0.22563428965470603	0.004058385404567745
484000	-1770.6272635499363	-1521.871300458797	-248.75596309113928	0.11958752297598119	0.1308639511182955	0.06267349416041275	0.10103734885110327	0.1620241821983851	0.00619084136836774
485000	-1773.6018333086486	-1522.3654304566126	-251.2364028520361	0.08545613639550173	0.15666293463793904	0.04104770192155984	0.14159736608958223	0.1730375495027863	0.006320245982288241
486000	-1768.7997749905458	-1521.8946434967334	-246.90513149381232	0.08166594306791201	0.08542284368732952	0.07287627194208711	0.10782704977617626	0.16727712539133072	0.004876318582040059
487000	-1769.4334833979162	-1524.186789363171	-245.24669403474508	0.09722838811585965	0.12750962401612487	0.10975757404620994	0.10242766836746493	0.15048990014960223	0.006209432435473609
488000	-1769.399937257684	-1523.6648494733117	-245.7350877843723	0.10656817343881479	0.10486238270100433	0.11065042444491033	0.10335710603039089	0.18003385779247885	0.005961801320420496
489000	-1771.958994771063	-1522.788406763916	-249.17058800714702	0.13911068837242008	0.13481368915672465	0.16379510720035778	0.14706135122011021	0.2158266024856591	0.00922917681039678
490000	-1769.5410096979779	-1523.2340352301478	-246.30697446782997	0.11580986047490392	0.14620418026232004	0.07668323714972011	0.09023598471547814	0.156033355815405	0.005319460604272815
491000	-1771.3698629213325	-1523.9550861605596	-247.41477676077275	0.06746990260279936	0.07184207683740657	0.12390024473661751	0.1297989434983165	0.15279209850724793	0.004234675627203879
492000	-1771.7608286402078	-1525.3189967621001	-246.4418318781077	0.14378472904787057	0.1152434364775599	0.12703507280175286	0.0561967910261552	0.1339189354795571	0.005030777823418358
493000	-1772.0962987324067	-1526.6738692260355	-245.42242950637106	0.07562756307245377	0.10818144105236369	0.0894732069797047	0.07785833827775458	0.12915591419369846	0.00465981066923887
494000	-1771.4443903728045	-1523.4552994413107	-247.9890909314938	0.1075213201859881	0.07230844943204437	0.05392149913884387	0.13406063766698958	0.12965125717386886	0.004890964305021142
495000	-1777.4101312232974	-1529.7194951751608	-247.6906360481367	0.12226173641708209	0.08394623583349523	0.09100805269178366	0.0588229856682601	0.11680032075618403	0.006706646539330258
496000	-1774.1470859482552	-1527.3787169864345	-246.76836896182058	0.07805379384626579	0.09160425788248273	0.2027403066944395	0.11313367252879643	0.1364292471555053	0.003343674629925133
497000	-1771.2733268135605	-1525.9154189944843	-245.35790781907616	0.07005512742352621	0.09863702406659625	0.11420318824371517	0.10131827850104755	0.12561052037137094	0.003247611886796989
498000	-1771.3553572331973	-1521.4858433650065	-249.86951386819072	0.14235123549421466	0.11492449230958966	0.05403271600648624	0.17244711080785557	0.16078321246389343	0.008921778648830038
499000	-1769.7172057729263	-1524.9375492386757	-244.77965653425053	0.09698844022219989	0.12102975566971537	0.09823813955320151	0.1493320178406083	0.12794921603475967	0.00689108520092448
500000	-1778.1477206677346	-1525.6326468952084	-252.51507377252622	0.13423793507727003	0.1513639424211166	0.05934355374355371	0.2452484432670083	0.12424444691615032	0.006716336416689222
