#
#model:
#
#<?xml version="1.0" encoding="UTF-8" standalone="no"?><input id="posterior" spec="beast.core.util.CompoundDistribution">
#    <distribution id="prior" spec="beast.core.util.CompoundDistribution">
#        <prior id="lambdaPrior.bfd" name="distribution">
#            <parameter id="lambda" lower="0.0" name="x" spec="beast.core.parameter.RealParameter">0.01</parameter>
#            <Gamma id="Gamma.0" name="distr">
#                <parameter estimate="false" id="RealParameter.1" name="alpha" spec="beast.core.parameter.RealParameter">2.0</parameter>
#                <parameter estimate="false" id="RealParameter.2" name="beta" spec="beast.core.parameter.RealParameter">200.0</parameter>
#            </Gamma>
#        </prior>
#        <distribution id="snapprior.bfd" lambda="@lambda" spec="snap.likelihood.SnAPPrior">
#            <parameter estimate="false" id="alpha" lower="0.0" name="alpha" spec="beast.core.parameter.RealParameter">11.75</parameter>
#            <parameter estimate="false" id="beta" lower="0.0" name="beta" spec="beast.core.parameter.RealParameter">109.73</parameter>
#            <parameter estimate="false" id="kappa" lower="0.0" name="kappa" spec="beast.core.parameter.RealParameter">1.0</parameter>
#            <parameter id="coalescenceRate" name="coalescenceRate" spec="beast.core.parameter.RealParameter">10.0</parameter>
#            <tree clusterType="upgma" id="Tree.bfd" nodetype="snap.NodeData" spec="beast.util.ClusterTree">
#                <taxa dataType="integerdata" id="snap.bfd" spec="snap.Data">
#                    <taxonset id="ant" spec="beast.evolution.alignment.TaxonSet">
#                        <taxon id="Carpish_B72761.Huanuco.Acomayo" spec="beast.evolution.alignment.Taxon"/>
#                        <taxon id="Carpish_B72772.Huanuco.Mitotambo" spec="beast.evolution.alignment.Taxon"/>
#                        <taxon id="Amotape_B67243.Tumbes.Amotape" spec="beast.evolution.alignment.Taxon"/>
#                        <taxon id="Amotape_B67257.Tumbes.Amotape" spec="beast.evolution.alignment.Taxon"/>
#                        <taxon id="Quichas_B72777.Lima.Quichas" spec="beast.evolution.alignment.Taxon"/>
#                        <taxon id="Quichas_B72778.Lima.Quichas" spec="beast.evolution.alignment.Taxon"/>
#                        <taxon id="Canchaque_B72873.Piura.Canchaque" spec="beast.evolution.alignment.Taxon"/>
#                        <taxon id="Canchaque_B72878.Piura.Canchaque" spec="beast.evolution.alignment.Taxon"/>
#                        <taxon id="Huamatanga_B72889.Lima.Huamatanga" spec="beast.evolution.alignment.Taxon"/>
#                        <taxon id="Huamatanga_B72892.Lima.Huamatanga" spec="beast.evolution.alignment.Taxon"/>
#                        <taxon id="Porculla_B72863.Piura.Porculla" spec="beast.evolution.alignment.Taxon"/>
#                        <taxon id="Porculla_B72866.Piura.Porculla" spec="beast.evolution.alignment.Taxon"/>
#                        <taxon id="LaQuinua_B72753.Pasco.LaQuinua" spec="beast.evolution.alignment.Taxon"/>
#                        <taxon id="LaQuinua_B72756.Pasco.LaQuinua" spec="beast.evolution.alignment.Taxon"/>
#                    </taxonset>
#                    <taxonset id="cur" spec="beast.evolution.alignment.TaxonSet">
#                        <taxon id="curtata_cra.cur.B6032" spec="beast.evolution.alignment.Taxon"/>
#                        <taxon id="curtata_cra.cur.B8175" spec="beast.evolution.alignment.Taxon"/>
#                    </taxonset>
#                </taxa>
#                <parameter id="RealParameter.0" lower="0.0" name="clock.rate" spec="beast.core.parameter.RealParameter" upper="0.0">1.0</parameter>
#            </tree>
#        </distribution>
#    </distribution>
#    <distribution id="likelihood" spec="beast.core.util.CompoundDistribution">
#        <distribution data="@snap.bfd" id="treeLikelihood.bfd" non-polymorphic="false" pattern="coalescenceRate" spec="snap.likelihood.SnAPTreeLikelihood" tree="@Tree.bfd">
#            <siteModel id="MutationSiteModel.bfd" spec="beast.evolution.sitemodel.SiteModel">
#                <parameter estimate="false" id="mutationRate" name="mutationRate" spec="beast.core.parameter.RealParameter">1.0</parameter>
#                <parameter estimate="false" id="shape" name="shape" spec="beast.core.parameter.RealParameter">2.0</parameter>
#                <parameter estimate="false" id="proportionInvariant" name="proportionInvariant" spec="beast.core.parameter.RealParameter">0.0</parameter>
#                <substModel coalescenceRate="@coalescenceRate" id="MutationModel" spec="snap.likelihood.SnapSubstitutionModel">
#                    <parameter estimate="false" id="u" lower="0.0" name="mutationRateU" spec="beast.core.parameter.RealParameter">1.0</parameter>
#                    <parameter id="v" lower="0.0" name="mutationRateV" spec="beast.core.parameter.RealParameter">1.0</parameter>
#                </substModel>
#            </siteModel>
#        </distribution>
#    </distribution>
#</input>
#
Sample	posterior	likelihood	prior	theta0	theta1	theta2	TreeHeightLogger
0	-1541.7985500337672	-1391.4531478755555	-150.34540215821187	0.12051076724055411	0.1296272703729671	0.12506275424076857	0.005892828775654829
1000	-1543.7815061585295	-1391.0244942483253	-152.75701191020417	0.07657623138654027	0.06845490191684232	0.0932548594525148	0.003687237208898625
2000	-1543.1467403524011	-1390.0133458916296	-153.13339446077165	0.07712224474866763	0.07838449162731903	0.16252790584273846	0.002900762646654878
3000	-1542.709538813915	-1391.5182605157356	-151.1912782981794	0.10780188498674793	0.09224922962206797	0.15333055926419012	0.0014076366088516539
4000	-1540.6211690994687	-1391.2474320409992	-149.37373705846946	0.1124940679858895	0.11035487099238098	0.12304822186591464	0.002893098981328499
5000	-1542.2510295169614	-1392.201448986937	-150.04958053002437	0.09650085039837465	0.07063507807568466	0.11120192458174344	0.0010448112250189265
6000	-1542.5381872141747	-1391.7018423228715	-150.83634489130336	0.09049612033538003	0.11887750617735227	0.14488293132611407	0.0014253034660032815
7000	-1543.2734054465548	-1391.0314023836313	-152.24200306292337	0.07901278067240992	0.05662589181810055	0.10256067536091416	0.0013376734987486877
8000	-1540.8712981836484	-1390.1240554298138	-150.74724275383448	0.09105631981052702	0.0836568967000801	0.14586441015883958	0.0025647506606131724
9000	-1546.3666912260935	-1389.2952167005733	-157.07147452552027	0.07220364511493083	0.034032645624688246	0.09307994496806489	0.0018137865436774704
10000	-1541.4875313171724	-1390.8556129732542	-150.6319183439183	0.11256119060916085	0.07995924133327947	0.17188939830247016	0.0015999755819818089
11000	-1541.1052176530375	-1389.8966396151036	-151.20857803793396	0.12367742838185364	0.07198019459138574	0.15942866071640013	0.0024499342724789677
12000	-1540.5983424959807	-1390.4657668634197	-150.1325756325609	0.10328916841037296	0.10070211011218028	0.13721594762166095	0.003966139449510708
13000	-1540.8394921008671	-1389.96873143713	-150.87076066373717	0.1296538410278901	0.09832650557540484	0.1588768330969828	0.00405556540069946
14000	-1542.429704578691	-1391.4279937919678	-151.00171078672318	0.08874460146217997	0.1531004435085516	0.14303469076060063	0.0037268946802166947
15000	-1541.9648937054583	-1389.3125653916088	-152.65232831384944	0.11723382856029839	0.05728106706237361	0.13621539914089761	0.0029363711660116035
16000	-1542.2681815015148	-1390.8466539935903	-151.42152750792468	0.09033402214784314	0.09428507211601381	0.11587244586383391	0.003714929885693408
17000	-1546.8574662015053	-1390.6767103648663	-156.18075583663892	0.048222714623925876	0.06079157413332902	0.09383482310289319	0.0012171521894244973
18000	-1541.6679403030876	-1390.5097924214372	-151.15814788165036	0.07692620783375452	0.09863378795329843	0.1605919035894618	0.002804925933954908
19000	-1544.8941948458043	-1389.9333513651222	-154.96084348068203	0.14520968092972159	0.08035949912145823	0.20559681373065625	0.0024864197516812816
20000	-1541.8701945207258	-1389.1019213947552	-152.7682731259707	0.0947923007110447	0.05924253598432361	0.1635899655040332	0.002613523969026228
21000	-1543.1640549167819	-1393.729450730169	-149.43460418661292	0.08334032250103365	0.09372374460666898	0.1538326125641653	3.0404393542475994E-4
22000	-1540.9439505988032	-1390.1694260057463	-150.77452459305695	0.09004146857200236	0.08245471023340399	0.13149041600881378	0.003391771814776624
23000	-1542.9684563667874	-1390.3912648820847	-152.5771914847028	0.09403633456010398	0.06401198293236735	0.10547649800759532	0.004254121880075492
24000	-1542.7021566291128	-1390.5947446828668	-152.10741194624586	0.07524428284622643	0.06643732981122859	0.14780005686849115	0.0013031354147957134
25000	-1542.4518129105877	-1393.1097132154177	-149.34209969517002	0.08633022178911941	0.1152182965158498	0.1278485469956538	6.716197359443672E-4
26000	-1541.662023620121	-1390.5813174488721	-151.080706171249	0.1619956379582969	0.09762993065486206	0.15785224836624873	0.0031011039141741136
27000	-1541.6136055242634	-1391.0251199871586	-150.5884855371048	0.08045232708756431	0.1122744143661256	0.14361990815790157	0.003645521256585668
28000	-1543.0942142865172	-1391.5049398731587	-151.58927441335842	0.09712198890765396	0.13409243687533595	0.13205034897836077	0.0048489320224758435
29000	-1547.0418728639124	-1393.0097570963849	-154.0321157675275	0.05254333442347862	0.1716205566435536	0.11465114975532818	5.292848399794644E-4
30000	-1544.1935089679387	-1394.3411385482	-149.85237041973866	0.09296510781904274	0.07789042259323639	0.1305352379850908	1.8602949642042337E-4
31000	-1543.4482448286003	-1391.1358821884637	-152.31236264013648	0.15947621875042392	0.09455713386898153	0.1196191805462097	0.004744556778725416
32000	-1542.4188562969255	-1390.3531618130085	-152.06569448391704	0.0980257836859394	0.05754518076587921	0.15319177028543768	0.0014415038808017861
33000	-1546.4147484555801	-1392.5179434561096	-153.8968049994706	0.172852542345326	0.05554430254085725	0.13019541087492653	9.264062760604373E-4
34000	-1541.7114395876415	-1389.5698614684775	-152.1415781191639	0.09429466836884944	0.06302608967095565	0.12952961360302429	0.003872922356136544
35000	-1547.3692810924017	-1393.144116930997	-154.22516416140488	0.07164030682828207	0.049254783270127146	0.1001024775948498	4.1850413215184344E-4
36000	-1541.9146403276923	-1390.117004448784	-151.79763587890827	0.09093960536025604	0.05743908063927588	0.11491477376788896	0.002051396340463143
37000	-1540.5456623275388	-1390.0643523988315	-150.48130992870736	0.12963981611892847	0.08882118980419429	0.15189720474576526	0.003296952157418959
38000	-1544.1306313539149	-1389.8999638704145	-154.2306674835005	0.0594427976377204	0.058580864243013106	0.1153548043055363	0.0019816989882422732
39000	-1540.644110691024	-1389.8250885265115	-150.81902216451246	0.1018605969035256	0.07302584216587074	0.14716403467696085	0.002579166998326949
40000	-1542.4765848178474	-1390.1736281474182	-152.3029566704292	0.11342646343572847	0.05842722801373859	0.10744112640284008	0.004676896684343456
41000	-1541.985658303206	-1391.4806200661337	-150.50503823707243	0.07190931283313715	0.11936726531914915	0.15195878292774279	0.0012860999688596236
42000	-1542.3144837525901	-1390.5888384303844	-151.72564532220565	0.14457444837208377	0.08740804485412976	0.1562960353616577	0.0025142483194842487
43000	-1543.2243197309688	-1394.4367504046045	-148.78756932636426	0.1461619415583231	0.09264968529172206	0.10612240887527148	4.626790148959131E-4
44000	-1542.8441560127376	-1391.8078016801403	-151.03635433259717	0.11551322937469474	0.13015889795546726	0.120132840421822	0.002706185379547526
45000	-1543.1490385595926	-1390.6019420025602	-152.5470965570323	0.08749287101596058	0.07556481266042629	0.14792071617753924	0.001607244148511176
46000	-1542.8235026407576	-1391.2012178793623	-151.6222847613954	0.07641735960857883	0.09769347062076199	0.10335033171521434	0.002596867401738263
47000	-1544.6052004022342	-1391.8601254483324	-152.74507495390176	0.0639424856286708	0.11423469640506433	0.10225729111502624	0.0012999358554514541
48000	-1544.1047229721853	-1391.86156907319	-152.2431538989954	0.05061873508239007	0.1017684114911625	0.09362630213861213	9.768346498809609E-4
49000	-1544.6007226037361	-1391.9202915810279	-152.68043102270826	0.10955712111610907	0.062466925253801354	0.09037366967212733	0.006310831206123604
50000	-1540.649207901231	-1391.0378894743048	-149.61131842692606	0.10307794996357793	0.08933385683076916	0.13335058020492577	0.001929002197205095
51000	-1543.2925899177808	-1392.8017039170225	-150.49088600075822	0.09843081414305357	0.1193919162486304	0.09251342811629469	0.001965320871025768
52000	-1545.130009650355	-1391.8166921496386	-153.31331750071658	0.09201695753032799	0.06269362684836652	0.15506209565507093	0.007144737001250594
53000	-1543.7828898068299	-1391.0751045807804	-152.7077852260496	0.05550962236487875	0.07646536075144948	0.09200157233454825	0.0014967457893947027
54000	-1540.5934214864424	-1389.75821417364	-150.83520731280248	0.10767164715285364	0.08269355328258665	0.15267877378009181	0.0034973595809949963
55000	-1543.3256349616602	-1392.8739647049613	-150.45167025669897	0.0657402636476692	0.14098684229020672	0.14031731504803677	5.93505949318365E-4
56000	-1543.8950455144145	-1390.4782265692993	-153.4168189451153	0.1463674868626694	0.05405937214131452	0.10743999935686231	0.003446122593805714
57000	-1544.3855082550872	-1389.7574668225034	-154.62804143258373	0.056316310326580264	0.057220803890770854	0.1390648322384706	0.0020343192523710834
58000	-1544.3413613969003	-1392.80037559255	-151.5409858043504	0.08158938068740114	0.08304818581846826	0.07672455311237253	0.0015437112154250243
59000	-1540.7420843612085	-1390.4798392584491	-150.2622451027595	0.09499346474942577	0.08025849935201117	0.1400242115779305	0.002027700058039779
60000	-1542.9630000134362	-1389.9814730178305	-152.98152699560563	0.0794652989925973	0.05550884900770029	0.10512359029383948	0.002277982378259798
61000	-1544.312976756882	-1392.7396266504081	-151.57335010647404	0.09683202470728969	0.16844066870486266	0.10008788435484929	0.0045460632331475554
62000	-1541.8404934591636	-1390.4084103488176	-151.43208311034587	0.09935315199948837	0.10880368797870262	0.17509999855407116	0.0028435994843170765
63000	-1548.9673273005524	-1388.9530613206562	-160.0142659798962	0.059608685687247975	0.028835129340568248	0.08487820003251295	0.0021749387155698676
64000	-1541.7555363345448	-1389.024538575513	-152.73099775903185	0.09112642057229271	0.05653544866219924	0.14976141972934853	0.0028445604135283846
65000	-1541.5386034542032	-1391.0947219874129	-150.44388146679037	0.09759552001344604	0.09498097463062662	0.11887501863797649	0.00509431634860432
66000	-1541.7253608032786	-1391.052501944338	-150.6728588589405	0.07111982086480219	0.10158695931108104	0.11457359811016628	0.0028514173754557314
67000	-1540.8175562139336	-1390.2373890349063	-150.58016717902723	0.12631130604823942	0.11334050860118074	0.1639790251257783	0.004166390593196154
68000	-1541.853504840036	-1391.0784544124206	-150.77505042761553	0.1059492855088494	0.08178402393232827	0.10345944698262957	0.0045941717852189005
69000	-1541.688940247629	-1391.1802875988815	-150.5086526487475	0.11599434588992527	0.09165198678456568	0.10858285842480583	0.0037855965459395644
70000	-1542.193190808712	-1392.3062692758076	-149.8869215329043	0.07667237040110494	0.11699785521924969	0.11643803146731306	0.0010635655515097006
71000	-1542.311360142432	-1391.7019209463315	-150.6094391961006	0.09864169755955611	0.13508597854752524	0.14013014275983193	0.00554573206537912
72000	-1542.448578623238	-1392.7877991856997	-149.66077943753834	0.12156163739657985	0.07867733424745225	0.1125997902390343	0.0010604445315305008
73000	-1542.5392880320517	-1391.031040305415	-151.50824772663665	0.06398036297981502	0.10995933877806699	0.14870275860066434	0.0025373633151971804
74000	-1541.2971168723436	-1389.4879023614908	-151.8092145108528	0.10403368935374847	0.0712509686627448	0.14947250363131076	0.0032099879473882573
75000	-1547.2528450348066	-1388.2774553607921	-158.97538967401434	0.07505105528793267	0.03564773047025895	0.1364148558532122	0.002098989493236834
76000	-1541.9902228679316	-1392.1131903402515	-149.87703252768	0.09876892696388895	0.11998568381322237	0.12914770069443668	0.0014243491719958751
77000	-1541.510033376007	-1390.4126269997466	-151.09740637626032	0.15354217042537138	0.10583216673954986	0.13950628438357113	0.006306114730139467
78000	-1544.0123525325728	-1392.435318362919	-151.57703416965379	0.1511780487366293	0.09646273653721939	0.10653788885352625	0.0027652098708670463
79000	-1545.705186623139	-1391.6392147849594	-154.06597183817962	0.09265563310679292	0.0821804309878114	0.12064875142510233	0.0013523935689708805
80000	-1541.8798164217849	-1390.0348814566469	-151.84493496513807	0.10524214011173699	0.060469093008790824	0.10909620426446233	0.003579600180750622
81000	-1541.4913470944944	-1391.1424124123305	-150.34893468216376	0.07582253973836883	0.1323508735082375	0.13841161699341767	0.00230396835775395
82000	-1543.1720290553474	-1389.301373824102	-153.87065523124534	0.14023459732867802	0.07753624505940875	0.15647482006376698	0.005564791934586432
83000	-1541.9865916403123	-1391.4346846266067	-150.55190701370563	0.13318970101228567	0.08426929421861998	0.15020874962079123	0.0016209643967992256
84000	-1542.8554263671833	-1393.1164239048776	-149.73900246230565	0.10836164129064524	0.08270008827487237	0.09031954055003807	0.0012874192730256292
85000	-1541.3395226616337	-1390.086842553021	-151.25268010861288	0.09520375667018743	0.08346372078900834	0.1360908082827291	0.0032879025925165307
86000	-1547.1382696380124	-1387.1488047878256	-159.9894648501868	0.12166206755357056	0.02314218540701808	0.1539295445402386	0.0022378268671399827
87000	-1545.2005106343681	-1393.742623069953	-151.45788756441513	0.07788507954727093	0.09512909014592465	0.06792917877975282	0.0012528605643714725
88000	-1542.072222277412	-1392.520384980594	-149.55183729681823	0.10883787746634124	0.08360895749131672	0.1257033155095528	9.807799979787734E-4
89000	-1546.8443150926264	-1392.9979264014223	-153.84638869120397	0.058447234747045614	0.08552007839097839	0.07136451832811558	0.0035804730049352343
90000	-1543.4516138951649	-1390.1722532207853	-153.27936067437972	0.15630914875982668	0.06816177978662888	0.1271151846807626	0.007505603964991604
91000	-1541.0854051084352	-1391.5503695044995	-149.53503560393585	0.08160126822398735	0.09891873194110049	0.11821832440799986	0.0015062744797762757
92000	-1542.6363068629685	-1390.6706444733106	-151.9656623896578	0.11717662602742525	0.05667897267148543	0.12406210794847991	0.001727828371260715
93000	-1546.3713420828888	-1389.4805918170991	-156.8907502657897	0.19666482581552114	0.05936094833149333	0.1563852880456573	0.0032225591786604296
94000	-1540.8414260980126	-1390.4018827452894	-150.4395433527232	0.09310422817389132	0.08128282520212333	0.1255958703596734	0.00254578949758549
95000	-1542.9861858305578	-1393.0002567118577	-149.98592911870006	0.10743070705826897	0.08657305086386281	0.08761728514021648	0.0016152858980978874
96000	-1543.5335715785845	-1389.5343469002887	-153.99922467829595	0.11685296356537604	0.08355220184784373	0.22771482185492228	0.004257239119052765
97000	-1541.7370888553653	-1389.9438870136364	-151.7932018417288	0.09906112420130253	0.0842222569034802	0.17586281525922715	0.004425955213443721
98000	-1542.8445326609028	-1391.079604886906	-151.7649277739967	0.0852244871965122	0.06952470236487773	0.09130569615151517	0.0026074927282529066
99000	-1542.5059834054446	-1391.7531700487082	-150.75281335673637	0.11876783478324544	0.1643322214469966	0.13158055059528756	0.0032430789841751194
100000	-1541.6223585596463	-1391.7710024557164	-149.85135610393	0.09005520249296657	0.08140135592777872	0.12309845298443177	0.0011947746687926825
101000	-1542.5727434662965	-1393.2276991988815	-149.34504426741503	0.12995690277256075	0.1123554052303631	0.16930801703546036	6.701742040534176E-4
102000	-1541.1235830457113	-1390.5410674382192	-150.5825156074921	0.09314717425803276	0.0821316012931797	0.11849139900122627	0.002685509400013063
103000	-1544.7913636570183	-1390.876041285589	-153.9153223714294	0.07111200143728624	0.07989338259076073	0.1287491577526254	0.0037458888320279857
104000	-1541.4523693660137	-1390.2612744110295	-151.1910949549842	0.11797832857912188	0.0955015582412133	0.1462105712931947	0.005566541493760647
105000	-1543.70677262731	-1390.6567410419646	-153.05003158534564	0.06655702902331957	0.09533605237368818	0.14087190010390974	0.001911508931830018
106000	-1547.5274021755613	-1392.0680726872774	-155.45932948828377	0.057902974735879124	0.04337665723703465	0.13881960219844955	4.456182835149132E-4
107000	-1541.9870961357758	-1390.2436744130518	-151.74342172272387	0.11937958904520694	0.08012082933312256	0.13474239075395245	0.0061943436264177846
108000	-1542.4358053300707	-1391.851548997874	-150.58425633219676	0.07394175650147478	0.13507308801852153	0.12866517458832943	0.0013157617553474202
109000	-1541.085737056018	-1391.2689264474448	-149.81681060857318	0.0845333973812399	0.1284198730997323	0.1313968779061795	0.002189858957396514
110000	-1544.4536136750323	-1388.9709453989544	-155.4826682760779	0.07591671872339005	0.05052857851331918	0.17541646388180465	0.002880203404291409
111000	-1543.0630243811697	-1392.304487905488	-150.7585364756817	0.1417461598519543	0.07496613859689683	0.09889678924879415	0.002341687268140349
112000	-1541.7451915108818	-1392.1115899166243	-149.63360159425736	0.12799169905848357	0.14189272260138966	0.11956400531152458	0.0029601273673559615
113000	-1544.5967104159308	-1391.8965414717832	-152.70016894414763	0.14315301668826327	0.08243459054402882	0.14315110190022315	0.0014361677331933879
114000	-1543.7425515321377	-1393.5486186274447	-150.19393290469284	0.08221475334965458	0.10811049107624879	0.07678682704736808	0.0012117684886703897
115000	-1541.949319567987	-1391.8753613718823	-150.07395819610483	0.10784218949001793	0.1298075045535472	0.11109861393677706	0.005134933347124226
116000	-1541.9711817144066	-1391.274257380656	-150.69692433375064	0.10166798396421668	0.1365263618197422	0.14085365572490915	0.004757996648064812
117000	-1542.639114055982	-1389.5323272276294	-153.10678682835254	0.12995477396819294	0.06643640918301047	0.16687845326924297	0.007125063719078252
118000	-1540.5356810793323	-1390.3476982358459	-150.18798284348645	0.13411006613980564	0.09395487719095776	0.14703956097512794	0.003271391371317151
119000	-1543.6421916991617	-1390.0205215929361	-153.62167010622568	0.08736963210571567	0.05489425433789709	0.10374271301094888	0.003784731092314686
120000	-1543.643273720842	-1389.681230818742	-153.96204290209982	0.1267260697510106	0.07146353061214362	0.2086948616718095	0.0023418299416058815
121000	-1542.5998716778677	-1392.056096107999	-150.54377556986867	0.16184789085030038	0.0952692284825341	0.16478184457508413	0.0014202360750389291
122000	-1540.8518466515784	-1389.8105084551746	-151.04133819640376	0.11205523338582836	0.0785173233221843	0.13906577516365173	0.004567801083962517
123000	-1541.386913806706	-1390.8083929573036	-150.57852084940234	0.08101601739349183	0.08381910764555349	0.11311835308320352	0.0021410433347358814
124000	-1542.1415323138226	-1389.9424548894744	-152.19907742434825	0.17183079422660272	0.08289584945143985	0.1418024017692667	0.004894669178838954
125000	-1545.9767190676737	-1395.3916625370678	-150.58505653060593	0.15119420780216616	0.09454904892067266	0.07390456380544314	6.845070926963096E-4
126000	-1541.5306441795667	-1390.4172429969856	-151.1134011825811	0.13401036280745338	0.1089314808435295	0.15510495099596514	0.006820776374286937
127000	-1541.9770537115585	-1390.3261189816467	-151.65093472991177	0.06505624614599087	0.07974550443765921	0.13421336179986373	0.0020638436908201165
128000	-1544.2977364489311	-1393.5211198750912	-150.77661657384	0.1508326488475535	0.09134533234365375	0.0957861514771023	0.00173356282177425
129000	-1542.12386823034	-1390.484066282251	-151.63980194808886	0.11944319216635342	0.08070711611530575	0.11930316297189411	0.003640918017004181
130000	-1542.7208265907868	-1391.2052847739556	-151.51554181683122	0.07322537596646952	0.0721969315382053	0.1024751943602037	0.0014590970516127058
131000	-1543.4253487091678	-1394.2662097499679	-149.15913895919982	0.1313035456184156	0.1357160056380263	0.10739062447829144	6.95033423868001E-4
132000	-1544.7478056512284	-1391.6064773201833	-153.14132833104506	0.05894494618886502	0.08005239172514078	0.1157861360819586	0.003453004633138014
133000	-1543.420379046955	-1392.6222150050692	-150.7981640418859	0.16828279636056973	0.07281010565404726	0.12114338892691191	0.0013177526306081052
134000	-1543.8505919618963	-1390.6992593527889	-153.15133260910738	0.08161816407169667	0.1061339250432308	0.1494821177810241	0.00222652232935896
135000	-1542.336083907442	-1391.8144453767554	-150.52163853068637	0.08917201197164806	0.16554552365812752	0.12243248410656295	0.002394323599596295
136000	-1541.9760974475357	-1390.7382689467306	-151.23782850080505	0.1459560348608025	0.11637667447015819	0.14482089148979138	0.00402956139948133
137000	-1542.1806939372193	-1388.9903114204658	-153.19038251675354	0.10348597825923739	0.05259254060310992	0.13299178119224997	0.003993480389240299
138000	-1541.4776149458264	-1389.8559314397628	-151.6216835060637	0.12451196913414377	0.07665259103853064	0.1468991742870077	0.0063519956015773435
139000	-1541.1494289865022	-1390.2970983982052	-150.8523305882971	0.11558838476666411	0.10340439711557599	0.16074842028899247	0.0053948521103051065
140000	-1541.3474702068795	-1391.1425795094392	-150.20489069744028	0.09194893452907067	0.11741019184537517	0.12791041238516185	0.0024735268473512553
141000	-1543.8433975044618	-1390.480269459697	-153.3631280447649	0.09515845676202052	0.06783595491026782	0.16521813884002937	0.0015068821699341828
142000	-1545.5069490301162	-1391.6901127213164	-153.81683630879968	0.06607444652649061	0.13239975851359734	0.20961441042349785	0.002585123284110706
143000	-1542.1843745496096	-1393.0279244103358	-149.1564501392738	0.0839921431237524	0.10114870290267113	0.11990647511504336	6.843272387975504E-4
144000	-1541.7084122146089	-1390.54354241693	-151.16486979767876	0.10341470208109182	0.07076890932512396	0.16999164489728616	0.0015716731185402932
145000	-1542.135190980103	-1391.3593094782968	-150.77588150180623	0.07706280914054531	0.12205718586489615	0.1431471169532808	0.003678797740808531
146000	-1541.5768077175512	-1389.5790409682531	-151.99776674929808	0.13674409146178798	0.0626768892615211	0.15953065350326454	0.002527779944127418
147000	-1544.5380454782487	-1392.5518715577482	-151.98617392050053	0.11504493551132783	0.07598929489742003	0.09153205222690983	0.0017933614152599233
148000	-1542.0985854320209	-1392.0896175234764	-150.00896790854443	0.0814708907369547	0.1148739291182265	0.09460442671379017	0.002030876146737294
149000	-1542.5600069650923	-1391.9378000176157	-150.62220694747666	0.09892141727163704	0.09523426550708589	0.0917830132965949	0.003889129182776764
150000	-1542.1986900153586	-1391.870089642249	-150.32860037310965	0.07195359603057017	0.14641052844271615	0.12442078131895677	0.0013939155801924738
151000	-1544.636373122832	-1391.5373098501068	-153.0990632727253	0.19813066852485595	0.10167232844891815	0.11801766322204338	0.008337229979185972
152000	-1542.7516551728168	-1392.2534328080017	-150.49822236481498	0.08772715621892245	0.07758987342052169	0.09471202744279948	0.0012910982839932884
153000	-1543.4543885635826	-1390.9157774043367	-152.53861115924585	0.056472116671735274	0.08482105840820679	0.13195489467068247	0.002549265111020815
154000	-1543.2295695590828	-1389.7490905791292	-153.4804789799537	0.09689244394236046	0.06373506045847241	0.12496774496245106	0.004248199420730603
155000	-1541.6544082578926	-1390.8915871891918	-150.76282106870082	0.08908208129781628	0.09316868741018344	0.17086701305179097	0.0015902968621047857
156000	-1543.4032592255337	-1393.1760397706028	-150.2272194549309	0.08910437993001552	0.17372873121416496	0.1159783274582907	9.65653109328851E-4
157000	-1545.1064763685008	-1393.1898895402633	-151.91658682823746	0.06766100154351296	0.09465667564288532	0.11016702850048146	5.189654407663227E-4
158000	-1546.1480470623912	-1390.5670568151947	-155.5809902471964	0.08180982714848037	0.06070085428861195	0.2364413726262421	0.0012599406191949086
159000	-1542.8094468183824	-1391.6933366038202	-151.11611021456224	0.07715181360206465	0.13209191687511188	0.11022255294979377	0.002018750839956939
160000	-1541.1140600783274	-1391.0394345768425	-150.07462550148483	0.08208393790777378	0.09462166968742589	0.13785184235027115	0.0016206226431611543
161000	-1541.1901270274086	-1390.9230869372172	-150.2670400901913	0.10895660268458915	0.08501109222632465	0.12489429242523668	0.002271165858047201
162000	-1542.8397801149326	-1390.7549937757635	-152.08478633916903	0.14855745266076584	0.06985464002748308	0.11008273343879993	0.005340177252323005
163000	-1543.1925696531173	-1392.780294590754	-150.4122750623633	0.09661536012501266	0.08362094565957233	0.08679366010575115	0.001490619674405879
164000	-1542.6950585096833	-1391.6317772288785	-151.06328128080497	0.092725169709317	0.0878691043856673	0.09583732432175227	0.0024170314228722923
165000	-1544.4402287617768	-1389.030088149526	-155.4101406122509	0.07742545376756217	0.0397172470996049	0.1288325744103742	0.0016922859101390602
166000	-1542.2209789709955	-1390.0729069947433	-152.14807197625208	0.11243339595004156	0.06602433545482027	0.11769037761175383	0.00501585778911044
167000	-1542.4698054563603	-1390.1822226099964	-152.28758284636393	0.08414224858567448	0.06991285575467288	0.12378455934958064	0.003983041527183018
168000	-1542.2861427853632	-1391.7471250261456	-150.5390177592175	0.11799619003910228	0.0771125382538752	0.1171231651225829	0.0016230208533037137
169000	-1544.4787223804324	-1393.0974617710315	-151.381260609401	0.10056711384349051	0.08227696927293515	0.08785900064193823	0.0012280949991224303
170000	-1545.6902932706519	-1394.2855267864402	-151.4047664842116	0.057248733056327605	0.10657839532024589	0.1577930272083217	1.1548766529567752E-4
171000	-1543.5070010891782	-1390.9474394310473	-152.5595616581308	0.06067233928025973	0.07203250931936624	0.11196252356372852	0.0012399888916292921
172000	-1544.0609152695486	-1392.3809945863459	-151.67992068320268	0.14327757576988628	0.11122632622464453	0.10164747103214479	0.007275692341553617
173000	-1543.8111950391065	-1391.717226480228	-152.0939685588785	0.16581813540601814	0.10007346849608705	0.11383684762501813	0.009395077873075109
174000	-1543.77683889689	-1388.8217631406828	-154.95507575620726	0.09147041243416074	0.04613747125376809	0.12653644057888425	0.0030070181924840146
175000	-1543.7895376559406	-1390.8355843357854	-152.9539533201553	0.1711287427655271	0.08130831916821615	0.1327916717379282	0.010535565842873997
176000	-1541.3406603950837	-1392.400037856099	-148.94062253898466	0.10914420571420125	0.12513050779838836	0.137050670243491	0.0012917475407266577
177000	-1541.4552229882408	-1391.3997489689636	-150.05547401927723	0.08147523792579538	0.08237548024125103	0.13625259539510412	0.0011971428297664632
178000	-1540.4012538529328	-1390.8669183289521	-149.53433552398062	0.10603839878301963	0.09547148911208389	0.137857228257716	0.0022388717691517266
179000	-1548.1544655659036	-1393.0406179384	-155.11384762750373	0.08625208877594993	0.06348924818821572	0.06717589264340763	0.004249973468404336
180000	-1545.3067212561768	-1390.116770143595	-155.18995111258192	0.06569471780783484	0.04273563701352365	0.14606149105750074	0.0010069745726222902
181000	-1541.7132579871668	-1391.1689134794403	-150.54434450772655	0.07682670010751311	0.12481049505528514	0.1583071714737888	0.001712240293405186
182000	-1540.9213795716507	-1389.9791196087217	-150.94225996292903	0.1253100291890629	0.0908991339024637	0.14471232750390392	0.005014423021492296
183000	-1541.8616082533933	-1391.2973160092565	-150.56429224413688	0.0848034228798738	0.07624343901095328	0.15375642389975996	0.0011245453083764381
184000	-1545.100988174896	-1393.1259597114533	-151.97502846344264	0.11690038575621847	0.07334125415793924	0.0781215047105172	0.0025233708410243878
185000	-1543.6719570982186	-1394.8011927309153	-148.87076436730342	0.12227728153055424	0.08815827458710593	0.08853816105578821	3.588877912446031E-4
186000	-1541.7749685217454	-1392.0176223552105	-149.75734616653492	0.08639157813163746	0.08464536340700426	0.14141425982195546	9.267619691867694E-4
187000	-1542.289135842177	-1391.8528538213654	-150.43628202081157	0.09081729324726451	0.0674860094656305	0.12445953900816493	9.844614810349788E-4
188000	-1542.389371233316	-1391.119482898161	-151.26988833515486	0.13978405896198223	0.1414488623563496	0.1580533616650319	0.0032675215507749953
189000	-1542.4140420699	-1392.939098744603	-149.47494332529703	0.1030469519182222	0.07894505638039297	0.14168165930656323	6.2339419058753E-4
190000	-1543.7807622117327	-1392.7038188614097	-151.07694335032306	0.1065556409700168	0.121358624691967	0.09045484285042439	0.004344829788886961
191000	-1542.8462431601665	-1389.9131055842877	-152.9331375758789	0.08997548462191964	0.08116562532192566	0.1910847085297722	0.0024947429431134917
192000	-1541.0006472664788	-1390.7722481507196	-150.22839911575926	0.11725759889468922	0.11134192547996873	0.14306104140517256	0.0030428135006998693
193000	-1541.82411450979	-1390.6519186790883	-151.17219583070155	0.1123931716632334	0.06448091108426578	0.1173410275901371	0.0021396957544981255
194000	-1542.8755349815517	-1392.4148503335643	-150.46068464798728	0.08674165450736433	0.10899798303426274	0.0861153013574902	0.0024846500555137834
195000	-1542.227198016396	-1392.4235756195994	-149.80362239679644	0.1434816235535208	0.0989764903827035	0.13203649035308226	0.001479589097805887
196000	-1541.702191966468	-1390.190448665809	-151.51174330065894	0.13381354939296985	0.1206325452520447	0.18770820553503642	0.004034451044914809
197000	-1541.4614256828927	-1391.296679187869	-150.16474649502388	0.09300435365418624	0.08046545569863475	0.13025496722842567	0.0014361364503003033
198000	-1543.3964766819477	-1391.269925423419	-152.1265512585286	0.08876597538402653	0.13780924369654768	0.1321846815134709	0.0026613714593109214
199000	-1544.2891861185317	-1390.337045360681	-153.95214075785077	0.1874748690070355	0.11575205727505906	0.1483934693095977	0.008788050583304296
200000	-1543.1659786442333	-1390.4698002635669	-152.6961783806663	0.06265397941730431	0.07819666699616946	0.13330695189197048	0.002624858756261335
201000	-1540.7302689316473	-1389.6779006798952	-151.05236825175203	0.13346999324887066	0.09227187175820262	0.16258249922711368	0.004564740123376564
202000	-1542.3310654348486	-1391.177901102791	-151.15316433205754	0.11826603224865366	0.09908341928849111	0.15140123172265046	0.0019261966006064795
203000	-1540.5707082142023	-1389.838809828505	-150.73189838569735	0.10905440889478202	0.07722533131560919	0.1351289545616986	0.0037856887421974105
204000	-1542.9171411404357	-1388.7473885039353	-154.16975263650028	0.08503477203913964	0.04632355264782648	0.13395386459143457	0.002789909299260513
205000	-1543.0495916977866	-1391.4812159671444	-151.5683757306423	0.06985159929568938	0.13791691903935643	0.1411749530729621	0.00301085330547031
206000	-1547.016534486157	-1392.5476958922372	-154.4688385939197	0.19875082931981403	0.06032790009659103	0.14285069858389693	9.593046913504961E-4
207000	-1540.5109260579848	-1389.8010549762043	-150.7098710817804	0.1183912178641958	0.07920275433947889	0.15558088674014675	0.002970081301029069
208000	-1544.0740592948098	-1389.7246876008148	-154.34937169399493	0.0736819849450954	0.05780723026774421	0.11593560093539508	0.0028666094996595524
209000	-1542.8557419707975	-1391.9613287320244	-150.89441323877298	0.09110648331335837	0.09774210985947289	0.14224989282587203	0.0010981040530931103
210000	-1543.3228888063425	-1389.4883470919644	-153.83454171437793	0.11984574862497462	0.08272152386300721	0.20028541403773328	0.005179215333585268
211000	-1541.7993310825673	-1391.3538994109877	-150.44543167157963	0.111719047084525	0.0758842607762127	0.09889256497526569	0.0029512126821272123
212000	-1543.9591633625896	-1391.3742318092532	-152.58493155333642	0.13420733409124555	0.1537644692128436	0.142927560937351	0.0037611646980063385
213000	-1542.2542350070414	-1390.357980703082	-151.89625430395947	0.1034288156187809	0.10131632778328452	0.18896950351789815	0.0024933921976111354
214000	-1546.3611082538425	-1388.8929816764517	-157.46812657739088	0.11056598694835279	0.036609425668285414	0.17227091936553682	0.005719032431181407
215000	-1542.9307938554693	-1388.3133320677293	-154.61746178774004	0.10951754916983368	0.040494768061226975	0.1376735384232696	0.0029492069495782886
216000	-1542.3822897175476	-1389.3575673387134	-153.0247223788342	0.1557000418311478	0.06024802171412544	0.13338580488861745	0.004878416266374948
217000	-1541.9227688071949	-1390.6800139093618	-151.24275489783312	0.09902203717475798	0.0678914365894733	0.1021811133807063	0.0028724652740191535
218000	-1542.369755069405	-1393.0297566875338	-149.3399983818713	0.09835163888002364	0.13467268985495365	0.10786873863603441	0.001206312861794403
219000	-1544.105169297463	-1390.1052705651528	-153.99989873231016	0.10827381945709379	0.041681122432979535	0.14441032084454097	0.0012827116581579222
220000	-1546.7036274921293	-1392.3842442613368	-154.31938323079243	0.043282808305721336	0.10202103021026802	0.084880313153437	0.0023736481464052303
221000	-1542.937803245548	-1391.2242141379352	-151.7135891076128	0.06344269866955717	0.07586150280332526	0.12237409203339722	0.001079261775054378
222000	-1542.9659869648617	-1389.4134398999288	-153.55254706493292	0.08810204600308645	0.04709741868185575	0.14757514990734782	0.0016703935428803176
223000	-1543.5854107186947	-1392.0437467328968	-151.54166398579787	0.11773827773261246	0.07068056332568433	0.08619115354171787	0.00380971570012386
224000	-1542.7227262661843	-1389.9160230230368	-152.80670324314755	0.11353277498569875	0.05450385428466056	0.11186683456416818	0.004973441972743309
225000	-1541.3197853692006	-1389.7077060998138	-151.61207926938695	0.14771843434856335	0.08449482865239955	0.14541893087968047	0.00550941166095556
226000	-1543.986918082243	-1391.916150830502	-152.07076725174107	0.06700413409737181	0.07369859361150591	0.10189386927235823	9.464713952479335E-4
227000	-1541.7493406007502	-1390.7341564080407	-151.01518419270963	0.0931931515330061	0.08319992915687185	0.11566166199294328	0.004469918918040787
228000	-1542.4855553133577	-1392.553416565533	-149.9321387478247	0.1338326756218753	0.15475444955800227	0.1436203472470759	0.0016537226867947184
229000	-1541.6639951285451	-1390.937848709685	-150.72614641886	0.07114149826173806	0.08866042676002306	0.10777512278135513	0.002073881782285407
230000	-1542.5948208954517	-1390.884482842482	-151.7103380529697	0.12128796915149702	0.10656643640052382	0.1593964294206946	0.0023314944027042215
231000	-1541.9182780194797	-1391.9590456761728	-149.95923234330684	0.09546037070562331	0.08431864980595287	0.11798411847337459	0.0012534073580191423
232000	-1541.7223502674544	-1389.5181881324845	-152.20416213497	0.10176215773230791	0.0747417652477885	0.1556634322627044	0.0038262720450744766
233000	-1542.397829324353	-1388.6200068272178	-153.77782249713525	0.15029803972767827	0.06120427173894641	0.16112207043943302	0.0053698161594590435
234000	-1544.3799533609183	-1391.9985002727026	-152.38145308821578	0.10078618324664848	0.11291083865080086	0.12253745332210421	0.0065353731705674635
235000	-1543.3558473720848	-1390.099439504081	-153.25640786800386	0.18405369225687152	0.08684873022065358	0.13777524718318404	0.0063510391816227986
236000	-1540.9978136696595	-1391.058665035198	-149.93914863446165	0.11168151332251494	0.09720935127806296	0.15436964437912173	0.0018808676465572013
237000	-1546.2317125581558	-1391.671998233845	-154.55971432431082	0.09329873290739316	0.17717173426980803	0.1360790264095224	0.002529582906037072
238000	-1540.4405907441515	-1390.6190962716255	-149.82149447252587	0.10393693525532441	0.08944143822739632	0.12197789804685341	0.003116263765767218
239000	-1542.028374081502	-1389.99269691755	-152.03567716395213	0.08717079922095763	0.07449819472519553	0.15454974836698918	0.0021402235635479116
240000	-1544.9152094598971	-1393.1028075925717	-151.81240186732555	0.06405790470138785	0.11941550641403523	0.07329848781809206	0.0012042916848928231
241000	-1540.9609651698597	-1390.709446235996	-150.25151893386374	0.11552639818055374	0.09635645467497726	0.12426180036810569	0.005133716412176328
242000	-1547.4318859860464	-1389.1079941789612	-158.3238918070852	0.0573761893040961	0.034056504076212225	0.11440776133323902	0.0012910958041606325
243000	-1544.8514948392865	-1390.6135875076416	-154.23790733164486	0.06749958996862591	0.08472393374216254	0.20019509266786703	0.0025124293050785805
244000	-1543.1436316044828	-1390.572200309548	-152.57143129493477	0.06457997642978087	0.06757493872826237	0.15009527850523974	0.0012224143054550636
245000	-1545.0454990267895	-1392.381083950339	-152.66441507645044	0.0928507016515579	0.1409555612342303	0.1223133978461678	0.00574160026859304
246000	-1542.6498587200188	-1390.676201633734	-151.97365708628462	0.07835799965702842	0.09371231885435823	0.126566289397201	0.0022754158146670745
247000	-1541.9110551189278	-1390.831230601604	-151.07982451732403	0.07547836270221536	0.08320158089329038	0.10584716313018727	0.002328162461628455
248000	-1541.6262246382105	-1390.821312937098	-150.8049117011126	0.11049863705354887	0.1281357746567679	0.1842299853272724	0.0025600913791110377
249000	-1542.7099732222578	-1392.3256015999505	-150.3843716223073	0.1252966352490433	0.09242597948544015	0.09270025838036534	0.003969320447386878
250000	-1541.554700400217	-1389.5466439531947	-152.00805644702223	0.1387363212155524	0.07463235674335378	0.16108983983720862	0.0032375615024664564
251000	-1543.6999466544203	-1391.1720323855343	-152.527914268886	0.05313395986113377	0.11987804840344185	0.13290622869495305	0.0014920536918847547
252000	-1542.6918878455615	-1390.8217446957115	-151.87014314985012	0.0986052153301083	0.07684848457538768	0.11004195203392034	0.004979419168795042
253000	-1545.7261286165751	-1392.9385036358738	-152.78762498070134	0.07401882267516442	0.0765269669170359	0.06560226426684827	0.002022559799532133
254000	-1543.0608825151917	-1390.2620462083207	-152.79883630687107	0.09389810485769065	0.0690480631124733	0.13179662491297012	0.0020206086597538034
255000	-1541.8458529077488	-1390.8955209311714	-150.95033197657733	0.0661451156818149	0.10956164421671843	0.13622397426714064	0.002143274615059849
256000	-1542.1457653408115	-1391.5708931203646	-150.5748722204468	0.074960137554145	0.12255025544722568	0.11419974767991524	0.0034140727969539197
257000	-1543.1264510798135	-1389.9905118822992	-153.13593919751423	0.13875894039892464	0.06710367368783049	0.12473068017387938	0.006205042532544728
258000	-1541.2410670895256	-1389.9182939836492	-151.3227731058763	0.10283848675536797	0.061293064108299045	0.126567387859611	0.002359981240236462
259000	-1542.0533912555563	-1391.3129809686493	-150.74041028690704	0.07851417622135713	0.1443719435891556	0.14985388129040977	0.001922626144341677
260000	-1543.3920821258728	-1391.858447609276	-151.53363451659683	0.0885720729330208	0.09955442471902137	0.09613739977959555	0.002228196302713795
261000	-1541.5985476562623	-1390.813309930119	-150.7852377261434	0.12136255763560269	0.09489457437679771	0.13532041070084638	0.006960059602310706
262000	-1541.810907375381	-1392.543802956566	-149.26710441881502	0.11951373143749479	0.1103476701785639	0.14157208281324182	0.0011396149319716877
263000	-1540.9613009254076	-1390.6378526802137	-150.32344824519384	0.12474787103797258	0.11330129758792931	0.14085756009424402	0.005486530619689206
264000	-1541.4820532691876	-1391.595502108397	-149.88655116079048	0.13215029747642268	0.10516947077015314	0.11163585172382715	0.003858150707473738
265000	-1541.1873188437644	-1391.12397933797	-150.0633395057945	0.09380053090327237	0.08893979214638727	0.1066359952203915	0.0026445493236816227
266000	-1542.813747235184	-1389.8510297414532	-152.9627174937309	0.09580602710827008	0.05335156828741054	0.1046212443647703	0.00329388202389593
267000	-1541.2182801346319	-1391.0224765501762	-150.19580358445577	0.11487304788903835	0.09712252116609697	0.1167739408281845	0.005361397156603054
268000	-1541.14922990614	-1389.3110170821851	-151.83821282395473	0.09495896727400174	0.06550332062983336	0.15131733857131227	0.0031408533215298924
269000	-1543.3908286065541	-1391.785011792603	-151.60581681395112	0.15314930820681363	0.10216835137094495	0.11443467871447123	0.009339153338130339
270000	-1541.3320659256465	-1390.5101372255667	-150.8219287000798	0.088465949198928	0.10144506455842738	0.1533190668350567	0.0036588088717083088
271000	-1543.658438702606	-1393.5914594891847	-150.06697921342138	0.08308378320100776	0.07830179062619182	0.09010760965230168	5.979519067367686E-4
272000	-1544.9257201375785	-1389.7892526238784	-155.1364675137001	0.094677711796117	0.07865162591351181	0.2153482788058867	0.003415054803272906
273000	-1546.2870620555568	-1389.8592308821324	-156.42783117342452	0.06030635085990272	0.04908406847319722	0.10151818255133391	0.0026579866354934692
274000	-1544.2036008376822	-1389.4864418494856	-154.7171589881967	0.08011783177809538	0.04274878613237315	0.1561256380250012	0.0013677984984036182
275000	-1544.5050180870207	-1391.6768535671144	-152.8281645199063	0.06942050569461614	0.07077752813181644	0.08923379191374003	0.0040177469592073975
276000	-1542.798902948799	-1393.1420055383771	-149.6568974104219	0.12542311993363645	0.14110249579252787	0.09908592983208989	0.0026760164202518453
277000	-1544.0070642371275	-1391.8454209462511	-152.16164329087644	0.16882153260719834	0.06663246255166072	0.16965690457698174	0.0011317074700326248
278000	-1544.9142831260122	-1392.851108720954	-152.06317440505813	0.07161189365774649	0.09994843746703483	0.0834694761139014	0.004405200066745142
279000	-1540.8971402045868	-1391.534310479734	-149.3628297248528	0.11322056888511814	0.1166272831517974	0.11533028391106458	0.0031912864431852812
280000	-1545.9520802541156	-1389.6406337737787	-156.31144648033674	0.15001705717049563	0.05543505646395587	0.1644618871137118	0.008614148351239267
281000	-1543.0616690249872	-1393.1908380333966	-149.87083099159045	0.08295593609689657	0.08469814052276203	0.09153356979645232	8.013515872350777E-4
282000	-1540.6309634482384	-1390.3289528802459	-150.30201056799257	0.11745076571556748	0.10235991515029569	0.1444352701666572	0.00389149407316049
283000	-1544.8454854781921	-1391.3809656325761	-153.46451984561597	0.08679634575958206	0.10599019316960859	0.1727024310712328	0.0013459480676465308
284000	-1540.6354138821223	-1390.6171264090594	-150.01828747306288	0.09336085813345531	0.1032577637704489	0.13466608179678236	0.0035436273242460572
285000	-1542.4773597116045	-1392.0233574315757	-150.45400228002882	0.07559071592908663	0.14450923387661088	0.10110566054483798	0.0020995507584986375
286000	-1543.1534564997348	-1389.0144282106376	-154.13902828909718	0.18338363896535537	0.06293631391041403	0.14898201278520146	0.005686779835038873
287000	-1541.0399921221385	-1390.1018707529108	-150.93812136922776	0.08971388954121687	0.07864019927296004	0.12865611316495704	0.0031824683077777863
288000	-1546.9753281806406	-1390.564756558284	-156.41057162235654	0.047594382811396524	0.06648120805223601	0.09829267199750977	0.0014747711498680335
289000	-1541.0946366095704	-1389.430160339946	-151.66447626962437	0.11054193665580511	0.06854694565626952	0.1419957235240902	0.0035360379332551196
290000	-1540.9030110356093	-1390.9945150127417	-149.90849602286755	0.11792309422745595	0.11907225785649968	0.1551882970696123	0.0025184059296476644
291000	-1541.595027801252	-1391.332867109786	-150.2621606914658	0.0911846921212286	0.07900308579387197	0.10022090237972996	0.00211313785977792
292000	-1544.7776906705294	-1389.494139702628	-155.28355096790136	0.07164648617006979	0.041581141077309244	0.10905089203760544	0.0016439677819930242
293000	-1540.8596332264633	-1391.2920538444355	-149.56757938202784	0.09703964470124829	0.093748200671385	0.10978270924748351	0.0024089238655249706
294000	-1540.9959866490367	-1391.5231584555054	-149.4728281935312	0.10718672661307767	0.128346373773494	0.1187546116144069	0.0031907964821573085
295000	-1543.2772305112553	-1388.5111681689125	-154.76606234234285	0.172065473748568	0.05403829527463277	0.1555046054105083	0.005608228695641134
296000	-1548.160263758884	-1389.6706557598518	-158.4896079990322	0.059363076415274496	0.0399619474403692	0.08683684623702935	0.002312783176337882
297000	-1544.3507759501754	-1388.2850309736486	-156.06574497652662	0.16295066091555319	0.04898818699244117	0.16647796934608844	0.0035795072316227978
298000	-1541.0062848072637	-1391.386707853121	-149.61957695414284	0.09876606726618303	0.09529021113160091	0.13329324477275437	0.0016517783461580794
299000	-1542.17586263393	-1389.2985412255073	-152.87732140842272	0.11672037278370184	0.06052215963923218	0.18546774378227557	0.0023075208585090472
300000	-1542.0910772041013	-1391.5075164945297	-150.58356070957163	0.12584689826763545	0.08977331653103958	0.10294180907139708	0.005195604181884625
301000	-1543.817789190143	-1392.0906608112357	-151.72712837890725	0.10534035382574673	0.05539021979976178	0.14979933125611844	7.242106850452706E-4
302000	-1541.1263822241574	-1389.8885376155627	-151.2378446085947	0.11916756154282346	0.08966355090776171	0.1518496463091913	0.003840003498062736
303000	-1543.2505813455666	-1391.648700967567	-151.60188037799958	0.06540656994907759	0.13943357503966583	0.12221268615206295	0.002828711770346767
304000	-1542.7898995981698	-1391.9187361725903	-150.87116342557934	0.11081953155283028	0.174860247076896	0.12389856007037556	0.0036260783139737255
305000	-1541.4535010866693	-1390.4607351420677	-150.99276594460164	0.09903801604444246	0.11033866571773306	0.17004811578615897	0.00397683100480092
306000	-1545.9993227193488	-1390.299920702899	-155.6994020164498	0.16278097099427785	0.044876985823976874	0.10647935263986764	0.004386008360494819
307000	-1541.775996586488	-1389.3935745826966	-152.3824220037913	0.1076728190777625	0.05589814912662649	0.13871101984585393	0.0024632632590136333
308000	-1541.6631290812356	-1391.013654883136	-150.64947419809954	0.12885060382449737	0.0779498513976213	0.15962523889403696	0.0016702895990753672
309000	-1541.0796995068392	-1390.0421216155682	-151.037577891271	0.13417588627814536	0.07625832923930162	0.14412886200449224	0.0029700194930750395
310000	-1543.0914023439784	-1392.886644274509	-150.20475806946925	0.08506208062543602	0.07135106458248441	0.13315567675823614	5.449374814886477E-4
311000	-1542.3585654075732	-1390.4690305711517	-151.88953483642138	0.10785971054862185	0.10413497940458115	0.15794297507997004	0.005138622568848099
312000	-1543.5872320593307	-1388.6066719827827	-154.98056007654813	0.11902577066210122	0.03901498172350656	0.12307502960207828	0.0035659130446108168
313000	-1545.466429266107	-1392.1924824455436	-153.27394682056334	0.09931142771217909	0.09315825738953584	0.09091312743239205	0.005129936602939999
314000	-1544.5989733804138	-1391.8101942393664	-152.78877914104737	0.10475682414388565	0.18353828380530843	0.17309279592697513	0.005230998964111312
315000	-1542.3518783465354	-1389.7333706754237	-152.61850767111167	0.1513445398806451	0.06112506300332206	0.14779484585775693	0.0026969459230757947
316000	-1544.0624714982957	-1390.2403844038765	-153.82208709441912	0.13379169183529996	0.04803926311505677	0.12090949606179069	0.0020021540646076035
317000	-1547.432588602688	-1392.7373357685424	-154.69525283414563	0.11192760691106671	0.05618450864519589	0.08593316764336134	0.0012050594181968587
318000	-1547.5891298404283	-1391.0237151222864	-156.56541471814202	0.12050774622687985	0.03438106580099008	0.1737908329845431	7.426294612129011E-4
319000	-1541.3426115635245	-1389.6318625980734	-151.71074896545107	0.0948819068838689	0.0694355798624231	0.16597910894499338	0.0023590514961856403
320000	-1542.2781712883057	-1390.2105205742919	-152.0676507140137	0.06963288449768266	0.07070531217304736	0.1365346287703194	0.0017385745003446569
321000	-1543.654564402176	-1388.0854641776907	-155.56910022448528	0.09254837970267218	0.03773831732416108	0.1421757271782296	0.0027712551984533985
322000	-1540.776179788455	-1390.8624570921493	-149.91372269630583	0.12769699590252348	0.11755683662885429	0.13756470630858952	0.003801261442148872
323000	-1541.5101818191947	-1390.8245107357793	-150.6856710834155	0.06821447141627186	0.09510431430566005	0.13717770548388955	0.001648916164485317
324000	-1548.758741187502	-1391.7261295486853	-157.03261163881655	0.06493901339690106	0.0756302125773811	0.1930959595844142	0.0037719770232912445
325000	-1542.3423551921692	-1393.3952133269802	-148.94714186518908	0.11152394074126784	0.09059128657691204	0.13017673974046803	6.008393334267228E-4
326000	-1544.0208667322784	-1390.6399924374816	-153.38087429479674	0.19238038198700572	0.08148233718653519	0.17256771007541832	0.0024497621366052227
327000	-1540.723832862105	-1390.1792169185405	-150.54461594356437	0.13002495001163963	0.09855322748302278	0.16425055085977602	0.00320123964103625
328000	-1543.7058259910664	-1388.046666918623	-155.65915907244334	0.09271590043770189	0.040680128519082245	0.1704609337607554	0.0027199471195465974
329000	-1541.4838983425223	-1391.3964168749073	-150.08748146761494	0.09557693560537445	0.08788425413676522	0.13395684306619673	0.0014724389733140409
330000	-1543.5292911284832	-1388.8794173092	-154.6498738192832	0.08833060233338208	0.05535706033710031	0.17066656028029695	0.003126036414961185
331000	-1545.8609935398038	-1388.6664442221688	-157.19454931763485	0.10700206187561852	0.0299158674516515	0.10601224070635704	0.002752573338705071
332000	-1543.5819381504152	-1390.4109975732672	-153.17094057714803	0.13266390738443393	0.06442032095709657	0.1103281557783029	0.004034957813760447
333000	-1540.8380859135048	-1390.8031883042318	-150.03489760927292	0.09088623631519671	0.10926952293516279	0.13207002442042162	0.003523282777359891
334000	-1543.4552250483364	-1392.2201509247561	-151.23507412358035	0.06576642717914921	0.08471530090133583	0.08931709009506444	0.0010570193358974006
335000	-1543.9822820212287	-1391.3869119332664	-152.59537008796224	0.06724964373674348	0.0940520309634066	0.09877450002636731	0.001726778897960605
336000	-1545.1875569358938	-1390.8247843347383	-154.3627726011555	0.07090760508494169	0.050785279981293285	0.09807204868372937	0.0012572456853086294
337000	-1544.4051148347546	-1392.8307856416918	-151.57432919306285	0.10689018960657462	0.09189147372300645	0.102932061753252	0.008184055582197782
338000	-1541.3493800910935	-1391.8352873798362	-149.51409271125726	0.08531392094297975	0.10845901455419221	0.10423811597918858	0.0018641338733460613
339000	-1541.6978435242556	-1389.3127102883616	-152.3851332358941	0.14584685023078078	0.0696459858947149	0.1456355936767858	0.006002442209410067
340000	-1541.782807688622	-1389.2860442179299	-152.49676347069212	0.08847044907347466	0.05976321628895877	0.14073147420561563	0.0034465405506638354
341000	-1544.4879413253602	-1389.855561039625	-154.63238028573525	0.07132415482078867	0.048978225527801865	0.10104913887381232	0.0032107292830345128
342000	-1544.711182369591	-1390.44114845907	-154.27003391052077	0.06870279253222024	0.06775421720887101	0.18029567936384613	0.001311870571436295
343000	-1541.8789576516788	-1391.9657164321873	-149.91324121949154	0.11069378956152384	0.08113643233826659	0.16152934066357688	0.0010106869032703557
344000	-1542.5061155664312	-1392.3121398976978	-150.19397566873334	0.08781871140030881	0.138739843103887	0.09577652786354474	0.0027287608941367124
345000	-1543.9789047872168	-1389.375286327939	-154.60361845927795	0.08258863496740683	0.04907082756180388	0.1436110356954526	0.004211826585523172
346000	-1543.4643776980374	-1393.404649940384	-150.05972775765352	0.14326445501857826	0.11259562469947428	0.09210708566369853	0.003422557756696902
347000	-1541.0678281979099	-1389.9265698520499	-151.14125834585994	0.11799497208497017	0.09201081932035023	0.15164773776276017	0.0041394118164710045
348000	-1546.5200348471596	-1391.0370273320746	-155.48300751508503	0.07974455487805754	0.0688700053019301	0.14384311162612207	0.0011605315017514254
349000	-1543.2738674037564	-1392.2828668222564	-150.99100058150003	0.07238362794848413	0.12546452392283647	0.08875730312561726	0.0018678573254752948
350000	-1543.3899121375728	-1392.1888146375761	-151.2010974999967	0.10258371085228928	0.13010066154919694	0.11986058920963082	0.006380961424154115
351000	-1541.9114915922073	-1390.1481120115313	-151.76337958067595	0.1298197801063859	0.0843424013815574	0.19433759406264942	0.0023382031425711017
352000	-1545.0936887632	-1389.8135843248406	-155.2801044383594	0.09700037808807595	0.04218894969964324	0.137427005859633	0.005733454981452939
353000	-1541.8151690122206	-1391.5345643363457	-150.28060467587483	0.11117995778307332	0.10496501880272024	0.10807311914289172	0.0052017004835120005
354000	-1542.504531447427	-1390.7172868130142	-151.78724463441284	0.05803329170675827	0.09135863181488137	0.13790577469003945	0.0016021188817987068
355000	-1541.3531295248356	-1391.0416531893386	-150.31147633549696	0.1294308463579179	0.07321408350997534	0.12243189295230578	0.002209991295755418
356000	-1543.6373389380944	-1391.198386998171	-152.43895193992344	0.05827798190472557	0.08678949286697685	0.11636364330228867	0.0028758423700418418
357000	-1541.5355821461626	-1390.5149504137248	-151.02063173243786	0.09637806588285065	0.0762851522664531	0.10990107209693627	0.003557605418810995
358000	-1542.5217292815505	-1391.373661439866	-151.14806784168434	0.16301457171116687	0.10182980112552621	0.11885360831316341	0.00494751822296296
359000	-1541.1481424056226	-1388.9967947109017	-152.15134769472098	0.1251983911939043	0.06833608534900287	0.17150375873848714	0.00358887508246731
360000	-1542.0429756359708	-1390.4957122259414	-151.5472634100296	0.11738922131971906	0.12361448806217475	0.18332043755421776	0.005032162416789442
361000	-1543.4149941582446	-1394.807732593946	-148.60726156429862	0.1186282390133959	0.09207655244333966	0.10032292367659328	2.3219320758530407E-4
362000	-1541.6036469852982	-1391.97715782077	-149.62648916452818	0.09315564792888983	0.11880813505796393	0.0994927889389495	0.0027353586029296123
363000	-1542.9650270640172	-1392.430558264867	-150.53446879915035	0.06903146528714629	0.14083755437353696	0.14345386208603814	8.069008161568285E-4
364000	-1544.0279771949804	-1392.5356067175987	-151.4923704773816	0.08132508412666316	0.08794680582873393	0.07784928032356914	0.001985132949871919
365000	-1547.7242292699182	-1387.8490639429401	-159.87516532697796	0.15582947547815315	0.03723916209655504	0.22339644868888772	0.0023961419803496995
366000	-1541.7797934645369	-1391.674731931094	-150.1050615334429	0.07640496095687946	0.1338635939488807	0.1231343874715118	0.0016223627305909894
367000	-1542.6926934075586	-1391.0473182287865	-151.64537517877227	0.12485202102858191	0.09235801803463452	0.17477581139660356	0.0017630299055472504
368000	-1542.2618317838285	-1392.1951372499486	-150.06669453387983	0.11218976712048635	0.10926391189138707	0.0960089569331638	0.004419483738279901
369000	-1546.2231861993816	-1393.589127732134	-152.6340584672475	0.12654230811051048	0.10492204386077034	0.14849062151837955	0.012526647165577528
370000	-1542.4278307961622	-1388.8234482222847	-153.60438257387753	0.09576385746014328	0.051197418814839676	0.14199755840519443	0.003738594750882952
371000	-1541.4249855049343	-1391.3922953188314	-150.03269018610285	0.12987358363762733	0.14172459940852442	0.13675519063901084	0.003500076958508069
372000	-1542.9828618970382	-1390.175248243343	-152.80761365369523	0.08329871429305642	0.060872433438323235	0.13702443211334633	0.004662718525760835
373000	-1544.5634098878536	-1389.7372500548397	-154.826159833014	0.10553492011069013	0.07731360906171164	0.24403943857535587	0.0029046708857035862
374000	-1540.7329709026908	-1390.7427494451135	-149.99022145757735	0.09940680089710222	0.10759972868258683	0.133753550125489	0.00415490184345032
375000	-1546.6242407340158	-1390.2155446457955	-156.40869608822018	0.10936871989366938	0.060689380782426236	0.10642965625187667	0.0035026570859907286
376000	-1541.2157212258132	-1389.6493237707882	-151.56639745502505	0.12978274508022472	0.06508064010090482	0.12771226105165778	0.004059297173249164
377000	-1542.1529413358912	-1390.1675311168835	-151.98541021900775	0.11378484302864482	0.06157048869953705	0.10866751376732817	0.004230069450947349
378000	-1542.3021190652992	-1389.7344347935448	-152.5676842717543	0.1048269094736876	0.06026441649414604	0.13428356916078882	0.005404529161181538
379000	-1543.3387180219281	-1390.196385701956	-153.14233231997227	0.10128233273610539	0.060698139762190774	0.11886287503002152	0.005389526175174786
380000	-1542.5330826200397	-1391.890348518742	-150.64273410129783	0.1637873774496974	0.09964511622045885	0.11264527638838524	0.004089535794524055
381000	-1543.0741535300483	-1392.1556002534426	-150.91855327660565	0.0952797975788684	0.10202458489229607	0.13672816825804146	0.00682593736148154
382000	-1542.6549566501485	-1392.209134302495	-150.44582234765366	0.0908730619933409	0.13887947571552314	0.16636925775204042	0.0010835176537442675
383000	-1542.254986375895	-1390.6199430967795	-151.63504327911548	0.08200158965923895	0.10827344590450276	0.1539314815052393	0.0028032329546314825
384000	-1544.4324959080923	-1391.2513097615479	-153.1811861465443	0.06597981282333934	0.06567939127527463	0.10216813803992433	0.003915804235337529
385000	-1543.1698644159067	-1392.6494997650293	-150.52036465087727	0.07918561199536814	0.16486242060074668	0.11194427043978512	0.0011916881399369498
386000	-1540.6606429938515	-1390.0501542783963	-150.61048871545523	0.09892784832600429	0.08020329103015207	0.14067932911003994	0.002741973498895355
387000	-1542.4667305251735	-1391.5226913726215	-150.94403915255208	0.08900141511231534	0.07959675830685484	0.09135771585657514	0.0024771068996314654
388000	-1541.4771450200897	-1389.020076748432	-152.45706827165765	0.15142877300221555	0.06874304343685891	0.15399823510731472	0.005028755478060107
389000	-1542.6708603440761	-1388.7363317656814	-153.9345285783948	0.10856256791100502	0.053236035662958356	0.17199895616359456	0.0026431252792601372
390000	-1541.122225487308	-1390.1030062799484	-151.01921920735967	0.08051428242912041	0.08176832627735958	0.14348016427726235	0.0026459763084220175
391000	-1541.4131736961567	-1390.7415459141655	-150.67162778199113	0.07531899243149255	0.10376536888217537	0.15848396371579135	0.0019056134648339257
392000	-1544.316969932119	-1391.5501688144868	-152.76680111763227	0.0839005247910758	0.06175616576826006	0.09175634101926815	0.0014743763885600649
393000	-1543.3823890799695	-1391.9390715263003	-151.4433175536691	0.11538556881043877	0.07675476590927192	0.12531082469591076	0.0012953203170567092
394000	-1541.7878365522647	-1389.5340581427445	-152.25377840952032	0.10983718534266441	0.07327393208398908	0.1504571827119802	0.004740145242791755
395000	-1545.1392156606387	-1391.40670580505	-153.73250985558857	0.1301196644344554	0.059839566746925324	0.11972254771023623	0.0015385626432330615
396000	-1544.078124505538	-1388.825178786482	-155.25294571905604	0.12429381816803436	0.04101814540035576	0.12579802631238465	0.0028618138359994146
397000	-1543.9873635334304	-1390.193605387568	-153.79375814586254	0.14590329951290035	0.09526201276431431	0.14595025023689565	0.004092697482933382
398000	-1541.4254849709134	-1392.177053364283	-149.2484316066304	0.09764561366174479	0.09805614756467475	0.10255173037768311	0.00170686297214439
399000	-1541.1413135842035	-1390.8359238290982	-150.30538975510527	0.09791299378358895	0.0782763698116338	0.13987697240135671	0.0016864423719522878
400000	-1544.176154179511	-1391.751841717375	-152.42431246213593	0.10605560275442132	0.14539355682591085	0.12444583351970902	0.0026201570147454116
401000	-1543.6590880092665	-1387.7135252436444	-155.9455627656221	0.12165687176589735	0.03895239309895874	0.16422593274191782	0.0038476293796123823
402000	-1545.0543991265208	-1389.4478183772032	-155.60658074931752	0.06228346640583762	0.04555944602622343	0.14874854807402058	0.0013979724021093865
403000	-1542.7215166143883	-1389.330465963873	-153.3910506505154	0.10862834669286321	0.05833752567992059	0.13071822505108785	0.004519394221146169
404000	-1544.6892058050385	-1392.5337531421915	-152.15545266284707	0.07488369516081132	0.0900568806947633	0.1213592420815009	0.005449892385427864
405000	-1543.031767997274	-1388.4084660854128	-154.62330191186138	0.10346529326661151	0.04485072916322023	0.15335496666878753	0.004224383110908419
406000	-1544.7065301012287	-1393.025375699947	-151.6811544012817	0.13028898127954394	0.08206668386999454	0.0845567048295171	0.006597764000242601
407000	-1542.5484860075053	-1392.402946906077	-150.14553910142828	0.08491791881153078	0.14444554201492546	0.09673133976947976	0.002165410064480759
408000	-1542.548399526207	-1390.0397535645616	-152.50864596164558	0.09599696929693113	0.06769198702460111	0.15781862810990036	0.0053020922949570705
409000	-1542.2550390946535	-1390.781930147472	-151.4731089471817	0.08104527929373834	0.07600778529425707	0.11454339363852117	0.004227114946465897
410000	-1540.9623622693298	-1391.6208575484811	-149.34150472084875	0.09893161722418506	0.11014101508756415	0.11100387861235533	0.0024020877563061685
411000	-1541.285863819883	-1390.135832912754	-151.1500309071289	0.1204450153090674	0.0636878928256084	0.13362940240493237	0.0023098973781411863
412000	-1542.3739672473318	-1390.5278690421649	-151.84609820516695	0.11109339928211932	0.12701547222644133	0.17869037256577486	0.0037889593078978987
413000	-1542.6412912269868	-1390.1440379056003	-152.49725332138658	0.11564591017586169	0.09916684806507434	0.18877183620932755	0.005468819057591739
414000	-1542.1547278569446	-1390.5354514653222	-151.61927639162246	0.10966619710266887	0.09053840223131586	0.1234521902306873	0.003698015019096511
415000	-1541.9899363703867	-1392.538844098974	-149.45109227141262	0.1329820380575333	0.08262975996187943	0.12185610710304008	0.0012288670224583375
416000	-1542.387145573665	-1391.1244078002508	-151.2627377734144	0.06056105849712983	0.11151675155228431	0.14993661244671064	0.0013850912973474864
417000	-1541.8309822509532	-1390.6507526706237	-151.18022958032952	0.07034152670932922	0.08635312096868022	0.12302617352252412	0.0029665302206959817
418000	-1544.2980968734248	-1392.1847835164826	-152.11331335694226	0.05699731238369171	0.14064951570559145	0.08522051218501822	0.0015850559765653188
419000	-1541.2649148949702	-1390.633999122259	-150.63091577271118	0.10838676914598669	0.09784714109381613	0.12585003171434536	0.0038414913456373163
420000	-1541.770728115765	-1391.287238616439	-150.483489499326	0.06765538867400024	0.11016209815607891	0.12469137404039357	0.0015157956936016302
421000	-1541.2585501355638	-1391.7235880132473	-149.53496212231659	0.09001623822768279	0.08576123973363738	0.13472219286872986	0.0011621365170291426
422000	-1541.7089064116967	-1390.8402337910393	-150.86867262065738	0.0747743331065338	0.09111971988720186	0.12161960992017859	0.0033872189335533956
423000	-1543.416470514032	-1392.0907181741009	-151.32575233993106	0.07674220623479511	0.07884019466540589	0.08459036388664355	0.001522682886908695
424000	-1542.9146765630721	-1390.0234885407567	-152.89118802231548	0.10335191112466595	0.09434756413087064	0.21488404757623275	0.0033212355779103564
425000	-1543.5404513925469	-1389.8793943097464	-153.66105708280048	0.16541958559389633	0.09026908041642559	0.21539260042256417	0.002975040745588489
426000	-1541.7946034065715	-1391.885248408444	-149.90935499812736	0.10151098039727298	0.10001371210653803	0.12452684978016242	0.0014995343919433288
427000	-1543.628200325144	-1390.9039489740092	-152.72425135113477	0.05476793594541956	0.07384872668920207	0.12508954903637928	0.0010942245149536422
428000	-1545.0183269373879	-1389.9249159046994	-155.0934110326884	0.06514072759133452	0.04988307221648956	0.09466146047544143	0.002229386089472012
429000	-1544.5180035296494	-1392.3437424363851	-152.17426109326433	0.05914640386907041	0.10288041649047816	0.07501631375493421	0.0015010639639795062
430000	-1540.8496960510445	-1390.914865845211	-149.93483020583363	0.09321027301107189	0.11042238988870201	0.12811990576432897	0.003816862473324915
431000	-1541.9724173896568	-1390.3284579633596	-151.6439594262973	0.11611842017188362	0.07778432484138671	0.1415804296715122	0.002411051337173309
432000	-1542.3947950539018	-1390.6468047367357	-151.74799031716609	0.08312788897033835	0.06757354091066643	0.10579772215300919	0.0020355026117289915
433000	-1541.3871371881946	-1389.8120342997743	-151.57510288842045	0.10357213913252628	0.08861249997702496	0.17374052391547906	0.0038239026053617526
434000	-1543.4820776614438	-1391.0445099489934	-152.43756771245023	0.1330165968068994	0.08256228792440935	0.10868823364859824	0.004856632102801068
435000	-1542.227154804907	-1392.1508816290957	-150.07627317581137	0.11659177145938793	0.13473110083543402	0.10691057442085897	0.0036846994217825677
436000	-1542.5015363037355	-1390.2464508241576	-152.25508547957793	0.12919907672478506	0.06350823200989386	0.11822342330097106	0.0030450130289209737
437000	-1541.1850125753808	-1391.3408951584947	-149.8441174168861	0.12370869202769967	0.08769975001803862	0.1096662218244262	0.0030951839486711096
438000	-1543.8226449119024	-1392.7382356018989	-151.08440931000368	0.07531328813482344	0.13366066917923208	0.10145535182368126	0.00455305131408694
439000	-1542.280167536179	-1390.8272148549283	-151.45295268125076	0.06563950283222088	0.09709835417702682	0.12090444363537976	0.0023007329086742966
440000	-1541.138186127397	-1390.1803896454644	-150.95779648193252	0.14906085385904155	0.10436255907262287	0.15322124250709765	0.004441161026855343
441000	-1544.9600735146275	-1389.4007178397546	-155.55935567487296	0.21786093541394683	0.08405620659570882	0.16571900455594954	0.005475240812678764
442000	-1542.4206392442513	-1389.5190056457573	-152.90163359849407	0.10522499106548314	0.07992851221622008	0.20245490348307005	0.003588118178062533
443000	-1544.807475253967	-1391.077933574752	-153.72954167921498	0.09294819727833689	0.09736754283328035	0.14021082558718476	0.00525229203020844
444000	-1540.6839796419579	-1389.7427189659886	-150.94126067596935	0.12230154533315428	0.08036689231901888	0.14150150119456362	0.0045829686359739495
445000	-1543.9337092191613	-1391.8717988758663	-152.06191034329498	0.06134475578844408	0.16989928186313263	0.12970344184541133	0.001221058960302908
446000	-1544.7116578046093	-1391.4659489776288	-153.2457088269804	0.183937913454199	0.12268762146364837	0.12509474711302873	0.009960669974277706
447000	-1540.886235462954	-1390.0348475510934	-150.85138791186037	0.09601410824042972	0.07794283251185072	0.1517261409777744	0.0023445363721170957
448000	-1542.6150673245443	-1390.1492791681349	-152.46578815640936	0.1530900990282003	0.10960676481031598	0.20523160250798797	0.003303677946801359
449000	-1541.1881901803565	-1391.9721916428034	-149.21599853755316	0.10780107630895794	0.08603978714171381	0.11491381466283367	0.0015119027274982544
450000	-1544.1430363777135	-1388.3337443688465	-155.8092920088671	0.10401730131548717	0.03870943218532594	0.12980804126674295	0.0034543684641399758
451000	-1541.2905107355368	-1391.4279784990688	-149.86253223646807	0.07589628401534891	0.12244094965868911	0.11992292631237904	0.001855093522246486
452000	-1542.7041215644658	-1393.221707895122	-149.4824136693438	0.08139170997382264	0.09182394931223713	0.103282106290124	6.687726648518209E-4
453000	-1541.362297801633	-1390.9919861322692	-150.3703116693639	0.08268829016467354	0.09112829368937776	0.13195484154454018	0.0016859850846782014
454000	-1541.694546773742	-1391.6777613091986	-150.0167854645436	0.08606897551668734	0.09084460121948305	0.09635618453995344	0.002085024558013738
455000	-1542.04768998517	-1390.3602698797342	-151.68742010543576	0.1285590700894231	0.0663003473668104	0.1614325518742657	0.0018522383602254204
456000	-1543.4350305962678	-1389.7945978375901	-153.6404327586777	0.07458047082886725	0.06960226763913967	0.17765933505997944	0.002219880999436684
457000	-1544.4343069381698	-1391.5013535174644	-152.93295342070536	0.08346826886899088	0.06537818450066969	0.08413030961584826	0.004047421802381427
458000	-1541.6182120944336	-1390.43668954827	-151.18152254616368	0.1118224761638777	0.0827801430353324	0.13772320888729964	0.00614301368307313
459000	-1543.4725342352044	-1393.275863430755	-150.19667080444935	0.07495613437080675	0.08195895984878743	0.09627304261913615	6.004808580229123E-4
460000	-1543.6437686873053	-1390.6179555482654	-153.02581313903997	0.14143418497353813	0.060452209341844206	0.14658775683285719	0.0017690537615165688
461000	-1541.2824005230448	-1390.0143048918042	-151.26809563124056	0.0972554184602442	0.09163643480300575	0.1748428501340888	0.00295781182313579
462000	-1545.4173080741	-1390.6025681459707	-154.8147399281292	0.07910478077014113	0.05548705877500969	0.09706158317293481	0.004121206221625852
463000	-1545.032923714265	-1388.863425601037	-156.16949811322797	0.186843982691344	0.09289323170809549	0.20090015701292926	0.006457518366189317
464000	-1541.977821042567	-1392.8248004151185	-149.1530206274485	0.1010010251259769	0.12934630780696707	0.10024050092291992	0.001700214279132049
465000	-1540.7543500277343	-1390.5583858165733	-150.19596421116094	0.1351229528988535	0.10328571505638363	0.13665612227114962	0.00413484602887182
466000	-1540.646041805972	-1390.1901868435643	-150.4558549624076	0.11099187781530812	0.07394607684805966	0.12771663458913948	0.0028190679381099363
467000	-1542.531110725108	-1391.6779869789605	-150.85312374614742	0.09675448302011148	0.08898505536498355	0.10879854577207518	0.005937675020139063
468000	-1544.2594421588863	-1391.2006448457537	-153.05879731313263	0.07391295816635075	0.05292567751041494	0.12120700017764073	9.340975422795069E-4
469000	-1542.7432110291059	-1391.061732663335	-151.68147836577077	0.0776917849723285	0.08047850114284079	0.14844076325526026	0.001258165701507674
470000	-1542.5163720461023	-1389.5678977756052	-152.94847427049714	0.11694877894269759	0.07149406051575005	0.13875218668714712	0.0037725974103506098
471000	-1542.4463739681732	-1391.519401579459	-150.92697238871412	0.07137978612989584	0.13388529139376704	0.12336469620501427	0.0030601505375444722
472000	-1541.1994168431625	-1389.457105985258	-151.74231085790433	0.1062151265223111	0.07430184688172159	0.1566419545121346	0.003463086988178811
473000	-1543.0138597853954	-1392.674531725072	-150.3393280603234	0.09423226513671178	0.12517977824880935	0.13165445911443022	9.833175052278034E-4
474000	-1542.6027616049525	-1393.7079680848897	-148.89479352006288	0.1213283302968147	0.08653266008867973	0.1428695068330901	4.343377205739804E-4
475000	-1541.5509037575628	-1391.9339788713912	-149.61692488617157	0.08170879985592919	0.1015029504588996	0.12798314340361083	0.001139211702863068
476000	-1541.0149852499087	-1390.4539417207475	-150.56104352916128	0.09265806018063596	0.07101968635945051	0.12420474158718701	0.0020283779880972937
477000	-1542.0292855552543	-1390.7415315097276	-151.28775404552675	0.06686727879647719	0.08932004343238416	0.13206200694267922	0.001654789982809678
478000	-1542.355661427282	-1389.9757669516239	-152.37989447565806	0.07103315603987075	0.06547477771672992	0.12000856554362403	0.0027381960452611555
479000	-1541.6695378837708	-1390.6422933561416	-151.02724452762916	0.13561919788308396	0.07342972014612498	0.11240618172394753	0.004218763764066401
480000	-1543.8455738048265	-1388.6345959820633	-155.21097782276328	0.12704804518500765	0.054339429515135214	0.2115604572537805	0.0026929415354395056
481000	-1541.2800176047197	-1389.850773353935	-151.4292442507847	0.0842345310287961	0.07406121213525448	0.13983778549033618	0.002900965413179192
482000	-1541.7697935337264	-1390.3119980084095	-151.45779552531678	0.11327702037809112	0.10236598927908933	0.15227741449878043	0.005026995678849401
483000	-1545.7140468999128	-1391.2622951793087	-154.45175172060402	0.03647504864177283	0.10413578696242076	0.12535735786470442	8.560891316302945E-4
484000	-1540.4020150650347	-1390.8365416222728	-149.56547344276183	0.10490859681107481	0.09579694831150584	0.14060877907438843	0.00220434846263842
485000	-1546.4941091451794	-1390.4275638112388	-156.0665453339407	0.17493614414215966	0.04768232547499335	0.11442026729186228	0.0064917763984320065
486000	-1542.1619850007173	-1392.051073605591	-150.11091139512624	0.14786269297836033	0.09579065432579212	0.10905350187853516	0.003110770028967667
487000	-1545.056320018947	-1390.2765761619662	-154.7797438569807	0.05647108236951997	0.056796837898095094	0.13363634481503742	0.0028171373451494927
488000	-1543.059940000855	-1390.3692100411145	-152.6907299597406	0.07353381522068204	0.07163829676852823	0.10976208673512156	0.002391398674364398
489000	-1545.0623107566664	-1393.381823980096	-151.68048677657052	0.074807522521879	0.14860730188893084	0.08838102792176544	9.662409342002412E-4
490000	-1543.3931196979106	-1389.6415069370728	-153.7516127608378	0.0879330203757053	0.056311477862622264	0.18888825505395807	0.001693765449659826
491000	-1543.49056875201	-1389.480817801555	-154.0097509504549	0.1329239766605997	0.0852487450511023	0.19576065326787176	0.00626661020930538
492000	-1540.6866876613915	-1391.0859865331608	-149.6007011282306	0.11169360453144969	0.11453336001622483	0.12399654317243429	0.003628495530338945
493000	-1543.9984043151348	-1393.9553640466625	-150.0430402684725	0.09517864031983451	0.08148055708160114	0.07921861900889496	7.84458112059412E-4
494000	-1543.1215924996047	-1392.285593136565	-150.8359993630397	0.08659843828189	0.06709723743654554	0.09355843142931847	0.0011058496668460397
495000	-1544.8358153091851	-1391.1766902859786	-153.65912502320649	0.13033105293505076	0.049863800299179244	0.10001125241681737	0.0019926432181888117
496000	-1541.4826154620853	-1390.4581117744397	-151.02450368764562	0.09462852711096549	0.10648016097226118	0.15891905139913914	0.002833878285854681
497000	-1541.6120550933435	-1391.7810006773707	-149.8310544159729	0.0819956117413447	0.10506422541118639	0.1063981017653318	0.0016741749660754773
498000	-1543.5188380204902	-1392.8558187264525	-150.6630192940376	0.07851763865058256	0.11355594339722003	0.07847618798163544	0.001975661448698109
499000	-1542.0087406226971	-1391.3468335628454	-150.66190705985184	0.08299956225384791	0.14201334140974115	0.12981493913018377	0.0025234526298604986
500000	-1541.4207912518418	-1391.5566101033037	-149.86418114853822	0.07528387592381226	0.11292876926616362	0.11512219640019163	0.0016210250795757404
