#
#model:
#
#<?xml version="1.0" encoding="UTF-8" standalone="no"?><input id="posterior" spec="beast.core.util.CompoundDistribution">
#    <distribution id="prior" spec="beast.core.util.CompoundDistribution">
#        <prior id="lambdaPrior.bfd" name="distribution">
#            <parameter id="lambda" lower="0.0" name="x" spec="beast.core.parameter.RealParameter">0.01</parameter>
#            <Gamma id="Gamma.0" name="distr">
#                <parameter estimate="false" id="RealParameter.1" name="alpha" spec="beast.core.parameter.RealParameter">2.0</parameter>
#                <parameter estimate="false" id="RealParameter.2" name="beta" spec="beast.core.parameter.RealParameter">200.0</parameter>
#            </Gamma>
#        </prior>
#        <distribution id="snapprior.bfd" lambda="@lambda" spec="snap.likelihood.SnAPPrior">
#            <parameter estimate="false" id="alpha" lower="0.0" name="alpha" spec="beast.core.parameter.RealParameter">11.75</parameter>
#            <parameter estimate="false" id="beta" lower="0.0" name="beta" spec="beast.core.parameter.RealParameter">109.73</parameter>
#            <parameter estimate="false" id="kappa" lower="0.0" name="kappa" spec="beast.core.parameter.RealParameter">1.0</parameter>
#            <parameter id="coalescenceRate" name="coalescenceRate" spec="beast.core.parameter.RealParameter">10.0</parameter>
#            <tree clusterType="upgma" id="Tree.bfd" nodetype="snap.NodeData" spec="beast.util.ClusterTree">
#                <taxa dataType="integerdata" id="snap.bfd" spec="snap.Data">
#                    <taxonset id="ant" spec="beast.evolution.alignment.TaxonSet">
#                        <taxon id="Amotape_B67243.Tumbes.Amotape" spec="beast.evolution.alignment.Taxon"/>
#                        <taxon id="Amotape_B67257.Tumbes.Amotape" spec="beast.evolution.alignment.Taxon"/>
#                        <taxon id="Canchaque_B72873.Piura.Canchaque" spec="beast.evolution.alignment.Taxon"/>
#                        <taxon id="Canchaque_B72878.Piura.Canchaque" spec="beast.evolution.alignment.Taxon"/>
#                        <taxon id="Porculla_B72863.Piura.Porculla" spec="beast.evolution.alignment.Taxon"/>
#                        <taxon id="Porculla_B72866.Piura.Porculla" spec="beast.evolution.alignment.Taxon"/>
#                    </taxonset>
#                    <taxonset id="bar" spec="beast.evolution.alignment.TaxonSet">
#                        <taxon id="Carpish_B72761.Huanuco.Acomayo" spec="beast.evolution.alignment.Taxon"/>
#                        <taxon id="Carpish_B72772.Huanuco.Mitotambo" spec="beast.evolution.alignment.Taxon"/>
#                        <taxon id="Quichas_B72777.Lima.Quichas" spec="beast.evolution.alignment.Taxon"/>
#                        <taxon id="Quichas_B72778.Lima.Quichas" spec="beast.evolution.alignment.Taxon"/>
#                        <taxon id="Huamatanga_B72889.Lima.Huamatanga" spec="beast.evolution.alignment.Taxon"/>
#                        <taxon id="Huamatanga_B72892.Lima.Huamatanga" spec="beast.evolution.alignment.Taxon"/>
#                        <taxon id="LaQuinua_B72753.Pasco.LaQuinua" spec="beast.evolution.alignment.Taxon"/>
#                        <taxon id="LaQuinua_B72756.Pasco.LaQuinua" spec="beast.evolution.alignment.Taxon"/>
#                    </taxonset>
#                    <taxonset id="cur" spec="beast.evolution.alignment.TaxonSet">
#                        <taxon id="curtata_cra.cur.B6032" spec="beast.evolution.alignment.Taxon"/>
#                        <taxon id="curtata_cra.cur.B8175" spec="beast.evolution.alignment.Taxon"/>
#                    </taxonset>
#                </taxa>
#                <parameter id="RealParameter.0" lower="0.0" name="clock.rate" spec="beast.core.parameter.RealParameter" upper="0.0">1.0</parameter>
#            </tree>
#        </distribution>
#    </distribution>
#    <distribution id="likelihood" spec="beast.core.util.CompoundDistribution">
#        <distribution data="@snap.bfd" id="treeLikelihood.bfd" non-polymorphic="false" pattern="coalescenceRate" spec="snap.likelihood.SnAPTreeLikelihood" tree="@Tree.bfd">
#            <siteModel id="MutationSiteModel.bfd" spec="beast.evolution.sitemodel.SiteModel">
#                <parameter estimate="false" id="mutationRate" name="mutationRate" spec="beast.core.parameter.RealParameter">1.0</parameter>
#                <parameter estimate="false" id="shape" name="shape" spec="beast.core.parameter.RealParameter">2.0</parameter>
#                <parameter estimate="false" id="proportionInvariant" name="proportionInvariant" spec="beast.core.parameter.RealParameter">0.0</parameter>
#                <substModel coalescenceRate="@coalescenceRate" id="MutationModel" spec="snap.likelihood.SnapSubstitutionModel">
#                    <parameter estimate="false" id="u" lower="0.0" name="mutationRateU" spec="beast.core.parameter.RealParameter">1.0</parameter>
#                    <parameter id="v" lower="0.0" name="mutationRateV" spec="beast.core.parameter.RealParameter">1.0</parameter>
#                </substModel>
#            </siteModel>
#        </distribution>
#    </distribution>
#</input>
#
Sample	posterior	likelihood	prior	theta0	theta1	theta2	theta3	theta4	TreeHeightLogger
0	-1617.6076658487968	-1364.970041932947	-252.63762391584996	0.08119121943113065	0.050845294542177843	0.043338086672108936	0.11635959128111775	0.17945146629309852	0.0027657738397080505
1000	-1612.9371769845964	-1364.9221523557094	-248.01502462888706	0.08303840529927634	0.07667321421206819	0.08285703543045304	0.1259152409261775	0.19184259267821166	0.0062476156128467835
2000	-1611.7898288943568	-1366.6224571171192	-245.16737177723766	0.11940819512761751	0.09768204307340227	0.11902860094003859	0.11134429032244353	0.17544496556312975	0.0050902803511800945
3000	-1615.084937483253	-1368.6981980234832	-246.38673945976979	0.11104395747006095	0.08062292481507957	0.15013376333373907	0.09242684850007474	0.14226430005057353	0.0046693732749480245
4000	-1611.730242873665	-1367.4719530416428	-244.25828983202217	0.07281292349647907	0.09038079842915235	0.11389284728650174	0.11668199532524465	0.13045239675603193	0.0037756542420816367
5000	-1611.4914366919743	-1365.4484729435176	-246.0429637484566	0.10485140129296255	0.08988419478916598	0.10178206318847881	0.14043964892495295	0.1804045727225355	0.005502412204616741
6000	-1612.7951111341015	-1365.3068553279345	-247.4882558061669	0.1014821656374038	0.10249348151019554	0.09006490830909386	0.07411817522505974	0.17805105495258042	0.004739472546712279
7000	-1612.4665003149692	-1366.0989702291322	-246.36753008583688	0.08776581696808565	0.12199217247716297	0.11443979175276989	0.05581235279435142	0.13427802899260738	0.004057670309004118
8000	-1612.5617244208702	-1368.248086569349	-244.3136378515211	0.10882804402519922	0.1065019464479666	0.09305964468327313	0.10395861810701017	0.11326824314461202	0.00619081901577463
9000	-1616.985152751844	-1364.9505294649941	-252.03462328684984	0.10347812292518546	0.09144732993192861	0.04572918030917692	0.09702099032387902	0.22393195252991885	0.00688170812229314
10000	-1616.4940582866134	-1368.3068886456676	-248.18716964094568	0.07328767870080415	0.10108647191951756	0.12569745907007226	0.15852254464562374	0.11863173644312641	0.014271969148352937
11000	-1616.696464427937	-1371.024728609265	-245.67173581867203	0.11586965620929367	0.13225774402160312	0.1162874491987969	0.10175483497884397	0.1010334289314265	0.010826136067956914
12000	-1612.649854296225	-1364.563788054655	-248.08606624156985	0.0958633282484382	0.10145630619343242	0.060302658359850776	0.07853266610216618	0.18076598961123597	0.0039450092500260886
13000	-1616.6902289046952	-1366.5728613601796	-250.1173675445156	0.1413870678673215	0.12020912960342384	0.08177320689414085	0.050233955846335575	0.15082794478372688	0.005147845897815351
14000	-1614.9115135673849	-1367.1460583712578	-247.765455196127	0.07349168780100314	0.08346143962429824	0.12644328554665188	0.09359593923836407	0.18492822168013995	0.006541067285841327
15000	-1612.8921110513384	-1364.2599106396551	-248.63220041168316	0.07006524546436693	0.06362974006127216	0.07499700819261526	0.09343117996011076	0.17550036124411506	0.0037370546787849806
16000	-1615.379130740202	-1366.15332342978	-249.22580731042225	0.10056993309537629	0.13935649590132249	0.048953011630800874	0.1687341252795813	0.11711643098602444	0.006898395335711994
17000	-1618.3751387915522	-1366.987096797328	-251.38804199422424	0.04200798341049664	0.06260162292076402	0.08844144526595837	0.15884583408394196	0.10873665546282277	0.002976538491874776
18000	-1614.1661275410952	-1366.4118147301406	-247.7543128109547	0.09828513486736319	0.10969187725997152	0.17318411125047908	0.09950496122426623	0.2131476500817177	0.004206370094194784
19000	-1620.4748564237202	-1369.4475843952666	-251.02727202845364	0.05449039921054121	0.06314035368570091	0.08676229901518054	0.07529938002722152	0.095526379092302	0.006232992158516453
20000	-1612.2816837652545	-1367.9129465100464	-244.36873725520815	0.09103988084684339	0.11534832292502564	0.10828321982146051	0.0921373814467868	0.12277946854722323	0.0037061140102505933
21000	-1613.4291606330025	-1365.4916917289547	-247.93746890404782	0.13778634822848118	0.06278037654624744	0.12925718173749187	0.1030011899872122	0.1990602861028082	0.005124313363674753
22000	-1612.805864190528	-1366.0172636789875	-246.78860051154044	0.09037512388768622	0.16921953923284463	0.10945529640144194	0.08038066947466263	0.1688634530728421	0.004921111945531431
23000	-1615.3631337503089	-1369.232446757691	-246.13068699261805	0.06098537861839299	0.13683230289799497	0.09969679866222787	0.13233373484284486	0.09454747774316503	0.004223900564171905
24000	-1612.0714299526405	-1364.3078084578465	-247.7636214947941	0.09198769610402487	0.07608536201856969	0.06243420918927205	0.13681399733168262	0.17048223214113115	0.0041039121028806766
25000	-1615.586089138512	-1366.192957959764	-249.39313117874795	0.06552653747352181	0.0748113265070766	0.14406149727946949	0.05117830140549601	0.15650868301925097	0.0027033081965894706
26000	-1614.8885675548504	-1364.7108594585654	-250.17770809628485	0.11427955308198276	0.0948629393202774	0.06377120332361128	0.07514510096002816	0.14243734360594965	0.0053561398479303
27000	-1612.9257490880389	-1368.4820582416053	-244.4436908464335	0.08067655314308754	0.10407210239921079	0.0722975228317602	0.10473120740148345	0.13052638401350153	0.0026146490355086773
28000	-1617.1388901443388	-1369.2067083443244	-247.93218180001438	0.05591178144914183	0.08247948339812483	0.07282506072222018	0.07889126403496227	0.13287417699794593	0.0019071373243152838
29000	-1612.8880500686817	-1367.6438960311825	-245.2441540374991	0.12517945870019034	0.1149478528513887	0.12778653568612108	0.09359403598213006	0.1377008393332478	0.007518158777485949
30000	-1611.4481593892183	-1366.2755521883996	-245.17260720081873	0.09509185954876864	0.12284522696563216	0.1042332387604041	0.125593590707745	0.14890030707029456	0.007193464966504333
31000	-1612.3865273709123	-1364.3509628761524	-248.03556449475994	0.07583522169160707	0.09806913051986806	0.07340460608313297	0.13215192947870014	0.19221412689001402	0.0049164567166620245
32000	-1616.2180112691858	-1367.5537454988826	-248.6642657703033	0.0874608569780459	0.08936739853400573	0.060840189031340794	0.05320003749473885	0.12793655928159167	0.00365323983212455
33000	-1611.6693464120867	-1366.5205306659514	-245.14881574613526	0.12913694175089313	0.12844218644403088	0.0997322318549263	0.1347276606581822	0.17902904387519203	0.005566409280886338
34000	-1611.5742919527158	-1365.2526328286608	-246.3216591240551	0.08675413075579516	0.1071042525232853	0.0612759798442548	0.1413446861999895	0.13206590387393008	0.004308666185560398
35000	-1619.1742373233574	-1366.0774818281536	-253.0967554952038	0.061565695702859295	0.07013434552063011	0.037376248804991075	0.10241356438967991	0.0995448663824154	0.005086296964252472
36000	-1612.0816487775344	-1365.406096991753	-246.67555178578138	0.08232092636371803	0.08193533745451553	0.06184274651537418	0.11893827668820273	0.12938402609026164	0.0038700223372889636
37000	-1618.0650186871196	-1366.3581156269067	-251.70690306021282	0.0506984484787189	0.06479467908014909	0.05190974835847757	0.10176560933977702	0.0988108708583931	0.0036225030581689
38000	-1616.664184785574	-1367.5788547908678	-249.0853299947061	0.07879741611709047	0.11909104273971678	0.07637919168303739	0.15784933366875895	0.1398568220065416	0.0038639313882784633
39000	-1617.936213014015	-1366.706889187717	-251.229323826298	0.1218573003802511	0.13129877172731433	0.04520192279206948	0.05542600343875299	0.12327997347527768	0.0033593611542543558
40000	-1613.7013401118434	-1368.5853956283404	-245.11594448350291	0.16039768973335058	0.07560341587568623	0.11736233374069821	0.10925919677106326	0.1334835099376855	0.005560190818465774
41000	-1611.8707157362128	-1364.1191045842966	-247.75161115191634	0.06916019576194059	0.10401702260970525	0.06461960171610576	0.11231169463237113	0.1593852083819425	0.005200831660530814
42000	-1610.3622234773154	-1365.8357644893877	-244.5264589879277	0.10443333761346467	0.11295751376851874	0.09906183629755377	0.09434489480984858	0.14491136152480344	0.005109922797759976
43000	-1612.2922885859825	-1365.9922342428952	-246.3000543430873	0.09804684163727567	0.07327125264878788	0.06828244391543536	0.11727042371584699	0.12349880330072754	0.005377212058257545
44000	-1612.8258491854037	-1362.9724345424647	-249.85341464293893	0.09089389546206894	0.11318157282153284	0.054454740266799494	0.0711463837773968	0.19972325742358546	0.004164998807108969
45000	-1612.3585903118542	-1363.7677310108093	-248.590859301045	0.10173702073194332	0.16847437251604827	0.06035303006092305	0.08912800618909174	0.18126753990650393	0.0047973032930758094
46000	-1615.4322472896383	-1370.8179955214757	-244.61425176816252	0.08855494945170492	0.09234356714065564	0.10613860169310822	0.08024685954660554	0.1033046273010999	0.0028987234398771124
47000	-1613.5291781013484	-1367.3550413237215	-246.1741367776268	0.06318758886742111	0.08380483511782341	0.10569202875974824	0.10736703868947658	0.11690640069149497	0.002993203604201768
48000	-1614.6973267682351	-1366.9461976745874	-247.75112909364776	0.07308884758852563	0.10525229170180009	0.06661587768115525	0.15319784223423352	0.124404475754484	0.007563459386701255
49000	-1613.6036758879443	-1367.5527105799817	-246.05096530796246	0.1759969138540599	0.13028606473491375	0.08370103287145476	0.10431313231038544	0.1252555774891702	0.005774033597534728
50000	-1612.3821947380575	-1366.6086400901459	-245.7735546479115	0.11062098131039083	0.14733787845446858	0.11119583654154075	0.09778581435134784	0.13373877027106867	0.006284230915833665
51000	-1613.457769764388	-1367.354381606056	-246.10338815833222	0.08449496749692348	0.12470144389927462	0.11354373576709838	0.151984554733891	0.13483892602836453	0.004940202854041025
52000	-1610.6937020703547	-1364.518461577768	-246.17524049258665	0.12594568533021427	0.152299312077618	0.09941499369477909	0.0981640642169245	0.18384250091162513	0.005863842894042322
53000	-1612.6622374657836	-1368.4599777381281	-244.2022597276556	0.079658680936275	0.08037108519448789	0.12109322957188365	0.11550465863697583	0.1418922815893432	0.003673006385884365
54000	-1613.5745491798398	-1364.815379432409	-248.75916974743097	0.1010917628792823	0.08431730443788531	0.05092217113089974	0.12528784496308945	0.15112311142307314	0.006542413600687989
55000	-1616.4618548010778	-1366.1030655719655	-250.35878922911232	0.19878557726353954	0.08245497858095778	0.0621886062758231	0.11706287059481724	0.14644788332577935	0.005577192386649735
56000	-1616.0503935445531	-1364.0750007176778	-251.9753928268754	0.09183617367313807	0.11593493413462533	0.058588548643636655	0.10705902376794933	0.22429172289608162	0.007805462816881991
57000	-1613.3837091075638	-1367.1972446861082	-246.18646442145572	0.08546365400056305	0.16906927627655355	0.12190768810583734	0.08236151193266664	0.16293803003441024	0.003382642147501651
58000	-1611.8613017559346	-1366.1951536501274	-245.66614810580734	0.08385706719092847	0.07313531049804659	0.1255801400207048	0.11032689565404638	0.13951222059825583	0.004573613370809848
59000	-1613.4709565877847	-1366.5241895145095	-246.94676707327514	0.08785714605996074	0.10794279503577404	0.08215794686442156	0.07412498457462835	0.13141678882445818	0.0053918690786247695
60000	-1611.3495626481774	-1366.8532776812738	-244.49628496690357	0.11761099453742746	0.0877252658806491	0.10408032816885052	0.10387645316936592	0.14896214253149065	0.005740026123071852
61000	-1614.9296531144005	-1364.1488677196057	-250.7807853947948	0.1376604852896872	0.10722623111677923	0.04408906464261185	0.10970781551593918	0.18177619285669747	0.009155109861146687
62000	-1611.7228462357914	-1366.954069315465	-244.7687769203264	0.0748941884296124	0.09899250920518354	0.09427053999513202	0.12696861858899453	0.1221357823818459	0.004001019060729274
63000	-1613.4258878758574	-1366.7408833355635	-246.68500454029387	0.08371952266036531	0.07174107760238192	0.07360167623112641	0.09893486360353673	0.1316017060089111	0.004524864170992295
64000	-1617.537979504861	-1370.1428107031684	-247.39516880169256	0.05793762155049404	0.1083842363059393	0.08552052811525412	0.1924722756431143	0.13455731376691082	0.0030547081669411234
65000	-1616.6450798412995	-1366.1836397684926	-250.46144007280697	0.04913407388542209	0.05019066029470142	0.08823348195934821	0.11594800953648625	0.12454467768393544	0.0030081801901336207
66000	-1611.9376751096918	-1365.6468133739363	-246.2908617357555	0.07658083595473116	0.07574217468118337	0.08310790463703789	0.08981087104911398	0.1389751127342528	0.004481495912352304
67000	-1614.9639333505952	-1365.4512508177168	-249.51268253287853	0.051911813216006374	0.119847102969946	0.06597800640083527	0.11900677571422859	0.15313804734964703	0.005411334296838839
68000	-1614.8749594222913	-1365.370296045572	-249.5046633767192	0.05557530457244281	0.09056053668906701	0.06903014602365416	0.10814271680334044	0.13430368389018518	0.003675059895274081
69000	-1610.9959297944065	-1364.1566035167791	-246.83932627762738	0.09851463489440311	0.11235994225139814	0.09274224533591893	0.126590926917205	0.20138061731474213	0.006499832114068085
70000	-1616.67260382072	-1363.4897092806832	-253.18289454003678	0.06419949503253389	0.08197311081641581	0.03438925558310304	0.146695457489874	0.13583346421913664	0.0038237408111922635
71000	-1615.1671707837847	-1363.8549693965108	-251.312201387274	0.08023040245591374	0.08978732866995007	0.04310608998139844	0.07258833523462695	0.15491261219780872	0.005409691357081788
72000	-1612.6163805960991	-1366.1221363535028	-246.49424424259644	0.09769000476388076	0.1047632549166499	0.08695203882206119	0.09719155767106598	0.1260870141719001	0.005088612140619392
73000	-1613.5603763432846	-1366.0984660458716	-247.46191029741289	0.07544555932011772	0.11597793442239925	0.08927742314513946	0.1696191931317684	0.1677598028815004	0.006603424676090279
74000	-1619.2414541888652	-1366.3317231666342	-252.90973102223103	0.10390168061316207	0.09219914325325786	0.053042556853145344	0.06387387254693558	0.17817077015209873	0.00409777487104967
75000	-1611.61497017987	-1367.3239308333982	-244.29103934647168	0.07984768644343725	0.10817725725197276	0.1107923655907196	0.09929909446699636	0.1306156364947279	0.0038559685800547455
76000	-1613.9580518565972	-1366.2096166831393	-247.74843517345778	0.10445288940342436	0.08637776762822773	0.0786192320715117	0.06841765830681797	0.12158053222796847	0.004223011375384728
77000	-1618.068627788149	-1368.7567143500282	-249.3119134381206	0.0778130745434092	0.09565268293817238	0.08110144507248361	0.1427773807987652	0.09920077734309195	0.009804146898038043
78000	-1615.0440691183026	-1366.0707488107091	-248.97332030759338	0.0732053478929048	0.08085895538374914	0.07821799099942191	0.06787887902130868	0.12449309700138726	0.004138410335794586
79000	-1613.6962190431852	-1364.8821713099019	-248.81404773328327	0.14653277828545844	0.15091331346730577	0.04956211757606392	0.09947673174909756	0.1461689603947672	0.005697388569790471
80000	-1612.1441759334316	-1366.927849170184	-245.21632676324762	0.07592457114259266	0.08578466907064071	0.1101298730296297	0.09981674073335318	0.11685560282380512	0.004463504491309476
81000	-1612.1525585148236	-1366.9454067565093	-245.20715175831415	0.0863381336474855	0.1280182051908018	0.1451211596356374	0.11450700120759866	0.1810455851999074	0.00417031688637474
82000	-1614.8729578111859	-1365.7219756698205	-249.15098214136538	0.06123518405999004	0.07756609338288865	0.06574134994471878	0.09892011899769011	0.13937351568609208	0.006400949571199736
83000	-1614.3972853469095	-1365.95637617386	-248.44090917304953	0.062150926018770904	0.09057586760674023	0.061028830190257025	0.08145428538481844	0.12131791502016206	0.0039477071524550355
84000	-1614.6863265808606	-1365.911455059549	-248.77487152131155	0.09891805691947736	0.14636224150852117	0.14482355607123631	0.1537795673024	0.2027166398654256	0.008161808211578317
85000	-1617.6636953814048	-1368.743503098401	-248.9201922830037	0.1278402774127851	0.10823900467016942	0.0746737812795767	0.208661286708087	0.10873190471345931	0.008091999918363115
86000	-1614.1907364894114	-1366.7566567994008	-247.43407969001052	0.09285686186721967	0.14425376382674068	0.1593037943079831	0.18414700701038034	0.162270191088787	0.005048125244177942
87000	-1615.1097431949268	-1365.5748010708985	-249.53494212402816	0.1420199509501776	0.16954319648066538	0.13217156605979122	0.07785041146244745	0.1772012797425451	0.008102297913350579
88000	-1614.2966602934964	-1364.5103759429494	-249.78628435054708	0.06581020851377396	0.10887132594399038	0.07651154687488151	0.04841596160754735	0.14932155111705792	0.0035694318561143943
89000	-1614.065579483129	-1365.4219760797387	-248.64360340339056	0.09033274824891589	0.11661592820406351	0.05465963489971459	0.0848351523105051	0.14733162842836303	0.007323126423049393
90000	-1613.110391391179	-1364.9091510863423	-248.20124030483672	0.06450416424333442	0.11272449766710835	0.0571969160186782	0.12064094397572069	0.13747543715333477	0.005078272496471757
91000	-1614.85533990715	-1366.605031119449	-248.25030878770093	0.07800599999126993	0.1185342795876215	0.1635408973437543	0.06677748735522428	0.1600851453904148	0.005248820904228783
92000	-1612.9187069516984	-1364.4464153795466	-248.4722915721517	0.13510721986874535	0.0973163899850549	0.09438097113675878	0.08928907213809222	0.20894400943009603	0.005130573609076379
93000	-1614.795525429926	-1366.3255102223407	-248.4700152075854	0.06749584716021581	0.11927108647755444	0.14154874796725153	0.18622665845463782	0.16338818716884468	0.006160616870946496
94000	-1612.9477427337574	-1365.710640668314	-247.2371020654433	0.08198651774551825	0.1279728119351585	0.06884341522923179	0.14972629762298043	0.13070605094680515	0.007804086162045848
95000	-1617.8322951998603	-1369.2377054152391	-248.5945897846211	0.09784664681296082	0.06559358807989413	0.1274698140249483	0.09870684890670595	0.14199494289339928	0.008561080154542768
96000	-1614.9884506316964	-1363.1824534319544	-251.805997199742	0.14762332846334938	0.1320644676273735	0.06829582922281004	0.13026930281334434	0.24374519327259572	0.009699355837143049
97000	-1614.615625810268	-1364.6828249395676	-249.93280087070053	0.05816867853462975	0.0835936446284468	0.05613723247599676	0.11155146650002308	0.18503577709990912	0.0026023328965280902
98000	-1611.966086199113	-1364.1010468267157	-247.86503937239738	0.0724110983974862	0.09719348610146748	0.0626251328028037	0.12710170553263928	0.17292051575231157	0.0037421465308331596
99000	-1613.9537943760497	-1365.6916425277868	-248.26215184826276	0.1370966563646913	0.08143018530478577	0.05079822836288648	0.0958444069170046	0.13421991698654342	0.0042828398026578405
100000	-1612.543901597097	-1365.377540930715	-247.166360666382	0.1377220323624953	0.1164139361392238	0.06788253941364954	0.10952496579951641	0.16494799557268466	0.008898791208594306
101000	-1610.3389513273871	-1364.445579483981	-245.89337184340607	0.11267606922882821	0.12896046639210607	0.10010015265608645	0.12453635624690464	0.1803435518503819	0.007051526722046345
102000	-1615.8872017436715	-1371.1916208439466	-244.69558089972506	0.13215272536610348	0.06845614858220239	0.10512303239987633	0.1235453128369012	0.12708481505708868	0.0030781826875007612
103000	-1618.0736333653244	-1366.7433907431837	-251.33024262214076	0.11655426545418619	0.12480867600228608	0.054985262734361884	0.15387678504312544	0.20555223536656042	0.009931063007470762
104000	-1615.4925334245888	-1366.1051317639183	-249.38740166067052	0.08142573432384641	0.10072297803951802	0.10937467531468878	0.056644186731915985	0.15675176685695233	0.003028098864379445
105000	-1612.1300001378877	-1365.6272805462104	-246.50271959167733	0.14041387561001253	0.106444747440996	0.0835680272868383	0.10583689820648015	0.16282568412622753	0.007524857442641862
106000	-1610.4645565290814	-1364.3880272691986	-246.0765292598829	0.08617829951289481	0.11887034522799551	0.07472489730687097	0.10375307394842466	0.15699599820223145	0.005093769036167336
107000	-1614.144570112672	-1366.21867093917	-247.9258991735021	0.08256118737715831	0.09335904661925379	0.09380982558627285	0.05045215467230579	0.17390212162510257	0.0026781895125909095
108000	-1611.6392791276298	-1366.851694194308	-244.78758493332182	0.1265441003715308	0.09939121068258568	0.09151388725113431	0.09858978811376708	0.1479084356679655	0.006459493997370063
109000	-1615.4603173162232	-1367.5473351948335	-247.91298212138955	0.09191932472946582	0.06735428751528962	0.07607583986973007	0.09396969624275442	0.10539808366550556	0.0036786025830010667
110000	-1613.2589424415928	-1368.559739191396	-244.6992032501968	0.08493075953710191	0.09557363193830301	0.12080987462742687	0.12293932303055927	0.11558739470193848	0.003750460212097915
111000	-1614.7424558771284	-1366.3689398124352	-248.37351606469323	0.09638289607376731	0.10088636436735002	0.06517935124687722	0.06940286356765633	0.18627078066218547	0.004115724707023135
112000	-1615.5911021445365	-1366.93024802341	-248.66085412112648	0.08382951068056482	0.12968546112383897	0.04469325165241402	0.12329646304960723	0.10214968608716798	0.0039606796223343975
113000	-1618.4438794694913	-1369.8169499229025	-248.62692954658888	0.10005157554495114	0.05967560391466861	0.11892576050312322	0.1878021033221709	0.13139536748786654	0.004888894567383075
114000	-1612.7472425755172	-1364.1937979892177	-248.55344458629952	0.10353869619605532	0.0965401942603065	0.053547169906635064	0.08369736337184953	0.16121269883702666	0.0053232888893223595
115000	-1615.4384393872501	-1363.6394736150592	-251.7989657721909	0.06491598852862206	0.075441456776771	0.03703285318909649	0.12331274740785625	0.1304626339359098	0.0035650528498196396
116000	-1613.049138773774	-1366.8453909577138	-246.2037478160603	0.09534429413117643	0.09270071657846839	0.08265283747458162	0.07204526829164104	0.11915775056455957	0.005244685631594031
117000	-1611.8025910633114	-1367.1387230747991	-244.66386798851218	0.10921357429964951	0.1417621706218054	0.1301313451138353	0.09594326452057507	0.13615867051494399	0.006518483692787598
118000	-1612.6147823794586	-1364.325117841071	-248.28966453838746	0.1106235674746412	0.12031089965291931	0.08376305609804438	0.06396706367706656	0.18321657392746957	0.004496080580194296
119000	-1611.5316007713634	-1364.1027019525732	-247.42889881879023	0.11749811437179952	0.0984776964573962	0.08852675272850535	0.13810813028299157	0.2050148829938234	0.005464888141802164
120000	-1614.5519225612534	-1362.222037580549	-252.3298849807042	0.09156992065031297	0.0802045859565323	0.0354075202732007	0.0983189808936744	0.17725758185350696	0.004992126669727123
121000	-1614.8657760695914	-1366.0705067258323	-248.7952693437592	0.12309910742507753	0.08201694316207601	0.05246430456317965	0.0633029258323682	0.13001935244289883	0.003553750119737604
122000	-1612.293251287214	-1365.7143532126697	-246.57889807454418	0.08993212467913506	0.10326192514310362	0.05590395319670843	0.11079652051079975	0.13051951799944203	0.004157282392235472
123000	-1616.272107486744	-1363.8601268518457	-252.4119806348982	0.09860409861230926	0.09834962554675597	0.07093134407672497	0.14214473886182977	0.26285134853614084	0.0077118816644820695
124000	-1611.7934647463712	-1365.046890895336	-246.74657385103515	0.11516038229757514	0.11847779642580142	0.06769914852326704	0.08532297232396431	0.13750914305291306	0.0055276569896722
125000	-1615.839103336455	-1366.9263394270351	-248.91276390942	0.09890059394653228	0.10683744597830575	0.18697072131180534	0.05834775958509984	0.1542030908745613	0.0061658648736794405
126000	-1613.9076937640218	-1366.9982764993497	-246.90941726467207	0.09284284738584483	0.13530483379728306	0.10719245474817903	0.14394136519918432	0.15104745834744332	0.012581899159949107
127000	-1613.721420060903	-1367.228339804457	-246.49308025644604	0.13233364783320825	0.09456048954338915	0.10177312622346821	0.10888058480621474	0.1578460883613338	0.008439079378992664
128000	-1612.3289399900373	-1365.856938210069	-246.4720017799681	0.08933181947579386	0.08032750616340456	0.08461260116928356	0.0873971541216978	0.13775539304753	0.00561116734490225
129000	-1611.6616489268422	-1365.465154744687	-246.19649418215513	0.11441233975456641	0.07291984275178787	0.06858524166085747	0.10515073459991352	0.1476286971088137	0.004078626060331333
130000	-1610.7384561015556	-1364.6708738821653	-246.06758221939032	0.10344575706182839	0.09693393935727113	0.09436968329459387	0.1438973744136449	0.17903769087630803	0.005092180302146155
131000	-1611.3483837419942	-1364.8975965530763	-246.45078718891799	0.11044265071000708	0.1289902654832382	0.08780960254119109	0.09214522052359991	0.18954685913814473	0.005150325017590293
132000	-1613.7632543276945	-1369.3347156757538	-244.4285386519406	0.09633950523525182	0.11532490334739137	0.11938258476976765	0.07016428434055429	0.11064347367657373	0.0029009092843466085
133000	-1611.678986870675	-1365.397063899868	-246.28192297080705	0.14171315072821106	0.1586776097613408	0.10279430713552624	0.10041171644724396	0.1553025452194827	0.006797441157934764
134000	-1611.2203792646008	-1367.3618087930531	-243.85857047154764	0.10776204847411813	0.12220603854110382	0.10825965722028372	0.08164842079155875	0.12438269812435189	0.004310360428349344
135000	-1612.943263857568	-1364.3360581095158	-248.60720574805222	0.094929582297225	0.073751486509418	0.08955306489425366	0.13746467691343184	0.20163718648436602	0.005514404851702679
136000	-1619.962461125903	-1366.1610704511363	-253.80139067476676	0.20677560247599974	0.16941056653421488	0.051503901523775146	0.07358821454798946	0.19771679687553198	0.004422872267025303
137000	-1614.471631862387	-1365.605380242644	-248.86625161974305	0.14350251610475281	0.07637318970449009	0.056267707484328695	0.07835141521067333	0.14715960618951546	0.004409351304029202
138000	-1616.8628961056343	-1367.35137566521	-249.51152044042414	0.10494190060076874	0.159110706713478	0.12919758480959886	0.041616666095679	0.17817705171484843	0.0026285155479899122
139000	-1616.6645936615362	-1371.646120391103	-245.01847327043302	0.11153625787586308	0.08341814250969748	0.14554274192354336	0.12195124271161771	0.09019500233953966	0.005051650516922281
140000	-1611.2410328643946	-1363.3973852539089	-247.8436476104857	0.12438213431138523	0.15455002600899867	0.07896585176549352	0.08813685644704763	0.19020876938513573	0.006434758952721382
141000	-1613.6416959637575	-1366.841618450343	-246.8000775134145	0.1375775202418966	0.10043638480317028	0.06052566962912585	0.10525316204823179	0.11569610374910148	0.00702693899371476
142000	-1612.7235812116774	-1365.429909643712	-247.2936715679653	0.07497050330172679	0.10100568198162588	0.08587081109616253	0.08518771146435813	0.17687819544471567	0.00400979539994106
143000	-1615.213794083557	-1367.2202381126815	-247.9935559708756	0.0792999795099221	0.04891210587019232	0.09420761341958948	0.07765026818090794	0.11171290673062753	0.002865328145709095
144000	-1613.866044945302	-1365.4239905570057	-248.44205438829638	0.06026141511914773	0.09814148012287036	0.10606483016015547	0.13907768717826582	0.19375673635365573	0.004588927561953344
145000	-1611.2937426252706	-1364.3611591809683	-246.93258344430225	0.09083601655488086	0.08825790832676886	0.07731406715371261	0.12209830620208041	0.19274837947588003	0.004066690820780977
146000	-1615.1343800869795	-1367.1151112509103	-248.01926883606913	0.09386580300308377	0.1484883677339865	0.0696405485962547	0.08567200631472019	0.13287196247913768	0.008518853834003907
147000	-1612.4846706891028	-1368.363871392902	-244.12079929620094	0.11417795895220155	0.08477512581062527	0.07722840173507418	0.10932202743996636	0.13620248496418874	0.0030653302205172453
148000	-1612.7524782787705	-1366.3894749279682	-246.36300335080224	0.14021482658379736	0.07664080848753943	0.12462946497263347	0.10031416715359755	0.14947763756328955	0.005990106718634047
149000	-1614.3923728695963	-1364.4388555820278	-249.95351728756847	0.08717283696672105	0.06473879238828595	0.06777499732968874	0.11086545720838871	0.1790816285916489	0.00421264782619852
150000	-1612.4876456384866	-1365.9048662759676	-246.58277936251903	0.12649163578018174	0.1508954525261708	0.07428601235228977	0.09227618678478079	0.1864025524476148	0.004132400254000846
151000	-1618.5931628083124	-1369.1564517789875	-249.43671102932487	0.09328045809128781	0.07754722462657417	0.060929427509276136	0.07070086408069606	0.08687551158969935	0.005406807761869579
152000	-1612.5688903508985	-1366.9856916287076	-245.58319872219087	0.09847151846850621	0.1466908814894555	0.09145001185846055	0.07851755875040958	0.1392993320939429	0.00504164411328441
153000	-1615.345402695472	-1366.299524918274	-249.04587777719803	0.09843093793389633	0.05683978429008714	0.14172494449418968	0.15446367018307947	0.17178850744233085	0.004076402495965217
154000	-1613.9860570622575	-1367.9705968370176	-246.01546022523982	0.1262645313448965	0.16273967222169877	0.14452330813943648	0.08395110059800139	0.13466103842610033	0.007213630289459871
155000	-1613.8528693478543	-1366.2325921939664	-247.62027715388783	0.1144202286547234	0.10172169157454994	0.1181940058146757	0.10064558164863921	0.13944275667984007	0.005682587178464503
156000	-1615.0763328865585	-1368.8016017548302	-246.2747311317282	0.06733761748944986	0.09026580997263763	0.08493157359266215	0.13578018713701698	0.13386231216003924	0.003175588569475239
157000	-1613.8095946436115	-1365.9602583618498	-247.8493362817617	0.0763518457287203	0.11581600009523667	0.05710185221364293	0.08211274694672877	0.11738439312711137	0.0051132154518498275
158000	-1613.7486506692737	-1366.094130004618	-247.65452066465585	0.12906260942651063	0.10167345616752237	0.07983642336736356	0.07395689954372275	0.14994842148476167	0.007635105107026417
159000	-1613.3176307367555	-1364.4562942325006	-248.8613365042549	0.08110036184634754	0.06465667274010259	0.07313045877267958	0.14505966905710882	0.169439473285688	0.004445272980630853
160000	-1613.8212677578	-1365.6718721358154	-248.14939562198458	0.07496579026029085	0.08985953010106768	0.1113176712880426	0.06545614910285602	0.16763614577956637	0.004729745295192028
161000	-1611.0611502279858	-1363.4077728486468	-247.65337737933893	0.11090505449535917	0.13574356665308046	0.05934365074935278	0.12544518258637638	0.16780651026170823	0.00640467014939339
162000	-1613.750039306865	-1364.1442861667829	-249.60575314008213	0.08132491630272663	0.15963663824505436	0.04766499899191465	0.13040183203163166	0.15426807455899239	0.004933772504799908
163000	-1614.816160788705	-1366.0531092514643	-248.76305153724073	0.10398518179244058	0.10700549030345378	0.04421781907552964	0.1287378260510406	0.11528692463635927	0.006961324545824699
164000	-1620.0573261221032	-1367.9953963025862	-252.06192981951696	0.045449000134575895	0.13844134209899955	0.056205363785779325	0.06765044415293732	0.08729038268145839	0.0031811439700158897
165000	-1616.149502374663	-1368.402602884401	-247.74689949026185	0.10653356432577937	0.07186376030072406	0.1822078656034506	0.09816437271719426	0.16836660459723696	0.005151241414597035
166000	-1613.998755340934	-1365.7069349992726	-248.29182034166132	0.08546989575114045	0.06118805869400124	0.060273635818775734	0.1123701288217513	0.13547108567838875	0.0040007130999524625
167000	-1611.819789944642	-1367.0550647395353	-244.76472520510683	0.08207063863749822	0.10758106578875752	0.1265821483429981	0.13721018510283473	0.17221398630349125	0.0034630539920147835
168000	-1612.5010412096346	-1365.8517161482719	-246.6493250613628	0.0829596898706411	0.1558810953170767	0.1093484099553438	0.13219624556727466	0.19807298782535668	0.004594301593469303
169000	-1615.8921293459803	-1366.2408244559292	-249.65130489005108	0.055666323724134346	0.15069967414131405	0.07465985948755655	0.08122333243332737	0.1949120634070014	0.0030248244179442068
170000	-1612.185105515166	-1364.1454319954428	-248.03967351972318	0.12488703877579244	0.10737232428546323	0.05333323768819354	0.07987238557629628	0.1446317967629911	0.005578746704849301
171000	-1612.9857715502221	-1367.505761749178	-245.48000980104408	0.11289900759488342	0.12780249705825944	0.1404057350406589	0.13833978714163817	0.13439887570140713	0.008695808354596306
172000	-1615.0432221645233	-1366.3830370621502	-248.66018510237308	0.190131953037947	0.08173126266797721	0.09170230956905348	0.10464270993733706	0.17977632409662023	0.008606309703794111
173000	-1614.8450624031104	-1366.70147543066	-248.14358697245052	0.06790807458092547	0.15594473257345637	0.07634281353298027	0.08714644038415584	0.19247856488066445	0.0027795243466398247
174000	-1615.324143167876	-1368.8548338737805	-246.46930929409544	0.18465712571665766	0.09862255060367064	0.13024357042808835	0.09402836269501187	0.14371444298903774	0.004483576438450928
175000	-1610.1581363398025	-1364.4475473138455	-245.71058902595706	0.10831785438568205	0.09614164652015122	0.07852709052404447	0.12247405201557367	0.162504767396473	0.005682001750692965
176000	-1614.0367036377202	-1365.050865884103	-248.98583775361726	0.0766229469464793	0.07735333669444944	0.06686745814087758	0.11192145615423123	0.20083614732522553	0.0035912082553775358
177000	-1612.310071747882	-1366.0329876441751	-246.27708410370687	0.11596148477990445	0.08853262467410902	0.15639969590560363	0.11476846907648493	0.16116599995055844	0.0061552132759671845
178000	-1613.148389988497	-1368.0341445687473	-245.11424541974986	0.09414702838878408	0.11227153393173973	0.1319360981809222	0.10257992637603824	0.11558593962805026	0.005925832971474217
179000	-1615.4510833893073	-1366.2102714944576	-249.24081189484963	0.058412520443009715	0.13859918931384857	0.06535906208455626	0.11792994165104066	0.14057509093671727	0.007631749932013182
180000	-1613.0374091595777	-1366.0167299795798	-247.02067917999793	0.08772214959834948	0.15325388059412468	0.14269059274924495	0.08715928960986287	0.1538563363704598	0.005222749546169338
181000	-1613.2387739577719	-1367.5108429585734	-245.72793099919832	0.13333660398826938	0.12760332601326077	0.16919481672555214	0.10720726982589131	0.14135233389451943	0.007666141065601675
182000	-1612.5274953850244	-1366.347945458611	-246.17954992641322	0.10986124458864786	0.08661232295642031	0.08478447984216314	0.09762558094587821	0.18826010628009276	0.0053143291021551025
183000	-1612.4802866580603	-1365.7326112273722	-246.74767543068822	0.11763852932517349	0.1201269353866193	0.15470740205516997	0.15058479474038255	0.1768551774438821	0.007367082097829974
184000	-1610.6890981715762	-1366.7408981708	-243.94820000077627	0.10897178422801253	0.14486191905425025	0.10989769103391489	0.10988401910068119	0.1403408224960057	0.005010889087061076
185000	-1618.3515436956543	-1366.706679614219	-251.64486408143534	0.07809648559819063	0.082510301389063	0.0781945582508133	0.04482323886569704	0.16438637848145535	0.002673839925259869
186000	-1612.1144050849387	-1366.535045926778	-245.57935915816074	0.08415364516337084	0.09910798047770338	0.11110574432310312	0.07574113186984635	0.1282906639658501	0.005052128928348162
187000	-1618.2676005587703	-1369.8412764200393	-248.4263241387309	0.0549168458669244	0.06457204736413281	0.06769218777740474	0.11392941624199497	0.16244425802861637	0.0020095069145700047
188000	-1611.6992370999444	-1364.8674379793422	-246.8317991206022	0.11764943159115523	0.13067760410585305	0.08883596990206027	0.061918680686576966	0.16920103511113452	0.004574796788783097
189000	-1613.5891658685796	-1367.2116297103055	-246.3775361582741	0.10655340947094855	0.06527540092661833	0.08133195537376714	0.07493692704341291	0.11368819456576701	0.003399971918078093
190000	-1616.3397916113177	-1363.9110910833294	-252.42870052798813	0.10223955093205046	0.08856977779463329	0.03580612945259312	0.17284660618450473	0.14153751247317253	0.006917567174461974
191000	-1616.8918396819508	-1368.8119427430606	-248.07989693889013	0.1564297307312829	0.12693899415194282	0.09666570168197999	0.0842198943274006	0.16158177408589633	0.012613948846187733
192000	-1612.2539657812838	-1365.6966826229254	-246.55728315835844	0.13122592193279622	0.11451513634535883	0.07720423611820863	0.12896210625677307	0.14194605434686486	0.006267827607277846
193000	-1614.4198703051752	-1369.6709480491627	-244.74892225601258	0.09290989215084676	0.09800426663175313	0.11868093876559438	0.08736494992964462	0.1702550193363276	0.003203405735378644
194000	-1613.7866302961734	-1364.534249352815	-249.25238094335833	0.10958069455855261	0.07365975368903123	0.10027282104271976	0.1089565662918978	0.22956591941690876	0.005883100909325563
195000	-1612.148099737447	-1363.6660488738062	-248.4820508636407	0.14695210040151466	0.10912295173986918	0.08177482962308905	0.13982706269652775	0.20653613071237373	0.008279258770274281
196000	-1615.6619025045845	-1365.8115055258254	-249.85039697875914	0.16454205342125958	0.06903419327857582	0.08496283039211558	0.11880126796711853	0.17158248104515098	0.007139868007150614
197000	-1615.846197204229	-1366.366935792028	-249.47926141220097	0.12338479528719803	0.08607393267424568	0.04997521730218177	0.06284618795493543	0.10686248247377683	0.004938490540281314
198000	-1610.9292988306734	-1366.3761617560535	-244.5531370746198	0.08087088670380006	0.09595267194656892	0.1087671169408188	0.13310534767129195	0.1461829185203749	0.004059782013108949
199000	-1613.4388171112405	-1366.3207642640987	-247.11805284714194	0.08718541597954611	0.09886714475498243	0.197463407785372	0.11043598286855857	0.1622016740519156	0.005597624092172403
200000	-1613.6656080147116	-1365.2352767663706	-248.430331248341	0.06148969922183326	0.07649855635013587	0.09218634152151359	0.08076614167023839	0.17097279453408004	0.0038086974560394924
201000	-1612.955784600509	-1363.983977417846	-248.97180718266316	0.12160962103103123	0.16164169306483775	0.0911597108864357	0.10109550645202464	0.20878230343937007	0.007047087687612632
202000	-1614.685607588152	-1366.8764756097437	-247.80913197840815	0.1163267617469967	0.057391437742169746	0.07530483913004712	0.07375136574168936	0.1271680405925695	0.0039051193102544587
203000	-1612.7466078624527	-1365.9165668662445	-246.83004099620817	0.06004239778935431	0.11148289802959732	0.09337171390926544	0.10858133482085153	0.13894146620604572	0.005657852864734518
204000	-1611.7290432626326	-1364.7101759150728	-247.0188673475598	0.12118882223737183	0.11673752351958147	0.08751768067143906	0.12014622869829499	0.194106059549702	0.006163653315309551
205000	-1619.0224048845498	-1364.5882498224755	-254.4341550620742	0.034669585261758944	0.08767557533117577	0.051416728310020275	0.11320927620144494	0.15164172487526986	0.003950125808239809
206000	-1611.9590959439895	-1364.7510786762286	-247.20801726776094	0.12190910932112305	0.07807954382397327	0.08188569066087845	0.13548671830079342	0.1860182357776824	0.004787425727521875
207000	-1612.102543076423	-1366.383483431012	-245.71905964541077	0.08811694616083866	0.08525611242725886	0.08764880082183675	0.08680412092719456	0.13487345463813158	0.003622636260160862
208000	-1614.7907931774992	-1365.0407139804079	-249.75007919709134	0.10436227867859073	0.147657113743012	0.14047221829496787	0.06874033146422555	0.22816763948877242	0.00504116695054377
209000	-1611.9508635033005	-1366.6216372404142	-245.3292262628863	0.10947607204170003	0.07157553263082134	0.1078089471106672	0.08146917215244555	0.13791930843047437	0.00461590142645768
210000	-1610.241657091588	-1365.74485756805	-244.49679952353787	0.11663890454825634	0.09790515106234494	0.0945492040586187	0.12009538217706282	0.14736301350690897	0.005211279368496438
211000	-1613.1202386244042	-1369.6604602250648	-243.45977839933954	0.06859856975628653	0.1137085083278736	0.11237859964871615	0.1058013101978242	0.12776619429317726	0.002534279241513052
212000	-1615.2851371527427	-1368.1777423087083	-247.10739484403433	0.06331197612467934	0.1496045914938668	0.11243318703104865	0.08887862603905679	0.14718094052005345	0.006190668038488603
213000	-1612.5055964965413	-1366.151861162786	-246.35373533375542	0.1151149082890335	0.06781755937021632	0.126713124936181	0.1451942219788057	0.1592052899899245	0.005875067026381368
214000	-1614.4967336456255	-1367.6487673265756	-246.84796631904982	0.11446167730185187	0.05366097388721928	0.0954038545387405	0.1378592650485352	0.114065936336625	0.005307633719130215
215000	-1610.8737565850292	-1366.0839357866053	-244.78982079842402	0.07619019165938229	0.11528029318463932	0.09940722632306997	0.1192905326301692	0.1392400484228654	0.00422213924452521
216000	-1613.0662920197622	-1367.1241324391012	-245.94215958066098	0.06861670108603692	0.08306868102324781	0.10509959464493361	0.08975873548263053	0.1659870297075034	0.0038117928431767875
217000	-1612.093771849151	-1367.9447159772599	-244.14905587189094	0.11154560420473462	0.11180945774452522	0.1027716733602784	0.11600463408672665	0.16213042823347643	0.004154003054824429
218000	-1613.4018233185388	-1366.0102680078896	-247.39155531064915	0.1238425588308328	0.10127742480770242	0.18286658714460322	0.1471491867820605	0.19013846817112487	0.005363655559081077
219000	-1617.1865300785682	-1369.5644622290229	-247.62206784954532	0.07339774426555579	0.05633279999790509	0.1026605921660042	0.12550027205400355	0.11514015843946797	0.004350479109686134
220000	-1614.794910355547	-1366.699157340331	-248.09575301521588	0.06458317587631625	0.178634913049242	0.10824478409798637	0.07829994288263302	0.14252102559732582	0.004969903182235028
221000	-1615.0519484200609	-1363.7748422529644	-251.27710616709646	0.11999218167467121	0.10577628815353952	0.04270817192726691	0.06858966053727847	0.17404696773599093	0.004463182966214927
222000	-1610.1951153602627	-1364.7824312581201	-245.41268410214246	0.09961712910589753	0.0991030444034803	0.10828538706080791	0.08622178230086097	0.17580135153578066	0.004949697484187635
223000	-1610.8423389842142	-1364.334592302687	-246.50774668152707	0.08755358604415099	0.1100076264972904	0.09275547324432767	0.11149010934369713	0.18606294578556273	0.004914484819803281
224000	-1613.3791973235889	-1365.382814739031	-247.99638258455795	0.07121257471422941	0.09341235328514819	0.07977425250596804	0.07606875027875631	0.1494494059015447	0.003496311784765639
225000	-1615.363877651927	-1362.5153631777102	-252.84851447421664	0.07049310165743843	0.11118968987505502	0.054272115477736985	0.0665796171689202	0.22609628570400264	0.004090259304226712
226000	-1613.4065855682834	-1367.0744713010017	-246.33211426728158	0.11078615019281192	0.1399225386768125	0.1443219898679358	0.09359154022982748	0.14815570254823146	0.007968272545192652
227000	-1616.7696802733212	-1366.3793080361547	-250.3903722371665	0.08033402666659058	0.05879958751752976	0.06632195108008358	0.1609819679440599	0.15683333147913361	0.006268885782197364
228000	-1612.8595975510916	-1362.6852542508284	-250.17434330026316	0.10073629032201478	0.14762233099526842	0.05991606258541778	0.07502447901774455	0.2015124104463583	0.005465996748266964
229000	-1614.4122152793334	-1367.3023387455823	-247.109876533751	0.1103881695415967	0.06255605996818929	0.11543439189026891	0.05697906115737017	0.11797667346121116	0.0034575655398176087
230000	-1611.4067447273717	-1366.7435147914478	-244.66322993592388	0.09692123384842717	0.09904593815170387	0.10665049718360836	0.141106638654763	0.1325508361344396	0.005896112090625133
231000	-1612.1767673569864	-1367.5073984764208	-244.66936888056557	0.13073517669287027	0.07924789323395563	0.0849084298907155	0.121501401950369	0.13013575254508233	0.003976516675325293
232000	-1613.1069879360027	-1364.8276025736286	-248.27938536237417	0.1090418174228062	0.08005092339146243	0.0491609986709878	0.10875326210755572	0.1304673817437445	0.005865627330280532
233000	-1613.7645312838672	-1365.775935370812	-247.9885959130553	0.14484093723616065	0.11678245733944499	0.05170222490331002	0.10652328761392442	0.14535731253547435	0.005852476621868021
234000	-1615.8146925278227	-1367.4405407932572	-248.37415173456543	0.11111766959619508	0.1019232656197882	0.10140805480459368	0.07290000628751872	0.13188735492545575	0.006884811447514353
235000	-1610.7221366223112	-1364.8628193907448	-245.85931723156645	0.09396160816897207	0.10242512206484014	0.06512581337619201	0.12285494959678256	0.148268028878205	0.004255463718739855
236000	-1613.329016783399	-1366.732965096273	-246.5960516871262	0.09518164796381588	0.13416460840189565	0.0769695044163066	0.14308421315437578	0.16213133317552622	0.007456827407994362
237000	-1612.1689588613472	-1365.0079001498784	-247.16105871146877	0.12544312866494603	0.1271408856862344	0.05574170892554302	0.14087201653773887	0.15400271147352645	0.005805697359449406
238000	-1616.5348047120865	-1367.369376778015	-249.16542793407152	0.05596950511289285	0.15084662677613583	0.09992966144838489	0.06570643181506923	0.12968947851329266	0.0046644986012563975
239000	-1614.2612882667631	-1366.944435982713	-247.3168522840502	0.14350683695894292	0.15319401843585503	0.09533730786421596	0.10265816732823922	0.14082744637547637	0.009949102098685325
240000	-1612.3976445596086	-1367.2563758483743	-245.14126871123437	0.10564419425969541	0.12209461737025418	0.11500233433124538	0.1801203785331034	0.1507945092651065	0.004459390548806255
241000	-1616.2811094600993	-1372.176097764961	-244.1050116951384	0.0802009214660293	0.08474695084012836	0.10133249578192391	0.11233622357969605	0.1721179057917151	0.0018272568475594803
242000	-1615.056572956949	-1366.2565659435127	-248.8000070134362	0.0852139495843775	0.05935805965711114	0.07456541508669788	0.10531858830336897	0.1611096633274619	0.006701546007761048
243000	-1616.9577527581932	-1367.2576486053408	-249.7001041528523	0.13578586425764702	0.08702794739000952	0.0873938656127062	0.17423116788747667	0.19721396239955305	0.0038990090074242987
244000	-1611.5353224953992	-1366.9692559109003	-244.5660665844988	0.08614534559167711	0.12336294786090529	0.09375530493541444	0.11159634107556829	0.13185637710981596	0.004447882355261381
245000	-1612.8785964479116	-1366.4171323126363	-246.4614641352752	0.101287570241969	0.14282218045995843	0.09106566765664592	0.05733592493925925	0.12669374254827123	0.004486768834742492
246000	-1613.9778984990164	-1364.2114123607616	-249.7664861382548	0.10799960740340529	0.2146737459110472	0.07577752528652952	0.10039446083609638	0.17592008322653285	0.006706356188461745
247000	-1613.437615872021	-1364.0788976932863	-249.3587181787347	0.09349833604288253	0.15327932113259415	0.055697264867230714	0.0923297175255102	0.1552794432766847	0.005533966904597785
248000	-1613.0903047075863	-1367.2202531530038	-245.8700515545824	0.058160660058668844	0.10350506562915335	0.09942747690225123	0.11716392869654793	0.13407034121716088	0.003891994452018471
249000	-1617.5096806781455	-1365.400951850684	-252.10872882746156	0.053905178853891275	0.08223169538537425	0.05269217833049948	0.12692037869845446	0.11027184827330393	0.00539191129949994
250000	-1615.92792294224	-1365.5906812413232	-250.33724170091673	0.12878664490347158	0.056243557010507844	0.06270726305125732	0.11295075731709737	0.21358465440609614	0.0036019431557763166
251000	-1612.450623477791	-1365.9378839538704	-246.51273952392054	0.12437260335040058	0.10810208990019106	0.07071680887938678	0.11244468923492036	0.12721521155859247	0.006419414573054829
252000	-1615.085880499365	-1365.819092747723	-249.2667877516418	0.0942591820752334	0.13568060997957418	0.08442032096082085	0.08479586022641625	0.14930241770526537	0.007320707362981892
253000	-1616.5016344837668	-1363.984174833277	-252.5174596504899	0.11467571344365322	0.08007070040526293	0.07822882661021353	0.048625950667229245	0.22203179740830395	0.00475117424262864
254000	-1613.4974742494508	-1364.0630448504905	-249.43442939896022	0.11022956256776346	0.12638766345315544	0.04491584588465078	0.0786002410973649	0.1496890530891699	0.006035094194720956
255000	-1613.1796603448897	-1367.496161165005	-245.68349917988462	0.11830912147933108	0.10995655708611815	0.0855095979713206	0.08187053586877166	0.12443520391813369	0.007216035902942066
256000	-1612.5561754025775	-1365.752440739006	-246.8037346635716	0.08283942859515216	0.11123703726280884	0.0699101883821766	0.08257847731481256	0.14192805494331845	0.0059305987405103965
257000	-1612.8069673358038	-1367.6289079367161	-245.17805939908772	0.12314307622566156	0.1296482159933938	0.13005560017099582	0.12605396472593228	0.14513714168528036	0.008333368927664089
258000	-1615.1997367621898	-1370.9041125819203	-244.29562418026933	0.06345291014831832	0.09125905427831828	0.11972243615074286	0.12331591770677128	0.09893071097691723	0.0024185762497975637
259000	-1615.9586143510212	-1367.280890213951	-248.67772413707038	0.16775274095106238	0.11814249889014065	0.11430032347302749	0.0737803543637383	0.1776527870665743	0.005518758402364814
260000	-1615.5082004042472	-1364.4699655405848	-251.0382348636624	0.1366546215629196	0.11249394793602127	0.046816967481091674	0.09164829910861072	0.2120012410725871	0.004314574056534541
261000	-1614.8518779157166	-1367.0737388394937	-247.77813907622283	0.15120818689109325	0.08039553992971492	0.11891527088211018	0.07550740516644817	0.1669574871774615	0.005567709826064894
262000	-1614.731642166002	-1366.2075001670541	-248.52414199894804	0.18236310231539732	0.13003778432617724	0.10445886081032489	0.0683409731671155	0.17522961263394127	0.006510660808818146
263000	-1612.1703407178857	-1363.3108258232744	-248.85951489461115	0.0980802242921793	0.11648468340757824	0.07257597713325677	0.1405537294302298	0.2240848329002371	0.005400155626207185
264000	-1615.829912644191	-1367.3858712375973	-248.4440414065936	0.057452167006520075	0.0764491078516774	0.1280659562476728	0.16205952558610087	0.13928653064351418	0.003029715049563924
265000	-1615.479830968191	-1364.7354799772006	-250.74435099099045	0.07196404438687372	0.08363614538880937	0.06067775190913366	0.15758421008205462	0.16322044931702243	0.005725336983742147
266000	-1616.8465726967834	-1367.5652891480404	-249.2812835487429	0.07913461484700057	0.10892128061608734	0.057420439863838615	0.09423447272217929	0.10365646342717666	0.0061049255689917346
267000	-1612.494127237649	-1363.293431702657	-249.20069553499198	0.12708591532315916	0.09620745022777204	0.06575766315994358	0.10128447134396286	0.22679213668190637	0.005452092785800958
268000	-1612.523861174226	-1367.9339071993934	-244.5899539748326	0.09793998796399035	0.12034429765053	0.08976173235281115	0.08736582208976575	0.15371253964070616	0.005167522784642027
269000	-1621.2572681766896	-1369.348188063645	-251.90908011304464	0.10814837024113365	0.04338367256603951	0.0587749824359859	0.05554157769698263	0.14340118043304564	0.0018324324452402103
270000	-1613.1855235360738	-1365.544109824193	-247.64141371188097	0.1060199620161365	0.058961504738113804	0.09203294641520963	0.06946035443550344	0.1517496605561455	0.004069022773313147
271000	-1613.8036785132158	-1365.4734725225785	-248.3302059906374	0.0668895122478838	0.09517007779658168	0.05855404901969233	0.16377453878444664	0.1258984136249832	0.004384205491637911
272000	-1617.1248833234074	-1368.0662762145707	-249.05860710883664	0.06191521430492421	0.05670712322355807	0.08243022828603332	0.17255814634544717	0.11179403413954815	0.0021459135005837686
273000	-1613.3473954984318	-1362.0344360284066	-251.31295947002508	0.11409895472628537	0.12719148938914296	0.050138818595010994	0.09947478290536922	0.2130589617872708	0.0064915083715136645
274000	-1611.3372946357117	-1364.7740732090806	-246.56322142663115	0.09713295615207515	0.08432258632494884	0.08331950887784213	0.10014504256262262	0.1817714070323922	0.004408200629715226
275000	-1612.2027959742934	-1364.3038758513035	-247.89892012298986	0.13979972293279047	0.12719394483047647	0.07565652817276443	0.08108500962919024	0.19373188654661522	0.004885954895415967
276000	-1610.519204590104	-1365.511183319079	-245.00802127102492	0.1410654170459629	0.11641428161384254	0.10604141558153703	0.10876575426085733	0.15654240055733046	0.006393788067210062
277000	-1613.3873561868982	-1365.291866827708	-248.09548935919008	0.10167831349394355	0.061228502880071096	0.07057523230679798	0.0789765935155878	0.1553299472113301	0.004331665067950917
278000	-1613.3956964829838	-1367.1702106908285	-246.22548579215518	0.13058869470958726	0.08039892983277576	0.1568352831335679	0.072122855546474	0.13593385462624882	0.004436017334320617
279000	-1610.825133694022	-1366.3701795013376	-244.45495419268448	0.10185009150960432	0.10950507163206782	0.12675451480260688	0.11299348047085393	0.16136339238654487	0.005871923524433018
280000	-1613.4550585687198	-1365.4346892824974	-248.02036928622235	0.10298330812167851	0.12355850699796275	0.05218014291512647	0.1169984994867481	0.1624719068266268	0.00482688689687647
281000	-1614.1096675509896	-1369.205421829417	-244.9042457215726	0.09982776028919552	0.11231569131763725	0.12124279249723359	0.0698961514811357	0.09654813178079293	0.004303112687809717
282000	-1610.4070223972294	-1365.4093847737402	-244.99763762348917	0.1199708855458466	0.1197715308670865	0.08152165018256916	0.11240885139757611	0.15453603321274748	0.006129126479021538
283000	-1617.6298143543195	-1369.3590172626598	-248.2707970916597	0.11408639805794485	0.12422966099135185	0.06438667193898369	0.10796845249219585	0.1367343695177481	0.012834226225226859
284000	-1616.309404456444	-1366.33359636475	-249.97580809169406	0.04903161126902779	0.06261939910188143	0.1113921624575846	0.07135048989626441	0.13620945935275808	0.003616092155831142
285000	-1613.612799954541	-1366.1842117076044	-247.4285882469366	0.19689898003549644	0.09526297972836077	0.09484678174403735	0.10624803657646915	0.16379327814496897	0.005954149002923842
286000	-1612.5025836428422	-1364.6462112662748	-247.8563723765673	0.08741689871747174	0.1374774422967412	0.09867611237846642	0.07822957131436291	0.1711111790764604	0.004750991722055321
287000	-1615.3318622818483	-1367.7649341938488	-247.5669280879996	0.109598574611204	0.08182870169551659	0.14750344910997265	0.07977705270461592	0.15231707073100564	0.00592439650391149
288000	-1612.787272886879	-1369.2290983106836	-243.5581745761953	0.12859325062995472	0.10651153269853197	0.11523228245451751	0.12237835129555609	0.1620627013888326	0.004307713764545424
289000	-1614.9456116518627	-1367.8812514843407	-247.06436016752193	0.07464872656955127	0.14503301492347884	0.09097193988271358	0.08351786142474758	0.17838638011839808	0.0040053398218276364
290000	-1616.1584284299292	-1366.3065089048698	-249.85191952505934	0.15779093841752442	0.18852666500872173	0.143103111243662	0.14253005699053672	0.20783729098668463	0.008493988496469986
291000	-1612.5540344889578	-1365.2512271767596	-247.30280731219827	0.0734246740480622	0.062120159044790076	0.09862981381521964	0.09274435325096266	0.15558562881292967	0.0035474604818601894
292000	-1612.8891758180525	-1366.28134836129	-246.6078274567626	0.09359230099266024	0.13392391864820025	0.10619622388369203	0.09007867912328739	0.15586257736095413	0.00808367420596499
293000	-1615.0634844408187	-1366.463447772594	-248.6000366682248	0.12745015274664315	0.18447540175470253	0.0571855664966737	0.09786041457636346	0.14482011338600342	0.0050198908265642415
294000	-1614.5277585407312	-1365.856563458291	-248.67119508244005	0.11919136919952364	0.07769831756270615	0.06426123664141793	0.06604893727939404	0.1328556012045233	0.005581143103123725
295000	-1612.0637378915505	-1365.8235570056786	-246.24018088587192	0.08690065970309818	0.10133156507472534	0.09178677369575458	0.10870520344056703	0.18428055988289702	0.006286848389288408
296000	-1612.8470692436583	-1365.4560445075795	-247.39102473607883	0.11779633374093282	0.08424925293557071	0.13096874743278092	0.10094732690232004	0.1846925154932489	0.004950832612807001
297000	-1616.9488441728213	-1364.8137952786801	-252.1350488941411	0.10783467614189213	0.17458628309079355	0.05508658833839279	0.1776225714722387	0.18092571560138923	0.009753048050269487
298000	-1613.4701270080232	-1367.6836993296347	-245.78642767838846	0.05965879096510557	0.1051074998428019	0.12044762516024748	0.12656101918523413	0.1171553776000498	0.0042301742710850335
299000	-1614.4359402628854	-1364.2140555536712	-250.22188470921424	0.09955334752645856	0.18364728065769031	0.05030508079337389	0.0839897815796568	0.16417482018695181	0.004826144553184294
300000	-1613.2582045451866	-1366.3720611446756	-246.88614340051095	0.15698681569511025	0.09819492887369646	0.0743377677173764	0.08257968162761112	0.13029900523708132	0.006666391147614271
301000	-1614.7822256997833	-1366.7237543271153	-248.05847137266795	0.1423223584985977	0.08832954264380649	0.05477627872753805	0.08561446620114105	0.118624474596108	0.006621480486408773
302000	-1613.3873038839072	-1365.9264844748811	-247.46081940902613	0.11931941038891039	0.08049691398707057	0.07490259755671068	0.11793167718917769	0.13042178181073075	0.0057961830612839795
303000	-1610.962822525571	-1365.0676595989457	-245.89516292662535	0.08130388106631078	0.10667576513401447	0.09920634359655861	0.09572221390347155	0.16142006140531223	0.005059404173688382
304000	-1616.8979169629156	-1364.246980712081	-252.6509362508346	0.10334327756738064	0.060926142086013504	0.04932871373805216	0.11239158728487077	0.1697288885542145	0.0037625106573400333
305000	-1612.6144962343749	-1365.2416558217487	-247.3728404126261	0.10398039068649836	0.13080244855114947	0.06808891246086032	0.06879929122750854	0.17201617740830502	0.0042964168549258965
306000	-1616.3263208868918	-1368.7336187350854	-247.59270215180632	0.09116165093432765	0.12885740934301154	0.052262959475106084	0.07088442909132606	0.10419268813225549	0.003989816713304366
307000	-1614.7242737653664	-1365.129710794688	-249.5945629706784	0.08475405527993476	0.06616811280729618	0.11906350590288764	0.08141905494925124	0.1723835176000886	0.004130189024860819
308000	-1612.417704108144	-1365.1173945009923	-247.30030960715175	0.09964890911026253	0.10824936261498182	0.071208443634015	0.1279800396865648	0.17400552358746743	0.003953747260570477
309000	-1612.4978738658278	-1368.3296324519285	-244.16824141389935	0.13927695515894384	0.12443914303838517	0.09027300596174642	0.09108785879910457	0.11731413790278215	0.005016066882724144
310000	-1611.5661652531862	-1366.7801756614913	-244.7859895916949	0.07791393145363894	0.09362715294402527	0.1197812477115713	0.10335109690158312	0.12440264960531051	0.004269059653767369
311000	-1614.4391353716856	-1365.4933114241358	-248.9458239475499	0.05229768017940957	0.10373916405453576	0.10414512982321125	0.1515133077319409	0.17463780578992447	0.004119841260972184
312000	-1612.1091750095961	-1368.013564933009	-244.09561007658712	0.0926378873084726	0.1331284305597777	0.08851517616501367	0.07921097135366514	0.13670348846769348	0.0030286191404170918
313000	-1613.9399921325135	-1366.7411809135015	-247.19881121901193	0.11502599213692503	0.1001117007507601	0.06801671720013909	0.17148545835001483	0.1208937944493666	0.0054830100226000746
314000	-1615.2753430258222	-1367.042102728205	-248.23324029761707	0.10637155150283872	0.11172615711727234	0.16798515421079518	0.06385554205101014	0.1482630126860832	0.006439412414584584
315000	-1611.350506661886	-1364.8233927380693	-246.52711392381653	0.126228620827792	0.11257638273769838	0.0609747985697028	0.12108215845942162	0.14480459024866957	0.006641312908277928
316000	-1610.9087510920433	-1365.2854438354482	-245.6233072565952	0.08927597124290741	0.12208642061137777	0.08652949060172135	0.07224934000733832	0.14591240792711319	0.004411421443664303
317000	-1612.6422335791526	-1366.3111598583425	-246.33107372081008	0.09658504632064514	0.15236901514874643	0.09339655958918673	0.1312229663464201	0.17435975274711377	0.007036061912647449
318000	-1616.9922983315114	-1364.3006998284986	-252.6915985030127	0.050038457633003734	0.07361615118673805	0.048018556988094395	0.08188607621174908	0.14924557526727622	0.003992489208751634
319000	-1611.1155532457287	-1365.7059199384726	-245.40963330725606	0.0887426441534129	0.13972633499679882	0.10134056048561683	0.10126130556101498	0.151972355658254	0.0056716085393142945
320000	-1611.3001721627356	-1365.225242618047	-246.07492954468864	0.09538453423447464	0.11482370749581157	0.14118465558665771	0.07713074010448047	0.1722557859821005	0.004936617590931456
321000	-1611.155170925085	-1366.5974419655786	-244.55772895950642	0.10998956828191049	0.10109544795075893	0.09853683378152771	0.09639235874884344	0.1340939515272377	0.00532032858580454
322000	-1611.3674052365702	-1367.0349198647991	-244.33248537177116	0.10731462813643625	0.11580437796207757	0.14011989892557655	0.09791948506552892	0.14628394287769123	0.0046301558967125995
323000	-1612.5432837943	-1366.7186917352856	-245.82459205901432	0.11789993069117365	0.0743071593643415	0.07699416593915857	0.0913250368845747	0.16469838731635328	0.0039048473941107826
324000	-1614.970520732366	-1365.293425625571	-249.6770951067949	0.07565201073968891	0.13332474745520595	0.08632215191409871	0.14925091808100918	0.15887968778587017	0.00907065367029251
325000	-1614.8771703219224	-1366.7555208989916	-248.1216494229308	0.05101148701174643	0.11654305335442519	0.12384281221291855	0.10000434238137286	0.15041579651179043	0.00416465601798734
326000	-1612.628904629962	-1365.2541414245027	-247.37476320545935	0.13244306276336243	0.09390205684177054	0.07169282214144118	0.06296649474867763	0.14876344569946262	0.004492268442190562
327000	-1611.3959382360194	-1365.3863767308155	-246.009561505204	0.09083833373518001	0.08452795048883546	0.06518680833389326	0.10253524156748395	0.1268733452034416	0.004232950218946053
328000	-1612.678674755297	-1367.5049690615383	-245.17370569375868	0.11084148123166607	0.11419635045610498	0.12319533833388067	0.15047944018313628	0.14873007778689193	0.004375731607372672
329000	-1611.294313651983	-1365.6875815072344	-245.60673214474858	0.09011151209659526	0.09963878128801817	0.09798609493220678	0.07983522945442607	0.17007300099897382	0.004256088813959218
330000	-1612.8864265277139	-1367.8230690024645	-245.06335752524936	0.09033676051552242	0.12358610609646749	0.07212588794262673	0.15137082122430734	0.11903645552852882	0.003595171416698217
331000	-1613.7394387346517	-1366.0549512681891	-247.6844874664625	0.058853670034784665	0.08389854166596271	0.11502560559035839	0.06314264663731597	0.14185384925766673	0.003337631877698215
332000	-1612.7139467435443	-1363.5270994241846	-249.1868473193597	0.06846761765760767	0.09336027760141995	0.05449043307510836	0.1338767200116334	0.1668723557636008	0.004376569624132051
333000	-1615.3642882386716	-1366.513546390632	-248.85074184803972	0.1224033165452732	0.11225259341471157	0.06127674546096132	0.08265403276043351	0.12814404835459287	0.006295317932172322
334000	-1613.950445571863	-1364.4279034732679	-249.5225420985951	0.11458697057338209	0.11936894634211857	0.05553439655816317	0.06003547977897256	0.14024995457856862	0.005821271490720598
335000	-1612.2410945915044	-1366.9496341449924	-245.291460446512	0.1448964012447467	0.12216943676785236	0.09043912301446458	0.10604995308010594	0.15591337531986843	0.00579544984992615
336000	-1611.7922946918789	-1364.6964544356276	-247.0958402562512	0.0744889138913395	0.09870525763885302	0.09798573241131878	0.13007653926615623	0.19079697442795088	0.005567325344359371
337000	-1611.9067569002154	-1364.9512466254769	-246.95551027473851	0.09392807045357435	0.16732122858209447	0.10145214612787472	0.11169947348759413	0.19168946150410765	0.004822794117329258
338000	-1612.8313102591555	-1364.9289083341619	-247.90240192499377	0.08256481773960693	0.0697890988373111	0.09932227626888604	0.08439005301848952	0.18186754496422983	0.0047562009183685005
339000	-1611.9787237786586	-1366.0084036141966	-245.97032016446204	0.09435335921231677	0.18022847122041638	0.10389826927998658	0.09184860940809181	0.16105784847599736	0.004616393654035874
340000	-1614.2865738053688	-1366.1740783744165	-248.11249543095244	0.057685504253621504	0.14028860066602977	0.06443146222348096	0.09901542637356427	0.11864447659628147	0.004585848660204922
341000	-1612.5793163830622	-1365.829231802297	-246.7500845807652	0.0745262072493102	0.15622799147111938	0.10811753293476102	0.10317896985668414	0.15783341705863665	0.0050422334780928476
342000	-1615.6041001945487	-1365.662010706063	-249.94208948848552	0.07345455546996281	0.13473124320716356	0.052802296610029255	0.09172637876527492	0.11979825144400137	0.005412965869565509
343000	-1614.2095841556622	-1364.6868062562771	-249.52277789938506	0.11635158285478112	0.1336271342624052	0.10205556211605463	0.15562996948938868	0.18652325592514632	0.007770531671646481
344000	-1615.179391150542	-1370.5270999045379	-244.6522912460041	0.11361335551925857	0.08966873521049838	0.0934407401050502	0.0690743136790716	0.09552479416079301	0.003150806940276209
345000	-1615.9397925849785	-1364.293583412703	-251.6462091722757	0.06629101050514388	0.16971898623984122	0.05890799422519948	0.06366353426814444	0.14858028045722604	0.0046542165106785915
346000	-1613.021537077463	-1365.4542181741363	-247.56731890332676	0.07593745406209199	0.1030081477929351	0.11590403728836592	0.06561369688547129	0.1768509820723888	0.004034832137485316
347000	-1618.305525300185	-1365.5397169098314	-252.7658083903536	0.03826384901212784	0.10545501629442015	0.059095382682488505	0.10642657560078715	0.16386799485374448	0.0035512500809837698
348000	-1613.790518028539	-1366.4919742754778	-247.29854375306135	0.10452530197570002	0.09174806263611478	0.09760965563369878	0.17229644208982656	0.14641680328324735	0.005850887107100893
349000	-1613.3723789814082	-1366.1150465735388	-247.25733240786943	0.08257204977434297	0.10672342947010148	0.1288510302436473	0.17167214807461947	0.15891176342072347	0.006040536502960835
350000	-1612.7673796560273	-1366.5780375234579	-246.18934213256944	0.09771423660517192	0.10785752976325136	0.07249180145670074	0.0924011112808949	0.13815660649673306	0.00605138060980907
351000	-1613.7907096041552	-1370.6166518826885	-243.1740577214667	0.1213436989938563	0.09006544832814575	0.12826827653998757	0.13584283753074597	0.1380676560443811	0.0034188729642904477
352000	-1614.8165781787043	-1365.6460335702996	-249.17054460840475	0.09579388682138154	0.13084412164247153	0.13333878822853823	0.1066568103320589	0.1843418095952985	0.006843284769469616
353000	-1610.504168272221	-1364.9336834966948	-245.5704847755262	0.08116390659261571	0.11527880398044392	0.09204751611045324	0.1180194788756571	0.1613760233328107	0.004644684047829938
354000	-1613.2093380902973	-1367.184854283453	-246.0244838068443	0.08525135052802321	0.10226425509847534	0.10354193295533848	0.10021388971781095	0.13620014879461378	0.008131047776223893
355000	-1614.3453327573154	-1364.4153101540905	-249.93002260322493	0.11283448067443036	0.09186945833531159	0.06683076863867876	0.11946830495753846	0.1759005913330846	0.00494033373981135
356000	-1612.2993523258142	-1363.1746828989371	-249.12466942687718	0.08894130371153845	0.12939145856846926	0.07486712238382344	0.07656733432603087	0.21693915977601094	0.004956292364616299
357000	-1611.9310167264562	-1367.4827173835833	-244.44829934287284	0.10187274048889669	0.10081303252254971	0.0790745689735685	0.10645397754672531	0.14055659611990903	0.004023464533493015
358000	-1612.3549376348396	-1367.6291198494278	-244.72581778541198	0.08797533519987956	0.09011392995995204	0.09110739181554466	0.07974692273661338	0.11951132043284834	0.0031044286527726487
359000	-1616.8744252022636	-1367.4850619638346	-249.389363238429	0.06347711626441184	0.08344355248810653	0.07309493071104495	0.19731455937838804	0.09883949765844736	0.004276157685207799
360000	-1616.9410634075537	-1364.5307257068393	-252.4103377007143	0.08368036258925086	0.14180277754278772	0.08488488795216141	0.045837587111370884	0.19773495015329967	0.004790364548775627
361000	-1615.8770750049514	-1366.39947001591	-249.4776049890413	0.08011456153955533	0.17101628506633623	0.050012633279638376	0.10490355891557719	0.12092135917991075	0.003963569000770171
362000	-1615.329580318918	-1364.655458516048	-250.6741218028701	0.17801823570079542	0.09766589033498171	0.06733049620537482	0.1246725551617266	0.18875887358479537	0.008363456664043289
363000	-1616.2931671665908	-1366.6927134813227	-249.60045368526812	0.06091470272035029	0.07979967322254977	0.08315746916470745	0.1640425352423306	0.13608753306647065	0.011227383729206326
364000	-1614.1121470664145	-1362.792623252043	-251.31952381437154	0.10749626387232318	0.18181272766510714	0.05082264364119395	0.10411009699041648	0.2073018728324794	0.005242448275652163
365000	-1610.7382223212526	-1365.1022820375267	-245.63594028372574	0.09902029680014474	0.09844331368428472	0.08732698147501497	0.09659910175932143	0.15787089071075203	0.006394871412943267
366000	-1611.6870288027962	-1365.0074596696722	-246.67956913312398	0.11969104629464257	0.09601976153287467	0.09038625389243962	0.1114119551623653	0.1979153418850231	0.00465490673968465
367000	-1611.5684525773927	-1363.4888463582986	-248.07960621909422	0.09398627426949299	0.1130691605247955	0.055299054852463544	0.10027272857270766	0.1799722041318445	0.004395254949457903
368000	-1615.8646799026703	-1368.8807888086326	-246.9838910940377	0.07515737188874888	0.05728948013022769	0.0810429772251755	0.09100621102925237	0.11448092525207271	0.0023596124899285904
369000	-1610.867339864064	-1365.9380537925967	-244.9292860714673	0.11716579327151254	0.09196312118094388	0.09593365709732114	0.13079425498067085	0.13978173042955125	0.006242482894945572
370000	-1613.5293388382536	-1365.8536234912012	-247.6757153470523	0.09051515649178676	0.08256411433826696	0.08152405373814432	0.10905624995494284	0.18877156811491624	0.006039708636680122
371000	-1613.186486403054	-1365.0852804841727	-248.10120591888133	0.10438260479333619	0.10515864955647194	0.052327955135235166	0.11370087154914234	0.14046826345109764	0.0041283709294216995
372000	-1612.5836740851994	-1365.774628093308	-246.80904599189145	0.0781390174918956	0.10526304065179162	0.08004701032765857	0.07824026786072708	0.16995725650720467	0.0038968163445614215
373000	-1612.1575217221143	-1367.096546688842	-245.0609750332724	0.13713595324271308	0.11205919647527146	0.1345705515487797	0.12020176965692599	0.14054585695140442	0.0056427084690595045
374000	-1614.8395695968081	-1363.2712311696819	-251.56833842712626	0.09267427168257326	0.08854326048354243	0.05076374091853226	0.13083562951082778	0.2110108362141389	0.004416177553375005
375000	-1613.946085390203	-1364.954186230164	-248.9918991600391	0.1080777087526113	0.07579677180197857	0.06239295955850483	0.1031126314144133	0.16422768305920138	0.006333305365045741
376000	-1614.4064884853879	-1365.0241419147223	-249.38234657066553	0.06096717329380796	0.09495500828288934	0.09298074999274683	0.07876322811905483	0.19709902073459568	0.004623154734896929
377000	-1611.6812330184894	-1366.014143673557	-245.66708934493235	0.08257988251846753	0.09363387385178377	0.09670801895817836	0.11523024489456352	0.14676629636326	0.006534285374792086
378000	-1615.156108576993	-1365.8873871942696	-249.26872138272327	0.09109228031323838	0.1531375828637632	0.108422368210888	0.08960697361694901	0.1574459274957474	0.006741301793719057
379000	-1614.4961206899416	-1367.1075257022915	-247.38859498765004	0.08515126677153305	0.06776888736818353	0.1728194696172578	0.13826213944138863	0.14454420733527953	0.005954964114699995
380000	-1611.2287304992226	-1365.89769343236	-245.3310370668625	0.1252274374063955	0.09507660382042868	0.07549865829222263	0.08355868529102539	0.13455555830984886	0.0046777859848055
381000	-1613.399535917908	-1366.701502542161	-246.698033375747	0.06109435555517873	0.09661358091808994	0.10786177650201026	0.09615335807660651	0.1322125178789106	0.006387211816198227
382000	-1610.7644027469894	-1365.5719052289094	-245.1924975180801	0.07758168946236446	0.1014856852234021	0.118943584703751	0.09484986654952217	0.16878597121142705	0.003741194131313297
383000	-1621.408979079247	-1371.136798441234	-250.27218063801305	0.17624525549243514	0.043531863266246716	0.06444247503141697	0.10651151509340086	0.1508791241763982	0.0022197392313525795
384000	-1611.6915932962402	-1365.236374877293	-246.45521841894728	0.14544746187890903	0.08793490556698165	0.08814539202580154	0.12331499680911295	0.18471489559562862	0.005630425962825382
385000	-1612.4530975065597	-1366.4491833730726	-246.0039141334871	0.08291854664075085	0.15702884969894093	0.09275352616323093	0.13042250104436828	0.13162459788297803	0.005349744672062299
386000	-1612.1478316542557	-1365.994929608221	-246.15290204603488	0.09189200517641334	0.09182676041782604	0.11886160554190774	0.10586070132167784	0.15232023322957677	0.006078203849411024
387000	-1613.1934198859985	-1364.8200136936164	-248.37340619238213	0.13527973354560865	0.1360314516852454	0.07301729705895108	0.06851101764956954	0.1563517342376075	0.0059221794549964134
388000	-1617.407647905456	-1370.2700057147517	-247.13764219070433	0.17418273975488824	0.07770347980573142	0.10284966874089164	0.15084878956011827	0.11189834309154595	0.007713401190117529
389000	-1611.9695163497852	-1367.019504011691	-244.95001233809427	0.1068880743300805	0.08118864695868926	0.08482824629906376	0.13723509719131965	0.1233848920918314	0.004488565979681021
390000	-1612.5736255872625	-1367.4210729049948	-245.15255268226767	0.07495357677803903	0.11384484718300004	0.12952071476826094	0.09828474081722827	0.12000625796501577	0.004323081094193443
391000	-1610.7899834608086	-1366.0003232307154	-244.78966023009312	0.10974900585231456	0.11151754626273312	0.0820714224710227	0.12880976632090974	0.1297401985450562	0.005922634592951923
392000	-1616.928202851624	-1370.8482244431839	-246.07997840844024	0.09190518637750486	0.08848899553140696	0.09012298885191036	0.06667474984734131	0.10064816765383593	0.005087617493032758
393000	-1614.7370234057898	-1365.9062510788979	-248.83077232689192	0.04906483079193153	0.07628642883111213	0.09198403605075732	0.07519802715032618	0.12427489129308893	0.0032612102292666014
394000	-1613.4839467536249	-1366.3674101526494	-247.11653660097537	0.11194579771360719	0.1560614195998516	0.06941430725613139	0.07272374598840649	0.12172789895669374	0.005206145543068716
395000	-1614.1585431629987	-1366.6696619958852	-247.4888811671135	0.07771951447056004	0.1485543728736996	0.05867696024456435	0.08088022195755666	0.11117188964299264	0.004370933859223042
396000	-1614.8014535636505	-1368.4882885432526	-246.31316502039792	0.09040858417028169	0.1650574701197448	0.1294283579187791	0.10132134700727097	0.13877304427433973	0.007862435470057067
397000	-1613.7880511964522	-1366.8592707554787	-246.92878044097358	0.11663796170501226	0.07614490101790729	0.19521778916348384	0.09442314821876198	0.1498558577442953	0.004461631281662628
398000	-1611.0563842967647	-1364.3327069478955	-246.72367734886913	0.09629541369871741	0.10576299565775919	0.06988277606739	0.07749377356978028	0.15762327752635646	0.004310076587752201
399000	-1615.6198442233201	-1367.5812849079816	-248.0385593153385	0.1645147728416621	0.1240959871858537	0.08177694237531075	0.07686136283773795	0.18490004281134606	0.00614227599267494
400000	-1615.3115398967047	-1367.7126839612536	-247.59885593545118	0.05687132087156062	0.10496048171893314	0.11000843788696825	0.06754555672050035	0.13485723410872166	0.004069081458898588
401000	-1610.7122296645348	-1366.0800328744604	-244.63219679007437	0.10270625064946562	0.12210228086849616	0.1277368416759426	0.11854403714701081	0.1512643606202539	0.006553984461917507
402000	-1616.5202024622947	-1363.0243945886205	-253.49580787367424	0.12106721635110644	0.11376660084533843	0.036132333514813736	0.0651761805487625	0.16150497461324717	0.006024276733262839
403000	-1615.4096879900208	-1366.5815168388376	-248.82817115118326	0.15461235249288335	0.11008682579665346	0.07603053653237432	0.06322547388721846	0.15797150495333248	0.0054257753696664544
404000	-1614.7945685212003	-1366.7885681563882	-248.00600036481202	0.08558811346614734	0.11904450565731957	0.06010448508110138	0.16912062425236718	0.16562030455668722	0.004262184118330509
405000	-1610.019058274686	-1365.3662580144482	-244.6528002602376	0.1071515073291266	0.11545454822109642	0.09513413244015537	0.11562211962131909	0.1510321047867196	0.00641111325798912
406000	-1612.2792753142257	-1365.4510120021237	-246.8282633121022	0.09764348504248462	0.09304092258014567	0.06863633718523579	0.10098405202607993	0.14856226028617533	0.006581267953682911
407000	-1612.760695319668	-1366.8705964138576	-245.89009890581042	0.08966146939170049	0.076074976334609	0.08617010956837409	0.07098381080039759	0.12357883150115365	0.003407790334003863
408000	-1614.1126060881033	-1364.4874404437542	-249.6251656443492	0.07140177880584135	0.10101659479116316	0.04666181078695772	0.07104624974653766	0.12210595779225081	0.003656491386416348
409000	-1612.2102728513692	-1363.8735845070858	-248.33668834428332	0.12728043771887398	0.12357762037491328	0.10063453521669204	0.07960094320947265	0.21905648644971054	0.0066379442806966844
410000	-1612.9236214380728	-1364.5596242009701	-248.36399723710264	0.10504805052624314	0.10190461257406305	0.09554451840232324	0.060419228466575284	0.19837262123022179	0.004039507288940226
411000	-1614.3540585670303	-1363.9827273227736	-250.3713312442568	0.0743344780958389	0.09545035248915047	0.0831456713819021	0.15035908432697367	0.21143940297312605	0.005726940531109957
412000	-1613.9321432051452	-1368.4298849290003	-245.5022582761448	0.12495518407278322	0.08023337531606146	0.09433476784382455	0.11837298560856861	0.12011680995374899	0.005940025637465718
413000	-1615.599460860584	-1367.2224816050905	-248.37697925549347	0.0986528001187996	0.06794308504525272	0.09194739074013275	0.05876419551692545	0.10966362933435168	0.003328472050088481
414000	-1611.7939440238997	-1366.6449198773912	-245.14902414650854	0.12857667028338268	0.10562563469652408	0.11524332113040707	0.10154248598704697	0.15507227004686042	0.0067700062592889465
415000	-1613.1783730777595	-1365.8335496721543	-247.3448234056052	0.10690209938794847	0.09579002333046012	0.06818971368426884	0.13561495026582607	0.1505142341886614	0.0046519717689262755
416000	-1616.5177169730177	-1367.5339910744442	-248.98372589857362	0.09634735994536689	0.054981986484988525	0.10963632123762015	0.06353724800673513	0.15577823281860256	0.004436789457008876
417000	-1614.2034480976183	-1365.7083245450985	-248.49512355251974	0.053771896259250586	0.1526868087221722	0.09405637270324352	0.09452905423925607	0.18420625335555027	0.0032412609192495603
418000	-1612.936746359381	-1365.0185377156479	-247.91820864373315	0.11240907174815658	0.19637742412210132	0.10538519909496978	0.12592295150820634	0.17259800807573936	0.007736163022596236
419000	-1611.4275557509843	-1366.7121461104484	-244.71540964053585	0.10222316260529297	0.1013494153446984	0.08608539889869994	0.07655839812196619	0.1229166734908612	0.004441669906159454
420000	-1614.239978343762	-1365.839900555493	-248.40007778826913	0.0824239831519921	0.05877928407202909	0.06508532484526934	0.10820420135183184	0.14383536629950133	0.0036972265392198403
421000	-1614.7895434637203	-1364.6828748663559	-250.10666859736438	0.06494798346578114	0.07349616726965527	0.1055578541025824	0.10010750247825957	0.2027896618280764	0.003750925833122178
422000	-1613.6382428214124	-1364.1454242742823	-249.49281854713004	0.12800246463285858	0.143922623346326	0.04645974639748401	0.1586502173100161	0.14463366575178516	0.006582588158462436
423000	-1613.6063302164791	-1366.5617791567092	-247.04455105976993	0.09051686676882624	0.1635695086723543	0.07343029080873462	0.10542003896834988	0.14505457461389656	0.00439831826620862
424000	-1612.4055988316832	-1364.3565410583506	-248.0490577733326	0.09346069614642293	0.1197546579893253	0.05710043250210508	0.14661850132098275	0.15198869112671595	0.006388260733964642
425000	-1613.5705141322508	-1364.9871692813895	-248.58334485086138	0.09607012069013238	0.15167125038937976	0.08894677910370749	0.0703768406682115	0.16460252363914957	0.007181193431697257
426000	-1613.0300658483604	-1364.2390495545005	-248.79101629385997	0.09782026406747177	0.13815821544978144	0.05876221246912448	0.059942977078543555	0.15985508309330343	0.003972006865398224
427000	-1612.667733691637	-1365.0159969292167	-247.6517367624203	0.09372652253320313	0.09536831953937178	0.075430893397317	0.08511558760077309	0.143817801320143	0.004266903558796944
428000	-1613.3534167283492	-1362.6168655235833	-250.736551204766	0.10889333980623472	0.10183146147026267	0.04532670646233424	0.08247257153231027	0.18731364162752728	0.0059812661836490255
429000	-1614.4492090144186	-1368.1362555182895	-246.3129534961291	0.1246122627730844	0.0686951951302031	0.07891325781724755	0.10102242706633931	0.10187022079112074	0.004980663138506107
430000	-1612.8837697648619	-1366.5939319510653	-246.28983781379648	0.07709344001549387	0.08381289699270764	0.12489912776080293	0.09301928549006543	0.14583715260947705	0.004398868312809607
431000	-1612.5164815572393	-1367.125763924209	-245.39071763303045	0.10635875133305493	0.07621951961214689	0.09301897609979726	0.11063387491699686	0.11811345940464164	0.004915223282777092
432000	-1612.263301886438	-1364.216495867338	-248.0468060191001	0.1506143899179286	0.11866113509610274	0.08720524104753184	0.1282913047215871	0.20409434554661293	0.007357388185925031
433000	-1612.7520105074902	-1366.2102257256524	-246.5417847818379	0.09244762449434506	0.07714947743148207	0.08167212937163347	0.08862895229969915	0.18297300756294707	0.003731311282307584
434000	-1613.615326844928	-1367.140587157121	-246.47473968780687	0.12118945135364796	0.11342477232315076	0.12240207292676145	0.058393576737968106	0.15858530999660783	0.004255399466874975
435000	-1618.1044002911763	-1362.2984404925342	-255.80595979864222	0.10414210814778983	0.08630468848845485	0.02471245502506723	0.10325070838068398	0.1820248800181695	0.006654936785611358
436000	-1614.9629704617007	-1364.3996590026663	-250.56331145903434	0.08830148282694407	0.17880266856698449	0.05163173813509025	0.10540830016950829	0.15951260057692715	0.004394098683589928
437000	-1616.3387544171171	-1365.8182099901196	-250.5205444269975	0.14477313259056157	0.07253301594923511	0.06442732392059708	0.09178708054556399	0.13455855317684742	0.004922751484557189
438000	-1616.3899838911934	-1368.4295205881647	-247.96046330302872	0.10078258573071602	0.15364602053579046	0.09411406196802206	0.10961009348529957	0.11534054919212341	0.006384140628777152
439000	-1612.837165069024	-1365.4440160355475	-247.39314903347636	0.13027470806148125	0.09691335611410076	0.09279718295799065	0.0696840263411854	0.1746693518420583	0.007013596257113623
440000	-1613.0990044831385	-1370.1100499948823	-242.98895448825618	0.10890993170318566	0.10145570246509043	0.11211874911638607	0.10893450817200104	0.10875275348804042	0.003537224277052913
441000	-1613.8251640611397	-1368.7240062789224	-245.10115778221746	0.1337174495180554	0.06802279288805241	0.08329383895873739	0.10640928973568395	0.11967162374099821	0.004139300729544393
442000	-1615.1689737206293	-1364.9249344533714	-250.2440392672579	0.08499801132782994	0.182292310145073	0.07474978052508531	0.10045875792836896	0.1885704985808986	0.005810572633410898
443000	-1614.434936074591	-1367.3630166523849	-247.07191942220598	0.1024999859914158	0.06911958515124383	0.14474428514682924	0.12762834503556442	0.15438732344755596	0.006217056557169939
444000	-1620.7867987258828	-1370.2053731289084	-250.58142559697447	0.1506593708762811	0.04474397274681195	0.05760701128730242	0.11661833004917338	0.10750351324592443	0.0026331475407227094
445000	-1610.9907207236529	-1364.8099212802563	-246.18079944339658	0.08339672645635603	0.12499906092737814	0.09858822089734863	0.1085021443671629	0.1768429752499156	0.005649223852547228
446000	-1613.612244595612	-1368.33671662224	-245.2755279733722	0.1236545704156902	0.14644504841576547	0.11353318534243882	0.13506482004670406	0.12297217589416162	0.008138511996871224
447000	-1611.8460628260877	-1366.8357110374423	-245.01035178864547	0.07330552222811829	0.1060003871269757	0.09961552671906969	0.08784499350430906	0.1650844081275125	0.002906891816481343
448000	-1616.608449466973	-1367.552176264703	-249.0562732022701	0.15666255193126877	0.08124003489177903	0.14127899751292997	0.05682082195211167	0.17326864270907802	0.00394793884232346
449000	-1612.2600365004892	-1367.021085014232	-245.23895148625712	0.12486988583553842	0.08658111592040951	0.12066389415741355	0.08677752729141104	0.14899109566674135	0.0051174968853811165
450000	-1611.0862614369682	-1365.6954307880985	-245.39083064886975	0.0792726892102703	0.1256864226903147	0.11048318119724992	0.08700139707360854	0.1501417549802838	0.005068862054490493
451000	-1617.9546875864755	-1368.1154052264828	-249.83928235999272	0.1583736161420897	0.05239466208413121	0.09119880801145194	0.12847224819165157	0.17438771414865611	0.003408459517465771
452000	-1612.392399769963	-1363.6902447010548	-248.70215506890827	0.13030192505423624	0.09522529538184361	0.0765931908897813	0.0806583584555811	0.21013019026254953	0.006285496047007607
453000	-1616.5319258046704	-1368.015085395876	-248.5168404087945	0.08040133334986942	0.06574234559857982	0.08943201673488026	0.11470051551319822	0.12674061904277156	0.00458713343143994
454000	-1612.596742245743	-1364.3565818824673	-248.24016036327555	0.1381670807685768	0.09523620372929557	0.07878940241522508	0.0757834140508604	0.20881139709050042	0.004972246734023588
455000	-1615.1735871626536	-1368.5982524725596	-246.5753346900939	0.06486374325606412	0.1308067647475131	0.10197787109168521	0.10509117334434165	0.16433108590321116	0.005366472583047568
456000	-1613.6732306562221	-1366.8472833717324	-246.82594728448964	0.07672923555131175	0.11626089328418224	0.1192204303232843	0.14757854440937068	0.2045441174120302	0.004996879162236133
457000	-1616.9266161237676	-1368.1047571661948	-248.8218589575729	0.11693204787546317	0.07102800502607794	0.10142697938714473	0.04811475724394982	0.1356935739521001	0.00431936148862018
458000	-1613.2656012318557	-1363.9770252544786	-249.2885759773771	0.12211854299348271	0.11987615962059953	0.05468067842550025	0.09678359641381593	0.1706819235987546	0.0077783604721978076
459000	-1610.6640665446166	-1364.073439574668	-246.5906269699484	0.10262182206466476	0.12847094744748036	0.10105552381853336	0.10692425108970965	0.1964001863353029	0.006648226300626642
460000	-1613.3301615023142	-1364.6767785666689	-248.65338293564542	0.10710380472814775	0.062043276573624934	0.07646811645319906	0.15676868572748515	0.17618218465251909	0.005156950583119034
461000	-1611.9181488444242	-1365.3347670693408	-246.58338177508327	0.11695690823017037	0.12619772975802684	0.06307004487079991	0.14066711966900258	0.1582544034236921	0.004894735434791525
462000	-1617.8686575344445	-1364.5685421445423	-253.30011538990226	0.11002833301941489	0.09468726094583568	0.029009317058346824	0.13375075408002363	0.15459453878462862	0.004573240116133634
463000	-1616.6371354481362	-1365.3333294261147	-251.3038060220216	0.14555967358909438	0.06516011237109011	0.04298973660611089	0.12104721634693222	0.14067230298004726	0.007634275776409924
464000	-1612.4070102467317	-1366.451192605306	-245.95581764142565	0.10388954396329113	0.08450262529265876	0.09413652268461369	0.15414762794820436	0.13106777109860077	0.006010799558173732
465000	-1611.248123575645	-1364.8449133534339	-246.40321022221102	0.08730157371587222	0.09059941296535483	0.08063817647388605	0.10888808728556336	0.16987743790541257	0.004822719384853398
466000	-1613.5272141114856	-1366.2793405239283	-247.2478735875572	0.10890841394112663	0.07849951742129113	0.06423673369679056	0.08375280927526145	0.11919111999510505	0.005543435743452618
467000	-1612.4730070818673	-1366.319822508833	-246.15318457303414	0.08752229211741096	0.13384373171500275	0.13232925813573768	0.1090979727714581	0.16169852252250916	0.0068189698141152555
468000	-1616.8772558270612	-1370.726446066698	-246.1508097603632	0.10488032568633504	0.1206660426322617	0.0890999361214808	0.07724637306118971	0.08603469578358332	0.0048002369626317185
469000	-1612.3906093005435	-1364.4529853862427	-247.93762391430064	0.11700103397259494	0.12422073724304628	0.08366012535526718	0.08160474400855228	0.2093514016630641	0.005064331116926865
470000	-1613.3293476908943	-1367.1866480127642	-246.14269967813027	0.08066904072700912	0.10090488427520662	0.05784092210971291	0.09722556171671465	0.12743412716667185	0.002878083366869081
471000	-1614.5916369681972	-1365.3016215296552	-249.29001543854204	0.08863176450673776	0.096374423240284	0.04341270908312419	0.09107019457604949	0.1180456163148228	0.004129981926481067
472000	-1613.5734472954134	-1365.5865245146747	-247.98692278073878	0.07195615890950809	0.09781431220240047	0.08701940508161221	0.12596178274444614	0.18756616339391652	0.0066654107769926136
473000	-1613.354263611663	-1363.2074849681858	-250.1467786434773	0.07760860960621023	0.1088776267304385	0.043947463733584644	0.0998608775019363	0.16271319989275967	0.005583426553146166
474000	-1617.1173262645916	-1368.8614080731231	-248.25591819146837	0.08057954679176008	0.1732623368027175	0.1169166724194749	0.10944684334232055	0.16314662657014944	0.007126038927934432
475000	-1613.6919008687303	-1367.7741357345972	-245.91776513413308	0.11083224202323783	0.10622092344810007	0.11519358886672615	0.10955993660841477	0.22021306158063736	0.003188809505515662
476000	-1613.3843317037627	-1367.5046987598007	-245.87963294396195	0.14424363799648307	0.1281385363848107	0.10470218851753074	0.14659705212277485	0.13297927557829503	0.008152849996584818
477000	-1615.5396159606782	-1364.712739736671	-250.82687622400718	0.06262504449638001	0.08915229387749918	0.10222079617191852	0.13391459577205836	0.2001555795789318	0.005089412716106806
478000	-1611.9827273031149	-1365.5969230611481	-246.38580424196675	0.08475914192824223	0.15907908163164447	0.09119895415421443	0.1466029514141218	0.16538317272317735	0.004599258270317174
479000	-1614.4946184376126	-1365.1788565437541	-249.31576189385854	0.16628248905937515	0.13074440772610063	0.06150972961648096	0.08529137199612226	0.1581354783080512	0.009358584201927199
480000	-1611.1678863380698	-1364.3677024105255	-246.80018392754448	0.07795797590102936	0.08326451023962103	0.07337615658551322	0.09531110363805456	0.1639392054620561	0.003870258555702135
481000	-1615.34908902979	-1366.2017221366418	-249.1473668931482	0.11735277437832602	0.08708359483507148	0.06446964203109735	0.13278034554588924	0.1250424771641386	0.007031478266457527
482000	-1615.168783082025	-1363.6844186125081	-251.48436446951678	0.09883543616671095	0.1338158330477971	0.04629361227883478	0.049876860434749835	0.1408827543771302	0.004571977013953092
483000	-1619.7538392555703	-1364.4106085176645	-255.34323073790566	0.04749737251200133	0.06974097310393419	0.05918932124276952	0.11277195508085824	0.20431430448535545	0.004425420070271673
484000	-1611.367499404117	-1365.083175444625	-246.28432395949196	0.08941725823029055	0.10973264039616104	0.09859837706054723	0.11682529695424365	0.15808770087027216	0.00505569713166757
485000	-1612.1086351957288	-1363.849235115481	-248.25940008024776	0.1014583965393914	0.10011652826042788	0.0700637226355185	0.06513013935379462	0.1746007267367433	0.0045112834622775926
486000	-1616.2823961932752	-1363.573762953955	-252.70863323932005	0.057598206373469796	0.09624905353723204	0.05496803010734277	0.09113967465471362	0.22637552109482315	0.0036198467021967664
487000	-1612.7220795492228	-1364.541311560007	-248.18076798921575	0.15674447717234383	0.1264698722651846	0.07917095211345555	0.11326389238733604	0.19779349237300317	0.0072131827416987435
488000	-1613.334514729873	-1366.647614002517	-246.68690072735612	0.07461101418631229	0.07473009237819565	0.11028450156065941	0.0757348965405363	0.17354559817282172	0.0035849689481615822
489000	-1611.1065179809934	-1365.5189562379423	-245.58756174305114	0.09079249034059302	0.12032499507385937	0.09134664401495554	0.1178043144886247	0.15210503150909052	0.0065563881318404455
490000	-1611.4479074175129	-1365.8619393552322	-245.5859680622808	0.10005987191085111	0.08022192609286673	0.1403032987676252	0.10876601495115705	0.1747040226863417	0.00434383545247772
491000	-1615.8676588038256	-1369.524606831606	-246.34305197221957	0.10876667811649972	0.08752692146092253	0.09688381241275497	0.10373392594493784	0.11055303288684269	0.008798091629028145
492000	-1612.961873779989	-1368.1597466754072	-244.80212710458179	0.09352155276311314	0.1482893697177315	0.1267533973791096	0.10046364185004718	0.15028515940583168	0.0036468577594691663
493000	-1615.7364942937866	-1365.883778557646	-249.85271573614054	0.15461656634724294	0.19865660864429785	0.11643984176292436	0.09134759754585241	0.18188446116257542	0.009225199520802342
494000	-1615.6971310893757	-1367.5222077530493	-248.17492333632632	0.07619246229143667	0.08292137912735907	0.06478012555129833	0.08205332330212763	0.13319963908726856	0.006431819428772149
495000	-1611.4824302166162	-1365.1900883516396	-246.2923418649766	0.11480476809360907	0.1480075513623062	0.08943531536100051	0.08189822580071462	0.17287217197597837	0.004962035055927265
496000	-1618.0995120322627	-1365.474227673771	-252.62528435849165	0.19777586987616946	0.08437791764673239	0.11610918510173504	0.09364984582479763	0.25075145281203315	0.007769608611664555
497000	-1611.5025387856485	-1365.9960407717203	-245.50649801392822	0.11993005501236859	0.0789044956256012	0.09707130991885965	0.08656109125125878	0.14004459964071614	0.005157028994094393
498000	-1611.3513157241505	-1364.6726367453402	-246.67867897881035	0.13042276391689273	0.1415775952805962	0.07271057965391549	0.08726599579783054	0.15262490678874277	0.006886806354357043
499000	-1614.750676988739	-1365.2141988765761	-249.5364781121629	0.17722020619055787	0.17132802317366616	0.10198309412113979	0.0633638622191301	0.167123237801488	0.006549161065445364
500000	-1616.859577217821	-1364.7599854600935	-252.09959175772758	0.1245851566642693	0.1538163158155879	0.047749071737316115	0.06267136098574559	0.17472923533097362	0.007218386002258088
