#
#model:
#
#<?xml version="1.0" encoding="UTF-8" standalone="no"?><input id="posterior" spec="beast.core.util.CompoundDistribution">
#    <distribution id="prior" spec="beast.core.util.CompoundDistribution">
#        <prior id="lambdaPrior.bfd" name="distribution">
#            <parameter id="lambda" lower="0.0" name="x" spec="beast.core.parameter.RealParameter">0.01</parameter>
#            <Gamma id="Gamma.0" name="distr">
#                <parameter estimate="false" id="RealParameter.1" name="alpha" spec="beast.core.parameter.RealParameter">2.0</parameter>
#                <parameter estimate="false" id="RealParameter.2" name="beta" spec="beast.core.parameter.RealParameter">200.0</parameter>
#            </Gamma>
#        </prior>
#        <distribution id="snapprior.bfd" lambda="@lambda" spec="snap.likelihood.SnAPPrior">
#            <parameter estimate="false" id="alpha" lower="0.0" name="alpha" spec="beast.core.parameter.RealParameter">11.75</parameter>
#            <parameter estimate="false" id="beta" lower="0.0" name="beta" spec="beast.core.parameter.RealParameter">109.73</parameter>
#            <parameter estimate="false" id="kappa" lower="0.0" name="kappa" spec="beast.core.parameter.RealParameter">1.0</parameter>
#            <parameter id="coalescenceRate" name="coalescenceRate" spec="beast.core.parameter.RealParameter">10.0</parameter>
#            <tree clusterType="upgma" id="Tree.bfd" nodetype="snap.NodeData" spec="beast.util.ClusterTree">
#                <taxa dataType="integerdata" id="snap.bfd" spec="snap.Data">
#                    <taxonset id="ant" spec="beast.evolution.alignment.TaxonSet">
#                        <taxon id="CarpaChavin_B72793.Huanuco.CarpaChavin" spec="beast.evolution.alignment.Taxon"/>
#                        <taxon id="CarpaChavin_B72795.Huanuco.CarpaChavin" spec="beast.evolution.alignment.Taxon"/>
#                        <taxon id="Carpish_B72761.Huanuco.Acomayo" spec="beast.evolution.alignment.Taxon"/>
#                        <taxon id="Carpish_B72772.Huanuco.Mitotambo" spec="beast.evolution.alignment.Taxon"/>
#                        <taxon id="Amotape_B67243.Tumbes.Amotape" spec="beast.evolution.alignment.Taxon"/>
#                        <taxon id="Amotape_B67257.Tumbes.Amotape" spec="beast.evolution.alignment.Taxon"/>
#                        <taxon id="Chavinillo_B72789.Huanuco.Chavinillo" spec="beast.evolution.alignment.Taxon"/>
#                        <taxon id="Chavinillo_B72792.Huanuco.Chavinillo" spec="beast.evolution.alignment.Taxon"/>
#                        <taxon id="Macate_B72807.Ancash.Macate" spec="beast.evolution.alignment.Taxon"/>
#                        <taxon id="Macate_B72814.Ancash.Macate" spec="beast.evolution.alignment.Taxon"/>
#                        <taxon id="Quichas_B72777.Lima.Quichas" spec="beast.evolution.alignment.Taxon"/>
#                        <taxon id="Quichas_B72778.Lima.Quichas" spec="beast.evolution.alignment.Taxon"/>
#                        <taxon id="Canchaque_B72873.Piura.Canchaque" spec="beast.evolution.alignment.Taxon"/>
#                        <taxon id="Canchaque_B72878.Piura.Canchaque" spec="beast.evolution.alignment.Taxon"/>
#                        <taxon id="CorBlanca_NK_171703" spec="beast.evolution.alignment.Taxon"/>
#                        <taxon id="CorBlanca_FMNH_391888" spec="beast.evolution.alignment.Taxon"/>
#                        <taxon id="Huamatanga_B72889.Lima.Huamatanga" spec="beast.evolution.alignment.Taxon"/>
#                        <taxon id="Huamatanga_B72892.Lima.Huamatanga" spec="beast.evolution.alignment.Taxon"/>
#                        <taxon id="Pacar_B72907.Ancash.Pacar" spec="beast.evolution.alignment.Taxon"/>
#                        <taxon id="Pacar_B72909.Ancash.Pacar" spec="beast.evolution.alignment.Taxon"/>
#                        <taxon id="Porculla_B72863.Piura.Porculla" spec="beast.evolution.alignment.Taxon"/>
#                        <taxon id="Porculla_B72866.Piura.Porculla" spec="beast.evolution.alignment.Taxon"/>
#                        <taxon id="LaQuinua_B72753.Pasco.LaQuinua" spec="beast.evolution.alignment.Taxon"/>
#                        <taxon id="LaQuinua_B72756.Pasco.LaQuinua" spec="beast.evolution.alignment.Taxon"/>
#                        <taxon id="Chinchan_B72900.Ancash.Chinchan" spec="beast.evolution.alignment.Taxon"/>
#                        <taxon id="Chinchan_NK_173896" spec="beast.evolution.alignment.Taxon"/>
#                    </taxonset>
#                    <taxonset id="cur" spec="beast.evolution.alignment.TaxonSet">
#                        <taxon id="curtata_cra.cur.B6032" spec="beast.evolution.alignment.Taxon"/>
#                        <taxon id="curtata_cra.cur.B8175" spec="beast.evolution.alignment.Taxon"/>
#                    </taxonset>
#                </taxa>
#                <parameter id="RealParameter.0" lower="0.0" name="clock.rate" spec="beast.core.parameter.RealParameter" upper="0.0">1.0</parameter>
#            </tree>
#        </distribution>
#    </distribution>
#    <distribution id="likelihood" spec="beast.core.util.CompoundDistribution">
#        <distribution data="@snap.bfd" id="treeLikelihood.bfd" non-polymorphic="false" pattern="coalescenceRate" spec="snap.likelihood.SnAPTreeLikelihood" tree="@Tree.bfd">
#            <siteModel id="MutationSiteModel.bfd" spec="beast.evolution.sitemodel.SiteModel">
#                <parameter estimate="false" id="mutationRate" name="mutationRate" spec="beast.core.parameter.RealParameter">1.0</parameter>
#                <parameter estimate="false" id="shape" name="shape" spec="beast.core.parameter.RealParameter">2.0</parameter>
#                <parameter estimate="false" id="proportionInvariant" name="proportionInvariant" spec="beast.core.parameter.RealParameter">0.0</parameter>
#                <substModel coalescenceRate="@coalescenceRate" id="MutationModel" spec="snap.likelihood.SnapSubstitutionModel">
#                    <parameter estimate="false" id="u" lower="0.0" name="mutationRateU" spec="beast.core.parameter.RealParameter">1.0</parameter>
#                    <parameter id="v" lower="0.0" name="mutationRateV" spec="beast.core.parameter.RealParameter">1.0</parameter>
#                </substModel>
#            </siteModel>
#        </distribution>
#    </distribution>
#</input>
#
Sample	posterior	likelihood	prior	theta0	theta1	theta2	TreeHeightLogger
0	-2481.6985678284436	-2325.881758822648	-155.81680900579588	0.0791299522972012	0.03842466735441855	0.15036100109784306	0.0020261585699126146
1000	-2480.5021877866784	-2330.256479829314	-150.2457079573644	0.0714988047447945	0.0806920104874101	0.10583647515574862	6.037257234166606E-4
2000	-2480.8015925852624	-2329.054470762022	-151.74712182324038	0.11954091237062965	0.11225334997909503	0.2195345294435743	8.442877471168787E-4
3000	-2478.091846196553	-2328.4007536314944	-149.69109256505865	0.09718850964394658	0.1013282271168701	0.13505979293894715	0.0021225072276773033
4000	-2480.6936566644295	-2329.6092752683867	-151.0843813960428	0.090534367248585	0.07162954459092308	0.14326690831341704	6.378143917391088E-4
5000	-2478.561219080541	-2328.253956174518	-150.30726290602308	0.11362575266489877	0.07320221098935173	0.1471811309850097	0.001665910725646304
6000	-2480.461353420818	-2327.02118718261	-153.44016623820798	0.052135450596109204	0.08364052890747278	0.16493498873052614	0.0014035214903924593
7000	-2479.919580773853	-2327.6518849393574	-152.26769583449556	0.10607387578009016	0.12771519249841393	0.19806675482892383	0.003121112928144966
8000	-2479.3996529560977	-2329.0844014217114	-150.31525153438628	0.08781366862961065	0.1374772036287668	0.15887201085419742	9.207278555878971E-4
9000	-2480.6490768439016	-2326.733062816553	-153.91601402734906	0.07118061338389489	0.051219059638616976	0.1351647015584816	0.002239498230307327
10000	-2479.4477754501677	-2328.766254882376	-150.68152056779167	0.07325205657046577	0.09225843876194091	0.11050042043542896	0.0027173052182046754
11000	-2480.9787269525664	-2327.9586187864875	-153.0201081660787	0.052304913663247674	0.1482238526382361	0.12568332476429053	0.001399853594079953
12000	-2480.1516029907425	-2327.7974617966747	-152.35414119406795	0.07650754594952525	0.16105856405812477	0.18841053521053558	0.0019424236929705637
13000	-2479.014620969265	-2329.074907443575	-149.9397135256902	0.136470444686597	0.09665927516721523	0.13612323696499948	0.0030457761193943595
14000	-2483.082829438052	-2327.3630427759263	-155.71978666212593	0.08087305387373728	0.11065214387948098	0.18813769623997523	0.0020832431789748244
15000	-2479.2719657033113	-2328.98486718985	-150.2870985134615	0.077574941564848	0.09824317620065855	0.11458686497975312	0.001301789115076154
16000	-2479.950433690069	-2330.978317301634	-148.9721163884351	0.10259163829401136	0.15325563580316867	0.1238714805443396	7.267772170778734E-4
17000	-2481.217051236902	-2327.7617998625838	-153.45525137431824	0.05587137035834521	0.06736635118129856	0.1546621531935798	7.121818803241523E-4
18000	-2478.2498811206938	-2328.639425573334	-149.6104555473598	0.1249819435096351	0.09561178774877876	0.14436295749824601	0.002317032500995438
19000	-2482.2038689299684	-2331.241355261183	-150.9625136687857	0.13808843729583542	0.19209674261593945	0.13580367728070064	0.0010106220950509416
20000	-2478.418886612576	-2328.2777274242176	-150.14115918835856	0.07471770915005618	0.09881546303859967	0.1339660589458498	0.0012434474583497565
21000	-2480.4153789082957	-2326.7664107895453	-153.6489681187503	0.08705560776659874	0.04668225956454073	0.13539036146498262	0.002020702953267705
22000	-2483.8506870298825	-2331.8398441600457	-152.0108428698369	0.060891960582151176	0.09090625706450631	0.10051894568300833	2.0765948051665957E-4
23000	-2480.0656766715197	-2328.992725998217	-151.07295067330293	0.09844158441493	0.12391979492354258	0.13928510811524825	0.00407442871212614
24000	-2482.9805614420266	-2329.111141939781	-153.86941950224548	0.06326613386365865	0.06378312448280357	0.09058607880279065	0.001072278718580691
25000	-2479.4108294682137	-2327.788070726561	-151.62275874165294	0.0931369795997489	0.06360043869865085	0.14090458830929237	0.001489141803015533
26000	-2478.82345774405	-2328.5980783921264	-150.22537935192364	0.13058850138279549	0.09056143092541401	0.172562519126789	0.001448626780526214
27000	-2481.0497159701426	-2326.659800934888	-154.38991503525472	0.06462155739124599	0.06600606574241398	0.17376855623075035	0.0014570429527675833
28000	-2480.046274968544	-2326.985231114937	-153.06104385360663	0.12123626586235359	0.05758325493988855	0.15513687137767668	0.0031040268068083976
29000	-2479.042508980119	-2327.8312861395843	-151.21122284053448	0.05837875069467747	0.11648213711355629	0.12820850716163956	0.0015136257140766485
30000	-2479.6331605024493	-2327.5906537600085	-152.0425067424407	0.09221225750705496	0.12998102799637443	0.19471007740838586	0.0023958159727834605
31000	-2481.2823870990187	-2329.0801018720745	-152.2022852269442	0.09789600119289432	0.06601520271479178	0.14869814798058703	8.133208936674851E-4
32000	-2479.561957930885	-2329.734406979767	-149.82755095111838	0.08246420242033776	0.12091091606653236	0.16137449747940597	5.52601819713206E-4
33000	-2479.0053874910154	-2326.9750457209875	-152.0303417700281	0.08793570120488356	0.08287443195457889	0.17981940993642564	0.002332156926377773
34000	-2481.8564139730815	-2330.544691049521	-151.31172292356038	0.09092417908570713	0.07883061159243998	0.11163421077125667	0.00536985109566096
35000	-2478.099442528386	-2328.339619993337	-149.75982253504918	0.09513157191751642	0.13354016560595933	0.14648044407668326	0.002297440432361312
36000	-2479.4764486350587	-2328.6005677525654	-150.87588088249314	0.06054585367701641	0.1125181639118279	0.13509867310166912	7.731803428115991E-4
37000	-2480.902799039213	-2328.158734457988	-152.74406458122505	0.050608133746645405	0.1499321207794402	0.12381466942147303	0.0016658498618711986
38000	-2478.739153437775	-2328.0005846290965	-150.73856880867854	0.09880016704362786	0.08656188810335862	0.14340211676504164	0.0035388989839139837
39000	-2479.3778853165886	-2329.6119891967096	-149.76589611987913	0.07853209976102225	0.09772402795905247	0.15337933319815303	5.491818829372425E-4
40000	-2479.1334713040096	-2328.4718903042044	-150.66158099980532	0.08636419656428165	0.13245938327731974	0.18361459309321781	0.0010172777776003509
41000	-2480.0077188240216	-2328.206855139842	-151.8008636841797	0.05537233274048389	0.12708716864816863	0.15923956399728348	7.270924404163727E-4
42000	-2484.052615636559	-2331.44612720726	-152.6064884292991	0.07706567832648621	0.07552463155880611	0.09253711474925089	4.796689910347814E-4
43000	-2478.425534499698	-2328.173570138935	-150.25196436076337	0.10391085504840616	0.07947621966542553	0.13224135750981847	0.0025028974554047534
44000	-2482.7707502468206	-2328.614922198615	-154.1558280482056	0.04598631652720839	0.15732758669172228	0.09932232809964925	0.0015480031072376318
45000	-2479.0365395321023	-2328.526514999894	-150.51002453220832	0.07749212473881759	0.10120294888702369	0.17427793557992982	8.01503681411439E-4
46000	-2480.0265960803176	-2328.054441006542	-151.97215507377527	0.1474308050510873	0.06418186248416513	0.15097484512467538	0.002473005844805666
47000	-2479.8138725025246	-2328.710210907002	-151.10366159552262	0.08110314402137081	0.09375816799930728	0.14619320540369163	0.0038512795724443246
48000	-2481.279186427698	-2328.7541277655073	-152.52505866219053	0.10682159890408732	0.07521933440615283	0.1743969357911215	0.005804202753240553
49000	-2482.6650331514634	-2326.087737331035	-156.5772958204283	0.10924264550345394	0.038951092527810316	0.15733197908355184	0.00242893593506199
50000	-2478.0287683652614	-2328.292413446843	-149.73635491841856	0.11595393262104517	0.08980880068936019	0.1492753397290596	0.0020244152563203234
51000	-2480.2068552604924	-2327.174980232878	-153.03187502761412	0.06514097875765992	0.060339575792093376	0.1566013335962115	0.0010270635798110864
52000	-2481.1684434720255	-2331.3498489591157	-149.81859451291	0.07104394247985239	0.1071772464395684	0.13032778216115634	2.2261461156442973E-4
53000	-2482.6533249446293	-2327.5373326436456	-155.11599230098375	0.05311759027081991	0.05199141374598629	0.09645815177636673	0.0014833526410048556
54000	-2479.7912324216586	-2327.9924136441596	-151.7988187774992	0.07047485913991802	0.0911191409882981	0.12897581392326543	0.0024832930590398474
55000	-2481.270656677727	-2327.67967612332	-153.59098055440705	0.046908603450267136	0.13069429932267018	0.16328305099727647	0.0014654788980050337
56000	-2478.8449391607446	-2327.25878755516	-151.5861516055848	0.1033505812490463	0.062174662424481233	0.1548627380065716	0.0018724368625631473
57000	-2478.3057716716658	-2328.579111316742	-149.72666035492352	0.10698818257705639	0.1125906056636585	0.14126250410353847	0.002220618909674169
58000	-2480.745141591715	-2328.5233803863384	-152.22176120537665	0.08947055016785656	0.06704044268005194	0.14357537648178426	0.0044982690030680615
59000	-2479.6080399229404	-2327.4204705073817	-152.1875694155587	0.09236851219114091	0.07618951666613721	0.145433982493622	0.002587311040414629
60000	-2481.423177274158	-2330.3832825572363	-151.03989471692174	0.07493131766304796	0.12053315095472966	0.0948153367452566	0.0010601295427083467
61000	-2480.5995759120797	-2327.8902771151793	-152.7092987969002	0.05320243878013575	0.09208409389296288	0.10946181400567816	0.0013751981132942087
62000	-2482.397753946919	-2330.6691554591316	-151.72859848778728	0.11780701401378679	0.05697246952626916	0.10478768172855296	0.0011052386068080213
63000	-2481.835602337831	-2327.7216550163903	-154.1139473214406	0.04321518065575093	0.0913841405279061	0.10458009637571022	0.0013023446216615805
64000	-2479.184295848034	-2329.533268639567	-149.6510272084669	0.08094244827244491	0.11709065068701535	0.1060261900917048	0.0015891834341519796
65000	-2481.601106419827	-2328.46454988227	-153.13655653755666	0.04240767072467913	0.11661146618549552	0.13860412890619256	4.921625822176859E-4
66000	-2480.955253064557	-2329.906486143403	-151.04876692115369	0.12262462784774447	0.06830056996040396	0.11783062918588173	0.0014849901017878098
67000	-2478.8674663705337	-2327.2581747426593	-151.60929162787443	0.10867981393137695	0.09903811085624555	0.18811738806180758	0.002708801655419995
68000	-2480.577790739307	-2329.8138858620514	-150.76390487725558	0.058070150630343854	0.11939239528091984	0.10113988885204231	6.53154994077859E-4
69000	-2479.5577522815383	-2328.9746423055226	-150.58310997601575	0.09951374939503532	0.12485364667339377	0.16783552303634888	0.0010343590483519924
70000	-2482.629508757041	-2327.0968116422146	-155.53269711482662	0.18061673993258684	0.09129247691893358	0.20680617154072262	0.003987803673092211
71000	-2482.1238876447715	-2327.2247629142985	-154.8991247304729	0.06626458647048998	0.06604170723571179	0.1998265229586146	0.002480883465657122
72000	-2481.775109033611	-2326.3356023392307	-155.43950669438019	0.12076804134093445	0.051188359851771066	0.1861471926960802	0.0021480437743405336
73000	-2478.57582372574	-2328.7477783505037	-149.82804537523623	0.09471360973478171	0.09368789377533966	0.16507834854651685	9.524663428254348E-4
74000	-2481.0900292610713	-2329.8516569428	-151.23837231827122	0.0902272756315381	0.1154290414249156	0.10456159248961544	0.0020858429581955694
75000	-2479.317535803563	-2328.1220675067007	-151.19546829686223	0.15283725607696802	0.11205435353468204	0.17791653223305987	0.0029410638919056473
76000	-2480.598042975511	-2327.3432512848008	-153.25479169071025	0.0661495681414138	0.10069332232277531	0.19853991291240866	0.0019202852220046168
77000	-2481.449008512961	-2328.6631393479806	-152.78586916498037	0.06712378319604637	0.071071331033998	0.1418357192831201	6.722934043573058E-4
78000	-2479.9891562212015	-2328.4010020631595	-151.58815415804224	0.06761263075309089	0.13263621437516124	0.1468222358131251	9.784172673992144E-4
79000	-2480.4267403454364	-2330.01966377824	-150.40707656719644	0.09544160845563877	0.09884298241745813	0.12499765125814644	0.005222495548667027
80000	-2479.740979338885	-2329.4165204686196	-150.3244588702653	0.1432825642283632	0.11164365070710988	0.13569578722026984	0.004410310507624937
81000	-2478.519173559053	-2327.600131510697	-150.9190420483562	0.11160346399276734	0.07661918296643336	0.1608614932392232	0.0019892559885032073
82000	-2478.508786893672	-2327.483331679929	-151.02545521374302	0.11962424303395745	0.07531224613589259	0.16206929877782328	0.0023459681289699935
83000	-2478.9317785534467	-2328.318442562802	-150.6133359906448	0.09360047121854208	0.07199850790731517	0.12055062266421952	0.0021343851140632752
84000	-2481.0513735837676	-2328.019227756538	-153.0321458272298	0.04822027267814824	0.0827481232432935	0.1474574520927779	6.071366011623919E-4
85000	-2479.7875954184515	-2328.3786143773814	-151.40898104107026	0.058975095690282475	0.09659715125162954	0.10311904127068865	0.001628720212596841
86000	-2479.6249239974677	-2328.1606777993543	-151.46424619811324	0.11037743317909054	0.08497841928097936	0.1777827200527057	0.0013056044498149257
87000	-2482.132497054198	-2329.535251866102	-152.5972451880963	0.04938089258120933	0.11360698210138075	0.08487770471976373	7.670221847582808E-4
88000	-2480.4373384119126	-2327.8292223056465	-152.60811610626607	0.10272813622727724	0.0691973158240032	0.17289656522661356	0.00125193497475041
89000	-2480.2521455021983	-2331.3449202659353	-148.90722523626303	0.10607001563911832	0.09981562695823541	0.11860567961760243	5.425286327985579E-4
90000	-2479.1334623637895	-2329.0689873243864	-150.06447503940316	0.126419749930546	0.12970618292536923	0.16493595359673677	0.001544238453203711
91000	-2482.0782372737153	-2326.6622761874996	-155.41596108621553	0.07902649497282398	0.050392228011090785	0.15036186462331924	0.0015316267435902624
92000	-2482.6276351257147	-2326.6579497847647	-155.96968534095006	0.06689700318156604	0.04316078096407941	0.12389431785988887	0.0015426762104045354
93000	-2480.505917929953	-2329.6173390335557	-150.88857889639732	0.09134148338676737	0.07714389516490562	0.09903821602650265	0.0024439002377615367
94000	-2480.667499925276	-2326.790411482591	-153.87708844268496	0.09051515463908762	0.07116531178611996	0.17167468895940566	0.002366467197186126
95000	-2483.701249395249	-2328.258867831054	-155.44238156419485	0.07943670763436195	0.06084463143984035	0.11308926579341669	0.0014558840865160948
96000	-2479.2991279639537	-2328.765083837021	-150.5340441269325	0.08384909715725664	0.16820359662740708	0.13423214764234667	0.0017987922374538608
97000	-2479.911996339607	-2328.3271605662385	-151.5848357733687	0.12889787464505595	0.0736870042751806	0.1470368634372524	0.005302764823006817
98000	-2481.108885734583	-2328.4358541680335	-152.6730315665495	0.13139115612979413	0.11447834828062234	0.15524873924515445	0.0030767125907456647
99000	-2480.868212174336	-2329.2454573304494	-151.62275484388664	0.080625561237813	0.05758840784499664	0.1132515727051482	8.623674542580222E-4
100000	-2478.468913095467	-2328.2797401834664	-150.18917291200077	0.09479713591678543	0.13715157691405566	0.14993311953915034	0.00229481384964079
101000	-2487.275155644821	-2327.446981762605	-159.8281738822163	0.07765309776617348	0.06986712162242759	0.13670625815226484	0.0016133421961295011
102000	-2483.583203728099	-2326.0809744747526	-157.50222925334612	0.07936086747055444	0.04336679517999233	0.15443829696387348	0.0018623222626426986
103000	-2481.9489005533255	-2330.8112235782196	-151.137676975106	0.18223931131277069	0.09574387337625453	0.1714451417726986	6.161477069381035E-4
104000	-2486.326654114095	-2327.353286743708	-158.97336737038714	0.0346715632414776	0.06086030065107487	0.18697333168294974	0.0011983212434236055
105000	-2480.4492179912813	-2330.369169152067	-150.0800488392142	0.1459344235447564	0.13763706360540984	0.16997571669374228	8.282942336745626E-4
106000	-2483.7808381249115	-2325.9243902077433	-157.8564479171682	0.05398931566839089	0.042410310371772696	0.17501640964078158	0.0012849823828569682
107000	-2479.367433679756	-2329.210076040697	-150.15735763905886	0.12801896300125312	0.14475943003778907	0.15251825301865835	0.002038290151411635
108000	-2479.7500919985796	-2330.5189163425307	-149.23117565604912	0.10913703876822266	0.08301258114151593	0.10879052790073733	0.0012589372148895377
109000	-2478.2207798230816	-2327.5487002957716	-150.6720795273099	0.09584926409495406	0.07911829991322279	0.1453986189992051	0.0024052232377575387
110000	-2480.2869481541447	-2330.607706981132	-149.67924117301268	0.08018473045821571	0.11983867720924363	0.16661399765379678	2.930392831733686E-4
111000	-2484.706471568431	-2327.525938101356	-157.18053346707464	0.042277332512641416	0.0768585585835015	0.10203552651174798	0.0011100619442334014
112000	-2482.2181928127648	-2328.7665536759523	-153.45163913681262	0.06578325656391394	0.08179408307978404	0.15158064912282107	6.187816773574544E-4
113000	-2480.429792643291	-2327.6088429753872	-152.82094966790393	0.10343198551997788	0.137300616690102	0.21992914879692957	0.002259394144815577
114000	-2479.017001773585	-2328.2984977929164	-150.71850398066877	0.11940622495491629	0.14256035735004335	0.1670725534482048	0.003545213700899337
115000	-2479.7724258567728	-2327.701608375824	-152.07081748094896	0.05402384791833389	0.11306028277702035	0.15935373765507038	8.930111319955757E-4
116000	-2480.377997519205	-2331.2302223842817	-149.14777513492328	0.11019996639311724	0.1492987707072278	0.10766046225309711	0.0014010573886796462
117000	-2481.669859092767	-2326.7548155317118	-154.9150435610556	0.05312063245844958	0.05623679784326528	0.12847649479236822	0.001500136767034656
118000	-2479.1301628751044	-2330.1462084995082	-148.98395437559594	0.1168905761332469	0.13403175687050634	0.1344190791609092	0.0012486521112665312
119000	-2480.130359430481	-2327.8975543159927	-152.23280511448831	0.10191141615557649	0.14392898804199986	0.1972636465134717	0.0031774890868129227
120000	-2479.1298151886194	-2328.384371921743	-150.74544326687626	0.06572678745422884	0.10839954816544281	0.15641382264431258	8.005002486353302E-4
121000	-2478.775318875733	-2328.2994741163498	-150.4758447593833	0.09343125547433964	0.08476311215899275	0.12984973611897382	0.0019033430332988906
122000	-2479.1331775317685	-2327.513960860982	-151.61921667078627	0.10147510754469766	0.06607665566473087	0.14102247207862637	0.002250213215218288
123000	-2481.927203288172	-2327.581526237104	-154.34567705106832	0.052513921697694324	0.11942441578764466	0.19408104254601782	8.899047135079335E-4
124000	-2480.8402956604714	-2326.7367062949543	-154.10358936551708	0.07885766897117195	0.06128857341277856	0.15311149609045951	0.0019456117904374925
125000	-2483.2470220431533	-2330.7597622539383	-152.48725978921493	0.11867679263141463	0.0888301114581364	0.1516591165346931	4.702121254721035E-4
126000	-2482.0961154867505	-2330.573086767967	-151.52302871878328	0.09355415831679328	0.06101307704472627	0.09058681639862795	0.0012997066616198668
127000	-2479.924881736537	-2328.1191396659715	-151.80574207056554	0.05767723859526176	0.15707484018927403	0.13857832653436253	0.0010579207035326605
128000	-2483.575306814325	-2327.3145078855537	-156.2607989287711	0.03028983230943288	0.12409562313825052	0.13815287240194568	8.564310313914634E-4
129000	-2479.7390665972675	-2327.0295225348914	-152.70954406237635	0.12725942791931713	0.06772340674170893	0.1740053600411022	0.0042842804045241205
130000	-2478.6996561532696	-2328.7381044451213	-149.96155170814816	0.08129739862651408	0.14658872686736746	0.14632316887220453	0.00117194758120872
131000	-2482.227656163543	-2329.0873546999915	-153.14030146355145	0.07560561576591225	0.07299258361483597	0.09669822169037799	0.0017240714781944985
132000	-2479.2072372560956	-2327.4032866372777	-151.8039506188178	0.06524613353243501	0.11468955921913951	0.17849795385578765	0.0014298124632026064
133000	-2478.47929337599	-2327.4591770447923	-151.02011633119778	0.08797800467755275	0.09329764993887556	0.15721945864553405	0.0023844044508489846
134000	-2485.2982319687358	-2332.0806387216376	-153.21759324709805	0.07263602791504271	0.17593442661302006	0.07800268523811943	7.871497529194962E-4
135000	-2481.6715967455266	-2332.549535493147	-149.12206125238	0.10698623496984555	0.10841882034382229	0.08616908769221811	0.0012478493698343785
136000	-2479.512658735336	-2328.5393633309095	-150.97329540442655	0.11704995325222313	0.0889288166277051	0.13478116872296098	0.003699291810930987
137000	-2479.6287286211045	-2330.2815428088606	-149.34718581224394	0.09116111077274787	0.10636805721422186	0.12023400788743532	8.036277582302741E-4
138000	-2480.217271465971	-2327.9534458478943	-152.2638256180769	0.14310475670340675	0.06437588847502025	0.18091937171545092	0.0015293743811344341
139000	-2481.461461360441	-2329.509093617264	-151.95236774317684	0.06396073707021693	0.11838486043116321	0.10323901067041305	0.0027863911441738105
140000	-2480.3537688796337	-2327.217711556928	-153.1360573227058	0.07351375715469691	0.07793182579138173	0.19234696979626137	0.0025811732217064427
141000	-2480.1113380840416	-2329.1580780611953	-150.95326002284637	0.11922927312749396	0.15990753077509007	0.14391210496724333	0.0036939957358630964
142000	-2479.630888291787	-2328.63545159337	-150.99543669841708	0.10469144390785963	0.07431140151079736	0.12173526393994563	0.0035510141150256387
143000	-2480.107690113853	-2327.139673897336	-152.96801621651719	0.07356563788356701	0.07477725305818723	0.1832365018579198	0.002590064863603284
144000	-2480.152429872709	-2328.8159905127404	-151.3364393599686	0.10524877433010157	0.16870880136507121	0.1598206869356793	0.0016782230231280379
145000	-2481.6150713513007	-2329.1249893096397	-152.4900820416608	0.07240907742993584	0.059458713205640126	0.1613822601500174	4.815275257719911E-4
146000	-2480.536425521942	-2326.6911636022146	-153.84526191972725	0.14428746661387315	0.059957319906530596	0.1791562678392628	0.004218018951166035
147000	-2479.0168373044853	-2329.067815334837	-149.94902196964804	0.08671013766012038	0.09517050878854005	0.13886966336156528	9.583855659625035E-4
148000	-2478.2133971078474	-2327.6458905665113	-150.56750654133634	0.11306955551625321	0.10790157505225013	0.17797144843695906	0.002398946605806924
149000	-2480.4637713681227	-2327.8671231962635	-152.5966481718593	0.08268318210650702	0.13220863464204	0.19204151974298972	0.0013358512998172477
150000	-2479.271392626145	-2327.5419495301726	-151.72944309597239	0.08537312188751736	0.08383441584965565	0.15548450385687987	0.0030324740949340535
151000	-2479.9006455705103	-2329.0422899608225	-150.8583556096877	0.1311682284130433	0.08231240944896266	0.15627290203636515	0.0013327384023369146
152000	-2479.0277824978066	-2327.282989339899	-151.74479315790745	0.07217062480823455	0.06867170132685485	0.1335217551655305	0.0017305466636305918
153000	-2480.3873180558585	-2330.0030858614496	-150.3842321944087	0.100962733252551	0.07614904602379347	0.09963997226776695	0.0023153749395641117
154000	-2481.92636306608	-2330.239170835694	-151.68719223038588	0.08168949478916711	0.07001493323549429	0.09026037650006545	0.0012241985287924431
155000	-2478.266706316323	-2327.597266679263	-150.66943963705998	0.0893725315461898	0.07279470500657237	0.13954508284160277	0.0018913369170572246
156000	-2481.752205541441	-2327.717302119121	-154.03490342231987	0.05235902725575797	0.07767368964091655	0.11551376515925196	0.0018512193880639571
157000	-2478.491654114755	-2327.4823379057148	-151.0093162090402	0.0733256055078072	0.08363263563010068	0.13845558167889502	0.0018167297818789474
158000	-2479.6177369774123	-2329.331010206659	-150.28672677075352	0.08031424746798138	0.1304828300523806	0.11974589171282102	0.0012076345624171378
159000	-2480.0951097425723	-2329.196260399412	-150.89884934316035	0.0997451089298345	0.09311307737949345	0.16305469930161862	8.302517605903986E-4
160000	-2479.9259146027307	-2328.1128303928467	-151.81308420988384	0.1271273300197733	0.125248632041039	0.18464030087147806	0.004768009150225553
161000	-2482.0440451277364	-2328.1046815267787	-153.93936360095762	0.050175777523734595	0.0685912382221719	0.09167298417237739	0.001235382746213961
162000	-2479.8118738396893	-2327.9774478232057	-151.8344260164834	0.15464019257519712	0.10985089276467042	0.17677456409114606	0.005122827316893168
163000	-2478.769824588148	-2328.273721491148	-150.496103097	0.06789786936948122	0.09121683816087195	0.12927906053381616	0.0010663401545078896
164000	-2479.3154462069147	-2328.971478049916	-150.3439681569986	0.13561619259050905	0.12728433159163957	0.14665926389042944	0.004149856847896528
165000	-2479.345154029382	-2328.10008411562	-151.24506991376188	0.05691285579387322	0.10919366770670037	0.1144964239865471	0.0013112719082581318
166000	-2481.37674682426	-2330.939685244874	-150.43706157938604	0.11021228554432783	0.08719289356329533	0.09777573665118154	0.004151872931260273
167000	-2479.5907172757984	-2329.2709089175205	-150.31980835827795	0.072117344474755	0.11240556507378938	0.13370740903359837	7.438887600877257E-4
168000	-2481.2653698672334	-2328.9125469026458	-152.35282296458757	0.0955759311329823	0.12091483491589629	0.16729015640606312	0.004527560641828354
169000	-2480.119531026719	-2326.9522546430308	-153.16727638368837	0.0738875766358942	0.07378781242005905	0.17664120362148286	0.002377704043075424
170000	-2478.814010829578	-2328.0586944498496	-150.75531637972824	0.1053684589080502	0.1124005692487603	0.1848659318157679	0.0015118820230659894
171000	-2479.977336955033	-2328.5346611528958	-151.4426758021372	0.07744030374587499	0.1377793343469323	0.13697351159980437	0.0027498441569949066
172000	-2482.67998966639	-2327.187819198838	-155.49217046755228	0.06954743632443759	0.09788481974047904	0.20801334178503303	0.0016810572250025285
173000	-2479.9491145341	-2329.2687525072606	-150.68036202683922	0.11988988390602909	0.06795997035380692	0.11570556567078888	0.0025585446510372942
174000	-2479.8019367054317	-2327.65243385474	-152.1495028506917	0.0890117135366866	0.06209445786886752	0.12750274696015593	0.0029197029728590773
175000	-2481.737697690964	-2329.0923256989386	-152.64537199202556	0.12708321435685258	0.1311969998008898	0.1471768031147564	0.004924448668353722
176000	-2478.693735470255	-2327.98960967129	-150.70412579896492	0.08518380888567056	0.0982187275946663	0.15322580239432848	0.0014150954323213566
177000	-2482.0523981693605	-2325.925303543108	-156.12709462625264	0.08334916047558595	0.035695520619475576	0.15448982076640114	0.0015974368399856373
178000	-2479.8577015655155	-2330.719855909558	-149.1378456559574	0.13656255803851583	0.10128362561002385	0.11885228404840055	0.0018006945836424228
179000	-2481.1274311168822	-2330.311125453411	-150.816305663471	0.11496736204990404	0.10871851380493243	0.13006690878287833	0.0010385725766084164
180000	-2480.7306484994974	-2329.6922922073973	-151.03835629210036	0.11422923536304261	0.17277074611508653	0.16384391432416012	0.001053764037728687
181000	-2482.462360223196	-2329.1908066450264	-153.27155357816963	0.07349488901538517	0.07058177338363117	0.09205958245306914	0.0019189424182017628
182000	-2478.2396877156525	-2328.409027901744	-149.83065981390843	0.0862774688891947	0.10872552743118344	0.15685002277210072	0.0011660343671502143
183000	-2480.9505115978836	-2328.8136093514295	-152.1369022464543	0.060416544816103646	0.08322715204345359	0.09263821878806101	0.0019272312430095202
184000	-2481.05689069215	-2327.1229895644415	-153.93390112770862	0.0754298331622785	0.0741775513888091	0.20336770145469785	0.002619106110474982
185000	-2484.3060753757004	-2327.866646245513	-156.43942913018745	0.0519265246491983	0.047419945679708954	0.08781422689025542	0.0012143891979841033
186000	-2483.7144029658634	-2329.9010290787187	-153.81337388714485	0.059333060029055376	0.10361984821808101	0.21420098542621038	2.462363388428057E-4
187000	-2480.39773304035	-2331.0028086315897	-149.39492440876037	0.11648189765533226	0.09259631257453663	0.10133386165680276	0.002038015695336506
188000	-2479.8180813234408	-2327.4317118033105	-152.38636952013042	0.08760606244571978	0.0555606641516863	0.12522904788997835	0.002588717339170171
189000	-2479.455486705201	-2327.3708054855942	-152.08468121960703	0.10554617962087409	0.10310077852819635	0.19130251322248296	0.0032178079741620857
190000	-2481.3177813496873	-2331.4972431713327	-149.8205381783544	0.1342025083367006	0.06974127356254131	0.1223009901775633	5.22059141442187E-4
191000	-2479.833795840323	-2329.8133353224166	-150.0204605179064	0.09013858452283298	0.08537299921947858	0.15688259562802714	5.394916075109255E-4
192000	-2482.299798703083	-2327.306442310269	-154.993356392814	0.03590693662318564	0.09926744260228967	0.12466054056083463	7.745967709483698E-4
193000	-2479.442842117996	-2327.5790178338425	-151.86382428415337	0.07315802513367516	0.08750711788720747	0.13991861060379224	0.0016289858692090952
194000	-2484.9085681357074	-2326.2188068483683	-158.6897612873392	0.13021910921159638	0.026369589308412017	0.14948408918015657	0.0020103279283943034
195000	-2480.443999440882	-2330.393621844796	-150.05037759608615	0.10927459754395603	0.1079864939216713	0.11546264137438976	0.005303491548381544
196000	-2479.287872417064	-2329.3269015868614	-149.960970830203	0.08956699869534009	0.08052891340838288	0.13683636841132726	8.314803190368178E-4
197000	-2479.3684789518747	-2327.061420720273	-152.30705823160162	0.0854824782067635	0.068723966286397	0.1659880469955044	0.0030351937373835074
198000	-2480.3944600536233	-2328.14650104734	-152.2479590062835	0.06024794996284485	0.10118623339551502	0.15578231387464073	0.002463161125524369
199000	-2480.979495454108	-2326.4239339016926	-154.55556155241544	0.14982946103054778	0.05907614616543143	0.18912758829074724	0.0038796697037411835
200000	-2479.1312991152117	-2329.465448722703	-149.6658503925089	0.07251800583490275	0.11712260028776023	0.11050480740293951	0.0010258423187913305
201000	-2479.5423492378554	-2328.155555023923	-151.38679421393246	0.11242700684536874	0.06636583115418328	0.12899650744550523	0.0033130811479998154
202000	-2479.184301719049	-2327.5435011470536	-151.6408005719953	0.14278117650298558	0.07354640842403277	0.16867641909861328	0.0026182489734891566
203000	-2482.277678465221	-2327.6927918291244	-154.58488663609668	0.06464688296330949	0.0557548652252917	0.11176802944368211	0.0012618386262070497
204000	-2478.269119999884	-2328.1246914713624	-150.14442852852153	0.1120995993492815	0.1090005067433901	0.15542435175585806	0.003657807895993802
205000	-2481.1093799965183	-2330.4620347824434	-150.6473452140749	0.11480763278764017	0.11441438566629902	0.12133728602383156	0.0012617286389408197
206000	-2481.6421937246355	-2327.8292379106733	-153.81295581396208	0.09005637958478158	0.04826074002112359	0.11280523057388905	0.0021948964519063418
207000	-2481.0332710073735	-2327.388418118655	-153.64485288871848	0.06506205714561823	0.0555965194629408	0.12220485493109165	0.002459084262388904
208000	-2481.004567821693	-2327.2299282252347	-153.7746395964584	0.07597369444900323	0.06270339525035466	0.19302342207340567	0.0010222967773079528
209000	-2478.138433802829	-2328.193051784352	-149.9453820184767	0.08937690284152447	0.08637569054422312	0.12911672012079453	0.0019671687066802304
210000	-2485.8373356745255	-2330.2673998102546	-155.56993586427092	0.08406304020144954	0.05129513107767632	0.16009933072920576	0.005761834614853021
211000	-2478.9198962032565	-2327.276623026101	-151.6432731771558	0.09286873249814437	0.07034816762321329	0.1463483121226594	0.002292242581977911
212000	-2483.718990939641	-2329.4398934973	-154.2790974423408	0.10759284623270911	0.04638990651141247	0.10282878872925527	0.0038881539540734597
213000	-2479.2322484730043	-2327.7751667218376	-151.45708175116673	0.09368289105520997	0.09147580627278407	0.1589048377613274	0.003468527877186011
214000	-2479.4860594247903	-2328.6876461903257	-150.79841323446462	0.10195928036235478	0.07872838522478323	0.11957131855962594	0.0026384597350954855
215000	-2478.7088605600525	-2327.7795161872223	-150.9293443728304	0.06267055123719424	0.10085150296720465	0.13826163026837907	0.001196570815920895
216000	-2478.3321469345656	-2328.1917017120027	-150.140445222563	0.09352922114038788	0.10831797107655083	0.1679624134375336	0.001329304401405743
217000	-2480.478847699407	-2326.292748456483	-154.18609924292429	0.12517611010845742	0.0483272871249929	0.17030568523355744	0.003174602813334288
218000	-2480.349432611765	-2327.2634612642746	-153.0859713474908	0.08078646363119356	0.05320405761743054	0.12640832837542618	0.0017771095506591652
219000	-2480.033796110531	-2327.091730441606	-152.94206566892478	0.06947122438172411	0.06265978200508299	0.14331277229274414	0.002450838785620247
220000	-2478.5069946214335	-2329.533324485503	-148.97367013593083	0.10767804130501689	0.11800597474965373	0.1263714808447	0.0017726663876437732
221000	-2483.794658650372	-2328.0811414814707	-155.71351716890155	0.21780100133544095	0.10578466087076963	0.18472608121133616	0.007535257661831048
222000	-2481.107867648927	-2327.0579891635434	-154.04987848538335	0.08547742201183864	0.05849601431469303	0.16273471754001256	0.0033568657333377452
223000	-2480.0941971213383	-2329.8757951939197	-150.21840192741857	0.1404916717207164	0.12209875488102889	0.18242766091690416	8.622980866454903E-4
224000	-2482.3608437254175	-2326.2957348159757	-156.0651089094417	0.07418975296774442	0.036614116277354024	0.12724366193202147	0.0019010588892677993
225000	-2480.1054195200104	-2328.537677902896	-151.56774161711405	0.08202827828632271	0.08191994758151024	0.13527616287567995	0.0010946033166638932
226000	-2479.454838217486	-2326.731023903363	-152.72381431412325	0.11693961911455185	0.05801795116006269	0.17381151910286902	0.0021920628841571466
227000	-2483.335690032461	-2330.8827233095008	-152.45296672296047	0.21010293901178018	0.08774591952984502	0.1426999567975639	0.001631858954107768
228000	-2479.7347395364172	-2326.5255664325614	-153.20917310385585	0.08119438236744585	0.05418612220114242	0.15915640821067648	0.001743403413005253
229000	-2480.5751636261243	-2331.467994785587	-149.10716884053735	0.08367347225540261	0.11065850151712979	0.10781064379489198	4.316632844307177E-4
230000	-2481.5089899885847	-2328.2876482720667	-153.2213417165181	0.05491142867986798	0.07958434556962889	0.10478562982310691	0.00212051190028552
231000	-2478.907830228758	-2327.919858567738	-150.98797166101963	0.059788573892325614	0.10256017373055108	0.12189455658629834	0.0013583203896575591
232000	-2480.147921737881	-2329.608013327591	-150.53990841028988	0.07282307936891727	0.15771404037462255	0.10630948353500763	0.001289435009352216
233000	-2480.420754616204	-2328.0706692863114	-152.3500853298922	0.06837531674272977	0.06469171985915331	0.11081757920271035	0.0013320999244276213
234000	-2479.571229731051	-2327.1154526911105	-152.45577703994056	0.06797839400128769	0.06479088584252446	0.1326994703832555	0.0017105169002787817
235000	-2480.728094482495	-2328.826698940516	-151.90139554197935	0.09812563623022265	0.15055784989649398	0.15256194456260694	0.0014889652872468301
236000	-2478.777700682662	-2328.1606331241856	-150.61706755847624	0.10148078967901439	0.08201434344823738	0.13704568594211508	0.0036703692846292127
237000	-2483.7204584354727	-2327.2621442258414	-156.45831420963106	0.03535749868598469	0.11113357871208111	0.17522085398755685	8.461383649082262E-4
238000	-2479.531194749634	-2326.732461610643	-152.79873313899068	0.071320169152722	0.06868005708862712	0.1764397293493033	0.0015476321324004083
239000	-2482.100904369323	-2326.877650447247	-155.2232539220759	0.07669809848641998	0.044025980130518005	0.1259752318224292	0.0025710006647232195
240000	-2479.801896163925	-2328.9964268561257	-150.80546930779911	0.08546607100487788	0.12583499623276445	0.11890844550306005	0.002566080724320985
241000	-2480.1396669604405	-2328.072995603412	-152.0666713570286	0.08498656525449073	0.05955693564987833	0.11294416264331732	0.002642322801539881
242000	-2480.9328972095022	-2332.28092525486	-148.65197195464233	0.09043303507573142	0.11332096513352015	0.14502497605369916	4.71082145862758E-5
243000	-2480.087362463441	-2328.4481575033756	-151.63920496006534	0.07496474243338237	0.08237467277192151	0.1094950016250032	0.002079180242323491
244000	-2483.913561102287	-2328.3759623754304	-155.53759872685671	0.08102969187517758	0.04109946807073336	0.11715468061555433	0.003902867486651205
245000	-2480.154941141852	-2328.2471765881746	-151.90776455367742	0.08465392055227387	0.1444906919791056	0.18538854038916042	0.0031071543454565475
246000	-2483.0136380622093	-2328.745144992152	-154.2684930700573	0.1599912866005259	0.06619906486101791	0.15092189180740878	0.0019793158514467358
247000	-2479.657091562598	-2326.753987013948	-152.90310454865005	0.08816484027142461	0.07601671624260971	0.2019577467816224	0.00249803605113299
248000	-2480.096396449826	-2330.0397526007637	-150.0566438490623	0.09699914740184831	0.10426264562484137	0.18701379818438835	4.33685331100921E-4
249000	-2478.021871355935	-2327.3997699310194	-150.62210142491566	0.08521470963706888	0.09086594404385592	0.15648682310736395	0.002223005689849064
250000	-2485.436730773743	-2328.2113477118714	-157.22538306187147	0.049583353324779	0.07473552095310844	0.1616900134137418	0.0022283146521699577
251000	-2484.4973436255723	-2334.034226130922	-150.46311749465053	0.07866585617425824	0.14810228630574648	0.07031821357552366	1.6901203749346953E-5
252000	-2479.9483654114533	-2329.598739005278	-150.34962640617547	0.1274500220013408	0.06978699405000668	0.1328913123291498	0.0012715016904037203
253000	-2480.7391097447157	-2329.8083231183005	-150.9307866264153	0.09682476821482011	0.0730737080505175	0.09858571999721413	0.002893257349045935
254000	-2481.980440295556	-2327.412660267072	-154.56778002848404	0.09450704964488221	0.03969591290897111	0.11616236806849624	0.002260143159906411
255000	-2478.323393061575	-2327.517783793888	-150.8056092676869	0.08120391281303888	0.09144743907981323	0.15475650802813087	0.0026138175371812253
256000	-2478.815342754126	-2327.8524470453267	-150.9628957087993	0.09894660644498883	0.13162393270670766	0.18437248310682497	0.0018625923649306833
257000	-2479.822355157762	-2328.8171504280813	-151.00520472968094	0.13030974906108245	0.07371619553903548	0.13308976811035564	0.0023178794591654133
258000	-2481.4297769925197	-2326.68735752382	-154.74241946869975	0.04995510786227159	0.059451710123928074	0.14179707884287288	0.001473749924350173
259000	-2478.928032437251	-2328.1597872289003	-150.76824520835075	0.10139515960452432	0.08250352762355691	0.1395824577241155	0.00382728040120098
260000	-2479.7587781494444	-2327.036789991931	-152.72198815751318	0.12093638582657297	0.05654246077864431	0.175752038951888	0.0018056708084364175
261000	-2482.3639186085998	-2328.795905516726	-153.56801309187367	0.09126478214170203	0.04440414074966234	0.12985585207554845	8.086942980722736E-4
262000	-2484.149695038655	-2327.5838194312746	-156.56587560738038	0.1319404496779622	0.08190395833310321	0.1911527708532337	0.005520472381737519
263000	-2479.6434974069152	-2327.7721576081494	-151.87133979876583	0.06690065894101652	0.15467539042787826	0.16600037057442846	0.001643753693946563
264000	-2481.1527685007436	-2328.263009820659	-152.88975868008455	0.09015437833701362	0.09532362663417893	0.13003129107728184	0.002204120004789662
265000	-2483.836021588655	-2326.467007159824	-157.36901442883124	0.09026289656533026	0.02966540278695264	0.12330431381510881	0.002307215334650585
266000	-2480.738570376643	-2330.525747479337	-150.2128228973062	0.09575190642492858	0.08303530885948991	0.09532263710629282	0.0016461076091679407
267000	-2482.245636140533	-2327.504280389684	-154.7413557508487	0.04002042154037867	0.09024588057109247	0.10959680472106642	0.0012037374191929205
268000	-2481.9260586687287	-2328.9214572639585	-153.00460140477028	0.16093897064190363	0.08570536512823153	0.20058694848458003	0.0011683338135329304
269000	-2480.177646588908	-2328.001550443667	-152.176096145241	0.07629690191710818	0.07084337435630737	0.1158499103160841	0.0024005937144456787
270000	-2480.0052826651086	-2329.330578473259	-150.67470419184977	0.07708889218006994	0.10302004808157036	0.1370631031055635	7.42963537033336E-4
271000	-2478.607408384607	-2328.329598893741	-150.277809490866	0.07663032977338502	0.09618475744535414	0.15501939800025533	9.68573041860202E-4
272000	-2479.422471813588	-2328.1118227542624	-151.31064905932533	0.1487414195411216	0.08476292119002367	0.15450069188315696	0.004415108009410925
273000	-2480.4938632859134	-2327.963609833355	-152.5302534525586	0.08477068628880495	0.09650222827808021	0.13555587839266017	0.0022798750182943714
274000	-2479.1642761323355	-2328.4125649851994	-150.75171114713623	0.09895337119470345	0.11883507025836047	0.15262950757030064	0.003751128244519156
275000	-2479.6675693711927	-2328.709225024035	-150.95834434715806	0.1087677995865919	0.07502541437763777	0.12916113505885518	0.004467913986531818
276000	-2480.585734930622	-2329.655201918455	-150.93053301216716	0.10883022882476992	0.06850495789599977	0.17590319853490316	5.498752090984473E-4
277000	-2480.9145016872567	-2327.955818018509	-152.95868366874765	0.09385385182934246	0.11754435137667983	0.20571709647323108	0.0034947140947696256
278000	-2479.484187133426	-2328.5464350583015	-150.93775207512448	0.09906519130587432	0.07852885943132999	0.12322537769957169	0.003462088632588569
279000	-2480.715875940594	-2327.5544429246024	-153.16143301599124	0.14418298546104677	0.05663230212040062	0.17905979928664031	0.0016770897397475378
280000	-2478.60608219984	-2328.038186054224	-150.56789614561598	0.07345830874902431	0.08481958895577774	0.1248564925020619	0.001490403438834133
281000	-2480.203261124656	-2327.717270403537	-152.48599072111895	0.06379825171120254	0.12875318499062596	0.18535949034916713	0.0019683653259856128
282000	-2478.357850503232	-2329.172185858484	-149.18566464474787	0.11740743404340943	0.12453529181406434	0.14832957453947915	0.00163118935110345
283000	-2478.7960396341027	-2329.039163824529	-149.75687580957353	0.0929714173940667	0.14142272425374458	0.12610724279303648	0.0023444880632904593
284000	-2478.8541007356735	-2328.635562424187	-150.21853831148664	0.10586382721044642	0.1516365050949528	0.1485973396377512	0.0026656225803640982
285000	-2480.2369809996985	-2328.0831540468516	-152.15382695284706	0.07554229297028459	0.06474517958298746	0.11397540992121265	0.0027581388918482786
286000	-2478.956444360109	-2327.4215339027355	-151.53491045737343	0.08322837299633391	0.067661302880573	0.13393716564663383	0.002541373953678267
287000	-2480.923927553344	-2329.1600661799807	-151.7638613733634	0.0784482368716928	0.09174297463738132	0.12433586433712343	9.39396247265583E-4
288000	-2478.601790198559	-2327.4095221167636	-151.19226808179528	0.12134493298355203	0.07145471693014262	0.15587157315905686	0.002860711554236784
289000	-2478.081915360092	-2328.319346399891	-149.76256896020078	0.11550245401555505	0.08885025826752106	0.14195532051058368	0.0023966756780110328
290000	-2481.4959858136895	-2326.430797453916	-155.06518835977323	0.10860713833713129	0.06594210759785508	0.20123179629785629	0.003152608328443743
291000	-2480.811762993995	-2330.5819063796325	-150.22985661436275	0.09539444982861316	0.17716709588344992	0.1138276424713787	0.0011848691395188488
292000	-2479.790059023555	-2329.469799630267	-150.32025939328776	0.11023038215619492	0.0880416520024396	0.11925083572082915	0.004487970473361502
293000	-2480.032416268107	-2330.7039208524975	-149.32849541560992	0.07766057229994065	0.12177559117694711	0.10943748621500783	6.128101861874133E-4
294000	-2478.3992903551293	-2327.9590014225937	-150.44028893253568	0.08646397009595626	0.12477730084238815	0.1761155367007794	0.0014110140130608492
295000	-2483.5265825557567	-2330.2418249718867	-153.28475758386998	0.14994776823519773	0.05111546697746108	0.10899326236931572	0.0034002790805489564
296000	-2480.277597208521	-2329.0724834432094	-151.20511376531175	0.06707301719586131	0.09261833331764283	0.09950420402656039	0.0012913861432060471
297000	-2479.8287448925184	-2328.976971206681	-150.8517736858374	0.09250785180587652	0.13788030530051626	0.1320833787429671	0.001711122606366483
298000	-2482.186385495025	-2330.294923390121	-151.89146210490435	0.06430708536325547	0.09072363445785514	0.09483984036320611	0.003418547607889062
299000	-2483.893317480576	-2331.3061014448026	-152.58721603577337	0.07252772001623348	0.06633910215782358	0.17249645481263726	1.044734534175272E-4
300000	-2478.7271729640747	-2328.7148457190947	-150.01232724498007	0.0854061425561911	0.14298870149584617	0.1295600914036882	0.00232649921627812
301000	-2478.0809065122817	-2327.9310070666093	-150.14989944567247	0.08679685147007944	0.11909914503912063	0.15084321417447902	0.002275186580894914
302000	-2485.096764516167	-2330.0990580448115	-154.9977064713553	0.05009766990387521	0.19093917370416288	0.07941235320831873	0.0018658298071188987
303000	-2488.539633403788	-2334.474000460742	-154.06563294304578	0.08875577454776476	0.057046452062939824	0.056398058396430625	4.237590885701526E-4
304000	-2480.036918661894	-2327.9298630945773	-152.10705556731693	0.0564293914911695	0.10042278204433358	0.15770538101501846	7.899972430140085E-4
305000	-2478.9835586694844	-2328.126712989998	-150.85684567948655	0.07647263491951704	0.10488418670366068	0.12864439069123879	0.002184518670020663
306000	-2479.7792784126227	-2329.1963951566627	-150.58288325596007	0.1083090482507239	0.09516669065429781	0.17233265598247668	8.589869245372971E-4
307000	-2479.6572599204746	-2326.565875477116	-153.09138444335855	0.12811820083426526	0.06836550318412551	0.19148675604213292	0.0031968949773736577
308000	-2478.3731499504142	-2329.5254077354866	-148.84774221492762	0.10365121993432251	0.12289732563560148	0.1289569193425895	0.0015238353871241334
309000	-2481.3219331411324	-2327.710039332881	-153.61189380825155	0.1638162327642155	0.09302275742825966	0.17911419140481577	0.003526588211353164
310000	-2479.832820773825	-2330.132279117635	-149.70054165619	0.15052246728587468	0.09968461038799484	0.1429382259361303	0.0014234423299796558
311000	-2478.273559848531	-2328.831173218141	-149.44238663039002	0.0831869632717794	0.10308802256804375	0.11879172636469076	0.001622321022564234
312000	-2479.5400892275948	-2329.188546314536	-150.35154291305878	0.10854921670131318	0.10683345322062844	0.1881022616636102	8.12753794609494E-4
313000	-2479.689271881098	-2329.949319762284	-149.7399521188139	0.07238411690763147	0.09179474848447065	0.11459398433339696	6.486143151441784E-4
314000	-2480.0882057201143	-2327.4475969232476	-152.64060879686673	0.07359074993422922	0.0559862796814002	0.12292213252176737	0.0014842039621582375
315000	-2478.9559775344123	-2328.3626699145757	-150.59330761983645	0.08424309249229459	0.1324817723024235	0.15352941168398007	0.003110698060580786
316000	-2483.1187676010695	-2329.583186524549	-153.53558107652057	0.1487475728313635	0.1130605926542489	0.15492502034565317	0.007870285293742993
317000	-2479.6335164276425	-2328.6502594969866	-150.9832569306561	0.0636770531482579	0.12704487568214928	0.112885119603206	0.0012805786213412828
318000	-2480.1539534081894	-2327.8089432440634	-152.34501016412625	0.09714930401162994	0.057401724002406423	0.1525133299585437	0.0012312401150596647
319000	-2479.4471916982075	-2330.1864430764253	-149.26074862178191	0.12963774039732792	0.13600809337148473	0.13028954062778864	0.001918114727837319
320000	-2479.3125760844464	-2327.0435885331585	-152.268987551288	0.11652709781437366	0.06470954826241629	0.16071728399357663	0.00354598701849457
321000	-2478.952905458444	-2328.5028885134416	-150.45001694500252	0.1298246529329065	0.11395727121383718	0.15318582870824932	0.0043282652099391
322000	-2479.1827844524664	-2328.365730288584	-150.81705416388246	0.07534152021683145	0.09589428605548943	0.13258796133950462	0.0030401350124458987
323000	-2480.33634089196	-2327.307254430219	-153.02908646174092	0.1286535548541419	0.09321363169890996	0.21094555207181148	0.00467106600714328
324000	-2480.7308004784645	-2329.8082548810644	-150.92254559740033	0.055975326918796524	0.12822322712951847	0.10883399916637373	5.476027296510866E-4
325000	-2480.953412782748	-2329.4582110201823	-151.4952017625655	0.063200189348682	0.08822240257099132	0.08823752450108195	0.0012644959881760844
326000	-2481.313924338957	-2327.8634743748735	-153.45044996408322	0.07035411732854707	0.05184811615378875	0.10437694458515641	0.0015931546298698577
327000	-2479.198651980253	-2328.306899834942	-150.89175214531073	0.07740207245530306	0.1257383957613414	0.18187056302579932	9.507717420554839E-4
328000	-2479.8153584234824	-2328.3038266791655	-151.51153174431704	0.06171150107869434	0.1209733843715785	0.12493091211093217	0.0011189133398221448
329000	-2479.0396381965033	-2329.855895649995	-149.18374254650806	0.08190292562716107	0.10531731845401987	0.1254912448068536	7.475867923779345E-4
330000	-2486.909942801745	-2328.345126170442	-158.56481663130262	0.16304301494301005	0.05891575702484582	0.1456282858893676	0.0027129937852038827
331000	-2480.3231895650333	-2328.6361682428555	-151.68702132217757	0.07924574694513725	0.1194146578034601	0.12133790072762904	0.0023474299701640253
332000	-2482.9741019494654	-2327.1857186653942	-155.7883832840711	0.049557380729157184	0.051270534386978664	0.10432189271931029	0.0016253078733692089
333000	-2481.2000731107505	-2329.558954463839	-151.6411186469111	0.07319391185984384	0.06393475805119228	0.09688196690577697	9.699921592149083E-4
334000	-2480.2323005622875	-2328.8032390163844	-151.42906154590312	0.09978073726412104	0.0798901262545779	0.11668255707571412	0.0027113431546007876
335000	-2480.2561904146455	-2328.4671554721644	-151.78903494248095	0.085082642022	0.059082629585947996	0.1370014280008281	9.420032331256562E-4
336000	-2484.4240301709096	-2330.889125304064	-153.53490486684586	0.1287059216052999	0.08830645446020766	0.12205793864585919	0.007574748835312385
337000	-2479.7402959222877	-2326.9516795098993	-152.78861641238822	0.061843747599098414	0.06669139865476582	0.13890270758302534	0.001686031631619115
338000	-2479.657902656777	-2327.5390975194077	-152.11880513736924	0.07103090811400364	0.08644586174430514	0.1893222025256029	0.001031847619124769
339000	-2478.700536451028	-2327.759116928482	-150.94141952254586	0.07362190647637955	0.08547249783463096	0.13083340254615697	0.0023195593524607417
340000	-2479.970366369046	-2327.055379476235	-152.9149868928111	0.05891610005567981	0.07873264654663419	0.1481213880743741	0.001512272538457285
341000	-2478.121437201721	-2328.1690849534534	-149.9523522482679	0.10303257756231847	0.11891130392925672	0.15234084430411002	0.003097990214744785
342000	-2483.7296820792944	-2330.269669546811	-153.46001253248318	0.04458722227949301	0.1308719298906601	0.07772419425809034	5.241140384550729E-4
343000	-2479.002753299606	-2327.1610912479105	-151.84166205169547	0.07980039694175388	0.08493185579553623	0.16615713948149968	0.0023432509360774905
344000	-2481.5726536971147	-2327.567880151553	-154.00477354556176	0.06163161504651617	0.12137877123691443	0.21374896115346545	0.0016244339826644839
345000	-2478.760166202051	-2327.254661014069	-151.50550518798232	0.10707103388031028	0.08692462482844052	0.17322361765615465	0.0024759854832010378
346000	-2482.665822167133	-2331.0234647556913	-151.64235741144157	0.10808037950924095	0.05894430974137194	0.0891996084750112	0.0018630407056139504
347000	-2478.725781155965	-2329.0328653554966	-149.6929158004683	0.10200261106359323	0.08308671453174261	0.12430585592965304	0.0016145014926987526
348000	-2478.842827599763	-2329.557064414198	-149.28576318556512	0.09499769039355867	0.12008945216012136	0.11266587958081813	0.002336378727513849
349000	-2479.131302640795	-2328.930739868009	-150.20056277278636	0.08543781326712924	0.08424904964404342	0.11286607387360634	0.0016060367594406659
350000	-2483.3044896364145	-2329.513600107235	-153.7908895291792	0.060051133427202086	0.10718727898724663	0.1885221161632985	0.0030398399550569254
351000	-2483.4706302567547	-2327.2603505153897	-156.21027974136507	0.05958343959785801	0.04409217030184953	0.10502773840020095	0.0013021780035640386
352000	-2478.707077700117	-2328.909722194242	-149.79735550587512	0.09752858314428527	0.13843118719829747	0.13270949179688712	0.0030031713582347576
353000	-2479.8841033402273	-2328.0366374037467	-151.84746593648055	0.06051065820477486	0.11898559791876354	0.14234695125546737	0.001002499290960756
354000	-2479.231372913579	-2328.3584080507912	-150.87296486278774	0.13863572056395024	0.11848749728793591	0.16292236602361188	0.0031487144890676925
355000	-2481.590298787498	-2331.0375705900183	-150.5527281974797	0.17284501022220658	0.09862858730479722	0.13157563593496122	0.0015612009092619203
356000	-2480.443890358957	-2330.448797963393	-149.99509239556397	0.09292418067851937	0.07861682747397385	0.0959449697800227	0.0013783249832022434
357000	-2480.523043414608	-2328.490916740832	-152.0321266737761	0.1476931262599217	0.10409895984845112	0.17550588884542256	0.0020272997306696777
358000	-2479.6262111483966	-2327.415608447281	-152.21060270111562	0.12833524604858598	0.0930786523347416	0.17668237641077708	0.0032819216097763945
359000	-2478.2690368016606	-2328.603367635876	-149.66566916578455	0.0925031583088977	0.08804038221818855	0.13853994581386186	0.0013001633872135366
360000	-2479.6253495697993	-2329.055156500941	-150.57019306885832	0.06845606607323584	0.08125239761495233	0.12158057873823133	7.689454440763288E-4
361000	-2480.2875269592987	-2327.566892844894	-152.72063411440467	0.047081094105134454	0.12445780880988284	0.13760040696676196	0.0013241302587434138
362000	-2479.4081208231432	-2328.628794340345	-150.77932648279827	0.11535524861758037	0.08365332737728397	0.13948982452849906	0.004836651999261513
363000	-2483.4234949253187	-2329.3091298646937	-154.114365060625	0.0961118502127257	0.06910396921430777	0.11071388544920074	0.0014926319842498736
364000	-2480.1071683766104	-2329.5071293251767	-150.60003905143373	0.08670599730423052	0.09417911632875492	0.15809315037778696	6.217863973542944E-4
365000	-2478.7148128776967	-2326.8353891330703	-151.87942374462642	0.10918919098242799	0.06801856576670745	0.17000525326892976	0.0026812557641934043
366000	-2480.4435195400843	-2328.167942551818	-152.2755769882659	0.08598681825692327	0.11702321735980814	0.14981113642825802	0.0015616840920666748
367000	-2480.9626728794556	-2328.455865399333	-152.50680748012257	0.0952074781529939	0.06078018442295238	0.11711370677892644	0.0017513284337858266
368000	-2484.2512822735807	-2329.143196653963	-155.1080856196179	0.0405209400083836	0.10834640870894709	0.14497388537012373	0.0019543890824004735
369000	-2484.784966697287	-2331.76930918958	-153.01565750770726	0.10707097515480282	0.06409794546378215	0.12954055845445359	0.008063058405067372
370000	-2479.5852175248165	-2328.68140677478	-150.9038107500365	0.09050910987391715	0.07205320336498018	0.11174957153137986	0.002091144831235327
371000	-2480.524619041668	-2327.9662795207246	-152.55833952094326	0.08933068554683238	0.07700938195502949	0.17836190758628614	0.004078782279265722
372000	-2479.600256684159	-2328.4337512567704	-151.16650542738867	0.0690144932658855	0.12342628018758063	0.12574505253131693	0.0013108565705178211
373000	-2481.9642917713218	-2328.3631535688305	-153.60113820249106	0.08416321835592215	0.1557287714897116	0.14845139123298962	0.0017198192497713553
374000	-2478.718537957715	-2328.434069242326	-150.284468715389	0.07310924491942955	0.11431727953912371	0.1201257546712456	0.0021062457962682224
375000	-2481.7524608846516	-2327.4831834992233	-154.26927738542835	0.10745282367666695	0.04515767490401701	0.13424262340650459	0.0017728861189833663
376000	-2479.815538424661	-2328.3584511197564	-151.45708730490463	0.0764715311010513	0.13087045661133198	0.13124910251393218	0.0022385109607272586
377000	-2479.86316027316	-2327.763241695517	-152.09991857764254	0.08127334506004677	0.06298004458135752	0.11900377647510858	0.002408290527539594
378000	-2480.5913447426083	-2328.9034467517345	-151.68789799087386	0.10665756479715581	0.07916470513539008	0.13915803357103468	0.005189660168914771
379000	-2478.4273959923344	-2328.728265277957	-149.69913071437767	0.0734169848115189	0.10714714208403929	0.13199632007529108	0.0010092449684447982
380000	-2480.1039617232336	-2327.260933334175	-152.84302838905836	0.05697369715014008	0.09178002442237061	0.16191148037138658	0.0017229454622371446
381000	-2483.0706904058384	-2329.4714646829207	-153.59922572291765	0.11688610332809003	0.16339955841469578	0.1959035357910913	0.005902409962481752
382000	-2479.0237724808676	-2327.2058677519835	-151.81790472888392	0.12665794893762317	0.07655202917031032	0.17046145111920463	0.0038468905277928784
383000	-2478.635087989081	-2329.374351423847	-149.26073656523388	0.08977898570343575	0.11545603682795016	0.11288251761237406	0.001955842736097851
384000	-2478.6177231121437	-2328.4156751047094	-150.2020480074341	0.07637627446147031	0.12612530285160276	0.15750364116372104	0.0010384943856681537
385000	-2478.5107616658856	-2329.0657183896606	-149.44504327622508	0.10060149049371285	0.09396912414024575	0.14244118996048427	0.0011589567719056378
386000	-2478.973643840864	-2328.426097625129	-150.54754621573505	0.10891651678426366	0.10524525241489108	0.1832759640911475	0.0012449968518047098
387000	-2482.701151300389	-2331.6797024502393	-151.02144885014948	0.14260212564469343	0.08981769719256733	0.10576712144200735	0.006430429526112637
388000	-2484.853584947633	-2329.424489313331	-155.42909563430214	0.09059644986538512	0.0978415428931593	0.10689460358032057	0.0025712283734595086
389000	-2485.448477768211	-2328.5402196597206	-156.90825810849017	0.0816908071433098	0.08885640872651618	0.13543331572612424	0.0036122214721854575
390000	-2479.49888364779	-2326.9503963051	-152.54848734268978	0.08092747251053631	0.07508084864561303	0.17362874473239054	0.002531495301757506
391000	-2479.872304739159	-2328.4270361813988	-151.4452685577604	0.061045573962583	0.10366230754629487	0.1490015881188859	7.334374681797598E-4
392000	-2482.033090239219	-2328.2836348232163	-153.74945541600232	0.047252628813188466	0.08686600612975134	0.14781270523557058	0.0020737477577364855
393000	-2479.0686111199875	-2329.481184543042	-149.58742657694535	0.09949110428353851	0.10664206757964588	0.16088024045272784	7.821409112201937E-4
394000	-2478.4716564895066	-2329.3598799076417	-149.11177658186497	0.09722090639315342	0.1121411511015075	0.1454097356291289	9.962863762909722E-4
395000	-2481.0773121842444	-2327.288166850121	-153.78914533412367	0.17496461810472405	0.08080387103808521	0.1862224510529504	0.005499069424967586
396000	-2479.440143080432	-2327.81125783876	-151.62888524167204	0.10390020426784884	0.08579931349312987	0.20490042460612323	0.001244121408200832
397000	-2480.621115191884	-2331.4884124754317	-149.13270271645234	0.10277766686676346	0.0972913520075662	0.09404596251072876	0.0012727966958169159
398000	-2480.4230737275807	-2327.7780924721524	-152.64498125542812	0.04766031438990661	0.1290972986420416	0.14750047361505017	8.112314139813216E-4
399000	-2479.03815702403	-2329.7503255405522	-149.28783148347793	0.09004702661352225	0.08570811067357274	0.11778419877472543	9.785650837656123E-4
400000	-2479.4884533248796	-2329.3181361969537	-150.17031712792587	0.10429169655569807	0.1654818809154627	0.15444199479072154	0.001257197499354259
401000	-2482.1337521388396	-2326.424783261325	-155.70896887751437	0.06172053201998449	0.04784690335788983	0.1613962674534786	0.0011562750898025493
402000	-2478.9409419034655	-2329.3848526011598	-149.55608930230557	0.11032408229747581	0.08203029781500383	0.1257944859827885	0.0014797263300485662
403000	-2478.560847633437	-2328.9387532689934	-149.62209436444346	0.110795314260903	0.10345597915817724	0.12838881931724974	0.0028439821102846197
404000	-2481.947727106657	-2329.7387938454676	-152.20893326118969	0.07583340119637871	0.11073967231544571	0.09653745675552332	0.001642310231940926
405000	-2479.1753399851896	-2327.0719516432687	-152.10338834192075	0.08993518965565246	0.09413862413071669	0.2058445971203266	0.002053481906301421
406000	-2480.626955847148	-2328.452750251687	-152.1742055954608	0.11222445745606974	0.051256599702602386	0.14266739651027324	0.0011558116534757645
407000	-2479.790698775219	-2328.109326722122	-151.68137205309674	0.06606691079356398	0.07797355796042979	0.10859411032346047	0.0018542610810513352
408000	-2481.075005566714	-2329.700975994924	-151.37402957179	0.13559359220793232	0.1840848591778703	0.16431356230912103	0.0015241717708336365
409000	-2479.561618673022	-2327.9371092309384	-151.62450944208368	0.10004809480200468	0.13255853363669554	0.18751618262728226	0.0017186183065517405
410000	-2479.3142669241224	-2329.049225359591	-150.26504156453123	0.07305909711206324	0.11752932607785667	0.10777566645429495	0.0023726545217624792
411000	-2481.4711616044765	-2329.493132171576	-151.97802943290085	0.05746653555035684	0.13138376505947483	0.0879240901021793	0.0018289674120477262
412000	-2479.4350218027184	-2330.2446242085985	-149.1903975941199	0.09881471357168513	0.11967417259699914	0.12283879184976318	9.832849892737468E-4
413000	-2478.1561184347133	-2327.571345213845	-150.5847732208686	0.11387163945784048	0.09953876141089132	0.16963539067824812	0.003133227180946731
414000	-2478.288276394263	-2328.653489365266	-149.63478702899678	0.09771872660608096	0.11517917045332039	0.13385206246525122	0.0021163226010817984
415000	-2478.0328697613563	-2327.72681132945	-150.30605843190637	0.08694220229676661	0.08171876292333904	0.1371924616465716	0.0020652315419422062
416000	-2479.587109813974	-2327.7218284136766	-151.86528140029776	0.13197878289534135	0.060289894917680234	0.14866319372930462	0.002378159341386358
417000	-2479.5557448232357	-2327.718065439997	-151.83767938323868	0.06122936653019876	0.09345526857824411	0.13103798909502415	0.0012623184067349208
418000	-2478.61375218324	-2327.975865409634	-150.6378867736061	0.06788561653341849	0.12771981459028112	0.1365222380278128	0.001754908949662153
419000	-2480.9161204126117	-2331.392894898193	-149.52322551441884	0.09028921727634662	0.1166627222267901	0.08889172435215496	0.0013943225550722882
420000	-2479.9081672905695	-2326.9119697239134	-152.99619756665606	0.07130969117787977	0.0564971614226782	0.143692950584744	0.001413569444090179
421000	-2479.721198035055	-2326.7749460848045	-152.94625195025014	0.10244235669628082	0.057413507482271725	0.1567268174272847	0.002347433518114448
422000	-2481.15848778067	-2326.9480680785464	-154.21041970212377	0.06157172876115959	0.049962665992193976	0.13549774083017987	0.0011009739372160577
423000	-2481.1113532993368	-2330.253041176717	-150.85831212261982	0.07272374922165958	0.1613819044629102	0.09437001160615002	0.0013360640634037559
424000	-2479.4414363570577	-2329.4620710761856	-149.97936528087197	0.10559789663857574	0.07078812096941517	0.12278918212777291	0.0012162567694285087
425000	-2481.7959056721616	-2328.3607684874696	-153.4351371846919	0.1427032315944523	0.05913205071718572	0.1432666305018428	0.005534935457900821
426000	-2479.661274794586	-2327.1602213646497	-152.5010534299363	0.06875576587536468	0.06767781882764605	0.136957485675464	0.002156294355174141
427000	-2478.2609478716845	-2328.553212492782	-149.70773537890233	0.11875851525217332	0.09338282553734684	0.14290118348089323	0.002197985450834462
428000	-2478.821098907284	-2329.094296423975	-149.72680248330923	0.0909814206884717	0.09957479684899666	0.11356312691752479	0.0027825160075767357
429000	-2479.57892887023	-2328.1351534754804	-151.44377539474945	0.06476999922412383	0.1345569761521354	0.14661313794941877	0.002260544327488248
430000	-2479.0014257293633	-2327.5283315752076	-151.47309415415575	0.08149150229237445	0.07563418199364985	0.13907266121584133	0.002695763324015062
431000	-2480.9450570336026	-2328.4818845920495	-152.4631724415531	0.09848904845132947	0.0622694995031048	0.17288959623034128	8.34779813806838E-4
432000	-2480.85906751991	-2328.9414201081136	-151.91764741179642	0.0820906463328737	0.06809390771491852	0.10000948930189263	0.0022447490989417037
433000	-2481.2678407646636	-2328.7048779356883	-152.56296282897551	0.06130722573249121	0.08194498877697903	0.15441391597056242	5.740355343679258E-4
434000	-2478.2599855340836	-2328.0591134178476	-150.20087211623598	0.11926266192935481	0.0851679110723466	0.14931351513474786	0.0024162074039069466
435000	-2478.734968711035	-2329.3142410671	-149.420727643935	0.08953339312815739	0.10971690929173113	0.11909652468518991	0.0014534267912119652
436000	-2479.6479518401916	-2331.0390281428	-148.60892369739153	0.10033520615528511	0.10322073911094987	0.11134734890859481	7.638104117785747E-4
437000	-2479.250465731463	-2327.7780973618733	-151.47236836958976	0.08914833879906332	0.12626990465065846	0.18740362455962414	0.002877114356377573
438000	-2480.6034087833723	-2330.02489148662	-150.57851729675235	0.0961270682947729	0.0929241234876398	0.12666903352267975	0.0054152034930878955
439000	-2479.585913439873	-2327.7598137576338	-151.82609968223917	0.1227272928693907	0.08995310711284601	0.17220527210108275	0.0021223727843229065
440000	-2482.7384127350942	-2329.3993069564913	-153.33910577860294	0.045277180865471486	0.15459509586169637	0.11152612357631729	4.6982267954783917E-4
441000	-2481.7740071275052	-2329.5298489060315	-152.2441582214737	0.1432495910887729	0.061780758052279186	0.15213087366566666	9.87115770340698E-4
442000	-2481.802046043623	-2326.998174919276	-154.80387112434673	0.09562131763224305	0.086382028133413	0.24963096090706716	0.002372088319678605
443000	-2479.570542921022	-2327.817788472832	-151.75275444818996	0.15172910506208964	0.1035226268847711	0.17522330321808047	0.004046190302473643
444000	-2480.1473849871068	-2327.4707745278447	-152.67661045926224	0.048378112056782344	0.0953874323705464	0.12388718192007508	0.001208609841661823
445000	-2480.4417590015055	-2328.155378835773	-152.28638016573257	0.08955365034994782	0.11537313037889523	0.14254126678330772	0.002104923256508157
446000	-2479.3099773137405	-2328.76410454929	-150.54587276445025	0.07493660039217176	0.10616886336041588	0.13498645692654268	9.80156338970646E-4
447000	-2480.2266622360357	-2327.676117103987	-152.5505451320485	0.0641165236548693	0.09552665315955514	0.18026742409486032	9.355926067834896E-4
448000	-2480.457797902662	-2327.915450321715	-152.542347580947	0.08689357857917607	0.06796105830336309	0.12984153321760614	0.0033051655435546146
449000	-2482.7646561627757	-2331.8413754757967	-150.92328068697907	0.16294287047620962	0.1445861508900019	0.11964987674746537	0.0022386433106256535
450000	-2479.064131948978	-2328.0131648292877	-151.0509671196899	0.07420217344153511	0.09575363403355203	0.1262569834770371	0.002109294209410115
451000	-2478.438812118736	-2327.579549612067	-150.8592625066693	0.10524620697997905	0.09919945023731262	0.173932961632195	0.0020964142749375207
452000	-2479.405486605286	-2328.382372128437	-151.0231144768489	0.08990048495014706	0.07932495056385995	0.15426201571161305	0.001058443432722795
453000	-2482.161307410159	-2328.7352079636503	-153.42609944650874	0.11700160940374255	0.10240186582936124	0.1857711888731022	0.005918827275916975
454000	-2490.2117058726853	-2335.06673415978	-155.14497171290546	0.08012653037364677	0.13018509805598966	0.060996676619619467	0.004001234994777709
455000	-2478.9949398449007	-2327.7113971282665	-151.2835427166342	0.08868667993683205	0.11458101502705505	0.172878168752478	0.0017039975565627504
456000	-2478.819102294383	-2327.6924353441254	-151.12666695025732	0.0635266018054067	0.0869461626450048	0.14176547464401956	0.0011068794203665721
457000	-2478.198760169303	-2329.23880509321	-148.95995507609322	0.10329454565612375	0.10724662858708096	0.14002979420167008	0.0012623555056906872
458000	-2480.8976837554314	-2328.701256837861	-152.19642691757034	0.09623877741010375	0.08574407572548287	0.1289240617323202	0.0015820205751587667
459000	-2478.473285802597	-2327.91301890604	-150.56026689655684	0.13217192554444898	0.08583606087174805	0.15695646692596227	0.0028928268979702613
460000	-2481.092375045899	-2328.461947124008	-152.63042792189137	0.06687674038966691	0.08382575773608075	0.15770964176251973	7.01165552515464E-4
461000	-2480.4109200049706	-2328.370011090595	-152.04090891437542	0.08379023558158723	0.08605046988072429	0.1554488969243139	0.0038851026395155313
462000	-2479.5528328591336	-2327.3320572155576	-152.2207756435759	0.059240680591028834	0.09970610791826191	0.15557367976930295	0.0016490826614219602
463000	-2482.4761961054096	-2328.9773131324314	-153.498882972978	0.10358997904901822	0.052654822451745444	0.13233911973114207	9.735700155848827E-4
464000	-2480.1439910146137	-2327.8224272870802	-152.32156372753334	0.047776392438070116	0.11705801222258015	0.11555535968415144	0.0011698490808239807
465000	-2480.7529105229873	-2327.2453855280287	-153.50752499495846	0.12552889487474186	0.05143733432992609	0.1456903719481225	0.0026788497391191583
466000	-2478.2047852112646	-2327.445583739356	-150.7592014719085	0.10414864369212633	0.08304399946347316	0.15622298026412482	0.002795322721394338
467000	-2481.457611934496	-2327.8097745188647	-153.64783741563153	0.13595781751482797	0.09665432590926194	0.16590322655922188	0.0035314808178032444
468000	-2480.468920542732	-2327.3054396127636	-153.16348092996836	0.09707033912588682	0.04791814370524611	0.12724325858332267	0.002253636883915797
469000	-2484.1736760818776	-2331.7052731860454	-152.46840289583204	0.06541528317783912	0.10108691469766368	0.07307979954811511	0.003140049176284324
470000	-2479.8050298615667	-2328.9591096365034	-150.8459202250633	0.06830607632546505	0.112360084687118	0.10926240202257104	0.0012344528208884115
471000	-2479.6116332262836	-2328.322247298418	-151.28938592786557	0.11423249795809584	0.08604810824943365	0.15000880599957325	0.004787297703803676
472000	-2479.3198861201236	-2329.3871813041446	-149.93270481597912	0.1076936767751181	0.12950944185232363	0.1250183774188879	0.003212277112282829
473000	-2480.069051828925	-2327.591270414503	-152.47778141442168	0.06835423361258902	0.08484698422477255	0.1364263506742095	0.002253063280471115
474000	-2480.928003021065	-2328.870588532759	-152.05741448830557	0.08830103411907346	0.06106392993145859	0.10349712646278962	0.0030073420641844833
475000	-2478.5245347738705	-2328.1440043796947	-150.3805303941757	0.11468578726059662	0.07643810602590613	0.14437661146595926	0.0020201762753098793
476000	-2481.1747847332517	-2330.1442776837266	-151.03050704952489	0.10457323746525231	0.1172145101171685	0.11884855696390859	0.004932587920555646
477000	-2479.488853341281	-2327.9086686478126	-151.58018469346825	0.07507672823633058	0.06672412005803832	0.1183241297476527	0.0015608164881044681
478000	-2479.5837498556225	-2330.082206305893	-149.5015435497294	0.09547317863712394	0.12869938419769897	0.11732740355038705	0.0012256325420532425
479000	-2480.9601303031136	-2328.917596145712	-152.0425341574013	0.06634645441308636	0.06711909023635383	0.12705990623061605	6.658941756286452E-4
480000	-2478.30033221478	-2328.2960222304937	-150.00430998428666	0.08484520348319204	0.13115820610328535	0.14000624672372916	0.0024175432442932582
481000	-2480.4214696679614	-2332.0040682038443	-148.41740146411718	0.09919173343599562	0.12691217557675047	0.10176565295854773	5.506547537123751E-4
482000	-2487.0670965220834	-2331.099179798488	-155.96791672359544	0.06142303629862942	0.12512570915684476	0.07402016835164277	0.002419679423580229
483000	-2479.5558139724494	-2328.993329343125	-150.56248462932453	0.09605525067893796	0.072606241592266	0.11235178385227963	0.001865910025999539
484000	-2479.2454240763523	-2327.8165891433355	-151.42883493301673	0.05962955700323088	0.12769987297663823	0.13832256069025664	0.0013261975204554655
485000	-2482.820028334397	-2329.692745568128	-153.12728276626908	0.18142324341857272	0.07890152767874939	0.13671737117918328	0.0066574769093942394
486000	-2480.010932855856	-2328.555208225466	-151.45572463039008	0.07516124632422973	0.06802750190879947	0.10781325098849194	0.0013944523742637038
487000	-2479.0427845294425	-2327.231962306074	-151.8108222233685	0.08260799823937044	0.06277466789056665	0.13951694964591435	0.0017570770363373731
488000	-2479.5604012601907	-2327.097551728896	-152.46284953129455	0.07061499882049413	0.0749989421834172	0.16111179950869356	0.0013995619395835775
489000	-2485.0759682962935	-2331.225903860382	-153.85006443591158	0.06171129548922815	0.07481109516307745	0.07020935129778583	0.0028542197434590984
490000	-2480.0709958738485	-2327.5226058463672	-152.54839002748125	0.08878114430359632	0.10888289304902556	0.18586247401728437	0.002800336685615212
491000	-2479.1700417559814	-2329.61175615476	-149.55828560122166	0.1007175789951345	0.0773221516356445	0.11895539740575495	0.0012043474653282379
492000	-2478.9794427826114	-2327.3225057312225	-151.65693705138887	0.09149566603806378	0.09840965105911349	0.20268343277296016	0.0016681147152872214
493000	-2478.92097169111	-2328.093658933844	-150.82731275726596	0.08489895285220338	0.06747357747869526	0.12842901113231123	0.0014146215533056828
494000	-2482.9900333649903	-2328.480074852006	-154.50995851298418	0.042612953699229385	0.08335128397164807	0.08694805257021108	8.098095415060343E-4
495000	-2479.6514661837764	-2329.7746905148565	-149.8767756689197	0.12095507928915537	0.1389454217330978	0.12684159432315767	0.003848246648600471
496000	-2479.040223347581	-2327.982419911198	-151.05780343638304	0.0975054000759351	0.10828815323951152	0.1655142574671043	0.0016635069702857375
497000	-2479.7134378822784	-2330.4290425149047	-149.2843953673738	0.08813891041542142	0.1286435184452732	0.12077742029043888	7.460607203267311E-4
498000	-2483.0057647378603	-2329.035199558679	-153.97056517918148	0.05775084784155184	0.061375860084379695	0.13738669135027834	4.676045614008035E-4
499000	-2479.989018959087	-2326.872543894585	-153.1164750645021	0.05649376398863968	0.06861653966428463	0.14461701919215048	0.0014710303228009226
500000	-2485.6289730520984	-2329.556301043428	-156.07267200867025	0.0472548352089703	0.12429804764551822	0.14879851869917307	3.282790622846632E-4
