#
#model:
#
#<?xml version="1.0" encoding="UTF-8" standalone="no"?><input id="posterior" spec="beast.core.util.CompoundDistribution">
#    <distribution id="prior" spec="beast.core.util.CompoundDistribution">
#        <prior id="lambdaPrior.bfd" name="distribution">
#            <parameter id="lambda" lower="0.0" name="x" spec="beast.core.parameter.RealParameter">0.01</parameter>
#            <Gamma id="Gamma.0" name="distr">
#                <parameter estimate="false" id="RealParameter.1" name="alpha" spec="beast.core.parameter.RealParameter">2.0</parameter>
#                <parameter estimate="false" id="RealParameter.2" name="beta" spec="beast.core.parameter.RealParameter">200.0</parameter>
#            </Gamma>
#        </prior>
#        <distribution id="snapprior.bfd" lambda="@lambda" spec="snap.likelihood.SnAPPrior">
#            <parameter estimate="false" id="alpha" lower="0.0" name="alpha" spec="beast.core.parameter.RealParameter">11.75</parameter>
#            <parameter estimate="false" id="beta" lower="0.0" name="beta" spec="beast.core.parameter.RealParameter">109.73</parameter>
#            <parameter estimate="false" id="kappa" lower="0.0" name="kappa" spec="beast.core.parameter.RealParameter">1.0</parameter>
#            <parameter id="coalescenceRate" name="coalescenceRate" spec="beast.core.parameter.RealParameter">10.0</parameter>
#            <tree clusterType="upgma" id="Tree.bfd" nodetype="snap.NodeData" spec="beast.util.ClusterTree">
#                <taxa dataType="integerdata" id="snap.bfd" spec="snap.Data">
#                    <taxonset id="ant" spec="beast.evolution.alignment.TaxonSet">
#                        <taxon id="Amotape_B67243.Tumbes.Amotape" spec="beast.evolution.alignment.Taxon"/>
#                        <taxon id="Amotape_B67257.Tumbes.Amotape" spec="beast.evolution.alignment.Taxon"/>
#                        <taxon id="Canchaque_B72873.Piura.Canchaque" spec="beast.evolution.alignment.Taxon"/>
#                        <taxon id="Canchaque_B72878.Piura.Canchaque" spec="beast.evolution.alignment.Taxon"/>
#                    </taxonset>
#                    <taxonset id="bar" spec="beast.evolution.alignment.TaxonSet">
#                        <taxon id="CarpaChavin_B72793.Huanuco.CarpaChavin" spec="beast.evolution.alignment.Taxon"/>
#                        <taxon id="CarpaChavin_B72795.Huanuco.CarpaChavin" spec="beast.evolution.alignment.Taxon"/>
#                        <taxon id="Carpish_B72761.Huanuco.Acomayo" spec="beast.evolution.alignment.Taxon"/>
#                        <taxon id="Carpish_B72772.Huanuco.Mitotambo" spec="beast.evolution.alignment.Taxon"/>
#                        <taxon id="Chavinillo_B72789.Huanuco.Chavinillo" spec="beast.evolution.alignment.Taxon"/>
#                        <taxon id="Chavinillo_B72792.Huanuco.Chavinillo" spec="beast.evolution.alignment.Taxon"/>
#                        <taxon id="Quichas_B72777.Lima.Quichas" spec="beast.evolution.alignment.Taxon"/>
#                        <taxon id="Quichas_B72778.Lima.Quichas" spec="beast.evolution.alignment.Taxon"/>
#                        <taxon id="Huamatanga_B72889.Lima.Huamatanga" spec="beast.evolution.alignment.Taxon"/>
#                        <taxon id="Huamatanga_B72892.Lima.Huamatanga" spec="beast.evolution.alignment.Taxon"/>
#                        <taxon id="Pacar_B72907.Ancash.Pacar" spec="beast.evolution.alignment.Taxon"/>
#                        <taxon id="Pacar_B72909.Ancash.Pacar" spec="beast.evolution.alignment.Taxon"/>
#                        <taxon id="LaQuinua_B72753.Pasco.LaQuinua" spec="beast.evolution.alignment.Taxon"/>
#                        <taxon id="LaQuinua_B72756.Pasco.LaQuinua" spec="beast.evolution.alignment.Taxon"/>
#                        <taxon id="Chinchan_B72900.Ancash.Chinchan" spec="beast.evolution.alignment.Taxon"/>
#                        <taxon id="Chinchan_NK_173896" spec="beast.evolution.alignment.Taxon"/>
#                    </taxonset>
#                    <taxonset id="cur" spec="beast.evolution.alignment.TaxonSet">
#                        <taxon id="curtata_cra.cur.B6032" spec="beast.evolution.alignment.Taxon"/>
#                        <taxon id="curtata_cra.cur.B8175" spec="beast.evolution.alignment.Taxon"/>
#                    </taxonset>
#                </taxa>
#                <parameter id="RealParameter.0" lower="0.0" name="clock.rate" spec="beast.core.parameter.RealParameter" upper="0.0">1.0</parameter>
#            </tree>
#        </distribution>
#    </distribution>
#    <distribution id="likelihood" spec="beast.core.util.CompoundDistribution">
#        <distribution data="@snap.bfd" id="treeLikelihood.bfd" non-polymorphic="false" pattern="coalescenceRate" spec="snap.likelihood.SnAPTreeLikelihood" tree="@Tree.bfd">
#            <siteModel id="MutationSiteModel.bfd" spec="beast.evolution.sitemodel.SiteModel">
#                <parameter estimate="false" id="mutationRate" name="mutationRate" spec="beast.core.parameter.RealParameter">1.0</parameter>
#                <parameter estimate="false" id="shape" name="shape" spec="beast.core.parameter.RealParameter">2.0</parameter>
#                <parameter estimate="false" id="proportionInvariant" name="proportionInvariant" spec="beast.core.parameter.RealParameter">0.0</parameter>
#                <substModel coalescenceRate="@coalescenceRate" id="MutationModel" spec="snap.likelihood.SnapSubstitutionModel">
#                    <parameter estimate="false" id="u" lower="0.0" name="mutationRateU" spec="beast.core.parameter.RealParameter">1.0</parameter>
#                    <parameter id="v" lower="0.0" name="mutationRateV" spec="beast.core.parameter.RealParameter">1.0</parameter>
#                </substModel>
#            </siteModel>
#        </distribution>
#    </distribution>
#</input>
#
Sample	posterior	likelihood	prior	theta0	theta1	theta2	theta3	theta4	TreeHeightLogger
0	-2058.499666982648	-1812.0146656129737	-246.485001369674	0.0976546790047597	0.09626048375054294	0.09262241081974083	0.06279614558658918	0.16253797999190622	0.004437236650300208
1000	-2059.0182394099643	-1812.7558874009624	-246.2623520090019	0.08994219350248979	0.0906682184343412	0.10838082607786037	0.07400293571439169	0.16378421009352512	0.0032182711933791746
2000	-2059.6455335346286	-1814.699392305556	-244.9461412290725	0.09524641470300081	0.09543910669569677	0.0865599169163022	0.11141288010864923	0.11918565154467174	0.004756746203290127
3000	-2061.6941277496057	-1810.8399407870875	-250.85418696251833	0.10844580667842996	0.10237270696503421	0.040692354460545005	0.06344969560623914	0.15876576978094115	0.004185097158783347
4000	-2058.279714637577	-1812.5183632360056	-245.7613514015713	0.061301285092134526	0.09453805703769819	0.09623051097090131	0.11013373852828223	0.1414734151826404	0.003524612378615451
5000	-2058.821196814435	-1815.5102590507536	-243.3109377636813	0.09330133025437555	0.14146517881519413	0.09996545575156802	0.09443702631686553	0.13069008789358474	0.0033297614451326093
6000	-2062.7261270795343	-1816.340740763745	-246.38538631578922	0.06001751983339592	0.07785405189595185	0.15394820449296515	0.0825903199201987	0.12196815287333124	0.0021475134102815216
7000	-2061.2157158855894	-1812.207580346369	-249.00813553922015	0.06048037332259942	0.13074834849740927	0.06378078326801292	0.16947899614833056	0.14378261437552617	0.0038002676615278095
8000	-2060.239983578878	-1812.1568244699567	-248.0831591089211	0.10732496137802441	0.08147877312718675	0.052071209946446	0.1090282463048752	0.14547537550995066	0.004238487785556336
9000	-2061.6732697995476	-1814.6979070514392	-246.97536274810858	0.07566705209938733	0.07982252155573889	0.13324565939137994	0.1232559315224237	0.11033255179195882	0.004605809809489378
10000	-2062.125219005668	-1815.179259910501	-246.9459590951669	0.06273306527747734	0.09445692003709072	0.07680760474928838	0.09260199988057463	0.10620584539489981	0.004092994134644333
11000	-2063.885480534258	-1813.2910918880034	-250.59438864625486	0.11644796213838593	0.10106871458690565	0.04402623039637309	0.09582272774852188	0.1659924320280037	0.002729082576266207
12000	-2063.724381711694	-1817.016889556194	-246.70749215550023	0.060514784723621186	0.1583797317014969	0.13868032662111218	0.10735624514064357	0.109680177463381	0.0030242192822182144
13000	-2058.8314161671306	-1811.1308057777499	-247.7006103893808	0.08693402933523364	0.11473248642424122	0.06563757490474356	0.15529772871353645	0.15929842248483841	0.0052831521524634205
14000	-2060.0304483080276	-1814.1088948601946	-245.92155344783296	0.09426163257463366	0.09340341145928706	0.11927299702100366	0.05152560234025042	0.1242641474647632	0.0028949406413848896
15000	-2063.912600382049	-1810.5630661314785	-253.34953425057037	0.07219684143236908	0.12553116790426247	0.03547323608473526	0.05452738114463945	0.15314946330925047	0.002816903858091931
16000	-2061.4320374263934	-1810.8782210715167	-250.5538163548767	0.06933171583026655	0.11915556487255859	0.07061410239777695	0.1872692621824529	0.17849020822809356	0.005628481528855159
17000	-2059.1209974760886	-1811.863780135911	-247.25721734017773	0.06804511070223077	0.12066908756341173	0.07601391669345249	0.086158625468503	0.15013300611890387	0.0035118644930491757
18000	-2059.567652222287	-1814.448609293024	-245.11904292926303	0.08074774285466715	0.08127500756928077	0.09335034299128481	0.09284954942788219	0.10879798900095068	0.0033235734459814673
19000	-2058.0356113608477	-1813.7034498381142	-244.3321615227333	0.09988445819053847	0.09998154029889905	0.09755972157417263	0.07309782084161646	0.15304816537216065	0.003043112508693249
20000	-2058.8142631029064	-1813.1622324446018	-245.65203065830462	0.10402175173798284	0.09504424013836964	0.08240391853141996	0.11593778036412627	0.16280239221869863	0.004711045336774184
21000	-2059.464485924007	-1810.804356583366	-248.66012934064094	0.09684786937509925	0.11103297311270405	0.07617263814586525	0.066929720445657	0.2106674241034775	0.004014002793654276
22000	-2058.3740006699177	-1812.6759180902955	-245.6980825796221	0.0710779684571409	0.09270910747084571	0.12128790285897721	0.07789261912036281	0.13808574476805502	0.004048195779472307
23000	-2061.068616963367	-1810.9216182422315	-250.14699872113536	0.09248055595530183	0.0922920761957793	0.04953015671099174	0.06213199675533672	0.15137163317492583	0.00487698245775313
24000	-2063.1503758723175	-1811.6655851439068	-251.48479072841087	0.042681301759797965	0.07936823270729562	0.08373120624109683	0.0665242493096074	0.17018428603116872	0.0032437318794123786
25000	-2062.100925587743	-1811.348416998855	-250.75250858888782	0.13023579836616217	0.09859191997540699	0.049210759099193174	0.18491461127246248	0.1939011628626408	0.004130283420399917
26000	-2057.966943065668	-1811.9027283081227	-246.06421475754556	0.12211554307064712	0.12532698952710797	0.10647393507501998	0.06906765821362772	0.16956225815188117	0.005339377786986458
27000	-2057.5644147942467	-1812.6787244691932	-244.88569032505362	0.0836815723626184	0.12160036843498075	0.10836985918420347	0.09574826564634949	0.15377274235622	0.0037367046242385276
28000	-2060.475361723787	-1813.1200084802758	-247.3553532435113	0.08916092014296435	0.10702868765296898	0.06146650435772711	0.07566867036058865	0.14848693789484915	0.005122414388488305
29000	-2059.935982663252	-1811.7750344847566	-248.16094817849543	0.10299034079408144	0.18962129474196227	0.07246197353786525	0.08017237196389589	0.15363848574942737	0.0046678503674136155
30000	-2057.1859737659256	-1812.399908203769	-244.78606556215678	0.11549345381799928	0.0948859549283183	0.09540931924882627	0.07959727673843475	0.15029055149966375	0.004537656032160035
31000	-2061.845375386056	-1814.2440912005695	-247.60128418548643	0.04588094229923699	0.12093640847902729	0.08796301084189201	0.10655908750313954	0.12153506213810941	0.002624139248505066
32000	-2060.6808366937003	-1812.7039140469824	-247.97692264671798	0.07850986275625645	0.09986223148740386	0.0587792995979459	0.09930660063089193	0.15903051742102267	0.00619746081984656
33000	-2059.992473910315	-1814.8052742303064	-245.18719968000843	0.08007903687227165	0.15722836169129642	0.08901537234636489	0.12729066827489666	0.12764176441226446	0.00514814374042989
34000	-2058.479431561388	-1812.2745768739476	-246.20485468744027	0.07135662276783518	0.0992890330283937	0.1029767012452314	0.11318953110932119	0.17965524733568672	0.005138180267361948
35000	-2060.3166967435036	-1810.4689624524003	-249.84773429110336	0.05953456010263521	0.08931054931133019	0.05165886473857606	0.09369042765903852	0.1574661516853881	0.0038859605946691654
36000	-2057.9321836394975	-1811.662454087767	-246.2697295517307	0.08456562823705342	0.12193194190974675	0.08340721468717877	0.09575275885870782	0.16767498313327847	0.005418255109073474
37000	-2059.5844987321325	-1814.4093050028641	-245.17519372926816	0.13731243422495462	0.08812769401840327	0.09292498678846539	0.12917479604938087	0.12227884442775815	0.006981112495151679
38000	-2061.9711494970147	-1810.964307659367	-251.00684183764787	0.1370977533996488	0.11714914503148402	0.09671087241689093	0.1524186097829072	0.2738310319174215	0.005974044450236615
39000	-2063.448305697358	-1811.1881815492638	-252.26012414809432	0.09094274812263237	0.11498776659395922	0.08020684217987659	0.10633636853307615	0.2210305984239767	0.00701402762833352
40000	-2058.1766317526262	-1812.3825966953573	-245.79403505726873	0.10565643298508384	0.13286733483602253	0.07856759064824559	0.08337172811624138	0.1406949051758323	0.005190117435590972
41000	-2060.7727325773803	-1811.3965033891234	-249.37622918825676	0.07121235328121296	0.12626987475723486	0.06917399317197002	0.19472014088199233	0.15650333697522253	0.0058949741658122674
42000	-2058.3823357303186	-1813.628924696142	-244.7534110341765	0.12198504924150592	0.10781473895552589	0.08919166612939645	0.08079068571486633	0.12024344832424984	0.005021549753288873
43000	-2060.048960180241	-1814.842297255881	-245.20666292435976	0.08012047644018931	0.17385621368371476	0.12023159987037237	0.11211512334657871	0.132694817940025	0.004249686777330411
44000	-2061.221146801587	-1813.764749792132	-247.45639700945495	0.11445997818038338	0.10071699125785978	0.08804220217090948	0.07934696341897234	0.19490792497507597	0.004445284773137993
45000	-2062.8937899252232	-1815.6939566081412	-247.19983331708187	0.14416208713549852	0.07444597374342292	0.13037721829065183	0.05729343003331715	0.1381858992735487	0.004739520870186996
46000	-2058.4017837191996	-1812.9624514538427	-245.43933226535705	0.09489200809586973	0.08189480106850715	0.09153339796213894	0.12388182152913176	0.18062298875702557	0.003862461671411732
47000	-2057.281447905919	-1812.091463436686	-245.1899844692329	0.11419021988687135	0.09828099284039293	0.08820146972002045	0.10973204685816935	0.17398609675142157	0.00448588354852635
48000	-2060.328576863258	-1812.4144084189254	-247.91416844433274	0.08705164653998071	0.08610547395323356	0.08208603419520792	0.056195773942911684	0.13363478970627712	0.0036989123383031016
49000	-2061.648563946291	-1814.286020670293	-247.3625432759978	0.09709024831673978	0.09950864712729887	0.06933951123800461	0.07624507478903657	0.16686121873888307	0.0056933715363879965
50000	-2063.3972562073927	-1815.9868520530558	-247.4104041543367	0.061281526751642036	0.11014461292745482	0.1569741383667374	0.15397311458783017	0.11513356275056125	0.0027886004993863977
51000	-2061.128539765011	-1814.7486024824248	-246.37993728258607	0.09387124485954755	0.11349398543680753	0.1568507565763809	0.06099816636153013	0.15225084805843328	0.0024547965184490116
52000	-2061.7768040338774	-1812.3570902626343	-249.4197137712429	0.08627534604016483	0.09683935184705476	0.1436323867513484	0.1622498080284826	0.24638397865798686	0.003965764899881332
53000	-2062.2023020727934	-1814.7990778178957	-247.40322425489782	0.14811975217517123	0.10957556281774367	0.05453967734525788	0.11415625187082004	0.12911004684893604	0.008006043851311614
54000	-2061.448526565684	-1809.808736393284	-251.6397901724	0.0757674173717427	0.15459147206814905	0.05099890070702335	0.09122912919876956	0.20456357437965433	0.005910054608155172
55000	-2060.1568474938626	-1812.6674055541894	-247.48944193967344	0.06834655426214038	0.07380536262667504	0.10028479640934633	0.06696802780599652	0.1342527182182522	0.0037919692208897675
56000	-2059.548746100281	-1812.5129315828717	-247.03581451740894	0.07369414727421947	0.0888662492317855	0.06295067675916252	0.14470284181979787	0.15330986335400076	0.0031032184653675375
57000	-2062.4132744917615	-1810.940988353836	-251.47228613792564	0.08699718125482192	0.10778088229584061	0.06699603516378477	0.04658030555103233	0.1692090761256419	0.003894649817728878
58000	-2061.7311603447547	-1816.0215435193152	-245.70961682543944	0.07888325147110634	0.09244529081007977	0.0916458410727484	0.11836428271345299	0.10048252333486755	0.005731100085562607
59000	-2060.028067224232	-1814.17725842022	-245.85080880401205	0.06630934956708488	0.08236865658683573	0.08673275120233956	0.09096459418471885	0.1296395214895257	0.003229655288251449
60000	-2057.8317210085024	-1812.6450262662518	-245.1866947422506	0.08714869638475814	0.10663601916215576	0.0940448282495571	0.10811338933471742	0.13491408843034278	0.004483251492670112
61000	-2060.0218607098004	-1816.2759444211079	-243.74591628869274	0.08257487211192396	0.12533515316710275	0.09780080806013368	0.09396162414683075	0.1397440110429084	0.002484580447237091
62000	-2063.329251164917	-1811.1896187174134	-252.1396324475038	0.04458757876343228	0.1016510054550305	0.06020948556213013	0.09087070877289422	0.18939430239595892	0.003840863018841261
63000	-2060.0774035493296	-1812.0064405431579	-248.0709630061717	0.06871586798675011	0.12112343885960956	0.07606549192676253	0.16900580886098754	0.17168023793566087	0.003313694170294183
64000	-2062.3651599838317	-1812.637525056663	-249.72763492716874	0.08166230557809355	0.06914960466299758	0.047794837142284434	0.12098652017766652	0.11315585285128751	0.004629741395633071
65000	-2060.9391294161305	-1812.4778955274637	-248.4612338886668	0.0765586442136538	0.18409892698560504	0.10049173619723055	0.09068605197648232	0.16236666585791226	0.005457131587416154
66000	-2063.0978331739334	-1812.972438870313	-250.12539430362025	0.0922746340344966	0.09855190702749306	0.04844307603228844	0.05681898028005028	0.11107844367263811	0.0030499830180875484
67000	-2060.240944777822	-1816.0510041013865	-244.18994067643513	0.1334095284176403	0.07357905278812508	0.09403481188934065	0.11835897102813801	0.12140778422061882	0.0029739942772786586
68000	-2060.1804115341083	-1811.4929526504013	-248.6874588837072	0.051137636343743666	0.0958484536163215	0.08078910073217818	0.14614711543234185	0.15619946186594527	0.003917315045602814
69000	-2061.34865529363	-1813.5392609395726	-247.80939435405773	0.06753820104169563	0.13386549678989376	0.09715421901228002	0.0905042236229294	0.15823033865976996	0.006185969206184958
70000	-2064.5457570872554	-1817.258874257232	-247.28688283002353	0.12070631985026468	0.089031767327771	0.07155267064508751	0.206011135745256	0.13707822628703953	0.0035133616413865797
71000	-2062.299481872602	-1817.2225609667908	-245.0769209058114	0.10372792123108217	0.07891711103056277	0.12519812910427455	0.12251218269097622	0.1485243128706746	0.00219908166646647
72000	-2060.4023127834366	-1814.865318884986	-245.53699389845085	0.15398328071247072	0.12076281504906848	0.08968189860833797	0.10245704702257397	0.12534441244058994	0.004188323591740397
73000	-2063.056515616114	-1813.8727719159701	-249.1837437001442	0.044073187406366086	0.08826968223665793	0.08278031438602049	0.10955480612217525	0.152085301662825	0.004108960371544659
74000	-2061.782177848585	-1810.8682684222615	-250.91390942632364	0.05962745632189633	0.07689084987648248	0.05676083178051387	0.0727963180141374	0.17731330767084838	0.0028874714213224266
75000	-2062.438727118617	-1812.9356870495558	-249.50304006906123	0.10358513177505926	0.15636575310821113	0.046768159048500985	0.12314714726033486	0.1359524615165231	0.007816561758409673
76000	-2064.643493502295	-1815.9261764532198	-248.717317049075	0.1580058268187002	0.07964978294471954	0.12540870394278067	0.05336207489741362	0.10942665017557196	0.002720492001383629
77000	-2062.924783502733	-1809.6436182777043	-253.28116522502884	0.07529583988752973	0.14598592054974835	0.0434868464400288	0.08909960988411542	0.16927030856382602	0.004491487943804292
78000	-2061.190193663407	-1813.9812283001852	-247.20896536322198	0.08238523190603757	0.06869611532600306	0.11330316394841562	0.18183735859055736	0.13993056299577408	0.004489744174855237
79000	-2058.651739078622	-1811.3116824334602	-247.34005664516167	0.12596099693689267	0.08732206459125384	0.06637627343866308	0.09843648751131405	0.1715518285000374	0.004577628738727171
80000	-2066.599880204765	-1814.7279899760902	-251.87189022867494	0.07627170001571688	0.06236942524553177	0.04277410817591329	0.14174099010663233	0.11328687796489834	0.0067629579551758325
81000	-2059.4171758674547	-1813.939745744082	-245.47743012337241	0.07232585112054642	0.07374596808685695	0.10327034938984218	0.08924110937626067	0.13719909953604403	0.002405340827193923
82000	-2061.9938357312535	-1810.644384779256	-251.34945095199743	0.09021160227821522	0.11971009918750632	0.029987345608058106	0.11132173208092842	0.15141330721332416	0.0036000339966227074
83000	-2059.407473129106	-1813.8549927908057	-245.5524803383004	0.07370513201143014	0.06302914868550144	0.10702197456818047	0.11101772953417498	0.11634534088697873	0.003071807616587491
84000	-2058.880199727104	-1813.4153382989577	-245.46486142814626	0.09460205092424502	0.12396070957907301	0.10652984671356028	0.09300953125200849	0.14460423562791844	0.00525686123511923
85000	-2058.344113706899	-1811.4950887326108	-246.84902497428808	0.11263193976435731	0.09238804736590737	0.07704845660577844	0.06874482906880806	0.16168860491405937	0.004278192579598102
86000	-2060.603491224292	-1813.4891609438237	-247.11433028046835	0.07469165167655924	0.09430044854524214	0.06538345664968598	0.08020800398865875	0.11249997764381356	0.004428369329364815
87000	-2058.479582996823	-1811.9322027233138	-246.54738027350908	0.12478840562750834	0.09285495371667356	0.06455875737061355	0.09123849105237053	0.16715882315427352	0.003860716728765418
88000	-2059.410988822638	-1814.737450542882	-244.673538279756	0.13400879783748434	0.08401420847439582	0.11918487221553022	0.12098493982331666	0.12110160962768231	0.006699542470535801
89000	-2062.85437961807	-1813.9280995758104	-248.92628004225983	0.10279758772339023	0.14045297283114125	0.048699972042800035	0.17033992676603013	0.12277480229036032	0.005286037144636303
90000	-2064.669851398981	-1817.791036540802	-246.87881485817903	0.10688430954946537	0.07907104699423892	0.12896466063762782	0.07841308554139854	0.1047205970596785	0.002702815252875542
91000	-2060.2333705127717	-1811.879424432981	-248.3539460797905	0.09098508326966664	0.0942235845867354	0.08075441787469166	0.11381345216113985	0.18810088158035107	0.006748129623108401
92000	-2063.236033026661	-1814.9345823958997	-248.30145063076145	0.10481753465620222	0.09742325509939719	0.07267714510596954	0.06291729161658004	0.10398589925937503	0.0054283324241902265
93000	-2058.9099600672353	-1813.5674127560733	-245.34254731116187	0.14426124788293404	0.0794897006376222	0.10077395580351518	0.12215541467346507	0.13850953884438255	0.0062120149707089465
94000	-2059.066172132432	-1813.0223686966665	-246.0438034357652	0.08652552838495271	0.10495034714059981	0.08708720265623521	0.13736786355862604	0.1814585446710478	0.003839142788720379
95000	-2059.7521395118483	-1815.5808035799005	-244.1713359319477	0.08460397287542065	0.11253510501317508	0.11916727370703552	0.13983290473707363	0.13537083518352985	0.004053138984500153
96000	-2058.2182331995245	-1812.0770402090952	-246.14119299042954	0.07506934856843732	0.0916769956276811	0.08003750034314297	0.13279596080725606	0.15841924782384068	0.003590688925797812
97000	-2059.383919068349	-1814.4871415088126	-244.89677755953647	0.1205039043838353	0.12716362788994037	0.1046026964304413	0.08143471091366343	0.1365440576314571	0.004933673224958138
98000	-2062.391529947224	-1812.1479579760703	-250.2435719711538	0.10545048603272948	0.1724287928358892	0.09242607492363888	0.05717583409862569	0.17789361078801527	0.004192200786915526
99000	-2060.4356445527724	-1811.3529693200321	-249.08267523274029	0.06330498449276353	0.07444085314847346	0.05363763782725014	0.13006471254362775	0.15518282748678042	0.00281081214734864
100000	-2063.6916622942235	-1817.6448670874065	-246.04679520681682	0.1216059685950948	0.1438876059920135	0.08145399644846514	0.08353588238757599	0.19613968936841172	0.0023304014628268113
101000	-2059.53902423452	-1812.6125189244713	-246.92650531004887	0.07903184468676758	0.08378927215035634	0.11821706889711611	0.10863539640582782	0.16989707810456944	0.005661546465980236
102000	-2064.1081522789727	-1816.451518297223	-247.65663398174962	0.08914904859116218	0.1037773724638208	0.048992249409588545	0.1513213243294447	0.08783661066596386	0.0032757322712780295
103000	-2059.3698602176773	-1813.5966700222007	-245.77319019547656	0.08608855637499899	0.10109488080311635	0.06739635050688038	0.11127214625466512	0.10966850686925836	0.004656002903580572
104000	-2060.7565095297455	-1812.9070762815477	-247.8494332481979	0.06766818690719636	0.11626017441591747	0.1092775232758531	0.058496507893441956	0.12702601093484636	0.0033013550085377917
105000	-2059.117383212776	-1812.0074971751567	-247.10988603761922	0.08944176890061549	0.10122465047054326	0.06700746711597196	0.1176571976214122	0.1428618427137948	0.0038573765598210164
106000	-2059.2512962157393	-1812.326227368021	-246.92506884771853	0.12606071440808178	0.10141806396658622	0.05637552306876302	0.09697420948264818	0.15166154351857067	0.004451855187658376
107000	-2058.535385799573	-1812.3160065023026	-246.21937929727008	0.12732242028798563	0.09849457441414	0.06421265384409668	0.07530611573028544	0.14397073720238202	0.003960468260767996
108000	-2058.9215496882653	-1812.6931917908241	-246.22835789744101	0.1188181468953329	0.12280979320727732	0.06342051430279769	0.11247058206702662	0.13097431417250083	0.006432064571172673
109000	-2061.5974753483492	-1813.9045130605969	-247.69296228775252	0.08268890917326056	0.04850710743617614	0.14110490864812517	0.11393870897119585	0.14596890013169725	0.0026622388183937746
110000	-2059.9226408918016	-1813.6223533482193	-246.30028754358207	0.16145078212792932	0.12030707220714416	0.07603915530180455	0.08491786118610958	0.12305246937694556	0.005570852679152337
111000	-2062.2155862069344	-1812.421768329892	-249.79381787704247	0.08889698493996033	0.07730627314723751	0.052363967590984	0.07704134090612463	0.1663721125646447	0.00546968412164035
112000	-2060.294825555594	-1812.3992416013407	-247.89558395425297	0.06920980151150373	0.14858163329586194	0.10522303434844206	0.11763321832244517	0.20816251757083318	0.003992524621055221
113000	-2059.3074813298103	-1812.7372431256244	-246.57023820418604	0.06394139262323568	0.0986436901148845	0.13659098936127528	0.11516440172299497	0.16738262878970575	0.004019868081563315
114000	-2059.32968173081	-1814.9831882098556	-244.34649352095465	0.11593044484237983	0.07225217234746627	0.12942342975165708	0.12785293512388252	0.1134154288389403	0.004227108202874621
115000	-2059.97094579422	-1813.4836492605782	-246.48729653364188	0.06905761360750692	0.11282256957375136	0.15410996817449907	0.12703380673896697	0.15704112264139766	0.0035344749979512534
116000	-2063.0699045369593	-1813.3681687180651	-249.70173581889432	0.06549995199146284	0.05646179048899345	0.052819138637420264	0.08735081168100203	0.1204926738329916	0.0021910707378088815
117000	-2062.4481837721323	-1817.3481366182073	-245.10004715392512	0.11330409038531489	0.08531613653202434	0.09133275392455978	0.11115774847570585	0.14209059750304828	0.007528452453448369
118000	-2059.121204572592	-1811.9346038244998	-247.1866007480922	0.11367487440875294	0.15077741938107952	0.10761367522957728	0.07514912891234961	0.1878736166045608	0.006586991370868903
119000	-2060.4784352787137	-1816.0828173521886	-244.39561792652532	0.09047887057685079	0.07435550791416594	0.10261780356914389	0.09955747540969663	0.11091389655092769	0.0031346254925515246
120000	-2060.4813708085594	-1815.2643887689442	-245.216982039615	0.07313402438958674	0.09013934335083366	0.13561616810625596	0.1640340651348483	0.1277163894836588	0.0026393458426415112
121000	-2059.5476220001647	-1809.8759249836755	-249.67169701648922	0.12119338326475779	0.1355127464166574	0.06527195499052094	0.15174410069371094	0.20348371914305344	0.007728194824912512
122000	-2063.75314217622	-1815.6279926225723	-248.12514955364773	0.08036510729180706	0.1107836124535845	0.06718596947960864	0.06812781271942395	0.11545135754491435	0.006713650228920614
123000	-2058.909484504805	-1813.8270374877611	-245.08244701704368	0.09787686067116831	0.0859437779969861	0.11325314397320407	0.09769961011355954	0.1301823812574358	0.005094828611151519
124000	-2059.3890688545416	-1813.6615874953459	-245.72748135919568	0.07071506509753746	0.11936809157535724	0.06895408673189432	0.11579662514561755	0.13686746538295264	0.003964714797406339
125000	-2062.055067916513	-1811.1808145725113	-250.87425334400166	0.07306769953831133	0.13594584678483845	0.04833708443741557	0.1586835193034881	0.15206069928456262	0.005714981479679691
126000	-2060.7979771657633	-1816.1681456709464	-244.62983149481693	0.12591046067072886	0.06804763029722753	0.09247501096043372	0.12265709704478556	0.15635780180511383	0.002699791835112252
127000	-2060.446574020258	-1815.9557324872435	-244.49084153301465	0.11681947872429334	0.10900811917553664	0.07052184950620098	0.14664839558296597	0.12388499421739478	0.003159155215950386
128000	-2057.8733909497096	-1811.86889114728	-246.0044998024296	0.10132495572764963	0.09918089742346768	0.09361773509190557	0.13775626497844454	0.16233527821567464	0.00571178588040889
129000	-2060.772076381486	-1814.3704826004587	-246.40159378102737	0.07243494787768263	0.08798713635445869	0.1677548896060434	0.06802784492976954	0.1424597654667026	0.0027540141837232436
130000	-2059.2910660005646	-1811.5722763556078	-247.71878964495684	0.10467193332792311	0.1322129481120601	0.10903867242653079	0.09667250845241619	0.2097891308773767	0.0075391345898069
131000	-2060.25990189018	-1811.3892139259376	-248.8706879642425	0.08890660772984553	0.07464463428412177	0.0524456450313165	0.0759090244304778	0.13875972620613708	0.003993539308168925
132000	-2063.289192425347	-1814.0088133928527	-249.28037903249466	0.038592405841250337	0.08410628092584682	0.09020114487503934	0.14130402417807564	0.11631044213079807	0.0019873626365386047
133000	-2063.363807453387	-1812.753567487724	-250.61023996566303	0.04303285522297196	0.08723880194842969	0.12239310797993751	0.1141643514001786	0.15958065901516608	0.0025104751284540593
134000	-2057.718130278043	-1811.637328259873	-246.0808020181702	0.07928690671552507	0.1347629738662592	0.07531375411915134	0.12751460858982852	0.15034417765131441	0.005092609634763562
135000	-2058.010281992525	-1812.4979234409457	-245.5123585515793	0.13939530463418948	0.10572065767711794	0.08292986322213444	0.08034772113117214	0.14065879146378996	0.005536424498051349
136000	-2059.5563008117197	-1812.1644915977172	-247.3918092140026	0.08432173794468646	0.11179912307784909	0.16462864090448787	0.12658855011981995	0.19076557743491396	0.005803909606101362
137000	-2063.9529183379836	-1813.2038002567565	-250.74911808122698	0.11593857496581605	0.07186064151495487	0.06495277988216877	0.06981540600354832	0.13928400844570535	0.0027878550440251933
138000	-2066.696830804294	-1812.691761604125	-254.00506920016915	0.09231945322320904	0.053963539755694484	0.052321777937429634	0.03748899865054375	0.13474010072389822	0.0020580277014767764
139000	-2059.23768304168	-1813.4241614847624	-245.81352155691758	0.13301457027510308	0.14479268650239532	0.11371560170121436	0.08602940019090782	0.162900642081663	0.005016226864678072
140000	-2061.137726429906	-1808.941702869291	-252.19602356061486	0.1201915379282235	0.1840463043955948	0.04630660586905528	0.09348959252911716	0.1989177862711537	0.00625188195190762
141000	-2058.588592328808	-1813.3536001476532	-245.23499218115475	0.09204968350536583	0.07871429583719884	0.09131445867821339	0.1145977115374697	0.17248393749051644	0.0033765110267822097
142000	-2058.572256011096	-1813.441930237414	-245.1303257736823	0.12361238419179585	0.08339408553277382	0.09139910867291622	0.07229746916019235	0.1235305918097258	0.004208781139431262
143000	-2061.884028539151	-1814.826624317614	-247.05740422153698	0.09828029450054833	0.09127666181804764	0.10473936545140683	0.12123623256798426	0.12223102894991196	0.006253430296392996
144000	-2061.8369343579884	-1814.4313815686182	-247.40555278937032	0.11801968215522486	0.10892974649977086	0.045923386701330574	0.1306299830829785	0.11546450404368591	0.003932736502106061
145000	-2061.6295358926645	-1815.0535579807297	-246.57597791193487	0.15543423970174788	0.16841709463935403	0.10593886974033681	0.0912369183678689	0.12857731014640722	0.007202859423279397
146000	-2057.918327947711	-1814.0371790517702	-243.8811488959409	0.11642904803416121	0.07735048829977725	0.11823179030055286	0.1193462127302324	0.12905829442920796	0.00439393258484351
147000	-2057.985045459941	-1812.264679061443	-245.72036639849762	0.12589588693579068	0.10431481269184872	0.10175155847425285	0.11710345054726815	0.17241958965945073	0.006923476799834296
148000	-2058.5673498149486	-1813.7230773345473	-244.84427248040137	0.08208338175384092	0.10240047345532248	0.1168325095429955	0.10698620111214645	0.1331566570264759	0.005858313271054281
149000	-2059.309515368971	-1812.1377502429523	-247.1717651260186	0.09994988449502275	0.09838226326455893	0.10403044310489076	0.05063723100357674	0.15104072515576755	0.0037875764815387884
150000	-2057.558735176793	-1810.8884548611595	-246.67028031563368	0.11400992090272753	0.14170672009705174	0.07363560448580035	0.10151375866390931	0.18950283501750226	0.005262657751430947
151000	-2063.4373447646108	-1813.8568535780682	-249.5804911865424	0.050729685077586184	0.19148768950629433	0.07366490548862598	0.0841063942805229	0.13909344499266205	0.0026251915285352458
152000	-2056.6115922550334	-1812.4562378515004	-244.15535440353293	0.09523350254193408	0.10241920347701156	0.09524114244335936	0.12158043652157732	0.14893497334377528	0.004641769770519531
153000	-2060.5955022638877	-1813.6705226206336	-246.92497964325403	0.06866660935487182	0.12199682995646473	0.13896965557366	0.13172598750872588	0.16877866934121752	0.005397006239863524
154000	-2065.3158501673456	-1813.3817715218643	-251.93407864548126	0.06889447726691895	0.07475231528816677	0.04578373215041774	0.08185770404041744	0.11097257669881566	0.004116992991782709
155000	-2065.1689101908405	-1812.9150827309968	-252.2538274598437	0.04232352052383231	0.13159260412884374	0.10998455744931282	0.04667836408538609	0.14118090028147423	0.0021531350083960504
156000	-2058.5249867859075	-1812.6478212524485	-245.87716553345894	0.08872962068600374	0.10376360146210803	0.13244699567129806	0.09742925669140393	0.1882067544349451	0.003661689892749324
157000	-2058.724550501585	-1814.5333265342836	-244.1912239673013	0.11305489676935446	0.09220009412414713	0.14030985254986833	0.09430979109102942	0.15937540316640764	0.0037133160800928693
158000	-2058.623196366758	-1814.0008436089768	-244.62235275778104	0.11472465738122778	0.08676723627950841	0.12266951631548793	0.10474336511868952	0.13673808364707485	0.006647245382558731
159000	-2059.2868560158595	-1813.5974135010829	-245.6894425147766	0.06432074793520262	0.09365113636229151	0.09764999247520582	0.08829602574646479	0.1540084045224807	0.002459273742942087
160000	-2057.60628917638	-1813.1335506030182	-244.47273857336182	0.09575254064659047	0.0923499840065363	0.07968798805896238	0.09019851714994487	0.12325119448110605	0.003809729150004432
161000	-2058.818382012568	-1813.0471468902847	-245.7712351222832	0.07638833813328766	0.07909478603664404	0.08178384213245432	0.12061026061268415	0.15109226090029487	0.00351642113668679
162000	-2064.6796396467207	-1810.673573604594	-254.00606604212703	0.0853041501595806	0.1390726233808409	0.05267868862420699	0.05386792865914476	0.2371988212357325	0.003545220515646017
163000	-2063.786262646043	-1813.6975033856752	-250.08875926036748	0.056044716588340905	0.05591605228088774	0.119416321672847	0.06936667823254164	0.14819872545274188	0.003397189906856566
164000	-2059.840382675358	-1812.1610815142917	-247.67930116106615	0.06293052863573208	0.10458163235467402	0.06167400678682218	0.1049148835595961	0.14731864597852468	0.0028452334191307526
165000	-2059.1827437877896	-1811.0661795711394	-248.1165642166501	0.0864325382496976	0.10642162140325279	0.05923803277860137	0.14126915034209728	0.15968877761161496	0.004888833983408129
166000	-2063.178947999111	-1814.5877637722328	-248.5911842268781	0.117525670509645	0.08875439643098193	0.19558523022260837	0.09261409708602932	0.21161958820610638	0.004508762856484076
167000	-2062.0250041678028	-1811.6748298551702	-250.35017431263256	0.09264455938424833	0.06711859222361438	0.06775682440238376	0.11435018305187505	0.17837639190108823	0.004559705403325957
168000	-2059.308384447018	-1813.0118049480595	-246.2965794989585	0.10193269109517555	0.09723296250062553	0.17747185787507197	0.08691394722036819	0.17587317976137876	0.003890376490433043
169000	-2059.195399830081	-1813.9885631248653	-245.2068367052155	0.0894336020370349	0.13769916677153213	0.11537668683243056	0.14484818360024615	0.16285801721764612	0.006210923933359711
170000	-2061.5341515850414	-1812.8842587828954	-248.6498928021458	0.13560608686949047	0.07824497838296039	0.05469691528663211	0.10890047174441078	0.15896035763599178	0.004047944579456648
171000	-2058.663932583687	-1811.730272059412	-246.9336605242747	0.09941990362102254	0.1516330716095299	0.06723404100156523	0.12893140806525674	0.1554759878609912	0.004667865579123827
172000	-2060.5846596639267	-1815.9784585883626	-244.6062010755642	0.11802836628282602	0.12670491258591277	0.0780575415850461	0.10594538451739861	0.11019106618775222	0.006299705516478483
173000	-2061.083522270038	-1814.5104070384414	-246.57311523159683	0.09787256731625511	0.08379260203582611	0.1552184273048195	0.10749910996791454	0.18264159190615412	0.00540100223570936
174000	-2059.3669279301594	-1815.5889265885892	-243.77800134157022	0.11766653341940521	0.1187674372041583	0.09484765304203027	0.09092428760315656	0.11520651357447785	0.003990527827790355
175000	-2060.9330042604493	-1811.8520248038258	-249.08097945662348	0.07566784734161879	0.08489414038834708	0.08623172924054254	0.049784756906820375	0.14522457795047736	0.003529202514219258
176000	-2061.095283214082	-1812.978794928389	-248.11648828569264	0.08456919802382432	0.10834495048323715	0.046495577163102216	0.1043285370422521	0.1571826393061093	0.0033877449458342896
177000	-2058.915644501243	-1813.0210717484924	-245.8945727527506	0.09150344244804781	0.07703943780708714	0.16555225496716816	0.11903847273457369	0.1518343313103403	0.004091049066689644
178000	-2061.350397449445	-1816.76597307935	-244.58442437009526	0.12189052748487278	0.1190212464529823	0.11015361354177544	0.07199724843423097	0.09176757319986112	0.004329079554691101
179000	-2064.5914475412087	-1815.0341922321777	-249.55725530903098	0.10416079708955066	0.043621007548914695	0.070748005053869	0.09434896279247552	0.12414262051545674	0.005476640336310975
180000	-2058.529193928231	-1811.7024911645726	-246.8267027636584	0.06460113670002397	0.09556157555520661	0.11546898273082443	0.10276805445871204	0.18276440202695698	0.0040206491952842595
181000	-2058.682322510501	-1813.271573768669	-245.4107487418318	0.1204534120582761	0.08838731728373288	0.141757306668617	0.0975824692736291	0.15277544745878854	0.006180934593977966
182000	-2061.357566792344	-1811.331911458663	-250.02565533368102	0.11613456863839429	0.07223966440125124	0.0838502008000543	0.18721162565423127	0.2050969884168788	0.007181166774856571
183000	-2059.167333010901	-1813.8624372098766	-245.30489580102437	0.12727137741210218	0.0695095273764615	0.0989242983808503	0.11214644367850088	0.12456651665438671	0.004319682758817625
184000	-2060.379143531198	-1813.2933979524046	-247.0857455787936	0.07901347246857568	0.09055191850242496	0.09813205107305635	0.1357294705181695	0.1748456123215179	0.006781751545355961
185000	-2059.046025646388	-1811.5555051899078	-247.4905204564801	0.08423939236906405	0.1662225775044014	0.08052072262289653	0.14972201898441703	0.174523075392687	0.004717976442732258
186000	-2057.6416651534573	-1812.4298040731214	-245.21186108033586	0.1468999267344172	0.11237542700412831	0.09511911811361615	0.09392695066798928	0.15653667092272014	0.004915591191875809
187000	-2061.9050801825983	-1812.6876640176818	-249.21741616491676	0.0722300473059179	0.07292759485503365	0.04950837872996893	0.12825134022538417	0.11044303023164882	0.0039003333723482414
188000	-2060.082855469267	-1809.9674119137371	-250.1154435555299	0.10239854186395814	0.08508428042125489	0.04717358737103183	0.14799629196534406	0.1854797339296592	0.005261581075130065
189000	-2060.6170683615774	-1812.9846402822595	-247.63242807931775	0.07088477773866926	0.14532287266374178	0.06656205824161154	0.0676425027051629	0.1281561294479283	0.003629737187073096
190000	-2061.842711714521	-1812.8271023853413	-249.01560932917997	0.065384914297613	0.08517672610285792	0.0702552780235606	0.14388493714815503	0.16499337532512154	0.006300154118168209
191000	-2062.239050386548	-1814.611483829965	-247.62756655658293	0.18473867734942148	0.07838873109365271	0.12711168994733862	0.07517935441621909	0.14273494210570617	0.0061170573898051495
192000	-2059.6308428331176	-1810.6729913421023	-248.9578514910154	0.1048724139712315	0.08437433249756338	0.049788208199077776	0.1436237576713808	0.1668110400480206	0.005832786357251799
193000	-2060.853328917606	-1814.1631981397209	-246.6901307778852	0.11360325130766243	0.0752610636148502	0.06382874059572965	0.15065293715465322	0.10847315455635449	0.004635858021043877
194000	-2062.153680118192	-1811.4239881313674	-250.7296919868247	0.08527330311334268	0.08910861108629675	0.07044574370311753	0.10725759115763661	0.16660541603753562	0.003610930733375055
195000	-2062.94054136724	-1816.521078175906	-246.41946319133362	0.09423668944024129	0.07060213769476807	0.08147158720941354	0.10642131851191836	0.08830936325578297	0.004401799080636842
196000	-2061.3072472833246	-1814.3705994929087	-246.93664779041606	0.05111488582381207	0.06974607950889293	0.12064394718942761	0.10487775554875146	0.12411428608797327	0.002367337017174836
197000	-2063.6522959977037	-1816.6736485013703	-246.9786474963333	0.10035235959335738	0.06881770823806867	0.1606663233948012	0.10879597708314534	0.11813640171580608	0.0040374676958043025
198000	-2060.6133601303127	-1814.7062343356379	-245.90712579467464	0.10265748327372337	0.11941326681298725	0.09580556989614705	0.13219052536494158	0.20094474515264896	0.0028523961323423286
199000	-2063.217757333504	-1817.6888790750727	-245.52887825843104	0.094849794425519	0.09731915060074749	0.11180291398228714	0.10903335324173866	0.12276014917074367	0.0075316073598789375
200000	-2061.0828507917486	-1817.8255958545913	-243.2572549371573	0.07120699657332184	0.1291470719854648	0.09860184137455003	0.09958906674003092	0.12194010414048065	0.002312063408316263
201000	-2059.01843528683	-1812.8001118156108	-246.2183234712191	0.0698810339881811	0.08807451094468524	0.10292745658734725	0.0842953030696259	0.15330510108876377	0.0038895204270372173
202000	-2060.9963646846077	-1809.113573704787	-251.88279097982058	0.09393441943202517	0.10108168104198167	0.03465773534296121	0.11234804384974374	0.18138884722526985	0.005199116588458854
203000	-2061.6331324969333	-1814.198864934988	-247.43426756194503	0.06868847783041405	0.12701611057977596	0.0649032544515963	0.06984345481456139	0.11955184154215724	0.0030068674344552256
204000	-2057.8078398050407	-1812.8520289140824	-244.95581089095822	0.09074312705939754	0.0836545477090126	0.08602502473104304	0.11781161989749941	0.13296813001249122	0.004789567799282504
205000	-2059.9688432318912	-1811.7654646065562	-248.203378625335	0.07268424382791785	0.09825826712224235	0.05331128321847623	0.09081260267257094	0.15824059718685143	0.003131950023068943
206000	-2057.9662990419465	-1812.4237770771815	-245.5425219647652	0.082487213159706	0.16380502893574053	0.10475390400001239	0.10541295016255747	0.15720648275903543	0.004443906927413031
207000	-2061.2477649622965	-1813.3220950155473	-247.92566994674908	0.1007991035168938	0.07694719434584059	0.13753327579009778	0.050053112841023824	0.14240713621407272	0.0029326110026750693
208000	-2062.036434122559	-1814.6902273169055	-247.34620680565334	0.08312928354841984	0.13255114027797624	0.10020536291393814	0.19474164350478002	0.15434513438103437	0.0056850595255099785
209000	-2059.5142312493717	-1809.9787963479425	-249.53543490142903	0.12617600130013995	0.11359549926635548	0.06294045169045202	0.13880407693765964	0.21992344173797038	0.006434183257634499
210000	-2059.02731341841	-1811.5725615879865	-247.45475183042367	0.08124317304208369	0.14286385600392634	0.061155528416075765	0.12688926912718687	0.14874101658939132	0.0049268741032803065
211000	-2059.0310334539217	-1811.7733600382196	-247.25767341570236	0.12576132139045648	0.18762963014321585	0.08899682763557684	0.08027220493307284	0.15876260331806702	0.005544269007968791
212000	-2061.9004861905437	-1813.6376277018035	-248.26285848874005	0.09128405927931096	0.1292581595348231	0.10839154988440866	0.04277201586448419	0.12630971598633686	0.0031755166170922195
213000	-2060.382530780974	-1813.6259696552095	-246.7565611257645	0.09795217090916337	0.10347529596719206	0.09374940594022106	0.12344791012846823	0.15242054504283126	0.006338578817108414
214000	-2060.7110346640866	-1814.0237989549737	-246.68723570911308	0.06976090837149862	0.0658780104469549	0.08455659348502854	0.10040474980607848	0.11205909248901548	0.00439390316334711
215000	-2059.8987915019525	-1813.5976435646926	-246.30114793726005	0.07151113220916815	0.10999033061747861	0.0889768185336561	0.06694359647281453	0.1171026857847058	0.0033515346631472318
216000	-2063.5644420017848	-1812.7051729280615	-250.8592690737231	0.0693035877547448	0.06474129304218247	0.044084265377913226	0.11434493778246996	0.1299000939059524	0.003737057085430165
217000	-2061.728407516923	-1811.0596796392683	-250.66872787765476	0.08248470934092286	0.17325558199377558	0.04639294681863005	0.11611203604485533	0.14899811730175322	0.005267596457336611
218000	-2059.658925743357	-1814.7910306092808	-244.86789513407615	0.09190786043484359	0.10563525510788055	0.06524622747480438	0.09003745123711689	0.10950252359783093	0.0030260269533065676
219000	-2062.4435496664805	-1815.9990779328878	-246.4444717335929	0.1607760465434456	0.11470820016388038	0.08866140816559656	0.1380004036470976	0.1720969487944629	0.004106816915959804
220000	-2062.408278099543	-1810.8940964239837	-251.5141816755597	0.08681943471065422	0.11800644789229532	0.0610725470089545	0.06725888546978785	0.19089742649783975	0.005834577719545498
221000	-2064.8824184237483	-1815.4570988944367	-249.42531952931165	0.04553000093796368	0.15115038347171508	0.07046429052992083	0.07175754119741654	0.11193726293568565	0.0019352091326656166
222000	-2057.1864141596207	-1812.1552214705514	-245.03119268906937	0.10057131993269715	0.128361942638521	0.08719107464336077	0.08701499675377136	0.16196878867045444	0.004789636197936145
223000	-2063.169517882463	-1817.5135683709145	-245.65594951154824	0.10176037153171934	0.07587977494714858	0.07281594964312017	0.16910715061952547	0.1253466414440623	0.002395487396075522
224000	-2058.2842366138807	-1811.8651745217812	-246.41906209209955	0.09389359702325684	0.08693716153664419	0.06737790332124806	0.1256326812749136	0.15334538156545383	0.004031442615583656
225000	-2059.801273750976	-1813.4698661429115	-246.33140760806464	0.06616229508808903	0.12751355857647473	0.12296401648364103	0.1112398232996569	0.13976316491443871	0.0064948012828186545
226000	-2061.1027565041327	-1813.3500916238381	-247.75266488029436	0.08332354596029426	0.07662118534002764	0.12507264409977037	0.1288654478816931	0.20241307910156078	0.005226863081828345
227000	-2062.232859869511	-1811.5469681345403	-250.6858917349703	0.10045776203107387	0.13797032860035255	0.13315828386754167	0.04952370463795011	0.22581237912496518	0.004064672418640125
228000	-2058.5483905314923	-1811.22240027535	-247.3259902561424	0.09690686463504704	0.11878940937388256	0.062193514100012906	0.1273106971645626	0.1649907595691646	0.006619897234284444
229000	-2061.451659467184	-1813.6960306643934	-247.75562880279045	0.06969123433594457	0.06589921884686559	0.11032296879818711	0.09055278566876125	0.12434169530264313	0.0040324544390486754
230000	-2057.8904339799283	-1814.034582259646	-243.85585172028243	0.13410842667078823	0.11894338501566437	0.10492569949453477	0.101886210280674	0.13007002421436642	0.004884413886583415
231000	-2058.9054406649016	-1812.8677046701487	-246.03773599475286	0.09497891777606003	0.11236621411557354	0.11506719041740276	0.07975015525097268	0.16381380325235115	0.0062856964715648205
232000	-2062.0886894041396	-1815.8736807664172	-246.21500863772218	0.06457036620067777	0.08104620096303042	0.17971707546783597	0.11576201193618066	0.12604129872446235	0.0024113482005845904
233000	-2059.9845368997894	-1812.2067952258676	-247.77774167392187	0.11252127652103641	0.10896492781051258	0.13096026556363352	0.057289769514907614	0.17118419477498245	0.004741529666999415
234000	-2061.355935983352	-1816.2923789303336	-245.06355705301831	0.14857280317440671	0.14216618374049805	0.10395154222560549	0.0931729550557844	0.11234807953987105	0.004908102923048446
235000	-2059.1586728087923	-1814.4582104379494	-244.70046237084279	0.07441974413244924	0.09855086870547666	0.0858411521086492	0.1264410485827898	0.11260040914590928	0.0031931050984189257
236000	-2059.4144158830018	-1811.8950470337672	-247.51936884923452	0.07353925475830332	0.10632438926924495	0.10897402326211891	0.13333191845187348	0.1963047858721485	0.005729426439351601
237000	-2059.0277011722405	-1813.8070476380437	-245.22065353419683	0.09577680857261506	0.14080548685755456	0.11249914810119707	0.08387946146938749	0.126969928044244	0.005851073927637604
238000	-2068.1608051968883	-1812.4098235451181	-255.7509816517702	0.06329986851401484	0.07552813634580804	0.04171600361903775	0.05649414483872929	0.13781406549148412	0.004342885397980387
239000	-2060.798742587249	-1811.2806720535064	-249.51807053374267	0.05455811092231005	0.11929684173039795	0.07874284235913398	0.12198581408874125	0.17335798331529842	0.004479870384441226
240000	-2059.9290293139393	-1812.3625854159918	-247.56644389794766	0.0776313845977472	0.16686885781812194	0.13811196099414458	0.1256401159052883	0.1872038139288965	0.004439611309832642
241000	-2058.6408152717295	-1811.5788497932715	-247.06196547845803	0.08840387042870436	0.10691750731062165	0.07637866029937147	0.07179161178937014	0.15521238181801716	0.005326040844729329
242000	-2061.0929981532677	-1813.8175804604568	-247.27541769281063	0.0605069597068013	0.09367468096691076	0.133451591299998	0.17244226013991262	0.13311180825746816	0.0035798883639825536
243000	-2058.665731349876	-1814.0178442480978	-244.6478871017778	0.08178423756083382	0.1188135743499887	0.11016299452374914	0.11235725123187185	0.12715334099496595	0.005695828270632418
244000	-2058.0209745954476	-1812.417661114334	-245.60331348111364	0.06416014782000481	0.12390479677471987	0.08492820050619322	0.10205259885551038	0.14032681682453096	0.0036122772610110107
245000	-2062.1619658124237	-1811.521915553832	-250.64005025859169	0.06473289042138289	0.12653363630930436	0.08303055841615577	0.043612861703822704	0.14319859318643494	0.0036053129423641306
246000	-2060.3609131329426	-1815.3341706094795	-245.02674252346293	0.07055096092675951	0.08942830483055432	0.0975478586997954	0.10168467775528274	0.10669554514382693	0.0038065545815088643
247000	-2060.097899072813	-1813.3842408371165	-246.71365823569639	0.062229527748225974	0.10756301499349603	0.1006113741665884	0.09862528648255918	0.1734509317961258	0.004650184373677929
248000	-2060.6233377117537	-1813.8666739081232	-246.7566638036306	0.06371175881041191	0.10128836071402657	0.16792164517203645	0.09315109517870816	0.13234197516280696	0.003085221179651364
249000	-2066.945301306731	-1814.054413308626	-252.8908879981048	0.07860464768848381	0.07996764348179847	0.06273799066612526	0.13441622728949468	0.1307086203360017	0.006902053587384986
250000	-2056.8251309707616	-1811.915377321449	-244.90975364931282	0.10734806780991869	0.13597641134990995	0.1142956193118229	0.12503076732701557	0.1698893682802142	0.005285657685244052
251000	-2058.839929019677	-1814.3669542233656	-244.47297479631138	0.08400580119755942	0.11463583784529939	0.13190619628565237	0.13090931150995758	0.13600078487318973	0.005207874794236003
252000	-2063.150915878339	-1813.482085142887	-249.6688307354522	0.08737744777728304	0.1101419158132074	0.06472789968110411	0.1659929694703676	0.17960753432134374	0.004545885010634216
253000	-2057.8283199240386	-1814.3750603271612	-243.45325959687716	0.09586763431261841	0.12751772512803156	0.12491406780476207	0.12741866997286502	0.13616744438387593	0.0038765161966487875
254000	-2064.0590920169498	-1815.6721541020638	-248.38693791488595	0.14860109597777102	0.06900692146046893	0.10735792483771359	0.18284228166945007	0.11652832102791255	0.004212666294997178
255000	-2059.899356514293	-1812.7249990901196	-247.17435742417342	0.07705163986294274	0.14762485429134212	0.12579664556376005	0.08785352913134549	0.16567865405897628	0.004904895744158827
256000	-2063.152107381792	-1817.3532914509933	-245.79881593079872	0.0816010429467226	0.10982149248871184	0.09145250951527839	0.1553789962850093	0.08815257618569959	0.004505085789205903
257000	-2063.8004229010035	-1814.277777974973	-249.52264492603015	0.14190260221244733	0.05873548517011252	0.09482439490912407	0.05307469788697667	0.13944931634112412	0.0027291178986993928
258000	-2062.908437071882	-1816.0615313906185	-246.8469056812633	0.1857103564440929	0.11323182013771069	0.1030257541527239	0.12175944498692576	0.12781357265183102	0.011162885394222808
259000	-2060.5280245764834	-1815.2930135466343	-245.23501102984937	0.1380810787398828	0.10515228849007362	0.09109024997169256	0.10943511540920772	0.14337457539395934	0.006375916756236986
260000	-2058.2161630735372	-1813.075680437535	-245.14048263600222	0.1525406453248998	0.11463534147579223	0.12132842050072716	0.1079420437743883	0.14716663581176337	0.006643435646405325
261000	-2059.807945510774	-1812.262300456961	-247.54564505381296	0.06738305278940089	0.08275951167085176	0.07588336516577279	0.12258770367794859	0.1459100464691339	0.004560313550719024
262000	-2058.7431181891443	-1814.051906728923	-244.69121146022118	0.14493426914453603	0.08587808604400599	0.1482625887402029	0.10308733577296444	0.139504934905909	0.005041424343301272
263000	-2059.964381514286	-1814.3052923420942	-245.65908917219147	0.0853729852355061	0.1034152417669429	0.16211407216854992	0.1307873996101821	0.16388097205715405	0.005211715205015374
264000	-2059.1211104611666	-1813.0310737685675	-246.09003669259926	0.08503723904107847	0.08131340049629743	0.09568165025737194	0.15323031394178666	0.1369854107268684	0.00403740627582579
265000	-2062.544255481429	-1812.6679062177973	-249.87634926363165	0.0742113674272351	0.04830665264985539	0.0899034189102237	0.07654181668447615	0.15231008652783343	0.004046613752617341
266000	-2060.6348391593688	-1813.8176936674788	-246.8171454918899	0.11822190569796354	0.06790733641531234	0.12924525064721085	0.09298575348148339	0.15831508721882648	0.004617516685184538
267000	-2060.995887335295	-1813.8393264592364	-247.15656087605836	0.1364250189595921	0.16142809083581186	0.11193545843911777	0.15937380873823756	0.1756738826453264	0.006101996740620172
268000	-2059.6246045854027	-1812.4717334804363	-247.1528711049663	0.0874637524415815	0.13118440423611458	0.06951727294030872	0.0902879360317206	0.13087354130098314	0.004125128738845442
269000	-2059.9390563418447	-1813.4596442968004	-246.4794120450443	0.06789560866524004	0.1431648944044771	0.09198463531496942	0.11668498979757001	0.15262979857992176	0.0035592590750718597
270000	-2058.8365835607297	-1809.6818478499815	-249.1547357107481	0.1009447736578164	0.15791064966887342	0.06825317082147758	0.12907424332346776	0.2094201943909769	0.0059218571246416295
271000	-2062.5774619499934	-1817.580555809921	-244.99690614007227	0.05856731472121457	0.10874692435335653	0.09285004617025047	0.11366747339277287	0.11596092426687656	0.00287789315171163
272000	-2059.723251509236	-1813.3184631693646	-246.40478833987152	0.0881767401361343	0.1328052679072015	0.10930046724054966	0.060803938127413096	0.13033654719467144	0.004901844587707455
273000	-2063.7717206244333	-1815.2234513003077	-248.5482693241256	0.06373071993154689	0.19050840912429842	0.08370887368676198	0.0761068088903288	0.13580061788622544	0.004760043044903309
274000	-2059.6893104966157	-1812.1027516276536	-247.58655886896207	0.09587283171452592	0.12999961323812853	0.06675614680693426	0.10306567335038049	0.17132041124232278	0.004694376585710992
275000	-2064.556287169911	-1818.5089629997842	-246.04732417012673	0.07088554397306535	0.1255224094769168	0.11669850645119187	0.06984822866579873	0.07669258135160077	0.0033129552332336167
276000	-2061.3099067494495	-1815.0783894690599	-246.23151728038965	0.08174769015587026	0.07027525519435067	0.15124117826813782	0.12022708373300428	0.12320554714222405	0.004439581302851722
277000	-2059.944839003398	-1810.1737580663107	-249.77108093708742	0.0929834367917506	0.07928722699126446	0.0423188177737425	0.10108545027460206	0.16226453268000848	0.004046677182950982
278000	-2059.613056942072	-1813.2939346120115	-246.3191223300605	0.060431714442995534	0.10443688774887479	0.1354255685071716	0.12919989064927784	0.15136589053528182	0.0031156812027983674
279000	-2058.4569068376672	-1812.5981031606173	-245.85880367705002	0.0783342712314564	0.07916328424796715	0.10716590255023621	0.09852159321254166	0.16770609108706966	0.004524249849814951
280000	-2057.0488171773172	-1812.0581954702811	-244.9906217070363	0.11078419491259507	0.101465885601685	0.07123896276417863	0.11866295628968415	0.14712380954762602	0.004897275828898298
281000	-2057.6572417771386	-1811.3776700002827	-246.2795717768559	0.12740877397456685	0.11214121714124763	0.0676485377092974	0.142486885799201	0.15636672683031272	0.006324544453517749
282000	-2058.717325805218	-1812.081387771515	-246.63593803370284	0.06511532609175542	0.09993790948508774	0.08882600610674847	0.09696539424443201	0.15782713538069054	0.004932757943506071
283000	-2059.363718155699	-1812.9114987571145	-246.45221939858467	0.08422626837013772	0.1470379047081307	0.09839999703381054	0.12209011974344333	0.16309413422527566	0.007985935952260029
284000	-2059.697473582529	-1810.9522315354334	-248.74524204709545	0.1408616190066277	0.11195598804952654	0.061047478093619593	0.12241413956941581	0.16080143622592016	0.006598233383982792
285000	-2061.306651033686	-1810.6692103582996	-250.6374406753866	0.09622783005086225	0.15744996933953312	0.04269568220837909	0.11163185303701163	0.17358063527281223	0.005365100719806807
286000	-2058.954816324855	-1812.9421076499139	-246.01270867494117	0.09027788085662862	0.09562994927721424	0.06597763773027099	0.13503122093727743	0.1213675322789742	0.004159236758647238
287000	-2057.1464112363	-1811.9619058512658	-245.18450538503413	0.10234213519297289	0.10290458082590752	0.07079293137474074	0.12713230748098825	0.14246091552809026	0.004765856157102231
288000	-2061.0353282316673	-1813.556026252178	-247.4793019794891	0.10428642912371976	0.10097482224038713	0.0906310506945751	0.18927158183421122	0.14493096231002825	0.009942106512591803
289000	-2059.280188038794	-1812.7217578610066	-246.55843017778778	0.12585330316359564	0.10237066331187551	0.08664439640827243	0.09602999308332184	0.13965341175556314	0.004618071786440266
290000	-2066.3671403143207	-1816.1986214369356	-250.16851887738534	0.1314926886668338	0.04445280596821722	0.09050378389660965	0.07232819264270024	0.09551706802377677	0.00476475869882213
291000	-2061.532357074175	-1811.6667727057343	-249.8655843684404	0.0608591236534378	0.1091931291757749	0.10384658051391679	0.05141283231832475	0.1808544445264098	0.003877707131294174
292000	-2062.1456229164473	-1812.3304869956073	-249.8151359208402	0.06679650375318782	0.0809762968352819	0.05025947830765018	0.1576783342971938	0.1380219723168661	0.002530983206896025
293000	-2061.4796383905496	-1813.3366817810925	-248.1429566094572	0.09062679219075653	0.10156237827535694	0.10620162849847047	0.10844368803182529	0.14401751548145544	0.003494254210120564
294000	-2059.274331555674	-1812.3471688409968	-246.92716271467708	0.1531767737447559	0.08056190562743248	0.07478479078624001	0.14799949187864875	0.15476776173790738	0.006104314496838965
295000	-2062.909361989784	-1812.8849983089237	-250.0243636808602	0.0518194264871242	0.18611078361461214	0.06465202984391355	0.10796439786673523	0.137513083621238	0.0038777703657505874
296000	-2061.4418340990005	-1816.9588842125545	-244.4829498864459	0.09216198695835114	0.12824292904143347	0.12014426756969737	0.13972213586549734	0.1352953508500674	0.006329469931304876
297000	-2058.002455785249	-1812.9725990069337	-245.02985677831535	0.07963314622067061	0.0805317101847124	0.12263991770985107	0.09451112146391308	0.16641880222498145	0.0029790325707909973
298000	-2060.3679059234923	-1814.608161578355	-245.75974434513748	0.11795487896420337	0.10197314482979661	0.10784886203011682	0.052231517891591424	0.13013110836333755	0.003325537317337475
299000	-2058.1289674082477	-1810.9002789484034	-247.22868845984414	0.1155489192636817	0.12074874867638423	0.07925388891653379	0.11197995744128059	0.1749714406657645	0.005662630594681306
300000	-2057.09387105844	-1810.6928372970765	-246.40103376136352	0.08327799815736749	0.1054505224633831	0.07662535150056365	0.1028393608895721	0.18212578935064777	0.004448983605328424
301000	-2059.5798076724313	-1811.5498265204556	-248.02998115197556	0.06207173568772488	0.14331131985328585	0.06942578794233656	0.08274015505619937	0.15440859409486715	0.004213200283850841
302000	-2060.173901456937	-1812.445723281524	-247.72817817541335	0.17116476587081272	0.10830406098574286	0.08105033603328161	0.09980009726950911	0.15561906237593803	0.006421740443844771
303000	-2059.662757842314	-1815.2782309761856	-244.3845268661284	0.09988569747947484	0.11671335840227857	0.08329086141694113	0.1379256059847964	0.1276225059132127	0.005633933186448515
304000	-2059.0378852428717	-1813.582256124614	-245.45562911825763	0.10047060311759735	0.1274599352206955	0.09470109298950329	0.14430997221337585	0.1371183066556414	0.005323166028144602
305000	-2061.0790672724193	-1813.5284822522995	-247.5505850201198	0.0761481339786099	0.096815135304011	0.07094473397408683	0.0782107846825258	0.10795079005179178	0.004367370749367584
306000	-2062.166079105838	-1816.256030914295	-245.9100481915429	0.11393726376993739	0.059888221415340906	0.095335919635481	0.10491804312345676	0.08877028434000181	0.004190423056365611
307000	-2059.2926334800404	-1813.3828922856233	-245.90974119441714	0.08944750440690218	0.12260920206666456	0.12272519688712187	0.1782125399005846	0.14994483963532967	0.004907986449908055
308000	-2057.6512074239217	-1812.9814918599427	-244.6697155639788	0.07883831702164183	0.08812202782720657	0.10086632869611689	0.08276164322426476	0.13233509097826526	0.0032158820809871057
309000	-2065.518638971628	-1812.3248770273144	-253.1937619443139	0.0645642136347148	0.057549605340037634	0.035062899747441895	0.11878125810980496	0.11929231722351338	0.0036676004273512646
310000	-2058.757337977962	-1813.5533461062769	-245.20399187168485	0.10800149584403185	0.09793733342985554	0.08691683712836286	0.08028223003915443	0.12173292502746907	0.004383165926813838
311000	-2066.3405451175777	-1815.3194458542564	-251.02109926332116	0.05382170020988719	0.04267066655750003	0.16181980951730962	0.1292111379074818	0.10051918488186083	0.0028246330441831667
312000	-2063.3635099091175	-1817.897036091163	-245.46647381795444	0.07931412302619907	0.06858869149312549	0.1572721495762986	0.10926980142177103	0.12951672618159651	0.0024951641373955643
313000	-2059.924775023852	-1812.1790374065474	-247.74573761730437	0.11910382232277388	0.06163818092458043	0.0641658019252052	0.11345350330170244	0.14615681530259964	0.005425462441125325
314000	-2057.3156449543158	-1811.749960390249	-245.5656845640666	0.10612081650582177	0.1427161999918755	0.10082566845042797	0.08202234906257859	0.1764504925880466	0.004282976757281519
315000	-2062.161995158055	-1814.3425123421607	-247.8194828158945	0.07431343792694321	0.080591781399953	0.07854357856416838	0.07018377921675165	0.10447980516502478	0.004570979008714338
316000	-2059.216209747028	-1812.1925356692336	-247.02367407779437	0.11999032718088837	0.11581675508877998	0.10155761831143267	0.07336555806994183	0.19237384464849416	0.003717250562663456
317000	-2058.0004449064536	-1812.342959728333	-245.65748517812085	0.09101287593280064	0.10290456702448551	0.07806502427148032	0.08679835735275357	0.14651263889913985	0.003471214078638021
318000	-2060.776322756022	-1809.949475652136	-250.8268471038861	0.11305022945638676	0.17485987280760062	0.09837033405027569	0.09123423457842819	0.24627645202716886	0.0062181401302470055
319000	-2058.523502723793	-1812.4098631732782	-246.1136395505152	0.13303063689566513	0.14181934554587056	0.06514894968567395	0.11045549352420196	0.13421458226258823	0.006361998977726086
320000	-2062.8328355237436	-1813.2304347340737	-249.60240078966982	0.05883678852309849	0.08802586868490163	0.06720941211834741	0.07083793330702542	0.14371745535187153	0.00505555317011256
321000	-2062.8146700527705	-1812.5391142987023	-250.27555575406822	0.05770381050875399	0.11565968289876778	0.05229224535633653	0.06738008396155326	0.16269006979942477	0.002345117535410744
322000	-2056.9676027970245	-1812.0622021306942	-244.90540066633002	0.10789118594733553	0.12339685371672776	0.11018239704981705	0.08925723443790613	0.15779469046713643	0.005369688773127667
323000	-2060.1482060488142	-1814.095233148601	-246.0529729002131	0.09968395582654131	0.0967442833065147	0.09997367707236837	0.11193211958692481	0.14002213551467488	0.003863047951024903
324000	-2058.2121179873193	-1812.6831110488786	-245.5290069384408	0.06914558419523778	0.1092504337719016	0.10897893593396382	0.07419058474411029	0.15177210892411697	0.003458763001814337
325000	-2060.6306302688586	-1812.7927856837532	-247.83784458510547	0.1419439139528408	0.12611458830406808	0.14570674453956226	0.07203059620712952	0.20701473933363806	0.005397105876656343
326000	-2062.824165488141	-1811.5994480088166	-251.2247174793243	0.1725325745030801	0.1141011114987072	0.03935489811990144	0.08517722590904347	0.1724034004022277	0.0038805596311348597
327000	-2061.0850919795625	-1812.989011748785	-248.0960802307773	0.09692441679749153	0.0821280846977995	0.11227014381376556	0.05487290472365049	0.1801426270371232	0.0034723074644784895
328000	-2061.340741086593	-1816.7672204580213	-244.5735206285719	0.09562708808413622	0.166159204721544	0.11466039668825313	0.1368262637084742	0.10686868425035166	0.00446318348503059
329000	-2057.85858927539	-1812.6788593953725	-245.17972988001756	0.09889439724633096	0.07359494094427908	0.09910250838565143	0.10541535494864233	0.1651496399546955	0.0034115407161687383
330000	-2066.675311638938	-1812.7771995372148	-253.8981121017234	0.06406198530772117	0.10288969158008969	0.03840408761161092	0.2059376163100824	0.11788422082234033	0.00526629432099384
331000	-2062.334266836933	-1811.8899993770908	-250.44426745984208	0.08105514664065881	0.08572174067017067	0.045134443876441964	0.082335854102741	0.1241094708171073	0.004765085900134848
332000	-2057.6083872285512	-1812.459987935038	-245.14839929351314	0.08498964989549555	0.12146948661053616	0.11075398012427652	0.1355760950499515	0.18205534308446247	0.004350876050551708
333000	-2062.5942588064827	-1811.4343452774638	-251.15991352901906	0.0671517944159455	0.11431445441480835	0.04139239254665471	0.10728115638172764	0.1850674169609113	0.004639979424251764
334000	-2063.205027325655	-1815.2610771602263	-247.94395016542862	0.0779403785604528	0.07160626822670152	0.14884229233706947	0.1535115059386601	0.1293114745588153	0.007216338828773802
335000	-2059.509919356561	-1813.0022939949492	-246.50762536161196	0.07158232634015001	0.10727575258906256	0.10688049789663813	0.101817476152375	0.14266366245920192	0.003851041712455766
336000	-2058.5696181364856	-1811.672925390094	-246.89669274639166	0.07395597421217832	0.09715481991103787	0.06673354853637707	0.0819714744997704	0.14757682353234003	0.004027071430442687
337000	-2058.53455113412	-1812.0966127649303	-246.43793836918977	0.09884028195438183	0.06852566598434981	0.12474738572050635	0.13123609002687753	0.18226999123242474	0.004601465118312444
338000	-2060.083081283266	-1810.474028623932	-249.6090526593339	0.09396556496064093	0.11097870763776362	0.04974134848865959	0.067471314476504	0.15528769226655592	0.005130927671008609
339000	-2060.893768043717	-1812.2679031626228	-248.62586488109443	0.07869412080022874	0.16264887279364407	0.10036566621867754	0.1389304953286255	0.16396867212389535	0.005559580928323607
340000	-2058.5264667827273	-1813.3405990365818	-245.1858677461453	0.08035869968395787	0.09665386468053529	0.088741576618896	0.1115586192012326	0.1453110086293286	0.003128240063822632
341000	-2059.3591348424943	-1813.6567637380317	-245.70237110446283	0.09826013204323188	0.16318439409806235	0.07289800387179517	0.11868294336319933	0.1464989406696905	0.004899839708428542
342000	-2059.144485021622	-1809.6985043542495	-249.4459806673726	0.12035277659511885	0.15872435509425326	0.05437851023171594	0.1027430682469924	0.1882026559322697	0.006608291950667807
343000	-2060.0390513757757	-1813.1657344431333	-246.8733169326423	0.07816117121744995	0.13130444381986647	0.062114190975642185	0.10184600319147434	0.1356676626513059	0.0040704521156976915
344000	-2060.2153000381777	-1814.9583582401128	-245.2569417980651	0.13221294435139916	0.10274113838304118	0.08803953933949633	0.06974598070789279	0.13552876527125504	0.003391082272720006
345000	-2060.1869760702366	-1811.3507109326474	-248.83626513758932	0.12627427440077216	0.1027854983633603	0.06775473399544585	0.14141978407211353	0.21389332846380044	0.005732497943903992
346000	-2058.7621336453703	-1813.1677184201199	-245.59441522525046	0.07577934337223376	0.12266578990090697	0.07091803731088756	0.07948917672357236	0.13012617956292066	0.0030674195845273983
347000	-2058.7491113875667	-1811.1560769799225	-247.59303440764435	0.10773892860854173	0.14935065811208742	0.0799546051724353	0.07818617385421223	0.20374300572204887	0.004488813678905592
348000	-2062.070198329968	-1815.1728911291639	-246.8973072008044	0.10362893579886545	0.05007198003168106	0.10971213593638018	0.11819523354860706	0.11529776347761016	0.005093347713134869
349000	-2063.7636527089494	-1813.393681966436	-250.3699707425135	0.1159281880257273	0.1026753486719523	0.03671342837413611	0.07821089115988623	0.1207643499098499	0.003471266197079529
350000	-2057.84637103958	-1813.5089593118305	-244.33741172774936	0.1140075380026561	0.1329396281829443	0.10917254916244859	0.1031327743031943	0.15811862108216465	0.0043906439924092325
351000	-2062.0610199404477	-1813.7072215440676	-248.3537983963802	0.15846258263129787	0.0994116424819577	0.09250033606900544	0.12496640906179368	0.15146153245935692	0.00455414917230604
352000	-2059.5116814491494	-1812.318924404758	-247.19275704439133	0.10861064587807635	0.15376467301169527	0.0648961116660337	0.09242749762053679	0.17956938177165324	0.0036858223654682785
353000	-2060.756629269857	-1810.9918013577994	-249.7648279120578	0.09783934119065223	0.12353147943481975	0.04609251371903696	0.07025734765952617	0.14694879703929203	0.005835576995941134
354000	-2061.474732792578	-1810.7241319051686	-250.75060088740943	0.132870851855423	0.1368891988911036	0.08184563336437387	0.07662578010184436	0.22289052904620296	0.007618487755109537
355000	-2060.367547113222	-1815.3902622522185	-244.97728486100354	0.10147699235285729	0.09941466900274841	0.07814120989271842	0.10527598939631261	0.12787717360528528	0.0028055841175641623
356000	-2061.8208011458664	-1816.0219816921544	-245.79881945371213	0.09129043960702969	0.16103585358902664	0.08064583790831248	0.06824992216229338	0.10230707154505084	0.003497486740534144
357000	-2058.238866041833	-1811.7991450917748	-246.43972095005802	0.09579590720818174	0.13772636156755863	0.07917155425359497	0.09389606198913603	0.19835055138360097	0.0036206778132059974
358000	-2061.0990255603	-1811.4502121254188	-249.64881343488116	0.10010506127525282	0.12929583338914297	0.08318812172472735	0.1807044726711203	0.21764513949766848	0.007344064463098749
359000	-2060.8861234681817	-1812.9209218286146	-247.9652016395673	0.08847290838123051	0.09954614195825429	0.08210212637662223	0.07748888695127042	0.15209685660324468	0.0035556914990707298
360000	-2061.9965864490578	-1813.9721708902268	-248.02441555883075	0.10515694980402941	0.05212967017544751	0.07622795351940714	0.06858556508667357	0.11911250523378354	0.002667336893441558
361000	-2059.3100848022664	-1812.8693810801497	-246.44070372211687	0.06144711701809506	0.09163785677608795	0.06833347607721764	0.11564443112850195	0.12569086146763664	0.002830468539523421
362000	-2063.437179952542	-1813.9711505557266	-249.46602939681554	0.12520963077704386	0.05568434445853361	0.07017720346552653	0.111053183279755	0.18168117158781888	0.007390782805109006
363000	-2059.8280565801497	-1812.016210295183	-247.81184628496635	0.10861873241406034	0.12069231060758719	0.06429561061991614	0.1031021795448626	0.169851362287902	0.006771195143089851
364000	-2056.7889243394475	-1811.9896414386617	-244.79928290078598	0.08335582572473425	0.09808309789964173	0.10922296197650237	0.0996154421876106	0.15887908357145653	0.004679432379672317
365000	-2058.9707363347934	-1814.3981601193561	-244.5725762154375	0.0798130483174466	0.117374703278503	0.09287697236245782	0.09746816880272174	0.11340403855284847	0.003780413188806328
366000	-2062.89079545275	-1819.0051362898344	-243.88565916291554	0.15196843955512193	0.13162979746425307	0.1384015891662609	0.09536976443591814	0.09804762608804497	0.004435625420407504
367000	-2065.188474898241	-1817.6927189065623	-247.4957559916787	0.07043031896221269	0.0842974139355234	0.18222906946487435	0.1555171740193907	0.09265162740387742	0.0027326373165420673
368000	-2057.6089825179556	-1813.0550365139145	-244.55394600404128	0.0757208639587486	0.08933630916580156	0.09313863318728505	0.10611322365779557	0.13969407690641591	0.0037580558673497265
369000	-2061.2724356555505	-1813.0585290338902	-248.21390662166027	0.15638055860839348	0.1535708889816464	0.06116601565903273	0.09184778470174522	0.15288037982132546	0.005776176061279093
370000	-2066.057369599298	-1817.21844335505	-248.83892624424797	0.10178567677808302	0.05412424798805949	0.0671081446798431	0.1418925411513946	0.13084316931012596	0.005765748909889845
371000	-2059.494866855335	-1812.8258182532913	-246.66904860204392	0.07094473071473525	0.076480190717235	0.08710181349965053	0.1433912229127848	0.14587189948604373	0.003741358989817901
372000	-2060.6643045434703	-1813.717644510326	-246.94666003314455	0.07465540612929417	0.08315153334639117	0.08009948323579331	0.08441183064717964	0.14224779305774066	0.0025289334517885147
373000	-2058.848161367984	-1813.2160405302361	-245.63212083774786	0.08907343493337619	0.09591958860079634	0.08571316065125703	0.12232722266861643	0.15320690558839137	0.005224851927681982
374000	-2064.753450002848	-1817.3076348584877	-247.44581514435998	0.16118872203843718	0.09002158894017573	0.07736733893151147	0.08974664735393165	0.11449269310425526	0.0068414259384387225
375000	-2057.340860647861	-1813.4137167654153	-243.92714388244573	0.10277058508907362	0.09809809071895025	0.12418531662077306	0.09928192232698915	0.13794844659779337	0.00409267075128389
376000	-2062.4282222462593	-1814.1029289812611	-248.32529326499838	0.12618250446728527	0.14542299985144486	0.053518350208751383	0.151253152908026	0.12241108246889389	0.007337102266489514
377000	-2062.4001099199904	-1814.2068572865846	-248.19325263340585	0.10130313462460015	0.08605834554191445	0.05446015316189069	0.07996862433451618	0.14405440539417552	0.002902124750625418
378000	-2060.701892348681	-1812.7376545949658	-247.96423775371557	0.08796703551803371	0.14225905092266258	0.08416899170456223	0.1980376079044376	0.15316239891732522	0.00423830457746597
379000	-2062.944967431607	-1815.5668115061292	-247.3781559254779	0.06619657567455745	0.13312611250177517	0.07024930370125916	0.0940533059704739	0.09850930260237524	0.003419298488467094
380000	-2061.853863131547	-1813.0739391528655	-248.7799239786814	0.12712352093670376	0.06656390288295137	0.09473434752336908	0.06634956462902786	0.16357759395759827	0.004540748615802255
381000	-2060.372665817324	-1812.3849629756455	-247.9877028416785	0.10981141590649063	0.08959056694987376	0.07972827025658705	0.06963543139956688	0.16441160677044853	0.005843649232285147
382000	-2060.694134633778	-1814.853434760064	-245.8406998737143	0.09465269118232782	0.06759575702493599	0.09134096423789353	0.08986675243658693	0.14731505029347325	0.0023460155551163877
383000	-2060.6417305246227	-1813.6101013501152	-247.03162917450763	0.11248984566420503	0.10137082321194878	0.06424834491617105	0.14646465082232255	0.14125172348531556	0.005642206955156923
384000	-2066.062349173186	-1813.4402039376212	-252.62214523556443	0.050855037827418556	0.06068950354835504	0.04875953919685143	0.07867863712166387	0.13503247156587497	0.0023031598377052306
385000	-2063.1561865042495	-1813.716948382945	-249.43923812130438	0.0773370250547393	0.06055850802422393	0.08401661231352196	0.08311469263420887	0.12981024567790833	0.004053247202644009
386000	-2061.384372641299	-1812.681119562024	-248.70325307927502	0.06807000255295076	0.09994698006255155	0.06543743418118911	0.13326005810439956	0.14536483025227384	0.00801909768311031
387000	-2060.6903110644002	-1813.7596505818697	-246.93066048253067	0.08490218227795907	0.1256932718707938	0.10822539621659111	0.059079703713333154	0.12998207848351695	0.005618896217470583
388000	-2060.42643947252	-1810.5063874096786	-249.92005206284134	0.0982346986591439	0.15270107717400458	0.068381461074847	0.16382880174442202	0.19961157878537605	0.005044204842007165
389000	-2059.195274268542	-1813.3964281437056	-245.79884612483661	0.09968648289882717	0.12257651340790746	0.0957463941293704	0.06241826401517813	0.12511299719418095	0.003793736834494704
390000	-2061.8240441894186	-1813.8967593798232	-247.9272848095954	0.06744595783188201	0.07298130694890059	0.08789539630792528	0.0805846271402037	0.1265136640998585	0.005213372626256553
391000	-2061.4282211442464	-1811.3769071652832	-250.05131397896332	0.06889032229856978	0.11920292965210091	0.08018084157288648	0.111775405854813	0.24424861771788414	0.004037109328663687
392000	-2061.313804604559	-1813.3341865431858	-247.97961806137334	0.11275388284286154	0.10489365893721875	0.07148515309401605	0.07103775391364324	0.14075878951458248	0.004467441221369993
393000	-2058.0306770870925	-1810.241225748021	-247.7894513390717	0.1158120586221361	0.12630606838133993	0.05901506100195024	0.12126627618228933	0.17509822821633952	0.00677513952569604
394000	-2061.486376296228	-1812.5332880848157	-248.95308821141234	0.08192054081783398	0.07452362746906911	0.08389958849268857	0.06522046157911597	0.1443055431584059	0.004024154057684889
395000	-2063.653826466736	-1818.2470558338364	-245.40677063289965	0.12964651931242527	0.07291456745421764	0.07869629614544017	0.15190104474634994	0.14920547783884408	0.0037290640505480747
396000	-2058.641334445381	-1811.6193311257853	-247.02200331959543	0.06832518866822972	0.13760440780290054	0.08646581070055227	0.10895132267893098	0.18675062962804315	0.004728066264098087
397000	-2064.1020549977648	-1815.3554064176667	-248.7466485800979	0.06417376944345057	0.0909754361191622	0.07812254783258511	0.06930494631195235	0.13032521054515578	0.006399241783697217
398000	-2060.9007914345834	-1813.085681004494	-247.81511043008916	0.07102990666845278	0.13672007371607456	0.07119017390457172	0.10349374666516119	0.16324454871953611	0.005613530780075782
399000	-2060.5496842700495	-1811.034982918342	-249.51470135170754	0.08687801046720489	0.11985763402961708	0.04540321912028796	0.07117816269267069	0.14313061245047812	0.004243865045265642
400000	-2059.278888805139	-1815.5639850530956	-243.71490375204343	0.09529828854947087	0.12045777838155848	0.12936784400124118	0.1428878584824812	0.11974766614025183	0.0037407645818095824
401000	-2059.618326038315	-1813.0840188811412	-246.53430715717357	0.12205256940333949	0.11713357800538783	0.05892582798047892	0.10269898627997535	0.1623089021510612	0.004164482746928435
402000	-2059.6828842334303	-1812.667059943358	-247.0158242900722	0.13430588124029552	0.1669829713998063	0.08805758923613909	0.08301105948474553	0.19078628795000435	0.003928713886976622
403000	-2064.1303017971613	-1810.6134225291287	-253.51687926803268	0.08200972050897984	0.1150047503423074	0.03821510228817779	0.056762647871345266	0.1704717079257964	0.003950377947984608
404000	-2060.6231447511977	-1815.009111243945	-245.61403350725266	0.11166796175249336	0.11405371222159454	0.08024977280384646	0.0788895313089447	0.13490867406960583	0.00414184095644676
405000	-2059.0446673840943	-1811.264970901247	-247.7796964828472	0.06387481621892037	0.13044542514247984	0.08721810585907194	0.07866608134305886	0.17840557771243706	0.004387287978757537
406000	-2061.5298170900855	-1813.4736225241527	-248.05619456593266	0.07485257008119792	0.09174815504402019	0.06086384010404144	0.09905928969644995	0.1124322105741383	0.004905731322553161
407000	-2059.1773243414723	-1811.1371605319796	-248.04016380949264	0.1111180041678239	0.16871165193573606	0.07275857045464171	0.12407149063088566	0.18604035475893177	0.005233181603341592
408000	-2059.2829874612094	-1812.8402573162966	-246.4427301449128	0.07037906112857857	0.11960828978605245	0.07451555369335015	0.08448391742198594	0.12596082761743665	0.004960369986862499
409000	-2058.687891680597	-1814.8240072938243	-243.86388438677298	0.10454685170746054	0.08825510898438545	0.11286343106834942	0.10085371693942	0.11892498347413205	0.004161164410183613
410000	-2062.497996036757	-1814.75663417198	-247.74136186477665	0.135476422954306	0.0781070120868179	0.12987349053217673	0.048842954814407584	0.11969933276486953	0.0033544522378209816
411000	-2059.4548641804163	-1811.8835126254642	-247.571351554952	0.06431529828869514	0.12454356216267988	0.0569634495840964	0.10474085248790056	0.14540712930456326	0.003151878267167581
412000	-2058.8683208594375	-1813.3298728138484	-245.53844804558935	0.10640855092554553	0.08283089968023068	0.1359362738875518	0.08801913874658349	0.15634998427497104	0.005068248066534304
413000	-2060.3385944095794	-1812.445838104246	-247.8927563053335	0.17856743672286363	0.1104443003585637	0.07244439277900287	0.1032870129325928	0.1460441826691418	0.006912673621843764
414000	-2058.012587475108	-1811.6364483793793	-246.3761390957288	0.07640262283918765	0.1300247355961452	0.09684383778312965	0.0882753520499013	0.16160059536688767	0.004188985142676959
415000	-2060.122393628063	-1816.4192493096525	-243.7031443184103	0.11182829084448341	0.08823986281554125	0.1125190611363619	0.1143956133616604	0.12829018151386784	0.004393663499203023
416000	-2060.5784264179892	-1812.8302281358551	-247.74819828213398	0.08313312432638965	0.07878927897097023	0.1746641656617201	0.07319581189762703	0.16137006109720542	0.0044924346679626245
417000	-2060.9902372481806	-1811.0509027103533	-249.93933453782722	0.15425325771840365	0.1631011634832452	0.07301139912075605	0.11182643089583932	0.19585656571644913	0.009510100170023307
418000	-2065.704341108994	-1813.251785546171	-252.45255556282285	0.10532482839840247	0.06594513344301185	0.04766775065799331	0.06697454224206874	0.1806187767571711	0.002583664976573483
419000	-2057.72399487169	-1812.8404249939047	-244.88356987778548	0.07280626546031814	0.09119765323738656	0.11919973080813297	0.09168392291038145	0.13780535590790793	0.0034599875946327717
420000	-2060.0056162776464	-1810.290614714646	-249.71500156300058	0.11055647124326234	0.1156442162128315	0.05716027065047026	0.05801280627858331	0.17118676459639393	0.004901849651563067
421000	-2057.5245497228884	-1812.5759517683014	-244.94859795458697	0.10832288811512031	0.0918564317212713	0.11069412477092594	0.09502370881776426	0.1484980766715325	0.00543889202875855
422000	-2058.9051301092595	-1812.8780901561322	-246.02703995312743	0.10580721966517397	0.11737619005626189	0.0831935541785585	0.10174469192928798	0.17906571088592488	0.003448159765031136
423000	-2060.3812317318834	-1812.0997848648124	-248.28144686707105	0.0701349517832136	0.09252889000937077	0.0766241124493852	0.15644001284903408	0.16653072630788596	0.006887577013236695
424000	-2060.0030557787836	-1812.7073035834974	-247.29575219528607	0.06155148285660627	0.10045754052099229	0.07639000455944008	0.07385503329552225	0.1290769125944518	0.003973470767420435
425000	-2060.14415174245	-1813.4757068466856	-246.66844489576437	0.11827149597816744	0.08303512448888659	0.08323148563649788	0.05789927748337818	0.12247340210740333	0.004117889514241242
426000	-2061.4865998775517	-1812.8429526559212	-248.64364722163052	0.09675176467320225	0.11943960633493339	0.15214003855359334	0.17273614097283282	0.18522833306622913	0.007453858060279487
427000	-2061.46733890105	-1814.642145773144	-246.82519312790603	0.11261624266160646	0.0807675672255808	0.1139474769776348	0.09637724062403576	0.1516798747237734	0.0030708228970505193
428000	-2057.839048954207	-1811.5919689703123	-246.2470799838949	0.08370894214880982	0.09580433362537061	0.08315642986655372	0.10339372212826733	0.1717566477094414	0.003984028086773052
429000	-2061.3730162243924	-1813.7223212258268	-247.65069499856546	0.05717267475246173	0.14071226080022753	0.05927770676628142	0.12112435586031407	0.1271036723393197	0.003326329705008166
430000	-2058.317238033079	-1811.9174247709866	-246.39981326209207	0.0897270359038205	0.1286587299600126	0.06933284442858106	0.08481829827844253	0.14597157518857734	0.004642751466978863
431000	-2061.236130923016	-1813.1656410638002	-248.0704898592156	0.09097645127565987	0.1850925584256168	0.08154940193890592	0.11268919470734784	0.1545904557160568	0.007469002069655652
432000	-2060.352639799679	-1813.814228868225	-246.5384109314539	0.05210844253606281	0.07472714096256843	0.11277282322275511	0.09982290132770097	0.11951398045718963	0.0026116294788803866
433000	-2060.8141057972434	-1815.753089289352	-245.06101650789162	0.11425082840674383	0.12610018835977402	0.1661824814904137	0.09820160796860032	0.1408536701353585	0.005086301884465874
434000	-2060.0707826168973	-1812.4493019050474	-247.62148071184987	0.07500469925175922	0.1394943589854975	0.14125265920254798	0.06996606852755777	0.17846109477787342	0.004192440414565894
435000	-2057.416118204696	-1812.216034506736	-245.20008369796	0.1135852725989332	0.13730563961125805	0.07534415157013218	0.09005154138703458	0.1423030476161834	0.005090080678358226
436000	-2058.564632460118	-1812.974608280913	-245.59002417920496	0.12451477175643787	0.07567744640824861	0.09370259736999366	0.13305276234034366	0.17501593311119448	0.003840607955353217
437000	-2064.9968500118093	-1813.222857271418	-251.7739927403912	0.11744004036869204	0.053077761774238064	0.058458080199695325	0.08109026819172284	0.20827613780145265	0.003701721868654094
438000	-2061.4844533090927	-1812.6755691799108	-248.80888412918208	0.0811504510456347	0.08819150576450172	0.05489466536440639	0.11825656669616334	0.16083330746532343	0.00717747653114522
439000	-2057.55492272672	-1811.4427583287772	-246.11216439794313	0.09654372889161497	0.11569644558416985	0.07008948054148258	0.07646071770350063	0.1611417945146688	0.0039044501688975768
440000	-2060.395547029095	-1816.2796547999696	-244.1158922291252	0.15585620267392222	0.12237843298775432	0.1309449809744269	0.08397143300555016	0.12731434242649578	0.003343031919135012
441000	-2066.418963058372	-1817.8273555149735	-248.59160754339834	0.0561775357041143	0.0861601427760196	0.08217021602756457	0.08233412379496632	0.07256376563047681	0.003790952530012783
442000	-2063.040498000562	-1814.7947919188755	-248.2457060816866	0.06116980040470619	0.0692440289984952	0.07066944693955993	0.11451313328943401	0.18861546028215323	0.00187258013049976
443000	-2066.5670854701884	-1816.9370814679637	-249.63000400222484	0.12276981918531651	0.07408224997247102	0.17471812043344323	0.1363325380793112	0.15676077233980956	0.0047403553166365
444000	-2065.792606112794	-1815.6395112644166	-250.1530948483777	0.07972644657504892	0.05973804834276924	0.06272997062969492	0.1064446385450936	0.09046226191120267	0.0057329072053903295
445000	-2066.764807707092	-1814.713846614004	-252.05096109308826	0.0683196555266382	0.09489000244557295	0.08509884884670414	0.1797459568413272	0.16072446209438743	0.013684737082595712
446000	-2057.5652172778305	-1811.4555331106317	-246.10968416719862	0.0857749541993766	0.1006069499509227	0.12241677660443849	0.10441837408445759	0.19996727646034665	0.004528375021145607
447000	-2059.3755779533813	-1812.142444578296	-247.23313337508512	0.10301185838173392	0.1377897543309045	0.06705733858897314	0.1253792034160184	0.1358156116633674	0.0060054825706192735
448000	-2066.008739242244	-1812.831485755019	-253.17725348722487	0.07840879797569505	0.11153339253645557	0.044029100997791865	0.09458864844989523	0.22763916752898117	0.007318153204864765
449000	-2062.636717344428	-1812.1474818979577	-250.48923544647005	0.12908904709604313	0.09016421745881864	0.08264247303065109	0.08651090837215585	0.24605288281075155	0.0036895182749314198
450000	-2060.644911462995	-1813.0885888665025	-247.55632259649263	0.10231568392993035	0.1276718837212078	0.1370523499018959	0.14332511349564944	0.1817366827989968	0.007701209115192132
451000	-2059.6178183589846	-1813.419759733778	-246.1980586252068	0.09124116270228261	0.10906764078525588	0.0763423611868564	0.07045457909129312	0.1183290733570888	0.003447356690724949
452000	-2059.899856421359	-1814.9075315175583	-244.99232490380084	0.061758139785338576	0.10117207322305179	0.09710433875222317	0.12226891690615976	0.10804355368292312	0.002880922569676413
453000	-2061.9815926166852	-1815.8716640127855	-246.10992860389982	0.07757417771318591	0.12446104752780003	0.09265601360401068	0.12518451575439177	0.16606554081141	0.006416047528058331
454000	-2060.608707933505	-1812.413472438981	-248.1952354945239	0.09572782789644528	0.10250078396832477	0.06142473106673384	0.06938688529751241	0.1567525137571255	0.004891642768651517
455000	-2065.5196452916625	-1814.9493949157943	-250.5702503758683	0.13477564046158166	0.0763782521673994	0.18104664605840726	0.11678850941441274	0.14376982727265275	0.00647730399040408
456000	-2063.542369592568	-1814.0815671957648	-249.46080239680307	0.05327251684734687	0.09503429364428014	0.11488739239512118	0.050195409533285704	0.12073789804720593	0.0037324249026053705
457000	-2067.7264427067885	-1812.9200530369342	-254.80638966985427	0.05462577250628851	0.18615179376172544	0.06906315003268922	0.04444413246405541	0.13975593203601566	0.002907997325580226
458000	-2058.6664460475204	-1811.995794004481	-246.6706520430393	0.09426209271666713	0.10986069905967177	0.06448127956485787	0.07393172170376441	0.12879219669716	0.004281373243117725
459000	-2061.715524917515	-1814.088152100173	-247.62737281734186	0.1288702403605094	0.08450030123268586	0.18169881652647707	0.10955612418764926	0.15088813627884518	0.007133791148779248
460000	-2061.265915307078	-1811.4153754998238	-249.85053980725425	0.08358675614048457	0.10978259740312002	0.12557412201007026	0.06654454692232419	0.21681183800834528	0.003948720408092321
461000	-2056.614899489946	-1811.919725326719	-244.6951741632268	0.10529637298518515	0.1161373558129948	0.10193969340162395	0.1111009767449475	0.17689156361187627	0.00459089769894737
462000	-2059.451042181081	-1812.802383474585	-246.64865870649598	0.1090732335726075	0.13748089665976185	0.13884366232696008	0.08598157037087886	0.16822626779447475	0.006398640524570155
463000	-2060.345135442259	-1812.7678132721812	-247.57732217007768	0.10200658583555022	0.1409975701970482	0.14928397704837507	0.08224216626078464	0.18919410416553678	0.004977423177879652
464000	-2058.4941918969516	-1813.2741203722298	-245.220071524722	0.1006248228240538	0.13139531921858805	0.13428014096978783	0.1522520742915913	0.14555833411927466	0.0063741633854710045
465000	-2066.7197765070414	-1819.0773127722152	-247.64246373482626	0.08118245554756498	0.10291003562532605	0.07227522744542796	0.10646193304750873	0.10872108669031826	0.002142487571387557
466000	-2058.1678703291905	-1813.015082092451	-245.15278823673947	0.08666353831423143	0.10697871810600135	0.07423846690729141	0.08402311448767888	0.12375895767874626	0.004232576814119553
467000	-2058.753747602385	-1812.460183389217	-246.29356421316805	0.09608451189589733	0.09908602450125993	0.09237944192383372	0.06689496943435877	0.15846014991038168	0.004038727196826869
468000	-2060.043046871013	-1809.5198749317076	-250.52317193930548	0.08123783910319801	0.13631665943742152	0.05465242095533949	0.07533978810433131	0.2028444659371504	0.004784808009551738
469000	-2062.1171281955403	-1813.427522932589	-248.68960526295132	0.07212711717659881	0.08747511433036319	0.053559316429005945	0.0909731844242001	0.10039608579911456	0.0035574796326666193
470000	-2058.5803300851344	-1812.5550068776863	-246.02532320744825	0.10676326614688679	0.11468203353491288	0.13240567546321083	0.07668888155094554	0.16318368692117197	0.0039596354067820225
471000	-2060.463529776484	-1811.9497818658142	-248.51374791066962	0.10520910177539876	0.0806698344662922	0.04935965125347197	0.07661417356743543	0.16552372591827294	0.002948756279778824
472000	-2059.412949037233	-1811.832491115676	-247.58045792155673	0.08289532147293119	0.1455573190301291	0.06112156703485236	0.09617668875790207	0.13450848883234898	0.004934231450715532
473000	-2061.71181526821	-1810.2339578251542	-251.477857443056	0.0867880470015604	0.1438647381430704	0.052132041216249855	0.15667927719768546	0.21103209121731223	0.005774548724906284
474000	-2060.8619681519313	-1814.5172632912277	-246.34470486070376	0.06747486056263133	0.10312889934982046	0.08121291612050184	0.0842726379814186	0.17045935101246368	0.0024482380623346177
475000	-2058.4672850340357	-1811.7230145695921	-246.74427046444367	0.08146409666440477	0.07309988445944834	0.09561423031559353	0.10858139413739569	0.17178620246784215	0.003818196505648057
476000	-2058.363546820765	-1811.657294131819	-246.7062526889456	0.07107538963643481	0.11105334254030196	0.07010207908021455	0.11212762991150367	0.15502199524077295	0.004319932344653989
477000	-2058.774298551322	-1812.5803903517724	-246.1939081995493	0.08203673508399531	0.15833701099781602	0.08733026747471564	0.10199774747619363	0.15903676708020964	0.0044455392719734525
478000	-2060.5016097991916	-1812.893911408772	-247.6076983904195	0.13569525252346326	0.0868084010850978	0.11576515056142742	0.05788489010403174	0.1704902373353552	0.004338270745073786
479000	-2058.6683805381917	-1814.648106692321	-244.0202738458704	0.07514473573235905	0.08462419394172932	0.10064441398290469	0.10798507487416398	0.13698991739725636	0.002478588159060776
480000	-2057.8856175585624	-1812.9284381640657	-244.95717939449682	0.08213520756358361	0.12269681831064777	0.08632166499509306	0.09008148198432289	0.13734495603169888	0.0039626350127562465
481000	-2056.979000705307	-1810.7622426481107	-246.21675805719642	0.10724049781409627	0.10681966323834194	0.08470311346107091	0.11071455904990944	0.19209743230849874	0.005686909268063742
482000	-2058.310787379533	-1814.5638665602435	-243.74692081928953	0.08328566358655289	0.11722743631900727	0.11290945009152355	0.11029068901699023	0.12359799937193795	0.004717984428105768
483000	-2058.414659014403	-1814.7824673075363	-243.63219170686637	0.09420477324045652	0.09871351305491623	0.1526810291568035	0.11151098302008534	0.14447365841183696	0.0030760632791073652
484000	-2061.576792088894	-1816.80408978769	-244.77270230120388	0.10560429314128232	0.10998812110860219	0.06210961459003602	0.12319201880969145	0.10821640406843623	0.002735983355477303
485000	-2063.948401267531	-1816.5804781919383	-247.36792307559304	0.13301235365556957	0.05109938193275379	0.13458806854499544	0.10650411576303372	0.10660546643922711	0.006571402920525076
486000	-2058.593260457376	-1813.6347965327368	-244.9584639246391	0.08986393583780913	0.10135912448306986	0.09846126234225304	0.09349018089777582	0.12715208632373393	0.005285667627174848
487000	-2060.5561646718106	-1812.3285398434873	-248.22762482832346	0.08814383629388482	0.053237426826772655	0.06886942789986542	0.11973022982559899	0.15205316589423773	0.0042781718725326875
488000	-2060.795713398239	-1812.1187589944684	-248.67695440377076	0.12494850852967304	0.11343222561924725	0.08082207063988459	0.07240163959426825	0.1559074412680607	0.004160703574497024
489000	-2058.62293149703	-1811.6045937980389	-247.0183376989912	0.08289018452954386	0.10110979193550036	0.11431615771829172	0.08170983242875773	0.20117374130491716	0.004071866132764233
490000	-2059.1791282204695	-1811.9790810281438	-247.20004719232577	0.0719005599500292	0.1267211687795731	0.08418411120426585	0.07970273347965919	0.15764847144346422	0.0033591859683009878
491000	-2062.297680165151	-1813.9998181622302	-248.297862002921	0.08190689995663009	0.06258035567327917	0.07542371317669268	0.07600338337203034	0.12370558826387591	0.0031074620122081755
492000	-2058.3210940799668	-1813.686411081877	-244.63468299808983	0.08918675511256648	0.1328368056736381	0.07179826352370447	0.11606621324210137	0.12991271224411438	0.0035834381965770237
493000	-2060.656183385776	-1812.7939477758557	-247.86223560992033	0.09288083459927081	0.11814570757824001	0.08644518065273982	0.11267883254433503	0.13922867192530006	0.005969082678966748
494000	-2058.0661178553364	-1811.5369835932524	-246.52913426208374	0.1052258548186681	0.15116698649745772	0.10415384335680365	0.14448181380009872	0.19747495264761833	0.004981954478891781
495000	-2059.944768523639	-1812.284202744676	-247.6605657789631	0.09746410696577977	0.1716073311578503	0.10066481840071426	0.06173351744737318	0.14974546650684847	0.005256609391904652
496000	-2064.3973709568354	-1814.3838320314057	-250.01353892542957	0.1262978968659279	0.1617429977570716	0.1713220451092545	0.19035951434605194	0.20753975805073957	0.004617079451014472
497000	-2059.8208536547813	-1813.2223345221005	-246.5985191326808	0.07771755241419223	0.13800157099607385	0.059920927371636595	0.1081998848821699	0.1288139707383153	0.004001731293291112
498000	-2060.712442301722	-1814.8632527002007	-245.84918960152152	0.08519246062235969	0.10245869012165613	0.0850535254100932	0.09859542617733416	0.13330556146964168	0.003931666170455848
499000	-2058.22488522222	-1813.000201244759	-245.2246839774613	0.10642989509319309	0.11071277714744966	0.0948108010003644	0.09256473601254096	0.15929207553620248	0.0055656877957375875
500000	-2059.3465143482454	-1812.730976559145	-246.61553778910064	0.06493648172112992	0.08312762438890399	0.07443336599116168	0.12293156990686287	0.13936344878801954	0.0034551825658814114
