#
#model:
#
#<?xml version="1.0" encoding="UTF-8" standalone="no"?><input id="posterior" spec="beast.core.util.CompoundDistribution">
#    <distribution id="prior" spec="beast.core.util.CompoundDistribution">
#        <prior id="lambdaPrior.bfd" name="distribution">
#            <parameter id="lambda" lower="0.0" name="x" spec="beast.core.parameter.RealParameter">0.01</parameter>
#            <Gamma id="Gamma.0" name="distr">
#                <parameter estimate="false" id="RealParameter.1" name="alpha" spec="beast.core.parameter.RealParameter">2.0</parameter>
#                <parameter estimate="false" id="RealParameter.2" name="beta" spec="beast.core.parameter.RealParameter">200.0</parameter>
#            </Gamma>
#        </prior>
#        <distribution id="snapprior.bfd" lambda="@lambda" spec="snap.likelihood.SnAPPrior">
#            <parameter estimate="false" id="alpha" lower="0.0" name="alpha" spec="beast.core.parameter.RealParameter">11.75</parameter>
#            <parameter estimate="false" id="beta" lower="0.0" name="beta" spec="beast.core.parameter.RealParameter">109.73</parameter>
#            <parameter estimate="false" id="kappa" lower="0.0" name="kappa" spec="beast.core.parameter.RealParameter">1.0</parameter>
#            <parameter id="coalescenceRate" name="coalescenceRate" spec="beast.core.parameter.RealParameter">10.0</parameter>
#            <tree clusterType="upgma" id="Tree.bfd" nodetype="snap.NodeData" spec="beast.util.ClusterTree">
#                <taxa dataType="integerdata" id="snap.bfd" spec="snap.Data">
#                    <taxonset id="ant" spec="beast.evolution.alignment.TaxonSet">
#                        <taxon id="CarpaChavin_B72793.Huanuco.CarpaChavin" spec="beast.evolution.alignment.Taxon"/>
#                        <taxon id="CarpaChavin_B72795.Huanuco.CarpaChavin" spec="beast.evolution.alignment.Taxon"/>
#                        <taxon id="Carpish_B72761.Huanuco.Acomayo" spec="beast.evolution.alignment.Taxon"/>
#                        <taxon id="Carpish_B72772.Huanuco.Mitotambo" spec="beast.evolution.alignment.Taxon"/>
#                        <taxon id="ElMolino_B72830.LaLibertad.ElMolino" spec="beast.evolution.alignment.Taxon"/>
#                        <taxon id="ElMolino_B72834.LaLibertad.ElMolino" spec="beast.evolution.alignment.Taxon"/>
#                        <taxon id="Amotape_B67243.Tumbes.Amotape" spec="beast.evolution.alignment.Taxon"/>
#                        <taxon id="Amotape_B67257.Tumbes.Amotape" spec="beast.evolution.alignment.Taxon"/>
#                        <taxon id="Celendin_B72843.Cajamarca.Celendin" spec="beast.evolution.alignment.Taxon"/>
#                        <taxon id="Celendin_B72848.Cajamarca.Celendin" spec="beast.evolution.alignment.Taxon"/>
#                        <taxon id="Duraznopampa_B72852.Amazonas.Duraznopampa" spec="beast.evolution.alignment.Taxon"/>
#                        <taxon id="Duraznopampa_B72861.Amazonas.Duraznopampa" spec="beast.evolution.alignment.Taxon"/>
#                        <taxon id="Chavinillo_B72789.Huanuco.Chavinillo" spec="beast.evolution.alignment.Taxon"/>
#                        <taxon id="Chavinillo_B72792.Huanuco.Chavinillo" spec="beast.evolution.alignment.Taxon"/>
#                        <taxon id="Macate_B72807.Ancash.Macate" spec="beast.evolution.alignment.Taxon"/>
#                        <taxon id="Macate_B72814.Ancash.Macate" spec="beast.evolution.alignment.Taxon"/>
#                        <taxon id="Quichas_B72777.Lima.Quichas" spec="beast.evolution.alignment.Taxon"/>
#                        <taxon id="Quichas_B72778.Lima.Quichas" spec="beast.evolution.alignment.Taxon"/>
#                        <taxon id="Canchaque_B72873.Piura.Canchaque" spec="beast.evolution.alignment.Taxon"/>
#                        <taxon id="Canchaque_B72878.Piura.Canchaque" spec="beast.evolution.alignment.Taxon"/>
#                        <taxon id="CorBlanca_NK_171703" spec="beast.evolution.alignment.Taxon"/>
#                        <taxon id="CorBlanca_FMNH_391888" spec="beast.evolution.alignment.Taxon"/>
#                        <taxon id="Suyubamba_B72820.LaLibertad.Suyubamba" spec="beast.evolution.alignment.Taxon"/>
#                        <taxon id="Suyubamba_B72821.LaLibertad.Suyubamba" spec="beast.evolution.alignment.Taxon"/>
#                        <taxon id="Huamatanga_B72889.Lima.Huamatanga" spec="beast.evolution.alignment.Taxon"/>
#                        <taxon id="Huamatanga_B72892.Lima.Huamatanga" spec="beast.evolution.alignment.Taxon"/>
#                        <taxon id="Contumaza_B72841.Cajamarca.Contumaza" spec="beast.evolution.alignment.Taxon"/>
#                        <taxon id="Contumaza_NK_172033" spec="beast.evolution.alignment.Taxon"/>
#                        <taxon id="Pacar_B72907.Ancash.Pacar" spec="beast.evolution.alignment.Taxon"/>
#                        <taxon id="Pacar_B72909.Ancash.Pacar" spec="beast.evolution.alignment.Taxon"/>
#                        <taxon id="Porculla_B72863.Piura.Porculla" spec="beast.evolution.alignment.Taxon"/>
#                        <taxon id="Porculla_B72866.Piura.Porculla" spec="beast.evolution.alignment.Taxon"/>
#                        <taxon id="LaQuinua_B72753.Pasco.LaQuinua" spec="beast.evolution.alignment.Taxon"/>
#                        <taxon id="LaQuinua_B72756.Pasco.LaQuinua" spec="beast.evolution.alignment.Taxon"/>
#                        <taxon id="Chinchan_B72900.Ancash.Chinchan" spec="beast.evolution.alignment.Taxon"/>
#                        <taxon id="Chinchan_NK_173896" spec="beast.evolution.alignment.Taxon"/>
#                    </taxonset>
#                    <taxonset id="cur" spec="beast.evolution.alignment.TaxonSet">
#                        <taxon id="curtata_cra.cur.B6032" spec="beast.evolution.alignment.Taxon"/>
#                        <taxon id="curtata_cra.cur.B8175" spec="beast.evolution.alignment.Taxon"/>
#                    </taxonset>
#                </taxa>
#                <parameter id="RealParameter.0" lower="0.0" name="clock.rate" spec="beast.core.parameter.RealParameter" upper="0.0">1.0</parameter>
#            </tree>
#        </distribution>
#    </distribution>
#    <distribution id="likelihood" spec="beast.core.util.CompoundDistribution">
#        <distribution data="@snap.bfd" id="treeLikelihood.bfd" non-polymorphic="false" pattern="coalescenceRate" spec="snap.likelihood.SnAPTreeLikelihood" tree="@Tree.bfd">
#            <siteModel id="MutationSiteModel.bfd" spec="beast.evolution.sitemodel.SiteModel">
#                <parameter estimate="false" id="mutationRate" name="mutationRate" spec="beast.core.parameter.RealParameter">1.0</parameter>
#                <parameter estimate="false" id="shape" name="shape" spec="beast.core.parameter.RealParameter">2.0</parameter>
#                <parameter estimate="false" id="proportionInvariant" name="proportionInvariant" spec="beast.core.parameter.RealParameter">0.0</parameter>
#                <substModel coalescenceRate="@coalescenceRate" id="MutationModel" spec="snap.likelihood.SnapSubstitutionModel">
#                    <parameter estimate="false" id="u" lower="0.0" name="mutationRateU" spec="beast.core.parameter.RealParameter">1.0</parameter>
#                    <parameter id="v" lower="0.0" name="mutationRateV" spec="beast.core.parameter.RealParameter">1.0</parameter>
#                </substModel>
#            </siteModel>
#        </distribution>
#    </distribution>
#</input>
#
Sample	posterior	likelihood	prior	theta0	theta1	theta2	TreeHeightLogger
0	-3302.2527106543434	-3147.5240505138695	-154.72866014047412	0.08059493409358799	0.0569584000588089	0.21126622513180238	0.0013449203939294022
1000	-3302.5223536259305	-3152.5620551652137	-149.96029846071679	0.113705623998125	0.09764907849044689	0.1352815583294818	0.0022172763229518755
2000	-3301.793765834442	-3151.0929052403594	-150.70086059408283	0.06422970911427482	0.12393981351136278	0.1499431350767693	4.375517241977582E-4
3000	-3304.431053707406	-3150.749486469604	-153.68156723780223	0.11805571403013766	0.058150357755143794	0.2020119025717676	4.8698242672279366E-4
4000	-3300.630749729089	-3148.457260233356	-152.1734894957333	0.059494167907436356	0.1014111317056389	0.18259166665148593	7.347687736243552E-4
5000	-3302.666746481209	-3148.9859043314054	-153.68084214980342	0.10230485450181462	0.09271642271292774	0.19426013073889603	0.0015505163557922896
6000	-3302.098087933718	-3152.318233739838	-149.77985419388008	0.10258040868954302	0.08615600893150684	0.13530686276794668	9.400251304391931E-4
7000	-3301.6995729316855	-3149.6883875015064	-152.0111854301792	0.056582675095133865	0.12933078456385538	0.1315824875144212	8.605879107832623E-4
8000	-3303.6190257272706	-3152.656258169752	-150.96276755751862	0.08373689999413886	0.06220309474221223	0.11194566621264569	8.356570956508251E-4
9000	-3301.6094824643724	-3148.9164576514236	-152.69302481294875	0.054561758093	0.10400748067434556	0.14304709137037774	0.0010728228836167678
10000	-3304.470179954187	-3149.6931496421485	-154.77703031203896	0.0798313573553977	0.11342489242362407	0.16032188057812463	0.0016956574406821686
11000	-3302.358346254905	-3150.387176794939	-151.97116945996618	0.07795285751870878	0.06749984926645666	0.13709465278783897	0.0010037381789732808
12000	-3303.4809393432256	-3152.2013951478057	-151.27954419542002	0.13974841020073323	0.09474509235653775	0.16344205762724978	0.0010202824256519848
13000	-3301.037324128376	-3149.560233389988	-151.47709073838803	0.060505896242293175	0.10892185478114316	0.139387941561391	8.724887976558134E-4
14000	-3301.1152707636634	-3148.764065855381	-152.35120490828257	0.056924760956211386	0.12321477517931789	0.1553720049780165	0.0011782977793447723
15000	-3302.154641794104	-3149.146612911496	-153.00802888260813	0.07135131616272916	0.06174591797017892	0.15940362763846552	0.002038817747320866
16000	-3301.842007441862	-3152.648847892825	-149.19315954903692	0.07528078412380647	0.12313234682913916	0.12171292259088735	5.525160592531179E-4
17000	-3304.342291434941	-3154.638771673765	-149.70351976117607	0.13310358134194816	0.06663515531731042	0.12734002135418832	2.068633170176001E-4
18000	-3302.7548962434767	-3150.1689880149206	-152.58590822855598	0.06120765451856018	0.06131168104154097	0.1215919140219253	8.30239999589935E-4
19000	-3301.252592547118	-3149.2173191384973	-152.0352734086208	0.06623146957555552	0.09357060290432957	0.15026521971714413	0.0012591773212542727
20000	-3302.2736410644334	-3149.914917120413	-152.3587239440203	0.11915096201806966	0.06207022190583558	0.1731044986663647	0.002470505169200697
21000	-3300.478627686724	-3149.7471283634845	-150.7314993232393	0.08287501378707972	0.10738679202870431	0.1690862377215421	0.0021953121333036572
22000	-3301.1824617328148	-3150.5741669141476	-150.6082948186671	0.09108170399704024	0.1311175431997376	0.16726836527644542	0.0026698510988130155
23000	-3302.1798432951623	-3149.566883456988	-152.61295983817442	0.06449712076866587	0.09821487829181894	0.14209526771978787	0.0014089120233005555
24000	-3301.0930785437768	-3149.778855927036	-151.31422261674055	0.11505982427848509	0.08164993615494304	0.1782754103541465	0.001846100820658605
25000	-3301.6696461856877	-3148.867693755122	-152.80195243056545	0.09443032334096804	0.06654537456061084	0.1809230178902303	0.0019022011744536198
26000	-3300.1675790800896	-3150.6628875305355	-149.50469154955388	0.09171809533267211	0.1072599874715746	0.15332228843120466	0.0010352978780697416
27000	-3301.4015569802414	-3149.6071687486187	-151.79438823162278	0.11141585984256284	0.07604816920091431	0.18091830571825515	0.0023950918020973753
28000	-3301.3524329689503	-3147.8404890618	-153.5119439071506	0.06032629131751256	0.12868548784535458	0.20521667540598817	9.580443226590295E-4
29000	-3303.697130062564	-3152.2506214604164	-151.4465086021478	0.06029485455609193	0.09190353185657243	0.09488043480574346	8.116502401210334E-4
30000	-3303.651629243332	-3152.22755446501	-151.42407477832174	0.08100632119640302	0.06732837889962909	0.11452902800655484	0.00209669326413669
31000	-3303.261765100135	-3150.285458443911	-152.9763066562242	0.043108600453861126	0.11450082525849659	0.1051266440983109	5.470857187104129E-4
32000	-3305.2482132776468	-3154.6562299658335	-150.5919833118134	0.1161970122953654	0.05755394584313098	0.11673995754620739	4.015482717952755E-4
33000	-3300.4179883448696	-3150.0932523652195	-150.3247359796502	0.07467339335054371	0.11416020333234687	0.14870614435588164	0.001810620192489076
34000	-3302.9253895558904	-3153.727457906807	-149.1979316490832	0.08860452222265597	0.09612406323580147	0.1134379054819469	6.288231302204948E-4
35000	-3301.7484680179537	-3149.2866581540634	-152.4618098638901	0.11532402499307484	0.06600370456455801	0.18570890812009092	0.0016295703497033382
36000	-3305.8114065950217	-3147.3557612660443	-158.45564532897754	0.030894212741049757	0.1285643190087576	0.17882736558168105	7.780022238812032E-4
37000	-3301.096238201287	-3149.13988944642	-151.95634875486715	0.07001625530712219	0.12371566230080144	0.16423083343771208	0.001042767547551483
38000	-3302.642313637724	-3149.874138748609	-152.76817488911487	0.06462958035574279	0.06439373417197794	0.12724550292613065	0.0011529088971687753
39000	-3300.9069863404457	-3151.28873328895	-149.61825305149566	0.08997794558159859	0.1032554130348346	0.15592949264410777	6.870530312760292E-4
40000	-3301.710815215539	-3149.63730042924	-152.0735147862988	0.0726305744021891	0.13144857088113565	0.1777164056462637	0.0022115460950061384
41000	-3306.1157759469875	-3147.784597491559	-158.33117845542844	0.06299555529026422	0.055518331402587086	0.1768522074585949	0.0012475950420425225
42000	-3304.134193612864	-3148.0063143363213	-156.12787927654261	0.0571383189103297	0.043491007848069106	0.15702745600185894	8.749449228554173E-4
43000	-3302.121705952348	-3152.06344913941	-150.05825681293797	0.0930063958576827	0.11111569139975738	0.13934689893577265	0.002936860067723047
44000	-3304.1786193295593	-3150.8797500467845	-153.29886928277475	0.14103059939234397	0.06068524935464814	0.17565063570856917	0.003904799376706147
45000	-3305.593227684923	-3147.4243767360285	-158.16885094889452	0.14393837944703006	0.05664556612599583	0.26799588343384273	0.0026030594804232897
46000	-3300.795440268966	-3148.9891101031644	-151.80633016580174	0.06697017374548536	0.10540151228283562	0.1607663467274849	0.0013642931078509724
47000	-3304.5241994992457	-3148.0531325090283	-156.4710669902175	0.08807494624296512	0.07496215630376107	0.23459302389874556	9.447050268286938E-4
48000	-3300.3237918675077	-3149.809184474384	-150.51460739312373	0.08364806916807427	0.09932100674993864	0.16223272595851287	0.0020191010161534407
49000	-3301.594884500866	-3149.0590954084864	-152.53578909237945	0.08300942015456836	0.059044382216640795	0.16060757000112558	0.0015043775090160501
50000	-3304.409888188489	-3149.217789608885	-155.19209857960374	0.04813324391073831	0.07820608723307902	0.1561321738126568	4.646114379103074E-4
51000	-3300.605307816555	-3148.918968078006	-151.68633973854932	0.07712385036558995	0.09521201421592403	0.18059788827717846	0.0018946592000882436
52000	-3300.712933810561	-3150.8202803278286	-149.89265348273253	0.10831256611725515	0.0842803917995839	0.1620248162317623	0.0011178375395259888
53000	-3304.9083260118778	-3151.180021405358	-153.72830460652	0.11033433152646037	0.04717541364317794	0.1656018236526164	6.46999087272918E-4
54000	-3304.7605653204223	-3148.4286564172776	-156.33190890314475	0.030321330902939553	0.12008183113564498	0.13101090980618318	3.968637314042892E-4
55000	-3300.0135577229958	-3149.7745729800986	-150.2389847428971	0.07424262954990912	0.10674319938888302	0.1491932582737434	0.0012381120117416977
56000	-3300.9982834513557	-3150.936711539586	-150.06157191176948	0.09049931245491513	0.15341029924149763	0.14718930664937813	0.0017422158981988457
57000	-3303.0665544818216	-3150.712337318986	-152.3542171628356	0.09512547715528175	0.0668444525391886	0.16069163754340984	0.003291694385405471
58000	-3303.464333156987	-3149.116294931456	-154.34803822553076	0.08793133792893182	0.07670066973707765	0.17425711918738007	0.0012346424786350261
59000	-3300.2204741091577	-3149.0518688635284	-151.16860524562938	0.06010570189389153	0.10139835637467835	0.14787376234119187	9.662873843559281E-4
60000	-3300.751384205161	-3150.3045759883803	-150.44680821678043	0.07366960843575845	0.09417523599728325	0.13945288787915655	0.0017685905606388925
61000	-3303.4388358360397	-3151.1705126817824	-152.26832315425716	0.09312172299858575	0.06412622004671337	0.13800165466036285	0.0024713086622579873
62000	-3305.0360754889416	-3154.8205205685067	-150.2155549204347	0.08470976514479947	0.0925724727205269	0.09172017171002429	0.0011719642056731067
63000	-3302.917642200056	-3148.3583011729725	-154.55934102708343	0.13588657598517356	0.0982152970538205	0.25006335227799387	0.002368427136580698
64000	-3304.234451864179	-3150.3443184886573	-153.89013337552151	0.13376024368810344	0.07795669404135538	0.18044513584598137	0.0029131430438480376
65000	-3301.901269391557	-3152.323207114718	-149.5780622768389	0.09557772223702195	0.12698153186481367	0.14429776654714338	6.375222257585947E-4
66000	-3307.3558520016322	-3156.2127696455627	-151.1430823560694	0.07875277784592102	0.08464952264292223	0.08277172259607804	0.002119978242931893
67000	-3302.111496560579	-3152.954043589928	-149.157452970651	0.09354303383043382	0.11823062534024377	0.12488512120338917	7.924318080806026E-4
68000	-3300.200388291333	-3148.8738079488467	-151.3265803424864	0.08584042385352712	0.11863259642741744	0.20194807900350037	9.79522068149218E-4
69000	-3306.3439434182706	-3151.100822026783	-155.24312139148736	0.1174177895803481	0.03760087897611893	0.14170103346441293	0.002279903158111581
70000	-3300.356735305892	-3149.631596887282	-150.72513841861016	0.07369449384921001	0.08780184628335197	0.15067354963253235	0.0010325901788336182
71000	-3301.562991246288	-3149.486682398545	-152.07630884774318	0.05934804574106595	0.0727835111092809	0.13016534429175702	0.0011384315522840304
72000	-3304.1847330042874	-3147.557551655521	-156.62718134876644	0.05455672218492938	0.08339509452174482	0.2157287557956895	6.903632519809575E-4
73000	-3301.840404906463	-3152.3837581925936	-149.45664671386928	0.11260993146919679	0.11225852166339076	0.13755315313718863	0.001869472497489916
74000	-3302.0385481717976	-3149.715158502375	-152.3233896694228	0.07386369932328078	0.08005421223323571	0.1937314751360701	5.189995408226003E-4
75000	-3300.649291917028	-3148.239396400535	-152.40989551649318	0.08156704638746311	0.12573380311531218	0.2180973363477306	0.0011941990217646209
76000	-3301.8784075986823	-3147.481343841814	-154.39706375686825	0.06451484256648708	0.09722606944914942	0.2267761887176894	0.001033441544941779
77000	-3301.616499493098	-3149.5799679738016	-152.03653151929655	0.05042980933944297	0.09951002682616897	0.12225441376680331	8.000203138954651E-4
78000	-3302.413839775929	-3149.380824372669	-153.03301540325972	0.04537390960218483	0.09148025204177623	0.14352686769527628	4.612857882295947E-4
79000	-3302.260749673159	-3149.2954970828505	-152.96525259030855	0.09890422937006553	0.08197495517509189	0.2102527520980118	0.0031612341153929666
80000	-3305.74045994654	-3150.2116017269127	-155.52885821962732	0.07577184636512285	0.05853695591663057	0.1411653111399936	0.0023071608825628647
81000	-3302.6294177925342	-3149.5080182639344	-153.12139952859985	0.042188088465072215	0.1122412985907114	0.1277617228234027	4.894404118072774E-4
82000	-3301.110264813794	-3149.387946162745	-151.7223186510489	0.06228572973648432	0.08491365295316408	0.14957491290657127	7.715097901790864E-4
83000	-3301.089848762579	-3149.213495903095	-151.87635285948417	0.08146310356160061	0.07631460962335503	0.16820546057368213	0.0019830005180870754
84000	-3300.956137092857	-3149.850990912703	-151.10514618015404	0.06344363673864614	0.12838646947717744	0.1388222046868661	0.001415224132475634
85000	-3301.3259762216817	-3148.596984382939	-152.7289918387426	0.07911174755709774	0.1016832769447222	0.2084960921840105	0.0020861156025400195
86000	-3303.1023634347425	-3147.7371633726098	-155.36520006213283	0.044219054839579164	0.0935079778231494	0.19417343898207465	0.0011897679946556296
87000	-3304.3588996969165	-3150.7141379085288	-153.6447617883879	0.04410437459401413	0.08832545986297018	0.1162829829075385	4.03570875976967E-4
88000	-3301.5587484909593	-3147.75533391272	-153.8034145782392	0.05372625420150546	0.08335292890350098	0.1812748372278787	0.001092726173015882
89000	-3303.576732074146	-3149.69551418959	-153.88121788455595	0.05840331936988455	0.05425345039168587	0.12390933040837816	8.273193000901831E-4
90000	-3301.802279544343	-3147.56409335837	-154.23818618597318	0.05456538899908425	0.08026802273847589	0.19301339366779585	0.0011412241771561614
91000	-3300.177634385226	-3150.5980264356176	-149.57960794960854	0.08189193017083803	0.11595806795922955	0.14158293942533787	0.0011613536013239884
92000	-3299.818189804428	-3149.853541899338	-149.96464790509015	0.08690760424243026	0.11500786817052881	0.16196964817101855	0.0015287292748310747
93000	-3301.5088902390876	-3150.202447511917	-151.30644272717052	0.06685301242723295	0.1101652226950985	0.13281295787398173	0.0013420396963467654
94000	-3301.29684199512	-3150.0285150738528	-151.2683269212673	0.10634547592514948	0.14107769934530004	0.17911561960904543	0.0018546381347408685
95000	-3300.032737968077	-3149.4273638552067	-150.60537411287015	0.09376241456903243	0.08677574094843203	0.17596132257549466	0.0012356926291111096
96000	-3303.0609697813707	-3151.9809410676335	-151.08002871373736	0.08786263205015368	0.12272460362919002	0.1595248379415093	0.0036596308910514853
97000	-3309.746861899718	-3153.0652378977084	-156.68162400200976	0.06245392899504588	0.06006693201284786	0.08595218087256053	0.0010925984677670993
98000	-3301.462332558696	-3149.2023838799664	-152.25994867872927	0.05637639638799336	0.08286576946154361	0.13577752539852014	0.001123644980135938
99000	-3303.245392526479	-3151.4628593426937	-151.7825331837851	0.0744081377647878	0.06863785683212488	0.13204322088434897	6.182168123851873E-4
100000	-3301.210773728857	-3149.2918935569	-151.91888017195714	0.06552959286293063	0.07611706267651555	0.14955175674369317	0.0016778021296065854
101000	-3300.799524044996	-3149.030196364348	-151.76932768064788	0.06526469965099176	0.13565914645127145	0.17030092632664842	0.0016030733106940584
102000	-3300.834157325778	-3148.18436266364	-152.6497946621379	0.07244943990084513	0.11574887006154973	0.20897435025118904	0.0015547138184128634
103000	-3301.6189001284224	-3150.1321429853174	-151.486757143105	0.08986746775413004	0.07677238781004062	0.15056970606694192	0.0014115399469183906
104000	-3302.15203108087	-3149.2307494685683	-152.9212816123019	0.05023782808666218	0.07667843834216054	0.14684351234308735	5.384409600231563E-4
105000	-3302.321715106978	-3149.5487644240056	-152.77295068297255	0.05205187093717579	0.07505382827648768	0.12169876212341722	0.0012089523939771752
106000	-3301.40161080792	-3149.949236215617	-151.45237459230313	0.06895175373152602	0.1336832461802499	0.14451389994672356	9.337284204113135E-4
107000	-3303.5530321751003	-3148.173038626933	-155.37999354816753	0.048095081263291956	0.05773948562479223	0.16278360121306482	5.975936406676552E-4
108000	-3300.754408595735	-3149.471760213921	-151.28264838181425	0.06541215618156293	0.10634168565678717	0.17755089131372656	5.877262128172164E-4
109000	-3301.545030018615	-3149.2823771897756	-152.262652828839	0.08980906529375425	0.06212965890308412	0.1655200372963778	0.0012709803973179757
110000	-3303.4025617644797	-3148.4134465132506	-154.98911525122895	0.07223398860998022	0.058399067343390204	0.19568825377697455	0.0022468812058956743
111000	-3300.599463585892	-3150.887157051602	-149.71230653428964	0.10911944912066379	0.1400505706557227	0.16153396408617696	0.001535029203413814
112000	-3302.837959889771	-3148.2645273071766	-154.57343258259414	0.03662206809215112	0.11795903183501974	0.14390319196551835	5.0155990452579E-4
113000	-3300.076269391819	-3149.5643437156778	-150.5119256761413	0.09935828517965445	0.10935190353684748	0.1800850422788715	0.0019347316542278308
114000	-3302.697493959289	-3151.15292905538	-151.5445649039093	0.07960408497701985	0.1295453394842881	0.13329066371805304	0.0017654656376486105
115000	-3300.1474786201625	-3149.3892760752074	-150.75820254495528	0.06567695065086127	0.10005065714863051	0.15106487510016486	8.98720454327448E-4
116000	-3306.098892744266	-3149.8649028277905	-156.2339899164756	0.05583393837034911	0.0485248431234585	0.12231555248418757	0.001781366727679059
117000	-3301.6034636868117	-3152.9247986259297	-148.6786650608819	0.10257215508903883	0.10477820133567642	0.13320399019155216	7.727540870072854E-4
118000	-3302.691990830039	-3148.246038613923	-154.44595221611615	0.08697065645070276	0.0706653516974925	0.22080840982956204	9.224368105138574E-4
119000	-3300.557002044554	-3148.6758513865307	-151.8811506580231	0.1019571835688448	0.10897683013232613	0.21441860371369295	0.0013517609240977493
120000	-3300.6937892222727	-3148.9234921930006	-151.77029702927192	0.06174114040571885	0.1285820499290797	0.16087486477351595	0.0013137190915694181
121000	-3300.593667445524	-3149.5501060408187	-151.043561404705	0.07756000850184452	0.076369444162064	0.15054341709144392	0.0014842662595655773
122000	-3300.183541438877	-3149.6427482124736	-150.54079322640317	0.09225506340678112	0.12606012487951326	0.18534615058237103	0.0010051487289966866
123000	-3301.8554616657016	-3148.850085247647	-153.00537641805485	0.07711031599241336	0.09035780754439982	0.22220527542506938	6.331915014822929E-4
124000	-3302.1301412695107	-3150.5061014029693	-151.62403986654144	0.05446458066404703	0.10395307516133238	0.11736205385016173	0.001500329007234069
125000	-3304.9021786147005	-3149.8808185937264	-155.02136002097424	0.06252921471236804	0.04329373178637605	0.1426304290842095	5.818016141978619E-4
126000	-3300.615072748991	-3148.980696028156	-151.63437672083498	0.06280446682502447	0.12163953843579133	0.16475280793107322	0.0015210148637469405
127000	-3300.602355552638	-3151.265895657931	-149.33645989470673	0.08950055102345483	0.0973048487932441	0.15149321396065232	7.373200738688108E-4
128000	-3303.0225915832953	-3149.66440566652	-153.35818591677503	0.04751360498986105	0.1419315344946744	0.11947183072411993	0.0010420481903692595
129000	-3301.1953701729417	-3150.877664608363	-150.31770556457874	0.08283146873295665	0.09097191342145323	0.14123614325963607	0.002254410700811163
130000	-3302.495645969691	-3150.574628976377	-151.92101699331414	0.13642146129347055	0.0661593603913239	0.17031903396852693	0.0022463114133935034
131000	-3305.181693085354	-3153.1630327818384	-152.01866030351542	0.06170277969383014	0.12560317851312555	0.09934827845373653	0.002111023265455659
132000	-3302.1098089435113	-3148.582707454755	-153.52710148875641	0.06632359604478139	0.05615402643558683	0.15430729354000078	0.0013609898440527302
133000	-3301.842650325962	-3149.707130011601	-152.13552031436132	0.10244117929234212	0.09344727645425396	0.19834354224841874	0.003170462074123322
134000	-3303.5430982204766	-3152.1954092900432	-151.3476889304332	0.0703155948213873	0.09825784577042795	0.15926696224922526	2.2031370809161312E-4
135000	-3302.0427469372135	-3148.5614992258043	-153.48124771140905	0.052122507679150436	0.11347288995979847	0.1959561753566866	5.110835235052586E-4
136000	-3305.2318043029622	-3147.6339370175106	-157.5978672854515	0.05024477303510548	0.045096671892208416	0.1573559426436046	0.0011786743154859711
137000	-3302.4714954416613	-3150.127657309681	-152.34383813198014	0.059304007094619644	0.06964424446638337	0.11969284832674847	0.0013723952724284632
138000	-3302.4598236475344	-3150.4950915489467	-151.96473209858786	0.09442350437949946	0.10765675651515708	0.18610542860536405	0.0033751253264486356
139000	-3301.3376398419755	-3148.500088814404	-152.8375510275712	0.05003902410540098	0.09138247456437876	0.1490367044989945	0.0011591630164420783
140000	-3303.832753783435	-3150.936537285795	-152.89621649763947	0.06841566238698743	0.07045514983077646	0.14368506848556323	0.002741437361093994
141000	-3302.744753255817	-3150.12515587647	-152.6195973793469	0.15796263885485298	0.09679864126498017	0.2020498405368537	0.002995797395320065
142000	-3302.2834526463257	-3152.147022292501	-150.13643035382466	0.07725366536059106	0.07617690887870818	0.1281197533005577	5.634143157821266E-4
143000	-3304.4006260334354	-3151.3844976930295	-153.01612834040577	0.062365058227163005	0.0686971416505803	0.14157303593856324	0.00282090492591948
144000	-3300.057039793304	-3149.8790018592135	-150.17803793409013	0.1069678223927016	0.1158660117749744	0.1791495560547941	0.0015838911387391834
145000	-3300.2123936081002	-3148.4093681113327	-151.8030254967675	0.0733892537094277	0.09988003119065099	0.19257564581042094	0.0010247591767841221
146000	-3302.211103795227	-3148.4102611326857	-153.80084266254093	0.06430540695863973	0.1867737483494001	0.18853868795910722	0.0011849878668957496
147000	-3301.8528418284627	-3150.3742456901123	-151.47859613835035	0.1407737074308022	0.10024208843289553	0.18932673648460974	0.0016652565894538852
148000	-3309.263871222426	-3150.3136556018994	-158.95021562052685	0.1520122941295264	0.18051394069048168	0.22904986791831197	0.0011066545667414883
149000	-3304.0842441690124	-3152.8474714820068	-151.2367726870055	0.07111379041053065	0.1512754595475249	0.10173782412770832	0.001308413006596259
150000	-3303.327533213652	-3148.3012903722993	-155.0262428413526	0.049048746799059025	0.05552519761364139	0.1381468764584735	0.0010054672544259162
151000	-3303.1107490805807	-3150.5013882251023	-152.60936085547857	0.05520821953093523	0.1740478038199103	0.12240977716651513	6.622527939754842E-4
152000	-3309.9981716723787	-3148.095003981868	-161.9031676905106	0.16450990043412408	0.027958886740000296	0.22940006610311228	0.0014062057139993915
153000	-3302.1135218433005	-3148.4811071381255	-153.63241470517502	0.052423236796150866	0.10234277241736411	0.16553406591819453	6.909873250963812E-4
154000	-3301.3676976977385	-3148.9178369968527	-152.44986070088572	0.052127761380554485	0.11560374750728485	0.1404801058829463	9.624169110166381E-4
155000	-3301.5214395855123	-3148.704522951807	-152.81691663370535	0.06975745439203176	0.07395418192207222	0.17063571512721934	9.614366826391314E-4
156000	-3300.597152141247	-3150.4973563782087	-150.09979576303834	0.10719140690561707	0.13365516197763935	0.1674789732117081	0.0019323245994239569
157000	-3300.291301523045	-3149.0701427529034	-151.22115877014176	0.0709145713470637	0.13725627496128823	0.16958551407445493	0.001481326632536587
158000	-3301.7876725528727	-3148.592309202684	-153.19536335018856	0.04789979210326881	0.08762267467764162	0.15504007822899735	5.982077565932977E-4
159000	-3300.881289890445	-3148.5464417883218	-152.33484810212323	0.05486961801420812	0.08500922663287604	0.15165168508417662	0.0011022772926773713
160000	-3303.558281384005	-3148.451739868484	-155.10654151552117	0.11834811573850083	0.12792546452195713	0.2519803466740905	0.001457923312509458
161000	-3305.1471252418664	-3148.9172525786616	-156.229872663205	0.04347614914086736	0.20714603263231865	0.14302655054947003	0.0011497801543897004
162000	-3308.731525175976	-3152.70705030443	-156.02447487154592	0.04733979881298195	0.06298814276262775	0.07512129285962815	6.57047916275532E-4
163000	-3307.096899053604	-3151.629120480339	-155.46777857326475	0.06141073864568131	0.07229915846231247	0.13826042989514203	3.523379863759854E-4
164000	-3302.2535593309103	-3151.704733498686	-150.54882583222454	0.0840515617273958	0.15749014357204189	0.13003476609721	0.0017120370982506216
165000	-3302.6998611550157	-3150.7327015316364	-151.96715962337927	0.0852954694682202	0.1339648695304158	0.16868286661265974	0.0028753906529424564
166000	-3302.655098492561	-3150.4067576115904	-152.24834088097097	0.05971657458358613	0.07040433796829623	0.12016628757654588	7.783817883588242E-4
167000	-3301.7716931069685	-3147.9163206072044	-153.85537249976414	0.05883825763964686	0.0662031496915505	0.17871801563378847	8.725936381717116E-4
168000	-3301.925559084661	-3148.919003797132	-153.00655528752878	0.11495205719989143	0.08647412262718455	0.205164331192165	0.0016433743104238459
169000	-3306.487346613787	-3153.4331921951753	-153.0541544186115	0.07318539539538771	0.21039235514153315	0.10997447773844068	5.455950568028183E-4
170000	-3300.3140585143715	-3148.4009400624855	-151.91311845188613	0.08227045888191752	0.12158813401615609	0.20658585047206485	0.001460102859432878
171000	-3303.8090509787935	-3152.608360574588	-151.2006904042055	0.06368745737679461	0.0991643540429086	0.09461620857127773	0.001176438625421889
172000	-3301.162724009288	-3149.128834731958	-152.03388927733042	0.07901434923646931	0.11414741483499524	0.18560613956958766	0.0020262871605384986
173000	-3302.547581613475	-3148.6220046289723	-153.9255769845026	0.044608586900351285	0.13131802326382894	0.14713204099250904	0.0011453101099227205
174000	-3303.636365993313	-3150.645379290571	-152.99098670274202	0.04534305213857757	0.1310310768965941	0.10061439444801079	0.0011065115379736935
175000	-3302.836952244059	-3148.595251713888	-154.24170053017107	0.043298931066211604	0.08489355460450204	0.1303846996298139	9.482995459128372E-4
176000	-3301.2574102177637	-3150.408222580139	-150.84918763762465	0.06792605004245521	0.11145322141672612	0.14324031462249784	0.00207452228102803
177000	-3300.6176953766285	-3148.1416145347084	-152.4760808419199	0.06201031367420425	0.09139733984335362	0.18078178871447412	0.001034387022710128
178000	-3305.929049823904	-3150.9736539778323	-154.95539584607167	0.052578049826602295	0.05699478791978853	0.12430101411821091	4.2305655482579744E-4
179000	-3299.872035541748	-3149.467468548414	-150.40456699333396	0.08190012088156125	0.12259662608962195	0.16641234577636305	0.0013241358734351143
180000	-3300.7532977264827	-3150.293779437269	-150.4595182892133	0.1021714697899817	0.13552709387062278	0.1921805752165244	8.169066957847484E-4
181000	-3303.572878006822	-3149.047304858419	-154.52557314840317	0.08894326112423613	0.04305892277170386	0.15752440790884614	0.0015596996556712034
182000	-3303.2562130511733	-3147.9563995878207	-155.29981346335268	0.049616500277201235	0.11516487577529592	0.21013816381540334	0.0013384844283394594
183000	-3300.5402640019847	-3148.5632948487014	-151.9769691532832	0.08181129812356809	0.11641782342801993	0.20419250218771395	0.0018224183549118548
184000	-3302.2404592455086	-3150.483775316894	-151.75668392861445	0.0564776577922128	0.1094142603811684	0.13755402138383035	0.0020244737244678136
185000	-3300.470963105706	-3150.1001266212247	-150.37083648448098	0.0760767302591334	0.12693721524479165	0.14531901377462877	0.0012989591527423946
186000	-3302.3139779047615	-3151.310741552498	-151.00323635226383	0.08240136177698948	0.07581809464442481	0.1771543172416516	3.3411082945286786E-4
187000	-3300.033364299691	-3150.5310726372923	-149.50229166239887	0.10307747761967324	0.11405794746286033	0.16152182393316647	0.0013818302134314569
188000	-3302.2492276711005	-3147.619881046926	-154.62934662417445	0.08447296905062199	0.10183452989992155	0.2562376114559681	0.0015096514239441691
189000	-3301.2838803187137	-3147.882716691426	-153.40116362728742	0.04843657284614911	0.10863186832175946	0.175365252067522	0.001041085095924397
190000	-3300.81794370038	-3148.4313737115326	-152.38656998884736	0.05555023290414057	0.09411453936879295	0.16990381750946348	7.333237253992808E-4
191000	-3307.3181669667624	-3156.974683163994	-150.34348380276816	0.15760701932233834	0.13050641786301767	0.11423518671149013	0.0018971141260865115
192000	-3303.7658667022506	-3149.5322937669034	-154.23357293534698	0.1274128663797529	0.10132315134217547	0.22675561263655641	0.003784544701026918
193000	-3301.5228949148295	-3152.250412727451	-149.2724821873787	0.09893046220177994	0.1318154062353007	0.1591273894997655	4.4902266005604415E-4
194000	-3303.058535885289	-3148.149959380955	-154.908576504334	0.055058148998034157	0.12359397982788921	0.19061510217862204	0.0013389611647016003
195000	-3306.3093892558327	-3147.504299276795	-158.80508997903783	0.0456462260265109	0.036972862726487074	0.14727030284776763	8.089649956203793E-4
196000	-3305.903117306858	-3150.6146057503106	-155.28851155654738	0.07703257555450542	0.11755813130498131	0.1363768969484292	0.0012144085370868005
197000	-3300.462326777239	-3150.7301216011083	-149.73220517613063	0.08666799890545852	0.12670858883572897	0.14588414762507562	0.0017188706428932067
198000	-3300.91740484465	-3151.3854461726996	-149.53195867195	0.11081478125658908	0.1081825765551286	0.1622625880367923	9.531489151677041E-4
199000	-3302.357942534981	-3149.116489307369	-153.24145322761183	0.07481571653247224	0.0532573807562546	0.1537491506644016	0.0010404001201649868
200000	-3301.889064446634	-3149.2871223633533	-152.60194208328085	0.06875893979114177	0.1511587733718195	0.1730910437366065	0.0017710663299451857
201000	-3304.055415835685	-3151.380607343691	-152.67480849199404	0.0716400738268966	0.20712930226270762	0.1423244699152517	5.86321063140239E-4
202000	-3305.1039978152303	-3149.3818584506944	-155.72213936453608	0.08050183044668904	0.043927153260426774	0.14432288009769	0.001637922704350701
203000	-3302.8616911703334	-3150.4957393677087	-152.36595180262464	0.05871401631789968	0.14680592740289336	0.11944945268443867	0.001126672935600872
204000	-3300.8863973999273	-3149.66966788441	-151.2167295155171	0.056158295943183216	0.1117645020997886	0.131382526861097	8.755581510602165E-4
205000	-3300.7865402380235	-3149.882291064238	-150.90424917378567	0.09868492108053191	0.08349702087217308	0.16493656273101717	0.0016344353797781816
206000	-3307.534039016591	-3151.400690369392	-156.13334864719917	0.22978427895852122	0.10463521178249961	0.20630053517481414	0.0043549446586570095
207000	-3300.6178289454087	-3150.769244928383	-149.8485840170254	0.09971818118161595	0.09657182420486646	0.1507532372588648	0.001724713163414573
208000	-3302.130491307916	-3150.8620864864224	-151.26840482149373	0.09264099636712116	0.11456472560146806	0.16087392801506198	0.0028289859123433957
209000	-3303.5307582248233	-3152.3661005655904	-151.16465765923274	0.09765226223481283	0.1723586714633944	0.13103612637225712	0.0012286821762291108
210000	-3304.595781356176	-3153.667750364879	-150.9280309912968	0.07695897043790025	0.13561735528882418	0.13780460805162947	0.003878159843840275
211000	-3304.9842363248513	-3153.5682983228266	-151.41593800202472	0.05946708008633117	0.07604552794064104	0.1408189498569226	7.941364361817231E-5
212000	-3300.005161149027	-3149.869449197111	-150.13571195191616	0.09246620454884719	0.09557221566388147	0.16277914206008715	0.0017697139436725934
213000	-3300.6432109777325	-3149.5489108114307	-151.0943001663019	0.09682899055394432	0.1504910574244738	0.19381485461625556	0.0010765010669233526
214000	-3303.3692543162265	-3148.848016500968	-154.52123781525856	0.046799402896615314	0.1896492695858088	0.14237323546009975	0.0010547695951765874
215000	-3303.835985465136	-3147.248595497201	-156.58738996793505	0.049394222421865704	0.06716082164511362	0.2088568351874151	0.0011711492760042685
216000	-3301.8519520231116	-3151.489276865246	-150.36267515786537	0.08054519940437661	0.12921997273611835	0.12685646625322086	0.0010922292737944657
217000	-3300.6056585287793	-3149.1405593571712	-151.4650991716081	0.08758869829962354	0.09592292248615478	0.1836298476672279	0.002065079824019305
218000	-3306.446998076147	-3149.2044089157894	-157.2425891603577	0.02848535026432258	0.08879951579294844	0.10499151876168164	9.988511792912306E-4
219000	-3300.7832319165286	-3150.1447216881816	-150.638510228347	0.08281158925637012	0.0779901147673884	0.14358055497931185	0.0014025912854324222
220000	-3300.974130030725	-3149.4119062436753	-151.56222378705	0.07188539631233137	0.1360633321123415	0.1673785514125866	0.0017725053279609001
221000	-3302.4879356031724	-3148.8964612692625	-153.59147433390993	0.07573788470582285	0.14485292282736778	0.19074491933385668	9.204605300154859E-4
222000	-3302.7356879541176	-3150.2589116725258	-152.4767762815916	0.06709936963152249	0.17563848920705347	0.14053718588312628	0.0015684362873107601
223000	-3301.5294393777417	-3149.5442820283783	-151.9851573493635	0.10401695702696812	0.12058621756845406	0.20824721558605797	9.401259170741877E-4
224000	-3302.290220403459	-3149.9900516120706	-152.30016879138822	0.07959882848982966	0.059358098271660026	0.14166413018994042	0.0018912165376202253
225000	-3301.1452863306095	-3150.752487759507	-150.39279857110256	0.08397420572122598	0.10896341825248818	0.18513330918469278	4.5450426503551653E-4
226000	-3300.7649264869156	-3149.870983496483	-150.89394299043275	0.07097483409116882	0.13706335222034657	0.15491376502636128	0.001809216618734234
227000	-3306.1428646118593	-3148.849871063138	-157.29299354872126	0.05720244380857267	0.049477236130168314	0.16337399557268079	5.775778840108061E-4
228000	-3302.495055878484	-3151.625586364795	-150.869469513689	0.10763155969036696	0.12332670162870497	0.14616121763577378	0.0016816870775279366
229000	-3300.82968664763	-3150.0357832033665	-150.79390344426326	0.09173786141868627	0.08856844812477613	0.15628238217733426	0.0014765949337376698
230000	-3299.9948152309216	-3149.743154387844	-150.251660843078	0.07832077700180012	0.1193056816282881	0.16888778469564505	8.543266180313439E-4
231000	-3303.1505823171824	-3148.0724734007636	-155.07810891641864	0.03791270009270314	0.10445313748589337	0.16340240221760052	0.001100970842654287
232000	-3306.870827826653	-3150.1700896435104	-156.70073818314256	0.06259184950433767	0.04350026949755842	0.13644222110925025	0.002404141915887005
233000	-3301.329034720924	-3151.5161119433715	-149.81292277755264	0.07489224030845175	0.11493126688555469	0.1192159643718173	0.0013576933984389414
234000	-3300.051205665906	-3149.4154998200715	-150.63570584583442	0.07915565021129686	0.08599586322777238	0.1587837244692273	0.0013829576436527994
235000	-3301.119599565509	-3150.178459196571	-150.9411403689378	0.10347222724724439	0.0715207846052819	0.15886877303802974	0.0019696282525151322
236000	-3302.433650951809	-3150.6831363367087	-151.75051461510031	0.08097734957425254	0.10906430294701637	0.18414310661183925	0.0032194585143082172
237000	-3300.5703246517264	-3150.11279513079	-150.45752952093656	0.07232682114840938	0.08931266361417244	0.13679902358543364	0.0011790124061262523
238000	-3301.6212496191474	-3150.9133742288477	-150.70787539029988	0.06387322215028951	0.1396018183746678	0.11905072948152898	0.001128716767000497
239000	-3302.6217985447097	-3149.1287488444386	-153.4930497002711	0.039994824782165914	0.12687903111634424	0.133050960561527	4.741085247780538E-4
240000	-3303.6629008856016	-3153.9964123008517	-149.66648858474997	0.08865289932824878	0.09250651631864273	0.10235235587971812	0.0010249546454810232
241000	-3300.516200313419	-3148.854681919969	-151.66151839344997	0.07806959830733555	0.09035304531902165	0.194319360363753	8.265293689393716E-4
242000	-3301.5749238000726	-3149.591692611537	-151.98323118853577	0.08959975409464076	0.1525247231834442	0.17569963846927728	0.0013746126928495435
243000	-3302.3261074777374	-3150.328386252225	-151.99772122551258	0.0925739257382726	0.059181377651462544	0.14544344170648105	0.001340176562467143
244000	-3301.65535582211	-3148.2028555958836	-153.45250022622602	0.05159973288874537	0.10992540892217731	0.1892669442581627	6.062889320795541E-4
245000	-3301.3603392191403	-3148.2244466431966	-153.13589257594353	0.09555633986521461	0.10003333375806847	0.23851596291820065	0.0010948661896725061
246000	-3301.0379549449603	-3148.7406340384214	-152.29732090653914	0.05611457694963808	0.14015618761445536	0.15637595804711502	9.125003999363421E-4
247000	-3303.474077486858	-3154.01138969329	-149.4626877935681	0.10739134848798897	0.07279716120002402	0.12352152013130524	4.6301112434168223E-4
248000	-3301.440107978351	-3151.6681319934005	-149.77197598495044	0.11950324638208798	0.12057748418413428	0.15517867943213887	0.0023682392219420887
249000	-3302.222409244549	-3150.2919451007037	-151.93046414384511	0.06938228650380002	0.16201574423146783	0.15027589350112167	0.0019403849795970377
250000	-3301.322728067419	-3150.4407474343293	-150.88198063308974	0.11609157213062343	0.12286838413988749	0.18149593832363645	0.0028070466981233487
251000	-3303.5949971216237	-3148.398206493853	-155.1967906277706	0.04939976908099735	0.05476900444531025	0.13930440122125798	7.850339224210067E-4
252000	-3301.5430189190015	-3151.694511914888	-149.84850700411326	0.08770920491096716	0.09432070567423481	0.1362998946970019	8.188622848413539E-4
253000	-3305.033640547784	-3150.649031572235	-154.38460897554933	0.05380054455898719	0.05441915155407254	0.11306163336059007	5.729700320045415E-4
254000	-3303.0499809383377	-3149.570521932886	-153.4794590054516	0.05286645912725409	0.07724422248842047	0.12882869065301442	0.0014818010223684708
255000	-3301.4533068977394	-3149.9796074704354	-151.47369942730387	0.05533969023433948	0.10342112835499605	0.12430145633090262	0.001339209227840445
256000	-3301.337268668089	-3149.2001603935714	-152.13710827451777	0.06781388955732795	0.09385617065483198	0.16617720987097992	0.0018858835994899107
257000	-3301.212436030882	-3147.751503986207	-153.46093204467522	0.07320233894627577	0.07365855638813096	0.20486961942426005	0.001403319919570479
258000	-3301.080895337355	-3148.501759638698	-152.57913569865707	0.062909612171026	0.11141121340640087	0.1744428731132086	9.3820722539913E-4
259000	-3301.887654768771	-3148.071144519253	-153.81651024951833	0.09033790984035968	0.10083093916720327	0.24981140423769488	9.964498256502452E-4
260000	-3302.063530393344	-3153.163749379343	-148.89978101400152	0.11250356919740735	0.09194150453558655	0.1453703833234531	4.280379794096246E-4
261000	-3300.608499305069	-3149.5713636581772	-151.03713564689158	0.10018534203127813	0.09441570767461491	0.19519132505993564	9.497455364065235E-4
262000	-3300.8667771373593	-3150.038631693602	-150.8281454437573	0.10332048642260373	0.10610091277618182	0.1810916094539742	0.0027319811262153794
263000	-3301.814009125479	-3148.71969352322	-153.09431560225917	0.06859127323030487	0.06508526283840405	0.16218304886498272	0.001667777676175366
264000	-3302.041722874329	-3150.001771205274	-152.03995166905517	0.057409309816690596	0.10338622008345569	0.15201650064555428	0.0020514331922795543
265000	-3301.66830668736	-3149.548563059264	-152.11974362809627	0.0647199179227227	0.08372014219707703	0.15645865666460024	0.0020372826276789002
266000	-3300.357095486143	-3149.598122114317	-150.75897337182582	0.10684739925399149	0.08687567827989494	0.1871871895047582	0.001232058520630384
267000	-3299.9489598591645	-3148.7032820712734	-151.24567778789114	0.06755811965444364	0.10434163765226215	0.17016371689315546	0.0012701490814244149
268000	-3301.5251065645907	-3149.0861877228326	-152.43891884175827	0.06787633023209302	0.08366191304832156	0.1721884979936623	0.0020262062724274586
269000	-3300.9314073200003	-3149.9778544189444	-150.95355290105573	0.05885306707521158	0.09957123391596408	0.13637003342390353	6.874236865989302E-4
270000	-3300.6456613973373	-3149.069450499109	-151.5762108982285	0.07177581365903495	0.1300566384403372	0.17381922063961683	0.0016270226081536061
271000	-3300.7102898743233	-3148.469828406229	-152.240461468094	0.10154849524698886	0.11538209838109148	0.22158026565843741	0.0016510713262626714
272000	-3304.823506289674	-3148.382648399146	-156.44085789052787	0.05202177595944997	0.12373283868240237	0.2430086663535604	0.0015639618847141869
273000	-3300.63088696404	-3149.694073557561	-150.9368134064795	0.06283556333968628	0.1296048757842216	0.14153854979440078	0.0013910808010212993
274000	-3305.6162483210232	-3146.796952298065	-158.81929602295807	0.0865655891312212	0.05349334107576827	0.27580988573940074	0.0015470010587169958
275000	-3300.2749206102353	-3150.169533464011	-150.10538714622473	0.09704535579971205	0.12242592474839165	0.16485473349139418	0.0013969343206764154
276000	-3304.5580098095325	-3148.525401025133	-156.0326087843994	0.06707704995259692	0.04364438973570679	0.18771839422536957	6.297518114909967E-4
277000	-3302.966496739729	-3150.4182837034964	-152.5482130362324	0.0664101223354497	0.07922316367396945	0.12372161505305272	0.001312527786912192
278000	-3302.7381779476696	-3148.4471196305694	-154.29105831710027	0.09176328420659544	0.0917856639877408	0.21988420205186932	0.0022616528022892874
279000	-3300.2247997382588	-3149.625573327287	-150.5992264109719	0.07893348647664339	0.1264742641380502	0.18021783918211906	7.800115871607736E-4
280000	-3304.416455469075	-3152.5083957065654	-151.90805976250968	0.08323411535061723	0.10923339570517025	0.11542808786743824	0.001015478685266988
281000	-3300.342559153818	-3148.9756643723567	-151.36689478146138	0.0712031669806265	0.07953894562170084	0.1647728439423748	9.740487494815963E-4
282000	-3302.541791826233	-3149.173149296585	-153.368642529648	0.052614783853210674	0.16463087928099238	0.14768506845920168	0.0013291418537199192
283000	-3301.3777460532283	-3151.6007976908263	-149.7769483624019	0.10271213199408305	0.12006267671223983	0.1839872880165482	3.921530159465017E-4
284000	-3300.4456744726085	-3150.879509914858	-149.56616455775057	0.08353413858545752	0.1208879780822889	0.13874774561251219	0.0014727670506139738
285000	-3301.5097127489475	-3150.2709709188366	-151.2387418301109	0.07693809249120252	0.06585366831852202	0.136095419791031	0.001041151798103313
286000	-3303.603996504182	-3150.0363603097353	-153.56763619444655	0.06847396881379758	0.18703128565116106	0.14392395136004574	0.0013032473879534428
287000	-3300.2475732411367	-3148.5546458381264	-151.69292740301012	0.08669274516259182	0.10308692423229014	0.2089578906666178	0.0010513936024290284
288000	-3299.9783198593823	-3148.6845373361534	-151.29378252322866	0.07314630545437685	0.10951545625346136	0.17913156286056975	0.0014359271893253835
289000	-3302.574038110908	-3148.289054374536	-154.2849837363721	0.04618552253481655	0.13987905673826415	0.15666108723139882	0.001028560933964927
290000	-3301.647959226739	-3150.565971602383	-151.08198762435623	0.06991481960865793	0.08562394738343392	0.14552709237876066	6.373543570468606E-4
291000	-3301.805653330848	-3150.8115029998035	-150.9941503310447	0.06982298069201247	0.14985109956752393	0.1593064704108085	5.116245825212163E-4
292000	-3305.331070496384	-3148.1792477119607	-157.15182278442376	0.03421418430502954	0.07025734891069937	0.12498716579135392	9.114945084317388E-4
293000	-3302.311190002025	-3150.824578513609	-151.48661148841578	0.054034592954436064	0.1015613470479272	0.1056121820213856	8.891323929555767E-4
294000	-3300.841228241591	-3150.5303715710397	-150.31085667055143	0.11770761969587712	0.12029034469993276	0.17303676210162844	0.0015784180452133496
295000	-3300.5207431682406	-3148.4248113570443	-152.09593181119638	0.056974043265540376	0.13086337709738788	0.16909873516744792	0.0010151581109559488
296000	-3305.6162001100124	-3148.081083815623	-157.53511629438918	0.05253616719973262	0.04033644629637644	0.15560901565797133	6.896823936487062E-4
297000	-3305.104904180364	-3148.4400269351404	-156.66487724522352	0.05766194486430364	0.04130074161530818	0.1422659394671496	0.001455334834506518
298000	-3300.207792783173	-3149.726795118178	-150.48099766499504	0.07041968462002139	0.11331054529133429	0.14722790899535448	0.0014694994775130412
299000	-3301.677380007465	-3148.1623732824382	-153.51500672502684	0.0845531371466357	0.0866155927803094	0.20886450181489885	0.001700112692390431
300000	-3302.8912868988277	-3151.437019481776	-151.4542674170516	0.12043312183926244	0.17990749925643193	0.16527146777875937	0.0023675032307759656
301000	-3300.604371657026	-3149.561209540696	-151.0431621163301	0.09601567741307336	0.0952580510771657	0.1750337866059914	0.0014051234757267881
302000	-3300.8541606337008	-3148.1909401504145	-152.6632204832864	0.0650739752928076	0.1091063465725499	0.19208433491982754	0.0013789775109385668
303000	-3303.8358965863554	-3153.5071557033143	-150.32874088304115	0.07805023254516351	0.16827880944467158	0.14388826912868244	1.3492512044968976E-4
304000	-3300.8515752966664	-3150.345760263363	-150.50581503330324	0.10651204016867274	0.13782296901599994	0.17475577327398928	0.0022810132131256913
305000	-3303.207000366481	-3150.469478848493	-152.73752151798806	0.11830075991110806	0.17571325352318912	0.22031310340292296	6.299978400780838E-4
306000	-3302.796786771135	-3147.8130187816205	-154.98376798951458	0.05653066713594413	0.08095359522092707	0.1804592000047036	0.0010152557071354072
307000	-3302.8748810094066	-3150.265427256858	-152.60945375254875	0.05660065010366641	0.1380644041744164	0.1333882487548165	6.245035841242122E-4
308000	-3301.3226490668903	-3150.160159475521	-151.16248959136897	0.10509374309379357	0.0899762437651152	0.17104027885482134	0.0012278352684463576
309000	-3303.031817150665	-3149.8185616659057	-153.21325548475954	0.0755127459094456	0.20704427911857679	0.15828174153442	0.001401287764996787
310000	-3300.1284806429417	-3150.0492186156953	-150.07926202724633	0.07456653654329873	0.13002277108534627	0.14977518076958313	9.552829938686648E-4
311000	-3302.570709921353	-3149.5161055494596	-153.05460437189316	0.07299698152170286	0.06882722971246423	0.1466771455329175	0.0016365642511250065
312000	-3303.8596214693875	-3147.7867809689874	-156.07284050040033	0.04955198425248311	0.08756231191153933	0.17201845913504715	9.79309631280676E-4
313000	-3300.4744141838373	-3149.786617183504	-150.68779700033355	0.08605608681815449	0.12195160344899018	0.16821418532157575	0.001958186794530478
314000	-3301.259818719813	-3150.205524302597	-151.05429441721625	0.08053986819710451	0.09776995383077386	0.15880061046777097	0.0024055496121628203
315000	-3301.809139228126	-3148.0802045767023	-153.72893465142343	0.04404198920103349	0.12835379561587174	0.1561750109015156	9.184516866282381E-4
316000	-3302.331794958352	-3151.3879386964772	-150.9438562618749	0.07436535082306163	0.08120859553398654	0.1166889965059719	0.001196121320906356
317000	-3305.2945516873365	-3152.12365934046	-153.17089234687657	0.08124186586180472	0.09200392943820028	0.15373055617866202	0.0036968180840409393
318000	-3300.664035209415	-3151.3894371405645	-149.27459806885034	0.09961177992444643	0.13501635590334593	0.14412419258465212	0.0014969970462443386
319000	-3302.500626806467	-3147.672013052336	-154.82861375413128	0.0486249029110026	0.0759290819355052	0.18312220107829	0.0012106766482552526
320000	-3299.867757621687	-3149.856117034408	-150.01164058727906	0.08248489750103395	0.12286224722634384	0.15798520788139633	0.0014746032461394369
321000	-3303.3771991187546	-3148.707984465759	-154.6692146529954	0.10363060427093106	0.10625587125494927	0.22025221322928998	0.002325910786560137
322000	-3301.4611431998574	-3151.059739924449	-150.4014032754086	0.10773303474271768	0.11769424642373137	0.15440400693626444	0.0016067780636672994
323000	-3304.117253230463	-3152.4564357765657	-151.6608174538973	0.05766862246242603	0.10263257417915882	0.09624155097110251	0.0016703798095710986
324000	-3304.0807431406133	-3148.292699132273	-155.78804400834028	0.03523869713495057	0.13231225844563108	0.12754888215299104	6.771157171002432E-4
325000	-3300.6167214025077	-3148.3883314760983	-152.2283899264095	0.07685704285923232	0.08154293563294317	0.1949171214083049	0.0010063894807137736
326000	-3304.013011741278	-3154.7820531719244	-149.23095856935402	0.08906048792142959	0.08926320729749544	0.1289770241066896	1.794563870741444E-6
327000	-3300.9029799867067	-3151.1519130812753	-149.75106690543137	0.09103252312175077	0.09581479414070805	0.13727463673076354	0.001577534999696437
328000	-3300.389577434653	-3148.4541950122557	-151.93538242239737	0.07900834269526809	0.11630043961551469	0.19805432172765086	0.0015185907265938372
329000	-3302.792738942943	-3149.066101124538	-153.72663781840498	0.09517947424562813	0.11721490361589099	0.25694317626220453	6.187688204029893E-4
330000	-3300.2922363129724	-3148.4947588365003	-151.79747747647215	0.09455171714588312	0.10128690125483435	0.20840242274893458	0.001690091982209047
331000	-3302.790704673988	-3149.5792018327143	-153.21150284127364	0.07987218502414871	0.19606954293306253	0.178710953344654	0.0018832300761422783
332000	-3302.317078710108	-3149.315756746225	-153.0013219638832	0.05956349234733247	0.09143364964898414	0.1463313878346078	0.001583160005747748
333000	-3302.272051134467	-3147.7634639153594	-154.50858721910743	0.0764709922031145	0.05688766990731702	0.19542458188987213	0.0015353194977095282
334000	-3301.047407817804	-3151.1482245855723	-149.8991832322318	0.08382326194437155	0.10480052047251472	0.13939218134706582	0.002247365869745789
335000	-3301.44838100779	-3149.5516896189006	-151.8966913888894	0.09380581866356592	0.10279011737073913	0.17874121856622727	0.002176906077282752
336000	-3300.4693068165025	-3151.0291750435267	-149.44013177297586	0.0988367316549395	0.12716067788020774	0.15199675737016113	0.0012264007252984705
337000	-3302.0237995634698	-3150.556318137809	-151.46748142566082	0.08992224013408832	0.06963213836191322	0.15182046182935682	9.288912487674728E-4
338000	-3302.221206685195	-3148.0027600255944	-154.2184466596006	0.061791449480961796	0.059242304104430814	0.17164545080007	0.0014033361264394438
339000	-3303.405726599076	-3150.4128741124828	-152.992852486593	0.10502791713836944	0.07902990186837551	0.19065570074791918	6.906788889762209E-4
340000	-3300.226344455439	-3150.3538185934904	-149.87252586194884	0.1011880991037691	0.13627435498569004	0.1657970501896325	0.001452057478070287
341000	-3301.9477697099883	-3153.0805788333582	-148.86719087663	0.11974273203058587	0.09615937813876378	0.14678897191161552	5.504972208669568E-4
342000	-3303.6032952611567	-3152.2278743129027	-151.3754209482542	0.1279737841794727	0.126054819075844	0.1575087566203988	0.0032896856553478876
343000	-3306.926336802276	-3150.198990948649	-156.7273458536268	0.0417423263423318	0.2162902019158284	0.11510150015102807	0.0013062421676354504
344000	-3301.0040225284642	-3148.054143920523	-152.949878607941	0.09259701791786833	0.1042580684030185	0.2332412730070393	0.0013652343457227587
345000	-3302.726832954	-3151.4678466271325	-151.25898632686756	0.10227604733361786	0.06966850351805412	0.14436611785867404	0.0029574254236628206
346000	-3302.3928621607647	-3148.0508925121894	-154.34196964857534	0.08514310914131096	0.05993058275154068	0.20443797538321395	0.0011135171135634384
347000	-3302.361658680869	-3148.8856848771215	-153.47597380374742	0.06726805568018	0.11570141488917181	0.20621595926145408	0.002064781476211818
348000	-3301.865107744687	-3149.0113893288503	-152.85371841583685	0.05671467186345936	0.10790655194517022	0.15284410837939724	0.001443707369392948
349000	-3301.0736037354573	-3147.7577828937206	-153.31582084173664	0.06564845982194664	0.11190139452130927	0.2169023410784947	0.001162134682831027
350000	-3302.823463660801	-3147.590822815725	-155.23264084507576	0.05127243134996334	0.06165484310339085	0.1788078689273795	7.917756315104729E-4
351000	-3300.7892046049733	-3151.740845449766	-149.0483591552075	0.11363277699827092	0.10448745869420333	0.155225183570877	0.0010040596344625056
352000	-3301.1119675243135	-3149.1276523993856	-151.98431512492792	0.05314813358785331	0.09108308061083538	0.13448469357246456	0.0010626731524499323
353000	-3301.9967997980866	-3150.5288293711446	-151.46797042694183	0.10699638555331883	0.06608293696864762	0.15308205183603166	0.0016134995501639446
354000	-3301.2503084469363	-3149.3165005820083	-151.93380786492816	0.09564143652894119	0.09680787292949099	0.1991973464600635	9.444498226983301E-4
355000	-3301.934969823092	-3151.261471725441	-150.6734980976511	0.0876332080979292	0.1583927694179382	0.13788520300401397	0.0013161859765170752
356000	-3301.2287540287493	-3149.357674087955	-151.87107994079471	0.12421159061805086	0.09660386442361961	0.21629671278674648	0.0012256120942656062
357000	-3301.870441341262	-3151.1849076648687	-150.68553367639342	0.07851764224127857	0.1063954316114179	0.12813364855045484	0.0010510630784664767
358000	-3300.4583905286418	-3150.3290485786633	-150.12934194997842	0.07965289160601462	0.10446634328472049	0.1443759894408419	0.001680620984771166
359000	-3303.914096771413	-3150.109862787686	-153.80423398372704	0.060219310475748876	0.056985271598392714	0.11674663061504607	0.0010679371139596737
360000	-3301.8922546612657	-3149.0263763809376	-152.86587828032825	0.05617796327202932	0.08075340349602891	0.14585043271172732	0.001488196500699939
361000	-3301.9554995839385	-3150.1140592200722	-151.84144036386616	0.08707440128435395	0.08509463175649258	0.17854246637992643	0.003042526202707039
362000	-3304.3105450053517	-3149.4747573869245	-154.83578761842736	0.050449757958627175	0.09463960291388097	0.14238814906586544	0.0016443620252764714
363000	-3301.906794175856	-3149.7739504811216	-152.1328436947343	0.06538276715869618	0.06691293308830984	0.130587270743543	0.0011266170776802215
364000	-3303.7271192761254	-3152.220612750368	-151.50650652575706	0.06377212508837359	0.091010097838004	0.10626441583964633	0.0019943283729094634
365000	-3301.0993381340163	-3148.1188217941394	-152.98051633987694	0.062105556775164036	0.09326957663749086	0.203026036892387	7.32256681989836E-4
366000	-3301.9739991920974	-3150.667603634154	-151.30639555794338	0.11721712023197783	0.06536836592419308	0.16070463760322745	0.0014202057144681122
367000	-3300.239081065281	-3149.4308700928595	-150.80821097242125	0.07150203369071402	0.09010781347452157	0.1632337169052163	8.24486138076268E-4
368000	-3300.5405642235596	-3151.287039747156	-149.25352447640347	0.09938369671336592	0.1201998827273503	0.1622085650225815	7.893020178474656E-4
369000	-3302.9251405748614	-3150.315083170702	-152.6100574041591	0.09013159281824969	0.19727303352385805	0.16550287870239966	0.001077069549128531
370000	-3302.88878388535	-3148.1157489541156	-154.77303493123452	0.12890589221454388	0.09220700962369771	0.254664743431364	0.002240239485877009
371000	-3303.277216262157	-3154.1230148678587	-149.15420139429827	0.12626192042906087	0.09776005639583632	0.13596691736785427	3.184435320745903E-4
372000	-3305.94221038881	-3155.030749122944	-150.91146126586594	0.07589005109209167	0.15543306173714264	0.10582555178323574	1.527124476597399E-4
373000	-3302.1681842359426	-3150.145982707291	-152.02220152865158	0.1206953608961076	0.1555680498145083	0.1977513453129225	0.0012384378586443607
374000	-3302.1597875077086	-3149.338606463909	-152.82118104379958	0.06986034599517521	0.0734354967593683	0.14766738127923051	0.0011454144247451039
375000	-3300.268839771751	-3150.007909337132	-150.2609304346191	0.08947719759229657	0.11184059645337743	0.15966950003080796	0.0013661972231120026
376000	-3304.243257595753	-3150.0441618651644	-154.19909573058897	0.055916310254695616	0.06526539591581619	0.1487310880962727	0.002226802623920153
377000	-3301.5984978313186	-3149.9862001326383	-151.6122976986803	0.06252820890012596	0.11836106548942277	0.1417564939732117	0.0017311984933588234
378000	-3301.6313778950075	-3148.346736177703	-153.28464171730445	0.06038638127917172	0.17017712825666007	0.18486377929347259	0.0010105636043575873
379000	-3301.3809706828456	-3148.53987140656	-152.8410992762858	0.09205561501092868	0.10920715638520442	0.2078314482492213	0.0016212309339600577
380000	-3300.247521653646	-3149.400453980821	-150.84706767282478	0.08944884095877118	0.11094416034095098	0.18033339659110523	0.0011656377550747776
381000	-3300.7730814505426	-3148.8033660973024	-151.9697153532401	0.07744605482114801	0.1331445380509854	0.1877564807314998	0.0015709711851850296
382000	-3302.2570581609575	-3151.4310384850423	-150.82601967591515	0.05626008087084813	0.11104656059505776	0.11125076434024252	5.79441200427892E-4
383000	-3301.1438143536893	-3149.1438797491146	-151.99993460457475	0.057760009016850786	0.08062019462821833	0.14557095761285269	7.652804529205223E-4
384000	-3301.548614121444	-3149.1576779695333	-152.3909361519111	0.080282819937408	0.0867869518762422	0.1684489443519996	0.0017120710264986931
385000	-3307.6410853954767	-3148.874204337206	-158.76688105827097	0.025835175917251176	0.09722759954195208	0.15604598409093845	0.001025095377501933
386000	-3301.8179609845074	-3150.5941590114885	-151.2238019730189	0.05764978101787772	0.1408972846181046	0.11532831543307831	0.0010601611264634825
387000	-3304.0808148780998	-3147.7509686503827	-156.32984622771696	0.030222623314356056	0.11776051599482815	0.1344129677907549	5.686963502248345E-4
388000	-3305.3565798123814	-3149.682595706255	-155.67398410612643	0.09948406030032124	0.04640924110158564	0.15721622664200088	0.002195046474570025
389000	-3300.7409630168445	-3148.2459375393482	-152.49502547749634	0.08068584769871649	0.07941508488503193	0.20297857876094755	0.0010615760411026628
390000	-3301.865198541035	-3151.498699101201	-150.36649943983434	0.08373467603972705	0.12991533520189452	0.13183258406140017	0.0018303037808220749
391000	-3303.1563986829524	-3149.7776835624854	-153.37871512046706	0.0772532185248091	0.11788213029213905	0.21389302425041193	0.002810170488844981
392000	-3303.158036714834	-3151.618216635502	-151.53982007933203	0.08812011448446444	0.0610896362918074	0.12311677649961073	0.001197754841779928
393000	-3300.333233754375	-3149.9538001578067	-150.3794335965684	0.10364784561847135	0.12507787796107223	0.17812279668542638	0.001318065179708001
394000	-3302.0429488809136	-3149.019380123337	-153.02356875757638	0.048615226858625044	0.1324632172313777	0.13488385599707087	7.925316851524004E-4
395000	-3306.3578948275467	-3147.3718178522054	-158.98607697534138	0.09945232467804871	0.05309989190442915	0.2786481864426745	0.0010084562879367704
396000	-3302.8913426644986	-3147.387636783395	-155.50370588110331	0.038503980160517336	0.09253973585525066	0.17421769882265967	8.388361312614673E-4
397000	-3301.091624776447	-3149.9392068207353	-151.1524179557118	0.07281080531849206	0.09200614390906166	0.14050540526685107	0.0012350761145073527
398000	-3301.8917938949435	-3148.7534062837167	-153.13838761122668	0.059428434583363256	0.0982941823515636	0.16461719225547738	0.0015200381706160363
399000	-3303.492737740634	-3151.887865266528	-151.60487247410595	0.05783432179600496	0.12689165947229852	0.1004331015786568	7.217787713493644E-4
400000	-3301.252617410592	-3149.5568234705866	-151.6957939400056	0.056960842273549174	0.14016216606259466	0.16037651520836513	5.654718708201909E-4
401000	-3302.750951545561	-3154.6350162688645	-148.11593527669612	0.09894315103487399	0.11460987193511284	0.11685510704347105	2.942523857364811E-4
402000	-3303.142481986637	-3148.9400989322608	-154.20238305437627	0.04108969903909313	0.07720159608391858	0.13811990007523592	4.6757079051830706E-4
403000	-3304.668521999362	-3148.495187548115	-156.1733344512466	0.12206113961175583	0.045180263607235975	0.204975589301412	0.0028782350647565177
404000	-3300.276210208575	-3148.370154946623	-151.90605526195148	0.09382120030177057	0.09250234874155464	0.2085135997695568	0.0015040138755961913
405000	-3301.367247165999	-3151.5629588311203	-149.80428833487844	0.09005420588755206	0.08165233369375781	0.13906704574893616	8.312223434235286E-4
406000	-3300.1512966126984	-3150.3258674358094	-149.8254291768888	0.10183784451647354	0.08998917379242344	0.16191723466516184	0.0012958328454260274
407000	-3301.882111395155	-3150.027335073907	-151.8547763212476	0.13330335833631804	0.0704381750667132	0.18844344174082675	0.0013994243330246068
408000	-3304.944405675725	-3150.7129498448403	-154.2314558308847	0.061135177512957196	0.06975070995622139	0.12802930042213836	0.0021832858517911984
409000	-3302.9372376638958	-3147.761087147414	-155.17615051648195	0.08869987822752382	0.06337408514806465	0.2257266075494579	0.0011236491447207308
410000	-3304.472237478762	-3152.71111160171	-151.7611258770519	0.09119941068301124	0.09711472849814103	0.14605736355907364	3.6327461656750063E-4
411000	-3302.8497523481583	-3152.932328935554	-149.91742341260436	0.15438798797493966	0.13508133224713847	0.17668869668057666	2.5475698651305985E-4
412000	-3309.123492679932	-3148.2251463496423	-160.89834633028985	0.04631311881977416	0.03579756655626731	0.1721466450566063	4.5448642664789555E-4
413000	-3301.518915535257	-3150.4449953518965	-151.07392018336026	0.08618676356446346	0.07868257107087123	0.1520792091340033	0.0025105806487323804
414000	-3300.469170203364	-3150.59298898405	-149.87618121931374	0.07542373292244033	0.0951474484763414	0.13171281535087007	0.0012064929739853336
415000	-3300.3870795982357	-3150.510451765468	-149.87662783276747	0.0891812781109362	0.10217701530728447	0.1471139483475265	0.0015320160870569692
416000	-3302.703834722536	-3149.3032357030283	-153.40059901950767	0.1021396016601249	0.09508674106183274	0.1957401059987596	0.0011372739646963394
417000	-3301.564474077474	-3147.8319009201496	-153.73257315732465	0.08625264532873349	0.07664481815696374	0.22349017144696148	0.00179069986075408
418000	-3301.9554543061404	-3148.103907581207	-153.85154672493357	0.04797496533490839	0.08322764204870187	0.16559696602820553	0.0012457378634072066
419000	-3301.7514771496067	-3148.0186569969483	-153.73282015265852	0.05832835949764912	0.0750722038045687	0.18198883971916552	0.0014541598216139128
420000	-3302.528813550548	-3149.4239741583065	-153.1048393922415	0.11398039646192591	0.06590808087285163	0.18580510545369677	0.0027011057106541307
421000	-3301.9528522614596	-3153.4103925534323	-148.54245970802748	0.10048224070637252	0.09830892473038542	0.12528596904225708	6.93451705868583E-4
422000	-3301.0052834959065	-3148.6740266378274	-152.33125685807903	0.06058638829193539	0.15425062130145675	0.17721037296174902	7.76701357801639E-4
423000	-3304.6386276799153	-3148.322968114427	-156.3156595654884	0.06666747330380464	0.04660123449378084	0.18560117376653015	0.002184484902459214
424000	-3303.095480774707	-3151.063502459253	-152.03197831545404	0.08429369840589604	0.13224075304248933	0.14508032247734617	0.002251685955209573
425000	-3301.740770362256	-3148.7187619651254	-153.0220083971309	0.09397881675595302	0.06193292687898045	0.18126448792898334	0.0017980157384454585
426000	-3302.014904086356	-3148.785377948468	-153.22952613788829	0.05215177750607316	0.07984541450220932	0.15415109216229225	0.0015359012971716296
427000	-3300.6182670100206	-3148.445674065257	-152.17259294476327	0.09246247201689745	0.11805422287979196	0.21582771960924899	0.0016367146687830058
428000	-3303.4539653217976	-3150.5464586195903	-152.9075067022071	0.05481386736238035	0.07901339588386788	0.13148343826867662	0.0020812742833021536
429000	-3300.8016993010756	-3150.133507391229	-150.66819190984657	0.09891328540918444	0.10817734377885466	0.1650617273847574	0.001643727767011729
430000	-3302.0940604685347	-3151.4674786303353	-150.62658183819917	0.07494470242329994	0.07642406985207777	0.15470515440337262	4.025176406605063E-4
431000	-3303.838569726792	-3152.108280520251	-151.73028920654087	0.08566629975533227	0.058243201841305665	0.11395958894893457	0.0016250643551151919
432000	-3302.3490253124733	-3150.262667052941	-152.0863582595322	0.11816236549533111	0.08431489595893785	0.17276880286142227	0.0016133655011499823
433000	-3301.0007764651314	-3151.202771026008	-149.7980054391234	0.08157234351921894	0.11917005638779413	0.15844371872562732	5.659689869227407E-4
434000	-3301.5837969850886	-3150.2432334179766	-151.34056356711199	0.06059498872449771	0.09011063946853906	0.12147293455556059	0.0012402415811113487
435000	-3303.86947009789	-3155.157654112302	-148.7118159855875	0.09000181545636658	0.1202014075088351	0.0994467285284448	5.346557607308565E-4
436000	-3304.8476408873303	-3153.3282443858907	-151.51939650143945	0.08976414522208455	0.17375763944912856	0.11253179354515351	0.0014427358985419161
437000	-3304.6730084757396	-3153.343296197485	-151.32971227825468	0.06658835757270465	0.10245523689729216	0.16101232751395753	4.3702587542529904E-5
438000	-3300.8934429208466	-3148.3751580105964	-152.51828491025026	0.07152909992361628	0.0792284535056262	0.1839383955017135	0.0010017401574572782
439000	-3304.2792482155355	-3150.2268913424437	-154.05235687309198	0.09167520120735452	0.0585034709106599	0.17028648729244192	0.003320083518672814
440000	-3301.4989817540845	-3150.8871518743313	-150.61182987975303	0.10384324761522716	0.15811932294336964	0.17155551290104418	9.390963034382003E-4
441000	-3303.1101043052345	-3151.5008452133443	-151.6092590918901	0.12698613796345978	0.12693638499477175	0.2024298387007795	4.0440017473295485E-4
442000	-3309.557726694548	-3153.4177610236084	-156.13996567093946	0.07064834441624537	0.16365740247167135	0.14730923205087904	1.0508653657369203E-4
443000	-3300.6085165312143	-3150.387213259148	-150.22130327206622	0.0686733923905292	0.10053773822982735	0.1301261346896588	0.0011327703065129153
444000	-3301.046194088962	-3148.966644327427	-152.0795497615349	0.07856787428960905	0.0870438725822729	0.1869441598657255	8.683876091797201E-4
445000	-3304.3909170792567	-3150.9498594951046	-153.44105758415193	0.08010389477469369	0.048294272111900884	0.125106009222881	9.83111489454373E-4
446000	-3302.410319498867	-3148.5809998962072	-153.82931960265967	0.054288465884892924	0.07095346036406226	0.15807325301092817	6.874546022041539E-4
447000	-3300.8807959915557	-3147.9865207334988	-152.89427525805678	0.06177461493179421	0.10656497459833096	0.19176528066527473	0.0012135979936517777
448000	-3303.130149816367	-3154.70648502875	-148.4236647876169	0.09441457714621276	0.11310153148493554	0.11359748676268504	2.867725153965858E-4
449000	-3300.581279002075	-3149.8873421156254	-150.6939368864497	0.06157065570184682	0.10336094577651583	0.13115779756250104	0.0010317048806982993
450000	-3302.000176626498	-3148.949937265639	-153.05023936085902	0.07297424588641198	0.07193853523547539	0.16148522415903815	0.0010853420945512778
451000	-3302.2379931911833	-3149.1161503943363	-153.12184279684703	0.08936651647947251	0.1559078708787837	0.21638711631175883	0.0023368199795433474
452000	-3301.621206592396	-3148.235886487531	-153.38532010486486	0.04920826058478246	0.15410602199719475	0.16367619170313846	9.501969778750915E-4
453000	-3300.082616272178	-3149.947734617421	-150.1348816547571	0.08197920281304828	0.13326348129391674	0.15635486256105205	0.0013400265658171148
454000	-3304.1592003366113	-3149.3354468437046	-154.82375349290663	0.05479952880078607	0.1698509785816962	0.1903445503765571	0.0018448421521028453
455000	-3301.5756968131245	-3148.548437158788	-153.02725965433638	0.06311644080431304	0.09656849791043197	0.20926691857959448	5.959165187614541E-4
456000	-3301.3134276770447	-3148.9060737380278	-152.40735393901704	0.11654606111971283	0.12999844361650412	0.22242658648827254	0.0020316273156165197
457000	-3303.5170362064023	-3148.8896711072716	-154.62736509913074	0.039769563317942735	0.07502152368279982	0.13300384027060333	4.749617789364027E-4
458000	-3305.940379282413	-3152.1647637170126	-153.77561556539993	0.10127514584348667	0.08474241467784333	0.1373254997166498	0.002979142278318638
459000	-3304.578539321039	-3151.4883972669336	-153.09014205410534	0.0671194218375005	0.11464648326073561	0.1863560289586361	1.9342561291697837E-4
460000	-3301.213006094058	-3148.721937569293	-152.49106852476515	0.04682162297725657	0.1248612827683569	0.13827403860702525	8.118464379703418E-4
461000	-3300.315066661633	-3150.452259370271	-149.86280729136206	0.08286716878185565	0.12133862818132299	0.14796383250716022	0.001786278826714942
462000	-3300.896697347422	-3151.3496682076093	-149.54702913981274	0.07277620422080373	0.11827256272018923	0.1249576899737057	8.269170276698232E-4
463000	-3302.1184784750203	-3149.7534322941156	-152.36504618090464	0.09404392866285737	0.07633222024267655	0.16463122064078126	0.0012851222294035522
464000	-3303.746406168817	-3153.314173207513	-150.43223296130418	0.10451322523067147	0.07838985480231557	0.12314115754146569	8.673431065423016E-4
465000	-3301.1657244886514	-3150.0475829367842	-151.1181415518673	0.058137991868260755	0.13311700978873167	0.1251346843731838	9.937986901994852E-4
466000	-3307.893359425403	-3148.5037670518122	-159.3895923735907	0.028449064224641114	0.06837655441317406	0.10680518418282509	8.553940693582282E-4
467000	-3303.160098209393	-3150.429214653843	-152.73088355554995	0.05111579004185551	0.1703892815267752	0.11061258990553287	8.67698503591189E-4
468000	-3302.7252967319814	-3150.5016614797937	-152.2236352521879	0.1295452871514428	0.09070912820515897	0.1780146041475361	0.0027628707463463005
469000	-3301.5229593593313	-3151.34410147975	-150.17885787958107	0.09540953368652298	0.1042225386014499	0.14254185679324421	0.0010819069057567072
470000	-3301.307220995103	-3149.0308129431623	-152.27640805194034	0.052426135890595235	0.11369012678618406	0.16854259144714595	5.294617643374893E-4
471000	-3301.7349085762776	-3147.806971632349	-153.9279369439286	0.07177297756164436	0.07274341258775108	0.20395978572057752	0.0015408086901944943
472000	-3302.700992431932	-3150.0280660262015	-152.67292640573024	0.05913736530246804	0.12008217450001822	0.13122735211304024	8.182882533231456E-4
473000	-3304.5708656036954	-3148.3219206495896	-156.24894495410587	0.03888761672611713	0.15539111752930376	0.19814041109054814	3.7130706007103753E-4
474000	-3304.7879936719187	-3150.781968277152	-154.00602539476677	0.06972607696862514	0.07832540196302479	0.13163488347906235	0.0021811171339724306
475000	-3301.990983745901	-3149.6125613651343	-152.37842238076632	0.06156074818480934	0.07816101037190816	0.13863083223790723	0.0016527537269737794
476000	-3301.193325664097	-3148.503910995274	-152.6894146688226	0.11706242675674204	0.08689876707183412	0.22195769753176334	0.001909230060091188
477000	-3300.27974449693	-3149.1969075781417	-151.08283691878856	0.09931440898935044	0.09050607871284783	0.18560266291725724	0.0019435531984437128
478000	-3302.2112327522746	-3149.0582671508682	-153.15296560140632	0.0703996327421403	0.06649608065844219	0.15966858156173824	8.960394403809107E-4
479000	-3302.980100517356	-3154.152357453268	-148.82774306408777	0.13297924643495135	0.09254692900493236	0.13349719267783797	5.560143747095036E-4
480000	-3308.4668028654155	-3152.4329422487162	-156.03386061669943	0.05047053946747635	0.1347982993061722	0.1001367148133597	0.0019374818436778394
481000	-3301.808197961603	-3149.4319992011037	-152.37619876049945	0.05365375535321305	0.07870111025592375	0.12649684539094663	9.41231567609798E-4
482000	-3300.2222965400565	-3148.896530023367	-151.32576651668944	0.09264264239470116	0.08242298305514766	0.18938210971181638	0.001270317647345009
483000	-3302.787667162027	-3152.049117544777	-150.73854961725002	0.08380632109716096	0.0762172640194851	0.16664528197022774	2.6177827555114717E-4
484000	-3304.31959573901	-3148.7869252034407	-155.53267053556942	0.10635374751127889	0.10231529037052144	0.2406287124358864	0.00292243848260459
485000	-3301.4479092972083	-3150.390375337019	-151.05753396018898	0.06576850222714462	0.0879450790641694	0.16237033007437085	4.829063779600338E-4
486000	-3301.830169724843	-3149.7685916536248	-152.0615780712184	0.0636843032764065	0.10202524668008325	0.1397258488782268	8.522593011660173E-4
487000	-3303.5238832905825	-3152.570094510196	-150.95378878038625	0.06491542618190951	0.1492046381987251	0.09894624780653175	8.619509938482951E-4
488000	-3300.121789241068	-3150.100688792804	-150.02110044826426	0.08574103922521885	0.088329768968193	0.15063829437914683	0.001342826693008059
489000	-3302.325977797269	-3152.241084438857	-150.08489335841207	0.06416188719984182	0.13041146762726896	0.11245090989834489	5.714601020216446E-4
490000	-3301.440959611322	-3150.698173044186	-150.74278656713574	0.07241030712708545	0.08246696107203998	0.125394953723806	0.0011490492490291134
491000	-3299.8934090340563	-3149.274843132209	-150.61856590184766	0.07878921140486372	0.10057819083022893	0.168551884948527	0.0010594645797685298
492000	-3303.7568124560207	-3153.8474966363233	-149.90931581969724	0.09092004382214607	0.09547234090161123	0.1167102173354662	5.085232877861783E-4
493000	-3300.0451317629168	-3149.440072528528	-150.60505923438842	0.09885762862946779	0.09012606002513289	0.1772535919825545	0.0014841056396520135
494000	-3303.9221321109626	-3147.207553276161	-156.71457883480176	0.06777980019799285	0.051868341545537315	0.20892859939262026	0.0011707882734185752
495000	-3302.003968515401	-3150.504810974773	-151.49915754062815	0.1003469384942961	0.06742067789081956	0.1681369431724856	8.56203985367906E-4
496000	-3301.4072329998917	-3152.037694625216	-149.36953837467595	0.08810146430467355	0.09771064581311216	0.13985015608117518	6.43513475895133E-4
497000	-3300.339743128828	-3149.248464468007	-151.09127866082108	0.0716867516809732	0.1126476969134965	0.16181139432486924	0.0010191000918506649
498000	-3301.639634372294	-3147.7602219684	-153.87941240389418	0.04492760409195406	0.1228995447122362	0.1787269722772472	6.76933490910354E-4
499000	-3302.9317351738723	-3149.6636144450276	-153.2681207288448	0.12158515411530696	0.09916494402634637	0.2506554232068437	6.14733412835346E-4
500000	-3303.4838161344146	-3153.248537948602	-150.2352781858126	0.10277944069790415	0.08220569678314057	0.11810381828614305	0.0011465666821421615
