#
#model:
#
#<?xml version="1.0" encoding="UTF-8" standalone="no"?><input id="posterior" spec="beast.core.util.CompoundDistribution">
#    <distribution id="prior" spec="beast.core.util.CompoundDistribution">
#        <prior id="lambdaPrior.bfd" name="distribution">
#            <parameter id="lambda" lower="0.0" name="x" spec="beast.core.parameter.RealParameter">0.01</parameter>
#            <Gamma id="Gamma.0" name="distr">
#                <parameter estimate="false" id="RealParameter.1" name="alpha" spec="beast.core.parameter.RealParameter">2.0</parameter>
#                <parameter estimate="false" id="RealParameter.2" name="beta" spec="beast.core.parameter.RealParameter">200.0</parameter>
#            </Gamma>
#        </prior>
#        <distribution id="snapprior.bfd" lambda="@lambda" spec="snap.likelihood.SnAPPrior">
#            <parameter estimate="false" id="alpha" lower="0.0" name="alpha" spec="beast.core.parameter.RealParameter">11.75</parameter>
#            <parameter estimate="false" id="beta" lower="0.0" name="beta" spec="beast.core.parameter.RealParameter">109.73</parameter>
#            <parameter estimate="false" id="kappa" lower="0.0" name="kappa" spec="beast.core.parameter.RealParameter">1.0</parameter>
#            <parameter id="coalescenceRate" name="coalescenceRate" spec="beast.core.parameter.RealParameter">10.0</parameter>
#            <tree clusterType="upgma" id="Tree.bfd" nodetype="snap.NodeData" spec="beast.util.ClusterTree">
#                <taxa dataType="integerdata" id="snap.bfd" spec="snap.Data">
#                    <taxonset id="ant" spec="beast.evolution.alignment.TaxonSet">
#                        <taxon id="Carpish_B72761.Huanuco.Acomayo" spec="beast.evolution.alignment.Taxon"/>
#                        <taxon id="Carpish_B72772.Huanuco.Mitotambo" spec="beast.evolution.alignment.Taxon"/>
#                        <taxon id="Amotape_B67243.Tumbes.Amotape" spec="beast.evolution.alignment.Taxon"/>
#                        <taxon id="Amotape_B67257.Tumbes.Amotape" spec="beast.evolution.alignment.Taxon"/>
#                        <taxon id="Chavinillo_B72789.Huanuco.Chavinillo" spec="beast.evolution.alignment.Taxon"/>
#                        <taxon id="Chavinillo_B72792.Huanuco.Chavinillo" spec="beast.evolution.alignment.Taxon"/>
#                        <taxon id="Quichas_B72777.Lima.Quichas" spec="beast.evolution.alignment.Taxon"/>
#                        <taxon id="Quichas_B72778.Lima.Quichas" spec="beast.evolution.alignment.Taxon"/>
#                        <taxon id="Canchaque_B72873.Piura.Canchaque" spec="beast.evolution.alignment.Taxon"/>
#                        <taxon id="Canchaque_B72878.Piura.Canchaque" spec="beast.evolution.alignment.Taxon"/>
#                        <taxon id="Huamatanga_B72889.Lima.Huamatanga" spec="beast.evolution.alignment.Taxon"/>
#                        <taxon id="Huamatanga_B72892.Lima.Huamatanga" spec="beast.evolution.alignment.Taxon"/>
#                        <taxon id="LaQuinua_B72753.Pasco.LaQuinua" spec="beast.evolution.alignment.Taxon"/>
#                        <taxon id="LaQuinua_B72756.Pasco.LaQuinua" spec="beast.evolution.alignment.Taxon"/>
#                    </taxonset>
#                    <taxonset id="cur" spec="beast.evolution.alignment.TaxonSet">
#                        <taxon id="curtata_cra.cur.B6032" spec="beast.evolution.alignment.Taxon"/>
#                        <taxon id="curtata_cra.cur.B8175" spec="beast.evolution.alignment.Taxon"/>
#                    </taxonset>
#                </taxa>
#                <parameter id="RealParameter.0" lower="0.0" name="clock.rate" spec="beast.core.parameter.RealParameter" upper="0.0">1.0</parameter>
#            </tree>
#        </distribution>
#    </distribution>
#    <distribution id="likelihood" spec="beast.core.util.CompoundDistribution">
#        <distribution data="@snap.bfd" id="treeLikelihood.bfd" non-polymorphic="false" pattern="coalescenceRate" spec="snap.likelihood.SnAPTreeLikelihood" tree="@Tree.bfd">
#            <siteModel id="MutationSiteModel.bfd" spec="beast.evolution.sitemodel.SiteModel">
#                <parameter estimate="false" id="mutationRate" name="mutationRate" spec="beast.core.parameter.RealParameter">1.0</parameter>
#                <parameter estimate="false" id="shape" name="shape" spec="beast.core.parameter.RealParameter">2.0</parameter>
#                <parameter estimate="false" id="proportionInvariant" name="proportionInvariant" spec="beast.core.parameter.RealParameter">0.0</parameter>
#                <substModel coalescenceRate="@coalescenceRate" id="MutationModel" spec="snap.likelihood.SnapSubstitutionModel">
#                    <parameter estimate="false" id="u" lower="0.0" name="mutationRateU" spec="beast.core.parameter.RealParameter">1.0</parameter>
#                    <parameter id="v" lower="0.0" name="mutationRateV" spec="beast.core.parameter.RealParameter">1.0</parameter>
#                </substModel>
#            </siteModel>
#        </distribution>
#    </distribution>
#</input>
#
Sample	posterior	likelihood	prior	theta0	theta1	theta2	TreeHeightLogger
0	-1537.1986172344002	-1384.0068046161502	-153.1918126182499	0.08035312405187546	0.060487730970765985	0.09895666557790181	0.0022837430596882764
1000	-1535.3930934559853	-1385.2089259663212	-150.18416748966405	0.10701300229802779	0.09878360262683696	0.11358726637762921	0.0020392647064112162
2000	-1536.5178281437813	-1383.7368456924178	-152.78098245136366	0.11035923599673367	0.06585741095236172	0.15712844294672798	0.0022176273404505673
3000	-1537.2987593940863	-1385.2614819689366	-152.03727742514982	0.0541319774579843	0.09318579105074834	0.09013744436121844	0.0010781319481719337
4000	-1536.0671915182947	-1385.1037883397141	-150.96340317858073	0.07960429922705071	0.07850061782197008	0.12663966485415418	0.0011628131269706928
5000	-1535.1151806530636	-1385.561015539342	-149.5541651137216	0.11622838372156631	0.14313081181315235	0.13436323188691068	0.0020510213145405864
6000	-1535.0470057589857	-1384.3669375716795	-150.68006818730632	0.11340988265270861	0.0991416789378942	0.15356769977435034	0.005253901865021758
7000	-1535.2177469838339	-1384.0455347076522	-151.17221227618168	0.13095245686576273	0.07817969996946965	0.1377211199669967	0.002830550725836072
8000	-1536.8763935734369	-1387.918572012604	-148.95782156083288	0.13282755622935163	0.1319723482414596	0.09094510845175316	8.028548117727376E-4
9000	-1535.0256789754524	-1384.7409427293846	-150.2847362460678	0.0864382512540143	0.10033519031654094	0.10874160238707689	0.002809045412703669
10000	-1534.8813140872276	-1384.3799853043788	-150.50132878284865	0.07974962001738725	0.08073293247727972	0.12724063528311805	0.001844163636664634
11000	-1538.1803828245284	-1385.4933163401024	-152.6870664844259	0.05045537007289886	0.16315138903110057	0.12132714300832395	0.0010064525681343262
12000	-1535.7913021604147	-1385.3433631333041	-150.4479390271105	0.09028866736154414	0.14811325630266467	0.16175856256174334	0.00176345283285565
13000	-1536.5657838430518	-1383.9364876624668	-152.62929618058496	0.12553913336820713	0.0630325693686107	0.1158975417687192	0.005955124517834114
14000	-1536.71643548742	-1385.3585267809406	-151.35790870647952	0.05653781862797303	0.08947746969039531	0.11194296466209518	8.683332436366301E-4
15000	-1536.5546317376136	-1385.1640837364369	-151.39054800117665	0.0796931644223055	0.061048544542023506	0.12565972966040134	9.369603966440689E-4
16000	-1535.258073407672	-1384.97693914538	-150.2811342622922	0.07601385152533345	0.12967530590667153	0.13976186515851616	0.0021694263639823897
17000	-1538.8350280961452	-1384.9519375656907	-153.88309053045444	0.09284035350183827	0.050979414464800185	0.10340596028068917	0.005936123438100488
18000	-1537.843139619226	-1385.939002689201	-151.90413693002483	0.1127472675324201	0.06917163952817396	0.08979827482671064	0.001533621254196523
19000	-1538.5242766194247	-1384.0394531997645	-154.4848234196602	0.05628508488537549	0.05581460874523617	0.11437281475759789	0.0023858308613419798
20000	-1536.071962377144	-1386.538309724078	-149.53365265306596	0.08387466009292921	0.14053894105353762	0.10142598251998869	9.691585048284752E-4
21000	-1536.403004755999	-1387.7829900869804	-148.62001466901873	0.09850095899277678	0.12998928998631978	0.10959895297507656	3.493254778996877E-4
22000	-1537.5090360761453	-1385.4755598023016	-152.03347627384372	0.10436579277663054	0.08596367704335876	0.08453093788041449	0.004003831209494218
23000	-1534.5403518949852	-1384.6672114086389	-149.8731404863462	0.09186698769179151	0.09688305115876919	0.10940337627668427	0.0029494280133482514
24000	-1537.561610374722	-1383.825025428715	-153.73658494600713	0.10951344228721589	0.060108216217245214	0.13257084193073296	0.002102806199547883
25000	-1534.9946982563065	-1385.0308487694856	-149.96384948682086	0.11178816891523118	0.14080780779636196	0.12779452349691486	0.003543497043735463
26000	-1535.6107356850177	-1385.0102972502757	-150.6004384347421	0.07626651033261345	0.10061813917585684	0.09581697049257949	0.002424370901217833
27000	-1535.850150186334	-1384.040419962368	-151.80973022396591	0.09696309578429475	0.059307810683209686	0.10087010109026633	0.0025118857300031484
28000	-1534.7650537143622	-1385.3005843125297	-149.4644694018326	0.09678010444371833	0.08653821385941833	0.1120036200743112	0.0015264280447068149
29000	-1538.2729135533903	-1383.0741071811744	-155.19880637221584	0.16392687992257268	0.04824201075939795	0.13627461098708546	0.003122269224647352
30000	-1535.738964686615	-1383.9126237830055	-151.82634090360932	0.08931565972219702	0.07013889412055822	0.14806427811792333	0.0038762664846882515
31000	-1534.6000680412847	-1384.7465326568451	-149.8535353844396	0.09533509638652114	0.10879989618181551	0.1162729367384065	0.0032368822457075064
32000	-1534.4177765220074	-1385.1173153499467	-149.30046117206078	0.09380617469129873	0.11700456263174103	0.11589875114810283	0.002200767927122495
33000	-1539.7732068758935	-1382.8209860344623	-156.95222084143114	0.1302421658776226	0.04338333617784497	0.12089136917083305	0.0035141518500688444
34000	-1539.3563926207023	-1383.329948612969	-156.0264440077332	0.12728384272433843	0.052564395911647604	0.11737955493655979	0.004885280670985547
35000	-1534.895398620638	-1384.5249189870929	-150.37047963354516	0.09306704787415804	0.0819207265578375	0.11225544330747037	0.0022237726133881803
36000	-1535.1678608931813	-1384.8237119146097	-150.34414897857172	0.08336145289681957	0.0915943022778139	0.0977158911979836	0.002681544669892633
37000	-1534.8197190891299	-1384.213640915846	-150.60607817328383	0.09899890606979686	0.0825120126953087	0.11475636130067808	0.0036525883046948783
38000	-1536.7991364809955	-1385.3881701643334	-151.41096631666207	0.06454251702104925	0.10074826283531213	0.13150476326186167	0.003107204239126773
39000	-1536.492084844484	-1383.9831106089011	-152.50897423558288	0.12897112630341565	0.07221235232819181	0.1215639523830449	0.0032434661433192445
40000	-1534.6363786465072	-1384.9990937896082	-149.637284856899	0.10619302433637	0.11061688111261492	0.11407668664674842	0.002741088892225752
41000	-1536.575340976372	-1386.7648487787587	-149.81049219761326	0.08825637247983607	0.12805028871284213	0.08600915290348565	0.0011576073979406667
42000	-1535.8299910353303	-1386.054401328909	-149.77558970642121	0.07649084592567248	0.112231910873309	0.12711677291277285	8.365339849303265E-4
43000	-1537.9005964934413	-1384.9728152669184	-152.92778122652294	0.13150803623166493	0.056004167435782404	0.10669025083610513	0.0017422567859233702
44000	-1536.3010982102373	-1385.4806619480023	-150.82043626223495	0.1287497163682325	0.128195551234046	0.10574602261561533	0.004434336648765203
45000	-1536.490763529792	-1384.8219686212387	-151.6687949085533	0.07735389070697912	0.10899179405982957	0.15592133753012694	0.0018284572524466887
46000	-1536.117516541344	-1383.7934339180642	-152.3240826232797	0.10792518937356399	0.07128419629429106	0.1188125329499269	0.0036812087662486583
47000	-1535.9453056117338	-1383.699338009153	-152.2459676025808	0.10101822138332865	0.07374471200840564	0.1424117043824642	0.002864260873770806
48000	-1539.0517214609304	-1387.4248953047386	-151.62682615619184	0.0869955176845839	0.1262410464692198	0.10233948129322448	0.006923247610524581
49000	-1536.5734135817283	-1386.2505904336294	-150.322823148099	0.06141324690357017	0.11196969057135969	0.12597950359617058	5.948502167754493E-4
50000	-1536.4552143684164	-1385.3398097125444	-151.11540465587194	0.0789140718261863	0.1460681063827977	0.15567250508943337	0.002958475309410904
51000	-1535.2008593846738	-1385.1048856490102	-150.0959737356637	0.1050057506556349	0.12000532183123558	0.1093954180825716	0.004120003653426924
52000	-1535.3814303494562	-1387.0824626044468	-148.29896774500926	0.10806847960341619	0.10696278525257197	0.13139682391513618	5.687857544331156E-4
53000	-1536.6209208207629	-1384.0068058243478	-152.6141149964151	0.08185230341257387	0.06144388024054483	0.09724654434297011	0.0029397573405877124
54000	-1543.9625665615479	-1386.8134271023525	-157.14913945919534	0.1752354198569952	0.13357995125766436	0.13357816489303637	0.017133254025093803
55000	-1534.6113176148149	-1384.3687133104422	-150.2426043043727	0.0932424281919028	0.07532926742331156	0.12025417001661384	0.002000078764517924
56000	-1536.9252091217786	-1384.8662152573772	-152.0589938644015	0.11525186436843148	0.10780124743673553	0.1356734680320755	0.006193892307433328
57000	-1536.3127502282446	-1384.7246215165685	-151.58812871167618	0.10656172171794254	0.11134130952155843	0.1567447269499967	0.0049194433167733375
58000	-1537.1594364088562	-1385.8786189867394	-151.28081742211674	0.12883488919161734	0.05895352183860631	0.15298509976113045	8.26867826683827E-4
59000	-1535.9009598862158	-1383.994826281544	-151.90613360467174	0.10216471279778491	0.06454622058931994	0.1046256795634395	0.003063088308503911
60000	-1536.3895557613832	-1386.2876922921391	-150.10186346924422	0.14086740081563906	0.07944343038467247	0.11296297039288239	0.0012321848330970387
61000	-1536.1703546617964	-1387.2855269244806	-148.88482773731596	0.12482381877524126	0.09777893996278637	0.15579212093358905	4.6012199619687604E-4
62000	-1535.8481012438167	-1384.9607730729988	-150.887328170818	0.07294339931562453	0.09660264908545972	0.10113126673558427	0.0018043614283538769
63000	-1537.9175135402625	-1386.8148188270059	-151.1026947132566	0.13574985152972555	0.07379785056780552	0.0878336140179814	0.0013641259103440346
64000	-1536.7265301983102	-1386.220047097123	-150.50648310118729	0.09710395334418843	0.07846385055275791	0.08143774813547996	0.0014761049993042405
65000	-1540.1893124589315	-1385.3839027661534	-154.8054096927781	0.03937679133338842	0.11855282027428893	0.15314793612426042	8.39214579275173E-4
66000	-1537.1820868423347	-1384.7179224953693	-152.46416434696548	0.06779619076179517	0.1037653876564856	0.12710953319839832	0.0020747186119523856
67000	-1535.392891324537	-1385.1594361952452	-150.23345512929183	0.09014923330204988	0.07596815110928856	0.10107568862103582	0.0015457198128655048
68000	-1534.7388535195269	-1384.8888612018081	-149.84999231771866	0.08273766649132815	0.10325685596855692	0.10607719725647985	0.002374834134878672
69000	-1535.2170767350667	-1386.2847510768365	-148.93232565823018	0.08537462909195948	0.10192115537226464	0.12101983591399393	7.977714210175471E-4
70000	-1535.7774423956616	-1385.948731481788	-149.8287109138736	0.10870100523307	0.165100963884892	0.12773068238579735	0.0017426168825171963
71000	-1538.1585412439088	-1384.7299009956034	-153.4286402483053	0.10600131591861417	0.08689058939805387	0.11102976626328605	0.00246912988829948
72000	-1534.8364363382093	-1383.66158379863	-151.17485253957918	0.10480252426376348	0.07708070918326243	0.1497698190807189	0.0033744635164509053
73000	-1535.8364100515796	-1383.4071446398195	-152.42926541175999	0.09877943322843734	0.06593958571186942	0.1557992912503241	0.0035516156402126383
74000	-1534.6400457012694	-1384.5838350867211	-150.05621061454835	0.08675325510577395	0.10581937746057704	0.13921211340115985	0.0023980552484384053
75000	-1538.8905585280277	-1385.273025408356	-153.61753311967152	0.08310466720462967	0.045942355809002314	0.11499251276580429	7.801065947563013E-4
76000	-1536.2017923272151	-1386.1086293231454	-150.09316300406965	0.07563361042072625	0.09923259464315635	0.15916884024979402	7.069851411463567E-4
77000	-1540.1612750469458	-1385.3731794641703	-154.78809558277553	0.09686411678059802	0.05059998838187168	0.06979658428839212	0.0031298549062878144
78000	-1535.0227753590896	-1385.0585688162687	-149.96420654282082	0.11196579807294331	0.08467187278362398	0.09849592180844899	0.0027883182700889184
79000	-1536.8798451694613	-1386.6178437742387	-150.26200139522263	0.08759357545514147	0.1172226021842605	0.0763526848594373	0.0017487171817292897
80000	-1534.575588852616	-1384.8186095526444	-149.75697929997156	0.08809624168298646	0.11368483592150262	0.11813485453726373	0.0030508882129516913
81000	-1535.7687908348476	-1387.1625616982071	-148.60622913664042	0.09830267666128065	0.1281066067225877	0.12107019047837471	5.741461490340926E-4
82000	-1534.3663525171946	-1384.2587178437784	-150.10763467341633	0.1096868014336375	0.10305546301119442	0.15338199614985495	0.0032135474851307105
83000	-1537.6516342442953	-1382.32637994089	-155.32525430340516	0.15946557532323882	0.05474307309058448	0.1879203927249747	0.004821687348293077
84000	-1536.6280926671193	-1383.2397469550579	-153.38834571206155	0.08224082448371331	0.05382944027728333	0.15030953253070034	0.002979125003191918
85000	-1537.280475566593	-1385.1566641762747	-152.1238113903183	0.17565961408042116	0.08024499800547384	0.10661649301166935	0.004296560603112091
86000	-1535.473050392124	-1385.436966196285	-150.03608419583892	0.10059224026326977	0.14763798130328157	0.12198251278163404	0.0022543715582892224
87000	-1534.8960745010822	-1385.6805370386705	-149.21553746241182	0.11295444410954866	0.10327240719718907	0.10309024972795203	0.002084327553493273
88000	-1536.4233768673712	-1383.804641811717	-152.61873505565438	0.0967507898659664	0.06764106066726297	0.14164850070178103	0.004432725687857155
89000	-1535.3806711203276	-1383.2045699300072	-152.17610119032034	0.11217182846412141	0.056598012531049895	0.12388290195945356	0.0034717343219375454
90000	-1535.1545408101665	-1383.056970212607	-152.09757059755944	0.12168177063396175	0.061270333771468725	0.1421797563376646	0.00382265801305752
91000	-1536.1009058167247	-1387.4521753991853	-148.64873041753924	0.09689157488692506	0.10324416914403724	0.10805819124493858	4.402771038388324E-4
92000	-1536.3525699135448	-1384.4494929707328	-151.90307694281208	0.07840175241859691	0.08156670932351817	0.16533199522577802	0.0017047628462449884
93000	-1535.3563478185101	-1383.5941286057064	-151.7622192128038	0.11470533375810109	0.07321253351984877	0.13312527912395575	0.003714759525384344
94000	-1536.7153587350542	-1385.9870744291775	-150.7282843058768	0.12529830702132952	0.10981988720066281	0.09169360606257856	0.00667681643291064
95000	-1538.963733257354	-1384.2963238430498	-154.6674094143044	0.10923409266750682	0.05030394658928442	0.10669388122602005	0.0059664068501088085
96000	-1536.499968933709	-1384.8585240688733	-151.64144486483565	0.1049069313023932	0.07755210390581617	0.10397633380648615	0.005745696752277274
97000	-1535.6936406601392	-1383.888194696914	-151.80544596322503	0.0936313713478305	0.06299375978105441	0.16028329649939943	0.0018225223752167776
98000	-1537.0472303364804	-1385.1348887922777	-151.91234154420277	0.12804312867658785	0.06456349340052547	0.08774219282842918	0.0037468966549787145
99000	-1534.769843525575	-1383.9343740554004	-150.8354694701746	0.11743467720237706	0.08199676275959081	0.12571858328985006	0.004219756904395294
100000	-1539.2068561245492	-1385.5542137381199	-153.65264238642928	0.048385683064042916	0.07980072033639862	0.11401026919758663	0.002488322827348469
101000	-1535.0755224122906	-1385.181363844704	-149.89415856758663	0.086126792045744	0.1126943518686454	0.10619767792490412	0.0020939202384056277
102000	-1535.8060930855274	-1386.8936925178136	-148.91240056771386	0.10863149179247401	0.14925468233856412	0.1365965075591359	7.773862210581443E-4
103000	-1535.4985589037574	-1386.7682414738501	-148.73031742990725	0.08843198081535526	0.11538966560245406	0.10599032920753092	7.446609214835612E-4
104000	-1536.9766238326079	-1383.5224295628543	-153.45419426975366	0.08239984580337313	0.05871702977273599	0.11867387327378082	0.0030074451997622186
105000	-1534.9605335279246	-1383.6250862364407	-151.33544729148397	0.09178001109588782	0.06840921589419566	0.14602347326461063	0.002594785357617959
106000	-1537.7126294233135	-1387.790908215313	-149.92172120800035	0.08640939775974406	0.11337800470224725	0.09966806612259566	3.120215254202781E-4
107000	-1545.754866797604	-1386.0977255152272	-159.65714128237695	0.055367092157885975	0.13165278402211084	0.06748154844703094	0.0019613637023254906
108000	-1541.127451237604	-1389.280604690256	-151.84684654734784	0.11123977266496449	0.12381363101770157	0.05176386958268718	2.08484022356924E-4
109000	-1536.1052827584886	-1385.321906402446	-150.78337635604245	0.07538187332153416	0.11464501659439366	0.12463332425724079	0.0035899013207572094
110000	-1536.0524334739591	-1386.6696175037005	-149.38281597025858	0.0904830525679917	0.09004238216036295	0.11072978267731004	6.690473026256641E-4
111000	-1535.7266103892923	-1385.1395193382768	-150.58709105101545	0.11286988943111703	0.1305054122068846	0.12661190074695763	0.005502963621586663
112000	-1536.2248816436763	-1385.5232550183869	-150.70162662528935	0.07539528664234872	0.12460738143400937	0.11691007732915135	0.0013026811841116174
113000	-1538.1740785958727	-1384.245537653139	-153.92854094273372	0.05915784681930688	0.056963307021205174	0.12563435652870303	0.0011373850077082352
114000	-1536.087263746946	-1385.2194062365302	-150.8678575104158	0.06927426432083775	0.11646779356668498	0.16403716202599164	0.0013279094665680116
115000	-1536.9888699010933	-1384.8957458700668	-152.09312403102646	0.10847901828962829	0.09146199907473174	0.14392123125554832	0.006328869027167095
116000	-1537.337081885884	-1386.0489821806968	-151.28809970518702	0.10886309802469642	0.1850724799784506	0.15697824138632546	0.0014714489632299975
117000	-1534.6232617466694	-1384.983260552592	-149.64000119407754	0.10007378917980841	0.10544225012969712	0.15776674711461122	0.0017405515232529936
118000	-1540.3555559377	-1386.930626158179	-153.424929779521	0.0868696489398061	0.0915394795860524	0.06306570700313092	0.002925337582471153
119000	-1535.7452876072998	-1384.4891965103538	-151.2560910969459	0.09574799318841765	0.09937795773841833	0.18663489627800692	0.002574719443901206
120000	-1537.4309686421125	-1385.6104249111904	-151.82054373092197	0.06503254568608448	0.11260821309353754	0.12012922354462185	0.003238592262117982
121000	-1536.4028009910842	-1388.2013900849445	-148.20141090613976	0.13162727591871637	0.11389058370602186	0.10740221966234674	2.49462641662029E-4
122000	-1535.6059190621306	-1383.9601612675433	-151.6457577945873	0.09595902359915177	0.06473845642950896	0.14512025530216582	0.0018668212938978915
123000	-1538.6138280161083	-1383.3112213770085	-155.3026066390999	0.12195225809409325	0.03997957991240472	0.1496996413258468	0.0016683960258205167
124000	-1536.9295660818716	-1385.0444303905458	-151.88513569132584	0.09733689427137933	0.06368140751155518	0.11448852456314408	0.0012914126386060138
125000	-1538.2218457714798	-1384.7624644035582	-153.45938136792174	0.12702846402139592	0.1348170338955149	0.18035655749806648	0.005401702767142771
126000	-1537.00115882493	-1387.9492586194374	-149.05190020549242	0.09858412495394477	0.07661468294610985	0.10679608842634482	2.126677741156946E-4
127000	-1536.6222498803402	-1385.392929337356	-151.22932054298414	0.09166367100527967	0.07528740016954592	0.11578176994088459	0.0011743081664090116
128000	-1534.9973096813296	-1384.5060496890324	-150.49125999229733	0.07667770839482047	0.09324459160287964	0.12364625311464604	0.0027850023240670934
129000	-1539.2754791499638	-1383.2333620654606	-156.04211708450316	0.1086761755280769	0.05516878025100256	0.18338167508786363	0.004656094129698779
130000	-1536.3533116900844	-1384.221770447431	-152.13154124265344	0.10540031181466407	0.06359184492784063	0.11138774910209434	0.005471525257464518
131000	-1538.5478015890808	-1385.8910224040983	-152.65677918498238	0.04917343101188625	0.10440731323370571	0.11676234587334425	5.878110245327376E-4
132000	-1534.691582579282	-1384.100525663047	-150.59105691623526	0.13895580283389747	0.07730465936649293	0.13354582890807812	0.0029620321875745742
133000	-1536.0133086778906	-1384.546429454003	-151.46687922388764	0.10753118563814272	0.056071316851407246	0.1344333544892843	0.0013733994022732169
134000	-1535.3542109399023	-1384.1891064657932	-151.1651044741091	0.11721593992131009	0.06670194135623025	0.12215752453490188	0.002281276650472571
135000	-1536.2363647870989	-1386.6562663439	-149.58009844319898	0.0994564081736213	0.07876084326615689	0.09379913239127445	8.525412496697144E-4
136000	-1539.1125508828814	-1383.9169119066114	-155.19563897626986	0.10552930267576092	0.07599787474967458	0.12050445849455273	0.0034347583811743677
137000	-1535.5004728290808	-1384.8512191998775	-150.64925362920323	0.08311475423263615	0.09196640565555488	0.10153965752795852	0.003592549073072856
138000	-1535.3657584413672	-1384.9316715463315	-150.43408689503573	0.08944043350827424	0.0785101434758008	0.0968244013471899	0.001984219859045942
139000	-1535.6758510562672	-1386.4085124521507	-149.2673386041165	0.11260542154329797	0.11224501573794642	0.09638582693077091	0.0016284954288917843
140000	-1541.075038621981	-1387.2978723144397	-153.77716630754128	0.13988149929831678	0.060682164299209564	0.08446591381876696	8.222248071375594E-4
141000	-1536.293833413702	-1385.2078093417922	-151.08602407190983	0.10097717438518795	0.06346528197586093	0.11293448119564929	0.001248923521902645
142000	-1537.5559916705588	-1383.58170728143	-153.97428438912885	0.06739514802144339	0.0550088887593303	0.1480548085262735	0.001875847801490056
143000	-1536.3876219491324	-1383.4527897415924	-152.93483220754007	0.0855155641797439	0.05802207376106673	0.1290801766874513	0.003406669054980802
144000	-1535.7930693148958	-1384.2728032429159	-151.52026607197996	0.10709003215182628	0.07194245263462636	0.12734447429353488	0.0057674185504247005
145000	-1534.9096046799186	-1385.3256251590378	-149.58397952088077	0.11384761094146631	0.07744608128467657	0.12919250070827856	0.0013760089085423398
146000	-1538.3841494210048	-1384.4361140751132	-153.94803534589173	0.09950325007836737	0.04810434854543512	0.10537254536190684	0.001457921439678922
147000	-1534.199913201109	-1384.5276928188127	-149.6722203822963	0.11846010655765458	0.09770407512134034	0.12937405498442528	0.002869662717083104
148000	-1538.1106857015727	-1388.1293389314055	-149.98134677016714	0.12539692997228089	0.10675924544122753	0.18470800702245915	1.4220389979951336E-4
149000	-1536.4071704081919	-1387.0343061892468	-149.37286421894515	0.09571985867257887	0.0838634379813959	0.09149801588756482	6.814527008891402E-4
150000	-1536.1091575356945	-1385.4934022912748	-150.6157552444198	0.11357176249331707	0.16374905929495714	0.11651592463938241	0.004129294748384052
151000	-1536.9478184839486	-1385.6990992255467	-151.24871925840196	0.06285833996308077	0.1500992758535578	0.09557036445362267	0.0013125642052977506
152000	-1535.0815575265667	-1385.224470780886	-149.85708674568073	0.08516786315196971	0.13196264624097503	0.1391512451468518	0.0017099559830898177
153000	-1538.3603921173535	-1383.4745006387932	-154.88589147856024	0.11469364877124877	0.06638559307403263	0.13780907111224158	0.004925566757713421
154000	-1535.104340593278	-1385.209693417366	-149.8946471759121	0.08751649123172324	0.14499448485210262	0.1210383803270046	0.00245310603299695
155000	-1536.1187803885578	-1383.9847873415324	-152.13399304702543	0.09608124421606677	0.06577027208250671	0.1039818388581761	0.003409803856017289
156000	-1534.3173567362721	-1384.8998645516026	-149.41749218466958	0.09540607025495172	0.12075115378041677	0.1364417821644661	0.0022631534106389065
157000	-1537.3495954890507	-1383.819776049359	-153.52981943969172	0.12236767614444018	0.05312213749320059	0.13532504443675164	0.006619066418859226
158000	-1536.3296885918714	-1386.577367480263	-149.75232111160835	0.12833718127565405	0.07825897369623906	0.14046441910036137	7.297281570337972E-4
159000	-1538.5184241448717	-1385.823722430841	-152.69470171403074	0.09629973540024606	0.07103338813591017	0.08173460350543853	0.005780907510083748
160000	-1537.372074142917	-1383.0269231064294	-154.34515103648758	0.14078956599348033	0.04160270459229935	0.12601308610632508	0.0026060062347299916
161000	-1536.7485643735524	-1384.000159871458	-152.7484045020944	0.08959817168588022	0.05378805414294059	0.1385058554574544	0.0014776116214342892
162000	-1536.583540366201	-1385.9493686823987	-150.63417168380244	0.07361604955869559	0.10488000174432946	0.08943142157066626	0.0011719734309695356
163000	-1535.6181939865232	-1383.5542403368418	-152.06395364968142	0.15404776925686403	0.06501430207017476	0.12751095098554469	0.0040734930831756565
164000	-1542.3486537999518	-1385.7376180441872	-156.61103575576462	0.03932016210409696	0.13873206391796533	0.08657168954298679	0.0016367671313210238
165000	-1534.857318748729	-1383.7230164662724	-151.13430228245676	0.10718581832395768	0.06895295899912426	0.1339793810097067	0.0026441998935238286
166000	-1537.4388750938624	-1384.9212856784582	-152.5175894154043	0.07837876320069795	0.079478988328346	0.10712985588307815	0.004155868982609624
167000	-1536.9443838013208	-1387.262446658141	-149.6819371431797	0.0703434806467658	0.10562491139600248	0.09975774126907808	3.902781903283525E-4
168000	-1538.3317109836735	-1382.6920586300068	-155.63965235366672	0.0895500840748804	0.035831333654266335	0.1112797571984599	0.0021538412798097774
169000	-1538.1695714166945	-1383.409588335799	-154.75998308089544	0.07733618690652838	0.05680457860910693	0.13029304956170717	0.00253396242592704
170000	-1536.4351946497598	-1383.3639676472824	-153.07122700247731	0.11896817211280848	0.06354448114966334	0.14005620776063749	0.005166088448152944
171000	-1537.0132892456588	-1384.4232377867606	-152.59005145889822	0.09229523888096797	0.059990946855711914	0.09736464482134653	0.004703611203823387
172000	-1536.9510730685208	-1383.7094700659482	-153.24160300257265	0.10100817491122059	0.05341096039678239	0.12055470009222241	0.0020148565161530892
173000	-1535.6101944060597	-1384.9714354334405	-150.63875897261903	0.12074026683569403	0.09533918654647804	0.10246108200377452	0.004013061862865773
174000	-1536.2052347099605	-1385.9818137860698	-150.2234209238906	0.06418246923274658	0.10756399454827054	0.11760944808592005	7.417656152409612E-4
175000	-1535.2694693411474	-1383.9775464547301	-151.29192288641732	0.14699778690317253	0.08105136691188575	0.1423396727687603	0.0032308140301235463
176000	-1535.6407739547421	-1384.8333551585974	-150.80741879614473	0.07980468827437148	0.08864232847057078	0.11333059000953769	0.003864644073328961
177000	-1534.9430588360508	-1385.1862891315782	-149.75676970447267	0.09548376054988816	0.09110551249941255	0.09860926271380482	0.0021402378396041854
178000	-1535.8429946424499	-1385.6466849304256	-150.1963097120243	0.10027189054661025	0.16423163083893055	0.1138743340508247	0.0024713724422178234
179000	-1535.814153055323	-1385.183641846074	-150.630511209249	0.062369739945747446	0.1106373501734961	0.110038898335446	0.0012890915433145197
180000	-1534.432369151669	-1384.715266833379	-149.71710231829007	0.09131532128103578	0.11110280649359311	0.12198198573568998	0.0030587868192516877
181000	-1537.9712207719829	-1383.6568149136303	-154.31440585835244	0.10885234065933551	0.04896467456891462	0.14229898581024392	0.005794995801017472
182000	-1536.5899026345835	-1383.655074482633	-152.93482815195063	0.09991371706334323	0.06448902685529818	0.14759967289787454	0.004565851575011992
183000	-1535.9908749503575	-1384.7814041529555	-151.20947079740208	0.09461074427151081	0.11897081465337374	0.1582637001119241	0.0023020967092624444
184000	-1537.3579374221363	-1383.7821215797346	-153.57581584240162	0.1377731581638055	0.0545264931266522	0.11705396387427032	0.002792233104251328
185000	-1537.7941946995056	-1383.4847540350188	-154.30944066448674	0.08509771312709236	0.04328773645231305	0.10429945627479391	0.001819063346949626
186000	-1534.992443953272	-1385.6811205363383	-149.31132341693365	0.12906165857781104	0.10120347980988602	0.15079931244549255	0.0014159123214295248
187000	-1535.867626088855	-1385.7922311681757	-150.07539492067943	0.122887780157631	0.12201487935068309	0.0954182936494025	0.004636925218305767
188000	-1537.9531364005566	-1386.0105641179389	-151.94257228261773	0.05676654359712721	0.14235420687564887	0.11480872612232446	7.337010155798878E-4
189000	-1535.68655421557	-1386.6716551640943	-149.01489905147565	0.1426583032091665	0.12368614145478676	0.13262089554419715	0.0011431885721686801
190000	-1536.2597509322218	-1384.0010025903753	-152.25874834184643	0.10258806497470875	0.08382973971956514	0.15473856776856817	0.004235656903644925
191000	-1534.9569640923075	-1385.2921384465842	-149.66482564572325	0.08697413671540444	0.09348191780811767	0.1459036709316987	0.0012157880364567562
192000	-1535.6091969710658	-1384.6838280787777	-150.92536889228813	0.12686238788147744	0.09979685772843863	0.11306072335067475	0.005252891052474151
193000	-1536.2132946475817	-1384.6523704015858	-151.56092424599595	0.10960232196880497	0.10079180714374092	0.16558293054606457	0.0021260114964577943
194000	-1537.5072515731692	-1388.4850571922223	-149.02219438094704	0.13697195898166437	0.1667188789744827	0.10508129906434988	1.560159824030689E-4
195000	-1535.2771625605596	-1384.2021715611975	-151.0749909993621	0.10412215037518734	0.07187350591569065	0.10420835942388322	0.003968098958566025
196000	-1537.1482858484449	-1386.9457132987302	-150.20257254971463	0.14835210953719524	0.14764703417574418	0.1703762810531099	8.843425015768933E-4
197000	-1536.1157758691322	-1384.6933554644772	-151.422420404655	0.06883401611474019	0.0712875937164513	0.11089656022509554	0.0012901541175379257
198000	-1538.417179399158	-1382.8001931705166	-155.61698622864137	0.09139622774363415	0.03537072530982772	0.14159826650527316	0.001630814707169403
199000	-1535.6650491451671	-1384.8857350850371	-150.77931406012993	0.06288694745362637	0.10704782697727214	0.1316641451858224	0.001512154623904539
200000	-1534.220968423508	-1384.7213710391193	-149.49959738438884	0.09983737228386304	0.11557019306743403	0.1266066699172401	0.0030594158831315976
201000	-1537.245222005997	-1385.1103827536535	-152.1348392523435	0.06469604380735919	0.0879676881390891	0.09870849326116969	0.001276112664577488
202000	-1534.5595411600793	-1384.3569649146823	-150.20257624539715	0.12648909871988143	0.11527013143067598	0.14480391113957447	0.004563397888047462
203000	-1538.1475838130423	-1387.7520526974333	-150.39553111560895	0.08322208928021474	0.111245203038097	0.07556029609183587	5.211373204038469E-4
204000	-1535.375205858988	-1384.2139266616662	-151.16127919732193	0.09750333198714634	0.07895761248103707	0.1701221014582673	0.002013639577505227
205000	-1537.7055041173196	-1385.229433225531	-152.47607089178868	0.11061700981243466	0.17143264621952087	0.1753938086317519	0.00276575819088667
206000	-1536.2054303031175	-1385.198367037014	-151.00706326610356	0.0974236696870173	0.07134312213490206	0.16612084512931627	0.001096523369041107
207000	-1535.8763757364618	-1383.055044461344	-152.8213312751178	0.16139545133237226	0.06474407872108337	0.15841006849710554	0.003776776533237991
208000	-1536.5852439196658	-1384.5363635652866	-152.04888035437924	0.12581089667837708	0.09611235144583494	0.11892876827250823	0.003634937775190972
209000	-1536.7076295170268	-1385.7618947111707	-150.9457348058561	0.07739542428831467	0.14274818426461724	0.11830991037573652	0.0038186156680039504
210000	-1537.918991841301	-1384.8815127687212	-153.03747907257983	0.1365966633442219	0.06546085414683495	0.11640029405023912	0.0019600451227113637
211000	-1534.7939238982653	-1383.8737750189846	-150.92014887928067	0.13312437552390172	0.09952787876968075	0.1643960682964477	0.004488220544503989
212000	-1537.6915196853513	-1385.0491545720542	-152.64236511329702	0.178704580628749	0.08089711677286264	0.13763671088579052	0.0023020487600498352
213000	-1537.4363921288682	-1383.2380709262327	-154.1983212026354	0.08439450095354574	0.052180511954014075	0.15552465779354863	0.0033164722445070387
214000	-1536.8631711154976	-1388.0112906356314	-148.85188047986622	0.13586014267883662	0.0992021490271402	0.09221248058045507	4.98801875133544E-4
215000	-1537.5407185950878	-1386.45635960441	-151.0843589906779	0.07817816782724996	0.06642414548907537	0.09522882418327624	6.21592741933035E-4
216000	-1536.4260993390387	-1384.1884550268721	-152.23764431216662	0.17123035630692532	0.09240915574712381	0.18220816364771675	0.002968092422864635
217000	-1534.9357824512813	-1383.7812166429696	-151.15456580831176	0.0978454499267105	0.06760541774794293	0.14230024377297812	0.0022403384136116494
218000	-1535.2029469792747	-1383.3041829824278	-151.89876399684687	0.09938295777950042	0.059318718222897575	0.1429588806624168	0.0025745716928310377
219000	-1536.0945935754369	-1386.2407243003859	-149.85386927505098	0.07308805864764781	0.0918709240157779	0.10483918887771196	7.31131400755248E-4
220000	-1538.4181341670023	-1385.799515971097	-152.6186181959053	0.11378814028570762	0.10195502605491674	0.08786174716161466	0.005123348705818283
221000	-1537.518900995888	-1386.2120486844246	-151.30685231146353	0.07584325158881491	0.12318972492762081	0.08324446756402856	0.003999318639549323
222000	-1534.8977518531292	-1384.384259283233	-150.51349256989624	0.09499510068973033	0.0917263725947258	0.11910432935052975	0.003576267230196442
223000	-1536.1258163179175	-1385.1259673260909	-150.9998489918267	0.06949639854918649	0.10043582945738817	0.12944038333373675	0.0032031672312829067
224000	-1536.2795456131742	-1386.7453595028983	-149.5341861102758	0.09587658208312899	0.11429395230025845	0.08378449487918212	0.0013667530315120491
225000	-1536.2332893269622	-1384.5815152332789	-151.6517740936834	0.14859349550816697	0.07111640508371253	0.11400944592717636	0.002980051397571825
226000	-1535.5878215064406	-1383.7143008535684	-151.87352065287223	0.08931132895396515	0.06823176424621803	0.15098356147525688	0.0035162057803086798
227000	-1535.4482276624192	-1384.3209903260029	-151.12723733641627	0.12659143290050676	0.07888770201324291	0.1137025967996561	0.005930895629398721
228000	-1535.0604032701135	-1385.4404648767686	-149.61993839334497	0.11100569175301916	0.088061072080197	0.09792068465594372	0.0022253934481445956
229000	-1538.6937195684427	-1387.2089763746505	-151.48474319379213	0.08516252264055851	0.06162056360488026	0.1223617806287435	3.1350493682438704E-4
230000	-1537.381930207655	-1385.57962861652	-151.80230159113498	0.14857972159844623	0.0682780786712161	0.17099292130287233	0.0011236292037483076
231000	-1536.6329457623253	-1385.0051664299133	-151.62777933241196	0.08154558145674382	0.09337159714496603	0.09668565531044536	0.0021372418738287635
232000	-1536.8465490784365	-1385.203137292549	-151.64341178588762	0.11207061056962814	0.09394939384710896	0.09561054335104355	0.004963996971758241
233000	-1537.0946282741918	-1383.5745594920372	-153.52006878215465	0.09053899847417692	0.05144055491911679	0.1635038825925515	0.0016822610794757571
234000	-1538.39891053383	-1387.1011876164866	-151.29772291734332	0.11506925906128664	0.17240244172976732	0.08486721716828265	0.0029290177495117226
235000	-1534.7022779676477	-1384.47149643252	-150.23078153512745	0.1034235206565517	0.10350383206777643	0.1505203823552185	0.0025436991710523493
236000	-1536.6139630297953	-1386.20571977711	-150.40824325268522	0.11263742383393212	0.15309887295544358	0.10787537285808266	0.001960762091182186
237000	-1537.2192492666459	-1387.8161108822828	-149.40313838436305	0.1120914249160372	0.1212836750105697	0.11687094416819885	3.449233230215174E-4
238000	-1537.2343402449628	-1386.04679776493	-151.18754248003276	0.12823886481598842	0.12784098340601746	0.10097165447271753	0.00783972885590694
239000	-1536.321794418281	-1384.1688339761354	-152.15296044214546	0.10234503192688181	0.05846093555410268	0.13327508383215123	0.001643090273669666
240000	-1534.3587787317415	-1384.7751420507875	-149.58363668095393	0.0961367042559927	0.10322153684074802	0.13161814937176294	0.0021038108324426255
241000	-1535.4703019528315	-1384.2805088284335	-151.18979312439788	0.15470186382390672	0.07633802985724936	0.14068737247668398	0.0026836304316720638
242000	-1535.6049772656704	-1386.0233261534624	-149.58165111220796	0.15175105651447574	0.10677229960915582	0.14822150975997878	0.0014311315709891188
243000	-1534.6779666285709	-1385.0902516455474	-149.58771498302357	0.08868207272977968	0.0984527086276028	0.10415067943297031	0.002028469927641233
244000	-1534.9657350323594	-1384.495535011842	-150.47020002051735	0.11261706689844289	0.10782151358315091	0.1759263624145743	0.0026394340284157437
245000	-1537.2253437979746	-1385.7341796843011	-151.4911641136734	0.08397914028308363	0.16209081813835094	0.13789362353190268	0.001362759952895802
246000	-1535.7569649880552	-1385.8944485778295	-149.8625164102257	0.08734666395549341	0.09036023235128071	0.11949165580385279	9.575567884741352E-4
247000	-1536.848538308194	-1384.9757190459673	-151.87281926222678	0.16145895930567936	0.07833142026796407	0.1089299493215084	0.003557863831268729
248000	-1535.4159983397815	-1384.854344629387	-150.56165371039447	0.06584582930623388	0.10259274496527183	0.11905592116387116	0.0015815543875998845
249000	-1536.4170083455717	-1386.724159406296	-149.6928489392757	0.08740519728614377	0.12869797117306347	0.08879591773113364	0.0010902200043506223
250000	-1534.2531415273306	-1384.563897671158	-149.68924385617274	0.09946748907406266	0.1022996692299874	0.1474742179044853	0.0022920167693042766
251000	-1537.49947126838	-1387.0264738967276	-150.4729973716523	0.13023586619718108	0.123846009655862	0.10596909535099863	0.001153379892857072
252000	-1534.2636237393285	-1384.9712733272806	-149.29235041204788	0.10001776584975632	0.09691601963465434	0.1330513163739716	0.0017668262075086901
253000	-1536.0955635483808	-1383.8120847682717	-152.28347878010916	0.14387226724914937	0.05907813095040574	0.13978475017206005	0.0023796381517651333
254000	-1535.8677013556528	-1384.1495597545957	-151.71814160105723	0.09134929895140494	0.06376244755387103	0.09707472844078945	0.00284468260041706
255000	-1537.416459716957	-1384.8571291796734	-152.55933053728353	0.04960450833972328	0.0881029686316046	0.10847830718356369	0.0010925963803300371
256000	-1537.0608178042057	-1388.102364616409	-148.95845318779664	0.09343618819741503	0.10313230343920161	0.09417732746159246	2.3440703631975518E-4
257000	-1538.3497412986346	-1386.3076247217143	-152.0421165769204	0.06533607594000666	0.09824623271058747	0.10192548048131021	0.004166667023743595
258000	-1539.94816947121	-1382.8977749966787	-157.05039447453123	0.07332773346611875	0.03928618856311689	0.11625293799837794	0.0018413608941682
259000	-1535.554843607908	-1384.3396318527891	-151.21521175511887	0.07701732548088604	0.07879229139597149	0.1548072904711589	0.0017271219772597593
260000	-1537.4637325116078	-1384.4711184211615	-152.99261409044635	0.18077128345496613	0.08135940936949713	0.12014534997837081	0.004636177184655828
261000	-1538.2564902011663	-1382.4203878114458	-155.8361023897205	0.10936298996576244	0.04080863469543081	0.14291498208592596	0.0039857045715390735
262000	-1534.239527832549	-1384.5025794076955	-149.73694842485327	0.1304106318384299	0.10762829234288425	0.1387812953633992	0.0032904285116371963
263000	-1538.5300158878313	-1386.0454834372365	-152.48453245059486	0.1552074673390048	0.13442899259290184	0.15017514308390875	0.012405527028247132
264000	-1538.4974515948657	-1386.4911201280347	-152.006331466831	0.08116705301764915	0.12960744166538934	0.07541002681815077	0.001929457288445327
265000	-1538.8443705652244	-1387.361730387978	-151.4826401772464	0.08407381268699912	0.14169495079389322	0.08120021351038596	7.794136598703878E-4
266000	-1535.6260491429164	-1384.4843133883182	-151.14173575459807	0.12484773058977419	0.06675071834517023	0.10432983619553658	0.00287214936603278
267000	-1538.2600847937106	-1386.1679542523825	-152.09213054132803	0.059334094473460816	0.13596055426854423	0.07470735461145143	0.0011786315409508747
268000	-1537.4087769235477	-1385.9545034141277	-151.45427350942003	0.0823320806979633	0.058907982263449246	0.11350611481784728	6.801340720556618E-4
269000	-1536.282638829496	-1385.3775833386503	-150.9050554908455	0.10195639852222678	0.06678662942912109	0.16063984991571786	9.884133691312445E-4
270000	-1534.5792517159928	-1385.4693306239508	-149.10992109204196	0.11993739871440505	0.10670435165677228	0.11551935055850052	0.0021233113659423265
271000	-1536.5015056524196	-1384.0023282465306	-152.49917740588893	0.16643782141572722	0.0791272576279783	0.13070210870397656	0.008201698915327809
272000	-1534.553703695195	-1384.6124674189202	-149.94123627627476	0.08341492830811205	0.10580600669686599	0.13307790055800922	0.002409109714353073
273000	-1539.7929045391613	-1385.3922179660271	-154.4006865731341	0.09919257717653825	0.04547298332714126	0.07331816115277148	0.0017406642873691997
274000	-1535.6163513772092	-1384.3461829004018	-151.2701684768074	0.08744623435628458	0.08860288655709168	0.13355647790168035	0.003587986229222552
275000	-1538.3878895891708	-1385.7225984032339	-152.66529118593678	0.1513745069465987	0.16341341760291994	0.1861758643428803	0.002106925284281818
276000	-1535.6533836368812	-1385.5096197470991	-150.1437638897821	0.07597573965096854	0.08355152348550537	0.13523893713717516	9.196000880044505E-4
277000	-1535.7928016414573	-1383.631044668226	-152.16175697323135	0.16150481910351697	0.07170123877883965	0.13863953717858227	0.003803244629670718
278000	-1536.8975690755556	-1384.891211870723	-152.00635720483254	0.10408734452086696	0.13862621869212594	0.14101173179786217	0.003563968867169038
279000	-1537.9928165544927	-1384.5000231160298	-153.492793438463	0.11150759337856565	0.06169769607334239	0.11215217502383082	0.0019038975546206605
280000	-1535.7950774808676	-1384.4820788857953	-151.3129985950722	0.0866481010651438	0.07458526612311621	0.10853111587312335	0.0042188317812823055
281000	-1535.5471604894965	-1383.9952708281571	-151.5518896613394	0.11621775697781271	0.07105053710261001	0.12966487603144622	0.005890495212945616
282000	-1535.177868907312	-1384.957223919263	-150.2206449880489	0.08585472574019441	0.10739028860926345	0.11541748803761936	0.0038020362677770444
283000	-1534.2652948738205	-1384.5187579680587	-149.7465369057617	0.10240704193882236	0.10213958385057141	0.1216694401993604	0.003670447785298026
284000	-1537.9593918543733	-1383.916120994948	-154.04327085942543	0.06888487846452314	0.06288911108051523	0.1076413340134881	0.0024711086622792233
285000	-1536.2399677615847	-1386.12929927933	-150.1106684822546	0.09417430315233902	0.12099255563875494	0.10031559387489224	0.0014175003095540646
286000	-1535.3577761514894	-1383.7667802123813	-151.5909959391082	0.12663616843766895	0.07375641772264759	0.13195180712559781	0.00327174938939866
287000	-1536.5123011333078	-1387.3695837340574	-149.14271739925044	0.08291913180420812	0.10546135239382999	0.09376557558828129	4.7700641443366423E-4
288000	-1535.3096036731822	-1384.8058962150876	-150.50370745809462	0.12392367812808358	0.11504477048730243	0.13652350332021004	0.006438210396929188
289000	-1536.8942746312598	-1386.4726538511952	-150.42162078006464	0.0996508779598729	0.11741377728404107	0.08312540251962666	0.0020370493073328185
290000	-1534.8941168253868	-1384.47333002091	-150.42078680447696	0.08279983482875009	0.08875398259696533	0.11100414760031173	0.0029216018950946293
291000	-1537.311460112855	-1385.7819930099836	-151.52946710287142	0.0878326816966901	0.1605923133809062	0.12034461512455476	0.004256014640815521
292000	-1536.285181806689	-1388.0953031586696	-148.18987864801952	0.11252146641251075	0.11858366487466236	0.13065798489082975	1.8289806321432076E-4
293000	-1538.425576847716	-1383.7384940068148	-154.68708284090124	0.09937887150606707	0.05142690759968305	0.145017384546535	0.0016489927747976006
294000	-1535.5055629965111	-1383.957871314124	-151.5476916823871	0.10297053757731756	0.061134782912958666	0.11011243821789284	0.002448714217952383
295000	-1535.3621358613625	-1385.0181571328853	-150.34397872847708	0.07216064897154119	0.08913416020032325	0.10824243667487402	0.0014019648237780149
296000	-1536.4623031092449	-1384.2427407827051	-152.21956232653966	0.09317934404479065	0.052198848256623916	0.10812855597138438	0.0015887605978100992
297000	-1537.0336178432733	-1385.671111138037	-151.36250670523623	0.07503059885062098	0.15289782512228553	0.10427178124484937	0.001598118697539255
298000	-1535.425225671132	-1385.3540203859004	-150.07120528523149	0.09608798638512674	0.0706065967425185	0.12744325321813715	0.0011000985654639524
299000	-1535.1935367082056	-1384.2779335900343	-150.91560311817136	0.08434793623690127	0.0817387664736066	0.13590135604885162	0.0020085962847959785
300000	-1535.4003963621142	-1385.3811069355365	-150.0192894265776	0.09013073446751525	0.14147540948919035	0.10967293071319756	0.002463848394684963
301000	-1538.603959154697	-1384.4095374559872	-154.19442169870962	0.06315463222108579	0.060282385607471976	0.14243139666217708	0.0011189117973095328
302000	-1536.602246943745	-1386.599528691667	-150.0027182520781	0.15714031675485995	0.11320839159328915	0.1297288817039223	0.0012891163247232321
303000	-1537.6666256673288	-1386.0598091086483	-151.60681655868055	0.10998669813854409	0.1380909908063993	0.20198578017647043	0.0012327135684636506
304000	-1536.3217063115303	-1384.8432703522494	-151.47843595928097	0.06792798599869573	0.09277269841001225	0.10843365006578973	0.0028686235201006494
305000	-1534.981543085613	-1384.4024411623318	-150.57910192328123	0.12074390226538839	0.09020476416551405	0.1208710144949771	0.005694838889067246
306000	-1535.5109184811668	-1384.0844446742217	-151.42647380694504	0.09723391358717867	0.059548631472067515	0.11031869621070076	0.002044655917439145
307000	-1541.2906735166566	-1383.6152804783428	-157.67539303831379	0.08073969286566944	0.05116584713274708	0.11344253012539737	0.0018355450460330344
308000	-1537.1804215173497	-1383.7285132282966	-153.45190828905302	0.12145852132366637	0.05998303180909008	0.12421497598318122	0.0025923611435135522
309000	-1536.9068989432765	-1384.8424850632323	-152.06441388004416	0.0882477981581621	0.0796902624672971	0.09232030753452887	0.003854548170414705
310000	-1537.6968785742574	-1382.6690290838394	-155.02784949041802	0.11683450635019227	0.04361582328287376	0.1640073495732402	0.002323286161446231
311000	-1535.2978389016364	-1384.8248388380543	-150.47300006358213	0.10553367981735859	0.11254450197991023	0.11730375697210069	0.004295196849971062
312000	-1534.8710525333954	-1383.9162581120377	-150.95479442135766	0.15335196172229257	0.09170466836296023	0.1490049272082343	0.003910176811862121
313000	-1535.6884496370144	-1384.9354480827446	-150.7530015542698	0.08441290350696495	0.08056714176206647	0.11033649912770709	0.0015403084074869801
314000	-1534.843899986373	-1384.4069342001267	-150.43696578624633	0.13221663097768366	0.10970253399583328	0.13614419779031225	0.005856976218783442
315000	-1537.8802512843267	-1382.638494180152	-155.24175710417475	0.1039938975892259	0.040558407774613656	0.1243731521759482	0.0038198681135582376
316000	-1535.7200175867197	-1385.0037114299876	-150.71630615673214	0.12863007125895626	0.0969436976992806	0.11037404048244571	0.006928516217113265
317000	-1539.4843506078555	-1388.1227607529936	-151.36158985486202	0.11079461265228137	0.08925173600700574	0.06468051772508984	0.0013052334758831996
318000	-1536.6947774384616	-1386.0376066254198	-150.65717081304174	0.1012660162744412	0.06883462912364606	0.08666408340013768	0.0013135123001237125
319000	-1539.4523841881226	-1384.9533431259065	-154.49904106221612	0.04178602724596106	0.07943712393549084	0.10617697105367224	0.001683612488996533
320000	-1535.9457868213012	-1383.1108921410043	-152.83489468029683	0.13343228916259425	0.07083113368286058	0.16756279554372552	0.004691229948944038
321000	-1535.994961409798	-1385.0764384049417	-150.9185230048563	0.06172299660801302	0.11994442903632112	0.11255924760070356	0.0015497953543110784
322000	-1534.7978759368152	-1384.2715316967767	-150.52634424003847	0.10200673510063976	0.07553274050853627	0.11383153985597508	0.0025441171140764343
323000	-1538.7384154338233	-1385.207070892079	-153.5313445417445	0.13538569977125633	0.07680833163953468	0.09873659210355884	0.007373752493823989
324000	-1534.8190131169	-1383.821556166863	-150.99745695003674	0.11313109048758452	0.07097419954332307	0.11698155049916824	0.004140936347428013
325000	-1534.8234929166179	-1385.1073372340952	-149.71615568252275	0.0898556277863673	0.12690126050038414	0.12810513283421696	0.0020331266500889233
326000	-1535.3814688312602	-1384.750781537301	-150.6306872939593	0.14852166199733569	0.09831276477968293	0.13735441162479628	0.002818257897440872
327000	-1536.2030849040125	-1385.8161526964898	-150.38693220752276	0.12159696259540345	0.13068730772232984	0.09805516377043978	0.004039383613147405
328000	-1540.1833186948247	-1388.533176595498	-151.65014209932676	0.07453273933081754	0.05488142863766772	0.11697944655182747	1.8494510134812877E-5
329000	-1539.796090117012	-1385.5796254468187	-154.2164646701934	0.07283044434248544	0.08126533365719947	0.21351678885727324	0.003224283558026978
330000	-1537.7156669325846	-1385.4948478324536	-152.22081910013097	0.16990562041459228	0.08115046401328771	0.09695504721190358	0.00631271685963181
331000	-1535.5336236726644	-1385.5763829151563	-149.95724075750815	0.11656021395598042	0.13979378317108998	0.12510042504528496	0.002210250014164085
332000	-1534.9491506643883	-1385.3421238942392	-149.60702677014908	0.11732954443900805	0.14273126918194542	0.13225682577186487	0.002479680732264816
333000	-1536.01643913641	-1387.3650634416163	-148.65137569479396	0.1287439836428307	0.11895214698748517	0.0972932210038458	0.0010051051949829105
334000	-1535.5471702426803	-1383.7941916116918	-151.7529786309886	0.12297888786008947	0.07578344264818063	0.14414337178532508	0.00588260648650918
335000	-1534.5852704112335	-1384.6347856856119	-149.95048472562155	0.0911370576789395	0.09776754557666201	0.1181804617168322	0.002435842084560252
336000	-1538.142996950418	-1385.7375741592614	-152.4054227911566	0.04794200472999228	0.1386925865783563	0.11263054436267939	7.226888327419679E-4
337000	-1542.8564424214428	-1386.553458040172	-156.3029843812709	0.0673461359435492	0.06368590635392378	0.06336266936217588	0.0043251618149858975
338000	-1535.0701335720767	-1384.4664085032512	-150.60372506882547	0.10207928063222949	0.06811302576052408	0.1117820867631893	0.0019991164753737755
339000	-1539.1227865329452	-1386.9375543298772	-152.18523220306784	0.09451054459720976	0.09028099188129432	0.06641058283494307	0.004581998170110404
340000	-1534.6103131976251	-1384.4844138000083	-150.1258993976169	0.13000705748022431	0.09543383014769555	0.15173437921338898	0.00253138679298277
341000	-1535.9662054784205	-1386.4684120821537	-149.49779339626681	0.1310333391854273	0.14238616674381058	0.10270392165968217	0.002329778033413481
342000	-1536.710709767951	-1383.0356309959698	-153.67507877198113	0.08923101866526179	0.04780981917855191	0.12155208786753884	0.003417750622064125
343000	-1536.2800758526798	-1385.7654754988016	-150.5146003538783	0.11764597556512789	0.12622721028018083	0.09768078022339882	0.005568730357153981
344000	-1536.9907049912028	-1382.9522323347974	-154.03847265640547	0.15702790429531235	0.06160027576062064	0.19177802914583483	0.003264445471744873
345000	-1538.7476914373367	-1385.8071551492583	-152.9405362880785	0.06495228435579667	0.19971495488012533	0.10428190778604272	0.0013795700931239984
346000	-1536.2868755560082	-1385.0734251468032	-151.21345040920505	0.06477548454174767	0.12992127929790645	0.13135587944334587	0.001701087558633085
347000	-1538.1409677956494	-1385.469417440917	-152.6715503547326	0.11668048081879925	0.06557860978374629	0.08587301252799906	0.006183317693085306
348000	-1537.377376265106	-1388.1638876321256	-149.2134886329804	0.1110266793202523	0.07640310702035048	0.09147287922562065	2.278280730377167E-4
349000	-1535.7464918719284	-1385.6937330046828	-150.05275886724556	0.07073237709546128	0.09775154849632982	0.11234798988639515	9.497001769884046E-4
350000	-1535.8100089277161	-1384.3970343951567	-151.4129745325594	0.10553392869818254	0.06417153333647305	0.09960900441425645	0.0025413729630330293
351000	-1535.6080026092145	-1385.9548269864813	-149.6531756227331	0.09841024998548815	0.09947119840490713	0.13518277989887667	0.001015889350547397
352000	-1535.6103050929084	-1384.42002371454	-151.19028137836838	0.07625358950190723	0.08330675199600189	0.15523804838989705	0.00175646216604148
353000	-1536.2837375820436	-1385.0798809946891	-151.20385658735447	0.127571198194977	0.11882535912711852	0.11860676156135308	0.006564636806224876
354000	-1534.5633912253002	-1384.599425331116	-149.96396589418413	0.11992567586642418	0.08643999810971997	0.10957951492515984	0.0033782217160752506
355000	-1536.6104930095178	-1385.2552286736586	-151.35526433585918	0.06614580077638674	0.09422877838221855	0.11932195648787806	0.003289330479317658
356000	-1536.0834793740378	-1385.0641565283338	-151.01932284570404	0.0859919901905855	0.12361180200187756	0.11823675443043591	0.0034537340906976664
357000	-1536.3906955827736	-1383.8772560809375	-152.51343950183613	0.08345693805067501	0.0679202770945843	0.11362364896338782	0.0029101974697543008
358000	-1534.6573439829983	-1384.3828807720083	-150.27446321099006	0.08764952906792774	0.08585241446776694	0.11495493572103993	0.0025304506148549257
359000	-1535.0664571773202	-1385.7639175753143	-149.30253960200585	0.12509124815099676	0.09125272873996321	0.12847536510774557	0.0013892497422751209
360000	-1535.783167684621	-1383.9883439528364	-151.7948237317847	0.07556140536614113	0.06403348425187484	0.1174454406189486	0.0018354793228960776
361000	-1536.8836360977537	-1385.3334035367948	-151.55023256095885	0.0633994051983285	0.11431421511972384	0.11769645135296664	0.0028030875914448446
362000	-1535.7042865841256	-1384.0881466371634	-151.61613994696228	0.07749863313977993	0.06447345781619103	0.1110264935301005	0.0018605264751787509
363000	-1536.910852604788	-1385.7451549713137	-151.16569763347425	0.06340111549924338	0.07978863425342163	0.10223623925017507	7.754828009621832E-4
364000	-1535.140104806592	-1385.240155762169	-149.89994904442307	0.11005799730589955	0.11255108665335396	0.11223814047154258	0.002503903432381452
365000	-1537.5158611503766	-1384.563775010513	-152.95208613986372	0.10511328053716949	0.07058742715802262	0.1009635910088586	0.005199958196226838
366000	-1536.7903614776071	-1385.1916976419386	-151.59866383566842	0.056956679082410006	0.10719710907908425	0.13497946821379095	0.0010534430212152854
367000	-1534.8360559514772	-1385.6661000396389	-149.16995591183843	0.10803794084082186	0.0893335715429418	0.11501157411728317	0.0014045970174339838
368000	-1536.0166307798145	-1384.31796104115	-151.69866973866434	0.14065734602465493	0.08140703913457505	0.12762829428376954	0.003062724292067432
369000	-1535.0138982267956	-1384.1062331345815	-150.90766509221413	0.09284955387232156	0.06901284522533441	0.1189491663512197	0.002132254159965559
370000	-1536.6800573236226	-1385.2832417469936	-151.39681557662897	0.0771658144105495	0.11355539285863889	0.11557753401395385	0.0014813881911372622
371000	-1541.3872775687826	-1388.5719735541077	-152.8153040146749	0.1280260357038384	0.07106317124519526	0.11200164676185088	0.013518909771026762
372000	-1536.59911494975	-1386.1573266737169	-150.44178827603307	0.07214163930918933	0.07559326797043801	0.12065898251696473	6.136196441420624E-4
373000	-1535.4063418727717	-1385.3670853538883	-150.0392565188834	0.1175674179479912	0.09790464524388003	0.09913513672626081	0.0029806902260375596
374000	-1535.9853728012445	-1385.2928575381754	-150.6925152630691	0.07101508818832505	0.1340584403287609	0.10644183637620229	0.0026048829375931123
375000	-1535.6644236940706	-1383.2089867121754	-152.45543698189528	0.12676916447387082	0.05570674220177517	0.13828435603713016	0.002819688131631063
376000	-1535.6100197780045	-1387.288024508567	-148.32199526943737	0.11317430140855068	0.1081843584643979	0.10956605016815486	6.29494937813359E-4
377000	-1535.316317037396	-1383.3023394543607	-152.0139775830353	0.12985663759555205	0.07397044904381554	0.16210992194326143	0.005018827106186185
378000	-1534.9575114791066	-1384.4466466697854	-150.51086480932128	0.15027187663005653	0.09167283335887534	0.13536127492589314	0.003192682711549439
379000	-1534.3162626530675	-1384.4646247709416	-149.8516378821259	0.1037939221917284	0.08322289507853546	0.1194654560584176	0.0023854057704102037
380000	-1534.8215269620769	-1384.6166587452867	-150.20486821679012	0.09585353600892262	0.07327471281056791	0.11505264389457828	0.0018057529278426897
381000	-1534.7347854340182	-1385.1540423331423	-149.58074310087596	0.13006106962297043	0.09011769236347333	0.12021121558247326	0.0021845703783537826
382000	-1543.9609772600793	-1383.3689046744744	-160.5920725856048	0.0414635384787307	0.037056510491577474	0.09933401467441876	0.0011494284285739828
383000	-1537.1302832046752	-1383.3148602210838	-153.8154229835913	0.09356105019021053	0.05021830235433967	0.12031033672942364	0.0022255189833833007
384000	-1534.7679014774312	-1384.2171757856138	-150.55072569181755	0.1124268888660215	0.08151658184912168	0.11343620937872304	0.004367420988565781
385000	-1534.466117466623	-1384.7970529457873	-149.6690645208357	0.10960615242566744	0.09724149150161698	0.14787906804221074	0.0019559990076226876
386000	-1538.642965733019	-1384.5838219801572	-154.05914375286181	0.10265496575015846	0.09520926521834219	0.21440638957765784	0.002513952333901653
387000	-1535.46943282086	-1384.711118771379	-150.75831404948107	0.09188596961341199	0.0889572986703191	0.13010492327985543	0.0046873004248100545
388000	-1534.2145439015303	-1384.4514283549938	-149.76311554653637	0.12101508356979875	0.08483825334855923	0.1290996436411424	0.002529895991754453
389000	-1537.5922129748037	-1388.1423635299893	-149.44984944481445	0.08792659637871059	0.0956537346239104	0.09016923640581836	2.10104128189275E-4
390000	-1536.256031860136	-1383.1887531035436	-153.06727875659251	0.1401910893861195	0.0588902406715444	0.13190030792050975	0.005445818255311273
391000	-1536.6823070213484	-1382.5061664282257	-154.17614059312265	0.1277128748171636	0.0503759553097494	0.17407199068875984	0.003288523682552168
392000	-1535.582689288533	-1384.7699735349597	-150.8127157535732	0.09510776672873016	0.07652818029644015	0.11579885421544181	0.0017108233570942908
393000	-1536.4966222150156	-1385.3975736894593	-151.09904852555627	0.11203317086228184	0.08465270246501926	0.08721814895481923	0.004382991832288114
394000	-1536.5355126319091	-1383.9467667643205	-152.58874586758853	0.14387533905707173	0.05478745922387216	0.15214596857774773	0.0019199224402102922
395000	-1535.6671018577372	-1384.235777133875	-151.43132472386225	0.07511823379344806	0.06818968769917012	0.11374665987722986	0.0017222296299328947
396000	-1535.192292713012	-1383.841348952743	-151.35094376026908	0.14427721475477817	0.08537524159841202	0.133474968757987	0.0059628188254439605
397000	-1536.1037610059159	-1384.0144515483144	-152.08930945760153	0.0710104988923016	0.06841427381773633	0.11135980775608433	0.0023680626352096078
398000	-1539.8192418959607	-1384.117611974096	-155.70162992186474	0.06935914130588727	0.04170889923686478	0.08209189684397106	0.0014280784082646675
399000	-1536.117937106601	-1384.2961280762422	-151.82180903035882	0.14494837939677244	0.08404257263827733	0.11548118414157664	0.005680940615475709
400000	-1535.1491314209552	-1385.0854851192335	-150.06364630172175	0.10671706927972419	0.1444566502144625	0.14703277832020356	0.0025120232266581896
401000	-1534.818105422137	-1383.365700701689	-151.45240472044784	0.11095305367916697	0.06763274287058434	0.1394573486440318	0.0036624604224667983
402000	-1538.0309132273794	-1386.1944791059343	-151.83643412144502	0.1413856298958293	0.17782815709572852	0.10545780216705601	0.005094565969398684
403000	-1534.5429666671914	-1384.737934126475	-149.80503254071647	0.09855651262472379	0.09666989388435952	0.10696591266266137	0.003141785651166507
404000	-1534.6460231139965	-1385.3484429857099	-149.2975801282866	0.12109672588760585	0.09639004234195278	0.11730246968734079	0.002013301479819638
405000	-1534.7598963193896	-1383.544855878583	-151.21504044080675	0.10204412120002505	0.0673409085822124	0.12817222565012365	0.003344840722202697
406000	-1539.0558311547838	-1386.2045847829804	-152.85124637180346	0.18154974110019725	0.1146625762345581	0.09823207718921564	0.006581042089097683
407000	-1536.6569178805687	-1383.0439022158628	-153.61301566470587	0.08854703549161638	0.049811374397864865	0.13863213247266473	0.0034829575817121325
408000	-1535.7548965795459	-1384.485675178299	-151.26922140124688	0.12337360123914005	0.0991813596090559	0.18001932490282693	0.002413664648992875
409000	-1536.8927303790674	-1382.391705994884	-154.5010243841834	0.11436365427902108	0.04187364549800992	0.13638033011021125	0.003509329306831989
410000	-1535.430177867447	-1386.0097445539361	-149.4204333135108	0.10251029781947339	0.08082881997331798	0.13993470898097637	8.68355841411297E-4
411000	-1541.4126363231157	-1386.0218146219086	-155.39082170120722	0.08147460417673326	0.04681186462263505	0.06738801594010449	0.001070797956642828
412000	-1535.1258454290517	-1384.6346619404114	-150.49118348864027	0.09477860962805945	0.09917597802745823	0.12586841361511966	0.004228558775771426
413000	-1536.9881241212847	-1384.2691372999695	-152.7189868213152	0.1104621004335784	0.07205205350935394	0.10312001430676117	0.004141126032891599
414000	-1536.6290403235535	-1385.3018466907997	-151.3271936327538	0.07447889377890515	0.10106806056411766	0.0899033842861843	0.0018954353891462794
415000	-1536.3353054308895	-1385.1193646024394	-151.2159408284501	0.061761791849938366	0.11820959774059661	0.10177763417269774	0.0020888729321330325
416000	-1534.5981340694384	-1384.259981836905	-150.3381522325334	0.12434168803347334	0.0820898260583871	0.1147875340163661	0.003825863259000771
417000	-1535.4972793374495	-1383.8407496273212	-151.6565297101284	0.08197037429193099	0.0639103869693425	0.13766884411157257	0.0018957330773159329
418000	-1535.457596026254	-1383.6948706529874	-151.76272537326636	0.09532203279172559	0.07304950384314042	0.15373266736309057	0.0034660571359726973
419000	-1539.9778307471458	-1385.937024507854	-154.04080623929192	0.1313953246150629	0.13564647936600535	0.09875159858321589	0.004633551952082492
420000	-1537.7171496264643	-1384.4488721174132	-153.2682775090511	0.1202954494683769	0.049700488917945415	0.0889732172472841	0.003039149933963309
421000	-1536.8439890937111	-1385.1310957423168	-151.71289335139443	0.13559847133531996	0.12646474382719647	0.13621811797076278	0.007938205909351006
422000	-1537.2681908483405	-1382.763854007696	-154.50433684064444	0.08191127533039974	0.04389670454480105	0.13114167180440878	0.002553992352506614
423000	-1534.8094878497254	-1384.6504768596376	-150.15901099008786	0.14867077680431448	0.11411535783109272	0.13765353792974533	0.003675127271878927
424000	-1537.091666927408	-1383.612851993848	-153.4788149335599	0.11831045229859928	0.05090845622746873	0.10950139130369436	0.0050294383931737355
425000	-1536.5114907554591	-1384.6615578573055	-151.8499328981536	0.10633659091219144	0.05370200243684637	0.1381001707473175	0.0012301875966228475
426000	-1534.7238801338888	-1384.65787466301	-150.06600547087865	0.10297649715741332	0.0850623705517342	0.10565644663632053	0.002769978729085488
427000	-1535.5005490889612	-1385.3405685548664	-150.1599805340947	0.11972726524707786	0.11335321335188688	0.11726066700253168	0.0024015240502516964
428000	-1535.072389116232	-1384.8242147507717	-150.24817436546033	0.1261673472220831	0.11786615798241358	0.12148973098363304	0.005512480543403425
429000	-1535.86325650894	-1383.9012898526403	-151.96196665629967	0.08899082613608271	0.07116315574289192	0.15725457755961872	0.00212482785824143
430000	-1535.3172065861204	-1384.3187214172553	-150.99848516886502	0.1430637803278195	0.08470886215698079	0.1149523055908577	0.005387943796058802
431000	-1535.8808353014613	-1386.1612553559069	-149.71957994555447	0.11199961041647831	0.10634684631035858	0.08678068778253535	0.0026804630912535226
432000	-1535.503235467033	-1383.5437104556022	-151.95952501143077	0.1373792291818212	0.07202305939796973	0.1316643117347563	0.004190636270734504
433000	-1534.8050645657577	-1383.4410238732962	-151.36404069246146	0.14093184854405022	0.07844476969456472	0.14691895961532053	0.004443877225285897
434000	-1535.2341763062102	-1383.3501225670839	-151.88405373912633	0.13275676335441725	0.07790136484034971	0.16724846266452625	0.00497674891168764
435000	-1539.4113009520393	-1383.5913603376453	-155.81994061439408	0.053067171203169144	0.04785489398169249	0.12863871977910593	0.0018602014012866156
436000	-1537.0898327635296	-1385.4989419994695	-151.59089076406005	0.0586665746014733	0.12069363144562796	0.10691527922441418	0.0026062197287125216
437000	-1535.7584870898552	-1385.4385326043694	-150.31995448548574	0.11127136071192713	0.10683761589985248	0.16035375273803973	0.0014550429654838293
438000	-1536.0860977456953	-1384.9069389786791	-151.1791587670161	0.07011178967583417	0.1160363258500864	0.12109909158277635	0.00231497134986054
439000	-1535.6052915763958	-1383.4633548122658	-152.14193676412987	0.15892299570708562	0.07427832821576613	0.1365160188033549	0.0060351283082925936
440000	-1535.4091054048529	-1385.6517380783625	-149.75736732649025	0.10104830178801737	0.08529713437480113	0.10418757912952818	0.0014422743776100946
441000	-1535.5431714212127	-1383.152324908093	-152.39084651311973	0.10491798873516343	0.06181613326641946	0.16094196400090366	0.0035741799048229377
442000	-1534.8493934819596	-1385.3797119554547	-149.46968152650498	0.10258689858701615	0.11663215059690293	0.13787639627309575	0.0016343446038139537
443000	-1539.4135137755845	-1387.708073548891	-151.70544022669353	0.10581788322342216	0.1088413531879952	0.07502453048396751	0.0010148637114019631
444000	-1535.1655143888725	-1384.0806636324396	-151.08485075643287	0.158710073183441	0.09807136648332822	0.14499438767770756	0.004177266240984933
445000	-1535.5825999786907	-1385.4791083563134	-150.10349162237725	0.11939437124285834	0.0930689927721394	0.1251937595811781	0.0016195664204615911
446000	-1538.7734995951223	-1385.0106380861548	-153.76286150896755	0.0924864817484534	0.05477159226714695	0.08689471203195742	0.005245106331030695
447000	-1536.5456357147652	-1384.4382952049143	-152.10734050985087	0.09698448330982622	0.1007546847362506	0.13548615802023092	0.002706587676724723
448000	-1535.1101893495866	-1384.9749044440598	-150.13528490552665	0.10996012691646428	0.09128666764710634	0.1632816474305468	0.001612760582293401
449000	-1538.9870065904533	-1384.7403010029525	-154.24670558750086	0.05716652189756593	0.0817236071879371	0.17102815298959803	0.0015388449694697236
450000	-1537.7387027734792	-1385.5704346425666	-152.16826813091254	0.10787126057751412	0.12521316201603833	0.21239110370488098	0.0016046633600880836
451000	-1539.1294227173712	-1384.9589586345987	-154.17046408277244	0.042442096928053785	0.08564608791306458	0.15136039227890308	0.0010267616142495915
452000	-1536.4885663574535	-1383.614226142025	-152.87434021542853	0.15870466037476408	0.10076697003712723	0.18718620137908765	0.005216277962701738
453000	-1537.4992829485955	-1386.3675897783178	-151.13169317027763	0.08920878527099338	0.10966028610328546	0.14744386401835066	0.005951452531282492
454000	-1537.5799281388188	-1382.8724021545117	-154.70752598430713	0.08372899472948293	0.044285939060035515	0.15348420210305352	0.002065678265225988
455000	-1536.8700516477659	-1383.7804457651941	-153.08960588257168	0.07433203754012743	0.061848993838732984	0.168157560383333	0.0020821365461347907
456000	-1535.2864776556917	-1385.3667460587906	-149.91973159690122	0.08276919082375389	0.09658878190732867	0.15547647316289695	0.0011393587749612545
457000	-1536.2927752647038	-1382.868732815728	-153.4240424489757	0.10578866467281355	0.05239430558969695	0.1506086108955452	0.004008055209284713
458000	-1540.8824732243497	-1382.983738712659	-157.89873451169075	0.0849248713104536	0.040260603301132146	0.1352198646799896	0.0017234201934929216
459000	-1535.4215090272264	-1385.2060161554386	-150.21549287178766	0.08669381974535284	0.12623284747034771	0.11697726261774477	0.0037684558100356006
460000	-1535.2981095085172	-1385.1607242328012	-150.13738527571604	0.13578870926780393	0.11250575554551004	0.10833259867741178	0.004651132252970985
461000	-1538.993675544989	-1385.6165655098841	-153.37711003510483	0.16141305062660483	0.17459379746147208	0.12030014964669118	0.006542962301655607
462000	-1541.9482366873208	-1383.89540792759	-158.05282875973091	0.11713478481375271	0.03103619080989318	0.11782588807572345	0.005576069119652342
463000	-1537.8604300697903	-1384.347121649725	-153.51330842006513	0.14533212221962594	0.05109173821305555	0.09706478672248478	0.0038119933455930148
464000	-1535.0638925303897	-1385.0822544013076	-149.98163812908194	0.11284017504836122	0.14840841579385236	0.13092212172109183	0.003514451768986132
465000	-1535.4167986616135	-1383.4465713024354	-151.97022735917807	0.10100724066157242	0.06099747205991504	0.12485086607843487	0.004014387778065201
466000	-1534.574545454912	-1385.134196424131	-149.44034903078094	0.0990825527124723	0.1163140593181786	0.10787658253334795	0.0028052907382677228
467000	-1537.7453937693715	-1387.2224184133895	-150.5229753559819	0.12978962404313582	0.10485763663842622	0.14585387350109866	5.478436758810067E-4
468000	-1535.7582527462966	-1384.4510801304461	-151.30717261585048	0.08972661010884943	0.09957107726788728	0.1290236483775925	0.002966941701506381
469000	-1535.2233877771357	-1383.8123885576424	-151.41099921949336	0.08752821211434439	0.07383452847203605	0.14629198422153025	0.0026611237791018837
470000	-1534.8909497114896	-1384.2075297511199	-150.68341996036986	0.13582707574011602	0.07242961686477686	0.1207682296753706	0.002994802474034637
471000	-1534.7251091571143	-1384.4299436623692	-150.29516549474516	0.10508729011298448	0.1097549477241168	0.15452513229632928	0.0038613046155496528
472000	-1537.5573428003793	-1384.596591765293	-152.9607510350864	0.07154782611638721	0.07096174222502397	0.0987236550716962	0.0016069446973514365
473000	-1534.750239579558	-1384.3003055393197	-150.44993404023833	0.10121314833804142	0.08168480671914272	0.1098254099958499	0.0037716107604646772
474000	-1537.717968343545	-1386.8739624490709	-150.84400589447412	0.09880444224790931	0.07294847356680526	0.09085601318033254	7.207670098242873E-4
475000	-1535.6720395143197	-1382.9129214899222	-152.75911802439748	0.1186618456532537	0.05310313344008167	0.1314131609130591	0.0037875422272912536
476000	-1535.7112893284268	-1384.234998196107	-151.47629113231983	0.15162114856239556	0.08100010839897945	0.11598614322134398	0.005404891825869055
477000	-1534.7690763152575	-1384.7490219603935	-150.0200543548639	0.09662295243460817	0.08862391542987208	0.10139895586107847	0.002911842693860876
478000	-1537.8796229611175	-1386.9276058928028	-150.9520170683148	0.14477059061634062	0.06770294074463888	0.12089004309118433	6.520966923877671E-4
479000	-1537.2223245151126	-1386.0162690432417	-151.20605547187105	0.06767949689336317	0.15494574741957193	0.08828494805249898	0.0013537235797503255
480000	-1538.1380253285624	-1385.5365176725975	-152.601507655965	0.11379415520317918	0.06336515547337661	0.07818099745201046	0.004358113917900992
481000	-1534.494443667791	-1384.7567912330396	-149.73765243475134	0.09284160506626264	0.11972244130006819	0.13725458076377967	0.0026101778013657264
482000	-1536.4155054906068	-1386.2172939495	-150.1982115411069	0.1505028334376567	0.12055462921838753	0.09923734737538618	0.003698531419884688
483000	-1535.495052972936	-1385.440992820804	-150.0540601521321	0.14610559681598492	0.07962565141552401	0.13169373303183582	0.001636256129437354
484000	-1534.7319021110425	-1384.564016274735	-150.1678858363076	0.1264610131139443	0.10659917053729508	0.12952097652531722	0.0034428364568356864
485000	-1534.552776703637	-1384.755374769648	-149.7974019339889	0.09055422183803655	0.10945772301791795	0.117030516921108	0.0030943749654749725
486000	-1535.3823237987601	-1385.5582557832304	-149.8240680155298	0.08668795649365145	0.10123766075913598	0.0929187597014732	0.0018224612539517466
487000	-1535.2878022353223	-1384.1658793234467	-151.1219229118756	0.08552420616747908	0.08555286584456481	0.15071632726136058	0.0029538327283391533
488000	-1535.8985920621408	-1383.8012942442583	-152.09729781788258	0.1291242133065223	0.07222951097227931	0.15891313528924383	0.002549224356438373
489000	-1534.8127235419188	-1385.747410054988	-149.06531348693085	0.11880019934748497	0.11623547681830587	0.1073793675309418	0.0022568932427265696
490000	-1534.534336803699	-1383.9604937510016	-150.57384305269747	0.1057018043066305	0.08246599120428798	0.13411429587833018	0.0042804600816494535
491000	-1536.4766202650612	-1384.6536416970869	-151.82297856797433	0.09587595339616789	0.11682170700358578	0.14848185505090725	0.0026806627453751708
492000	-1536.3012694495196	-1382.6712442863063	-153.63002516321325	0.10908681113044866	0.049159746443491636	0.1421266328993398	0.0036098238209762022
493000	-1538.093197657032	-1383.1644967924599	-154.92870086457216	0.1575943074892112	0.059677380262868285	0.15132547391509968	0.0070873608689678395
494000	-1535.7288734785704	-1383.5948381472517	-152.13403533131873	0.0818144059538218	0.062158726145611784	0.12885014297711675	0.003056106181236418
495000	-1535.805412015101	-1385.2396762964763	-150.56573571862472	0.0886023302097384	0.068516968949888	0.11579076504399848	0.0011373277637261705
496000	-1535.0036134718318	-1384.5971197931585	-150.4064936786733	0.08895144146551819	0.10797547524128386	0.15122906958782992	0.0031841279018832622
497000	-1535.4505338194404	-1384.6159628145447	-150.8345710048958	0.07984301253051523	0.08430232401597161	0.09980465729744686	0.0030452553847395447
498000	-1535.1872528834426	-1384.0218037325267	-151.1654491509159	0.10649542768769209	0.08921497065888816	0.13850854222483772	0.003500090465649639
499000	-1536.9431710264696	-1382.7143577443157	-154.22881328215382	0.09612645498055632	0.043027152323314694	0.1474247128744585	0.002211699022078608
500000	-1536.2423372440335	-1386.8441254588197	-149.39821178521368	0.12427602649683235	0.10104264032310269	0.10928285847970994	9.666899792361041E-4
