pbsworkdir
/home/lmoreira/nas3/bfd/runs/F5
./:/home/lmoreira/programs/miniconda3/condabin:/home/lmoreira/perl5/perlbrew/bin:/home/lmoreira/perl5/perlbrew/perls/perl-5.28.0/bin:/home/lmoreira/programs/H-scan:/home/lmoreira/programs/parallel-20201222/bin:/home/lmoreira/programs/psmc:/home/lmoreira/programs/AGAT/bin:/home/lmoreira/programs/Bio-MUST-Apps-HmmCleaner-0.180750/bin:/home/lmoreira/programs/discoal:/home/lmoreira/programs/diploSHIC:/home/lmoreira/programs/samblaster:/home/lmoreira/nas3/programs/lumpy-sv/bin:/home/lmoreira/nas3/programs/boost_1_57_0:/home/lmoreira/nas3/programs/pandoc/bin:/home/lmoreira/nas3/programs/easySFS:/home/lmoreira/nas3/programs/SNPGenie:/home/lmoreira/nas3/programs/bedops/bin:/home/lmoreira/nas3/programs/gffread:/home/lmoreira/nas3/programs/gmap-2020-03-12/bin:/home/lmoreira/nas3/programs/LDhat:/home/lmoreira/nas3/programs/LDhelmet_v1.10:/home/lmoreira/nas3/programs/gm_et_linux_64:/home/lmoreira/nas3/programs/BRAKER/scripts:/home/lmoreira/nas3/programs/ngsLD:/home/lmoreira/nas3/programs/fastq-pair/build:/home/lmoreira/nas3/programs/fastq_screen_v0.14.0:/home/lmoreira/nas3/programs/iqtree-1.6.8-Linux/bin:/home/lmoreira/nas3/programs/satsuma-code:/home/lmoreira/nas3/programs/bcftools:/home/lmoreira/nas3/programs/mapping-iterative-assembler/bin:/home/lmoreira/nas3/programs/vcf2phylip:/home/lmoreira/nas3/programs/LFMM_CL_v1.5/bin:/home/lmoreira/ANGSD_pipeline/PCAngsd/pcangsd:/home/lmoreira/nas3/programs/angsd/misc:/home/lmoreira/nas3/programs/angsd:/home/lmoreira/nas3/programs/bamUtil/bin:/home/lmoreira/nas2/PopSizeABC/comp_stat/ms:/home/lmoreira/nas3/programs/bioawk:/home/lmoreira/nas3/programs/seqkit:/home/lmoreira/nas3/programs/G-PhoCS/bin:/home/lmoreira/nas3/programs/treemix-1.13/bin:/home/lmoreira/nas3/programs/fastx_toolkit_0.0.13/bin:/home/lmoreira/nas3/programs/PopLDdecay/bin:/home/lmoreira/nas3/programs/plink1.9:/home/lmoreira/nas3/programs/htslib-1.9/bin:/home/lmoreira/nas3/programs/seqtk:/home/lmoreira/nas3/programs/vcftools/bin:/home/lmoreira/nas3/programs/qualimap_v2.2.1:/home/lmoreira/nas3/programs/gatk-4.0.3.0:/home/lmoreira/nas3/programs/fsc26_linux64:/bin:/usr/bin:/usr/local/sbin:/usr/sbin:/opt/pbs/bin:/home/lmoreira/programs/mugsy_x86-64-v1r2.2/:/home/lmoreira/programs/mugsy_x86-64-v1r2.2//mapping:/home/lmoreira/programs/JustOrthologs:/home/lmoreira/programs/beast/bin/:/home/lmoreira/.local/bin:/home/lmoreira/bin
Tue Nov 23 00:52:36 EST 2021

real	0m0.000s
user	0m0.000s
sys	0m0.000s

                        BEAST v2.6.6, 2002-2021
             Bayesian Evolutionary Analysis Sampling Trees
                       Designed and developed by
 Remco Bouckaert, Alexei J. Drummond, Andrew Rambaut & Marc A. Suchard
                                    
                   Centre for Computational Evolution
                         University of Auckland
                       r.bouckaert@auckland.ac.nz
                        alexei@cs.auckland.ac.nz
                                    
                   Institute of Evolutionary Biology
                        University of Edinburgh
                           a.rambaut@ed.ac.uk
                                    
                    David Geffen School of Medicine
                 University of California, Los Angeles
                           msuchard@ucla.edu
                                    
                      Downloads, Help & Resources:
                           http://beast2.org/
                                    
  Source code distributed under the GNU Lesser General Public License:
                   http://github.com/CompEvol/beast2
                                    
                           BEAST developers:
   Alex Alekseyenko, Trevor Bedford, Erik Bloomquist, Joseph Heled, 
 Sebastian Hoehna, Denise Kuehnert, Philippe Lemey, Wai Lok Sibon Li, 
Gerton Lunter, Sidney Markowitz, Vladimir Minin, Michael Defoin Platel, 
          Oliver Pybus, Tim Vaughan, Chieh-Hsi Wu, Walter Xie
                                    
                               Thanks to:
          Roald Forsberg, Beth Shapiro and Korbinian Strimmer

Random number seed: 1637646757311

File: F5.EXT_v27_1sp.r1.xml seed: 1637646757311 threads: 32
Loading package BEAST v2.6.6
Loading package BEASTLabs v1.9.7
Loading package MODEL_SELECTION v1.5.3
Loading package SNAPP v1.5.2
Loading package BEAST v2.6.6
Alignment(bfd)
  40 taxa
  100 sites
  100 patterns

ant: 100 29
cur: 100 5
Data(snap.bfd)
  2 taxa
  100 sites
  40 patterns

Seq: seq_Carpish_B72761.Huanuco.Acomayo3
Seq: seq_Carpish_B72772.Huanuco.Mitotambo2
Seq: seq_Amotape_B67243.Tumbes.Amotape
Seq: seq_Amotape_B67257.Tumbes.Amotape4
Seq: seq_Quichas_B72777.Lima.Quichas2
Seq: seq_Quichas_B72778.Lima.Quichas
Seq: seq_Canchaque_B72873.Piura.Canchaque4
Seq: seq_Canchaque_B72878.Piura.Canchaque7
Seq: seq_Huamatanga_B72889.Lima.Huamatanga7
Seq: seq_Huamatanga_B72892.Lima.Huamatanga7
Seq: seq_Porculla_B72863.Piura.Porculla
Seq: seq_Porculla_B72866.Piura.Porculla4
Seq: seq_LaQuinua_B72753.Pasco.LaQuinua1
Seq: seq_LaQuinua_B72756.Pasco.LaQuinua3
Seq: seq_curtata_cra.cur.B60322
Seq: seq_curtata_cra.cur.B81753
ant: 95 29
cur: 95 5
2 taxa
95 sites with weight 100
41 patterns
Rate prior = gamma
Log Likelihood Correction = -989.4387088684302
===============================================================================
Citations for this model:

Bouckaert, Remco, Timothy G. Vaughan, Jo?lle Barido-Sottani, Sebasti?n Duch?ne, Mathieu Fourment, 
Alexandra Gavryushkina, Joseph Heled, Graham Jones, Denise K?hnert, Nicola De Maio, Michael Matschiner, 
F?bio K. Mendes, Nicola F. M?ller, Huw A. Ogilvie, Louis du Plessis, Alex Popinga, Andrew Rambaut, 
David Rasmussen, Igor Siveroni, Marc A. Suchard, Chieh-Hsi Wu, Dong Xie, Chi Zhang, Tanja Stadler, 
Alexei J. Drummond 
  BEAST 2.5: An advanced software platform for Bayesian evolutionary analysis. 
  PLoS computational biology 15, no. 4 (2019): e1006650.

David Bryant, Remco Bouckaert, Joseph Felsenstein, Noah Rosenberg, Arindam RoyChoudhury. Inferring Species Trees Directly from Biallelic Genetic Markers: Bypassing Gene Trees in a Full Coalescent Analysis. Mol. Biol. Evol. 29(8):1917-1932, 2012

===============================================================================
Starting step 0
Starting step 1
Starting step 2
Starting step 3
Starting step 4
Starting step 5
Starting step 6
Starting step 7
Starting step 8
Starting step 9
Starting step 10
Starting step 11
Starting step 12
Starting step 13
Starting step 14
Starting step 16
Starting step 15
Starting step 17
Starting step 18
Starting step 19
Starting step 20
Starting step 21
Starting step 22
Starting step 23
Finished step 21
Finished step 18
Finished step 11
Finished step 4
Finished step 13
Finished step 14
Finished step 17
Finished step 2
Finished step 7
Finished step 16
Finished step 1
Finished step 15
Finished step 10
Finished step 19
Finished step 12
Finished step 0
Finished step 9
Finished step 8
Finished step 3
Finished step 23
Finished step 22
Finished step 5
Finished step 6
Finished step 20

Loading /home/lmoreira/nas3/bfd/runs/F5/F5.EXT_v27_1sp.r1/step0/likelihood.log, burnin 20%, skipping 200 log lines

|---------|---------|---------|---------|---------|---------|---------|---------|
*********************************************************************************

Calculating statistics

|---------|---------|---------|---------|---------|---------|---------|---------|
********************************************************************************

marginalLs[0 ] = -1391.0041050572559

Loading /home/lmoreira/nas3/bfd/runs/F5/F5.EXT_v27_1sp.r1/step1/likelihood.log, burnin 20%, skipping 200 log lines

|---------|---------|---------|---------|---------|---------|---------|---------|
*********************************************************************************

Calculating statistics

|---------|---------|---------|---------|---------|---------|---------|---------|
********************************************************************************

marginalLs[1 ] = -1391.327987881792

Loading /home/lmoreira/nas3/bfd/runs/F5/F5.EXT_v27_1sp.r1/step2/likelihood.log, burnin 20%, skipping 200 log lines

|---------|---------|---------|---------|---------|---------|---------|---------|
*********************************************************************************

Calculating statistics

|---------|---------|---------|---------|---------|---------|---------|---------|
********************************************************************************

marginalLs[2 ] = -1391.5515164481749

Loading /home/lmoreira/nas3/bfd/runs/F5/F5.EXT_v27_1sp.r1/step3/likelihood.log, burnin 20%, skipping 200 log lines

|---------|---------|---------|---------|---------|---------|---------|---------|
*********************************************************************************

Calculating statistics

|---------|---------|---------|---------|---------|---------|---------|---------|
********************************************************************************

marginalLs[3 ] = -1391.902888308581

Loading /home/lmoreira/nas3/bfd/runs/F5/F5.EXT_v27_1sp.r1/step4/likelihood.log, burnin 20%, skipping 20 log lines

|---------|---------|---------|---------|---------|---------|---------|---------|
*********************************************************************************

Calculating statistics

|---------|---------|---------|---------|---------|---------|---------|---------|
********************************************************************************

marginalLs[4 ] = -1392.1050676291459

Loading /home/lmoreira/nas3/bfd/runs/F5/F5.EXT_v27_1sp.r1/step5/likelihood.log, burnin 20%, skipping 200 log lines

|---------|---------|---------|---------|---------|---------|---------|---------|
*********************************************************************************

Calculating statistics

|---------|---------|---------|---------|---------|---------|---------|---------|
********************************************************************************

marginalLs[5 ] = -1392.3297307334255

Loading /home/lmoreira/nas3/bfd/runs/F5/F5.EXT_v27_1sp.r1/step6/likelihood.log, burnin 20%, skipping 200 log lines

|---------|---------|---------|---------|---------|---------|---------|---------|
*********************************************************************************

Calculating statistics

|---------|---------|---------|---------|---------|---------|---------|---------|
********************************************************************************

marginalLs[6 ] = -1392.7228017408786

Loading /home/lmoreira/nas3/bfd/runs/F5/F5.EXT_v27_1sp.r1/step7/likelihood.log, burnin 20%, skipping 200 log lines

|---------|---------|---------|---------|---------|---------|---------|---------|
*********************************************************************************

Calculating statistics

|---------|---------|---------|---------|---------|---------|---------|---------|
********************************************************************************

marginalLs[7 ] = -1392.8101166002978

Loading /home/lmoreira/nas3/bfd/runs/F5/F5.EXT_v27_1sp.r1/step8/likelihood.log, burnin 20%, skipping 200 log lines

|---------|---------|---------|---------|---------|---------|---------|---------|
*********************************************************************************

Calculating statistics

|---------|---------|---------|---------|---------|---------|---------|---------|
********************************************************************************

marginalLs[8 ] = -1392.946217013974

Loading /home/lmoreira/nas3/bfd/runs/F5/F5.EXT_v27_1sp.r1/step9/likelihood.log, burnin 20%, skipping 200 log lines

|---------|---------|---------|---------|---------|---------|---------|---------|
*********************************************************************************

Calculating statistics

|---------|---------|---------|---------|---------|---------|---------|---------|
********************************************************************************

marginalLs[9 ] = -1393.006722998724

Loading /home/lmoreira/nas3/bfd/runs/F5/F5.EXT_v27_1sp.r1/step10/likelihood.log, burnin 20%, skipping 200 log lines

|---------|---------|---------|---------|---------|---------|---------|---------|
*********************************************************************************

Calculating statistics

|---------|---------|---------|---------|---------|---------|---------|---------|
********************************************************************************

marginalLs[10 ] = -1393.3854740828683

Loading /home/lmoreira/nas3/bfd/runs/F5/F5.EXT_v27_1sp.r1/step11/likelihood.log, burnin 20%, skipping 31 log lines

|---------|---------|---------|---------|---------|---------|---------|---------|
*********************************************************************************

Calculating statistics

|---------|---------|---------|---------|---------|---------|---------|---------|
********************************************************************************

marginalLs[11 ] = -1393.3438576723672

Loading /home/lmoreira/nas3/bfd/runs/F5/F5.EXT_v27_1sp.r1/step12/likelihood.log, burnin 20%, skipping 200 log lines

|---------|---------|---------|---------|---------|---------|---------|---------|
*********************************************************************************

Calculating statistics

|---------|---------|---------|---------|---------|---------|---------|---------|
********************************************************************************

marginalLs[12 ] = -1393.538249864722

Loading /home/lmoreira/nas3/bfd/runs/F5/F5.EXT_v27_1sp.r1/step13/likelihood.log, burnin 20%, skipping 31 log lines

|---------|---------|---------|---------|---------|---------|---------|---------|
*********************************************************************************

Calculating statistics

|---------|---------|---------|---------|---------|---------|---------|---------|
********************************************************************************

marginalLs[13 ] = -1393.4730903693542

Loading /home/lmoreira/nas3/bfd/runs/F5/F5.EXT_v27_1sp.r1/step14/likelihood.log, burnin 20%, skipping 20 log lines

|---------|---------|---------|---------|---------|---------|---------|---------|
*********************************************************************************

Calculating statistics

|---------|---------|---------|---------|---------|---------|---------|---------|
********************************************************************************

marginalLs[14 ] = -1393.8982613545652

Loading /home/lmoreira/nas3/bfd/runs/F5/F5.EXT_v27_1sp.r1/step15/likelihood.log, burnin 20%, skipping 200 log lines

|---------|---------|---------|---------|---------|---------|---------|---------|
*********************************************************************************

Calculating statistics

|---------|---------|---------|---------|---------|---------|---------|---------|
********************************************************************************

marginalLs[15 ] = -1393.7980702914726

Loading /home/lmoreira/nas3/bfd/runs/F5/F5.EXT_v27_1sp.r1/step16/likelihood.log, burnin 20%, skipping 200 log lines

|---------|---------|---------|---------|---------|---------|---------|---------|
*********************************************************************************

Calculating statistics

|---------|---------|---------|---------|---------|---------|---------|---------|
********************************************************************************

marginalLs[16 ] = -1393.7909109098878

Loading /home/lmoreira/nas3/bfd/runs/F5/F5.EXT_v27_1sp.r1/step17/likelihood.log, burnin 20%, skipping 200 log lines

|---------|---------|---------|---------|---------|---------|---------|---------|
*********************************************************************************

Calculating statistics

|---------|---------|---------|---------|---------|---------|---------|---------|
********************************************************************************

marginalLs[17 ] = -1393.7483489646932

Loading /home/lmoreira/nas3/bfd/runs/F5/F5.EXT_v27_1sp.r1/step18/likelihood.log, burnin 20%, skipping 19 log lines

|---------|---------|---------|---------|---------|---------|---------|---------|
*********************************************************************************

Calculating statistics

|---------|---------|---------|---------|---------|---------|---------|---------|
********************************************************************************

marginalLs[18 ] = -1394.4184518750094

Loading /home/lmoreira/nas3/bfd/runs/F5/F5.EXT_v27_1sp.r1/step19/likelihood.log, burnin 20%, skipping 200 log lines

|---------|---------|---------|---------|---------|---------|---------|---------|
*********************************************************************************

Calculating statistics

|---------|---------|---------|---------|---------|---------|---------|---------|
********************************************************************************

marginalLs[19 ] = -1393.9275808418336

Loading /home/lmoreira/nas3/bfd/runs/F5/F5.EXT_v27_1sp.r1/step20/likelihood.log, burnin 20%, skipping 200 log lines

|---------|---------|---------|---------|---------|---------|---------|---------|
*********************************************************************************

Calculating statistics

|---------|---------|---------|---------|---------|---------|---------|---------|
********************************************************************************

marginalLs[20 ] = -1393.9932673646474

Loading /home/lmoreira/nas3/bfd/runs/F5/F5.EXT_v27_1sp.r1/step21/likelihood.log, burnin 20%, skipping 19 log lines

|---------|---------|---------|---------|---------|---------|---------|---------|
*********************************************************************************

Calculating statistics

|---------|---------|---------|---------|---------|---------|---------|---------|
********************************************************************************

marginalLs[21 ] = -1393.6230636038206

Loading /home/lmoreira/nas3/bfd/runs/F5/F5.EXT_v27_1sp.r1/step22/likelihood.log, burnin 20%, skipping 200 log lines

|---------|---------|---------|---------|---------|---------|---------|---------|
*********************************************************************************

Calculating statistics

|---------|---------|---------|---------|---------|---------|---------|---------|
********************************************************************************

marginalLs[22 ] = -1393.9015880982247

Loading /home/lmoreira/nas3/bfd/runs/F5/F5.EXT_v27_1sp.r1/step23/likelihood.log, burnin 20%, skipping 200 log lines

|---------|---------|---------|---------|---------|---------|---------|---------|
*********************************************************************************

Calculating statistics

|---------|---------|---------|---------|---------|---------|---------|---------|
********************************************************************************

marginalLs[23 ] = -1394.1388053080511

Step        theta         likelihood   contribution ESS
0            1            -1391.0041   0            581.5489     
1            0.8623       -1391.328    -191.5904    569.7245     
2            0.7384       -1391.5515   -172.3394    801          
3            0.6276       -1391.9029   -154.2565    801          
4            0.529        -1392.1051   -137.2952    80           
5            0.4417       -1392.3297   -121.4482    775.0141     
6            0.3651       -1392.7228   -106.7151    670.8509     
7            0.2983       -1392.8101   -93.035      744.4963     
8            0.2406       -1392.9462   -80.4208     548.9402     
9            0.1911       -1393.0067   -68.8399     719.9347     
10           0.1493       -1393.3855   -58.2886     801          
11           0.1143       -1393.3439   -48.7135     94.9783      
12           0.0855       -1393.5382   -40.1121     605.7584     
13           0.0623       -1393.4731   -32.4433     125          
14           0.0438       -1393.8983   -25.7031     80           
15           0.0296       -1393.7981   -19.8333     762.6632     
16           0.019        -1393.7909   -14.8176     559.5037     
17           0.0113       -1393.7483   -10.6192     683.6896     
18           0.0062       -1394.4185   -7.2032      80           
19           0.0029       -1393.9276   -4.5181      801          
20           0.0011       -1393.9933   -2.5241      506.24       
21           0.0003       -1393.6231   -1.1624      71.9189      
22           0            -1393.9016   -0.3658      774.9691     
23           0            -1394.1388   -0.0403      801          
sum(ESS) = 13040.2306  

marginal L estimate = -1392.2849722551155


Total wall time: 9050 seconds
Done

real	150m52.708s
user	2928m10.033s
sys	18m20.117s
