#
#model:
#
#<?xml version="1.0" encoding="UTF-8" standalone="no"?><input id="posterior" spec="beast.core.util.CompoundDistribution">
#    <distribution id="prior" spec="beast.core.util.CompoundDistribution">
#        <prior id="lambdaPrior.bfd" name="distribution">
#            <parameter id="lambda" lower="0.0" name="x" spec="beast.core.parameter.RealParameter">0.01</parameter>
#            <Gamma id="Gamma.0" name="distr">
#                <parameter estimate="false" id="RealParameter.1" name="alpha" spec="beast.core.parameter.RealParameter">2.0</parameter>
#                <parameter estimate="false" id="RealParameter.2" name="beta" spec="beast.core.parameter.RealParameter">200.0</parameter>
#            </Gamma>
#        </prior>
#        <distribution id="snapprior.bfd" lambda="@lambda" spec="snap.likelihood.SnAPPrior">
#            <parameter estimate="false" id="alpha" lower="0.0" name="alpha" spec="beast.core.parameter.RealParameter">11.75</parameter>
#            <parameter estimate="false" id="beta" lower="0.0" name="beta" spec="beast.core.parameter.RealParameter">109.73</parameter>
#            <parameter estimate="false" id="kappa" lower="0.0" name="kappa" spec="beast.core.parameter.RealParameter">1.0</parameter>
#            <parameter id="coalescenceRate" name="coalescenceRate" spec="beast.core.parameter.RealParameter">10.0</parameter>
#            <tree clusterType="upgma" id="Tree.bfd" nodetype="snap.NodeData" spec="beast.util.ClusterTree">
#                <taxa dataType="integerdata" id="snap.bfd" spec="snap.Data">
#                    <taxonset id="ant" spec="beast.evolution.alignment.TaxonSet">
#                        <taxon id="Amotape_B67243.Tumbes.Amotape" spec="beast.evolution.alignment.Taxon"/>
#                        <taxon id="Amotape_B67257.Tumbes.Amotape" spec="beast.evolution.alignment.Taxon"/>
#                        <taxon id="Canchaque_B72873.Piura.Canchaque" spec="beast.evolution.alignment.Taxon"/>
#                        <taxon id="Canchaque_B72878.Piura.Canchaque" spec="beast.evolution.alignment.Taxon"/>
#                        <taxon id="Porculla_B72863.Piura.Porculla" spec="beast.evolution.alignment.Taxon"/>
#                        <taxon id="Porculla_B72866.Piura.Porculla" spec="beast.evolution.alignment.Taxon"/>
#                    </taxonset>
#                    <taxonset id="bar" spec="beast.evolution.alignment.TaxonSet">
#                        <taxon id="CarpaChavin_B72793.Huanuco.CarpaChavin" spec="beast.evolution.alignment.Taxon"/>
#                        <taxon id="CarpaChavin_B72795.Huanuco.CarpaChavin" spec="beast.evolution.alignment.Taxon"/>
#                        <taxon id="Carpish_B72761.Huanuco.Acomayo" spec="beast.evolution.alignment.Taxon"/>
#                        <taxon id="Carpish_B72772.Huanuco.Mitotambo" spec="beast.evolution.alignment.Taxon"/>
#                        <taxon id="Chavinillo_B72789.Huanuco.Chavinillo" spec="beast.evolution.alignment.Taxon"/>
#                        <taxon id="Chavinillo_B72792.Huanuco.Chavinillo" spec="beast.evolution.alignment.Taxon"/>
#                        <taxon id="Macate_B72807.Ancash.Macate" spec="beast.evolution.alignment.Taxon"/>
#                        <taxon id="Macate_B72814.Ancash.Macate" spec="beast.evolution.alignment.Taxon"/>
#                        <taxon id="Quichas_B72777.Lima.Quichas" spec="beast.evolution.alignment.Taxon"/>
#                        <taxon id="Quichas_B72778.Lima.Quichas" spec="beast.evolution.alignment.Taxon"/>
#                        <taxon id="CorBlanca_NK_171703" spec="beast.evolution.alignment.Taxon"/>
#                        <taxon id="CorBlanca_FMNH_391888" spec="beast.evolution.alignment.Taxon"/>
#                        <taxon id="Huamatanga_B72889.Lima.Huamatanga" spec="beast.evolution.alignment.Taxon"/>
#                        <taxon id="Huamatanga_B72892.Lima.Huamatanga" spec="beast.evolution.alignment.Taxon"/>
#                        <taxon id="Pacar_B72907.Ancash.Pacar" spec="beast.evolution.alignment.Taxon"/>
#                        <taxon id="Pacar_B72909.Ancash.Pacar" spec="beast.evolution.alignment.Taxon"/>
#                        <taxon id="LaQuinua_B72753.Pasco.LaQuinua" spec="beast.evolution.alignment.Taxon"/>
#                        <taxon id="LaQuinua_B72756.Pasco.LaQuinua" spec="beast.evolution.alignment.Taxon"/>
#                        <taxon id="Chinchan_B72900.Ancash.Chinchan" spec="beast.evolution.alignment.Taxon"/>
#                        <taxon id="Chinchan_NK_173896" spec="beast.evolution.alignment.Taxon"/>
#                    </taxonset>
#                    <taxonset id="cur" spec="beast.evolution.alignment.TaxonSet">
#                        <taxon id="curtata_cra.cur.B6032" spec="beast.evolution.alignment.Taxon"/>
#                        <taxon id="curtata_cra.cur.B8175" spec="beast.evolution.alignment.Taxon"/>
#                    </taxonset>
#                </taxa>
#                <parameter id="RealParameter.0" lower="0.0" name="clock.rate" spec="beast.core.parameter.RealParameter" upper="0.0">1.0</parameter>
#            </tree>
#        </distribution>
#    </distribution>
#    <distribution id="likelihood" spec="beast.core.util.CompoundDistribution">
#        <distribution data="@snap.bfd" id="treeLikelihood.bfd" non-polymorphic="false" pattern="coalescenceRate" spec="snap.likelihood.SnAPTreeLikelihood" tree="@Tree.bfd">
#            <siteModel id="MutationSiteModel.bfd" spec="beast.evolution.sitemodel.SiteModel">
#                <parameter estimate="false" id="mutationRate" name="mutationRate" spec="beast.core.parameter.RealParameter">1.0</parameter>
#                <parameter estimate="false" id="shape" name="shape" spec="beast.core.parameter.RealParameter">2.0</parameter>
#                <parameter estimate="false" id="proportionInvariant" name="proportionInvariant" spec="beast.core.parameter.RealParameter">0.0</parameter>
#                <substModel coalescenceRate="@coalescenceRate" id="MutationModel" spec="snap.likelihood.SnapSubstitutionModel">
#                    <parameter estimate="false" id="u" lower="0.0" name="mutationRateU" spec="beast.core.parameter.RealParameter">1.0</parameter>
#                    <parameter id="v" lower="0.0" name="mutationRateV" spec="beast.core.parameter.RealParameter">1.0</parameter>
#                </substModel>
#            </siteModel>
#        </distribution>
#    </distribution>
#</input>
#
Sample	posterior	likelihood	prior	theta0	theta1	theta2	theta3	theta4	TreeHeightLogger
0	-2540.5170098169433	-2292.5688142769086	-247.94819554003485	0.09178176682425082	0.12016122831827028	0.10552781776423946	0.08189183548728819	0.23196065175878064	0.003611147593415682
1000	-2542.4374878504445	-2294.8037477051535	-247.633740145291	0.0981805051727009	0.059377939500877226	0.08602827132488604	0.09659891663828118	0.15788822052166157	0.0037717680487615824
2000	-2544.608181321634	-2292.4385113685807	-252.16966995305333	0.058159042391587264	0.10904551956126012	0.0847863465197313	0.08658964198188289	0.25159648189023354	0.004115422662765381
3000	-2539.3666942896166	-2294.5377886572933	-244.82890563232337	0.08739058936372968	0.0858583052139284	0.09579286895425139	0.12932692073547933	0.16664521427502518	0.0032950485624688563
4000	-2541.942271338489	-2292.731770441127	-249.21050089736167	0.09263393856701316	0.08255483838976709	0.06334844609637069	0.07810615583172578	0.2046920334174611	0.003521676184224734
5000	-2543.967070047651	-2295.4361228741845	-248.53094717346625	0.061961739548182	0.08695565149789748	0.07976092775204037	0.1732344699091408	0.13363015249178162	0.005579885492248711
6000	-2544.2792102441276	-2291.643683615698	-252.6355266284294	0.061698805870817976	0.12225825430030474	0.06659715484233854	0.05950572042511853	0.2368566451968587	0.0027336800083449866
7000	-2541.923684366888	-2293.885607637758	-248.03807672913052	0.09879451619594685	0.1302336643302267	0.14857106187651078	0.08211227373108228	0.21892349585071125	0.003618798312618147
8000	-2542.8299019781457	-2293.355190211959	-249.47471176618663	0.061897812690332024	0.08563147633060156	0.1272398894970155	0.08626051411043065	0.21612127671602527	0.003845431463771945
9000	-2544.1231559763537	-2296.330765637721	-247.79239033863277	0.07663018725179385	0.10063593794166012	0.04612881307068718	0.11262064202246615	0.13891462014050998	0.0023573697673375726
10000	-2543.586270252643	-2294.5038492540248	-249.08242099861818	0.04815837460833267	0.1164986391508336	0.07176054391726754	0.1455060186402951	0.18964041578874172	0.0022246672862251122
11000	-2542.107216938628	-2293.204138516255	-248.9030784223728	0.08643888158308086	0.09849439194966075	0.05689825032060301	0.1552010556966995	0.1678717141146736	0.00407666929639368
12000	-2545.18433774198	-2296.166793546968	-249.01754419501165	0.053438678622635204	0.08516684897739242	0.1448949021277002	0.06398559401952726	0.1237181876368428	0.002439270023983135
13000	-2539.915323129206	-2294.7392490919083	-245.17607403729804	0.10339496072038608	0.08505549018776436	0.1203793914659392	0.10130547841237052	0.1862960620653868	0.0030880932350612635
14000	-2541.19859892194	-2293.2590216911867	-247.93957723075368	0.12118566809026061	0.08351108120547804	0.08413309850680314	0.10249269415420822	0.20450379544141709	0.004629943239218612
15000	-2541.8467666866018	-2292.423161494018	-249.42360519258386	0.08022322169827442	0.12900442217674868	0.11799694853506952	0.09046958706294601	0.2468111997187853	0.004615274020216457
16000	-2545.4092108801888	-2294.1322987493895	-251.2769121307992	0.11358419730779365	0.17494326216577777	0.07302398512955581	0.12453363999730548	0.23868785850375648	0.0048152856815365805
17000	-2542.511435278717	-2295.049611679964	-247.46182359875266	0.06891730216312393	0.08831848967126482	0.11427279270218456	0.053428684333410074	0.14008051431265062	0.002958553330186263
18000	-2542.6236396465133	-2294.022926527011	-248.60071311950236	0.07702763058186224	0.0910030698337961	0.15803878161175103	0.06564935579053961	0.19401908340329518	0.003252508065081637
19000	-2540.7656881615335	-2293.4190862119167	-247.34660194961677	0.06069468438927488	0.07607987248031946	0.08752352376402042	0.11590336557599672	0.17547005203178306	0.0033305261462177787
20000	-2543.895051955767	-2293.561596803475	-250.33345515229192	0.12756644297659747	0.11611162125379128	0.10142690240699123	0.09422534127157096	0.19654992299964416	0.005165828622958996
21000	-2542.079888084888	-2294.6069669943145	-247.4729210905732	0.06282130906111688	0.08493038323972137	0.08751090090653575	0.1421967695011225	0.15402193882324547	0.004553922469475099
22000	-2544.0395971787393	-2299.71170789414	-244.32788928459902	0.08846524015308224	0.10281255069887461	0.11296450207001284	0.09102271459892607	0.1258308731546602	0.004466386046342986
23000	-2540.5184785025754	-2295.36163549813	-245.15684300444528	0.10272660050810459	0.1269882763389382	0.13559817077296354	0.12133486970354314	0.17012617892831083	0.005819112963870506
24000	-2541.818666826303	-2292.9930294754704	-248.82563735083232	0.11414951815476869	0.09958113518600399	0.06207020593262057	0.09308238160168082	0.20206415379378972	0.005056880338691929
25000	-2541.554769240727	-2295.1871292652286	-246.36763997549846	0.06947163775985518	0.09388176258960601	0.07165385689923885	0.10230135981955263	0.15232086001101786	0.002762908214079582
26000	-2541.9656250521857	-2294.3888206915162	-247.57680436066963	0.0623681311292678	0.09174550878268208	0.15106907971189873	0.13062004729600762	0.18970703414803503	0.0033276613385597254
27000	-2542.9018871259427	-2297.637041345863	-245.26484578007955	0.08946129979528135	0.11610547500286202	0.119035517648155	0.15873895947884817	0.1347290413213673	0.005970186118025269
28000	-2545.87581409841	-2295.7342717132647	-250.14154238514527	0.08858876173566416	0.10876695576855779	0.09503197815121003	0.1389061257443076	0.14505322991862687	0.004775022706324992
29000	-2541.2323531877328	-2295.816455118819	-245.41589806891412	0.09469000438180633	0.09413457049614668	0.13002193965262987	0.07631991946299473	0.16666639330676414	0.004543244437753181
30000	-2542.0138502685563	-2297.8605324007203	-244.15331786783582	0.09164312492358766	0.11604726479243278	0.12840754620148104	0.11917614607092504	0.13685381819308212	0.0043979459777328785
31000	-2542.2251754975364	-2296.1453515975422	-246.07982389999404	0.08927467332545799	0.06657091757325874	0.10541145942149481	0.06414339650658718	0.1388975050506219	0.0022574136764286924
32000	-2544.0790241221084	-2295.571410376655	-248.5076137454533	0.08284525572232543	0.0990179643245041	0.14244766293799815	0.05305471447306267	0.16624407286359005	0.002812723892271177
33000	-2549.4671965622742	-2304.851869953619	-244.6153266086553	0.12153467854583579	0.1585501784725139	0.06688662560715308	0.11830201890292916	0.13155786951233556	0.002145079371423026
34000	-2544.6452498864114	-2296.1214762186646	-248.5237736677468	0.06391356385344278	0.06623092222580965	0.08544083944705069	0.11338136601709833	0.1547322877805956	0.006619045866313239
35000	-2550.1135788321358	-2299.1121995247263	-251.00137930740956	0.08275928386205461	0.09710033264083694	0.07679420661527697	0.03948577047703581	0.1323659458413517	0.0028835960980462157
36000	-2546.1374063229136	-2293.985670830392	-252.15173549252194	0.06192499803617304	0.08689863670598771	0.07148929876918418	0.09093827691122176	0.17163897133828115	0.0032825372439724953
37000	-2544.5070675532056	-2294.930660894995	-249.57640665821063	0.10849189004809563	0.17827836546796227	0.05153073353375667	0.1340698460115635	0.1713215762707387	0.004515691932253184
38000	-2543.778832492289	-2295.3178620729186	-248.46097041937023	0.0632932370169457	0.10541425602067393	0.08252708102179418	0.05822855273310948	0.18179924249013477	0.0018679286808992801
39000	-2541.58048466253	-2293.148723300932	-248.4317613615983	0.10979923837741894	0.09094462923208826	0.05264506472759109	0.12276536559264203	0.16838673084599748	0.004404323697508147
40000	-2546.4751570176336	-2296.4904769451105	-249.98468007252305	0.06766613678137597	0.07918100272917755	0.043786967366879134	0.10820233854434995	0.15095712260449684	0.0020721562441440087
41000	-2540.6780545367774	-2293.0086213558234	-247.669433180954	0.07934143413866068	0.0808931907213728	0.06755426835387683	0.09618615917810099	0.17991041857147688	0.0032144867540275096
42000	-2544.3475936707173	-2296.7581698858758	-247.58942378484144	0.1140314911456267	0.11370942554120742	0.0488801281276738	0.0834642649122818	0.12683173130137684	0.005029784934980192
43000	-2541.11335344656	-2292.1991169226567	-248.91423652390324	0.07737118396078073	0.10007139778362767	0.07681329243448873	0.13595325299447486	0.21922353781969522	0.003813317609373648
44000	-2540.3451646572225	-2293.4789794720086	-246.866185185214	0.11380313522977566	0.14267835115372465	0.08210624689754435	0.08252373412306195	0.18234874679375218	0.005327999312589418
45000	-2541.6562884599284	-2293.272342727614	-248.38394573231415	0.06251277027921388	0.08024039890978049	0.12140729856646905	0.07974154938096055	0.19471831460938793	0.002696467915890651
46000	-2540.123182780814	-2294.104410297703	-246.01877248311118	0.08050366440356874	0.06738405751665265	0.11776373171900015	0.0931523619201995	0.1717184010791201	0.003065208309393237
47000	-2543.004580791779	-2292.6352293923146	-250.36935139946453	0.06913446722759276	0.08212877699281411	0.052757277774509094	0.0632325276513552	0.16406673378263473	0.00278801646208348
48000	-2543.222681730193	-2297.3746497893385	-245.84803194085438	0.10130151592229059	0.10941223861406028	0.06847921066781819	0.07700427242699794	0.12204375748907752	0.004676935714295389
49000	-2545.9929651052817	-2300.061071797404	-245.93189330787757	0.07116424210655325	0.16726586584439232	0.10094021762996282	0.10138505556344996	0.12147268671366879	0.004037891204520407
50000	-2541.2836190481835	-2294.393731913953	-246.88988713423026	0.11093098294649542	0.10286930704474583	0.11258095162529529	0.08375235986805875	0.23097199649962907	0.002917495946432475
51000	-2545.883293927431	-2294.3474380879716	-251.53585583945963	0.06820088461819958	0.0910182567365927	0.04868779992264412	0.07080959885693981	0.18307491279136215	0.003594650163283747
52000	-2540.3297577111402	-2293.8236562225206	-246.5061014886197	0.08290175854442243	0.11141381588925206	0.1313268710303047	0.11060149809797461	0.1988449598324594	0.0035181912027259245
53000	-2541.802352891018	-2295.3898213531284	-246.41253153788944	0.07877285602222411	0.08164673007741063	0.06085225126720217	0.11804601927595582	0.14933987604858315	0.0027358335707226037
54000	-2541.9979727832906	-2294.467227065354	-247.53074571793664	0.06335743625501984	0.08241036842907845	0.07263580482014927	0.10241333907258426	0.14400320269119202	0.003507501458193079
55000	-2539.760009258599	-2295.240423526784	-244.51958573181486	0.11142492267829737	0.07504815749661463	0.09675719962474125	0.10867354231953051	0.15732533737134707	0.0034709724428506465
56000	-2545.795286826681	-2296.90600228428	-248.88928454240101	0.20471379278887247	0.11104058658738891	0.07513244640667908	0.13209452724454185	0.1597844360082509	0.007975357355918448
57000	-2541.366019119019	-2294.0494201141037	-247.31659900491493	0.08077540366627595	0.1193292535423676	0.10620281527807514	0.057657206995999195	0.1748116381054832	0.002926366153104188
58000	-2543.140387611761	-2293.533623104686	-249.6067645070753	0.057284876891210736	0.06963125325908597	0.0571678703665164	0.12437945681346832	0.16621048882411515	0.002242634538100617
59000	-2544.3018919626393	-2294.835343524829	-249.46654843781005	0.11400376493570205	0.10949945199419103	0.0667562245793198	0.08448283220588888	0.17714204164094258	0.006277007350573607
60000	-2544.4068073365956	-2296.5302018452335	-247.87660549136208	0.10324449268213345	0.09339634196134894	0.05830814032062968	0.05552087079674965	0.12429574418196888	0.002727625228938768
61000	-2544.3156815474317	-2293.147680652147	-251.1680008952849	0.06030536011904962	0.05781456150418627	0.1417812229416692	0.06326004661575912	0.1964027586383924	0.002392754266219425
62000	-2542.967479191053	-2295.361050950512	-247.60642824054102	0.05076765915114854	0.09882276048291998	0.09328379694823723	0.1678547528748292	0.1500204652050275	0.0026213268980961706
63000	-2542.3213009982474	-2296.2778310408557	-246.0434699573915	0.11311988870177493	0.10168359692433479	0.10109013854281773	0.06120937983933386	0.14406441238721454	0.0044904710186568966
64000	-2541.557992408092	-2295.026602529727	-246.53138987836527	0.09256885375501424	0.1184910338848265	0.10549432144184868	0.10653038290409114	0.2085357521204986	0.0028351405373443794
65000	-2541.8877775405317	-2293.539325171868	-248.34845236866371	0.11706014187885576	0.11477018794515864	0.04672876299872993	0.12859428532240072	0.16087115532970578	0.00560558469540021
66000	-2540.6772110793313	-2293.981534707994	-246.69567637133738	0.07586989674642594	0.1143427035745796	0.07180605140089857	0.07010536327220719	0.15684119851024855	0.0031265504618953094
67000	-2544.605489379479	-2298.296426532904	-246.3090628465749	0.09347678242899281	0.09534896020838857	0.07857685866782606	0.05268221284724543	0.11129674002096893	0.0024087185072361366
68000	-2542.085706534098	-2295.775733377138	-246.30997315695984	0.06995358070269175	0.07902566648947995	0.08879234876612659	0.11940666990448558	0.1743321895741956	0.002727439194680934
69000	-2541.848592161332	-2295.1773521643086	-246.6712399970234	0.1478721541013897	0.11130662822079432	0.0702977867221148	0.11976286914283434	0.16486012045498602	0.005718014727310506
70000	-2543.573173461835	-2292.376619461655	-251.19655400017987	0.12459565718247709	0.08889545428468494	0.03866554096963455	0.1151152739377197	0.17944627159423054	0.005176691870554752
71000	-2543.154292655344	-2293.0115508820827	-250.14274177326118	0.09573996693657331	0.12791398061220888	0.051448964773272765	0.10940397751821661	0.20095154644430593	0.0039646447396850205
72000	-2541.9500563665742	-2293.2371447428745	-248.71291162369974	0.09577977143128351	0.11877076725497974	0.04897102180539745	0.08749826557857189	0.16208940228267624	0.004522592999920163
73000	-2545.3917015247375	-2294.0266234803794	-251.36507804435803	0.05728336110245833	0.057472947946448624	0.09017716891270042	0.17127227160581918	0.16030546919703315	0.0028976808529429282
74000	-2545.1136063467848	-2298.209849159402	-246.9037571873827	0.13712006669984836	0.19030433545399714	0.07034422919108883	0.07914763831573092	0.13529289698844554	0.003480523212270879
75000	-2544.9484225791143	-2294.5582544500044	-250.39016812911012	0.07116344658535077	0.06377583582260102	0.06387875241593932	0.07674674693150052	0.16117312994257266	0.0038857117450890686
76000	-2544.1201395293633	-2296.1328802475573	-247.9872592818062	0.13263977842626887	0.1613308480579415	0.09994679845414084	0.14185007036021888	0.1686629472004079	0.007424061515240235
77000	-2540.0896141492367	-2292.9804915896602	-247.10912255957626	0.10335721133126832	0.0970866277936308	0.09710158231905561	0.15459673090861067	0.20734018871436952	0.004544664561188183
78000	-2540.1008800660766	-2294.833802362571	-245.26707770350563	0.10659880155154051	0.07672936861951912	0.08511518516568436	0.1317107997421061	0.158686304400102	0.0038833762054956912
79000	-2543.9974530094064	-2294.1975865134923	-249.79986649591416	0.06444510030653286	0.09549246299271293	0.16333499857550882	0.15582610885007708	0.21643887451236535	0.0034122664723437836
80000	-2544.3848546857603	-2293.0029843975553	-251.38187028820477	0.061760875856729194	0.044496348983232716	0.10620602161974264	0.10215621786285214	0.2047199549513191	0.0031998204431674857
81000	-2546.0428785526765	-2296.650844835236	-249.39203371744065	0.05711900163238484	0.10569111231126424	0.0688763000866414	0.19204877651566352	0.15374808417951444	0.0041710434636269755
82000	-2540.9068001830224	-2293.1687698759447	-247.7380303070775	0.07981223380871617	0.062053330313615186	0.1196610026037923	0.10608971494335585	0.2015554699058662	0.0034713841139870846
83000	-2544.0483933271826	-2296.1745318966396	-247.8738614305431	0.05326033847924903	0.08109908170405335	0.1482303175845555	0.11124841862079955	0.15334610886885996	0.004056137283820618
84000	-2541.577879214127	-2294.7446898953563	-246.83318931877054	0.07398645048390008	0.08101862670430375	0.13230660643504166	0.1338508932001497	0.18294673514561502	0.004790741937033171
85000	-2541.990311879728	-2295.122019476983	-246.8682924027449	0.0827338662028805	0.07734978352320146	0.11692343337895059	0.07525500667757133	0.17761657691913357	0.003155492086045047
86000	-2542.1019100401463	-2295.1769648770423	-246.92494516310418	0.06992324224918803	0.125785570272792	0.14358802938096	0.08728869866614515	0.16723678391605812	0.0044207438361479525
87000	-2546.748972323902	-2294.677477025007	-252.0714952988948	0.057749388922964155	0.07800924368547985	0.08737969602317304	0.055760636661496756	0.18880317797434132	0.002987555584065874
88000	-2540.9077506835315	-2293.1074960122887	-247.8002546712428	0.0890134603105218	0.10223990529482055	0.06153498171705039	0.16508717543476317	0.17705303042738305	0.004218310587004868
89000	-2545.2145663874435	-2294.969304129072	-250.24526225837138	0.09101825949100377	0.09623815341544778	0.14705013845196208	0.043441401747842924	0.17297746939997521	0.003080163982641039
90000	-2549.0793299690636	-2300.411849738704	-248.6674802303597	0.1328590422875917	0.1768069285820661	0.07442445386163932	0.11140911626667038	0.20691294535037666	0.005851718866346348
91000	-2540.180781294043	-2293.221743536851	-246.9590377571917	0.08192855622801594	0.10331666391132649	0.06865047534852407	0.10924972495543031	0.1736616215225264	0.003673981753665034
92000	-2544.2575679728543	-2294.5166225216767	-249.7409454511774	0.05323570949162531	0.1085386005305943	0.052009831831854245	0.09555221564940543	0.17118561125045245	0.002035911263562927
93000	-2544.690460630721	-2296.9520185119977	-247.7384421187235	0.13519744703529438	0.07849091804469892	0.05489653874047201	0.09372431068989791	0.16818845475166852	0.00294794233297518
94000	-2542.04238290539	-2292.1384100765963	-249.9039728287934	0.06910523306634904	0.08085984021063156	0.06735345737291229	0.11063046239524053	0.20447411200637625	0.0031953371304239034
95000	-2543.1162576386446	-2295.83991563644	-247.27634200220467	0.07426900283666665	0.1019899770774908	0.074056665330371	0.1420070742553234	0.1523546959319439	0.007373611836237526
96000	-2543.3804961910914	-2296.153786957887	-247.22670923320445	0.10609422256410993	0.1311413440303184	0.16402165386534007	0.10512344284652592	0.15797886642267403	0.005517222420287025
97000	-2544.3498391954136	-2294.068644236417	-250.28119495899648	0.12343301985465006	0.05872765094367451	0.07098785383522223	0.09673986744695522	0.19744054878190306	0.003478622611640683
98000	-2543.463790270197	-2294.3693557389142	-249.09443453128262	0.12752280884784328	0.09309910627728304	0.06899403600383609	0.15548799239741976	0.21868359259550096	0.004572102569343152
99000	-2541.095379992061	-2296.550289704378	-244.54509028768308	0.1033672044568958	0.10950484313320089	0.1511614224720172	0.10974080774378873	0.16097228897790652	0.003692586244697033
100000	-2544.2774303924793	-2295.700734387716	-248.57669600476368	0.13114853207041552	0.09746696105780144	0.041034061693203	0.11436818486912066	0.1324837797148441	0.0039063849635928
101000	-2545.6424671901614	-2294.0514531350914	-251.59101405507008	0.08829248271338012	0.06580007203459406	0.03710856844675288	0.08596440241531708	0.17138940370270914	0.0027286774269148378
102000	-2544.7148254006934	-2299.358619945155	-245.35620545553832	0.10507141618911842	0.13766815631242743	0.1239531825723738	0.12882658865515526	0.16477628260126537	0.003935822045242703
103000	-2546.752910813547	-2298.3350968902014	-248.41781392334562	0.07544420520388895	0.06496000945511575	0.0815297421202154	0.16259855024228345	0.10862427643638563	0.003470198412339873
104000	-2550.139940015031	-2299.3397089523028	-250.800231062728	0.09387286262981728	0.043322635475441684	0.05392399873483248	0.12847872539850533	0.12255492160780282	0.004977417961500121
105000	-2540.029236281337	-2292.712972161842	-247.3162641194947	0.08849905524249597	0.1130539466101773	0.07817239899417877	0.0806438449320856	0.18971146573697842	0.0040430100807476695
106000	-2543.978870258657	-2296.4642362763407	-247.51463398231618	0.11887618927884208	0.14881666196508112	0.0699199899778524	0.07511304792721571	0.16859952325656616	0.0034213183667092047
107000	-2543.1663891095036	-2291.260107301953	-251.90628180755047	0.12275272584741925	0.11891161267447546	0.039874524063921724	0.09682552019163801	0.20555147047641195	0.004571630951801504
108000	-2544.812241947527	-2296.087804093425	-248.72443785410235	0.0748760700340913	0.0578191937457581	0.0631255213096884	0.13479418439424745	0.14128008652390428	0.0033925203936238887
109000	-2543.18317199439	-2293.6546989520734	-249.52847304231636	0.06570234333383651	0.06026409685377129	0.055397888179957465	0.09707195242769359	0.15494637457910215	0.002354038482129799
110000	-2543.4342013547885	-2297.836473143763	-245.5977282110254	0.119859696961985	0.11510922051257845	0.13652797258799476	0.07375127243777713	0.14366446784514425	0.0030179987574477348
111000	-2542.4445608248307	-2295.1682524816	-247.27630834323054	0.08685742344997747	0.15877914426178058	0.0946320670006273	0.08804517247265081	0.1927132053924069	0.005689097753594339
112000	-2541.0998612059548	-2293.679182708919	-247.4206784970356	0.08204778541673301	0.10729223024491494	0.07665317449289205	0.10712834450733051	0.1836080011214795	0.004175861421740749
113000	-2539.506150882967	-2293.144474943972	-246.36167593899512	0.08620411055463004	0.10189260894689757	0.08148242924192646	0.12057834219777093	0.1961955231858014	0.0041942624542886135
114000	-2542.506756725471	-2294.4322254480594	-248.07453127741144	0.09845769479009275	0.12506716953985034	0.05013281014404078	0.1212059523540745	0.17124767076757877	0.0032236793536236405
115000	-2540.875994945012	-2293.2544842102934	-247.62151073471827	0.10185539629100235	0.12662452909295133	0.0704814526284743	0.09733748054537804	0.21669364767585045	0.004162382422933925
116000	-2541.209783297857	-2297.876737639838	-243.33304565801868	0.10704637423652703	0.10263351863362045	0.11731313802251421	0.09154889843642769	0.13368858192469388	0.0029452803684323825
117000	-2541.594746274145	-2296.258971434565	-245.3357748395802	0.0810169884774096	0.12427920467949016	0.1755282275033782	0.08886900259916505	0.15085140036277153	0.0031250675699328327
118000	-2543.2860940290984	-2295.9865376859634	-247.29955634313492	0.07761414559799998	0.11715800880122447	0.095007287561242	0.19293824110380392	0.17918500391690562	0.0036952052506028454
119000	-2543.3659981109877	-2293.035322359247	-250.33067575174073	0.07406701768062984	0.08902056026369462	0.07889755399288721	0.09206098862571246	0.2034670291357941	0.003984865673976298
120000	-2544.112605751547	-2294.440026374008	-249.67257937753882	0.0699357368494328	0.10659627409812708	0.17702912668143558	0.06908337640604159	0.20869021932910634	0.00409585001540543
121000	-2541.022578213294	-2296.7004025651995	-244.32217564809417	0.1130178305178924	0.08086493508611173	0.1320865274310988	0.10157533769539327	0.1425999319855916	0.0049522966895327435
122000	-2543.0060110048635	-2295.915596000442	-247.09041500442186	0.14123886055353957	0.11806473344609998	0.118760249956457	0.06996046674252766	0.20005798806243272	0.0029845886548903453
123000	-2543.0392131593367	-2294.5103140323495	-248.52889912698734	0.07559850842464368	0.16227979423206684	0.07942217048308187	0.07991504355435272	0.18703539415025372	0.0044436240615322534
124000	-2539.9670037040696	-2295.47204247682	-244.4949612272495	0.11811656010309639	0.11406091237976886	0.08701571399192003	0.08229758181596397	0.14989127260702625	0.004231806092930475
125000	-2540.0444375925767	-2295.8543251706806	-244.1901124218963	0.11824992829816443	0.11234074746618528	0.10161569717004428	0.10576098013912691	0.15332713783549262	0.003925213846496918
126000	-2539.914873201789	-2294.3885289579202	-245.52634424386866	0.08725195562885722	0.13223006588564384	0.11135316015335976	0.10941089005610065	0.17612132089742613	0.005011969403185829
127000	-2543.5765586502794	-2293.7153534322038	-249.86120521807584	0.09268190768680556	0.08880694812738177	0.12556881466898384	0.12283706124216708	0.2619284014768466	0.0048470656529026775
128000	-2545.482435120034	-2294.1325094671565	-251.34992565287757	0.09991653173017866	0.11272896393481671	0.03240034011611927	0.08071281658424426	0.15709667617136233	0.003036661377427784
129000	-2542.901354249768	-2294.834129705925	-248.06722454384277	0.06816631474314572	0.09376776128309512	0.08590857600750287	0.11682486395527497	0.1826535048132719	0.0038804636352321497
130000	-2540.4085732512617	-2293.3631549246643	-247.04541832659743	0.07841768303707178	0.0860934791276221	0.06947365201861477	0.13159216053189743	0.1715882843160967	0.003724259529108099
131000	-2541.839949485571	-2294.020737115657	-247.81921236991408	0.05729036186681181	0.07210144197340486	0.10478158902598698	0.07259269479576393	0.15176427072753246	0.0027386720786397602
132000	-2541.473597345834	-2292.898504162893	-248.5750931829411	0.09176101935711062	0.0865976116796072	0.08769485785215901	0.1522394058606592	0.22024429159400388	0.005241760566078085
133000	-2544.1998297167997	-2293.1353047530715	-251.06452496372822	0.04355769211776029	0.09617185051098066	0.06658285541680362	0.08928621995566981	0.17427013494130045	0.002894548511143176
134000	-2544.991670567855	-2296.958526145855	-248.03314442200025	0.11804708742157291	0.15849494675890038	0.05660833973282811	0.07517609678468473	0.13610404600468445	0.004617595121081235
135000	-2543.6901007860447	-2296.900505411816	-246.78959537422847	0.06635356304853046	0.09165764793905476	0.08208910798958985	0.11906853528114418	0.15658527191748983	0.00426037104795906
136000	-2543.5563619899917	-2294.4611500161045	-249.0952119738873	0.05873437187186999	0.08915424221582792	0.07255917632016634	0.07043477745609669	0.1805357389236793	0.0023797265746137936
137000	-2543.3957774061273	-2298.1991304634366	-245.19664694269073	0.12599378252318966	0.12676771167444134	0.09033400380935692	0.18117787791362147	0.13868963482162955	0.004668378656879953
138000	-2541.982109895007	-2296.3708695242954	-245.61124037071144	0.08515476331028872	0.11086490318758863	0.14895749747578102	0.0636260780667161	0.13644518516596701	0.003476266496327922
139000	-2542.499061891984	-2296.0283372163776	-246.4707246756066	0.0856723344065195	0.14867736365445447	0.18012759255675848	0.09357472693299611	0.15901809487658713	0.0035623468546003624
140000	-2545.3528678821954	-2294.7071104071683	-250.64575747502698	0.1399002966765547	0.08603511062122585	0.1983456051057925	0.12336587082181101	0.20002850635806765	0.00438731678003582
141000	-2543.6569344373197	-2294.2788275931753	-249.3781068441443	0.11070861540675288	0.06274325183862253	0.10828499882443929	0.06393052296824234	0.20796219683094216	0.0028968267184527195
142000	-2541.047314310116	-2294.7211822610393	-246.32613204907656	0.09900421393887439	0.1111324568848926	0.10047866667690748	0.09534094873594803	0.1926585035872387	0.0043973967045197
143000	-2542.827439339722	-2292.5714286374887	-250.2560107022331	0.05974582438669204	0.11483088327418259	0.05587815874080203	0.16465010458915538	0.18876494017994794	0.0030181694702925885
144000	-2540.943346024303	-2294.2711695896687	-246.67217643463425	0.10189886622971356	0.0805624657673144	0.06696010855279584	0.12713800064775302	0.189955959534093	0.0030239413788703618
145000	-2542.53778348233	-2294.3870384540587	-248.15074502827093	0.13951742876501363	0.1373237838886871	0.05869665756190941	0.10640719512339741	0.1652216698552399	0.005966809826930131
146000	-2542.1717388326015	-2297.4538340235085	-244.7179048090929	0.09637697496503737	0.12477840369041836	0.08173568544728842	0.08199041398473178	0.14103138944676585	0.003697383470665044
147000	-2539.8853475166047	-2294.1011806270344	-245.78416688957017	0.09604075010792275	0.1228266822278222	0.09557977360770016	0.12468199556640144	0.17967344575258118	0.00563486510436072
148000	-2541.3390330428624	-2296.9699766027716	-244.36905644009096	0.09860789160984039	0.1374354697550982	0.10113851998912494	0.09821246626102194	0.15903881300033368	0.0029620129194275853
149000	-2541.818673184604	-2292.9052548256423	-248.9134183589616	0.10515590630017674	0.10814566644672377	0.10558572922542983	0.1370314287369221	0.24292411488700738	0.003969849612795925
150000	-2540.06525895997	-2293.38497107341	-246.68028788655994	0.09729794330665177	0.082409040767376	0.12323872078220943	0.08535149783360674	0.20522534886105892	0.003949742430803741
151000	-2540.658277773254	-2296.276337804556	-244.38193996869825	0.10310938554743028	0.09361827343030206	0.12082153957722085	0.08127787492331975	0.14519019773392544	0.003774102847831021
152000	-2541.689661578585	-2296.6519712903923	-245.03769028819266	0.0945580924712054	0.1249820510678905	0.15952877890644337	0.09386765616325478	0.18945023148628046	0.0027449402425086633
153000	-2547.5627373978	-2295.099257703785	-252.46347969401475	0.054216417286684866	0.052469129837849	0.062281392396654346	0.07336294093640516	0.15592816842217555	0.0028089111189292097
154000	-2543.4212272529803	-2294.648304623124	-248.772922629856	0.06550623971034203	0.07088877534947992	0.18933714651919453	0.10366876709054572	0.16977283997014944	0.003320623226176954
155000	-2542.456457539579	-2295.436793680855	-247.01966385872413	0.08331540203214444	0.07206012879464421	0.11861325018540123	0.054319203085144395	0.13871439527369508	0.0024756445260867414
156000	-2540.866575279113	-2296.530926122364	-244.33564915674916	0.09081894550707141	0.09920206557588791	0.13316308046402742	0.09797233103432343	0.1359180466377788	0.004008784726508852
157000	-2540.898219258798	-2292.055008924653	-248.84321033414486	0.08570987270964052	0.10660410870341774	0.054242014489643345	0.09745182341384373	0.20665046498420367	0.0032815775907459595
158000	-2542.7334076681163	-2293.491672977683	-249.24173469043367	0.0890191983346651	0.070892256586654	0.06529303911016282	0.17603221583334502	0.1750229969387473	0.0048815862127767635
159000	-2543.4828048396043	-2295.8891838876984	-247.5936209519058	0.0851782622861904	0.08333156505678557	0.07424749388605627	0.10465086461833538	0.13129591900816248	0.004157916983368732
160000	-2548.5663034449544	-2298.1392639232504	-250.42703952170393	0.08276006707204309	0.08110841493926219	0.17337866005554278	0.09318589761465279	0.19587868550078305	0.006471856170220261
161000	-2542.402475361837	-2292.5653359298467	-249.8371394319902	0.08610426019088034	0.1032540548134106	0.04512196435612543	0.0829454712667809	0.18229087640876765	0.004167544532393533
162000	-2546.190667549703	-2294.542296602338	-251.6483709473649	0.11497029030692275	0.09062407401511947	0.05651049548290929	0.05179265511988566	0.15094073554256376	0.003949077467639105
163000	-2544.03750631338	-2294.514111639807	-249.52339467357316	0.05154141580747609	0.05726348873304258	0.09380929018179479	0.15890177150650173	0.15337267038866773	0.002155895736651471
164000	-2540.702711392497	-2293.2457979590076	-247.4569134334895	0.10548040694682567	0.10758712203643285	0.052571377907450124	0.09578075943821479	0.17192430820851398	0.0036638544926383826
165000	-2543.962025177684	-2296.14142096993	-247.82060420775417	0.05743256150858783	0.06168730217757787	0.11062192847858551	0.08771558250509075	0.13248779321203702	0.0031447574729416452
166000	-2544.1661621485346	-2300.616770388662	-243.5493917598722	0.09291760768964935	0.1097411263766154	0.12469633918551294	0.1269131732118964	0.10979002286548523	0.0035821183990723563
167000	-2540.982347201991	-2293.780413347332	-247.20193385465925	0.09590604222043073	0.09959390080646469	0.08549197828922386	0.07094084456049754	0.17285475375358125	0.0037294804343295652
168000	-2545.7157412497177	-2299.833106960703	-245.8826342890148	0.14376927232463338	0.16187642770482485	0.10553535901301568	0.08095714290716753	0.15305528946604036	0.004045356313231814
169000	-2546.7835431338576	-2297.1643150052787	-249.61922812857898	0.05535172697890034	0.10925990678061448	0.14217418164566323	0.07940854034884585	0.12582376893217367	0.0032798020521148884
170000	-2543.664357006178	-2297.468145105812	-246.19621190036628	0.12687909406792466	0.1835175906600129	0.0732571001577146	0.10643584743000982	0.14433186931641603	0.004645834091215976
171000	-2542.207279201019	-2294.031372334707	-248.17590686631166	0.09586108524794157	0.09156036173696745	0.130215248169361	0.19122129145118463	0.1981956549473877	0.0050898137037180165
172000	-2544.5749149334433	-2297.959154554073	-246.6157603793702	0.08285981304886159	0.15283514231221368	0.08160376479180663	0.10846037188379484	0.12999900129559538	0.004960790938434979
173000	-2540.740659915975	-2293.9950326409844	-246.74562727499043	0.10351948365510642	0.07718678139278319	0.12203427564520888	0.08798379173281669	0.20283419126236268	0.00414196503900696
174000	-2541.4546351353742	-2294.3353522201583	-247.119282915216	0.0823375447977154	0.09955756582741189	0.10441421976679945	0.08278270515935916	0.17962342456350777	0.0030923564032117753
175000	-2545.6529792384586	-2293.559696558862	-252.09328267959648	0.05352871913775671	0.07084316966313829	0.050364778307905554	0.17983469490497184	0.14401390526859742	0.0031702998792767336
176000	-2543.9270379797513	-2295.0330856889523	-248.89395229079895	0.09730455511980501	0.06582419394340153	0.05975603535172036	0.07091745598508041	0.16913203716125005	0.002890807459675883
177000	-2540.2973938493474	-2293.6383192579347	-246.65907459141292	0.09960335097011587	0.12625312519257645	0.06999346221837507	0.07236323138433712	0.16804463393172925	0.0037932485434551636
178000	-2542.6225907390813	-2295.6422717957794	-246.98031894330168	0.07204203350641171	0.09317403598448794	0.11204315652299905	0.0638610840862408	0.15136130457295602	0.002600960897143268
179000	-2539.915973139003	-2295.1896547912847	-244.7263183477185	0.085275522043071	0.10607254326876192	0.12194695923031039	0.10256928659551183	0.1613126871062914	0.004629424229637617
180000	-2542.9445225435215	-2295.8035480579238	-247.1409744855979	0.09261834116941237	0.08775766209809707	0.07128517666450579	0.07172644612442038	0.14239784516591408	0.003904129135702196
181000	-2543.0257127194773	-2294.0500260118724	-248.9756867076049	0.13894179926637376	0.14743648706398327	0.060736205617756056	0.0761764478053166	0.16875281447510065	0.005407057717972994
182000	-2542.4964355509537	-2294.6865838821977	-247.809851668756	0.06536527245397272	0.16587006369608073	0.12290434428243703	0.0734858754227153	0.18303098370044427	0.0030632020120500317
183000	-2542.0733264686537	-2292.503348564429	-249.56997790422483	0.15108487835701132	0.12579700963506577	0.06439076506398776	0.09165875633692826	0.21023821547826035	0.005884882867815157
184000	-2542.0764235866823	-2294.376205459972	-247.70021812671047	0.12332217151458207	0.14935524778772383	0.0769364498860056	0.10432594820708514	0.2154503437826488	0.0035407185343913645
185000	-2545.570158390176	-2296.280210206729	-249.2899481834471	0.075306049144618	0.07728390203219905	0.13535879326960257	0.04040218334003246	0.14102093569270324	0.0017813224197800097
186000	-2540.82052574443	-2296.013736230991	-244.80678951343904	0.1361170059724726	0.10191089561791257	0.13465108825944774	0.07765011452977058	0.17354972380761202	0.003332305239401689
187000	-2542.1527442347324	-2292.5469505915225	-249.60579364320967	0.07345039826462724	0.06374335611056141	0.056788589110662535	0.1006290478963684	0.17882805845201297	0.0031892223190130705
188000	-2542.5667320300304	-2296.736750132974	-245.82998189705643	0.12232299891422496	0.09899861176479016	0.06557685937500676	0.1496224494753923	0.14428405875179806	0.003470754360174939
189000	-2542.8955864865848	-2296.5378833316972	-246.35770315488776	0.10446730745219229	0.11087172248552749	0.09204209932756885	0.07489092265598932	0.16356654820599423	0.005960510696646572
190000	-2542.051955849876	-2294.268359391349	-247.78359645852692	0.08662229270078377	0.10372547159799167	0.053955331298033586	0.11967415248487522	0.16546082679291899	0.00543869067790223
191000	-2545.0355960591924	-2296.839428803888	-248.19616725530443	0.10520135026253419	0.11580422008534944	0.06020886955381375	0.08143427391827103	0.12717278605377572	0.005152097563963743
192000	-2541.4734275314568	-2296.756799660251	-244.71662787120567	0.09782892287160797	0.07489589232065517	0.08342588000408072	0.08773160416269497	0.14506510890499655	0.002614964048354002
193000	-2541.874220843898	-2293.629830230122	-248.244390613776	0.08803414162935563	0.1503586984601437	0.12546656387186272	0.1745716156612363	0.20436786194063863	0.005101749718234825
194000	-2541.6703095509556	-2294.3777203194522	-247.29258923150329	0.06688514360949889	0.10989471344840741	0.13839292192070002	0.09512583629394206	0.1725230944957715	0.003565065983371563
195000	-2539.6817962550913	-2294.5895976014	-245.09219865369164	0.10822946159306587	0.13954024421841832	0.08346761655630652	0.1272707268362716	0.16431710871379016	0.004936894605536128
196000	-2541.8801899703158	-2295.8598364594723	-246.02035351084362	0.0997940366035224	0.14574467494320292	0.07432810380391247	0.08215502507895937	0.1456734420447601	0.003621874318249148
197000	-2542.401915311171	-2294.659927947278	-247.74198736389297	0.1044818825179282	0.089385770164488	0.05809518716809883	0.09400878443041712	0.16297427931845299	0.005473233660516311
198000	-2544.869383186025	-2293.3315870356028	-251.5377961504225	0.04873885471400302	0.09322499658284765	0.044304402386154317	0.11575517085783314	0.15104054756968804	0.0027679130896194476
199000	-2543.7758477506477	-2293.383297646437	-250.39255010421073	0.13006260005779674	0.12439153939652037	0.05627682769862563	0.09242310445752108	0.21227494937476324	0.0036306999084486065
200000	-2550.5295388976124	-2301.267977176552	-249.26156172106022	0.09436057339104688	0.11961175808349347	0.12026879640684235	0.1322455755547012	0.17565647356201206	0.008197494362155167
201000	-2542.534401230133	-2296.149453697835	-246.38494753229833	0.10136406803898929	0.08314283320003948	0.13958104686782477	0.08681234145974832	0.19189013307867567	0.0036688687441476216
202000	-2543.592246084774	-2294.730290053125	-248.86195603164944	0.09226574136446342	0.08198247960068467	0.07092787383026265	0.09363989170976574	0.1665199097893143	0.004715555644795552
203000	-2543.945850383047	-2292.7220384050856	-251.22381197796125	0.08318981679363412	0.12344096270069227	0.09565575190541566	0.08400030537477833	0.2073760905816651	0.004499472061274758
204000	-2540.375190419216	-2294.579973080877	-245.79521733833866	0.07148041238163284	0.10537683015415004	0.08698465023572005	0.0722405526107447	0.15417003905946308	0.002741005988001476
205000	-2542.01906402474	-2294.207083722958	-247.81198030178228	0.08688439368561991	0.14468497204898623	0.06463624113246273	0.07883859512140418	0.18686892902147198	0.002902492829770576
206000	-2541.7646636150907	-2293.7315169641306	-248.03314665096025	0.0647927552864569	0.16071681559808712	0.08800135352696888	0.10141010799200595	0.18347236330659852	0.0037098608709244035
207000	-2543.5109958184307	-2296.511432342389	-246.9995634760416	0.136296293744671	0.17527427676327148	0.08177031998061762	0.10104747340470419	0.1481092837689861	0.0062545035469452285
208000	-2540.9611107816368	-2294.333304797836	-246.6278059838009	0.0655929047342187	0.0769425199707162	0.11320042689130098	0.1519914482566221	0.16474393007623375	0.0034539279315322826
209000	-2541.540320635689	-2292.239913831505	-249.30040680418404	0.09801232234409363	0.15106987650814827	0.07039645330769824	0.14634691763289273	0.21341219815221085	0.004773563011334611
210000	-2544.7867110642155	-2292.868625214747	-251.91808584946847	0.05794700007778779	0.08727342598803535	0.05964348028584736	0.04700935803395854	0.16237711549321762	0.002241459000115519
211000	-2541.9895835819198	-2293.9321812338803	-248.0574023480396	0.08768861983059915	0.13567101609412888	0.07063105739219716	0.1802258614131498	0.17670464389977672	0.004171941215005912
212000	-2541.623222992391	-2293.4611487327425	-248.1620742596489	0.129226860736424	0.11172286613530553	0.05282048100252341	0.09401780760163725	0.17487330533126194	0.003946175378761754
213000	-2541.128895330223	-2293.410452130373	-247.71844319984987	0.05471284865249967	0.10881920322696567	0.07493887257593748	0.1177208452406225	0.17482158487994456	0.0029588821048979353
214000	-2545.991049509497	-2298.9362761011644	-247.05477340833266	0.057399992450434416	0.10018064367915488	0.07085712812939564	0.10679000135081416	0.15249740994835678	0.003300184542296508
215000	-2541.8252944628157	-2295.161430851382	-246.6638636114333	0.07966197120612178	0.11471238169035843	0.08618679375485781	0.06753776492923622	0.16476516278396802	0.0026173426273252785
216000	-2544.810251264222	-2297.776082664651	-247.03416859957142	0.14926658912738183	0.06838453303595618	0.11801706188783284	0.07543939275002945	0.15080502235750154	0.005343949806856201
217000	-2541.796470339767	-2296.942930323735	-244.8535400160322	0.1312176593975809	0.14152801860569822	0.11761575521158031	0.14184153700959642	0.15251926078228828	0.005928838017544164
218000	-2543.1708013064135	-2292.8878923058674	-250.28290900054603	0.11068558026711563	0.15802666924577796	0.06471778026553368	0.06137875467124338	0.1975905520031501	0.004547724018834345
219000	-2549.9362564195617	-2292.6439167216877	-257.2923396978742	0.07391150285086481	0.1890491300735358	0.10272973547301076	0.08695886133546508	0.28859872915609824	0.0035469942851230297
220000	-2546.3964923281023	-2295.616396957	-250.78009537110265	0.03437150902207188	0.10087674173615412	0.09187785547891114	0.1211011628915544	0.13330134063417692	0.004714234046167701
221000	-2540.34189338636	-2294.3334973445144	-246.00839604184557	0.08092586111589094	0.09538885830559908	0.07409430240104871	0.1073031375666373	0.1638543168014635	0.002994493214104147
222000	-2544.971127464734	-2297.5192260100066	-247.45190145472722	0.10343837949980801	0.06810444662935178	0.08422661719380044	0.05806616058212508	0.1435509812159773	0.0027440474374330025
223000	-2542.6117482359623	-2294.5595212750777	-248.0522269608846	0.051222563656346524	0.0760144907278548	0.08639586459636536	0.1197380190281055	0.1722887768369939	0.002093235365578076
224000	-2546.360152458853	-2293.036382283429	-253.32377017542441	0.1187270904278383	0.16696167180767085	0.06443346204250526	0.14524701327485015	0.22692600308025246	0.004368400528545932
225000	-2548.000053964504	-2302.3945361948026	-245.6055177697011	0.06331843883838817	0.14284579765019148	0.095303987099901	0.06698069040045262	0.10320032684423676	0.0015199386178266362
226000	-2542.1085804613626	-2294.6534754806416	-247.45510498072107	0.05727262973531849	0.10909300900949132	0.07152206583157733	0.08219659136645148	0.17194139316311305	0.002168757623203287
227000	-2544.8242264475657	-2299.703594164377	-245.1206322831885	0.07828983218794519	0.14532039728784474	0.06418060238164142	0.11012622777748335	0.12541988596790915	0.0023782839876238418
228000	-2541.946744744529	-2295.5188639848348	-246.4278807596945	0.1187699371444422	0.11998827513271731	0.13868990595236708	0.12047643684234625	0.19297878207623248	0.007423950443984341
229000	-2542.4600633548025	-2293.85177333305	-248.60829002175257	0.06942563246094861	0.060633334607983654	0.10991773045956624	0.07259672919621679	0.16384148267360507	0.0029336740969316847
230000	-2541.586060836286	-2295.878762464945	-245.70729837134104	0.10544096386230668	0.1495893035629939	0.07777149345814831	0.11197290547156646	0.17540781558544716	0.0036314213119776196
231000	-2540.748191579303	-2296.6798852255906	-244.06830635371216	0.11467872283362418	0.09245747942687152	0.12883798679909847	0.14101088287748925	0.14509718094267673	0.004559600402980451
232000	-2545.7695955583376	-2293.492784954452	-252.27681060388576	0.06603584229045695	0.09462459049965746	0.0896788101170641	0.1150064452888688	0.2023937910579448	0.0031743495688169162
233000	-2545.7589240864368	-2294.821481480639	-250.9374426057979	0.10679032669244068	0.03744236440552438	0.06596310440811552	0.10830658719718651	0.17958355957696787	0.0024911216097794134
234000	-2542.8316064479	-2291.8076131208	-251.02399332710016	0.08064567063198164	0.11876469511757046	0.06372010608523752	0.07145754452150226	0.24064768497954045	0.0033864789846248544
235000	-2542.7001504572536	-2293.8501609645646	-248.84998949268908	0.10603850377682969	0.06284468275435548	0.11899259931338829	0.07610939186424057	0.20833483430315305	0.003072474500091917
236000	-2546.4654068375926	-2298.0788632095596	-248.3865436280328	0.12272974767462304	0.21612449107720413	0.10582704935096642	0.11742268196203709	0.17000439718779478	0.00355661055516163
237000	-2541.713040968905	-2293.4232883934164	-248.28975257548825	0.08014799172425281	0.11592222733264405	0.07565138984913107	0.09587909707118933	0.19926717077864534	0.0048319130875923814
238000	-2546.265505145473	-2294.6789994029727	-251.58650574250032	0.0948869301328981	0.14328897357424997	0.03448577109781628	0.14202663263143314	0.13880524427841812	0.004605858968662387
239000	-2541.8626953812277	-2296.714322631293	-245.1483727499349	0.0820417298893061	0.06874359846556427	0.10962965189359436	0.10014531422607413	0.1413954236762526	0.0023320440731363894
240000	-2544.2841187178065	-2294.8260245788165	-249.4580941389902	0.0572343377816423	0.16361063873879367	0.11213080638484614	0.07646586625772728	0.21242143228018917	0.00217239293328636
241000	-2543.9623715336074	-2294.108772388793	-249.85359914481444	0.07076485151162545	0.090307180171967	0.050693449702269744	0.11269012362172381	0.17934553532232408	0.004406514891720248
242000	-2540.153299802503	-2293.340227459883	-246.81307234262007	0.09967782976911521	0.13668253364465335	0.09283413263074396	0.08614351018210727	0.1870415287561601	0.004270349448238554
243000	-2542.968497605769	-2293.150573138754	-249.81792446701462	0.08085496193934956	0.14920194078754936	0.12455672891479268	0.08603848934405153	0.2426780775979803	0.0042058129625858415
244000	-2547.250032537929	-2295.7960237509546	-251.4540087869747	0.12006376911852132	0.1363516006791049	0.03267443013213082	0.08725990281045244	0.17496362991603862	0.003924476532894503
245000	-2539.980949792208	-2294.7739818252767	-245.2069679669312	0.08592299034692302	0.11490769792786432	0.09295460605279535	0.08915104702045157	0.1579030163505367	0.004358690835947877
246000	-2549.0576195432955	-2300.044654884324	-249.01296465897155	0.08323776999870473	0.08600916236018333	0.054339443057731106	0.1596493187206663	0.1575367283156348	0.006066733415354045
247000	-2541.311031190207	-2295.301533708235	-246.00949748197178	0.12389159570917939	0.11198876132127007	0.11970021733438688	0.11442866509772147	0.2213261402230034	0.004350389799842821
248000	-2547.935473694089	-2295.343091879159	-252.59238181492972	0.12226699673981573	0.09050169610997559	0.03321965137628638	0.08571994299893174	0.15447833137780223	0.004720653084290567
249000	-2541.1097054096717	-2292.0429543911478	-249.0667510185238	0.09921501439671236	0.14279409053886244	0.10693282177564642	0.12980006591736593	0.25336634331459396	0.0052001353188404955
250000	-2544.4559934066274	-2296.7405076956493	-247.71548571097796	0.09136150719451945	0.11652753377640769	0.07511473612286958	0.18176534174856043	0.15203324253230638	0.005907661376626107
251000	-2542.1851848364918	-2293.8035651569735	-248.38161967951814	0.05659088755782016	0.08210558442554905	0.09200372080890157	0.1323007402000655	0.19100964982224625	0.003051410650241634
252000	-2540.388442721238	-2294.465906448751	-245.9225362724868	0.089866970998368	0.09472980938706456	0.12029104454156564	0.10160692701503801	0.18511200462178465	0.005158656865637362
253000	-2543.0161984915494	-2292.739168903591	-250.2770295879587	0.08903144685833303	0.12337201633881775	0.12219083047640845	0.11271991554060302	0.26785066273115976	0.005536759174911871
254000	-2541.8391473086745	-2292.7757450429835	-249.06340226569105	0.07643209982426237	0.15271065974542997	0.07759328013757182	0.14093941192398216	0.21372956782640645	0.003893636550547542
255000	-2546.2390392781886	-2295.0528907516136	-251.18614852657507	0.0544967366081421	0.05838899670394597	0.05968403007132491	0.10524637031317703	0.1431591320947556	0.0046400597284825835
256000	-2544.6610223823823	-2299.5370072086866	-245.1240151736955	0.11108167358901051	0.08401590832380379	0.07448360229743661	0.08845054970877823	0.09827318986324343	0.0038632206134734293
257000	-2544.1414922461336	-2293.1521283984503	-250.98936384768353	0.046433422464813655	0.13505495719271082	0.07276215724300458	0.08852808343228007	0.1972874880370654	0.003631779543750017
258000	-2541.5103505387688	-2294.288807958461	-247.22154258030798	0.05882891547105493	0.11556022076783498	0.07066202518621181	0.11661272790948961	0.15674899210571944	0.0033765804406768202
259000	-2544.610661345888	-2294.624427167773	-249.9862341781148	0.04715022536279341	0.09904103692893725	0.05465118833015073	0.09947715316462312	0.14019746577896808	0.002977744265849523
260000	-2542.469888877288	-2292.7149210199154	-249.75496785737255	0.0927877063864711	0.08983531992372007	0.050796357821298946	0.07705400991040914	0.17062474814583511	0.0038971661065663986
261000	-2542.6830269976526	-2295.4511005038735	-247.2319264937792	0.09338352628227287	0.13822539098343503	0.07702974682195517	0.057419471128805376	0.16927811222407457	0.0029801472094252734
262000	-2542.5279443088407	-2295.1461440867597	-247.38180022208104	0.05885525929708081	0.0870520545135924	0.11664285705280035	0.06791415447541767	0.1705666388173254	0.001942177796428054
263000	-2542.718208210254	-2295.7882255818568	-246.92998262839745	0.07598530204872055	0.11818295432197966	0.13239085797011185	0.1111464952547613	0.17389180189216988	0.0033396515372816566
264000	-2543.1664599380047	-2298.066632131799	-245.0998278062057	0.08018563926891034	0.06972864579643617	0.15110751384840349	0.08289854861086567	0.12430042398381604	0.0022489623154264516
265000	-2542.8838814277087	-2297.24045075252	-245.64343067518874	0.06655818010133896	0.11039586449909287	0.0766457353810192	0.10948649782414924	0.1319354523003026	0.003889032659500769
266000	-2543.1606305308446	-2295.2398937148882	-247.92073681595653	0.10987797542289225	0.08115617035853447	0.10418063916486668	0.05697890360090041	0.17978220016156296	0.00397483918189032
267000	-2541.73973050643	-2293.560537017648	-248.17919348878183	0.10616123428390488	0.09683444868771875	0.05970748831565415	0.12281964385555755	0.187031499044124	0.006217039109583797
268000	-2541.517258166142	-2293.5624189391756	-247.95483922696621	0.12510988816491622	0.09178541581653077	0.07923906451971598	0.1534031218678401	0.20745235793078828	0.0053002928807248766
269000	-2544.054290977406	-2293.516190498308	-250.53810047909798	0.09336194216937459	0.10914843180148198	0.056469412191765066	0.06307816545891445	0.2173008378929856	0.0026381132575280706
270000	-2544.748050515438	-2294.85848361188	-249.8895669035585	0.09515114759644439	0.06665913143873985	0.05455626777994215	0.14204794098270765	0.1719141000895419	0.005130640610867007
271000	-2541.447894595485	-2294.0309322774624	-247.416962318023	0.1387729467595827	0.09205006802915412	0.10161523500606638	0.08974122000863136	0.22132413266375262	0.004066991306823351
272000	-2544.4765900530324	-2296.1490997714945	-248.32749028153782	0.07396000456151618	0.057080081793737095	0.15856755011854215	0.06603971647786509	0.12233080634355993	0.002759884785719922
273000	-2541.384521670098	-2295.7775165843564	-245.60700508574175	0.09999651004431544	0.08805184625881349	0.10025101021637041	0.14926125465421655	0.186307328659755	0.004197834498727519
274000	-2539.6818880659375	-2295.3764205394127	-244.30546752652467	0.1152122533624511	0.10922181093328293	0.0881049159902013	0.09610942936154065	0.17615419242691777	0.0032181345859259676
275000	-2545.217215738708	-2299.3523357222493	-245.86488001645867	0.12829309049735355	0.11107078426946736	0.1566536955918664	0.10655723760243054	0.13076977288433447	0.005340601155884188
276000	-2541.4699943205687	-2295.1805151261915	-246.28947919437715	0.08398609687587363	0.08712536296674545	0.08513729044615378	0.0964059292523515	0.1583686981690511	0.003327639272845136
277000	-2546.7518514708227	-2296.1362815209836	-250.61556994983923	0.08680202178477579	0.03850225128551006	0.11291709424804715	0.08059454074048648	0.12561270024189716	0.0033654123936164054
278000	-2544.3035073098927	-2298.985365086733	-245.31814222315953	0.09105154531655542	0.07303194749077145	0.10210103349794863	0.08440067397028138	0.10570701268196114	0.004270296774838259
279000	-2542.8029725360448	-2294.693373922264	-248.10959861378063	0.051860923141875834	0.07621081167268226	0.11075814651329596	0.07700799169690514	0.14419080583883065	0.002718182535544317
280000	-2540.9669615944144	-2294.1876195515306	-246.77934204288377	0.11713969548494246	0.09691180430146223	0.06538293032009886	0.07448149411104829	0.15935699966018052	0.004086194728551982
281000	-2542.992161267115	-2296.726105852297	-246.26605541481763	0.07737903380366588	0.13722960233450351	0.05932083413139529	0.10500853020718168	0.144800198418994	0.002624346490566755
282000	-2551.195222354968	-2301.337394222908	-249.85782813205992	0.13610770017116677	0.08823143031291099	0.11508994866991686	0.04969908094927066	0.14755738716851435	0.0029172765652190325
283000	-2546.6583733965044	-2295.8190645637965	-250.83930883270776	0.12102337096883907	0.06320775695694955	0.06401223277560904	0.04652702910229822	0.1425864630161356	0.0025667692994387277
284000	-2541.6327487370936	-2296.59862463392	-245.03412410317367	0.11095654252194989	0.11236088628439103	0.08991558230361747	0.07026712393562935	0.13713006427408475	0.003120094156268767
285000	-2539.833836483835	-2295.761971793593	-244.07186469024197	0.08358016015151205	0.08099690164109088	0.1133457715066106	0.11421898893804838	0.14942710115774704	0.0028774291967694544
286000	-2545.8640603715153	-2294.1448933585007	-251.71916701301475	0.05983530348872026	0.13023329301013944	0.052829351521314044	0.0747939919856104	0.18764733542923015	0.0021495703783486943
287000	-2542.506278481862	-2293.386478792636	-249.1197996892262	0.06152847529963747	0.07506456842972786	0.08468490108184118	0.138572944277977	0.2029139609079302	0.003953517196652393
288000	-2542.718758425681	-2297.9235493751903	-244.79520905049054	0.10337957499824468	0.15585552436910458	0.11716845522987424	0.1030597770886655	0.13518630427974127	0.005367475656764541
289000	-2539.5385771476012	-2294.1819811194264	-245.3565960281748	0.09500330485433241	0.1187203073480059	0.08434548834978413	0.10713445284174435	0.16911100860218228	0.003799691795457319
290000	-2543.051315034247	-2294.6758491632763	-248.3754658709708	0.08565174817397879	0.17769711533781443	0.06524797542607755	0.1072307068915095	0.16046331178230422	0.005336497874539903
291000	-2542.9244252651283	-2293.4659726120935	-249.45845265303498	0.07111780564994476	0.11292408856956657	0.07879167128234302	0.06209348495927875	0.17032893447837366	0.003803033555196089
292000	-2541.993722699739	-2293.583620621899	-248.4101020778399	0.10046810960119883	0.06041157612538029	0.08794552332174385	0.1262855590709683	0.1864989486643145	0.0044652455311426035
293000	-2543.665110578177	-2297.341940039316	-246.323170538861	0.06405387172719192	0.10367008241343784	0.11721038348060506	0.0949055770386521	0.1325203681219114	0.0029828964078850197
294000	-2541.7760378827024	-2294.008728529321	-247.7673093533814	0.10628389936244095	0.16085342672894176	0.0727679230746948	0.07287099768385566	0.17036900908452668	0.004795102416686576
295000	-2544.3356191314515	-2293.172346446471	-251.16327268498054	0.0783279463931202	0.11652879840297145	0.09781680567777283	0.15710343304082156	0.22066543799327357	0.004259145329001625
296000	-2542.5416548496714	-2293.664070508438	-248.87758434123344	0.07568946961417672	0.08596214950655197	0.11498182343269873	0.08992591347944141	0.2296709639977482	0.004152604516336707
297000	-2540.6603023580565	-2295.0428994522135	-245.6174029058427	0.08883553042228283	0.1378417659807359	0.07749088767914733	0.08207981088234703	0.15696635811948811	0.003410221099456664
298000	-2545.3402839583173	-2293.315559707394	-252.0247242509233	0.09509211468532236	0.0510275095214082	0.10665472974079265	0.1463004627952894	0.21667200395243347	0.004325294705453323
299000	-2543.215056288497	-2294.534157027122	-248.6808992613749	0.12191873766273724	0.14218935333186059	0.09961714480507895	0.061914439633304674	0.20022982794462213	0.005790435805022488
300000	-2540.0378292243313	-2293.140887323636	-246.89694190069508	0.09519044214561753	0.08495934434480422	0.09501655557304346	0.13477656685235798	0.20302610822483094	0.005043419707674896
301000	-2543.1840251188087	-2299.2199035405183	-243.9641215782906	0.13471673466191753	0.11263231053685596	0.08666129755689161	0.11466803755399016	0.14236134434670825	0.003712220943993833
302000	-2542.3834435836634	-2294.6307001997325	-247.75274338393095	0.08106904248595113	0.09275572382806067	0.09513076138998507	0.05130046588057853	0.15375315580891868	0.00349068789764046
303000	-2541.338915883203	-2293.195285598596	-248.14363028460676	0.08846934343926663	0.12993239060932255	0.07028412771813289	0.0795162364548355	0.19421054585242273	0.004315442176766576
304000	-2546.7942343088575	-2294.2478269392477	-252.54640736960985	0.060414212389417875	0.0901061002261312	0.0543013658287415	0.19616817458563576	0.14562168639074421	0.003581999060341676
305000	-2541.511472823318	-2297.659274879362	-243.85219794395613	0.12290599549625725	0.1267454069768257	0.1219788292652037	0.1342598925491014	0.13641778135221416	0.004628890274026109
306000	-2546.3611659184626	-2294.0836332948948	-252.27753262356782	0.1561450424399491	0.1873240536626518	0.0805311064466111	0.1298092863600784	0.22621766474087576	0.010043147250076441
307000	-2542.385065730692	-2295.467782793293	-246.91728293739905	0.07594229926834702	0.11513295469372574	0.14448909070275895	0.15761347942223244	0.17022054763250857	0.004067853526006687
308000	-2543.58983496517	-2297.065431714838	-246.52440325033245	0.126157981237798	0.08699460328162142	0.06656860555099096	0.11290414037161191	0.1869014036805397	0.003000515135671425
309000	-2558.9541601105852	-2296.671945987853	-262.282214122732	0.18804593355069443	0.0379795006407148	0.024797364183190212	0.050343226346522635	0.11817401877748708	0.00205401239468887
310000	-2541.922855684587	-2294.091610500563	-247.83124518402374	0.07866842702907305	0.1409550826698654	0.09872235736593646	0.1003965491915387	0.2192362423522028	0.00420128539718684
311000	-2540.228089944207	-2292.529552559582	-247.69853738462524	0.08791515321004487	0.09789114168798584	0.07986165993506564	0.07867262628918141	0.2085191572601574	0.0033125493500853784
312000	-2542.526492562194	-2297.3091512623278	-245.21734129986658	0.08334397313876475	0.06877999351677835	0.07895565963008601	0.12343122729184385	0.12512165950255805	0.003165964362879038
313000	-2546.9262514400057	-2299.999461778897	-246.92678966110856	0.060497567863823425	0.15948827342061947	0.1050347366549606	0.12435230895385921	0.11153977574688331	0.0038759027036979806
314000	-2543.3238312033263	-2294.6791016936086	-248.64472950971765	0.049704600391431736	0.12632302015304234	0.12393052378767226	0.15187325373415894	0.1987237255952924	0.0026150534478938036
315000	-2549.7372191411237	-2296.3154031509725	-253.42181599015112	0.11864167643226464	0.07412048281920205	0.026997927981550766	0.08911598074496169	0.13188725006366894	0.0034938335167952047
316000	-2540.4313997211602	-2295.019951342073	-245.41144837908715	0.10327243802457031	0.12774004290900026	0.13880279643836063	0.13775984518632173	0.19693289850126175	0.0036343352540927033
317000	-2541.009188382338	-2293.79198588108	-247.21720250125793	0.09840838198220664	0.08720104333388323	0.08131598087114977	0.1289247753685137	0.1838347254962759	0.004870285638895619
318000	-2543.175852286627	-2297.5469744849674	-245.62887780165974	0.10591310737416834	0.11798191622802731	0.15422550653974193	0.07499430488540372	0.17280850012632892	0.0032617773437179504
319000	-2543.4693024830526	-2297.030163300928	-246.4391391821247	0.0872970525372506	0.09311210258548491	0.08103667021482501	0.11149129717982448	0.16720602049543634	0.006889867412520879
320000	-2545.9444935483593	-2292.9935298367823	-252.95096371157706	0.04791490500822531	0.09465628213146873	0.04422659152737771	0.10022777077601625	0.17628871726489462	0.004087121329777163
321000	-2541.4590616385826	-2295.909566969767	-245.54949466881538	0.058911523839352976	0.12511977840233388	0.13131664457818518	0.08857798190520293	0.15252175665530837	0.002716106228480818
322000	-2546.902373780674	-2294.054371559357	-252.84800222131716	0.1433116764279796	0.09416526304545542	0.12090017954115573	0.06645253321240552	0.27791009814669687	0.004931211994741939
323000	-2542.4356573326972	-2294.177459782546	-248.25819755015104	0.07298017111360354	0.1606995749852987	0.13716379965229236	0.10012792462326324	0.20394516529618067	0.004645308372038312
324000	-2545.2078802768856	-2292.1020031842063	-253.10587709267907	0.07355969241913224	0.07702852864568696	0.06580444406495162	0.14563687158015762	0.26089977805944825	0.003218148104172364
325000	-2541.2304056567746	-2293.743232073314	-247.48717358346022	0.05940958730614092	0.12050667075230863	0.07109228437171687	0.08474309111611766	0.16208671980289394	0.0029726494973717627
326000	-2541.7603390602194	-2294.2290532603365	-247.5312857998827	0.07832481504927966	0.122113295472836	0.1313236279430376	0.0883125087469505	0.2030930735737242	0.00374246247807827
327000	-2542.9140886317396	-2294.7118643114295	-248.20222432030988	0.1597957897820461	0.09499552049347271	0.05667201758201086	0.12408550918710641	0.1645689007129623	0.0060429060783580265
328000	-2540.558852761219	-2295.4942106232725	-245.06464213794635	0.12375867282947939	0.12925004689275138	0.1041285447131649	0.08318078901633727	0.17626940280787762	0.0034890996816873228
329000	-2543.137315158956	-2297.1150454768413	-246.02226968211454	0.0966628178666342	0.09832530473767369	0.10046430286392415	0.08148370296261082	0.1342833751973442	0.00416947154467551
330000	-2539.8863919036503	-2292.631713118531	-247.25467878511944	0.09540210562463307	0.09794881124945304	0.08290117146913066	0.08902677995366527	0.20943317442700235	0.003956767189290666
331000	-2542.905594336454	-2294.074141381702	-248.8314529547523	0.07342433403284006	0.15013155276781118	0.08303865640672076	0.1409588785297543	0.19090433790465292	0.004326999189068489
332000	-2546.7104881596642	-2294.4345592203194	-252.27592893934474	0.08181130267933667	0.09876355905724948	0.2154584685376748	0.10305620458860454	0.2141752351992377	0.002975134899032059
333000	-2542.8752314836024	-2297.2236164148194	-245.65161506878314	0.059895301274798175	0.08876451004327919	0.10513954977483497	0.09082076663801389	0.11665345824704078	0.0034066044291411837
334000	-2545.3621170903625	-2293.306790780482	-252.05532630988057	0.09392806443776107	0.0843214968089416	0.10359334434327738	0.2243328590017192	0.2168586515519208	0.0039673500507018
335000	-2540.3738699688156	-2294.1982608280514	-246.17560914076412	0.1023631729281856	0.09637893726867562	0.07828772361215519	0.09062774466911325	0.16981905407831596	0.004145676342994033
336000	-2543.4233007636303	-2295.766782294419	-247.65651846921145	0.068528840232131	0.05271173326147975	0.15743247985758785	0.09613876787871405	0.13502941112557637	0.002457935349908096
337000	-2541.025365070046	-2295.9622362031714	-245.06312886687442	0.08253864426189753	0.1073340304707326	0.09335859733486739	0.13992688257631247	0.14681279444621295	0.004994477622204707
338000	-2547.8075450488177	-2300.4579343014125	-247.34961074740522	0.07431329580294417	0.11583442120933073	0.11421109558757672	0.06622414035577544	0.11769650441718882	0.001638442849936635
339000	-2541.626615856053	-2294.4077031784427	-247.2189126776103	0.0718009795607843	0.10383861921225551	0.08183497967814565	0.08113591271593788	0.16436016149863275	0.0035605327809016137
340000	-2545.5870743144055	-2294.9020359095484	-250.6850384048572	0.11026597476264341	0.21011919120352668	0.05068027340545792	0.1438561969482673	0.16838259982264495	0.004403370764431215
341000	-2540.229519630166	-2294.4629042231004	-245.76661540706567	0.1337733445502842	0.11074529590700322	0.08849647797677213	0.1372584725049383	0.16981785186467455	0.005223088426929386
342000	-2541.9353315626518	-2297.4516647075275	-244.48366685512443	0.09609618064152319	0.09480524900543971	0.07840105865117179	0.10145765002668193	0.1328523991540541	0.0031936679427495254
343000	-2543.1701816404693	-2295.979769846283	-247.19041179418622	0.12432010483008143	0.11748395801604446	0.0746949565351976	0.1687678829808983	0.1584278969577647	0.0046319054966816675
344000	-2540.604278736175	-2294.1231022732272	-246.4811764629474	0.06363305018019855	0.08409339224026507	0.1004056768066092	0.09618613617409666	0.16829519418942815	0.003739907645062989
345000	-2538.9784533919333	-2293.720972000364	-245.25748139156954	0.09953235702182042	0.12163399083047806	0.10019643092311054	0.11772980384225228	0.18240397683644563	0.005004002942444551
346000	-2541.1295432873167	-2294.981255417889	-246.14828786942766	0.09366169840060787	0.07517711788223518	0.10294175002917018	0.12605850723402665	0.18268658158508994	0.003423344224501382
347000	-2541.31699960464	-2292.9027045518264	-248.41429505281346	0.06060562262469737	0.10889236457271943	0.06957621842846526	0.13005186459133541	0.18457389619858164	0.0035408995737333505
348000	-2548.3859756239094	-2296.395367882407	-251.9906077415025	0.031960782224420274	0.1070881400406235	0.05986271074584523	0.08271014033090467	0.1536883827401137	0.0013225560896233488
349000	-2541.4306574219554	-2295.1245874576675	-246.30606996428776	0.080248508743131	0.09727159079835195	0.07060017037261922	0.07843961007832082	0.14610248560424877	0.0031542235584696198
350000	-2543.1459330681005	-2296.214950678005	-246.93098239009518	0.09452338031786481	0.11026643228209035	0.17592694264693454	0.09764023472316934	0.17412663343863968	0.005308090470319467
351000	-2540.35141884815	-2293.059226032503	-247.29219281564716	0.08251457003566964	0.10258381088784281	0.08231547853947682	0.08696672334466629	0.21020293458371656	0.003562112464019242
352000	-2546.5187350773977	-2294.9895258989063	-251.52920917849124	0.060071991034335595	0.05282430342170564	0.06685096968356263	0.13038684106051748	0.15373169540704665	0.00570675669166198
353000	-2540.7766245463463	-2295.6741771540114	-245.10244739233508	0.103239459061439	0.10611673044174062	0.10876047411914455	0.10234313966403533	0.17447543940048185	0.005197738089222906
354000	-2543.045850818768	-2296.3998369090764	-246.6460139096917	0.06552460395714285	0.1266344996925763	0.1312463821840427	0.09684465897347215	0.16708585016180075	0.00500265945105501
355000	-2542.4867096477437	-2297.817636327347	-244.6690733203967	0.06580866224913663	0.0819839878758246	0.0953394633113371	0.10849419896928336	0.14421811289628264	0.001899903078685389
356000	-2544.204263253808	-2297.6817299196423	-246.52253333416598	0.14845460067313976	0.10075036368236247	0.12189876693964659	0.09010612777371306	0.17705943700525506	0.00755039326503715
357000	-2542.992493929926	-2296.432233651908	-246.56026027801792	0.10379364093569392	0.0909562743466329	0.13776146759857028	0.16785553552926208	0.18630482827749165	0.0036198341438832904
358000	-2547.1974276870733	-2291.7262738241584	-255.4711538629147	0.037702996818867233	0.06950756441289965	0.054536319371746675	0.16495576976927712	0.1825287904865715	0.0036078515154052406
359000	-2540.8393730385596	-2293.575415756978	-247.2639572815817	0.0851708453773073	0.10973597618274886	0.08300963096107232	0.10613295760940376	0.1810775484602941	0.004913886590845687
360000	-2543.8022054306853	-2291.8021209612984	-252.00008446938676	0.14447761109519444	0.08505040017999102	0.05246143813482683	0.12557071176347492	0.24589848138738568	0.005302847584698486
361000	-2542.3464025149783	-2293.8550647541297	-248.4913377608485	0.0774770943378338	0.1720135934957059	0.06811412474620808	0.1240730143979375	0.17203243925208345	0.004462792457358222
362000	-2543.2538233418895	-2296.6223577148903	-246.63146562699916	0.10151232378635629	0.053257689414179354	0.11059746663441755	0.10091670098661884	0.1474508056646998	0.003943868660022222
363000	-2542.7163262344693	-2297.203706601479	-245.51261963299012	0.14909150288182133	0.12182743993412193	0.09455415097813072	0.15534754018436264	0.1453252932191149	0.0049823226733155986
364000	-2541.7050006215304	-2291.917962751913	-249.7870378696177	0.10212025338202411	0.10708349760502717	0.041336414750816515	0.10237120824487503	0.18526266534956293	0.004135837779049276
365000	-2541.8232437882452	-2294.68826492269	-247.13497886555513	0.06568800840555766	0.07752365649350916	0.10930743028237953	0.11958289204388957	0.19040326758325793	0.003325916160787626
366000	-2540.5503749216914	-2295.5234823720766	-245.02689254961462	0.09528331852150385	0.09631131839838837	0.07688402015762595	0.0943647189611622	0.1531545586830214	0.003497290716848063
367000	-2545.5420379781453	-2297.244542266279	-248.29749571186616	0.10504853356986651	0.04481181448390062	0.09059920538748342	0.07439510232391	0.15727022365656615	0.002019531155090676
368000	-2542.211262977812	-2293.4573856837565	-248.75387729405563	0.06287322845034518	0.10977180715180529	0.0629250174040033	0.10108124390324336	0.17289429246072166	0.004646556529872279
369000	-2540.2573966962373	-2294.3347002845408	-245.92269641169645	0.08088278136241599	0.1184259172126068	0.10191310765610603	0.12620405943007046	0.18094966643374386	0.00526988873934399
370000	-2544.70580143875	-2297.9324088346602	-246.77339260408962	0.07291839982928039	0.06185511106417189	0.11150187219330786	0.1499898007507963	0.1309993899107731	0.0033977771521164673
371000	-2540.547046764541	-2295.9303820406044	-244.6166647239365	0.09143631086670537	0.097649664311593	0.08104034727465562	0.09167130988952386	0.13507665977329564	0.0042240053598875315
372000	-2541.8036100732434	-2293.5048591044124	-248.2987509688312	0.08343704513925296	0.08540496590933154	0.06938657835067955	0.11334065222465413	0.21018061905142152	0.0036612951019948437
373000	-2541.6184857235985	-2295.0939369257785	-246.52454879782022	0.09262746671739562	0.1023822496464673	0.06023948132422874	0.07092295507446095	0.1466255197269151	0.0027654653076902794
374000	-2540.5100484406594	-2293.7479604153864	-246.7620880252729	0.0727617906716421	0.126121584032437	0.09787521594603316	0.11048840313783025	0.1915432604011934	0.0041422384309918285
375000	-2545.94320693011	-2297.425041181663	-248.5181657484471	0.10283998745473939	0.10864351996342661	0.04368618419527194	0.09605466327263287	0.13795572881402596	0.00505412025276432
376000	-2544.8554929619627	-2293.1900634035887	-251.66542955837394	0.05224597011530767	0.08561717297624452	0.08859352663077699	0.05142385102059486	0.19153923987901797	0.002950129463458429
377000	-2540.5990750206834	-2291.9143305458774	-248.68474447480597	0.09407969434979191	0.1277021013944953	0.07838405562632791	0.08845298648474217	0.22678616227878037	0.0040922926452709694
378000	-2540.2477071194226	-2292.8822316130763	-247.36547550634634	0.1087887370828324	0.12987941611290277	0.09519823011769953	0.10697683298860604	0.22098485857600716	0.0059950828913447225
379000	-2546.4627307016244	-2297.4230524855657	-249.03967821605863	0.05923411237799165	0.07291135713321056	0.10429905719075168	0.10375508165213614	0.1531776048008824	0.004485034501697056
380000	-2540.6338023241556	-2293.806058503387	-246.82774382076875	0.09677879530393006	0.09610337586229153	0.06799094327962044	0.09154257600805701	0.1774761444784273	0.003989149551650995
381000	-2541.5770632682634	-2294.778690934098	-246.79837233416526	0.12075396587246287	0.06053956334554416	0.1144791335410967	0.09562249053115308	0.17177916974224092	0.004157132518564537
382000	-2543.635370717676	-2297.0025792769834	-246.63279144069267	0.09665269918670459	0.13383849696447675	0.0787638862266478	0.1896364007379431	0.15281912915806267	0.003978464642602838
383000	-2541.8831962275663	-2292.865164611665	-249.0180316159014	0.0944854650386013	0.134563726027872	0.13694249542696948	0.13982688444230215	0.23742058729707313	0.0051727891328432925
384000	-2543.38328992043	-2295.858187970756	-247.52510194967408	0.07992927063451563	0.09934247245956125	0.08863993502549217	0.09408427447201174	0.2336320306428893	0.00211618791278472
385000	-2544.9659319086504	-2292.608336100049	-252.35759580860145	0.06818624458960643	0.0589697552527724	0.05611208279100652	0.1454062674388081	0.20381745083082012	0.00326774416469644
386000	-2546.1918427365076	-2293.0688500249476	-253.12299271156013	0.10063168778035173	0.18380209995788654	0.08400399287117356	0.059593156621330655	0.19402667489551598	0.005378164469222906
387000	-2543.18714367927	-2296.124177579122	-247.06296610014812	0.0703574604637251	0.05701151407738743	0.08800509291646212	0.12265658675245719	0.12062310304017011	0.0032342938973052675
388000	-2541.2512564011217	-2294.658050942411	-246.59320545871051	0.06989005388900402	0.09383108554234537	0.07783908205544567	0.1050672665788868	0.16031290947556706	0.004519128823745977
389000	-2542.369003815695	-2294.237247294522	-248.1317565211728	0.09020823980443203	0.08762845163494848	0.049126678741834726	0.10647576849763817	0.14438648396495335	0.004298984167698974
390000	-2545.9921125938	-2296.19771105937	-249.79440153442988	0.1081562898688663	0.1132937623668109	0.07678937490365524	0.048636209805946753	0.21116968199412942	0.0027416394796054965
391000	-2543.522155150576	-2294.052141097747	-249.47001405282893	0.053621854738488454	0.06811613665583471	0.16016774200448583	0.10661188937882676	0.1896002225126207	0.0023829716422553698
392000	-2542.638877347157	-2294.0224557183797	-248.61642162877772	0.07512602897309867	0.08205670946622161	0.05715347118225077	0.07427619707590045	0.1611748983059969	0.0032999772430563805
393000	-2541.406121311626	-2292.8538283174585	-248.55229299416766	0.07881183275032255	0.14019321915984814	0.12008679319185739	0.09163361395693086	0.21651468000819812	0.004098784218813785
394000	-2541.271110175765	-2296.213870582392	-245.05723959337325	0.10759345565697809	0.10792688773207336	0.0972778805760085	0.06687253075308784	0.14496860421516358	0.003917175896746924
395000	-2540.9825298576716	-2296.1234350583204	-244.85909479935097	0.07153491373617495	0.10590703602476755	0.12263319760952697	0.10848162458630838	0.14900404249368643	0.0039818377411654
396000	-2543.911844196884	-2297.822834034445	-246.0890101624389	0.0890166888595186	0.1700824306154025	0.14701711296434877	0.12255981132973003	0.16913126322169653	0.0041965241290516705
397000	-2540.2068132053855	-2293.6714558547787	-246.53535735060697	0.10038569972830771	0.11931969350553831	0.08002660898841714	0.09101795587201414	0.17772866841472448	0.005094548906919862
398000	-2544.450488809882	-2295.545149194807	-248.90533961507478	0.09261220607127266	0.06446169552549341	0.05099360761884773	0.11797494914442104	0.12978766270062	0.0028429599273840085
399000	-2540.5975525318163	-2294.750040981191	-245.84751155062514	0.06381617707165708	0.11881567665738467	0.09552038182604929	0.0986005535119356	0.15893595174923653	0.003946732356935817
400000	-2543.4361494488294	-2291.9515622768577	-251.48458717197158	0.06414171315332987	0.12815409989488752	0.0608100806253286	0.06282443291846768	0.21096554677490964	0.0034137016135581785
401000	-2540.7886212193607	-2294.6248907663867	-246.16373045297385	0.08673678926663454	0.08437259251709084	0.07398086653583481	0.08617188578497739	0.1448009879819074	0.003808836066991569
402000	-2543.829950897165	-2296.5020341040577	-247.32791679310753	0.1165105908060398	0.14664061249504534	0.07489144333783733	0.1561434953035358	0.17084961001050963	0.0034915259572821083
403000	-2546.5977070904623	-2294.2753006742387	-252.32240641622374	0.03968879064635884	0.06368195206904523	0.08010579109341064	0.09621791373944101	0.18611578353802147	0.0027373240206812984
404000	-2539.104825211853	-2294.637897985597	-244.46692722625588	0.10763427915747628	0.1341099582795338	0.10406047356356987	0.10523683445049203	0.1710382770824467	0.004642319423200907
405000	-2542.7290655025195	-2296.584702718571	-246.14436278394868	0.052874418838188046	0.125451529891602	0.08758951821326522	0.08818837976701133	0.12932454952683148	0.0027305841579248562
406000	-2539.599916047946	-2293.8158194776415	-245.7840965703045	0.1030194778907661	0.11305385426934964	0.09556299773118665	0.12174873302431616	0.19096228527087644	0.004336733665066202
407000	-2543.2583372231834	-2295.826486127339	-247.4318510958443	0.07836234946672936	0.10483449461503366	0.12274490074299624	0.06984418133784492	0.18185307124581482	0.002235882225934123
408000	-2547.7867472163757	-2292.5065170795997	-255.28023013677583	0.08065661729624023	0.054334479129610605	0.05091166905266834	0.06969868693412966	0.2082872540041689	0.002702796218310481
409000	-2544.342771706843	-2294.697651054413	-249.64512065242974	0.07393290700700142	0.08908425517223502	0.08694935033088694	0.1969222579841352	0.15623544317397584	0.0063217492514944735
410000	-2546.4550343725296	-2295.267169726859	-251.1878646456708	0.08676968564448442	0.09931675723145042	0.04601969115536177	0.05646168937769735	0.13748996973224295	0.0034982572045481335
411000	-2545.273053541331	-2292.1084892238746	-253.1645643174565	0.04557046138238479	0.06654820289041552	0.05207589161609639	0.1079623442115674	0.19210847868799394	0.002797958326965962
412000	-2544.9581269024047	-2297.9487456076386	-247.0093812947662	0.06123629578408166	0.12889478187794043	0.14049974832489434	0.08533550303497187	0.158643943744812	0.004159387899057897
413000	-2544.0641199756133	-2297.2134669132556	-246.85065306235748	0.08555484613476194	0.05763639322185982	0.08936139938967333	0.12799598241754231	0.12828372116452583	0.004743699060043796
414000	-2540.3498313148766	-2295.8060847068455	-244.5437466080313	0.10020752214018418	0.11914255761575034	0.12045879405453673	0.12792168584623262	0.19316322452751583	0.00322276051974841
415000	-2542.7083097661302	-2293.045307502318	-249.66300226381236	0.0927743259013824	0.08406551351088684	0.041582086455976185	0.10670847389967864	0.15528925043778968	0.004142894947025736
416000	-2541.6044873187084	-2295.5230464899814	-246.08144082872678	0.0996198192112652	0.10361812844068352	0.14322451612517018	0.09606488760541278	0.18391552214071058	0.005764434774003936
417000	-2545.826662699857	-2296.2718348226863	-249.55482787717054	0.07662093490669501	0.11524959976682404	0.08958783715068465	0.1498139206637047	0.18749436715292533	0.011055365909317487
418000	-2543.6632745175466	-2292.33295501603	-251.33031950151667	0.07084159845420669	0.14022502411752696	0.057927650665930315	0.16752361217725945	0.21051125372907176	0.00398117299406054
419000	-2540.7038116994936	-2294.5585149364365	-246.14529676305716	0.10120425713872289	0.09043440972504256	0.08662412664371909	0.062144617053206674	0.16609595119978401	0.0029822962715373375
420000	-2542.437790114542	-2293.624174463175	-248.81361565136694	0.06999871497684622	0.09500482811238155	0.09448441899530716	0.09771109956960099	0.22001375806318874	0.004109971900297253
421000	-2542.65690520153	-2294.089973209842	-248.56693199168816	0.06755588630025586	0.15356010858792746	0.07109114071246124	0.10698958693533661	0.20170009759965865	0.002814800690240385
422000	-2543.1907281955478	-2294.048424561189	-249.14230363435834	0.09867035095981226	0.07752091135523835	0.06197143488560199	0.06970513514489182	0.19657441391672076	0.003384811355096237
423000	-2540.1641273288387	-2293.6060521973263	-246.55807513151254	0.12954630794470193	0.10417180486601338	0.08892894410483862	0.13743415747044208	0.20089003867154312	0.005475174203685925
424000	-2540.4571119268485	-2293.631064188514	-246.82604773833486	0.07296348679972826	0.08222721358287893	0.07550015884752809	0.09448293721203709	0.16819139336494118	0.0033961554289813323
425000	-2542.27001318584	-2298.037227151319	-244.23278603452127	0.09397880551766531	0.10101971823917179	0.07554970880237621	0.13225493536287886	0.14587387244997177	0.0025827836737952387
426000	-2543.005741529846	-2293.6496010689107	-249.35614046093525	0.06892265549380709	0.07255214361260075	0.056846514120551195	0.07614685274898252	0.16501600278956727	0.002642565677921069
427000	-2541.696318753602	-2294.501145153374	-247.19517360022786	0.0652436388827846	0.07210415181101482	0.12752356570932372	0.10792123084415287	0.16820941482716795	0.002859902966414018
428000	-2541.4280373588285	-2294.937474143477	-246.49056321535153	0.07357036188868195	0.07833427241847614	0.13170096989516336	0.12752066700218928	0.17105766639881212	0.0027407432748977646
429000	-2545.641566430732	-2298.9652011612898	-246.67636526944207	0.12452811489036737	0.1654870349037253	0.12410503115291766	0.09994499104684305	0.1594571090217203	0.008747615534694197
430000	-2541.0629802793997	-2294.8091990589655	-246.25378122043412	0.10360253844774425	0.06548708795140969	0.07868037800856688	0.08795969245634723	0.15846636928619046	0.003118932000344491
431000	-2543.0195120932044	-2295.7643367095907	-247.25517538361387	0.0747241020218904	0.09335815415457263	0.056019665040129875	0.11733293102758001	0.12892989355444612	0.0037557450284619776
432000	-2545.7075963349935	-2295.867226076932	-249.84037025806143	0.03406989597237743	0.09716978417852586	0.1057440506382232	0.07490485596766668	0.14618524108024133	0.0019494635490180283
433000	-2542.1180956856515	-2295.420618629265	-246.69747705638648	0.07033912719634461	0.14997476170061552	0.09590434842211648	0.13881669480968173	0.17308153983250996	0.004486950571256737
434000	-2542.7600579585405	-2294.5834773219976	-248.17658063654312	0.07000487503751497	0.08095233388539835	0.09114464004389021	0.060516219998544375	0.17298764690033744	0.0020665917151647603
435000	-2544.5865897020003	-2297.1117287264583	-247.47486097554213	0.10350083985775858	0.08969736836822129	0.13608880846479496	0.08416917198894168	0.19943818057974994	0.006488143594479877
436000	-2551.0904269226257	-2293.541461557138	-257.54896536548756	0.07718254678850835	0.06805403048833074	0.041261505499414756	0.09540979617501787	0.2672186875843864	0.004315648533448474
437000	-2541.320500272047	-2294.9095172877505	-246.41098298429654	0.0837134848078	0.09855807780914529	0.12771511144172482	0.06411023415857216	0.16246991541213152	0.004028695867070598
438000	-2540.942172917656	-2295.7085684801746	-245.23360443748155	0.07776035793064814	0.09880185803664253	0.11916096019452124	0.10018358931909838	0.15568862721406576	0.004809857564747286
439000	-2540.8343713794097	-2295.1238680152255	-245.71050336418435	0.11063518649265355	0.07568948913917767	0.10952866245466604	0.10898608247326037	0.17346476937228764	0.005293642460331344
440000	-2543.460785981002	-2294.7581634471017	-248.7026225339007	0.1224970644061237	0.14656152575990958	0.16689862741365677	0.07039427570068313	0.20674731665205867	0.004199039777711031
441000	-2540.55406300657	-2294.8529159692343	-245.70114703733537	0.09215807894180816	0.0885278779958139	0.08205382213206827	0.16115700791172213	0.1601837111687216	0.0035126225881115494
442000	-2544.264701068702	-2291.5202786394475	-252.7444224292545	0.08618825786634426	0.12176266223183572	0.035907643305201915	0.08465555693417876	0.18499275555956846	0.004130039734172012
443000	-2543.476140101831	-2293.609897261173	-249.8662428406578	0.1404070233354329	0.08668174027214456	0.10135040494111804	0.10899484542544433	0.25171263904442387	0.0064016410891957615
444000	-2541.0742616525476	-2293.0608575056294	-248.01340414691836	0.1152384985281704	0.08848122618079823	0.10832651191686123	0.1133883309621014	0.21538744059216727	0.004739070183083735
445000	-2542.0015364683177	-2294.734178019914	-247.2673584484038	0.09939683670219268	0.08911363204428875	0.08324813319436478	0.05832620203086022	0.14915969928475603	0.00342292103163782
446000	-2539.3480424062977	-2294.1464261591345	-245.2016162471631	0.09365696586675645	0.10512303547081249	0.08733483205138406	0.13147490997162933	0.168083895266456	0.004937343803524096
447000	-2542.264048839689	-2295.351034527829	-246.91301431185983	0.06480168413861287	0.16242087048800644	0.1022593876059192	0.0810086450844538	0.1535273204609228	0.003815379979885498
448000	-2543.8537505402282	-2295.415665059684	-248.43808548054412	0.08636214898956411	0.09219355195786616	0.05690438269734642	0.08087403166714514	0.17625719438001938	0.002223441161202873
449000	-2540.331654846646	-2293.427574133835	-246.9040807128107	0.09634284157911323	0.09633272543487714	0.0814123602995057	0.12153578037436509	0.19821787442537464	0.005566442726852063
450000	-2544.214021167051	-2296.389958107009	-247.82406306004214	0.0786768221483802	0.078141106275212	0.08639369364656833	0.061178296464586064	0.14514342015992637	0.0034658487910735787
451000	-2544.5997414936646	-2294.5231754279926	-250.0765660656719	0.04973896765965747	0.10706036569134136	0.049725841945949444	0.09739513449219203	0.1649355892295946	0.0021411531989315395
452000	-2540.7579477974846	-2295.611428502357	-245.14651929512775	0.08907091040587442	0.06939497835879564	0.10581427477797083	0.09197394819463703	0.14010815594025172	0.0029781383926191242
453000	-2539.492043539462	-2294.628778910535	-244.86326462892706	0.10928142032777861	0.09618102387441956	0.12532048121652542	0.12342163550263467	0.1849681667172917	0.004730250575746419
454000	-2541.5822617525696	-2294.2713466299138	-247.31091512265604	0.10055340565565168	0.14169765898913778	0.059226151584166525	0.10186137756844212	0.15859792184911162	0.004812355595042187
455000	-2544.893633911876	-2293.4228516771395	-251.47078223473628	0.10645256571969022	0.06251073726707831	0.053941231034287745	0.17542107814994432	0.19334082084483228	0.0033029644599309026
456000	-2543.3183794317697	-2294.951730661002	-248.36664877076782	0.08712304930911419	0.09509046523157039	0.09025220322372077	0.11746965067829594	0.19223887501490744	0.005667311642170204
457000	-2549.991642769485	-2294.2612043573586	-255.7304384121267	0.02921988156126744	0.07754701363721814	0.07443804774486905	0.2076032754983648	0.1794730379881529	0.001518367342294364
458000	-2542.5207690353554	-2292.884506592246	-249.63626244310925	0.09716042439508868	0.0724579172542533	0.06261455417272366	0.10467120554827933	0.22795975009457295	0.0029367794599988047
459000	-2541.9364602683168	-2294.1101358251362	-247.82632444318034	0.10995337147601947	0.11078508679299869	0.12196447807236127	0.17665305454669367	0.1894624768152308	0.005576173278476823
460000	-2542.3139239456573	-2296.521695633537	-245.79222831212022	0.09796296178480403	0.15598791183512428	0.08371334544925513	0.09764328746617208	0.14147332706311647	0.005195131467301609
461000	-2545.881666531518	-2295.521005557279	-250.360660974239	0.04194418220849062	0.09634638862018848	0.07470248830590355	0.060137803832938194	0.13504986603829935	0.0019783120716829116
462000	-2542.969717424921	-2297.9214207691084	-245.04829665581227	0.11926470582106902	0.10868339111840955	0.1385214081918975	0.053906760518079265	0.13372732276165855	0.0023740836302998817
463000	-2541.257308749464	-2292.830792782453	-248.42651596701072	0.15238790805941146	0.12036927471846949	0.07291351886984265	0.08516486890376522	0.21338822464859275	0.004514962858367619
464000	-2544.3178201744745	-2293.798852366891	-250.51896780758372	0.1299930809046709	0.09652949462176508	0.042820070938825	0.07469183761945608	0.1914192369356819	0.003365932851197133
465000	-2541.788189404624	-2291.4081254895896	-250.38006391503464	0.0798653001979024	0.09370057435880214	0.0660305353967193	0.10796155703329441	0.24011206074454025	0.003933742663155785
466000	-2540.1593040469597	-2294.17915058773	-245.98015345922977	0.1116767742148365	0.11391381586559016	0.08459127816765055	0.13099343596378443	0.17706516380110443	0.005975024609584046
467000	-2545.3289048745805	-2298.272928095101	-247.0559767794794	0.11583041353503229	0.10212190419254287	0.10851443731375104	0.08040859077420547	0.1796450465558525	0.006767766689699016
468000	-2541.5219543752987	-2295.76064939298	-245.7613049823184	0.0789708289286224	0.11225237437950662	0.09800312137432217	0.15293365694410974	0.15664122925908164	0.004397901043318681
469000	-2542.8727157752814	-2295.1585902038446	-247.71412557143688	0.07194054554069515	0.13074599155164204	0.06425880305392562	0.07268187792863534	0.14010084782593166	0.003732487161091915
470000	-2540.3042099641784	-2295.5730329296384	-244.7311770345402	0.07151978853816679	0.09010276932267018	0.1018365772935153	0.11330169129367279	0.14607416993956285	0.0028011530597299153
471000	-2542.5703244347947	-2292.3182425271043	-250.25208190769047	0.1052568953044689	0.16782314910388296	0.12225471295958694	0.08946263776714841	0.25204026093245635	0.0055877854694926996
472000	-2543.418213763052	-2294.3328858354685	-249.08532792758322	0.08137720891407857	0.08819433655742925	0.05785409278113827	0.0946980656726655	0.1790356547201573	0.005181674327296575
473000	-2541.6316968084566	-2293.6703425449004	-247.96135426355607	0.09863338097370158	0.13884625662122882	0.06139280177122355	0.09499457511539965	0.21137452321857897	0.003331135931833235
474000	-2544.1899961157196	-2296.351882963626	-247.8381131520939	0.08822404563766091	0.0697996876487562	0.06503042444025255	0.07420860592436962	0.11675029495161815	0.0033751899430057727
475000	-2542.7457834254096	-2293.9828368622125	-248.7629465631971	0.15500881670759092	0.12252179387191582	0.059443138791475246	0.0766167812189004	0.17075165319538893	0.0054137742459912565
476000	-2543.9115959193255	-2294.1860723433992	-249.72552357592605	0.09459781142463813	0.06660470638110666	0.07472158274328938	0.0530369544203402	0.17066039868908645	0.003241372643270696
477000	-2541.170766650373	-2295.0556173941227	-246.11514925625013	0.08763535786772447	0.14995502877482256	0.10461875261292186	0.1393380991131872	0.1734092238270951	0.004074656462245633
478000	-2542.8672169590386	-2293.43590090583	-249.43131605320897	0.09901762029393571	0.05857641463441529	0.100682478784035	0.11513422824294699	0.22730318340964165	0.004954107834451466
479000	-2540.9328613505822	-2293.4636673070722	-247.46919404351	0.09488837734821332	0.10863837586732529	0.05873590735263023	0.1323943553493094	0.16787117103578597	0.005014465435965603
480000	-2544.2571570892014	-2296.801338219439	-247.45581886976242	0.0912821612244201	0.13899104169400328	0.07207851664500217	0.08368504537285465	0.1511479764166559	0.00543568397695405
481000	-2539.856012789899	-2293.8673249862413	-245.98868780365765	0.10433745254424617	0.13062004632350793	0.10391583772123937	0.1172616258380203	0.18601686532138076	0.005630094992712906
482000	-2540.8764626842144	-2293.7474410662044	-247.12902161801014	0.07408388554883083	0.08763996030474447	0.07087275010346414	0.13269116032523673	0.1620308852471509	0.0034104294789318937
483000	-2543.2198397074644	-2297.280665526962	-245.93917418050268	0.07754702601353429	0.08763367172145137	0.13369008243922068	0.09725388792289205	0.1366446100712355	0.004341077187423836
484000	-2539.7827583161757	-2294.117659447851	-245.6650988683247	0.0762139842599096	0.0758136283967002	0.10499197780113485	0.1009749973581204	0.1703649462818031	0.0034872726159912216
485000	-2544.1454794639876	-2295.9733555078737	-248.172123956114	0.17502697771489878	0.13041189556085797	0.08423094120137604	0.14901089997855274	0.1640673598053555	0.005137463720994229
486000	-2546.1892446907036	-2293.7961097168445	-252.39313497385913	0.06472767493309232	0.09395721394883133	0.06918788819261822	0.04084322441588668	0.16790807926224122	0.003258157626070796
487000	-2543.5219952636758	-2294.780787600903	-248.74120766277272	0.0676647667175676	0.06796050323060585	0.06448652059067005	0.09431559979197614	0.14724261281253195	0.0036606751896817932
488000	-2542.201502113271	-2294.7615966525836	-247.4399054606875	0.07631882505903204	0.11660524691276294	0.11257268954063862	0.1280732613193305	0.21431917661695812	0.0032276866039630467
489000	-2544.338698240304	-2295.73556093952	-248.60313730078389	0.1055040567923266	0.0770732691285027	0.061729737685329	0.09960113440852868	0.1829488533898734	0.006094522208607337
490000	-2551.1027083757826	-2297.839034695809	-253.26367367997375	0.04049757696081625	0.08072496338373607	0.08526904964488578	0.10766217803103946	0.18323103735714613	0.002376384786220221
491000	-2544.485262949919	-2298.3979487293655	-246.08731422055365	0.08153580451904092	0.08728025420453285	0.06567142923884543	0.09688283464574642	0.10948661527224159	0.0034853281743190434
492000	-2540.723596937204	-2294.5884408267893	-246.1351561104147	0.1464625670795711	0.12615731745335904	0.07807950359766581	0.11233149638751833	0.16795598374825774	0.005973584202818151
493000	-2542.3472249498395	-2296.786134280671	-245.56109066916844	0.10326133298199289	0.13735870819972196	0.0911806746933792	0.133910610354151	0.1493704939700006	0.006786418743207512
494000	-2539.6017207242694	-2294.571315648839	-245.0304050754304	0.09071806722496971	0.09353218876407882	0.08398621064916498	0.13095127237483623	0.17300451002751024	0.0035407950703892537
495000	-2541.4540127413184	-2297.6656712790164	-243.78834146230196	0.12800371408261593	0.1036264437156607	0.10322704548315123	0.11566816745709341	0.1282767430186736	0.00434642998726246
496000	-2540.4016341953784	-2294.9006339115676	-245.50100028381058	0.12021612435818978	0.10680237520022079	0.07209516117551065	0.10525064677156247	0.15905105520114668	0.005198909227563713
497000	-2539.8830155398095	-2295.6632673409067	-244.21974819890292	0.10268681528477586	0.07989332279428935	0.08711967008944255	0.10405181449417633	0.14625664973298078	0.0031775038696014637
498000	-2539.6723552031153	-2295.064559781992	-244.6077954211232	0.12730551824434452	0.10699351833545828	0.12011582183247069	0.13146377459273403	0.16626414942843418	0.005158846875371119
499000	-2541.8297057140708	-2293.2617298009127	-248.5679759131579	0.07842589502781053	0.12653661565708743	0.0599351691163552	0.06589824886639405	0.16286278107843574	0.0036543422304674083
500000	-2544.8463037465617	-2293.66891140937	-251.1773923371917	0.12206089981953819	0.154971113340042	0.055305733184759745	0.08216880100787552	0.18814750213414091	0.007104317374951983
