pbsworkdir
/home/gseeholzer/nas3/bfd/runs/F3
./:/bin:/usr/bin:/usr/local/sbin:/usr/sbin:/opt/pbs/bin:/home/gseeholzer/programs/bamUtil/bin:/home/gseeholzer/programs/samtools-1.10/bin:/home/gseeholzer/programs/angsd:/home/gseeholzer/programs/angsd/misc:/home/gseeholzer/programs/satsuma2-master/bin:/home/gseeholzer/programs/pcangsd:/home/gseeholzer/programs/evalAdmix:/home/gseeholzer/programs/htslib-1.10.2/bin:/home/gseeholzer/programs/ngsRelate:/home/gseeholzer/programs/vcftools_0.1.13/bin:/home/gseeholzer/programs/bcftools-1.10.2/bin:/home/gseeholzer/programs/gsl/bin:/home/gseeholzer/programs/ngsTools/ngsDist:/home/gseeholzer/programs/ngsTools/ngsF:/home/gseeholzer/programs/ngsTools/ngsF-HMM:/home/gseeholzer/programs/ngsTools/ngsLD:/home/gseeholzer/programs/ngsTools/ngsPopGen:/home/gseeholzer/programs/ngsTools/ngsSim:/home/gseeholzer/programs/ngsTools/ngsUtils:/home/gseeholzer/programs/fastme-2.1.6.1/src:/home/gseeholzer/programs/beast/bin:/home/gseeholzer/.local/bin:/home/gseeholzer/bin
Tue Jun 30 20:43:39 EDT 2020

real	0m0.000s
user	0m0.000s
sys	0m0.000s

                        BEAST v2.6.2, 2002-2020
             Bayesian Evolutionary Analysis Sampling Trees
                       Designed and developed by
 Remco Bouckaert, Alexei J. Drummond, Andrew Rambaut & Marc A. Suchard
                                    
                   Centre for Computational Evolution
                         University of Auckland
                       r.bouckaert@auckland.ac.nz
                        alexei@cs.auckland.ac.nz
                                    
                   Institute of Evolutionary Biology
                        University of Edinburgh
                           a.rambaut@ed.ac.uk
                                    
                    David Geffen School of Medicine
                 University of California, Los Angeles
                           msuchard@ucla.edu
                                    
                      Downloads, Help & Resources:
                           http://beast2.org/
                                    
  Source code distributed under the GNU Lesser General Public License:
                   http://github.com/CompEvol/beast2
                                    
                           BEAST developers:
   Alex Alekseyenko, Trevor Bedford, Erik Bloomquist, Joseph Heled, 
 Sebastian Hoehna, Denise Kuehnert, Philippe Lemey, Wai Lok Sibon Li, 
Gerton Lunter, Sidney Markowitz, Vladimir Minin, Michael Defoin Platel, 
          Oliver Pybus, Tim Vaughan, Chieh-Hsi Wu, Walter Xie
                                    
                               Thanks to:
          Roald Forsberg, Beth Shapiro and Korbinian Strimmer

Random number seed: 1593564219927

File: F3.SBE2_v1_2sp.r2.xml seed: 1593564219927 threads: 32
Loading package BEAST v2.6.2
Loading package BEASTLabs v1.9.2
Loading package MODEL_SELECTION v1.5.2
Loading package SNAPP v1.5.0
Loading package BEAST v2.6.2
Alignment(bfd)
  40 taxa
  100 sites
  100 patterns

ant: 100 13
bar: 100 41
cur: 100 5
Data(snap.bfd)
  3 taxa
  100 sites
  75 patterns

Seq: seq_Amotape_B67243.Tumbes.Amotape
Seq: seq_Amotape_B67257.Tumbes.Amotape4
Seq: seq_Canchaque_B72873.Piura.Canchaque4
Seq: seq_Canchaque_B72878.Piura.Canchaque7
Seq: seq_Porculla_B72863.Piura.Porculla
Seq: seq_Porculla_B72866.Piura.Porculla4
Seq: seq_CarpaChavin_B72793.Huanuco.CarpaChavin
Seq: seq_CarpaChavin_B72795.Huanuco.CarpaChavin1
Seq: seq_Carpish_B72761.Huanuco.Acomayo3
Seq: seq_Carpish_B72772.Huanuco.Mitotambo2
Seq: seq_Chavinillo_B72789.Huanuco.Chavinillo3
Seq: seq_Chavinillo_B72792.Huanuco.Chavinillo4
Seq: seq_Macate_B72807.Ancash.Macate4
Seq: seq_Macate_B72814.Ancash.Macate
Seq: seq_Quichas_B72777.Lima.Quichas2
Seq: seq_Quichas_B72778.Lima.Quichas
Seq: seq_CorBlanca_NK_1717036
Seq: seq_CorBlanca_FMNH_3918886
Seq: seq_Huamatanga_B72889.Lima.Huamatanga7
Seq: seq_Huamatanga_B72892.Lima.Huamatanga7
Seq: seq_Pacar_B72907.Ancash.Pacar1
Seq: seq_Pacar_B72909.Ancash.Pacar3
Seq: seq_LaQuinua_B72753.Pasco.LaQuinua1
Seq: seq_LaQuinua_B72756.Pasco.LaQuinua3
Seq: seq_Chinchan_B72900.Ancash.Chinchan2
Seq: seq_Chinchan_NK_1738961
Seq: seq_curtata_cra.cur.B60322
Seq: seq_curtata_cra.cur.B81753
ant: 100 13
bar: 100 41
cur: 100 5
3 taxa
100 sites
77 patterns
Rate prior = gamma
Log Likelihood Correction = -1648.686280047032
===============================================================================
Citations for this model:

Bouckaert, Remco, Timothy G. Vaughan, Jo?lle Barido-Sottani, Sebasti?n Duch?ne, 
  Mathieu Fourment, Alexandra Gavryushkina, Joseph Heled et al. 
  BEAST 2.5: An advanced software platform for Bayesian evolutionary analysis. 
  PLoS computational biology 15, no. 4 (2019): e1006650.

David Bryant, Remco Bouckaert, Joseph Felsenstein, Noah Rosenberg, Arindam RoyChoudhury. Inferring Species Trees Directly from Biallelic Genetic Markers: Bypassing Gene Trees in a Full Coalescent Analysis. Mol. Biol. Evol. 29(8):1917-1932, 2012

===============================================================================
Starting step 0
Starting step 1
Starting step 2
Starting step 3
Starting step 4
Starting step 5
Starting step 8
Starting step 7
Starting step 6
Starting step 10
Starting step 9
Starting step 11
Starting step 12
Starting step 13
Starting step 14
Starting step 15
Starting step 16
Starting step 17
Starting step 18
Starting step 19
Starting step 20
Starting step 21
Starting step 22
Starting step 23
Finished step 19
Finished step 17
Finished step 16
Finished step 22
Finished step 13
Finished step 23
Finished step 11
Finished step 10
Finished step 7
Finished step 6
Finished step 20
Finished step 14
Finished step 21
Finished step 15
Finished step 18
Finished step 12
Finished step 1
Finished step 9
Finished step 2
Finished step 8
Finished step 5
Finished step 4
Finished step 3
Finished step 0

Loading /home/gseeholzer/nas3/bfd/runs/F3/F3.SBE2_v1_2sp.r2/step0/likelihood.log, burnin 20%, skipping 200 log lines

|---------|---------|---------|---------|---------|---------|---------|---------|
*********************************************************************************

Calculating statistics

|---------|---------|---------|---------|---------|---------|---------|---------|
********************************************************************************

marginalLs[0 ] = -2295.111888127425

Loading /home/gseeholzer/nas3/bfd/runs/F3/F3.SBE2_v1_2sp.r2/step1/likelihood.log, burnin 20%, skipping 200 log lines

|---------|---------|---------|---------|---------|---------|---------|---------|
*********************************************************************************

Calculating statistics

|---------|---------|---------|---------|---------|---------|---------|---------|
********************************************************************************

marginalLs[1 ] = -2295.5591131571086

Loading /home/gseeholzer/nas3/bfd/runs/F3/F3.SBE2_v1_2sp.r2/step2/likelihood.log, burnin 20%, skipping 200 log lines

|---------|---------|---------|---------|---------|---------|---------|---------|
*********************************************************************************

Calculating statistics

|---------|---------|---------|---------|---------|---------|---------|---------|
********************************************************************************

marginalLs[2 ] = -2296.264118130555

Loading /home/gseeholzer/nas3/bfd/runs/F3/F3.SBE2_v1_2sp.r2/step3/likelihood.log, burnin 20%, skipping 200 log lines

|---------|---------|---------|---------|---------|---------|---------|---------|
*********************************************************************************

Calculating statistics

|---------|---------|---------|---------|---------|---------|---------|---------|
********************************************************************************

marginalLs[3 ] = -2296.7941531908737

Loading /home/gseeholzer/nas3/bfd/runs/F3/F3.SBE2_v1_2sp.r2/step4/likelihood.log, burnin 20%, skipping 200 log lines

|---------|---------|---------|---------|---------|---------|---------|---------|
*********************************************************************************

Calculating statistics

|---------|---------|---------|---------|---------|---------|---------|---------|
********************************************************************************

marginalLs[4 ] = -2297.5720827319215

Loading /home/gseeholzer/nas3/bfd/runs/F3/F3.SBE2_v1_2sp.r2/step5/likelihood.log, burnin 20%, skipping 200 log lines

|---------|---------|---------|---------|---------|---------|---------|---------|
*********************************************************************************

Calculating statistics

|---------|---------|---------|---------|---------|---------|---------|---------|
********************************************************************************

marginalLs[5 ] = -2298.2439502569964

Loading /home/gseeholzer/nas3/bfd/runs/F3/F3.SBE2_v1_2sp.r2/step6/likelihood.log, burnin 20%, skipping 200 log lines

|---------|---------|---------|---------|---------|---------|---------|---------|
*********************************************************************************

Calculating statistics

|---------|---------|---------|---------|---------|---------|---------|---------|
********************************************************************************

marginalLs[6 ] = -2299.1288926432658

Loading /home/gseeholzer/nas3/bfd/runs/F3/F3.SBE2_v1_2sp.r2/step7/likelihood.log, burnin 20%, skipping 200 log lines

|---------|---------|---------|---------|---------|---------|---------|---------|
*********************************************************************************

Calculating statistics

|---------|---------|---------|---------|---------|---------|---------|---------|
********************************************************************************

marginalLs[7 ] = -2300.2217826581755

Loading /home/gseeholzer/nas3/bfd/runs/F3/F3.SBE2_v1_2sp.r2/step8/likelihood.log, burnin 20%, skipping 200 log lines

|---------|---------|---------|---------|---------|---------|---------|---------|
*********************************************************************************

Calculating statistics

|---------|---------|---------|---------|---------|---------|---------|---------|
********************************************************************************

marginalLs[8 ] = -2301.3342248072136

Loading /home/gseeholzer/nas3/bfd/runs/F3/F3.SBE2_v1_2sp.r2/step9/likelihood.log, burnin 20%, skipping 200 log lines

|---------|---------|---------|---------|---------|---------|---------|---------|
*********************************************************************************

Calculating statistics

|---------|---------|---------|---------|---------|---------|---------|---------|
********************************************************************************

marginalLs[9 ] = -2302.91789993313

Loading /home/gseeholzer/nas3/bfd/runs/F3/F3.SBE2_v1_2sp.r2/step10/likelihood.log, burnin 20%, skipping 200 log lines

|---------|---------|---------|---------|---------|---------|---------|---------|
*********************************************************************************

Calculating statistics

|---------|---------|---------|---------|---------|---------|---------|---------|
********************************************************************************

marginalLs[10 ] = -2304.0915358235593

Loading /home/gseeholzer/nas3/bfd/runs/F3/F3.SBE2_v1_2sp.r2/step11/likelihood.log, burnin 20%, skipping 200 log lines

|---------|---------|---------|---------|---------|---------|---------|---------|
*********************************************************************************

Calculating statistics

|---------|---------|---------|---------|---------|---------|---------|---------|
********************************************************************************

marginalLs[11 ] = -2305.6591008068986

Loading /home/gseeholzer/nas3/bfd/runs/F3/F3.SBE2_v1_2sp.r2/step12/likelihood.log, burnin 20%, skipping 200 log lines

|---------|---------|---------|---------|---------|---------|---------|---------|
*********************************************************************************

Calculating statistics

|---------|---------|---------|---------|---------|---------|---------|---------|
********************************************************************************

marginalLs[12 ] = -2307.326203439799

Loading /home/gseeholzer/nas3/bfd/runs/F3/F3.SBE2_v1_2sp.r2/step13/likelihood.log, burnin 20%, skipping 200 log lines

|---------|---------|---------|---------|---------|---------|---------|---------|
*********************************************************************************

Calculating statistics

|---------|---------|---------|---------|---------|---------|---------|---------|
********************************************************************************

marginalLs[13 ] = -2308.643111669383

Loading /home/gseeholzer/nas3/bfd/runs/F3/F3.SBE2_v1_2sp.r2/step14/likelihood.log, burnin 20%, skipping 200 log lines

|---------|---------|---------|---------|---------|---------|---------|---------|
*********************************************************************************

Calculating statistics

|---------|---------|---------|---------|---------|---------|---------|---------|
********************************************************************************

marginalLs[14 ] = -2310.333032089648

Loading /home/gseeholzer/nas3/bfd/runs/F3/F3.SBE2_v1_2sp.r2/step15/likelihood.log, burnin 20%, skipping 200 log lines

|---------|---------|---------|---------|---------|---------|---------|---------|
*********************************************************************************

Calculating statistics

|---------|---------|---------|---------|---------|---------|---------|---------|
********************************************************************************

marginalLs[15 ] = -2311.410961711886

Loading /home/gseeholzer/nas3/bfd/runs/F3/F3.SBE2_v1_2sp.r2/step16/likelihood.log, burnin 20%, skipping 200 log lines

|---------|---------|---------|---------|---------|---------|---------|---------|
*********************************************************************************

Calculating statistics

|---------|---------|---------|---------|---------|---------|---------|---------|
********************************************************************************

marginalLs[16 ] = -2312.3522427433268

Loading /home/gseeholzer/nas3/bfd/runs/F3/F3.SBE2_v1_2sp.r2/step17/likelihood.log, burnin 20%, skipping 200 log lines

|---------|---------|---------|---------|---------|---------|---------|---------|
*********************************************************************************

Calculating statistics

|---------|---------|---------|---------|---------|---------|---------|---------|
********************************************************************************

marginalLs[17 ] = -2314.8157921187867

Loading /home/gseeholzer/nas3/bfd/runs/F3/F3.SBE2_v1_2sp.r2/step18/likelihood.log, burnin 20%, skipping 200 log lines

|---------|---------|---------|---------|---------|---------|---------|---------|
*********************************************************************************

Calculating statistics

|---------|---------|---------|---------|---------|---------|---------|---------|
********************************************************************************

marginalLs[18 ] = -2314.1165162254447

Loading /home/gseeholzer/nas3/bfd/runs/F3/F3.SBE2_v1_2sp.r2/step19/likelihood.log, burnin 20%, skipping 200 log lines

|---------|---------|---------|---------|---------|---------|---------|---------|
*********************************************************************************

Calculating statistics

|---------|---------|---------|---------|---------|---------|---------|---------|
********************************************************************************

marginalLs[19 ] = -2314.9073325694894

Loading /home/gseeholzer/nas3/bfd/runs/F3/F3.SBE2_v1_2sp.r2/step20/likelihood.log, burnin 20%, skipping 200 log lines

|---------|---------|---------|---------|---------|---------|---------|---------|
*********************************************************************************

Calculating statistics

|---------|---------|---------|---------|---------|---------|---------|---------|
********************************************************************************

marginalLs[20 ] = -2314.104650403274

Loading /home/gseeholzer/nas3/bfd/runs/F3/F3.SBE2_v1_2sp.r2/step21/likelihood.log, burnin 20%, skipping 200 log lines

|---------|---------|---------|---------|---------|---------|---------|---------|
*********************************************************************************

Calculating statistics

|---------|---------|---------|---------|---------|---------|---------|---------|
********************************************************************************

marginalLs[21 ] = -2315.2049111774554

Loading /home/gseeholzer/nas3/bfd/runs/F3/F3.SBE2_v1_2sp.r2/step22/likelihood.log, burnin 20%, skipping 200 log lines

|---------|---------|---------|---------|---------|---------|---------|---------|
*********************************************************************************

Calculating statistics

|---------|---------|---------|---------|---------|---------|---------|---------|
********************************************************************************

marginalLs[22 ] = -2314.3820956168906

Loading /home/gseeholzer/nas3/bfd/runs/F3/F3.SBE2_v1_2sp.r2/step23/likelihood.log, burnin 20%, skipping 200 log lines

|---------|---------|---------|---------|---------|---------|---------|---------|
*********************************************************************************

Calculating statistics

|---------|---------|---------|---------|---------|---------|---------|---------|
********************************************************************************

marginalLs[23 ] = -2314.756980885914

Step        theta         likelihood   contribution ESS
0            1            -2295.1119   0            797.0096     
1            0.8623       -2295.5591   -316.1032    801          
2            0.7384       -2296.2641   -284.3791    648.6966     
3            0.6276       -2296.7942   -254.53      801          
4            0.529        -2297.5721   -226.5735    801          
5            0.4417       -2298.244    -200.4454    801          
6            0.3651       -2299.1289   -176.146     791.0498     
7            0.2983       -2300.2218   -153.621     801          
8            0.2406       -2301.3342   -132.8404    801          
9            0.1911       -2302.9179   -113.7774    786.9272     
10           0.1493       -2304.0915   -96.3608     801          
11           0.1143       -2305.6591   -80.5835     771.4262     
12           0.0855       -2307.3262   -66.3933     791.8946     
13           0.0623       -2308.6431   -53.737      801          
14           0.0438       -2310.333    -42.5894     550.4492     
15           0.0296       -2311.411    -32.8828     699.0997     
16           0.019        -2312.3522   -24.578      738.1632     
17           0.0113       -2314.8158   -17.6328     565.1618     
18           0.0062       -2314.1165   -11.9528     520.3737     
19           0.0029       -2314.9073   -7.5026      450.9845     
20           0.0011       -2314.1047   -4.19        684.0615     
21           0.0003       -2315.2049   -1.9311      590.4935     
22           0            -2314.3821   -0.6073      578.7083     
23           0            -2314.757    -0.0669      767.3198     
sum(ESS) = 17139.8193  

marginal L estimate = -2299.424282624408


Total wall time: 92314 seconds
Done

real	1538m37.187s
user	35735m1.869s
sys	507m37.591s
