pbsworkdir
/home/gseeholzer/nas3/bfd/runs/F3
./:/bin:/usr/bin:/usr/local/sbin:/usr/sbin:/opt/pbs/bin:/home/gseeholzer/programs/bamUtil/bin:/home/gseeholzer/programs/samtools-1.10/bin:/home/gseeholzer/programs/angsd:/home/gseeholzer/programs/angsd/misc:/home/gseeholzer/programs/satsuma2-master/bin:/home/gseeholzer/programs/pcangsd:/home/gseeholzer/programs/evalAdmix:/home/gseeholzer/programs/htslib-1.10.2/bin:/home/gseeholzer/programs/ngsRelate:/home/gseeholzer/programs/vcftools_0.1.13/bin:/home/gseeholzer/programs/bcftools-1.10.2/bin:/home/gseeholzer/programs/gsl/bin:/home/gseeholzer/programs/ngsTools/ngsDist:/home/gseeholzer/programs/ngsTools/ngsF:/home/gseeholzer/programs/ngsTools/ngsF-HMM:/home/gseeholzer/programs/ngsTools/ngsLD:/home/gseeholzer/programs/ngsTools/ngsPopGen:/home/gseeholzer/programs/ngsTools/ngsSim:/home/gseeholzer/programs/ngsTools/ngsUtils:/home/gseeholzer/programs/fastme-2.1.6.1/src:/home/gseeholzer/programs/beast/bin:/home/gseeholzer/.local/bin:/home/gseeholzer/bin
Tue Jul  7 09:17:21 EDT 2020

real	0m0.000s
user	0m0.000s
sys	0m0.000s

                        BEAST v2.6.2, 2002-2020
             Bayesian Evolutionary Analysis Sampling Trees
                       Designed and developed by
 Remco Bouckaert, Alexei J. Drummond, Andrew Rambaut & Marc A. Suchard
                                    
                   Centre for Computational Evolution
                         University of Auckland
                       r.bouckaert@auckland.ac.nz
                        alexei@cs.auckland.ac.nz
                                    
                   Institute of Evolutionary Biology
                        University of Edinburgh
                           a.rambaut@ed.ac.uk
                                    
                    David Geffen School of Medicine
                 University of California, Los Angeles
                           msuchard@ucla.edu
                                    
                      Downloads, Help & Resources:
                           http://beast2.org/
                                    
  Source code distributed under the GNU Lesser General Public License:
                   http://github.com/CompEvol/beast2
                                    
                           BEAST developers:
   Alex Alekseyenko, Trevor Bedford, Erik Bloomquist, Joseph Heled, 
 Sebastian Hoehna, Denise Kuehnert, Philippe Lemey, Wai Lok Sibon Li, 
Gerton Lunter, Sidney Markowitz, Vladimir Minin, Michael Defoin Platel, 
          Oliver Pybus, Tim Vaughan, Chieh-Hsi Wu, Walter Xie
                                    
                               Thanks to:
          Roald Forsberg, Beth Shapiro and Korbinian Strimmer

Random number seed: 1594127841628

File: F3.SBE3_v2_1sp.r3.xml seed: 1594127841628 threads: 8
Loading package BEAST v2.6.2
Loading package BEASTLabs v1.9.2
Loading package MODEL_SELECTION v1.5.2
Loading package SNAPP v1.5.0
Loading package BEAST v2.6.2
Alignment(bfd)
  40 taxa
  100 sites
  100 patterns

ant: 100 33
cur: 100 5
Data(snap.bfd)
  2 taxa
  100 sites
  42 patterns

Seq: seq_Carpish_B72761.Huanuco.Acomayo3
Seq: seq_Carpish_B72772.Huanuco.Mitotambo2
Seq: seq_Amotape_B67243.Tumbes.Amotape
Seq: seq_Amotape_B67257.Tumbes.Amotape4
Seq: seq_Chavinillo_B72789.Huanuco.Chavinillo3
Seq: seq_Chavinillo_B72792.Huanuco.Chavinillo4
Seq: seq_Quichas_B72777.Lima.Quichas2
Seq: seq_Quichas_B72778.Lima.Quichas
Seq: seq_Canchaque_B72873.Piura.Canchaque4
Seq: seq_Canchaque_B72878.Piura.Canchaque7
Seq: seq_Huamatanga_B72889.Lima.Huamatanga7
Seq: seq_Huamatanga_B72892.Lima.Huamatanga7
Seq: seq_Porculla_B72863.Piura.Porculla
Seq: seq_Porculla_B72866.Piura.Porculla4
Seq: seq_LaQuinua_B72753.Pasco.LaQuinua1
Seq: seq_LaQuinua_B72756.Pasco.LaQuinua3
Seq: seq_curtata_cra.cur.B60322
Seq: seq_curtata_cra.cur.B81753
ant: 98 33
cur: 98 5
2 taxa
98 sites with weight 100
43 patterns
Rate prior = gamma
Log Likelihood Correction = -1139.868169588039
===============================================================================
Citations for this model:

Bouckaert, Remco, Timothy G. Vaughan, Jo?lle Barido-Sottani, Sebasti?n Duch?ne, 
  Mathieu Fourment, Alexandra Gavryushkina, Joseph Heled et al. 
  BEAST 2.5: An advanced software platform for Bayesian evolutionary analysis. 
  PLoS computational biology 15, no. 4 (2019): e1006650.

David Bryant, Remco Bouckaert, Joseph Felsenstein, Noah Rosenberg, Arindam RoyChoudhury. Inferring Species Trees Directly from Biallelic Genetic Markers: Bypassing Gene Trees in a Full Coalescent Analysis. Mol. Biol. Evol. 29(8):1917-1932, 2012

===============================================================================
Starting step 0
Starting step 1
Starting step 2
Starting step 3
Starting step 4
Starting step 6
Starting step 5
Starting step 7
Finished step 7
Finished step 0
Finished step 5
Finished step 4
Finished step 6
Finished step 1
Finished step 3
Finished step 2
Starting step 8
Starting step 9
Starting step 10
Starting step 11
Starting step 14
Starting step 13
Starting step 15
Starting step 12
Finished step 14
Finished step 8
Finished step 9
Finished step 13
Finished step 15
Finished step 12
Finished step 11
Finished step 10
Starting step 16
Starting step 17
Starting step 18
Starting step 19
Starting step 20
Starting step 22
Starting step 21
Starting step 23
Finished step 23
Finished step 19
Finished step 17
Finished step 22
Finished step 21
Finished step 18
Finished step 16
Finished step 20

Loading /home/gseeholzer/nas3/bfd/runs/F3/F3.SBE3_v2_1sp.r3/step0/likelihood.log, burnin 20%, skipping 200 log lines

|---------|---------|---------|---------|---------|---------|---------|---------|
*********************************************************************************

Calculating statistics

|---------|---------|---------|---------|---------|---------|---------|---------|
********************************************************************************

marginalLs[0 ] = -1560.3184719067244

Loading /home/gseeholzer/nas3/bfd/runs/F3/F3.SBE3_v2_1sp.r3/step1/likelihood.log, burnin 20%, skipping 200 log lines

|---------|---------|---------|---------|---------|---------|---------|---------|
*********************************************************************************

Calculating statistics

|---------|---------|---------|---------|---------|---------|---------|---------|
********************************************************************************

marginalLs[1 ] = -1560.6549207457788

Loading /home/gseeholzer/nas3/bfd/runs/F3/F3.SBE3_v2_1sp.r3/step2/likelihood.log, burnin 20%, skipping 200 log lines

|---------|---------|---------|---------|---------|---------|---------|---------|
*********************************************************************************

Calculating statistics

|---------|---------|---------|---------|---------|---------|---------|---------|
********************************************************************************

marginalLs[2 ] = -1560.8202997928413

Loading /home/gseeholzer/nas3/bfd/runs/F3/F3.SBE3_v2_1sp.r3/step3/likelihood.log, burnin 20%, skipping 200 log lines

|---------|---------|---------|---------|---------|---------|---------|---------|
*********************************************************************************

Calculating statistics

|---------|---------|---------|---------|---------|---------|---------|---------|
********************************************************************************

marginalLs[3 ] = -1561.095912703641

Loading /home/gseeholzer/nas3/bfd/runs/F3/F3.SBE3_v2_1sp.r3/step4/likelihood.log, burnin 20%, skipping 200 log lines

|---------|---------|---------|---------|---------|---------|---------|---------|
*********************************************************************************

Calculating statistics

|---------|---------|---------|---------|---------|---------|---------|---------|
********************************************************************************

marginalLs[4 ] = -1561.275068338766

Loading /home/gseeholzer/nas3/bfd/runs/F3/F3.SBE3_v2_1sp.r3/step5/likelihood.log, burnin 20%, skipping 200 log lines

|---------|---------|---------|---------|---------|---------|---------|---------|
*********************************************************************************

Calculating statistics

|---------|---------|---------|---------|---------|---------|---------|---------|
********************************************************************************

marginalLs[5 ] = -1561.4573710180387

Loading /home/gseeholzer/nas3/bfd/runs/F3/F3.SBE3_v2_1sp.r3/step6/likelihood.log, burnin 20%, skipping 200 log lines

|---------|---------|---------|---------|---------|---------|---------|---------|
*********************************************************************************

Calculating statistics

|---------|---------|---------|---------|---------|---------|---------|---------|
********************************************************************************

marginalLs[6 ] = -1561.6303731542027

Loading /home/gseeholzer/nas3/bfd/runs/F3/F3.SBE3_v2_1sp.r3/step7/likelihood.log, burnin 20%, skipping 200 log lines

|---------|---------|---------|---------|---------|---------|---------|---------|
*********************************************************************************

Calculating statistics

|---------|---------|---------|---------|---------|---------|---------|---------|
********************************************************************************

marginalLs[7 ] = -1561.856949111012

Loading /home/gseeholzer/nas3/bfd/runs/F3/F3.SBE3_v2_1sp.r3/step8/likelihood.log, burnin 20%, skipping 200 log lines

|---------|---------|---------|---------|---------|---------|---------|---------|
*********************************************************************************

Calculating statistics

|---------|---------|---------|---------|---------|---------|---------|---------|
********************************************************************************

marginalLs[8 ] = -1561.8962497228367

Loading /home/gseeholzer/nas3/bfd/runs/F3/F3.SBE3_v2_1sp.r3/step9/likelihood.log, burnin 20%, skipping 200 log lines

|---------|---------|---------|---------|---------|---------|---------|---------|
*********************************************************************************

Calculating statistics

|---------|---------|---------|---------|---------|---------|---------|---------|
********************************************************************************

marginalLs[9 ] = -1562.0672512670308

Loading /home/gseeholzer/nas3/bfd/runs/F3/F3.SBE3_v2_1sp.r3/step10/likelihood.log, burnin 20%, skipping 200 log lines

|---------|---------|---------|---------|---------|---------|---------|---------|
*********************************************************************************

Calculating statistics

|---------|---------|---------|---------|---------|---------|---------|---------|
********************************************************************************

marginalLs[10 ] = -1562.3211782722235

Loading /home/gseeholzer/nas3/bfd/runs/F3/F3.SBE3_v2_1sp.r3/step11/likelihood.log, burnin 20%, skipping 200 log lines

|---------|---------|---------|---------|---------|---------|---------|---------|
*********************************************************************************

Calculating statistics

|---------|---------|---------|---------|---------|---------|---------|---------|
********************************************************************************

marginalLs[11 ] = -1562.404743094606

Loading /home/gseeholzer/nas3/bfd/runs/F3/F3.SBE3_v2_1sp.r3/step12/likelihood.log, burnin 20%, skipping 200 log lines

|---------|---------|---------|---------|---------|---------|---------|---------|
*********************************************************************************

Calculating statistics

|---------|---------|---------|---------|---------|---------|---------|---------|
********************************************************************************

marginalLs[12 ] = -1562.4780121042554

Loading /home/gseeholzer/nas3/bfd/runs/F3/F3.SBE3_v2_1sp.r3/step13/likelihood.log, burnin 20%, skipping 200 log lines

|---------|---------|---------|---------|---------|---------|---------|---------|
*********************************************************************************

Calculating statistics

|---------|---------|---------|---------|---------|---------|---------|---------|
********************************************************************************

marginalLs[13 ] = -1562.5485402914214

Loading /home/gseeholzer/nas3/bfd/runs/F3/F3.SBE3_v2_1sp.r3/step14/likelihood.log, burnin 20%, skipping 200 log lines

|---------|---------|---------|---------|---------|---------|---------|---------|
*********************************************************************************

Calculating statistics

|---------|---------|---------|---------|---------|---------|---------|---------|
********************************************************************************

marginalLs[14 ] = -1562.631522227794

Loading /home/gseeholzer/nas3/bfd/runs/F3/F3.SBE3_v2_1sp.r3/step15/likelihood.log, burnin 20%, skipping 200 log lines

|---------|---------|---------|---------|---------|---------|---------|---------|
*********************************************************************************

Calculating statistics

|---------|---------|---------|---------|---------|---------|---------|---------|
********************************************************************************

marginalLs[15 ] = -1562.8375491098295

Loading /home/gseeholzer/nas3/bfd/runs/F3/F3.SBE3_v2_1sp.r3/step16/likelihood.log, burnin 20%, skipping 200 log lines

|---------|---------|---------|---------|---------|---------|---------|---------|
*********************************************************************************

Calculating statistics

|---------|---------|---------|---------|---------|---------|---------|---------|
********************************************************************************

marginalLs[16 ] = -1563.1371719538843

Loading /home/gseeholzer/nas3/bfd/runs/F3/F3.SBE3_v2_1sp.r3/step17/likelihood.log, burnin 20%, skipping 200 log lines

|---------|---------|---------|---------|---------|---------|---------|---------|
*********************************************************************************

Calculating statistics

|---------|---------|---------|---------|---------|---------|---------|---------|
********************************************************************************

marginalLs[17 ] = -1563.0873898332236

Loading /home/gseeholzer/nas3/bfd/runs/F3/F3.SBE3_v2_1sp.r3/step18/likelihood.log, burnin 20%, skipping 200 log lines

|---------|---------|---------|---------|---------|---------|---------|---------|
*********************************************************************************

Calculating statistics

|---------|---------|---------|---------|---------|---------|---------|---------|
********************************************************************************

marginalLs[18 ] = -1563.0463306383278

Loading /home/gseeholzer/nas3/bfd/runs/F3/F3.SBE3_v2_1sp.r3/step19/likelihood.log, burnin 20%, skipping 200 log lines

|---------|---------|---------|---------|---------|---------|---------|---------|
*********************************************************************************

Calculating statistics

|---------|---------|---------|---------|---------|---------|---------|---------|
********************************************************************************

marginalLs[19 ] = -1562.9361082922524

Loading /home/gseeholzer/nas3/bfd/runs/F3/F3.SBE3_v2_1sp.r3/step20/likelihood.log, burnin 20%, skipping 200 log lines

|---------|---------|---------|---------|---------|---------|---------|---------|
*********************************************************************************

Calculating statistics

|---------|---------|---------|---------|---------|---------|---------|---------|
********************************************************************************

marginalLs[20 ] = -1563.0047693365568

Loading /home/gseeholzer/nas3/bfd/runs/F3/F3.SBE3_v2_1sp.r3/step21/likelihood.log, burnin 20%, skipping 200 log lines

|---------|---------|---------|---------|---------|---------|---------|---------|
*********************************************************************************

Calculating statistics

|---------|---------|---------|---------|---------|---------|---------|---------|
********************************************************************************

marginalLs[21 ] = -1563.178149771559

Loading /home/gseeholzer/nas3/bfd/runs/F3/F3.SBE3_v2_1sp.r3/step22/likelihood.log, burnin 20%, skipping 200 log lines

|---------|---------|---------|---------|---------|---------|---------|---------|
*********************************************************************************

Calculating statistics

|---------|---------|---------|---------|---------|---------|---------|---------|
********************************************************************************

marginalLs[22 ] = -1563.1532973883855

Loading /home/gseeholzer/nas3/bfd/runs/F3/F3.SBE3_v2_1sp.r3/step23/likelihood.log, burnin 20%, skipping 200 log lines

|---------|---------|---------|---------|---------|---------|---------|---------|
*********************************************************************************

Calculating statistics

|---------|---------|---------|---------|---------|---------|---------|---------|
********************************************************************************

marginalLs[23 ] = -1563.1857107116239

Step        theta         likelihood   contribution ESS
0            1            -1560.3185   0            800.882      
1            0.8623       -1560.6549   -214.9135    801          
2            0.7384       -1560.8203   -193.31      700.7415     
3            0.6276       -1561.0959   -173.0132    801          
4            0.529        -1561.2751   -153.9796    691.5149     
5            0.4417       -1561.4574   -136.2034    801          
6            0.3651       -1561.6304   -119.6587    741.0828     
7            0.2983       -1561.8569   -104.3288    617.525      
8            0.2406       -1561.8962   -90.1765     642.3335     
9            0.1911       -1562.0673   -77.1958     728.7787     
10           0.1493       -1562.3212   -65.3572     675.6311     
11           0.1143       -1562.4047   -54.6233     727.3726     
12           0.0855       -1562.478    -44.9749     722.9442     
13           0.0623       -1562.5485   -36.3824     587.7674     
14           0.0438       -1562.6315   -28.8143     801          
15           0.0296       -1562.8375   -22.2386     760.518      
16           0.019        -1563.1372   -16.6176     518.8495     
17           0.0113       -1563.0874   -11.9093     373.8046     
18           0.0062       -1563.0463   -8.0746      513.6897     
19           0.0029       -1562.9361   -5.0659      513.9627     
20           0.0011       -1563.0048   -2.8301      506.3785     
21           0.0003       -1563.1781   -1.3039      413.8561     
22           0            -1563.1533   -0.4102      615.3704     
23           0            -1563.1857   -0.0452      370.349      
sum(ESS) = 15427.3522  

marginal L estimate = -1561.4268299509793


Total wall time: 41244 seconds
Done

real	687m27.031s
user	5530m58.143s
sys	83m22.401s
