#
#model:
#
#<?xml version="1.0" encoding="UTF-8" standalone="no"?><input id="posterior" spec="beast.core.util.CompoundDistribution">
#    <distribution id="prior" spec="beast.core.util.CompoundDistribution">
#        <prior id="lambdaPrior.bfd" name="distribution">
#            <parameter id="lambda" lower="0.0" name="x" spec="beast.core.parameter.RealParameter">0.01</parameter>
#            <Gamma id="Gamma.0" name="distr">
#                <parameter estimate="false" id="RealParameter.1" name="alpha" spec="beast.core.parameter.RealParameter">2.0</parameter>
#                <parameter estimate="false" id="RealParameter.2" name="beta" spec="beast.core.parameter.RealParameter">200.0</parameter>
#            </Gamma>
#        </prior>
#        <distribution id="snapprior.bfd" lambda="@lambda" spec="snap.likelihood.SnAPPrior">
#            <parameter estimate="false" id="alpha" lower="0.0" name="alpha" spec="beast.core.parameter.RealParameter">11.75</parameter>
#            <parameter estimate="false" id="beta" lower="0.0" name="beta" spec="beast.core.parameter.RealParameter">109.73</parameter>
#            <parameter estimate="false" id="kappa" lower="0.0" name="kappa" spec="beast.core.parameter.RealParameter">1.0</parameter>
#            <parameter id="coalescenceRate" name="coalescenceRate" spec="beast.core.parameter.RealParameter">10.0</parameter>
#            <tree clusterType="upgma" id="Tree.bfd" nodetype="snap.NodeData" spec="beast.util.ClusterTree">
#                <taxa dataType="integerdata" id="snap.bfd" spec="snap.Data">
#                    <taxonset id="ant" spec="beast.evolution.alignment.TaxonSet">
#                        <taxon id="CarpaChavin_B72793.Huanuco.CarpaChavin" spec="beast.evolution.alignment.Taxon"/>
#                        <taxon id="CarpaChavin_B72795.Huanuco.CarpaChavin" spec="beast.evolution.alignment.Taxon"/>
#                        <taxon id="Carpish_B72761.Huanuco.Acomayo" spec="beast.evolution.alignment.Taxon"/>
#                        <taxon id="Carpish_B72772.Huanuco.Mitotambo" spec="beast.evolution.alignment.Taxon"/>
#                        <taxon id="Amotape_B67243.Tumbes.Amotape" spec="beast.evolution.alignment.Taxon"/>
#                        <taxon id="Amotape_B67257.Tumbes.Amotape" spec="beast.evolution.alignment.Taxon"/>
#                        <taxon id="Chavinillo_B72789.Huanuco.Chavinillo" spec="beast.evolution.alignment.Taxon"/>
#                        <taxon id="Chavinillo_B72792.Huanuco.Chavinillo" spec="beast.evolution.alignment.Taxon"/>
#                        <taxon id="Macate_B72807.Ancash.Macate" spec="beast.evolution.alignment.Taxon"/>
#                        <taxon id="Macate_B72814.Ancash.Macate" spec="beast.evolution.alignment.Taxon"/>
#                        <taxon id="Quichas_B72777.Lima.Quichas" spec="beast.evolution.alignment.Taxon"/>
#                        <taxon id="Quichas_B72778.Lima.Quichas" spec="beast.evolution.alignment.Taxon"/>
#                        <taxon id="Canchaque_B72873.Piura.Canchaque" spec="beast.evolution.alignment.Taxon"/>
#                        <taxon id="Canchaque_B72878.Piura.Canchaque" spec="beast.evolution.alignment.Taxon"/>
#                        <taxon id="CorBlanca_NK_171703" spec="beast.evolution.alignment.Taxon"/>
#                        <taxon id="CorBlanca_FMNH_391888" spec="beast.evolution.alignment.Taxon"/>
#                        <taxon id="Huamatanga_B72889.Lima.Huamatanga" spec="beast.evolution.alignment.Taxon"/>
#                        <taxon id="Huamatanga_B72892.Lima.Huamatanga" spec="beast.evolution.alignment.Taxon"/>
#                        <taxon id="Pacar_B72907.Ancash.Pacar" spec="beast.evolution.alignment.Taxon"/>
#                        <taxon id="Pacar_B72909.Ancash.Pacar" spec="beast.evolution.alignment.Taxon"/>
#                        <taxon id="Porculla_B72863.Piura.Porculla" spec="beast.evolution.alignment.Taxon"/>
#                        <taxon id="Porculla_B72866.Piura.Porculla" spec="beast.evolution.alignment.Taxon"/>
#                        <taxon id="LaQuinua_B72753.Pasco.LaQuinua" spec="beast.evolution.alignment.Taxon"/>
#                        <taxon id="LaQuinua_B72756.Pasco.LaQuinua" spec="beast.evolution.alignment.Taxon"/>
#                        <taxon id="Chinchan_B72900.Ancash.Chinchan" spec="beast.evolution.alignment.Taxon"/>
#                        <taxon id="Chinchan_NK_173896" spec="beast.evolution.alignment.Taxon"/>
#                    </taxonset>
#                    <taxonset id="cur" spec="beast.evolution.alignment.TaxonSet">
#                        <taxon id="curtata_cra.cur.B6032" spec="beast.evolution.alignment.Taxon"/>
#                        <taxon id="curtata_cra.cur.B8175" spec="beast.evolution.alignment.Taxon"/>
#                    </taxonset>
#                </taxa>
#                <parameter id="RealParameter.0" lower="0.0" name="clock.rate" spec="beast.core.parameter.RealParameter" upper="0.0">1.0</parameter>
#            </tree>
#        </distribution>
#    </distribution>
#    <distribution id="likelihood" spec="beast.core.util.CompoundDistribution">
#        <distribution data="@snap.bfd" id="treeLikelihood.bfd" non-polymorphic="false" pattern="coalescenceRate" spec="snap.likelihood.SnAPTreeLikelihood" tree="@Tree.bfd">
#            <siteModel id="MutationSiteModel.bfd" spec="beast.evolution.sitemodel.SiteModel">
#                <parameter estimate="false" id="mutationRate" name="mutationRate" spec="beast.core.parameter.RealParameter">1.0</parameter>
#                <parameter estimate="false" id="shape" name="shape" spec="beast.core.parameter.RealParameter">2.0</parameter>
#                <parameter estimate="false" id="proportionInvariant" name="proportionInvariant" spec="beast.core.parameter.RealParameter">0.0</parameter>
#                <substModel coalescenceRate="@coalescenceRate" id="MutationModel" spec="snap.likelihood.SnapSubstitutionModel">
#                    <parameter estimate="false" id="u" lower="0.0" name="mutationRateU" spec="beast.core.parameter.RealParameter">1.0</parameter>
#                    <parameter id="v" lower="0.0" name="mutationRateV" spec="beast.core.parameter.RealParameter">1.0</parameter>
#                </substModel>
#            </siteModel>
#        </distribution>
#    </distribution>
#</input>
#
Sample	posterior	likelihood	prior	theta0	theta1	theta2	TreeHeightLogger
0	-2480.7737990148516	-2330.7918941611224	-149.98190485372936	0.1184892328786113	0.07350102711691986	0.1065597086856202	0.0012939629603088971
1000	-2480.0549333589856	-2329.237788096986	-150.8171452619994	0.06190248815330642	0.12127113965399461	0.1207918764554888	7.122452922400541E-4
2000	-2479.0845576965085	-2329.424491656872	-149.66006603963677	0.08205033727641065	0.09626757942781468	0.10917860731886729	0.0013090393697649525
3000	-2478.9586949014088	-2330.154439061988	-148.80425583942102	0.11881343496803541	0.10584019553609639	0.12258202957210845	0.0015480544516349485
4000	-2481.38920545637	-2326.813034885933	-154.57617057043674	0.1023621810027822	0.07049853656303369	0.22305187195088516	0.0016954120797156112
5000	-2478.162215619342	-2327.912512109207	-150.24970351013494	0.08567712667172778	0.09685289189319457	0.14132838291632904	0.0027424416534203326
6000	-2479.5373607531137	-2327.9613535110475	-151.57600724206608	0.06376131943103253	0.09001600896013193	0.1188835603011124	0.0020326097074699788
7000	-2478.1178514127832	-2327.83825661275	-150.27959480003332	0.08349321046156094	0.1006549108090416	0.14640668003676183	0.0017684240433642239
8000	-2478.6456826136427	-2328.390366347126	-150.25531626651687	0.08017097493298722	0.09259495253614647	0.11977304211110643	0.002533834751978629
9000	-2479.8753369503775	-2329.5074503805017	-150.36788656987585	0.06218003959493683	0.10424390475495977	0.10860982650129468	7.177753309869384E-4
10000	-2481.8529443878124	-2332.2507608232054	-149.60218356460706	0.12329075094159636	0.09497327499172335	0.09303403454970559	0.0017505064268122225
11000	-2480.6154267675265	-2327.0225781073923	-153.59284866013408	0.05081796784552611	0.08147279246239147	0.15399433391145506	0.0011742490064500686
12000	-2478.166329447738	-2327.9926161514554	-150.17371329628247	0.07611078405546003	0.10519500743127544	0.1334013239416312	0.002181614234712922
13000	-2478.2696443043565	-2327.6653919389355	-150.60425236542116	0.09003899257406046	0.09180898056759093	0.16360308417539401	0.0015856535280043265
14000	-2481.0371372867794	-2328.3479323508104	-152.68920493596914	0.0938600068154075	0.061413277446297494	0.11883733568619706	0.0035652246349723144
15000	-2478.7557302713685	-2328.111448149312	-150.6442821220568	0.11181957389671408	0.08191121107533768	0.13855284635996135	0.0033955107431698716
16000	-2480.8174086052236	-2328.258001381858	-152.5594072233659	0.05113314099508182	0.08539370131716852	0.09667200131068557	0.0011628559112139493
17000	-2478.795657095815	-2328.7812032352313	-150.01445386058356	0.06850106084351876	0.10046368959286346	0.12763889455484348	8.953432040015575E-4
18000	-2483.288842352069	-2326.067758852231	-157.22108349983822	0.09309586140632885	0.04151099100240896	0.15486396839268868	0.0025094621931691973
19000	-2482.41920282878	-2327.8575183318035	-154.5616844969765	0.05316646257737106	0.0995896428965527	0.11411448226913398	0.0013177438945035209
20000	-2480.306381000455	-2332.0750514705087	-148.23132952994627	0.1274368848573196	0.11381664279511912	0.11216714060302337	6.055439583057738E-4
21000	-2479.4923177005876	-2327.6378261639784	-151.85449153660898	0.07015223297629278	0.12967478875607674	0.16485179942867315	0.0017886199183447234
22000	-2480.673882598133	-2331.3269848520595	-149.34689774607355	0.10798736849305711	0.08676428966506099	0.16443462928589564	1.9808172307504267E-4
23000	-2480.598469004681	-2328.391943782721	-152.2065252219604	0.08645773639460512	0.10089368147883211	0.18295221540973758	9.298202150141898E-4
24000	-2480.4615765448884	-2328.678240446373	-151.78333609851552	0.07446986832381912	0.11770315012944975	0.19630723150435367	6.858893505325089E-4
25000	-2478.413906430293	-2327.8869073188457	-150.52699911144737	0.10899954107954768	0.08107876271578425	0.1627483621917074	0.0016611518533175976
26000	-2480.946177041128	-2329.871123667199	-151.07505337392902	0.09019423547121727	0.16818357197975012	0.11557194774833413	0.003284881646710052
27000	-2480.1474264557946	-2328.781487617158	-151.36593883863662	0.11201504864865552	0.1373854627222763	0.14324435607513678	0.0030252704844319963
28000	-2482.0518294095887	-2328.1846384055107	-153.8671910040781	0.0732387990655514	0.05782823670480559	0.10221310279651584	0.0019000183322680677
29000	-2478.0768780397934	-2328.177263779412	-149.89961426038133	0.10967012310663819	0.0979376857863114	0.15083207170780066	0.002101415447096923
30000	-2479.915329047868	-2328.1956191166473	-151.71970993122062	0.07167647754374824	0.08252811679088637	0.1485678523847956	0.003198001007831003
31000	-2478.170562008386	-2327.6124317297176	-150.55813027866833	0.10314565475547696	0.08011266632142451	0.14737976754223078	0.0029805026806713946
32000	-2480.0994966347575	-2329.6080631740037	-150.4914334607536	0.07275135541395651	0.13094098730217477	0.12011210898305413	8.234858832555763E-4
33000	-2479.4994476919114	-2328.8163866271198	-150.6830610647918	0.10390146698664084	0.08078011997363706	0.12012364539354466	0.0023800852726182016
34000	-2480.9037832305316	-2328.720987256023	-152.18279597450862	0.05405217460896063	0.1375538969113247	0.1243016901495398	0.0022241715135678966
35000	-2483.063748523876	-2330.120617243449	-152.94313128042654	0.09360800353256592	0.05214023613499224	0.18044095442398644	3.038518280812036E-4
36000	-2479.515814206871	-2329.1400901670922	-150.37572403977842	0.1551342123275385	0.10680378550679301	0.15995922815990282	0.0020435627222125945
37000	-2481.9049638900005	-2330.9438903704536	-150.96107351954691	0.10866239555436205	0.0783747586250254	0.09961833563258243	0.0050459259543454505
38000	-2478.213596423374	-2329.2583043524655	-148.95529207090829	0.09791229931624193	0.10919309301602421	0.14090553702486125	0.0011240646919834548
39000	-2483.6178810766264	-2328.654234742812	-154.96364633381418	0.06901560509437794	0.20598535205759277	0.12865440914957443	0.001554942700264791
40000	-2478.046286571615	-2328.3281422420914	-149.71814432952343	0.11044247749334168	0.11645649480756716	0.16478595346897618	0.0017666402495282274
41000	-2483.9049485110686	-2327.132649535382	-156.77229897568668	0.08823094278632453	0.05759409474356257	0.2209604898407447	0.0036196398178228307
42000	-2479.1612024105166	-2327.965961619697	-151.1952407908198	0.06057920999142441	0.09009314890871371	0.11580635013872118	0.0013679592710070941
43000	-2480.239742900938	-2327.4341616962565	-152.80558120468157	0.07232691416489048	0.10852509079732842	0.17162718283215353	0.0020481200783718794
44000	-2479.3770609062863	-2329.1229005345085	-150.25416037177754	0.08374661568050742	0.13398933776543664	0.12055323061136734	0.002964095082202117
45000	-2482.563477529936	-2325.823387658089	-156.7400898718469	0.0906799485643923	0.04458995232027124	0.21106821278009086	0.0028061335546269166
46000	-2479.225104595103	-2327.609875830059	-151.61522876504378	0.08834791938030769	0.06362130520809905	0.16073969253836057	0.0011997257793602122
47000	-2480.181482074136	-2328.8093625523125	-151.3721195218237	0.0972080863340805	0.07898973521366119	0.1286064879928929	0.004341141342811544
48000	-2478.281218276852	-2327.5405730331363	-150.7406452437159	0.10665276019173438	0.10351611419573714	0.17267059960236447	0.0025827562002609153
49000	-2480.619948695318	-2327.470939232612	-153.1490094627055	0.11419359435174378	0.09923427665931002	0.22499537504072567	0.001741298977255371
50000	-2484.379571417701	-2331.8273894019185	-152.55218201578245	0.09681229298861072	0.07895238115789051	0.15344983373318422	0.007650789726347357
51000	-2479.4027699814715	-2330.2191120581815	-149.18365792329013	0.09956000583946453	0.11529226890056693	0.1053295565767313	0.0021209791136525876
52000	-2479.067906380259	-2329.2482492847885	-149.8196570954705	0.10543142880399597	0.12938092313420882	0.14289192807904597	0.0014147465630867915
53000	-2480.4048430119087	-2327.6892887943914	-152.71555421751737	0.13450218497905364	0.06726071616373269	0.15820189352615785	0.0023282866991444274
54000	-2481.383755262487	-2328.1558671081343	-153.22788815435254	0.05302571245138028	0.13902273084244848	0.16118616051106585	0.0019400796605333623
55000	-2478.0083185946714	-2328.543993417048	-149.46432517762335	0.0863938946210888	0.1217369582564953	0.1311589336669044	0.0019092239139966753
56000	-2479.1456551361593	-2327.9113968548845	-151.2342582812749	0.06372437014271215	0.07966602747447453	0.13238675841423078	0.0010279807444218368
57000	-2479.0544041692997	-2330.067402989896	-148.98700117940376	0.1221136864767822	0.09456099826297604	0.1298828681758685	0.0012523114165542647
58000	-2481.3679094511976	-2327.20185703741	-154.1660524137877	0.049437185604652406	0.0990199217151147	0.1716715521771775	0.001291791653952227
59000	-2480.619731021159	-2327.94695490312	-152.67277611803934	0.06734897864487337	0.09963698527904251	0.12732035436786449	0.0014966047420312111
60000	-2480.720781773861	-2327.408782707183	-153.31199906667777	0.08338038268333242	0.05368615431589496	0.12161561623456484	0.0021537090679614812
61000	-2480.5713359484353	-2328.442767080332	-152.12856886810332	0.07556151725185277	0.07494132334737759	0.10752283536617618	0.0023363900122343466
62000	-2480.4254516618857	-2328.36189315051	-152.06355851137602	0.0663120783283991	0.10896852081609379	0.1618111171213965	7.924040705884312E-4
63000	-2482.559647139419	-2327.139169842889	-155.42047729653044	0.03969411314013011	0.07683549718138528	0.15687202035076517	0.0012674199855936912
64000	-2480.166826693729	-2330.1483699851983	-150.0184567085306	0.10349677573368411	0.1530599990373486	0.1406974584395856	8.950140816363066E-4
65000	-2483.3900577015384	-2332.280810974482	-151.1092467270565	0.13056846459554	0.05577195628997816	0.12739930640468738	1.3075791839000948E-4
66000	-2479.476666878877	-2327.9700978026713	-151.50656907620595	0.06915880621377352	0.07648254940349103	0.1312450374841352	0.001120288241525436
67000	-2478.505454936146	-2328.8099719859174	-149.6954829502286	0.08241913971022703	0.08794814819121069	0.13560608210281666	0.0010025311862277054
68000	-2480.223541055	-2327.7261197817543	-152.497421273246	0.06817546012511445	0.13181237039714538	0.1734698219790607	0.0012591039094295682
69000	-2478.4014503932067	-2328.187347526441	-150.21410286676584	0.09888142794484729	0.07506500173172626	0.1356092454432302	0.0017284847644087032
70000	-2482.14425988519	-2331.645124995995	-150.49913488919478	0.08451534532464033	0.06834030883481867	0.09776040894120651	4.0473330030844245E-4
71000	-2479.013312334351	-2327.2122448286023	-151.8010675057492	0.1049536952258164	0.08303942757522079	0.17233606973033908	0.0022992300707668227
72000	-2480.3656811641313	-2328.571197016003	-151.79448414812828	0.14946172264267008	0.08611156021348904	0.15012483935517648	0.005716641529200217
73000	-2479.874083038148	-2328.1848054027505	-151.6892776353975	0.08449737481704402	0.10958795453136305	0.14253628466777363	0.0015970489113533185
74000	-2480.6353081240836	-2331.8070195092264	-148.82828861485723	0.1097545169052164	0.1041244883604903	0.1516536858597926	1.4922978958290046E-4
75000	-2480.97143496258	-2328.6581870194605	-152.31324794311968	0.0984856978609557	0.12554344453023214	0.13546510561381747	0.002449656991740366
76000	-2479.552266006159	-2328.0367748770173	-151.51549112914148	0.08350691428368612	0.13712215193278557	0.1721558865495164	0.002823442912719617
77000	-2479.500709172602	-2329.746051722831	-149.7546574497709	0.13661416680811939	0.11636531912865578	0.12910320849720047	0.0034023952438264355
78000	-2479.2618468013047	-2330.3467513231226	-148.91509547818214	0.10496838216718037	0.10048768000088629	0.10833962061760588	0.0015803281109611018
79000	-2479.015271079816	-2329.3991071544547	-149.6161639253613	0.08522919973635895	0.09475791065260142	0.10814329743462225	0.0015316860736373874
80000	-2480.021012277363	-2327.154017678319	-152.86699459904352	0.06116179935048875	0.09594816319623202	0.1831236365076649	0.0014128936178518395
81000	-2478.9347004159895	-2329.1388855641126	-149.79581485187688	0.10925558220359426	0.15330905711142548	0.1560251231059241	0.0014439756255751326
82000	-2479.940346944313	-2330.016633882445	-149.92371306186794	0.12743940585179636	0.15736664881408796	0.1604158051597462	0.0010511176750317625
83000	-2479.701564625238	-2327.7474795757525	-151.95408504948554	0.05253386050604311	0.10319955980606792	0.12182662324046624	0.0015844417065899138
84000	-2477.879556065407	-2327.8347333411557	-150.04482272425156	0.09348372605835951	0.11555122639365224	0.15809347865450743	0.002378590028795819
85000	-2480.4125752578607	-2328.24285485396	-152.1697204039005	0.08070268572493094	0.05803649623718622	0.13732493568550114	9.50938039772668E-4
86000	-2480.4990942775303	-2328.1250596895165	-152.37403458801353	0.046820391106182475	0.12017797272805583	0.12004640400029463	7.880086967072833E-4
87000	-2480.3005376781784	-2330.0178646170702	-150.2826730611083	0.13076471930316932	0.15025833315699966	0.13026706045155553	0.002788790304163223
88000	-2479.8464434065895	-2329.9988847014624	-149.84755870512706	0.10846777200569384	0.0910276787938392	0.11624069191992663	0.0014425119604374553
89000	-2481.0905900542825	-2329.9237524369937	-151.16683761728902	0.07082074099569852	0.0716253610532653	0.09464294769988861	8.598273638011826E-4
90000	-2481.276113966589	-2327.5911957550775	-153.6849182115115	0.06226646360290665	0.06665418697908725	0.13027007032421387	0.0024488387422538934
91000	-2478.7252094277605	-2328.4488013915325	-150.27640803622813	0.0742238286796965	0.09191407354235952	0.14996070657291588	8.922423813696645E-4
92000	-2487.3876033300703	-2329.1677661718318	-158.21983715823856	0.0361102418300567	0.13394809862795168	0.20303232229927504	0.0014766154097083737
93000	-2481.437307246972	-2325.976696835077	-155.46061041189506	0.07925666302842135	0.04074047713836538	0.15904168706237218	0.0016724929094058707
94000	-2480.119497058723	-2327.9505693220894	-152.16892773663363	0.11398247793794707	0.05789839322103598	0.16635532410292575	0.0012330343307788375
95000	-2483.243811810396	-2328.762985032536	-154.48082677786	0.04674434637783779	0.1333201505943995	0.11884789758595085	5.927171940080321E-4
96000	-2480.7302448173286	-2328.185537584632	-152.54470723269648	0.06872096449275125	0.10001957371385028	0.12482747757523968	0.0024012985471667
97000	-2479.6268059556332	-2327.9702520125243	-151.6565539431088	0.07596418030793069	0.06401195983618839	0.12636536643787652	0.0012288004162126958
98000	-2482.9947630171423	-2331.001128076064	-151.99363494107803	0.10921008005935408	0.08492881475023864	0.13046238923024975	0.007392137444575574
99000	-2480.781001769948	-2328.509001911777	-152.27199985817091	0.06293668990123832	0.11492901443145574	0.1951304198120407	6.170452597671857E-4
100000	-2481.3998216637888	-2328.2907624801355	-153.10905918365336	0.05714956903880801	0.06939892835625117	0.10107554351301674	0.002215391950367466
101000	-2478.8428847827604	-2329.1281935636443	-149.71469121911588	0.09121992731131488	0.11411755091921709	0.1173766817795699	0.0028595496714120734
102000	-2479.7758237370244	-2329.066577661154	-150.7092460758704	0.08144870246313661	0.06962237978116623	0.13384386222318664	7.818965060481949E-4
103000	-2480.205903976681	-2330.9352494956183	-149.27065448106273	0.11385279178359475	0.08298163490855558	0.10452437881353113	0.0013034071445148624
104000	-2479.1285970045387	-2328.69328951213	-150.435307492409	0.08582383224527063	0.16020210742326263	0.13628484203085844	0.0018729680447185067
105000	-2480.514529558159	-2330.286644475277	-150.22788508288204	0.11717202526793671	0.10313184537085834	0.11369321660599344	0.0019802864356046977
106000	-2480.598423054805	-2327.6162134587316	-152.98220959607372	0.0706756314337774	0.06858360648206054	0.12098868101252287	0.0022119333815095086
107000	-2479.466356858608	-2328.07105298002	-151.3953038785881	0.059060298647859756	0.1163164701557346	0.11954751387559027	0.0014056686905718457
108000	-2482.6506717761476	-2330.2364922355673	-152.41417954058048	0.08641583898514006	0.18659872947256256	0.10524675171496337	0.0018321296232752763
109000	-2478.825571929806	-2327.932304864899	-150.89326706490687	0.07384399770083375	0.0809964288340901	0.12067884608188427	0.0021155273897716497
110000	-2480.3340422904575	-2327.332050293344	-153.0019919971138	0.08912368749561639	0.0711276319592847	0.19372587033448196	0.00123483390619329
111000	-2478.916521789793	-2329.293969310223	-149.6225524795702	0.08375569422651005	0.10128913299903458	0.14238895136547775	8.005060255808794E-4
112000	-2479.3639210280867	-2328.8935254449325	-150.47039558315402	0.08964276078422902	0.08594870866459538	0.137095845457682	0.00106529913891509
113000	-2479.76983548137	-2327.4512584580452	-152.31857702332502	0.08036083828083715	0.09933457848785454	0.17485120176493876	0.002585103421488896
114000	-2480.096454692607	-2330.584909802702	-149.51154488990508	0.1353955192026812	0.13146156715297969	0.12182121373602338	0.002453699718097183
115000	-2482.2324581186954	-2329.508048203702	-152.7244099149936	0.04483348306953328	0.12799235119918814	0.1461682164913455	3.21750447458458E-4
116000	-2479.286917754749	-2328.419400770804	-150.86751698394505	0.059088891794559645	0.1079957817842959	0.125550863515193	8.922554038611078E-4
117000	-2480.0280519195794	-2328.4766312585766	-151.55142066100268	0.12865654303314367	0.06653691426531984	0.1343008537780895	0.0023731042122647423
118000	-2480.6999722415576	-2328.2922361435317	-152.40773609802602	0.05665430720879921	0.06995618957779413	0.13770586524200323	6.523793567766964E-4
119000	-2480.75795741666	-2329.8669816482843	-150.89097576837543	0.0719866194536548	0.08754531693912879	0.14362964518839172	4.535174578548874E-4
120000	-2479.1330614560593	-2327.844320378224	-151.28874107783534	0.1131315879819806	0.06123950273447766	0.13977618045170986	0.002026186439252764
121000	-2479.4786900698623	-2329.244891603504	-150.2337984663583	0.09110684582252675	0.12295653385847259	0.11651005099180332	0.002672630485296009
122000	-2478.977531001691	-2329.0303422063926	-149.94718879529867	0.08728541981905844	0.10986230144535322	0.11483688262323334	0.0023698515421751447
123000	-2478.462363210573	-2327.434136185895	-151.028227024678	0.08603033129807622	0.07064649361915651	0.15168128164871494	0.00152763146324179
124000	-2478.9675858476385	-2327.426673861674	-151.54091198596464	0.09150817370144765	0.09385324198093073	0.16224763136884665	0.0022325224478924443
125000	-2481.1706166373183	-2329.577461168129	-151.5931554691894	0.08548214285803603	0.07734415986041082	0.13252326785558052	0.004876833420093006
126000	-2479.0877205307197	-2328.4604682192335	-150.62725231148616	0.11195566667468342	0.10625754950428647	0.14358815562558747	0.00242793024107572
127000	-2479.5598577312844	-2328.0588926884966	-151.50096504278778	0.1257488068675634	0.11404535817202212	0.16439619679113668	0.0037508957816057816
128000	-2479.9935957713114	-2328.7426599173195	-151.25093585399208	0.09109192524870156	0.0762724655437383	0.12695523863403438	0.0041187757413796025
129000	-2480.231378946631	-2328.8113647566734	-151.42001418995778	0.08858699238174586	0.10062558861065397	0.15537704632247118	9.568996353222237E-4
130000	-2482.037052925409	-2329.9794486868195	-152.05760423858982	0.1305606740772621	0.05412979592505768	0.10708614003644422	0.0022426255975267376
131000	-2481.9029962159616	-2330.6763623471707	-151.22663386879086	0.08304672657316964	0.08712904313001175	0.08667450309283585	0.0015402087303493257
132000	-2482.160049217877	-2329.8455744064286	-152.31447481144838	0.09750155705335128	0.07879346274697419	0.16401707160598514	0.006127499858715251
133000	-2479.677448820349	-2327.541505157466	-152.13594366288297	0.1333783194851768	0.12011393229438164	0.19935475149493478	0.0033954989510033675
134000	-2479.64343853357	-2328.099148076762	-151.54429045680817	0.09785908394421643	0.061246932365950656	0.12011076234423287	0.002435635456002884
135000	-2478.0940739803746	-2327.878952391955	-150.21512158841958	0.11673412085688267	0.0918748147853972	0.16946440981826083	0.0019259669460569802
136000	-2479.2725958135784	-2329.8291830321214	-149.44341278145686	0.09329834624539349	0.10006536621949015	0.10756744096574263	0.001618458118341979
137000	-2479.9087274341455	-2328.6861250603797	-151.22260237376574	0.10350216197763648	0.12345045059852999	0.1383467810776221	0.003286112994641388
138000	-2486.3022049204296	-2328.88493967647	-157.41726524395958	0.07247848678204398	0.17866965711786675	0.1304304349567326	0.0012023768220427791
139000	-2479.079448225672	-2328.2883922479978	-150.79105597767426	0.1322391336619049	0.08249121155540262	0.14288662360587717	0.003767748249136277
140000	-2481.0418391267162	-2327.9146171207603	-153.12722200595573	0.12821951429878922	0.15362867573686786	0.2031549272762656	0.0035889116782547195
141000	-2479.2186481579974	-2328.904129663667	-150.31451849433034	0.0873512236733587	0.0794170367275118	0.10810796131884752	0.00222406507426238
142000	-2479.1743285153984	-2330.1002032736997	-149.07412524169877	0.12085807518391532	0.12804407623747496	0.15981292088683094	8.162827729134806E-4
143000	-2478.8744546291746	-2329.2450175610957	-149.62943706807914	0.0834414745431087	0.10831015382640792	0.12224850693197989	0.001164563592169887
144000	-2479.846919623019	-2330.0045453022353	-149.84237432078382	0.11270746531053212	0.07799609906829055	0.1083090819849474	0.0019974272156933286
145000	-2479.334770355659	-2327.771366983004	-151.56340337265533	0.09026085258829626	0.07166437535623925	0.13463510208463414	0.0018552540908546528
146000	-2482.394620039328	-2328.680836284384	-153.71378375494393	0.14015130775421425	0.11326555681567532	0.1760804891334453	0.006612844918451235
147000	-2482.2026105048935	-2327.457187454983	-154.7454230499106	0.05504454362371042	0.04961903927186032	0.1176070977111083	8.988136310353014E-4
148000	-2481.37985521566	-2330.1747086336213	-151.2051465820387	0.12159548957066993	0.19277683431379367	0.1398605035844396	0.0015101245706815132
149000	-2481.7082127264243	-2327.0434765891337	-154.66473613729087	0.1369016365467934	0.053080438671680816	0.17574640082320947	0.005184586514862303
150000	-2481.841717393615	-2331.0769503223846	-150.76476707123044	0.06726046508252839	0.08070389274952666	0.09217768679074922	4.7422375379211327E-4
151000	-2482.1340346776324	-2327.8164707350547	-154.31756394257744	0.04602349205476517	0.07080238302861797	0.09533748695830345	0.001436533721131703
152000	-2479.645195904813	-2326.5676271739394	-153.07756873087376	0.07439267028131835	0.061939878105067056	0.16490969429392216	0.001985131301449287
153000	-2479.9612465070777	-2328.0514215441954	-151.90982496288245	0.07435877969484915	0.16718237959499585	0.1558629275064409	0.001809155950755469
154000	-2480.066154770183	-2329.6588836265405	-150.40727114364228	0.09876434137622751	0.09190852345391885	0.10765571706521246	0.0021783750119784167
155000	-2479.96799721555	-2328.284072551611	-151.68392466393857	0.15560554831866974	0.13350567046807474	0.177104716597671	0.0038629858290053463
156000	-2481.337296268099	-2328.734690895086	-152.6026053730135	0.07953283364453766	0.054059992339848595	0.11977670885781949	9.071357175860967E-4
157000	-2479.856421802086	-2328.5509523746255	-151.30546942746048	0.06589796503753637	0.09555932317699366	0.12832670615065803	0.002862839460806146
158000	-2480.5257047820137	-2329.5318103448067	-150.99389443720693	0.09808425280290677	0.15144150817976265	0.19682200263489397	6.497432348878999E-4
159000	-2483.3328125588555	-2330.549025690763	-152.7837868680926	0.054983340215756585	0.15084490996518501	0.09775550463497694	0.002931361329299224
160000	-2480.956325528606	-2328.495433198848	-152.4608923297584	0.1271569874769432	0.1475235600028117	0.19122992237862096	0.005152559126086423
161000	-2480.9890500944007	-2327.7852287464293	-153.20382134797137	0.10965310301253677	0.06735814107572273	0.13684237964144438	0.002648595367270217
162000	-2478.8386183715666	-2328.921924421752	-149.9166939498147	0.07853954907597495	0.08971276532801181	0.14321269506629328	8.145896868940553E-4
163000	-2481.1806126737897	-2329.4500150952404	-151.73059757854952	0.07739501350499504	0.10476431230440199	0.10025842853383414	0.002434449377780641
164000	-2481.396361396908	-2328.7754766442254	-152.6208847526826	0.10741517163097536	0.055087478400122014	0.11108201053572711	0.002384539921937831
165000	-2480.3425154213282	-2328.2956311174275	-152.04688430390047	0.07657224215021403	0.09077204779409892	0.14397154446801794	0.0033037632615970074
166000	-2479.7924778112133	-2328.7639971817707	-151.02848062944253	0.11440762090610443	0.10420886317229176	0.1346622814541231	0.002762695481327491
167000	-2482.7184460923154	-2329.1844149514864	-153.53403114082897	0.05347011489764235	0.18647028179543534	0.09651203901413653	0.0010464846501717594
168000	-2478.538708159837	-2326.9557819248544	-151.58292623498258	0.0873971793167617	0.07383660772889575	0.17198071199443066	0.001838035337111858
169000	-2479.692483963641	-2327.988459119065	-151.70402484457617	0.10826318311264796	0.0781205335226823	0.16043173337405123	0.004703224317507384
170000	-2482.0647855622346	-2330.987824471753	-151.0769610904817	0.1530947624280061	0.16238793113461022	0.17330194067683408	5.437264430075971E-4
171000	-2478.982399472835	-2327.3047403783175	-151.67765909451728	0.1020780251851469	0.07138983970757484	0.1812578300365867	0.0015497481304854554
172000	-2478.42486289656	-2328.507287319373	-149.917575577187	0.08778471841878858	0.09569357222122442	0.15734293076207276	0.0010483794599965507
173000	-2479.6111283220976	-2329.851404409478	-149.75972391261953	0.08652138408484263	0.09032216992543893	0.10331435000735116	0.001346964101363547
174000	-2479.6471067998255	-2327.7358587885765	-151.91124801124906	0.10316559736561241	0.06087524209883983	0.13005422951440507	0.0025843414415753474
175000	-2481.0831415692924	-2328.7310026403998	-152.3521389288926	0.08255270876712503	0.08420766418414796	0.14115716178913623	9.487535137003176E-4
176000	-2478.8634791263325	-2327.6906332962762	-151.17284583005647	0.13755510952865377	0.10847903210940515	0.18550337643478565	0.0028938801738551483
177000	-2478.8736252365075	-2328.4133181750385	-150.46030706146894	0.08367140117554825	0.15795724350306617	0.1428815821924751	0.0019831201478980437
178000	-2483.2949645610533	-2332.1057994485896	-151.1891651124639	0.11613824504748127	0.11699698524785375	0.09256995500390947	0.0036591769304464604
179000	-2479.6643538626	-2327.584566111599	-152.07978775100065	0.08742360514915914	0.06598774296869496	0.13740420317793622	0.0016728016867094237
180000	-2479.2378450295064	-2327.139083199495	-152.09876183001143	0.06504972719078896	0.078728749888564	0.14752455523832642	0.0018631688495178889
181000	-2479.4414874207	-2329.498272919058	-149.94321450164196	0.09332045886793001	0.08680397530868261	0.10445829310708377	0.0024871312156063557
182000	-2479.360534141278	-2327.8067107072084	-151.55382343406978	0.07131754181874349	0.1071168352579467	0.15936607950290874	0.0025190464525417463
183000	-2479.919201212307	-2328.221125283715	-151.69807592859215	0.05893493679009174	0.09328672882394137	0.10914879951070822	0.0019557987917225195
184000	-2480.781852683691	-2328.2426947987515	-152.5391578849394	0.06282746188202327	0.09994110944047578	0.13362173877698627	9.476709884187378E-4
185000	-2482.811882948166	-2328.65385611454	-154.15802683362602	0.07468867472852872	0.13725454145506527	0.15434672931235852	0.00309367308585111
186000	-2480.2615778078825	-2330.2842763849617	-149.97730142292087	0.09667959587820481	0.06915364213013388	0.13685389906897844	5.227973789907736E-4
187000	-2482.3264724440996	-2328.3259010924494	-154.00057135165002	0.12906503191083796	0.10016303349213246	0.19271044565337017	0.001463606134055845
188000	-2478.5323606956276	-2328.0403699463745	-150.49199074925312	0.07212485849387834	0.1054853558271682	0.1296512015215442	0.0016609124602132914
189000	-2481.948269649129	-2331.7222740399907	-150.2259956091382	0.09744445850999091	0.07126243103932733	0.11947280038296354	2.72959435335658E-4
190000	-2478.150199776074	-2327.597658793525	-150.55254098254866	0.08958157411286288	0.10555357897308076	0.1751473525929623	0.001694840713315319
191000	-2482.8494614799615	-2327.2506488007225	-155.59881267923905	0.15682329693242167	0.065538156507446	0.16736298520717777	0.004132582961574808
192000	-2478.5143358187024	-2328.355382600501	-150.15895321820156	0.08897625663989786	0.0820858357796069	0.15501140375999015	0.0010727382741563848
193000	-2478.7403027521514	-2327.3947787866	-151.34552396555156	0.12047457728862497	0.10791874352685207	0.19724391950343803	0.0026464528530595476
194000	-2483.5555692664457	-2328.3459538854636	-155.20961538098203	0.1456043754824113	0.08388791790546397	0.16966823768110909	0.0018951096290676034
195000	-2479.9275889322066	-2329.946101406765	-149.98148752544157	0.09634365620065406	0.14745536578234134	0.17458443729861978	5.745159652924418E-4
196000	-2482.496229046072	-2326.3909286553476	-156.10530039072435	0.1604674845524485	0.04615496008209375	0.19917247260092708	0.0021897856437265643
197000	-2479.4356821783877	-2328.2164542770324	-151.21922790135508	0.1339128822627326	0.07483198892151169	0.15760597931965437	0.0019233145567317525
198000	-2481.567686448131	-2327.0813328254344	-154.48635362269664	0.059847693651173935	0.07677760468023849	0.19503383899548743	0.0018639934994459926
199000	-2478.3723549854435	-2327.384000765441	-150.98835422000218	0.10852677867863274	0.07748480305940009	0.17462883570297946	0.0018424824323424775
200000	-2479.8232596950124	-2328.7453471295244	-151.077912565488	0.12423096240030337	0.1477583541772325	0.1632983705758849	0.004669618312412427
201000	-2478.5461054014286	-2328.7334089501655	-149.8126964512629	0.07839966003948902	0.09598641606305829	0.13879892875115674	9.683202636111393E-4
202000	-2479.5711490916583	-2328.1188471677942	-151.4523019238641	0.07830689005977982	0.15045899677376007	0.15399066564329758	0.0023433690675959433
203000	-2481.757057425682	-2329.129318492838	-152.62773893284393	0.11324688838481542	0.07475547133439837	0.11602356107168844	0.0031721971547146745
204000	-2480.2342848125477	-2327.1907715093585	-153.04351330318926	0.06442751249198785	0.061122889472547945	0.15807071463175074	0.0010070962269064512
205000	-2481.258960187981	-2331.7551506897157	-149.50380949826504	0.09721226631371861	0.11147308744219235	0.1538434774750968	1.3358330099871605E-4
206000	-2480.6993228084216	-2329.1246103900535	-151.5747124183683	0.14114869073912684	0.11925143037950998	0.2132314156187575	0.001038237007009742
207000	-2479.9295966842515	-2327.0039328944904	-152.92566378976124	0.12348436093439107	0.09175432500860227	0.22045528026621913	0.0024660538063916346
208000	-2478.9884404947534	-2329.7187493504844	-149.2696911442688	0.10068118723072263	0.13728766332099904	0.12528232502783754	0.0015006243195329742
209000	-2479.7204369432443	-2327.076340545073	-152.64409639817129	0.09915414175853011	0.0910616526039669	0.19196415191916197	0.002300660508415512
210000	-2479.690210883916	-2326.6749956475583	-153.0152152363576	0.07640880180429442	0.05685481767114117	0.1606769534300167	0.0015100727494722658
211000	-2480.800774715898	-2332.027660252932	-148.77311446296605	0.09050993716756271	0.12048948138276898	0.11862926562086289	2.2938020903195614E-4
212000	-2482.2617118572593	-2327.3756835257745	-154.88602833148474	0.04382820976856985	0.10492153018235768	0.18886995810328747	0.0011976116974092787
213000	-2478.8973110908396	-2327.2923042501757	-151.60500684066398	0.06802987928389981	0.08863002024657632	0.15791273664931021	0.0020921722663849963
214000	-2479.4049636408436	-2327.387552964794	-152.01741067604965	0.08668950913010554	0.06727109430577279	0.1514528062406158	0.003315898994820446
215000	-2480.456874768187	-2327.6576292198815	-152.7992455483054	0.0491079417576273	0.09496494836447915	0.15819337455678742	7.461221394876304E-4
216000	-2479.6357040723356	-2328.2891888136282	-151.34651525870726	0.15087167098269424	0.09135910042083233	0.15472533928528467	0.0037065486364648496
217000	-2481.0315526367194	-2327.3988515506285	-153.63270108609112	0.07184686840570462	0.07858602350565587	0.14466749308121296	0.0024183745111006722
218000	-2480.3081209879724	-2327.3112372102837	-152.99688377768885	0.05299676517042427	0.07793831267733554	0.12468681041536715	0.0015001915633914074
219000	-2478.232759445313	-2328.9697281400217	-149.26303130529146	0.09722049499457418	0.12806010893273925	0.1511375507026597	0.0012302886202235882
220000	-2479.8784829320216	-2329.639575017931	-150.23890791409096	0.12937034993932314	0.12417778301737399	0.14158470723091857	0.0017691437647286913
221000	-2478.1376294969946	-2327.758505229139	-150.37912426785596	0.09244604690046687	0.07651860377043317	0.14157231110884996	0.0018149953402619868
222000	-2479.170632876501	-2327.948487589954	-151.22214528654706	0.10567121911750174	0.1079792006933048	0.1814088561392776	0.004108022881512364
223000	-2480.6848411853293	-2330.1359503449567	-150.5488908403727	0.13520587482268456	0.10054629868267767	0.11897133471037696	0.004405885657262514
224000	-2481.08559455097	-2329.809169376551	-151.27642517441922	0.06598673904582932	0.11391673719169365	0.16263865603256827	3.8814405666773294E-4
225000	-2480.641514406435	-2329.2885836721466	-151.35293073428826	0.08092576494446119	0.08483992096051876	0.1149398381493861	0.003815604400305245
226000	-2482.0226337058466	-2330.31490736956	-151.70772633628678	0.06610969340151555	0.09905883476681666	0.07990673137390286	0.0014891157264174443
227000	-2481.3682568426375	-2329.6649254289346	-151.70333141370298	0.18382750188873512	0.08444475935232355	0.14531157813007956	0.002517283332061378
228000	-2478.1646413094786	-2327.9789717071635	-150.1856696023152	0.07715948080284478	0.10250729319327438	0.13414604539983624	0.001809441596047591
229000	-2479.543814584719	-2328.4272893783536	-151.11652520636514	0.10399802420137827	0.09582216283758596	0.1561944874004171	0.001434854765232236
230000	-2479.4863905357315	-2330.8375369606274	-148.648853575104	0.11257053368456929	0.10788846697886906	0.15011243940616084	4.668226395874754E-4
231000	-2481.328495174865	-2328.061729196435	-153.2667659784301	0.07033823393606772	0.07783144749029607	0.11684453731826261	0.0024305999277843865
232000	-2487.760814874713	-2334.664787606076	-153.09602726863702	0.16086194872353257	0.06698787162452594	0.05966260427737727	8.356716605810041E-5
233000	-2480.781170734058	-2330.9998257070706	-149.78134502698728	0.11545277946691904	0.08218260373338535	0.0983368859286297	0.0020991424204273514
234000	-2478.9956461476713	-2327.7080479658025	-151.28759818186862	0.12515412659647793	0.0750482922395507	0.15065813579581663	0.0037357825540129956
235000	-2481.182486601547	-2329.818359105033	-151.36412749651447	0.06470455120237356	0.08688604028834723	0.09416125924749376	8.421465579252592E-4
236000	-2478.5536520919823	-2328.0154132444936	-150.53823884748874	0.07528797171237189	0.08020424677207645	0.14067973218318244	0.0011454388649676502
237000	-2478.484891864646	-2327.647270600192	-150.83762126445447	0.07622364704032586	0.09501334127944336	0.15490239825010738	0.0014154394270959854
238000	-2483.854478615335	-2329.6492136302127	-154.20526498512243	0.05674672232398095	0.05724831222447499	0.0810457958841448	7.859461032715539E-4
239000	-2483.179417313472	-2332.73260341146	-150.4468139020123	0.09626275162532766	0.17155858066561813	0.09736986129206097	2.9796229649408545E-4
240000	-2479.619627073402	-2330.0681640603743	-149.5514630130277	0.08978396417492417	0.08435351771245249	0.11284567125536897	9.097402615289184E-4
241000	-2479.049442697582	-2327.443379049462	-151.6060636481202	0.09340501991554752	0.06274222490216094	0.13379703212927002	0.002396803488401137
242000	-2481.3463620406455	-2329.158626931327	-152.1877351093187	0.16949154524706658	0.10050111918039246	0.15859514676563372	0.0023763789438548963
243000	-2480.9792114169195	-2330.199095272064	-150.78011614485558	0.06665879959310082	0.12251069136290427	0.10862413230284591	6.119267165001999E-4
244000	-2483.393924614495	-2332.511779192696	-150.88214542179904	0.05655368336336236	0.10718343377380106	0.11248701736843982	6.601610674865043E-5
245000	-2478.8799758027535	-2327.730502634993	-151.14947316776045	0.07517796983854709	0.13517066134759	0.16542538763351153	0.0017871068856545281
246000	-2479.0106557647487	-2328.0716943164052	-150.93896144834335	0.06323048913760876	0.13146749531821147	0.1374887270046144	0.0012057020360268283
247000	-2485.6845826867584	-2329.908489820074	-155.77609286668434	0.1021164673847775	0.0734934581211145	0.11811352666958654	0.005429853013290353
248000	-2479.8751878099247	-2329.669647908345	-150.20553990158004	0.11190975344730777	0.1374972468078973	0.1381664240890735	0.001431611677812114
249000	-2482.679045822893	-2327.721038580965	-154.95800724192821	0.1466054341709759	0.04235131040160501	0.13805821319899642	0.003708520012182317
250000	-2480.7911312915567	-2327.9806973501077	-152.81043394144905	0.06379435468627963	0.057547544295397865	0.125495279721856	8.783022839953328E-4
251000	-2479.2654750621646	-2329.284908962988	-149.98056609917654	0.10996387957936463	0.09355894295508276	0.1198540943416904	0.0024176906186496394
252000	-2480.4549919732053	-2329.369082810705	-151.08590916250031	0.1457122211057532	0.07749193869427674	0.1526390259374564	0.0013408375030733105
253000	-2480.5705013150264	-2327.803256130645	-152.76724518438124	0.05953067961994366	0.0661429626213385	0.10814067815036013	0.0013072323628093296
254000	-2480.7379352777493	-2326.973451687069	-153.7644835906804	0.12530502667781893	0.08470307580673052	0.2068270169934993	0.00409379790990617
255000	-2479.0529417666303	-2328.1231272460045	-150.92981452062594	0.05903228987102623	0.11095793097119434	0.13050287220231388	0.0010060276199700834
256000	-2479.5656118537963	-2330.623059202708	-148.94255265108822	0.11629589252308757	0.14149619696944912	0.12193058993439732	0.0013599740254879946
257000	-2481.38506225105	-2326.867376699353	-154.5176855516969	0.12182114981258593	0.04600930109147121	0.17593906663770223	0.0015980582322601597
258000	-2480.355837892481	-2327.9105949136797	-152.44524297880133	0.08337829667829422	0.162187158600148	0.18437620940215846	0.0022979418237242684
259000	-2481.101833045843	-2327.2438299557025	-153.85800309014036	0.1297384268428074	0.07476038912747583	0.18893444145142746	0.0020897105838116564
260000	-2481.6442422156942	-2330.2014641472515	-151.4427780684429	0.07663931129930783	0.08809107072743227	0.08671417249154481	0.0025265719893727153
261000	-2479.4475075258283	-2327.020106892966	-152.4274006328625	0.14210767920432366	0.07639553531560478	0.18145534249035766	0.003857715039175413
262000	-2480.9595521784686	-2331.870193177836	-149.08935900063284	0.13079943114564252	0.10970944678103794	0.10549674182696067	0.0013126966724403006
263000	-2477.995757414512	-2327.621798225231	-150.37395918928075	0.08358108181231101	0.11222511031931157	0.16298730340657794	0.0019543778561369354
264000	-2480.2405529192242	-2328.190680254047	-152.04987266517728	0.08655994168107096	0.07418968318873488	0.11937130252607406	0.0026616492237056
265000	-2482.501286328115	-2328.4726908536086	-154.02859547450623	0.04235463358808865	0.1512335834802211	0.09293080558241158	9.68644152996841E-4
266000	-2479.1953558832506	-2327.6733304826785	-151.522025400572	0.06448303298351346	0.13699670605524386	0.15978171154637358	0.0015454785921735575
267000	-2479.360813679541	-2328.7704469161163	-150.5903667634248	0.1078625914094113	0.06473628313433043	0.14029190435318875	0.00118338000068179
268000	-2478.523777328906	-2328.714328871394	-149.80944845751185	0.0989682856423607	0.12783217952925163	0.13562355646211885	0.0023090216872493088
269000	-2478.7210709128444	-2327.67326662228	-151.0478042905642	0.06400890180984682	0.12139203704951577	0.14728935910568347	0.0016548068039344028
270000	-2479.691545643923	-2326.4102112986534	-153.28133434526924	0.08990389848807996	0.06084373115399923	0.18108387336574325	0.002495135225169098
271000	-2480.9134205217806	-2328.8272657752345	-152.0861547465461	0.10764136189080707	0.10924938808999049	0.14434888963590697	0.001642100396236251
272000	-2483.2053785187336	-2329.2513035075203	-153.95407501121306	0.06189525008482412	0.050972338979859165	0.0934911986623155	7.497878933158137E-4
273000	-2480.505243629114	-2326.184304818273	-154.32093881084072	0.07590019169744348	0.05078163200527828	0.17405233146190321	0.001686209381020152
274000	-2479.4654465949475	-2327.6095262044482	-151.85592039049945	0.062279843256732546	0.09227227412941166	0.1480259216434105	0.0011097287438025841
275000	-2478.5551446372297	-2327.4630515817	-151.09209305553006	0.0680835437623871	0.08566684127520999	0.14809283686484379	0.001327750731146417
276000	-2479.2910492450137	-2328.4715709842512	-150.81947826076228	0.06362655187512813	0.1362988652132055	0.14754589781964209	8.574963680899255E-4
277000	-2478.5383607510666	-2327.6112788284845	-150.9270819225823	0.08354738280281089	0.07275734783791589	0.13196880680977008	0.0020476600400228086
278000	-2478.863243262873	-2328.72654072127	-150.13670254160306	0.09460761923423934	0.08251091842208501	0.164049852230531	9.023238992092353E-4
279000	-2485.4771791681655	-2331.2793240079454	-154.19785516022006	0.06497918840672566	0.10356447830334761	0.18870018913057995	8.54847580855412E-5
280000	-2479.9481438344123	-2330.4193754684857	-149.52876836592677	0.08697253031807482	0.15207816795185047	0.15050255446346184	4.797226369006727E-4
281000	-2480.2597214438883	-2329.0001342993223	-151.25958714456578	0.1464397461236001	0.08553799748562073	0.15179230709083155	0.0018746684995099136
282000	-2480.511565825186	-2329.0324697614665	-151.4790960637195	0.07781384894607232	0.08232124360941193	0.14658131117068357	7.094143872165774E-4
283000	-2479.5726364865527	-2330.1608199416582	-149.41181654489458	0.10838784944363909	0.08854054360170388	0.15865056024784688	5.602936794664542E-4
284000	-2480.4246664798534	-2328.130376100704	-152.29429037914954	0.05639202291743795	0.07946126044776086	0.10382206126842236	0.0012258491850708835
285000	-2478.437705963413	-2328.8280488680152	-149.60965709539798	0.08250824917745783	0.10518039368937344	0.11775229262070583	0.0016950341171534998
286000	-2478.9338763110554	-2329.033936950718	-149.89993936033756	0.08589802202469521	0.14269931596600163	0.12221875291852244	0.001980320103098247
287000	-2478.567923225905	-2327.844768457142	-150.723154768763	0.10151696692798097	0.07256134802492896	0.15622007245578373	0.0014993266055428691
288000	-2478.556946519271	-2328.019920413884	-150.537026105387	0.0796541528406641	0.12193432727775716	0.14425846656896255	0.0018185418297360387
289000	-2480.5622664302896	-2327.603862478227	-152.95840395206275	0.049450449712320384	0.14232274245993543	0.15683666806114901	0.001001254489217428
290000	-2478.115663931278	-2327.639394597154	-150.476269334124	0.1031640509422421	0.10192102473469455	0.16855319188663262	0.0021872024825836662
291000	-2478.5113820900633	-2328.3597777661585	-150.15160432390488	0.10155001551838161	0.09816295995489688	0.17722802960288123	0.0011779245312546992
292000	-2478.4917474046774	-2328.7535420908666	-149.73820531381082	0.11888997670440295	0.09007983721972551	0.1315019650173855	0.0028935499409377496
293000	-2480.4295447025465	-2329.0379135979615	-151.39163110458483	0.06645148470004072	0.1725935499467329	0.12422544460353947	9.834058671562213E-4
294000	-2479.1582010726324	-2328.0828122926055	-151.0753887800268	0.09035948904408074	0.13000227090192235	0.15352138389748834	0.002050154849228411
295000	-2478.99153828762	-2328.326390193069	-150.66514809455094	0.06885496773696947	0.13447330890176645	0.12573124821029583	0.0019194248091668918
296000	-2480.6521157219368	-2326.9939675009364	-153.65814822100043	0.0863132706566406	0.046375880057977124	0.13061633116390475	0.0018164187731154883
297000	-2480.9744696887096	-2327.450844107103	-153.52362558160686	0.05434927703875928	0.08653176421976581	0.17183648919520553	8.576525722045E-4
298000	-2479.1286250441144	-2329.4530390651416	-149.67558597897295	0.07682914711656748	0.11589011176378002	0.10524034820037419	0.0014420150384979414
299000	-2480.1631174348568	-2327.9464734391286	-152.21664399572825	0.07908065871552088	0.15965897318993835	0.17092393418315832	0.0021891102852680546
300000	-2478.651617357894	-2327.7392852087287	-150.9123321491652	0.06777465050422818	0.0907460347296778	0.13856934418026357	0.0012908106892604086
301000	-2480.362272079094	-2327.6785908408137	-152.6836812382802	0.08904588993701816	0.07568017076799181	0.18132298119928875	0.003821293770863062
302000	-2481.9468170970977	-2330.708616758913	-151.23820033818427	0.11895086843166265	0.08617972686482042	0.10201829128321437	0.0034618937237927013
303000	-2480.5324971879213	-2329.440601183449	-151.09189600447235	0.0911044674264802	0.1318213676869182	0.11531062913594123	0.0020545791021898386
304000	-2481.267574433367	-2329.6804219675573	-151.5871524658095	0.0765461867257375	0.07684391152643648	0.11290263437352019	0.004118316601559708
305000	-2478.088035847598	-2327.3091003846484	-150.7789354629493	0.09608445783090773	0.09327818274238407	0.17100629346523796	0.0026072214994971943
306000	-2478.04476947326	-2328.6739669866993	-149.37080248656113	0.1174536857406421	0.11283400316340868	0.14598344851419062	0.0022731525700512884
307000	-2482.450643569495	-2328.267314242281	-154.18332932721378	0.058799129837639776	0.10174589304130152	0.19441160918429798	0.0023641977901626733
308000	-2478.4730178022037	-2326.8920491525596	-151.58096864964403	0.09830770354623236	0.07411627994806168	0.17206023792484162	0.0025897330722563553
309000	-2480.909420288156	-2327.4436628380627	-153.46575745009335	0.11389437069381655	0.06595584968691427	0.20635747463151424	0.001316955883667968
310000	-2478.562981027006	-2329.495153032443	-149.06782799456315	0.10960046593119412	0.12471553777832439	0.12739027036505518	0.001990589548473777
311000	-2478.5514397736065	-2326.9940055908705	-151.55743418273582	0.07724285871449166	0.07401769806393914	0.15927898632551085	0.0017930289370224819
312000	-2479.849969268179	-2328.8998824296273	-150.9500868385516	0.07378038907482992	0.11095123181171464	0.16465931111154392	6.926163138081736E-4
313000	-2481.0413775184925	-2330.044823417671	-150.99655410082138	0.06238021978414351	0.09861531053159442	0.14272347450500586	3.609009490508965E-4
314000	-2479.5913091857924	-2329.0604830203815	-150.5308261654109	0.06499325552161472	0.12841094383664353	0.1485199771863591	6.38287732226688E-4
315000	-2483.50566426082	-2325.744735456799	-157.7609288040212	0.057201738048341874	0.03661881183784823	0.15039416021874083	0.001664997213979101
316000	-2482.331880074601	-2330.871431536848	-151.46044853775294	0.15005209395372163	0.07322587488453991	0.1335598187453527	8.031450322578984E-4
317000	-2479.2253775135464	-2328.288783308054	-150.93659420549255	0.08062796069180155	0.11829616585290789	0.13766985894268124	0.00272819690635665
318000	-2478.5256411265955	-2328.529321102836	-149.99632002375955	0.07315053381758745	0.12282252253134113	0.11996167742989428	0.0017920811006285559
319000	-2479.9192913408156	-2330.0677022947884	-149.85158904602727	0.08425770153165826	0.12782740926889563	0.0990073446298734	0.002275712169481921
320000	-2481.06068949402	-2328.007646968607	-153.05304252541336	0.16192011061763043	0.08822912875564065	0.16376723501967508	0.003953094110099406
321000	-2480.105222041268	-2329.2044556372953	-150.90076640397288	0.12419175475787472	0.10832420164003867	0.13222600498836012	0.0027998077292311005
322000	-2480.3545501351387	-2329.411701581144	-150.9428485539946	0.06543033668194914	0.11569258520434676	0.10244277455601372	0.001014445595273351
323000	-2479.1154490589197	-2329.856783910507	-149.2586651484125	0.1135377732325437	0.08125647312792403	0.12686268025021022	0.0011528740242298231
324000	-2479.0735147525043	-2327.8217754272164	-151.25173932528782	0.0609553948795669	0.10683143505461534	0.1274957787395532	0.0014862668924554242
325000	-2478.394539538216	-2327.514768324834	-150.8797712133817	0.11464197938593873	0.07944897218355346	0.15567390753971033	0.0033803663492336287
326000	-2480.71889868659	-2328.1804907650403	-152.5384079215495	0.08347551382143915	0.05938535181995188	0.11015537669761159	0.001989595106663177
327000	-2477.9051165467663	-2327.5939638905547	-150.3111526562116	0.10267223778726414	0.08235698267634452	0.15153118588066375	0.0023492231887059538
328000	-2479.131791616258	-2327.3878522921686	-151.7439393240894	0.10858676672420062	0.08584120312418479	0.1654597707240366	0.003307098344512758
329000	-2484.1605591220746	-2327.369306485525	-156.79125263654953	0.059167998990012426	0.05967108701259316	0.22741213447365838	7.432582473303263E-4
330000	-2478.3675150554704	-2328.100186967625	-150.26732808784513	0.11817811105354331	0.08754367343357669	0.14442180869984342	0.003433126522505864
331000	-2478.4171963711883	-2328.353583424844	-150.063612946344	0.09739784693534623	0.12516573386849777	0.14827633179503352	0.0019843124059957837
332000	-2481.0544599013333	-2327.8970975660577	-153.15736233527542	0.09020146189233195	0.15345287470599733	0.1840532319720415	0.0018518623658923359
333000	-2479.126037579016	-2328.315971326514	-150.81006625250208	0.08782038887049846	0.10122028287348596	0.1313806089111815	0.0019429733070553516
334000	-2480.48125215217	-2330.877127700936	-149.60412445123404	0.12261052040842335	0.07414898850075455	0.14170733954795126	4.8144950585067483E-4
335000	-2482.166213614847	-2329.0950624383354	-153.07115117651162	0.06490481232649796	0.09765617153777413	0.19535089123942798	4.490869993550112E-4
336000	-2479.6425525013533	-2329.0225088140296	-150.62004368732386	0.1020331041414753	0.08635879660579636	0.16209484978809294	9.022860070295845E-4
337000	-2479.2995710577425	-2328.5295225219916	-150.77004853575102	0.14584878497188636	0.11666004443990725	0.15768712290586734	0.003944597376656861
338000	-2481.1723218309494	-2327.9251964562445	-153.24712537470475	0.07149695470620651	0.18415261618622358	0.18045695674938828	0.0018545924445747606
339000	-2478.306105708665	-2327.451054869205	-150.85505083946	0.07203004980022308	0.08570600654082337	0.14127639150746696	0.0017384177107452516
340000	-2479.9297518414196	-2329.8337531812745	-150.09599866014494	0.09299004222851663	0.09459613476768328	0.10243963434906786	0.003076365284211446
341000	-2484.665781795623	-2327.386564908073	-157.2792168875501	0.0898593656143889	0.02872494991036622	0.14618364294120606	8.286885989110761E-4
342000	-2479.730390424043	-2327.9120653963155	-151.81832502772767	0.0626086856186378	0.08691710501078893	0.13433259782440574	0.0010331760123474163
343000	-2482.2808481265133	-2332.523659738417	-149.75718838809632	0.12182142220925925	0.07947506327611888	0.09171214936847669	8.387901056054584E-4
344000	-2479.12438962583	-2327.3385402979416	-151.7858493278884	0.06106574999349348	0.10479434556078696	0.16183421304196946	0.001427097821552145
345000	-2479.419748858387	-2329.5558221788233	-149.86392667956338	0.12990214369598863	0.1232276528803058	0.16000080970693165	0.0012596066760528913
346000	-2479.7369309359847	-2328.6232372643763	-151.11369367160862	0.0570239423680749	0.11308820256101758	0.11393327191467617	9.090945477827497E-4
347000	-2480.150095579743	-2327.5770549735284	-152.5730406062144	0.10833676157147862	0.0527138630959725	0.13896157082237282	0.0018490660373700833
348000	-2479.7033124601294	-2328.5097664739756	-151.1935459861538	0.07243965506268642	0.09229228026531375	0.1148893443408669	0.0025965892867210526
349000	-2478.1993205855606	-2328.812919573846	-149.38640101171464	0.09285749669318769	0.09485503220670045	0.13999651332644114	0.0012047360337151213
350000	-2478.468698475255	-2327.673444210577	-150.79525426467788	0.07283969355661293	0.09156919034297333	0.13710516729099162	0.0022043919056784485
351000	-2479.5690800977372	-2328.1447085940417	-151.42437150369574	0.09707906981494172	0.06389336137888553	0.13122517257966376	0.0015851824214899626
352000	-2480.4821493034433	-2327.858627539839	-152.62352176360454	0.07214670122033197	0.07037921572013696	0.11538742187141876	0.002102953755162036
353000	-2479.367546857186	-2327.2320712078954	-152.13547564929073	0.11230396739972852	0.10222690804054445	0.2041079041589919	0.002440302610951312
354000	-2483.510873424414	-2328.825011791634	-154.6858616327798	0.05432212075917689	0.0605156464991987	0.09172897702078982	8.24893631527115E-4
355000	-2479.2115033460286	-2328.1452899508595	-151.0662133951691	0.08124389168885265	0.07311122445697234	0.11610617274605226	0.002373603337426688
356000	-2481.0691732479036	-2327.7460974469955	-153.32307580090807	0.06362531510080222	0.0747105436639532	0.11773726647674333	0.0020978112759312295
357000	-2478.193234148101	-2327.871279229082	-150.3219549190188	0.10092266670128472	0.11494490546415075	0.1653874800724338	0.0021088421440234413
358000	-2479.6852907116386	-2328.4635708618707	-151.2217198497678	0.062141410107412774	0.11771786263460282	0.1115286061167699	0.0014074281323100586
359000	-2479.450908553269	-2327.137943438426	-152.31296511484274	0.07541698713859528	0.06158394213111676	0.15409590429033312	0.001291246330366098
360000	-2480.9116160748117	-2327.65749276042	-153.2541233143918	0.051486220105132305	0.09766722529029316	0.15995401061479544	0.0018283098714663056
361000	-2478.66939993396	-2327.998763356531	-150.6706365774289	0.10917690588791336	0.07634624582806754	0.13638173813278578	0.003079181035209808
362000	-2483.3916748123706	-2328.1877154423873	-155.2039593699834	0.07222965344021398	0.11736658795504606	0.20838628380782845	0.002727355569195232
363000	-2478.491239634918	-2328.377951434395	-150.11328820052336	0.07544798850960854	0.09024732574836213	0.14264246567728672	0.0010064566707430997
364000	-2480.5631814937788	-2328.5871317824303	-151.97604971134857	0.08818364183985357	0.12698302246112672	0.1325106202281175	0.0019716448802430345
365000	-2479.0741023371534	-2328.949095275576	-150.1250070615774	0.12067848851302235	0.0945626240320958	0.15131045618564015	0.0014798807439416431
366000	-2478.163026490552	-2328.0112103772763	-150.15181611327574	0.10844477805263174	0.1131166835003062	0.15888624868351764	0.0033236543568857914
367000	-2478.176369767137	-2327.903511340376	-150.2728584267609	0.07859323043358565	0.1108397513396481	0.1465183953899567	0.00163466475147807
368000	-2481.168910425517	-2330.674025323562	-150.49488510195482	0.06393348804705891	0.10855602146366654	0.1375353161681874	2.81860165393226E-4
369000	-2480.236029860559	-2327.7473791078864	-152.48865075267247	0.08956548413565898	0.05186931385047102	0.14875954711352055	0.001097929750176779
370000	-2479.9394967203643	-2328.3452481334107	-151.59424858695348	0.09422325718000611	0.05853471625944607	0.11787425566601581	0.001705853159312512
371000	-2478.4002301264	-2328.4823422131903	-149.91788791320948	0.07390433702949017	0.11311995207008828	0.126454327599787	0.0013634529197173568
372000	-2482.6804629638177	-2328.320654026288	-154.35980893752938	0.05287448792144991	0.07928109769325527	0.16973041877091208	5.287043302628111E-4
373000	-2480.389312812138	-2328.8136132199866	-151.5756995921516	0.061972841855994464	0.12097802100322695	0.13834783285108862	0.0027581103063837958
374000	-2481.282532177118	-2328.636801165486	-152.64573101163214	0.06095515068658013	0.0880826562925236	0.11099669623643062	9.497779277251911E-4
375000	-2479.7587995061754	-2328.242774676309	-151.51602482986598	0.10073054574700893	0.10212656158046032	0.1778016896801087	0.004406738315380365
376000	-2478.6446840691306	-2329.3874761903608	-149.2572078787697	0.12444286452093777	0.12595144516933676	0.1376425357402805	0.0022424325845302826
377000	-2481.0391174563674	-2327.522714352094	-153.51640310427305	0.09677118395689484	0.07154861610360719	0.1401734140625458	0.002564432454268502
378000	-2481.3931961328544	-2328.3779449823705	-153.01525115048366	0.08073998516925561	0.09075717639252306	0.129251927285369	0.0013890004906774469
379000	-2479.83535885725	-2326.5829389647274	-153.2524198925223	0.06981698180553941	0.061283954573961213	0.16128521340988355	0.001934203884352998
380000	-2481.7824157379982	-2327.69342829769	-154.08898744030844	0.04724427141820787	0.11435100936363282	0.1311596737204017	0.0015104212988232746
381000	-2480.5921949612057	-2328.321889483437	-152.2703054777683	0.061153336760475976	0.13206821988059383	0.128325255375106	0.002151073492070829
382000	-2479.648564188486	-2326.5443095712576	-153.1042546172286	0.07705358385694136	0.058296198972210736	0.16742673268241476	0.0016463218767744595
383000	-2478.198618197207	-2327.778239995101	-150.42037820210592	0.08341649215709751	0.08118445259571709	0.1335341168276067	0.0019348143688388399
384000	-2483.5622137863547	-2326.874282134954	-156.68793165140085	0.10812406518446617	0.07657848027199186	0.18168892206766754	0.0026200338660948494
385000	-2479.8404493172516	-2326.8635924747427	-152.97685684250877	0.07059958306552985	0.06076351402643614	0.14024786804672487	0.0018607549580271993
386000	-2478.955849539918	-2329.28565916406	-149.67019037585808	0.1068921669488925	0.08951928449220387	0.11573125639428497	0.0027458832219029233
387000	-2478.586087484008	-2327.847823963067	-150.73826352094125	0.1210338093022764	0.09768028216643779	0.1593765984385867	0.0033507215232015577
388000	-2480.774360188197	-2328.44499671618	-152.32936347201704	0.09658549194513565	0.06202360236412877	0.13182489018536825	0.004450204951206759
389000	-2481.005715339459	-2328.5486520154705	-152.45706332398848	0.05577975144111768	0.1365183714365891	0.10733189899731642	0.0012048704650432496
390000	-2480.162668824655	-2326.3054882736933	-153.85718055096163	0.12258665582751013	0.06291320967710853	0.201638930683557	0.0027783440577096715
391000	-2483.130252594086	-2332.1187302111302	-151.0115223829556	0.11376185270624849	0.062477082871318444	0.17020727505292918	1.0089569852299277E-5
392000	-2478.7311879466074	-2327.200283799462	-151.53090414714546	0.1193821111452385	0.08017430125217784	0.17026289487776358	0.003185453689785116
393000	-2481.6497878649448	-2330.346963944356	-151.30282392058862	0.1329005481211015	0.056368545345447434	0.11870346723173386	0.0010633532685618693
394000	-2484.7874479631973	-2330.406074099058	-154.38137386413948	0.0925401342241474	0.1398440064567963	0.1421900888831766	0.005375111083002071
395000	-2478.9133608482884	-2327.0934555946983	-151.81990525359024	0.11738871416828522	0.08409129990545992	0.18123624540907526	0.0028574950906602374
396000	-2479.1072504051476	-2328.1044713712627	-151.00277903388505	0.11844674834299115	0.08833984349812372	0.15664856856095655	0.004709629512773699
397000	-2478.442162502815	-2327.4133849758555	-151.0287775269593	0.08161673210466555	0.08901091964940756	0.15184335864285045	0.0022339431641242905
398000	-2479.427316233217	-2326.949809937749	-152.47750629546826	0.12300184995754514	0.0576062366684665	0.1655193805368222	0.0022933697541688406
399000	-2482.198301917489	-2330.017854474487	-152.18044744300167	0.12484026917456657	0.11033600460096528	0.17862954968947664	0.007849644146749516
400000	-2480.280408111561	-2327.1291210815734	-153.15128702998734	0.05053528415162361	0.08151749628668761	0.14444106093220668	0.0014906627992240802
401000	-2480.330064534799	-2327.621751268301	-152.70831326649818	0.12458049825931454	0.07422604480035991	0.15399869036593938	0.004011589533082108
402000	-2479.9465294321885	-2327.405254772925	-152.54127465926348	0.0923786146136392	0.09139316222164759	0.1669192970852526	0.0029237337565951324
403000	-2480.272721187863	-2329.001707591092	-151.27101359677155	0.14028650355998692	0.09005969954279151	0.1367661774857082	0.004899746352451433
404000	-2480.6419072310055	-2329.349247308818	-151.29265992218734	0.08913816630684376	0.07077746440950579	0.1002082025475161	0.002918067897358126
405000	-2478.1838540803237	-2327.5240797757688	-150.65977430455513	0.11254122597033149	0.08587493753246649	0.15979717124551474	0.0027976179742987936
406000	-2480.58697870562	-2329.9450340276144	-150.6419446780054	0.11015825846701079	0.08383737959976546	0.10996602431015154	0.004392377587612418
407000	-2480.6577981449122	-2329.2912338386905	-151.36656430622168	0.11566688014448179	0.16948705747371764	0.19260666458209597	0.00100935852652648
408000	-2478.170861964423	-2328.098617852937	-150.072244111486	0.10529096000553463	0.08525336322966175	0.13760906700041106	0.0026082651823095006
409000	-2478.939089266529	-2328.4475247451096	-150.4915645214194	0.09988543743580379	0.13776048014727668	0.14749254280929344	0.0028902817908275326
410000	-2478.243600507308	-2328.42478701453	-149.8188134927783	0.08543612026486475	0.11562733017943089	0.13073966742439916	0.0020280308273787524
411000	-2479.6937543558224	-2329.0692067899754	-150.62454756584697	0.1013107614474149	0.07277841795087235	0.12872824911447364	0.0012385732401104953
412000	-2479.601357401691	-2329.5325436782737	-150.0688137234175	0.0881018992879579	0.10380600254929309	0.17126355020689232	5.844803465438788E-4
413000	-2480.5449775387806	-2329.2774738068047	-151.26750373197615	0.06119941374380797	0.10428775149545381	0.10054381935976921	9.276161092093892E-4
414000	-2478.127808029915	-2327.761935894069	-150.3658721358455	0.1229181705938549	0.10059374015419413	0.16632811275283885	0.0029934260482154217
415000	-2479.6524369020412	-2328.716867899165	-150.93556900287612	0.09136227614053256	0.1063364636903329	0.14549558516045405	0.001226397421771432
416000	-2480.5107148749894	-2328.069868763028	-152.44084611196163	0.14836079416541953	0.14858419416879282	0.19232067742658998	0.003817227595113524
417000	-2480.128652067015	-2329.731030655256	-150.39762141175916	0.11806133401195781	0.10016464393371914	0.1169967363107741	0.003360472421897151
418000	-2478.5137986794234	-2328.1298237923606	-150.38397488706264	0.11782111586599497	0.11175922469710803	0.1850718712377683	0.0016837190598814652
419000	-2480.205998562631	-2327.476281263191	-152.72971729943995	0.10016750074552384	0.049140893929051764	0.13718938378432657	0.0016254187466408522
420000	-2478.021459771982	-2328.1988556625442	-149.82260410943772	0.09848808821306142	0.13118944111559575	0.15877618982605698	0.001962037501581716
421000	-2478.4720516286843	-2328.034708242126	-150.43734338655847	0.08204299605674102	0.09439235042533366	0.16638755090031404	0.0011153472103126295
422000	-2478.7185785400507	-2328.1794866352047	-150.5390919048457	0.10203168471042692	0.09995229967853225	0.1558855285086527	0.001676855481656068
423000	-2480.7802513244424	-2329.1513868821953	-151.62886444224716	0.08138487843174702	0.08029367857791063	0.10316958024283449	0.001674593913006229
424000	-2481.7035769426743	-2328.4227466573684	-153.280830285306	0.11545623890709347	0.044168442160954266	0.15151532140458115	9.608241692735447E-4
425000	-2479.8511094850924	-2328.6446054720373	-151.20650401305508	0.07645008641650411	0.07398780365768466	0.1037845861037322	0.0023224337410219353
426000	-2481.766377921486	-2331.79283038025	-149.973547541236	0.09815038032755766	0.07133254703936492	0.10075412434725206	4.5701487553040366E-4
427000	-2479.50991170743	-2327.7942289346274	-151.71568277280264	0.064509625337033	0.11969866855419858	0.1817595199011608	9.940315186342877E-4
428000	-2480.277213940193	-2326.949208271116	-153.3280056690773	0.050963109773503525	0.07603825666816343	0.14845471674757868	0.0013250663098804164
429000	-2480.8074816116186	-2326.9931448021716	-153.8143368094471	0.09685855061180489	0.0761214533994486	0.2231911023249698	0.0015825295248637734
430000	-2482.075971685448	-2330.2674081257474	-151.8085635597008	0.07852948866320467	0.09776653011273954	0.09259108354403572	0.0032060748663346097
431000	-2483.6256631166725	-2334.110605687293	-149.51505742937934	0.11568471934288156	0.09579795094023032	0.0700698196194543	5.5878693914135614E-5
432000	-2480.996377527169	-2327.9105262430717	-153.08585128409737	0.1151386411591023	0.050605223731254215	0.12516377621933894	0.0029398287668729785
433000	-2479.3666288405893	-2328.619328555579	-150.74730028500997	0.0713518828121296	0.10416754556381638	0.11053279031882332	0.0018936063116671298
434000	-2478.1580406482076	-2328.4125457781156	-149.74549487009196	0.09112175427877728	0.11270741080991953	0.13315122697102838	0.002566707627461746
435000	-2482.3399430077334	-2327.978987450101	-154.3609555576322	0.04606753258035936	0.08951488908491124	0.1689412229690839	0.0018200109644693205
436000	-2480.292935345043	-2328.778031773925	-151.51490357111817	0.1224728811990027	0.07139162293667646	0.12634167193526444	0.004179564944524459
437000	-2479.129329413919	-2328.448636480023	-150.680692933896	0.08973841345927697	0.08704864439090852	0.12249716529097157	0.0029187369062406623
438000	-2480.0905589527115	-2329.2660919327036	-150.82446702000783	0.08610845318867741	0.1600936139252523	0.12806570032578132	0.0013968661678624612
439000	-2480.0834226990405	-2326.4713503018124	-153.61207239722802	0.08144790945281198	0.05069336501969987	0.1506772516871251	0.0019067517057191747
440000	-2480.9117485910183	-2331.3187943792436	-149.59295421177447	0.10194421384747475	0.13494033367259878	0.09812113939500183	0.0015772795758397856
441000	-2483.666950884687	-2327.235713713278	-156.4312371714089	0.12347724626943848	0.04526208380740317	0.21755787040177824	0.0010938180588885716
442000	-2480.6024894700276	-2330.7249131208064	-149.87757634922121	0.0730128697023525	0.09600150351099587	0.14636986699819726	2.8163991886973305E-4
443000	-2478.790548612135	-2328.2972136243825	-150.49333498775238	0.07473583107026405	0.09924211985883938	0.12015020216196277	0.002222915586094751
444000	-2478.9258293479065	-2328.1290244594024	-150.796804888504	0.12271604932390053	0.0760201484266135	0.13915234587220723	0.003440202858898287
445000	-2479.81016017713	-2327.5279751570765	-152.28218502005367	0.072136102151871	0.08854252913902345	0.1824108587276624	0.0010988461142451922
446000	-2479.194276304584	-2326.916369987582	-152.2779063170018	0.09307350547907059	0.08191809688716625	0.18516982782136643	0.002368142709265674
447000	-2479.8218801486764	-2328.656566074178	-151.16531407449858	0.06116306900812648	0.09437028613429861	0.11941487791262459	8.538269796434738E-4
448000	-2478.4220556973887	-2327.796503741447	-150.62555195594172	0.1278776214931668	0.08596569162701005	0.1560375353930892	0.0033823779598556336
449000	-2479.681050097056	-2328.0281249534887	-151.65292514356736	0.10530508116474485	0.16086158507114837	0.19012020722860742	0.002109494180267455
450000	-2479.6479899024066	-2328.5712984332217	-151.0766914691848	0.09777847605033374	0.0672104294820503	0.1148985931636706	0.0023510432949549573
451000	-2480.7839663597197	-2327.8212334190375	-152.96273294068214	0.07552187305754382	0.05637603897722533	0.11722037296423098	0.002899875036924122
452000	-2478.101827025543	-2328.571773175509	-149.53005385003416	0.08490248407801104	0.10276749646652251	0.1253948814973121	0.001711225317767101
453000	-2482.4645768757655	-2328.043144581894	-154.4214322938714	0.042064844113356786	0.07187226932862009	0.1247340130595624	5.524349246227853E-4
454000	-2480.17477823146	-2326.893418130653	-153.28136010080703	0.06742313680548549	0.07433057979306483	0.18060506526062786	0.0013701782164799606
455000	-2478.5808075169602	-2328.1797155281565	-150.40109198880373	0.07456461563198158	0.13159894486986376	0.1407054394785396	0.001508269622279673
456000	-2481.1971390160143	-2326.902194489726	-154.29494452628833	0.124307410726677	0.052569772036918726	0.175922174645962	0.004737977636955344
457000	-2479.0410481165563	-2327.159991249367	-151.88105686718927	0.0657775565376973	0.0773713659411763	0.1474606612699713	0.001476957806302341
458000	-2480.481564511033	-2330.289496218961	-150.19206829207175	0.0853674335337602	0.08713382987808832	0.09308217989623474	0.0015204928418779762
459000	-2478.7100071474697	-2328.441528347079	-150.26847880039085	0.11079934867587303	0.09583594360596953	0.14417139784880753	0.004266125927044397
460000	-2478.26074953481	-2328.2273946132873	-150.03335492152308	0.0877621349666747	0.11542317562504273	0.1534471909114111	0.0014521891827713118
461000	-2477.9009142931523	-2328.47829120784	-149.42262308531232	0.08952751907953181	0.10058994956839096	0.1453641025535203	0.0013053972559492796
462000	-2479.5165840771047	-2327.760613259208	-151.7559708178964	0.07381000444861778	0.1501776494322668	0.18149908973003348	0.001511291648318514
463000	-2478.542034405879	-2328.396960543921	-150.1450738619579	0.10247076643486548	0.07527462584919967	0.13729978064207782	0.0015788350106242732
464000	-2478.7107912236343	-2328.936850157952	-149.77394106568227	0.08855958772790082	0.09902842068243006	0.11449677394743706	0.002331257490925343
465000	-2478.4107593803415	-2328.8084101740515	-149.60234920629	0.10229832800669394	0.1066716692191923	0.12967730689574677	0.002232942206961088
466000	-2478.715761715588	-2328.1724028167596	-150.5433588988284	0.08237566640095897	0.09441115814259897	0.1394326985412034	0.0031777038912778645
467000	-2478.3339763928316	-2327.3247242021735	-151.00925219065832	0.0894082307081303	0.07234143902236627	0.14644886462953483	0.0020510956203562683
468000	-2483.0550338724447	-2328.5163110526546	-154.53872281979025	0.042019436484794136	0.0844123638683992	0.13209546857311932	4.547796966903326E-4
469000	-2482.3014788799505	-2328.678531595221	-153.62294728472943	0.13587898352362937	0.07689198617117614	0.16447322053498598	0.006910001840147332
470000	-2479.5306900460355	-2327.445990265567	-152.0846997804681	0.07706381136641566	0.11162719991944037	0.2015515987159982	0.0014515333211908633
471000	-2480.28960577634	-2328.0659386350476	-152.22366714129237	0.0927707918194432	0.0551281129458014	0.12108229392679688	0.001656014842910195
472000	-2478.9726103354774	-2328.1333711771304	-150.83923915834708	0.09503980412115108	0.06797565480386555	0.12336889545868547	0.002124268109886654
473000	-2479.5946060086326	-2328.264589850729	-151.3300161579036	0.12060241808446392	0.0851172296166225	0.14625810980897327	0.0022832278421096733
474000	-2479.3461736226122	-2328.133066936057	-151.2131066865556	0.08228778835228649	0.085737819111724	0.12341461202189138	0.0021567527206558797
475000	-2481.1641521182055	-2329.9908402398946	-151.17331187831076	0.09725106009257337	0.13366608370475488	0.12100338743945771	0.001256746582697869
476000	-2480.9320926847695	-2328.9531529506667	-151.97893973410297	0.09734196272520443	0.08641035930255758	0.18396880484469286	7.446412346344553E-4
477000	-2484.2832178312055	-2329.6580050366106	-154.62521279459494	0.08405431816584656	0.04960193042946296	0.08757424610286756	0.0029248966946506592
478000	-2480.5838768243607	-2329.722722476721	-150.86115434763934	0.08729013765952452	0.17200601833180626	0.11237696304806233	0.002250810322587312
479000	-2481.183307336874	-2328.108064979935	-153.07524235693882	0.04640356690212905	0.13077775527083005	0.15974653535730918	6.118292606511983E-4
480000	-2481.2099962313328	-2328.127029970752	-153.08296626058083	0.13375034287169776	0.07750225925018421	0.16290158970131305	0.005830722211971748
481000	-2483.4461516135975	-2327.4010892087954	-156.04506240480208	0.10433712868514736	0.05317000625636142	0.243660394708981	9.88973761839238E-4
482000	-2485.8349720747556	-2334.2698775108756	-151.56509456388008	0.16547136359234368	0.09458778866911807	0.0779458861806466	2.4205875629256757E-4
483000	-2480.061414215471	-2327.9949208743665	-152.06649334110455	0.0707021763011462	0.10712872787817973	0.17983259057682033	0.0027267380161609773
484000	-2479.263187696104	-2327.8153456780938	-151.44784201801036	0.05902525493891299	0.13233588746515765	0.1531695629222518	0.0010813921711211418
485000	-2479.141594562058	-2328.4582047330878	-150.68338982896992	0.12724563465213684	0.07624041128041077	0.1706715493870125	0.001334762107497984
486000	-2481.891147336445	-2328.4228757531505	-153.4682715832944	0.06030231870587324	0.06612490828660665	0.09391429354849674	0.0020012484829415615
487000	-2481.508918950066	-2331.085613876032	-150.4233050740341	0.08764665825694287	0.11957361651489368	0.09465279144226446	0.0010892547949541231
488000	-2480.3377455961077	-2328.9325250520446	-151.40522054406316	0.06711662012860951	0.09595735426146804	0.11059585543998134	0.0010427668254642012
489000	-2479.84025818994	-2329.612841928129	-150.22741626181076	0.06734254330587851	0.09934628851494752	0.10468524111089761	8.434329006082686E-4
490000	-2478.754741714888	-2327.2298730022385	-151.52486871264946	0.06388559697747558	0.08586159214595801	0.1481190650201072	0.0015765022224620948
491000	-2480.2463222332217	-2327.7273302195736	-152.51899201364836	0.13608340132493063	0.1359799836296016	0.2037741849626353	0.003189625121851337
492000	-2479.6672866379554	-2327.7944299384844	-151.87285669947113	0.0732061298535236	0.08018818323211485	0.1266318393170944	0.002383992486040375
493000	-2478.3525376551474	-2327.7771654266217	-150.57537222852596	0.06982430559915417	0.12205269408569627	0.1466611617280025	0.0017655181707961144
494000	-2483.3712861301933	-2325.399376347822	-157.9719097823714	0.08324135455205324	0.03648294634400455	0.18750062806692383	0.0022923729269008052
495000	-2479.8760502085197	-2327.2983419514	-152.57770825711987	0.06699288879125205	0.0693462521206683	0.13565496645983147	0.001397041081638993
496000	-2479.2411559442244	-2329.1122610584052	-150.1288948858189	0.08474503225889694	0.1176113083920092	0.14185123732982904	9.685007035424338E-4
497000	-2479.8150812647873	-2328.023946156951	-151.79113510783662	0.10514792292599963	0.05696157969932641	0.12286036169387948	0.0025003936893954587
498000	-2482.13234574874	-2326.6664945186562	-155.46585123008376	0.058242033426522004	0.044669497794550275	0.11902268561989045	0.0014302349704102104
499000	-2478.310557402894	-2327.977649391854	-150.3329080110402	0.09365227044266028	0.12399852383762176	0.16967776427369127	0.0016851645498379237
500000	-2479.0936358734725	-2326.653230538735	-152.44040533473733	0.1052356054865495	0.0670756828606953	0.17891154790592953	0.002994452624211656
