pbsworkdir
/home/gseeholzer/nas3/bfd/runs/F3
./:/bin:/usr/bin:/usr/local/sbin:/usr/sbin:/opt/pbs/bin:/home/gseeholzer/programs/bamUtil/bin:/home/gseeholzer/programs/samtools-1.10/bin:/home/gseeholzer/programs/angsd:/home/gseeholzer/programs/angsd/misc:/home/gseeholzer/programs/satsuma2-master/bin:/home/gseeholzer/programs/pcangsd:/home/gseeholzer/programs/evalAdmix:/home/gseeholzer/programs/htslib-1.10.2/bin:/home/gseeholzer/programs/ngsRelate:/home/gseeholzer/programs/vcftools_0.1.13/bin:/home/gseeholzer/programs/bcftools-1.10.2/bin:/home/gseeholzer/programs/gsl/bin:/home/gseeholzer/programs/ngsTools/ngsDist:/home/gseeholzer/programs/ngsTools/ngsF:/home/gseeholzer/programs/ngsTools/ngsF-HMM:/home/gseeholzer/programs/ngsTools/ngsLD:/home/gseeholzer/programs/ngsTools/ngsPopGen:/home/gseeholzer/programs/ngsTools/ngsSim:/home/gseeholzer/programs/ngsTools/ngsUtils:/home/gseeholzer/programs/fastme-2.1.6.1/src:/home/gseeholzer/programs/beast/bin:/home/gseeholzer/.local/bin:/home/gseeholzer/bin
Tue Jun 30 21:12:39 EDT 2020

real	0m0.000s
user	0m0.000s
sys	0m0.000s

                        BEAST v2.6.2, 2002-2020
             Bayesian Evolutionary Analysis Sampling Trees
                       Designed and developed by
 Remco Bouckaert, Alexei J. Drummond, Andrew Rambaut & Marc A. Suchard
                                    
                   Centre for Computational Evolution
                         University of Auckland
                       r.bouckaert@auckland.ac.nz
                        alexei@cs.auckland.ac.nz
                                    
                   Institute of Evolutionary Biology
                        University of Edinburgh
                           a.rambaut@ed.ac.uk
                                    
                    David Geffen School of Medicine
                 University of California, Los Angeles
                           msuchard@ucla.edu
                                    
                      Downloads, Help & Resources:
                           http://beast2.org/
                                    
  Source code distributed under the GNU Lesser General Public License:
                   http://github.com/CompEvol/beast2
                                    
                           BEAST developers:
   Alex Alekseyenko, Trevor Bedford, Erik Bloomquist, Joseph Heled, 
 Sebastian Hoehna, Denise Kuehnert, Philippe Lemey, Wai Lok Sibon Li, 
Gerton Lunter, Sidney Markowitz, Vladimir Minin, Michael Defoin Platel, 
          Oliver Pybus, Tim Vaughan, Chieh-Hsi Wu, Walter Xie
                                    
                               Thanks to:
          Roald Forsberg, Beth Shapiro and Korbinian Strimmer

Random number seed: 1593565960129

File: F3.SBE2_v1_2sp.r3.xml seed: 1593565960129 threads: 32
Loading package BEAST v2.6.2
Loading package BEASTLabs v1.9.2
Loading package MODEL_SELECTION v1.5.2
Loading package SNAPP v1.5.0
Loading package BEAST v2.6.2
Alignment(bfd)
  40 taxa
  100 sites
  100 patterns

ant: 100 13
bar: 100 41
cur: 100 5
Data(snap.bfd)
  3 taxa
  100 sites
  75 patterns

Seq: seq_Amotape_B67243.Tumbes.Amotape
Seq: seq_Amotape_B67257.Tumbes.Amotape4
Seq: seq_Canchaque_B72873.Piura.Canchaque4
Seq: seq_Canchaque_B72878.Piura.Canchaque7
Seq: seq_Porculla_B72863.Piura.Porculla
Seq: seq_Porculla_B72866.Piura.Porculla4
Seq: seq_CarpaChavin_B72793.Huanuco.CarpaChavin
Seq: seq_CarpaChavin_B72795.Huanuco.CarpaChavin1
Seq: seq_Carpish_B72761.Huanuco.Acomayo3
Seq: seq_Carpish_B72772.Huanuco.Mitotambo2
Seq: seq_Chavinillo_B72789.Huanuco.Chavinillo3
Seq: seq_Chavinillo_B72792.Huanuco.Chavinillo4
Seq: seq_Macate_B72807.Ancash.Macate4
Seq: seq_Macate_B72814.Ancash.Macate
Seq: seq_Quichas_B72777.Lima.Quichas2
Seq: seq_Quichas_B72778.Lima.Quichas
Seq: seq_CorBlanca_NK_1717036
Seq: seq_CorBlanca_FMNH_3918886
Seq: seq_Huamatanga_B72889.Lima.Huamatanga7
Seq: seq_Huamatanga_B72892.Lima.Huamatanga7
Seq: seq_Pacar_B72907.Ancash.Pacar1
Seq: seq_Pacar_B72909.Ancash.Pacar3
Seq: seq_LaQuinua_B72753.Pasco.LaQuinua1
Seq: seq_LaQuinua_B72756.Pasco.LaQuinua3
Seq: seq_Chinchan_B72900.Ancash.Chinchan2
Seq: seq_Chinchan_NK_1738961
Seq: seq_curtata_cra.cur.B60322
Seq: seq_curtata_cra.cur.B81753
ant: 100 13
bar: 100 41
cur: 100 5
3 taxa
100 sites
77 patterns
Rate prior = gamma
Log Likelihood Correction = -1648.686280047032
===============================================================================
Citations for this model:

Bouckaert, Remco, Timothy G. Vaughan, Jo?lle Barido-Sottani, Sebasti?n Duch?ne, 
  Mathieu Fourment, Alexandra Gavryushkina, Joseph Heled et al. 
  BEAST 2.5: An advanced software platform for Bayesian evolutionary analysis. 
  PLoS computational biology 15, no. 4 (2019): e1006650.

David Bryant, Remco Bouckaert, Joseph Felsenstein, Noah Rosenberg, Arindam RoyChoudhury. Inferring Species Trees Directly from Biallelic Genetic Markers: Bypassing Gene Trees in a Full Coalescent Analysis. Mol. Biol. Evol. 29(8):1917-1932, 2012

===============================================================================
Starting step 0
Starting step 1
Starting step 2
Starting step 3
Starting step 5
Starting step 4
Starting step 6
Starting step 7
Starting step 8
Starting step 9
Starting step 10
Starting step 12
Starting step 11
Starting step 13
Starting step 14
Starting step 15
Starting step 16
Starting step 17
Starting step 18
Starting step 19
Starting step 20
Starting step 21
Starting step 22
Starting step 23
Finished step 16
Finished step 15
Finished step 22
Finished step 17
Finished step 19
Finished step 10
Finished step 20
Finished step 21
Finished step 13
Finished step 18
Finished step 11
Finished step 14
Finished step 23
Finished step 12
Finished step 7
Finished step 6
Finished step 9
Finished step 4
Finished step 8
Finished step 3
Finished step 5
Finished step 2
Finished step 1
Finished step 0

Loading /home/gseeholzer/nas3/bfd/runs/F3/F3.SBE2_v1_2sp.r3/step0/likelihood.log, burnin 20%, skipping 200 log lines

|---------|---------|---------|---------|---------|---------|---------|---------|
*********************************************************************************

Calculating statistics

|---------|---------|---------|---------|---------|---------|---------|---------|
********************************************************************************

marginalLs[0 ] = -2295.2034817784206

Loading /home/gseeholzer/nas3/bfd/runs/F3/F3.SBE2_v1_2sp.r3/step1/likelihood.log, burnin 20%, skipping 200 log lines

|---------|---------|---------|---------|---------|---------|---------|---------|
*********************************************************************************

Calculating statistics

|---------|---------|---------|---------|---------|---------|---------|---------|
********************************************************************************

marginalLs[1 ] = -2295.5953343199913

Loading /home/gseeholzer/nas3/bfd/runs/F3/F3.SBE2_v1_2sp.r3/step2/likelihood.log, burnin 20%, skipping 200 log lines

|---------|---------|---------|---------|---------|---------|---------|---------|
*********************************************************************************

Calculating statistics

|---------|---------|---------|---------|---------|---------|---------|---------|
********************************************************************************

marginalLs[2 ] = -2296.225486555909

Loading /home/gseeholzer/nas3/bfd/runs/F3/F3.SBE2_v1_2sp.r3/step3/likelihood.log, burnin 20%, skipping 200 log lines

|---------|---------|---------|---------|---------|---------|---------|---------|
*********************************************************************************

Calculating statistics

|---------|---------|---------|---------|---------|---------|---------|---------|
********************************************************************************

marginalLs[3 ] = -2296.758315225467

Loading /home/gseeholzer/nas3/bfd/runs/F3/F3.SBE2_v1_2sp.r3/step4/likelihood.log, burnin 20%, skipping 200 log lines

|---------|---------|---------|---------|---------|---------|---------|---------|
*********************************************************************************

Calculating statistics

|---------|---------|---------|---------|---------|---------|---------|---------|
********************************************************************************

marginalLs[4 ] = -2297.253695551192

Loading /home/gseeholzer/nas3/bfd/runs/F3/F3.SBE2_v1_2sp.r3/step5/likelihood.log, burnin 20%, skipping 200 log lines

|---------|---------|---------|---------|---------|---------|---------|---------|
*********************************************************************************

Calculating statistics

|---------|---------|---------|---------|---------|---------|---------|---------|
********************************************************************************

marginalLs[5 ] = -2298.4164182777467

Loading /home/gseeholzer/nas3/bfd/runs/F3/F3.SBE2_v1_2sp.r3/step6/likelihood.log, burnin 20%, skipping 200 log lines

|---------|---------|---------|---------|---------|---------|---------|---------|
*********************************************************************************

Calculating statistics

|---------|---------|---------|---------|---------|---------|---------|---------|
********************************************************************************

marginalLs[6 ] = -2299.306652385341

Loading /home/gseeholzer/nas3/bfd/runs/F3/F3.SBE2_v1_2sp.r3/step7/likelihood.log, burnin 20%, skipping 200 log lines

|---------|---------|---------|---------|---------|---------|---------|---------|
*********************************************************************************

Calculating statistics

|---------|---------|---------|---------|---------|---------|---------|---------|
********************************************************************************

marginalLs[7 ] = -2300.415099455701

Loading /home/gseeholzer/nas3/bfd/runs/F3/F3.SBE2_v1_2sp.r3/step8/likelihood.log, burnin 20%, skipping 200 log lines

|---------|---------|---------|---------|---------|---------|---------|---------|
*********************************************************************************

Calculating statistics

|---------|---------|---------|---------|---------|---------|---------|---------|
********************************************************************************

marginalLs[8 ] = -2301.3077467820613

Loading /home/gseeholzer/nas3/bfd/runs/F3/F3.SBE2_v1_2sp.r3/step9/likelihood.log, burnin 20%, skipping 200 log lines

|---------|---------|---------|---------|---------|---------|---------|---------|
*********************************************************************************

Calculating statistics

|---------|---------|---------|---------|---------|---------|---------|---------|
********************************************************************************

marginalLs[9 ] = -2302.8613761577335

Loading /home/gseeholzer/nas3/bfd/runs/F3/F3.SBE2_v1_2sp.r3/step10/likelihood.log, burnin 20%, skipping 200 log lines

|---------|---------|---------|---------|---------|---------|---------|---------|
*********************************************************************************

Calculating statistics

|---------|---------|---------|---------|---------|---------|---------|---------|
********************************************************************************

marginalLs[10 ] = -2304.629539638459

Loading /home/gseeholzer/nas3/bfd/runs/F3/F3.SBE2_v1_2sp.r3/step11/likelihood.log, burnin 20%, skipping 200 log lines

|---------|---------|---------|---------|---------|---------|---------|---------|
*********************************************************************************

Calculating statistics

|---------|---------|---------|---------|---------|---------|---------|---------|
********************************************************************************

marginalLs[11 ] = -2305.5994285300453

Loading /home/gseeholzer/nas3/bfd/runs/F3/F3.SBE2_v1_2sp.r3/step12/likelihood.log, burnin 20%, skipping 200 log lines

|---------|---------|---------|---------|---------|---------|---------|---------|
*********************************************************************************

Calculating statistics

|---------|---------|---------|---------|---------|---------|---------|---------|
********************************************************************************

marginalLs[12 ] = -2307.3212445162276

Loading /home/gseeholzer/nas3/bfd/runs/F3/F3.SBE2_v1_2sp.r3/step13/likelihood.log, burnin 20%, skipping 200 log lines

|---------|---------|---------|---------|---------|---------|---------|---------|
*********************************************************************************

Calculating statistics

|---------|---------|---------|---------|---------|---------|---------|---------|
********************************************************************************

marginalLs[13 ] = -2308.9464997427926

Loading /home/gseeholzer/nas3/bfd/runs/F3/F3.SBE2_v1_2sp.r3/step14/likelihood.log, burnin 20%, skipping 200 log lines

|---------|---------|---------|---------|---------|---------|---------|---------|
*********************************************************************************

Calculating statistics

|---------|---------|---------|---------|---------|---------|---------|---------|
********************************************************************************

marginalLs[14 ] = -2310.4788878475183

Loading /home/gseeholzer/nas3/bfd/runs/F3/F3.SBE2_v1_2sp.r3/step15/likelihood.log, burnin 20%, skipping 200 log lines

|---------|---------|---------|---------|---------|---------|---------|---------|
*********************************************************************************

Calculating statistics

|---------|---------|---------|---------|---------|---------|---------|---------|
********************************************************************************

marginalLs[15 ] = -2311.5512450564106

Loading /home/gseeholzer/nas3/bfd/runs/F3/F3.SBE2_v1_2sp.r3/step16/likelihood.log, burnin 20%, skipping 200 log lines

|---------|---------|---------|---------|---------|---------|---------|---------|
*********************************************************************************

Calculating statistics

|---------|---------|---------|---------|---------|---------|---------|---------|
********************************************************************************

marginalLs[16 ] = -2312.6491849903923

Loading /home/gseeholzer/nas3/bfd/runs/F3/F3.SBE2_v1_2sp.r3/step17/likelihood.log, burnin 20%, skipping 200 log lines

|---------|---------|---------|---------|---------|---------|---------|---------|
*********************************************************************************

Calculating statistics

|---------|---------|---------|---------|---------|---------|---------|---------|
********************************************************************************

marginalLs[17 ] = -2313.1272225633256

Loading /home/gseeholzer/nas3/bfd/runs/F3/F3.SBE2_v1_2sp.r3/step18/likelihood.log, burnin 20%, skipping 200 log lines

|---------|---------|---------|---------|---------|---------|---------|---------|
*********************************************************************************

Calculating statistics

|---------|---------|---------|---------|---------|---------|---------|---------|
********************************************************************************

marginalLs[18 ] = -2314.308990488205

Loading /home/gseeholzer/nas3/bfd/runs/F3/F3.SBE2_v1_2sp.r3/step19/likelihood.log, burnin 20%, skipping 200 log lines

|---------|---------|---------|---------|---------|---------|---------|---------|
*********************************************************************************

Calculating statistics

|---------|---------|---------|---------|---------|---------|---------|---------|
********************************************************************************

marginalLs[19 ] = -2313.7738362000637

Loading /home/gseeholzer/nas3/bfd/runs/F3/F3.SBE2_v1_2sp.r3/step20/likelihood.log, burnin 20%, skipping 200 log lines

|---------|---------|---------|---------|---------|---------|---------|---------|
*********************************************************************************

Calculating statistics

|---------|---------|---------|---------|---------|---------|---------|---------|
********************************************************************************

marginalLs[20 ] = -2315.054185641457

Loading /home/gseeholzer/nas3/bfd/runs/F3/F3.SBE2_v1_2sp.r3/step21/likelihood.log, burnin 20%, skipping 200 log lines

|---------|---------|---------|---------|---------|---------|---------|---------|
*********************************************************************************

Calculating statistics

|---------|---------|---------|---------|---------|---------|---------|---------|
********************************************************************************

marginalLs[21 ] = -2314.5083675413575

Loading /home/gseeholzer/nas3/bfd/runs/F3/F3.SBE2_v1_2sp.r3/step22/likelihood.log, burnin 20%, skipping 200 log lines

|---------|---------|---------|---------|---------|---------|---------|---------|
*********************************************************************************

Calculating statistics

|---------|---------|---------|---------|---------|---------|---------|---------|
********************************************************************************

marginalLs[22 ] = -2314.999982554415

Loading /home/gseeholzer/nas3/bfd/runs/F3/F3.SBE2_v1_2sp.r3/step23/likelihood.log, burnin 20%, skipping 200 log lines

|---------|---------|---------|---------|---------|---------|---------|---------|
*********************************************************************************

Calculating statistics

|---------|---------|---------|---------|---------|---------|---------|---------|
********************************************************************************

marginalLs[23 ] = -2314.9717534050756

Step        theta         likelihood   contribution ESS
0            1            -2295.2035   0            687.4104     
1            0.8623       -2295.5953   -316.1103    801          
2            0.7384       -2296.2255   -284.3755    801          
3            0.6276       -2296.7583   -254.5258    679.3836     
4            0.529        -2297.2537   -226.544     755.0547     
5            0.4417       -2298.4164   -200.4652    801          
6            0.3651       -2299.3067   -176.1534    746.5202     
7            0.2983       -2300.4151   -153.6341    801          
8            0.2406       -2301.3077   -132.8403    537.7917     
9            0.1911       -2302.8614   -113.7747    747.5454     
10           0.1493       -2304.6295   -96.3796     795.8595     
11           0.1143       -2305.5994   -80.5812     722.3827     
12           0.0855       -2307.3212   -66.3961     797.7026     
13           0.0623       -2308.9465   -53.7439     558.678      
14           0.0438       -2310.4789   -42.592      733.739      
15           0.0296       -2311.5512   -32.8847     699.4946     
16           0.019        -2312.6492   -24.5805     455.0256     
17           0.0113       -2313.1272   -17.6214     549.0733     
18           0.0062       -2314.309    -11.954      445.991      
19           0.0029       -2313.7738   -7.4991      582.8005     
20           0.0011       -2315.0542   -4.1917      418.4141     
21           0.0003       -2314.5084   -1.9305      635.8988     
22           0            -2315        -0.6074      776.2091     
23           0            -2314.9718   -0.0669      550.7364     
sum(ESS) = 16079.7113  

marginal L estimate = -2299.452415708187


Total wall time: 77955 seconds
Done

real	1299m17.707s
user	30671m43.830s
sys	352m3.734s
