#
#model:
#
#<?xml version="1.0" encoding="UTF-8" standalone="no"?><input id="posterior" spec="beast.core.util.CompoundDistribution">
#    <distribution id="prior" spec="beast.core.util.CompoundDistribution">
#        <prior id="lambdaPrior.bfd" name="distribution">
#            <parameter id="lambda" lower="0.0" name="x" spec="beast.core.parameter.RealParameter">0.01</parameter>
#            <Gamma id="Gamma.0" name="distr">
#                <parameter estimate="false" id="RealParameter.1" name="alpha" spec="beast.core.parameter.RealParameter">2.0</parameter>
#                <parameter estimate="false" id="RealParameter.2" name="beta" spec="beast.core.parameter.RealParameter">200.0</parameter>
#            </Gamma>
#        </prior>
#        <distribution id="snapprior.bfd" lambda="@lambda" spec="snap.likelihood.SnAPPrior">
#            <parameter estimate="false" id="alpha" lower="0.0" name="alpha" spec="beast.core.parameter.RealParameter">11.75</parameter>
#            <parameter estimate="false" id="beta" lower="0.0" name="beta" spec="beast.core.parameter.RealParameter">109.73</parameter>
#            <parameter estimate="false" id="kappa" lower="0.0" name="kappa" spec="beast.core.parameter.RealParameter">1.0</parameter>
#            <parameter id="coalescenceRate" name="coalescenceRate" spec="beast.core.parameter.RealParameter">10.0</parameter>
#            <tree clusterType="upgma" id="Tree.bfd" nodetype="snap.NodeData" spec="beast.util.ClusterTree">
#                <taxa dataType="integerdata" id="snap.bfd" spec="snap.Data">
#                    <taxonset id="ant" spec="beast.evolution.alignment.TaxonSet">
#                        <taxon id="CarpaChavin_B72793.Huanuco.CarpaChavin" spec="beast.evolution.alignment.Taxon"/>
#                        <taxon id="CarpaChavin_B72795.Huanuco.CarpaChavin" spec="beast.evolution.alignment.Taxon"/>
#                        <taxon id="Carpish_B72761.Huanuco.Acomayo" spec="beast.evolution.alignment.Taxon"/>
#                        <taxon id="Carpish_B72772.Huanuco.Mitotambo" spec="beast.evolution.alignment.Taxon"/>
#                        <taxon id="ElMolino_B72830.LaLibertad.ElMolino" spec="beast.evolution.alignment.Taxon"/>
#                        <taxon id="ElMolino_B72834.LaLibertad.ElMolino" spec="beast.evolution.alignment.Taxon"/>
#                        <taxon id="Amotape_B67243.Tumbes.Amotape" spec="beast.evolution.alignment.Taxon"/>
#                        <taxon id="Amotape_B67257.Tumbes.Amotape" spec="beast.evolution.alignment.Taxon"/>
#                        <taxon id="Celendin_B72843.Cajamarca.Celendin" spec="beast.evolution.alignment.Taxon"/>
#                        <taxon id="Celendin_B72848.Cajamarca.Celendin" spec="beast.evolution.alignment.Taxon"/>
#                        <taxon id="Duraznopampa_B72852.Amazonas.Duraznopampa" spec="beast.evolution.alignment.Taxon"/>
#                        <taxon id="Duraznopampa_B72861.Amazonas.Duraznopampa" spec="beast.evolution.alignment.Taxon"/>
#                        <taxon id="Chavinillo_B72789.Huanuco.Chavinillo" spec="beast.evolution.alignment.Taxon"/>
#                        <taxon id="Chavinillo_B72792.Huanuco.Chavinillo" spec="beast.evolution.alignment.Taxon"/>
#                        <taxon id="Macate_B72807.Ancash.Macate" spec="beast.evolution.alignment.Taxon"/>
#                        <taxon id="Macate_B72814.Ancash.Macate" spec="beast.evolution.alignment.Taxon"/>
#                        <taxon id="Quichas_B72777.Lima.Quichas" spec="beast.evolution.alignment.Taxon"/>
#                        <taxon id="Quichas_B72778.Lima.Quichas" spec="beast.evolution.alignment.Taxon"/>
#                        <taxon id="Canchaque_B72873.Piura.Canchaque" spec="beast.evolution.alignment.Taxon"/>
#                        <taxon id="Canchaque_B72878.Piura.Canchaque" spec="beast.evolution.alignment.Taxon"/>
#                        <taxon id="CorBlanca_NK_171703" spec="beast.evolution.alignment.Taxon"/>
#                        <taxon id="CorBlanca_FMNH_391888" spec="beast.evolution.alignment.Taxon"/>
#                        <taxon id="Suyubamba_B72820.LaLibertad.Suyubamba" spec="beast.evolution.alignment.Taxon"/>
#                        <taxon id="Suyubamba_B72821.LaLibertad.Suyubamba" spec="beast.evolution.alignment.Taxon"/>
#                        <taxon id="Huamatanga_B72889.Lima.Huamatanga" spec="beast.evolution.alignment.Taxon"/>
#                        <taxon id="Huamatanga_B72892.Lima.Huamatanga" spec="beast.evolution.alignment.Taxon"/>
#                        <taxon id="Contumaza_B72841.Cajamarca.Contumaza" spec="beast.evolution.alignment.Taxon"/>
#                        <taxon id="Contumaza_NK_172033" spec="beast.evolution.alignment.Taxon"/>
#                        <taxon id="Pacar_B72907.Ancash.Pacar" spec="beast.evolution.alignment.Taxon"/>
#                        <taxon id="Pacar_B72909.Ancash.Pacar" spec="beast.evolution.alignment.Taxon"/>
#                        <taxon id="Porculla_B72863.Piura.Porculla" spec="beast.evolution.alignment.Taxon"/>
#                        <taxon id="Porculla_B72866.Piura.Porculla" spec="beast.evolution.alignment.Taxon"/>
#                        <taxon id="LaQuinua_B72753.Pasco.LaQuinua" spec="beast.evolution.alignment.Taxon"/>
#                        <taxon id="LaQuinua_B72756.Pasco.LaQuinua" spec="beast.evolution.alignment.Taxon"/>
#                        <taxon id="Chinchan_B72900.Ancash.Chinchan" spec="beast.evolution.alignment.Taxon"/>
#                        <taxon id="Chinchan_NK_173896" spec="beast.evolution.alignment.Taxon"/>
#                    </taxonset>
#                    <taxonset id="cur" spec="beast.evolution.alignment.TaxonSet">
#                        <taxon id="curtata_cra.cur.B6032" spec="beast.evolution.alignment.Taxon"/>
#                        <taxon id="curtata_cra.cur.B8175" spec="beast.evolution.alignment.Taxon"/>
#                    </taxonset>
#                </taxa>
#                <parameter id="RealParameter.0" lower="0.0" name="clock.rate" spec="beast.core.parameter.RealParameter" upper="0.0">1.0</parameter>
#            </tree>
#        </distribution>
#    </distribution>
#    <distribution id="likelihood" spec="beast.core.util.CompoundDistribution">
#        <distribution data="@snap.bfd" id="treeLikelihood.bfd" non-polymorphic="false" pattern="coalescenceRate" spec="snap.likelihood.SnAPTreeLikelihood" tree="@Tree.bfd">
#            <siteModel id="MutationSiteModel.bfd" spec="beast.evolution.sitemodel.SiteModel">
#                <parameter estimate="false" id="mutationRate" name="mutationRate" spec="beast.core.parameter.RealParameter">1.0</parameter>
#                <parameter estimate="false" id="shape" name="shape" spec="beast.core.parameter.RealParameter">2.0</parameter>
#                <parameter estimate="false" id="proportionInvariant" name="proportionInvariant" spec="beast.core.parameter.RealParameter">0.0</parameter>
#                <substModel coalescenceRate="@coalescenceRate" id="MutationModel" spec="snap.likelihood.SnapSubstitutionModel">
#                    <parameter estimate="false" id="u" lower="0.0" name="mutationRateU" spec="beast.core.parameter.RealParameter">1.0</parameter>
#                    <parameter id="v" lower="0.0" name="mutationRateV" spec="beast.core.parameter.RealParameter">1.0</parameter>
#                </substModel>
#            </siteModel>
#        </distribution>
#    </distribution>
#</input>
#
Sample	posterior	likelihood	prior	theta0	theta1	theta2	TreeHeightLogger
0	-3302.949989365975	-3150.234525461297	-152.7154639046778	0.05183370229436103	0.1243421071266047	0.14648554332655098	0.0019406424422791146
1000	-3300.2866590705316	-3149.209795290889	-151.0768637796426	0.05955076539807356	0.11626625943674596	0.14806757683744518	8.501658908111842E-4
2000	-3301.5600676057925	-3150.3312296378303	-151.22883796796202	0.053659321039883245	0.12165870077636073	0.12145310611782695	6.55010775264648E-4
3000	-3300.8848097946125	-3151.328569910632	-149.5562398839808	0.09411487283700931	0.09860086173351076	0.13801062407067216	0.0012782868350765338
4000	-3303.4505266426922	-3151.810524632051	-151.64000201064107	0.07539119089686849	0.09764983287164851	0.15068914750029888	0.0032836007249541325
5000	-3301.767373572641	-3151.95641089078	-149.81096268186133	0.09136849884988375	0.08545075834308714	0.12502651833999484	0.0017456141457665533
6000	-3305.372230923521	-3149.491699080346	-155.88053184317522	0.04740310090731693	0.19696170667614207	0.17174254412511247	0.0016551760738742556
7000	-3301.7868142242087	-3151.2648393645695	-150.52197485963904	0.13132084474412115	0.15282184065228732	0.1707692702260182	0.0017774891220813148
8000	-3304.969583547756	-3147.691991617399	-157.27759193035726	0.049753259166234826	0.13099486782177047	0.2119590813130557	0.0011435169130220733
9000	-3302.1595692109167	-3151.552340933745	-150.60722827717152	0.07797657335154082	0.10570658641821307	0.12671624541157747	0.0020265987161963415
10000	-3303.879378311195	-3147.961884936	-155.91749337519536	0.08050270267540412	0.07357911415530623	0.20426613182963801	0.001495264996789611
11000	-3302.6989923538263	-3147.3392248712244	-155.35976748260177	0.07815325260997194	0.05745040360350433	0.2206210844334291	0.00125599266464328
12000	-3301.1336639225674	-3150.1825706650684	-150.95109325749897	0.07437019102535923	0.16421007610018862	0.16016596138489456	7.483965933883385E-4
13000	-3302.218684731636	-3152.5548351663897	-149.66384956524658	0.09113152061240647	0.10120226951815219	0.16819409554696907	1.9295692736550583E-4
14000	-3303.0157426263936	-3148.5098274032425	-154.50591522315094	0.06024761524135074	0.08315277577166169	0.1900874035516016	0.00182269725824157
15000	-3308.306131707712	-3148.305686226156	-160.000445481556	0.09458248330824669	0.05735324385677776	0.22488704090522815	9.110011774506438E-4
16000	-3300.2236182121396	-3150.897199333268	-149.32641887887152	0.09679862142675738	0.11573052724860793	0.1618350217270567	8.983797468656516E-4
17000	-3305.6446545036542	-3152.8430749555264	-152.801579548128	0.1714291051629953	0.060106786682941456	0.1825751048668348	1.307366678592291E-4
18000	-3302.896989637821	-3149.4881641840543	-153.40882545376698	0.10230775207753279	0.12543690343730718	0.22700490162887577	0.0031587147254016224
19000	-3303.1167926279713	-3152.4263716745163	-150.69042095345512	0.08569031509221028	0.1728275380755071	0.12480356452605454	8.644534433867328E-4
20000	-3301.6381992091005	-3149.1231074157104	-152.51509179338998	0.06106768978242084	0.11000646260813357	0.14975055343430924	0.001223726646815298
21000	-3301.728536585095	-3149.2741929342606	-152.45434365083418	0.07641468783049656	0.1218201458833027	0.16896214098903128	0.0016143289557082408
22000	-3302.704285718618	-3151.445651663369	-151.25863405524908	0.07457567519500619	0.11444059623444401	0.14500897856683592	0.002814043877517898
23000	-3302.3700911790384	-3149.6888528169297	-152.6812383621084	0.07189537297200763	0.08442441472847988	0.14315739597761343	0.0013117028157071035
24000	-3302.8973408113493	-3149.2035548165077	-153.69378599484182	0.04026136710806557	0.11790051579577246	0.1239125637450654	0.0011660207841954567
25000	-3300.635648889024	-3148.9807913201066	-151.6548575689174	0.05396713958129832	0.10253354511875312	0.14193832777653403	9.042603286266742E-4
26000	-3300.183540874939	-3148.8193191826585	-151.36422169228035	0.06811374235171633	0.12908840919409745	0.17216995021784012	0.0012763252136968179
27000	-3304.897985905177	-3152.2441949442004	-152.6537909609765	0.09418271914080682	0.04711850810671656	0.11806422866430315	0.0010475002284948045
28000	-3304.180536263856	-3153.650120938804	-150.5304153250523	0.09025935524165166	0.06234401178160618	0.12170421476022182	3.741520397335417E-4
29000	-3303.1867207160153	-3147.919778469698	-155.26694224631723	0.06740985912471104	0.07545193028089266	0.1973176779743266	0.0015539984829791229
30000	-3299.824045874798	-3148.7824997240978	-151.0415461506999	0.07976693521864653	0.10121591261970779	0.1802964476021046	0.001448952089925669
31000	-3303.624174638243	-3149.7414638834175	-153.88271075482552	0.05007617372422748	0.062397877526711755	0.11428638108945319	7.812680141089869E-4
32000	-3301.0782737441514	-3151.6138518318685	-149.4644219122827	0.10916086846628174	0.11985090612564196	0.16667288439714023	7.291619604127774E-4
33000	-3301.0786359786953	-3148.752930422781	-152.32570555591448	0.051417087955254	0.11231932223143185	0.15236323395302495	6.945241351138481E-4
34000	-3308.3309269884994	-3157.8722790921447	-150.45864789635476	0.09491557871208307	0.14350242744614117	0.09031879602485667	0.0035899810092078713
35000	-3300.368566273142	-3149.406136284849	-150.96242998829317	0.0615990162452054	0.09657722333794833	0.144141157425164	9.053531886085788E-4
36000	-3300.3286002912514	-3148.903251632698	-151.42534865855345	0.061928900783955035	0.13359722802003993	0.1660104540166239	8.534771980207219E-4
37000	-3303.3623001652227	-3148.306384836642	-155.0559153285806	0.0378942219668098	0.1285077266905103	0.15868200377357378	4.6669883925471627E-4
38000	-3306.188853795919	-3148.36417419402	-157.8246796018989	0.04576641141159649	0.039801945048408574	0.12341971791907755	9.826953582058161E-4
39000	-3303.8103821978575	-3148.07204550357	-155.73833669428788	0.07655543075136495	0.06670079812274529	0.19291250874756338	0.0011851544836565557
40000	-3301.4700093524607	-3151.1137470935487	-150.35626225891195	0.11182528447103536	0.12702171213656754	0.16595380107572782	0.0028308925999506246
41000	-3303.2074405679896	-3150.101634757556	-153.10580581043354	0.1141853998690013	0.08785492940882951	0.17298138061628232	0.0016238141084709045
42000	-3304.6899987733527	-3149.7789085024615	-154.91109027089135	0.06416651436176643	0.05650817704407108	0.1265647431633375	0.0011947186986454772
43000	-3300.339999959075	-3149.2620436848365	-151.0779562742386	0.08591904174345824	0.1032139552409413	0.1794507172993887	0.002000098122050755
44000	-3301.869259999393	-3153.326350008628	-148.5429099907647	0.09398683427949565	0.10240257051906039	0.12597618849393616	5.622766375674692E-4
45000	-3302.3630931972893	-3151.155626746233	-151.20746645105658	0.09430560210342873	0.08114281769835596	0.13764438828385275	0.0015592742580798982
46000	-3301.739599586187	-3149.3830577356	-152.35654185058735	0.05015185628452727	0.09977398930421653	0.125439235117379	8.916630084847653E-4
47000	-3301.6437051137764	-3150.1409803710067	-151.50272474276983	0.06488577204341227	0.14971415518646808	0.13326246805862998	0.0011209576896880386
48000	-3302.2418647655886	-3151.024063857767	-151.21780090782136	0.05350358315568017	0.11092373012309087	0.1361491059537988	3.964773205284305E-4
49000	-3301.2329247519083	-3150.7499999141924	-150.48292483771596	0.1287171471856443	0.10858918382788349	0.17289056812810893	0.0019345486418507454
50000	-3300.5151251060915	-3149.725493377883	-150.78963172820852	0.08466082343058334	0.08045638492584477	0.17020198692571775	8.812993912899748E-4
51000	-3303.4127381207813	-3149.4824253201905	-153.93031280059085	0.07552298764000108	0.07084342004210785	0.16261896887278507	0.0022590470743506954
52000	-3306.661245948162	-3149.5735467717755	-157.0876991763865	0.05680312321958028	0.14582757076142253	0.14581038220112227	6.989649525361855E-4
53000	-3300.978987576643	-3149.9929964184275	-150.98599115821528	0.10342786160347317	0.1433399940419347	0.17894579708952843	0.001436293000999308
54000	-3301.915267167289	-3150.659566430486	-151.25570073680316	0.06798999159437441	0.12151372980473761	0.12652515709439455	0.001294054960257874
55000	-3301.12156140184	-3148.0893828994967	-153.03217850234327	0.07334479672252679	0.10037417580031203	0.2145949937996975	0.0016846513171835265
56000	-3301.275004324781	-3149.7970270015135	-151.47797732326757	0.07427635375848571	0.0927390672005825	0.1455358019821621	0.0014290337226384705
57000	-3301.3203191192183	-3151.676159320844	-149.64415979837452	0.11682915551829583	0.11670177973818903	0.16100016582751434	9.922147811376224E-4
58000	-3301.252401302072	-3150.251937068794	-151.00046423327782	0.07802875275096996	0.07109275095526582	0.14741672168001663	8.493151538343813E-4
59000	-3301.7153046748767	-3149.9994211471867	-151.71588352768987	0.1333870865460587	0.13328783057523555	0.2005097740368296	0.00259286021899574
60000	-3302.877308206982	-3154.460193855911	-148.4171143510712	0.12386923263910882	0.1327873780893771	0.12865219146303739	4.355370361893182E-4
61000	-3299.7773716603806	-3149.2826415112904	-150.49473014909034	0.07847359417383451	0.10603488685843361	0.16616063138364173	0.001479426271108085
62000	-3300.6676744148767	-3149.2852660436342	-151.38240837124243	0.08822538601098293	0.1321806569050545	0.18169362525898447	0.0015474184671898708
63000	-3303.2538860780196	-3148.978218390284	-154.27566768773585	0.049555728446722264	0.10488451289764424	0.1504044955636017	0.00145567121194057
64000	-3302.895701687744	-3150.4633676892363	-152.43233399850752	0.06057116732445526	0.11906265580419903	0.12112001232644751	0.0010004522097512786
65000	-3301.9738648511106	-3151.4371374234693	-150.53672742764155	0.07388991370579556	0.11508477987518999	0.1200571541134872	0.0013131357447552687
66000	-3303.924508406507	-3152.214548909734	-151.7099594967731	0.05751966588810528	0.10662880459091408	0.10532257032959992	0.002024617107871107
67000	-3311.431040341712	-3154.556206739352	-156.87483360235996	0.10418040654193268	0.1673804327659285	0.12591519029379977	1.740810061772881E-4
68000	-3301.833665320971	-3148.565675144566	-153.26799017640514	0.060184011372394416	0.07353388850229482	0.1598184420990048	0.0014684890048967233
69000	-3301.473594520679	-3148.359659968134	-153.11393455254486	0.06986384146875442	0.07686456587350274	0.19162491234091764	8.518965010103719E-4
70000	-3301.2420389391436	-3151.3364391723117	-149.90559976683215	0.10150622328445104	0.08736324682923277	0.14449469223179667	0.0011857807945526758
71000	-3302.473814781716	-3149.3034804121316	-153.17033436958434	0.06849012159303143	0.09452048332629737	0.15192698376498495	0.0013668781920069483
72000	-3302.359668921502	-3149.4462504882654	-152.91341843323673	0.07099695654035058	0.08524211533668487	0.17315485005470138	0.00230159984075008
73000	-3305.2553308845286	-3154.026901102055	-151.22842978247374	0.08273023943003124	0.06995677364099724	0.11536792140074974	3.000415818566367E-4
74000	-3302.4181133565203	-3149.274448373075	-153.14366498344555	0.04466023260041307	0.08568218876042905	0.11729526502622527	7.928872060135852E-4
75000	-3302.399280438591	-3149.1693640907647	-153.2299163478263	0.12023861136161851	0.06125798399712768	0.1923046805070284	0.0026629025214134155
76000	-3300.93445815827	-3150.893067504627	-150.04139065364262	0.07143781635248986	0.09442649272219256	0.12422956787487234	0.0011113420226226247
77000	-3300.4742191227897	-3149.6264369646806	-150.84778215810934	0.06194836678048165	0.1017538320372207	0.1388454432781377	8.824105026260067E-4
78000	-3302.9091663760305	-3153.7318476739274	-149.1773187021032	0.08528077129002183	0.08577268907642495	0.11291271230411566	5.210715663799528E-4
79000	-3303.107766039659	-3148.8618524282674	-154.24591361139179	0.13159194022321893	0.0694598459202634	0.2385914139071561	0.0011193331787582848
80000	-3302.0913026147905	-3150.5451951691834	-151.54610744560722	0.068581798993431	0.06881740364805983	0.12172210900692573	0.0012141340369597325
81000	-3301.8599427558806	-3149.9055536420556	-151.95438911382507	0.11435684092932537	0.08313580145108115	0.217050694944263	7.130179419644084E-4
82000	-3301.446713306129	-3150.768279807283	-150.67843349884598	0.06034971296485222	0.11076750949340919	0.11462716165632031	0.001078661384644216
83000	-3303.574442335559	-3149.3729414593763	-154.2015008761829	0.040828766389061716	0.08292350118564902	0.10796580090468437	7.715946345616165E-4
84000	-3302.094634347993	-3148.6012036937727	-153.49343065422065	0.07453038929236308	0.057415126558448534	0.16407261642714493	0.0014848410784351193
85000	-3304.3952968448943	-3150.373932945953	-154.02136389894125	0.09286707564803755	0.18678171318145068	0.19750207569602207	0.0030156259268708774
86000	-3301.48848751203	-3147.868242818875	-153.62024469315506	0.047622833525771784	0.08537729117741985	0.16709800445823114	7.85004223016544E-4
87000	-3302.3085269599605	-3149.158941553854	-153.14958540610616	0.04523991727945463	0.09198340977950331	0.1352607080586599	5.446465775099395E-4
88000	-3301.423859495584	-3148.5683772464035	-152.85548224918057	0.08558480219759695	0.10779320032705847	0.2218531372470815	8.953019432464228E-4
89000	-3301.1957533666155	-3150.0739502310084	-151.12180313560708	0.0649227461122987	0.09414357459231265	0.12926289875399302	0.0011103014856479636
90000	-3303.4791148623963	-3148.3304385826054	-155.148676279791	0.03977020469860276	0.07991612138101148	0.14152235135459743	0.001124120864444562
91000	-3303.930334949946	-3151.4339889724433	-152.49634597750284	0.07123400848757114	0.11097870036486357	0.16415334036078452	0.0031276614523803176
92000	-3302.0611810801533	-3149.9296427180616	-152.13153836209187	0.0872108354413366	0.12118296406921343	0.1616817777998966	0.0016482440507049143
93000	-3301.2944941041533	-3149.4589079422326	-151.83558616192065	0.06970931548069417	0.1351660790424172	0.15561630011876465	0.0010984964835355985
94000	-3300.3230181634403	-3149.607566188348	-150.71545197509246	0.09012521230532569	0.09090079309505311	0.1677144272757653	0.0013184495952388478
95000	-3301.0865514545208	-3149.8220192973004	-151.26453215722034	0.07675963257137954	0.07148921410769551	0.14235428655935767	0.0013890305941331937
96000	-3301.392485165228	-3151.9324613728795	-149.46002379234852	0.09624420881482078	0.10425148784091526	0.13531967978936033	0.002300296635483072
97000	-3301.4585855426208	-3148.697102946472	-152.76148259614882	0.04741354967214581	0.1007725162249638	0.13729102030051338	8.519830679090789E-4
98000	-3301.0465858755356	-3148.5443258844575	-152.50225999107815	0.08657593242197589	0.10407544488129643	0.21835871032806278	9.546516867918032E-4
99000	-3300.8589361648296	-3148.572179471572	-152.2867566932577	0.05464531533418504	0.1320200909206342	0.16057696692882853	8.656746684740063E-4
100000	-3303.0014304462293	-3148.1697819046403	-154.83164854158878	0.09712818011764124	0.10580738025128839	0.23677979708018404	0.0012273765759226957
101000	-3302.701806818125	-3152.9809830875797	-149.72082373054545	0.10219662145019105	0.10372456120916823	0.12198943085442149	0.0015063308689245761
102000	-3302.413374288426	-3153.418667197034	-148.99470709139192	0.09327958240898934	0.08913545035316538	0.12908137786562893	4.115181991660491E-4
103000	-3301.053718301951	-3148.221294865257	-152.832423436694	0.05454221571949969	0.09153427740235674	0.1664578018443071	9.042742216156633E-4
104000	-3301.07445152201	-3150.095214030288	-150.979237491722	0.0832117393151583	0.16801241262955377	0.15750211284354435	0.0015285681398379107
105000	-3302.132291465018	-3149.1114433625357	-153.02084810248223	0.10131436325018416	0.08615471604777956	0.19390088396541688	0.00236459903041993
106000	-3299.750625363667	-3149.5379810653653	-150.21264429830177	0.07394661428914237	0.108435729458727	0.15403141713873617	0.001176239051682131
107000	-3300.527483915506	-3150.479067927522	-150.04841598798396	0.06840582786634455	0.12632827101923477	0.13083746664002735	0.0010200646399266744
108000	-3300.155246501613	-3150.031550733162	-150.12369576845086	0.10290691782433144	0.10147323166926707	0.16983937693490364	0.0019405941640738796
109000	-3303.7675048500837	-3148.7907514036206	-154.9767534464633	0.08087160833561503	0.05051056547609766	0.17356569218130002	0.002311573837479845
110000	-3303.258695101449	-3153.2326192579444	-150.0260758435049	0.08277956227831254	0.08298356338077018	0.10436606441241518	0.0010217806032076103
111000	-3300.715371413456	-3151.3451397200884	-149.37023169336751	0.0793376641634924	0.11912556447984353	0.1261394344202453	0.0011960102279115813
112000	-3302.058988853061	-3147.8413717263784	-154.21761712668223	0.05817659139653095	0.11855528532644086	0.20943744621341068	7.735050529781871E-4
113000	-3303.1319194785647	-3149.5491474595624	-153.58277201900205	0.060819390901671946	0.11898487082180766	0.15277692445264401	0.0017397694374323874
114000	-3303.144446134843	-3151.2281342014853	-151.91631193335746	0.10241362999599891	0.05310981522399504	0.14144006840233683	0.0010661584701340426
115000	-3302.9563797021096	-3150.004554683309	-152.95182501880052	0.08968999016225412	0.08866942945513086	0.20848816303797088	0.003433802204453142
116000	-3301.386246084461	-3148.6450050387793	-152.74124104568168	0.05020714623046942	0.11492348581131759	0.16831507084025005	5.756398276046808E-4
117000	-3300.7123352810822	-3148.8734024329797	-151.8389328481024	0.06579834681926222	0.07788041459613636	0.15410307204240256	0.001264477962801795
118000	-3300.69177452322	-3151.218211005336	-149.47356351788406	0.11374891080304805	0.09432348821253043	0.15312029885757203	0.00153849441414281
119000	-3301.4223300296158	-3150.1690374676095	-151.25329256200632	0.06877852855930013	0.10291870647819013	0.13413834411639705	0.0010370696113200792
120000	-3303.906954147804	-3155.1834107070877	-148.7235434407163	0.1066833162501131	0.16501641634091002	0.11516256782672434	1.0288603931235924E-4
121000	-3303.023340089658	-3148.4127964239515	-154.6105436657066	0.10081239578092377	0.13305267348813207	0.26789514279898147	9.42447386177059E-4
122000	-3299.9348438588104	-3149.523794587308	-150.41104927150198	0.08744726719409127	0.1333330062650724	0.17428175893361883	0.0013671670813314761
123000	-3301.5346388443545	-3152.1207526949693	-149.41388614938523	0.09735170520756595	0.14005635314096507	0.13260847850703392	0.0017775951049170667
124000	-3302.931387279264	-3150.8780295953406	-152.0533576839233	0.04863103404870517	0.12475619568753656	0.1012218558452418	6.595729510774437E-4
125000	-3304.1175526746792	-3148.999147750401	-155.11840492427817	0.04814025379530353	0.05586019649583297	0.12186722577771145	8.524754727043198E-4
126000	-3305.47404962492	-3151.5816298628893	-153.89241976203095	0.08041311797909352	0.07358254870865741	0.12674792490661296	0.002405680369467193
127000	-3301.7119455788898	-3147.5524603790573	-154.15948519983272	0.05685452784803287	0.10271791905567855	0.21496887311810145	0.0011528130480659734
128000	-3305.450339615257	-3147.8862858177195	-157.56405379753744	0.08091059324787866	0.0882227613293005	0.22165836779075176	0.0016345570746690505
129000	-3301.137744945956	-3149.9498585277524	-151.18788641820348	0.077633932245065	0.07297496704728786	0.1434280603052822	0.001717554179016735
130000	-3301.9355660881206	-3150.894727860606	-151.04083822751463	0.07542408098447503	0.17136467211712392	0.1351168898144499	0.001581637498080567
131000	-3302.9139862085467	-3154.42408683325	-148.48989937529677	0.10468026067627682	0.09842998220319878	0.12519102480746344	2.2087565248327278E-4
132000	-3301.7414817411095	-3152.1259532717263	-149.6155284693831	0.09609629955005723	0.09140281207249402	0.12757269253068404	0.001800411733769108
133000	-3302.480574249173	-3150.498338262353	-151.9822359868197	0.06376281295253573	0.17150975897088497	0.16579658688415858	4.619184363532104E-4
134000	-3301.4078888089152	-3149.4597277185358	-151.94816109037964	0.056406641698481814	0.10327402972001924	0.17011555620148758	5.012587585382558E-4
135000	-3302.5321356339264	-3152.5225983039554	-150.00953732997093	0.12805562085790154	0.14632170213775664	0.14770372544637533	0.0017852894476744297
136000	-3307.6381930252687	-3152.626660954515	-155.01153207075347	0.04108721925116299	0.13013043766322413	0.08829212282415452	0.001711246956122427
137000	-3307.6404229469686	-3153.908047044117	-153.73237590285126	0.05737222773331942	0.06515269432713325	0.1110880945977921	0.0031840397253633857
138000	-3302.010265600058	-3151.5712431238708	-150.4390224761873	0.11148806785740603	0.10504483281953614	0.15630695325665217	0.00310652529180393
139000	-3300.596760386597	-3151.05900957857	-149.5377508080267	0.10756741137462529	0.09603812767697475	0.15178004537473241	0.0017777346685001873
140000	-3304.9089677622364	-3151.627769648031	-153.28119811420527	0.055365129557134206	0.1509082359226498	0.18316066611886356	1.4394831347481487E-4
141000	-3301.7693526451485	-3149.5691000751694	-152.20025256997914	0.12911764852068208	0.0883790365166044	0.19507651784022068	0.002166670300022616
142000	-3302.739129698358	-3151.996397367699	-150.74273233065895	0.12722846101205307	0.11407880882818906	0.16793668749727642	0.004224658889012809
143000	-3300.9024175556087	-3148.765920189812	-152.1364973657967	0.050068450536735434	0.12626129803478492	0.1422596227070589	9.153314602718062E-4
144000	-3302.0080209891435	-3148.8053692257145	-153.2026517634291	0.05134099278458813	0.13501779475412704	0.14782128616593018	7.752593699279134E-4
145000	-3300.6057500588313	-3149.7491338647546	-150.85661619407642	0.059285710213798165	0.1079887155401019	0.13205329928136247	9.777531426920726E-4
146000	-3303.504354240784	-3154.476234411858	-149.0281198289258	0.09108382190423711	0.13437001446817606	0.12253890417707336	1.694342914705113E-4
147000	-3304.541111411894	-3151.184654298636	-153.35645711325782	0.053482703291383445	0.11024417812340677	0.12011262347745305	0.001984206040306746
148000	-3300.8069816019033	-3150.0378378424975	-150.76914375940572	0.11757090205987294	0.1404239731589447	0.18674756386966326	0.0017986927688024247
149000	-3300.1958208437572	-3148.6207535308513	-151.57506731290593	0.06462571352413696	0.0975572621826038	0.16725065700997005	0.0012065805957875082
150000	-3305.2246277371687	-3151.895147411419	-153.32948032574964	0.04972005098624271	0.09489795198273282	0.14253145700414543	0.002491475549903418
151000	-3301.8407634749165	-3148.4391221793894	-153.40164129552682	0.05006106143377981	0.16510204951281682	0.15772667796561538	9.758479552035654E-4
152000	-3301.719462508302	-3149.041796034003	-152.67766647429934	0.08162202494618505	0.10014926842463076	0.20050900100625677	8.021965508513024E-4
153000	-3302.886928815569	-3147.806985062388	-155.0799437531811	0.04576080180054953	0.0696974354603434	0.17778618154640913	5.914532969241242E-4
154000	-3302.6613668127134	-3149.4814970640077	-153.1798697487057	0.061427779745070354	0.18136354678806738	0.14625387828863085	0.0012055759871031925
155000	-3300.4954624320426	-3148.772629620158	-151.7228328118844	0.08126978680434543	0.09043791076069971	0.18840446479250672	0.0010185329109438125
156000	-3302.32825855964	-3150.340230239063	-151.98802832057666	0.12325522945831084	0.12649246551928425	0.18586866601502255	0.0026097793615864405
157000	-3305.325632712115	-3147.4114181105783	-157.91421460153668	0.05095691790534515	0.07744819119594865	0.24161317727929676	0.0012859004489440323
158000	-3300.9069822191927	-3149.3626332469707	-151.54434897222202	0.09644926042218267	0.09946257514017966	0.1865678120762946	0.0022599315819417276
159000	-3304.763594283036	-3148.6637619637067	-156.0998323193294	0.039112071150367606	0.07757830002202154	0.17017868694358804	0.0014163558724289802
160000	-3307.0012308254854	-3152.633789123448	-154.36744170203733	0.037593244332566805	0.11541764488346047	0.16331451476278375	5.584514119816103E-5
161000	-3301.617046567057	-3149.3675266593536	-152.2495199077036	0.050055155509511354	0.11049239964685256	0.1282380792699045	0.0011356268070459195
162000	-3301.061801349967	-3147.958261476466	-153.1035398735013	0.07504563173442348	0.06802159039835991	0.1923387220179276	0.0013468600241489804
163000	-3303.8102821319667	-3149.0909389957815	-154.71934313618522	0.037238501897485426	0.13112067820986298	0.12530928013980522	0.0011268109051923532
164000	-3300.334256802622	-3148.568395541919	-151.76586126070282	0.08055856450417274	0.11292145198350509	0.19649105436084296	0.0016376646599558689
165000	-3302.367064551769	-3152.156910301912	-150.21015424985725	0.06969832979358614	0.0955045873349596	0.15844616127518962	2.2653293698299875E-4
166000	-3301.117462435477	-3150.2572134648003	-150.86024897067685	0.0645538674234403	0.09405540991083484	0.12584348350148325	0.0012583253787547186
167000	-3301.0823695173094	-3150.9079349645663	-150.1744345527431	0.1057230021384632	0.10156960712012698	0.1642040351208007	0.0010000747327326579
168000	-3301.248818060606	-3150.451998611578	-150.79681944902805	0.1345828477949392	0.09809345479806536	0.19332639105742422	0.0012134861936109066
169000	-3302.083861200577	-3150.7940835553136	-151.2897776452634	0.06628715672927257	0.08517542229667249	0.1186752001265522	0.0013489279444961434
170000	-3302.5779121592814	-3148.92851731725	-153.6493948420313	0.04663179570890585	0.07326453555139643	0.12419683894566733	9.704814001892915E-4
171000	-3302.4499484476496	-3147.4996940815536	-154.95025436609592	0.07220041359214917	0.06451049087847671	0.2175404287855657	0.00158559845203543
172000	-3303.1126418640692	-3149.1444683033033	-153.96817356076582	0.053023211679455666	0.11870502421837824	0.21044933959945542	3.8029682418446126E-4
173000	-3303.421699300182	-3153.2881468947826	-150.13355240539926	0.09234658308778877	0.09816406930934508	0.11301419779765494	0.001873428598077126
174000	-3302.5071858202923	-3148.879315564394	-153.62787025589836	0.062705374577877	0.1715822010082913	0.17032000573514022	0.0013624400744791446
175000	-3303.1278547233865	-3153.2524443876714	-149.87541033571506	0.1377222242885603	0.15075989216422428	0.17328509152705912	5.772206279113728E-5
176000	-3301.004664665889	-3149.2837105510052	-151.72095411488348	0.06851833074701145	0.07840613618569682	0.15268130119171747	9.33667591080245E-4
177000	-3300.744164381097	-3150.3078749493475	-150.4362894317494	0.08497716941089896	0.12237134865230263	0.15039978887248034	0.0013431578966353027
178000	-3303.5112752891855	-3148.6344202543914	-154.8768550347939	0.05318317087497101	0.05739712758845356	0.14548373037872345	0.0014888674604887045
179000	-3301.586541418123	-3150.804337498132	-150.78220391999105	0.08184345053611035	0.08472438879456111	0.13328340835293867	0.0015090929537380066
180000	-3301.756462901961	-3148.2339899763588	-153.52247292560222	0.05507602978352299	0.08684738180720722	0.1687107358808867	7.940960092582882E-4
181000	-3303.232046833033	-3149.3453232084203	-153.88672362461298	0.03913942430787182	0.09885550692979755	0.11160095437254132	5.613149104041292E-4
182000	-3305.8150881841034	-3147.939916052046	-157.87517213205737	0.02506336772773056	0.1373183197254396	0.10909425786837515	5.21723746184334E-4
183000	-3303.3607806985633	-3149.892153687173	-153.46862701139017	0.11675249207961422	0.05830146236111286	0.1803870313151782	0.001157473258319412
184000	-3300.6043413265756	-3148.350042217314	-152.25429910926195	0.06978102630438417	0.14137563891119465	0.19533771914413636	0.0011706185493390868
185000	-3302.0170711316814	-3149.435086054179	-152.58198507750217	0.07931161739877024	0.07035684098975409	0.15610721119121776	0.0018290923466553236
186000	-3300.430585371616	-3150.1724396018026	-150.2581457698134	0.0759903500797704	0.11896013916115769	0.16672917905912088	6.77445064473706E-4
187000	-3300.873420341458	-3149.1311464603923	-151.74227388106544	0.08510733745645088	0.08265409685803393	0.1703248095205468	0.0014681669190066099
188000	-3302.1739020555888	-3148.0792218052197	-154.09468025036918	0.05355260839011563	0.06134754626640816	0.15591416419734372	9.562106854925623E-4
189000	-3300.5196281354347	-3149.800282867547	-150.71934526788738	0.06297646496929979	0.12235075561779497	0.1369483836476414	9.55493388240837E-4
190000	-3301.4517316480446	-3148.004560688767	-153.44717095927763	0.045056996038583014	0.10800934349739062	0.16289856245264814	6.934193487325966E-4
191000	-3302.9035237841663	-3148.279254729628	-154.62426905453844	0.04309038571854298	0.17001561812620128	0.1612016529300515	5.906815454170129E-4
192000	-3302.776592420866	-3147.589503375793	-155.18708904507332	0.07769093720360735	0.061234907561968664	0.21685264101470278	0.001750748204427709
193000	-3302.352312945449	-3149.660478753127	-152.69183419232192	0.06751081053292861	0.1822674446605795	0.15160377958308532	0.0010073602052538242
194000	-3301.242674182956	-3148.450692334583	-152.79198184837307	0.0776162367971381	0.13717411713800945	0.2096569854557331	0.0010087206497702578
195000	-3302.481581733232	-3149.45902701847	-153.02255471476192	0.06544119702196322	0.14538163103699042	0.19316754881026174	0.0021552808897436705
196000	-3303.0109000458824	-3154.3059813749132	-148.70491867096908	0.09573514061876266	0.09242093576764074	0.11670804477279711	3.802363894439727E-4
197000	-3301.404885392131	-3148.841206283183	-152.5636791089477	0.05009628409875354	0.09702086745999676	0.13843926390660818	0.001081599732157433
198000	-3302.1925306839394	-3149.5455757528352	-152.64695493110392	0.045357566921820025	0.14113720634357144	0.12333589285972699	6.072046631259261E-4
199000	-3301.61820531803	-3147.739360302819	-153.8788450152112	0.05200805458540551	0.0849202203038414	0.18386699838592524	8.169087450417637E-4
200000	-3299.890327615786	-3149.7020532340052	-150.18827438178073	0.0750005371893541	0.10300412456608707	0.151010001949616	0.001312967650042501
201000	-3300.8211511464046	-3149.774517362603	-151.04663378380167	0.0713852214390795	0.07886676189372653	0.14109180445445402	0.001494655943554538
202000	-3300.433186581008	-3148.5815829299913	-151.85160365101692	0.06992074207428634	0.1227642256992241	0.1877780124045757	0.0015691062537279447
203000	-3302.7364568568337	-3147.846005174162	-154.8904516826716	0.04182820546572654	0.07458828166366181	0.1489307386899831	7.536814220456894E-4
204000	-3301.600885547763	-3150.8828269082214	-150.71805863954162	0.06587045629698532	0.10734270650952281	0.12831621706368573	7.027923182885438E-4
205000	-3302.4085238435464	-3153.1447001433476	-149.26382370019863	0.12653983955140924	0.144529088953061	0.16259986382111266	2.670524662212302E-4
206000	-3300.772510921946	-3148.723406228155	-152.04910469379078	0.05906518497995561	0.09074222629247528	0.15512172418709036	0.001261779746580325
207000	-3301.833990271338	-3149.351753336856	-152.48223693448216	0.055369790724645276	0.0868706651975478	0.1398975359236499	7.156568500497767E-4
208000	-3302.671342980904	-3151.0373433819186	-151.63399959898524	0.07198557361752825	0.0713968224398582	0.1287124856002119	0.002295544739700029
209000	-3303.322907980931	-3149.9291938459723	-153.3937141349589	0.04377675683586591	0.09930261928126609	0.10771089497861644	0.0011169044131468999
210000	-3305.919892383562	-3155.677204736474	-150.24268764708796	0.1966377935461032	0.1220639625792536	0.12024739927001626	2.2461327958593562E-4
211000	-3304.591732009503	-3152.5805712281635	-152.01116078133956	0.05332148335193271	0.09027958878263061	0.09688730338256293	4.542533233732051E-4
212000	-3301.4966260083092	-3149.5142402891825	-151.98238571912702	0.055777108041713604	0.08224702576469418	0.12774155546707336	0.0010512400058050452
213000	-3303.5892678658706	-3151.836972851977	-151.7522950138936	0.11216300212443414	0.11364110526977494	0.14819556489880453	0.002489321076995266
214000	-3301.437414541397	-3151.922971848393	-149.51444269300407	0.10837486214345463	0.12127611707628193	0.15152109741846595	9.30828228573652E-4
215000	-3305.2759846615268	-3152.883358619316	-152.3926260422109	0.17620540333128246	0.1156444867119813	0.16345463460868176	0.0025177694219166076
216000	-3300.706757589315	-3151.311934157409	-149.39482343190633	0.1095648454877661	0.10440350543569638	0.15115359022045602	0.001407639002801006
217000	-3303.030516656196	-3152.9656979090296	-150.06481874716647	0.07036477511090042	0.1283174349979328	0.09899084138222985	9.663960677551557E-4
218000	-3300.5186047480356	-3148.442288024199	-152.07631672383627	0.06736788737196135	0.11762532816603645	0.19016518257671214	8.922668296519455E-4
219000	-3300.912566604572	-3149.179263220648	-151.73330338392404	0.08987415860493198	0.09978385009484994	0.19326070288757166	0.002370187210812754
220000	-3299.9891167177475	-3149.1041062169934	-150.88501050075402	0.06849775464233067	0.09706321703476882	0.15871923402589697	0.0010602853010463862
221000	-3303.3256643566237	-3152.4819919221186	-150.8436724345052	0.08128597696691442	0.07522814625256524	0.14991326169096178	2.804128000134376E-4
222000	-3304.4174411216018	-3148.406317094113	-156.01112402748888	0.08686547106215667	0.039809395456641694	0.18846916976120173	9.291225934287222E-4
223000	-3301.450068807492	-3151.368643093554	-150.08142571393753	0.11597559835627867	0.14804208840215785	0.15824281229058623	0.0015652176594955582
224000	-3300.576559270295	-3150.368097976808	-150.20846129348723	0.07121838306136921	0.11311991048878048	0.13709005014455727	0.0016211494636749544
225000	-3301.6839596868613	-3148.466714622976	-153.21724506388531	0.09523821728660681	0.06927080238011826	0.19902444060730676	0.002093666217281967
226000	-3301.591862237046	-3148.8850466544136	-152.7068155826325	0.09909002863742225	0.09185763946522614	0.2130100643320401	0.0026311141394128024
227000	-3300.9239478171994	-3151.6694386079967	-149.25450920920295	0.09791419346273261	0.1137523432665425	0.14151472633575296	0.0010632400296594817
228000	-3303.757439584935	-3150.323205918579	-153.43423366635633	0.1232326819865367	0.06267922016685822	0.1798433179721444	0.003675197592215968
229000	-3300.3414151912166	-3149.681215824586	-150.6601993666305	0.0656957095772508	0.09344698338150617	0.1448678455654402	8.466811409467993E-4
230000	-3302.6164808989797	-3148.159495736243	-154.45698516273683	0.04682208620714633	0.11185545015670467	0.20065763362126746	4.91385067185802E-4
231000	-3300.882168799457	-3148.0677020016433	-152.81446679781348	0.05162494728955211	0.12493902379702362	0.1735315576715208	9.05934887542448E-4
232000	-3301.0007387238525	-3149.125647867914	-151.87509085593874	0.07011765658129195	0.07217526222239326	0.15388224124846897	0.001589112413942898
233000	-3302.3450874835767	-3149.903401753256	-152.44168573032073	0.06880564410020688	0.059210149511059046	0.1381588841647742	8.461934264479418E-4
234000	-3303.883707823029	-3148.517321398895	-155.3663864241339	0.13967542449299003	0.10902176627521477	0.24786990326418862	0.00208262446764463
235000	-3302.2329128748697	-3150.5715601358456	-151.66135273902407	0.08905411747313778	0.06599966948664236	0.1410787664704191	0.0019751720857004986
236000	-3300.7357312867853	-3149.1257603524814	-151.60997093430402	0.09171242205403905	0.07883333204402083	0.1786210364862752	0.0020095975032707824
237000	-3304.430769590428	-3149.6470892178468	-154.78368037258124	0.12305135753448404	0.04704120731020534	0.19382880420629126	0.001004702341634481
238000	-3303.9952983971834	-3153.3004273290207	-150.69487106816288	0.09161425823265924	0.08007188536423261	0.10832607983642382	0.0013035010802538837
239000	-3303.7611892438804	-3149.8900143846304	-153.87117485924983	0.07836836723362295	0.07420227307436758	0.15146916239325656	0.0021114250219773974
240000	-3300.306167990501	-3150.17689431741	-150.12927367309086	0.07771940534295148	0.0948788364203203	0.16043406601559543	7.358287048029494E-4
241000	-3301.495420181504	-3148.12858727638	-153.36683290512377	0.06642677372337712	0.12951947553397206	0.20831586119436976	0.001457516952147189
242000	-3302.849746945276	-3148.132199838387	-154.71754710688901	0.05475482269633334	0.18660580318480238	0.1834498414699426	0.001007922333654592
243000	-3304.123779098474	-3155.3932854509417	-148.73049364753234	0.12163508078655498	0.09868555531303627	0.11132758105899453	5.919083589262544E-4
244000	-3304.1936977063137	-3148.728062900868	-155.46563480544572	0.055846993180220454	0.055711355079106115	0.1387317962254335	9.718062567899819E-4
245000	-3300.5510166783165	-3151.082940691428	-149.46807598688838	0.09168289258941754	0.09407295065171153	0.14429904874489694	0.0010159321275437683
246000	-3301.7652276912245	-3149.0562587259506	-152.70896896527378	0.07206948991959572	0.0675466692133191	0.16208267039497998	9.276673059923021E-4
247000	-3302.167517213759	-3151.2795386307716	-150.88797858298716	0.056008785008475226	0.10177475249356044	0.12000858316595815	4.996428800376273E-4
248000	-3302.608557227521	-3153.3473241305455	-149.2612330969756	0.0879542646397763	0.10349732061788615	0.13143710216814178	3.48429912533444E-4
249000	-3300.861906412771	-3149.0257015226202	-151.83620489015087	0.06525580293249969	0.0864852889427377	0.153850535698578	0.0013996056170597008
250000	-3302.2834140606938	-3148.5788928396073	-153.70452122108662	0.07036741546241748	0.07812297941717454	0.2005177920206363	0.00213534955863244
251000	-3301.6086510806504	-3147.7799615903996	-153.82868949025072	0.04644174499331281	0.11773090791648243	0.17427410804941923	8.637761101807191E-4
252000	-3301.1358301431865	-3148.673898333009	-152.4619318101774	0.10036083855608793	0.10389037609817774	0.2145223612574421	0.0021740574429378497
253000	-3300.70060069134	-3149.6304024063134	-151.07019828502655	0.10046489913097292	0.10059749325621176	0.18690623015678653	0.0025523869483723206
254000	-3303.0250133760696	-3149.339353917076	-153.68565945899357	0.049696127830146326	0.06581472258134147	0.12094917560491109	8.258022711791405E-4
255000	-3304.4402027319984	-3149.2457807757564	-155.194421956242	0.03737380701412136	0.13950886398865806	0.10912389079190021	6.081628061143243E-4
256000	-3300.2143405957995	-3149.855351537901	-150.35898905789875	0.07066878090967527	0.10258241342191432	0.14647456881854562	9.77819283374892E-4
257000	-3302.4072044654104	-3150.2918576131588	-152.11534685225178	0.055449534595847255	0.12356595002449636	0.11637347321838253	9.566349358096485E-4
258000	-3303.8361200350296	-3147.210886559229	-156.62523347580074	0.04190612298990832	0.06239700312141921	0.17365928269849631	8.628238848061495E-4
259000	-3302.5173273391238	-3150.005111895853	-152.51221544327072	0.07842079392642204	0.13143448145778197	0.16995718191671197	0.0023265332150533753
260000	-3301.046776751216	-3149.461627985454	-151.58514876576177	0.09502184849919725	0.08492457799115337	0.18083623456074896	0.0024144878742343627
261000	-3302.109828451477	-3150.404984245383	-151.70484420609392	0.08060429588555015	0.17982076694770321	0.15712579486066858	0.0020100588983137046
262000	-3302.1555845518415	-3150.1399516316606	-152.0156329201808	0.06882835798856526	0.11897862156792699	0.16768094270643508	5.666420358646417E-4
263000	-3304.007909983231	-3149.8450162710847	-154.1628937121463	0.11839088661459043	0.051679943039238056	0.16768315361296698	0.0022142742291930547
264000	-3303.147240997674	-3151.3565553736817	-151.79068562399243	0.05885689564758184	0.07187592788563021	0.11953666793470707	5.136120526387783E-4
265000	-3300.745826094841	-3150.8588253854136	-149.8870007094275	0.10717963404016834	0.09278103892511531	0.17417894452458568	8.294084072611196E-4
266000	-3301.0187795842703	-3149.0025616796443	-152.0162179046261	0.11559021563143755	0.08945816785313247	0.20537679633776593	0.001550295372983675
267000	-3305.099773738946	-3154.080313219334	-151.01946051961204	0.08976904963411508	0.06746219239512284	0.11003720027776753	4.984462673151409E-4
268000	-3301.895118414101	-3148.9098946113572	-152.98522380274363	0.08921942924696391	0.058782354232644024	0.1718741459293387	0.001358777820490314
269000	-3301.164200123263	-3150.835239649288	-150.3289604739751	0.08273976219457152	0.12177903176304189	0.14327259910574208	0.001985108872120606
270000	-3302.265239195031	-3149.164493870291	-153.10074532474002	0.04699648075777189	0.08652515392708374	0.1259306704598269	0.0011730096086659855
271000	-3302.9879030490597	-3148.794359353058	-154.1935436960018	0.10943420272134413	0.057537248366540304	0.21223635961542348	0.001043772360090744
272000	-3302.7729345211537	-3147.7174348741596	-155.0554996469942	0.061218626280890934	0.09126367149409577	0.2027990053453166	0.0012488854857982123
273000	-3302.3834641182584	-3148.3513651728927	-154.03209894536596	0.047981130680061664	0.10829606962596687	0.16433444096069783	0.0012699377919705157
274000	-3302.4112588350918	-3148.539010771943	-153.87224806314867	0.1257673848926165	0.07691809288738578	0.22625438915750742	0.0016214058472968963
275000	-3304.3282411765076	-3149.4326723599925	-154.89556881651515	0.039714944805452075	0.10517938802409964	0.1205480983219289	4.850615507028495E-4
276000	-3301.5224972029428	-3151.9943536957603	-149.5281435071823	0.1185127180748251	0.11130912519384921	0.14623985313847362	0.002025387153437439
277000	-3309.4688300073713	-3150.08326269676	-159.38556731061146	0.10705906192211008	0.04730515802668211	0.15603299312527263	0.0013933642587673877
278000	-3300.430367954458	-3150.3977071433437	-150.03266081111394	0.08315837065546623	0.1001861117707873	0.14614576214826944	0.0018090325967120534
279000	-3302.4944938429066	-3150.001496685164	-152.49299715774274	0.09550463718707788	0.13590400144799528	0.18606799732345033	0.0026556172140191755
280000	-3309.4888802605396	-3153.955197860271	-155.533682400269	0.07749440862237242	0.06033234727579982	0.09418170731484718	0.0019642519766594996
281000	-3300.976664257706	-3151.246091197551	-149.73057306015508	0.11051403355919008	0.08256103528034303	0.15279147689000347	0.001179365074534948
282000	-3306.6264426399475	-3149.517949354094	-157.10849328585363	0.10522333822628974	0.18090432268099763	0.22163712197674088	0.002736730941238121
283000	-3305.837620030139	-3147.861526923249	-157.97609310688992	0.10272665385334394	0.06660335928857757	0.24854549155413785	0.002559308430204709
284000	-3301.2508149222144	-3149.604946328661	-151.6458685935537	0.05703787754596113	0.11886733191915987	0.15483468264417424	5.750065607395586E-4
285000	-3302.922920524697	-3149.539481515	-153.3834390096974	0.04369436747968451	0.10575122491233974	0.13492595756639222	0.0014958044278148826
286000	-3300.5072012066134	-3149.8026639924956	-150.70453721411806	0.10421202212614131	0.1274407978737379	0.18975950329075905	0.0011249008095580715
287000	-3303.9563615565166	-3148.041816827086	-155.91454472943033	0.07363351865900962	0.04252524141044347	0.18769166603190982	8.623398864744977E-4
288000	-3302.302413742338	-3149.3162983905395	-152.98611535179842	0.06599721875890616	0.07663969558174871	0.1922225790847745	5.190945138973601E-4
289000	-3303.968893785838	-3148.0988192875793	-155.87007449825882	0.04283842979257605	0.07067106350397885	0.13961071095846597	7.824919829943609E-4
290000	-3302.2885846389017	-3148.8585026404044	-153.43008199849726	0.08761772180051154	0.15017471266237184	0.21345469458281227	9.707366071043849E-4
291000	-3305.4561862738333	-3151.5613681120058	-153.89481816182743	0.045364737632958105	0.11015577320557607	0.08558611774183782	8.625647968865897E-4
292000	-3304.0597251935137	-3154.5428325744347	-149.51689261907913	0.08267211489841489	0.1292510594531377	0.09699465460047521	7.48664397385255E-4
293000	-3302.3625034402326	-3149.2928406354213	-153.06966280481137	0.07440754422118695	0.05330144338980516	0.15042430240994886	9.857959614700516E-4
294000	-3301.886052935312	-3150.840906337503	-151.04514659780912	0.09914594035001774	0.13499628727273721	0.18611742183604513	6.165053317676908E-4
295000	-3301.93509645253	-3150.0329536422846	-151.90214281024555	0.11379269354870905	0.08113693234665177	0.1847196502692985	0.003216067538593194
296000	-3301.603394151153	-3149.567760231047	-152.0356339201063	0.05395538984112609	0.14703129396821268	0.1300847911187098	9.234579479674055E-4
297000	-3300.7435109434577	-3149.335421461491	-151.4080894819666	0.06534295369031388	0.08187876974487675	0.15784603998027996	7.52717405495788E-4
298000	-3303.304063426775	-3147.576218715606	-155.72784471116893	0.04785435675279208	0.06466069108157683	0.1917163794920112	6.173644534184876E-4
299000	-3302.245968255283	-3150.7006780815864	-151.5452901736968	0.051672093849457375	0.10223503850120905	0.11038239293158135	6.250286464394565E-4
300000	-3301.4450190792268	-3147.99703296756	-153.447986111667	0.04961467995183459	0.09553850578641722	0.16682910680333657	7.936623754074932E-4
301000	-3307.5013442372465	-3150.7651145794507	-156.73622965779577	0.0882314267012048	0.26531389333907823	0.20135574927459812	4.2879631622878915E-4
302000	-3300.289437040211	-3149.9405209220336	-150.34891611817736	0.07800740715861317	0.12356448722869395	0.1508402303651387	0.0012453109842284333
303000	-3302.6625991343135	-3150.9609420011448	-151.70165713316874	0.09737751471505118	0.07241808003008865	0.2008221344441786	3.4514699103963247E-4
304000	-3302.2910300971575	-3149.9013906386076	-152.38963945854974	0.09597258478077839	0.05598170315845571	0.16756855125546152	9.476510844464086E-4
305000	-3301.6324654503105	-3151.274662179551	-150.35780327075955	0.110871408491507	0.08224199312763544	0.15112823033507086	0.0012425119785876978
306000	-3300.1402338117423	-3150.646720053572	-149.49351375816994	0.08189700664832884	0.1152460763251437	0.14990152697777434	8.605024582266715E-4
307000	-3304.150491024409	-3151.9842008285227	-152.16629019588618	0.05634474027180647	0.12111070953674863	0.13302734823071932	3.056143085882021E-4
308000	-3302.1461158666966	-3148.5176765771093	-153.62843928958716	0.05228781424022224	0.09446206650124916	0.15086432439018466	8.444078644695691E-4
309000	-3303.0990510182587	-3148.3903184790215	-154.7087325392373	0.07146318122483629	0.0502377549508728	0.16662776911605362	0.0017552878054562207
310000	-3301.7231076163466	-3149.101146560182	-152.62196105616468	0.12293657540276816	0.12404848696236062	0.23538543404825768	0.0012007753488669137
311000	-3300.624232839892	-3149.805750629865	-150.818482210027	0.06701992648533465	0.12811150084248654	0.1455722280905825	0.0015167702005310815
312000	-3300.7202528310872	-3148.8807229699846	-151.8395298611027	0.06509309114634183	0.1092705852764019	0.18948038607446197	6.549924511379271E-4
313000	-3302.542414543344	-3148.290362974468	-154.25205156887597	0.05975957035940043	0.05875631191176865	0.15895421733749435	0.0013978637740140326
314000	-3301.4980276132146	-3147.8879640808104	-153.610063532404	0.051544065686772236	0.1385144402917325	0.18742242412596766	0.0010277698986523626
315000	-3303.9474180715292	-3150.559084975733	-153.38833309579604	0.055600074802532706	0.0872749253163153	0.11880307872960497	0.001688883227465719
316000	-3301.698477288252	-3148.156535266793	-153.54194202145882	0.08555313618651578	0.05753542959476912	0.1888845931756555	0.0014333038726491011
317000	-3301.257801332958	-3148.6271092748702	-152.63069205808776	0.11144039373681383	0.08110592249356471	0.21501233177735485	0.0014504344567495809
318000	-3300.6039228310265	-3150.340337848116	-150.26358498291032	0.08464816553995792	0.09791397687836367	0.15022787060547718	0.001995751367378535
319000	-3306.441196405424	-3153.158212056631	-153.28298434879315	0.05362995474411684	0.08622889093286028	0.07837462116878478	8.478904628027432E-4
320000	-3300.3320524218434	-3150.519975941626	-149.81207648021737	0.07660429520291889	0.13739114435225402	0.1413218045743818	0.0010190421682271585
321000	-3304.6557908462505	-3148.39085343865	-156.26493740760034	0.06588491141642262	0.04806228087127608	0.15811530339166352	9.855790270621588E-4
322000	-3305.691801506424	-3149.1168883133364	-156.57491319308747	0.05570024842024457	0.0598123819985472	0.15872410085841288	0.001972791588685095
323000	-3300.049552753207	-3149.166690707244	-150.882862045963	0.072927740140462	0.08891298188716082	0.16615084606333205	9.180523473625282E-4
324000	-3301.046579455463	-3149.0264770242097	-152.02010243125324	0.05923575287321041	0.09673617189380407	0.16031559380819604	7.037350133791348E-4
325000	-3301.4335921649113	-3150.7017932129315	-150.73179895197993	0.08204500818871494	0.15831468194755596	0.14473016782131992	0.0016940435481215754
326000	-3300.5180594111375	-3149.2253992347787	-151.29266017635862	0.05975910728197561	0.11793138592038446	0.14586198909882514	0.0011883881590793895
327000	-3302.0518221606535	-3149.6376295244277	-152.41419263622586	0.09780582415711807	0.1666352539869081	0.19762686156364404	0.002374488543565812
328000	-3304.152396719452	-3149.6514615166657	-154.5009352027864	0.12952312957773107	0.0630855294669545	0.1977028638951323	0.0036400267622232504
329000	-3305.3113899445007	-3148.6517552509063	-156.65963469359426	0.16229223403758658	0.05103270970819163	0.22025881519354817	0.002887373472030407
330000	-3301.9034136267637	-3152.2217721634747	-149.68164146328897	0.08266909807616755	0.10464309871612447	0.1374392524679849	5.353469023444988E-4
331000	-3300.5827258821887	-3150.3882304021017	-150.1944954800869	0.0920006613295507	0.09897399000890683	0.16095129511737857	0.0010017667542571384
332000	-3302.261623536446	-3147.640943030229	-154.62068050621698	0.04557357495390656	0.14483569041312241	0.18766246182621557	7.34241372011304E-4
333000	-3303.853704130604	-3152.840533840724	-151.01317028987978	0.06057744668895762	0.11610549270756834	0.09234388345344367	7.450676781758619E-4
334000	-3305.799352913758	-3151.3253812452044	-154.47397166855353	0.048777479882588806	0.06170947393415403	0.1119159628146142	4.0544441443750225E-4
335000	-3302.9515800662653	-3147.861518519271	-155.09006154699404	0.06546086503994207	0.05708228407771467	0.17784281407554947	0.001316541599651468
336000	-3304.1980914550586	-3152.972571034179	-151.22552042087955	0.09060968197522823	0.06767940096087918	0.11831209785183877	0.0028909111518703283
337000	-3300.3889422965813	-3148.8920175038206	-151.49692479276052	0.08808617280051909	0.112856917723686	0.20891071866401853	9.255421100682116E-4
338000	-3304.564579773146	-3152.2356551242947	-152.3289246488513	0.14549315289251014	0.08770293416897328	0.16782887101477154	8.68336146791259E-4
339000	-3302.2456694130815	-3149.152958579168	-153.09271083391337	0.08185538763448903	0.05609735134838568	0.15630424119664502	0.0015430787228177872
340000	-3300.4835455042344	-3149.8973941235727	-150.58615138066153	0.07147591107370334	0.12825184908165746	0.1501129333751131	0.0016789986146207817
341000	-3302.955620361366	-3147.2830078713064	-155.67261249005978	0.03728267137466254	0.10256691563556945	0.1796353316663504	7.111763191131857E-4
342000	-3303.610938922164	-3149.8255560164293	-153.78538290573505	0.0449540940530468	0.08473947567434773	0.10559350906574991	8.798589901493952E-4
343000	-3307.0595952830176	-3150.9902022140877	-156.0693930689299	0.042778759086961674	0.05876907768393888	0.09511669618878336	0.0015371474072261102
344000	-3302.872836147108	-3149.2207203147786	-153.65211583232937	0.060384838018316976	0.05480824650002621	0.13178977340760265	0.0011440769561662048
345000	-3303.233966399305	-3154.239721109511	-148.99424528979412	0.12223634333853689	0.09850369401321878	0.12484990275218022	8.330534791450048E-4
346000	-3301.779720904582	-3149.966841033011	-151.81287987157103	0.08225744681963582	0.15019751077913698	0.19861148703809117	5.935430943074142E-4
347000	-3306.2158764981627	-3148.396091469858	-157.81978502830455	0.056952162558377296	0.10190534897747588	0.28546346828953933	3.825123343062689E-4
348000	-3304.5477566783225	-3153.251232498982	-151.2965241793406	0.17250628130405954	0.16099306447547723	0.16601469341915268	0.0010973763778826897
349000	-3301.154225014353	-3149.2701227969237	-151.88410221742902	0.06503942658044473	0.09771733031828765	0.1766309702043314	6.248150804428953E-4
350000	-3300.5343691935614	-3149.9286174885674	-150.60575170499402	0.08458880397654839	0.13554040109036655	0.17428736231652042	8.7814963739006E-4
351000	-3305.689903418883	-3149.653515277745	-156.03638814113802	0.08964087684077231	0.03739342361914158	0.145980061830388	0.0020635757383924234
352000	-3303.2057917384986	-3148.558474325295	-154.64731741320395	0.06805774864288891	0.08640001538694983	0.16917134078958904	0.0011676488645817077
353000	-3301.4294227532855	-3152.473977307442	-148.95544544584365	0.0986099712080587	0.1330888993438841	0.1445474329716451	6.29922481044967E-4
354000	-3300.589344984013	-3149.4925924802214	-151.096752503792	0.08458071944856627	0.08725918247066658	0.17050608970537898	0.001035137434166962
355000	-3302.0050615366335	-3149.30172059528	-152.70334094135325	0.08785080174566175	0.13105510564110623	0.2063688054223037	0.0024909387197174808
356000	-3302.106446165901	-3148.222470978413	-153.88397518748783	0.060573946038046424	0.0708310057811474	0.16707032687502169	0.0013178387673009717
357000	-3305.0879885264535	-3147.419736711673	-157.6682518147806	0.04537405811155749	0.04819904968633953	0.16473231282957737	7.189031391250481E-4
358000	-3306.8069748735547	-3152.170340904484	-154.6366339690706	0.05394973655665237	0.05897934321982871	0.09020675106431689	6.25208887380784E-4
359000	-3305.9351388617383	-3149.045614219147	-156.88952464259137	0.050467581571656796	0.08803165184723175	0.1416679007420996	0.0014185733751849085
360000	-3301.0010375361035	-3150.1055450735753	-150.89549246252807	0.058883559902154874	0.12713746827806865	0.13670361134770745	6.847287129274139E-4
361000	-3300.675158665887	-3148.8780723656323	-151.79708630025465	0.08057422956458535	0.07009416998856006	0.16953206445023417	0.0013307292998900925
362000	-3301.377136891276	-3148.386180773814	-152.99095611746205	0.049774917446302906	0.11331141598010015	0.1544688097670006	0.0010123827732833404
363000	-3300.612715574912	-3150.7456041793594	-149.86711139555237	0.0828611048290782	0.1272780296764066	0.14014845262434786	0.0013979622668256406
364000	-3301.18843992019	-3151.6407275464157	-149.547712373774	0.09555875731683541	0.10697188649575062	0.14845195919132917	7.991770367350841E-4
365000	-3304.0753292880568	-3147.7574008316215	-156.3179284564355	0.04127508749671199	0.07570811913686287	0.1918427705271608	4.714731143872164E-4
366000	-3300.0022157249705	-3149.470226352953	-150.53198937201765	0.07585738488554963	0.13794629855060067	0.16335145303937698	0.0011917189734916094
367000	-3301.0901340295213	-3150.119106481939	-150.97102754758248	0.07669388384086998	0.08123229315188972	0.15160717784233438	8.141033622613065E-4
368000	-3303.4515334502735	-3148.795264063611	-154.6562693866626	0.06466764945095044	0.0499714489799347	0.1442435933165397	0.0013451828591725368
369000	-3303.0728114641533	-3153.089666272861	-149.98314519129244	0.09966771013574632	0.09671371472933712	0.12462991056692212	0.0027029472705272298
370000	-3302.8560766759742	-3149.053290928956	-153.80278574701825	0.06703221777151289	0.19150682090002444	0.17005966242990264	0.0013348915489457282
371000	-3304.085107299343	-3154.035679394927	-150.04942790441623	0.06671879533899785	0.08580017020802456	0.13117116208570692	8.361577112833444E-5
372000	-3303.8622140523403	-3154.033103075673	-149.82911097666727	0.11370082795214521	0.08157472012967575	0.11839521101070162	0.0024266197353289922
373000	-3300.9490849178787	-3149.926329917493	-151.02275500038556	0.10839986331904349	0.1555298565011454	0.18450524193059467	0.001666411389553899
374000	-3301.7905800435174	-3148.1114764120525	-153.67910363146473	0.04338088434528726	0.09352976741184783	0.1475377192666735	8.81444720920368E-4
375000	-3300.9694016502845	-3149.480370151641	-151.48903149864307	0.09729545007821412	0.15982977761930658	0.19455232425183394	0.001148011025644266
376000	-3302.8659352712493	-3149.5460285257523	-153.3199067454969	0.05025577730398422	0.09277030085792219	0.13599500956954683	0.0015817976632094043
377000	-3302.0101418530676	-3149.665591760734	-152.34455009233352	0.05233347836040228	0.07963078605960021	0.11965780083761478	8.450240374235753E-4
378000	-3300.5061413950366	-3150.4164704079703	-150.08967098706628	0.10118161219590484	0.10303991885478599	0.16996399936357262	0.0010467750189698411
379000	-3302.336250465674	-3153.3928654579677	-148.9433850077061	0.08818299118302401	0.11103008039539163	0.1111209671534188	9.132472644413668E-4
380000	-3300.3877726871015	-3148.8477849763294	-151.53998771077187	0.09954466474096346	0.08691111799257938	0.20260368657204228	0.0011933179004587928
381000	-3303.8593017809676	-3153.8244436982054	-150.03485808276224	0.09635146977544973	0.1326319432654588	0.11072022500813948	0.0011667816479891593
382000	-3301.2313808304007	-3149.8486577476633	-151.38272308273736	0.10792336202147072	0.1308847634989419	0.18450298913253763	0.0020462888091671624
383000	-3303.6143397832884	-3153.875203217843	-149.73913656544514	0.08456591920827182	0.1320850857161446	0.10180831417345935	0.0011632454698270209
384000	-3303.4691621595625	-3149.3660128710826	-154.10314928848007	0.044415837192576066	0.07435145469786407	0.15228737253358496	4.068542333767556E-4
385000	-3307.3494257067596	-3150.081824750796	-157.26760095596353	0.03732148863696821	0.20991565377666657	0.10214517320761334	0.0010420308774293987
386000	-3301.4130664317736	-3149.988696363249	-151.4243700685248	0.05781992266172873	0.09223952491888646	0.13740839512367967	6.207920776056745E-4
387000	-3305.1522267572877	-3151.2706978024885	-153.88152895479908	0.09055397118196319	0.04076321629919315	0.13821642161127512	7.324925511164136E-4
388000	-3303.035151872057	-3151.277138818454	-151.75801305360312	0.06202687697165409	0.091884022689562	0.15808781315123108	3.128421787566089E-4
389000	-3302.644836729805	-3152.515660263763	-150.12917646604186	0.06895867733576967	0.13303619632304414	0.1155117794682202	5.663442402469955E-4
390000	-3302.766431658693	-3149.6577492747274	-153.10868238396557	0.04247523168694694	0.11349988887537288	0.10779632754693413	8.753395778872109E-4
391000	-3303.303189478904	-3148.27078973923	-155.03239973967402	0.05895596312545994	0.05054444165542636	0.15452538390537646	9.258590791832011E-4
392000	-3301.5064441720124	-3147.9650861834325	-153.5413579885798	0.09196700916282939	0.07826509985520083	0.2290429338096098	0.001181579482163781
393000	-3303.2336882227073	-3150.0528981719904	-153.18079005071704	0.05133203644181978	0.11077584324230567	0.14983635026338862	4.358636435438272E-4
394000	-3304.0853548842874	-3148.2531464159288	-155.83220846835854	0.07698423097554696	0.06787878642426746	0.2232072043586946	7.495915061866211E-4
395000	-3304.5446274915616	-3150.3114565948467	-154.23317089671488	0.09597510620468175	0.06362757624914496	0.22707299844584608	3.2868010785428787E-4
396000	-3302.5589164830317	-3150.3041441873365	-152.25477229569523	0.05388550870920851	0.08651565516071338	0.11134306984724619	8.637305252790441E-4
397000	-3302.6633230970506	-3149.9960481414637	-152.66727495558675	0.06985953070146338	0.12411274781655214	0.14372484552820208	9.529814907760019E-4
398000	-3300.5329963897157	-3149.3832027848357	-151.1497936048802	0.07969148900617119	0.10095774742673895	0.16432775487248644	0.0016144664373334552
399000	-3300.8074879387204	-3148.119628111477	-152.6878598272435	0.05608920889836253	0.12346057981920297	0.18243117688372365	8.713268038424507E-4
400000	-3302.755350700898	-3152.827179913255	-149.92817078764287	0.0875989391677896	0.07567639642985627	0.11117707660139052	0.0010481446039592986
401000	-3302.6526376843353	-3148.7239174271094	-153.92872025722593	0.062117877470814535	0.06187918299940516	0.15000865273957242	0.0010328451945840382
402000	-3303.0977150551726	-3149.0292821314	-154.0684329237723	0.0948589826242549	0.059195465455391144	0.22035311160791787	7.072904058424139E-4
403000	-3300.8727002751925	-3148.089617315391	-152.78308295980136	0.06414171885200855	0.07853269894765755	0.18033021404148772	0.0012868192897457576
404000	-3305.0881862293963	-3153.383294825143	-151.70489140425352	0.12944940850480513	0.18948328569528525	0.14499233628682645	0.002942072149677642
405000	-3301.093062669737	-3151.16577057583	-149.92729209390714	0.07727755141910765	0.08878259792681995	0.1464458352931417	6.080172315964619E-4
406000	-3303.8855674573647	-3152.4304247591813	-151.45514269818335	0.1685946666417034	0.08850058779919305	0.1983674167193711	1.3744689027800951E-4
407000	-3302.1268439255127	-3153.5784411623317	-148.54840276318095	0.09501192253584466	0.11537773390636454	0.13186045860093243	3.5500632124234793E-4
408000	-3305.247243900194	-3150.0573673992008	-155.18987650099336	0.038978037140141815	0.08607535852133168	0.11956009769518595	0.0015066092108456306
409000	-3300.8136074046597	-3151.6257183233174	-149.1878890813421	0.09783085021050027	0.12426776896562812	0.14974715468312355	8.643388377564336E-4
410000	-3300.3844938809334	-3149.3440326729774	-151.04046120795587	0.10473747803877372	0.08208564454379857	0.1821781857959696	0.0017030882328623357
411000	-3303.696771739909	-3150.166010840967	-153.53076089894182	0.064004872978304	0.062057809600436616	0.12062851802877401	0.0011532780853973671
412000	-3303.3392807221703	-3150.242026160081	-153.09725456208938	0.0610642951679233	0.17339480543401978	0.14842411751417267	0.0019178280770479794
413000	-3300.1053556802926	-3149.75569303236	-150.34966264793255	0.08103120612268587	0.1105801740874155	0.15637567232890595	0.0014760329523022476
414000	-3304.8949809852293	-3147.0560033596944	-157.83897762553502	0.04535724207266206	0.09129542565505067	0.2322529573786444	6.870655654336857E-4
415000	-3304.758550830616	-3147.987743724914	-156.77080710570218	0.03492803476811685	0.1079153607187906	0.13497703458876747	6.314692499147248E-4
416000	-3302.065470207377	-3148.812571064421	-153.25289914295647	0.043658121386320574	0.1225483802139732	0.13167758351963213	9.892510099378969E-4
417000	-3302.4891623881663	-3150.120173969841	-152.36898841832547	0.09787707145497934	0.1442724598904502	0.22372142621799496	5.081624319755299E-4
418000	-3300.2581627863747	-3148.478700907129	-151.77946187924525	0.05939678789041047	0.10389002143570918	0.1708329745062103	8.374148487831366E-4
419000	-3300.105660787624	-3150.352049971035	-149.75361081658917	0.09601758293051316	0.09816064697536452	0.15697619969862925	0.0014121585069612926
420000	-3301.7256012463245	-3150.9644497798986	-150.7611514664258	0.06826616959637487	0.09590461851370428	0.12289528042067963	8.524055905917229E-4
421000	-3300.4716805757375	-3150.0633131088425	-150.40836746689482	0.08322773689066534	0.07949865087725973	0.14770812788747367	0.0011839487848460265
422000	-3307.936045045979	-3149.8946635444413	-158.0413815015378	0.04885940753731898	0.06297718199017147	0.15005048329632303	0.002032102193884249
423000	-3308.9467053510784	-3149.306918515394	-159.6397868356844	0.031767246120470806	0.07522661393542603	0.09045333370133965	6.117300660461089E-4
424000	-3301.4220526844265	-3150.1441449394015	-151.27790774502506	0.06385092255696682	0.10889639764953972	0.13144529838434796	9.319154086133643E-4
425000	-3305.7154680836384	-3147.671147447789	-158.0443206358497	0.0898739761570771	0.07893064661796602	0.2435958047587488	0.001189525752743116
426000	-3304.553381901532	-3151.400585666493	-153.1527962350389	0.06683592055572336	0.17069941966787683	0.15286824352298975	0.002662044482664045
427000	-3304.4196595172543	-3150.5942238574657	-153.82543565978844	0.04148098922986535	0.13938028499542357	0.09433539847896548	9.666657534858366E-4
428000	-3301.5868556600676	-3149.2935897823086	-152.29326587775907	0.12291291655609461	0.07261696128668686	0.2035843778720219	0.001333547733777077
429000	-3301.1993034073507	-3148.905308645314	-152.29399476203648	0.0820653848490646	0.11158932195370355	0.18494015316093976	0.0017139621377533951
430000	-3300.1053658229835	-3149.3971299413965	-150.70823588158694	0.07188142307893679	0.09887545638989555	0.15319087092783507	0.0013845280812985626
431000	-3302.243667942239	-3151.6482485257766	-150.59541941646236	0.13873656099241366	0.12055688808715066	0.16754334385464778	0.0015270990131653142
432000	-3304.187989993466	-3149.6877039300434	-154.50028606342283	0.04622910106629525	0.08030568679222087	0.14491929689975447	4.2078045136897805E-4
433000	-3304.3785225403444	-3151.014138617259	-153.3643839230854	0.1704788237388651	0.06684530825565142	0.1794192047036349	0.0027183363001940723
434000	-3302.0026860833186	-3151.715975206948	-150.28671087637093	0.07462313378332533	0.0855463247508544	0.15290575974799175	3.718762096620432E-4
435000	-3302.7285569793244	-3149.2357568994994	-153.4928000798249	0.09995281464287557	0.13349908552107967	0.19544656432727503	0.0015618592063281211
436000	-3300.8790937676245	-3151.443360801253	-149.4357329663714	0.1012992610102971	0.1130279880170407	0.17364360650841543	5.474233329367508E-4
437000	-3305.1778519497734	-3150.14860764083	-155.02924430894333	0.03987841614794297	0.09154927211765024	0.1236507620176517	0.0015731732309501455
438000	-3301.6658811390967	-3148.991866444018	-152.67401469507877	0.05061997828429277	0.1003831707790889	0.1504284161270312	6.229924538849058E-4
439000	-3300.4276971219892	-3148.374977330065	-152.05271979192395	0.06162016804463513	0.10225133318613831	0.17160324451376502	0.0012055125917291203
440000	-3304.1272394183948	-3147.097510124019	-157.02972929437553	0.041233596555583764	0.06154146216480168	0.18276263836380355	9.007714730669592E-4
441000	-3300.3179662146567	-3149.7672949865723	-150.55067122808447	0.078214327942766	0.08129528218956145	0.15197698572181242	0.0010357718567144455
442000	-3302.5223646302998	-3147.397120114363	-155.1252445159368	0.08692576635800998	0.07228019097150239	0.2479088513225872	0.0014245302647484467
443000	-3305.920812720326	-3147.5885052050135	-158.33230751531252	0.05605544170126664	0.04118637139043642	0.16981404435210573	8.301069953496318E-4
444000	-3300.492606302068	-3150.04890153112	-150.4437047709482	0.102496388002366	0.08323357122366795	0.16700622797723355	0.0012965839404320597
445000	-3304.4441659754725	-3155.6074922702273	-148.83667370524526	0.0922666018565223	0.10541713428389629	0.09771310407316812	3.127190888814081E-4
446000	-3301.053216884764	-3149.485537741658	-151.56767914310598	0.07540880291983565	0.10737272964782228	0.17381289937617367	0.002159494207680739
447000	-3302.328755790377	-3149.4539881717155	-152.87476761866134	0.04595425667820826	0.0883703803780532	0.1203612741035097	6.470155539993407E-4
448000	-3304.121598753631	-3151.5639614343863	-152.55763731924498	0.063293144688596	0.08915578006776671	0.10466353048560256	0.0011381611808808276
449000	-3303.188510862296	-3148.0888627156037	-155.09964814669232	0.04739968644998387	0.06642615085081023	0.15191138387689548	0.0011705202482490398
450000	-3303.1546717516526	-3148.0494267975096	-155.105244954143	0.0720659470653972	0.08265773841249532	0.19415241023425972	0.0011673717142440144
451000	-3301.630902704792	-3150.069536657312	-151.56136604747988	0.06085814152006013	0.09987804078133741	0.13755384136221038	0.0018087557721749568
452000	-3306.908932488982	-3149.2171605302306	-157.69177195875156	0.08413169457091675	0.03357034189388415	0.1468142248446813	0.001958603357801212
453000	-3300.7790398125944	-3150.0252077531322	-150.75383205946207	0.07929471060874047	0.08769024468113973	0.14549298807813316	0.001503565043121518
454000	-3300.9005520699607	-3149.054900549614	-151.8456515203464	0.052919029186059716	0.09722500457882723	0.13658736847232822	0.0010033986967544666
455000	-3302.658262433138	-3152.676174306332	-149.9820881268059	0.10266325825676258	0.10810629033243105	0.13081302397260014	0.0024553796073856038
456000	-3301.399101733713	-3152.055803589182	-149.34329814453127	0.11499529309795098	0.10182635434951721	0.14178609144753274	0.001942042546676651
457000	-3301.545478358016	-3149.156629177041	-152.3888491809754	0.07753851913329607	0.08953154395760558	0.21378317598542695	5.985589149295722E-4
458000	-3300.804016556205	-3150.1524069608836	-150.65160959532162	0.07335445160388462	0.11971290027258148	0.15058359046530315	8.503274980581811E-4
459000	-3301.435661303856	-3151.0709555889234	-150.3647057149322	0.11242149231343698	0.1147283583983468	0.16885080658713342	0.003159409220087117
460000	-3301.2511305406406	-3148.452279046278	-152.79885149436274	0.07001492215888795	0.15029561214801088	0.2059956692996881	8.354221970566489E-4
461000	-3300.0649517459883	-3148.833893932247	-151.23105781374136	0.07174396149430087	0.10981078965658057	0.1755134327802622	0.001576416742796969
462000	-3300.8567218440303	-3150.1632501171484	-150.69347172688165	0.07981107332517945	0.13104335834397265	0.150118309510742	0.001574367234939671
463000	-3301.501386066375	-3149.879130893936	-151.62225517243897	0.09346007721067719	0.0755895534572134	0.1689638747109864	0.0026242726333717227
464000	-3301.6318190874686	-3148.314848440482	-153.31697064698685	0.11135514029360154	0.09611030101979383	0.23127884781804436	0.0018249827749854909
465000	-3302.7978347257445	-3148.1844864546647	-154.61334827107987	0.075544625758688	0.06276580177714587	0.20322410612076636	8.709467536185601E-4
466000	-3301.0507553553966	-3148.6825810542186	-152.36817430117802	0.10737221631042551	0.08958336982570295	0.210847769218507	0.002197431026372375
467000	-3301.7621134173214	-3149.2817962992935	-152.48031711802776	0.05624005790381564	0.09856623668545678	0.16103364246929808	0.0018175108202773923
468000	-3301.577565529623	-3149.7702474656353	-151.80731806398782	0.07403588172301295	0.08139714531437132	0.14976756520783244	9.288549990463241E-4
469000	-3301.8706865630334	-3151.1070776857655	-150.76360887726784	0.11739071445053302	0.06709754821764631	0.15555032695073973	0.0012847981785968916
470000	-3301.5537736374918	-3152.026259397599	-149.52751423989292	0.10496910466065719	0.11173982623424693	0.16258023157491985	5.315831966082376E-4
471000	-3303.943049083849	-3153.4279922833134	-150.51505680053566	0.11745883370713722	0.10486696466750949	0.12815195009850944	0.002267509876295672
472000	-3303.1320052669025	-3151.730961742845	-151.40104352405731	0.07126637207798693	0.0986626899335697	0.1865042970958253	1.6861089507432984E-4
473000	-3302.5308934039685	-3148.3314623011515	-154.19943110281716	0.10665261443659764	0.10585229860545177	0.2629554063036956	0.0010217994659159964
474000	-3301.7194829436858	-3149.6267044816655	-152.0927784620203	0.08459244856244405	0.06761351471767835	0.18559633801960052	6.982946436697569E-4
475000	-3303.1455003876454	-3149.300604115473	-153.84489627217243	0.14864291754436076	0.08654925739209274	0.2234248676549995	0.003541296856814857
476000	-3302.3966707415466	-3147.823943355275	-154.57272738627168	0.04420198223090671	0.09779378362714955	0.16416338613921086	7.448603805593225E-4
477000	-3304.2563487623083	-3150.3703029401936	-153.88604582211482	0.08642552069998441	0.04512073463588549	0.13419203942979588	0.0012298156366600786
478000	-3308.6406482449106	-3149.226867172511	-159.41378107239944	0.04479349575991987	0.20981385151453588	0.1258978134402034	8.082421422085726E-4
479000	-3303.6440756641223	-3152.418071196287	-151.22600446783517	0.06759197085206547	0.15584566748251544	0.10883050949626863	0.00177094682419957
480000	-3302.892507321854	-3148.259373567058	-154.6331337547957	0.06986456580423518	0.11281492790635302	0.19864279828833636	0.001493788578259761
481000	-3301.650495326393	-3150.171950460307	-151.47854486608577	0.08421207851006365	0.11264948347220317	0.17743341500538787	0.0027815960790400283
482000	-3302.1383323774116	-3149.173941961984	-152.96439041542754	0.05394234160083087	0.1268831889396348	0.14049512328786692	0.0011647157360267692
483000	-3302.8456356000434	-3150.9277057460467	-151.91792985399678	0.09421746420304491	0.15374439259332365	0.18313931999528674	5.730760022157929E-4
484000	-3302.24068948601	-3148.370578536399	-153.87011094961082	0.07562375045420085	0.05474683612677036	0.17513942269380514	0.0010655580708417158
485000	-3302.345439961658	-3149.983206432377	-152.36223352928104	0.062401545547147066	0.07520305682899107	0.1694105617900078	4.66312672537358E-4
486000	-3302.4556536558357	-3148.13869029657	-154.31696335926566	0.03686486304475231	0.11074496013501035	0.13564639003862553	6.277429625380097E-4
487000	-3303.9533556731267	-3149.012058293341	-154.94129737978596	0.08421607731422193	0.07840890755125733	0.21443814782280904	6.916131319652703E-4
488000	-3300.7943417464894	-3150.0350486460884	-150.75929310040087	0.06708333244954556	0.12946962621244734	0.13830473405846747	0.0011130213477751323
489000	-3302.6931639701565	-3151.704730191708	-150.98843377844818	0.06710796731472184	0.13538934413830184	0.13279201951433647	0.002507385078266904
490000	-3303.12950545025	-3150.9885837560932	-152.14092169415667	0.06959944582767737	0.061805600159473874	0.14380798149101298	5.119772562788931E-4
491000	-3302.1802262736273	-3149.387249689631	-152.79297658399608	0.12074242599469232	0.07161477052690776	0.19179278992217552	0.0015285949130611134
492000	-3302.758821164476	-3148.3060905783063	-154.45273058616993	0.058163154295245434	0.06378594301297684	0.16035870072470365	0.0013964276194725715
493000	-3301.296643037376	-3149.69291599383	-151.6037270435458	0.0974358444626225	0.06648407302615003	0.16326599393073754	0.0020048936442895464
494000	-3300.9413447386028	-3149.212045489696	-151.72929924890687	0.08000159800953666	0.127309994870561	0.18299557397620186	9.443156890264371E-4
495000	-3303.7717159966173	-3147.7854817874468	-155.9862342091705	0.037407359011089665	0.0781648781992432	0.14870914845866562	5.932189747542578E-4
496000	-3302.0282572812457	-3149.36534538032	-152.66291190092593	0.05484308346147908	0.16324211396409222	0.1412250015742283	0.0012399867522289174
497000	-3302.556241482074	-3150.2994480118964	-152.2567934701774	0.04934966934833936	0.09579234825697816	0.10618662263048248	0.001029441691684564
498000	-3300.8472732927594	-3150.136786861601	-150.71048643115842	0.09886122747031299	0.072203453960462	0.15726978072294917	0.0013884812702063176
499000	-3302.296460192099	-3147.8490630384695	-154.44739715362965	0.04850355171366576	0.13858693768162048	0.17906873063807624	9.471791397324956E-4
500000	-3301.969849758431	-3148.7504355124365	-153.21941424599416	0.05450800220228918	0.0751489463935627	0.15419510064541592	6.884315581896139E-4
