#
#model:
#
#<?xml version="1.0" encoding="UTF-8" standalone="no"?><input id="posterior" spec="beast.core.util.CompoundDistribution">
#    <distribution id="prior" spec="beast.core.util.CompoundDistribution">
#        <prior id="lambdaPrior.bfd" name="distribution">
#            <parameter id="lambda" lower="0.0" name="x" spec="beast.core.parameter.RealParameter">0.01</parameter>
#            <Gamma id="Gamma.0" name="distr">
#                <parameter estimate="false" id="RealParameter.1" name="alpha" spec="beast.core.parameter.RealParameter">2.0</parameter>
#                <parameter estimate="false" id="RealParameter.2" name="beta" spec="beast.core.parameter.RealParameter">200.0</parameter>
#            </Gamma>
#        </prior>
#        <distribution id="snapprior.bfd" lambda="@lambda" spec="snap.likelihood.SnAPPrior">
#            <parameter estimate="false" id="alpha" lower="0.0" name="alpha" spec="beast.core.parameter.RealParameter">11.75</parameter>
#            <parameter estimate="false" id="beta" lower="0.0" name="beta" spec="beast.core.parameter.RealParameter">109.73</parameter>
#            <parameter estimate="false" id="kappa" lower="0.0" name="kappa" spec="beast.core.parameter.RealParameter">1.0</parameter>
#            <parameter id="coalescenceRate" name="coalescenceRate" spec="beast.core.parameter.RealParameter">10.0</parameter>
#            <tree clusterType="upgma" id="Tree.bfd" nodetype="snap.NodeData" spec="beast.util.ClusterTree">
#                <taxa dataType="integerdata" id="snap.bfd" spec="snap.Data">
#                    <taxonset id="ant" spec="beast.evolution.alignment.TaxonSet">
#                        <taxon id="Carpish_B72761.Huanuco.Acomayo" spec="beast.evolution.alignment.Taxon"/>
#                        <taxon id="Carpish_B72772.Huanuco.Mitotambo" spec="beast.evolution.alignment.Taxon"/>
#                        <taxon id="Amotape_B67243.Tumbes.Amotape" spec="beast.evolution.alignment.Taxon"/>
#                        <taxon id="Amotape_B67257.Tumbes.Amotape" spec="beast.evolution.alignment.Taxon"/>
#                        <taxon id="Quichas_B72777.Lima.Quichas" spec="beast.evolution.alignment.Taxon"/>
#                        <taxon id="Quichas_B72778.Lima.Quichas" spec="beast.evolution.alignment.Taxon"/>
#                        <taxon id="Canchaque_B72873.Piura.Canchaque" spec="beast.evolution.alignment.Taxon"/>
#                        <taxon id="Canchaque_B72878.Piura.Canchaque" spec="beast.evolution.alignment.Taxon"/>
#                        <taxon id="Huamatanga_B72889.Lima.Huamatanga" spec="beast.evolution.alignment.Taxon"/>
#                        <taxon id="Huamatanga_B72892.Lima.Huamatanga" spec="beast.evolution.alignment.Taxon"/>
#                        <taxon id="LaQuinua_B72753.Pasco.LaQuinua" spec="beast.evolution.alignment.Taxon"/>
#                        <taxon id="LaQuinua_B72756.Pasco.LaQuinua" spec="beast.evolution.alignment.Taxon"/>
#                    </taxonset>
#                    <taxonset id="cur" spec="beast.evolution.alignment.TaxonSet">
#                        <taxon id="curtata_cra.cur.B6032" spec="beast.evolution.alignment.Taxon"/>
#                        <taxon id="curtata_cra.cur.B8175" spec="beast.evolution.alignment.Taxon"/>
#                    </taxonset>
#                </taxa>
#                <parameter id="RealParameter.0" lower="0.0" name="clock.rate" spec="beast.core.parameter.RealParameter" upper="0.0">1.0</parameter>
#            </tree>
#        </distribution>
#    </distribution>
#    <distribution id="likelihood" spec="beast.core.util.CompoundDistribution">
#        <distribution data="@snap.bfd" id="treeLikelihood.bfd" non-polymorphic="false" pattern="coalescenceRate" spec="snap.likelihood.SnAPTreeLikelihood" tree="@Tree.bfd">
#            <siteModel id="MutationSiteModel.bfd" spec="beast.evolution.sitemodel.SiteModel">
#                <parameter estimate="false" id="mutationRate" name="mutationRate" spec="beast.core.parameter.RealParameter">1.0</parameter>
#                <parameter estimate="false" id="shape" name="shape" spec="beast.core.parameter.RealParameter">2.0</parameter>
#                <parameter estimate="false" id="proportionInvariant" name="proportionInvariant" spec="beast.core.parameter.RealParameter">0.0</parameter>
#                <substModel coalescenceRate="@coalescenceRate" id="MutationModel" spec="snap.likelihood.SnapSubstitutionModel">
#                    <parameter estimate="false" id="u" lower="0.0" name="mutationRateU" spec="beast.core.parameter.RealParameter">1.0</parameter>
#                    <parameter id="v" lower="0.0" name="mutationRateV" spec="beast.core.parameter.RealParameter">1.0</parameter>
#                </substModel>
#            </siteModel>
#        </distribution>
#    </distribution>
#</input>
#
Sample	posterior	likelihood	prior	theta0	theta1	theta2	TreeHeightLogger
0	-1375.358718590879	-1216.7227561812927	-158.6359624095864	0.06710303403305413	0.03418172281896657	0.1593969846097998	0.002857123335433874
1000	-1371.2766909455875	-1220.308030353945	-150.96866059164245	0.12300012992281881	0.1130181010310459	0.11556441233831626	0.009760474770655763
2000	-1370.990706936931	-1219.4646460863873	-151.5260608505436	0.1229750057982031	0.0887808880483404	0.09549714686060348	0.006009655529181336
3000	-1372.1928324524185	-1221.0830241702931	-151.10980828212533	0.0712014288348408	0.06952660575887591	0.10644886786465962	5.325460223180106E-4
4000	-1371.4087855472017	-1220.054072619359	-151.3547129278427	0.07660907519407424	0.11431455873184915	0.10686056957768723	0.0045422133496471765
5000	-1370.214595642828	-1219.5268817426454	-150.68771390018267	0.0817664349128	0.09472583180213572	0.09561267895328565	0.0021621628591052267
6000	-1370.7128956771737	-1217.8093621418757	-152.90353353529804	0.1266347100867361	0.05365046294149033	0.12438483979660506	0.0026368154370844925
7000	-1370.9652878020706	-1222.5985200541254	-148.3667677479453	0.14400807747001293	0.10628321598019423	0.11042900270648312	3.667291363712628E-4
8000	-1374.7793808482988	-1218.5607685734287	-156.21861227487008	0.09194073870930292	0.06222736876826372	0.24467938721024113	0.001837704502124651
9000	-1370.713827560491	-1218.5087178618733	-152.20510969861758	0.09900755371647617	0.06593124257095834	0.09642880852010785	0.0039116412552848865
10000	-1371.5435812479595	-1219.4846687933439	-152.0589124546156	0.07707004959485834	0.06137289512915766	0.09001059525188637	0.0013735813168598032
11000	-1371.61471149537	-1220.4766269012744	-151.13808459409566	0.14087893488644523	0.06517479089129939	0.09457908996853799	0.0016853979710693212
12000	-1371.186470752742	-1220.8085626127345	-150.37790814000746	0.08916166853079154	0.08350998259457224	0.09967759636187663	9.398376895911777E-4
13000	-1371.9827997554605	-1218.9410038027854	-153.04179595267502	0.18221571837273348	0.11123187676115631	0.13787321232399616	0.00451538419530706
14000	-1371.0783774606273	-1216.895309184356	-154.18306827627143	0.10105775294726636	0.042744113491859206	0.13001090917017596	0.002553143495675967
15000	-1371.0109013073168	-1217.4006595090607	-153.6102417982561	0.08009613935168608	0.05018929748426172	0.11491256629082809	0.002800918720688893
16000	-1373.374004038985	-1220.9589082855673	-152.4150957534178	0.06960214389758997	0.0660894453438401	0.07833298395186795	7.362658650900155E-4
17000	-1371.8607438839356	-1223.2123295235483	-148.64841436038736	0.11775640219347654	0.08171015491818674	0.10090942349763428	4.417442335747929E-5
18000	-1369.094114511824	-1218.9042962245692	-150.18981828725484	0.09235184553548435	0.09869647239564318	0.15097953904909778	0.0021641811711860712
19000	-1369.9783697025343	-1218.6320385884003	-151.34633111413402	0.11717243107643588	0.09486238552361631	0.11925258469428807	0.004337276204713005
20000	-1372.2830487121964	-1217.0811297293105	-155.201918982886	0.13628421425681925	0.04478318577163763	0.14737987265683558	0.006666592676482077
21000	-1368.8279140800196	-1219.0995691345045	-149.72834494551512	0.09287874435287713	0.10443453643403773	0.1311025470024617	0.00227318758877306
22000	-1369.3685101479055	-1218.8777135933435	-150.49079655456202	0.08655618642034921	0.086480729195546	0.10298060369534238	0.003300016216453103
23000	-1370.213969169257	-1218.1675002072277	-152.04646896202934	0.12564131733470804	0.060227189720642955	0.10409109123030329	0.004246415201530723
24000	-1373.703999678446	-1220.7686342627612	-152.93536541568483	0.055842101751836744	0.14279032254268903	0.09228647123305476	8.007691318685425E-4
25000	-1369.6723212332465	-1219.3996905998647	-150.27263063338182	0.07900354167974707	0.10677474695239637	0.0995211374091716	0.00288509799454338
26000	-1370.6253884077782	-1218.083481241165	-152.54190716661333	0.14471506051608615	0.09581745000717276	0.15967147647324478	0.0040288117767799765
27000	-1370.633771002967	-1217.3714231538318	-153.2623478491352	0.10775720011452845	0.05191077580041888	0.12786950341657835	0.002742890772697294
28000	-1371.9551990494292	-1222.6592969180936	-149.29590213133554	0.14435962572699393	0.08328631232812846	0.093403532749097	3.9397823702938664E-4
29000	-1373.1800092137644	-1218.4412414797246	-154.73876773403973	0.08011836301165125	0.047835995846343876	0.08518321201393875	0.0020449692248470774
30000	-1371.3225298275286	-1221.7915399450826	-149.53098988244597	0.09169173484092273	0.13731532506423402	0.11695698543439399	5.712622581001862E-4
31000	-1372.1094595247991	-1216.5777415792165	-155.53171794558253	0.08992498295166766	0.03791840684278673	0.12113529306679384	0.002922831303218362
32000	-1369.3569101792264	-1220.0821781565276	-149.2747320226989	0.0973251423564384	0.12750976425651642	0.11573716414108763	0.0018350961970201526
33000	-1370.6748805470224	-1219.3271403948188	-151.3477401522036	0.07612809513320988	0.10020273566905626	0.1549352882879845	0.0038678425040565415
34000	-1377.84263980181	-1219.8961744276653	-157.94646537414462	0.05052291127310975	0.07105707336510089	0.1337574007135161	0.002998864345429559
35000	-1370.1758986254222	-1219.2122399804605	-150.96365864496173	0.11308524764371636	0.07263904638408397	0.10725118100068383	0.0022017064852187895
36000	-1369.7538940859686	-1218.6002517008749	-151.15364238509358	0.10634831618449052	0.10333725383358733	0.13897712483911476	0.003455158657196366
37000	-1369.403133194588	-1217.9645415682153	-151.43859162637273	0.15009928733626596	0.0850961894366927	0.15485179392272164	0.0037866432470733753
38000	-1370.324969842482	-1220.9764913768124	-149.3484784656697	0.12386064930230918	0.12638826875630862	0.1648304275441047	0.0010042352177537556
39000	-1371.5400162626079	-1218.936031447169	-152.60398481543905	0.089845300397229	0.09129143012005621	0.12015034759807237	0.002303959920895111
40000	-1369.0043063089859	-1218.2901747019785	-150.71413160700746	0.11009591411275559	0.08837764166825536	0.13034025148105938	0.0038217195820284826
41000	-1368.4633962369687	-1218.5474126791405	-149.91598355782816	0.10496199027981719	0.10154403201033071	0.13759182021663624	0.003656572878998968
42000	-1369.3398873444053	-1218.6203070378187	-150.71958030658652	0.08185866919520017	0.08282529743562378	0.11779353349091459	0.0024588803628752738
43000	-1370.1696384215534	-1220.2111519985658	-149.95848642298753	0.11143055765641674	0.15860895077019985	0.11979460449435135	0.0023682314255287036
44000	-1368.9016872671345	-1219.4031573773075	-149.49852988982713	0.1291110521857993	0.10978517442615611	0.1226314393573422	0.0029989364426687773
45000	-1368.9165109518676	-1219.1680189370413	-149.74849201482635	0.10805282969820763	0.12425652894398957	0.15205210765584717	0.0026175496839270407
46000	-1371.5395470185565	-1219.8351298889158	-151.7044171296406	0.0656795753795138	0.11060333633096718	0.09784740224721544	0.003345699383092119
47000	-1369.9155562882465	-1218.6468404457487	-151.26871584249784	0.15288334387448502	0.12971520053173066	0.14408887432000447	0.006824403294700432
48000	-1371.8895893505696	-1218.1522106309835	-153.73737871958622	0.06196334969192726	0.060418145970790524	0.1131337853713782	0.002554010737537352
49000	-1369.0076636190188	-1219.1102008892672	-149.89746272975174	0.1080455227021734	0.13353658555256032	0.13738692050462156	0.0037601615420450986
50000	-1370.5215251202153	-1219.4448694564517	-151.0766556637636	0.09873679263690992	0.12191851248188926	0.11979459026700548	0.00261994243503761
51000	-1371.6614113351538	-1218.738254649601	-152.9231566855529	0.08611232397295225	0.052842411708503935	0.09592038990026032	0.0017239446818498162
52000	-1371.462564047147	-1219.771072136536	-151.691491910611	0.10836580939254363	0.14944267645688872	0.11246557133727945	0.004321236522070144
53000	-1369.0390015350956	-1218.3013667799723	-150.7376347551232	0.08928696647880026	0.07450309887490146	0.12905475202884828	0.0024210551711100186
54000	-1373.4359368731234	-1219.2020387957625	-154.23389807736086	0.06068100831376945	0.04898756030208558	0.11012365709021636	8.784074378139924E-4
55000	-1368.979727804852	-1218.679475446494	-150.30025235835802	0.11537070334946	0.09718101398030403	0.12192467296276085	0.005483612190535034
56000	-1372.8346123407073	-1217.665005518932	-155.16960682177512	0.15287505596152715	0.07496612401313778	0.23201229816102353	0.0033097466301876552
57000	-1371.73293255091	-1218.2326261091416	-153.5003064417683	0.08283476606466625	0.07788736717005205	0.17792793785929364	0.0028197587272038196
58000	-1371.4570549473713	-1217.3138096412424	-154.14324530612876	0.08763773524753049	0.04767202301336689	0.1334210470872623	0.0043059088041886556
59000	-1368.95528995853	-1219.2943476569055	-149.66094230162454	0.11838962121107209	0.10342010224670486	0.1384387231760279	0.002288369548539433
60000	-1369.9586808729591	-1217.503832859826	-152.4548480131332	0.1302960154636883	0.06446059357243342	0.12716544566317742	0.004734936179219219
61000	-1368.8897072361742	-1218.8364767463866	-150.05323048978767	0.09371429607996797	0.09842904026330052	0.1165095018440331	0.0036120952577454886
62000	-1369.791750480472	-1218.4910175449666	-151.30073293550555	0.09759116647617404	0.07856453642477415	0.11119614811269866	0.00322681839686423
63000	-1370.6814671561704	-1219.1892630298905	-151.49220412627977	0.15767781491443367	0.12268820458183441	0.11919098569151032	0.008198844357870355
64000	-1368.7232892844684	-1218.9147371649553	-149.808552119513	0.12342787416963635	0.08996590400521431	0.1459659585227383	0.0023485680444073095
65000	-1373.3991675977363	-1220.4379098689437	-152.96125772879248	0.06178415013521454	0.08756109873767251	0.06599428682365584	0.0015631002886661762
66000	-1370.2367300207088	-1219.4717981299416	-150.76493189076731	0.09978380297462996	0.10799366470403213	0.18852352850494575	0.0017220601326898663
67000	-1372.1706549094758	-1218.4467770087513	-153.7238779007245	0.0812469757776748	0.05482462921459208	0.08766297272996505	0.003710512382715722
68000	-1369.8946103423805	-1218.996508426045	-150.89810191633552	0.13698381757573108	0.10916488512959066	0.12523839750671295	0.007994441452112075
69000	-1372.271868840871	-1221.3732431823232	-150.8986256585478	0.11343235652851003	0.1050227925983689	0.07314026471954778	0.0041052574368861386
70000	-1372.4536359238684	-1218.405601925992	-154.04803399787656	0.10678467186187544	0.07911391970854786	0.17092295734408888	0.0022494052962009356
71000	-1369.488362501751	-1220.1934370847312	-149.29492541701975	0.10502040017659767	0.09431543459873294	0.11145067071111736	0.0015118364185771663
72000	-1369.459789210429	-1219.0119066224515	-150.44788258797763	0.10203640081649488	0.06891681730501842	0.1220340619133323	0.001750532849600068
73000	-1369.010911648283	-1218.3472999327346	-150.66361171554823	0.11273968611835315	0.09863835580484423	0.1598527779605915	0.0033731207216095758
74000	-1372.7471644719512	-1218.8386184634512	-153.90854600849994	0.08336185122197316	0.06900590949589142	0.09194581578529329	0.003979487518014938
75000	-1369.963969215726	-1217.991904806173	-151.972064409553	0.08295068049337244	0.07158743204611394	0.14276847392053257	0.0027530847356211133
76000	-1372.8073402140544	-1221.3523385447104	-151.45500166934397	0.07713962972681246	0.11829824757886621	0.08098013505423847	9.827736828469178E-4
77000	-1370.721098009653	-1220.1260539136554	-150.59504409599742	0.0958299334500239	0.11154196240169346	0.09080096121231862	0.005230714565168496
78000	-1370.6644801360826	-1217.5854563643602	-153.07902377172238	0.10495303887673174	0.0487516859515133	0.10805927480251122	0.002899844195875602
79000	-1372.479801485838	-1219.5325328692563	-152.94726861658148	0.06081273766001695	0.13425663744427205	0.14616874664832533	0.0016319951836788187
80000	-1370.3743417002083	-1218.766589732813	-151.60775196739533	0.1113858028049262	0.09086412122651671	0.11626501840678571	0.0033753757923800295
81000	-1369.6092422659585	-1217.9139175021626	-151.69532476379592	0.09365054264208691	0.06621372788906547	0.11751893624077772	0.0033528677885209775
82000	-1370.4194160604322	-1217.0614353066621	-153.35798075377014	0.1254963181951383	0.0488139230974291	0.12314449164558079	0.003820148565991326
83000	-1370.4420179606473	-1218.7675736758251	-151.6744442848221	0.1569904627401547	0.07322084965220606	0.14216108730020216	0.002449406332301992
84000	-1371.0528865786364	-1220.159048736872	-150.8938378417645	0.06195964828798695	0.11125726453705428	0.10799190290937744	0.0010033581314014505
85000	-1370.0875056068635	-1219.548234130549	-150.53927147631444	0.09724013677719268	0.1387465875603599	0.13542732478716799	0.00234706379048001
86000	-1370.315736247173	-1216.8615475826145	-153.45418866455847	0.10326497654547699	0.05354445118204712	0.16406808085002597	0.0036494330222158955
87000	-1373.9372641033917	-1217.4518590351697	-156.4854050682221	0.09602508809067195	0.03585563555198829	0.10447080147087573	0.004634319282267994
88000	-1372.8593357020193	-1221.2833019395628	-151.57603376245655	0.11443053535499584	0.14720714343276933	0.08755184125633421	0.002586012090228628
89000	-1369.7929631485044	-1220.107421217357	-149.68554193114753	0.10936717561537429	0.09412642155403747	0.12462736171575799	0.0014400565477926148
90000	-1368.639185778155	-1218.8054450190496	-149.8337407591054	0.11591933319421428	0.11212136869864733	0.12832110367778288	0.004468663679839308
91000	-1372.0176276142543	-1221.7402096999674	-150.27741791428693	0.15048419446507227	0.15683684659333694	0.09865555628189446	0.0022970529556397812
92000	-1378.3497384306495	-1215.8188815876576	-162.53085684299182	0.07161781812040698	0.018936359573977702	0.10396666499153719	0.0015722361184009812
93000	-1371.109954078096	-1218.222525837326	-152.88742824077	0.16299774485833082	0.10015329391732843	0.15063883456301988	0.004536363029783916
94000	-1370.369494104411	-1218.5660758584202	-151.80341824599085	0.08205198947884439	0.07317097186871878	0.10589238313449778	0.002475111678576437
95000	-1370.1371957242745	-1217.9109665271844	-152.22622919709008	0.17275389329561372	0.0739541108346698	0.13391858870549184	0.004575179419071797
96000	-1369.4544410630401	-1219.0614348322883	-150.3930062307517	0.12674415289349492	0.0946100120558717	0.11935854818467671	0.0031287400014559374
97000	-1373.0829898925167	-1219.9693835609787	-153.11360633153797	0.08846128014199456	0.06951509881184821	0.08547888638788907	0.00596845688616552
98000	-1368.7301081294504	-1218.624731289365	-150.1053768400854	0.10897647162381184	0.09929595339300526	0.1259790693454209	0.004688752179759171
99000	-1369.2739204015518	-1219.005093479374	-150.26882692217777	0.09219399807857864	0.07863478921710765	0.10474803489854204	0.002286665523307957
100000	-1368.8194289934054	-1218.5435144534167	-150.27591453998858	0.08575909293045171	0.08480778767160414	0.12953336950830127	0.0024601357269463326
101000	-1372.241469295789	-1219.519319218091	-152.72215007769827	0.07465438301367451	0.11461144242959205	0.1810261321962154	0.0015529594264343104
102000	-1373.420710317591	-1221.1386315914465	-152.2820787261447	0.08513626078071913	0.08679826357477613	0.08395013814457439	0.006832575680180684
103000	-1370.285141674697	-1218.9725984634563	-151.3125432112406	0.15372266461078324	0.08708805107714307	0.10808072280514856	0.005588291917551606
104000	-1373.5527684686326	-1220.8647730045104	-152.6879954641223	0.1173943087210713	0.06647362671358152	0.16380020207315904	6.662349307142578E-4
105000	-1370.918394180204	-1220.8788661057085	-150.0395280744954	0.14967404150988048	0.12279698732653373	0.10692322913276381	0.0023796380214316615
106000	-1370.2724964343597	-1217.767139251421	-152.50535718293878	0.12719036566512473	0.06894799408463101	0.16215131123443247	0.002827956408326795
107000	-1370.2088348672405	-1217.5776388266863	-152.63119604055413	0.11595737415682814	0.0725637691254484	0.14323346798930464	0.004752917408582283
108000	-1371.934148387778	-1218.1638128024697	-153.7703355853082	0.16715260274264104	0.049324619779075644	0.1344402065615943	0.0022595796032332054
109000	-1377.6217985100352	-1217.0269056098346	-160.5948929002006	0.07783876584405634	0.024574392674356123	0.07896758430153523	0.0024003252935741307
110000	-1370.4264374428822	-1220.476269366282	-149.9501680766003	0.1439075609090786	0.10656449413370389	0.09951840076554419	0.0030393973287176326
111000	-1372.4901067747373	-1216.8422030440975	-155.64790373063983	0.10172805679066865	0.04104358822259437	0.11814566646356574	0.003984833646636057
112000	-1369.4590821255106	-1218.2976373567074	-151.16144476880325	0.12901158136804597	0.07254440763644432	0.13384651655281643	0.002799300152855909
113000	-1369.8667426970997	-1219.1359024994945	-150.73084019760512	0.0685159292724728	0.10282513040002587	0.1327898691492856	0.0017770319976418206
114000	-1369.718910292608	-1218.4345586995667	-151.28435159304118	0.15262241469495702	0.07155928153126288	0.1259247807637706	0.003262331793308617
115000	-1371.3041758527947	-1220.0736033415774	-151.2305725112173	0.11591488237798671	0.16238445323505746	0.11599033293090827	0.006401979904492266
116000	-1372.001509817761	-1219.1990490820326	-152.80246073572846	0.08163764384177574	0.06712868489055712	0.11109680399411416	0.005366801315466319
117000	-1370.8168849369522	-1221.3582142416917	-149.4586706952605	0.10627557287704693	0.1598411472981967	0.10209028927361351	0.0013442717905567695
118000	-1369.5029760326343	-1219.7314301528554	-149.77154587977887	0.0769363926152078	0.12485989619650305	0.13369046396595952	0.0015159661950157912
119000	-1369.9667236875227	-1219.4762286534924	-150.49049503403043	0.06746375304014986	0.12660935913297888	0.13193336277055348	0.0017043671031285973
120000	-1373.414838831086	-1221.4078782841889	-152.00696054689698	0.09049597615445483	0.20391738860571149	0.1396626637327118	7.77399200103237E-4
121000	-1373.4173568422696	-1217.9263780876347	-155.49097875463482	0.1053953050279751	0.06611307280557537	0.14139061791878219	0.005714582298134124
122000	-1368.9814501888247	-1218.4013957409331	-150.58005444789165	0.0970728880238817	0.07512908866705359	0.13372725104565644	0.0023119824998847184
123000	-1369.5919223266221	-1220.9357945462923	-148.65612778032974	0.10126447679037764	0.10453799859621798	0.10771610816036911	0.0010883999246108003
124000	-1370.5283390356003	-1218.109240778203	-152.41909825739728	0.1395479245876953	0.10500183011034464	0.16835811213400728	0.0066701427502385965
125000	-1370.3086845804487	-1219.3628654705287	-150.94581910992002	0.09296239740945275	0.08694321984804146	0.09405933822684476	0.002755948153762383
126000	-1369.727226059116	-1218.8729339063464	-150.85429215276955	0.08402544458222347	0.08692783383253919	0.10757171596027958	0.0026087099003493366
127000	-1371.048575373389	-1218.6434628454886	-152.40511252790049	0.0783112402142524	0.08217491556188629	0.1384398611911986	0.001977159859786991
128000	-1369.8566222718566	-1219.0198566637544	-150.83676560810224	0.0726898296330183	0.0937641519647382	0.11110923618385482	0.0031533240645125757
129000	-1372.7808631243809	-1219.8858651581618	-152.894997966219	0.099483122648134	0.04918331166681814	0.09015977186875548	0.0011910793206232181
130000	-1369.3291778893833	-1219.5231058653553	-149.80607202402794	0.148442385124035	0.11204494100604534	0.13152169774007189	0.002929878867867069
131000	-1370.0612402819784	-1218.7127316768438	-151.3485086051345	0.15285057077405464	0.10787485942349881	0.18105142087912424	0.0030792170595286706
132000	-1369.6024871211494	-1219.9665983691928	-149.6358887519567	0.10435562553937322	0.09379680210740428	0.09546000688764288	0.0022721736293058875
133000	-1370.4317437274622	-1217.2124208515147	-153.21932287594734	0.08932055185452774	0.0542591523051333	0.14862546585984077	0.002821580961648879
134000	-1369.234858339568	-1218.943064214162	-150.29179412540614	0.0970052572997383	0.10478259276924501	0.12222810332607954	0.0030286123420980963
135000	-1371.9768634647119	-1222.2750467802473	-149.70181668446463	0.12907397746320043	0.08258138287654558	0.08328750536611276	7.424890746359858E-4
136000	-1373.6376773112565	-1218.9278318810425	-154.70984543021413	0.05487485063640142	0.050096370665119024	0.12467109028682763	8.963061744428515E-4
137000	-1370.1729442560616	-1220.3100520120188	-149.86289224404285	0.07512045195625895	0.11449450695187444	0.1180540202557977	0.0010753818618780082
138000	-1368.7479296740732	-1217.761033592928	-150.9868960811453	0.12818125523971355	0.07806643241913166	0.15092216183728666	0.003654044075737615
139000	-1370.9094958562284	-1217.8245310312286	-153.08496482499973	0.1303129291073546	0.05393138087679232	0.11950025097774694	0.002890220573327309
140000	-1369.331185683291	-1218.9120120982916	-150.4191735849995	0.11343920789045535	0.08436621517336254	0.10867290637542348	0.0031988776101519083
141000	-1369.2581255205823	-1217.772610310763	-151.4855152098194	0.09351389727278266	0.0638785522579243	0.129521283978459	0.0027853717736385456
142000	-1373.4357611401797	-1220.7754831465213	-152.66027799365838	0.06172640251922117	0.1651466686758258	0.10574900362725512	8.551057265009663E-4
143000	-1373.148151093491	-1217.3504902319623	-155.7976608615286	0.08850052642956333	0.05643543133252695	0.13515243535344512	0.0034212388591122085
144000	-1371.847000090346	-1218.8970580502203	-152.94994204012573	0.0760082338691171	0.05620640338427865	0.12151646558055534	0.0012358567753072878
145000	-1370.5880671053133	-1217.8179559748269	-152.77011113048644	0.08132326574060378	0.06376725317465501	0.17065751878088875	0.0024298767613984205
146000	-1373.0377219267373	-1217.0338485253728	-156.00387340136444	0.06811559152870883	0.03872468864820501	0.1303861689580803	0.0018127175120771011
147000	-1372.7584628501393	-1220.6083195795795	-152.1501432705597	0.12246924915413453	0.06236071143020193	0.09794470513316507	0.0011702635835752408
148000	-1374.2341283325616	-1220.2721865710182	-153.96194176154333	0.1341778693351221	0.10635992320878027	0.145986578238027	0.0015153319476869575
149000	-1371.5888450623902	-1220.42858970617	-151.16025535622012	0.09171099539497848	0.09263683112773913	0.14060549966486502	9.470170890360797E-4
150000	-1371.309459776263	-1220.7719910490625	-150.53746872720063	0.10079993303536956	0.09647623938610088	0.08721093031684243	0.0016581617366237006
151000	-1370.1308784371702	-1220.6669346587837	-149.46394377838655	0.09552379929452723	0.09026090164279155	0.09863342348161427	0.001194527650593735
152000	-1370.6447228380214	-1220.2325586291483	-150.4121642088731	0.11529263819912604	0.08829703266460083	0.08451390218878511	0.003279846802467009
153000	-1373.1039461468922	-1217.1346826160873	-155.96926353080505	0.13379232642333055	0.03999315554653644	0.11597761950417369	0.0050396658807409815
154000	-1372.915951178317	-1222.1961950914842	-150.7197560868329	0.09613156382707426	0.16004262051512427	0.08176213293184134	9.343711564682366E-4
155000	-1370.6066851515802	-1217.1993771345208	-153.40730801705942	0.12763566460363274	0.05600662019824876	0.13824165027380172	0.005929143414070569
156000	-1370.64583022521	-1219.2051584637281	-151.44067176148187	0.10744972306247243	0.12007166155097801	0.15176098852429057	0.005920958185216932
157000	-1375.2767407385045	-1220.337099757505	-154.93964098099937	0.04240126694554309	0.14660813526986355	0.16103512723970237	0.0017064921128374913
158000	-1370.8288232087348	-1221.4241027244875	-149.40472048424715	0.08970738995366909	0.14310515101627042	0.11865163964786493	7.435136929493105E-4
159000	-1369.8563492489698	-1218.456429652311	-151.39991959665883	0.13515771785504038	0.09288060750124978	0.14283167108914907	0.0080167146748933
160000	-1372.1406421398622	-1220.1942746465638	-151.94636749329828	0.05942419760928705	0.13354667858404662	0.08227355666666882	0.0015971928569968907
161000	-1372.0835895912712	-1217.0426041208034	-155.04098547046792	0.11243487214115956	0.04126980798401772	0.11508841344935945	0.0029038821505733177
162000	-1378.1343442311957	-1217.0485075641868	-161.08583666700875	0.1714305019638077	0.027572809343691936	0.11683606915619196	0.0023522588692873434
163000	-1376.2264610784011	-1218.7788059923064	-157.44765508609473	0.12210309805969267	0.060671974004141864	0.16925747278715095	0.0015695202250845088
164000	-1372.5996380076779	-1216.7708224756022	-155.82881553207557	0.09130730752990232	0.03983064104376884	0.13059972748967635	0.004037222773763859
165000	-1369.9303145313136	-1220.094236974301	-149.83607755701243	0.15934888560608557	0.10568798304945261	0.13038890343094722	0.002223190132270374
166000	-1371.0148596057006	-1220.428740376276	-150.5861192294247	0.0794700633615112	0.06963755072538358	0.11835499980287022	7.71005874399353E-4
167000	-1372.876640138857	-1222.0015230414658	-150.87511709739124	0.08456990606758509	0.11031047844033749	0.06736009328656502	0.0011288756119347612
168000	-1369.7587266677183	-1217.7192256771539	-152.03950099056442	0.118361154119422	0.06911752677940802	0.1618163800328509	0.002850792559317148
169000	-1372.8566443485654	-1219.079061891999	-153.77758245656645	0.0572264176555424	0.07241523791811622	0.08204924722113134	0.0022525244733624596
170000	-1370.6838381049197	-1219.503927988052	-151.17991011686755	0.08823659416530602	0.06348970411936058	0.14627200914021832	0.0010686084711726532
171000	-1369.6370797573786	-1217.3774334794357	-152.25964627794292	0.10107666946393477	0.0643085534294402	0.15800755464273147	0.003993793397176566
172000	-1369.5838498349456	-1218.839798572566	-150.74405126237954	0.10923180857047218	0.09257569273401658	0.1101159911342535	0.004034071511889866
173000	-1370.400172561092	-1220.5930096284048	-149.80716293268713	0.07891777068745714	0.0951278571864254	0.0938239877826369	0.0010936550090524825
174000	-1374.0002183700685	-1220.044260369256	-153.95595800081247	0.12228105310812262	0.17612975139516704	0.19248655472416687	0.0020978655578457015
175000	-1369.659347827916	-1220.0587869529236	-149.6005608749924	0.09063774544230782	0.14354359730685473	0.13114408927586085	0.0016383507906545085
176000	-1369.2385929694262	-1218.5040684016199	-150.7345245678063	0.09482204131799457	0.09226903860765195	0.1284426106071992	0.0035770690853274847
177000	-1372.1805662087322	-1219.3253598096285	-152.85520639910385	0.08108732204786129	0.0881620348202152	0.08996656691603845	0.0030384332085927074
178000	-1371.4749795843923	-1221.3806427599498	-150.0943368244426	0.10482224270055246	0.18155915302609124	0.11647409966143403	0.0011069048502562553
179000	-1369.914673521872	-1219.5630612027962	-150.3516123190758	0.08749891900792069	0.14281400475330408	0.11979846138024251	0.003535558791560454
180000	-1371.5834052525588	-1218.9483042836343	-152.63510096892446	0.06308983537245161	0.07232179129806328	0.12417968865018492	0.00333003214920819
181000	-1370.3412204226786	-1217.996581077174	-152.34463934550465	0.08205855319166998	0.055888770037402176	0.11827306132905831	0.0020083967210530653
182000	-1369.5909551421755	-1217.6722818494245	-151.9186732927509	0.09299220726401097	0.06625316896532796	0.13759432946414069	0.0037503314707221813
183000	-1369.9452488915035	-1218.5239483576736	-151.42130053383002	0.08446261425111298	0.06886678821863117	0.09986629834387795	0.002719332100593181
184000	-1369.3896509992687	-1218.597466702115	-150.79218429715354	0.12679583379665607	0.09001594572538654	0.11580188052230134	0.0048115434374394
185000	-1370.4267197527283	-1218.6505699022866	-151.7761498504417	0.10021566311634265	0.06958322188252036	0.17608743460192788	0.001708125391919819
186000	-1371.8491517443583	-1216.8800448673542	-154.9691068770042	0.11222092515562505	0.04308687477690282	0.14331241505929412	0.005314271523302261
187000	-1374.2608093926892	-1221.7943784246668	-152.46643096802248	0.08041657864206829	0.07757059677739465	0.1876723075102714	3.04344059730224E-4
188000	-1369.7649906548097	-1219.1568672328906	-150.60812342191912	0.07247199017818606	0.10448664346251844	0.14541691542278204	0.001765560642295016
189000	-1369.9100719022763	-1217.2845440740412	-152.62552782823502	0.1401532461012656	0.06534194150845546	0.1733234242899813	0.0033312391455398885
190000	-1370.699679969062	-1218.602436061916	-152.09724390714587	0.12234917104430722	0.07606319129577127	0.11107240380749932	0.0034459851080076783
191000	-1370.6046583316438	-1219.3569243508614	-151.24773398078233	0.1256309280265311	0.13642592251751165	0.12221445768180039	0.004688846226375023
192000	-1372.5070383237792	-1219.8745541986705	-152.6324841251087	0.18047414560167574	0.10729288305801724	0.18275966737700727	0.001962331433184226
193000	-1371.073238387914	-1218.6378883313582	-152.4353500565558	0.08189004369418101	0.06707626367147886	0.09241419640715916	0.0033470352549442354
194000	-1369.695990380183	-1220.36662811625	-149.32936226393304	0.09325410276545869	0.08445026580567226	0.12339212682481962	0.0010123308327226234
195000	-1376.7927198072564	-1215.8859926436555	-160.90672716360086	0.1334049285722214	0.029327966907798105	0.1381728237743924	0.0033825919789229617
196000	-1374.6934097071246	-1220.595304530591	-154.09810517653355	0.060870817106354606	0.11171834890542329	0.06632211050490569	0.0019920907518884787
197000	-1374.5851830460276	-1220.2161732303566	-154.36900981567103	0.11388191076458858	0.04331006085390136	0.1446292956635439	6.795834897380373E-4
198000	-1372.0783417673201	-1218.852041473896	-153.22630029342423	0.05120942748800031	0.07628325148367983	0.11963698144775235	0.0013818081978027913
199000	-1370.0278118989063	-1219.9754734297294	-150.0523384691769	0.14177195499703782	0.13389823407525325	0.11590130332316537	0.003534269057550414
200000	-1369.3104784867958	-1218.8727538002759	-150.43772468651997	0.09038836806546842	0.09193853821708445	0.10974580470306701	0.0030766866517858114
201000	-1375.686793467559	-1217.1092911337669	-158.57750233379207	0.12235337460388884	0.04869069164026656	0.12254637136537473	0.004906548951507226
202000	-1371.1644351292073	-1217.352958131861	-153.81147699734632	0.11397416323172264	0.051532233811476175	0.1785311004449636	0.0022570819961052384
203000	-1372.7544713986956	-1216.7099853389875	-156.04448605970802	0.15587546502559008	0.03652347580681341	0.1356861890070943	0.002817754706824786
204000	-1371.5876470129892	-1221.1142767127646	-150.4733703002246	0.06428829049827209	0.12729203195094121	0.14026092989360275	5.486747179960738E-4
205000	-1370.1582239101122	-1219.1825659980013	-150.9756579121108	0.11627433139291667	0.07918032173457829	0.10808089160704665	0.002540136807629088
206000	-1369.056202486054	-1217.848393707729	-151.2078087783249	0.11543430955380005	0.0735923197183444	0.1543675570654603	0.0029706825972870858
207000	-1370.104561259082	-1217.172927035028	-152.93163422405397	0.13760696241355927	0.06668469447387602	0.1831262369458987	0.0035718802778194805
208000	-1370.336321917776	-1219.4290132449319	-150.90730867284432	0.09052837158730034	0.09061704379444767	0.09147490651627944	0.0030899368926861005
209000	-1368.7016804026262	-1218.5913431929473	-150.1103372096788	0.10530025785469477	0.09785365107427861	0.12844077830213924	0.004616081332516474
210000	-1368.4468512937162	-1218.649617993824	-149.79723329989227	0.1128054850950841	0.08968098475846283	0.12156989316737254	0.0032792500639108138
211000	-1369.746494398206	-1218.5988200397705	-151.1476743584356	0.07451025418178486	0.0745596414727583	0.11210973075691175	0.0020932223466210167
212000	-1370.9739893162425	-1218.8515152952273	-152.12247402101528	0.09148767600257572	0.08033917890604897	0.16645578480070036	0.0017291494046291782
213000	-1369.9052981194332	-1219.1744086972287	-150.73088942220437	0.16474389452521807	0.10024972755778588	0.1408903450538411	0.0030431539144058378
214000	-1370.4287956911448	-1218.946059010959	-151.48273668018572	0.13474168460763983	0.0875070789064455	0.1089821238686124	0.00424902105319284
215000	-1369.0808946221393	-1219.0025869295093	-150.07830769263006	0.0982303820612883	0.10216598848371213	0.1533384533622503	0.002167874061209509
216000	-1372.0079778772101	-1218.6840156049473	-153.32396227226292	0.07674331285930285	0.06333776125747433	0.11786704375418783	0.0015637732612378728
217000	-1369.1433489770777	-1218.658657310333	-150.48469166674468	0.08669882172078311	0.09432406130561381	0.13551710150912186	0.003773713287817181
218000	-1373.4058843493315	-1218.868391864075	-154.53749248525656	0.05976517323792612	0.06958628721532034	0.08733366903986957	0.0019834669287099238
219000	-1372.2509049134778	-1220.1281918598127	-152.12271305366528	0.09340734430036239	0.07240692213469312	0.13278046668605237	0.0075543754765470435
220000	-1370.080969090756	-1218.3714876381378	-151.70948145261826	0.11146284574962748	0.09742654665926803	0.14302445323300994	0.003683659439186505
221000	-1374.1466284044814	-1218.463011936896	-155.68361646758527	0.19591472231412052	0.06343027920661205	0.1378097393709887	0.011821437895871839
222000	-1371.5160478204123	-1220.067352620929	-151.44869519948335	0.07019413444724439	0.09641473290504973	0.07707195364400818	0.0020119659317772197
223000	-1369.908270955143	-1218.1640063938598	-151.74426456128327	0.09556787022457489	0.07739017406169493	0.12950648428342879	0.004323364504970339
224000	-1369.5872850557191	-1218.572867681189	-151.01441737453004	0.11006051016104264	0.07570105351240808	0.10661194265873157	0.003537998574290315
225000	-1372.7662498985549	-1219.8104711463027	-152.95577875225212	0.18516839721226505	0.08707358800997353	0.10949353771781739	0.003819355389182413
226000	-1370.5662958222874	-1218.0679173445483	-152.49837847773904	0.14225902645243127	0.07237136639002276	0.12574642934402055	0.007484961015749845
227000	-1368.648342283694	-1217.9447163481093	-150.70362593558485	0.11581453738999739	0.07759310081250646	0.13154612545912184	0.00388138188962474
228000	-1368.6097138789853	-1218.1641548802659	-150.44555899871935	0.1190653272862429	0.08886419074292919	0.13300795577828844	0.004655410151487255
229000	-1369.702045794087	-1220.03104009563	-149.67100569845698	0.1245296056610191	0.09852201215217345	0.1321981877038555	0.001652154465436262
230000	-1370.0095607555506	-1218.0934030528915	-151.91615770265906	0.13633047716589425	0.06074057673929243	0.11465355592375419	0.0034258472369201706
231000	-1370.0873667176686	-1218.5465146875167	-151.54085203015183	0.09224401487161209	0.05862786835988439	0.11413994954844846	0.0018104849470522142
232000	-1369.6484039980462	-1220.2301908961522	-149.41821310189403	0.10836423743786591	0.13204272387877686	0.12445556640378566	0.0017800628092213748
233000	-1376.333228442452	-1220.2368835208226	-156.09634492162948	0.06064696008553436	0.06795863279435338	0.07002554528316925	0.0011107960400460202
234000	-1371.6944519959561	-1218.7267956000742	-152.96765639588196	0.06629789447020577	0.0800939139606746	0.11127318905184097	0.0027604116205935873
235000	-1369.1366955583287	-1219.171732621365	-149.96496293696364	0.09591162076599134	0.08561112096643646	0.1473942768808413	0.0016649474127102743
236000	-1371.7803738526977	-1220.5725790430067	-151.2077948096909	0.07184656649985474	0.11933854012850469	0.10023619752231873	0.0010542841239522475
237000	-1368.6565296053195	-1218.5583626168282	-150.09816698849144	0.09615455027347515	0.08899803338736542	0.13944988530486194	0.00255155054782658
238000	-1373.5140431908546	-1219.2385985502228	-154.27544464063186	0.10818804239458694	0.044833510010077134	0.08062704207070588	0.0020520856770727953
239000	-1370.1048449356513	-1218.9764574406436	-151.1283874950076	0.14451517163499497	0.11971388366877202	0.13264715220752007	0.00846069659339415
240000	-1370.4797901457184	-1221.3713859296827	-149.10840421603578	0.11688304552940211	0.11966451934213156	0.10532582327703724	0.0011458760592637023
241000	-1369.5889194683023	-1219.107316930596	-150.4816025377064	0.09789495425625132	0.11726277515359555	0.17421170645148124	0.002322344596290854
242000	-1369.876105807201	-1218.3534327511218	-151.52267305607924	0.07585896704105709	0.07142593534035971	0.1097643258730729	0.0027441480855018756
243000	-1373.2295220160506	-1219.2270813007594	-154.00244071529127	0.14967418035222976	0.0783531653163896	0.14201273963915453	0.002085796738244429
244000	-1368.9661013684006	-1217.4407142199839	-151.52538714841674	0.13510383411148574	0.07591189056471033	0.15779185054938596	0.004266519574081537
245000	-1370.4615956236794	-1218.2043873066568	-152.25720831702262	0.14422047755032846	0.08635376533281465	0.1313765094483054	0.004402098018425241
246000	-1372.6479683516823	-1219.6270804510507	-153.02088790063155	0.1654633832587734	0.052342508178013794	0.10365706707970611	0.0019416742095476785
247000	-1370.9744394601544	-1218.3712920366474	-152.60314742350695	0.08579557997069814	0.06836139044016502	0.1604983009384778	0.0018261916536925625
248000	-1370.9925074818211	-1219.0461180717346	-151.94638941008645	0.09431588958078446	0.07196834166520198	0.1053682110740118	0.0020168349839886205
249000	-1370.7255743037433	-1218.3501105983387	-152.3754637054047	0.09345906433188614	0.07377635328825972	0.14776454309531714	0.005086428647954258
250000	-1374.6194120650075	-1215.5951788108468	-159.0242332541606	0.12379164557869601	0.03286777688101838	0.19083755939393546	0.0036044575615629556
251000	-1369.2637746198402	-1218.5573646481762	-150.7064099716641	0.10293813827644967	0.08313633368569144	0.11829654299501964	0.005195382232347007
252000	-1370.6182517938423	-1219.5737956680796	-151.04445612576274	0.06417758853399957	0.110072139317019	0.14472732196083243	0.0012777376896063947
253000	-1371.337277322136	-1217.7056904845979	-153.63158683753815	0.11176277158389859	0.05666430061546285	0.11133279324764282	0.004679305403958751
254000	-1371.118918797457	-1219.350949227064	-151.76796957039295	0.10048679050670566	0.07632947787843251	0.09223188644604485	0.00559827663648856
255000	-1370.3494050256813	-1220.5677875946258	-149.78161743105565	0.08027336414689991	0.10910781898635713	0.10080042970995362	0.00114062296603689
256000	-1370.7842576516973	-1218.8073017551883	-151.97695589650903	0.06659918363296105	0.08765037033836988	0.1626880834330627	0.0019307894035297444
257000	-1373.1088225851236	-1222.419645370637	-150.6891772144866	0.06481516410403455	0.08141482163786584	0.10829814081431847	1.7792246704329058E-4
258000	-1372.3214643691585	-1219.4723715239977	-152.84909284516075	0.13040526299255817	0.057228464614049304	0.09508599280096545	0.002173520010919921
259000	-1370.312216987128	-1219.4383954379227	-150.87382154920533	0.15622905227486697	0.10341963587249807	0.11710254119326445	0.003847024961861988
260000	-1370.9984734233951	-1219.6000148293417	-151.39845859405344	0.10690606365835445	0.14704595399633927	0.11811654540063028	0.004048464811188988
261000	-1371.9167027874587	-1219.3939233646552	-152.52277942280364	0.09805243448939431	0.06529123862593701	0.08348577600597683	0.002629188953984774
262000	-1372.509808850831	-1217.3264318072988	-155.18337704353215	0.10218205543090149	0.047750420704808554	0.11640874684731538	0.0027798950344813294
263000	-1368.8650645926814	-1219.2348013882977	-149.63026320438368	0.09473464839408599	0.08719393051382027	0.12003261289158922	0.001905622596650861
264000	-1370.040822989607	-1219.5903574340123	-150.45046555559475	0.12207833657750967	0.07359730408795062	0.1406299368289198	0.001463881138194435
265000	-1374.7933361841153	-1222.9150616511351	-151.8782745329802	0.0995671112864961	0.1306150413478257	0.10846379944504422	0.010679078516299675
266000	-1372.4010676096973	-1220.0521524007063	-152.34891520899103	0.06417039448019163	0.16119103725015863	0.12028333747896118	0.0029016000803073917
267000	-1373.8227192206834	-1219.2534561197917	-154.56926310089167	0.08059718449402585	0.06896914590032244	0.21557243165864443	0.0012705558611319388
268000	-1370.9293220622594	-1216.443822519754	-154.48549954250547	0.11412596796338718	0.045764308073238814	0.16674107387027318	0.003216049430183302
269000	-1369.7020562511839	-1220.0815480581105	-149.62050819307348	0.12223241242739864	0.13775880268157167	0.1264682881216534	0.0022849640896314026
270000	-1369.0085835387158	-1218.8948966320143	-150.11368690670167	0.12969795962675595	0.12383228912681633	0.1327250367225384	0.004883107355542321
271000	-1370.7095038416226	-1219.2427672442032	-151.46673659741938	0.14055782309882406	0.13189798799993543	0.12378863274403601	0.007185320696807901
272000	-1369.5549751809656	-1218.3372318371073	-151.21774334385827	0.1021557636989175	0.07469419598226529	0.11564842581785267	0.004999163010133933
273000	-1373.8170773157199	-1218.9377456446837	-154.87933167103608	0.1053405472633399	0.04523330558834862	0.07856500214500028	0.004319986921996573
274000	-1370.9557006858392	-1219.8200083513143	-151.135692334525	0.13650721145685613	0.09412073384597475	0.09324128424423174	0.006259868450551751
275000	-1369.8785390792737	-1217.3489666435921	-152.5295724356816	0.10802074736430606	0.06127783619398452	0.14685133818060492	0.004922682463096519
276000	-1369.9597523535936	-1218.755534789065	-151.2042175645286	0.08540963880511053	0.0855969622865342	0.107890068760743	0.0029872074430372098
277000	-1369.583599922137	-1220.2593462492187	-149.32425367291825	0.08806882483098522	0.10755422187643066	0.10562366056987624	0.0014272989037717846
278000	-1370.1202575594991	-1219.3404230189235	-150.7798345405756	0.15402865374409036	0.08188221273981507	0.10926892308986151	0.003446665923364044
279000	-1369.489201446111	-1219.2244927597972	-150.26470868631404	0.10470912146888427	0.0921164005439792	0.09879494168553629	0.003843442293932884
280000	-1369.1705135780098	-1218.6253828664776	-150.54513071153232	0.09645517244597251	0.07009589085535417	0.13185949572508876	0.0019115768375699642
281000	-1369.2437951620373	-1218.8857234215375	-150.35807174049984	0.10359492341356565	0.10699243148109583	0.16313227267109584	0.002469260278632173
282000	-1373.0848008279515	-1221.7263311458923	-151.3584696820592	0.1027673751331947	0.11594019185964859	0.06855166539511028	0.004367925788285711
283000	-1370.3446220371052	-1219.493629633887	-150.85099240321824	0.08834370827814864	0.1531045336134781	0.13790384450286286	0.0027045071107570733
284000	-1370.6210429562823	-1219.2676628262539	-151.35338013002843	0.12791300051862856	0.059631953678247855	0.10791368467933443	0.0019147782989128806
285000	-1368.9356513750904	-1218.7843744345116	-150.1512769405787	0.10922591709842117	0.07616115625453898	0.14023646846716054	0.0020001066295724174
286000	-1371.9832563807797	-1220.5931994759774	-151.39005690480226	0.06236789005742525	0.09008542056491865	0.14438771976006212	6.202108900823222E-4
287000	-1368.8270288605345	-1219.4361922781893	-149.39083658234506	0.0881864134496061	0.10860183133422951	0.12980330211796748	0.0018477197508120216
288000	-1370.3730479500139	-1219.9657925192791	-150.40725543073466	0.10668473815903824	0.07204519906920971	0.1246957845593662	0.0012064755380474033
289000	-1374.3190825225633	-1223.6046426300095	-150.71443989255388	0.11155799504867803	0.1743050794121332	0.06515013246901503	1.5928474723989906E-5
290000	-1372.2173148721238	-1223.3321219998554	-148.88519287226828	0.1406407552704147	0.14521560833858185	0.0958161996343196	2.9188929773143946E-5
291000	-1373.181083654659	-1219.9760478608205	-153.2050357938385	0.04878867249346683	0.09211631395104299	0.08975205598916978	8.824291310875478E-4
292000	-1370.4286933891717	-1219.5306115737485	-150.89808181542324	0.07974132101927886	0.14802312156926078	0.1270940768058683	0.002712480722150124
293000	-1369.4691962845743	-1219.2501605788611	-150.21903570571317	0.08348776549701274	0.09113334311206311	0.09939670300424783	0.002404282634279897
294000	-1374.8245863447803	-1217.3252751141515	-157.49931123062873	0.08134093615534405	0.03990334982145506	0.10935272418249743	0.003968119073816335
295000	-1372.3654821719178	-1218.9674614307971	-153.39802074112066	0.08332575504447523	0.09938592955701779	0.1147731416247654	0.003462414491092144
296000	-1369.1204565590947	-1218.9997333885046	-150.12072317059	0.10302137065140102	0.09684027908760985	0.10816578448565621	0.004487041271352794
297000	-1369.982684729076	-1217.680738474854	-152.30194625422195	0.14969168966094648	0.07612981101765352	0.14391840229827949	0.007645893403176224
298000	-1372.5455665328186	-1217.2303381753982	-155.31522835742032	0.08398991849593115	0.04035112800770174	0.09966006774917907	0.0027536441918578343
299000	-1372.3364221776276	-1219.5824315061996	-152.75399067142806	0.1544988804193997	0.07255132627425034	0.1372651041018008	0.001755278942165706
300000	-1371.6752492833098	-1219.7416051813088	-151.93364410200093	0.08397009040250354	0.05938930457096127	0.09369344735410212	0.0012229878212723787
301000	-1371.5483756011513	-1217.7027752173854	-153.84560038376586	0.0981694493023853	0.04794999857450249	0.09873554390347809	0.00379745187245179
302000	-1369.2526601611107	-1218.9261086604176	-150.326551500693	0.07569177100812978	0.09865209308399892	0.11850960976800795	0.0026158810673854605
303000	-1370.1289224196912	-1219.256698298213	-150.8722241214782	0.08062532271846383	0.0828540384463982	0.09920143041482979	0.001979262221759713
304000	-1369.1460295135769	-1217.4115233321145	-151.7345061814624	0.10428352278149516	0.06267880791499643	0.13961959634538593	0.003412646904169049
305000	-1372.9165931519096	-1219.0781439585978	-153.83844919331176	0.14233262865406138	0.06197879601663071	0.09870230325887985	0.007584153028186505
306000	-1369.4196244228146	-1220.133843040045	-149.2857813827698	0.11546206819690279	0.08379383987331583	0.1191371674674871	0.001422313175507216
307000	-1371.975221708117	-1221.4961794627268	-150.4790422453903	0.0814655189591054	0.07951468376150937	0.1020915869934256	5.28609984047085E-4
308000	-1373.695808306685	-1217.2946156271828	-156.40119267950217	0.10290838317325718	0.04782779748588771	0.11923892789082052	0.004725045093884163
309000	-1370.6774190531642	-1219.7530198696336	-150.9243991835306	0.0995601915020926	0.11594221853456886	0.11811462454607347	0.002045711893304626
310000	-1369.2056541486425	-1217.8674412799587	-151.33821286868368	0.0981760103663277	0.07373286421188087	0.13571670422391716	0.0036004805749776303
311000	-1370.8759163862055	-1221.0098337914228	-149.86608259478263	0.10244441232821021	0.12499955959643724	0.08397514030405788	0.0022852833968215417
312000	-1374.6578403352844	-1218.4309803477888	-156.22685998749554	0.07263537427007109	0.059542055369254845	0.2109627372700075	0.0016568889931725562
313000	-1368.568807679291	-1217.9361176845773	-150.6326899947138	0.12628657698508067	0.08165505826984552	0.14263829046689283	0.0037755283419811
314000	-1371.256871942734	-1218.4628665776197	-152.7940053651143	0.12370163871538814	0.077747794721175	0.10964208308127514	0.004815753375770558
315000	-1369.377274641312	-1218.4301347577095	-150.94713988360243	0.13082156404415757	0.0729957005844978	0.11466847205805855	0.0035776970510739588
316000	-1372.3619605047172	-1216.314375478546	-156.04758502617113	0.08616149452066521	0.03629777802652314	0.14318468289662895	0.0026057236405141386
317000	-1369.9850383644532	-1218.575114942746	-151.4099234217072	0.15691748232845354	0.09853036748759607	0.12238471473815132	0.006576252258420656
318000	-1371.5513770992623	-1219.5416276180713	-152.00974948119097	0.12406942979384313	0.1466766309180966	0.1715821640493196	0.007311140016229329
319000	-1371.23172343629	-1219.5786913745615	-151.6530320617286	0.08613221554503414	0.05632797156456229	0.10849419514857839	0.0011031486308701022
320000	-1373.6664703841213	-1223.1405150078092	-150.5259553763121	0.12450401172065621	0.06370290861614823	0.09136774096558538	8.715670950001892E-5
321000	-1371.7684841348148	-1219.0319663565547	-152.7365177782602	0.060899681024188725	0.07575067110245255	0.09337995298559451	0.002819719795141678
322000	-1372.8988186658312	-1221.1064646722957	-151.79235399353536	0.10636620580795879	0.06903424905740402	0.10308657158558769	7.86904542208644E-4
323000	-1370.3277235993378	-1220.28204373089	-150.04567986844765	0.08147216200314197	0.12351802652525212	0.1596017051071047	0.001067252113438377
324000	-1371.158351498822	-1222.1675337913907	-148.99081770743115	0.1098607576610909	0.1360445627777861	0.15553279962512054	3.6825609357338707E-4
325000	-1370.0800418257616	-1218.3998795155258	-151.68016231023586	0.09781668337118918	0.07782676184480249	0.11246435146313213	0.004213978618458235
326000	-1369.2346906189669	-1218.635331061101	-150.59935955786585	0.10409311661817627	0.07175437340316955	0.14048634927981493	0.0019529392426417991
327000	-1370.0037131725244	-1221.3097206482403	-148.6939925242841	0.10281905776735337	0.10901339741924541	0.14166422017112107	6.869225243188865E-4
328000	-1373.0251681420298	-1217.982051679088	-155.04311646294173	0.15569152382595255	0.0945427414305847	0.22622304335204094	0.008147839695225697
329000	-1371.039366061047	-1219.7271888442365	-151.31217721681062	0.10348582144959313	0.14114301252556943	0.14051406045393644	0.002140928093884144
330000	-1371.3359010429308	-1218.3589345118276	-152.97696653110333	0.07455462347679942	0.051817357192018576	0.11283480508447347	0.001501925660505043
331000	-1370.6188052825134	-1220.18989716026	-150.4289081222535	0.13878158335712	0.13164525001510363	0.13130468604668474	0.002241814200753325
332000	-1370.0190755897345	-1217.2707103959829	-152.74836519375168	0.12030238284936298	0.05486203940083305	0.12374523170250232	0.004765170554353628
333000	-1370.3883544359735	-1219.6969615232717	-150.6913929127018	0.06776659672179344	0.10204189220022716	0.09653511596706535	0.0015829124823688843
334000	-1369.5526744399274	-1220.5089262122738	-149.0437482276536	0.12193756414663495	0.09144901484264988	0.12747410368874704	0.0012374142835487353
335000	-1370.742829502958	-1219.3332802317673	-151.40954927119074	0.08574767013260355	0.08717386746445886	0.09599812830769254	0.0044613653983593005
336000	-1372.4202333587828	-1219.676294431139	-152.7439389276438	0.17458799468677694	0.0552141847959661	0.11864491375511968	0.00166345996214027
337000	-1369.231537972289	-1219.9689439861759	-149.26259398611313	0.09310135573772993	0.10597840790160762	0.10376501858244748	0.0018497648092414708
338000	-1372.790569509008	-1218.8519990074135	-153.93857050159443	0.054686193877078924	0.06089013714216782	0.10505682658815109	0.001178169216543623
339000	-1370.9211186927353	-1221.200732314221	-149.72038637851418	0.12839784821955796	0.11388717501865062	0.09400946851685754	0.001920574325582813
340000	-1369.945636729245	-1219.1659562927898	-150.7796804364552	0.07448203187880736	0.10508332725307588	0.1607988169550475	0.001775484254904896
341000	-1369.9573954371522	-1219.3955493247572	-150.56184611239493	0.09755168503801614	0.0887457389012169	0.1311035823990011	0.001681154058597567
342000	-1371.212971288277	-1218.8170559866642	-152.39591530161292	0.1273212330212162	0.08995976535304179	0.11142968415804329	0.004319201208871528
343000	-1369.5724208606628	-1218.240817978677	-151.3316028819858	0.11820028555306315	0.09732821293924329	0.14393002462829005	0.004479073700069482
344000	-1369.5587407687983	-1217.9235761066343	-151.635164662164	0.10246747780808316	0.06686494721495272	0.12321011615687248	0.004909759976305619
345000	-1371.4746620223477	-1218.9901653187364	-152.48449670361134	0.16941966400505487	0.06833977394083415	0.11354888340917137	0.0032722298709041892
346000	-1369.0962870234118	-1219.2204348363564	-149.87585218705547	0.09008278820990627	0.11717994512781275	0.11810334146825446	0.0029479242092190243
347000	-1370.237117969909	-1218.5087364973224	-151.7283814725866	0.08096273361116772	0.07426263303709597	0.1646493642942869	0.0018380406523110663
348000	-1369.963750982292	-1219.622892101171	-150.34085888112094	0.13767695372011382	0.15013567145314752	0.1290141030765355	0.003901482006731312
349000	-1370.536821069177	-1219.6082240896671	-150.92859697950976	0.07422839549717078	0.09018059923476379	0.09121370828616207	0.0018320826281535382
350000	-1370.075035183866	-1218.531579666109	-151.54345551775694	0.13822161640769823	0.08502143655251058	0.11408371526663506	0.005815509856612794
351000	-1369.7025938740182	-1219.141076519587	-150.5615173544314	0.09827664265304818	0.09360123340715884	0.11525196794626148	0.0023974890711343515
352000	-1371.806172597653	-1220.8632236458388	-150.94294895181415	0.10698727816252904	0.09780669214605636	0.0750550067554672	0.0040220152012436445
353000	-1371.2508460416295	-1219.2722334147475	-151.97861262688215	0.05434167796798089	0.10883220211765313	0.13267679702856966	0.0016068522286948014
354000	-1375.5416252611926	-1223.0523650594123	-152.48926020178033	0.14778687134970278	0.12654553831116924	0.06981328491438307	0.005881066587495957
355000	-1369.625103186077	-1218.9851103218064	-150.63999286427068	0.0860968463420125	0.07571787599918062	0.10246269696983035	0.002125802064273589
356000	-1369.0773953124822	-1219.0930542310125	-149.9843410814696	0.08553306545371402	0.12053430461367212	0.1377851073048477	0.002721217745879958
357000	-1373.5997360342592	-1222.1814064172058	-151.4183296170533	0.10908275311622241	0.07276419587894609	0.06667675017250964	0.001103958640729603
358000	-1370.6756345505933	-1219.893180533088	-150.78245401750507	0.09767158899229679	0.10636441047737767	0.08970627507115278	0.0035717634675904654
359000	-1372.765225528903	-1220.2170380469477	-152.54818748195538	0.061546753576423696	0.0960230242951094	0.08097050792191554	0.0034996742656511312
360000	-1374.8420000110698	-1217.2422390014308	-157.59976100963905	0.21021961415903365	0.04362108103762684	0.13116262496555825	0.005881976883150285
361000	-1371.5928082023493	-1218.5579429998345	-153.03486520251474	0.0854232320108331	0.058024354523605486	0.09870960779299143	0.004752463232708048
362000	-1372.3893800241062	-1219.5771544145002	-152.81222560960597	0.11378720270206405	0.14285750448041304	0.13268992036523228	0.006299502462128525
363000	-1370.3867087570127	-1218.993583209864	-151.39312554714868	0.06100409850046042	0.09521870280942915	0.12179447793371077	0.0019142031164065226
364000	-1371.678077061255	-1219.0883093238185	-152.58976773743632	0.08849124472766579	0.08181046053514067	0.12787735424951907	0.005425243581598936
365000	-1370.3746152807187	-1219.028131721047	-151.3464835596717	0.07085284529157776	0.09264031718553035	0.12559783837198177	0.003321113480598394
366000	-1370.0937685743086	-1218.7535181635465	-151.34025041076214	0.15042040468815157	0.08053567341767486	0.10983129200083594	0.004942963825501974
367000	-1370.687102649265	-1220.9901018160672	-149.69700083319782	0.14477913016854072	0.07768272543205854	0.13224427848312495	9.231061363382681E-4
368000	-1370.411639979461	-1218.269643054368	-152.14199692509285	0.10869178843519905	0.0932290252729589	0.19441280981785386	0.003283926673557368
369000	-1370.4958257441788	-1219.2726528146654	-151.22317292951328	0.1317643369518736	0.13071770270791283	0.1316118498403309	0.007596599635709827
370000	-1371.9678022492417	-1218.3315416822315	-153.63626056701003	0.06677307530958462	0.057387007617699846	0.09033973046376105	0.0023839395111318793
371000	-1370.768039494887	-1217.8509956107432	-152.9170438841438	0.10495308780456952	0.056400992616729255	0.11234024313468648	0.005129972922293412
372000	-1370.3226252896882	-1217.8961685599224	-152.42645672976568	0.12753625759425002	0.05726463899910005	0.10773331651051388	0.004472109639659574
373000	-1372.2903216531545	-1221.0875489884347	-151.20277266471976	0.11222518862957633	0.15196753425246254	0.0846372827454175	0.004868697730459053
374000	-1371.1472648627828	-1217.7945734445475	-153.35269141823537	0.1138481352237566	0.07906860081749105	0.20390923660834098	0.003553212661997915
375000	-1374.732521789644	-1220.0366388235575	-154.69588296608643	0.04145107610472908	0.10994332283946368	0.09930672766834543	7.27868671953463E-4
376000	-1372.817100586647	-1219.1186700324724	-153.69843055417456	0.06760614933046166	0.06340035649184667	0.07568995443040932	0.002678940120528975
377000	-1371.2869788824362	-1217.0171460347462	-154.2698328476899	0.10471610389903505	0.05059942787650916	0.17943252290270778	0.0025812365973076077
378000	-1370.204955101443	-1219.4111301471785	-150.79382495426432	0.09339882941082406	0.092671517790814	0.11885698351326861	0.005866071122506883
379000	-1372.0958911157923	-1219.3831205934662	-152.71277052232608	0.04868664329844349	0.10636479147339803	0.11239066951011281	0.0018293224321321024
380000	-1371.3298909516166	-1220.0963866243524	-151.23350432726414	0.07688187609658972	0.14253191981161545	0.1401884796660865	0.004128214071366694
381000	-1369.0367784767536	-1219.070422790407	-149.96635568634667	0.10702544479127085	0.084076309008926	0.14912485719256705	0.0018304472604466174
382000	-1371.7988623892275	-1216.8286090817992	-154.97025330742824	0.19980253202705958	0.0630697361853536	0.15593517263596712	0.005908671512293775
383000	-1369.783154597609	-1218.734961054967	-151.04819354264197	0.09213315728587901	0.10818128445411432	0.1541474168825854	0.003443554187594148
384000	-1369.658492086288	-1219.0030600407104	-150.6554320455778	0.1010056441998639	0.08825901044518764	0.14679493740115915	0.0019285392088819327
385000	-1372.897562746164	-1219.1594237935647	-153.73813895259948	0.17212338742891595	0.0974827781070245	0.11977915333146054	0.0116222689502785
386000	-1373.0035595528461	-1220.4649378739468	-152.53862167889932	0.13722763131576968	0.12885888293636694	0.14043837618867464	0.001700302878684475
387000	-1370.3104206869805	-1219.8105943320127	-150.49982635496787	0.12212214520764182	0.10381959210194043	0.09450105786741175	0.005513320848019005
388000	-1370.549934572247	-1218.2318804664815	-152.31805410576533	0.0944956677329568	0.06095891387049423	0.14290720983679486	0.0018581211726541773
389000	-1370.9256050526185	-1220.7691561881677	-150.15644886445077	0.06835603490776397	0.08928277861087186	0.12275307882933237	6.428597756391252E-4
390000	-1371.1559026961518	-1219.6591653901341	-151.4967373060176	0.06153258974149137	0.07686359002742839	0.12884431505517008	9.326741803077221E-4
391000	-1368.8403054076102	-1218.0769031314624	-150.76340227614781	0.11937173749804247	0.07288495608588022	0.12055829079587173	0.0037451725164134816
392000	-1371.1906950577165	-1221.6228327234207	-149.5678623342957	0.13353472981727632	0.13348792842898313	0.12363882803987518	9.443124948815784E-4
393000	-1369.3377868613475	-1219.4887970853495	-149.84898977599798	0.12695441442240807	0.0868851665333396	0.11078343352558957	0.002549349285859165
394000	-1371.263828050824	-1222.087632341881	-149.17619570894294	0.12142458938203846	0.10659590474796907	0.0859864218421665	9.976168116381649E-4
395000	-1371.0799003966977	-1217.705157089334	-153.37474330736362	0.18055273870874058	0.08751372361004135	0.1529506307303172	0.005248212211279253
396000	-1370.4563696251066	-1219.2821967863242	-151.17417283878234	0.09034228118265278	0.12054687891902452	0.13351335996154745	0.0023122072092691425
397000	-1368.932762964775	-1219.767186806915	-149.16557615786002	0.11101392231411834	0.0992546511424327	0.11686046169827498	0.00198372646872273
398000	-1372.1037767339885	-1223.1739244389664	-148.92985229502213	0.15819761070839036	0.09825380876636862	0.1047977878293481	7.70125815922376E-5
399000	-1370.906972198738	-1220.2096635787625	-150.69730861997547	0.09689888806568979	0.10969340063316087	0.0865300501715318	0.0029891848089680048
400000	-1369.0820528689703	-1217.9858970229486	-151.09615584602176	0.11496030532590076	0.08235513428262517	0.1592373971924448	0.003193034940650375
401000	-1377.4713572213846	-1223.0308457310036	-154.44051149038097	0.10395828959005715	0.09130978784574806	0.056663997548670304	0.002211880990407259
402000	-1369.1147477295358	-1218.04663997033	-151.06810775920567	0.1441495687164828	0.0797599913652722	0.14359706360467217	0.003561094021318715
403000	-1369.5835581429583	-1218.9119988913596	-150.67155925159872	0.07483380275862965	0.09346719757325558	0.11153988131912587	0.002839719296205261
404000	-1369.0243118773408	-1219.2764790818167	-149.7478327955241	0.10333426620450724	0.12507654500993032	0.12320412488326105	0.0031969194756437014
405000	-1373.1163146598947	-1219.3384140805676	-153.77790057932705	0.050856680866528885	0.07661135616503578	0.16715220104761977	9.961547228213706E-4
406000	-1379.6183080186404	-1216.2393847676492	-163.37892325099116	0.18672586179388873	0.058167821327819565	0.19319634774984962	0.006864744272688209
407000	-1370.4348869116802	-1218.8669238689286	-151.56796304275156	0.08603031624707927	0.08168089684859409	0.16645997321063602	0.0017013758869007484
408000	-1372.475816826512	-1218.5930954770313	-153.88272134948087	0.06970373377065374	0.06774421274138029	0.14365308455101322	0.0035899985516628773
409000	-1371.7397095804745	-1218.6156385959566	-153.12407098451783	0.05427404508095577	0.07318763251719762	0.13885025005273752	0.0017949409313662513
410000	-1371.8124956261686	-1219.030986250298	-152.78150937587066	0.14383267160904775	0.12488615208450642	0.1687873095684162	0.0031167902605012
411000	-1371.7993775130562	-1222.404555027726	-149.39482248533028	0.07132683676237407	0.13300243884610644	0.12615299602794075	2.0847549380169527E-4
412000	-1369.6809161144274	-1217.646626588518	-152.0342895259094	0.09592190131924387	0.06530038591211514	0.131744819653744	0.0034128170826119475
413000	-1373.1491052919653	-1220.2281365207518	-152.92096877121344	0.06643521273046465	0.0825798838212179	0.06687490365699239	0.002067788726913209
414000	-1370.9299527879705	-1220.7269227869028	-150.2030300010676	0.12972967631785787	0.11225125191171618	0.10844771580497223	0.001809435931078306
415000	-1370.8439128254722	-1220.1890829698123	-150.65482985565993	0.11471020565230972	0.14209460402717175	0.10474909409780218	0.0066350720424525845
416000	-1372.9756942387976	-1218.881087107204	-154.09460713159365	0.12054931123964374	0.0673717213364	0.09693205273190529	0.003461677131050488
417000	-1373.979782904239	-1218.322228376136	-155.65755452810288	0.10497140743846788	0.07827072775285182	0.18472628573320019	0.0023059604310127764
418000	-1371.533110562627	-1219.2390453460387	-152.29406521658817	0.15316984994918728	0.08304946886029846	0.11199913923868512	0.010046470072530409
419000	-1369.672750630211	-1218.8591647725011	-150.81358585771002	0.09496556163639192	0.06765621614121722	0.11356407797181606	0.0018793267775723819
420000	-1372.9514647989733	-1220.8175495238252	-152.1339152751481	0.08099545516997547	0.19451484207729725	0.09477202810061197	0.0017019593053115053
421000	-1372.1065303793503	-1219.5304695927705	-152.5760607865797	0.06271495588330499	0.12923235519582524	0.14184715024899155	0.0024336294251522464
422000	-1371.8410348690309	-1218.6361674238765	-153.2048674451543	0.08297235025047375	0.08520600460376324	0.15260457427698026	0.002052728795097904
423000	-1373.9193113175127	-1219.0332314929497	-154.88607982456296	0.0799649883770917	0.038550383702804294	0.1036317962463802	9.727590699219081E-4
424000	-1370.6542718088492	-1219.0311459517181	-151.62312585713113	0.1149426361022843	0.12408143282136913	0.1927056335038767	0.0027726582716368184
425000	-1371.297917374506	-1219.5165867925011	-151.78133058200478	0.12688243799629673	0.09214857312488918	0.1695850787476889	0.0016947111670917218
426000	-1372.956918524887	-1220.635822096496	-152.32109642839092	0.06782076811762411	0.11953880434629169	0.07039001159597466	0.0023935022424849883
427000	-1372.062834755731	-1218.1482393283613	-153.9145954273698	0.08589740697436417	0.049085065986090616	0.09838685470021032	0.0020411764288446326
428000	-1370.0571113219787	-1217.492574004958	-152.56453731702067	0.10982585511587105	0.055910973769342544	0.11769479247484713	0.004588869649825193
429000	-1371.8366169711517	-1221.1220584974033	-150.7145584737485	0.10314387799684512	0.17385997627280086	0.11446831317332788	0.0013050891988759012
430000	-1371.3200547536208	-1222.0004543630457	-149.31960039057498	0.10474670465651201	0.1702239819864971	0.11213587743719966	6.70692693419457E-4
431000	-1378.1636440873942	-1223.6524397711166	-154.51120431627768	0.06909943382406022	0.11022220530676317	0.043177441766743076	5.402223135740296E-4
432000	-1369.0564040732895	-1219.0966706049687	-149.95973346832085	0.10396873406610918	0.086845716530133	0.11237682522831542	0.002469863051465528
433000	-1370.106353993406	-1220.9716701617294	-149.13468383167643	0.09522318796721059	0.08583167940616145	0.13347205495803793	7.120285428777106E-4
434000	-1372.3676442422138	-1220.3254656708916	-152.0421785713222	0.07107399315943881	0.0828902668276297	0.07549830198875741	0.0014352379906648045
435000	-1377.8452467651882	-1219.9905293282743	-157.854717436914	0.025983968044046256	0.1429201634625907	0.09783180510580439	5.009789295686203E-4
436000	-1369.2164470433208	-1219.7426911268856	-149.47375591643527	0.11396431453877971	0.0998498018703301	0.1061727887646294	0.0025015789253054967
437000	-1369.2845306347551	-1217.9298502141462	-151.35468042060887	0.11578092747893727	0.06329067672233343	0.1443704398335991	0.0024485112226153966
438000	-1370.1814752237299	-1219.1672418911717	-151.0142333325582	0.11162158323271325	0.07602401033728694	0.10099110068825454	0.0026906357896819126
439000	-1368.5802674110598	-1219.0038049536938	-149.57646245736598	0.09410843343135561	0.09693986478505931	0.13314359736609133	0.0021904440818275705
440000	-1371.8708086362913	-1218.3133707284755	-153.5574379078157	0.14334492989749817	0.11346923276665609	0.22388188218099261	0.004456569824281165
441000	-1370.069759236395	-1219.974046406686	-150.0957128297089	0.1188431560566865	0.08321364563264844	0.10670054769932316	0.0018521258818795677
442000	-1370.243976835558	-1218.97749183069	-151.26648500486786	0.1271503136663883	0.07067767044283357	0.1287642944577062	0.0020521206610837573
443000	-1371.6505766691996	-1218.715307178927	-152.93526949027256	0.07819168749339785	0.08208515263845413	0.1771990753802334	0.0018589945422200825
444000	-1371.0824173486285	-1219.330285557695	-151.7521317909334	0.0589796644325925	0.1168924256198533	0.1217444032847752	0.001978707463157256
445000	-1370.9300611344754	-1217.6236782697365	-153.30638286473885	0.08115253838731278	0.053368034501028457	0.1191855542783288	0.003733544697431505
446000	-1370.8819343176253	-1219.3992038823822	-151.48273043524318	0.05633395775871661	0.11510598688945615	0.12674421802298683	0.001479658909947713
447000	-1373.007252242975	-1219.956944860897	-153.0503073820781	0.04363860719686698	0.13843234355730968	0.11550768581730286	8.581849834475782E-4
448000	-1375.0686965508169	-1223.7641856429182	-151.3045109078988	0.10707628484898211	0.10194152520180698	0.051455558032690814	1.6124425823028427E-4
449000	-1369.1117468778182	-1218.1902134473871	-150.92153343043105	0.08947170503268374	0.07558494989889242	0.1256202100367171	0.00288626106590643
450000	-1371.066664431051	-1219.7914762251585	-151.2751882058927	0.07999931746552963	0.0798558378656283	0.08293226824324644	0.0019196502789068461
451000	-1369.0910503956684	-1218.6729391722984	-150.41811122337003	0.11671370771913502	0.11647794101940964	0.16665554502774266	0.0034032816309247644
452000	-1368.9298474309521	-1219.6625572890302	-149.26729014192188	0.10729522677978541	0.12583193351790947	0.11583332704204267	0.0027295157663142873
453000	-1372.4642347780737	-1218.0464091622196	-154.417825615854	0.060776522919765937	0.0576322423425715	0.14369144233723802	0.0017379798555318122
454000	-1369.7690699573923	-1218.5961927463986	-151.1728772109937	0.1466889524193222	0.07781824851568965	0.11582464645253122	0.003995408393764166
455000	-1370.7638784314604	-1217.5599971985127	-153.20388123294754	0.13873750995844927	0.06923263946077743	0.13186962888564183	0.004753295776739725
456000	-1372.598135377924	-1219.379023476431	-153.2191119014931	0.17605837231881727	0.09648099614555518	0.10615898822482915	0.00785845021466598
457000	-1373.289261464739	-1220.1878124719979	-153.10144899274113	0.06905289186866354	0.11228984682807959	0.21679889280957318	0.0010671428956334846
458000	-1369.2952537223944	-1217.9788754097017	-151.31637831269268	0.1527791387171495	0.09653115422270858	0.15088879270393463	0.004955562080870712
459000	-1373.3683762434302	-1219.9193340760721	-153.44904216735821	0.058962575235946654	0.0975764170961813	0.0856303546631216	0.003072243678592107
460000	-1375.0570368443264	-1220.0502168403423	-155.00682000398413	0.03506924101898944	0.1042645560258258	0.10880446021643891	5.721017093270692E-4
461000	-1371.0588703552835	-1219.3198278384612	-151.73904251682228	0.08354093602590333	0.0600775072592001	0.10041569437534838	0.0013760560024527115
462000	-1370.927320012014	-1219.2919608127368	-151.63535919927716	0.05702476883476996	0.09656120836638127	0.11640923950805333	0.0013778075465588038
463000	-1371.2820519505	-1220.0262909445837	-151.25576100591647	0.09447501859474272	0.1788304397506858	0.13901693994194692	0.0020057294371809394
464000	-1371.806267306895	-1218.682246750831	-153.12402055606407	0.07215987176945463	0.06250897050210041	0.10169281969361363	0.003953716319589605
465000	-1371.1999160562352	-1220.6337897917592	-150.56612626447603	0.07701171857058073	0.0736749669675158	0.1208069363446638	6.931527188336297E-4
466000	-1371.274806902493	-1219.7268123125182	-151.5479945899749	0.18621053283031153	0.12199075666252768	0.13134063130105453	0.003787787968875324
467000	-1370.2312604933163	-1219.652955448581	-150.57830504473543	0.11944774103616676	0.12671241502076677	0.106843718616634	0.005309649563658635
468000	-1376.0929064833736	-1220.339398026124	-155.75350845724967	0.05600179900361815	0.11169908591576284	0.15531296795018265	7.259736934536018E-4
469000	-1372.8811311761551	-1220.1153377361934	-152.7657934399618	0.10591934243826495	0.2062516796999132	0.13358057642724291	0.002626512007558201
470000	-1368.5997565336775	-1218.2676062655821	-150.33215026809543	0.12160685022566374	0.0843511271995151	0.15047938475754313	0.0029383838142266316
471000	-1369.0768533773664	-1218.559263930501	-150.51758944686554	0.116662359071231	0.09095539262981472	0.11831218578607376	0.005134484509757807
472000	-1370.793002323118	-1219.5921006257545	-151.20090169736335	0.05923337549293181	0.11878768744991004	0.10131774821668245	0.0016514194889250874
473000	-1369.5598910370334	-1218.4040506967385	-151.1558403402948	0.09774261724248852	0.08422480487378231	0.16686590945006052	0.0023980608727356936
474000	-1370.8562575969465	-1217.961915839082	-152.8943417578645	0.13605670065237313	0.06078328785887039	0.12543751462208505	0.007425264953075751
475000	-1371.4997596708708	-1217.2979711566616	-154.2017885142094	0.09614659991792512	0.044172354630106644	0.10450403067110565	0.0035481906614378833
476000	-1369.85240865067	-1219.3925846093432	-150.4598240413268	0.08222339441581498	0.10136697101897059	0.09650696192137818	0.003089303906219104
477000	-1369.8451441551051	-1219.1992992044015	-150.64584495070346	0.08099707822163679	0.12761102424296733	0.15875849057558253	0.0026139366132734475
478000	-1370.980234059389	-1220.3079304896073	-150.67230356978172	0.13641338620541862	0.09534189301361488	0.18240967370384847	0.001229053476652373
479000	-1372.676538368051	-1218.8703789180236	-153.80615945002745	0.06604612540310796	0.06703158998679296	0.09752884443520135	0.003463788392187426
480000	-1372.0027760010016	-1219.0126486159281	-152.99012738507344	0.061582646972232785	0.07128239066589924	0.10452122033172154	0.0013878497569302349
481000	-1370.6899045708426	-1217.492057166394	-153.19784740444854	0.10184416032525917	0.05279126210279863	0.1476658807317349	0.0022501813161589267
482000	-1369.804673383478	-1219.5889740136222	-150.21569936985594	0.11705278261013309	0.07942872650004647	0.09607732270628556	0.002709135329318498
483000	-1373.3512635914453	-1218.629514428161	-154.72174916328441	0.11953370231483043	0.11324141327415518	0.14745024296370715	0.0055972309941069425
484000	-1370.4577117326896	-1218.3934082662183	-152.06430346647122	0.07408827197623481	0.07155632269810207	0.1084468337621291	0.0028565287096929248
485000	-1370.2301488139806	-1221.276668202869	-148.95348061111167	0.11371658230294968	0.11097411451512089	0.15448382739511446	7.349737017652084E-4
486000	-1369.4436074634407	-1219.6169690538509	-149.8266384095898	0.08704040111890268	0.1069995827365521	0.13838531478900035	0.0015494325008236476
487000	-1369.572410502031	-1219.955802854713	-149.61660764731803	0.09401059456516901	0.09934806624927503	0.10334818319948011	0.0017786304880639636
488000	-1370.6181947234325	-1219.7142621503513	-150.9039325730812	0.10694962882013939	0.0913218092312618	0.09181638462445305	0.005803638560303639
489000	-1369.8615313943988	-1218.833060519239	-151.02847087515966	0.09586543626516453	0.09316125149442117	0.1287227540154894	0.00244413571211766
490000	-1370.9902544605416	-1222.5463486416666	-148.44390581887495	0.12530776080672243	0.12982667042930757	0.14105030632831508	2.602042600650624E-4
491000	-1370.1671709300385	-1218.603826538515	-151.5633443915236	0.07505141573778798	0.06768894468754176	0.10790951962184034	0.0018982378084498434
492000	-1371.6782780696708	-1219.2831449352768	-152.39513313439392	0.14338131484444686	0.10308403493156672	0.20408027750220634	0.0021391254972234737
493000	-1369.5126933513154	-1219.7440520385194	-149.7686413127961	0.08104484130469454	0.09743187708617064	0.12539209948985136	0.0013457832787926222
494000	-1371.9832206800497	-1220.7745455194577	-151.20867516059204	0.06531826733014645	0.08483764987718868	0.09444420074516983	7.217071568156706E-4
495000	-1370.1320373426383	-1218.8610764431544	-151.27096089948407	0.11917728982100495	0.05846663013234041	0.11702726228918682	0.0018749418193351644
496000	-1369.9955439282169	-1220.637120626744	-149.3584233014728	0.1260504226613144	0.13049627066603173	0.1020068066224226	0.0025591515073285624
497000	-1368.7623729656473	-1219.274278637838	-149.48809432780928	0.0956181769262329	0.10250693955075195	0.13577403399505722	0.0019707758534830157
498000	-1370.6497554024945	-1219.7220295254083	-150.92772587708632	0.06558273982684526	0.11853611369257683	0.1418040681126557	0.0012520068622191695
499000	-1370.2125014094358	-1218.4095144203284	-151.8029869891074	0.1050590983405061	0.08388714556229976	0.12402385938212168	0.003205631345491728
500000	-1371.2447307806488	-1221.675053044602	-149.56967773604686	0.11729134731605585	0.08467073769519115	0.09610503079568489	8.02450444290353E-4
