pbsworkdir
/home/gseeholzer/nas3/bfd/runs/F4
./:/bin:/usr/bin:/usr/local/sbin:/usr/sbin:/opt/pbs/bin:/home/gseeholzer/programs/bamUtil/bin:/home/gseeholzer/programs/samtools-1.10/bin:/home/gseeholzer/programs/angsd:/home/gseeholzer/programs/angsd/misc:/home/gseeholzer/programs/satsuma2-master/bin:/home/gseeholzer/programs/pcangsd:/home/gseeholzer/programs/evalAdmix:/home/gseeholzer/programs/htslib-1.10.2/bin:/home/gseeholzer/programs/ngsRelate:/home/gseeholzer/programs/vcftools_0.1.13/bin:/home/gseeholzer/programs/bcftools-1.10.2/bin:/home/gseeholzer/programs/gsl/bin:/home/gseeholzer/programs/ngsTools/ngsDist:/home/gseeholzer/programs/ngsTools/ngsF:/home/gseeholzer/programs/ngsTools/ngsF-HMM:/home/gseeholzer/programs/ngsTools/ngsLD:/home/gseeholzer/programs/ngsTools/ngsPopGen:/home/gseeholzer/programs/ngsTools/ngsSim:/home/gseeholzer/programs/ngsTools/ngsUtils:/home/gseeholzer/programs/fastme-2.1.6.1/src:/home/gseeholzer/programs/beast/bin:/home/gseeholzer/.local/bin:/home/gseeholzer/bin
Sun Dec  6 07:57:55 EST 2020

real	0m0.000s
user	0m0.000s
sys	0m0.000s

                        BEAST v2.6.2, 2002-2020
             Bayesian Evolutionary Analysis Sampling Trees
                       Designed and developed by
 Remco Bouckaert, Alexei J. Drummond, Andrew Rambaut & Marc A. Suchard
                                    
                   Centre for Computational Evolution
                         University of Auckland
                       r.bouckaert@auckland.ac.nz
                        alexei@cs.auckland.ac.nz
                                    
                   Institute of Evolutionary Biology
                        University of Edinburgh
                           a.rambaut@ed.ac.uk
                                    
                    David Geffen School of Medicine
                 University of California, Los Angeles
                           msuchard@ucla.edu
                                    
                      Downloads, Help & Resources:
                           http://beast2.org/
                                    
  Source code distributed under the GNU Lesser General Public License:
                   http://github.com/CompEvol/beast2
                                    
                           BEAST developers:
   Alex Alekseyenko, Trevor Bedford, Erik Bloomquist, Joseph Heled, 
 Sebastian Hoehna, Denise Kuehnert, Philippe Lemey, Wai Lok Sibon Li, 
Gerton Lunter, Sidney Markowitz, Vladimir Minin, Michael Defoin Platel, 
          Oliver Pybus, Tim Vaughan, Chieh-Hsi Wu, Walter Xie
                                    
                               Thanks to:
          Roald Forsberg, Beth Shapiro and Korbinian Strimmer

Random number seed: 1607259476139

File: F4.SBE3_v1_1sp.r1.xml seed: 1607259476139 threads: 16
Loading package BEAST v2.6.2
Loading package BEASTLabs v1.9.2
Loading package MODEL_SELECTION v1.5.2
Loading package SNAPP v1.5.0
Loading package BEAST v2.6.2
Alignment(bfd)
  40 taxa
  100 sites
  100 patterns

ant: 100 41
cur: 100 5
Data(snap.bfd)
  2 taxa
  100 sites
  39 patterns

Seq: seq_CarpaChavin_B72793.Huanuco.CarpaChavin
Seq: seq_CarpaChavin_B72795.Huanuco.CarpaChavin1
Seq: seq_Carpish_B72761.Huanuco.Acomayo3
Seq: seq_Carpish_B72772.Huanuco.Mitotambo2
Seq: seq_Amotape_B67243.Tumbes.Amotape
Seq: seq_Amotape_B67257.Tumbes.Amotape4
Seq: seq_Chavinillo_B72789.Huanuco.Chavinillo3
Seq: seq_Chavinillo_B72792.Huanuco.Chavinillo4
Seq: seq_Quichas_B72777.Lima.Quichas2
Seq: seq_Quichas_B72778.Lima.Quichas
Seq: seq_Canchaque_B72873.Piura.Canchaque4
Seq: seq_Canchaque_B72878.Piura.Canchaque7
Seq: seq_Huamatanga_B72889.Lima.Huamatanga7
Seq: seq_Huamatanga_B72892.Lima.Huamatanga7
Seq: seq_Pacar_B72907.Ancash.Pacar1
Seq: seq_Pacar_B72909.Ancash.Pacar3
Seq: seq_LaQuinua_B72753.Pasco.LaQuinua1
Seq: seq_LaQuinua_B72756.Pasco.LaQuinua3
Seq: seq_Chinchan_B72900.Ancash.Chinchan2
Seq: seq_Chinchan_NK_1738961
Seq: seq_curtata_cra.cur.B60322
Seq: seq_curtata_cra.cur.B81753
ant: 100 41
cur: 100 5
2 taxa
100 sites
41 patterns
Rate prior = gamma
Log Likelihood Correction = -1393.0738820230965
===============================================================================
Citations for this model:

Bouckaert, Remco, Timothy G. Vaughan, Jo?lle Barido-Sottani, Sebasti?n Duch?ne, 
  Mathieu Fourment, Alexandra Gavryushkina, Joseph Heled et al. 
  BEAST 2.5: An advanced software platform for Bayesian evolutionary analysis. 
  PLoS computational biology 15, no. 4 (2019): e1006650.

David Bryant, Remco Bouckaert, Joseph Felsenstein, Noah Rosenberg, Arindam RoyChoudhury. Inferring Species Trees Directly from Biallelic Genetic Markers: Bypassing Gene Trees in a Full Coalescent Analysis. Mol. Biol. Evol. 29(8):1917-1932, 2012

===============================================================================
Starting step 0
Starting step 1
Starting step 2
Starting step 3
Starting step 4
Starting step 5
Starting step 6
Starting step 7
Starting step 8
Starting step 9
Starting step 10
Starting step 11
Starting step 12
Starting step 13
Starting step 14
Starting step 15
Finished step 6
Finished step 11
Finished step 5
Finished step 8
Finished step 10
Finished step 12
Finished step 9
Finished step 15
Finished step 2
Finished step 0
Finished step 13
Finished step 14
Finished step 1
Finished step 3
Finished step 4
Finished step 7
Starting step 16
Starting step 17
Starting step 19
Starting step 18
Starting step 20
Starting step 21
Starting step 22
Starting step 23
Finished step 18
Finished step 21
Finished step 17
Finished step 19
Finished step 22
Finished step 20
Finished step 16
Finished step 23

Loading /home/gseeholzer/nas3/bfd/runs/F4/F4.SBE3_v1_1sp.r1/step0/likelihood.log, burnin 20%, skipping 200 log lines

|---------|---------|---------|---------|---------|---------|---------|---------|
*********************************************************************************

Calculating statistics

|---------|---------|---------|---------|---------|---------|---------|---------|
********************************************************************************

marginalLs[0 ] = -1835.7749413392066

Loading /home/gseeholzer/nas3/bfd/runs/F4/F4.SBE3_v1_1sp.r1/step1/likelihood.log, burnin 20%, skipping 200 log lines

|---------|---------|---------|---------|---------|---------|---------|---------|
*********************************************************************************

Calculating statistics

|---------|---------|---------|---------|---------|---------|---------|---------|
********************************************************************************

marginalLs[1 ] = -1835.9916427317328

Loading /home/gseeholzer/nas3/bfd/runs/F4/F4.SBE3_v1_1sp.r1/step2/likelihood.log, burnin 20%, skipping 200 log lines

|---------|---------|---------|---------|---------|---------|---------|---------|
*********************************************************************************

Calculating statistics

|---------|---------|---------|---------|---------|---------|---------|---------|
********************************************************************************

marginalLs[2 ] = -1836.3057047506597

Loading /home/gseeholzer/nas3/bfd/runs/F4/F4.SBE3_v1_1sp.r1/step3/likelihood.log, burnin 20%, skipping 200 log lines

|---------|---------|---------|---------|---------|---------|---------|---------|
*********************************************************************************

Calculating statistics

|---------|---------|---------|---------|---------|---------|---------|---------|
********************************************************************************

marginalLs[3 ] = -1836.4815318242752

Loading /home/gseeholzer/nas3/bfd/runs/F4/F4.SBE3_v1_1sp.r1/step4/likelihood.log, burnin 20%, skipping 200 log lines

|---------|---------|---------|---------|---------|---------|---------|---------|
*********************************************************************************

Calculating statistics

|---------|---------|---------|---------|---------|---------|---------|---------|
********************************************************************************

marginalLs[4 ] = -1836.683195164371

Loading /home/gseeholzer/nas3/bfd/runs/F4/F4.SBE3_v1_1sp.r1/step5/likelihood.log, burnin 20%, skipping 200 log lines

|---------|---------|---------|---------|---------|---------|---------|---------|
*********************************************************************************

Calculating statistics

|---------|---------|---------|---------|---------|---------|---------|---------|
********************************************************************************

marginalLs[5 ] = -1836.9777304253041

Loading /home/gseeholzer/nas3/bfd/runs/F4/F4.SBE3_v1_1sp.r1/step6/likelihood.log, burnin 20%, skipping 200 log lines

|---------|---------|---------|---------|---------|---------|---------|---------|
*********************************************************************************

Calculating statistics

|---------|---------|---------|---------|---------|---------|---------|---------|
********************************************************************************

marginalLs[6 ] = -1837.0537746614473

Loading /home/gseeholzer/nas3/bfd/runs/F4/F4.SBE3_v1_1sp.r1/step7/likelihood.log, burnin 20%, skipping 200 log lines

|---------|---------|---------|---------|---------|---------|---------|---------|
*********************************************************************************

Calculating statistics

|---------|---------|---------|---------|---------|---------|---------|---------|
********************************************************************************

marginalLs[7 ] = -1837.3983568232002

Loading /home/gseeholzer/nas3/bfd/runs/F4/F4.SBE3_v1_1sp.r1/step8/likelihood.log, burnin 20%, skipping 200 log lines

|---------|---------|---------|---------|---------|---------|---------|---------|
*********************************************************************************

Calculating statistics

|---------|---------|---------|---------|---------|---------|---------|---------|
********************************************************************************

marginalLs[8 ] = -1837.5610990209323

Loading /home/gseeholzer/nas3/bfd/runs/F4/F4.SBE3_v1_1sp.r1/step9/likelihood.log, burnin 20%, skipping 200 log lines

|---------|---------|---------|---------|---------|---------|---------|---------|
*********************************************************************************

Calculating statistics

|---------|---------|---------|---------|---------|---------|---------|---------|
********************************************************************************

marginalLs[9 ] = -1837.674122311369

Loading /home/gseeholzer/nas3/bfd/runs/F4/F4.SBE3_v1_1sp.r1/step10/likelihood.log, burnin 20%, skipping 200 log lines

|---------|---------|---------|---------|---------|---------|---------|---------|
*********************************************************************************

Calculating statistics

|---------|---------|---------|---------|---------|---------|---------|---------|
********************************************************************************

marginalLs[10 ] = -1837.7851159962577

Loading /home/gseeholzer/nas3/bfd/runs/F4/F4.SBE3_v1_1sp.r1/step11/likelihood.log, burnin 20%, skipping 200 log lines

|---------|---------|---------|---------|---------|---------|---------|---------|
*********************************************************************************

Calculating statistics

|---------|---------|---------|---------|---------|---------|---------|---------|
********************************************************************************

marginalLs[11 ] = -1837.8581459311388

Loading /home/gseeholzer/nas3/bfd/runs/F4/F4.SBE3_v1_1sp.r1/step12/likelihood.log, burnin 20%, skipping 200 log lines

|---------|---------|---------|---------|---------|---------|---------|---------|
*********************************************************************************

Calculating statistics

|---------|---------|---------|---------|---------|---------|---------|---------|
********************************************************************************

marginalLs[12 ] = -1838.0876895883112

Loading /home/gseeholzer/nas3/bfd/runs/F4/F4.SBE3_v1_1sp.r1/step13/likelihood.log, burnin 20%, skipping 200 log lines

|---------|---------|---------|---------|---------|---------|---------|---------|
*********************************************************************************

Calculating statistics

|---------|---------|---------|---------|---------|---------|---------|---------|
********************************************************************************

marginalLs[13 ] = -1838.2609260786983

Loading /home/gseeholzer/nas3/bfd/runs/F4/F4.SBE3_v1_1sp.r1/step14/likelihood.log, burnin 20%, skipping 200 log lines

|---------|---------|---------|---------|---------|---------|---------|---------|
*********************************************************************************

Calculating statistics

|---------|---------|---------|---------|---------|---------|---------|---------|
********************************************************************************

marginalLs[14 ] = -1838.365230638866

Loading /home/gseeholzer/nas3/bfd/runs/F4/F4.SBE3_v1_1sp.r1/step15/likelihood.log, burnin 20%, skipping 200 log lines

|---------|---------|---------|---------|---------|---------|---------|---------|
*********************************************************************************

Calculating statistics

|---------|---------|---------|---------|---------|---------|---------|---------|
********************************************************************************

marginalLs[15 ] = -1838.3922060396271

Loading /home/gseeholzer/nas3/bfd/runs/F4/F4.SBE3_v1_1sp.r1/step16/likelihood.log, burnin 20%, skipping 200 log lines

|---------|---------|---------|---------|---------|---------|---------|---------|
*********************************************************************************

Calculating statistics

|---------|---------|---------|---------|---------|---------|---------|---------|
********************************************************************************

marginalLs[16 ] = -1838.5394131529106

Loading /home/gseeholzer/nas3/bfd/runs/F4/F4.SBE3_v1_1sp.r1/step17/likelihood.log, burnin 20%, skipping 200 log lines

|---------|---------|---------|---------|---------|---------|---------|---------|
*********************************************************************************

Calculating statistics

|---------|---------|---------|---------|---------|---------|---------|---------|
********************************************************************************

marginalLs[17 ] = -1838.6270711531845

Loading /home/gseeholzer/nas3/bfd/runs/F4/F4.SBE3_v1_1sp.r1/step18/likelihood.log, burnin 20%, skipping 200 log lines

|---------|---------|---------|---------|---------|---------|---------|---------|
*********************************************************************************

Calculating statistics

|---------|---------|---------|---------|---------|---------|---------|---------|
********************************************************************************

marginalLs[18 ] = -1838.62804617078

Loading /home/gseeholzer/nas3/bfd/runs/F4/F4.SBE3_v1_1sp.r1/step19/likelihood.log, burnin 20%, skipping 200 log lines

|---------|---------|---------|---------|---------|---------|---------|---------|
*********************************************************************************

Calculating statistics

|---------|---------|---------|---------|---------|---------|---------|---------|
********************************************************************************

marginalLs[19 ] = -1838.7912921726293

Loading /home/gseeholzer/nas3/bfd/runs/F4/F4.SBE3_v1_1sp.r1/step20/likelihood.log, burnin 20%, skipping 200 log lines

|---------|---------|---------|---------|---------|---------|---------|---------|
*********************************************************************************

Calculating statistics

|---------|---------|---------|---------|---------|---------|---------|---------|
********************************************************************************

marginalLs[20 ] = -1838.6821016927297

Loading /home/gseeholzer/nas3/bfd/runs/F4/F4.SBE3_v1_1sp.r1/step21/likelihood.log, burnin 20%, skipping 200 log lines

|---------|---------|---------|---------|---------|---------|---------|---------|
*********************************************************************************

Calculating statistics

|---------|---------|---------|---------|---------|---------|---------|---------|
********************************************************************************

marginalLs[21 ] = -1838.7368369248088

Loading /home/gseeholzer/nas3/bfd/runs/F4/F4.SBE3_v1_1sp.r1/step22/likelihood.log, burnin 20%, skipping 200 log lines

|---------|---------|---------|---------|---------|---------|---------|---------|
*********************************************************************************

Calculating statistics

|---------|---------|---------|---------|---------|---------|---------|---------|
********************************************************************************

marginalLs[22 ] = -1838.6629752901367

Loading /home/gseeholzer/nas3/bfd/runs/F4/F4.SBE3_v1_1sp.r1/step23/likelihood.log, burnin 20%, skipping 200 log lines

|---------|---------|---------|---------|---------|---------|---------|---------|
*********************************************************************************

Calculating statistics

|---------|---------|---------|---------|---------|---------|---------|---------|
********************************************************************************

marginalLs[23 ] = -1838.5956303847902

Step        theta         likelihood   contribution ESS
0            1            -1835.7749   0            801          
1            0.8623       -1835.9916   -252.8328    748.6114     
2            0.7384       -1836.3057   -227.43      645.8557     
3            0.6276       -1836.4815   -203.5348    677.2919     
4            0.529        -1836.6832   -181.1434    794.0338     
5            0.4417       -1836.9777   -160.236     699.9862     
6            0.3651       -1837.0538   -140.763     628.58       
7            0.2983       -1837.3984   -122.7349    682.0105     
8            0.2406       -1837.5611   -106.0916    681.6368     
9            0.1911       -1837.6741   -90.816      622.9747     
10           0.1493       -1837.7851   -76.8809     674.0013     
11           0.1143       -1837.8581   -64.254      626.7748     
12           0.0855       -1838.0877   -52.908      742.5203     
13           0.0623       -1838.2609   -42.8019     801          
14           0.0438       -1838.3652   -33.8982     641.2799     
15           0.0296       -1838.3922   -26.1598     754.8476     
16           0.019        -1838.5394   -19.5458     801          
17           0.0113       -1838.6271   -14.0087     758.891      
18           0.0062       -1838.628    -9.4983      628.2031     
19           0.0029       -1838.7913   -5.96        514.0898     
20           0.0011       -1838.6821   -3.3293      710.0561     
21           0.0003       -1838.7368   -1.5337      357.5262     
22           0            -1838.663    -0.4825      693.4218     
23           0            -1838.5956   -0.0531      801          
sum(ESS) = 16486.5928  

marginal L estimate = -1836.8965066176086


Total wall time: 30197 seconds
Done

real	503m19.628s
user	6440m40.602s
sys	83m54.552s
