#
#model:
#
#<?xml version="1.0" encoding="UTF-8" standalone="no"?><input id="posterior" spec="beast.core.util.CompoundDistribution">
#    <distribution id="prior" spec="beast.core.util.CompoundDistribution">
#        <prior id="lambdaPrior.bfd" name="distribution">
#            <parameter id="lambda" lower="0.0" name="x" spec="beast.core.parameter.RealParameter">0.01</parameter>
#            <Gamma id="Gamma.0" name="distr">
#                <parameter estimate="false" id="RealParameter.1" name="alpha" spec="beast.core.parameter.RealParameter">2.0</parameter>
#                <parameter estimate="false" id="RealParameter.2" name="beta" spec="beast.core.parameter.RealParameter">200.0</parameter>
#            </Gamma>
#        </prior>
#        <distribution id="snapprior.bfd" lambda="@lambda" spec="snap.likelihood.SnAPPrior">
#            <parameter estimate="false" id="alpha" lower="0.0" name="alpha" spec="beast.core.parameter.RealParameter">11.75</parameter>
#            <parameter estimate="false" id="beta" lower="0.0" name="beta" spec="beast.core.parameter.RealParameter">109.73</parameter>
#            <parameter estimate="false" id="kappa" lower="0.0" name="kappa" spec="beast.core.parameter.RealParameter">1.0</parameter>
#            <parameter id="coalescenceRate" name="coalescenceRate" spec="beast.core.parameter.RealParameter">10.0</parameter>
#            <tree clusterType="upgma" id="Tree.bfd" nodetype="snap.NodeData" spec="beast.util.ClusterTree">
#                <taxa dataType="integerdata" id="snap.bfd" spec="snap.Data">
#                    <taxonset id="ant" spec="beast.evolution.alignment.TaxonSet">
#                        <taxon id="CarpaChavin_B72793.Huanuco.CarpaChavin" spec="beast.evolution.alignment.Taxon"/>
#                        <taxon id="CarpaChavin_B72795.Huanuco.CarpaChavin" spec="beast.evolution.alignment.Taxon"/>
#                        <taxon id="Carpish_B72761.Huanuco.Acomayo" spec="beast.evolution.alignment.Taxon"/>
#                        <taxon id="Carpish_B72772.Huanuco.Mitotambo" spec="beast.evolution.alignment.Taxon"/>
#                        <taxon id="Amotape_B67243.Tumbes.Amotape" spec="beast.evolution.alignment.Taxon"/>
#                        <taxon id="Amotape_B67257.Tumbes.Amotape" spec="beast.evolution.alignment.Taxon"/>
#                        <taxon id="Chavinillo_B72789.Huanuco.Chavinillo" spec="beast.evolution.alignment.Taxon"/>
#                        <taxon id="Chavinillo_B72792.Huanuco.Chavinillo" spec="beast.evolution.alignment.Taxon"/>
#                        <taxon id="Macate_B72807.Ancash.Macate" spec="beast.evolution.alignment.Taxon"/>
#                        <taxon id="Macate_B72814.Ancash.Macate" spec="beast.evolution.alignment.Taxon"/>
#                        <taxon id="Quichas_B72777.Lima.Quichas" spec="beast.evolution.alignment.Taxon"/>
#                        <taxon id="Quichas_B72778.Lima.Quichas" spec="beast.evolution.alignment.Taxon"/>
#                        <taxon id="Canchaque_B72873.Piura.Canchaque" spec="beast.evolution.alignment.Taxon"/>
#                        <taxon id="Canchaque_B72878.Piura.Canchaque" spec="beast.evolution.alignment.Taxon"/>
#                        <taxon id="CorBlanca_NK_171703" spec="beast.evolution.alignment.Taxon"/>
#                        <taxon id="CorBlanca_FMNH_391888" spec="beast.evolution.alignment.Taxon"/>
#                        <taxon id="Huamatanga_B72889.Lima.Huamatanga" spec="beast.evolution.alignment.Taxon"/>
#                        <taxon id="Huamatanga_B72892.Lima.Huamatanga" spec="beast.evolution.alignment.Taxon"/>
#                        <taxon id="Pacar_B72907.Ancash.Pacar" spec="beast.evolution.alignment.Taxon"/>
#                        <taxon id="Pacar_B72909.Ancash.Pacar" spec="beast.evolution.alignment.Taxon"/>
#                        <taxon id="Porculla_B72863.Piura.Porculla" spec="beast.evolution.alignment.Taxon"/>
#                        <taxon id="Porculla_B72866.Piura.Porculla" spec="beast.evolution.alignment.Taxon"/>
#                        <taxon id="LaQuinua_B72753.Pasco.LaQuinua" spec="beast.evolution.alignment.Taxon"/>
#                        <taxon id="LaQuinua_B72756.Pasco.LaQuinua" spec="beast.evolution.alignment.Taxon"/>
#                        <taxon id="Chinchan_B72900.Ancash.Chinchan" spec="beast.evolution.alignment.Taxon"/>
#                        <taxon id="Chinchan_NK_173896" spec="beast.evolution.alignment.Taxon"/>
#                    </taxonset>
#                    <taxonset id="cur" spec="beast.evolution.alignment.TaxonSet">
#                        <taxon id="curtata_cra.cur.B6032" spec="beast.evolution.alignment.Taxon"/>
#                        <taxon id="curtata_cra.cur.B8175" spec="beast.evolution.alignment.Taxon"/>
#                    </taxonset>
#                </taxa>
#                <parameter id="RealParameter.0" lower="0.0" name="clock.rate" spec="beast.core.parameter.RealParameter" upper="0.0">1.0</parameter>
#            </tree>
#        </distribution>
#    </distribution>
#    <distribution id="likelihood" spec="beast.core.util.CompoundDistribution">
#        <distribution data="@snap.bfd" id="treeLikelihood.bfd" non-polymorphic="false" pattern="coalescenceRate" spec="snap.likelihood.SnAPTreeLikelihood" tree="@Tree.bfd">
#            <siteModel id="MutationSiteModel.bfd" spec="beast.evolution.sitemodel.SiteModel">
#                <parameter estimate="false" id="mutationRate" name="mutationRate" spec="beast.core.parameter.RealParameter">1.0</parameter>
#                <parameter estimate="false" id="shape" name="shape" spec="beast.core.parameter.RealParameter">2.0</parameter>
#                <parameter estimate="false" id="proportionInvariant" name="proportionInvariant" spec="beast.core.parameter.RealParameter">0.0</parameter>
#                <substModel coalescenceRate="@coalescenceRate" id="MutationModel" spec="snap.likelihood.SnapSubstitutionModel">
#                    <parameter estimate="false" id="u" lower="0.0" name="mutationRateU" spec="beast.core.parameter.RealParameter">1.0</parameter>
#                    <parameter id="v" lower="0.0" name="mutationRateV" spec="beast.core.parameter.RealParameter">1.0</parameter>
#                </substModel>
#            </siteModel>
#        </distribution>
#    </distribution>
#</input>
#
Sample	posterior	likelihood	prior	theta0	theta1	theta2	TreeHeightLogger
0	-2479.145545619704	-2328.836351595287	-150.30919402441714	0.07407987254717648	0.14634450079078634	0.1177495281866987	0.0018121782776696555
1000	-2481.44830790995	-2331.0027916623962	-150.44551624755363	0.10296426082280069	0.17513819904549804	0.12389208876094648	7.663592149241202E-4
2000	-2478.5932861177275	-2327.928826986497	-150.66445913123047	0.07236259757840459	0.08125863178695125	0.1292260787969565	0.0013541074248427291
3000	-2479.118578187189	-2327.5533518329157	-151.5652263542733	0.07417604009261199	0.08898566473290048	0.18430168436960664	0.0011124146622654915
4000	-2481.8314273846354	-2329.7648060759607	-152.06662130867466	0.0716809024390104	0.08393397246783381	0.09610082948364496	0.0032410782154710474
5000	-2486.822537079741	-2327.962329807779	-158.8602072719617	0.07719230386323896	0.13567193491164145	0.1573104404536853	0.0023674907338776035
6000	-2478.5036446140152	-2327.8751722967722	-150.6284723172432	0.10527425727288559	0.12690470740137966	0.18487481333849964	0.0019248991818104821
7000	-2480.857044763788	-2328.64069618759	-152.21634857619813	0.06464177859894314	0.1725540857974756	0.11872723959533994	0.0017686930172396476
8000	-2478.0952948923996	-2327.4105639235777	-150.68473096882187	0.08300946650063273	0.09638129566161682	0.16148973496679478	0.001986213983155579
9000	-2480.757923285558	-2328.2206300149433	-152.53729327061433	0.06515904754165978	0.11204967209494207	0.1201276470550421	0.0014759005915176283
10000	-2482.2981218741866	-2327.613345449225	-154.68477642496146	0.056210659427651806	0.058632522488213365	0.11333966067075132	0.002186928244465647
11000	-2480.8113570176847	-2328.3817976756136	-152.42955934207117	0.07536758787310262	0.07186739452606282	0.1684931655425471	7.279707055243011E-4
12000	-2478.782093988694	-2327.8361748323905	-150.94591915630355	0.08438366131571981	0.08908408993499467	0.13559559079694392	0.0021592945838026746
13000	-2482.119220488284	-2330.954701121179	-151.16451936710519	0.17306015836324384	0.13801712800173555	0.1432132525232719	0.0015247911014759602
14000	-2480.218934304992	-2329.497052288898	-150.72188201609404	0.06901719251694431	0.08173442638520528	0.09825904188197328	0.0010014267181702135
15000	-2481.1142480307385	-2326.7075554813023	-154.40669254943614	0.10963656572337582	0.07001689258234198	0.18163611018736095	0.0026584534770804445
16000	-2480.963610702459	-2327.763832197687	-153.19977850477218	0.0708032392656264	0.1612664779745089	0.19809577398810155	0.0014177877229237716
17000	-2482.362485180835	-2329.500546763911	-152.86193841692395	0.10939144376030338	0.07772945378354677	0.15141758845093006	0.006395791327863848
18000	-2479.0939301448802	-2327.3516580690807	-151.74227207579935	0.0869900294856603	0.06687594183717917	0.1381117246184456	0.002695945546954133
19000	-2477.945741785841	-2328.1467111312054	-149.79903065463557	0.08683787761683426	0.1125119515437455	0.14898770932246405	0.0015827974585391324
20000	-2479.273583313142	-2327.4664879073334	-151.80709540580835	0.08089421349760198	0.06231363826863788	0.12947592291477011	0.0017565010409739915
21000	-2481.7835820964106	-2328.996535757098	-152.7870463393125	0.06999439619544853	0.07689103673450878	0.11526401484088211	0.003386559068215008
22000	-2493.2662913758463	-2336.092369329652	-157.17392204619452	0.09162894354187379	0.08948762719431375	0.032110037132128434	7.785925961436343E-5
23000	-2481.197041528819	-2326.572976158647	-154.62406537017222	0.10485420669932323	0.043933701702131005	0.15125037585715648	0.002028134197048397
24000	-2479.5910313117793	-2327.830021574539	-151.7610097372403	0.12190036234237671	0.13739586600377413	0.1951721548104721	0.0036232107576694888
25000	-2479.657502105283	-2329.1219137955413	-150.53558830974188	0.099513593190708	0.0653064746016901	0.14477577050668286	8.470664373052942E-4
26000	-2478.678575125689	-2328.55181892244	-150.12675620324893	0.07466897552403463	0.1429283025922535	0.12828788438612487	0.0015763233414924846
27000	-2482.5467941235947	-2326.57316771269	-155.97362641090473	0.05380554148387538	0.045722033737249326	0.12071077799336744	0.0015998733765477497
28000	-2479.196361834305	-2327.628212050266	-151.56814978403918	0.06110565156085527	0.12034708919980477	0.14695350071774252	0.0016052472052464207
29000	-2478.6950044768837	-2327.1533089089717	-151.54169556791183	0.08246716393803227	0.08632614189444046	0.16960705049093266	0.0023789182324063657
30000	-2482.298368773355	-2326.573626542323	-155.72474223103183	0.10127630960829177	0.04147520037436682	0.16463233726251802	0.003835465107468465
31000	-2483.236313371656	-2328.7662971612554	-154.4700162104004	0.040001000301992745	0.11678774836167917	0.08072600272577017	8.376197105163416E-4
32000	-2481.7268509375644	-2326.882658304223	-154.84419263334158	0.045746994760357804	0.06744140512058751	0.14905460861983347	0.0014085293612126285
33000	-2478.911724619469	-2327.7370898981508	-151.17463472131857	0.0868076129508858	0.11372390519907766	0.18168478406391755	0.0014769111977036167
34000	-2481.502893258473	-2329.502894234413	-151.99999902406012	0.19017604000059934	0.09226436170076655	0.1602647186244503	0.0021033405257858896
35000	-2483.5912620478584	-2325.2581708682405	-158.333091179618	0.0887877861361688	0.03052159869207052	0.18345650777880512	0.0016186743620594964
36000	-2481.7432850125842	-2330.185854489059	-151.55743052352562	0.12835537557561238	0.06382271231229468	0.1733143322669728	4.705139437131671E-4
37000	-2482.279054137338	-2330.149863409474	-152.1291907278639	0.05440848157860323	0.11105329348086292	0.08401321679826196	7.052961941394127E-4
38000	-2479.9304017445843	-2329.1478753971023	-150.7825263474821	0.08028611336490366	0.16036541470526464	0.11881978390986195	0.0017565333278578307
39000	-2479.3282164365733	-2328.0027351209387	-151.32548131563442	0.08354595826502324	0.06915763114486594	0.12138646958811845	0.0028579906606456843
40000	-2481.0497417693923	-2331.706547713032	-149.34319405636046	0.11348057648609834	0.1302592868908874	0.09747522249421739	0.0021049041388338198
41000	-2481.586694226951	-2328.7175177223316	-152.869176504619	0.1410989357157789	0.08093035936420796	0.17893994283512946	0.007536781786951506
42000	-2480.142325804911	-2330.767468029185	-149.37485777572613	0.08141915631176803	0.09998021824051771	0.12391410961840776	4.4588770854944867E-4
43000	-2478.1875820631394	-2328.4065334618977	-149.78104860124157	0.08762389254348191	0.09559170839273014	0.14666584008336112	0.0012407791538469534
44000	-2480.889256574784	-2330.246210467135	-150.6430461076493	0.08281518300940356	0.17707694051738485	0.11473971206445996	9.644313414438285E-4
45000	-2480.141058122018	-2329.0365515885787	-151.10450653343926	0.062240017205424845	0.12141894674861216	0.09981412544955988	0.0013315384450437746
46000	-2478.2290907019265	-2327.2184374484686	-151.01065325345792	0.10362435814747288	0.07686739976924918	0.1683379515605149	0.0020868070136001813
47000	-2481.5410311676037	-2328.8315036410313	-152.70952752657234	0.0518210325860261	0.16001799190234803	0.12339602261659671	6.778479901599595E-4
48000	-2480.9959872310064	-2328.284148677781	-152.71183855322525	0.14170573799704894	0.05554118457594539	0.13360645816388508	0.002992491065588391
49000	-2480.449013537739	-2328.601928105278	-151.84708543246086	0.062493764723732206	0.15487426472638147	0.11496947178451625	0.0017810306618187563
50000	-2484.480825240746	-2334.631474589353	-149.84935065139308	0.11673022207989385	0.12424197360594698	0.06283164799578897	1.5502292339608005E-4
51000	-2479.8602979486586	-2328.9217176469383	-150.9385803017205	0.0890628956448341	0.13225042875128637	0.13626271753753494	0.001400884967969215
52000	-2480.9376682376837	-2327.0426502905425	-153.8950179471411	0.06106318815448157	0.05819683713405993	0.14439342083608808	0.0010855450482828899
53000	-2485.53085962645	-2328.3193700120737	-157.21148961437612	0.09231114338749807	0.03967665097643272	0.18625738199740008	0.005054670876158395
54000	-2483.5135126720916	-2328.506046071441	-155.00746660065101	0.0927881396733313	0.07338341920398578	0.11929136244225604	0.0018776203303831286
55000	-2478.688024309547	-2328.8712336841627	-149.81679062538424	0.13651289351591736	0.1197453084343704	0.15370332728069644	0.0024715299143348995
56000	-2478.364992499146	-2328.2862195225844	-150.07877297656168	0.10567742491525564	0.09552417025121995	0.1411051387745623	0.003635452840486427
57000	-2479.70064150699	-2329.2560270492004	-150.4446144577898	0.08542858137291985	0.11137468276043092	0.12055003122488847	0.0036073974524443242
58000	-2482.142238387961	-2328.5757641739297	-153.5664742140311	0.04161936871998853	0.13029267390048066	0.0935252338302851	7.59548575860246E-4
59000	-2478.952732146643	-2329.156971891542	-149.79576025510084	0.07543345455481591	0.13461167693792514	0.11972471139843587	0.0011845438524949235
60000	-2480.3219975009993	-2327.932179319635	-152.3898181813641	0.09688123598646885	0.06724638334542288	0.12653164613357465	0.0028337931038149864
61000	-2477.970250233184	-2327.576522061321	-150.39372817186265	0.09376511821007498	0.09313743578840146	0.15426654590600006	0.002418820590855069
62000	-2480.663758803807	-2327.5340146781255	-153.12974412568144	0.08321848321657871	0.12837131969390628	0.20899560905948608	0.002112214096825598
63000	-2481.5215465015062	-2328.5668837847443	-152.9546627167619	0.17568192438186692	0.08737396345214783	0.20654006581000733	0.0014941630460065202
64000	-2480.9636416065077	-2330.5389365196997	-150.42470508680796	0.09205750325903872	0.14198415915011678	0.10198256928600734	0.0016553641995406161
65000	-2478.933339085638	-2327.8371522117745	-151.09618687386373	0.11532969768946168	0.06788423891770007	0.1390788217449706	0.0026643343652077264
66000	-2478.492592261023	-2327.2703276518114	-151.22226460921163	0.0687910147018615	0.0841170180136418	0.1465859474713761	0.0017423963515854853
67000	-2479.5692642344616	-2327.465488281522	-152.10377595293951	0.055297583730417425	0.11890471130984893	0.16212138109127203	0.0011667582156545684
68000	-2479.684675362983	-2328.460037458221	-151.224637904762	0.08280758243658169	0.08787302261177068	0.11936621702183213	0.0017955646110089719
69000	-2479.1022430850517	-2328.6633905183503	-150.43885256670134	0.10074974117797184	0.09924986315109353	0.14008383916242334	0.004199539084431339
70000	-2478.234375652053	-2327.6111634123413	-150.62321223971165	0.10168389671571526	0.08725550974435929	0.155413178461765	0.0032698988258605577
71000	-2481.4476081864545	-2327.715511052209	-153.73209713424575	0.1067231359042362	0.07282892610105003	0.15288208265616932	0.0041558923412837135
72000	-2479.087424336635	-2326.6976398897823	-152.38978444685273	0.08545093150694717	0.059550416196827376	0.15904349083586505	0.0018930252691957677
73000	-2479.864170519337	-2326.6962889821066	-153.16788153723084	0.07418764543633281	0.05748266771421115	0.14554989918872352	0.0019861521080449932
74000	-2480.309153533882	-2329.0830012086485	-151.2261523252337	0.07443826962826908	0.15906270024716423	0.1526674838436961	7.984226588303017E-4
75000	-2478.9324425929003	-2327.2560832452914	-151.6763593476088	0.06333812722978824	0.0978746856718777	0.1648415298097912	0.0014637986351915785
76000	-2481.6141206539774	-2329.8247946435567	-151.7893260104204	0.06766072131452298	0.13240655186826136	0.10763530842812116	0.0031483896292073092
77000	-2478.6358093459917	-2328.1113915781043	-150.52441776788737	0.07945035839005622	0.0814853866527448	0.12133093706426061	0.0018622915448417226
78000	-2482.895430006637	-2330.304393301962	-152.591036704675	0.07960423033896429	0.06463852725421412	0.08311084872918338	0.0028445576220882136
79000	-2481.20210521379	-2328.0422564746223	-153.15984873916813	0.0753882227194869	0.08864237779361012	0.13529565424685813	0.0028751868464233494
80000	-2478.766059864354	-2329.108746318094	-149.65731354625981	0.08482980348998005	0.10805439026559943	0.11126785233422337	0.0023691195475832763
81000	-2480.2147084106746	-2328.8258215584647	-151.38888685221008	0.08113298314514421	0.10932922933111996	0.15061327637358474	0.0037814691955024553
82000	-2478.100878622779	-2328.33651123562	-149.76436738715873	0.09354273828110943	0.10580069772989038	0.13423713456704506	0.0023641154759657785
83000	-2484.0460074162384	-2329.0523333588926	-154.99367405734554	0.056521845692088526	0.11076385823573125	0.09506855869277851	0.0020653210776277724
84000	-2478.200410324575	-2327.8775375334103	-150.32287279116477	0.10900277206921016	0.0889394468940563	0.1601803733199429	0.0019084499786006688
85000	-2479.6362123031167	-2328.6429522131352	-150.9932600899813	0.12443536672587537	0.062477700672373945	0.14372944780008257	0.0014496533845443642
86000	-2481.7803793972744	-2331.1920835392557	-150.5882958580185	0.08606842187594961	0.0986203539566821	0.08460263003052772	0.0030590531032862883
87000	-2480.4967106706576	-2329.0997495903066	-151.39696108035116	0.11583569241166636	0.06305807034143393	0.16448322684801242	8.155915471284983E-4
88000	-2480.7287987053164	-2326.5748636993803	-154.15393500593603	0.09309467892347868	0.07100917871325488	0.22645910757497917	0.0020703850956657267
89000	-2478.1587985669316	-2328.3424856962906	-149.81631287064093	0.11315740055470486	0.09635056523680083	0.16645009746197528	0.001515636846682481
90000	-2478.6622775619535	-2328.233450299234	-150.4288272627195	0.10326895188850146	0.0781139330718057	0.12911052035017498	0.0030118785888197806
91000	-2482.786288493891	-2332.1428896780817	-150.64339881580906	0.08408801176120016	0.1398647364877897	0.1019213396126095	3.2233309564818263E-4
92000	-2478.0991358704377	-2327.7156455894788	-150.38349028095908	0.10033742454259013	0.10962796136825487	0.17534810024476485	0.001919450645774354
93000	-2479.105967159477	-2328.4049328294154	-150.70103433006167	0.07601010936143633	0.09788824587802783	0.11799925039038131	0.001827370023999019
94000	-2482.147837102186	-2331.424536365389	-150.7233007367968	0.08691932065342259	0.09341588269610929	0.08107409100265442	0.0024386334157579736
95000	-2478.6378923343	-2329.4853855309525	-149.1525068033473	0.09613000836002955	0.10368178486191255	0.11348209521182025	0.0018999087873934047
96000	-2479.1057089648302	-2329.743478242817	-149.36223072201304	0.1257591259975912	0.0874872290377647	0.13821776816066203	0.0012351521225579941
97000	-2478.2587307143717	-2328.537058257723	-149.7216724566489	0.10327551290990383	0.12131566680355611	0.14082553903191883	0.0031091706001519313
98000	-2478.2066449493755	-2328.9413394682315	-149.265305481144	0.12189482962681158	0.1043581191715272	0.14706040709605714	0.0018045074476763354
99000	-2479.013555685371	-2327.498591730406	-151.514963954965	0.10155206416566202	0.08990861550084385	0.180342089596379	0.003725345056256492
100000	-2478.40527495371	-2327.4944933267757	-150.91078162693415	0.0815824831618822	0.10846995025572902	0.17255431723397283	0.0017375300418296605
101000	-2480.5286854927867	-2328.6469425162695	-151.8817429765174	0.09504609470181868	0.1632067831431769	0.15339326872284903	0.0032848568654721575
102000	-2478.0469536191445	-2327.4693405532594	-150.57761306588515	0.10510951506605387	0.10375136046691459	0.17661462729198382	0.0025670259408161825
103000	-2480.1253463928374	-2328.765525007936	-151.35982138490147	0.1015429774490601	0.08719254211998448	0.12866234523671902	0.0017695227947976734
104000	-2480.021194690378	-2327.020660151301	-153.00053453907685	0.05661307239863788	0.07346227831355394	0.1423726180782475	0.0016114753101759015
105000	-2480.554673428487	-2329.6147446057703	-150.939928822717	0.12750106207422332	0.08170012640548453	0.1295388654768185	0.001620215679483283
106000	-2479.0500762555307	-2329.882510548062	-149.16756570746873	0.0966485473116039	0.10823151774690529	0.11406270160610905	0.0014247007109287014
107000	-2487.140964853778	-2330.801699408897	-156.33926544488068	0.04422448674948058	0.07499973086604851	0.10060059795950975	0.002875472204096126
108000	-2478.8033804527477	-2328.3050891304733	-150.49829132227418	0.1303505181665457	0.08047942347688458	0.1488873470192352	0.0022836261223088774
109000	-2478.478328519994	-2328.1950401348104	-150.28328838518362	0.0815488958589061	0.1391355923307397	0.14389451194761954	0.002005954339392015
110000	-2481.220646959829	-2328.470174373272	-152.75047258655675	0.1773266999687208	0.11313102459075434	0.20533189506413485	0.00202114646887365
111000	-2478.462709767651	-2328.0756180948024	-150.38709167284867	0.09147510681737939	0.09221140942277316	0.14038071328598203	0.0018007718657738626
112000	-2479.1198679675203	-2327.831451167471	-151.288416800049	0.06485244265147193	0.10915949250702874	0.1505027246784741	0.0022582910717108664
113000	-2478.3074296379677	-2329.2651263100283	-149.04230332793924	0.10171651688241273	0.11207403071409087	0.12257145018649966	0.0020503767725478157
114000	-2479.4088705311838	-2330.9242091446645	-148.4846613865193	0.10907259589620137	0.10684695609928234	0.11762682176578648	8.51893230449269E-4
115000	-2484.204245297023	-2325.5526656872503	-158.65157960977268	0.11955864063332262	0.03467710465710386	0.17674617843978763	0.0027704648961677926
116000	-2481.0284102634987	-2331.089722798689	-149.93868746481002	0.08601636913886239	0.1363859406710695	0.12071308373804714	4.750264807762461E-4
117000	-2480.9272913375366	-2329.0911889501035	-151.83610238743296	0.12622315109703106	0.13292648662169254	0.16979464308203698	0.006069541148564436
118000	-2483.194935617874	-2327.3274779108033	-155.86745770707054	0.04835380993803554	0.07473255275871209	0.11997371626627473	0.0010850214681256346
119000	-2478.820864604371	-2328.755659568977	-150.0652050353939	0.09268757041387453	0.11906042807199838	0.13553765165118237	0.00161846968579945
120000	-2478.650825050064	-2327.5215682204584	-151.12925682960585	0.12260570581623904	0.09438853366909945	0.17632946852739356	0.002581294485077339
121000	-2480.766939397668	-2331.251258850714	-149.51568054695412	0.1311462423172522	0.07258994720304926	0.11996521930062559	6.869727349981785E-4
122000	-2478.6568844016642	-2328.8928902775237	-149.76399412414065	0.12863579292786853	0.08467496639756046	0.1435678852297905	0.0018320481060678099
123000	-2478.5302495729916	-2327.503516873493	-151.02673269949864	0.10884910797902612	0.1089593670601119	0.18367002050474568	0.0024749400952171737
124000	-2480.833136964382	-2328.5128794773445	-152.32025748703757	0.06814064678267891	0.10841572975959018	0.14122544672108356	0.0029090258431253985
125000	-2481.121598488746	-2331.4516046467234	-149.66999384202225	0.0934090532946987	0.10220990014903482	0.08732411972440328	0.0015807232991726277
126000	-2478.6908039153805	-2327.0901034577587	-151.60070045762157	0.11002539028684637	0.07579768567704831	0.16805172580594074	0.003191079691665175
127000	-2481.6201949630795	-2327.9831449224207	-153.63705004065895	0.09162219234935827	0.14362655544910666	0.23188224910492217	0.0013497226516231615
128000	-2478.7130106478453	-2326.726194275878	-151.98681637196736	0.1020872240443413	0.07025213572064766	0.17837173679976182	0.002543872131715281
129000	-2479.898725990388	-2330.066368388169	-149.83235760221913	0.08511260268554811	0.13018908005062257	0.09996651949015001	0.002376914429051149
130000	-2483.1705340678	-2325.71798861574	-157.45254545206	0.06254906301824727	0.03581802699856071	0.15351990800370827	0.0013993243127091608
131000	-2481.16881432672	-2328.3582833714618	-152.81053095525846	0.1279516749725795	0.058138450410931006	0.1363578329293391	0.005004681681570592
132000	-2485.142073559547	-2327.991062026834	-157.15101153271317	0.14256788583709748	0.03882145984432107	0.12854173272546215	0.0029860244990845253
133000	-2479.697749563893	-2329.3241611006556	-150.37358846323752	0.09822946727284644	0.1450140341496333	0.1322424051789815	0.003855091494657504
134000	-2480.1982086726853	-2331.0955031330504	-149.10270553963494	0.09673815704671843	0.08764278126575277	0.14736142637259642	2.922146404823929E-4
135000	-2478.5847134190576	-2328.3014012040435	-150.2833122150141	0.09516860182478247	0.07271090541007705	0.14238919379877643	0.001297133120980956
136000	-2484.0917072999705	-2327.8798217870158	-156.21188551295478	0.039634694095823056	0.11479397582852623	0.09958076574982865	0.001046740699454834
137000	-2482.6821386555166	-2327.733660076192	-154.94847857932453	0.05880593250600763	0.058463064812910547	0.13719744385447963	0.002642144780047312
138000	-2480.8252552791114	-2327.6595525086573	-153.16570277045417	0.045260433130717204	0.09019756106381716	0.10751178800486533	0.0011913533914896374
139000	-2478.7610827032936	-2327.275419000751	-151.48566370254272	0.06908064350107297	0.08475599562287568	0.14921104449594533	0.0020086608335239085
140000	-2478.5965832307497	-2327.0820130585157	-151.51457017223404	0.09662800843002885	0.08564564480696656	0.17849423880965884	0.0023130435843024674
141000	-2481.221252584214	-2330.5217727260024	-150.69947985821167	0.1792470407087576	0.11061306774389468	0.13779915767740078	0.002493049396996792
142000	-2478.802128993279	-2327.2597134440725	-151.54241554920642	0.10747831543091915	0.10198633830507572	0.1928486561873795	0.002657985647562991
143000	-2479.4874417816754	-2328.5690159956293	-150.9184257860462	0.08553867712535297	0.0745820622058711	0.11343308801942374	0.002994406027240784
144000	-2480.588472250282	-2328.321834691277	-152.26663755900458	0.15508193701751835	0.06184264736079108	0.15071589545788364	0.0022116758881818572
145000	-2482.7114075686045	-2328.458250055811	-154.25315751279348	0.08311380444450295	0.15535458866405555	0.2074178138269759	0.0031108320446191357
146000	-2479.028443741778	-2327.911645821771	-151.11679792000726	0.08845415830184218	0.08725356472492331	0.1512353779919383	0.003464610146967095
147000	-2479.1248905961284	-2328.816060706154	-150.30882988997425	0.11764002108035061	0.09835195288538451	0.1708308884943019	0.001207604918029218
148000	-2479.727417446518	-2329.431339704078	-150.2960777424402	0.1290613842755107	0.08505314247662885	0.12184281700600673	0.0035539964388459667
149000	-2479.754205329031	-2330.586704240021	-149.16750108900993	0.08859263688890215	0.09939115197017792	0.10298945557263232	9.691170813074285E-4
150000	-2479.1587051522374	-2328.1584193350677	-151.00028581716984	0.10435077238740643	0.0816553487125982	0.13917852890070032	0.0038453867660291495
151000	-2478.5253273014764	-2329.6918608374363	-148.83346646404004	0.1125510502739812	0.11283578731040352	0.1278540729788622	0.0016281844859457604
152000	-2487.3622467580503	-2326.035480255031	-161.32676650301946	0.038736949037349304	0.036083148367422206	0.13846399261682776	8.195840816997965E-4
153000	-2479.2519230240237	-2328.0667082754385	-151.1852147485852	0.06113510297788439	0.09721984181066572	0.11436382952189744	0.0015106788073947686
154000	-2481.0976580272213	-2329.1414297945475	-151.95622823267382	0.057370130895788476	0.10956944656985014	0.17440266157151404	4.2963485174643724E-4
155000	-2485.6072813852866	-2327.497190754984	-158.11009063030266	0.033525483454385545	0.09460850557341056	0.14076581175025318	5.432039079563229E-4
156000	-2478.8162315017066	-2329.1383210927047	-149.67791040900175	0.0933767500795677	0.10260465917910072	0.15401459253968078	8.988720007411405E-4
157000	-2481.7374521436286	-2329.2178549632663	-152.51959718036252	0.165440138206392	0.06759768711246707	0.18593524395230587	9.752994953012983E-4
158000	-2478.247330164152	-2327.473706021963	-150.7736241421891	0.09657049076872343	0.08463747423710953	0.15400322888981494	0.002330985349496927
159000	-2480.0538575862033	-2326.207581955618	-153.84627563058518	0.10990335584233842	0.049755044756983224	0.1709094062082963	0.002793825207727247
160000	-2480.586512958769	-2329.7518165374913	-150.83469642127804	0.1627082140899026	0.1274823921911977	0.16257645304107257	0.0016996998599478183
161000	-2478.126386154541	-2328.8791851112837	-149.24720104325712	0.09605425389788462	0.1112701743370225	0.1344237792124832	0.001559528001836406
162000	-2480.0042608868694	-2329.3781219203206	-150.62613896654875	0.07385949285578769	0.13658612676753903	0.10540334832790502	0.0023798037247165327
163000	-2479.7910998197217	-2328.1320792116317	-151.65902060808986	0.09432718315329182	0.09810789666287693	0.1369577350410252	0.0026109403895553194
164000	-2480.88388913394	-2331.678246847654	-149.20564228628598	0.11898912350861582	0.07323325799303207	0.11820017359504682	4.193324043767722E-4
165000	-2479.8450356486637	-2328.895820150801	-150.94921549786287	0.1475453949639438	0.07688566528073576	0.15704029583897408	0.0016237096775782557
166000	-2478.9163945341525	-2328.6380639739637	-150.27833056018883	0.08976585608065323	0.11226778265977332	0.16843668231450484	0.0010027877884497597
167000	-2479.7454288400036	-2327.633629327707	-152.11179951229684	0.06804488082799157	0.062335757484387244	0.13001348760563655	0.001137187366161715
168000	-2482.1143790954943	-2327.479130329164	-154.63524876633045	0.044887923610460366	0.07336522478824342	0.13584185653828532	0.0016963149476426687
169000	-2481.485631156986	-2325.8631440530594	-155.62248710392686	0.12641344304091526	0.044569007755793956	0.1918311840302888	0.0024351345280172296
170000	-2482.653558820181	-2327.7359718036673	-154.91758701651358	0.05390257386564747	0.05495501424987679	0.09490310299675014	0.0015984951515822955
171000	-2478.7424184192146	-2327.5470821640647	-151.19533625514993	0.09312539740717496	0.11792519991594386	0.19239862378701006	0.0018618343968408867
172000	-2484.2043128591354	-2325.8840608548608	-158.32025200427452	0.058904495569165174	0.03686316868039936	0.13938345128931834	0.001452706124325932
173000	-2479.589072443135	-2328.3493931647117	-151.2396792784234	0.13932288691616473	0.06999164055365006	0.13846769918701018	0.0033573044300919427
174000	-2479.730861959134	-2328.257107085822	-151.47375487331215	0.07653508801132738	0.10796236210078389	0.12667819067256375	0.0017873663928362833
175000	-2479.809850741966	-2329.2736212162526	-150.53622952571303	0.1078153970208688	0.0920245847360573	0.17951606237523604	7.5929031838074E-4
176000	-2482.2612307963227	-2328.7758325248624	-153.4853982714603	0.10059659175311032	0.047100728598924876	0.11071257553647307	0.0014949023846769775
177000	-2479.462200192158	-2329.483753625349	-149.97844656680883	0.11007051848600252	0.15905030043361468	0.13052858116528768	0.0026079286645153666
178000	-2480.24201250059	-2330.216012526588	-150.0259999740017	0.12881610627450618	0.08641534120096961	0.1423156503046499	8.864863795545343E-4
179000	-2481.9630561844738	-2328.004024452695	-153.9590317317788	0.12592574759598055	0.06931898929618559	0.18254095587500244	0.006091675772733658
180000	-2479.7744120387933	-2327.3300262106413	-152.4443858281521	0.06299786338736356	0.09392313935837293	0.15426196120323485	0.0013721378346343972
181000	-2478.755175069884	-2329.69731097285	-149.05786409703387	0.10075520625717521	0.10952365719308772	0.12754362184967222	0.0012083646973536242
182000	-2481.924202230337	-2327.416137750548	-154.50806447978883	0.08664870213260319	0.04365582088116632	0.16141196094796567	9.613822220868407E-4
183000	-2482.171650395432	-2330.9770827489106	-151.19456764652176	0.12548818240286802	0.11490516147977435	0.10880650214348711	0.004813612790866074
184000	-2479.7948273364855	-2329.2509191024533	-150.543908234032	0.12680685989496335	0.09571632967372931	0.13071951273083326	0.00482501021149591
185000	-2482.4761981302577	-2328.5913193652973	-153.8848787649603	0.08732083441080522	0.047770665050816584	0.09902450888161636	0.0024318447721267075
186000	-2479.808709633394	-2326.6721494568483	-153.13656017654571	0.11033767163628433	0.07112552012628194	0.19236640411732603	0.0023998510852286277
187000	-2485.2570669695774	-2332.5169076609204	-152.7401593086568	0.09349526513100058	0.09557182490737569	0.18382306775161875	0.007612727546942092
188000	-2482.016079420598	-2328.793076400869	-153.22300301972916	0.07306493552611222	0.09606372625919116	0.22870670424710515	5.48709642084145E-4
189000	-2479.8263585431573	-2328.0038088051683	-151.8225497379888	0.1332589392071722	0.07753626036191705	0.16043554985899278	0.002137453342216543
190000	-2482.3657214409263	-2328.199361484763	-154.1663599561635	0.07010335193006585	0.05772798302147026	0.13500920465319355	0.003452107120626087
191000	-2477.8432518505665	-2327.9375838327983	-149.90566801776833	0.09757160031429263	0.106389293065558	0.15193715446853792	0.0022390629578819196
192000	-2480.28438999262	-2328.8320794638107	-151.45231052880928	0.10241913468027347	0.06632964255792889	0.1177280180648161	0.004020626681376147
193000	-2483.8581476980416	-2329.257218819536	-154.60092887850556	0.11851655843620823	0.06834682174782895	0.12112471317032517	0.0018369374670953956
194000	-2479.5971111877616	-2329.1893650170114	-150.40774617075039	0.09000075912638396	0.11754183949796831	0.13124708831608997	0.001235869115208389
195000	-2478.320998091455	-2328.5847267351583	-149.73627135629678	0.07984404638166054	0.10060391370429879	0.12152730521412196	0.0015706407043501655
196000	-2480.429242048566	-2330.2662693901775	-150.16297265838836	0.09325700606606807	0.10842577688809567	0.12222856043049593	8.212787734245403E-4
197000	-2481.2794233862896	-2328.15046895515	-153.12895443113976	0.10816407654353007	0.08832929515003747	0.17616321378522595	0.0013337789372712403
198000	-2481.7400034029383	-2329.9877818915	-151.75222151143828	0.08387641320780977	0.05915227466711552	0.10134909721794191	8.65393630284669E-4
199000	-2478.9835362409294	-2328.831571346788	-150.15196489414134	0.09179695878860866	0.08104690342903352	0.11233120780899876	0.002431426139986209
200000	-2482.808171006648	-2328.7407651288395	-154.0674058778087	0.0669017892481138	0.12050823408224522	0.23920073351873805	5.650573876437693E-4
201000	-2479.285882839139	-2327.074622479331	-152.211260359808	0.07523540969242389	0.08912571003120326	0.18515014660844656	0.0020649330390936417
202000	-2479.590326730234	-2326.6793303829754	-152.91099634725887	0.13175201148265178	0.07120218614416278	0.19222184031180153	0.0038450582430192976
203000	-2479.723545379556	-2327.7042838423044	-152.01926153725177	0.05355126479415763	0.13933707903326062	0.14229731822901692	0.0012274329585464272
204000	-2483.6435545800864	-2325.4486700130788	-158.19488456700748	0.07664861348460314	0.03510453723187367	0.19029554326680467	0.002321695739072717
205000	-2481.011537901855	-2327.797122399393	-153.21441550246178	0.08109390078161585	0.12040689841033435	0.18479508939064065	0.002742294306102911
206000	-2480.4369507206416	-2330.8393981775316	-149.59755254311014	0.08962871378361015	0.11823044056934807	0.10222226825033569	9.80114125443528E-4
207000	-2478.341061895208	-2326.93923076116	-151.401831134048	0.09255125194706884	0.07686216265999506	0.1723303808343059	0.0022848330396382593
208000	-2482.9692872525825	-2330.969223072187	-152.0000641803953	0.0667289361746235	0.13834496040671523	0.18514520202737114	1.4609736804457486E-4
209000	-2480.8676792033943	-2327.854107271275	-153.01357193211908	0.06969486685401872	0.11253244085416386	0.15817046984842165	0.002435649897767572
210000	-2483.0624824276533	-2327.0582586830747	-156.0042237445787	0.064320260108101	0.03918759300799217	0.14134150140556484	8.689189080839851E-4
211000	-2479.6704342740613	-2327.0932004871397	-152.57723378692174	0.13473238858974854	0.067062092208908	0.19182336935253513	0.002048798829775672
212000	-2480.5411034415065	-2327.462332743844	-153.07877069766266	0.06287523341554806	0.06252151345301388	0.12590836046786177	0.002367894917419899
213000	-2479.963910267985	-2329.2807461950774	-150.68316407290726	0.07400550585752427	0.12012425272971525	0.121457066482968	0.003322645152579776
214000	-2479.113811888171	-2328.785029909429	-150.32878197874206	0.0790669141629481	0.1312222053190692	0.12581314847975145	0.0027908448855999144
215000	-2478.353250139263	-2328.9176640916226	-149.43558604764036	0.08600640892434533	0.12009278825118382	0.13856202931220016	0.0011743881047507915
216000	-2478.666287628395	-2328.851737889152	-149.81454973924275	0.09393825030640546	0.10033734387619844	0.11983729342397968	0.002670179563986314
217000	-2482.8995511583626	-2330.927719828225	-151.9718313301379	0.07245615493949102	0.08207600477717013	0.0755260047729115	0.001645345480220136
218000	-2479.2488160662188	-2329.208881799464	-150.03993426675459	0.13318095949543837	0.1120509002393567	0.136429013831959	0.004379279568898116
219000	-2480.3512090087743	-2327.0896743333637	-153.26153467541062	0.09986385950003926	0.05424884975612138	0.14007146106713408	0.002969886317186387
220000	-2480.7652467670446	-2327.086420622672	-153.67882614437252	0.13840914070759258	0.07044533616039628	0.21412846325297097	0.0019056874840755408
221000	-2480.1959158135205	-2330.520523626	-149.6753921875205	0.1017619271314109	0.1260771094904702	0.18218024730111346	3.647855269181176E-4
222000	-2483.39153970302	-2329.761753290822	-153.62978641219786	0.11082366339028903	0.11232178405373364	0.1411851614477517	0.0010807654078913108
223000	-2481.9282370962073	-2328.859617904727	-153.06861919147994	0.09149071244508623	0.04486101963886966	0.11957743366794507	9.293683332795456E-4
224000	-2479.7014680972493	-2329.1897367381134	-150.51173135913598	0.08118640830814919	0.16593332040092124	0.11881717915163886	0.001850523256852111
225000	-2479.700550543015	-2329.351215155863	-150.34933538715237	0.12466640452676848	0.10785894130356112	0.13338165543062216	0.002249997483624098
226000	-2481.7437015606715	-2327.946184440131	-153.79751712054028	0.06978187175482875	0.0475274110529687	0.13483025111459754	8.071787175249483E-4
227000	-2479.2924901566234	-2328.1916718309085	-151.10081832571487	0.07112604937154694	0.08315454906513842	0.11643427869960314	0.002439421142738824
228000	-2480.6439870739887	-2328.1722290645816	-152.4717580094069	0.13000900442255056	0.09002603948372187	0.1511995860876595	0.002860565198542254
229000	-2480.002479419029	-2327.4745469691643	-152.52793244986464	0.050056355344762125	0.08401977353394788	0.12805734711664168	9.997652764815864E-4
230000	-2480.8076680804393	-2328.0149710092855	-152.79269707115375	0.06589408195703449	0.09381556282489979	0.1362134351114582	0.0010876040486522834
231000	-2479.218034103221	-2328.4678284091924	-150.75020569402824	0.07827754229385576	0.1597304544424516	0.13672036515016334	0.002193572639109625
232000	-2480.7251951567164	-2329.0899464574436	-151.63524869927267	0.07229661439592877	0.1616403607470212	0.11214344939814837	0.0018865603708917086
233000	-2479.23515826097	-2328.399241351971	-150.83591690899922	0.06308358496581593	0.09220908584339918	0.11297420563304247	0.0011639172387894788
234000	-2480.5478073424206	-2330.1069372936154	-150.44087004880504	0.06544233532758029	0.10507064210795214	0.11261486943255865	5.490911903277703E-4
235000	-2478.7682895146095	-2327.7909576135735	-150.9773319010362	0.07605109753043754	0.11902601629471787	0.15193009733634255	0.002177435259657593
236000	-2478.581825307423	-2328.542184610358	-150.03964069706495	0.08822787921075505	0.12397056439680605	0.15631908284168167	0.001220843692996907
237000	-2478.2532904855566	-2328.2033047299733	-150.04998575558318	0.10331769414771293	0.08890862498224945	0.13627925437935626	0.003231939357860433
238000	-2482.8431175055043	-2331.9333095305183	-150.909807974986	0.09537531219016566	0.10843888947341641	0.09977779096002619	5.218090948373357E-4
239000	-2481.33705297081	-2328.1382051749606	-153.1988477958494	0.05118839712073743	0.07846452315787816	0.09501956035481451	0.0014446153009347376
240000	-2480.841122431195	-2331.003798286004	-149.83732414519088	0.1217427310905947	0.08625304997268243	0.10084587005739785	0.0025746208556969496
241000	-2479.620626335818	-2328.467811360859	-151.15281497495934	0.06616324136884118	0.11074974486831787	0.13949976230936395	0.002761256843591303
242000	-2485.0055011338186	-2324.7535740000944	-160.25192713372414	0.09518738270076477	0.02722304856129534	0.20132392385493506	0.002012417259843847
243000	-2478.6878891226465	-2327.809910226301	-150.8779788963456	0.08929107439234771	0.08861414328676433	0.16542122603545875	0.0013624379233553965
244000	-2477.7935886356754	-2328.105079247481	-149.68850938819403	0.09116802665691258	0.10941790145581663	0.14435072445381894	0.0019982052004846123
245000	-2479.7366284189466	-2328.889522653922	-150.8471057650243	0.06614913971156351	0.09316892048888291	0.14987608239526162	6.280374274987206E-4
246000	-2482.438928440236	-2329.5546519204654	-152.88427651977037	0.05998689789070812	0.07168312048074942	0.08876739125750778	8.499687410355453E-4
247000	-2481.1418125415516	-2328.631157319041	-152.5106552225105	0.06270953845874275	0.086676958192644	0.09858366531318884	0.0015356670144241317
248000	-2478.2838642267275	-2327.8372340837714	-150.44663014295622	0.0776076045464577	0.08133433779679347	0.1366546928901864	0.0014375145158898829
249000	-2479.031985545748	-2328.6621529128224	-150.36983263292535	0.12220917664377932	0.07863395194630772	0.15224437073980493	0.0014855456391962055
250000	-2479.1258433943967	-2328.0100010736373	-151.1158423207595	0.10255270273911815	0.06742847477776374	0.14392898958601566	0.0015593237204864668
251000	-2483.5693468832183	-2331.583740127606	-151.9856067556124	0.1316776053223095	0.06015016294579586	0.0990449041666901	0.00115172196430494
252000	-2483.4393643177455	-2329.4732691941445	-153.96609512360084	0.08955415773806837	0.04994772731099053	0.11832748545469339	7.605771163200403E-4
253000	-2480.3677862021705	-2329.57235242488	-150.7954337772902	0.09101053051158886	0.12805340781976654	0.11283587428348463	0.0030355422037260794
254000	-2479.660488713643	-2327.629930817139	-152.030557896504	0.08557305071785096	0.08049172970873007	0.16431512947088353	0.001330467173054891
255000	-2479.041045919186	-2328.618903980752	-150.42214193843415	0.11138178350575895	0.08161891137328864	0.12958393788306935	0.003954419075772982
256000	-2485.003365373852	-2326.7409742142286	-158.2623911596234	0.05853371960077534	0.03368102400396128	0.10189202520808915	0.0014378672834905756
257000	-2479.75096325493	-2327.546384073654	-152.20457918127607	0.05400147627451952	0.11100976714172996	0.13863546968817822	0.0014943263953707707
258000	-2481.5815323043566	-2331.9506888601722	-149.6308434441843	0.0884522738620253	0.12245354535114165	0.17313374957510863	3.312661910893397E-5
259000	-2484.1265804209816	-2329.1517852934057	-154.97479512757567	0.04402879655680463	0.11806914475824148	0.08516618010467993	0.001758784212013431
260000	-2479.513611550494	-2328.737729057686	-150.7758824928077	0.11408667127341848	0.06294610882826636	0.12902265271053287	0.0016276608721218886
261000	-2479.1191147377244	-2327.6850945331544	-151.4340202045701	0.06406570394333491	0.12033694612945078	0.1527860018333789	0.0019072253260016688
262000	-2478.726410765727	-2327.4431016060444	-151.2833091596827	0.11497158075850787	0.07423982277204298	0.1552144574556815	0.0026486215157617214
263000	-2480.3654905245025	-2329.6062292065744	-150.75926131792812	0.06486452715338901	0.09830331042792284	0.13693646458308828	4.987976453972014E-4
264000	-2479.1586320317138	-2328.6178251554975	-150.5408068762164	0.11986942715556813	0.07034869527998251	0.13673142031502364	0.001798760107683326
265000	-2478.822354274979	-2327.6909277878667	-151.13142648711207	0.10666789805094211	0.11710125748738776	0.1787511725028102	0.0023410846289079502
266000	-2479.198020419271	-2329.5774881201946	-149.6205322990762	0.09183718206486031	0.0969971567176218	0.16129450860877076	6.355384088217415E-4
267000	-2480.346199360853	-2328.9594291383514	-151.38677022250144	0.062469122135241265	0.12773931731898308	0.10252898357924276	0.001350629632856607
268000	-2480.567728722655	-2327.8541798975025	-152.71354882515263	0.09930526399513788	0.08109886445103845	0.13894019839513028	0.002991120226696672
269000	-2479.7275957569404	-2327.3026867060967	-152.42490905084358	0.05220040479562688	0.08515868711659454	0.1304949349078095	0.0013522912819509735
270000	-2481.759476108634	-2331.0517014797188	-150.7077746289153	0.14535630052685275	0.06489413486081225	0.13241993638320362	6.06937052008191E-4
271000	-2482.121932302497	-2331.388158752319	-150.7337735501776	0.15295420260519135	0.0672409866335245	0.14079912590695096	4.077130627137672E-4
272000	-2479.840975822766	-2329.259342778222	-150.58163304454376	0.11775993844188973	0.10634219831855501	0.13905087509708255	0.005342777180928853
273000	-2479.336723346024	-2329.09559820331	-150.24112514271368	0.08659927728470052	0.09985353281938421	0.17842973435414983	6.721218337405236E-4
274000	-2480.2480058366955	-2329.244555434755	-151.0034504019404	0.06804404409140978	0.12559366439396644	0.12337537242274081	0.0031024790661931386
275000	-2478.6641876303756	-2327.458219428672	-151.20596820170408	0.08473447686107739	0.08507794584126724	0.14875484167255826	0.002038856092652296
276000	-2479.87166081535	-2327.0987781368494	-152.77288267850037	0.06454944974431703	0.07539235085732314	0.1671964482807617	0.0021497308866912095
277000	-2478.954292813007	-2328.527822306952	-150.42647050605487	0.13577908477371575	0.12878267773198973	0.17015040521315852	0.002331701366718916
278000	-2480.051883593599	-2327.6587445211203	-152.39313907247893	0.0790415123755388	0.0555836108675202	0.12256449678360434	0.0014843653733763932
279000	-2482.4431661458266	-2332.0291971546003	-150.4139689912262	0.1761226049700816	0.13766595505379392	0.1269876990071542	0.0011572734065315494
280000	-2480.295313318257	-2328.436790470851	-151.8585228474059	0.06722970254925524	0.15223407728331226	0.14761202846309587	0.002488117133124171
281000	-2478.6311864960912	-2328.4532273132336	-150.17795918285782	0.07140578067898566	0.13532336234799847	0.13648867413800653	0.001206418128800561
282000	-2481.7139395254044	-2330.2785323741314	-151.43540715127284	0.1405204286805571	0.17515091860729093	0.1604222397897994	0.0011355685324252523
283000	-2482.1647077226057	-2328.3190567906777	-153.84565093192785	0.04699369932819936	0.11132433272400756	0.12214106133524455	6.791496973394952E-4
284000	-2481.888597553819	-2328.652677117432	-153.23592043638715	0.04935630655602644	0.08493213506690554	0.08510637219534188	0.0012632141047473043
285000	-2478.2044246416594	-2328.577547830714	-149.6268768109455	0.09483226813484959	0.11930654294157217	0.1336786285907584	0.0028107303251187223
286000	-2479.239569745638	-2327.47314480549	-151.76642494014828	0.06267603530640267	0.08237820329286469	0.15187172019530723	0.0010847450355378795
287000	-2481.122154244673	-2328.9861875614224	-152.13596668325042	0.06976308394473126	0.08802453116965132	0.14005037938379844	0.0035535792363327805
288000	-2477.8809289830597	-2327.5873161341788	-150.2936128488811	0.10947074760410251	0.09585504072616795	0.1697395006571413	0.0022794737761819496
289000	-2480.310384459176	-2327.9203399739017	-152.39004448527413	0.09054587350240419	0.060871322988102106	0.12160553117562123	0.003038247898281106
290000	-2478.4999914364103	-2328.0718696153517	-150.42812182105857	0.10528887603234566	0.11812415890227469	0.15845706459243536	0.0032905586334535113
291000	-2479.2890837604623	-2326.8294326361984	-152.45965112426413	0.10966040139098485	0.07567790192309005	0.1908218732905682	0.0034083291417453345
292000	-2479.354548427936	-2327.817484177982	-151.53706424995414	0.06768721182579172	0.1213468603779428	0.14429585611491927	0.0019575115640700644
293000	-2478.82294923975	-2327.8853693539104	-150.93757988583957	0.05985717452995433	0.11740062886580316	0.13629279281051435	0.0011742117752818668
294000	-2481.546083631549	-2328.4312640146645	-153.1148196168847	0.10476705077229663	0.05215193086653241	0.1211534400766853	0.004168609485419896
295000	-2479.192719737158	-2327.870493467199	-151.32222626995892	0.09017331832853973	0.11623605484739465	0.18567950536971467	0.0014051199630494566
296000	-2481.568387894645	-2328.164476392558	-153.4039115020872	0.07637923525936616	0.0538007939668929	0.11302355462356846	0.0032024362338211303
297000	-2481.3418505556674	-2327.341112955472	-154.00073760019532	0.0646328017236929	0.10590087257916084	0.19188773222285943	0.0012798712989598386
298000	-2481.13560249175	-2330.4294205809415	-150.7061819108084	0.06527944616380138	0.11059055306294517	0.09720943799505487	6.398185087908893E-4
299000	-2484.91265004202	-2328.578786449045	-156.33386359297512	0.04872415989703859	0.06359025270244904	0.09818201465634512	0.0022626522641204967
300000	-2480.3379620672104	-2330.2686901181905	-150.06927194901976	0.07783606199285259	0.08553277470114372	0.15741813321909676	3.478925029305661E-4
301000	-2483.1575554743895	-2327.5097905610282	-155.6477649133612	0.04331964215448801	0.10204359013611962	0.12358815603534268	9.344679279885367E-4
302000	-2479.673852022058	-2327.8046238411416	-151.86922818091634	0.12015131994789356	0.08647335532259773	0.1673387069464343	0.004694585704206743
303000	-2480.5560710105196	-2329.126357007701	-151.42971400281903	0.07710615038334315	0.10002186564603532	0.11552174387494789	0.0011603474539897568
304000	-2479.4727474651077	-2329.4675625665827	-150.00518489852487	0.10542488668440028	0.08683776294939935	0.12960046009810883	0.0012205427937935938
305000	-2478.9394178008447	-2327.187883154359	-151.7515346464856	0.08762036329020488	0.08739962465341011	0.1678914498210543	0.0022201356515314558
306000	-2478.4435318158708	-2327.613519135047	-150.83001268082356	0.07579816115180557	0.08393409505219504	0.13429666031214427	0.0020122567802670936
307000	-2479.626802100374	-2329.5688587632208	-150.05794333715323	0.10366580911692472	0.1317291320673195	0.11964808706914552	0.002667336935893438
308000	-2480.4222638223177	-2329.656518733119	-150.76574508919865	0.07457246671971315	0.12985726279684343	0.11919297154160584	0.0035302469813050037
309000	-2479.0130812913962	-2328.1324827594726	-150.88059853192357	0.1446225373329413	0.10128332423431705	0.17254732485761645	0.0025233672392201366
310000	-2481.488349561579	-2326.7970142867525	-154.69133527482654	0.05744393183452189	0.05265203961632663	0.15000200991680449	0.001018866807637311
311000	-2483.0572878500334	-2329.231974362352	-153.82531348768137	0.11619039673198729	0.10069952547896283	0.17356982073773855	0.006422180867112392
312000	-2480.040452377733	-2327.313683257432	-152.72676912030093	0.05181851488539346	0.10556159647452941	0.1628360272844599	0.0014210112412738854
313000	-2481.5375828320603	-2328.1224357013034	-153.41514713075702	0.11194305079755007	0.10535398611063634	0.1875514344124688	0.004774018764671867
314000	-2479.3578157048037	-2327.807879490346	-151.5499362144579	0.05850157345875332	0.10894051664522307	0.1330189940616059	0.0011876462547280584
315000	-2479.869130890587	-2327.326729323675	-152.54240156691185	0.06000792067106169	0.1086064518386767	0.17409342639808603	0.0015580996055203843
316000	-2480.9752267773147	-2326.4787127138875	-154.49651406342713	0.07397469238184921	0.04595963413833223	0.1372883499073069	0.0017956246576751062
317000	-2479.6643377287905	-2328.8234221829694	-150.84091554582113	0.0678563951528617	0.08094493917998369	0.1071214172495557	0.0011007805717130293
318000	-2478.9431757067573	-2327.2850389993137	-151.65813670744345	0.1148460999519052	0.06235802290781668	0.16066190071654077	0.0019868900747767567
319000	-2481.912657515621	-2330.750097177258	-151.16256033836322	0.0986810664976594	0.07185295870953698	0.08984808066816738	0.0020802519283992507
320000	-2479.00337187391	-2329.6791818540596	-149.32419001985062	0.10514542661593411	0.10449952562813647	0.13175755045905482	0.001177209376135278
321000	-2478.0584540442915	-2327.946421061077	-150.11203298321428	0.0974674567425487	0.10360936499364816	0.1504143367353218	0.002192852133789799
322000	-2479.1579146548625	-2328.571921600289	-150.5859930545736	0.07751375696196214	0.1258943394393177	0.14048728759831564	0.0030447562683113675
323000	-2482.2156854575132	-2331.6461553534896	-150.56953010402378	0.14275859426880685	0.06514565935933612	0.11637690930537327	5.98150556732694E-4
324000	-2482.589431978773	-2327.56201802591	-155.02741395286276	0.04657739423377654	0.06371438001495947	0.11699034992762182	0.001834715375083155
325000	-2480.7215362798183	-2328.443588826264	-152.27794745355416	0.12386864117119065	0.05267357971832832	0.13758974424394366	0.0015122140210786063
326000	-2481.777319357229	-2326.6875728795844	-155.0897464776446	0.10024633830252654	0.07443265715527564	0.23988148367933382	0.00203888744516049
327000	-2479.2935302940186	-2330.5995089534695	-148.6940213405493	0.09009218648599564	0.10233735224030667	0.1315474555681005	5.161671350495871E-4
328000	-2478.4454710941545	-2329.177144757105	-149.2683263370493	0.10596343714152899	0.11738924258967047	0.12533934708878305	0.002632177709335593
329000	-2478.961859185091	-2328.1840203670167	-150.77783881807406	0.088208271697157	0.12960182375602716	0.14807622963031083	0.0026630042252957296
330000	-2479.9699077266414	-2327.0390232347304	-152.9308844919111	0.0629844299596607	0.07546037202284496	0.17976679482703672	0.0011549434916342956
331000	-2477.9979088944297	-2327.5897242215565	-150.40818467287335	0.09606406371436692	0.09507430561017009	0.1657920677668596	0.0018916040853095067
332000	-2483.51353832252	-2327.51576282544	-155.99777549708017	0.07603546134622187	0.05951248635574461	0.1695912769249128	0.0033913115400725693
333000	-2479.243272776684	-2328.771324069355	-150.471948707329	0.07473168806434033	0.10387491589178344	0.1203660460363874	0.0029813414474031976
334000	-2482.018566447764	-2327.5299286742706	-154.48863777349334	0.14165053697720736	0.05126248982832127	0.20203282111890614	0.0012767490113485046
335000	-2480.662005089175	-2327.6084112386843	-153.05359385049104	0.10939773258004017	0.07896676844101877	0.15031701628171718	0.003332776643705423
336000	-2480.117483320276	-2328.7097097089068	-151.40777361136904	0.08291278239345287	0.06399420370518796	0.1505304559908609	7.524017659821526E-4
337000	-2478.999373249112	-2327.1596479624172	-151.83972528669497	0.08134102163597422	0.06481435300692481	0.13920373618013046	0.0020039887859118538
338000	-2482.670698144912	-2329.5123237591993	-153.1583743857126	0.07962495119297548	0.19829658371455014	0.11342694102453892	0.00196001116839294
339000	-2481.8008043102327	-2327.9614413841846	-153.8393629260481	0.06052584489069024	0.08285154291802876	0.16459694084025964	0.002551188957526796
340000	-2479.716167305235	-2327.72510253141	-151.9910647738252	0.05109432278345252	0.10052632340508293	0.13147750108370598	9.432389011070416E-4
341000	-2480.1778188166136	-2328.5520418113656	-151.62577700524807	0.057543909355000866	0.1327423812092377	0.1579333487844927	6.563412293850718E-4
342000	-2480.776707008328	-2327.140177584726	-153.6365294236017	0.044094024822368225	0.0851317053719763	0.13605979404468121	0.0010320712254038855
343000	-2479.7534284276494	-2327.4402868760335	-152.31314155161587	0.07600752450211723	0.10874121036845721	0.1682135342697279	0.001849146838943719
344000	-2479.9218793717846	-2327.3761981644875	-152.54568120729704	0.0823541137621898	0.05993589086864884	0.13922766365874206	0.0031350468300075656
345000	-2482.0636372637277	-2329.063036055365	-153.0006012083627	0.06608854018789476	0.10117545217184352	0.10046419726630731	0.0023839317128677
346000	-2481.172111877387	-2327.8607669134	-153.31134496398712	0.1356883886687039	0.05321552509889842	0.13988946980258748	0.0025216285325450538
347000	-2479.5344529629965	-2329.1350102904903	-150.39944267250604	0.15118361360866076	0.12318843668244193	0.1595576830384522	0.0022900240697141462
348000	-2480.7914401565345	-2328.5771734278915	-152.21426672864308	0.06409467451624348	0.11016271681162244	0.10707135200281144	0.0018030575824360556
349000	-2480.424139093963	-2330.2135613538403	-150.21057774012257	0.11409047632722275	0.1590714957520442	0.11871206676645664	0.003074816132972981
350000	-2481.56144326943	-2329.0938852019676	-152.46755806746265	0.08601540824942604	0.06333244989187217	0.13221651026581774	8.062147224673508E-4
351000	-2480.712036372313	-2328.7370322776237	-151.97500409468913	0.05740437248057503	0.0833090999315676	0.12263721270049403	6.762528191518613E-4
352000	-2478.9962653849498	-2327.4330232424736	-151.5632421424763	0.08115659126273421	0.07058950257591698	0.1340116257068757	0.002341169885176007
353000	-2481.0005510460314	-2329.38075583592	-151.61979521011156	0.11969965506186671	0.11826042274176297	0.1293644651481472	0.0039943060050429205
354000	-2480.0418509629317	-2328.116880543903	-151.92497041902857	0.06196315020351836	0.10372449487993363	0.13465430860463795	0.0023606403466897435
355000	-2481.9223828942204	-2328.569794829444	-153.35258806477609	0.07687527340430657	0.053886703114666645	0.10233765715091177	0.0030573019280494386
356000	-2479.7987487563314	-2329.4006364380525	-150.39811231827872	0.07425484542755702	0.11790726711684435	0.10108765772967233	0.0022416098347676178
357000	-2480.1431442990083	-2330.3935868200615	-149.74955747894663	0.14164654014264233	0.0920911100584672	0.11842413071952425	0.00258573535721188
358000	-2482.8935198107465	-2329.938806410026	-152.9547134007207	0.09239823410105036	0.05355251275025787	0.12904007610522777	5.669677982386145E-4
359000	-2481.254532163477	-2330.0707600151336	-151.18377214834322	0.08134144388985552	0.08770197056637073	0.12970804551234275	5.705277532562351E-4
360000	-2480.0817634329437	-2327.4525026456886	-152.6292607872553	0.11987583103800312	0.11299076791560893	0.19779512391889176	0.002686478070082415
361000	-2480.8326590734555	-2328.7692920344775	-152.06336703897804	0.06332147749828188	0.08050400972412976	0.17425182472994286	5.18558247750954E-4
362000	-2478.5262257163254	-2328.2646883302887	-150.26153738603657	0.13431478102998104	0.09367718807122156	0.15093973078996997	0.003203176319831864
363000	-2478.9147750531884	-2327.665774615515	-151.24900043767335	0.08287086278388227	0.08201865616428729	0.13820065964037379	0.001880254610713562
364000	-2484.240013142455	-2328.7227243348434	-155.51728880761155	0.09082068906931173	0.03430090725927869	0.10127499520517703	0.001164677698568913
365000	-2478.5623506977363	-2328.696573417535	-149.86577728020134	0.1065256133251477	0.13556521588302894	0.1677917357354907	0.0014179764659889536
366000	-2479.0370077443413	-2327.7331211034984	-151.3038866408429	0.08312748232678359	0.07832056072589118	0.17677654369659773	0.001093960697547539
367000	-2479.789059148429	-2327.6446743042798	-152.14438484414924	0.07204584928162318	0.060077587257743384	0.1300569325237314	0.0011971802034176772
368000	-2479.3671462039374	-2326.571870614955	-152.79527558898226	0.10386503654245574	0.0577052658105484	0.17677203189443733	0.0020169240134558348
369000	-2481.5004333745346	-2330.8143648858413	-150.68606848869345	0.06914120073753754	0.0769998965244708	0.09654271517711456	5.078787464227872E-4
370000	-2481.876178443949	-2329.7030727478677	-152.17310569608117	0.059240548609475016	0.07213332270754703	0.0923547003849381	7.012306728044102E-4
371000	-2481.0394892015656	-2330.7958753203598	-150.24361388120596	0.09381220394435884	0.0921054397189023	0.09071743157109496	0.0029578430019452278
372000	-2482.25025792961	-2326.609288524392	-155.64096940521796	0.07011864609781338	0.06288978445230023	0.22620516124053988	0.0014557307692581076
373000	-2480.882613529198	-2331.4904610443805	-149.39215248481744	0.1486265061627207	0.08762296075260359	0.12304894813616728	8.122117657110862E-4
374000	-2479.6270654190635	-2326.964631807662	-152.66243361140155	0.08307264832763836	0.05685692969888958	0.13809804607327592	0.002078184606822854
375000	-2478.746714313499	-2328.693559997391	-150.05315431610816	0.0790933731781785	0.11646777432243806	0.1652549074434551	8.539627777578775E-4
376000	-2481.017688752891	-2328.525109739738	-152.49257901315286	0.13074399194333863	0.16492880196565668	0.1809661513395466	0.004607671709885893
377000	-2479.471457324051	-2329.2650193250174	-150.2064379990336	0.12308908550658916	0.1310774601421315	0.1775424302268489	0.0011283680245852959
378000	-2479.7913747408898	-2329.254721430912	-150.53665330997774	0.12007510546673789	0.07561883518336093	0.11755158613519542	0.0031576689389953574
379000	-2479.4151312373983	-2329.089791320738	-150.32533991666023	0.0686897216668686	0.11158395037724143	0.12745689375895694	8.102204908438382E-4
380000	-2480.3348491123666	-2330.0098113181784	-150.32503779418823	0.13602249357578305	0.07389736577695169	0.12850453762851072	0.0013663259696443026
381000	-2479.75648927035	-2328.2820404915983	-151.47444877875148	0.1294221702921468	0.11424633667208844	0.16082187204221718	0.0043699885816867404
382000	-2480.1970888566066	-2326.7013609074875	-153.4957279491191	0.07690004972133556	0.05175267848435877	0.1404376464438153	0.002409320888872675
383000	-2478.2535793979846	-2328.8872897489673	-149.36628964901718	0.08655096244525066	0.11429565954124449	0.12263564542561661	0.0017075397585370894
384000	-2479.0910825140863	-2328.584882847866	-150.50619966622034	0.11040972892341201	0.07316200697572628	0.12311243467414999	0.002870901664723531
385000	-2480.332343455327	-2326.652445859222	-153.67989759610506	0.09096224942199332	0.07158874058066368	0.21803761077962366	0.0018607778774703309
386000	-2480.3181386610836	-2327.9622413140924	-152.35589734699118	0.05106235830594685	0.14171529876948452	0.12128092530547704	0.0013360976476914045
387000	-2478.915373311479	-2326.848842788139	-152.06653052334	0.1045199149782967	0.07650016426943672	0.18649135072274575	0.0031234333790242123
388000	-2479.3231633394353	-2328.6248452046893	-150.6983181347459	0.142001112290529	0.08023068456759587	0.1408483663847744	0.003011157132247122
389000	-2480.384278659597	-2327.218210259407	-153.16606840018977	0.045448132513958	0.09074113543414399	0.13644601750488627	0.001073026457369778
390000	-2481.098692519493	-2332.873359131937	-148.22533338755588	0.10739548883724657	0.13235068454881987	0.12177620580497447	1.7526812935349826E-5
391000	-2478.885593435245	-2328.3274162148223	-150.5581772204226	0.11418411002706379	0.10984783797022869	0.1578189541769979	0.004365339613075727
392000	-2478.1050576107305	-2328.7307428176064	-149.37431479312417	0.10753638573841248	0.1244846296536488	0.1400941822969014	0.002377314836817087
393000	-2480.6262697861202	-2330.800426001949	-149.82584378417138	0.10185462971174611	0.11190144180361582	0.10810916364217431	0.0011283454869016872
394000	-2479.8763975800985	-2328.5637077093916	-151.31268987070678	0.06521498514418668	0.09007055299344632	0.13881380966606902	7.72262344126824E-4
395000	-2479.2808601134143	-2328.903492604754	-150.37736750866023	0.08381024934779947	0.1207549305127298	0.17478540641711418	7.888174363155176E-4
396000	-2478.1863419375386	-2328.2239823588643	-149.96235957867418	0.10753054645165636	0.12506118643497258	0.15455587210540603	0.0030001463016950435
397000	-2478.6880022961227	-2327.5187040851415	-151.16929821098108	0.07043125669425353	0.10679526578459146	0.15819204476902024	0.0015379580723172196
398000	-2478.9873051654977	-2328.324655348835	-150.66264981666262	0.13267081120404578	0.11988010095039386	0.16692284644174737	0.002576870420052379
399000	-2480.1781724960997	-2329.213943040029	-150.96422945607094	0.07834935756132616	0.12167939527921547	0.10783330780814515	0.0020141751128443645
400000	-2478.9791855567823	-2327.538354200315	-151.4408313564674	0.13861282954718898	0.08116610850699042	0.18074377031472136	0.002316729142752696
401000	-2478.9259783097045	-2327.8014046854296	-151.1245736242748	0.07133212942134054	0.1267410151777265	0.15999052846264755	0.0013826798023596825
402000	-2478.7225049997246	-2327.2995854624414	-151.42291953728298	0.09758082305169781	0.07292868357648748	0.1537218243134526	0.0021259348834551956
403000	-2478.612570584216	-2328.4812391813866	-150.13133140282952	0.09585706530435827	0.0732001731653268	0.13428090368591775	0.0013745041944087208
404000	-2479.220261647985	-2328.582479572737	-150.63778207524763	0.12269063205266192	0.08270117366249945	0.14626241135623966	0.0018375986428991824
405000	-2478.637668883793	-2329.0062949488083	-149.63137393498482	0.0916681031838356	0.08981777108368483	0.1547066696638137	8.652559245623252E-4
406000	-2481.1136379450063	-2327.5656776408914	-153.54796030411512	0.061413199533185865	0.13677510291941017	0.18270595323814334	0.0012886617394194323
407000	-2478.0950138157373	-2328.916675100484	-149.17833871525306	0.1106647844767681	0.11093455826198595	0.14492393220927988	0.001647333342297764
408000	-2481.942697293922	-2327.800318953162	-154.1423783407597	0.04915948892539658	0.07872818083221585	0.11902031157430974	8.45759127584139E-4
409000	-2480.582873729175	-2327.3899856782355	-153.19288805093964	0.05384862844535201	0.11207436951843325	0.1603582594497148	0.0014622047402633852
410000	-2479.2811035150253	-2329.672563263177	-149.60854025184835	0.09704737731664505	0.11558544087292318	0.17586649235977758	6.155561792706685E-4
411000	-2480.7769841266763	-2327.4739664271933	-153.3030176994829	0.05496733232734978	0.08917960810480849	0.14703855186721812	0.0018749035814237163
412000	-2479.082726786316	-2327.774843661602	-151.30788312471387	0.06752428232640492	0.09941165518897783	0.13540581376468738	0.0014594385836639466
413000	-2478.380983659196	-2327.721966750368	-150.6590169088275	0.09647927111155397	0.1112299317667575	0.18689910041765276	0.0016289221221949858
414000	-2479.4590573145624	-2328.1118557299924	-151.34720158457023	0.06909403114554345	0.08391309497425938	0.1287162322588866	0.0027490498033599024
415000	-2480.9700499595965	-2330.453228453172	-150.5168215064245	0.06346263980030213	0.10650288917777266	0.09817490083471664	5.74194967968301E-4
416000	-2479.916817318544	-2328.4268440279375	-151.4899732906065	0.12947166105349664	0.08070165955381542	0.1380083632009449	0.003763796119264279
417000	-2478.595383393209	-2327.3090516523366	-151.28633174087253	0.12765713229373038	0.08184634491793213	0.17208522882765417	0.002954946640822543
418000	-2479.5337430532336	-2328.5403074773294	-150.99343557590433	0.072958588506193	0.10000253428391122	0.1354781652348848	0.0010128486890780195
419000	-2481.4803749642642	-2328.4011866813403	-153.07918828292378	0.0539964078293756	0.09240664207969929	0.15480650609278904	0.0024024571028111686
420000	-2479.501150199868	-2328.145721632094	-151.3554285677738	0.0775998456912323	0.07335795944766138	0.12079551690690074	0.002928467813470994
421000	-2478.906989335025	-2327.7842803566937	-151.12270897833162	0.06370928739129324	0.12354677041823045	0.16030613142988762	0.0011279022701641418
422000	-2479.985993827832	-2328.5943685066986	-151.39162532113306	0.07966940963699146	0.09419863092405903	0.11778161277364903	0.00279540573136258
423000	-2480.071719805978	-2329.8686404127684	-150.2030793932094	0.09481913307856288	0.12870252427364323	0.10900372886689734	0.002809289095616045
424000	-2482.6309296114728	-2328.1025394779585	-154.52839013351405	0.05728619001904001	0.06284413858214837	0.10803465782595995	0.002399000534225633
425000	-2480.1523482953585	-2330.6412834079815	-149.51106488737713	0.09562287869665065	0.15823032721407676	0.13919021934272913	5.806586676002049E-4
426000	-2481.071240200345	-2329.4783734427597	-151.5928667575854	0.10329691685136941	0.06051915661689554	0.1725630507339399	5.467082756139136E-4
427000	-2479.7349908556557	-2328.479191835477	-151.25579902017859	0.06196593134542825	0.13307234681502045	0.15291000966565912	7.79686601095989E-4
428000	-2482.0768201459377	-2329.8246955962727	-152.25212454966527	0.11709569248900681	0.06060616684522697	0.11713443296412236	0.0012503545182193446
429000	-2480.32496405216	-2328.988174298091	-151.33678975406886	0.14865977108106015	0.12877598990127342	0.15456140025673976	0.003152821416304204
430000	-2479.8051197517834	-2328.6335153450527	-151.17160440673052	0.06581744607466056	0.09588078679992487	0.12142306817828584	0.002807506269434107
431000	-2478.6434788621896	-2328.9967455569968	-149.6467333051929	0.07889494816281464	0.13161767862026577	0.11890151677225058	0.0015298540795090816
432000	-2479.9694346014544	-2327.9023616313552	-152.06707297009908	0.12252076689200943	0.09155067916161276	0.1575886205498639	0.004106342770940291
433000	-2481.1103760273213	-2326.982774820601	-154.12760120672021	0.09260730851331535	0.05295789468825898	0.1373208917592816	0.0024426524878873607
434000	-2478.2935257391728	-2327.8210183943524	-150.4725073448202	0.07610020355444369	0.11338741242936141	0.14935032974421814	0.002338043726872311
435000	-2483.8056428004247	-2331.224505737949	-152.58113706247545	0.16260261226607026	0.06381509165420542	0.1433944449319328	4.6422548969655226E-4
436000	-2478.0729917783055	-2327.730845704661	-150.3421460736445	0.09351577484881034	0.07699212672228133	0.14140646712936344	0.0019291014183851398
437000	-2482.015009398273	-2330.3758446973934	-151.63916470087955	0.16099082840154433	0.08131134458825694	0.15435145127081065	8.69250926932398E-4
438000	-2478.6750854860825	-2328.4220218677247	-150.25306361835766	0.09395409287696596	0.07258154666015958	0.1250965671806584	0.001668556678585074
439000	-2482.5159425644747	-2330.015841054885	-152.5001015095894	0.06481418690105652	0.08512111512686758	0.15061502353352363	0.003908510776919072
440000	-2480.1356033160973	-2327.1547619844723	-152.9808413316248	0.08452757103717556	0.0583682759509344	0.13948917057125518	0.0017518507544528037
441000	-2481.8828665122055	-2328.231719917994	-153.65114659421147	0.07122925366445404	0.0822287585431895	0.11455338797566639	0.0015458108506757988
442000	-2479.9120826394897	-2327.423130281023	-152.48895235846646	0.11045526401395224	0.05994351257260926	0.1418681757385018	0.002482992735981958
443000	-2479.2113519355753	-2328.6372972702843	-150.57405466529104	0.09753085942915123	0.08017570843673023	0.11872148263403222	0.0025653488799578907
444000	-2481.9354876924017	-2327.930175824935	-154.00531186746662	0.04165553951728822	0.106697140948858	0.16669887296236652	5.414574866774749E-4
445000	-2482.4519480404206	-2326.863952754341	-155.5879952860796	0.08631379463117506	0.037589419445260175	0.12690132283476083	0.0029325902016150425
446000	-2479.8814500601093	-2328.053058838143	-151.8283912219665	0.09823040242400018	0.10509415699916963	0.16550335405508473	0.003820583017930817
447000	-2480.686218097937	-2329.77924929023	-150.90696880770713	0.07176481955529922	0.06990919380989892	0.11515408693559667	6.068755038051598E-4
448000	-2479.6114459454593	-2330.466588600358	-149.14485734510106	0.08269587726193019	0.09616074930464492	0.10819744449256125	7.412934499058818E-4
449000	-2479.739439575186	-2327.390282308879	-152.3491572663074	0.11763801365472659	0.07059054661499967	0.15681440152931528	0.003875782935616045
450000	-2477.963993343605	-2327.826993125459	-150.13700021814614	0.0896097536628572	0.11775198115639471	0.15787212003594944	0.0021743127576834952
451000	-2479.8814765158627	-2327.365924186409	-152.51555232945404	0.08939143372029627	0.053119579004921424	0.1254800179659301	0.002302550981744022
452000	-2479.388202084845	-2327.6692081190913	-151.71899396575364	0.07494798592029794	0.08670796909179317	0.13396184814524073	0.002154664459769311
453000	-2479.52947258656	-2328.4962759848463	-151.03319660171394	0.08644079436179565	0.12596671392282208	0.18221776359011632	9.889056234123343E-4
454000	-2478.25307270255	-2329.3837241803317	-148.8693485222186	0.10234837936350015	0.12336854313755115	0.13791146835239268	0.001304617551258062
455000	-2480.1142456422385	-2328.8822764783117	-151.23196916392698	0.11719895876560356	0.07545310969097167	0.1321307898223022	0.00505693181375644
456000	-2478.803413127359	-2329.2031379782215	-149.6002751491375	0.08913588762332504	0.14748938210993867	0.12467060490771938	0.0017144308226741695
457000	-2479.7229573226414	-2328.0616113276146	-151.66134599502658	0.10410488817454598	0.06931157257062479	0.17982519402317634	0.0010896156358945535
458000	-2480.9696175582467	-2328.4874876135245	-152.48212994472237	0.15760803121625336	0.08302363643886285	0.15722129263102966	0.006483302161945395
459000	-2479.2351072605334	-2329.355885932072	-149.8792213284613	0.12492002976031352	0.10197856679895514	0.13906363895520138	0.0017382401463563995
460000	-2481.7456850396584	-2329.3718087066663	-152.37387633299187	0.10547815029106739	0.08955360227746668	0.18770934010465837	0.006126164834858292
461000	-2479.889163170409	-2328.1236743312193	-151.7654888391899	0.09246594878106532	0.06355102229132292	0.12460164199141423	0.003537343880774093
462000	-2479.8484077242483	-2328.7452456670835	-151.10316205716478	0.07567609117211349	0.15593745007519347	0.13954141383472765	0.002863180610334962
463000	-2478.7922869593094	-2328.45377912579	-150.3385078335194	0.08008288414002299	0.09071840962800792	0.11903349839567899	0.0017215725494192445
464000	-2478.8169091836007	-2328.860928829838	-149.95598035376253	0.09007272458785777	0.09499881152292465	0.1434141203660827	0.0010633491959866233
465000	-2479.483414218576	-2327.0018526504314	-152.48156156814446	0.07905706989882441	0.06681034457960547	0.14627144832477165	0.002129394018186754
466000	-2479.7389094156456	-2328.9289912648246	-150.80991815082078	0.06263258472060834	0.10914336703040166	0.10198234961247751	0.0012307253687013936
467000	-2478.0176773546727	-2328.561532279919	-149.4561450747538	0.08815124814524829	0.0998248093595946	0.14263422743644014	0.0012547340757247869
468000	-2482.2051681373446	-2329.7991233349594	-152.40604480238537	0.0449941081809589	0.09974323795714246	0.11843867946660774	3.333917085832776E-4
469000	-2482.02886460865	-2326.230726440792	-155.79813816785816	0.0658610178473166	0.05175286947929342	0.18188388566650882	0.0019391534874919137
470000	-2478.59110763928	-2328.7753165835284	-149.81579105575145	0.10181331427998705	0.08232489989388253	0.15624540123758038	0.0010458787385496857
471000	-2479.7252860311596	-2327.374204012072	-152.3510820190878	0.06399650275538685	0.08616859081315056	0.14330189863042084	0.001968233157698422
472000	-2482.269438281662	-2327.358157741214	-154.9112805404478	0.16548175461186138	0.10241757272341095	0.22727645715431413	0.006249779534939286
473000	-2478.591234413424	-2326.902185196007	-151.689049217417	0.08207511921694642	0.07181791305992173	0.1627102088070415	0.0019876936633022864
474000	-2479.185215825098	-2329.0604918571557	-150.12472396794223	0.10602994959113136	0.09618995077017928	0.12269804490725861	0.002347368134089131
475000	-2480.521565851752	-2326.7351441611577	-153.786421690594	0.0906835780091686	0.046614665442829564	0.1376060570709343	0.002666117788088802
476000	-2478.9813874149245	-2328.76526525727	-150.21612215765424	0.0743622773781851	0.09608878068522021	0.10742581273634891	0.0019365423842451588
477000	-2480.1060306530762	-2329.220725988804	-150.88530466427233	0.07411596137079353	0.1378921709294411	0.10742233304844502	0.0018383805060995825
478000	-2479.717491620065	-2329.4656991059974	-150.2517925140676	0.072569595163251	0.08312882167749658	0.11310006000789019	8.09374233773763E-4
479000	-2482.5149928153996	-2330.6669194576994	-151.84807335770037	0.0637984306623905	0.14152155437661246	0.09353877718353813	0.003199569586551651
480000	-2480.926248247176	-2330.082009065752	-150.84423918142386	0.13769369874519227	0.10114177473731399	0.13284189637244675	0.007038099454106663
481000	-2480.3777940748996	-2329.210731531963	-151.16706254293638	0.061611711710960824	0.11336665478032146	0.0927116910575534	0.0016002276111088396
482000	-2478.52725187238	-2328.682374087468	-149.8448777849121	0.09571093811361392	0.10445096254113449	0.1296342083847501	0.003360293391662028
483000	-2480.049680814118	-2327.4444838951576	-152.60519691896042	0.08315565835413014	0.0550666376391102	0.1361211934536728	0.0014034467953603401
484000	-2478.472876695179	-2327.7855120439585	-150.6873646512204	0.08549637320118818	0.08253647601200162	0.1376430894919725	0.0028585352795281725
485000	-2480.080498115162	-2328.497940622495	-151.58255749266664	0.08907948784145245	0.1640345474662075	0.15086635797442138	0.0028294019904400182
486000	-2481.2007097606747	-2330.55172369405	-150.64898606662481	0.07883053964185047	0.0802085494317609	0.16242815292867632	2.738624969915101E-4
487000	-2479.019720467923	-2327.916497278903	-151.1032231890199	0.06321145076158738	0.13026968438144992	0.14272735499154585	0.0012664287481953139
488000	-2480.5803914606627	-2330.69653028298	-149.88386117768263	0.11774371013293411	0.07563980712688935	0.12431960044706618	7.508953869204275E-4
489000	-2480.2040848315396	-2327.474253703298	-152.72983112824173	0.08132989298315983	0.0707044228782587	0.1752202966526618	0.003360846361268951
490000	-2479.369691373263	-2328.5832665032844	-150.78642486997836	0.07062257052602873	0.07801326353879912	0.1131331415146487	0.0011612226561472387
491000	-2479.921845500421	-2328.386539763645	-151.5353057367759	0.05627938509960234	0.13002973208237442	0.11714270280673177	0.0010452740409039485
492000	-2482.457346653793	-2330.2545319144356	-152.20281473935748	0.09132240645119166	0.06174176091764506	0.08911398784226843	0.003197532305016956
493000	-2480.4245004844793	-2330.3610428997645	-150.06345758471474	0.07015167288071124	0.11790877634128505	0.13523133740254165	4.0522327986616585E-4
494000	-2479.4129181664534	-2329.1193886821557	-150.29352948429766	0.11411289668643208	0.07043109195147897	0.1213660376773529	0.0018712176911973002
495000	-2479.050194714826	-2327.424128330069	-151.62606638475697	0.06592958206771643	0.10989067189559582	0.17519656272538336	0.0013364175465357512
496000	-2478.9512860449277	-2326.6179929742166	-152.33329307071125	0.10079293304136305	0.06695276836547177	0.17891695761311854	0.002682319343466469
497000	-2478.549247619192	-2328.462751935459	-150.08649568373332	0.10015908004399751	0.14937781850504023	0.15223747667737111	0.0022145994442042375
498000	-2480.652424873853	-2330.647869547027	-150.00455532682585	0.1013906063371076	0.14181448175341393	0.10456400427003616	0.0020794302782463476
499000	-2479.092110464303	-2327.6625847854125	-151.42952567889046	0.06976438932268057	0.08454394863932413	0.13043785619276446	0.002148790444871345
500000	-2479.2243336175284	-2327.6867101262233	-151.53762349130503	0.06358519506250541	0.08095859977509016	0.12115171048787164	0.0015599062940805553
