pbsworkdir
/home/gseeholzer/nas3/bfd/runs/F4
./:/bin:/usr/bin:/usr/local/sbin:/usr/sbin:/opt/pbs/bin:/home/gseeholzer/programs/bamUtil/bin:/home/gseeholzer/programs/samtools-1.10/bin:/home/gseeholzer/programs/angsd:/home/gseeholzer/programs/angsd/misc:/home/gseeholzer/programs/satsuma2-master/bin:/home/gseeholzer/programs/pcangsd:/home/gseeholzer/programs/evalAdmix:/home/gseeholzer/programs/htslib-1.10.2/bin:/home/gseeholzer/programs/ngsRelate:/home/gseeholzer/programs/vcftools_0.1.13/bin:/home/gseeholzer/programs/bcftools-1.10.2/bin:/home/gseeholzer/programs/gsl/bin:/home/gseeholzer/programs/ngsTools/ngsDist:/home/gseeholzer/programs/ngsTools/ngsF:/home/gseeholzer/programs/ngsTools/ngsF-HMM:/home/gseeholzer/programs/ngsTools/ngsLD:/home/gseeholzer/programs/ngsTools/ngsPopGen:/home/gseeholzer/programs/ngsTools/ngsSim:/home/gseeholzer/programs/ngsTools/ngsUtils:/home/gseeholzer/programs/fastme-2.1.6.1/src:/home/gseeholzer/programs/beast/bin:/home/gseeholzer/.local/bin:/home/gseeholzer/bin
Tue Dec  8 11:41:10 EST 2020

real	0m0.000s
user	0m0.000s
sys	0m0.000s

                        BEAST v2.6.2, 2002-2020
             Bayesian Evolutionary Analysis Sampling Trees
                       Designed and developed by
 Remco Bouckaert, Alexei J. Drummond, Andrew Rambaut & Marc A. Suchard
                                    
                   Centre for Computational Evolution
                         University of Auckland
                       r.bouckaert@auckland.ac.nz
                        alexei@cs.auckland.ac.nz
                                    
                   Institute of Evolutionary Biology
                        University of Edinburgh
                           a.rambaut@ed.ac.uk
                                    
                    David Geffen School of Medicine
                 University of California, Los Angeles
                           msuchard@ucla.edu
                                    
                      Downloads, Help & Resources:
                           http://beast2.org/
                                    
  Source code distributed under the GNU Lesser General Public License:
                   http://github.com/CompEvol/beast2
                                    
                           BEAST developers:
   Alex Alekseyenko, Trevor Bedford, Erik Bloomquist, Joseph Heled, 
 Sebastian Hoehna, Denise Kuehnert, Philippe Lemey, Wai Lok Sibon Li, 
Gerton Lunter, Sidney Markowitz, Vladimir Minin, Michael Defoin Platel, 
          Oliver Pybus, Tim Vaughan, Chieh-Hsi Wu, Walter Xie
                                    
                               Thanks to:
          Roald Forsberg, Beth Shapiro and Korbinian Strimmer

Random number seed: 1607445674136

File: F4.SBE3_v2_1sp.r2.xml seed: 1607445674136 threads: 16
Loading package BEAST v2.6.2
Loading package BEASTLabs v1.9.2
Loading package MODEL_SELECTION v1.5.2
Loading package SNAPP v1.5.0
Loading package BEAST v2.6.2
Alignment(bfd)
  40 taxa
  100 sites
  100 patterns

ant: 100 33
cur: 100 5
Data(snap.bfd)
  2 taxa
  100 sites
  42 patterns

Seq: seq_Carpish_B72761.Huanuco.Acomayo3
Seq: seq_Carpish_B72772.Huanuco.Mitotambo2
Seq: seq_Amotape_B67243.Tumbes.Amotape
Seq: seq_Amotape_B67257.Tumbes.Amotape4
Seq: seq_Chavinillo_B72789.Huanuco.Chavinillo3
Seq: seq_Chavinillo_B72792.Huanuco.Chavinillo4
Seq: seq_Quichas_B72777.Lima.Quichas2
Seq: seq_Quichas_B72778.Lima.Quichas
Seq: seq_Canchaque_B72873.Piura.Canchaque4
Seq: seq_Canchaque_B72878.Piura.Canchaque7
Seq: seq_Huamatanga_B72889.Lima.Huamatanga7
Seq: seq_Huamatanga_B72892.Lima.Huamatanga7
Seq: seq_Porculla_B72863.Piura.Porculla
Seq: seq_Porculla_B72866.Piura.Porculla4
Seq: seq_LaQuinua_B72753.Pasco.LaQuinua1
Seq: seq_LaQuinua_B72756.Pasco.LaQuinua3
Seq: seq_curtata_cra.cur.B60322
Seq: seq_curtata_cra.cur.B81753
ant: 98 33
cur: 98 5
2 taxa
98 sites with weight 100
43 patterns
Rate prior = gamma
Log Likelihood Correction = -1139.868169588039
===============================================================================
Citations for this model:

Bouckaert, Remco, Timothy G. Vaughan, Jo?lle Barido-Sottani, Sebasti?n Duch?ne, 
  Mathieu Fourment, Alexandra Gavryushkina, Joseph Heled et al. 
  BEAST 2.5: An advanced software platform for Bayesian evolutionary analysis. 
  PLoS computational biology 15, no. 4 (2019): e1006650.

David Bryant, Remco Bouckaert, Joseph Felsenstein, Noah Rosenberg, Arindam RoyChoudhury. Inferring Species Trees Directly from Biallelic Genetic Markers: Bypassing Gene Trees in a Full Coalescent Analysis. Mol. Biol. Evol. 29(8):1917-1932, 2012

===============================================================================
Starting step 0
Starting step 1
Starting step 2
Starting step 3
Starting step 5
Starting step 7
Starting step 4
Starting step 6
Starting step 8
Starting step 11
Starting step 10
Starting step 9
Starting step 12
Starting step 15
Starting step 13
Starting step 14
Finished step 5
Finished step 8
Finished step 13
Finished step 7
Finished step 15
Finished step 9
Finished step 14
Finished step 11
Finished step 0
Finished step 1
Finished step 2
Finished step 12
Finished step 3
Finished step 4
Finished step 6
Finished step 10
Starting step 16
Starting step 18
Starting step 19
Starting step 20
Starting step 23
Starting step 21
Starting step 17
Starting step 22
Finished step 23
Finished step 22
Finished step 18
Finished step 16
Finished step 17
Finished step 20
Finished step 19
Finished step 21

Loading /home/gseeholzer/nas3/bfd/runs/F4/F4.SBE3_v2_1sp.r2/step0/likelihood.log, burnin 20%, skipping 200 log lines

|---------|---------|---------|---------|---------|---------|---------|---------|
*********************************************************************************

Calculating statistics

|---------|---------|---------|---------|---------|---------|---------|---------|
********************************************************************************

marginalLs[0 ] = -1560.3379283213067

Loading /home/gseeholzer/nas3/bfd/runs/F4/F4.SBE3_v2_1sp.r2/step1/likelihood.log, burnin 20%, skipping 200 log lines

|---------|---------|---------|---------|---------|---------|---------|---------|
*********************************************************************************

Calculating statistics

|---------|---------|---------|---------|---------|---------|---------|---------|
********************************************************************************

marginalLs[1 ] = -1560.5117518943846

Loading /home/gseeholzer/nas3/bfd/runs/F4/F4.SBE3_v2_1sp.r2/step2/likelihood.log, burnin 20%, skipping 200 log lines

|---------|---------|---------|---------|---------|---------|---------|---------|
*********************************************************************************

Calculating statistics

|---------|---------|---------|---------|---------|---------|---------|---------|
********************************************************************************

marginalLs[2 ] = -1560.7507137311393

Loading /home/gseeholzer/nas3/bfd/runs/F4/F4.SBE3_v2_1sp.r2/step3/likelihood.log, burnin 20%, skipping 200 log lines

|---------|---------|---------|---------|---------|---------|---------|---------|
*********************************************************************************

Calculating statistics

|---------|---------|---------|---------|---------|---------|---------|---------|
********************************************************************************

marginalLs[3 ] = -1561.1376354601348

Loading /home/gseeholzer/nas3/bfd/runs/F4/F4.SBE3_v2_1sp.r2/step4/likelihood.log, burnin 20%, skipping 200 log lines

|---------|---------|---------|---------|---------|---------|---------|---------|
*********************************************************************************

Calculating statistics

|---------|---------|---------|---------|---------|---------|---------|---------|
********************************************************************************

marginalLs[4 ] = -1561.2480944902074

Loading /home/gseeholzer/nas3/bfd/runs/F4/F4.SBE3_v2_1sp.r2/step5/likelihood.log, burnin 20%, skipping 200 log lines

|---------|---------|---------|---------|---------|---------|---------|---------|
*********************************************************************************

Calculating statistics

|---------|---------|---------|---------|---------|---------|---------|---------|
********************************************************************************

marginalLs[5 ] = -1561.5294481921937

Loading /home/gseeholzer/nas3/bfd/runs/F4/F4.SBE3_v2_1sp.r2/step6/likelihood.log, burnin 20%, skipping 200 log lines

|---------|---------|---------|---------|---------|---------|---------|---------|
*********************************************************************************

Calculating statistics

|---------|---------|---------|---------|---------|---------|---------|---------|
********************************************************************************

marginalLs[6 ] = -1561.6304668744865

Loading /home/gseeholzer/nas3/bfd/runs/F4/F4.SBE3_v2_1sp.r2/step7/likelihood.log, burnin 20%, skipping 200 log lines

|---------|---------|---------|---------|---------|---------|---------|---------|
*********************************************************************************

Calculating statistics

|---------|---------|---------|---------|---------|---------|---------|---------|
********************************************************************************

marginalLs[7 ] = -1561.8755152412582

Loading /home/gseeholzer/nas3/bfd/runs/F4/F4.SBE3_v2_1sp.r2/step8/likelihood.log, burnin 20%, skipping 200 log lines

|---------|---------|---------|---------|---------|---------|---------|---------|
*********************************************************************************

Calculating statistics

|---------|---------|---------|---------|---------|---------|---------|---------|
********************************************************************************

marginalLs[8 ] = -1561.8566364326475

Loading /home/gseeholzer/nas3/bfd/runs/F4/F4.SBE3_v2_1sp.r2/step9/likelihood.log, burnin 20%, skipping 200 log lines

|---------|---------|---------|---------|---------|---------|---------|---------|
*********************************************************************************

Calculating statistics

|---------|---------|---------|---------|---------|---------|---------|---------|
********************************************************************************

marginalLs[9 ] = -1562.0099195661558

Loading /home/gseeholzer/nas3/bfd/runs/F4/F4.SBE3_v2_1sp.r2/step10/likelihood.log, burnin 20%, skipping 200 log lines

|---------|---------|---------|---------|---------|---------|---------|---------|
*********************************************************************************

Calculating statistics

|---------|---------|---------|---------|---------|---------|---------|---------|
********************************************************************************

marginalLs[10 ] = -1562.2161131542537

Loading /home/gseeholzer/nas3/bfd/runs/F4/F4.SBE3_v2_1sp.r2/step11/likelihood.log, burnin 20%, skipping 200 log lines

|---------|---------|---------|---------|---------|---------|---------|---------|
*********************************************************************************

Calculating statistics

|---------|---------|---------|---------|---------|---------|---------|---------|
********************************************************************************

marginalLs[11 ] = -1562.2959612721472

Loading /home/gseeholzer/nas3/bfd/runs/F4/F4.SBE3_v2_1sp.r2/step12/likelihood.log, burnin 20%, skipping 200 log lines

|---------|---------|---------|---------|---------|---------|---------|---------|
*********************************************************************************

Calculating statistics

|---------|---------|---------|---------|---------|---------|---------|---------|
********************************************************************************

marginalLs[12 ] = -1562.499969936635

Loading /home/gseeholzer/nas3/bfd/runs/F4/F4.SBE3_v2_1sp.r2/step13/likelihood.log, burnin 20%, skipping 200 log lines

|---------|---------|---------|---------|---------|---------|---------|---------|
*********************************************************************************

Calculating statistics

|---------|---------|---------|---------|---------|---------|---------|---------|
********************************************************************************

marginalLs[13 ] = -1562.5884879249393

Loading /home/gseeholzer/nas3/bfd/runs/F4/F4.SBE3_v2_1sp.r2/step14/likelihood.log, burnin 20%, skipping 200 log lines

|---------|---------|---------|---------|---------|---------|---------|---------|
*********************************************************************************

Calculating statistics

|---------|---------|---------|---------|---------|---------|---------|---------|
********************************************************************************

marginalLs[14 ] = -1562.634134088364

Loading /home/gseeholzer/nas3/bfd/runs/F4/F4.SBE3_v2_1sp.r2/step15/likelihood.log, burnin 20%, skipping 200 log lines

|---------|---------|---------|---------|---------|---------|---------|---------|
*********************************************************************************

Calculating statistics

|---------|---------|---------|---------|---------|---------|---------|---------|
********************************************************************************

marginalLs[15 ] = -1562.7948449841701

Loading /home/gseeholzer/nas3/bfd/runs/F4/F4.SBE3_v2_1sp.r2/step16/likelihood.log, burnin 20%, skipping 200 log lines

|---------|---------|---------|---------|---------|---------|---------|---------|
*********************************************************************************

Calculating statistics

|---------|---------|---------|---------|---------|---------|---------|---------|
********************************************************************************

marginalLs[16 ] = -1562.770378867365

Loading /home/gseeholzer/nas3/bfd/runs/F4/F4.SBE3_v2_1sp.r2/step17/likelihood.log, burnin 20%, skipping 200 log lines

|---------|---------|---------|---------|---------|---------|---------|---------|
*********************************************************************************

Calculating statistics

|---------|---------|---------|---------|---------|---------|---------|---------|
********************************************************************************

marginalLs[17 ] = -1562.9226504005942

Loading /home/gseeholzer/nas3/bfd/runs/F4/F4.SBE3_v2_1sp.r2/step18/likelihood.log, burnin 20%, skipping 200 log lines

|---------|---------|---------|---------|---------|---------|---------|---------|
*********************************************************************************

Calculating statistics

|---------|---------|---------|---------|---------|---------|---------|---------|
********************************************************************************

marginalLs[18 ] = -1563.0732651559567

Loading /home/gseeholzer/nas3/bfd/runs/F4/F4.SBE3_v2_1sp.r2/step19/likelihood.log, burnin 20%, skipping 200 log lines

|---------|---------|---------|---------|---------|---------|---------|---------|
*********************************************************************************

Calculating statistics

|---------|---------|---------|---------|---------|---------|---------|---------|
********************************************************************************

marginalLs[19 ] = -1563.037533622439

Loading /home/gseeholzer/nas3/bfd/runs/F4/F4.SBE3_v2_1sp.r2/step20/likelihood.log, burnin 20%, skipping 200 log lines

|---------|---------|---------|---------|---------|---------|---------|---------|
*********************************************************************************

Calculating statistics

|---------|---------|---------|---------|---------|---------|---------|---------|
********************************************************************************

marginalLs[20 ] = -1563.0972675487847

Loading /home/gseeholzer/nas3/bfd/runs/F4/F4.SBE3_v2_1sp.r2/step21/likelihood.log, burnin 20%, skipping 200 log lines

|---------|---------|---------|---------|---------|---------|---------|---------|
*********************************************************************************

Calculating statistics

|---------|---------|---------|---------|---------|---------|---------|---------|
********************************************************************************

marginalLs[21 ] = -1562.901745597084

Loading /home/gseeholzer/nas3/bfd/runs/F4/F4.SBE3_v2_1sp.r2/step22/likelihood.log, burnin 20%, skipping 200 log lines

|---------|---------|---------|---------|---------|---------|---------|---------|
*********************************************************************************

Calculating statistics

|---------|---------|---------|---------|---------|---------|---------|---------|
********************************************************************************

marginalLs[22 ] = -1563.1159810272457

Loading /home/gseeholzer/nas3/bfd/runs/F4/F4.SBE3_v2_1sp.r2/step23/likelihood.log, burnin 20%, skipping 200 log lines

|---------|---------|---------|---------|---------|---------|---------|---------|
*********************************************************************************

Calculating statistics

|---------|---------|---------|---------|---------|---------|---------|---------|
********************************************************************************

marginalLs[23 ] = -1562.9996385108502

Step        theta         likelihood   contribution ESS
0            1            -1560.3379   0            612.537      
1            0.8623       -1560.5118   -214.8939    801          
2            0.7384       -1560.7507   -193.3011    801          
3            0.6276       -1561.1376   -173.0166    707.3461     
4            0.529        -1561.2481   -153.9779    686.545      
5            0.4417       -1561.5294   -136.2093    681.8935     
6            0.3651       -1561.6305   -119.6595    611.7986     
7            0.2983       -1561.8755   -104.3313    720.3946     
8            0.2406       -1561.8566   -90.1741     649.4384     
9            0.1911       -1562.0099   -77.1929     704.787      
10           0.1493       -1562.2161   -65.3531     579.7196     
11           0.1143       -1562.296    -54.62       616.921      
12           0.0855       -1562.5      -44.9753     789.1557     
13           0.0623       -1562.5885   -36.3832     659.0001     
14           0.0438       -1562.6341   -28.8143     711.4677     
15           0.0296       -1562.7948   -22.2379     772.2396     
16           0.019        -1562.7704   -16.614      700.0018     
17           0.0113       -1562.9227   -11.908      786.3354     
18           0.0062       -1563.0733   -8.0746      320.3663     
19           0.0029       -1563.0375   -5.0661      440.9886     
20           0.0011       -1563.0973   -2.8303      639.0786     
21           0.0003       -1562.9017   -1.3036      489.9249     
22           0            -1563.116    -0.4102      605.9324     
23           0            -1562.9996   -0.0452      763.6392     
sum(ESS) = 15851.511   

marginal L estimate = -1561.392405622207


Total wall time: 19319 seconds
Done

real	322m1.132s
user	4123m29.254s
sys	86m24.847s
