#
#model:
#
#<?xml version="1.0" encoding="UTF-8" standalone="no"?><input id="posterior" spec="beast.core.util.CompoundDistribution">
#    <distribution id="prior" spec="beast.core.util.CompoundDistribution">
#        <prior id="lambdaPrior.bfd" name="distribution">
#            <parameter id="lambda" lower="0.0" name="x" spec="beast.core.parameter.RealParameter">0.01</parameter>
#            <Gamma id="Gamma.0" name="distr">
#                <parameter estimate="false" id="RealParameter.1" name="alpha" spec="beast.core.parameter.RealParameter">2.0</parameter>
#                <parameter estimate="false" id="RealParameter.2" name="beta" spec="beast.core.parameter.RealParameter">200.0</parameter>
#            </Gamma>
#        </prior>
#        <distribution id="snapprior.bfd" lambda="@lambda" spec="snap.likelihood.SnAPPrior">
#            <parameter estimate="false" id="alpha" lower="0.0" name="alpha" spec="beast.core.parameter.RealParameter">11.75</parameter>
#            <parameter estimate="false" id="beta" lower="0.0" name="beta" spec="beast.core.parameter.RealParameter">109.73</parameter>
#            <parameter estimate="false" id="kappa" lower="0.0" name="kappa" spec="beast.core.parameter.RealParameter">1.0</parameter>
#            <parameter id="coalescenceRate" name="coalescenceRate" spec="beast.core.parameter.RealParameter">10.0</parameter>
#            <tree clusterType="upgma" id="Tree.bfd" nodetype="snap.NodeData" spec="beast.util.ClusterTree">
#                <taxa dataType="integerdata" id="snap.bfd" spec="snap.Data">
#                    <taxonset id="ant" spec="beast.evolution.alignment.TaxonSet">
#                        <taxon id="Amotape_B67243.Tumbes.Amotape" spec="beast.evolution.alignment.Taxon"/>
#                        <taxon id="Amotape_B67257.Tumbes.Amotape" spec="beast.evolution.alignment.Taxon"/>
#                        <taxon id="Canchaque_B72873.Piura.Canchaque" spec="beast.evolution.alignment.Taxon"/>
#                        <taxon id="Canchaque_B72878.Piura.Canchaque" spec="beast.evolution.alignment.Taxon"/>
#                        <taxon id="Porculla_B72863.Piura.Porculla" spec="beast.evolution.alignment.Taxon"/>
#                        <taxon id="Porculla_B72866.Piura.Porculla" spec="beast.evolution.alignment.Taxon"/>
#                    </taxonset>
#                    <taxonset id="bar" spec="beast.evolution.alignment.TaxonSet">
#                        <taxon id="Carpish_B72761.Huanuco.Acomayo" spec="beast.evolution.alignment.Taxon"/>
#                        <taxon id="Carpish_B72772.Huanuco.Mitotambo" spec="beast.evolution.alignment.Taxon"/>
#                        <taxon id="Chavinillo_B72789.Huanuco.Chavinillo" spec="beast.evolution.alignment.Taxon"/>
#                        <taxon id="Chavinillo_B72792.Huanuco.Chavinillo" spec="beast.evolution.alignment.Taxon"/>
#                        <taxon id="Quichas_B72777.Lima.Quichas" spec="beast.evolution.alignment.Taxon"/>
#                        <taxon id="Quichas_B72778.Lima.Quichas" spec="beast.evolution.alignment.Taxon"/>
#                        <taxon id="Huamatanga_B72889.Lima.Huamatanga" spec="beast.evolution.alignment.Taxon"/>
#                        <taxon id="Huamatanga_B72892.Lima.Huamatanga" spec="beast.evolution.alignment.Taxon"/>
#                        <taxon id="LaQuinua_B72753.Pasco.LaQuinua" spec="beast.evolution.alignment.Taxon"/>
#                        <taxon id="LaQuinua_B72756.Pasco.LaQuinua" spec="beast.evolution.alignment.Taxon"/>
#                    </taxonset>
#                    <taxonset id="cur" spec="beast.evolution.alignment.TaxonSet">
#                        <taxon id="curtata_cra.cur.B6032" spec="beast.evolution.alignment.Taxon"/>
#                        <taxon id="curtata_cra.cur.B8175" spec="beast.evolution.alignment.Taxon"/>
#                    </taxonset>
#                </taxa>
#                <parameter id="RealParameter.0" lower="0.0" name="clock.rate" spec="beast.core.parameter.RealParameter" upper="0.0">1.0</parameter>
#            </tree>
#        </distribution>
#    </distribution>
#    <distribution id="likelihood" spec="beast.core.util.CompoundDistribution">
#        <distribution data="@snap.bfd" id="treeLikelihood.bfd" non-polymorphic="false" pattern="coalescenceRate" spec="snap.likelihood.SnAPTreeLikelihood" tree="@Tree.bfd">
#            <siteModel id="MutationSiteModel.bfd" spec="beast.evolution.sitemodel.SiteModel">
#                <parameter estimate="false" id="mutationRate" name="mutationRate" spec="beast.core.parameter.RealParameter">1.0</parameter>
#                <parameter estimate="false" id="shape" name="shape" spec="beast.core.parameter.RealParameter">2.0</parameter>
#                <parameter estimate="false" id="proportionInvariant" name="proportionInvariant" spec="beast.core.parameter.RealParameter">0.0</parameter>
#                <substModel coalescenceRate="@coalescenceRate" id="MutationModel" spec="snap.likelihood.SnapSubstitutionModel">
#                    <parameter estimate="false" id="u" lower="0.0" name="mutationRateU" spec="beast.core.parameter.RealParameter">1.0</parameter>
#                    <parameter id="v" lower="0.0" name="mutationRateV" spec="beast.core.parameter.RealParameter">1.0</parameter>
#                </substModel>
#            </siteModel>
#        </distribution>
#    </distribution>
#</input>
#
Sample	posterior	likelihood	prior	theta0	theta1	theta2	theta3	theta4	TreeHeightLogger
0	-1769.72014679287	-1524.3690992387437	-245.35104755412627	0.11292628768275466	0.1362880151875049	0.15131111616135487	0.09750500569801315	0.15382616172277597	0.006472781351065897
1000	-1770.1008611597385	-1522.3708959314622	-247.7299652282763	0.09464742325249623	0.11328702184915984	0.07396870546435148	0.13554146365802744	0.18533404133165482	0.006489074645423851
2000	-1771.041846262819	-1523.4220324446571	-247.6198138181618	0.08202511270628238	0.0944240532143072	0.12089368051072844	0.07591678233125299	0.2097305915346766	0.004373018019684539
3000	-1768.7832901097715	-1523.9639136769995	-244.81937643277215	0.09779405230813087	0.1147843940173147	0.10318053694658501	0.10055023521602148	0.1418380821661793	0.007328154856929838
4000	-1772.2625070014478	-1524.548534236485	-247.71397276496273	0.10619451543853688	0.06554615029281347	0.13383229003391248	0.1838816797937781	0.14853088354681995	0.0058301605996184
5000	-1772.5605087427116	-1523.7965255730564	-248.76398316965506	0.08695630718710841	0.08020526190170015	0.07254388032303663	0.053683745052283086	0.13262545866736145	0.003311536898379511
6000	-1775.8763178430765	-1524.2172287889541	-251.65908905412252	0.12616041778039436	0.06445937002694517	0.10400899504654965	0.05909769419381151	0.194187664624738	0.006117673571055764
7000	-1771.0371752140186	-1525.8859226359182	-245.15125257810044	0.10199164003302824	0.13823391228996534	0.09941436611548389	0.08554995686415794	0.1270598388960441	0.007270408011434887
8000	-1771.15480623555	-1526.9592968522215	-244.1955093833285	0.10489440553511359	0.11461490215460425	0.07240809488823076	0.09938713222398328	0.14125909592343014	0.0036608212862925143
9000	-1768.1380192294075	-1522.7309566168924	-245.4070626125151	0.09658441492622406	0.11056950152499412	0.10206467125105703	0.08006729829447905	0.1552658643815068	0.005698468086136359
10000	-1775.4229751549983	-1523.58241475588	-251.8405603991182	0.054964649770319285	0.18403265063451113	0.07730290491826117	0.04826248245841937	0.140265602082264	0.0033382360640469037
11000	-1771.7393754638354	-1524.0535176354833	-247.68585782835203	0.06005334944834922	0.09176430548419089	0.07544885632449363	0.15851602977009735	0.13175668864137208	0.004131353461647758
12000	-1771.2118252141543	-1524.182463592184	-247.02936162197042	0.13838914386734041	0.07670288467368158	0.08448868806301468	0.0980853785809003	0.16549863301065645	0.006109186172238419
13000	-1773.5025274634752	-1527.0655582938066	-246.43696916966866	0.08056533477990824	0.1288627446478933	0.06326876110099844	0.1157372915731955	0.16586837683313976	0.0028517956087344277
14000	-1774.5841254546247	-1523.9709262552515	-250.61319919937327	0.06780866641521904	0.04292870789404191	0.07132409265472013	0.13961990986944442	0.1174519569476477	0.003583069960308497
15000	-1769.6512083414736	-1524.2412187680422	-245.4099895734315	0.09940959672441872	0.06708770900262309	0.12981537545818192	0.0913192311078257	0.14874143052561994	0.0040488461402271875
16000	-1770.2802798166285	-1523.8738198883916	-246.40645992823698	0.127070501762847	0.13720889015219395	0.08292418789259907	0.10963946555655724	0.17039826159920562	0.005359358100934548
17000	-1769.9518632901595	-1522.7922282505074	-247.1596350396521	0.13312001479583782	0.08472842764381966	0.07161838384623175	0.10907762523996166	0.15888495018018542	0.007937450794324745
18000	-1769.767071312815	-1521.829666125164	-247.93740518765105	0.10017958360041719	0.09734962822779991	0.053919185536404686	0.12463905356454225	0.151648229116101	0.006552945860745287
19000	-1771.884305035754	-1524.6695358492884	-247.2147691864656	0.062473736247040064	0.10952213714419844	0.13625883084368617	0.08145784048968639	0.16648863090220484	0.0032293058025791525
20000	-1772.3966120025057	-1523.2244675157012	-249.1721444868044	0.11880807219445656	0.11944471326021427	0.08981703637529607	0.12108271919000528	0.22161841067692253	0.010815544464701548
21000	-1769.6001064643986	-1522.7996408074052	-246.80046565699337	0.11173190254899401	0.06786751416397216	0.08119570489055128	0.12061664122535513	0.1693565789460474	0.005083710054356237
22000	-1771.7961650989448	-1526.2448229099548	-245.55134218899008	0.12018779959840077	0.08035191038264056	0.06978542892856761	0.11759723731812509	0.10892464963670945	0.005436473573404692
23000	-1769.4959003414945	-1524.3219593908384	-245.17394095065606	0.09762494692103356	0.12439605531921333	0.0792506639773977	0.12578890557843062	0.14074464054207472	0.004635360754413364
24000	-1775.9599786289982	-1522.7951921456956	-253.16478648330266	0.14460517594479194	0.08331813226516926	0.05129926725472331	0.04151033889885122	0.1505874389217434	0.004402463488830583
25000	-1770.0882402502696	-1522.7441072814763	-247.34413296879322	0.1024695690919663	0.10463253160302675	0.05523482794803321	0.13122801849510796	0.1663230719356013	0.005173752823302184
26000	-1771.421152209614	-1523.7549507680114	-247.66620144160274	0.1432442023547814	0.07951777874401388	0.10400960085209143	0.1159293602829046	0.17561845061632497	0.008098576918495169
27000	-1768.4175900316732	-1523.9735545203796	-244.44403551129352	0.08686477002515572	0.1200922114688722	0.10985526966734613	0.10120563955392727	0.1407932956983005	0.005827149623279437
28000	-1775.7685902491066	-1525.7042241365587	-250.0643661125481	0.18224896988292347	0.05322739126892154	0.13446216425420834	0.06938264545578958	0.13847151813002526	0.005546691955099135
29000	-1774.9352447497743	-1526.90183502222	-248.03340972755424	0.12918108316115637	0.13808204438913976	0.18068746012345338	0.062010062807899544	0.12257263550124885	0.007477092724031834
30000	-1772.233570993017	-1524.5891120123606	-247.6444589806566	0.13724492099075694	0.13081973653614806	0.08911192092966179	0.10880397140477904	0.20124562353249342	0.005917343890570187
31000	-1773.31712075436	-1524.9110145998848	-248.40610615447525	0.07864473574129584	0.09729727379376457	0.06611668226295273	0.14636940414685448	0.11056421330838001	0.006189134144207204
32000	-1771.631540650128	-1522.7469173159304	-248.88462333419758	0.12487876285868389	0.11349069614127859	0.04530834671799797	0.07565409058678743	0.1418963303725638	0.005130831585600901
33000	-1771.1046967076882	-1524.3698840739576	-246.73481263373068	0.08138411889809558	0.09743381298812769	0.13444683917106146	0.14238918893637834	0.15024055233093347	0.0061290978927678675
34000	-1774.5159505040476	-1525.992741813077	-248.52320869097062	0.05395392714991881	0.12594656014493946	0.08443032387996491	0.15622156223107445	0.10572617618923257	0.0063058213769737435
35000	-1772.3496003410592	-1521.4742678871903	-250.87533245386885	0.06149308960557838	0.09191145623521561	0.04855890702596395	0.12645385274390009	0.16252577330089477	0.004609648413619055
36000	-1769.2438273401362	-1522.1340135960618	-247.1098137440744	0.11526367971446734	0.14500782382630126	0.08180688434510064	0.14674643716388222	0.16988292668440447	0.008814993165589
37000	-1770.5870009998546	-1522.8810913965335	-247.70590960332103	0.06433595962645919	0.11645143891660997	0.0829575640837485	0.1308428285067126	0.17167656292686248	0.005642203767917833
38000	-1769.3235348208887	-1523.6347966316107	-245.68873818927796	0.08883532642161215	0.10750578466630265	0.1087551612881596	0.09687291751681704	0.17279667587666842	0.00546051681573844
39000	-1772.5539797165225	-1524.414395450083	-248.13958426643947	0.07515598683585493	0.0534424888058222	0.1523731078809996	0.08433671982522903	0.11906127454333378	0.004361617149353835
40000	-1774.0437006815555	-1523.491475304158	-250.5522253773974	0.1504390453599889	0.16533058521677232	0.10310201520390329	0.18255144744675283	0.16956453567209356	0.007735029389518897
41000	-1772.012843200799	-1526.403147781953	-245.6096954188458	0.059578122954647594	0.10937931224033746	0.09387547964954676	0.09279639150220195	0.1477377789053168	0.002638861061779548
42000	-1772.183656842719	-1522.7021007283247	-249.48155611439435	0.1380123261563035	0.08800991508754182	0.08014385220279542	0.052775904615177914	0.18333598240801108	0.004748621082629259
43000	-1769.2010670854643	-1522.269586728059	-246.93148035740518	0.09840861160518817	0.10231371727723462	0.08770874837537246	0.13425695482038746	0.1761034063250028	0.006939858724621141
44000	-1771.259726565214	-1524.3231651534754	-246.93656141173847	0.14724646665636115	0.1274446314714749	0.08372763316782862	0.10925905200511442	0.13603002005291281	0.009420989417829324
45000	-1772.401757034933	-1524.2121941124155	-248.1895629225175	0.11032585836053085	0.11691011401255513	0.0586290082247198	0.05402419522219891	0.1347385562264495	0.00360309020004438
46000	-1768.5094655372832	-1522.1729792182407	-246.3364863190424	0.09687154052832948	0.09621832902275794	0.08363264866130671	0.08081264543085821	0.17609701450176427	0.005053824128442003
47000	-1770.4105874933575	-1524.8139810295188	-245.59660646383875	0.06996225708447822	0.10324959797577453	0.1410932294121966	0.14446003629788126	0.14062615585475124	0.004542760705792224
48000	-1775.598390734142	-1524.8955796716546	-250.70281106248729	0.06327854569264052	0.06982610954642038	0.08188374663740712	0.13821547659477007	0.13332601359570667	0.008547264227049052
49000	-1770.730988405424	-1523.1399529554592	-247.5910354499648	0.14016582573741285	0.12884264887460525	0.05478725008796662	0.10090515327059221	0.12981908796985414	0.007103888931680355
50000	-1772.8022273491854	-1526.2510013739002	-246.5512259752852	0.059880191479048724	0.10611413365866097	0.10866163203017763	0.14201194460696717	0.12018900433355305	0.005718353441128584
51000	-1772.2350293366999	-1526.2475944766197	-245.98743486008013	0.09504561000975223	0.10135175628955558	0.1407472907450314	0.1162176141281316	0.1711660716712304	0.008321836686995477
52000	-1771.5553687725526	-1524.1816800972629	-247.37368867528977	0.07943863020477937	0.08340523599853258	0.059716267798286045	0.12330328728364263	0.11254354163541525	0.00545802200439161
53000	-1773.238166623497	-1526.2173129845287	-247.02085363896816	0.09186900514056383	0.12932664248277376	0.10991407476531827	0.06293032185282159	0.14710884467553476	0.0049251730694861145
54000	-1769.616860091027	-1522.3757284554217	-247.24113163560546	0.07735369660591114	0.07314190909165327	0.09613957632667822	0.10758864246284024	0.18358103993150565	0.005199468584626625
55000	-1772.397620242832	-1521.2472173320043	-251.1504029108279	0.11704258607614462	0.18338819893987268	0.0485927848019587	0.11835366719846122	0.19240708420252375	0.0061889084103949835
56000	-1769.3823351668193	-1521.4237533999953	-247.95858176682393	0.11924808273815385	0.1390300345382864	0.07896467008836557	0.12574215214100015	0.1876024601049554	0.006962809771761599
57000	-1770.3653363166593	-1522.5165025126826	-247.84883380397682	0.08169319010309294	0.09062305138527689	0.06454889003970021	0.06683826669123319	0.14489859296120164	0.0038870702540767096
58000	-1776.238562789038	-1529.6436672787047	-246.5948955103334	0.13392235559749516	0.06018359278710565	0.1474056318829808	0.11742986381684621	0.11314757002938296	0.004184060994630024
59000	-1771.9949862440383	-1528.263344567788	-243.7316416762504	0.11114232879357837	0.08993764460217787	0.12369559840509808	0.07695250967370972	0.12528711764505088	0.002969706179451122
60000	-1768.8301733961744	-1522.8449051351085	-245.9852682610657	0.09553122606921131	0.09364911185204884	0.07287752609972964	0.13061876521253776	0.1409020324635336	0.005802066805070781
61000	-1774.522130522264	-1524.2501738597311	-250.2719566625328	0.11381772058791433	0.20082666225577822	0.1229300280530501	0.0873441420866055	0.19885700016577978	0.008238185537377384
62000	-1775.8015119985762	-1526.3511152658748	-249.45039673270145	0.04939078871626475	0.09780334684523713	0.07544517449124662	0.14791494275850778	0.09547194971002813	0.004593797115729338
63000	-1771.4617713472164	-1523.5441329925397	-247.91763835467663	0.08784449731562867	0.06504661064559002	0.1042083272137001	0.09086133558706269	0.18046822499763854	0.00353165812249507
64000	-1769.521224478342	-1522.2095926403706	-247.31163183797136	0.0879697447219476	0.11605434660973946	0.09585879745099853	0.11304874474078148	0.20185156102058835	0.006791912787394291
65000	-1775.9296125485198	-1526.9334379552652	-248.99617459325475	0.0642434755853082	0.09908011268170178	0.17430832800462515	0.11923048503635138	0.12607958063293792	0.007787168379313786
66000	-1772.2636222329572	-1527.149007648509	-245.11461458444825	0.12501185772426326	0.09042919948757502	0.1331919031551377	0.06054167061119169	0.12496042950499568	0.0032023903190873137
67000	-1771.8614551128956	-1522.8935825773628	-248.96787253553273	0.11540047067020497	0.09308389553237609	0.042338014794988464	0.10277033943657109	0.11895212830695108	0.005825708001008478
68000	-1769.8754533419412	-1523.821494134696	-246.05395920724533	0.1375940432221846	0.12842943084652145	0.151513937951415	0.08037892697673132	0.16139632073148646	0.0059897088527755445
69000	-1769.026239743182	-1522.6712259446494	-246.35501379853255	0.07664962548667435	0.10997349240520053	0.07871556545312518	0.08099913890582405	0.14306616429741778	0.00514976987685091
70000	-1770.4872576527014	-1522.73335597011	-247.75390168259116	0.12026490168846164	0.058493391672322224	0.07078669305440641	0.112510134161649	0.15101092328104007	0.005877365332278161
71000	-1771.4311146442355	-1521.9224381921283	-249.50867645210735	0.08634998444142979	0.08132709491611126	0.05682411808447399	0.09568087870271781	0.173719902092808	0.0039609920788775625
72000	-1770.110962872796	-1525.9716745110832	-244.13928836171286	0.0934692318800365	0.10333509353074155	0.10047549225369302	0.14154008665721865	0.1118206169032252	0.005259862210186669
73000	-1771.0815648275777	-1524.3616207807208	-246.7199440468568	0.08845389113259093	0.05294194640158449	0.12428969898431387	0.11872447762500067	0.1299452462521806	0.005032319914574133
74000	-1770.401832595045	-1523.2774701561143	-247.1243624389307	0.08925306047921078	0.08417939366827688	0.11749743569853081	0.08809606841536582	0.1737196697760667	0.005185211874799989
75000	-1769.874931555326	-1525.5559861994532	-244.3189453558727	0.10653028404530238	0.11546655400592509	0.12989320164512447	0.10188336043271444	0.12403951055704378	0.006425420341371407
76000	-1771.6426384869903	-1524.6782536812793	-246.964384805711	0.0792711005362209	0.09160451245604853	0.08667527139604289	0.18913711783380474	0.14530086159285271	0.0036462157427765056
77000	-1771.7740331177708	-1523.6460774357051	-248.12795568206562	0.10900506863906322	0.14033224950788167	0.09524761008320946	0.2116202178212493	0.1458728960919571	0.007165208255546584
78000	-1775.3521108738196	-1528.6749286088316	-246.67718226498795	0.08669794622215166	0.121806524919804	0.11374297264170889	0.09749957287597652	0.10404131765643598	0.0036847230960153467
79000	-1769.8363574579816	-1523.7934332736136	-246.0429241843681	0.07824458013524731	0.06510587973705516	0.09864094646337453	0.1201939263344264	0.1287977664435422	0.004316945480808512
80000	-1774.6846189379437	-1522.3133380483644	-252.3712808895794	0.09480064805002568	0.08156608403205673	0.06451060439804912	0.10338388101692235	0.1944504860994909	0.00751178040474453
81000	-1773.9346275363864	-1522.6409625570013	-251.29366497938514	0.06696126995454108	0.048232211043357606	0.09539751281725048	0.09811129255155353	0.203315434372374	0.004586593308729977
82000	-1770.9353283975477	-1524.8061939376796	-246.12913445986803	0.0919135766468961	0.11756374331033904	0.1232153409435134	0.08818906094988509	0.18424164975746912	0.004786229624346587
83000	-1774.5087305673987	-1523.7374115935627	-250.77131897383595	0.05156621644183207	0.10669465867811355	0.06464326238602519	0.14534152355868785	0.14034299917536333	0.0046312789218373755
84000	-1772.7882296030573	-1525.7854937381535	-247.00273586490388	0.0943757425523831	0.06789736989981959	0.0826855621830885	0.08140305079125823	0.16448239401228734	0.004632984389609628
85000	-1768.5877483429786	-1523.4318152489586	-245.15593309402	0.11406411201563538	0.08964032038458378	0.1214667342938737	0.13186399020423292	0.16347131259516254	0.005456842967350755
86000	-1773.6323392270026	-1522.3094850272698	-251.32285419973272	0.08186947487966986	0.09495862740327712	0.04663126534288963	0.059195452509697134	0.1462362942701603	0.005791386494881366
87000	-1769.9894830318326	-1524.20483086335	-245.7846521684827	0.07725289484366223	0.09669589937113296	0.14364997538060723	0.1161767631999956	0.1685576956507433	0.004580994659817129
88000	-1770.1679344918346	-1523.842177757464	-246.32575673437057	0.12336662961402622	0.09276622703773703	0.13884940875454782	0.1424910919030968	0.17125790073037964	0.007362229250475293
89000	-1768.4685088503918	-1523.2020548016112	-245.26645404878064	0.10402639475427865	0.09046313199072685	0.08424324643283952	0.09830062346661943	0.16569932883460137	0.0043446297647919884
90000	-1770.1125138792647	-1522.7132012681936	-247.39931261107105	0.09765157585823278	0.06517852496128575	0.07619172416343077	0.12158871705641104	0.16420442285685294	0.005331179592229833
91000	-1771.8828341242133	-1526.5658584731036	-245.31697565110963	0.08791498053388505	0.12425435826268737	0.11930157391858634	0.10715467560455955	0.14236920325414135	0.007074972683167313
92000	-1768.548306405368	-1522.1825664098774	-246.36573999549077	0.13264362895368367	0.12065400233286754	0.1008783639366405	0.09917139886170004	0.17948893962188625	0.006794649870555383
93000	-1769.4898300623254	-1524.4890238923444	-245.00080616998093	0.09509575778972203	0.08124047360864983	0.10274959084033457	0.09353241213425467	0.1193737155224587	0.005229527520086643
94000	-1774.2890752462386	-1527.0989432868669	-247.1901319593716	0.13631972214719884	0.10701951904921518	0.06187027403618894	0.08357316694235203	0.0910479320033109	0.006416386617991566
95000	-1775.433824238687	-1523.6881059338375	-251.74571830484945	0.13914488494869265	0.06606833824967996	0.07644851850981034	0.06662960951762728	0.14957328575690945	0.004373689938738559
96000	-1770.609455966109	-1523.7010298593937	-246.90842610671527	0.08908910929762671	0.07401867516844553	0.10623630198722062	0.09299717742444209	0.1715335205672406	0.00468865660190179
97000	-1771.8964124531851	-1523.3574799835797	-248.53893246960538	0.10387530186723694	0.0940352304738495	0.06398583052990361	0.1596732706666406	0.18105626251283066	0.006081838200438352
98000	-1771.2449036007008	-1522.4309465470756	-248.81395705362527	0.07756661379958611	0.10151565854434912	0.05773498644657166	0.14080081459031438	0.1413477631531922	0.005855768569234372
99000	-1776.162504253896	-1529.9893892793884	-246.1731149745076	0.1022179714075382	0.10790592254304998	0.06756497653391484	0.06489153200042137	0.16983018812974013	0.0020923465070137454
100000	-1770.4793337297258	-1523.7402769498972	-246.73905677982853	0.1106838985524612	0.0912852485515424	0.10913131277237782	0.19065231830665774	0.15251866749128723	0.007255330771910826
101000	-1773.1243678585827	-1522.1566143919595	-250.96775346662315	0.12879059680270852	0.06624815417889857	0.04960278242428997	0.08343440691726942	0.16448226666497653	0.004810460330628879
102000	-1773.1203830971779	-1522.9132888226623	-250.20709427451553	0.15286445795356465	0.126591930261776	0.04577436894780492	0.1125543109391336	0.13741366352463116	0.006322660778924002
103000	-1770.487827544257	-1523.5305996922443	-246.95722785201266	0.12504694372303088	0.1091742781465115	0.09608665613006524	0.12412083327564843	0.21729520840726319	0.004866486887584678
104000	-1771.4217396830115	-1526.2722875359025	-245.14945214710906	0.08512168327414368	0.13359235976871334	0.07418456514443145	0.11477113215213998	0.11141248949202955	0.0052174442112951185
105000	-1772.0948607957655	-1525.3831933674678	-246.71166742829774	0.07528440570524056	0.0991897950122233	0.06663107021782433	0.0937269957646292	0.10195410301632649	0.0038039903173588893
106000	-1769.7245010643394	-1524.8470211607	-244.8774799036393	0.142537615337071	0.09782834421600717	0.10567742550720259	0.11527663703419115	0.125549193954859	0.0075316304993623615
107000	-1770.6661775254647	-1525.6141235118857	-245.05205401357887	0.121069314649151	0.07364685891368743	0.103764285884801	0.10812561597679002	0.14868251739664834	0.003938573758129916
108000	-1770.9381871055443	-1524.481114723283	-246.45707238226123	0.08632109263597887	0.06281151081103324	0.08232547428284988	0.11753236534006505	0.11646421928417747	0.0041547534187535975
109000	-1771.5456534600285	-1522.56152617813	-248.9841272818985	0.09849388328756847	0.11633575912810742	0.13282538265810534	0.07553851472567626	0.22596259016109715	0.006928540858782886
110000	-1772.6716194918336	-1524.052488249027	-248.61913124280662	0.08625749758009268	0.09973102942162836	0.07844948989216463	0.14077447085087	0.14268207772921515	0.004601863413649128
111000	-1770.970298100479	-1524.1566493687833	-246.81364873169585	0.07907689979538869	0.08298246972054944	0.11786330007754735	0.07479456439110341	0.18338143678191823	0.004184042433966208
112000	-1775.4520151561296	-1529.1202416643325	-246.3317734917971	0.08236645608696243	0.08355947143411425	0.106301601974497	0.10598056856629307	0.10044968449188058	0.00845126109527275
113000	-1774.663745124731	-1527.65213445092	-247.01161067381108	0.07345128939071899	0.08232528483680357	0.08861925967391888	0.1366355622623882	0.09518038951850545	0.005823599297875369
114000	-1771.3416332293423	-1522.838740912871	-248.5028923164714	0.0765101612443522	0.14149105044605398	0.060203463400102436	0.12995390790483352	0.15846066634783398	0.007209655468191575
115000	-1773.5444408557191	-1525.8941740825478	-247.65026677317144	0.07945591601903458	0.10201087879885162	0.0882392569652506	0.12460590249672099	0.15053797226595783	0.00338790931640991
116000	-1772.9161587469707	-1522.7576471320697	-250.15851161490116	0.06994682658571943	0.08942406723126506	0.11528470368224848	0.04569274662292979	0.18486769508879666	0.0032403616777557783
117000	-1770.0778791034759	-1523.0912949366993	-246.98658416677642	0.12298169407035923	0.08922644722888991	0.07869011912501384	0.1579635228255021	0.15126079001456982	0.008477183614173817
118000	-1774.255177218175	-1526.9832346977469	-247.27194252042813	0.06937082176035259	0.05908013006737137	0.1142353037772216	0.11669681293085667	0.08783500965294729	0.0032264181704743226
119000	-1769.9104602758832	-1521.3785029809806	-248.53195729490275	0.09270285562083669	0.10193931994073425	0.05072063176310211	0.11191467898910283	0.15997794083235117	0.006284282679926199
120000	-1770.3957550416162	-1522.586680108555	-247.8090749330612	0.0851255574792905	0.12812365730943984	0.09311933574675182	0.10643667625575215	0.1953379213013898	0.006129073647857865
121000	-1771.3205886044361	-1523.7716332288223	-247.54895537561384	0.05835784211100221	0.1148567386964735	0.13770933120833795	0.10470503266014253	0.1712256056442598	0.0041208133649068175
122000	-1774.3461140888155	-1524.8647701234704	-249.4813439653451	0.047246663084262994	0.09170651280250634	0.18064590024575725	0.08541370528366267	0.14910143453851696	0.0040385221361987625
123000	-1770.3192886244578	-1524.6443763386787	-245.6749122857792	0.09757059925194542	0.12027245114550111	0.0924466038157645	0.1244474122400688	0.13547069379571586	0.008506090737299686
124000	-1770.393463610794	-1523.6030135592139	-246.7904500515802	0.12433547509276535	0.12971228365627885	0.06398700842415221	0.09057846000028945	0.13418539053111486	0.007562132768859832
125000	-1769.6124934346522	-1522.4602349660504	-247.15225846860181	0.09870398988384219	0.0700583861910539	0.06379555233229359	0.11480463087361334	0.14315760111080816	0.005363104926264413
126000	-1768.7573699502805	-1523.8131871859857	-244.94418276429462	0.08082586972965389	0.09173561705630306	0.10016485212464517	0.12922030884456226	0.1352856775324376	0.0047327942541271545
127000	-1771.2949793932873	-1523.6724282550895	-247.6225511381979	0.17331753431859404	0.13773903160636836	0.1438096263914684	0.11861528180624052	0.18300585970470687	0.008889209968419104
128000	-1770.8083982476878	-1521.9082572459336	-248.90014100175432	0.13411510966943124	0.1009257810365218	0.053359389659289075	0.14804937273942356	0.16001905052485257	0.006599303412208726
129000	-1776.1519636074704	-1521.7686046790197	-254.38335892845075	0.05018801039975758	0.09635101794165732	0.04866438261791106	0.08524113717062044	0.18472051016215396	0.0031664550406128754
130000	-1773.0062133104557	-1525.734601798824	-247.27161151163168	0.1024540945405587	0.09203430577446606	0.12379585953305575	0.14096857399026125	0.13311997003363424	0.005177546786336753
131000	-1778.1246134352166	-1525.8537484665849	-252.27086496863166	0.129279024357273	0.07741884243276662	0.10551864634670524	0.04916235219692007	0.14189296958717157	0.006330630885983586
132000	-1777.1384791700398	-1528.5262893763702	-248.61218979366953	0.06984270636047657	0.05785014321723858	0.17819706239213384	0.09182932772837113	0.15479141041727668	0.0021459577982656936
133000	-1772.8069159883353	-1523.9873647821569	-248.8195512061783	0.11521908889594093	0.15270131095205383	0.07149513230398566	0.08141262254166017	0.18839316940001946	0.0056926686835116974
134000	-1771.0611873650128	-1522.1559576169625	-248.90522974805017	0.09794173389550576	0.0841042468308068	0.0569888908730618	0.0964019175346631	0.1949711341843011	0.0055486553713995235
135000	-1770.621423077961	-1524.1028185394937	-246.51860453846746	0.08578331994717764	0.1091729139665983	0.09470603746008675	0.054442789858521246	0.13646087033574927	0.0038286514422615388
136000	-1774.9408639789335	-1522.1777903662191	-252.76307361271432	0.0763492633232155	0.08190919237468915	0.06605334359786035	0.03716635635170302	0.15645794429723772	0.0033856385085014565
137000	-1769.2701728838022	-1523.5476182397301	-245.72255464407195	0.10175118382237013	0.10909498760666242	0.09532023640206246	0.15068397351061746	0.14973792955409	0.008132014095547431
138000	-1775.4274646926149	-1528.201467182482	-247.2259975101328	0.11223275337044722	0.08311394826809965	0.09698792985176444	0.07705832971410255	0.13063878199633341	0.008747209049697717
139000	-1770.0214505546828	-1523.7511024601977	-246.27034809448526	0.09984513839161423	0.13133272462947274	0.07495568600197941	0.09541785778582725	0.14485648005735402	0.0065849778250877756
140000	-1775.8304701962525	-1526.0052086097587	-249.82526158649364	0.05878159110018689	0.09977974018304503	0.14446158601658646	0.11999419024300781	0.12336769625529752	0.004476314974189807
141000	-1771.1684632517	-1524.4766452068448	-246.69181804485513	0.07452582946004482	0.09122003069596661	0.09943788312049401	0.09766470809397926	0.12237350232131845	0.003967282766530616
142000	-1768.7707540417587	-1524.1645683844226	-244.6061856573361	0.08580137669243695	0.11758854596765689	0.11162381328019816	0.12350950536337399	0.15734867500106883	0.004472457566591886
143000	-1770.4554419429085	-1524.222950940527	-246.23249100238147	0.06129044362188573	0.1213097087997262	0.09484613709277491	0.11088091849181517	0.13673085054278258	0.0051629492823325
144000	-1769.1217032135896	-1523.3787174449155	-245.7429857686742	0.08132579251943582	0.09115748434055235	0.13562422301107543	0.12210520566756558	0.1623208569946817	0.005516171086087211
145000	-1776.0462133770807	-1525.2972483436133	-250.74896503346733	0.057009696116308184	0.05880134026116601	0.07916599186906448	0.08249642500986326	0.18202338824260747	0.0038229006605584414
146000	-1770.1256570719333	-1523.2334261544906	-246.89223091744273	0.09739476019470994	0.11854299110426417	0.06376071522040216	0.08512167764212795	0.1373237576815912	0.007040218788938462
147000	-1770.7720310733878	-1523.1380357292062	-247.6339953441815	0.0637206804248968	0.07259146009018318	0.11024572070001819	0.07129637738378726	0.1393042325709533	0.003822878697310096
148000	-1768.814281982872	-1522.1784761227257	-246.6358058601463	0.11036043353655375	0.12115304626124616	0.08616355045405832	0.07562186120224497	0.18292420274737342	0.005541905397882008
149000	-1767.8452294395736	-1522.9233631489885	-244.92186629058511	0.0901962670237443	0.08776722606946855	0.09612616020614853	0.1124662250321689	0.15001713982967804	0.005236478626920633
150000	-1772.3228463472933	-1523.613146834857	-248.70969951243626	0.061858035040224205	0.14578784365396963	0.09660211149538599	0.15571869060902696	0.20028217647323143	0.004284313489073632
151000	-1770.532589738232	-1525.272980379696	-245.25960935853598	0.07696770926617007	0.0853258570028106	0.0928900340147244	0.1175879346903105	0.10697012173131966	0.0047305336384996545
152000	-1769.011067195483	-1522.2843196528374	-246.7267475426455	0.09125130431982299	0.102292725989872	0.06103880694344276	0.12865498612523024	0.15193796960355418	0.005487383553041812
153000	-1770.460991945514	-1524.8430677383267	-245.61792420718726	0.09260916716310627	0.08866246746050735	0.10222759592698324	0.12267164269773706	0.14488846493708607	0.008217221453367786
154000	-1770.500513227323	-1523.2574561947022	-247.24305703262073	0.1044243470718119	0.10080443252509215	0.11920543996186865	0.10360289346708629	0.165522839034442	0.0073137429550693646
155000	-1770.146188721471	-1522.8955028769842	-247.25068584448678	0.12831490871932036	0.09994743848110754	0.14697121890489598	0.09988270664588703	0.18740404914558578	0.0064993884072451266
156000	-1769.5144299852957	-1521.8586911802076	-247.65573880508813	0.10142569449997024	0.09319283252542343	0.08762635385817309	0.10504590963626147	0.18551799234224123	0.005806193222538449
157000	-1771.0162057511607	-1524.117111070963	-246.89909468019775	0.06802716986273673	0.07105788634767256	0.12338947549740199	0.08715285007209497	0.13508555897854552	0.004988034007493988
158000	-1768.843671088	-1522.5745514748926	-246.2691196131075	0.1257010752916047	0.10673509145693126	0.07011825566580966	0.08722980789386894	0.14791355550468674	0.005988730046398749
159000	-1773.2856920728245	-1526.804983954385	-246.48070811843945	0.12272846222044378	0.12449357050250956	0.09369560509448581	0.060369287335187455	0.13570356483252924	0.004314345041493671
160000	-1769.1173185395514	-1522.213731274781	-246.90358726477047	0.12836194669637294	0.11886963515869857	0.09230463612966906	0.07205676470905113	0.17195746288226346	0.006646880959587702
161000	-1773.8611154454397	-1523.8248008687349	-250.03631457670488	0.07571284640297289	0.12808072517914318	0.1558721388869956	0.12449232267919084	0.232694699409572	0.004632711084689065
162000	-1771.9756309072172	-1523.5006986569306	-248.47493225028666	0.13311020347484726	0.06880238253719735	0.13652294224441253	0.07465384980220262	0.18924440686439345	0.005401154428220209
163000	-1769.469568531701	-1524.3584646202685	-245.11110391143262	0.12346456382160603	0.12260506612221764	0.08128502728300958	0.08662077334633501	0.12192404448090112	0.006083121016856134
164000	-1777.9926330490314	-1525.3003234707587	-252.69230957827259	0.17807589941959856	0.15703431413610708	0.05758571032297783	0.14400064458781817	0.21933050200135845	0.007342118165213942
165000	-1771.4472423036086	-1524.8324618273916	-246.61478047621688	0.0733321464834495	0.08578826581300204	0.09076466431436063	0.080253980446395	0.11439017171113848	0.005393443977698053
166000	-1775.307319115334	-1524.3624903184673	-250.9448287968667	0.13173811280153044	0.07630248644134989	0.06441819788154635	0.09353623422828813	0.1701430098486572	0.007154217394733754
167000	-1770.3535488448056	-1524.9277173554087	-245.4258314893969	0.10091415661015685	0.10129444277684828	0.11053324490927	0.16619189429466422	0.1283944218454446	0.006056051032522772
168000	-1769.7649295225624	-1523.9674486995882	-245.79748082297417	0.07132591811933	0.08756951080065782	0.10400326904121124	0.07693459664157766	0.12641002173810553	0.004068814509586578
169000	-1773.762178986179	-1524.2192909980881	-249.54288798809074	0.05342062399376886	0.08560758046604715	0.07139173346796039	0.15315401676708154	0.13668576803177068	0.004677207953217883
170000	-1778.1277956486172	-1522.6463972759786	-255.48139837263855	0.03738647902665428	0.08178528989962358	0.048635810057651406	0.05428842884746212	0.1338770564251471	0.0027830863001510873
171000	-1774.1330442309445	-1527.76958157879	-246.36346265215468	0.10523177000953278	0.1108981439769527	0.07708639597344044	0.08625655090025797	0.10346922503672105	0.00766912156083452
172000	-1774.518688816225	-1525.700666368596	-248.81802244762898	0.13858412322764216	0.17211689607920216	0.1270530383202894	0.058350077617691676	0.15124277520675397	0.004585357721318829
173000	-1774.5640127964807	-1523.5455472963286	-251.01846550015225	0.049903621803390925	0.15271417220909694	0.08826877551296466	0.09594027888975748	0.2029027689559083	0.004556002733474749
174000	-1772.2172331980507	-1523.1153549365617	-249.10187826148893	0.05712035966569156	0.11474133590564245	0.05434287695191477	0.09754895008906656	0.13550861693446034	0.004182044263349451
175000	-1772.1458476636246	-1525.8297781304695	-246.316069533155	0.12916307938922017	0.11178745128053236	0.10354577680368184	0.07343247596495582	0.17881025053246133	0.0067529280412492705
176000	-1773.1031867654913	-1526.3198642866569	-246.7833224788344	0.10287599275421459	0.08489102291876195	0.171283190740554	0.06317117003890467	0.12595349991047422	0.0033690514967117556
177000	-1774.9779443749096	-1524.8698056847907	-250.10813869011903	0.08764292773286529	0.09325995192804024	0.1349334323156882	0.042234932782167334	0.13693149495674206	0.004532358105974152
178000	-1770.7820898975565	-1522.4288584926067	-248.3532314049498	0.1034071172043227	0.11095367531666028	0.08698599700504378	0.1685881618976386	0.17527608305000622	0.007126647733479608
179000	-1770.0711812815375	-1522.5836719902663	-247.48750929127112	0.14401352386867217	0.11117527225228614	0.07892538247052709	0.1455014426912742	0.17640407164637412	0.009953096685312478
180000	-1774.785884617008	-1527.7406416175218	-247.04524299948605	0.08650099118752452	0.12234189857283202	0.14222309977449185	0.059202022220363186	0.13374439242977662	0.006020124243769174
181000	-1769.9181604733728	-1525.280276354835	-244.63788411853776	0.12007918408927078	0.09056469545816616	0.0970212200990028	0.08890712180826754	0.1252931446527663	0.006341128959278338
182000	-1770.6233390235354	-1522.1033688668194	-248.51997015671603	0.08065808488404133	0.11340728421103628	0.10868880081493762	0.1017019840369155	0.2198494738840141	0.005791662355139126
183000	-1770.2917157566085	-1523.73056606538	-246.5611496912286	0.105237032609486	0.0763617583573873	0.15117048623083462	0.11013851184476897	0.17770152424570385	0.005125397176300492
184000	-1778.721281142961	-1532.2297903293431	-246.49149081361793	0.15380416742146727	0.14191193882105732	0.0664984396149929	0.06719103169112561	0.1152585093449567	0.00288682569143307
185000	-1770.3875184281658	-1523.5910653884755	-246.79645303969033	0.07481727610276181	0.10611321615735762	0.07634085160923336	0.11298367727428649	0.12964073171389473	0.004676895299958461
186000	-1770.7246966248845	-1521.6087193871908	-249.11597723769373	0.12005448641105312	0.1304462846920614	0.10146544257862627	0.11612077178521236	0.20658424587559315	0.008340731689497794
187000	-1772.1417264878385	-1525.576363608076	-246.56536287976252	0.08055280665282528	0.0673034974476254	0.11474829141738146	0.07807331593652914	0.12742542582029265	0.003990839020004059
188000	-1773.0201343580234	-1528.5861888778632	-244.4339454801601	0.10016428653179625	0.0873841201093849	0.11057684107902602	0.11267307699092319	0.17039236618854134	0.0026970170701007255
189000	-1771.6432666886742	-1523.4694777367304	-248.1737889519438	0.1080613351951626	0.1321147924850176	0.07814982004323112	0.12616852736070774	0.1398783478138545	0.006806369450869024
190000	-1772.875180227942	-1524.7860118426047	-248.08916838533736	0.06085791643546956	0.11991510234256308	0.16128446445126823	0.07311310207418414	0.1319749181185086	0.004269557430593294
191000	-1773.2208704939064	-1526.0409729044845	-247.17989758942193	0.10288468900028168	0.12416169608116533	0.13763237254715743	0.06984065390779058	0.12136030233500086	0.007515321500355513
192000	-1768.4830150807934	-1523.7173145487877	-244.76570053200564	0.09129304951804287	0.07881005627479237	0.11819564564196633	0.09806399450669287	0.14205713456534913	0.004480884603885977
193000	-1770.7768449321961	-1524.3124399544813	-246.4644049777147	0.0936787857809048	0.09017180187367589	0.11595576354537068	0.06247368213939054	0.16552389881953414	0.0035201194579144927
194000	-1772.9962155071148	-1523.1451488921775	-249.85106661493725	0.1509129393573795	0.12253448952063645	0.07715317155772314	0.13784942377337206	0.1685953584342728	0.011292734012751892
195000	-1769.8961987518442	-1524.7788830585432	-245.11731569330107	0.10112305460087065	0.11433195521793725	0.11443719075501069	0.11293035715477884	0.14492393166716747	0.007446390379512687
196000	-1771.0574422873376	-1523.8140894519338	-247.24335283540373	0.13403033319161498	0.05430079788784852	0.11782348990596225	0.10729010759178406	0.1567304179905769	0.0055391808057151885
197000	-1770.7718171488566	-1524.9359960198253	-245.83582112903133	0.0740795556001111	0.09500698382737167	0.14716036164899682	0.12207372211221379	0.14985405119963946	0.004849641227705747
198000	-1770.0613660767362	-1523.6043929102448	-246.4569731664915	0.07276297193568688	0.06976422413456264	0.09477513588020688	0.09626532352805725	0.1289573744989892	0.00476423767634003
199000	-1772.69115868353	-1526.0521990182797	-246.63895966525016	0.06265164700921447	0.09177986456351384	0.09185387161023219	0.07292160778649719	0.10103166541043124	0.0031573318106220905
200000	-1771.7364706693947	-1523.422004238813	-248.31446643058166	0.08457963823385665	0.07905968863872469	0.11132882318995588	0.14255581509999354	0.20327480878318838	0.007324300789341417
201000	-1773.5388422682418	-1524.8204293876652	-248.71841288057664	0.06868177648011577	0.07511675667179556	0.07393275138611693	0.0659037685054787	0.11641040467175025	0.004453009912342221
202000	-1770.1163704096948	-1525.1190132046304	-244.99735720506442	0.10984887003070122	0.0996005917784671	0.08762861645330043	0.1045730701972132	0.1266180715285693	0.008020673848579307
203000	-1771.2550595242137	-1523.4069456910365	-247.84811383317708	0.11601642813289947	0.11756965005422311	0.11653141237775913	0.14960130192851748	0.17548701671442324	0.00909504008843734
204000	-1770.2280481828452	-1525.1234995483076	-245.10454863453768	0.06587743099547787	0.11240906558297731	0.10174571841140714	0.08758073934827275	0.12730033580877367	0.0034596824964848684
205000	-1771.6843522924378	-1524.052901994145	-247.63145029829275	0.11446300873805342	0.08394193863052508	0.07239837200050425	0.12235103966294537	0.11898635851837759	0.006046956220376307
206000	-1771.0539775038542	-1521.2482237077863	-249.80575379606796	0.10132316307517863	0.13150093462977155	0.04483879679489249	0.09149702108518125	0.1540753194552138	0.0065390838940507165
207000	-1770.7411816060437	-1523.6403936908173	-247.10078791522633	0.1164829554757748	0.11573608406077537	0.08146772661551717	0.061006645534606906	0.13579256782884294	0.00603854517293844
208000	-1772.941164568224	-1525.2937730651447	-247.64739150307915	0.07917613657557276	0.17243401145751108	0.0940536170490462	0.06386205659088731	0.14032304308649626	0.005429666030359238
209000	-1769.0662299286546	-1521.882672909299	-247.18355701935576	0.09939649066512578	0.12285569248852227	0.07265709679781762	0.10436341285348164	0.1661321385261889	0.007163354229246902
210000	-1771.124121826649	-1523.1887731183697	-247.9353487082793	0.12708264137254688	0.07593560601124504	0.07221640696333753	0.09126611772454936	0.2022247391573194	0.004459795050298162
211000	-1768.7108142517995	-1523.2364438297786	-245.47437042202085	0.10662056727276123	0.11106112193262035	0.07055369635572167	0.09423419642107046	0.15147192104107626	0.0048569971661783975
212000	-1773.0041616578605	-1526.7841124009005	-246.2200492569601	0.12946918064469148	0.09665942153009675	0.08349815404136761	0.08748545872129068	0.14351425926523537	0.007173219490676148
213000	-1770.116860872156	-1525.5387171541227	-244.57814371803337	0.12220371784840556	0.11348955718661805	0.10778874710411902	0.10993543437734156	0.11670221036106915	0.00587068778461468
214000	-1769.7821344016631	-1524.0210556087395	-245.76107879292363	0.11296878490325639	0.11145948186649524	0.07468852680788275	0.09405367076809297	0.12661029316125624	0.00753781886292942
215000	-1769.8294515490031	-1522.7376766654265	-247.0917748835766	0.09091871722425374	0.11575394748605496	0.0792984157388546	0.09120352322058928	0.15598162707337448	0.006338550294636032
216000	-1773.0217594105206	-1524.628564321939	-248.39319508858168	0.12172673205236027	0.12161676737513417	0.09352577618363933	0.1893647534480532	0.15154447758433978	0.011810429009494977
217000	-1770.5711395107671	-1523.8935876298974	-246.6775518808697	0.10383330493077486	0.09918140156196566	0.0701152421827779	0.07767007384912335	0.1494788103721471	0.0038202924776015983
218000	-1769.7134327594329	-1523.3146028596175	-246.39882989981533	0.10546308559336685	0.08039068677405373	0.06173449581627351	0.09926041362931506	0.12568065077508117	0.004826838013058804
219000	-1773.8602669646357	-1523.4153155018707	-250.44495146276498	0.11852089597055229	0.1497628834092244	0.05508233361868898	0.06528711141148792	0.16766363149630784	0.0054248921044435195
220000	-1771.8287685654477	-1524.9918444917403	-246.83692407370748	0.14085409038977084	0.15533130643859805	0.08975608344421593	0.10234344306513336	0.18836555975077965	0.0057158423603699245
221000	-1770.1820603992464	-1524.4013145044214	-245.78074589482503	0.06828600122542038	0.09386944596017688	0.10988857602587349	0.1403884677290567	0.13088496285472373	0.004591246385074237
222000	-1769.081639865274	-1524.342033111191	-244.73960675408276	0.08990137461256777	0.11563236373707175	0.0956971469136046	0.07892399662209755	0.13599721215484833	0.004997899136782864
223000	-1770.3058895982017	-1524.8962556536776	-245.40963394452413	0.1082182403049533	0.07545026762380576	0.09932962001564095	0.0791282828500097	0.11590798254229999	0.004796407403012686
224000	-1773.1635109508215	-1526.436005296586	-246.72750565423564	0.08463013988079972	0.08483043872909057	0.06516597833062132	0.09356825422225858	0.09311350226406107	0.005310695812011128
225000	-1769.8738924222034	-1522.0872161540506	-247.78667626815283	0.09454704377140372	0.10713087629252771	0.07380712149372323	0.10819779899355593	0.1739269191773971	0.007001996152225652
226000	-1771.1879867567927	-1524.9940627851156	-246.19392397167712	0.08654359975661535	0.13874896581521615	0.11050769485164803	0.07205391767111571	0.14839003505660847	0.004892997883737133
227000	-1773.2695228675002	-1526.481486816122	-246.78803605137824	0.1440869667951499	0.09286329573365334	0.14043486247767065	0.09726983161863731	0.11732935419526677	0.005159660077723881
228000	-1776.416456888671	-1523.7244349195576	-252.69202196911343	0.13842933326916435	0.11447427081126046	0.09782531204535964	0.13914393864096866	0.18490184472831733	0.0064935126596807145
229000	-1776.273582356845	-1526.2702193864916	-250.0033629703534	0.06751649080177931	0.05678747120524311	0.062113008613950006	0.10243679600959339	0.08609605600339094	0.002817386211419148
230000	-1779.1031378905448	-1526.2263338044218	-252.87680408612297	0.04375236949302068	0.15484320171562999	0.0964308590090193	0.15648355203760791	0.12335430960284498	0.003928717769392941
231000	-1769.8990068093726	-1524.625583117734	-245.2734236916386	0.07132310071569255	0.08166552759720577	0.10355149452409813	0.0961922595646199	0.13109421206849026	0.003521502176559636
232000	-1771.7976226935252	-1522.490130835707	-249.3074918578181	0.08909548458678229	0.08205090957458251	0.0464605722996233	0.10586548170201136	0.14634004951740062	0.004845910765609947
233000	-1770.627225788407	-1521.6076079592895	-249.01961782911764	0.11374521468697292	0.09806641919882357	0.08026689007730968	0.0964016796850387	0.21396650930997418	0.006445531917447452
234000	-1769.7458613068632	-1521.6342838807195	-248.11157742614364	0.07753881748929671	0.09165931592419327	0.059682500477069605	0.10205019860912441	0.16321678003241805	0.005228319021154076
235000	-1770.2189886183678	-1522.1344793035646	-248.08450931480328	0.11334461610409806	0.08878470598287423	0.07840185382052495	0.09208245745357158	0.19810402871039265	0.007118075392661234
236000	-1775.4087951603735	-1525.1522783340106	-250.2565168263629	0.04030305656690329	0.11154040187570502	0.12396172356024265	0.13602444471518665	0.1722224669498014	0.002915628769635724
237000	-1773.5053476335563	-1524.035641102916	-249.46970653064022	0.07232777669729902	0.11292160107945498	0.0431499548885453	0.1329561973264423	0.1471940968341944	0.004113892036122134
238000	-1770.4244154774274	-1524.4517936244965	-245.97262185293096	0.11469458483614119	0.11736740608608089	0.06805322107008041	0.08946452301895441	0.14072569497049892	0.005890079341276307
239000	-1773.9537011469342	-1524.166319574333	-249.78738157260105	0.06431759651658846	0.07436716399410308	0.05822666822218123	0.07210563957285032	0.11031626125134832	0.0035626727642364383
240000	-1768.293919464749	-1522.049139252133	-246.24478021261606	0.11083000764363629	0.12077452043576016	0.08336357611964933	0.08326180820743025	0.16561005388069974	0.006579233625049237
241000	-1771.6247401163407	-1525.9622700830041	-245.66247003333666	0.07098758725101509	0.07942320565909158	0.10434646875643676	0.09925754904415783	0.10763591374925505	0.004024475917527566
242000	-1774.0925194769718	-1522.9318381891599	-251.16068128781203	0.1608572850943455	0.1200802008557077	0.06074364949936874	0.10250395216696483	0.16373297487678976	0.010146151189175898
243000	-1771.156944105582	-1524.3846246760982	-246.7723194294838	0.06976242642784926	0.11065154348547168	0.16718277492052833	0.11575251548082281	0.15317015814262272	0.004351272594920818
244000	-1768.558458563903	-1523.802656218862	-244.75580234504113	0.10327770616200248	0.09310783962932753	0.12387995441874539	0.12700670379138881	0.15949951331866058	0.006226386066890168
245000	-1772.7023901905316	-1525.3777425947108	-247.3246475958209	0.09832757605486789	0.08312371269733859	0.10810923608322301	0.17808810589663304	0.18092638631303676	0.003784129081494814
246000	-1772.47709954612	-1521.024083869007	-251.45301567711292	0.07972776626725722	0.13697422691294883	0.05331649674919111	0.08006479456173522	0.20139078611378639	0.006713188649283158
247000	-1772.5271918189155	-1524.3030588946606	-248.2241329242549	0.05708215355354943	0.10703644115218709	0.08159023417049746	0.11241406503267899	0.12243969025352253	0.003955155118087181
248000	-1771.3741151800937	-1524.7840305026639	-246.59008467742984	0.0648486235540335	0.09611292297568902	0.09717008022878895	0.13360251348825344	0.13847057275443325	0.005370385922862385
249000	-1770.6430327360276	-1525.5136042957101	-245.1294284403176	0.10882720082733331	0.14518035522845227	0.07849503972349854	0.11456371310143275	0.11534066931658613	0.006323384720151713
250000	-1770.9191995240542	-1524.0544623404057	-246.86473718364843	0.09765531433577024	0.1013261481239421	0.07198703371067579	0.13692522099879498	0.1542558141923941	0.00921460873192317
251000	-1772.6476339141452	-1523.8652070958824	-248.7824268182629	0.07819198942108017	0.06440446336923568	0.05716258222953905	0.10186175326127042	0.12948064095860243	0.004325841436021037
252000	-1770.9451120939548	-1523.6886067405796	-247.2565053533752	0.10420105632980589	0.15035742155967413	0.06845431569810899	0.11553685536213194	0.14576138625412505	0.007904311266059606
253000	-1772.6715881153552	-1522.936933075727	-249.73465503962825	0.13690903702410895	0.21208017798846074	0.08880449088368804	0.0884390306017052	0.158203141243444	0.009868872442016927
254000	-1769.2510392235965	-1524.465828012093	-244.78521121150348	0.10940724346357115	0.11015398456039796	0.07825762988756935	0.11872880987050351	0.1172425703872108	0.0062524322702075955
255000	-1770.4648477344654	-1525.2896690397129	-245.17517869475245	0.08362878187671115	0.11970452856434273	0.10291511400584387	0.06355708569975942	0.1236493866021644	0.003480642195151101
256000	-1769.0097989117335	-1522.7896684260127	-246.22013048572086	0.0983819586462521	0.12143813073012599	0.08410122013232547	0.07951516381287084	0.14960750938618392	0.006807112574020018
257000	-1770.5717529328392	-1523.686804087362	-246.88494884547725	0.11575074853653686	0.09703011571608766	0.10321414864935066	0.09505135456159929	0.175542350870535	0.008454066708485346
258000	-1770.3562699245479	-1521.6540000157756	-248.7022699087723	0.10392397544659979	0.12279791784112348	0.0861164958044245	0.13842576943365792	0.2114812660712376	0.008230899482977134
259000	-1769.8569961257922	-1524.7958847679192	-245.06111135787285	0.10537646083891802	0.10868295160271685	0.09053219583344307	0.0980984777137904	0.13723326321652599	0.005757942964724647
260000	-1769.046930963611	-1523.57303414965	-245.47389681396083	0.113758904819241	0.08927277737468997	0.13253613323217914	0.08240249285346848	0.1494058520574943	0.005694846591256393
261000	-1770.153290845755	-1523.2176780762256	-246.93561276952946	0.16062931474895012	0.1208349575729536	0.09987683983088574	0.08054864976920006	0.16384480675936683	0.007990469276438835
262000	-1771.6594015389473	-1525.043316779242	-246.6160847597053	0.0574330087921177	0.08492237609559002	0.07482164348015695	0.10509955184819174	0.118175528609414	0.002987926857425395
263000	-1771.9285769404814	-1523.390439380596	-248.53813755988537	0.09269959720590869	0.1065358951631759	0.1680636936290206	0.07957488113445066	0.20198660840234078	0.006231444902441456
264000	-1772.119663379326	-1527.0091594498037	-245.11050392952245	0.13005644112015083	0.11399495338324601	0.14059735843516574	0.07569678585468312	0.10566989713358507	0.005502708156274518
265000	-1771.108698099935	-1523.3869011653521	-247.72179693458298	0.0825432540305218	0.05853330889236579	0.09360270661678936	0.10656097347759709	0.17890262757216202	0.003670264991296949
266000	-1771.3992695619822	-1525.2391409432703	-246.16012861871198	0.10518597454775268	0.08090716721218894	0.07508197065623531	0.10507732674797984	0.13092125137839045	0.005760548415925312
267000	-1770.7977370612316	-1526.2679431408706	-244.52979392036096	0.08673185842257389	0.08683973509776872	0.09973726734704715	0.1371170443528689	0.15457131582038214	0.0031127859558640115
268000	-1774.3612135525805	-1524.6424013021738	-249.7188122504067	0.07184067438214037	0.13696533607359715	0.07425336831275861	0.08601768604022564	0.1195758712202083	0.006003428705897672
269000	-1769.276795502723	-1523.43759598039	-245.83919952233308	0.11019275502541956	0.10289913022660639	0.07486858336053764	0.08855786257240436	0.1330538059229689	0.006279921443703184
270000	-1768.2800156181652	-1522.0746595006422	-246.20535611752302	0.08968905776268654	0.10130847699117353	0.06884902701005681	0.09636046665236787	0.15208697412037922	0.00518091922440714
271000	-1772.531428145181	-1526.2130663345943	-246.31836181058668	0.06496884210608744	0.11508485074439757	0.07470794843915672	0.10784773720723986	0.09780544970653482	0.004566249565804777
272000	-1770.0404263971543	-1523.185379994289	-246.85504640286538	0.1026381312354097	0.06819892868118457	0.10563484075712216	0.15029569019568234	0.1590408047102565	0.006019171434244044
273000	-1772.2694511577224	-1521.9272432087869	-250.34220794893557	0.10272180003837958	0.12078905383530311	0.058894014047710275	0.08667111640655233	0.16366785160427078	0.004912724385221377
274000	-1774.722544493312	-1525.772676127248	-248.94986836606392	0.061009031375796795	0.06103425706348607	0.10837878653517428	0.12448811417427144	0.15276133318979898	0.0031522473437739056
275000	-1772.906284341557	-1525.0548231294679	-247.85146121208905	0.08456629689151648	0.06323190101365261	0.10827790831898441	0.17566364673410106	0.16203249204925738	0.004387551162509912
276000	-1770.3336251698984	-1524.2825616653408	-246.05106350455745	0.10634930385147374	0.13400246615026448	0.0918752408977948	0.1312846136882525	0.14951818491679014	0.008316007048888931
277000	-1771.016235790819	-1522.4312621222343	-248.58497366858484	0.13031941794863294	0.1491000001589411	0.09587275990804879	0.08359261459603586	0.199077582025572	0.009678260940425652
278000	-1771.3989466699961	-1523.204842709446	-248.19410396055014	0.08129912399822076	0.061581677634242334	0.08272832908888818	0.11571138924773589	0.13791621437413723	0.004217225224709317
279000	-1775.0784485750746	-1528.7851239378413	-246.29332463723324	0.059463556254089944	0.12494936313120603	0.11376039337800561	0.09215443711035545	0.1060686702978311	0.0026746845950885822
280000	-1771.0856503527134	-1525.7569549691325	-245.328695383581	0.07274995571594275	0.11721158820502019	0.10373682761601992	0.10703292720962684	0.12614246777428362	0.003847349468506033
281000	-1769.5634455076163	-1524.8755474104964	-244.68789809711984	0.09683149079305396	0.08999510778758131	0.1381036234733041	0.0971170725783145	0.15769380980562597	0.004352933907422813
282000	-1774.4828808121117	-1526.314211041024	-248.16866977108765	0.18818117396247508	0.08440984044084479	0.1302431068010574	0.09101251395400564	0.13342190410397617	0.007854140547321482
283000	-1771.7093864319322	-1526.3939754600563	-245.31541097187588	0.13193717225308466	0.08280065055381364	0.09735817189721678	0.11961222650240456	0.15507101886106306	0.005342943823856645
284000	-1768.5819929901018	-1523.7046520885624	-244.87734090153936	0.10003662786154638	0.09808199122580145	0.12709785733848217	0.1083847125334406	0.156895685879864	0.004978378534989363
285000	-1769.8568772103802	-1523.5584521118003	-246.29842509857986	0.13465263852042003	0.08594588842180861	0.09919606798466606	0.11839828017272888	0.18947849190533939	0.005120595214609665
286000	-1770.7120773637935	-1523.913227323333	-246.79885004046045	0.10738655954593244	0.1011604113595976	0.11288943819555966	0.07318854034033576	0.16636498673481995	0.007624534620989857
287000	-1770.2886926804556	-1525.703753846859	-244.58493883359674	0.13852607194258734	0.09891397049631498	0.11610894914022202	0.14476794814707797	0.14642833566602328	0.004888980996284765
288000	-1773.311755623303	-1527.5351842778723	-245.77657134543082	0.11508568796053975	0.15322862349853095	0.08630849092013862	0.09053912282478321	0.12796365499838722	0.00866771645443566
289000	-1771.8225727040383	-1521.8444758722403	-249.97809683179796	0.10217125487966829	0.0697068576700085	0.05223783125145887	0.13238916566193293	0.1649528458582707	0.007302358545420846
290000	-1771.0988176215399	-1524.1075665737908	-246.9912510477491	0.14149094982923185	0.07773925525717819	0.06850553231312052	0.08956119413904333	0.13852030473438023	0.005095909006469842
291000	-1771.0082171901397	-1523.9929636909283	-247.0152534992114	0.1098764400673976	0.1270333057989308	0.08676055603131476	0.07633542232334795	0.19554712200567084	0.004234426009851161
292000	-1769.2694032339377	-1523.1889543739396	-246.08044885999803	0.14388603502111547	0.08946657760516927	0.07130763798387865	0.11121786281843281	0.15392391960840512	0.005520976360647547
293000	-1771.988877185043	-1525.896258900695	-246.092618284348	0.14838494483895243	0.09386518944919875	0.07864091394499421	0.08238349510265963	0.14139595604140154	0.003970270584234884
294000	-1770.1903973742963	-1522.222187160074	-247.96821021422224	0.07158490480149933	0.08347805980750364	0.06093950395970294	0.10202210542295717	0.1424975961824933	0.004438258532281774
295000	-1770.2571450917328	-1523.313893561625	-246.94325153010783	0.0686056422294321	0.110595812119043	0.06963976809286099	0.09727819395006816	0.13611286660671915	0.004885273772333681
296000	-1773.0514813043778	-1525.8887928543058	-247.16268845007207	0.09509663766683378	0.09940181475442227	0.05595917843000538	0.06942013199838548	0.12454582656064081	0.004089673306954279
297000	-1770.705092205466	-1524.0238746576472	-246.68121754781873	0.08023950562965193	0.05587804276788689	0.09760377480111065	0.11218244803761035	0.12498980459527041	0.004116751703315463
298000	-1768.7661222446545	-1523.7088815291231	-245.0572407155314	0.12201817546788371	0.1531069677931848	0.11291468860722165	0.1147378517368807	0.15903632113558616	0.006206212663584768
299000	-1771.694103247575	-1524.8679515040087	-246.8261517435662	0.13822441690482154	0.08400293946515729	0.09873469979968086	0.13948407989515132	0.16021848150453025	0.011195560631271478
300000	-1772.1756596267167	-1523.0090072320022	-249.1666523947144	0.06589706243000784	0.1173671752585454	0.10615308625352314	0.12634042345372046	0.19019698590686884	0.004991678309244971
301000	-1768.7033865115666	-1523.8490931386832	-244.85429337288343	0.11810342138232272	0.14706965143264564	0.09831147668892024	0.11028713900472027	0.15170090884748752	0.005809354471089901
302000	-1772.3151849636251	-1524.602274837419	-247.71291012620634	0.06457971626933388	0.1233473663822689	0.13993230456196074	0.08511452330274537	0.17182608709999342	0.005906914429243695
303000	-1772.4186468432772	-1521.849612832551	-250.5690340107261	0.12896817090593665	0.12071267673013963	0.05893966515612738	0.1392800686232657	0.1984117786822616	0.011025421621707512
304000	-1772.3913386673034	-1523.1082332168826	-249.28310545042092	0.07103931404184131	0.1272251079202844	0.058165649970465284	0.10004467568833128	0.15975014994561923	0.006567649330067722
305000	-1771.2276943528707	-1524.8253707773915	-246.4023235754792	0.08460222512859199	0.10105512579437095	0.11395185917362198	0.07505059112720537	0.1536200562314017	0.0035290423962301264
306000	-1771.3871266814017	-1524.2707282870115	-247.11639839439025	0.11311643539812244	0.09110152864222464	0.13937671134581245	0.08032669344202903	0.18717308292562562	0.004012475720453754
307000	-1772.9859756771093	-1523.3828561539308	-249.60311952317852	0.11540832123660356	0.11585395543065383	0.14300315586619028	0.05916099092527505	0.22330786336241026	0.005441030591421274
308000	-1773.959190344103	-1524.5944611473676	-249.36472919673542	0.07173907448218377	0.15538057848647574	0.08958779710432446	0.12041764941983384	0.1869840238254254	0.007626604939018874
309000	-1772.3507468205487	-1524.0576278965013	-248.29311892404738	0.14305645713857879	0.10979694703722594	0.12808234148059805	0.0808584435760826	0.1896730650920273	0.005633605291573016
310000	-1772.5189084027134	-1525.0234177606517	-247.49549064206167	0.14553950184726264	0.06573311069422533	0.07840416176711373	0.09820318895295832	0.1144565021976038	0.005935961432166464
311000	-1772.6499335453766	-1526.8895853202298	-245.76034822514688	0.07360974876945925	0.09226372491196978	0.07429470561472033	0.10802321717850714	0.09296153928226937	0.003880817366745104
312000	-1771.8355992001934	-1527.728399522646	-244.10719967754744	0.13254711726058416	0.08689636241865722	0.09787403814890325	0.0816020957967027	0.13097065450142983	0.003633658791127355
313000	-1770.8345720004265	-1524.3517556395775	-246.48281636084903	0.07823702022790646	0.08694535705715614	0.10153271565016558	0.10097552523576155	0.16975893058933167	0.0068386861577843785
314000	-1769.3410770191485	-1522.380350551754	-246.96072646739452	0.07660489167158195	0.10695088145813322	0.09258149609739556	0.10630019109444579	0.198230283146599	0.004563345402703226
315000	-1771.9845733158058	-1525.6169485930109	-246.36762472279509	0.10079058426355993	0.08686167954536787	0.10375982683164724	0.08745476999017723	0.13521973560731157	0.00593455204645439
316000	-1774.4568970212108	-1524.1395649507772	-250.31733207043357	0.09072462124726074	0.064213587298581	0.051962565804061826	0.08775347538595564	0.14526507729134067	0.006613155412404384
317000	-1774.8459775566243	-1525.6856093651072	-249.16036819151705	0.09241828548407299	0.09363067634299752	0.05999692307435144	0.05179468104286	0.1183759454866268	0.003095669940339027
318000	-1770.9676191133208	-1524.0881394339112	-246.8794796794095	0.08517480768093146	0.13060522561212834	0.0667257287783172	0.1502524445385952	0.13023824528359468	0.005797930363797904
319000	-1770.4534758193538	-1522.0004846545569	-248.45299116479697	0.09469110386806516	0.06915780121165736	0.06279951415215955	0.11918456493866023	0.15778805624326261	0.005151581903566843
320000	-1771.4246464416206	-1524.2003198774937	-247.2243265641269	0.14231289678508482	0.07279600188466458	0.11263783259387547	0.07255115374885793	0.15295739095303898	0.005894500879046867
321000	-1775.7128310671392	-1526.9069817011682	-248.80584936597091	0.050748406849292826	0.07933764407589346	0.12382788154522902	0.1475582573808371	0.13583797603736314	0.0028529933010942627
322000	-1772.9549166407876	-1527.2615246590863	-245.69339198170135	0.0940805341712373	0.09842163079932842	0.10371866807743188	0.07954652618135326	0.09879968810982757	0.005820039146907161
323000	-1768.5318577302662	-1522.3120120347862	-246.21984569547993	0.10560621442601172	0.10706604396649415	0.07370948826387028	0.10019029812129955	0.15618872325575786	0.006911507294749097
324000	-1771.5919669841567	-1522.552772786581	-249.0391941975757	0.1158672850264661	0.0911466964210283	0.09723831639602068	0.1578619992863711	0.2201418799162036	0.007113822910448223
325000	-1770.9123827904427	-1526.2247686753392	-244.6876141151036	0.13181153484103084	0.10148057671502979	0.11583014982646904	0.12814680748475493	0.132353956650513	0.006678510651687632
326000	-1774.5500584469244	-1522.0611736271353	-252.48888481978906	0.09798432315086637	0.08013387751475605	0.04772374006047756	0.05464105233276545	0.15313854944599586	0.003733223479717323
327000	-1770.958026964306	-1523.5019294955732	-247.45609746873282	0.09774348574990377	0.10243246105948176	0.06712275615127127	0.06797966938302011	0.13458311700841522	0.00533813486423625
328000	-1770.7407569765912	-1523.147786787902	-247.5929701886891	0.11626038482891911	0.13622498237099429	0.06651123957470281	0.10541855265997131	0.143229755855979	0.007640335759455017
329000	-1771.075887730474	-1526.3955541722603	-244.68033355821376	0.077806319123729	0.10002001204439553	0.13321701286221657	0.07181860302093036	0.12072557650676236	0.003273071809843763
330000	-1769.7776936570272	-1525.0446816047142	-244.7330120523128	0.1296145628450428	0.12088348020253283	0.07893690123443982	0.09440344880329052	0.12144695081480796	0.005417884202955165
331000	-1772.5679247318994	-1524.1697450959996	-248.39817963589994	0.060250439005686565	0.0580498347361882	0.09332957572702229	0.11863864782676037	0.12102451363359955	0.004200182490480273
332000	-1772.7682171819442	-1525.2825208900213	-247.48569629192292	0.09550787756250537	0.08618263223400652	0.10882859226734558	0.10076934374667451	0.18613158864778256	0.006727655677673907
333000	-1773.7254975375872	-1521.3990864906236	-252.3264110469637	0.16467714964462968	0.09418198919451037	0.052905514061776494	0.0906044249475412	0.234484978540337	0.00579160906172567
334000	-1772.452826393656	-1523.0549393913545	-249.3978870023016	0.11162851772864255	0.12441058392582097	0.05492145534516582	0.055123690681117034	0.13454745429675227	0.005648783186533317
335000	-1769.4503458307504	-1522.985189785935	-246.4651560448154	0.09418263104679514	0.12163016942935496	0.06601276893665269	0.0882681287435049	0.14678390475738182	0.005646389579380272
336000	-1774.9295550532274	-1525.1321150221715	-249.79744003105588	0.07421151061109012	0.06732435226538797	0.11899296619545964	0.1753520222608881	0.18569040216046384	0.0057426893150461416
337000	-1772.8659663816074	-1524.790497375224	-248.0754690063835	0.11061451421159951	0.14523697005155328	0.05710813508924542	0.1011895542196157	0.11555205402687814	0.007244665238550659
338000	-1771.7924357449833	-1520.9555342999988	-250.83690144498445	0.09650334244679895	0.13439478224447873	0.053339814570461004	0.07289266729659322	0.1997886475830119	0.004913100795163933
339000	-1772.0814184450523	-1524.7840613095482	-247.29735713550428	0.14254421787734256	0.1312787520109163	0.0803821087927603	0.10220708781831139	0.16108923284450394	0.006903754587255331
340000	-1772.7276481446938	-1524.334336338964	-248.39331180572978	0.17374492914566023	0.07265413663154702	0.09707121685732578	0.11527854186821496	0.174998329846293	0.008275356500081129
341000	-1770.2733113284587	-1522.9552251376062	-247.31808619085243	0.1573799432373957	0.1539667153355426	0.11030338033049128	0.10624159743055113	0.17772903715321098	0.009535205933787356
342000	-1774.7883605313223	-1524.8583940386184	-249.92996649270378	0.06628112390415947	0.13209530660566643	0.058922318197370524	0.10020423740947976	0.17299804734889024	0.006099273210676497
343000	-1771.1716663181678	-1522.8645593188635	-248.3071069993044	0.10778501112921274	0.12301566321262822	0.06065874473354935	0.08702141756805898	0.13964662073347045	0.006109641179912749
344000	-1771.3403351435588	-1522.475955250794	-248.86437989276487	0.14798807185751495	0.1517631760351707	0.09374610440816872	0.08520162442326812	0.16709398011024518	0.008672533237804262
345000	-1771.9730086638915	-1523.2775982742685	-248.69541038962313	0.06912375582668646	0.06495937364752002	0.08818954923290825	0.10633499713025178	0.16815036501292652	0.004530348521290276
346000	-1776.008530544756	-1526.3630314145962	-249.64549913015972	0.061491663500413234	0.08656007995078832	0.06523415481635904	0.061225367616072994	0.13335601512975412	0.0024097506285483167
347000	-1772.3237802329597	-1525.4589070522006	-246.86487318075902	0.1268350969557795	0.1396654497498536	0.08853585796850422	0.11192049294442721	0.12743219661245986	0.009200636199639567
348000	-1771.7295096120172	-1522.6108192939926	-249.11869031802456	0.16492622355768902	0.12961789869206863	0.09890944418829001	0.18640998112518725	0.16559732468089372	0.009589394930782005
349000	-1777.9143724871583	-1525.4665367776083	-252.44783570954985	0.04669052521220091	0.09031219111777576	0.07007568718389855	0.06807804856196802	0.09486528283396328	0.0034450330412576047
350000	-1776.244243565017	-1530.7408301593825	-245.5034134056346	0.14990724790715895	0.0858644524487731	0.08184884811178172	0.08761729661348037	0.13491944721971227	0.0029935535701053196
351000	-1772.661692929606	-1522.1330501592201	-250.52864277038577	0.07220763279014936	0.0791649065914723	0.06355267785902666	0.05619609805963571	0.17288932213537955	0.0032699509823080944
352000	-1772.358391724255	-1526.5121029894178	-245.84628873483723	0.10234079927445375	0.07049988929823438	0.09922661980195252	0.10453829353362083	0.1167342287909877	0.006805531478676593
353000	-1770.8975178861413	-1523.0688591986213	-247.82865868751992	0.09517951793245057	0.08330859199166517	0.10046295383545921	0.08513353445152157	0.19216925832166798	0.0068904230888129775
354000	-1772.8697763729983	-1525.1380955413415	-247.7316808316569	0.12774210155267043	0.07833796224964139	0.10324496764062219	0.06150178154737338	0.1558008043348901	0.005422203925683405
355000	-1775.9009218784915	-1527.1368109470186	-248.76411093147286	0.20714902905346738	0.11419470068151728	0.08145552581514104	0.09889127239808497	0.1139895185758978	0.008260472212785258
356000	-1770.7221610122165	-1525.273855088105	-245.44830592411165	0.14008356352141904	0.08541638076719653	0.07401399418272703	0.10921998627009252	0.15452124253695732	0.004056824803004683
357000	-1774.8732656103193	-1523.5880094122908	-251.2852561980286	0.0751350491761384	0.12695985378949934	0.03616438191712942	0.08240469318573826	0.14728910741593784	0.004010417229260836
358000	-1771.553711000761	-1524.4607489356515	-247.0929620651096	0.1454724207594409	0.10773121787066615	0.0792121623838999	0.08976547202718	0.16253220237877847	0.005798825421216604
359000	-1769.6373002769365	-1522.257618650975	-247.3796816259614	0.09116045242287313	0.11140400747615271	0.0748170115291235	0.06138173736571795	0.14909853461378805	0.004884936833525008
360000	-1775.5280367899963	-1523.3474759191927	-252.18056087080362	0.10096513541421362	0.05186951799040208	0.06605331562768993	0.1576777006458882	0.13628577878354162	0.006048688406377369
361000	-1772.8518277340384	-1526.4411994622346	-246.41062827180366	0.11647286715832701	0.12312973168517655	0.06503718113796066	0.09479500569041228	0.10486582442427493	0.007359092648861133
362000	-1772.8946323248051	-1522.7881056499978	-250.10652667480747	0.07763885249731695	0.09245432785290955	0.09693348705671602	0.18540042555597047	0.22282291161877468	0.005336622215528633
363000	-1776.2177666471339	-1528.8322228684635	-247.38554377867032	0.09684586985569499	0.08892117418345066	0.06461013185488323	0.10778504163569119	0.08353403341925703	0.007122723905258965
364000	-1771.2855132799891	-1522.2816637199858	-249.00384956000326	0.07676165102321306	0.0836987388491267	0.12042982891575318	0.07695991353211012	0.20934219330427867	0.004907067220031732
365000	-1772.473428343787	-1522.8431874903204	-249.63024085346655	0.07612967397045882	0.07368777188039256	0.05871410019354193	0.10034049178085144	0.15277911743148992	0.0058248638312756095
366000	-1772.4246710593989	-1525.0491533277964	-247.3755177316026	0.058580021741991735	0.10486153219608499	0.11242034055564466	0.11567360102203071	0.13298568142353734	0.005271200972612483
367000	-1769.112773806498	-1522.8883906991928	-246.2243831073052	0.12209716422679696	0.088088593527723	0.08746747755524875	0.09457381894508325	0.19054263775418598	0.004815224141420635
368000	-1771.3178959590668	-1521.7487017226913	-249.56919423637547	0.17303516389187648	0.10182168690831539	0.07949589033544165	0.13163223887913947	0.20351478117265337	0.007252836843922124
369000	-1771.9190815734164	-1525.677947566594	-246.24113400682242	0.14054482940732466	0.07619998526511898	0.07153156780757253	0.10561302868122525	0.13811836960972865	0.004128033996429166
370000	-1773.3455502844542	-1523.22742312463	-250.11812715982438	0.08921195105497842	0.12265740535291159	0.07208295353323138	0.10651597287563712	0.21622189639533243	0.006571811078389891
371000	-1770.480974997835	-1522.9588320461316	-247.52214295170324	0.13077267218662625	0.07110942686784194	0.10291770304423448	0.12967083046278485	0.18668902607084012	0.007492626618746015
372000	-1770.06069075558	-1524.3004160906316	-245.76027466494833	0.0886257152144718	0.12140728645135183	0.1014793303319462	0.10602221773604449	0.17632938053065086	0.007198775133006658
373000	-1771.0857771258256	-1521.5506954837501	-249.53508164207562	0.1379344469581525	0.1331602452328392	0.05852072289400692	0.08691065456375519	0.17683648877201	0.00834904364381679
374000	-1768.7770573618925	-1522.9410194244138	-245.83603793747866	0.11330168697424525	0.1241117199009243	0.0915405751548404	0.09322410787877622	0.18540374173934146	0.0048985699673644465
375000	-1773.843315375141	-1521.1862459806548	-252.65706939448611	0.1476564806007781	0.09639272796895265	0.044482629559706485	0.13533788690541382	0.18734507839360207	0.010074861698720754
376000	-1770.7985662894182	-1521.3993717692506	-249.3991945201677	0.14085360981643968	0.09311938355058488	0.05609586974974712	0.09311409007302422	0.17335927541206084	0.0066443489572412424
377000	-1770.563480785743	-1523.9345627068064	-246.6289180789365	0.06532461355584912	0.08333239137151958	0.12004116270585273	0.13698564796827903	0.15144581672406895	0.004944349599537712
378000	-1771.0251310931649	-1522.8898157370668	-248.13531535609815	0.10037864190988885	0.11426322469419109	0.11451156922940886	0.053003037626265806	0.1882998230149486	0.0042575038610740005
379000	-1772.4727751700607	-1522.2972374506403	-250.1755377194203	0.06570932492908639	0.07792040569765629	0.06855912001722905	0.06147144088245578	0.14711982920724223	0.004454152516742213
380000	-1770.1953798131653	-1522.9345574953509	-247.2608223178144	0.08407997078399056	0.10737952393921148	0.08091593470004009	0.10619176773221738	0.14547183101263617	0.006263455628254063
381000	-1768.8997754804154	-1521.9127378963017	-246.98703758411366	0.1162928045255183	0.10383511772889552	0.06324863729529673	0.08155523782516665	0.1557579757476873	0.005695050478563585
382000	-1773.7906485301232	-1522.1682032248368	-251.62244530528636	0.11942681248920106	0.061527407379034234	0.04509817058797866	0.11667633697082684	0.15623204839754198	0.004741017173477152
383000	-1771.4971836701338	-1526.7440236314208	-244.7531600387131	0.08096219778624489	0.12226550054860394	0.1391100148951729	0.100536267415627	0.14808731108063128	0.0034320148054021826
384000	-1771.406370707754	-1523.5066999870896	-247.8996707206644	0.15592628246774504	0.09215888709817185	0.08150835192000025	0.154405154416277	0.19187895849507416	0.007084833396617371
385000	-1771.88799951985	-1525.6279424157653	-246.2600571040846	0.1287650064208836	0.0833783920421789	0.06559917002377182	0.15014833383070894	0.12041499402108316	0.005302114139330712
386000	-1772.9475098178352	-1526.8327011190586	-246.11480869877659	0.10399737108938889	0.1315801153405775	0.07600868133305758	0.1067913621372643	0.10978090204474052	0.009162956614800044
387000	-1771.93209550262	-1520.308098318046	-251.62399718457402	0.09042754966586201	0.12044921553140611	0.05205777662262397	0.1389732506997236	0.22988804578489092	0.006569765585437782
388000	-1771.9315848964432	-1526.059572223955	-245.87201267248818	0.06938311245051877	0.10375590407867137	0.1188536067787052	0.08192792838937438	0.15756226976493942	0.002786903969577902
389000	-1769.6942343028015	-1523.8513852112224	-245.8428490915792	0.1075922252620176	0.13238695885267404	0.12055320251104505	0.13377391611056128	0.1533783188953562	0.007244183234391891
390000	-1772.5727721151045	-1523.765247017669	-248.8075250974354	0.05713135466697714	0.0963812446299379	0.06911490627183398	0.10717944703335602	0.17096615443655885	0.004894268481699959
391000	-1769.5714711156543	-1523.649976623793	-245.9214944918613	0.10336896649621834	0.10244916436790003	0.08454961659776951	0.07995491511231899	0.13929732475515955	0.005311845523754471
392000	-1769.2662543410263	-1524.7682799555282	-244.49797438549803	0.10278208747278389	0.0782445524386232	0.10781760531084243	0.13145287669048983	0.13378217960288816	0.004425698085138271
393000	-1771.838479209227	-1522.6671363999183	-249.1713428093088	0.09596265774938063	0.07535410298718861	0.07651683523114274	0.1213628282306288	0.20944431634341248	0.004187286433802114
394000	-1776.8283402788509	-1525.3512208740435	-251.47711940480735	0.11925888043200739	0.20014484090865747	0.08209072715819113	0.14770218221956263	0.14155228021757088	0.011617165294551387
395000	-1771.1518312495848	-1524.3423506899508	-246.80948055963404	0.06858807666385584	0.06821656161169459	0.10104188597660282	0.16151048569566487	0.13209770470927915	0.0035807884908140063
396000	-1770.6035512402561	-1523.0369112706053	-247.56663996965082	0.10998232590849805	0.12098101410484584	0.060631338551282804	0.07895559955846054	0.1489075249211112	0.0049801028554990025
397000	-1773.624198858272	-1524.3928210190402	-249.23137783923175	0.1004954769441896	0.11156393796203026	0.11264944430431871	0.10770702482831489	0.26416060071273734	0.005854874370081069
398000	-1774.7139834867905	-1523.969320433845	-250.74466305294544	0.06449183537542925	0.10137006085749889	0.09006043154955248	0.19002486752178313	0.13896869291023112	0.00872559776646837
399000	-1768.4039597055944	-1524.1501822891867	-244.25377741640767	0.11343093236815206	0.10632457202451912	0.12370765737175106	0.09175869881193828	0.1451564301156478	0.005567796201269932
400000	-1771.2165279692892	-1523.6879647773103	-247.52856319197892	0.11604978361821716	0.1153071945612726	0.11738140582713787	0.07044509214154013	0.17918646756278117	0.007446767773963894
401000	-1773.257331090065	-1523.1697285910366	-250.08760249902846	0.11830648751974014	0.06944621352946106	0.04383862111846334	0.08454180811350241	0.11995365101509524	0.005100106092043185
402000	-1771.1793353521984	-1524.077590298582	-247.10174505361636	0.07649017696933164	0.1495118097348818	0.12335671600823266	0.1388053714699036	0.16806330934226552	0.007216944620322027
403000	-1775.6915855473867	-1523.732827032136	-251.95875851525074	0.05881663553149567	0.04189918031897169	0.06325683357581971	0.1400698284049706	0.13718937449647906	0.0027029618016826177
404000	-1772.4598922298587	-1521.6287433334232	-250.83114889643537	0.10386118353101963	0.1284823737039967	0.06339019762515058	0.04753244075267236	0.1597774813369914	0.005445032617115117
405000	-1770.6520273102083	-1524.2350929568918	-246.4169343533166	0.08934952398209392	0.10064505067071923	0.06742756416821385	0.07256664559894421	0.12693654655699516	0.004263445714472767
406000	-1775.5338636449553	-1523.0414107913566	-252.4924528535987	0.08723865415395717	0.19894323519221194	0.15254949027452364	0.1065593480548991	0.2145406652343277	0.007493506416976246
407000	-1771.5170889934789	-1524.7290448484368	-246.788044145042	0.11973055212419781	0.086069219057471	0.11399680184578159	0.15503507500095548	0.1798343430744114	0.00610055199884401
408000	-1775.2779030371819	-1526.068699614752	-249.2092034224299	0.14675812949419456	0.14197426234543536	0.07930047111458764	0.12512768345087819	0.20398137189178817	0.011139782087982626
409000	-1772.5146285882759	-1525.0395177453993	-247.47511084287652	0.06535969265899205	0.1297844246825759	0.06341542869926885	0.1376140324526502	0.1355777394652968	0.0052952128756406465
410000	-1772.4273547736839	-1524.3836125041903	-248.04374226949346	0.1264017549815754	0.1734273187686738	0.07683852536580621	0.13208464019689953	0.18293740836409805	0.006499352251414481
411000	-1772.083177398165	-1524.6831694681105	-247.4000079300544	0.06869913862270934	0.08706140137242886	0.12162175161566724	0.09633622621350839	0.16981844938438176	0.005892310484574367
412000	-1772.147580308725	-1524.014222539723	-248.1333577690021	0.07693148620706203	0.06924192647545288	0.07143148095804998	0.1299729898007119	0.14635407445547122	0.006906590072674839
413000	-1772.0051578882617	-1522.9013255395062	-249.10383234875565	0.0997953677002276	0.09727257127263021	0.06550393040334115	0.10401041263259209	0.13752670272246545	0.005404767432848066
414000	-1771.533754970746	-1523.1875915013848	-248.3461634693612	0.09876450925855859	0.059443168482279714	0.0748978283530948	0.10219879226183334	0.14634896999957436	0.00629005322175933
415000	-1773.60717209137	-1523.9204464224226	-249.6867256689476	0.15776122565066797	0.13999802985835133	0.12038848053435014	0.09698428382864673	0.17317330669553843	0.007769987861359042
416000	-1769.1132158469254	-1521.7986910565173	-247.3145247904082	0.07938339182405739	0.10884795241826338	0.08789843996841505	0.09968899415284203	0.19090775313111458	0.005630743244184119
417000	-1773.3782859467083	-1526.0047944703592	-247.37349147634913	0.06907034261640392	0.08152708634543201	0.06560951272588515	0.13859150178705648	0.10689844180170155	0.0036260854604299097
418000	-1769.8063717675213	-1522.9531546333687	-246.85321713415254	0.07910815545361792	0.12104694821909842	0.09218654319816838	0.10820790512465502	0.17767367712590046	0.006177409962371352
419000	-1772.2464043492344	-1526.5991158757065	-245.64728847352777	0.06124126070195246	0.1109136754948125	0.10408257884200933	0.09792958131259252	0.14737367713722482	0.0026784935820050584
420000	-1770.8479794483567	-1522.9399365795923	-247.90804286876434	0.08452072977869894	0.11799693727406772	0.0583633467462796	0.07362677608749209	0.13311477165899738	0.0046527265001154805
421000	-1771.4632262158784	-1525.4994966271984	-245.96372958868014	0.06931321422413436	0.1218308898710408	0.08054234694158462	0.10458915705412558	0.11062914116794233	0.004713436278989632
422000	-1772.0036853816946	-1523.5843681814736	-248.41931720022103	0.07617708275418766	0.09545497938602579	0.06048726190023471	0.0798705845467836	0.13506421946884228	0.005568536882872001
423000	-1772.927513306506	-1524.1956551331236	-248.73185817338228	0.0855864988805822	0.04563574375160167	0.08939752005927867	0.09652341199505492	0.1253781003148477	0.005108092541301642
424000	-1771.858806420296	-1523.8032009747724	-248.0556054455238	0.05996693460145075	0.06159490980775211	0.08562153004452834	0.08650679105122627	0.12762056506998878	0.003159697713584784
425000	-1771.2831811268545	-1522.2765920837683	-249.00658904308628	0.08100218079803614	0.11921928209340174	0.057879545094183776	0.13925280316603558	0.16289796237147489	0.007234667036284363
426000	-1769.6169661449367	-1522.6128031933904	-247.00416295154616	0.10503541575772708	0.07251658231060527	0.08374150614399939	0.11730303463720722	0.15425081990240086	0.0059825915332592135
427000	-1779.736621833611	-1525.6230858975732	-254.11353593603783	0.08415892804801249	0.11947803037349042	0.03900164655105872	0.052972520907737033	0.14034380322929382	0.006811848810484653
428000	-1776.0666741910456	-1524.491955546605	-251.57471864444074	0.1357814158706632	0.07747415848453537	0.07904162344114292	0.07947880981654735	0.22857298371582047	0.003767579744655431
429000	-1770.1807278706535	-1524.949112087133	-245.23161578352045	0.0703754232236939	0.09986474680177121	0.11012384367456897	0.09354897202194742	0.12045318894132252	0.004021769662855843
430000	-1772.2637319727705	-1521.816655270699	-250.4470767020715	0.06762362109131745	0.10535971205371124	0.048601297380429655	0.08246612592696241	0.1552512139070504	0.00563811118885395
431000	-1771.183441931581	-1523.2471016036075	-247.93634032797354	0.10832927019107276	0.09106132873947075	0.05412481672013778	0.14686743169546052	0.13082360675096563	0.006345767238521269
432000	-1772.119411737439	-1526.302336896596	-245.81707484084288	0.07649876916334365	0.09137868176164593	0.07156288108251478	0.08284733827269235	0.10298981802589854	0.0037066823820634583
433000	-1771.6968586660837	-1522.656241494346	-249.04061717173767	0.09034742166853628	0.053802366790092426	0.0665373553534848	0.11390932799873993	0.14898835449992134	0.005025480206988558
434000	-1771.2549770998105	-1524.4819344674518	-246.77304263235865	0.07470675475340287	0.11385320131831053	0.10845620099229054	0.10494718890658643	0.1865916667864108	0.006313411589445104
435000	-1771.9600100649384	-1524.0085685989861	-247.9514414659522	0.11016699734811085	0.10092550052445738	0.12006510405857691	0.16312196478409796	0.17412709872309481	0.007640439566914454
436000	-1769.8419120016745	-1523.9331927281119	-245.90871927356258	0.11635819588560344	0.10592088631838151	0.1435163182494025	0.15069437227452526	0.15781175360355232	0.007208901701692003
437000	-1770.505416471637	-1525.5997085051195	-244.90570796651753	0.09651880162934082	0.11489380067802982	0.09194727382584708	0.11404476300608131	0.14982279440364257	0.006020245898592828
438000	-1771.437280836844	-1526.550307428332	-244.88697340851186	0.12189842255181356	0.08349873449747691	0.11070594642332499	0.1440018578991826	0.11876899514280467	0.005545336973855655
439000	-1771.7879026638527	-1523.1332191220777	-248.65468354177503	0.08955316653307223	0.13865736703350617	0.06031890733023868	0.1051637675453954	0.16140871494922457	0.006210325461578281
440000	-1769.4488003982349	-1520.8655245408668	-248.5832758573681	0.09986914954472817	0.10175937518684612	0.0669413384608169	0.10737720165196035	0.20976717871245276	0.0062014294350244475
441000	-1773.4002749862914	-1522.5025558613702	-250.89771912492122	0.0810326073103151	0.11640975057993741	0.047282557583387376	0.07193603492212342	0.1457969880720048	0.0037492742208046137
442000	-1770.2160104631475	-1523.7071525408974	-246.5088579222501	0.08333559429994881	0.09862600240433313	0.07171806516067111	0.1005385668732412	0.14279502702716002	0.006822665292807714
443000	-1773.124446025137	-1523.5763684794672	-249.54807754567	0.10328065016977678	0.17844586155297026	0.06047414599643567	0.18103503565593929	0.1391902696531145	0.007342183278869513
444000	-1770.118468830477	-1523.4432974296383	-246.67517140083885	0.08575264455400541	0.10665694594300325	0.1675625745484132	0.09345762818413698	0.16787771953376368	0.004940346695688892
445000	-1772.6982575280379	-1521.273451377177	-251.42480615086083	0.11587725321035956	0.1358190485718703	0.05373388077038729	0.10284398950755146	0.2157004565046599	0.0052365816686742095
446000	-1770.2286893667688	-1524.6800332998632	-245.54865606690555	0.08744942736755458	0.09562755936547679	0.08945155855945582	0.08707094340977768	0.12306805785462029	0.005566682238140754
447000	-1770.1588854936142	-1523.7238352999648	-246.43505019364943	0.08673644778983422	0.09272458708136802	0.07160727392558712	0.11292911170621857	0.12868721993777438	0.006255365042409003
448000	-1771.7699977666325	-1525.8005281761293	-245.96946959050314	0.15289270504631097	0.10553542639303191	0.1400791470245931	0.11180044187721801	0.15009364601220926	0.0069660092805694
449000	-1772.1283945263583	-1521.9709498132095	-250.15744471314878	0.07863698027894718	0.060140712107369286	0.0664769634857415	0.08197578218772526	0.18653921153441674	0.003941526848197483
450000	-1771.3006622625992	-1526.4995381415401	-244.80112412105908	0.07835639311612447	0.08621495095864581	0.1535446383745856	0.12860415092853628	0.12640422680540936	0.004343621363905475
451000	-1774.5065774595246	-1527.3420727279745	-247.16450473155018	0.06964112331469718	0.07836724748303095	0.060288128192919066	0.08866918083339748	0.11108567326484459	0.0023621156524080496
452000	-1773.506132414148	-1522.025412791083	-251.48071962306503	0.09034753897992427	0.14667721210787055	0.04590035888154531	0.14606416284294535	0.17839242877469136	0.00653934578456675
453000	-1771.2101755973208	-1524.787147182686	-246.42302841463467	0.06105676370133983	0.09475655697035044	0.12793030389173837	0.14372682356818997	0.13659627378211028	0.004011813755709657
454000	-1773.7490205747963	-1525.0721117449616	-248.67690882983473	0.07525851777451424	0.08113416527097535	0.06616051826431482	0.11701898121110997	0.16030639093322938	0.0055620189946315336
455000	-1770.4929328755318	-1523.158997307169	-247.33393556836276	0.11995203037252668	0.18298267741468266	0.07649944760071592	0.12513468044883136	0.1552893374149663	0.007000339964638113
456000	-1771.2615594629615	-1525.8848480666215	-245.37671139634003	0.06510947956347415	0.11198757968422	0.10752796376192686	0.1214665427216188	0.13366394220388259	0.003596027473099374
457000	-1773.0588674742448	-1524.9300939051327	-248.128773569112	0.1069561253837047	0.1233446550320881	0.07845949736838981	0.10110919379141692	0.2251771717099866	0.004490487790268572
458000	-1772.9587863626305	-1524.1831041617725	-248.77568220085791	0.09068730651622081	0.10285511992939453	0.06329927593054836	0.05696337704229336	0.1134860862276872	0.005284219174664711
459000	-1770.4819116992558	-1521.5323980028625	-248.9495136963933	0.08785858593517683	0.08611922419273271	0.05904114504038095	0.07076560606450674	0.16105393094486	0.004988520625771779
460000	-1771.637821495543	-1523.3633858355652	-248.27443565997785	0.09477886751050753	0.08837606887659863	0.13231515116924955	0.1286940971282177	0.1562612702793938	0.005549520492054007
461000	-1771.0946222040777	-1526.2873970882097	-244.80722511586808	0.08718094575178605	0.09294753627613665	0.11518508076135471	0.1249343167060068	0.12089712976839442	0.007303319442738463
462000	-1775.9309800980943	-1526.2658693568296	-249.66511074126464	0.08901206328036844	0.16318487098343196	0.05956746518971297	0.15715588762020172	0.14238829953257068	0.00998740944964247
463000	-1772.1549833837687	-1522.0424404466426	-250.1125429371261	0.17601944893354204	0.10721500177662734	0.07698112991786628	0.14370094273796433	0.19077963377685608	0.008193261239059814
464000	-1771.142233313547	-1525.1650721477306	-245.97716116581628	0.12758800052822292	0.0949871884943058	0.14827015407931535	0.10798514406497353	0.12947839611617049	0.00757596819356847
465000	-1770.2364297885415	-1523.9144678453717	-246.32196194316975	0.08868972269404338	0.09468101432390266	0.11528438450256087	0.07466926621016011	0.1914790822757029	0.003558204676923483
466000	-1773.9645513155556	-1521.7556824208716	-252.208868894684	0.09890606498486273	0.11485081593369645	0.05860987825522011	0.09876179698278613	0.2592788780348576	0.005566311790626331
467000	-1770.6321965894301	-1525.2154497823276	-245.41674680710253	0.10220091417497465	0.11521606159479938	0.0650764578231158	0.11593584535385766	0.10855840147375519	0.005071474433284413
468000	-1768.7418508115888	-1522.8270342788733	-245.91481653271566	0.09011966868771915	0.0748237596342869	0.10527649506769435	0.11651935188612789	0.15939043041458056	0.005316018809588116
469000	-1775.8635679434863	-1522.285372209003	-253.57819573448324	0.13267727846426322	0.17189764033961763	0.1377292967928798	0.06289160802378184	0.21395267021821565	0.007927521822869734
470000	-1775.6623405766918	-1523.366609476656	-252.29573110003562	0.03867628020401791	0.09863564339022973	0.06886510517545767	0.16131612247097404	0.1789218631929263	0.003123278573471164
471000	-1773.7918540924145	-1525.5122405183256	-248.27961357408898	0.07606516978574734	0.08086303585625249	0.07692072451289127	0.0659815263873356	0.1123447441051424	0.005987154928063381
472000	-1775.4719446480678	-1526.253790722323	-249.2181539257449	0.11566329945769767	0.05602515293609804	0.059029092933740875	0.09819527046084492	0.0922780998918211	0.004790436450278087
473000	-1768.611759813762	-1522.850919539736	-245.76084027402604	0.10231720516393307	0.08292734661923987	0.08193278018800804	0.11547636600552018	0.15754077257710136	0.004804158194473952
474000	-1775.4012667984944	-1522.2471127677513	-253.15415403074292	0.0863559471497759	0.10444208178055236	0.03422611194764318	0.0783448547415583	0.16884970426294124	0.005144711221939874
475000	-1769.8365855220552	-1525.1722095222199	-244.6643759998354	0.10209170895834165	0.10215985346943562	0.13590929065514443	0.10683357873951949	0.14224261247618983	0.006988952931080723
476000	-1770.2825403052925	-1525.7831559584465	-244.49938434684606	0.09270373623596238	0.0874912962552062	0.152305718839647	0.11998263632785237	0.13087441962648277	0.005246133948572424
477000	-1771.9947530138518	-1526.8003441311948	-245.19440888265703	0.10684044731529786	0.10537963090734163	0.10846414516907069	0.09858555991610966	0.11516990214106204	0.006033411358771129
478000	-1777.9828032343703	-1524.0822115254473	-253.9005917089229	0.08880289687473697	0.21649802798732676	0.10646685575828159	0.07890209711426398	0.26189555652996077	0.00541850124599973
479000	-1769.4017997053138	-1521.5621383991595	-247.8396613061544	0.11274656366763984	0.1509935530426051	0.09247188141980262	0.12870478267947869	0.21313542962898044	0.006620709172921903
480000	-1771.8498039919032	-1526.330601805766	-245.51920218613702	0.08890822423186226	0.08504903098448759	0.16319369792543006	0.10318553019162074	0.13338889664251574	0.0036920759829917544
481000	-1769.4810860947691	-1522.4786478198503	-247.00243827491894	0.08902958499701573	0.10722695003485647	0.07065373646402875	0.07427245263056592	0.15071118576658274	0.005796415601760554
482000	-1772.4776082332794	-1526.3861518780745	-246.09145635520483	0.10838599583392894	0.07888923645252123	0.14217421605353575	0.07791255856314601	0.1595524708826639	0.004294818533094803
483000	-1771.7957680983568	-1525.740962946175	-246.05480515218198	0.08249693447800649	0.1084357802805959	0.09462862036492019	0.12499446795230103	0.17833504288889	0.005222273646382607
484000	-1770.9792411684598	-1525.2610936223427	-245.718147546117	0.11137759929841864	0.12224039777709764	0.09147457345749356	0.0848199245142236	0.11995664756515934	0.00701425682092098
485000	-1769.798935418344	-1523.3167435174064	-246.48219190093752	0.11218247715547405	0.1207332791138892	0.0807478581257296	0.09764600177616246	0.1517895909997119	0.007620267049379429
486000	-1776.110908831768	-1523.428899635972	-252.68200919579607	0.04635246038162949	0.18200295226289387	0.054144739764024945	0.08153810960245159	0.15746098820435087	0.0036517735856538536
487000	-1770.5207701903262	-1521.2652681061918	-249.2555020841344	0.08282852281865384	0.09613040521547742	0.04823197089552226	0.08932398831352008	0.15648486404776052	0.004546694771586286
488000	-1772.6583701743236	-1527.5000607710876	-245.15830940323596	0.10270633201528635	0.0823636150124673	0.13756926973183783	0.12089053513339972	0.1244583815743304	0.005560152354392351
489000	-1771.1952386328906	-1522.4814162738296	-248.713822359061	0.07058812628914977	0.09562159324752373	0.10497826283972417	0.11325207341194996	0.20309337109615727	0.005427105833785573
490000	-1769.1963043681294	-1522.3890182686741	-246.80728609945538	0.13018096463183615	0.10534607661428287	0.07046746951096933	0.11621649750737086	0.15952338778772865	0.006029531307356978
491000	-1770.9223524685156	-1524.3149053716234	-246.60744709689212	0.08441631049376867	0.08995756764338075	0.12200109475314737	0.07945597209399369	0.1571798034953028	0.0067051503665678846
492000	-1770.5311449888175	-1522.4481706870042	-248.08297430181327	0.13836214287649723	0.10514731629495769	0.09521801989281706	0.13855173034449483	0.1676799286097373	0.007791099309670863
493000	-1770.3289883837865	-1521.1917320044167	-249.13725637936972	0.11908955688136635	0.1396453795947593	0.0669130575886214	0.09781995923193573	0.19555458788083702	0.008622541532075813
494000	-1770.9323073137723	-1523.7875566571893	-247.14475065658294	0.08352141216428711	0.06005016097843179	0.11101056990501586	0.15006530516437785	0.14748753451468127	0.004266731785854788
495000	-1769.603466718727	-1523.9135823739064	-245.68988434482074	0.090969451347084	0.09369841464558253	0.07870982699647666	0.1397817810380032	0.1317771988991709	0.005574246866557194
496000	-1770.2986232017452	-1522.0474336050352	-248.25118959670993	0.08014025111348858	0.08005660235921776	0.08195859009996714	0.11630743546838261	0.19783277339607921	0.0060543637722211205
497000	-1772.9556415780596	-1526.0254244307998	-246.9302171472597	0.09053009074487987	0.09402201648144597	0.06746246576055108	0.13065801723907744	0.1197698092296468	0.007687526194130786
498000	-1771.9422169587262	-1523.789128296754	-248.1530886619724	0.054652979438613386	0.07306718128296327	0.0727209473660434	0.1038723136116859	0.1469245946689503	0.003517897976250347
499000	-1769.6060544172324	-1524.194858966448	-245.41119545078436	0.109056879214449	0.07317828296530064	0.08622823355404938	0.0880605099969885	0.12467124146692422	0.004472359205466599
500000	-1773.4377230433322	-1523.785875495003	-249.6518475483292	0.059799721347845204	0.06549702166966502	0.05513973044003861	0.11896710532419937	0.1191388008526985	0.0028707760290186675
