#
#model:
#
#<?xml version="1.0" encoding="UTF-8" standalone="no"?><input id="posterior" spec="beast.core.util.CompoundDistribution">
#    <distribution id="prior" spec="beast.core.util.CompoundDistribution">
#        <prior id="lambdaPrior.bfd" name="distribution">
#            <parameter id="lambda" lower="0.0" name="x" spec="beast.core.parameter.RealParameter">0.01</parameter>
#            <Gamma id="Gamma.0" name="distr">
#                <parameter estimate="false" id="RealParameter.1" name="alpha" spec="beast.core.parameter.RealParameter">2.0</parameter>
#                <parameter estimate="false" id="RealParameter.2" name="beta" spec="beast.core.parameter.RealParameter">200.0</parameter>
#            </Gamma>
#        </prior>
#        <distribution id="snapprior.bfd" lambda="@lambda" spec="snap.likelihood.SnAPPrior">
#            <parameter estimate="false" id="alpha" lower="0.0" name="alpha" spec="beast.core.parameter.RealParameter">11.75</parameter>
#            <parameter estimate="false" id="beta" lower="0.0" name="beta" spec="beast.core.parameter.RealParameter">109.73</parameter>
#            <parameter estimate="false" id="kappa" lower="0.0" name="kappa" spec="beast.core.parameter.RealParameter">1.0</parameter>
#            <parameter id="coalescenceRate" name="coalescenceRate" spec="beast.core.parameter.RealParameter">10.0</parameter>
#            <tree clusterType="upgma" id="Tree.bfd" nodetype="snap.NodeData" spec="beast.util.ClusterTree">
#                <taxa dataType="integerdata" id="snap.bfd" spec="snap.Data">
#                    <taxonset id="ant" spec="beast.evolution.alignment.TaxonSet">
#                        <taxon id="CarpaChavin_B72793.Huanuco.CarpaChavin" spec="beast.evolution.alignment.Taxon"/>
#                        <taxon id="CarpaChavin_B72795.Huanuco.CarpaChavin" spec="beast.evolution.alignment.Taxon"/>
#                        <taxon id="Carpish_B72761.Huanuco.Acomayo" spec="beast.evolution.alignment.Taxon"/>
#                        <taxon id="Carpish_B72772.Huanuco.Mitotambo" spec="beast.evolution.alignment.Taxon"/>
#                        <taxon id="Amotape_B67243.Tumbes.Amotape" spec="beast.evolution.alignment.Taxon"/>
#                        <taxon id="Amotape_B67257.Tumbes.Amotape" spec="beast.evolution.alignment.Taxon"/>
#                        <taxon id="Chavinillo_B72789.Huanuco.Chavinillo" spec="beast.evolution.alignment.Taxon"/>
#                        <taxon id="Chavinillo_B72792.Huanuco.Chavinillo" spec="beast.evolution.alignment.Taxon"/>
#                        <taxon id="Quichas_B72777.Lima.Quichas" spec="beast.evolution.alignment.Taxon"/>
#                        <taxon id="Quichas_B72778.Lima.Quichas" spec="beast.evolution.alignment.Taxon"/>
#                        <taxon id="Canchaque_B72873.Piura.Canchaque" spec="beast.evolution.alignment.Taxon"/>
#                        <taxon id="Canchaque_B72878.Piura.Canchaque" spec="beast.evolution.alignment.Taxon"/>
#                        <taxon id="Huamatanga_B72889.Lima.Huamatanga" spec="beast.evolution.alignment.Taxon"/>
#                        <taxon id="Huamatanga_B72892.Lima.Huamatanga" spec="beast.evolution.alignment.Taxon"/>
#                        <taxon id="Pacar_B72907.Ancash.Pacar" spec="beast.evolution.alignment.Taxon"/>
#                        <taxon id="Pacar_B72909.Ancash.Pacar" spec="beast.evolution.alignment.Taxon"/>
#                        <taxon id="LaQuinua_B72753.Pasco.LaQuinua" spec="beast.evolution.alignment.Taxon"/>
#                        <taxon id="LaQuinua_B72756.Pasco.LaQuinua" spec="beast.evolution.alignment.Taxon"/>
#                        <taxon id="Chinchan_B72900.Ancash.Chinchan" spec="beast.evolution.alignment.Taxon"/>
#                        <taxon id="Chinchan_NK_173896" spec="beast.evolution.alignment.Taxon"/>
#                    </taxonset>
#                    <taxonset id="cur" spec="beast.evolution.alignment.TaxonSet">
#                        <taxon id="curtata_cra.cur.B6032" spec="beast.evolution.alignment.Taxon"/>
#                        <taxon id="curtata_cra.cur.B8175" spec="beast.evolution.alignment.Taxon"/>
#                    </taxonset>
#                </taxa>
#                <parameter id="RealParameter.0" lower="0.0" name="clock.rate" spec="beast.core.parameter.RealParameter" upper="0.0">1.0</parameter>
#            </tree>
#        </distribution>
#    </distribution>
#    <distribution id="likelihood" spec="beast.core.util.CompoundDistribution">
#        <distribution data="@snap.bfd" id="treeLikelihood.bfd" non-polymorphic="false" pattern="coalescenceRate" spec="snap.likelihood.SnAPTreeLikelihood" tree="@Tree.bfd">
#            <siteModel id="MutationSiteModel.bfd" spec="beast.evolution.sitemodel.SiteModel">
#                <parameter estimate="false" id="mutationRate" name="mutationRate" spec="beast.core.parameter.RealParameter">1.0</parameter>
#                <parameter estimate="false" id="shape" name="shape" spec="beast.core.parameter.RealParameter">2.0</parameter>
#                <parameter estimate="false" id="proportionInvariant" name="proportionInvariant" spec="beast.core.parameter.RealParameter">0.0</parameter>
#                <substModel coalescenceRate="@coalescenceRate" id="MutationModel" spec="snap.likelihood.SnapSubstitutionModel">
#                    <parameter estimate="false" id="u" lower="0.0" name="mutationRateU" spec="beast.core.parameter.RealParameter">1.0</parameter>
#                    <parameter id="v" lower="0.0" name="mutationRateV" spec="beast.core.parameter.RealParameter">1.0</parameter>
#                </substModel>
#            </siteModel>
#        </distribution>
#    </distribution>
#</input>
#
Sample	posterior	likelihood	prior	theta0	theta1	theta2	TreeHeightLogger
0	-1988.2294874767992	-1836.3926487212752	-151.8368387555241	0.07037218050454552	0.1733179921858801	0.14681578214541793	0.0011626535045348588
1000	-1987.6086237657446	-1835.007206310932	-152.60141745481275	0.11101318451950279	0.05578116946995025	0.10342036133149572	0.002683914633888224
2000	-1987.9655013455563	-1834.556252570507	-153.4092487750493	0.07577504659682816	0.06693139753419369	0.11757427394633695	0.002165761332873129
3000	-1988.1548350735743	-1833.5431704482298	-154.61166462534442	0.08158832793896004	0.04522611252661827	0.14825123989193573	0.002624459723445673
4000	-1985.21606267389	-1835.2571544168386	-149.95890825705152	0.09127217861909284	0.1081502540198561	0.13058296831670305	0.003300552617020395
5000	-1988.5568068077553	-1834.9677816438152	-153.5890251639401	0.05730052611186371	0.06559432315177212	0.09461854749950896	0.00232526774250165
6000	-1988.4177067206713	-1838.5331654006036	-149.88454132006765	0.10178020540973773	0.09387622565612981	0.07988824309118644	9.932901593958437E-4
7000	-1988.6608597786658	-1837.6818904536315	-150.97896932503434	0.12317220878756438	0.08774095149186553	0.14163165350676515	7.637533293224444E-4
8000	-1987.1867033211365	-1835.1652709089856	-152.021432412151	0.08899953227431459	0.10114612013733247	0.13715047053331886	0.0023226457335783694
9000	-1985.5601151347437	-1835.212400705689	-150.34771442905463	0.09278553176103518	0.08580038574683858	0.10840354952672687	0.0031360592362359965
10000	-1988.9623351839628	-1834.8724900238828	-154.0898451600798	0.14165544433999736	0.08888229246460624	0.14318035164272958	0.0036061270080191246
11000	-1986.8907831518416	-1834.9014809269524	-151.98930222488917	0.12282737676811706	0.07361852114924497	0.12031248995354817	0.003400663279565925
12000	-1987.5242183283333	-1834.9304540818353	-152.593764246498	0.10851121690305023	0.05965174867204554	0.10270582876202183	0.0036587446325690278
13000	-1990.1373360182522	-1835.9885865264864	-154.14874949176576	0.04050692927183736	0.14219953037715266	0.12224344644754809	7.624215531192544E-4
14000	-1985.425276243362	-1834.417582317676	-151.00769392568589	0.10328101509447443	0.06697046938451312	0.13603827768840968	0.0025494813381639896
15000	-1987.4437834484638	-1835.846972348479	-151.59681109998482	0.13192739536781917	0.05963087482640228	0.12257907753504375	0.0016595867577957574
16000	-1990.9363437261463	-1836.6467253028254	-154.2896184233209	0.1698809649031662	0.053874285056956954	0.09743912894930172	0.005358079617806542
17000	-1985.1885478427319	-1834.9832008770009	-150.205346965731	0.10702860219092437	0.10044279381251954	0.1434896762105234	0.003093405475803104
18000	-1988.474404688168	-1838.5710792247326	-149.9033254634356	0.12826145252521962	0.10983671514072323	0.09361610880816916	0.0011622190531846417
19000	-1987.3958945352972	-1835.1241883458833	-152.27170618941395	0.05706280854439415	0.08920487354806347	0.12900556602149632	0.0017882770642858822
20000	-1986.221955341148	-1835.9958094034541	-150.22614593769381	0.10799454520588125	0.15274645711541057	0.1291835052265428	0.0027564056954414895
21000	-1987.391934992682	-1834.122819811804	-153.26911518087815	0.07705791825969815	0.05445321101890601	0.12154113575260822	0.002864317613678274
22000	-1987.9196871339436	-1837.498393644299	-150.42129348964448	0.1346527584956526	0.11324367046389759	0.09344756824516669	0.0033608356894198445
23000	-1985.2841118236706	-1834.6750960291986	-150.60901579447201	0.08931444659129485	0.08157041631658432	0.13580699787812148	0.0029243600842411804
24000	-1986.9162952810866	-1837.482643373812	-149.43365190727465	0.13666222292830102	0.14527425635303193	0.11370366590077806	0.0020258691690037242
25000	-1985.8041710740886	-1835.1698121211618	-150.63435895292685	0.12055484225121368	0.11357142288356165	0.17502400759609876	0.002936249477532608
26000	-1986.282388798304	-1834.5016433520877	-151.7807454462163	0.13987779873470366	0.07975103670678374	0.15227665224155656	0.005980606671326794
27000	-1985.1083610436972	-1834.89660731988	-150.211753723817	0.09154004746310271	0.09343636406140396	0.1410752115894104	0.0030539864067702324
28000	-1985.8951665653774	-1834.5592877602658	-151.33587880511163	0.10059170194023283	0.08262469913231982	0.16128878266860708	0.003014739228824038
29000	-1985.624516818381	-1835.316336484356	-150.30818033402494	0.1061995623843318	0.12235518968851135	0.16879628553563913	0.002809531798733433
30000	-1984.904331899752	-1835.3674494639185	-149.53688243583346	0.10263668058598881	0.09852070308904398	0.11754367300918028	0.0029708417729738057
31000	-1988.3423089776447	-1837.0959856271193	-151.2463233505255	0.07455195250899439	0.07917599533572842	0.11651279257171245	6.673559639644606E-4
32000	-1986.4720094215197	-1836.1484617095934	-150.32354771192618	0.09242135002565623	0.11821163774273326	0.10668276847490268	0.002089559867901196
33000	-1986.7207271793163	-1834.0307374908525	-152.6899896884639	0.10783241112213225	0.05212477458031716	0.13653590235118787	0.0023795059801864984
34000	-1985.5959528974183	-1834.3054086539025	-151.2905442435157	0.10215966556589014	0.072689469506959	0.15168939211060434	0.003006630360379671
35000	-1987.0929843528784	-1834.7158972683467	-152.37708708453175	0.11192206696238254	0.0501979297830975	0.11725031094351665	0.002049654070319352
36000	-1986.353824765219	-1836.0730991713726	-150.28072559384634	0.13004480978548744	0.09990019712635076	0.10556326479817744	0.004944383579561555
37000	-1986.741063415171	-1835.9009948223052	-150.84006859286598	0.07648120906587746	0.11734237284563978	0.12484656877885657	0.0035580398041074935
38000	-1989.369031996575	-1836.5816122646388	-152.78741973193618	0.13795254740645724	0.07150810600251173	0.10518665473878225	0.0020830808012605286
39000	-1986.9936257646796	-1835.3816668939426	-151.61195887073708	0.059507960973413924	0.09631700734225583	0.15130235254367896	0.001405864114827044
40000	-1987.5142833475943	-1836.2744799743075	-151.23980337328692	0.11300630432382591	0.15333475729762824	0.15344617600090646	0.00591826019416287
41000	-1991.270752210504	-1837.7324280490238	-153.53832416148012	0.06873383001842005	0.11521792811628388	0.06290943607779514	0.001829606588900786
42000	-1988.8109399051382	-1833.954041831491	-154.85689807364716	0.10635239814194031	0.04261289569290163	0.1311796413468705	0.002010516388981163
43000	-1987.4786154277792	-1834.999360127766	-152.4792553000131	0.13289435163282695	0.05397683179080547	0.11036906821597894	0.003000459497181816
44000	-1991.0935897656263	-1835.189214740406	-155.90437502522047	0.03626864174732151	0.08140797331586822	0.09645075201966959	0.0011687814681787443
45000	-1989.4556291745102	-1836.906244682492	-152.54938449201836	0.08041102475182804	0.06602610858697379	0.07149308240901199	0.0016009379339719622
46000	-1989.0016106842813	-1833.3017821553665	-155.69982852891496	0.12087777892057273	0.03736790337786551	0.1653617357929801	0.002211398173713063
47000	-1987.555569027962	-1835.3824096140734	-152.17315941388873	0.06737298355300941	0.09382959872687033	0.10199685219664881	0.0019054603436810696
48000	-1987.4111281778983	-1834.3540090045922	-153.05711917330618	0.09147055769639557	0.054255814631872436	0.10760672644067415	0.00280807278744525
49000	-1988.8894961086894	-1835.4560465511377	-153.4334495575517	0.10929322882845127	0.061395385803397526	0.10404547002273852	0.0021706143440165825
50000	-1987.3744494322125	-1835.69345365685	-151.68099577536267	0.0821411364805273	0.09037910138188328	0.10596874541881561	0.0017657790441912525
51000	-1985.6208913502821	-1834.9461099680848	-150.67478138219738	0.10411477022843915	0.07496233548015085	0.11940898979665515	0.0026064430064555934
52000	-1989.930321707048	-1835.217182511652	-154.71313919539594	0.04466256243904351	0.08867784752947759	0.11429002779785465	0.0011914342177026956
53000	-1987.286539633818	-1835.304011315212	-151.98252831860594	0.12870201158297878	0.06719043205608946	0.12190538961492778	0.0023651153477698334
54000	-1987.067847480858	-1838.7107376158624	-148.3571098649956	0.1213833519698148	0.1165301059627116	0.12013245842486293	5.533836152317187E-4
55000	-1985.5999169855384	-1835.706328576091	-149.89358840944735	0.12016550708751737	0.09711121951664513	0.1109026136150065	0.0036334251380106563
56000	-1988.9469949659592	-1835.898227388498	-153.04876757746118	0.04651219319788966	0.12591613940606855	0.1550128410103292	0.001019336848926522
57000	-1986.5427615333285	-1834.6666222813076	-151.876139252021	0.08580261863219937	0.07616660300880913	0.14315068446921353	0.00332623891578223
58000	-1986.102319620508	-1835.2499295129253	-150.85239010758286	0.09434462422409427	0.07493357074705946	0.10688806422910327	0.0023264214614384985
59000	-1989.1751642226302	-1836.9915304600308	-152.18363376259936	0.0696419089777694	0.0885569229888579	0.0690655539547723	0.0016090115382096672
60000	-1988.0597442065173	-1835.485345356525	-152.57439884999246	0.13915636852328694	0.10262621844707823	0.1270718328457716	0.0038385305838073854
61000	-1985.7094210419696	-1834.6981824082945	-151.01123863367496	0.09997443260832779	0.06728628527105418	0.14408662224205737	0.001990913230717809
62000	-1987.7262341559217	-1837.2486459498036	-150.4775882061181	0.07845269223010201	0.07779244463151816	0.09467127072774605	7.97726952738646E-4
63000	-1985.3329918007078	-1835.0507788826726	-150.28221291803519	0.09585897882978522	0.08919921560962807	0.15165798584568108	0.002101700324051915
64000	-1986.5425307103415	-1836.9853601314994	-149.55717057884198	0.1448420274993622	0.09589555035963097	0.1334599216941112	0.0014742774816027691
65000	-1986.9860846802806	-1835.0720064663542	-151.91407821392627	0.13203546039788155	0.07969237479582011	0.18854229841107156	0.002160567252798495
66000	-1989.556557412169	-1836.7371381080652	-152.81941930410377	0.08208454248702993	0.06929957826337159	0.06992125202155354	0.0026318409967694225
67000	-1986.6291412346998	-1835.7209984096814	-150.90814282501825	0.06698438963641967	0.12658309175792376	0.1088626304729557	0.00178446181927534
68000	-1986.4703269265613	-1836.531115032767	-149.93921189379412	0.09668768546896378	0.07713649368660076	0.11625382780678387	0.001130649733145634
69000	-1991.1459108711551	-1835.7643379734923	-155.3815728976628	0.07289107867972824	0.056325382682219684	0.08466240524152611	0.003968449600440076
70000	-1988.3705941038913	-1839.747104702942	-148.62348940094944	0.12171388979070835	0.1487062488510952	0.13844130630392792	1.3238744266504292E-4
71000	-1986.5910150348714	-1836.3106018358026	-150.28041319906873	0.09530490276466554	0.09881337289569928	0.08937767539832016	0.0035057523110342283
72000	-1985.743643178825	-1835.6832699856338	-150.06037319319125	0.13343447106173909	0.12140654429440387	0.12452594541473792	0.004887369170270035
73000	-1986.7677868834585	-1835.5415584085144	-151.226228474944	0.10690078721925703	0.07645378987505182	0.12318073291656771	0.006017500042518845
74000	-1985.7602241885231	-1835.5663182030744	-150.19390598544868	0.1085992696246847	0.13173117201002815	0.1344578793498986	0.0041572268411842915
75000	-1987.3408137931299	-1835.4979784661575	-151.8428353269724	0.09675541814937223	0.06723433470977994	0.1290368411344197	0.0014475579830587379
76000	-1988.6783592846984	-1835.4938450575946	-153.18451422710373	0.07755423428731566	0.05031452866025478	0.1449616854373322	9.297595842356942E-4
77000	-1985.9503180631868	-1834.4583472320019	-151.49197083118494	0.12169526794807774	0.06193552751868903	0.12773373364513227	0.0029620653147478574
78000	-1986.2276947961188	-1834.882621718576	-151.34507307754282	0.09415998170028005	0.07215496806094257	0.12612853613619487	0.0020809096864681706
79000	-1986.3767024469946	-1835.6057701101454	-150.77093233684923	0.06997163363973175	0.12858084129929664	0.1390600287465115	0.002378194416970895
80000	-1985.106478946957	-1834.993094035589	-150.11338491136812	0.12140758618301581	0.10055725126951547	0.13718887875722102	0.004196560962862873
81000	-1987.8480234640924	-1833.7858363821442	-154.06218708194822	0.12963240180017482	0.045247609982055646	0.1530053740705915	0.002368855448405296
82000	-1986.9084546317838	-1836.671029649735	-150.23742498204885	0.12635262091135765	0.10105592258147855	0.09684085979281222	0.0037309325764593526
83000	-1986.2909857449229	-1834.2502914726754	-152.04069427224758	0.10077026337537981	0.05591772041826835	0.12710278055294713	0.0023590142287382753
84000	-1988.4347024234683	-1834.445107415696	-153.98959500777227	0.14854742510541513	0.0648694756189237	0.14044476565669398	0.0033616905615216713
85000	-1987.6136640753364	-1834.002971221587	-153.61069285374955	0.09396199104427884	0.04580735367508436	0.10991586332261488	0.0027096773518947514
86000	-1986.485038654616	-1835.0534941210126	-151.4315445336034	0.07890573676760164	0.09111238603646406	0.15954780315618466	0.0026972065575505536
87000	-1987.2258215861398	-1834.9981861727579	-152.22763541338188	0.1721898994540039	0.07567686749811704	0.16514889340090882	0.0027262931581397733
88000	-1985.5055882908707	-1836.172657829618	-149.33293046125274	0.08699856370149461	0.1087011044317992	0.10676753226056183	0.0016952974751808653
89000	-1987.2676684615726	-1836.0433177548125	-151.22435070676002	0.09790258810619328	0.13387439123329226	0.1094189709578258	0.0030099896380181702
90000	-1985.0261470076666	-1835.1681164248075	-149.85803058285916	0.11545853887286738	0.11303250125534087	0.1511488959193454	0.003129451990728865
91000	-1987.096613275541	-1836.2871547174639	-150.80945855807695	0.13732398218527697	0.14341461959136045	0.17916047505163657	0.0020424321499560444
92000	-1985.9876325531584	-1835.5680963133302	-150.41953623982818	0.08699025010187783	0.09195045261135266	0.09987326726238671	0.003286523988233901
93000	-1985.356140909379	-1834.8112457207758	-150.54489518860325	0.10536580485235694	0.07112878033098963	0.12027520603477879	0.0026641565773470057
94000	-1987.5507971471936	-1835.5528090641053	-151.99798808308827	0.05278631178897362	0.11737825479193273	0.10744017205684936	0.0014078933315025727
95000	-1988.2835140430445	-1835.8719079309049	-152.41160611213962	0.13739838370180998	0.10639820763098204	0.11733015754607014	0.006602065752670461
96000	-1985.755580728029	-1836.480472462673	-149.2751082653559	0.10212220913123485	0.1026778386964887	0.15436751717252137	0.001193791662203618
97000	-1992.81718163866	-1835.5532433230505	-157.2639383156094	0.07496555633271944	0.05585391333115683	0.24493429218914867	0.0013644908350666854
98000	-1988.107222424196	-1835.5111471105204	-152.59607531367558	0.06722028246388705	0.07861812561052468	0.08534621925611587	0.002157142351361061
99000	-1988.348610265672	-1835.9075935132773	-152.44101675239463	0.06609216852101082	0.08693977563856894	0.08669375880291644	0.0030752185044093626
100000	-1987.3915894363922	-1834.9994108309402	-152.392178605452	0.10489112851350628	0.053475316470397556	0.1535026363748005	0.001423191423580496
101000	-1984.9827279999831	-1835.5832350993314	-149.3994929006518	0.11704964028458824	0.10982136892718536	0.13322523397447036	0.0026335610213429556
102000	-1992.0819203845522	-1837.2078980381962	-154.8740223463561	0.04710976690641883	0.0716064563283659	0.11019547032185449	0.0030282038275020857
103000	-1986.45207601717	-1835.2026369528262	-151.24943906434376	0.10418655368184919	0.07111446215619292	0.1055008436493799	0.004454189315838277
104000	-1990.785259506709	-1836.1169648590749	-154.66829464763418	0.05509413115503724	0.17079390470158448	0.12399821400337739	0.0010813923843348925
105000	-1986.3469467107673	-1836.456528349034	-149.89041836173337	0.08975769445723689	0.09988758908231424	0.11481347927850159	0.0012901236346624905
106000	-1986.9579592311234	-1836.550014988267	-150.40794424285636	0.08641478079154256	0.0938578346650725	0.08358022946984656	0.0021901244939521607
107000	-1985.2482706482008	-1835.763380186743	-149.48489046145772	0.09780738394958097	0.12770076619709994	0.12087654327990209	0.002629658027403961
108000	-1986.1085569500356	-1835.9872052725775	-150.121351677458	0.09356659099372462	0.07816601793785627	0.10321169589383625	0.0016668380838608568
109000	-1988.9929911729946	-1837.2611876291362	-151.73180354385838	0.10421458898637324	0.050653077342654555	0.10652838107199189	7.220340123263703E-4
110000	-1989.3422447636572	-1835.747090440978	-153.59515432267918	0.16734884960426594	0.0763122297342197	0.19273760347850685	0.0017993079363346094
111000	-1987.2620272050315	-1835.9066271681106	-151.35540003692086	0.13004935186216318	0.06092630859165271	0.11216499868234184	0.00189770750064391
112000	-1987.822541473708	-1835.9305664035044	-151.8919750702036	0.057941416633997704	0.13673727794542048	0.15217456587682787	0.0011822309133621607
113000	-1988.0341779421929	-1838.5612044356449	-149.47297350654796	0.10456258798869078	0.14383445042543763	0.11906598436045897	5.71247358990931E-4
114000	-1988.2778662809255	-1834.3706438266036	-153.90722245432187	0.14000881380296626	0.07179778514235644	0.1445773913940225	0.0036407736960706785
115000	-1986.3206753411132	-1835.7516900236221	-150.568985317491	0.10093064927352342	0.12120929455781951	0.14803763088773145	0.00482057448844981
116000	-1986.0557793962748	-1835.6148103123423	-150.4409690839325	0.12138182179648697	0.09755811048856054	0.141896342782362	0.0021821362825958706
117000	-1989.7870211771237	-1836.7122572787039	-153.07476389841997	0.07724312492126514	0.15932870499628196	0.08819034344188822	0.002219812241443462
118000	-1986.374545427108	-1836.7537467019265	-149.6207987251815	0.14554873675249994	0.10871745378508835	0.14477742824873358	0.0016488046427216674
119000	-1985.0800159522641	-1835.547537764755	-149.53247818750935	0.10326427257458497	0.1082234264407561	0.11654107604228461	0.003090297536571136
120000	-1988.3631897728224	-1835.2127897346327	-153.15040003818956	0.11056281299229469	0.04703749766888652	0.09903984330257856	0.002082518240317213
121000	-1986.6939894580455	-1834.575880274687	-152.11810918335854	0.1316933971035984	0.09277661128741331	0.19160927770240516	0.0037750135451204083
122000	-1989.394332371782	-1833.2614445508789	-156.132887820903	0.15003144640084476	0.04193234409634641	0.16207450179927888	0.0044697945596135985
123000	-1985.6563881794877	-1835.029997672094	-150.62639050739384	0.10456974423808925	0.10614630148380454	0.15783695327865524	0.0036981166811730485
124000	-1987.443829258799	-1837.97709329516	-149.46673596363894	0.11792349168976779	0.13009374114758382	0.10083451767047165	0.0013515951893873046
125000	-1987.3980231968692	-1836.0438225387788	-151.3542006580903	0.11863618617836756	0.057918471838711266	0.10329401006536691	0.0017445375840854523
126000	-1985.651617170591	-1835.7687651779413	-149.88285199264973	0.10002795312305053	0.11846747451245625	0.11246531422927057	0.003114881963567463
127000	-1986.5355757565135	-1835.314213574132	-151.2213621823813	0.06154997066343114	0.0993675783818623	0.11087640107428091	0.002096730397809491
128000	-1987.292452083512	-1836.0671397365609	-151.22531234695106	0.13905232456548688	0.09613711323919548	0.11019022373218447	0.006843086454855824
129000	-1986.265402752089	-1836.7691896906367	-149.49621306145227	0.11406960228123848	0.09473073083560257	0.15294415378011963	0.0011065091383608459
130000	-1985.35223862889	-1835.6572991081773	-149.69493952071267	0.10602398701361687	0.10395185977411606	0.10957750653889599	0.003753149830848865
131000	-1986.399665780177	-1834.796960409752	-151.60270537042484	0.08158966676623093	0.06839104239253475	0.1575232646027534	0.00165318083744289
132000	-1986.3102935575391	-1836.339749015352	-149.97054454218707	0.1200055143263389	0.11623013839795446	0.10305154351132516	0.004163703707978431
133000	-1986.959958489132	-1836.8613034691193	-150.09865502001287	0.09036380428833432	0.10822607719376375	0.1734862816175859	9.070465776953256E-4
134000	-1992.8814418856082	-1835.575849481107	-157.30559240450114	0.05599880392913356	0.06254433895848059	0.11560173928059511	8.530101722949443E-4
135000	-1986.8751515275526	-1837.1875453203456	-149.68760620720693	0.09926441261723905	0.14582108934581436	0.1628157167241423	9.735182178937103E-4
136000	-1986.9741680948086	-1835.4599150042159	-151.51425309059272	0.056131761107238595	0.09912022775887092	0.10546560194359302	0.0013641211570768494
137000	-1986.3405496177274	-1834.2373149531488	-152.10323466457862	0.10263085657217404	0.06869144208019157	0.1757777579284002	0.00279313469612214
138000	-1988.1992355866441	-1835.113077032589	-153.08615855405523	0.06326403374790039	0.0730381098856705	0.09952361852960506	0.0026268582056516296
139000	-1989.4073282102763	-1837.3173943942938	-152.0899338159826	0.1679952477385398	0.11788294464494764	0.10439264377301764	0.010676331744192812
140000	-1986.5414166266528	-1835.2518339541025	-151.2895826725504	0.12142326413483816	0.06475021988595993	0.10590008359288293	0.0032257677987498398
141000	-1991.2827604724387	-1837.4269919527644	-153.85576851967423	0.0674641498438124	0.11701574607070771	0.08241604382966446	8.810641208252545E-4
142000	-1985.4727617802687	-1836.1774397143658	-149.29532206590287	0.0895514093127408	0.13152970363316388	0.11729757807162312	0.0017847170079395573
143000	-1986.9476865780669	-1836.7953959829592	-150.15229059510764	0.12062892242977928	0.11183966163521984	0.09425450048654341	0.004439682877590471
144000	-1988.0128268688384	-1837.8124431803142	-150.20038368852417	0.10521152312806747	0.07367689767039581	0.14924288351007026	5.398547457134706E-4
145000	-1989.1834683754735	-1837.136000292031	-152.04746808344248	0.09811959903255706	0.06631664008160906	0.07772195126914334	0.0017481203032241592
146000	-1986.9759564880535	-1833.9386216773062	-153.03733481074732	0.09318893485268158	0.04963425413052099	0.1279396705946485	0.0022575726671158567
147000	-1986.5298725407386	-1835.217862144441	-151.31201039629767	0.08451332453608099	0.07205146935588677	0.09565826393215587	0.0028980160708833858
148000	-1985.3454515696576	-1835.3994862616335	-149.94596530802403	0.10734332927809936	0.09410884914349306	0.11220894527579708	0.003919489139316209
149000	-1987.3396214507493	-1836.2316319651882	-151.10798948556106	0.09502500474348761	0.0876453081760812	0.09899690792395889	0.0018228236722216
150000	-1989.9244846575548	-1836.7894483940047	-153.13503626355012	0.14693832073710222	0.05255010578008186	0.09274089889915596	0.002256239325035042
151000	-1985.1244455153928	-1834.7097645680556	-150.41468094733725	0.09747084181591957	0.07860611092789481	0.13711444100634054	0.0024723984640158225
152000	-1986.2162167421145	-1835.1362605584384	-151.0799561836762	0.06810772468666579	0.08231676568225228	0.12694697757823145	0.0015142495676649158
153000	-1988.9910479221924	-1838.9553320550904	-150.03571586710194	0.149458520949762	0.07511349759799632	0.10685348493664548	5.299904274430736E-4
154000	-1989.1170928876245	-1836.364728874808	-152.75236401281666	0.10056492325763697	0.06555499204562033	0.08071154285267795	0.0039915824744924415
155000	-1986.4369136423063	-1834.8247227569682	-151.61219088533818	0.07047462425747916	0.0729467630016895	0.10697936681110999	0.00231311393387668
156000	-1985.9257043617047	-1835.4075494141423	-150.51815494756232	0.12359590782693473	0.07755661332947912	0.1399401014355816	0.002015600601032418
157000	-1988.0650712712	-1833.8489319044602	-154.21613936673964	0.1141453039546985	0.05474263673039922	0.13689662847821335	0.003242117131793473
158000	-1986.3968100811053	-1834.7698278138962	-151.626982267209	0.0802391441771992	0.07917311438146518	0.16667105516563321	0.0024621283971695087
159000	-1988.090828433605	-1837.309289026067	-150.78153940753816	0.08606392723627017	0.12555992580212244	0.10687811962124334	0.005744395874220901
160000	-1986.4321491685596	-1835.9335909139872	-150.4985582545723	0.07592078762522808	0.13248612282733885	0.15761317562239835	0.001438486015002432
161000	-1988.2378515975613	-1836.8776629698555	-151.3601886277059	0.10834196047689572	0.10365739370436594	0.08736377204565689	0.0036272881293841408
162000	-1985.7871940687724	-1835.4244052702907	-150.36278879848157	0.07565889337158758	0.08780466361883169	0.13487556816013005	0.0014355667172452216
163000	-1986.2580544822604	-1836.4031643302305	-149.8548901520299	0.10422243389554546	0.07595246193760269	0.14579475795684044	0.0010674273356426906
164000	-1986.5667711622768	-1835.6330108993811	-150.93376026289562	0.07412827982112799	0.13419945960643317	0.15351019248779513	0.0019533734748668047
165000	-1989.2502264617292	-1835.2358929910422	-154.0143334706869	0.11410565499855188	0.09048655633499106	0.15812485893525602	0.002135699781183829
166000	-1985.4118384925875	-1835.4246179748188	-149.98722051776866	0.10556313814472335	0.07808545124423552	0.13034659519657085	0.0018406747877048818
167000	-1986.7754308293818	-1834.3611999019595	-152.41423092742235	0.10809607359555909	0.07304422850015374	0.1719934888590452	0.0040959729123843346
168000	-1985.828285237557	-1835.2588379186807	-150.56944731887637	0.10723888942142017	0.07702214667708017	0.12119010446173316	0.002226914641686931
169000	-1987.799820916715	-1835.7870688448734	-152.01275207184148	0.17007342347937526	0.06573716779466071	0.12147583966451755	0.0028169789214593614
170000	-1985.650019972663	-1835.0225676137825	-150.62745235888042	0.10199669844268018	0.10473546422468734	0.15854463583191353	0.003559564172323181
171000	-1988.0311287718976	-1836.9233631172149	-151.10776565468277	0.07769248431209658	0.10549364154297332	0.09913115386744707	0.004884473873991622
172000	-1987.9182868301195	-1837.0768642339485	-150.84142259617104	0.10979462159653874	0.059706117968334464	0.10090101567953304	0.0010272862018449267
173000	-1987.8022737313365	-1837.3551489622819	-150.4471247690546	0.09161146776116841	0.14316408050028656	0.08845179597813406	0.0017939900638290053
174000	-1985.8584907633763	-1835.3039591952524	-150.55453156812382	0.08025198650300976	0.08741796736749118	0.10252912773136544	0.0027992499849234533
175000	-1987.7060376969143	-1838.1905693314538	-149.51546836546055	0.12379311189745057	0.11153428284111258	0.14146055391684118	6.57817210815115E-4
176000	-1987.1792329155862	-1836.0155640544142	-151.16366886117197	0.103809743488532	0.12357009994946358	0.17186382155403518	0.005137301205166458
177000	-1988.6687558483854	-1835.22925416314	-153.43950168524538	0.06789099009429675	0.09536313388338162	0.11806594960473983	0.002475022013468424
178000	-1988.9170980226759	-1839.4120519732533	-149.5050460494227	0.08344216678516433	0.1373171407617237	0.08679312313950174	3.1948108799694235E-4
179000	-1988.194871643298	-1835.131166239343	-153.06370540395514	0.07500746299940649	0.07826761503727858	0.10540031553224405	0.001967015749297466
180000	-1986.3611965077075	-1835.6972087959412	-150.66398771176637	0.09983092843505316	0.10682709984004513	0.1274809957832603	0.00498128501551067
181000	-1986.1770857133074	-1835.127286733052	-151.04979898025556	0.0684975387234009	0.08074834776093803	0.11728577211910486	0.0015835145579700578
182000	-1986.1375329422433	-1835.3994024077354	-150.73813053450786	0.06593585716637342	0.09087138742764561	0.13127350353053782	0.0013449880056556123
183000	-1986.2712166151528	-1834.6423858880626	-151.6288307270902	0.09508264285128172	0.06116901681533942	0.14311280873345134	0.0017944496337371219
184000	-1986.784074477764	-1836.3037234965766	-150.48035098118737	0.11307922190941404	0.1113213182553371	0.12874646713455837	0.006933897784374771
185000	-1988.6768136037124	-1834.7599669937215	-153.91684660999084	0.05832209126981406	0.054917552418736894	0.10495780327890228	0.0012434738509470235
186000	-1987.8794654792232	-1837.530785415554	-150.34868006366935	0.08220379131173643	0.09299724653746796	0.16511836147483785	5.583912406743637E-4
187000	-1986.534477762517	-1836.3765594568445	-150.15791830567258	0.06597539418650959	0.11088058025004292	0.13241354838796027	9.004446496190294E-4
188000	-1985.4284645857197	-1834.8039938231727	-150.6244707625469	0.0921206957552104	0.07846002982833379	0.1193734481044856	0.003358899390709006
189000	-1987.5072861505882	-1835.6496586207613	-151.85762752982686	0.08365578040128419	0.11089790736626447	0.14108064575303278	0.003745498588542928
190000	-1985.8621291986674	-1837.2122757182547	-148.64985348041282	0.11016028681979276	0.128469394550105	0.13033942376518493	0.0011715651794590325
191000	-1987.7182205784723	-1834.570939148051	-153.14728143042137	0.1461245549575244	0.07869884322678505	0.1718889835696672	0.0029777509360914
192000	-1986.8725122609706	-1836.5125088570078	-150.36000340396285	0.0753253195482994	0.1041472216375985	0.10386364151783815	0.0011397608018024839
193000	-1987.5261702229245	-1836.7969987729643	-150.7291714499601	0.06264926565572651	0.11282776169662749	0.1520942528005234	6.884175521987411E-4
194000	-1985.5283629213075	-1834.714030255803	-150.8143326655045	0.11155690675396619	0.07060939243485573	0.1461127861626437	0.002246315596957742
195000	-1986.5131760361226	-1835.8065586241974	-150.70661741192527	0.1036540209375809	0.07664610731301959	0.1612539559078927	0.001322488047308731
196000	-1987.176189058486	-1835.6693971085383	-151.5067919499476	0.09382106081643002	0.07779329446993057	0.11325102500143602	0.005193404458655988
197000	-1987.5194272961753	-1833.5767441695316	-153.9426831266436	0.1033985294215249	0.04899512259730564	0.14918333331652547	0.0026828176886763634
198000	-1986.549717340011	-1834.6080365588625	-151.94168078114845	0.08388948356350047	0.07184636919306864	0.12096709657888272	0.0025295668822955812
199000	-1988.3343167600015	-1835.2092208604888	-153.1250958995126	0.0874140758034977	0.1097442186963939	0.15228907606103628	0.0024947602420500197
200000	-1986.6369665314292	-1835.7146992866797	-150.9222672447495	0.12778317538591075	0.1598974170241144	0.1592018650707355	0.003372757305086088
201000	-1988.8020868112526	-1834.8577455803595	-153.944341230893	0.14022496390312805	0.062054915361147434	0.1581037374506359	0.007447851744795694
202000	-1986.66090648273	-1836.4715210801567	-150.18938540257338	0.14821996104213683	0.08162705438105104	0.12290897994694562	0.0019538664779325345
203000	-1988.007444511656	-1836.6437207626434	-151.36372374901268	0.06830561986192597	0.10783280929731462	0.08796928646336383	0.0011830545807263537
204000	-1986.4206745527008	-1835.663659046738	-150.7570155059626	0.13744164170728354	0.10621559823800894	0.1518855973402583	0.0024455915085503234
205000	-1985.6613383648096	-1835.390903066802	-150.2704352980077	0.10198216311838243	0.12107844609563283	0.1450662414854758	0.0026604796282271646
206000	-1987.8603565989872	-1837.6969265621494	-150.16343003683772	0.13100686186119595	0.07775111178925315	0.10820955750317506	0.0010580571853578441
207000	-1987.7649120723381	-1836.2437198138125	-151.52119225852573	0.07904495186675307	0.10551936594479938	0.13380631863713366	0.004320113762174049
208000	-1985.7212200439988	-1835.6691274202017	-150.05209262379717	0.13972692058017713	0.1275655334378733	0.13453228295342182	0.003951098761206331
209000	-1987.1411412912344	-1833.9509647518491	-153.19017653938528	0.11260144495857946	0.05697938677032359	0.1340514091298501	0.0037887029929975684
210000	-1985.8907145036844	-1834.3715247882456	-151.5191897154389	0.10020847170759904	0.07076951587461412	0.13663778153783823	0.0036519873734702545
211000	-1986.3851257345782	-1834.9113825499483	-151.47374318462997	0.11587316657709444	0.07736642595616215	0.11981316200561766	0.0034220068772918932
212000	-1986.2559078596896	-1836.2036970090592	-150.0522108506304	0.09310041350426855	0.12352954847042072	0.09974615443226481	0.00378655628358786
213000	-1988.305893374885	-1835.6506105371902	-152.65528283769484	0.04965394168826493	0.11142260826100372	0.1251529449625628	0.0017906754906285584
214000	-1989.772453066234	-1834.529033452084	-155.24341961415	0.13724421755440427	0.045667069825489605	0.1219630762923106	0.005390901916764528
215000	-1985.195286555234	-1834.7133804036505	-150.48190615158353	0.10740593374078738	0.07666441904585651	0.12321412416686327	0.003450696147327283
216000	-1987.7724347911421	-1835.941097212062	-151.83133757908013	0.08410137808233732	0.0866945482344547	0.1960728934402092	0.0012338295087418046
217000	-1988.3526121895966	-1834.0324727549769	-154.32013943461968	0.12651749524895864	0.046869265962956465	0.12833620257196882	0.004723052166077891
218000	-1987.8381465967059	-1835.045321901678	-152.79282469502772	0.11295978419073648	0.07948537826691969	0.1330675828283816	0.002401851903679292
219000	-1986.4594633085953	-1835.5703741982686	-150.88908911032667	0.11720036794757266	0.07716398604189886	0.10953054710456475	0.0026886205612028204
220000	-1986.4080109480292	-1836.6537461280527	-149.75426481997653	0.13293877999013679	0.1426285566894197	0.15265934486047336	0.0017998723907838496
221000	-1985.0779144968647	-1834.8607267145353	-150.21718778232946	0.09833182178440725	0.08004254692977761	0.12145304964410683	0.0028299445513505794
222000	-1985.4610977383225	-1835.0400665878333	-150.4210311504892	0.11797366048435827	0.0766414705829652	0.11669777986189785	0.0033519672907132885
223000	-1986.8223560621918	-1834.9631442398509	-151.85921182234094	0.15823341711983646	0.09439396127305398	0.1809814336677398	0.003040780300058699
224000	-1985.5935931242025	-1834.9996538239798	-150.59393930022273	0.09562711354037697	0.07586188591933048	0.15208599015402233	0.0018140069463500115
225000	-1986.2789364366665	-1836.5416665441903	-149.73726989247618	0.12933506051416266	0.0848589381497915	0.15370946565326277	0.0012721998357618617
226000	-1985.0221603512705	-1834.958587461392	-150.06357288987854	0.09166077456044291	0.09070687868107576	0.14485680100683923	0.002298316008220879
227000	-1986.478852229908	-1835.5929095800025	-150.88594264990542	0.09022239145589596	0.06495050202924452	0.11705965082578265	0.0013752520544630953
228000	-1986.8017032879732	-1835.827093330253	-150.97460995772	0.09122902594219555	0.06265861898170823	0.11151666442733635	0.0012885524921428435
229000	-1987.8469446767463	-1836.3985781870306	-151.4483664897156	0.07465936163689908	0.16881371482423868	0.12064656741386892	0.0013544717019660778
230000	-1993.7979508265712	-1837.992806915689	-155.80514391088215	0.049689162287051405	0.057592720026876966	0.13893784731347103	2.4076559479166751E-4
231000	-1987.7437797046668	-1836.6321558406055	-151.11162386406136	0.14827138046861207	0.11104638138447771	0.10905887684533255	0.008442051657332982
232000	-1987.104914733804	-1838.275840193421	-148.829074540383	0.14178307150356684	0.09898532165695975	0.11754220403888803	8.700502950688289E-4
233000	-1986.103615018857	-1835.7185261252555	-150.3850888936014	0.10124324351631143	0.0987576686777034	0.10473903036152293	0.004051711364658907
234000	-1987.1129865036437	-1833.763778440625	-153.34920806301884	0.11725745932460274	0.04934117601528317	0.1309778210808282	0.0035610655051814223
235000	-1988.130986832675	-1835.295785445499	-152.83520138717614	0.07053998412715264	0.06712465117484501	0.08859483213126898	0.0018649864811678136
236000	-1986.8136825554684	-1835.3195486322265	-151.49413392324183	0.0936744042296163	0.07200578985125985	0.17015150193608217	0.0014474852468624691
237000	-1986.8471064627247	-1836.5535028200538	-150.2936036426709	0.10995542255974596	0.06980955371823121	0.15060116822986966	9.757577906526661E-4
238000	-1985.2611523256573	-1834.4453546487475	-150.8157976769097	0.10839769725811695	0.08054825103606403	0.15469898269572085	0.0033183715695380514
239000	-1987.2746111765805	-1835.8038565255117	-151.47075465106872	0.08225165050687919	0.06777235699519261	0.08933018983848634	0.0017392027911074283
240000	-1989.9410001543492	-1837.4573390385247	-152.48366111582465	0.09954649792592624	0.06753097592347333	0.09303847875459868	0.007355616355623044
241000	-1987.7267508804996	-1835.6025461716408	-152.1242047088588	0.05327223550710703	0.11576515233008298	0.14649398590517637	0.0013633360800824436
242000	-1985.2043595938246	-1836.2734882463228	-148.9308713475018	0.10073692951915994	0.11643798297803169	0.12486775730212585	0.001665921004923376
243000	-1988.1349837593004	-1834.2353847243032	-153.89959903499718	0.15204976112129892	0.05102448703512969	0.13340060677545582	0.003262523156380548
244000	-1986.8444066692573	-1835.4510037142556	-151.39340295500173	0.07230266862251687	0.11027612202811533	0.1137098965340704	0.0021049324699348357
245000	-1987.8718032138422	-1835.3585352123212	-152.51326800152114	0.05454637495185337	0.10053400413522438	0.11827582402242606	0.001370047799651439
246000	-1985.030011427063	-1835.3428788085082	-149.68713261855487	0.09846299092770265	0.08831395381970573	0.11546915593591953	0.002442706274263803
247000	-1986.0922079928937	-1835.7842508489618	-150.30795714393173	0.09522112236534533	0.10232862468384443	0.1624069041164682	0.0015436990763707233
248000	-1985.2885235969145	-1835.089115604511	-150.19940799240345	0.08100827409990083	0.09984531422266045	0.13845194286777454	0.0024613387599752515
249000	-1985.881247036133	-1836.0132857765602	-149.8679612595726	0.09144962980593457	0.13239157802757573	0.10637515795726495	0.0031037425380499623
250000	-1986.6314622735326	-1834.6411945179982	-151.9902677555345	0.12930254953884032	0.09497721687537365	0.1912783848660613	0.004399932613225248
251000	-1987.5196571410243	-1837.7632116607283	-149.75644548029598	0.09509261984578717	0.13696093295800152	0.09100825373754746	0.0013130200058019278
252000	-1990.0152807090624	-1835.5205150893598	-154.49476561970252	0.0460250491503838	0.07501941329262901	0.13348697023277334	8.161138859013492E-4
253000	-1985.7702690273395	-1836.2502716318218	-149.51999739551786	0.10081192430845687	0.10529594191437792	0.1026946526250313	0.0022519112888939857
254000	-1988.9466580687356	-1835.6961298942163	-153.2505281745194	0.04292833756998752	0.11900259302714598	0.12203945361452248	9.247788478719314E-4
255000	-1985.761686083909	-1835.7226045477682	-150.0390815361406	0.14273304462667924	0.11809023855114663	0.14704013602130872	0.002875680164020261
256000	-1989.3533053896858	-1836.4716029838742	-152.88170240581167	0.09569462521883926	0.059389651660042765	0.12264132296269335	0.006691767824187232
257000	-1985.954773702817	-1834.597108359006	-151.35766534381105	0.11326113651838707	0.06320306248319013	0.1395535038739384	0.002233900068688881
258000	-1985.9698297615723	-1836.2629646152484	-149.706865146324	0.11896449166041773	0.09647836870485836	0.10142295012414204	0.003122124536424417
259000	-1986.040035081092	-1834.558027576319	-151.4820075047729	0.09614684673467472	0.06172874977553639	0.14416002013543766	0.0018972035549520367
260000	-1989.7399762917203	-1837.3146331572234	-152.42534313449687	0.08358114623142446	0.09399661685110502	0.21025016585818068	6.834186161357818E-4
261000	-1987.4028012227782	-1837.007739753355	-150.39506146942324	0.06314853547965044	0.10315995124484365	0.1351425984383555	6.137502816542162E-4
262000	-1985.9965886971167	-1835.3722618390261	-150.62432685809057	0.08763543020674429	0.11452137747030142	0.16396829603312196	0.003041986345960953
263000	-1991.2698251932516	-1836.8826230845216	-154.38720210872998	0.03691113276159999	0.1017860587986885	0.09838306901647739	4.0475377636086583E-4
264000	-1991.5900989800807	-1835.5721231480015	-156.01797583207923	0.06719971011039552	0.10937798061641944	0.12367494702209363	0.0014833897676908637
265000	-1988.057440871969	-1834.380513383264	-153.67692748870482	0.07307351053488459	0.057396170906137245	0.11934890007191092	0.0018144509898829176
266000	-1985.9271568720872	-1835.340365002933	-150.58679186915433	0.07154478774869268	0.10312748959737368	0.11804096209269144	0.002606447219147133
267000	-1986.4441397605751	-1835.2225680642773	-151.2215716962979	0.09154772960682213	0.0840186771116672	0.12258971224142005	0.004304216429817706
268000	-1987.516162006127	-1834.6580605249874	-152.85810148113947	0.10449278257749556	0.06360788218531553	0.11618687005235454	0.004355653066024825
269000	-1988.1059112358687	-1836.872463129427	-151.23344810644178	0.05992976293686942	0.11492113449765075	0.1125394934318413	6.962725056802922E-4
270000	-1987.652350841995	-1837.1915763116738	-150.46077453032115	0.10575166540416114	0.11476597442754241	0.08489256845181062	0.004683959821397981
271000	-1991.235104584827	-1836.843994894247	-154.39110969057998	0.04990935030595089	0.13281649907419535	0.06377453189311721	0.0019630844713121307
272000	-1988.7540986489407	-1834.5819615780188	-154.17213707092193	0.06698901286265053	0.05736340019599873	0.1388353637099425	0.0014027339047493178
273000	-1992.143994510293	-1838.5817567328172	-153.5622377774757	0.046247196657996884	0.12828557635741836	0.11594774864432093	0.00308778385409638
274000	-1988.332635700082	-1836.6238536239582	-151.70878207612364	0.09688517378553721	0.07556086510000379	0.12471748942097476	0.0010031482096339974
275000	-1987.1853771813899	-1836.1379269153585	-151.04745026603143	0.07963402455621915	0.06753817558295429	0.10235546517046593	0.0011171698769911768
276000	-1988.0050491015697	-1834.8204021774218	-153.18464692414787	0.16836709416233095	0.07661485411541852	0.19544936694842605	0.0026470128148676033
277000	-1988.5617358003049	-1836.6212146128735	-151.94052118743144	0.06533390377797209	0.08707624280060992	0.11294162074384702	0.00400026917043946
278000	-1986.0436998463783	-1834.1257539810676	-151.91794586531077	0.11150650400320392	0.07011379623337895	0.1607823141252455	0.003357716991292063
279000	-1988.5391581735425	-1835.5422709801292	-152.9968871934135	0.12617968438499574	0.04831503087717688	0.15919251195345704	0.001197407565153058
280000	-1986.0540283160562	-1835.222655427005	-150.8313728890512	0.10007446713885879	0.06656812382804962	0.10647100894627091	0.002244579467842769
281000	-1985.7175163928446	-1836.3016374267258	-149.4158789661187	0.09895511107143871	0.08612247429839283	0.11394041022001306	0.0014360468079432957
282000	-1987.017573576145	-1835.7462245136383	-151.27134906250674	0.13197954017902455	0.10700466225101884	0.11835578462803757	0.006001836803228812
283000	-1985.4799324134465	-1835.2641939947189	-150.2157384187276	0.09334893580931061	0.08207224604867422	0.14436260799925177	0.0017097163591740184
284000	-1987.1558115567707	-1834.7133733111864	-152.4424382455843	0.08251841951917391	0.05471252961919251	0.14366266522020119	0.0014157910376474223
285000	-1988.8219537120342	-1837.9407938495017	-150.88115986253246	0.06881807012653755	0.13337477039247753	0.1063190443064854	5.276555783709025E-4
286000	-1987.2304772509215	-1835.4543810235707	-151.77609622735065	0.05495516612446163	0.10454584228492242	0.09985853218274447	0.001686944947339736
287000	-1985.9513301626946	-1836.6358102462118	-149.3155199164828	0.08776679662964529	0.09649292134586816	0.11361036646925843	0.0011369129446804484
288000	-1986.5844542772384	-1835.9134097068786	-150.6710445703598	0.06728503541305612	0.13017988460473634	0.14884573516339786	0.001287405568758444
289000	-1990.4618717581793	-1836.5280937222942	-153.93377803588507	0.041014543867779044	0.11487421578628396	0.16205221991593072	5.613199213084424E-4
290000	-1985.4938991840547	-1835.3441749505064	-150.1497242335483	0.1367122733059372	0.11827042500596163	0.13706886004344343	0.004512817469847034
291000	-1986.9248046424436	-1835.9235901743086	-151.00121446813498	0.07340744587524355	0.09646290914614612	0.10266678514854026	0.003661733993530643
292000	-1989.6755204553485	-1836.7534123905482	-152.92210806480043	0.058361273016577536	0.12224729681021901	0.0700517192625047	0.0023673103855360754
293000	-1987.6163348797747	-1835.2170571614247	-152.39927771835005	0.06517926536239183	0.07820712193293647	0.09679565118709678	0.0017661677271109905
294000	-1987.2201526732053	-1838.6552171658377	-148.56493550736772	0.13513747654592473	0.1026520333758222	0.10733291155948706	7.643008267868204E-4
295000	-1987.5402044419707	-1834.6538036308398	-152.88640081113098	0.08848687968883394	0.07841082036515452	0.14173932630738822	0.002372776196401722
296000	-1988.1307740233433	-1835.3827584890064	-152.74801553433693	0.08133526087508607	0.09313385849740598	0.1929156121623453	0.0018879706068105524
297000	-1986.1361238868028	-1835.194173229016	-150.94195065778672	0.11817670042947043	0.11549646312407653	0.18570168255612055	0.00301140591977483
298000	-1987.9562985551788	-1835.5773829440122	-152.3789156111665	0.05143662356930408	0.10645396678805391	0.09740499557652753	0.0018792756648076897
299000	-1988.0490141311666	-1834.3307188023664	-153.7182953288002	0.16253678105126243	0.05908965635013467	0.13533557058330867	0.0053011811096008625
300000	-1989.9879704005898	-1836.3683122616276	-153.61965813896228	0.06044620044970199	0.08603337998067903	0.06844617457322337	0.002297428920204409
301000	-1987.3526768771462	-1836.7958715770856	-150.55680530006063	0.1368153772440769	0.08525937572005024	0.1358088903968697	0.0013447294162555082
302000	-1988.6368530368834	-1835.560541163799	-153.07631187308453	0.06256435659194282	0.08550013667953003	0.08685063985759212	0.0023825581104030516
303000	-1987.5975620965928	-1834.7422615688115	-152.8553005277813	0.060208270531126	0.06388922118849903	0.10557714685285492	0.0015472164232774154
304000	-1986.581216640925	-1834.1042852584374	-152.47693138248763	0.08793571943241656	0.05772657743733277	0.1435630341214672	0.0021965235571413375
305000	-1987.0022291986604	-1834.5939162209575	-152.40831297770288	0.11347907631792317	0.058484080969201956	0.12417474770221766	0.005168919606011505
306000	-1987.5660402203578	-1835.5987337440556	-151.96730647630216	0.06393065216532683	0.12941094000088446	0.1340094536004	0.0020257320280760555
307000	-1986.2950380651748	-1835.2383082155093	-151.05672984966546	0.07207141984212911	0.08737603722560905	0.13156528476756515	0.001550656124652283
308000	-1986.656188509704	-1835.44503921299	-151.21114929671398	0.08517563246048887	0.08654575936207347	0.0990703414925402	0.003018872465339882
309000	-1985.1334010269084	-1835.0039023182583	-150.1294987086502	0.09049535779109648	0.09779279524211447	0.13749779377993274	0.003033335280079542
310000	-1985.149071703826	-1834.9258502701175	-150.22322143370852	0.10304101466736697	0.09986674368089472	0.14973275660146965	0.0031055737179309594
311000	-1986.747286237274	-1835.6774036344423	-151.06988260283168	0.06396598249409802	0.12358147277670997	0.15292161404912138	0.0014758777330639162
312000	-1986.1418119926343	-1834.3491686180178	-151.79264337461657	0.12081201381122632	0.0748835788030412	0.14507485927409244	0.0035047956230111763
313000	-1986.691959781355	-1835.4803913375242	-151.21156844383094	0.06805793214117553	0.10816807970216201	0.11211830313960137	0.002508901894686508
314000	-1988.171460985632	-1836.9872489664435	-151.1842120191884	0.18257980708633526	0.08279554752918948	0.13848371338575088	0.0016173253088304826
315000	-1985.85636901481	-1834.6745823278263	-151.1817866869838	0.1384715191747358	0.08460156601693145	0.16390999909030396	0.0030686233852894223
316000	-1985.3135905152762	-1835.8313301314074	-149.48226038386878	0.13261089405043394	0.10803480200692551	0.12867053966537648	0.002833441855051707
317000	-1987.7541510582696	-1834.4593954312884	-153.29475562698119	0.1191704675114038	0.05293903330624492	0.1157901562208386	0.004544043980840802
318000	-1987.5902542739168	-1835.944061627148	-151.64619264676884	0.12031767591497042	0.05696734094332505	0.10069242134077346	0.0019662079464065523
319000	-1990.4374806356961	-1838.4072344451608	-152.03024619053528	0.07197298658118004	0.10752033606842741	0.09501612080246774	0.005740107032362287
320000	-1989.8034335208338	-1835.0864666362631	-154.7169668845707	0.049822490989135486	0.05816330396769862	0.10304812156419195	9.623846352279216E-4
321000	-1985.2493583068149	-1835.0736709276048	-150.17568737921007	0.09952034166615557	0.08692162787323103	0.1190134804799486	0.002886265070817688
322000	-1988.212018618561	-1835.8054385091295	-152.40658010943145	0.09682145347162117	0.08916216712205953	0.09876180101424613	0.0042889218640717154
323000	-1985.920877697038	-1834.6497240453282	-151.2711536517097	0.1362462285379185	0.10100996233469214	0.17443096482990042	0.004503505910856079
324000	-1987.1098415199199	-1835.217607018163	-151.8922345017569	0.07134401617757855	0.08654951450906873	0.16546547449526852	0.0025582720632610165
325000	-1986.157553551371	-1836.9625198418926	-149.19503370947837	0.12236512630675501	0.11641913897010338	0.10907808244460836	0.00201644522874153
326000	-1986.7486719438164	-1835.3273843596603	-151.421287584156	0.14384230974875115	0.07485369969172112	0.17091996215708427	0.0019771666505389016
327000	-1985.3409341560682	-1835.869618436749	-149.47131571931902	0.0939254542151225	0.10123293025252691	0.10889965510223394	0.0020985156682921686
328000	-1986.4916788175437	-1835.0365720878508	-151.4551067296929	0.10629880591354486	0.07443215684717586	0.11315769110907656	0.004510274381646092
329000	-1989.4355029947478	-1834.8116414709564	-154.62386152379133	0.10182431962495785	0.042993436751475836	0.10540625323485421	0.0017596318817183494
330000	-1986.3895625330338	-1835.991922648628	-150.39763988440592	0.1153326695738943	0.082776117667371	0.1040575685393322	0.0025381550739352722
331000	-1985.4785091934475	-1835.2934199827391	-150.18508921070838	0.09727872066979765	0.0930083334161776	0.1123029804077564	0.0034959122093246634
332000	-1986.7372293082726	-1837.578837009589	-149.15839229868357	0.09044373673728576	0.1356905766756956	0.09973572866361834	0.0010734401553732776
333000	-1988.5288151368857	-1838.079107687037	-150.44970744984857	0.09725396048335166	0.12487901048976473	0.09594990951923536	9.323067949200775E-4
334000	-1988.4343642569963	-1835.6455756019307	-152.78878865506573	0.1253078475600282	0.14203868498037545	0.19827010762588027	0.0029030326909545412
335000	-1991.7282083588514	-1833.3600294732353	-158.368178885616	0.1122617921626841	0.03962379187281042	0.16220516238419017	0.004143918092951169
336000	-1988.4849054316292	-1836.2676290414552	-152.21727639017402	0.08718872458156864	0.06551311010922954	0.09181855888705118	0.0013713196740995932
337000	-1984.9220882061152	-1835.5757261929782	-149.346362013137	0.09850844516136788	0.112704483042767	0.1244344299354019	0.0024450188861101624
338000	-1988.8976797205705	-1838.4006248685241	-150.49705485204646	0.07606039355069646	0.08307619156772778	0.16594785953157043	2.9734681797413546E-4
339000	-1986.6061492023737	-1836.0230160755218	-150.5831331268518	0.15784293394790574	0.1219222151561345	0.16033655303249622	0.002528449620841237
340000	-1985.9533093812247	-1836.6080312882707	-149.345278092954	0.09779217066332097	0.08913894439857346	0.10956141081255621	0.0013227759046171756
341000	-1985.8653278206834	-1834.9577740893412	-150.9075537313423	0.11929991402296487	0.09291434502579116	0.1456476723880272	0.005321711369248988
342000	-1985.8291653193828	-1836.0304840304218	-149.79868128896103	0.0968123167598793	0.08540046094598061	0.10050642027693826	0.0019960716162502616
343000	-1987.4611518969848	-1835.8586016109857	-151.60255028599914	0.11611293360767208	0.07093827449735093	0.10800736319445246	0.0020827269850842898
344000	-1986.576995719683	-1835.651602182068	-150.92539353761504	0.14146148037136383	0.12280848437491722	0.12813582271543192	0.005718051523314178
345000	-1987.0107175423145	-1836.6022440254774	-150.40847351683706	0.11749372404345944	0.09636616620083335	0.11922684858972593	0.001607495921317373
346000	-1985.220055128817	-1834.912232292124	-150.30782283669305	0.1048435029009399	0.08784174514658007	0.12853224532729235	0.004064316156191715
347000	-1989.5475247218235	-1838.4336974962216	-151.11382722560194	0.1130967832859959	0.09165349857805997	0.07165273554976899	0.0034697025298976703
348000	-1985.4034728234928	-1834.9480625107456	-150.45541031274718	0.10142679508663342	0.08531985686084814	0.12092407356489138	0.0036379477330451162
349000	-1986.6899780455158	-1834.1561088090486	-152.53386923646704	0.10084351448579491	0.0662972102699529	0.1733887345743587	0.0028476120824927637
350000	-1989.3115211970423	-1834.8353354029186	-154.47618579412367	0.0643477202177989	0.05666921906565612	0.10635179224716206	0.0030242533794153743
351000	-1991.5142359964168	-1833.3738117915595	-158.14042420485734	0.06172490042719769	0.03596994692616969	0.11842991791551132	0.0018246509327968401
352000	-1987.5660084641827	-1834.2571854107546	-153.30882305342817	0.16220520028827717	0.07869765898568881	0.16146923592202678	0.006400761050606875
353000	-1990.1265992481349	-1839.8713508415035	-150.2552484066313	0.1386346118637606	0.08257346292424372	0.11335436655461466	1.3165595016003653E-4
354000	-1986.7509555545557	-1835.8072492348201	-150.9437063197357	0.07077114705758852	0.07293016463219656	0.12152804759389642	0.0010329172306541552
355000	-1985.381511278893	-1835.9982673785735	-149.38324390031954	0.10678590395400941	0.10548400481074922	0.11667655897062408	0.0021660894969960202
356000	-1989.2005929965887	-1835.029174561066	-154.17141843552275	0.05960532805869337	0.06976082182440187	0.10155823079279681	0.0024872391419693595
357000	-1987.9063420811851	-1836.5314792548857	-151.37486282629953	0.10218158108708152	0.05976119302442176	0.13420394345758443	8.902256408234724E-4
358000	-1986.3553756826004	-1835.7263430026378	-150.62903267996265	0.12036091290170293	0.08253709551706309	0.102755229332219	0.004097391409909648
359000	-1985.7339900999123	-1835.8393251991217	-149.89466490079045	0.07706225486628963	0.10133105874780697	0.14339686057946	0.001275382020532103
360000	-1988.2094767663914	-1834.5302443238375	-153.6792324425539	0.07860986048698657	0.06585437530267214	0.11626453764439311	0.0029005576415464403
361000	-1986.865192919178	-1836.6508152304386	-150.21437768873935	0.10750857965121799	0.12699216304886055	0.09701485707913557	0.004787902669216508
362000	-1985.7319667886718	-1835.8817217277476	-149.85024506092418	0.14049479413057095	0.08962592044743056	0.13086213477080474	0.002364438279038257
363000	-1986.6544958101854	-1835.283577299706	-151.37091851047953	0.09562316261972864	0.10181768254967083	0.12233422307808353	0.002765085627678594
364000	-1987.364260752154	-1836.465418585391	-150.898842166763	0.11173246317505339	0.1398183937208169	0.1053377971392309	0.004786506239780379
365000	-1986.9809693590537	-1836.7135421016212	-150.26742725743236	0.08963956901596419	0.09572906953999127	0.1691579003820514	9.056297468592242E-4
366000	-1986.165338931346	-1835.1657621633003	-150.9995767680458	0.08050264934767129	0.10244175022259652	0.15154353192413497	0.0022100542952598803
367000	-1985.1859421496815	-1834.5740977317298	-150.61184441795166	0.11903175238558458	0.07631405971924896	0.1316817252378335	0.00367735476791886
368000	-1986.667986750442	-1835.310734679434	-151.3572520710079	0.06313283211896507	0.08333926326654027	0.1065117697776105	0.0014494099312430298
369000	-1985.4164268692894	-1835.2832218623498	-150.13320500693942	0.08908662317704288	0.0952120121850881	0.1355376020092771	0.0019572083389124157
370000	-1986.9212688123805	-1837.8752796202202	-149.04598919216022	0.13860949514983267	0.1334026435167872	0.11794754113405906	0.0013700069075746073
371000	-1987.5683689020314	-1837.1401886136914	-150.42818028834003	0.09753831023083846	0.12699458755725604	0.18934082228060484	9.226269024765747E-4
372000	-1985.4867021460461	-1834.9648720753692	-150.52183007067697	0.10931048298894992	0.09857535308442888	0.17266558177320268	0.0027104343737036633
373000	-1988.439074469573	-1833.585584515766	-154.85348995380699	0.10105838148383975	0.048421229660705375	0.17008548270362026	0.0035564243072783203
374000	-1985.2775113851528	-1836.159721587946	-149.11778979720688	0.09466765535436589	0.11045555941288862	0.12601452241282715	0.0015513709603794598
375000	-1989.4421434060698	-1838.484988435786	-150.95715497028382	0.165596560092036	0.07813498151984462	0.12108409107930122	7.101373359054609E-4
376000	-1988.1009433559607	-1835.880640555396	-152.2203028005646	0.08009468530474657	0.06760302479230829	0.07958114798649642	0.002390099961886387
377000	-1987.3580612618714	-1835.6119484071705	-151.74611285470087	0.09870650199630059	0.06266498255797612	0.1607051251594028	0.0011978811714891727
378000	-1988.4313650100146	-1835.421853247308	-153.00951176270664	0.05985618682743556	0.06264482582961636	0.10006772543699323	0.0010650743185514524
379000	-1985.5469784603922	-1836.0496052377382	-149.49737322265398	0.10360316985786952	0.10272588973850628	0.14869905713638334	0.0015062515707366133
380000	-1988.965963679345	-1834.820697931465	-154.14526574787996	0.06545052419844204	0.055944932946710685	0.09330325972270852	0.002843659029850939
381000	-1987.7952139031602	-1834.4812956522383	-153.31391825092183	0.09924128870825344	0.060584203259111305	0.16022253979844683	0.004561068223640241
382000	-1987.2297735161928	-1835.4899763972712	-151.73979711892156	0.1342822215216742	0.1075718749194803	0.12488822530256871	0.005601141726339249
383000	-1988.003798251366	-1836.552118022064	-151.45168022930213	0.08097279305179261	0.14261927062061727	0.09525071575262277	0.00367661510039404
384000	-1987.1717555391797	-1833.6983681870393	-153.47338735214035	0.10882110635082773	0.04703990467587469	0.1287769437959232	0.0030510048933033735
385000	-1987.485861224278	-1835.350110169224	-152.13575105505402	0.14963559656491787	0.08068602911188129	0.12028620980502852	0.006491404382100252
386000	-1984.9773411652054	-1834.984085263377	-149.99325590182855	0.10018779826500045	0.08398643964660442	0.1233094772322881	0.0026924810273467334
387000	-1986.2062948600483	-1836.7114535652886	-149.49484129475974	0.07683009105609873	0.12365557961820718	0.11647528931310724	0.0010344723359366145
388000	-1990.3913090182796	-1835.0880093527112	-155.30329966556832	0.04544637598815487	0.06970300529976536	0.1457121324327881	0.0013647842074749341
389000	-1988.7249661777423	-1834.9902733390127	-153.7346928387296	0.12831419305137887	0.060531194553102734	0.14189004390891677	0.0069104114111816755
390000	-1987.6706662463964	-1836.0199638379045	-151.65070240849198	0.07505544585725914	0.06302213883969089	0.10512003174765437	0.001015779107189832
391000	-1986.0211431651762	-1836.9594786210885	-149.06166454408785	0.1133635827125498	0.11780319622573318	0.10568795117717623	0.0018990208088767969
392000	-1988.4543905303412	-1836.4949319840862	-151.95945854625518	0.06555127019089232	0.08454570565020755	0.11189312041823965	0.003963583045038175
393000	-1985.6227694438612	-1836.0781332077345	-149.54463623612662	0.09847913750972342	0.13103466449430648	0.12168240429831684	0.002079122513745028
394000	-1990.9443428694362	-1835.6093932283238	-155.3349496411125	0.03924145271944979	0.06714959056022979	0.10613724912751914	6.471200655027964E-4
395000	-1990.0185040160877	-1834.1418564772814	-155.87664753880622	0.09549507742848269	0.03590678215781503	0.09632045339155967	0.002940007789057176
396000	-1986.8540734722403	-1835.6240474740302	-151.23002599821004	0.1223410366439288	0.0666345880429956	0.11079223785376513	0.002261140716372663
397000	-1984.9632887324108	-1835.0618619598763	-149.90142677253453	0.08833819851839998	0.093971611597244	0.13205695294978603	0.0023540534119978296
398000	-1994.9544593747667	-1841.3097784792583	-153.64468089550846	0.12642321985982646	0.07171390380638078	0.045029774412963144	1.6049129566611607E-4
399000	-1985.7345347106077	-1834.3343011673596	-151.400233543248	0.1235971408203971	0.07292596313660572	0.14118094721856522	0.004520282237588058
400000	-1985.9895128013898	-1834.8420386512003	-151.14747415018948	0.07346741946202726	0.0829167750165443	0.1367678293400121	0.002440808181985906
401000	-1986.8798569165483	-1836.273075449048	-150.60678146750016	0.07046289415727104	0.12187127592595767	0.13689175578031693	0.0010543805862110907
402000	-1987.6681623038153	-1834.5339064707427	-153.1342558330725	0.09347426785248024	0.0520918367032641	0.10213835759168102	0.0026136288058378936
403000	-1988.1590498110916	-1839.1015669306692	-149.05748288042247	0.08111040713847847	0.08978609739220587	0.12486281623497342	2.1054899203634724E-4
404000	-1985.8750864697045	-1835.6224388282412	-150.25264764146314	0.07510927540030785	0.11700104807186172	0.14544066591006793	0.0015947021880535622
405000	-1986.2153250514095	-1835.7876977895385	-150.42762726187104	0.08617703872850728	0.09736949854033956	0.13005935843916003	0.001490773528053428
406000	-1987.3354613394615	-1837.5524216476288	-149.78303969183273	0.09719144602222403	0.10288233583539895	0.11622147153741526	8.35029125448488E-4
407000	-1989.4331695633182	-1834.3948334230984	-155.0383361402197	0.19583733883547527	0.10258718544996473	0.18842771832582636	0.005528743133398113
408000	-1985.339934583129	-1834.8482201124123	-150.49171447071674	0.10038235046119999	0.08009585848158897	0.12113894122125714	0.003822521008296204
409000	-1986.028569155407	-1835.35014649196	-150.67842266344698	0.11222492593197106	0.11727233900224188	0.1826615838924373	0.0026067374772634996
410000	-1985.2437660992218	-1834.767738958064	-150.47602714115772	0.11356186540903881	0.07324951795027974	0.12688390107319378	0.002829534678986467
411000	-1990.8577392626808	-1835.4571850647662	-155.40055419791446	0.07138406599201058	0.0578597555232769	0.08031344938413919	0.003160943042807338
412000	-1986.6873377890486	-1835.7281325898539	-150.95920519919468	0.14175591927947645	0.09257555196045379	0.11361457257738157	0.0045652683991062384
413000	-1987.8057386304931	-1838.3566606716968	-149.44907795879632	0.11926331844196929	0.11122562733086125	0.09314430388022842	0.0011793061915359167
414000	-1985.781716792912	-1836.1337083026597	-149.6480084902522	0.08687519580990365	0.14009085957962003	0.13083834829362623	0.0016196598152997397
415000	-1986.1633491123027	-1835.3455199501016	-150.81782916220112	0.09702492156488222	0.09785570977647594	0.1587222331309349	0.004414522684378412
416000	-1987.1041040525874	-1834.7703706402067	-152.33373341238064	0.08027533897195212	0.0657233526258794	0.11969431050558976	0.001803838745091112
417000	-1988.3480298517193	-1835.934950581517	-152.41307927020245	0.06622237009433081	0.11474831534590242	0.11649710587705342	0.0030257506336091476
418000	-1988.4460706053662	-1840.0321172064805	-148.41395339888564	0.13161104330730203	0.11802062274086758	0.09244753156930106	2.177896605055685E-4
419000	-1986.6714501477322	-1834.856773739916	-151.81467640781625	0.1171031460602802	0.10206837430193735	0.15733723354667675	0.0035588485160253504
420000	-1986.3903133775702	-1834.8699932945792	-151.52032008299113	0.07948191769643914	0.07481670995747688	0.12081380946978122	0.001953866331903475
421000	-1986.8004133521242	-1835.4863687799632	-151.31404457216107	0.06211068744630321	0.08982193011168348	0.0997067432923894	0.0014732825700198308
422000	-1986.2383320976269	-1834.1236814185463	-152.11465067908065	0.10143054563514427	0.06584929259387483	0.15243778433081967	0.0028762957585250336
423000	-1986.2990399228304	-1835.442964072733	-150.85607585009743	0.1364237378310594	0.11242793163859659	0.1424705544269444	0.006807389916068652
424000	-1987.2189160960827	-1838.983502233507	-148.2354138625758	0.10076944361274434	0.12265198494218743	0.11469833229815284	3.784538209041235E-4
425000	-1989.8041151174466	-1839.598387617104	-150.20572750034253	0.11036234648525603	0.12613536706153083	0.07076517239641289	0.001378616575111918
426000	-1986.2395911875797	-1837.037450419056	-149.20214076852358	0.118576820578714	0.08535695082594515	0.14015694158433697	0.0010052389541004522
427000	-1985.7548633393437	-1835.5849488261229	-150.16991451322082	0.12212419350355257	0.10855469358888982	0.16916035558106168	0.0021629306636180325
428000	-1985.7151131332478	-1835.0439704330379	-150.6711427002099	0.10952860331469345	0.10220177910954677	0.13613615620503458	0.0038090819644451684
429000	-1991.0588262128856	-1836.6840921521534	-154.37473406073224	0.04800873082917912	0.07043745214018615	0.12317507847747225	0.0027761893982090596
430000	-1988.0241824166742	-1835.7704730315722	-152.25370938510187	0.09399904353906617	0.06400457845957673	0.10084241901471747	0.005304335931227145
431000	-1990.2009186610042	-1835.398636525466	-154.8022821355383	0.045073612016986134	0.06524450231622256	0.10786545918739089	7.979220187706048E-4
432000	-1988.5888099229285	-1833.8521487093847	-154.73666121354375	0.1872880190665995	0.07266920537373354	0.1803957451882578	0.006562721834821087
433000	-1988.6169768362568	-1836.7378628367667	-151.8791139994901	0.1222281960163064	0.09817820626627737	0.09500994384172459	0.006237666128029582
434000	-1985.7527449921004	-1834.497616833546	-151.2551281585542	0.10624949094477276	0.06671579877968555	0.12059914565385181	0.003711323499885827
435000	-1988.921563625139	-1835.6661280387589	-153.25543558638012	0.11669484407414824	0.05235202359845854	0.09158021445980581	0.004469764365450065
436000	-1987.818766186414	-1835.8968000180366	-151.9219661683773	0.12773474687133188	0.08865896277748668	0.10446977628556502	0.004284318714943423
437000	-1989.0665858286773	-1836.6406227090433	-152.42596311963402	0.060050220880076874	0.152170463047535	0.08878347417427603	0.001127156057027233
438000	-1987.0424130743845	-1835.9143146159931	-151.1280984583915	0.09764112884121584	0.07060699778576503	0.08911263153550802	0.0025837289593979513
439000	-1988.937346898409	-1837.7973716998154	-151.1399751985937	0.13668131932896246	0.09052779077677986	0.08426501440290304	0.004173688815462117
440000	-1987.5436857134937	-1837.5549265286731	-149.9887591848206	0.14229110184344623	0.1521241531634691	0.151525918676743	0.0012656441036666816
441000	-1986.85609842657	-1835.1899341398896	-151.66616428668038	0.0722982619069994	0.07998485961035433	0.13425385911233598	0.0032055293640597025
442000	-1987.4512953167057	-1836.1836663464253	-151.2676289702804	0.15167338985869816	0.08855210073856161	0.15576848691201747	0.0017624699709705924
443000	-1985.0904405703866	-1835.2422786880682	-149.8481618823185	0.09434473705389558	0.10024071924033892	0.14594035377203804	0.0021361850260903053
444000	-1987.2325041162192	-1835.077237350527	-152.15526676569215	0.10018390821812867	0.07190471203322604	0.12551359978475887	0.005054850450189336
445000	-1988.682442820442	-1837.575987603849	-151.10645521659305	0.09180982926119927	0.11650234971144606	0.08941030737712974	0.0061311780840708745
446000	-1985.394516355533	-1835.3122030859386	-150.08231326959427	0.08955424712523219	0.0967845754959678	0.11268101146816599	0.003215657468576484
447000	-1989.9234256904979	-1837.1734197587746	-152.7500059317233	0.06850799001467489	0.08005772769580198	0.0686857665869605	0.0012327222181437011
448000	-1986.0581113093715	-1834.1779560138161	-151.88015529555543	0.09327724958327792	0.060614767669055346	0.12552838694253643	0.003052502972954696
449000	-1986.0003148197422	-1834.9908991268624	-151.0094156928799	0.11024996122674031	0.10522666698305827	0.18006435939981047	0.0035539274046897796
450000	-1987.979363684456	-1835.8445612422515	-152.13480244220452	0.09610431434335576	0.0635732485796261	0.08483104961174853	0.002902659365997337
451000	-1987.616247037741	-1835.5709460281682	-152.04530100957277	0.06963543208937381	0.06403073958476312	0.11170220818895893	0.0010898093946342584
452000	-1990.3784576589865	-1835.050222273178	-155.32823538580863	0.06360390230696021	0.05017266721939256	0.0776761460118049	0.0017450225683230834
453000	-1989.361453666889	-1836.9129849665355	-152.4484687003534	0.07788514506223013	0.1553133872547382	0.08336246697743452	0.002896634656171164
454000	-1986.9920103974648	-1836.8236416037394	-150.16836879372553	0.10927736715899042	0.1362661783259251	0.179153918514751	0.0012285377152854824
455000	-1985.8086924070653	-1835.6293312626167	-150.17936114444873	0.0747465282000069	0.0896481538639681	0.1335999330850958	0.0012986636776932661
456000	-1988.2205774922088	-1834.764979028464	-153.45559846374474	0.10223257409220732	0.06472900804113267	0.1820110158807969	0.0018012434126661908
457000	-1991.2133972802203	-1837.8597737839993	-153.35362349622105	0.07815399513578697	0.13923026227874596	0.08136505119944315	0.004970280530989792
458000	-1985.0801754916588	-1835.2646363571514	-149.81553913450742	0.10626456674852428	0.08066412580999727	0.12401733930587612	0.002224650984439202
459000	-1986.9068821042847	-1836.0036210901412	-150.90326101414354	0.10556949409964274	0.09150496150454056	0.13324610945465268	0.006390758753920308
460000	-1985.7015044756085	-1836.3113852045374	-149.39011927107106	0.13065180887231473	0.10362435840229481	0.1512902402348046	0.001667253124278605
461000	-1987.012122600769	-1836.7244291537381	-150.28769344703102	0.113728586669066	0.0750983440009561	0.11754325315958113	0.0012170648095554265
462000	-1986.7189338499643	-1835.38734558125	-151.33158826871423	0.1081177633258847	0.10345011275053108	0.19790146793624727	0.0022426194548497832
463000	-1985.0733175743142	-1834.9208014708456	-150.1525161034685	0.12129292170937421	0.09219129689211635	0.15388545148624047	0.00281324848401011
464000	-1985.702869718911	-1834.9552097067299	-150.74766001218114	0.10635795177707895	0.07227989411512777	0.11062103514409843	0.0033515634368018236
465000	-1985.6169522587356	-1834.7212299462076	-150.8957223125281	0.1015167996000414	0.0831149485590785	0.13572659141428894	0.003890524608889586
466000	-1990.4946573325683	-1833.628944409784	-156.86571292278427	0.06890723111876274	0.04102237653124969	0.15126892741394285	0.002392294431834245
467000	-1990.2985977275737	-1835.2214967213167	-155.07710100625692	0.05164337883043492	0.05158248472056645	0.09578328448013602	8.973515654827847E-4
468000	-1986.9916455445934	-1836.2950915998176	-150.69655394477587	0.07929472511290363	0.10294977739687601	0.09024501942067073	0.001816157695984046
469000	-1988.4844070606853	-1839.6752106398708	-148.8091964208145	0.11643873184913832	0.07667460487506114	0.12511359535328115	1.284781518581188E-4
470000	-1986.009265107819	-1835.071172997276	-150.9380921105428	0.12085552936567522	0.0670295164705484	0.15060063709464322	0.001882191190767444
471000	-1987.3299381400382	-1835.9689498866155	-151.36098825342256	0.08262731119071397	0.17262212807129373	0.13558691353203706	0.0029383609542006817
472000	-1987.6303230394117	-1836.6549545502457	-150.97536848916587	0.14067318798431871	0.10181642995906494	0.10441327448728446	0.007842389592573593
473000	-1991.7787896753312	-1836.3871225414189	-155.39166713391225	0.057426565084137494	0.19123534374702464	0.08794910318017775	0.0015714513353264953
474000	-1986.024402312024	-1835.409198718115	-150.61520359390886	0.07827373413343701	0.0976689663931332	0.11051789602526296	0.0020811480185188194
475000	-1989.1184170143201	-1833.2597633175467	-155.85865369677333	0.11549880721671331	0.03939200351340258	0.14076810778178273	0.0035490301006011675
476000	-1989.8291698686746	-1835.3950229720963	-154.4341468965784	0.07384342408546694	0.05663035965853237	0.09729041461710812	0.0040037969722891645
477000	-1985.3643991559522	-1834.9709703807316	-150.39342877522068	0.09474398475362565	0.07656617443073094	0.1131864254813211	0.002649685626815078
478000	-1986.6154429033518	-1834.9967992652364	-151.61864363811534	0.1128192582966048	0.10333515860129402	0.14659352798615738	0.003256358385596896
479000	-1985.8252477707008	-1836.537055068266	-149.28819270243474	0.12192824388788791	0.08740016404014583	0.1365799781000461	0.0013531858184690966
480000	-1987.2582099057258	-1836.7023590760114	-150.55585082971442	0.07086315796077781	0.08190446815602548	0.1159311848002844	7.695534974199771E-4
481000	-1989.1118757378285	-1833.3606750178255	-155.75120072000306	0.0763030767434403	0.038328352411080104	0.12187004356835301	0.0023387585885809494
482000	-1989.533444710819	-1834.89091235413	-154.6425323566888	0.05684311385014222	0.05254590914602905	0.10365544118858278	0.0011004786539961433
483000	-1990.4850220972903	-1837.5728250771092	-152.91219702018117	0.07392535131987922	0.06987893421283327	0.11562876672064684	0.005709812441723857
484000	-1986.8744203212839	-1834.42196694817	-152.45245337311394	0.07139043417634969	0.06114407475070094	0.11942287916411462	0.0019226938440655673
485000	-1987.0417204858281	-1836.7785322992074	-150.26318818662065	0.11013078181610506	0.09536393064188456	0.09031327894798526	0.0027704496315751016
486000	-1991.4755814550547	-1834.556283296733	-156.91929815832174	0.05644292298022052	0.061524247697313066	0.11669957765879664	0.002000860092969497
487000	-1986.6707163309463	-1835.2048756238403	-151.46584070710614	0.11359383126755959	0.06807135452112367	0.16555414030784998	0.0016466241610480757
488000	-1989.192223869468	-1833.9634763001034	-155.2287475693648	0.06325116207652469	0.04575451824504761	0.10681428428763087	0.001851436317941184
489000	-1989.5985424661176	-1833.882657454281	-155.71588501183672	0.07718645468797576	0.04376935345774155	0.18152380091641357	0.0017823180360257151
490000	-1985.2194288157668	-1835.7837849031012	-149.4356439126657	0.09007297119936937	0.10449382876672662	0.11172139291117074	0.0020389184457687997
491000	-1989.9647686969797	-1838.5972456907286	-151.3675230062512	0.08282035637976325	0.10224906249301956	0.11586362046316273	0.007041441668547511
492000	-1986.7724977973685	-1835.8501583968423	-150.92233940052608	0.11691242765125083	0.16083504704361945	0.16899798548771702	0.002640570146791653
493000	-1987.8581362928235	-1836.0892015822444	-151.76893471057915	0.07772443182715975	0.07788288916922127	0.16946310092568634	9.608469966682153E-4
494000	-1988.386161608038	-1834.0054815790731	-154.38068002896483	0.11706533157175478	0.04075976564303703	0.11412182605203203	0.0028692804384420007
495000	-1989.1086749034757	-1836.87249098094	-152.23618392253567	0.0572896089168245	0.11356350799013092	0.10666595691481592	6.783428356297679E-4
496000	-1988.4619056088825	-1836.8440442006759	-151.6178614082067	0.1182267121394279	0.06746621065925527	0.11523038785838863	0.0011392247192353983
497000	-1986.768014000137	-1837.962424039449	-148.80558996068825	0.09083370461799077	0.1351630695914177	0.11916664121030633	6.780570398254418E-4
498000	-1989.5707212143009	-1835.033384325024	-154.53733688927701	0.06046937005344737	0.05733591309315774	0.08862716072866915	0.002738140564291516
499000	-1992.875678838147	-1834.9867861697712	-157.88889266837566	0.07285940865018964	0.03695438964365955	0.07487429242033473	0.0017300330925308998
500000	-1987.2471698201866	-1834.3857277667817	-152.86144205340494	0.09682030948200261	0.06470434887126411	0.1255404982948394	0.0037429085667304266
