#
#model:
#
#<?xml version="1.0" encoding="UTF-8" standalone="no"?><input id="posterior" spec="beast.core.util.CompoundDistribution">
#    <distribution id="prior" spec="beast.core.util.CompoundDistribution">
#        <prior id="lambdaPrior.F1r1" name="distribution">
#            <parameter id="lambda" lower="0.0" name="x" spec="beast.core.parameter.RealParameter">0.01</parameter>
#            <Gamma id="Gamma.0" name="distr">
#                <parameter estimate="false" id="RealParameter.1" name="alpha" spec="beast.core.parameter.RealParameter">2.0</parameter>
#                <parameter estimate="false" id="RealParameter.2" name="beta" spec="beast.core.parameter.RealParameter">200.0</parameter>
#            </Gamma>
#        </prior>
#        <distribution id="snapprior.F1r1" lambda="@lambda" spec="snap.likelihood.SnAPPrior">
#            <parameter estimate="false" id="alpha" lower="0.0" name="alpha" spec="beast.core.parameter.RealParameter">11.75</parameter>
#            <parameter estimate="false" id="beta" lower="0.0" name="beta" spec="beast.core.parameter.RealParameter">109.73</parameter>
#            <parameter estimate="false" id="kappa" lower="0.0" name="kappa" spec="beast.core.parameter.RealParameter">1.0</parameter>
#            <parameter id="coalescenceRate" name="coalescenceRate" spec="beast.core.parameter.RealParameter">10.0</parameter>
#            <tree clusterType="upgma" id="Tree.F1r1" nodetype="snap.NodeData" spec="beast.util.ClusterTree">
#                <taxa dataType="integerdata" id="snap.F1r1" spec="snap.Data">
#                    <taxonset id="ant" spec="beast.evolution.alignment.TaxonSet">
#                        <taxon id="CarpaChavin_B72794.Huanuco.CarpaChavin" spec="beast.evolution.alignment.Taxon"/>
#                        <taxon id="CarpaChavin_B72802.Huanuco.CarpaChavin" spec="beast.evolution.alignment.Taxon"/>
#                        <taxon id="Carpish_B72762.Huanuco.Acomayo" spec="beast.evolution.alignment.Taxon"/>
#                        <taxon id="Carpish_B72773.Huanuco.Mitotambo" spec="beast.evolution.alignment.Taxon"/>
#                        <taxon id="Amotape_B67127.Tumbes.Amotape" spec="beast.evolution.alignment.Taxon"/>
#                        <taxon id="Amotape_B67201.Tumbes.Amotape" spec="beast.evolution.alignment.Taxon"/>
#                        <taxon id="Chavinillo_B72789.Huanuco.Chavinillo" spec="beast.evolution.alignment.Taxon"/>
#                        <taxon id="Chavinillo_B72792.Huanuco.Chavinillo" spec="beast.evolution.alignment.Taxon"/>
#                        <taxon id="Macate_B72807.Ancash.Macate" spec="beast.evolution.alignment.Taxon"/>
#                        <taxon id="Macate_B72815.Ancash.Macate" spec="beast.evolution.alignment.Taxon"/>
#                        <taxon id="Quichas_B72777.Lima.Quichas" spec="beast.evolution.alignment.Taxon"/>
#                        <taxon id="Quichas_B72785.Lima.Quichas" spec="beast.evolution.alignment.Taxon"/>
#                        <taxon id="Canchaque_B72874.Piura.Canchaque" spec="beast.evolution.alignment.Taxon"/>
#                        <taxon id="Canchaque_B72878.Piura.Canchaque" spec="beast.evolution.alignment.Taxon"/>
#                        <taxon id="CorBlanca_NK_171703" spec="beast.evolution.alignment.Taxon"/>
#                        <taxon id="CorBlanca_FMNH_391889" spec="beast.evolution.alignment.Taxon"/>
#                        <taxon id="Huamatanga_B72889.Lima.Huamatanga" spec="beast.evolution.alignment.Taxon"/>
#                        <taxon id="Huamatanga_B72892.Lima.Huamatanga" spec="beast.evolution.alignment.Taxon"/>
#                        <taxon id="Pacar_B72905.Ancash.Pacar" spec="beast.evolution.alignment.Taxon"/>
#                        <taxon id="Pacar_B72912.Ancash.Pacar" spec="beast.evolution.alignment.Taxon"/>
#                        <taxon id="Porculla_B31685.Piura.Porculla" spec="beast.evolution.alignment.Taxon"/>
#                        <taxon id="Porculla_B72870.Piura.Porculla" spec="beast.evolution.alignment.Taxon"/>
#                        <taxon id="LaQuinua_B72754.Pasco.LaQuinua" spec="beast.evolution.alignment.Taxon"/>
#                        <taxon id="LaQuinua_B72760.Pasco.LaQuinua" spec="beast.evolution.alignment.Taxon"/>
#                        <taxon id="Chinchan_B72895.Ancash.Chinchan" spec="beast.evolution.alignment.Taxon"/>
#                        <taxon id="Chinchan_NK_173896" spec="beast.evolution.alignment.Taxon"/>
#                    </taxonset>
#                    <taxonset id="cur" spec="beast.evolution.alignment.TaxonSet">
#                        <taxon id="curtata_cra.cur.B6032" spec="beast.evolution.alignment.Taxon"/>
#                        <taxon id="curtata_cra.cur.B8175" spec="beast.evolution.alignment.Taxon"/>
#                    </taxonset>
#                </taxa>
#                <parameter id="RealParameter.0" lower="0.0" name="clock.rate" spec="beast.core.parameter.RealParameter" upper="0.0">1.0</parameter>
#            </tree>
#        </distribution>
#    </distribution>
#    <distribution id="likelihood" spec="beast.core.util.CompoundDistribution">
#        <distribution data="@snap.F1r1" id="treeLikelihood.F1r1" non-polymorphic="false" pattern="coalescenceRate" spec="snap.likelihood.SnAPTreeLikelihood" tree="@Tree.F1r1">
#            <siteModel id="MutationSiteModel.F1r1" spec="beast.evolution.sitemodel.SiteModel">
#                <parameter estimate="false" id="mutationRate" name="mutationRate" spec="beast.core.parameter.RealParameter">1.0</parameter>
#                <parameter estimate="false" id="shape" name="shape" spec="beast.core.parameter.RealParameter">2.0</parameter>
#                <parameter estimate="false" id="proportionInvariant" name="proportionInvariant" spec="beast.core.parameter.RealParameter">0.0</parameter>
#                <substModel coalescenceRate="@coalescenceRate" id="MutationModel" spec="snap.likelihood.SnapSubstitutionModel">
#                    <parameter estimate="false" id="u" lower="0.0" name="mutationRateU" spec="beast.core.parameter.RealParameter">1.0</parameter>
#                    <parameter id="v" lower="0.0" name="mutationRateV" spec="beast.core.parameter.RealParameter">1.0</parameter>
#                </substModel>
#            </siteModel>
#        </distribution>
#    </distribution>
#</input>
#
Sample	posterior	likelihood	prior	theta0	theta1	theta2	TreeHeightLogger
0	-5039.127166168187	-4881.521284813845	-157.60588135434148	0.02901534459823656	0.07842908486957063	0.12185854660745758	8.70109818490062E-4
1000	-5037.191682036651	-4882.416418255194	-154.77526378145768	0.061914105024855164	0.08761348883284044	0.20666918190979866	0.0026266176415288655
2000	-5037.557067651662	-4884.93563966959	-152.62142798207117	0.0577178806709292	0.08939076576035249	0.1485800330074452	0.002598469309394338
3000	-5040.393996038169	-4885.449969538208	-154.94402649996047	0.1277742710848548	0.05456456182569479	0.17151957369526485	0.0025729346181997594
4000	-5037.096669587656	-4882.108459469041	-154.9882101186147	0.06055689279314662	0.06608178959549303	0.20361763821443177	9.327131956422398E-4
5000	-5037.460209955739	-4884.706606414566	-152.7536035411732	0.059357138086125076	0.07086254584517435	0.13893407176898503	0.0010975540775367255
6000	-5035.520487086694	-4881.108833349985	-154.41165373670862	0.052527709892613995	0.10139486456561106	0.1969635327604045	0.0012546181876023363
7000	-5037.854126596782	-4880.101707762508	-157.75241883427447	0.029598018873924187	0.09428464388888928	0.17342615896773153	8.695956967513434E-4
8000	-5037.150128623096	-4885.050063328932	-152.10006529416418	0.07729226255415453	0.11668038540213675	0.1555091198499525	0.002556438732823058
9000	-5036.471276244679	-4882.39259819332	-154.07867805135905	0.07697738110199523	0.06545327951035396	0.1745074728289157	0.0019052876000615721
10000	-5037.266022524126	-4886.148867934299	-151.11715458982667	0.07264758772888148	0.1053484250506159	0.14231348480391318	0.002790976438806715
11000	-5038.028260615688	-4882.2638155947025	-155.76444502098528	0.046078250878065295	0.0671189401127244	0.14959274726685529	0.0017931134015302613
12000	-5035.628927637424	-4884.728238106067	-150.90068953135648	0.08150727719681809	0.12688591642932354	0.16365295952381168	0.002442230275983142
13000	-5039.449560286905	-4881.184504332432	-158.26505595447304	0.032694595348470745	0.186430500913723	0.16419549541272807	0.0010092301452805578
14000	-5038.308975792507	-4882.482803705584	-155.82617208692304	0.1445690018609088	0.08871146035265831	0.24190215983201532	0.002673656439553281
15000	-5037.155943989163	-4882.650157450817	-154.50578653834643	0.08708474557967733	0.08027784840884486	0.22178282962094995	0.003538094510927581
16000	-5037.211153161014	-4883.7386614265315	-153.47249173448324	0.04809223554700031	0.13120590343680233	0.17902101219474909	7.222481353626196E-4
17000	-5036.8385090975025	-4884.272069035111	-152.56644006239216	0.057654722204280646	0.1402490168189598	0.1603066593600952	0.002380604610993722
18000	-5036.006155450923	-4881.982749763311	-154.02340568761196	0.060985236454502885	0.08320736602975701	0.19387435737174577	0.0023716226685424635
19000	-5037.514461652935	-4881.286600346278	-156.2278613066575	0.051808780095727064	0.04907166853035114	0.1564044361966434	0.0012519815321660071
20000	-5034.776590219279	-4881.16921631716	-153.6073739021183	0.07816893266397434	0.09493008036224547	0.22687816461672686	0.0017563749361469605
21000	-5034.684671772091	-4881.984344933355	-152.70032683873617	0.06120024989006452	0.11922993452951204	0.18676586752091814	0.001841306316300579
22000	-5035.9173369931905	-4884.128940198101	-151.7883967950894	0.0852942950988636	0.12364463710129857	0.17467687837697538	0.002221797017117175
23000	-5035.504975707054	-4883.532937290377	-151.97203841667695	0.10783086182541547	0.1046842500520666	0.2154531541847939	0.0017732154605682483
24000	-5035.915317563839	-4883.798639816869	-152.11667774697045	0.08165634870774909	0.1370158212943162	0.19190571774037748	0.003033061839975541
25000	-5036.721082372806	-4883.269490599064	-153.45159177374234	0.04610865048307742	0.1492258899034185	0.14450045911522721	0.0011386466805139734
26000	-5042.092145010008	-4885.1450223762	-156.9471226338077	0.046759169792119935	0.06489263743946655	0.12359858980531596	0.00214436151369857
27000	-5037.885588826003	-4882.581945799935	-155.30364302606847	0.09390778785199688	0.0595687420368975	0.18514988819859418	0.002619113228270981
28000	-5036.2330224945645	-4881.84096034582	-154.392062148744	0.11186533948940344	0.07924551095125278	0.23654622282160856	0.001989258618405977
29000	-5040.453471759247	-4885.736326167921	-154.71714559132602	0.06904853409430953	0.1707124990396436	0.2324284725553602	5.853772985100618E-4
30000	-5034.8113876623975	-4881.94483571693	-152.86655194546745	0.08478210664250001	0.0793710520230321	0.19893315579353332	0.002503616707085559
31000	-5034.688597356784	-4881.536250215927	-153.15234714085716	0.06976302027674353	0.07500549896299588	0.18753678921458966	0.0019107380653100078
32000	-5035.363417252759	-4881.924102330695	-153.43931492206423	0.05142355759224095	0.10905213888944539	0.168783984052695	0.0015674212307203346
33000	-5042.28365238111	-4884.979028118023	-157.30462426308674	0.0454476626771165	0.1017782123983902	0.1586149339251504	5.992021308784892E-4
34000	-5036.596611910137	-4885.451361254248	-151.14525065588873	0.07220233932616814	0.1311430338321385	0.17290071091248668	0.001026493428479115
35000	-5034.596654063722	-4881.784154277803	-152.81249978591876	0.07816340044591315	0.09607361878814367	0.20440651695445233	0.0023086069167903784
36000	-5035.4360924346665	-4882.876390908064	-152.55970152660234	0.10091584623601968	0.09102095792839326	0.21892083100100618	0.0016637602083644386
37000	-5035.896011860857	-4882.939227840286	-152.95678402057064	0.06705858538109556	0.08448584509493476	0.16587007466951795	0.0022326374463209893
38000	-5035.753353179477	-4882.272837214983	-153.4805159644941	0.06477456160039505	0.10511312305015273	0.18156636870371035	0.0020567640449322576
39000	-5036.454490444593	-4882.587496015586	-153.86699442900692	0.05022621111185921	0.09795582953438335	0.15912890485785797	0.001871803919314343
40000	-5036.145894720492	-4881.548805418498	-154.59708930199434	0.06041684354943102	0.05778411974419084	0.16526362012963136	0.0017335327763093966
41000	-5035.582492789051	-4882.4667533885395	-153.11573940051173	0.05361106640106454	0.07651803975301566	0.15664885108076196	0.0012138138254493018
42000	-5037.856628047203	-4881.908425309583	-155.9482027376196	0.07799623343188926	0.05394021339124442	0.17953301791645174	0.002365126490327219
43000	-5039.796548544072	-4881.598493404634	-158.19805513943786	0.04335218044761934	0.07829935592055054	0.16719777560093427	0.0016870522841694376
44000	-5036.144765972559	-4885.195442397386	-150.9493235751733	0.06336992206240685	0.1247604715193593	0.1371222460038786	0.0017680731516597852
45000	-5036.949354632045	-4886.3599838091795	-150.58937082286533	0.11706652160667551	0.10960464639409559	0.17900688022460323	0.001847720220451277
46000	-5035.67639875966	-4880.643666129296	-155.03273263036306	0.06503265175644306	0.07744181094584134	0.21849912071799976	0.0021252048301591063
47000	-5040.131836177218	-4879.604364056938	-160.52747212028055	0.04320353313498668	0.06295492798132706	0.20579482691619633	0.0011237489227154587
48000	-5037.148175287008	-4881.2148699027575	-155.93330538425047	0.04692108881706069	0.0593099081722614	0.15412998500981503	0.001298157857158135
49000	-5035.212440007262	-4880.937511800403	-154.27492820685862	0.094688595427196	0.08643751855240477	0.24463516490095644	0.002066339356587566
50000	-5034.5721117642	-4882.387574404874	-152.18453735932596	0.06007590784687828	0.1057324626451144	0.17080361449170176	0.0017973052003431576
51000	-5037.31464346157	-4881.257426810687	-156.05721665088262	0.038681025896355886	0.07183275487389862	0.14635197692490093	0.0010836876460335347
52000	-5040.140583959289	-4886.117575576433	-154.0230083828554	0.040852942896169	0.1181462409007325	0.1121402628086691	0.0018867168207186266
53000	-5035.122180730754	-4880.952848257558	-154.16933247319636	0.06828729760949438	0.11076909530955	0.2291731896826373	0.00194480696523661
54000	-5037.837379999451	-4879.57130311818	-158.26607688127052	0.04209649591667528	0.05629449274723678	0.19812585114451883	0.0013704316768581705
55000	-5035.700127730961	-4883.270181587213	-152.42994614374751	0.08766173698506824	0.07989042413308577	0.17675018523572922	0.0023159368711828093
56000	-5036.070555531887	-4881.261655399967	-154.80890013192044	0.08295870962893649	0.08921151330431608	0.22672796312134771	0.0017884483794267387
57000	-5039.0151702723415	-4880.706977021297	-158.3081932510446	0.07566401826608572	0.03659185311052756	0.19871636749327357	0.002430509327007703
58000	-5035.786281868392	-4880.879305161816	-154.9069767065761	0.05063193935646731	0.09932958726698513	0.19580654398305578	0.0013168415090333574
59000	-5036.46812915957	-4882.15669044114	-154.31143871842926	0.08620455708275532	0.16224694475564178	0.23573315004869666	0.0019011270199854845
60000	-5037.2312889178065	-4879.466869801654	-157.76441911615225	0.05831873612820277	0.05778846815416073	0.2337250437275615	0.0017880948964432235
61000	-5037.060844557563	-4885.44810871522	-151.61273584234246	0.0999525342875078	0.1300971046207514	0.171088738710284	0.0027119320193053163
62000	-5036.665468909251	-4881.556552843705	-155.10891606554648	0.0370105075042499	0.08727031567578934	0.14727069244640753	9.383465389105137E-4
63000	-5037.336175463166	-4881.857867690783	-155.47830777238283	0.10834903140643931	0.06925491208758018	0.2572280905244844	0.0014511169772500583
64000	-5037.956467916588	-4880.315806553221	-157.64066136336712	0.031103162047871058	0.08465774994255659	0.16777816594121675	8.148774594201391E-4
65000	-5035.700843770751	-4881.676364403587	-154.0244793671633	0.04512809507262875	0.0962194526942616	0.16250343503820777	0.0015292715490947918
66000	-5036.855360819111	-4880.722835729183	-156.13252508992827	0.048848656108750145	0.0753674749325285	0.2167473640954298	9.376764229006694E-4
67000	-5037.858033608302	-4879.590692762027	-158.2673408462753	0.09508444117362097	0.0515633162909993	0.2537788448918673	0.0024941688906865035
68000	-5037.218790612836	-4881.890966897976	-155.32782371485962	0.04321017823193485	0.10755027345066573	0.16211521016397087	0.0010180721194853585
69000	-5035.223559888612	-4882.184195441789	-153.039364446823	0.07029663314083698	0.12195845102196982	0.19500575015942803	0.0018400454762916212
70000	-5035.675713186953	-4881.820146310205	-153.85556687674804	0.10325497385084868	0.10955567433438697	0.23583772443440298	0.002414705991399861
71000	-5035.962498232786	-4881.8667569750205	-154.09574125776498	0.05170232040251819	0.069618498860184	0.15416710037148987	0.0015338742783000613
72000	-5034.550078845426	-4882.256118883695	-152.29395996172985	0.06446173112600075	0.0951558160040128	0.18001501037237627	0.001505001248584549
73000	-5036.595274566549	-4883.048213616128	-153.54706095042138	0.048356093664428126	0.11031057998478827	0.16834428172024263	8.727731709147846E-4
74000	-5035.503590016543	-4884.122790264913	-151.3807997516294	0.07699832993590516	0.11566174476494805	0.16437670476412378	0.0021343550969212875
75000	-5038.310897464928	-4879.873380784816	-158.43751668011174	0.03422448650417113	0.06744877049495825	0.17536914487673375	0.0010513477535975082
76000	-5037.695662676204	-4881.267448941886	-156.4282137343177	0.0662478966519843	0.060793745114905165	0.19731354444662277	0.0012818831895170708
77000	-5038.254188750536	-4884.218509333669	-154.03567941686634	0.07359999245419155	0.059675110114643805	0.16889970683269695	0.003156305099699992
78000	-5036.526198747728	-4880.220923249686	-156.305275498042	0.057274240330920545	0.09840921301203895	0.24826135795327808	0.0016472072596643507
79000	-5039.063815560314	-4886.476155509383	-152.58766005093088	0.04922555550594869	0.09832664598854521	0.10426532936015859	0.0013909183934999619
80000	-5035.078247054234	-4881.432798004521	-153.64544904971348	0.059844615424619586	0.07342792286807888	0.17697895352245302	0.0015979287959807732
81000	-5038.866658851914	-4887.879818486113	-150.98684036579996	0.10442828670701484	0.14268406983014567	0.1997485472240936	8.171255795384787E-4
82000	-5038.649040703004	-4887.6249394425995	-151.0241012604048	0.0660547004908473	0.13944431640257252	0.12090059758637468	0.0022145714279738185
83000	-5037.80623804753	-4882.669159644018	-155.1370784035124	0.08021109418520955	0.06771755926087905	0.1842631720086217	0.0015333553608272538
84000	-5037.046413960806	-4882.745085696912	-154.30132826389357	0.06897218280436349	0.10311267565368697	0.18605264431342933	0.00139901937206129
85000	-5035.7304052916825	-4881.606486665375	-154.12391862630707	0.06957824045464499	0.0638978313660046	0.18264837665443387	0.002213647926994388
86000	-5036.701553351331	-4882.079781473003	-154.62177187832796	0.056270774269223625	0.06740358697097079	0.17300653009734818	0.0011004371733936526
87000	-5036.922455089925	-4880.585344063895	-156.3371110260304	0.07777039748277902	0.10453015175903137	0.2772478637355848	0.0016310896753593863
88000	-5035.982511260626	-4880.893245732639	-155.08926552798658	0.04376803967979739	0.07520370609669103	0.16587262328071972	0.0012556207554159358
89000	-5035.898971595527	-4880.77456369626	-155.12440789926652	0.07186018330780115	0.10666339222355421	0.2534808945446228	0.001551807665828494
90000	-5039.003463602095	-4879.408984038052	-159.59447956404236	0.06639094792924041	0.03722590976165348	0.22050263667798778	0.0012714515509858436
91000	-5038.999662036457	-4886.764614046897	-152.23504798956006	0.06340233685404939	0.08917391215252743	0.13301079080541578	9.822493963395009E-4
92000	-5034.87516694986	-4881.989645257695	-152.8855216921647	0.07803195946226137	0.11298809269901264	0.20611153999348844	0.0022260911785005784
93000	-5036.706374358086	-4880.96342233504	-155.74295202304506	0.07084378461276611	0.12417881132064189	0.257896066737224	0.0021970336555685406
94000	-5036.7411774663615	-4883.505273004972	-153.2359044613892	0.1097236393091747	0.11255440966548153	0.21002738435429494	0.0021338908151744196
95000	-5035.679194215001	-4881.658250694348	-154.02094352065345	0.0637927944070007	0.12650300835073044	0.2025733275375407	0.0016885724399062884
96000	-5034.830169820715	-4881.099074273951	-153.73109554676375	0.06301839275178474	0.08436463428046898	0.19633582218782694	0.0017722765128840255
97000	-5038.738801952539	-4879.574011112786	-159.1647908397524	0.07933764889438158	0.07472057758722955	0.30289472225108166	0.0019434462660129993
98000	-5035.372983171891	-4883.127982877146	-152.2450002947452	0.06821971027919432	0.07833735713669232	0.16244634511538705	0.0015543480490159405
99000	-5035.586359304891	-4881.996008548571	-153.59035075631996	0.069948601126212	0.08261884569582649	0.20224946760103976	0.00263732954860725
100000	-5036.082147562323	-4884.774093570983	-151.30805399134073	0.08751960786228578	0.10173083734407899	0.17218197655814488	0.0032331152038544966
101000	-5037.507347399625	-4880.642966717198	-156.86438068242714	0.0339154512676279	0.0729528619199454	0.1583922095432107	8.579240187310185E-4
102000	-5035.680333087913	-4881.572918990377	-154.10741409753612	0.05003287752704828	0.07458167110933867	0.16906293613606815	0.00113746286794942
103000	-5037.213245510622	-4881.424120274863	-155.7891252357599	0.05403006363133322	0.11653956416542918	0.19083803122244497	0.001414490237502471
104000	-5037.845981960057	-4884.465591114811	-153.38039084524587	0.05521330407235746	0.18127404391722557	0.14119390384233688	0.0015772338969139157
105000	-5036.060579536214	-4880.967640200964	-155.09293933525058	0.08709090935308214	0.06649956610620715	0.22367654917300328	0.002770693859309554
106000	-5036.062901113961	-4881.741614740618	-154.32128637334228	0.047719477432114236	0.07087989419266359	0.15415091542626896	0.001210292127015237
107000	-5040.783487587336	-4884.884479639478	-155.89900794785768	0.12253866862638989	0.037956533895386876	0.1796698384324496	0.0014081157344591876
108000	-5035.526067099902	-4881.774287457654	-153.75177964224835	0.05399817708015758	0.09892048291160388	0.184662686898086	0.0011780467260991486
109000	-5035.474216551241	-4881.313923129253	-154.1602934219875	0.055564975478625725	0.07714295645630091	0.17558211463734813	0.0016391459060746483
110000	-5040.527326220597	-4886.943820089041	-153.58350613155613	0.14378623441135185	0.131983334734872	0.20245315889838644	0.005979330707387022
111000	-5034.6397710027395	-4881.286156287693	-153.35361471504623	0.05729179590297651	0.09617630664901318	0.18985466256787425	0.0016879714708556278
112000	-5038.999967983779	-4884.775547730838	-154.2244202529406	0.07786921530488812	0.1153745918007286	0.2529460665583087	6.768488698902738E-4
113000	-5045.536371387782	-4886.302312739275	-159.23405864850685	0.02347260537254938	0.10844291542312369	0.13576215564021352	0.0014275671320300488
114000	-5036.617068539491	-4882.399602071546	-154.2174664679451	0.060697356708820496	0.07972936558514987	0.16617950913048965	0.002066192688901156
115000	-5034.714546576171	-4882.826018401808	-151.88852817436327	0.0681938281997924	0.11679244657175156	0.17895238341429812	0.001632872127842056
116000	-5035.326830268743	-4881.100718405942	-154.2261118628008	0.06863520188542864	0.10597703428321115	0.2225403969931188	0.0020854476253183143
117000	-5040.010533841418	-4884.704755738125	-155.30577810329274	0.04758477063689747	0.1254495610438711	0.13244149797439206	0.0019556800694130443
118000	-5035.5115557828485	-4883.189422648768	-152.32213313407982	0.08414645034042104	0.1426551011446292	0.19525143483989904	0.002072658605838037
119000	-5036.269821567915	-4883.242517595028	-153.0273039728861	0.06400378271585272	0.1437694064626963	0.18687415019295947	0.0024766707141041034
120000	-5036.999002369294	-4881.9061715705175	-155.09283079877665	0.10573156530068094	0.11200793168755123	0.24816569722692072	0.003443550284727864
121000	-5035.351614656597	-4883.650027658985	-151.7015869976121	0.09688015669188108	0.08510879924343007	0.18358306603527197	0.002958632510176193
122000	-5035.291251088943	-4883.869088384494	-151.42216270444882	0.0925987809139155	0.12251091164248769	0.18571153862141113	0.0023020990631152007
123000	-5036.218019513498	-4883.17140445782	-153.04661505567756	0.06157367383532228	0.07348421931778397	0.14953201803413355	0.0019451963474355876
124000	-5035.131515147901	-4883.970331956609	-151.16118319129245	0.07580490024470765	0.08509095799741274	0.15766921935856992	0.0019554954625140976
125000	-5035.8808871989295	-4884.383667174273	-151.49722002465623	0.10624217407576014	0.14036895640154579	0.19541994514211905	0.0023279262968975843
126000	-5037.449502323404	-4880.841127477035	-156.60837484636923	0.0679915856677284	0.049003558455787084	0.19760498134597332	0.002374962756714252
127000	-5035.073937102903	-4883.714161788512	-151.35977531439136	0.07523182106740717	0.1142308369515937	0.1719982030329101	0.002504487477242426
128000	-5039.694969630406	-4880.836558768711	-158.85841086169552	0.0612637415139196	0.06621789429488041	0.19828859626950063	0.001344260199201432
129000	-5038.650781785995	-4880.585478900909	-158.0653028850857	0.04088195953502742	0.09446840104134466	0.2194469199682999	8.381305172421049E-4
130000	-5039.492713101322	-4883.981167713092	-155.51154538822988	0.05916155435234864	0.10564744729363204	0.15401122870665854	0.0023023513572235045
131000	-5041.430904641905	-4878.974405643838	-162.45649899806708	0.02504665034892452	0.05224026938362248	0.18084387468490587	7.369033395644046E-4
132000	-5039.599196959601	-4888.814539759578	-150.784657200023	0.1372589650281647	0.09082379218756063	0.15706794834729307	0.0025422710423781796
133000	-5038.260269166257	-4881.222673592976	-157.03759557328084	0.05387429851770775	0.044999612589042864	0.15610541268628322	0.0017240858281799163
134000	-5035.013475658824	-4880.974658011062	-154.03881764776148	0.06257497908118849	0.09173785605307459	0.21135770954891167	0.002006432265459872
135000	-5036.219747096715	-4884.12674140032	-152.0930056963954	0.11038675393327725	0.12490796711543965	0.19658292210464007	0.002833282851036589
136000	-5035.924935570735	-4883.372750811668	-152.552184759067	0.08965360946095347	0.07166859717997892	0.18331243359111174	0.0031246852279011895
137000	-5035.485700959206	-4882.448987436724	-153.03671352248267	0.07876929638371173	0.10712350650793469	0.22638777770757382	0.0012840079282625128
138000	-5037.184842600194	-4881.345540579065	-155.83930202112927	0.04211643434092743	0.07507422014593168	0.16538492467865892	9.394164357241334E-4
139000	-5036.7389946702315	-4882.68715578183	-154.05183888840074	0.05331723017371929	0.08773818301138678	0.18150836410164659	0.0022883612024547106
140000	-5036.728443509941	-4882.396728929955	-154.33171457998566	0.06387571212857363	0.09844272860061296	0.19019669141524967	0.0012442234681398878
141000	-5038.325145644159	-4886.943403378766	-151.38174226539388	0.1043052314365522	0.06287950422344889	0.14540031415341517	0.0022056141823000603
142000	-5037.937800625833	-4880.67798794078	-157.25981268505282	0.04520034212617502	0.06941630191968955	0.17258993374348147	0.0014511840034042486
143000	-5039.098431200383	-4879.615822731766	-159.48260846861706	0.05065275074036865	0.03600919804673163	0.1811411510944121	0.0011495257641022194
144000	-5038.7365500605165	-4887.427518418011	-151.30903164250594	0.07380309270932565	0.122496664982022	0.16126968157260263	8.088931321209572E-4
145000	-5035.886623389674	-4882.6194329784485	-153.2671904112261	0.08687690996054888	0.14415287325118514	0.21252856952423912	0.0025832639895277186
146000	-5037.8319356320035	-4883.700796689067	-154.13113894293684	0.0379957737523184	0.10250575998184876	0.12205923796143492	8.556261570855545E-4
147000	-5034.916444659127	-4883.51133782461	-151.40510683451663	0.0760461912267738	0.0873394046927067	0.16457112300278542	0.002055501316538263
148000	-5036.679929462384	-4883.65746669486	-153.02246276752416	0.06893491502486633	0.09183529383482456	0.15639804226821705	0.0018344824646541755
149000	-5035.774148228969	-4882.688238482043	-153.0859097469269	0.059118465237182526	0.15265713221225405	0.17480041306787045	0.0015940240411379252
150000	-5036.118396118297	-4880.776904177151	-155.34149194114647	0.05241236710693508	0.09697626276776365	0.20509671666200543	0.00167058334896948
151000	-5036.923829084648	-4884.180614693355	-152.74321439129255	0.060633248753148225	0.12938019947518406	0.1703275735871613	0.0025961961402138573
152000	-5037.555673967584	-4881.194184285302	-156.3614896822815	0.07998019791565072	0.041042713644475155	0.18277686594778678	0.0019042905862667416
153000	-5037.179274139823	-4880.6966145372535	-156.48265960256947	0.035197927613114695	0.08572618685953409	0.1676771057146842	8.79581317722742E-4
154000	-5036.385189665874	-4880.2295070713735	-156.15568259450106	0.05140032058274425	0.06752989628025219	0.19694658302632229	0.0016059457379028403
155000	-5036.811868872112	-4882.307765113113	-154.5041037589991	0.06900568219117949	0.13644472646826067	0.2034573732254632	0.0014943713958303136
156000	-5035.8580210655	-4881.853405817588	-154.0046152479121	0.07726989421107926	0.057805323880512426	0.17906453840668782	0.0020652169360289526
157000	-5037.968086110054	-4884.876551569197	-153.09153454085737	0.056308784717209626	0.07760398594839586	0.13500083165453275	0.002320150093440818
158000	-5038.152859022931	-4879.14604937086	-159.00680965207067	0.06175236599351473	0.053312053224187396	0.25470691214315033	0.001368895779053781
159000	-5036.868468336508	-4881.547087648494	-155.32138068801433	0.045220385067162416	0.16200014747177646	0.1820496853914171	0.0012284560288762577
160000	-5035.8479174351305	-4881.449034930534	-154.39888250459586	0.0994176354778502	0.11526993553919965	0.2512017361612484	0.0028995725802564163
161000	-5041.235455233097	-4887.78196010235	-153.45349513074714	0.057296999448307524	0.0728151821247628	0.13134374448051636	0.003062591977608765
162000	-5034.597821755173	-4881.591776081141	-153.00604567403187	0.09164783975544295	0.0847294440478645	0.21640731384311307	0.0021955693098730886
163000	-5036.279175584012	-4881.16622678993	-155.11294879408138	0.04740631686521086	0.12808280806034114	0.19772739337608725	0.0015538470252422884
164000	-5036.20106130822	-4885.343608380325	-150.85745292789503	0.07098424976515863	0.10936321793939639	0.146853534848264	0.0025574523959286275
165000	-5035.396851892695	-4881.406928726117	-153.98992316657802	0.06414745351034853	0.12977833934336294	0.21324247123096865	0.001740620376874559
166000	-5034.433708807167	-4882.783529710057	-151.65017909710946	0.07502369300315058	0.11271035658887142	0.18549887676753873	0.0018401695846419193
167000	-5042.484711649234	-4884.579798825166	-157.9049128240677	0.02553412970726561	0.08964111645589382	0.10437757418336018	4.4799259871441445E-4
168000	-5037.636492316792	-4881.278741526776	-156.35775079001627	0.03442160473826607	0.10214910221347853	0.14805361719302984	9.890778741729162E-4
169000	-5035.359036747018	-4881.2923102521145	-154.06672649490358	0.07410460731927541	0.1098330158540003	0.22256365453783708	0.0018475431447494111
170000	-5035.313312288467	-4882.165383584776	-153.14792870369172	0.056833014769107265	0.14301581939444138	0.18499373636658908	0.001388305950321697
171000	-5036.76437112293	-4883.049180989665	-153.71519013326576	0.058905137966042506	0.11782588327235961	0.19859059214898242	0.0025346989034578803
172000	-5035.78640023581	-4881.178651000118	-154.60774923569213	0.05575181922003211	0.06650639947027116	0.172466579723114	0.001653995615610224
173000	-5037.317119912772	-4884.968342507383	-152.34877740538906	0.07363407151917173	0.0707464223865458	0.14026881670556618	0.0018154836888342935
174000	-5037.395992313947	-4879.882893858507	-157.51309845544102	0.045007026163510565	0.052952684602979146	0.18390374609549578	0.0011309186076190521
175000	-5038.783269093119	-4883.735243047398	-155.04802604572114	0.09002271923624726	0.21807902546755226	0.2029733149348417	0.00242574289131545
176000	-5037.548638723011	-4881.325889145869	-156.22274957714208	0.04223596497675399	0.07610019075183108	0.16297607963936123	9.819615456843102E-4
177000	-5036.71251103247	-4881.824599733912	-154.8879112985575	0.055273934310719995	0.13157674525415297	0.18552134486197838	0.00147362531920634
178000	-5036.190157976365	-4885.468595316155	-150.72156266020986	0.07498900509998986	0.10135251768422934	0.16137019891840235	0.0011746438523464837
179000	-5035.877093838158	-4884.036335160703	-151.84075867745509	0.06203843530837329	0.11355536878890857	0.16685544871092028	0.0010984072473911705
180000	-5035.713416330313	-4883.647280437169	-152.06613589314398	0.11386906925305545	0.0783393236880863	0.20090312070505387	0.001969524814728138
181000	-5036.458711216543	-4880.116369936732	-156.34234127981148	0.04136685868956828	0.09172159409057645	0.20660442791642689	0.0011258376944171357
182000	-5038.655179544704	-4882.964751239392	-155.69042830531154	0.08897905088910164	0.05220380258784818	0.17045979038579592	0.002238906032916264
183000	-5036.242585862703	-4880.232977593025	-156.0096082696781	0.08221882521200652	0.06492787327771019	0.24133771022394943	0.0025481374584435564
184000	-5038.320163797068	-4885.251929226601	-153.06823457046747	0.04755088238158311	0.11555758078181808	0.11616869439744441	0.001650229107717913
185000	-5035.953131573531	-4883.2234436341705	-152.72968793936053	0.07115409254902641	0.09449029126144703	0.16695342295321589	0.0017897059231043301
186000	-5037.373180940699	-4886.099259905769	-151.2739210349303	0.05792427511453404	0.10988364863779863	0.11967328882415823	0.0017199802679258814
187000	-5038.683436723082	-4883.028637349348	-155.6547993737344	0.0713379787265019	0.04417442009559114	0.17685325702372667	0.0010128546506776462
188000	-5038.935588777307	-4879.4253008382775	-159.51028793903004	0.04934718189420764	0.07099726421659168	0.2633557990687759	0.0013616195637266549
189000	-5036.569948610168	-4884.784117192847	-151.78583141732068	0.10223378810405147	0.06704367150577556	0.16509478818105697	0.0024170131461928508
190000	-5039.5491696654535	-4882.524858459802	-157.02431120565188	0.03240984835070871	0.16136168085398883	0.13562671183802036	0.0012464742325742364
191000	-5036.010957876866	-4883.390416181166	-152.6205416957003	0.07793669896258466	0.08464811148290276	0.1786520396943215	0.0014822263373555108
192000	-5035.449399337565	-4882.333826691952	-153.11557264561364	0.05659755978068823	0.07656417718091764	0.16959423742514876	0.0011556197632027322
193000	-5035.653625409451	-4880.7910293568275	-154.86259605262342	0.046378980831579035	0.08044992356505676	0.1795558793760855	0.0014875511800554065
194000	-5038.515522520346	-4880.558836208692	-157.9566863116547	0.050856610760990545	0.11608500579248181	0.25767363217575945	0.0016333665695683502
195000	-5037.733143349602	-4882.556303738149	-155.17683961145278	0.04541192576294608	0.16164914991322168	0.17423998371447996	9.185046874223215E-4
196000	-5034.933837146016	-4881.940846709017	-152.99299043699935	0.06857171296313182	0.09489296405548142	0.18908424469210902	0.0017104465298208834
197000	-5035.702081647898	-4881.635641103554	-154.0664405443439	0.05476656091656662	0.07986609279181284	0.18550904275444838	0.0011211735637099603
198000	-5036.13175655815	-4880.721879076731	-155.40987748141924	0.07884677341063083	0.05885046466600161	0.20575849057582507	0.0021434157512683315
199000	-5038.464229259553	-4885.409739624054	-153.05448963549904	0.06296795845349291	0.11616656079502975	0.1635908039166265	0.002982118020872
200000	-5037.268287500519	-4884.432763188576	-152.83552431194343	0.04793122188723496	0.08439234682670273	0.13279681154127257	9.07781416989243E-4
201000	-5034.478462421048	-4881.672360994546	-152.80610142650187	0.0705578727214347	0.11628918125322645	0.2085338989023405	0.001765556168371646
202000	-5036.432045084272	-4883.223447769938	-153.20859731433472	0.04458453885787097	0.11563528152036111	0.13931360181742486	0.0010624076201383734
203000	-5034.758003175735	-4883.283752576926	-151.4742505988085	0.08419383989754789	0.10017600047837569	0.19336382605777644	0.0015710991523081262
204000	-5035.81289989011	-4882.607586394969	-153.2053134951407	0.08956589050777147	0.09292126047500113	0.19695069459230516	0.002091782808203381
205000	-5036.10003002295	-4881.530893881089	-154.56913614186118	0.0609480418286017	0.06460784917427245	0.19715788987227353	0.0011001938463513475
206000	-5040.305991145797	-4881.051275939219	-159.2547152065779	0.029444504197445407	0.08236570912394352	0.1444658223234897	0.0011079855621370606
207000	-5037.8610892762445	-4880.918093982195	-156.94299529404873	0.03876314001249903	0.08129211179899172	0.16495045226981012	0.0013450580008429259
208000	-5035.399418466709	-4881.8918521100895	-153.50756635661944	0.07717658331959638	0.10440443664798796	0.2156594321560146	0.0026451711742602356
209000	-5036.85085732066	-4883.122140791385	-153.728716529275	0.07150394721325064	0.12332829277137293	0.2187487925521046	0.0010666037719559154
210000	-5035.850771085856	-4883.298194690364	-152.55257639549166	0.09687997228398128	0.14067548494363058	0.2096309054752951	0.0031264639990103214
211000	-5036.145941422582	-4883.5207538619115	-152.6251875606707	0.0806923718618445	0.06966919528990449	0.17377494800556817	0.0029469283372448867
212000	-5039.343926627169	-4880.116877955594	-159.22704867157563	0.03225501560793997	0.07456245766020476	0.1890143036625883	0.0011696591874214774
213000	-5036.495376184527	-4885.506472054574	-150.98890412995306	0.09719122352682957	0.12480758016485224	0.18503752461319986	0.0014640712148078518
214000	-5035.168548591284	-4880.968001658065	-154.20054693321885	0.05087551763404591	0.09876499900537689	0.1963817632198714	0.0012411853934578129
215000	-5039.1910071406355	-4881.189936202239	-158.00107093839682	0.03217321233529754	0.061124308511401534	0.15062983210085903	6.835969776615529E-4
216000	-5036.454139038474	-4883.577001502082	-152.87713753639176	0.07313466250851372	0.10242715260091578	0.1789173299492339	0.0028070795198854373
217000	-5037.702425854699	-4886.885055203461	-150.81737065123835	0.07548283524356049	0.08889051393914814	0.12994413067623853	0.0016805705594358257
218000	-5036.207254096258	-4881.375159481037	-154.83209461522102	0.05898229476441458	0.09880850835227012	0.2026122173931685	0.0020337600287436285
219000	-5035.500203302582	-4883.28468821128	-152.2155150913023	0.057645726604931176	0.10214989898188682	0.15037070905713765	0.0017199731901293078
220000	-5036.057885048096	-4881.064952823031	-154.99293222506589	0.0975073521833504	0.06121371185057924	0.2170692058512167	0.002419035118187644
221000	-5035.753820371192	-4883.164210684388	-152.58960968680367	0.10695096315067576	0.0922549142851927	0.21043700081646885	0.001928229599324902
222000	-5037.431624761175	-4880.3260708399375	-157.10555392123774	0.07780017720478005	0.04864912269794508	0.20826179773514117	0.0017269630726305617
223000	-5035.213585928397	-4881.0119094572365	-154.20167647116105	0.08119713659089972	0.06968094343466866	0.2135305251991352	0.002465255001867041
224000	-5035.287980245932	-4883.283362847008	-152.0046173989243	0.07136937088805995	0.07588870007200918	0.16002231422622298	0.0021921814342801076
225000	-5038.60455418498	-4880.257961628332	-158.3465925566477	0.10884291791460168	0.04400851345885423	0.24155646251686155	0.0018902366774988953
226000	-5034.6819019083	-4881.659071134851	-153.02283077344896	0.06859498481057746	0.08472960426566922	0.18898279384934477	0.001853063662223607
227000	-5039.826763212599	-4881.762855844114	-158.06390736848508	0.0698478199129144	0.05672639684199334	0.18942361930095086	0.002586896608849483
228000	-5036.116903820954	-4885.901848066975	-150.21505575397876	0.08916681818648085	0.13814257461590634	0.16158170218902823	0.0018543508618826298
229000	-5041.653746300651	-4886.760399030663	-154.89334726998723	0.14600094089596777	0.045955372908512274	0.1688053059881635	0.0030207160131505853
230000	-5039.6419339660815	-4883.076893250111	-156.56504071597007	0.0863421190558763	0.11257617476257928	0.20196475671760689	0.0016633364692170362
231000	-5035.69718088461	-4882.272653118103	-153.42452776650666	0.09792356460595	0.08056068168149633	0.23061577791541804	0.0015352699986628747
232000	-5040.011896556983	-4881.784172709809	-158.22772384717302	0.10260191890957841	0.034771291382757905	0.21317718834108898	0.001301651900391299
233000	-5035.372994274004	-4881.623574873291	-153.7494194007132	0.058030569768044146	0.10991595597783597	0.19321080037641367	0.0013716146909863302
234000	-5036.451755327014	-4880.5833699497425	-155.86838537727166	0.05436294476924026	0.06681972308645918	0.20984815400233964	0.0010986214257201674
235000	-5043.277548571038	-4880.007905918658	-163.2696426523797	0.040651886651585374	0.031025413691924495	0.16110282108553675	0.0015410937842806614
236000	-5039.227396933915	-4879.927080278443	-159.30031665547213	0.06348827928510002	0.08874205263482303	0.2732066799286573	0.001677700805107486
237000	-5035.41831275004	-4883.847493596431	-151.5708191536083	0.07169769523686527	0.12272955587663462	0.17319801899840792	0.0014547865745834498
238000	-5036.681409155715	-4880.809682136486	-155.87172701922873	0.07766641481328913	0.06047302018126853	0.22996610064481676	0.0013665272264436368
239000	-5036.256196285652	-4882.307046527572	-153.94914975807927	0.05435392280873402	0.12090729429812748	0.19904355340903565	9.824612858343512E-4
240000	-5035.304210906568	-4881.586268093714	-153.71794281285375	0.10774524945074844	0.07394288789422959	0.22458625344401784	0.0023462184681812314
241000	-5035.126924034657	-4881.6684147417445	-153.4585092929128	0.09002150722302157	0.06779333158133238	0.20230403413357503	0.002125069495625257
242000	-5034.98974988507	-4882.486736176371	-152.50301370869832	0.07311795852618706	0.12728663216566308	0.19309994478599132	0.001890909720458763
243000	-5035.5269056395055	-4882.437788729839	-153.08911690966661	0.06775416128432916	0.07741996123461398	0.1956946400230655	0.0011509804669220273
244000	-5036.737135486248	-4881.699264446856	-155.03787103939163	0.07632364217369424	0.14533175152348562	0.2362545760163886	0.0024029624549239377
245000	-5037.239807507226	-4880.124623681272	-157.1151838259536	0.03588399247288599	0.07068012557684591	0.17268934043880702	9.96006775176115E-4
246000	-5035.561225378197	-4882.401740366729	-153.15948501146775	0.04646273843342412	0.11360487473137355	0.15135910000965883	0.0014679064360376345
247000	-5036.439582676095	-4884.489022159555	-151.9505605165394	0.06946586821033622	0.06932519280065276	0.1428946434721725	0.0015534601214787637
248000	-5034.985951926715	-4881.948571919542	-153.0373800071733	0.10601819464520443	0.09115713324672638	0.2256443524365772	0.002335543808182973
249000	-5037.438583601181	-4883.718452885069	-153.72013071611093	0.1300284896293612	0.0690437733756677	0.20566918886892613	0.002127418837856272
250000	-5036.143661233908	-4882.538976202901	-153.6046850310069	0.06304625265069463	0.05902822250699625	0.15337663947950606	0.0016570031084040435
251000	-5036.095932477457	-4882.948920816689	-153.14701166076762	0.08667687200841435	0.09769671618620307	0.21457598425972366	0.0034265879664579124
252000	-5040.137786284507	-4881.071622416164	-159.06616386834196	0.032167110581334875	0.054542361893106	0.12759318359258406	9.329596964357793E-4
253000	-5038.785114830553	-4884.428742020381	-154.3563728101719	0.1234740729715152	0.07801598674397352	0.21674945454742212	0.0014677199941432737
254000	-5036.967880904315	-4883.223561675991	-153.74431922832406	0.1085053703269141	0.12774021628193602	0.23436515352892304	0.0040460599509118565
255000	-5035.479690753135	-4882.601849767171	-152.87784098596433	0.07354873390406304	0.06709879898913564	0.1690717739982413	0.0017803596302006857
256000	-5036.897505439166	-4880.34410907031	-156.55339636885546	0.0772160947316163	0.05166232109260743	0.2205043795853569	0.00150662032708285
257000	-5036.095640964358	-4883.911824692767	-152.18381627159013	0.07432384099961983	0.07817013242878382	0.155319290993582	0.0018354704100726402
258000	-5036.472495437541	-4880.6939683193705	-155.77852711816973	0.06683752660480637	0.05742051719259434	0.19433433522710608	0.002052150641971219
259000	-5039.459886398358	-4878.698666907075	-160.76121949128364	0.06707408037855621	0.038295197793069044	0.24043988709775296	0.0018853543353268042
260000	-5036.3924263372755	-4880.711316396477	-155.68110994079865	0.060805655044906766	0.09891374711961382	0.23426936785224103	0.001989952312325873
261000	-5037.17695590972	-4882.634819814095	-154.54213609562518	0.07236528687786495	0.0735127560988947	0.1837154618241241	0.0013529742486951236
262000	-5035.257255331852	-4883.947725119328	-151.30953021252412	0.08221410111880874	0.09656712229597095	0.1673977206011719	0.002291179745839034
263000	-5037.679982146449	-4881.545807619113	-156.13417452733663	0.095448235829495	0.12752326686581686	0.2722778122049011	0.0017680555966547889
264000	-5035.063605772774	-4882.937123477724	-152.12648229505066	0.05495507981743416	0.1030454674354225	0.1529453240515991	0.001474270846637852
265000	-5037.422164862432	-4881.730620460101	-155.69154440233027	0.05537094849282051	0.05054836169591283	0.17160647085654374	0.001026505295985903
266000	-5037.716725924425	-4881.910802001177	-155.805923923248	0.12390568362241759	0.12939806307762844	0.26509667782980356	0.0036293181849370378
267000	-5036.471581392363	-4880.951020977804	-155.52056041455975	0.0744518920268884	0.052279114489360054	0.19819429480558973	0.002410029851174453
268000	-5038.478068826176	-4887.206430295413	-151.2716385307633	0.07896560507054486	0.07240013371521144	0.16072673677461682	8.005344568097093E-4
269000	-5037.5065536504435	-4884.669487024677	-152.83706662576628	0.10087841583681909	0.06616119081674257	0.16749217748738182	0.0020190714808637714
270000	-5035.573792648623	-4882.221388180978	-153.35240446764467	0.06254014420210005	0.06531609247874472	0.16082506390546997	0.001870209413507035
271000	-5036.587648318231	-4882.745841641786	-153.84180667644546	0.052937883670934646	0.09304114887523188	0.15324444805329698	0.0018168693493439522
272000	-5037.039533526918	-4886.364417172327	-150.6751163545904	0.08294901594294095	0.12831283577863822	0.15946702424824935	0.0013328460655007278
273000	-5036.101512806145	-4884.562074197074	-151.53943860907114	0.08981402101657167	0.10681043666485412	0.2027517670508921	0.001188240905599378
274000	-5036.831094401778	-4880.038015871356	-156.7930785304217	0.0675333458508249	0.05668555700272375	0.22664109472562258	0.0022361229352784247
275000	-5039.335480709222	-4880.926181828167	-158.4092988810549	0.06499738902029846	0.04141597362583158	0.1744783607943911	0.0014451887867245213
276000	-5036.442024619183	-4879.923136373745	-156.51888824543732	0.057632315169517105	0.05590523921307944	0.20981384898407185	0.0013138172621613472
277000	-5038.291517115566	-4887.142228242679	-151.14928887288684	0.06088274042293499	0.1233430371284034	0.11610973664023928	0.0018502746206543747
278000	-5041.267151240102	-4878.0877620613255	-163.1793891787769	0.049554030387622384	0.036784886788606065	0.25354485275434296	0.0012880060907452745
279000	-5035.669849973698	-4884.770592737416	-150.89925723628173	0.08242824379943162	0.12005050804039102	0.18714270266455918	0.0012255938602311924
280000	-5041.050775421273	-4880.654148938922	-160.39662648235156	0.032471267724600524	0.04664260592801356	0.13476496678653932	0.0011641499362206123
281000	-5036.845508077011	-4880.784582265485	-156.06092581152546	0.08350302843526008	0.06047142432897576	0.21949005535662477	0.0026446580737355292
282000	-5034.726214703281	-4883.535131333138	-151.19108337014228	0.08236860682678397	0.08648138911339426	0.1709134181553695	0.002041085695532255
283000	-5036.267032217842	-4881.2421169829	-155.02491523494157	0.06894922396687977	0.06074228632014286	0.1848694076571565	0.0017162572535590432
284000	-5036.196286181224	-4883.170586503705	-153.02569967752012	0.05986737408216664	0.12628796197364847	0.20200811562526944	9.282741224236748E-4
285000	-5034.565121860622	-4882.703917097657	-151.86120476296526	0.06801655406319974	0.10212134388760144	0.17451292754144315	0.0017467253576669952
286000	-5039.111829114754	-4882.152540985093	-156.9592881296616	0.050463691505552695	0.1441098278952239	0.2371064189564908	7.875613445591566E-4
287000	-5038.7064333323015	-4882.208405867132	-156.49802746516974	0.06502314491780255	0.04457070120950566	0.18818529645715623	9.459399565463357E-4
288000	-5036.4053677487145	-4882.348049733919	-154.05731801479547	0.09354503901196813	0.1080603377284437	0.21822647394149333	0.003040867596459901
289000	-5036.509383053338	-4884.616926308212	-151.8924567451257	0.0624941680903896	0.12298917678072581	0.15916912863915011	0.0011099821789902018
290000	-5037.134345563382	-4886.307470041825	-150.82687552155744	0.08510882026543898	0.09246319888837211	0.15304158132983106	0.0033472992127006134
291000	-5038.105231985122	-4881.88292589004	-156.22230609508313	0.0981231335414113	0.04032114620057717	0.1895860068364079	0.0023738170377004394
292000	-5040.337123950872	-4884.068488966762	-156.26863498411012	0.05220180709867973	0.06116511265441306	0.14238899978180736	0.0023132025191406366
293000	-5039.061544773147	-4884.541207696249	-154.52033707689782	0.06289367907428194	0.08502068747092716	0.1372115968192085	0.001966142524688602
294000	-5038.8931376344835	-4888.3260753961895	-150.56706223829397	0.0826085983258446	0.09312136441590423	0.13050720304493776	0.003119128133711248
295000	-5035.006340600458	-4883.064698266318	-151.94164233413989	0.06455665394461435	0.08241726711249524	0.15745522011846688	0.0016721120897246035
296000	-5037.889944600594	-4881.830120887431	-156.05982371316378	0.04080166292769751	0.13537036451409715	0.16300335792722592	0.0014165105583001203
297000	-5035.639467193326	-4882.098641702246	-153.5408254910801	0.08968353652108282	0.05938445924856718	0.18783599299715445	0.002283425018936606
298000	-5035.5413827538205	-4884.721042257745	-150.82034049607563	0.08918215709088781	0.09828784001144232	0.16640685208843914	0.0028197127543580537
299000	-5040.783119648184	-4883.2992880811225	-157.4838315670617	0.03027567373525917	0.1043252439807068	0.10335296345574012	9.084294969988493E-4
300000	-5037.144913087656	-4882.040474422692	-155.10443866496422	0.10580751585744344	0.10210048181854178	0.22929466542257917	0.0031075644026849333
301000	-5036.333426295573	-4881.955769056639	-154.3776572389343	0.09278058844558736	0.052191904568216256	0.18977834429277338	0.0024538250369401785
302000	-5037.134250026636	-4880.913549970204	-156.22070005643218	0.03440008742081618	0.08224478884137978	0.14955406023045992	0.0010619658480784846
303000	-5037.651662960557	-4881.182695001373	-156.46896795918425	0.03242377094383833	0.09174289707822708	0.14241349369061845	9.301773252635154E-4
304000	-5039.638479269932	-4882.568952519653	-157.06952675027858	0.055619515093290404	0.078694718084315	0.16169643191661284	0.0020811137317356654
305000	-5036.024578991589	-4882.910171834082	-153.11440715750732	0.05790221308200323	0.08204115879403602	0.15972945161511426	0.0012322364223693756
306000	-5040.120027363847	-4880.195600790447	-159.92442657339993	0.021300990652938397	0.11041199596386489	0.15110209303677433	5.704789174672704E-4
307000	-5038.99834996272	-4880.909605688415	-158.08874427430516	0.042837510173474085	0.06712735351139669	0.2046551842733762	0.0017496159477328377
308000	-5036.08149389301	-4884.314690254101	-151.76680363890867	0.0935075594184378	0.08280413653766949	0.17014495678617522	0.0021015077218937317
309000	-5037.071926930888	-4884.867814096165	-152.20411283472387	0.08081612478046866	0.1152724302947192	0.17604628037321907	0.0033203551052686103
310000	-5036.045048740914	-4883.8640846094395	-152.1809641314745	0.09560180506634158	0.08904049678794823	0.1792634522039937	0.002244004401631206
311000	-5043.047222258135	-4884.702685059848	-158.34453719828738	0.031192918639741718	0.05884125880577219	0.09708530868056091	6.206118321563205E-4
312000	-5036.783750769468	-4884.1397031297	-152.64404763976768	0.04745172129289183	0.0935578656203905	0.1299240000875498	0.0010418123052027815
313000	-5037.950100940282	-4881.763635469657	-156.18646547062517	0.036000088674267836	0.08013836060991478	0.1528897046953768	0.0014651654781781005
314000	-5035.2658155595245	-4882.269949304153	-152.99586625537145	0.049721003369402376	0.11278009901258088	0.16026221831200974	0.0013186431942586634
315000	-5036.414670495463	-4880.449347631051	-155.9653228644119	0.07763871566808961	0.05707018702042839	0.22994764917602942	0.0014519354699849473
316000	-5034.697318236243	-4882.3040938641225	-152.39322437211987	0.056593257420590945	0.09630109590599022	0.16700618881963109	0.0014014057574032613
317000	-5036.564655326562	-4884.379618246638	-152.18503707992505	0.122897471048462	0.1284905528626623	0.2025462004839566	0.003140978728695888
318000	-5037.97318731043	-4884.2031034838965	-153.7700838265333	0.07479546177024948	0.16867173830606746	0.20227077399372217	0.0011240646705634424
319000	-5038.66384826226	-4885.347085912513	-153.31676234974736	0.05932879664475293	0.10318552107619516	0.15746623582847807	0.0028362739536615606
320000	-5035.72219906418	-4881.664153631099	-154.05804543308145	0.0680778777572136	0.07969991148663971	0.2199181686399709	0.0011589567905451472
321000	-5035.332502199267	-4882.772760980216	-152.55974121905092	0.05196480208274623	0.12852246809619305	0.15659280399185274	0.0014433039871843737
322000	-5035.884643218141	-4882.6166067932545	-153.26803642488647	0.09784760243962716	0.09837055789267075	0.20945472862496461	0.002082837245855703
323000	-5035.09602993611	-4880.800514662199	-154.2955152739117	0.05604963481614052	0.098152537538644	0.2062459664912877	0.001620798137314813
324000	-5036.026162691401	-4880.129430559423	-155.8967321319777	0.05831916388612334	0.056010209896192334	0.19480267904844145	0.0016452666303140085
325000	-5034.652075259796	-4883.288319543896	-151.36375571590003	0.08895422612869952	0.10739049521773839	0.1880293358776567	0.0025926573486129982
326000	-5034.811896031222	-4881.452481986203	-153.35941404501915	0.060342953948801695	0.10444745790566691	0.1936326154695875	0.0017454004037146806
327000	-5037.048561358422	-4884.144920561647	-152.903640796775	0.05923899702972207	0.10241199245229458	0.1570848173774724	0.0024573649623525298
328000	-5040.839025829624	-4885.421606508445	-155.41741932117915	0.15616297557412115	0.06913452339542162	0.21001056640139523	0.005249383435887781
329000	-5035.75617249974	-4882.280019044984	-153.47615345475606	0.1178636820655219	0.09358459660529325	0.23446378998398165	0.0022280594075730943
330000	-5034.758565686924	-4881.322170356084	-153.43639533084053	0.06185107033219452	0.09862889525528176	0.20107590835572783	0.001970610527246462
331000	-5039.7768270910765	-4882.147849367749	-157.628977723328	0.05757388692596696	0.10610912143881376	0.24208874073243927	0.00243016087572707
332000	-5034.748955865943	-4882.52121255552	-152.2277433104223	0.07669235300648945	0.08200804057965268	0.1800247585742879	0.002281786146540619
333000	-5037.8745994028495	-4884.303954559479	-153.5706448433706	0.052954051760658746	0.06845511659549737	0.12612277650250323	0.0018861670548848382
334000	-5035.520997939539	-4882.523938714061	-152.99705922547807	0.06668120462144063	0.07568574030759607	0.1651713870035327	0.0018292449808096022
335000	-5035.267516012993	-4883.789146166887	-151.47836984610583	0.06787475082356904	0.09205251941300159	0.15507199861315155	0.0021926289393192624
336000	-5035.452995110529	-4883.149934040927	-152.30306106960177	0.054572966920099386	0.12594060946102867	0.15483250302414975	0.001770965829223751
337000	-5037.843785227817	-4885.6242142891	-152.21957093871734	0.07034599062025923	0.16611345778372377	0.1653539542573993	0.0011121692954675648
338000	-5036.611981969791	-4885.37060552105	-151.24137644874062	0.07244287965255797	0.08118742732961756	0.13972679063350152	0.0024063459130536807
339000	-5035.285133243364	-4883.172491511214	-152.11264173214983	0.09312375605674958	0.08964448284640415	0.18715775288548417	0.002583197161225264
340000	-5037.446604170587	-4881.355390339666	-156.09121383092162	0.12754390775576338	0.08081238527390518	0.24785316645845037	0.0029410414467557376
341000	-5035.252700405375	-4883.472961168491	-151.7797392368847	0.05627472098676875	0.10517915900804918	0.14846166465275176	0.0014069728379036309
342000	-5037.3281204982795	-4880.344026817602	-156.98409368067777	0.11767010355747691	0.08666449493676334	0.2867322069585015	0.002781502546054927
343000	-5038.095784943963	-4880.405967289838	-157.68981765412408	0.05098112028335256	0.05270392607180243	0.19089779668475862	0.0018623395579283161
344000	-5034.711436681632	-4881.616388725225	-153.0950479564073	0.08033289948589038	0.10759696584308595	0.2206737924520683	0.0018513034117224377
345000	-5038.721651456804	-4884.073940228848	-154.64771122795534	0.06336326544464921	0.09628397506427948	0.1569456283411982	0.0012269612246861535
346000	-5035.1036785003525	-4882.492642100594	-152.61103639975826	0.06828993742583757	0.07941439832376813	0.18813204193910377	0.0012546701657999806
347000	-5036.914791651908	-4881.845041620541	-155.06975003136657	0.07033134695893122	0.06711494934042374	0.17750716034628003	0.0018302736553437015
348000	-5035.433590747764	-4881.824028688719	-153.60956205904458	0.0845731026793313	0.060748130949661354	0.18900179597161076	0.002299740920969084
349000	-5037.041012090249	-4882.4398071871665	-154.60120490308248	0.0869428744406551	0.055043038674305836	0.21002745142014387	0.0012165251003947092
350000	-5038.368366522237	-4882.643638868023	-155.72472765421352	0.08395090495693995	0.060207893709900144	0.21033534677159305	0.0011632850287230957
351000	-5035.472879771476	-4884.22267369435	-151.2502060771253	0.07548563485073072	0.08370293406177555	0.17026709037466814	0.0012729077736711885
352000	-5035.474254300249	-4883.6762330747115	-151.79802122553804	0.060433603513237705	0.08911366434228006	0.1453694107032063	0.0018442809761093307
353000	-5039.271616681383	-4880.0247883904585	-159.2468282909253	0.02763846020169342	0.10258380418873984	0.17884073588937277	7.646621844436812E-4
354000	-5039.338398274426	-4882.523829876105	-156.81456839832128	0.030518790975217275	0.1634894779368009	0.13170424448261223	7.137063259647745E-4
355000	-5035.713005246481	-4880.898794609049	-154.81421063743184	0.04364290146940789	0.08603301309892356	0.1717704470265534	0.0012939093385418985
356000	-5037.830505362006	-4882.415223442425	-155.41528191958105	0.041717208849575665	0.10819949639176193	0.17479200857894742	7.523479545995662E-4
357000	-5037.79343965125	-4880.425277421208	-157.3681622300422	0.04482369964403038	0.048958711725214606	0.1673874836331155	0.001059340735266341
358000	-5034.9087115928605	-4881.6065167873585	-153.302194805502	0.09095466318730622	0.10476807814100915	0.22707668615533902	0.0025238656168631835
359000	-5039.935234468495	-4885.90610599919	-154.02912846930525	0.15246019631356025	0.058146366176365365	0.19190947297084957	0.0017843118822710715
360000	-5035.412622963703	-4881.443211809434	-153.96941115426904	0.06360213651054916	0.06170958680373017	0.17438129413606931	0.001654209490410618
361000	-5035.632222558105	-4884.353237243464	-151.27898531464106	0.08249776794843511	0.10607487944359226	0.17055031871414378	0.0028804309414382297
362000	-5036.066768668112	-4880.743791045307	-155.32297762280413	0.04216408570530852	0.09812585670429762	0.19328270929235888	9.889621778664088E-4
363000	-5037.009893530199	-4883.702867270349	-153.30702625985074	0.10997038930030494	0.08057532337618041	0.20257963744636398	0.001784425522226888
364000	-5037.546258597029	-4881.508840938498	-156.0374176585314	0.044575529163276076	0.054406099017416186	0.1447817606646408	0.0011271276316950469
365000	-5037.56362926402	-4884.085622063414	-153.47800720060616	0.07942210950843892	0.07456140118651666	0.1731443863051077	0.003166797794654766
366000	-5035.723483012415	-4882.418973507679	-153.3045095047362	0.056531265565273554	0.12588864619279716	0.1832684412507737	0.0011938064864285727
367000	-5036.7206980276	-4884.515742782407	-152.20495524519296	0.0890788050516102	0.07410302073941334	0.15970840662794103	0.002306903096050199
368000	-5034.863900275938	-4883.717964497948	-151.14593577799047	0.08699504515402767	0.10354869895774277	0.1789466916564368	0.002043814966608296
369000	-5037.841743181132	-4882.192086278617	-155.64965690251518	0.04636777838899232	0.05510095075254741	0.1339303313961741	0.0013878383855894783
370000	-5037.255063908595	-4879.755953517294	-157.49911039130046	0.05241550229826166	0.05648454761151553	0.20181739789276543	0.001364753405517648
371000	-5038.360617141684	-4883.126056749073	-155.23456039261166	0.11384730388697564	0.06508498121433622	0.22657879984498341	0.004354197882238816
372000	-5038.652123497139	-4881.703114336546	-156.94900916059308	0.050944981600526	0.16908855689676505	0.20263967429864796	0.001726893790825805
373000	-5035.4858358024085	-4883.146046457813	-152.3397893445955	0.08718141944026218	0.14015094774011344	0.198875169034763	0.0021236756795929407
374000	-5038.111013853792	-4880.570843353507	-157.54017050028492	0.07718331586351547	0.05911373454105112	0.2636637437406777	0.0011843434017309567
375000	-5035.726406166586	-4882.0282966141	-153.69810955248522	0.04743099398350627	0.1376339650036236	0.16640387259670378	0.0013401704554925563
376000	-5035.920586353232	-4885.674523797056	-150.24606255617513	0.08806430535578834	0.12675056829097472	0.15827555862818532	0.002147675051660789
377000	-5037.420816379251	-4884.655652700603	-152.7651636786474	0.10027847290113821	0.06105046739225884	0.1633111052938349	0.002245242213687913
378000	-5035.636399897373	-4882.963948499313	-152.67245139805982	0.10588405304483675	0.12138855139002948	0.2132264380002027	0.002815604249923114
379000	-5034.949405622635	-4883.4724602268525	-151.47694539578237	0.09761368537524437	0.11984063543816373	0.1961220831703845	0.002745466626826903
380000	-5035.099641366614	-4882.381319549033	-152.71832181758177	0.09375484488718402	0.12984633160488288	0.2192632099873925	0.0025604768641982936
381000	-5034.927204280026	-4883.4432526491355	-151.48395163089072	0.07286218429798291	0.08949566676987276	0.16460219421576266	0.002299680940417341
382000	-5037.194570689717	-4881.656772498541	-155.53779819117585	0.06901846612063096	0.10112442978173002	0.23195360316170568	0.0026047824437629014
383000	-5038.4314225716225	-4881.366202033492	-157.0652205381303	0.031000522798672155	0.12630486678286282	0.1591341338111378	0.0011790016772756074
384000	-5036.627093913036	-4880.535581973059	-156.09151193997687	0.05398010720863934	0.07524239385513254	0.2102959798463748	0.0018675771014016618
385000	-5037.4827269779535	-4881.43335798021	-156.04936899774347	0.03341259346669984	0.10542677865666664	0.14748516759344302	8.591230833973038E-4
386000	-5038.294920105506	-4880.751052921756	-157.54386718375028	0.054039463260448124	0.04696567036812888	0.19868778298004183	9.459494673328539E-4
387000	-5036.3250772111	-4884.07958681671	-152.24549039439012	0.06372530815998603	0.11661617693696158	0.18780443442416808	9.244538431220779E-4
388000	-5039.038182113175	-4880.943723307383	-158.09445880579145	0.03819950658109227	0.14143467781419403	0.21871483004328934	0.0013649030442294805
389000	-5035.027581659348	-4882.301197166424	-152.7263844929243	0.07729486769674371	0.06745752720015115	0.17754971711836132	0.001901021066129999
390000	-5036.207005123722	-4885.786902016805	-150.42010310691794	0.08080568664325194	0.13818561285667202	0.15631982752069948	0.0016491234410204803
391000	-5036.504020706063	-4881.208403781776	-155.29561692428715	0.05133648426901325	0.05734451396647765	0.15924193923296842	0.0014369293728362404
392000	-5035.909518033806	-4884.328825060565	-151.58069297324136	0.06723693562976371	0.10673298954454065	0.18170844198102648	9.828906121668573E-4
393000	-5036.997069251572	-4882.383393684206	-154.61367556736613	0.09987270239887973	0.11373924000805458	0.2396083591815546	0.0017342701127462568
394000	-5037.576621877887	-4883.792043366905	-153.78457851098207	0.04535277849993798	0.10433915476310521	0.14295147266976893	8.681801213802882E-4
395000	-5036.867355337666	-4884.809672545395	-152.0576827922702	0.07755305935831004	0.12104154473810598	0.16692651056714083	0.0014612466180141067
396000	-5038.5351375050805	-4879.384327774494	-159.15080973058667	0.05682948289861508	0.0467077129774749	0.22833333428848165	0.0019088079391525981
397000	-5037.163087569045	-4882.243567062774	-154.91952050627182	0.06749839821816137	0.06701651284637847	0.18133572533210188	0.0025231789922042173
398000	-5036.626468763058	-4881.8960373145355	-154.73043144852238	0.044270020585989646	0.0749199508327026	0.14758537746887793	0.001523484396051584
399000	-5039.036408554485	-4880.254258146171	-158.782150408314	0.08943954195729097	0.033001538660623476	0.20653201084739056	0.0018431226443954786
400000	-5039.178437599753	-4886.350394317433	-152.82804328232	0.05936409671500394	0.085962644302356	0.11581731755090026	0.0016037554544143678
401000	-5036.425520103111	-4880.995729673435	-155.42979042967661	0.05808007585711132	0.0528307357035988	0.1769692017094744	0.001297027295101605
402000	-5037.29949324364	-4882.973484969345	-154.32600827429582	0.04892215598958283	0.07394128674708311	0.14320592395402107	0.0010699878694801705
403000	-5037.08903599443	-4882.693065479613	-154.39597051481636	0.05363073623148019	0.12129309784299479	0.16134123097358324	0.0017602784072387571
404000	-5036.67306623243	-4880.182963175044	-156.49010305738585	0.05054312985000675	0.10148480076021553	0.24120998187037912	0.001273869682622097
405000	-5038.529692285852	-4883.679178152451	-154.85051413340196	0.08195556970636618	0.05371636924416991	0.1634916306371369	0.0014998211900331087
406000	-5037.132849006737	-4884.944177454946	-152.18867155179095	0.07766907825545687	0.0787117514430679	0.18906064726544927	9.050182152498607E-4
407000	-5035.351769426516	-4882.916081528059	-152.43568789845585	0.06656905225777665	0.10762459705354897	0.17152188301187238	0.0021166189485350858
408000	-5036.947832779329	-4882.962660952467	-153.9851718268615	0.0574784968205835	0.15843953004063802	0.1820558080521149	0.002157158979770036
409000	-5038.4476737525165	-4885.2857798283485	-153.16189392416845	0.11307328312501896	0.11822756604811172	0.18426711999101392	0.002269060662136148
410000	-5036.359239756597	-4880.7051075261425	-155.65413223045434	0.05461480430362823	0.06286686491836277	0.19442055514652742	0.001168168682426087
411000	-5037.730406711263	-4881.1780212698195	-156.55238544144348	0.1204892880590167	0.048860858132577706	0.23439721316663878	0.001953248563424728
412000	-5039.684044616634	-4879.562037049167	-160.1220075674669	0.02642489467935551	0.06774488042529621	0.17050873217687823	8.281492937473866E-4
413000	-5039.331868532028	-4879.987341731518	-159.34452680050993	0.1096023146200467	0.038660125229665485	0.24454716040880417	0.002691579914033008
414000	-5038.047356806111	-4886.529211636805	-151.51814516930568	0.09462766721152216	0.07823053496210881	0.15300825096301585	0.003437331828042723
415000	-5035.775556690232	-4882.503473415252	-153.27208327498042	0.07239158869820503	0.14487070661013396	0.20404219981862834	0.002414847001669187
416000	-5035.012146347783	-4882.157446366236	-152.85469998154645	0.059029683025080305	0.08530878993585352	0.16666951866954996	0.0017978993651204598
417000	-5036.61577182289	-4879.983350116088	-156.63242170680098	0.06926258149531692	0.08522585086344064	0.2641430601031687	0.0018933995864168092
418000	-5036.08688202286	-4881.432358655767	-154.65452336709313	0.053790567431720206	0.10902796012899606	0.20311522200009305	0.0019251320895917548
419000	-5036.125751473611	-4880.712748058453	-155.41300341515728	0.05221147468446819	0.11573771456528993	0.22450683622174397	0.0016367198273462924
420000	-5036.700816140707	-4883.312446811982	-153.38836932872405	0.08352484059184748	0.06610222238831251	0.16746158892698926	0.002379481440498103
421000	-5036.228654381144	-4881.541901124874	-154.68675325627044	0.07727496969818522	0.059549856664465904	0.19142800794059858	0.0016602272694251812
422000	-5036.495448692546	-4881.536445472067	-154.95900322047981	0.06311802758465468	0.09180976854842562	0.22626892261099552	0.0024435979064087784
423000	-5035.248885114701	-4881.533555204302	-153.71532991039908	0.06715596651345895	0.0758737250217885	0.18790613258032526	0.001621402395160245
424000	-5036.4164824558675	-4882.128233469761	-154.28824898610694	0.08939176281922208	0.05516197098752391	0.1979411068126242	0.0015550792383171824
425000	-5036.43522683969	-4882.872608806208	-153.5626180334825	0.0687410175930579	0.08014621903788746	0.16403767708323486	0.0018116347433838238
426000	-5037.086102089864	-4882.059775686888	-155.02632640297531	0.07831905232195242	0.047022929313633235	0.174685269519531	0.0016177960906661
427000	-5037.413241421714	-4880.921926107145	-156.49131531456857	0.09370895424518913	0.0792460443157327	0.2677708405083831	0.0032633348522313615
428000	-5039.10794616163	-4886.668910860928	-152.43903530070193	0.05697213981419297	0.07630574449915563	0.1100775497029717	0.0018807651663710649
429000	-5037.714005122307	-4881.513433134728	-156.20057198757894	0.0426810093687883	0.059689586735349076	0.1434772941140361	0.0014371736519134168
430000	-5035.274891078943	-4882.660169119846	-152.61472195909786	0.07294455295280583	0.07137111424079849	0.17577712990615413	0.001512335748569636
431000	-5037.131067598521	-4883.992982501173	-153.13808509734824	0.09617581493805649	0.10326459055369058	0.18561059822418177	0.0031333220937485
432000	-5038.575651418908	-4880.765582946641	-157.81006847226644	0.09536000952361678	0.04791839292981603	0.2119413187636896	0.002336084630246742
433000	-5036.943824130574	-4880.094139293997	-156.84968483657786	0.07747569471741798	0.05319389262204138	0.22099142815647127	0.0022889280319237
434000	-5040.064637286205	-4880.594254750762	-159.47038253544287	0.04173691242211792	0.07061310355780444	0.2359967540189043	0.0016450758628939412
435000	-5036.381326045454	-4882.836649134965	-153.54467691048964	0.08137690509567845	0.10640256318476275	0.2222311049138955	0.0033012294708564672
436000	-5035.6797298192905	-4881.055375873758	-154.62435394553313	0.06709671123845204	0.1104012583950745	0.24101972633750182	0.0013864857707914686
437000	-5036.296937654505	-4882.344652718978	-153.95228493552688	0.05477890284763124	0.07251366633948941	0.1653350957318527	0.0021119387266493915
438000	-5034.789391872396	-4882.495700605654	-152.2936912667418	0.05558797655355164	0.10703416086434082	0.16215153366650428	0.0016187899668654298
439000	-5036.320154455979	-4880.976813058536	-155.34334139744266	0.08239972473333798	0.054336240590159846	0.2061089721028466	0.001693930267305362
440000	-5036.7090518596	-4881.967990138272	-154.741061721327	0.04983416001502059	0.07329326872966589	0.15829488592876942	0.0017919860391398701
441000	-5036.063685003472	-4880.366361229812	-155.69732377365887	0.06827762897684492	0.06232391663636867	0.21593269554828384	0.0021957690539942273
442000	-5044.064892698773	-4882.649756813565	-161.41513588520823	0.042439365271621746	0.029293270667529927	0.11182054000418894	0.0014202049543938383
443000	-5035.026936782835	-4881.168183703734	-153.85875307910078	0.07175852109229877	0.07762879101108143	0.20810647749234393	0.0015910745023196453
444000	-5036.405694478873	-4882.085573985949	-154.3201204929237	0.05624567080548042	0.06268255026169223	0.1604962356183775	0.002007030730435133
445000	-5037.06551739373	-4882.503680706555	-154.5618366871745	0.06633136919130071	0.05627650243988751	0.15646175857407174	0.0019466693396800034
446000	-5035.577619828673	-4881.049534258544	-154.52808557012963	0.043540827275439266	0.11318414984660731	0.18046632922037673	0.0012046817530079875
447000	-5035.76862833095	-4883.015759558619	-152.75286877233182	0.06067594359075964	0.14247973401879435	0.17461894191945462	0.0021098251432286603
448000	-5037.173572732606	-4884.616728299967	-152.55684443263948	0.04886467256867238	0.08782618353290562	0.13050783430305685	9.530977954221741E-4
449000	-5039.8359946164765	-4883.326398321957	-156.50959629451984	0.11859565166024748	0.12417094570893589	0.21746652656685594	0.002769636442530075
450000	-5039.008715899875	-4885.1153201376455	-153.8933957622296	0.04969370422526292	0.08962905031040162	0.12145595498289305	0.0019392427892942915
451000	-5035.3163432031215	-4883.497588415417	-151.81875478770428	0.09299504667596772	0.08461480399655438	0.18503258149540724	0.003045049709737822
452000	-5039.916977590183	-4880.104253288397	-159.8127243017862	0.028169526938714353	0.0823442419563246	0.18720843924464725	0.0010256333658711428
453000	-5036.687399963874	-4883.097048965178	-153.59035099869578	0.09635902747385253	0.07916056113681352	0.1887747242205167	0.0028590417341658445
454000	-5035.213226202437	-4883.721569293839	-151.4916569085979	0.06471007854000341	0.1097207050266245	0.15822268925289507	0.0021922613215847125
455000	-5039.676880740836	-4888.396642913864	-151.28023782697275	0.10216964604926605	0.09525741063107296	0.21196171354819826	5.273681174132835E-4
456000	-5039.953125267289	-4881.35196518011	-158.60116008717918	0.04293309785272053	0.0674890574655158	0.22399542010239418	0.001867142797405437
457000	-5040.852638886936	-4884.264970253965	-156.5876686329711	0.05095832737653716	0.04455536437176015	0.1185817950094146	0.0010669271683142602
458000	-5039.22546944511	-4880.101795409717	-159.12367403539335	0.027418330844689177	0.09673205680522383	0.18474600194868568	9.521761998285013E-4
459000	-5035.551241964866	-4883.926895358688	-151.62434660617754	0.0668630176918051	0.09398392621763987	0.1659796694112337	0.0012184604604181214
460000	-5038.162426770891	-4882.709793693887	-155.45263307700426	0.057920274970055675	0.04818268755988756	0.14783809674685267	0.0011814705983534302
461000	-5035.465847201453	-4883.80328559745	-151.6625616040027	0.05693766710478163	0.10606118929352586	0.1534674041386457	0.0011623569244671459
462000	-5035.47783067813	-4884.148323869975	-151.3295068081556	0.06267464769879694	0.13181662203100375	0.15145546871563204	0.0015953775566829279
463000	-5039.404853390255	-4882.813861619452	-156.59099177080304	0.04898902843834274	0.14782345766937485	0.21692220960181222	0.0021400088982337006
464000	-5038.382128862143	-4882.702110030652	-155.6800188314908	0.0635837513423721	0.05879655661889396	0.1512438116372891	0.0017449641146447795
465000	-5036.643100432525	-4884.344943462153	-152.29815697037174	0.06046156355074285	0.08554022365789092	0.1401086613175112	0.002145552999053402
466000	-5039.537620744654	-4879.593068011595	-159.94455273305906	0.04783768374460589	0.05903716672936936	0.2449936040673704	0.001645742941502449
467000	-5035.555261284599	-4883.426194623982	-152.1290666606166	0.08331738543759712	0.11021273761009212	0.18288860733149281	0.001924084167491447
468000	-5035.742777460922	-4882.122977975484	-153.61979948543848	0.1249615314153628	0.08955360854893914	0.23291868957850625	0.0027984123368977403
469000	-5035.996400317718	-4881.907209515722	-154.0891908019963	0.07983488391109313	0.07132581676227835	0.19598297846456653	0.002644258806518262
470000	-5037.239379862606	-4885.662074340826	-151.57730552178054	0.06239129249446016	0.14295849455115528	0.13737446907448914	0.0022489770556180246
471000	-5037.776541322442	-4882.325921820967	-155.4506195014756	0.08276572886792427	0.09124303974899765	0.22098905162623803	0.0031946288867485658
472000	-5037.699150640029	-4883.831832802572	-153.86731783745788	0.05020387657097808	0.15389978761479958	0.14556860443076983	0.0018289197404201935
473000	-5039.21136251763	-4880.896739836511	-158.31462268111838	0.059370559391798104	0.03523403009201112	0.16617431193432458	0.0012347505423290397
474000	-5036.6920111843065	-4882.142186476409	-154.54982470789733	0.04623933631504475	0.07600749292251673	0.16264686324928218	9.281815543500337E-4
475000	-5038.912975462882	-4881.364849342409	-157.54812612047323	0.0669296548074611	0.05421434096017276	0.22346937917951315	0.0027548652157827463
476000	-5040.05881654568	-4880.2052612159405	-159.85355532973944	0.022307195918934607	0.09179570978362145	0.14270818567546367	6.377778194518392E-4
477000	-5037.062643531073	-4880.985751917518	-156.07689161355466	0.06627637034866338	0.05106067834057286	0.20660060711146475	0.0011483405173597777
478000	-5041.099654050825	-4882.710338746256	-158.38931530456932	0.07774631908929447	0.06234548143312517	0.2673161741570651	0.0036043247413111937
479000	-5039.344308387507	-4883.3247012197235	-156.01960716778382	0.08909739914700662	0.11075331334770937	0.22580606431244976	0.003723769192663896
480000	-5036.113697194422	-4883.054010999498	-153.05968619492324	0.09433965367214386	0.11958987096710746	0.21739043486193776	0.0016799235519751809
481000	-5037.415282564761	-4881.104661004008	-156.31062156075225	0.044574831638507534	0.07124618953470208	0.15941996537555297	0.0013009989588054897
482000	-5036.01525811102	-4883.30030326047	-152.7149548505491	0.11187061353494689	0.1070646927852918	0.21882591590530254	0.001976754671747251
483000	-5037.908873118504	-4880.199808291435	-157.70906482706894	0.029036757888908898	0.09713926584471662	0.16944950630621103	9.18183862449446E-4
484000	-5036.488698531285	-4881.038193828265	-155.45050470302	0.04429984793085106	0.06695170809029334	0.16139839137240897	0.0014890744700583733
485000	-5038.0499481869865	-4879.923835885688	-158.1261123012983	0.03611816491929988	0.05906003529883823	0.16799955182917348	0.0010654353857057475
486000	-5038.527236380411	-4882.860638678297	-155.66659770211376	0.08069192339740082	0.05335794077063859	0.18150559440967157	0.0013241316889681693
487000	-5036.068333465165	-4882.923266969658	-153.14506649550745	0.06092154742177384	0.07262820666913165	0.16075449257404642	0.0022804779227316757
488000	-5035.380848851762	-4882.0854227492955	-153.29542610246608	0.10711018524363798	0.10357139589732955	0.2294465645711539	0.0024038894969370065
489000	-5035.390676130442	-4881.3704085778845	-154.02026755255812	0.080097757495562	0.05959935075721953	0.19235547840620415	0.002089687598080682
490000	-5035.538575578006	-4882.562874594511	-152.9757009834944	0.08181458645835338	0.08680298595759715	0.21877534488326061	0.001273349114785276
491000	-5036.051180263341	-4883.316446127672	-152.7347341356687	0.09410604972032162	0.15837323503826967	0.20587379877422524	0.002387919985703304
492000	-5038.466470854573	-4880.786247974988	-157.68022287958502	0.031176418763957308	0.06879374664861324	0.13931854867679894	9.04613893920659E-4
493000	-5037.162071558478	-4880.418383823387	-156.74368773509116	0.08011101775460945	0.08065613909534756	0.2662551545026108	0.002621262696996272
494000	-5037.297331428701	-4882.434370146814	-154.86296128188667	0.04496148065755164	0.08423525055458364	0.18443193909070105	7.320715696209861E-4
495000	-5035.422583801153	-4882.980444663219	-152.44213913793482	0.09570137424621844	0.07656671747019204	0.20015083516901871	0.001680423615137738
496000	-5035.823536480228	-4883.165818099733	-152.65771838049494	0.056623775834844466	0.10069648973720767	0.16303312130413494	0.001150364704004391
497000	-5036.888293914578	-4885.979264773244	-150.90902914133366	0.09113725096406063	0.07245501416752373	0.14930726317440857	0.0017848546570030212
498000	-5037.0410306686135	-4882.166145050382	-154.87488561823207	0.0475668075047651	0.06990208593270773	0.16568878803496342	9.072932200581207E-4
499000	-5036.22336728588	-4881.074904732293	-155.14846255358637	0.039600002983152936	0.08801505012152282	0.16582631265661454	9.880243170336752E-4
500000	-5037.824365427233	-4881.935856721732	-155.8885087055007	0.05718815794659554	0.049547392506337586	0.17473013578970045	9.901945552935447E-4
