pbsworkdir
/home/gseeholzer/nas3/bfd/runs/F1r1
./:/bin:/usr/bin:/usr/local/sbin:/usr/sbin:/opt/pbs/bin:/home/gseeholzer/programs/bamUtil/bin:/home/gseeholzer/programs/samtools-1.10/bin:/home/gseeholzer/programs/angsd:/home/gseeholzer/programs/angsd/misc:/home/gseeholzer/programs/satsuma2-master/bin:/home/gseeholzer/programs/pcangsd:/home/gseeholzer/programs/evalAdmix:/home/gseeholzer/programs/htslib-1.10.2/bin:/home/gseeholzer/programs/ngsRelate:/home/gseeholzer/programs/vcftools_0.1.13/bin:/home/gseeholzer/programs/bcftools-1.10.2/bin:/home/gseeholzer/programs/gsl/bin:/home/gseeholzer/programs/ngsTools/ngsDist:/home/gseeholzer/programs/ngsTools/ngsF:/home/gseeholzer/programs/ngsTools/ngsF-HMM:/home/gseeholzer/programs/ngsTools/ngsLD:/home/gseeholzer/programs/ngsTools/ngsPopGen:/home/gseeholzer/programs/ngsTools/ngsSim:/home/gseeholzer/programs/ngsTools/ngsUtils:/home/gseeholzer/programs/fastme-2.1.6.1/src:/home/gseeholzer/programs/beast/bin:/home/gseeholzer/.local/bin:/home/gseeholzer/bin
Mon Jun  1 22:30:23 EDT 2020

real	0m0.000s
user	0m0.000s
sys	0m0.000s

                        BEAST v2.6.2, 2002-2020
             Bayesian Evolutionary Analysis Sampling Trees
                       Designed and developed by
 Remco Bouckaert, Alexei J. Drummond, Andrew Rambaut & Marc A. Suchard
                                    
                   Centre for Computational Evolution
                         University of Auckland
                       r.bouckaert@auckland.ac.nz
                        alexei@cs.auckland.ac.nz
                                    
                   Institute of Evolutionary Biology
                        University of Edinburgh
                           a.rambaut@ed.ac.uk
                                    
                    David Geffen School of Medicine
                 University of California, Los Angeles
                           msuchard@ucla.edu
                                    
                      Downloads, Help & Resources:
                           http://beast2.org/
                                    
  Source code distributed under the GNU Lesser General Public License:
                   http://github.com/CompEvol/beast2
                                    
                           BEAST developers:
   Alex Alekseyenko, Trevor Bedford, Erik Bloomquist, Joseph Heled, 
 Sebastian Hoehna, Denise Kuehnert, Philippe Lemey, Wai Lok Sibon Li, 
Gerton Lunter, Sidney Markowitz, Vladimir Minin, Michael Defoin Platel, 
          Oliver Pybus, Tim Vaughan, Chieh-Hsi Wu, Walter Xie
                                    
                               Thanks to:
          Roald Forsberg, Beth Shapiro and Korbinian Strimmer

Random number seed: 1591065023248

File: F1r1.SBE3_v2_1sp.r1.xml seed: 1591065023248 threads: 16
Loading package BEAST v2.6.2
Loading package BEASTLabs v1.9.2
Loading package MODEL_SELECTION v1.5.2
Loading package SNAPP v1.5.0
Loading package BEAST v2.6.2
Alignment(F1r1)
  40 taxa
  200 sites
  200 patterns

ant: 200 33
cur: 200 5
Data(snap.F1r1)
  2 taxa
  200 sites
  65 patterns

Seq: seq_Carpish_B72762.Huanuco.Acomayo
Seq: seq_Carpish_B72773.Huanuco.Mitotambo
Seq: seq_Amotape_B67127.Tumbes.Amotape
Seq: seq_Amotape_B67201.Tumbes.Amotape
Seq: seq_Chavinillo_B72789.Huanuco.Chavinillo
Seq: seq_Chavinillo_B72792.Huanuco.Chavinillo
Seq: seq_Quichas_B72777.Lima.Quichas
Seq: seq_Quichas_B72785.Lima.Quichas
Seq: seq_Canchaque_B72874.Piura.Canchaque
Seq: seq_Canchaque_B72878.Piura.Canchaque
Seq: seq_Huamatanga_B72889.Lima.Huamatanga
Seq: seq_Huamatanga_B72892.Lima.Huamatanga
Seq: seq_Porculla_B31685.Piura.Porculla
Seq: seq_Porculla_B72870.Piura.Porculla
Seq: seq_LaQuinua_B72754.Pasco.LaQuinua
Seq: seq_LaQuinua_B72760.Pasco.LaQuinua
Seq: seq_curtata_cra.cur.B6032
Seq: seq_curtata_cra.cur.B8175
ant: 194 33
cur: 194 5
2 taxa
194 sites with weight 200
66 patterns
Rate prior = gamma
Log Likelihood Correction = -2380.6460372692536
===============================================================================
Citations for this model:

Bouckaert, Remco, Timothy G. Vaughan, Jo?lle Barido-Sottani, Sebasti?n Duch?ne, 
  Mathieu Fourment, Alexandra Gavryushkina, Joseph Heled et al. 
  BEAST 2.5: An advanced software platform for Bayesian evolutionary analysis. 
  PLoS computational biology 15, no. 4 (2019): e1006650.

David Bryant, Remco Bouckaert, Joseph Felsenstein, Noah Rosenberg, Arindam RoyChoudhury. Inferring Species Trees Directly from Biallelic Genetic Markers: Bypassing Gene Trees in a Full Coalescent Analysis. Mol. Biol. Evol. 29(8):1917-1932, 2012

===============================================================================
Starting step 0
Starting step 1
Starting step 2
Starting step 4
Starting step 5
Starting step 3
Starting step 6
Starting step 7
Starting step 8
Starting step 9
Starting step 10
Starting step 11
Starting step 12
Starting step 13
Starting step 14
Starting step 15
Finished step 0
Finished step 8
Finished step 14
Finished step 4
Finished step 9
Finished step 1
Finished step 2
Finished step 15
Finished step 10
Finished step 13
Finished step 12
Finished step 6
Finished step 3
Finished step 11
Finished step 7
Finished step 5
Starting step 16
Starting step 17
Starting step 18
Starting step 19
Starting step 20
Starting step 21
Starting step 22
Starting step 23
Finished step 22
Finished step 16
Finished step 20
Finished step 23
Finished step 18
Finished step 21
Finished step 19
Finished step 17

Loading /home/gseeholzer/nas3/bfd/runs/F1r1/F1r1.SBE3_v2_1sp.r1/step0/likelihood.log, burnin 20%, skipping 200 log lines

|---------|---------|---------|---------|---------|---------|---------|---------|
*********************************************************************************

Calculating statistics

|---------|---------|---------|---------|---------|---------|---------|---------|
********************************************************************************

marginalLs[0 ] = -3243.642094365066

Loading /home/gseeholzer/nas3/bfd/runs/F1r1/F1r1.SBE3_v2_1sp.r1/step1/likelihood.log, burnin 20%, skipping 200 log lines

|---------|---------|---------|---------|---------|---------|---------|---------|
*********************************************************************************

Calculating statistics

|---------|---------|---------|---------|---------|---------|---------|---------|
********************************************************************************

marginalLs[1 ] = -3244.0209295258824

Loading /home/gseeholzer/nas3/bfd/runs/F1r1/F1r1.SBE3_v2_1sp.r1/step2/likelihood.log, burnin 20%, skipping 200 log lines

|---------|---------|---------|---------|---------|---------|---------|---------|
*********************************************************************************

Calculating statistics

|---------|---------|---------|---------|---------|---------|---------|---------|
********************************************************************************

marginalLs[2 ] = -3244.67792770961

Loading /home/gseeholzer/nas3/bfd/runs/F1r1/F1r1.SBE3_v2_1sp.r1/step3/likelihood.log, burnin 20%, skipping 200 log lines

|---------|---------|---------|---------|---------|---------|---------|---------|
*********************************************************************************

Calculating statistics

|---------|---------|---------|---------|---------|---------|---------|---------|
********************************************************************************

marginalLs[3 ] = -3245.0985969623616

Loading /home/gseeholzer/nas3/bfd/runs/F1r1/F1r1.SBE3_v2_1sp.r1/step4/likelihood.log, burnin 20%, skipping 200 log lines

|---------|---------|---------|---------|---------|---------|---------|---------|
*********************************************************************************

Calculating statistics

|---------|---------|---------|---------|---------|---------|---------|---------|
********************************************************************************

marginalLs[4 ] = -3245.8187801756508

Loading /home/gseeholzer/nas3/bfd/runs/F1r1/F1r1.SBE3_v2_1sp.r1/step5/likelihood.log, burnin 20%, skipping 200 log lines

|---------|---------|---------|---------|---------|---------|---------|---------|
*********************************************************************************

Calculating statistics

|---------|---------|---------|---------|---------|---------|---------|---------|
********************************************************************************

marginalLs[5 ] = -3246.533754051379

Loading /home/gseeholzer/nas3/bfd/runs/F1r1/F1r1.SBE3_v2_1sp.r1/step6/likelihood.log, burnin 20%, skipping 200 log lines

|---------|---------|---------|---------|---------|---------|---------|---------|
*********************************************************************************

Calculating statistics

|---------|---------|---------|---------|---------|---------|---------|---------|
********************************************************************************

marginalLs[6 ] = -3247.4381813061723

Loading /home/gseeholzer/nas3/bfd/runs/F1r1/F1r1.SBE3_v2_1sp.r1/step7/likelihood.log, burnin 20%, skipping 200 log lines

|---------|---------|---------|---------|---------|---------|---------|---------|
*********************************************************************************

Calculating statistics

|---------|---------|---------|---------|---------|---------|---------|---------|
********************************************************************************

marginalLs[7 ] = -3248.0509147032676

Loading /home/gseeholzer/nas3/bfd/runs/F1r1/F1r1.SBE3_v2_1sp.r1/step8/likelihood.log, burnin 20%, skipping 200 log lines

|---------|---------|---------|---------|---------|---------|---------|---------|
*********************************************************************************

Calculating statistics

|---------|---------|---------|---------|---------|---------|---------|---------|
********************************************************************************

marginalLs[8 ] = -3248.7994402635663

Loading /home/gseeholzer/nas3/bfd/runs/F1r1/F1r1.SBE3_v2_1sp.r1/step9/likelihood.log, burnin 20%, skipping 200 log lines

|---------|---------|---------|---------|---------|---------|---------|---------|
*********************************************************************************

Calculating statistics

|---------|---------|---------|---------|---------|---------|---------|---------|
********************************************************************************

marginalLs[9 ] = -3249.5365700790167

Loading /home/gseeholzer/nas3/bfd/runs/F1r1/F1r1.SBE3_v2_1sp.r1/step10/likelihood.log, burnin 20%, skipping 200 log lines

|---------|---------|---------|---------|---------|---------|---------|---------|
*********************************************************************************

Calculating statistics

|---------|---------|---------|---------|---------|---------|---------|---------|
********************************************************************************

marginalLs[10 ] = -3250.3286792982612

Loading /home/gseeholzer/nas3/bfd/runs/F1r1/F1r1.SBE3_v2_1sp.r1/step11/likelihood.log, burnin 20%, skipping 200 log lines

|---------|---------|---------|---------|---------|---------|---------|---------|
*********************************************************************************

Calculating statistics

|---------|---------|---------|---------|---------|---------|---------|---------|
********************************************************************************

marginalLs[11 ] = -3251.045170022144

Loading /home/gseeholzer/nas3/bfd/runs/F1r1/F1r1.SBE3_v2_1sp.r1/step12/likelihood.log, burnin 20%, skipping 200 log lines

|---------|---------|---------|---------|---------|---------|---------|---------|
*********************************************************************************

Calculating statistics

|---------|---------|---------|---------|---------|---------|---------|---------|
********************************************************************************

marginalLs[12 ] = -3251.5104380377293

Loading /home/gseeholzer/nas3/bfd/runs/F1r1/F1r1.SBE3_v2_1sp.r1/step13/likelihood.log, burnin 20%, skipping 200 log lines

|---------|---------|---------|---------|---------|---------|---------|---------|
*********************************************************************************

Calculating statistics

|---------|---------|---------|---------|---------|---------|---------|---------|
********************************************************************************

marginalLs[13 ] = -3251.8237713075337

Loading /home/gseeholzer/nas3/bfd/runs/F1r1/F1r1.SBE3_v2_1sp.r1/step14/likelihood.log, burnin 20%, skipping 200 log lines

|---------|---------|---------|---------|---------|---------|---------|---------|
*********************************************************************************

Calculating statistics

|---------|---------|---------|---------|---------|---------|---------|---------|
********************************************************************************

marginalLs[14 ] = -3252.306615032065

Loading /home/gseeholzer/nas3/bfd/runs/F1r1/F1r1.SBE3_v2_1sp.r1/step15/likelihood.log, burnin 20%, skipping 200 log lines

|---------|---------|---------|---------|---------|---------|---------|---------|
*********************************************************************************

Calculating statistics

|---------|---------|---------|---------|---------|---------|---------|---------|
********************************************************************************

marginalLs[15 ] = -3252.6644067288034

Loading /home/gseeholzer/nas3/bfd/runs/F1r1/F1r1.SBE3_v2_1sp.r1/step16/likelihood.log, burnin 20%, skipping 200 log lines

|---------|---------|---------|---------|---------|---------|---------|---------|
*********************************************************************************

Calculating statistics

|---------|---------|---------|---------|---------|---------|---------|---------|
********************************************************************************

marginalLs[16 ] = -3253.4978511955633

Loading /home/gseeholzer/nas3/bfd/runs/F1r1/F1r1.SBE3_v2_1sp.r1/step17/likelihood.log, burnin 20%, skipping 200 log lines

|---------|---------|---------|---------|---------|---------|---------|---------|
*********************************************************************************

Calculating statistics

|---------|---------|---------|---------|---------|---------|---------|---------|
********************************************************************************

marginalLs[17 ] = -3253.7526863101975

Loading /home/gseeholzer/nas3/bfd/runs/F1r1/F1r1.SBE3_v2_1sp.r1/step18/likelihood.log, burnin 20%, skipping 200 log lines

|---------|---------|---------|---------|---------|---------|---------|---------|
*********************************************************************************

Calculating statistics

|---------|---------|---------|---------|---------|---------|---------|---------|
********************************************************************************

marginalLs[18 ] = -3253.529629399766

Loading /home/gseeholzer/nas3/bfd/runs/F1r1/F1r1.SBE3_v2_1sp.r1/step19/likelihood.log, burnin 20%, skipping 200 log lines

|---------|---------|---------|---------|---------|---------|---------|---------|
*********************************************************************************

Calculating statistics

|---------|---------|---------|---------|---------|---------|---------|---------|
********************************************************************************

marginalLs[19 ] = -3254.238505783178

Loading /home/gseeholzer/nas3/bfd/runs/F1r1/F1r1.SBE3_v2_1sp.r1/step20/likelihood.log, burnin 20%, skipping 200 log lines

|---------|---------|---------|---------|---------|---------|---------|---------|
*********************************************************************************

Calculating statistics

|---------|---------|---------|---------|---------|---------|---------|---------|
********************************************************************************

marginalLs[20 ] = -3254.5406883422024

Loading /home/gseeholzer/nas3/bfd/runs/F1r1/F1r1.SBE3_v2_1sp.r1/step21/likelihood.log, burnin 20%, skipping 200 log lines

|---------|---------|---------|---------|---------|---------|---------|---------|
*********************************************************************************

Calculating statistics

|---------|---------|---------|---------|---------|---------|---------|---------|
********************************************************************************

marginalLs[21 ] = -3254.943029540292

Loading /home/gseeholzer/nas3/bfd/runs/F1r1/F1r1.SBE3_v2_1sp.r1/step22/likelihood.log, burnin 20%, skipping 200 log lines

|---------|---------|---------|---------|---------|---------|---------|---------|
*********************************************************************************

Calculating statistics

|---------|---------|---------|---------|---------|---------|---------|---------|
********************************************************************************

marginalLs[22 ] = -3255.010715731981

Loading /home/gseeholzer/nas3/bfd/runs/F1r1/F1r1.SBE3_v2_1sp.r1/step23/likelihood.log, burnin 20%, skipping 200 log lines

|---------|---------|---------|---------|---------|---------|---------|---------|
*********************************************************************************

Calculating statistics

|---------|---------|---------|---------|---------|---------|---------|---------|
********************************************************************************

marginalLs[23 ] = -3254.365223832144

Step        theta         likelihood   contribution ESS
0            1            -3243.6421   0            801          
1            0.8623       -3244.0209   -446.7264    801          
2            0.7384       -3244.6779   -401.8501    801          
3            0.6276       -3245.0986   -359.6409    762.5409     
4            0.529        -3245.8188   -320.1044    639.0038     
5            0.4417       -3246.5338   -283.1718    801          
6            0.3651       -3247.4382   -248.8168    801          
7            0.2983       -3248.0509   -216.9489    722.9897     
8            0.2406       -3248.7994   -187.5568    801          
9            0.1911       -3249.5366   -160.5771    801          
10           0.1493       -3250.3287   -135.9625    801          
11           0.1143       -3251.0452   -113.6541    459.0719     
12           0.0855       -3251.5104   -93.5876     631.5093     
13           0.0623       -3251.8238   -75.7119     801          
14           0.0438       -3252.3066   -59.9693     796.4758     
15           0.0296       -3252.6644   -46.2826     611.7517     
16           0.019        -3253.4979   -34.5856     687.3501     
17           0.0113       -3253.7527   -24.7896     602.5318     
18           0.0062       -3253.5296   -16.807      752.3896     
19           0.0029       -3254.2385   -10.5476     499.6886     
20           0.0011       -3254.5407   -5.8929      600.806      
21           0.0003       -3254.943    -2.7149      409.8985     
22           0            -3255.0107   -0.8541      443.7426     
23           0            -3254.3652   -0.0941      619.9601     
sum(ESS) = 16448.7106  

marginal L estimate = -3246.847153233172


Total wall time: 35044 seconds
Done

real	584m6.811s
user	7204m9.632s
sys	111m7.849s
