#
#model:
#
#<?xml version="1.0" encoding="UTF-8" standalone="no"?><input id="posterior" spec="beast.core.util.CompoundDistribution">
#    <distribution id="prior" spec="beast.core.util.CompoundDistribution">
#        <prior id="lambdaPrior.F1r1" name="distribution">
#            <parameter id="lambda" lower="0.0" name="x" spec="beast.core.parameter.RealParameter">0.01</parameter>
#            <Gamma id="Gamma.0" name="distr">
#                <parameter estimate="false" id="RealParameter.1" name="alpha" spec="beast.core.parameter.RealParameter">2.0</parameter>
#                <parameter estimate="false" id="RealParameter.2" name="beta" spec="beast.core.parameter.RealParameter">200.0</parameter>
#            </Gamma>
#        </prior>
#        <distribution id="snapprior.F1r1" lambda="@lambda" spec="snap.likelihood.SnAPPrior">
#            <parameter estimate="false" id="alpha" lower="0.0" name="alpha" spec="beast.core.parameter.RealParameter">11.75</parameter>
#            <parameter estimate="false" id="beta" lower="0.0" name="beta" spec="beast.core.parameter.RealParameter">109.73</parameter>
#            <parameter estimate="false" id="kappa" lower="0.0" name="kappa" spec="beast.core.parameter.RealParameter">1.0</parameter>
#            <parameter id="coalescenceRate" name="coalescenceRate" spec="beast.core.parameter.RealParameter">10.0</parameter>
#            <tree clusterType="upgma" id="Tree.F1r1" nodetype="snap.NodeData" spec="beast.util.ClusterTree">
#                <taxa dataType="integerdata" id="snap.F1r1" spec="snap.Data">
#                    <taxonset id="ant" spec="beast.evolution.alignment.TaxonSet">
#                        <taxon id="Amotape_B67127.Tumbes.Amotape" spec="beast.evolution.alignment.Taxon"/>
#                        <taxon id="Amotape_B67201.Tumbes.Amotape" spec="beast.evolution.alignment.Taxon"/>
#                        <taxon id="Canchaque_B72874.Piura.Canchaque" spec="beast.evolution.alignment.Taxon"/>
#                        <taxon id="Canchaque_B72878.Piura.Canchaque" spec="beast.evolution.alignment.Taxon"/>
#                        <taxon id="Porculla_B31685.Piura.Porculla" spec="beast.evolution.alignment.Taxon"/>
#                        <taxon id="Porculla_B72870.Piura.Porculla" spec="beast.evolution.alignment.Taxon"/>
#                    </taxonset>
#                    <taxonset id="bar" spec="beast.evolution.alignment.TaxonSet">
#                        <taxon id="CarpaChavin_B72794.Huanuco.CarpaChavin" spec="beast.evolution.alignment.Taxon"/>
#                        <taxon id="CarpaChavin_B72802.Huanuco.CarpaChavin" spec="beast.evolution.alignment.Taxon"/>
#                        <taxon id="Carpish_B72762.Huanuco.Acomayo" spec="beast.evolution.alignment.Taxon"/>
#                        <taxon id="Carpish_B72773.Huanuco.Mitotambo" spec="beast.evolution.alignment.Taxon"/>
#                        <taxon id="Chavinillo_B72789.Huanuco.Chavinillo" spec="beast.evolution.alignment.Taxon"/>
#                        <taxon id="Chavinillo_B72792.Huanuco.Chavinillo" spec="beast.evolution.alignment.Taxon"/>
#                        <taxon id="Macate_B72807.Ancash.Macate" spec="beast.evolution.alignment.Taxon"/>
#                        <taxon id="Macate_B72815.Ancash.Macate" spec="beast.evolution.alignment.Taxon"/>
#                        <taxon id="Quichas_B72777.Lima.Quichas" spec="beast.evolution.alignment.Taxon"/>
#                        <taxon id="Quichas_B72785.Lima.Quichas" spec="beast.evolution.alignment.Taxon"/>
#                        <taxon id="CorBlanca_NK_171703" spec="beast.evolution.alignment.Taxon"/>
#                        <taxon id="CorBlanca_FMNH_391889" spec="beast.evolution.alignment.Taxon"/>
#                        <taxon id="Huamatanga_B72889.Lima.Huamatanga" spec="beast.evolution.alignment.Taxon"/>
#                        <taxon id="Huamatanga_B72892.Lima.Huamatanga" spec="beast.evolution.alignment.Taxon"/>
#                        <taxon id="Pacar_B72905.Ancash.Pacar" spec="beast.evolution.alignment.Taxon"/>
#                        <taxon id="Pacar_B72912.Ancash.Pacar" spec="beast.evolution.alignment.Taxon"/>
#                        <taxon id="LaQuinua_B72754.Pasco.LaQuinua" spec="beast.evolution.alignment.Taxon"/>
#                        <taxon id="LaQuinua_B72760.Pasco.LaQuinua" spec="beast.evolution.alignment.Taxon"/>
#                        <taxon id="Chinchan_B72895.Ancash.Chinchan" spec="beast.evolution.alignment.Taxon"/>
#                        <taxon id="Chinchan_NK_173896" spec="beast.evolution.alignment.Taxon"/>
#                    </taxonset>
#                    <taxonset id="cur" spec="beast.evolution.alignment.TaxonSet">
#                        <taxon id="curtata_cra.cur.B6032" spec="beast.evolution.alignment.Taxon"/>
#                        <taxon id="curtata_cra.cur.B8175" spec="beast.evolution.alignment.Taxon"/>
#                    </taxonset>
#                </taxa>
#                <parameter id="RealParameter.0" lower="0.0" name="clock.rate" spec="beast.core.parameter.RealParameter" upper="0.0">1.0</parameter>
#            </tree>
#        </distribution>
#    </distribution>
#    <distribution id="likelihood" spec="beast.core.util.CompoundDistribution">
#        <distribution data="@snap.F1r1" id="treeLikelihood.F1r1" non-polymorphic="false" pattern="coalescenceRate" spec="snap.likelihood.SnAPTreeLikelihood" tree="@Tree.F1r1">
#            <siteModel id="MutationSiteModel.F1r1" spec="beast.evolution.sitemodel.SiteModel">
#                <parameter estimate="false" id="mutationRate" name="mutationRate" spec="beast.core.parameter.RealParameter">1.0</parameter>
#                <parameter estimate="false" id="shape" name="shape" spec="beast.core.parameter.RealParameter">2.0</parameter>
#                <parameter estimate="false" id="proportionInvariant" name="proportionInvariant" spec="beast.core.parameter.RealParameter">0.0</parameter>
#                <substModel coalescenceRate="@coalescenceRate" id="MutationModel" spec="snap.likelihood.SnapSubstitutionModel">
#                    <parameter estimate="false" id="u" lower="0.0" name="mutationRateU" spec="beast.core.parameter.RealParameter">1.0</parameter>
#                    <parameter id="v" lower="0.0" name="mutationRateV" spec="beast.core.parameter.RealParameter">1.0</parameter>
#                </substModel>
#            </siteModel>
#        </distribution>
#    </distribution>
#</input>
#
Sample	posterior	likelihood	prior	theta0	theta1	theta2	theta3	theta4	TreeHeightLogger
0	-5063.680989400616	-4816.119215188335	-247.56177421228114	0.06575649517971591	0.07370788704988132	0.08760797312740445	0.09501448453097182	0.1805494244163311	0.002879147044888312
1000	-5066.898578389759	-4812.46924272577	-254.42933566398912	0.059253009512234396	0.11893380905182524	0.20319894702687685	0.1030708067691434	0.2665579048589948	0.004423029716990226
2000	-5065.87162038185	-4815.838164763306	-250.03345561854414	0.0584421513093357	0.09534527104689844	0.08695753690938979	0.13052973751122104	0.20016354005408282	0.004244232058156485
3000	-5066.52853804937	-4817.852395016338	-248.67614303303176	0.05417940369673799	0.08215970833497267	0.09998299441237556	0.12442849998577483	0.1711657331309154	0.00397909351753409
4000	-5066.205794323026	-4813.083361844192	-253.12243247883387	0.051105053340940614	0.07629456648973261	0.07433747773310133	0.12061198525611262	0.21397242721405504	0.002706395975984575
5000	-5063.284473997013	-4814.985471211394	-248.29900278561985	0.07020975910133782	0.09172506289697048	0.10076121366146544	0.0973418628199741	0.2091705303815982	0.003085011062286655
6000	-5062.541982910246	-4810.314744444991	-252.22723846525395	0.044877413987769246	0.0860570345604241	0.09461560189877209	0.11663298927549123	0.2454041344055676	0.0027724576676322744
7000	-5063.619561771148	-4812.909522433231	-250.71003933791658	0.06867789060227637	0.09730081780853764	0.13020466412675027	0.13484722038846733	0.25670306987104335	0.004559046363816319
8000	-5066.76308263197	-4819.144316342581	-247.61876628938936	0.09664805770072632	0.11972098800509942	0.06942435853932072	0.12557683115341106	0.20090269812211223	0.004201854123577146
9000	-5065.460008131493	-4813.264714398582	-252.19529373291044	0.07619952040956471	0.09889201748148427	0.1256655079834645	0.0792611003642187	0.2592332854028766	0.0037725658968855704
10000	-5067.695119270468	-4812.907383439164	-254.78773583130481	0.050924006451693926	0.0463540829702293	0.07764823584619912	0.1125728549150339	0.21103412497702737	0.0023193313839820415
11000	-5065.505219206307	-4811.989673278031	-253.51554592827551	0.040148519395118286	0.11358866737966311	0.06448024166006507	0.1406221248347381	0.2185119716915113	0.0027649321904979407
12000	-5068.762810998499	-4812.964923470392	-255.7978875281066	0.058472807015904876	0.07937478971033315	0.030945150280482843	0.14217430151384203	0.1930519236389619	0.0036821248238262244
13000	-5064.268096689611	-4814.01274968761	-250.25534700200072	0.09398125919072788	0.1516878992891702	0.07047945505768582	0.09893998687625993	0.24353454340803	0.004405319460665784
14000	-5065.121390687513	-4814.40499188041	-250.71639880710237	0.043000158312397306	0.12112787861904929	0.06776121194750744	0.10389717251534138	0.18979421536210772	0.0030559128014402037
15000	-5064.527892517157	-4815.3018734284515	-249.22601908870502	0.0594372792633367	0.07796680942801103	0.09790981919004292	0.07002630622526564	0.19293577367328665	0.002768884314010804
16000	-5064.502193054197	-4816.257324003012	-248.24486905118454	0.07633943345932151	0.08410518458113317	0.06205760997066104	0.09352853317191678	0.1838370750268185	0.00312737611519923
17000	-5065.9853943164735	-4809.172884928759	-256.8125093877143	0.030636063468249812	0.08276030892800916	0.07716328560824827	0.14020652569292327	0.24937045477121866	0.002862613015551332
18000	-5066.506697997611	-4812.299439666689	-254.20725833092177	0.030544580601748927	0.12927315749394688	0.10733660746739349	0.1466823826973591	0.22231521831844447	0.0031545595793851413
19000	-5066.1326525366185	-4812.523067416087	-253.60958512053185	0.042646611265519316	0.08369791912658014	0.05284440317218808	0.08876363789398464	0.20082268054813202	0.003006272157198244
20000	-5064.398021114579	-4811.0046087499995	-253.39341236457946	0.07175597298899808	0.08908659594767707	0.06497429873100441	0.13011376898719637	0.2789080888428015	0.004350073785144475
21000	-5062.899747842438	-4812.702977841051	-250.19677000138762	0.06316698232569308	0.10816760598730354	0.06791891534451021	0.09904858593036496	0.2169203097020774	0.003669648820118564
22000	-5062.66014051388	-4812.134540718226	-250.52559979565356	0.052651986400017406	0.08248119636919911	0.08329399599505852	0.09765137766218243	0.2234616593178914	0.0028208502941323276
23000	-5064.669576607436	-4814.075047029934	-250.59452957750256	0.09149082763047119	0.10077647024286493	0.13807212555965295	0.11586554018766229	0.2720148778219803	0.004306906676412362
24000	-5067.581141939475	-4814.670513308201	-252.9106286312736	0.08194892034353166	0.18453624073504782	0.12191863047492466	0.16922750121354796	0.23947351482529888	0.006637603639829846
25000	-5062.511192495506	-4811.142281106957	-251.36891138854907	0.05279204924262504	0.1118487370906195	0.08788215405487636	0.09390917233286483	0.2425272123668991	0.003057180973291324
26000	-5065.336415714172	-4811.369192703194	-253.9672230109778	0.03779895799543559	0.08500513830926605	0.12549672644681595	0.08346502239356932	0.23444013175436412	0.002883717397728562
27000	-5071.381748939413	-4814.239900668602	-257.1418482708115	0.08061538139706573	0.08523159806712365	0.11207796765113238	0.13955520128833182	0.29919663912061134	0.004920922166896754
28000	-5066.238429926072	-4812.850546097121	-253.38788382895083	0.05427813507452105	0.05221721067199971	0.1199863851092481	0.16131006055981645	0.21540701210628665	0.003115551593164776
29000	-5065.32506368896	-4816.800661380705	-248.52440230825547	0.05092697055996744	0.058880857284307156	0.09828011775527673	0.11568407116698566	0.15712323878275147	0.0023199758101932044
30000	-5065.07458518242	-4812.162785768909	-252.91179941351132	0.04483702876017764	0.14007754159217653	0.11829325899810927	0.15503722352278357	0.23727100979027457	0.0037860551643971235
31000	-5064.641077453048	-4815.7211553653015	-248.91992208774641	0.05360254122150843	0.11264719340842888	0.16097238100790517	0.1460505524034039	0.1936226357908479	0.003294350597268916
32000	-5063.741986148512	-4812.616889707471	-251.12509644104134	0.07726370190739366	0.1305190793213401	0.11648885171731707	0.08460564329336076	0.2734281133887059	0.004091595712782878
33000	-5066.691648597164	-4816.556802214268	-250.1348463828967	0.0856607557147868	0.18091197319851954	0.06695320203606156	0.10140037084245135	0.2140461998049138	0.004913824480842932
34000	-5063.008189750594	-4812.250547361386	-250.75764238920766	0.07466373061373503	0.13098460777460313	0.09899244935830061	0.11426864555485072	0.2567921755952422	0.004972331760858488
35000	-5066.459183643149	-4809.4834644918155	-256.97571915133346	0.041108809600623415	0.0625282830573587	0.05874794586429379	0.10725601959621954	0.2539488796994944	0.0025868994208456384
36000	-5065.959737027368	-4814.970280802883	-250.98945622448431	0.04831722074898389	0.05843847431116071	0.08389077848487743	0.11824247504420875	0.17727299595388518	0.0031731845384462736
37000	-5065.572554457291	-4814.789144596836	-250.78340986045473	0.07224282027692311	0.09952100398769043	0.11792199810743277	0.0488573373043125	0.20960441706993457	0.003776357022491006
38000	-5067.64809966503	-4820.476355562308	-247.1717441027221	0.08229394988074483	0.09201861193996909	0.07259671142694997	0.1320531338260633	0.1709056413125424	0.005036826077999812
39000	-5066.078464752098	-4812.804624281799	-253.27384047029875	0.05783803041520164	0.11224103114137257	0.08964304075565692	0.05023315471495484	0.21178103382003513	0.0033396216253208984
40000	-5064.4325505065635	-4812.892059445896	-251.54049106066762	0.06228628020190008	0.10382614684615547	0.11457407675191643	0.11465783200781476	0.23506009609262607	0.004096033713441644
41000	-5066.258139911758	-4820.531008422068	-245.72713148968936	0.08004059198150124	0.11380527733578963	0.08486641967516687	0.11539279141005046	0.16351314496813898	0.004784256863414059
42000	-5065.784258036549	-4810.449790498648	-255.3344675379005	0.06870774374994831	0.14637781280872336	0.08340305885133165	0.11024691791373463	0.31386740213895264	0.005738092628074629
43000	-5063.719118600537	-4814.799741212522	-248.91937738801403	0.07988798609299107	0.10985397676944185	0.06871425317715245	0.13404589607896264	0.22547188189939685	0.004205590428591955
44000	-5064.193044628047	-4811.369968021656	-252.82307660639094	0.08580910229000514	0.14943800103451096	0.11401355667952935	0.06627015275039065	0.28085281426540937	0.004499447939551233
45000	-5062.804526276404	-4812.209910111553	-250.59461616485152	0.06653684431587732	0.10282323783400127	0.07954452776607156	0.1431892293755864	0.2366524357936052	0.004281340602548585
46000	-5063.513395536564	-4816.2469885888695	-247.26640694769404	0.07185946710074627	0.08076533944463699	0.10157010592255311	0.12473696385433701	0.2048899262418609	0.0033410357421305354
47000	-5065.889558691662	-4811.537848759169	-254.3517099324938	0.03221341348457762	0.10026548087770078	0.07789877621910418	0.09446060092799677	0.21738297095436396	0.002797827711203695
48000	-5069.659598048403	-4812.737951359592	-256.92164668881003	0.045143816608974666	0.06591447702857574	0.06810406330023192	0.0597559263476604	0.231440616609238	0.00195997001256608
49000	-5067.6057613401845	-4813.019485426383	-254.5862759138019	0.03870496174795034	0.06868306568753653	0.0463033965868024	0.11944580623312163	0.16511583462124332	0.0023559504971334168
50000	-5062.930967479275	-4813.73772436363	-249.19324311564486	0.0625462298886837	0.1281398717123718	0.12291442375119058	0.09771621497407681	0.22617191928072142	0.004343576364382584
51000	-5065.906688404559	-4808.529917127943	-257.3767712766155	0.05095212880718508	0.10282478544785166	0.049395615862763045	0.07248801374032218	0.27418701060289435	0.0030761640255174407
52000	-5064.246856515192	-4812.403084327285	-251.84377218790698	0.06294449852868306	0.12232416767607637	0.062476351661936914	0.11507111384782542	0.22375626604495838	0.004040553952709827
53000	-5064.353936326912	-4811.72427846429	-252.6296578626216	0.04962083421131634	0.09521177244314362	0.07497479102527418	0.06376916250914302	0.22447133495331528	0.0027998689828276084
54000	-5063.202943356712	-4809.619983217336	-253.582960139376	0.05653930744075379	0.1282863729358114	0.06663606496271023	0.08926400329676576	0.2637454584196913	0.003835033760433231
55000	-5065.100888933447	-4813.968923417864	-251.13196551558264	0.043460733855510275	0.0855201446735726	0.07693438458940811	0.16249910698296655	0.18638363808414596	0.003207257014014641
56000	-5072.040882983176	-4816.428279968259	-255.61260301491725	0.07601669352333926	0.053008664846647506	0.1153915899456639	0.11692667883926292	0.22871627467580968	0.0024093846557045884
57000	-5065.140085863812	-4815.354756976772	-249.7853288870402	0.06104142540605738	0.08697135535470396	0.12211968379612029	0.12457347492643021	0.21456510113091734	0.002899048880415937
58000	-5064.687142110575	-4809.105509110939	-255.58163299963644	0.05872413387067554	0.11884987024483112	0.07057074293596702	0.07883701438334903	0.2905118143450522	0.0034846436344961374
59000	-5063.040766459337	-4811.648467318006	-251.39229914133102	0.04844866846694584	0.11682672219569515	0.10306573921495316	0.08734366155765845	0.2329414673655134	0.0035391594713829904
60000	-5062.954478193127	-4812.222778286796	-250.73169990633127	0.054078424812597274	0.07141353942640272	0.08306727862173516	0.14021391195213823	0.21986007268100885	0.0026454668378203612
61000	-5064.567227999961	-4815.500946236306	-249.06628176365516	0.058094269271870544	0.06886605253736686	0.12222254272904894	0.07881880036935901	0.18798603519931587	0.0028651547318123962
62000	-5066.871417168769	-4812.777724534263	-254.09369263450614	0.06949877603763337	0.12178387160184484	0.05657865965242072	0.08847333266975976	0.23156752520069665	0.0037334986901621106
63000	-5066.069977317339	-4816.26383468074	-249.80614263659933	0.06862492012100972	0.14190258773162082	0.09600807937625393	0.11406412410065336	0.25777514079972513	0.0031441767500866766
64000	-5064.33104187212	-4815.029146321084	-249.30189555103584	0.05502213013125496	0.08061276592070507	0.0826572809122289	0.11694155319553856	0.2024505793050203	0.00372730295077371
65000	-5062.1471196600805	-4812.1493147720375	-249.99780488804333	0.06807209857427085	0.12277542645545612	0.07441675317736551	0.11011034755376234	0.23563351263648313	0.00411959392488167
66000	-5065.371020262699	-4809.294344928589	-256.0766753341093	0.04930076100780575	0.14062929140873087	0.08442208557942697	0.09366089300944724	0.2909880638987217	0.004424014815706116
67000	-5065.166502040547	-4814.468084424424	-250.69841761612298	0.06780231561339552	0.11956680738981391	0.05020488193793741	0.14519352773782748	0.19834039912963175	0.003670193910838053
68000	-5066.775511159616	-4812.648748913836	-254.12676224578036	0.056043218800405956	0.12022605822845382	0.09830474963858263	0.06511141699988711	0.22754275959383277	0.003971754366848574
69000	-5062.340395677157	-4813.199535051523	-249.14086062563416	0.07004091521886059	0.10051509692887813	0.08689211041730947	0.1165186849558264	0.22608379978713058	0.0038821935604313905
70000	-5066.844211128871	-4817.671137085064	-249.1730740438071	0.07633158310369048	0.15868833583458106	0.13927352403475993	0.11089545647265503	0.21723532454307848	0.00389291034864266
71000	-5066.7782023846175	-4813.634380058323	-253.14382232629498	0.06073197692606842	0.18571337200310623	0.0807982962966262	0.07795741847973363	0.24737003957778797	0.0035202592469415505
72000	-5066.511813022389	-4811.648824173749	-254.86298884864016	0.0511471984172358	0.08822599522115193	0.0925506880927452	0.15044527667713495	0.3010964234087081	0.0027188631284662296
73000	-5064.849827528712	-4812.694436284505	-252.15539124420673	0.04621279567932437	0.08600957108212653	0.09737062693429999	0.12591630374220006	0.24154059231285968	0.003186865928348175
74000	-5064.87562441178	-4816.260663823856	-248.61496058792463	0.06708481066009749	0.06850632160259838	0.08734074233422456	0.11899292106995481	0.19032698470166912	0.0038862800098514753
75000	-5068.727594137417	-4812.619272599539	-256.10832153787874	0.05216626284945598	0.06711384947324817	0.10984925962736587	0.08012599685092628	0.25271330249128104	0.002966802834631948
76000	-5065.673575243885	-4810.423181130177	-255.25039411370855	0.03785911135620861	0.1125954792482201	0.06582936130455691	0.13583147339570825	0.24191487219460636	0.003526378289182186
77000	-5065.23948583115	-4813.990515393505	-251.24897043764452	0.08139633965133848	0.12068717452746539	0.06101940113252396	0.13950271978052345	0.23707746718226166	0.00518772783988935
78000	-5065.692918208827	-4812.521550405516	-253.1713678033114	0.03836173604079239	0.11787503416008532	0.0923527925871582	0.11414831896343607	0.21348293373830085	0.0035357187467566532
79000	-5065.506733095828	-4811.975821947854	-253.5309111479742	0.040281849298793256	0.12200962214358425	0.06728536097933768	0.09017040529938238	0.22144061593348766	0.0029680919413905115
80000	-5063.925784831463	-4810.78362014475	-253.14216468671253	0.05885506014011838	0.08895371260058074	0.06995204606607823	0.12641727638531358	0.26782906518272753	0.003430449838836419
81000	-5064.3274269800295	-4812.306664120147	-252.02076285988252	0.03807837742686853	0.06943800915350327	0.0971611494711498	0.09941845350682513	0.19179042569480012	0.002755527263613801
82000	-5062.015005635161	-4814.5232352231415	-247.49177041201966	0.07163067498561453	0.10370268442850801	0.09786692029600105	0.13321145057538356	0.21269439455571504	0.0034044183397011524
83000	-5067.281177895076	-4811.20025813981	-256.08091975526577	0.03680672581384902	0.05499321308619147	0.10154939610549772	0.06733661805968272	0.2214274958886881	0.002182766198523767
84000	-5063.58880873254	-4812.358527750622	-251.23028098191867	0.06346300585769096	0.10137733242877876	0.06747319703500487	0.08292468925369689	0.23392828845176095	0.0029354524931331076
85000	-5069.0356127537725	-4818.238930907066	-250.79668184670683	0.10336389619299065	0.11105203555509424	0.11623637078729208	0.16318391805746318	0.2321165242358853	0.003588876157148201
86000	-5065.682193388091	-4811.7814842936	-253.9007090944908	0.03992786986660661	0.11828978375697113	0.1065911229917969	0.09999923562137035	0.22625651389231483	0.0034697347444013183
87000	-5065.867710750255	-4810.27832154052	-255.5893892097358	0.038554506304226396	0.10165571088013789	0.05691427624872854	0.16289410100537155	0.22333257071644366	0.0028259417560299333
88000	-5069.251913261782	-4814.123058302581	-255.128854959201	0.05448397632878665	0.11116858756629527	0.14569500827708193	0.10872799396003176	0.3005114523309668	0.00507513054452457
89000	-5064.85262475307	-4814.887026521872	-249.96559823119767	0.08004980586029227	0.11176916354044021	0.15035126224533962	0.144061737903573	0.2585435908041517	0.0036711745230958064
90000	-5064.270901263186	-4811.492589904015	-252.7783113591704	0.061169754509833134	0.1396574571906569	0.06685685707937795	0.07344488439214793	0.2463752594945734	0.0034277838504714908
91000	-5064.088271681103	-4811.180938306821	-252.90733337428156	0.057564777127310535	0.10996028180272563	0.09834928385579941	0.12463294133549707	0.26693778171700877	0.004721702465657406
92000	-5066.429449775384	-4811.810215974312	-254.61923380107177	0.060428176364930766	0.10431634603080728	0.07554154703716506	0.05345595696200129	0.25697247097318227	0.003670558117223496
93000	-5069.305109554587	-4814.142126094514	-255.16298346007224	0.05963069649732279	0.08588986959190274	0.05828767119927859	0.0874381018970765	0.21978673609635418	0.0026914838548364045
94000	-5064.53249118053	-4816.540207239939	-247.99228394059077	0.07369164963560804	0.11913074553485255	0.1041229921238041	0.09620663308463794	0.21225597881331268	0.004743643298269698
95000	-5064.786181482444	-4816.043699880428	-248.74248160201526	0.05660927683269179	0.08138114605209484	0.10223121389952664	0.13496030835528094	0.2003007879509876	0.004132681337195062
96000	-5064.7728852437285	-4816.198609538767	-248.57427570496083	0.061376146231561485	0.0660660224375329	0.09758820943806559	0.12487520000130548	0.1865001801326632	0.0039961387236936916
97000	-5064.651777630492	-4812.460111560753	-252.1916660697391	0.077868517217423	0.1303177891027917	0.07499614339441196	0.18811567822784966	0.24866801630564034	0.004825226264121888
98000	-5064.322834994977	-4811.881503354682	-252.44133164029532	0.06366143990352562	0.11304874399088807	0.07252408154203757	0.14968385410522037	0.24988739850576117	0.004661208127500616
99000	-5063.784597928615	-4814.676431298281	-249.10816663033341	0.06449699073138895	0.11438390708943609	0.11842588030729369	0.07793347487588366	0.2286871798374205	0.003331594977994832
100000	-5063.0140369755145	-4812.14430727039	-250.8697297051246	0.06708021014490606	0.09155857970061496	0.1031428426849993	0.1405560556391913	0.2513320047540727	0.003988712641820995
101000	-5067.166165536537	-4816.178179708393	-250.98798582814393	0.05521720613886525	0.11253192812929108	0.11700390143971556	0.09007296420791044	0.2183940395560852	0.005690211355729682
102000	-5066.354494923868	-4814.6644794033145	-251.69001552055332	0.08408793010934788	0.1102550327264616	0.10049299429798751	0.12608337276034076	0.261601821715847	0.006024599366620612
103000	-5066.130265396507	-4811.436573768589	-254.69369162791742	0.03667485575706825	0.11637279150578907	0.08506132952149117	0.08339960499839269	0.22764863128892698	0.003568023502119386
104000	-5065.380953383507	-4813.235894366418	-252.1450590170895	0.04708043071558051	0.12767392429432317	0.07611069272418952	0.12630194707785763	0.21585086651767393	0.0036189916087557353
105000	-5069.3164596324705	-4818.921960432493	-250.3944991999778	0.08426806957356776	0.055093020995432375	0.05369465577002794	0.11467452061697722	0.17295218443172722	0.0026399335704653352
106000	-5063.353431014512	-4814.993797917758	-248.35963309675506	0.08544253765410367	0.14988088158452043	0.08505552063087485	0.1338291352222365	0.21831933769841183	0.004553018549779578
107000	-5064.719249511	-4812.570844879699	-252.14840463130184	0.05648584090749765	0.07484225555185502	0.11666954511381505	0.09947115271078752	0.25829755287598605	0.003471910628304024
108000	-5065.118832045282	-4815.501632130279	-249.6171999150024	0.05250324060641299	0.06530254759364645	0.08042523587430758	0.09302273678368217	0.17223567720172528	0.002436228161366698
109000	-5068.096631338181	-4817.749488294496	-250.34714304368578	0.06937579062367925	0.08677155577932774	0.1968557524075616	0.1508777598990807	0.19053750198203562	0.004558204391245486
110000	-5066.117036270607	-4813.154085013143	-252.96295125746403	0.050881767900128896	0.0665531137407563	0.09888543973702574	0.13556308682870727	0.23187716676156883	0.0029569310481132767
111000	-5063.768110016866	-4814.632937488281	-249.13517252858495	0.0655977863653137	0.08990221833156117	0.06683561701313956	0.09523627164211781	0.20462315057662708	0.002801342635869094
112000	-5067.730168223062	-4810.751939301508	-256.9782289215538	0.03413458098937329	0.09457804832638174	0.04523727711205273	0.10823542750392164	0.22315575310884653	0.0025878500397767635
113000	-5064.123325327486	-4815.049148498966	-249.07417682851963	0.048870287301150055	0.11602651989256825	0.07288187756783761	0.1193937603881698	0.1805799032589377	0.0032313048872894498
114000	-5067.914561340789	-4812.635819714391	-255.27874162639847	0.02828737991391354	0.06389050460699282	0.08782362395067406	0.09000861663388396	0.18256183563461323	0.0028404229404188556
115000	-5067.060412840918	-4811.319663794242	-255.74074904667552	0.049470198248012624	0.06722667278162703	0.06636402416992791	0.0898203698568035	0.22932629556657594	0.00264532901062871
116000	-5063.168427173864	-4814.155681012096	-249.01274616176872	0.06402340140542263	0.07899449292890556	0.09797981295859799	0.1510145622816856	0.21452599263900127	0.0030634664457341917
117000	-5063.371831832385	-4812.590837465782	-250.78099436660372	0.05612856313889444	0.10922627971514715	0.09881055111408746	0.1602678262662165	0.23117464852173789	0.004509638586410973
118000	-5066.50695350903	-4810.848860777283	-255.65809273174645	0.05387641367334556	0.08170290481407101	0.06095788914851813	0.07242220610753464	0.24527591452824768	0.003259829021050145
119000	-5064.160938684883	-4812.950429082024	-251.21050960285913	0.05849423926062862	0.0911621184879018	0.06347876495988392	0.136239758015554	0.20134522454798848	0.0032689774230800057
120000	-5068.206553601325	-4817.379498942706	-250.82705465861952	0.0739306556847579	0.08091330770697788	0.12220275914245864	0.06084700852634731	0.19895728486048495	0.0038392001369854994
121000	-5066.668143953273	-4811.91191904202	-254.75622491125338	0.040028279715861446	0.05253361539353815	0.082454460049582	0.09583079125043623	0.20249887075137046	0.002050304670273175
122000	-5067.202759109381	-4809.487575589781	-257.71518351960043	0.03248466452086711	0.06274487237484667	0.10838197048645476	0.17450387323141256	0.255978847337508	0.002236048775853905
123000	-5063.98381776919	-4812.318321270584	-251.66549649860522	0.044098833117511956	0.05978110579782991	0.09290764639663018	0.12811166009109215	0.2021653898674627	0.002688520126071459
124000	-5066.58329358813	-4816.559655809926	-250.0236377782036	0.03542893534915605	0.07842766512769904	0.11720971284702304	0.11490313808591773	0.16390282606241005	0.0018265543991502664
125000	-5064.921840083953	-4811.756114215892	-253.16572586806035	0.043815903908462135	0.0633746835818382	0.13543122598252738	0.12333421507176538	0.24005258569852986	0.0024179864918885846
126000	-5065.498817293641	-4814.024782461995	-251.474034831646	0.04614014305141383	0.1005950688325655	0.14085991442733697	0.08130289092704653	0.23084821447128956	0.002967980236863989
127000	-5065.8904390945145	-4810.72743394684	-255.1630051476741	0.034683518234118096	0.08227209504776851	0.07134190337482474	0.09424953676899751	0.23451680464818608	0.0025125539140544864
128000	-5064.8445630007445	-4813.647178197572	-251.19738480317184	0.04089917547899929	0.10210499875346926	0.10640855525890887	0.17367296549019962	0.19537604958796984	0.0034620241480964498
129000	-5063.074677479836	-4815.472105395948	-247.60257208388808	0.05894362943043537	0.07803486060328245	0.11565119910406094	0.1336822190508832	0.18728872820631973	0.0031583086894779538
130000	-5064.418422966072	-4812.985949278533	-251.43247368753927	0.047757133669133416	0.09981149850709252	0.06349286855823925	0.09371799266169885	0.192882295240243	0.0030496591839437705
131000	-5067.933205418272	-4817.717579631398	-250.21562578687465	0.04371139328643814	0.07137891002449616	0.13690484651216547	0.06972105792739429	0.14807617061876513	0.0022902693714612113
132000	-5063.631214146599	-4812.367308962417	-251.263905184182	0.06486991202396619	0.0874236430300562	0.07853460191420636	0.10111455164117482	0.25069443346151277	0.003015340473804468
133000	-5064.310726566566	-4814.112685330067	-250.1980412364988	0.04152833091598528	0.10372381836002315	0.11134742261758968	0.10201847422500386	0.19917478190447305	0.003707856817295077
134000	-5063.752034485832	-4812.317044761262	-251.4349897245702	0.051787576683110195	0.08766911186655506	0.14057029587506067	0.12704789593716126	0.24788462571257697	0.003203483720488308
135000	-5071.762796911107	-4817.314242636355	-254.4485542747521	0.042162250476338516	0.045019115781965324	0.06660385576214956	0.09289101041989618	0.13575343906153894	0.002083858011447273
136000	-5063.285227245676	-4812.883018388354	-250.40220885732185	0.0456477068890931	0.08124716576226122	0.13539943748609815	0.1020579730268423	0.2105354934966503	0.002623729638457147
137000	-5068.247744620997	-4809.339714739235	-258.9080298817615	0.050722938443724816	0.13250556621048204	0.05463805079989467	0.17676562687223646	0.27114920755777405	0.004097852326846896
138000	-5064.977016636373	-4813.650741777918	-251.32627485845575	0.05471016968958271	0.07515218603079686	0.06617234414601929	0.08038275487684152	0.2020761793587251	0.002548044896830898
139000	-5066.250556867467	-4809.347064933126	-256.9034919343412	0.03219914729025077	0.08594106365280632	0.0668653252819195	0.13655070886355636	0.2549799435066026	0.002180081399573388
140000	-5065.541822451202	-4812.416106558295	-253.1257158929075	0.04405097224222554	0.12651386055974462	0.15313358245002628	0.11758238678922804	0.24374041287539133	0.003546250060492985
141000	-5067.392643119953	-4816.331056159826	-251.06158696012685	0.08045481973597536	0.09096022237834134	0.1824218147732649	0.10854817973302841	0.2670831830199215	0.0027552165697086813
142000	-5066.286961534306	-4814.6117953768135	-251.67516615749258	0.06951126447701195	0.07979871917124645	0.05873273766748372	0.19962444333580653	0.19665730331707318	0.0029113486264176263
143000	-5067.484796759038	-4816.031755611186	-251.45304114785193	0.06222558520043244	0.10497113966712515	0.06369591013169433	0.1464422854231178	0.21190338682025361	0.0038817857915341186
144000	-5063.755732086617	-4813.125806854743	-250.6299252318744	0.07401347096380266	0.15416748479149256	0.100597029719031	0.09120674200170156	0.24795512274237325	0.004327853204749296
145000	-5064.895139154038	-4813.291890798746	-251.6032483552915	0.06169709768137338	0.0942428781492739	0.06610984491617898	0.08374408058253745	0.2160962513562123	0.003940904886662048
146000	-5065.38368939139	-4811.433997130617	-253.94969226077345	0.05003016473423184	0.0861787931422247	0.16143968525655297	0.10739060229477791	0.27380271550139873	0.0027439902512447238
147000	-5063.895118218015	-4814.441413265905	-249.4537049521101	0.10077087846557166	0.1214865485978569	0.1152445698958995	0.12078330041636878	0.26082372288794853	0.005581254756954251
148000	-5071.011778687434	-4816.532223025574	-254.47955566186047	0.10089584190128342	0.14611237641123095	0.05104531096557904	0.06000853506664934	0.2179603082115459	0.00469864264452835
149000	-5063.708366940525	-4813.140418823807	-250.56794811671793	0.0623425525413826	0.08973920177105286	0.10182479086499094	0.14504514769202967	0.2290811283740904	0.002904414935479996
150000	-5063.987651315782	-4812.848074731288	-251.1395765844949	0.05305041163189281	0.12016788962351896	0.07871019302307618	0.11989553026456215	0.23825117892049885	0.0037777555048229654
151000	-5067.2177222079545	-4816.244461099366	-250.97326110858856	0.039585006420701827	0.07564991322362634	0.1038295851153373	0.10675637611861809	0.17605079059231019	0.00370213548073292
152000	-5063.606568063693	-4814.779891431734	-248.8266766319591	0.07568789009347794	0.0974687789440017	0.07075129003303832	0.15155479485951268	0.1989484115947874	0.004033835776233135
153000	-5063.2035615576615	-4813.301117506822	-249.90244405083897	0.049582836684089165	0.11644617444001988	0.08070205851796243	0.10108224608420993	0.20420198757095298	0.0037610289391376028
154000	-5065.206866729207	-4813.5598965608515	-251.64697016835512	0.04812222068288677	0.07230800765677935	0.12102830082490418	0.08688512473962001	0.22696656023099127	0.0032852752635687092
155000	-5063.436465841679	-4813.283986675446	-250.15247916623304	0.04273938975961147	0.10926034467330449	0.10202886730631282	0.14248353937077074	0.20284264957951798	0.0030536568205383305
156000	-5066.194001742765	-4814.7625353443345	-251.4314663984306	0.07170823362013001	0.07100445446755498	0.10598337729714981	0.129264086617512	0.25342298446106337	0.004764509029367109
157000	-5067.220500316057	-4817.072853944217	-250.14764637184035	0.07660242414445399	0.14525488267807454	0.0781073160348736	0.09114457973298393	0.18986504331566656	0.004237622610519675
158000	-5062.806888186908	-4813.894274946197	-248.91261324071104	0.06947657882058067	0.07864993462809008	0.0866196118840122	0.1261508531028382	0.2158437663415099	0.0034647461026303533
159000	-5063.494412845802	-4813.272150450681	-250.22226239512074	0.05211136754910288	0.127423719726478	0.10504584614923096	0.12464742475189144	0.22417241754527487	0.004004777723479954
160000	-5063.988872790319	-4815.944907265464	-248.0439655248548	0.0891554307601264	0.10036178786425233	0.13041195957944765	0.1164734943030353	0.23138180957359714	0.004998425937839421
161000	-5067.79543458068	-4818.583578226835	-249.21185635384532	0.10552391140502035	0.09125038065769628	0.06607273718204597	0.0887443793821981	0.2313332011847262	0.0032222759191162798
162000	-5065.870490212121	-4811.503929644197	-254.36656056792387	0.0411558995486716	0.09295641357397717	0.05501152848095468	0.0963098133858665	0.2059801645937863	0.002960818060897502
163000	-5067.800207399629	-4816.408107562033	-251.3920998375952	0.03871405184645158	0.09280603162817189	0.0802121652171939	0.15688417284987358	0.1894298862400591	0.003006400489866567
164000	-5063.625231667044	-4813.584647343872	-250.04058432317217	0.05817189655650627	0.08158801115377441	0.11783160323514175	0.1094674235472719	0.21090538696664937	0.0032561314091831875
165000	-5066.587307982051	-4815.953306012487	-250.63400196956414	0.05502458831730503	0.1082764225473081	0.15710477460748684	0.09876107094868312	0.21401569644540874	0.0028636570387042255
166000	-5065.2936614463015	-4812.992974052782	-252.30068739351935	0.0894934464302637	0.14925906718612428	0.09012183833400182	0.10790790514884067	0.27945255661095714	0.006444124602009295
167000	-5067.524312474532	-4813.822656028945	-253.70165644558733	0.054551433116910145	0.05371958870176815	0.054499145832969394	0.10717168904112975	0.2075508718985858	0.002496768321922736
168000	-5065.620828700996	-4812.350580295714	-253.27024840528196	0.059130617102303266	0.09156529036033688	0.1020717335293125	0.05837078486904308	0.2464487918930458	0.0028680416644617625
169000	-5063.478254351782	-4813.5544931072645	-249.92376124451778	0.04806600990730403	0.08288606162176185	0.0984622393773144	0.11670340853110381	0.1967399307250389	0.0035196873369485637
170000	-5064.079234953188	-4817.041600622479	-247.0376343307086	0.08245334570950016	0.0847034207440318	0.07839854185898609	0.1242502910966758	0.18565083969611523	0.0038557632382175914
171000	-5066.737695137253	-4811.7350789054035	-255.00261623184903	0.04940500148723193	0.10461869198785294	0.06171469062452353	0.07318754865868617	0.24594987189695086	0.0041242265237831565
172000	-5062.953114188453	-4810.936123982975	-252.0169902054772	0.07907803173077292	0.13038399597145167	0.11190270355652118	0.10257366723482653	0.29326412125249135	0.0044116830635639705
173000	-5066.738126157164	-4813.839502407298	-252.89862374986544	0.08352860005284592	0.08432745722079919	0.10672513286591347	0.06994514385734273	0.27503872577652755	0.0037347751958083297
174000	-5065.327424331047	-4811.614141184437	-253.71328314660929	0.06105455885921573	0.17016079791954916	0.07896567196374561	0.11855225456114098	0.2572571392780021	0.00411920302794522
175000	-5065.044751622319	-4814.363525269693	-250.6812263526259	0.04584539920573536	0.08530901164975585	0.08885667557626088	0.0648038233517343	0.18269498170700826	0.0026105876704466137
176000	-5069.6103028456455	-4818.434253999079	-251.17604884656595	0.054595469900600546	0.07447596099106661	0.06940239665668671	0.12747684409204424	0.17249875568655224	0.005347986415338743
177000	-5069.73337425222	-4817.651875579591	-252.08149867262827	0.06250469446253835	0.19038009169800343	0.15353294450273158	0.11109172573013754	0.23086479169358082	0.005404514835189751
178000	-5064.097911640536	-4814.768714861406	-249.32919677912986	0.09033848775940752	0.13571235450805613	0.08070455354068326	0.10637356854268074	0.24990350077744916	0.0037948015593039755
179000	-5066.234071720419	-4814.299705839058	-251.9343658813603	0.09301864924654984	0.10072256048574267	0.1531251001947191	0.1252342310045887	0.28394836142031193	0.004926616875854082
180000	-5063.296253851586	-4812.69864676653	-250.59760708505596	0.07031712312751155	0.1075948186321446	0.0790078002541071	0.11378390313735348	0.24171589112975922	0.0035442207968493164
181000	-5064.837061978206	-4811.859823921321	-252.9772380568858	0.037453648980124314	0.05928908217181766	0.10066543624159141	0.1021249935777225	0.2018542369673806	0.002612213369160481
182000	-5066.933281290042	-4817.608359951169	-249.32492133887285	0.05133974365968901	0.12204765927285156	0.09432173963437016	0.09817573030321161	0.18138298628616653	0.004300491161852453
183000	-5065.785859523883	-4810.838187074869	-254.94767244901368	0.03729178473422018	0.08600055525364886	0.1596563830992257	0.12348003112268453	0.24648751538840072	0.0029736661938174766
184000	-5066.146185303761	-4816.291677119091	-249.85450818466992	0.05559467753732125	0.07627715226243373	0.06761944741311487	0.11745044208756195	0.1680267258385015	0.0024606611038245772
185000	-5063.01992014468	-4812.099088582504	-250.92083156217652	0.05696582952607552	0.08073377455638528	0.0827095869077382	0.13584445316430757	0.23107481889108444	0.0032766063925925523
186000	-5065.301384401314	-4814.49159518757	-250.80978921374364	0.05446737534271143	0.07647916954203757	0.10274707800302511	0.08521550077960251	0.19205525112216384	0.003186202369950396
187000	-5069.299830170396	-4821.095632785556	-248.20419738483983	0.07090386787642781	0.08186076983138331	0.07379447151929451	0.10165690168987941	0.1836552522316326	0.0051312430648045105
188000	-5063.145471169324	-4810.450368991495	-252.69510217782832	0.045339167155571715	0.08680827766994476	0.0882801762022442	0.10175198624704601	0.24442059903616373	0.003419469545924341
189000	-5062.940418723018	-4810.360863663823	-252.57955505919566	0.04852525606477285	0.11017996915614882	0.09387038203413597	0.11318456226379786	0.2531562590879336	0.0036267856753391687
190000	-5067.164614678499	-4809.833949938482	-257.3306647400167	0.04771507977327437	0.09790237151899986	0.06351512848901018	0.15589484128766304	0.2783812647275905	0.0038241860759205583
191000	-5066.837709910296	-4813.597272406274	-253.24043750402217	0.04724127960486533	0.07755826257997722	0.09984918617099052	0.04587209747285522	0.18814214293295134	0.0024892952516832483
192000	-5066.974247331805	-4811.462937205645	-255.5113101261595	0.050167136444227614	0.0940099827694106	0.04496438961106023	0.10138153271653155	0.21002945118906974	0.0030942604405083765
193000	-5067.182513605441	-4815.616345152952	-251.56616845248894	0.06727651294744277	0.04457201877536616	0.11564282774328048	0.13153662867990593	0.1980505256209117	0.003028065478974226
194000	-5066.290174642634	-4809.395386741331	-256.89478790130346	0.05091425986040178	0.09727347952833211	0.0701649111835235	0.06501998690770024	0.2844438232393919	0.00351388075791707
195000	-5063.024425282576	-4810.896227477455	-252.12819780512118	0.06304170196789965	0.09021443597889786	0.09515776249749461	0.1609629486580993	0.2653435248504805	0.0037194245247201673
196000	-5064.802045963297	-4814.136599237312	-250.66544672598465	0.07501891566156166	0.14046864025167177	0.09666535382919957	0.17446481564759578	0.23977395412781102	0.0035837964834731263
197000	-5067.471676212156	-4818.978946682376	-248.4927295297806	0.08532818995301934	0.11042776294081162	0.10395474632491794	0.13046637569771793	0.19749218276624295	0.003472967961197561
198000	-5066.428488469165	-4815.092481949163	-251.33600652000237	0.07656705166242479	0.08453413198619733	0.10407179378868028	0.07680238621768068	0.25774269462010657	0.004488495312566213
199000	-5066.171601644945	-4812.446075245932	-253.72552639901338	0.04500982641250521	0.07327015709498927	0.06251312459257637	0.07205885794502298	0.19736123337550512	0.0031170925154275163
200000	-5067.799361148453	-4812.39574370411	-255.40361744434261	0.0868652344990644	0.10352387474240982	0.05580364298024749	0.10636666306163943	0.2695229349467515	0.004039386681789535
201000	-5063.232609169425	-4811.813779535542	-251.41882963388227	0.05601374319050839	0.09883908225271003	0.11166182122635772	0.13062189195501087	0.2522707111608014	0.003848838157107362
202000	-5062.947159620808	-4811.583109724683	-251.36404989612535	0.048787059895124565	0.09491065829023185	0.06747250178559426	0.13509834447162414	0.21856565263561237	0.0026618873495514463
203000	-5065.750733085382	-4814.246350641177	-251.50438244420587	0.03955714972122768	0.10477123026780849	0.07241676943134467	0.0739730663254372	0.18037675814715937	0.0025100027977603178
204000	-5066.860696068105	-4813.744751149383	-253.11594491872228	0.033490713662576874	0.05723561606784004	0.09555043940724964	0.14548107128820742	0.1649558875198085	0.0020259646847009655
205000	-5065.643057704222	-4813.814215696373	-251.82884200784912	0.04729026072371407	0.09239628227134118	0.10184656152341486	0.08115931230067282	0.23165474122840432	0.003946994418784691
206000	-5064.431676669082	-4812.716375567773	-251.71530110130914	0.0359183357960945	0.07434444234299453	0.0850491280250876	0.10314625024702553	0.1872094023162089	0.002202021139081189
207000	-5066.576141298983	-4813.844416345009	-252.73172495397395	0.06422441642549308	0.10612964758647019	0.09760102593250446	0.11494958167299649	0.2550324397815772	0.004935665078702456
208000	-5063.725798576204	-4810.066957530227	-253.65884104597734	0.048681779045154035	0.09572221652359197	0.09834791254604998	0.1599034189876138	0.26653684977399583	0.0038185414437932282
209000	-5066.587310393701	-4814.907865967654	-251.67944442604662	0.04597881917960263	0.06909664567673748	0.12168654206767313	0.0992153216127552	0.18847734801551008	0.00294568098089684
210000	-5065.977471780515	-4814.643450012591	-251.33402176792464	0.08077493111735477	0.1004988192333936	0.07946921446832875	0.16015080240077995	0.24891081390461162	0.0056985651003083025
211000	-5065.452585043554	-4814.323625900128	-251.12895914342621	0.09938014570503777	0.09178318208552559	0.06098283052063681	0.16280555757401038	0.23012429294811126	0.004701054666278782
212000	-5063.69500678836	-4812.220972559033	-251.47403422932751	0.05044833088694447	0.1292767362727273	0.07912725981667973	0.12572001407494	0.236840684139885	0.003047177451377177
213000	-5066.17788102833	-4812.816129093728	-253.3617519346024	0.05309486059153189	0.14190332923731833	0.1285346382949953	0.08848397543773634	0.258106114888729	0.0051647156224617205
214000	-5064.29048025259	-4812.723269483661	-251.56721076892848	0.061146413429137694	0.09159254881025582	0.11935068557612197	0.10501373093364899	0.2459978865132526	0.004087576623722478
215000	-5065.470776338018	-4816.592661769367	-248.87811456865168	0.08929265953941334	0.08470350288495201	0.08237188252501206	0.11895339132524349	0.24715962400865607	0.003107127824776061
216000	-5066.502615382098	-4809.128530770275	-257.3740846118235	0.057956677812503424	0.15107764775961557	0.11663444963873851	0.0852345496599721	0.3337465997666181	0.0041971856299661174
217000	-5065.8930585966655	-4815.743794273422	-250.1492643232428	0.06286467566961602	0.06423194167057857	0.05635061849003035	0.1261493836860406	0.17108508026904357	0.0033831946070027354
218000	-5065.9562756206915	-4816.8540690787395	-249.10220654195194	0.06083689408455951	0.05847321621651727	0.10865137545427811	0.099387936830032	0.18459410787750155	0.0028579921941340376
219000	-5064.998770724398	-4812.2839412947	-252.71482942969837	0.05601952053368338	0.06983805274993822	0.047590688952804466	0.10644351660003185	0.20026724105891675	0.00281302723296512
220000	-5062.71349261753	-4813.828643508688	-248.8848491088423	0.0626336165679354	0.11248420613054708	0.08236616699822683	0.14715751223184279	0.20920221236384837	0.0037495640355403727
221000	-5065.456112682403	-4815.2756277547805	-250.18048492762216	0.09157862750308109	0.141554694465197	0.07836455174910417	0.07349648794802724	0.22410120964399333	0.005657600615408451
222000	-5067.279182548448	-4815.433858428494	-251.845324119954	0.03164125733514075	0.09955824293341803	0.08627719335189112	0.10281669622389489	0.1742237464184401	0.0026688137216546717
223000	-5064.037187348234	-4812.746820433171	-251.29036691506312	0.056758998256328394	0.11385331121490867	0.10418036337916547	0.11270088516239363	0.24628025181936705	0.004404403850359272
224000	-5063.519014126278	-4813.672246008332	-249.84676811794617	0.06519804014808313	0.130050377813605	0.09156275589342354	0.09440061126122319	0.22959312716097474	0.005015732519280681
225000	-5066.614318648209	-4814.431286091329	-252.1830325568799	0.057429485427577705	0.09490014781377396	0.04874560987719078	0.09023427181374113	0.1847654660769392	0.00360362800796987
226000	-5065.836894921085	-4812.662885848802	-253.1740090722829	0.06050275113858793	0.10366855781760288	0.1421427975351123	0.11622844379630105	0.2863633177236129	0.004648932480053059
227000	-5065.656835039487	-4810.242638406402	-255.41419663308508	0.056765032493175056	0.10404850726269214	0.09207117206887741	0.15335733298331708	0.2715541299421417	0.003758088386591398
228000	-5064.5354885121	-4812.29692285603	-252.23856565606962	0.08676448897773863	0.11759858737876419	0.10169364684064279	0.16059056854437526	0.26828416719747894	0.004855169101399018
229000	-5062.732357308925	-4812.44802820133	-250.28432910759523	0.0626148624412937	0.10954191910285817	0.08293338298239769	0.11639762792777093	0.23596842238701565	0.0045397289383722434
230000	-5065.134061873093	-4815.578506720724	-249.55555515236827	0.05754178347309842	0.0782633682395	0.08669037539169228	0.1172760455844822	0.20165349249482117	0.004253801428449806
231000	-5066.529026597834	-4809.919868353977	-256.609158243857	0.032788845839199145	0.09878784935153243	0.07924568357369066	0.12473484149525592	0.2370543231929928	0.0026229814449612162
232000	-5062.769651978448	-4812.952662587873	-249.8169893905739	0.05158200462240248	0.10031929311457816	0.09969697698939069	0.12465731766571805	0.22571766019557396	0.0034251070256441874
233000	-5064.931676302801	-4812.331091094664	-252.60058520813703	0.05428925146792681	0.06531274737899703	0.07154356741153231	0.10298555081302606	0.2328132578373478	0.0029907756766443436
234000	-5065.150006785057	-4810.15343883736	-254.99656794769592	0.047790643586243936	0.10008583898165105	0.05803087522269612	0.0958895342227345	0.2440203395174806	0.003509101881117298
235000	-5064.009907036217	-4811.22232321258	-252.78758382363694	0.04469715529133988	0.11430861026904868	0.08080954878728563	0.13267506768574858	0.2415223292763857	0.004338725947560094
236000	-5063.3536414879845	-4812.483752752677	-250.8698887353072	0.054438392021210764	0.12337738850764575	0.11076748576733238	0.1164032556898132	0.2376360507039834	0.0032826221056614507
237000	-5065.038445407973	-4809.744632920534	-255.29381248743908	0.034332823654844656	0.06671592400702725	0.09670966341287504	0.13534774291800208	0.24510329284009208	0.0021068230126145993
238000	-5063.567501303209	-4811.105146639698	-252.46235466351013	0.055102821147368516	0.10580991626334815	0.10554078826194181	0.06788824063332768	0.24888300726120496	0.0037471495876553874
239000	-5066.075446031498	-4816.160685701403	-249.91476033009513	0.06492591102141546	0.10147955055850993	0.0718330446040988	0.05930001964792498	0.17849007322640703	0.003551783249352219
240000	-5068.938630888132	-4811.685716834785	-257.25291405334696	0.03175642422003394	0.045099521132653045	0.08302333155249901	0.14055812962503764	0.19529257625803934	0.002931150028012296
241000	-5065.419496730595	-4814.291648826808	-251.12784790378615	0.056265563619634376	0.0749051836938214	0.061037376718261496	0.07601717662481687	0.1876734917763784	0.0025911676760497983
242000	-5063.256576399937	-4814.710329524814	-248.5462468751226	0.08108540213757613	0.10043782895095234	0.07291809008705204	0.10921681539881975	0.21752646332331074	0.004169738527356842
243000	-5068.732534702605	-4814.569957338903	-254.1625773637028	0.037803609508314136	0.056160231322659265	0.07443233653293091	0.07101047985427238	0.1575458380781002	0.0019099451688836609
244000	-5062.521049230774	-4812.412141788369	-250.10890744240515	0.06148197910038227	0.09708284335354875	0.07541961686224022	0.14414877957886635	0.22209951684793358	0.00386098437418975
245000	-5065.418006046101	-4815.462999834608	-249.95500621149318	0.048637257742219435	0.08998173763772184	0.08408703886775838	0.09136873928891164	0.18443231686772	0.0026142322702185517
246000	-5066.016319602611	-4811.3436832262705	-254.67263637633988	0.051137757652639684	0.062330456777695255	0.05117716253799096	0.12515587449219734	0.2330984124507207	0.002258675485337657
247000	-5062.801137243628	-4814.311498154057	-248.48963908957114	0.0577909537372622	0.07863870940814702	0.0929716693074592	0.09417765825882983	0.1956430899222787	0.0027172089447705275
248000	-5063.520031589182	-4813.783458418809	-249.736573170373	0.08432967261527069	0.08304515100513903	0.08505628163669328	0.1598373578911708	0.23748286742360641	0.0035221955105201076
249000	-5069.150392131713	-4814.342128891276	-254.80826324043684	0.03588212988480734	0.15203604427265252	0.067976284393448	0.0784233353470006	0.2267121283402154	0.0021970928116962695
250000	-5070.144235132859	-4818.616557734351	-251.5276773985081	0.08973374861574142	0.04880972102325939	0.054792603640058175	0.16263975810758663	0.16547827064635792	0.0030517019789493755
251000	-5066.835924874009	-4808.880647477613	-257.9552773963956	0.06199568648527985	0.12734814758242458	0.04721274851583366	0.09411429693081075	0.30635305916379163	0.0034000527965148235
252000	-5066.286243370862	-4813.179199803754	-253.10704356710787	0.05175553803629982	0.08257107304352673	0.07790076875579202	0.08598692177187267	0.24208105237087787	0.0038385809995841514
253000	-5063.160158604137	-4814.905375561162	-248.25478304297445	0.057302060034237816	0.09604921908493724	0.1011832509566204	0.09004322409906408	0.19179332598716048	0.003850138928709773
254000	-5067.079605200308	-4812.12337309093	-254.95623210937782	0.06091171706403359	0.10349578460139809	0.1581421799799635	0.18731573998367623	0.28048080605817804	0.003449417660365893
255000	-5066.910949076244	-4815.793132235742	-251.11781684050217	0.08593901804814211	0.0915415617520469	0.06779251909997082	0.22030625388232308	0.19767835535890824	0.004272388685779829
256000	-5065.70094535948	-4816.38414957685	-249.31679578262998	0.060104548841059924	0.09101430225661493	0.08401337992612196	0.07460629661775368	0.17494527369880633	0.0035327263360943766
257000	-5062.65003026069	-4810.534883720157	-252.1151465405325	0.05764220767411888	0.11761889947995323	0.11228085305701309	0.09103552125274622	0.2669663146186762	0.003852107992147154
258000	-5066.091721822492	-4817.054344709846	-249.03737711264608	0.056553948995469935	0.07103481796055541	0.1235766184526153	0.09799546290909131	0.19198529705818165	0.003460321472712116
259000	-5066.636038882626	-4816.730883746417	-249.90515513620917	0.08163191425410582	0.10461847686043456	0.059425450869982285	0.08629449714811754	0.20546112639745048	0.00458021019624427
260000	-5065.39298109263	-4813.738398765248	-251.65458232738152	0.06651971741141154	0.06092936664230857	0.07035883948528854	0.17567512238824495	0.2091194302618968	0.0030013059460239073
261000	-5065.398790439269	-4816.195472999303	-249.20331743996556	0.04520821113661629	0.06828292383929778	0.10784767551976378	0.09743854112580635	0.15732174657191966	0.0026417437943885057
262000	-5067.403972137141	-4818.796303463646	-248.607668673495	0.06222769235989574	0.0822756924831164	0.07212078494015783	0.07132758502866444	0.16260877562156048	0.003246544062927385
263000	-5067.121238061444	-4814.630912655195	-252.49032540624899	0.05868095239586857	0.09990107291600829	0.12978028486975368	0.08643431745829958	0.2674811901360544	0.004482267621634234
264000	-5065.4551672980115	-4811.00693969954	-254.44822759847108	0.0318350228720148	0.09334920570636236	0.09598550139825086	0.11657938620066714	0.24014514418826427	0.002301640617659393
265000	-5068.6134775790015	-4818.163152465945	-250.45032511305604	0.09217367335278447	0.09349022600614193	0.12980249673102243	0.050871742798544416	0.2133037859504304	0.004652691344401397
266000	-5066.395644538666	-4811.203138340025	-255.19250619864033	0.04739477880397029	0.07926334065215193	0.09175566497416286	0.08093228286382789	0.2812333152260894	0.002480778442325878
267000	-5066.146015998878	-4813.644722527173	-252.50129347170474	0.044974539826277575	0.10428839974275572	0.13704945099983087	0.18546731139852735	0.20937868315534167	0.0034763250745298326
268000	-5068.445940703184	-4816.823329515194	-251.62261118798935	0.05228870562595046	0.07395231716170429	0.12206071862419576	0.06479806381579768	0.19938542301551043	0.004016643139792137
269000	-5064.225053897048	-4812.682119121733	-251.54293477531488	0.05440358579525304	0.08275473930732953	0.06441258096944684	0.14448297584671987	0.21596468593151139	0.0034837086774214296
270000	-5066.371628836089	-4811.950583190827	-254.4210456452619	0.05384075358444011	0.1166857954372138	0.07432997324259273	0.10856806156341513	0.22648151052190973	0.004132253149089667
271000	-5070.441157787202	-4810.679586229137	-259.7615715580648	0.036148145264542575	0.07109693604252738	0.07868096206332768	0.09254108745689066	0.24422289565453978	0.0028550304049251227
272000	-5065.819485478134	-4809.316789263207	-256.502696214927	0.03695261324941374	0.08074183215637765	0.05775788720040841	0.09548464463891955	0.23613070298964184	0.0022528252509880354
273000	-5064.518191116151	-4810.769508522737	-253.74868259341403	0.07324786922256137	0.1617701179022664	0.13350880075773167	0.10175056014780923	0.294012696118404	0.005164301511508419
274000	-5066.482297629982	-4811.457919260667	-255.02437836931452	0.038561943752555616	0.06927530477801364	0.056465809577713647	0.07361802773314975	0.1958653090030851	0.00203772836659335
275000	-5064.089188258235	-4816.9271276669615	-247.16206059127285	0.10067721822258248	0.11299928608498411	0.0977965284880538	0.13271450232647972	0.22135697209089536	0.004606785885427303
276000	-5065.260725750442	-4812.635952419825	-252.6247733306173	0.04617796583142755	0.07933311341398236	0.0886979378567708	0.09259859346788324	0.23345593034857912	0.003663160956295961
277000	-5064.064796843724	-4816.050375948175	-248.01442089554897	0.09242709385723707	0.08951868431258123	0.14321907988686602	0.11603561744646393	0.23210796327525152	0.0037983799986444017
278000	-5064.2040937484235	-4816.502496197534	-247.70159755088932	0.07965105721001409	0.1017362206659805	0.14997542587830318	0.12248495199594464	0.20960298440511252	0.0035286646007198865
279000	-5066.833465249232	-4819.844178386837	-246.98928686239546	0.08076042985861526	0.0946282600845747	0.08315724021564677	0.09303002494063264	0.17276924596598894	0.004675454546477212
280000	-5072.15611872085	-4813.321032789976	-258.8350859308736	0.06547442729967524	0.0979340313068756	0.03429105559554555	0.11582029700242603	0.2314944331471145	0.0038983195939838304
281000	-5069.796332163105	-4811.080655244083	-258.71567691902214	0.02634013055971128	0.05544232930005413	0.04920578520903487	0.10928470427404309	0.17960443655439684	0.001484280061490783
282000	-5064.297022741675	-4817.3504089597955	-246.94661378187953	0.09317875818268419	0.09554257701609724	0.11725453530317588	0.10911315132553319	0.21261548629807248	0.004465886282802507
283000	-5063.156660664311	-4810.3305642129	-252.82609645141113	0.050357233155285806	0.10703640878271875	0.0652372377303322	0.1038556898671886	0.24600463947327433	0.0030462289653292677
284000	-5066.759554647668	-4811.763711994604	-254.9958426530639	0.052187930169752546	0.09772001624162682	0.06871614247339308	0.0939708573127322	0.2492963526700993	0.003737342563259298
285000	-5064.870216617043	-4815.400827730995	-249.46938888604836	0.08414557056081837	0.07878754527123653	0.13593267930695296	0.10611025249807524	0.24723287793491203	0.003123465873098656
286000	-5070.243888063153	-4815.150025370923	-255.09386269222958	0.12347165205747795	0.17724033546926168	0.08762082981916625	0.0657440465060184	0.2732113236191146	0.007775428318540143
287000	-5064.637916663794	-4811.33049453338	-253.30742213041418	0.05644706485836201	0.11339948477720331	0.06474115910040072	0.13500878005334166	0.23026362753883006	0.0036581332781970865
288000	-5064.945698204793	-4814.114432305268	-250.8312658995258	0.05639185348789697	0.11813364388137781	0.1339491220480067	0.06769188106704589	0.22713950487276394	0.0029039239026483667
289000	-5069.270979165506	-4811.4435022950065	-257.8274768704993	0.0411795473248103	0.06164384202500269	0.070050589662628	0.10178692170080207	0.22006652199811852	0.0019617444018783783
290000	-5065.693604511056	-4809.185514004899	-256.5080905061566	0.03253110920526857	0.08063047015743878	0.06582443265502369	0.1268679240747474	0.24415758669206067	0.002237861911349389
291000	-5067.012310295544	-4818.820096351986	-248.1922139435581	0.06456154369662506	0.07802960976026403	0.08121967962700914	0.1513628920421978	0.15901461799077837	0.0032006256282558453
292000	-5067.5539124439465	-4816.7157837137465	-250.8381287302004	0.0659784138806326	0.08059275616582237	0.055858923561181134	0.15529723384660266	0.19325840872536598	0.0034176073853742104
293000	-5063.3912006544415	-4812.013028456639	-251.37817219780177	0.04771267284096464	0.09372527343814377	0.06643077862049065	0.09686501058525193	0.20890596453601226	0.0032903782490486225
294000	-5063.746464616861	-4817.444875799087	-246.3015888177743	0.08015550942901642	0.09244634725449617	0.07768018043831554	0.12336589173005129	0.18586935857095555	0.0032364946783956135
295000	-5070.0139127558905	-4820.777587970319	-249.2363247855723	0.07971255579844161	0.047157806796669	0.13459810216458523	0.10649759922933233	0.16141319250132327	0.0023239613087988487
296000	-5065.2268092631875	-4811.260524456731	-253.9662848064564	0.1027035419469502	0.1671487284479341	0.07822360353232995	0.10024605463240908	0.29292337019307363	0.0055733341915135135
297000	-5064.353317046771	-4810.617231457757	-253.7360855890134	0.03855857826140205	0.09096550653621643	0.07044384738014611	0.12103107840804246	0.21961405392130137	0.0025186644503242626
298000	-5069.495154676575	-4813.343379454369	-256.1517752222058	0.04760437606418298	0.07002362477877676	0.14790828596670066	0.05789064474754452	0.26597317176120294	0.00250728243075178
299000	-5063.95107522949	-4812.622167200256	-251.32890802923453	0.06692904774943804	0.11063060363852459	0.1507320224125723	0.11653412953551791	0.27406523670415067	0.0035646125158703976
300000	-5063.820319546606	-4814.812392093	-249.00792745360542	0.06819387529326197	0.09415959743591261	0.11743214238444323	0.0896325735703487	0.20987003140875413	0.003849934655295575
301000	-5068.710285763817	-4811.4356242119475	-257.27466155186977	0.0468806673763557	0.08387978767247861	0.18309667709519972	0.11890497995458833	0.2977318575804706	0.004025533392208006
302000	-5064.587928627526	-4814.168853035643	-250.4190755918825	0.061870587541869665	0.13251935307802457	0.14539594419062177	0.073888843510591	0.22018249033926188	0.004449570413884513
303000	-5063.650148700645	-4813.094200571024	-250.55594812962156	0.07290003520760234	0.07685833919464287	0.09250815904470518	0.12156603391855758	0.24763328787178926	0.00323002591224606
304000	-5063.238893634406	-4812.106470474377	-251.1324231600289	0.05131006626052844	0.07661166219386624	0.10606092057679609	0.11859938059118943	0.238917632683965	0.0031205245610587684
305000	-5064.78224249612	-4811.974808487391	-252.80743400872828	0.042210323298749214	0.08454121367511507	0.08310757124287844	0.08624290332183678	0.20214593680543883	0.0025912555226756907
306000	-5063.007386534488	-4811.368120347159	-251.63926618732933	0.05557257363129954	0.10253359788192923	0.08253192962169029	0.10185502012072635	0.25374551909423027	0.002862799690098354
307000	-5064.650439716401	-4815.476668813299	-249.17377090310262	0.08574042099369861	0.09653737610138326	0.1431384371106929	0.11000882064709491	0.24602041515505813	0.003878243377019754
308000	-5069.047348051192	-4820.060948393406	-248.98639965778577	0.06125881208628142	0.09046441646706714	0.060469883043078966	0.08790714456113095	0.17455099008790112	0.002770053211648252
309000	-5065.518972807408	-4813.115717405268	-252.40325540214064	0.04242072869583468	0.09863099292442061	0.09847666691687988	0.06018524693393928	0.1963065290028563	0.003151897144776627
310000	-5065.623008679494	-4814.47291531306	-251.15009336643402	0.04842205265772825	0.10230796009629997	0.11199275751193118	0.0714257468463045	0.21207987858372168	0.0030459324579756655
311000	-5064.635252689395	-4812.848696359147	-251.78655633024815	0.041371576028435525	0.07746853045008385	0.08529721104932621	0.09405564113119283	0.2105231464092411	0.0020400023752146453
312000	-5063.431336358703	-4813.941392205005	-249.48994415369833	0.08549226911952669	0.09824336586753037	0.06262621692526145	0.1365756132021746	0.2226425495744423	0.004410371030518789
313000	-5064.533478930766	-4816.844767673905	-247.68871125686104	0.0849861496098413	0.10256759601880353	0.10033650617043798	0.14216638936379583	0.19958377139217215	0.0042466806243922125
314000	-5066.198934633216	-4813.090349504688	-253.10858512852778	0.0820999178279461	0.11399727738906634	0.041017258938453385	0.08796317407466964	0.23241321891768293	0.003916295095806272
315000	-5063.757894022215	-4814.067999905182	-249.68989411703257	0.052853837997643	0.07806708687111563	0.09215380201877868	0.14798976526163016	0.19438350229959242	0.003842777041084531
316000	-5066.782348206079	-4810.5216053240265	-256.260742882053	0.051788430226430475	0.07240626119594122	0.0702919319278685	0.13359851610307505	0.2641894516279205	0.0031653254988192364
317000	-5064.8803556888115	-4810.7945902926895	-254.08576539612233	0.03661973660989985	0.0774952377985861	0.13371705852901206	0.0887380712020254	0.23680293492806107	0.0028172313240430865
318000	-5063.272153784368	-4811.420993552951	-251.85116023141777	0.06301366383305944	0.13468814538826002	0.10784555058250814	0.15654032242890537	0.2654958062348424	0.0042108034346457325
319000	-5065.90115139289	-4814.066215778744	-251.83493561414616	0.06486800303069233	0.0745096122769381	0.07402062654625663	0.07251628284676523	0.20401357645423573	0.0030672308443295162
320000	-5063.522142422358	-4814.686269932216	-248.8358724901421	0.08292018577495172	0.12012620268216653	0.10199264015007202	0.11622986325978217	0.22956046178013784	0.003930688003238334
321000	-5064.123596242449	-4813.618698421811	-250.50489782063755	0.06872467879395552	0.0709255567091818	0.12498183492772176	0.16018385375346597	0.23722603560138808	0.003138444986847341
322000	-5065.189719352609	-4816.340999682295	-248.8487196703141	0.07307049690291378	0.09548958559666994	0.10537833442877266	0.1297972235324335	0.22383508244526742	0.005918669348689095
323000	-5067.403137349189	-4810.0088407005815	-257.3942966486077	0.05184479085305994	0.16596940576386682	0.07123382582449013	0.19043765092634363	0.28001242097922974	0.004193005365587326
324000	-5068.019100671859	-4814.568924406342	-253.45017626551603	0.05510308711963102	0.09196275821518272	0.06668330966185018	0.06445316764531744	0.21688666497314996	0.0023158456838331958
325000	-5065.296686552921	-4818.504768893763	-246.7919176591574	0.08389198144858097	0.12443553661383569	0.07508460101569729	0.13947130024240428	0.18073668006998553	0.00494455596475937
326000	-5062.026628990755	-4813.184943435064	-248.84168555569101	0.07810580209659113	0.11095344781583256	0.10332429113333669	0.1154566105733084	0.23874428535151096	0.004093432751284202
327000	-5062.833180213351	-4809.725060685381	-253.108119527969	0.04583010173635743	0.10281050022502383	0.08483031815582122	0.10646630577255115	0.2586318346305607	0.003430168064944923
328000	-5072.477813014654	-4824.542340644917	-247.9354723697369	0.03894860616220616	0.07897386441013271	0.11667842073184734	0.11294184282514991	0.13028513852756807	0.00154242367681213
329000	-5064.232034870673	-4815.80036750433	-248.43166736634223	0.0694921322090581	0.09622105960852213	0.08908024767858552	0.15685113642501242	0.22040965110606225	0.002642696162947859
330000	-5063.42463838918	-4815.358959733787	-248.0656786553928	0.0721268498761969	0.10669580883701459	0.12095595352297549	0.12490579780849986	0.230482643723989	0.004163911461001882
331000	-5063.099988779546	-4813.31163183557	-249.78835694397645	0.04882898688135603	0.10052120973628138	0.12302798805934892	0.12518994887772583	0.21752101789927894	0.0033717903614337826
332000	-5066.781348143498	-4810.474857390441	-256.3064907530572	0.05387297322782642	0.12489034272269045	0.043965020975145985	0.12523607623554248	0.26302013304460276	0.00314953118263347
333000	-5065.126044482766	-4816.931686668615	-248.1943578141508	0.05065839465545453	0.10878067525638568	0.0817370586355148	0.10986602307725311	0.19076595416510486	0.002423057955020544
334000	-5064.162217896309	-4812.5555657771765	-251.6066521191326	0.04847323773172024	0.10250339976107842	0.1145389113721643	0.07370427208161431	0.2176862908049382	0.0030831069135611173
335000	-5069.46783607189	-4809.523858469598	-259.9439776022921	0.0361258572095839	0.0771373637458892	0.050623609594089194	0.0927081038850998	0.23865077643981825	0.00219845055704474
336000	-5065.280062260379	-4812.386637217749	-252.89342504263013	0.06717383249300465	0.17832298641902075	0.10074263640329566	0.10803647989516985	0.2529123020550056	0.005584008420871659
337000	-5063.94707873198	-4810.73953680213	-253.20754192984978	0.06029732920923384	0.11690441282764182	0.1309009910990813	0.15799772551828595	0.28490384028063986	0.003634711788147575
338000	-5068.696107875678	-4815.747033863072	-252.94907401260573	0.0898877998929173	0.1427791536340809	0.07149414881276299	0.12604027490710096	0.21194173389259463	0.0053655026174781965
339000	-5064.205096515356	-4809.766620293641	-254.43847622171523	0.04664120220571213	0.12777061300394232	0.0799137136235506	0.09616374608019353	0.2773862312389382	0.002954080420914353
340000	-5064.095442847012	-4811.022573417144	-253.0728694298687	0.04725450170416147	0.10351139154151896	0.05527388300457755	0.11103121767670159	0.2283245414782476	0.0027725153403040607
341000	-5065.949161300197	-4818.935650474848	-247.01351082534939	0.061066801757091345	0.08137383879632816	0.11865399838381883	0.10477079988871366	0.16904785345199777	0.0023575881167719054
342000	-5063.286980037566	-4811.535471783829	-251.75150825373623	0.05431613867530695	0.10404565874849568	0.06876308674895627	0.10484888409295023	0.2274330662642453	0.003527940028267164
343000	-5065.29758255827	-4811.966583143127	-253.33099941514286	0.05229949017602318	0.156818679057279	0.1038398715793844	0.08084616251992104	0.2665979177568819	0.0031565771935068796
344000	-5063.981546353154	-4810.430200116492	-253.5513462366614	0.05390684909322317	0.10047880755815787	0.10407981321778655	0.06741594547753807	0.2676296436708327	0.003278954039890783
345000	-5064.813272806743	-4816.64876221659	-248.1645105901539	0.05543271133736766	0.07027403357266938	0.08203755044705424	0.11894094053803016	0.16088637010526427	0.0030484953145244616
346000	-5072.180127742719	-4811.743343757714	-260.43678398500583	0.12588885334819713	0.1558341438742651	0.056735654621092944	0.050900254427102935	0.336988492567967	0.004316653519753967
347000	-5067.190894155143	-4811.660731965076	-255.53016219006744	0.06306263136616098	0.08509244024794724	0.08301976772888099	0.07688375686378347	0.25118406872218396	0.003292708308453316
348000	-5067.159174677331	-4817.198906582042	-249.96026809528908	0.05224846674460843	0.0857817674523685	0.1742489326121795	0.07271853539023833	0.17502654819725233	0.00315050283131566
349000	-5068.302638264365	-4811.123002415363	-257.1796358490022	0.06860622199891425	0.1106743059740469	0.05323231847945894	0.046311194710339613	0.25390584217770595	0.003971328940852184
350000	-5065.570707908614	-4813.630748694725	-251.93995921388878	0.09309690062814177	0.08531506194527747	0.05258708825662629	0.1246057542569728	0.24030944235149607	0.004682010024977244
351000	-5064.688103895052	-4816.132865480209	-248.55523841484316	0.05412863806676649	0.09408802150697432	0.10393000770181418	0.10073248491302018	0.2092974652483357	0.0027858036255723746
352000	-5066.051539665247	-4816.818375198486	-249.23316446676117	0.06775904781794716	0.1671127580114142	0.0794866617207915	0.10221632802160646	0.1935178248773254	0.004314496676103461
353000	-5063.7699467169505	-4813.770200094023	-249.99974662292752	0.05204538130842037	0.10008231424569665	0.14269708958050273	0.11388425467753573	0.22217056900297028	0.003813196254320297
354000	-5065.7300677612375	-4810.248806427529	-255.4812613337082	0.03461480171361842	0.0833688357960346	0.12734075313465815	0.10518135015183205	0.26435262939249826	0.0030815447521235816
355000	-5070.945768366215	-4821.433058249337	-249.51271011687862	0.048170864878767185	0.07159868705589988	0.09668944138395273	0.12537030482273945	0.14994502258580372	0.0035279260826107
356000	-5065.996636496016	-4811.829141266382	-254.16749522963468	0.06439474150328497	0.1051777562749748	0.06454410510271805	0.06251066085649293	0.2558439797231655	0.0031123094035536716
357000	-5063.858157359356	-4809.948232326985	-253.90992503237047	0.036758352318384986	0.08482074745774106	0.09177382904688842	0.12177645063405261	0.24038135846091516	0.0031993949552062916
358000	-5065.453577976917	-4814.925027600877	-250.5285503760397	0.0740590671215527	0.0916747652696606	0.07745455214981159	0.14744594309920048	0.2401753948832394	0.003488342301993452
359000	-5067.1508722459075	-4820.21399065064	-246.93688159526718	0.06773122449935508	0.10329794888864809	0.09896986698202605	0.08781413669737446	0.15896083818372866	0.0039336598401117345
360000	-5063.444803813132	-4814.847114190044	-248.5976896230884	0.07612920293094448	0.10488410271058626	0.0899935203707834	0.07998203230561896	0.22024219813895818	0.003940387597359933
361000	-5066.43417031462	-4815.459008801822	-250.97516151279763	0.06074047419636968	0.06723417397636323	0.10057837919368098	0.19279324254741353	0.19393090644970445	0.0028433897648109645
362000	-5063.468680325668	-4814.063089963482	-249.40559036218622	0.0661464198598269	0.0857306887623704	0.09875067106931153	0.0767647816978538	0.2218898287017438	0.0033106331736725268
363000	-5063.0699485842	-4813.451279686292	-249.61866889790824	0.05791611200859999	0.0939220530835258	0.10385510443744113	0.07394452450911514	0.2087278082593432	0.0031847823503002174
364000	-5064.750820163442	-4813.577525146262	-251.17329501717967	0.08387303561704432	0.08942081712318378	0.060385904818798394	0.08748945733329667	0.23321613242334047	0.0036908898098381576
365000	-5062.697608927746	-4812.707662521203	-249.98994640654286	0.05704012190107233	0.09510109474119528	0.09875084954789615	0.13128073519744568	0.23008714201411176	0.003807346426281983
366000	-5063.995180307668	-4815.1585053846975	-248.83667492297096	0.09464807913404022	0.08434186705794401	0.11855159163657124	0.1518541169927572	0.232999072077568	0.004761607369991323
367000	-5069.00605485052	-4814.911665901647	-254.09438894887248	0.07751137278257314	0.07678375345782228	0.06694190626056011	0.052286456825808875	0.25330239289782697	0.002420419668489607
368000	-5063.937198750411	-4815.566118223861	-248.3710805265497	0.06876465623346142	0.09472626207560655	0.06371282409729288	0.13445683671568892	0.18426023036248507	0.003228812424278842
369000	-5066.935806346051	-4819.72334023376	-247.21246611229134	0.05754484052374361	0.08494267810372207	0.13599676147794776	0.10777830640984788	0.16269086000076635	0.003488910595830226
370000	-5064.918511518505	-4816.844247088131	-248.074264430374	0.06768117837150953	0.10283406076996439	0.11192652692004394	0.06489701197765134	0.18391678852154292	0.0036533741542474946
371000	-5062.492497774158	-4812.65456111148	-249.83793666267846	0.07400600864728238	0.1345464277498168	0.08133351218597418	0.10028559699180369	0.24503670694169843	0.003798783756533725
372000	-5062.430245598798	-4812.006000366215	-250.4242452325836	0.046970434249293876	0.10002762309321869	0.07678002588038604	0.12315229079558623	0.21176255249291862	0.0027691224312876243
373000	-5065.7335128168115	-4812.094263931436	-253.63924888537537	0.043035324480813354	0.10089656952729725	0.050065144437522094	0.13430837902722595	0.20151865081827128	0.002881393552592747
374000	-5065.84703111674	-4818.363146235039	-247.48388488170198	0.055623007301826156	0.06714655636387139	0.09741422382780801	0.09458038897537095	0.1620470686044427	0.0021679250196743782
375000	-5063.9748089122695	-4810.390342131108	-253.58446678116155	0.047720008633725906	0.0891013488949044	0.08497720860304515	0.11319522436721872	0.27199125252367473	0.0028252155641670246
376000	-5066.2249464650995	-4813.234891516964	-252.9900549481355	0.04785255312860801	0.13646748808895964	0.055854452236610154	0.1294362481709407	0.20997586444127206	0.0037484683508257634
377000	-5066.112843097459	-4816.1505246869165	-249.9623184105419	0.060626425600564006	0.0787840594813942	0.09979147773810458	0.19088117283177422	0.1798243356779213	0.003957903878182869
378000	-5062.726428108998	-4812.657831033982	-250.06859707501613	0.05256207729231968	0.11616573026943212	0.07472521446082005	0.11738657531654886	0.21986110359005215	0.002920060154480951
379000	-5067.4351169160755	-4812.996909638369	-254.4382072777058	0.04087937347919931	0.12884671259326677	0.0662878765383124	0.06392648650195036	0.20783325843518638	0.002699826710993187
380000	-5066.2781369298	-4816.510905873491	-249.76723105630904	0.08443022682408984	0.0773535877957724	0.07628468812570618	0.1219759060920838	0.22197633464632754	0.0034723054699100785
381000	-5066.485398237883	-4813.552668392675	-252.93272984520854	0.06115717498790417	0.16404236131423736	0.09548861211328596	0.07689757131675631	0.22507519904318077	0.004849506503849564
382000	-5068.972110462087	-4814.994457940417	-253.97765252166917	0.08584910383158635	0.07683706744293142	0.0488251541746844	0.16122717381934992	0.2543895161956843	0.0044712790575064335
383000	-5068.810063442587	-4817.353737605947	-251.45632583664047	0.14003806868537322	0.10032803189675327	0.052946951413093184	0.1144511999613637	0.25055540360012757	0.004213844427105449
384000	-5064.29937267936	-4815.196481861232	-249.10289081812775	0.057380298530174866	0.1178227549757805	0.08467295627832429	0.16451644215840228	0.19610651420034056	0.0038562182510708137
385000	-5065.128371620916	-4816.664180592612	-248.4641910283042	0.08375614935824303	0.1403254159048236	0.10018775084910195	0.15304114382492987	0.2148641727967316	0.005544610915001595
386000	-5066.384776987075	-4814.734695893136	-251.65008109393958	0.04913264013203006	0.1466997224171872	0.09296188879064017	0.13705871571546632	0.2138537615687499	0.004958668224349027
387000	-5066.600530555496	-4811.626459973483	-254.97407058201284	0.06419463305606138	0.11376290468868665	0.13423033132752538	0.111214478434751	0.26691315342876865	0.004083494413101129
388000	-5064.162973331051	-4815.622720297017	-248.54025303403418	0.07758925294146995	0.0945038553576443	0.10690823814834807	0.0747058666398102	0.20710239425314633	0.003645093112599404
389000	-5066.3351801037015	-4808.613514810031	-257.72166529367036	0.03431344422591868	0.07344703389269774	0.062393324445300005	0.13690740236289733	0.26054564683040604	0.0025355600764019473
390000	-5064.217735578783	-4809.465753454567	-254.75198212421603	0.05225113098485757	0.1390351505344233	0.09388649784800256	0.11492374154311834	0.30226531945531543	0.003430789738743066
391000	-5067.866792509856	-4814.744718984841	-253.12207352501542	0.0714980640258753	0.05238905335526438	0.12774937697490513	0.15306032943038533	0.2571965877675194	0.0025321089993730235
392000	-5068.521019790443	-4810.883605279494	-257.63741451094876	0.0323516319286986	0.09144851999394893	0.15065708346722934	0.07637759998613679	0.26497960666128584	0.002525436510914927
393000	-5066.358520345353	-4811.16397839257	-255.19454195278252	0.05382172138785454	0.11439646236180974	0.037923674794027064	0.12852024623593747	0.22966866327316435	0.0031278995103027527
394000	-5065.829489344572	-4815.186022268995	-250.64346707557718	0.0798675369882922	0.0975989657161902	0.09008061020540928	0.17748612691114193	0.2573153032012916	0.003139305241829671
395000	-5062.605009394296	-4812.056596167723	-250.5484132265729	0.06823323548354955	0.11022360764025789	0.07495286555981948	0.082232784955628	0.24069635030419956	0.00345796842664366
396000	-5064.93874789712	-4812.668619124901	-252.27012877221918	0.03801980933483664	0.12045690490951222	0.0650013482934966	0.11949009570164125	0.19967263898641416	0.003057848199385664
397000	-5067.050131611894	-4816.439706556752	-250.61042505514285	0.04138450252961618	0.10030761122871576	0.06740126662698141	0.13941519584981688	0.18178644995371804	0.0027103385923373776
398000	-5074.89770298226	-4809.396859518312	-265.50084346394715	0.020861210477802646	0.035188538904881154	0.06476827248608785	0.09794750721527949	0.2352023944388152	0.0013206233316562996
399000	-5062.8831466989795	-4812.020861647703	-250.86228505127636	0.05181414129074013	0.1021215346471624	0.10770664397588112	0.11084206914361285	0.240195156123832	0.0038018511819251912
400000	-5063.608172541812	-4810.1371894768545	-253.470983064957	0.05216264848862397	0.12047972808607593	0.11641546099366383	0.1174129855093466	0.2786880499548682	0.0037688844450220996
401000	-5065.131972110418	-4812.862592831327	-252.26937927909182	0.05017470674298585	0.13035944505684405	0.0789621716751075	0.0831657006082025	0.21817090906185424	0.0038385520429382518
402000	-5064.668102437848	-4810.960300142331	-253.70780229551656	0.04950328568947105	0.08394593025937658	0.06467298807070428	0.16959700345422887	0.22987118725741845	0.0037133520609892784
403000	-5066.487954012262	-4820.313878825726	-246.17407518653613	0.08935829016412622	0.14507970720608473	0.1066525807324739	0.0856602357693598	0.18149747455408063	0.003987867557950003
404000	-5063.985643448157	-4813.982112986488	-250.00353046166992	0.08961264741537794	0.14051013343131735	0.08630784928553116	0.10385948369699889	0.25555843189321314	0.004067886784642658
405000	-5063.986093327073	-4812.960755396173	-251.02533793089938	0.056694971343884674	0.1035552028752683	0.07993018631258154	0.15917956911865624	0.21161340506565662	0.004165300360089201
406000	-5064.183983194662	-4813.325202436541	-250.85878075812084	0.06892075245874658	0.07160661300434037	0.06030240042692611	0.09597145621278724	0.21434009743941476	0.003369460238655269
407000	-5062.22934324367	-4812.803368438343	-249.42597480532737	0.07346271586942356	0.11814585436140897	0.11294594964675875	0.1228122607582595	0.25351892438090456	0.003690641682093831
408000	-5063.224340821396	-4813.561744324554	-249.6625964968422	0.0873496501522121	0.1168058755546842	0.07296023683096252	0.13183162036510596	0.2423830746234917	0.003785378816181148
409000	-5068.802862660063	-4816.193828834268	-252.60903382579426	0.08703000065877592	0.12757201913501956	0.06809408042783155	0.13742702327635303	0.25750829069586934	0.005632324043135387
410000	-5065.344913680173	-4812.970536333916	-252.37437734625692	0.05583347994700315	0.07990848996944587	0.052314414310082824	0.16687885467273242	0.19979544702286398	0.0028127415919529746
411000	-5064.927774519796	-4809.934281182408	-254.99349333738806	0.041743500918679614	0.09236437222239942	0.13282776126959162	0.11621330651718292	0.2841662989962455	0.002898252585043075
412000	-5067.106317710441	-4814.051269314554	-253.0550483958868	0.0572870848880202	0.06244373388699977	0.056085292902470885	0.08537663114093272	0.2006264110791755	0.0022933415006311537
413000	-5066.669989657427	-4817.560625566185	-249.10936409124204	0.11037732730751254	0.08418018273911786	0.08791987538246285	0.09347075846431117	0.23914726914591067	0.004699072796608932
414000	-5065.08387151697	-4816.584608161867	-248.49926335510256	0.05529193546553564	0.0699102958766471	0.10926495471233352	0.14418093954127184	0.17486042889155223	0.002840174159368357
415000	-5067.174221490418	-4818.706286753877	-248.46793473654125	0.07954089126034786	0.06756401028038564	0.080956554906772	0.11419474781693494	0.1760461360463553	0.0025586130929640977
416000	-5065.378723926148	-4809.748047257066	-255.63067666908194	0.04926634667966152	0.10249787704013895	0.05131395862270349	0.12993050166671105	0.2652351640335774	0.0025556017650881975
417000	-5066.5462889077735	-4816.392128799576	-250.15416010819723	0.0380748155644185	0.0894149122472067	0.12146658000268874	0.08306455912437614	0.16318163682650766	0.0026469706122369523
418000	-5066.1873603678105	-4816.807275909958	-249.38008445785232	0.055489794395779876	0.09765052863331142	0.1006076898939536	0.11636480088608611	0.20479448115247215	0.003866077431400736
419000	-5064.857259873299	-4813.32269870056	-251.53456117273922	0.05840132494198204	0.0924271607367255	0.08804317834693773	0.06154466624329332	0.22749614872616516	0.0030692515308611257
420000	-5069.2223487789115	-4810.628161823857	-258.59418695505445	0.02441960123361347	0.06789987791437288	0.09370315305078054	0.10102518225237829	0.24902931912939105	0.0016189737446957466
421000	-5066.236422161289	-4811.118681837048	-255.11774032424063	0.0385832893349485	0.06491957754061649	0.06668255424353216	0.1051904610367845	0.21985901037949496	0.003369818475445519
422000	-5063.291253442482	-4815.055058221354	-248.2361952211284	0.07989358349030247	0.09735564057215929	0.06823617443579358	0.14791662303731318	0.20109170085649614	0.004144930766529719
423000	-5063.407950086547	-4812.884681387557	-250.52326869899	0.05150948484398033	0.0885438248615885	0.08338424611581674	0.1306650677329165	0.22849973921642713	0.0026868852334607286
424000	-5065.058493401348	-4812.753434598622	-252.305058802725	0.052745656292683	0.06887700633986495	0.06793510812194864	0.10132060622728654	0.19858504754299897	0.0026193282153749676
425000	-5064.137276875156	-4814.491117351821	-249.64615952333475	0.047089913485506174	0.09162460863382589	0.11885143127138235	0.08453609582598627	0.19099967454781455	0.0032343142670766276
426000	-5064.439093080358	-4814.687158933992	-249.75193414636706	0.05876251524757047	0.10182782211274015	0.08946806400588636	0.09983730909684935	0.21168468007649505	0.003471751482334021
427000	-5063.0527683075	-4812.305657644734	-250.74711066276555	0.07329236203185407	0.12113118430022855	0.0775665599540117	0.0786576294788879	0.24325423774503682	0.004004815296979035
428000	-5069.789606945536	-4811.905274189312	-257.88433275622464	0.08160001081067395	0.13586850766270997	0.032488700517920084	0.165254224027776	0.26261109086375944	0.005030481420203769
429000	-5065.029097958993	-4813.432402512895	-251.59669544609758	0.046729714690948124	0.0798082396073962	0.09564045546731194	0.06738937177333114	0.21034531978438908	0.002568439139964031
430000	-5063.582708623249	-4810.533184697497	-253.04952392575268	0.04136999316687312	0.07381158177132466	0.09434813676905078	0.1048231095448846	0.23726981491599908	0.0025255247555414813
431000	-5063.978472447664	-4816.301204166856	-247.67726828080757	0.07286825937931449	0.12437208216286698	0.11240845662713068	0.08624100234224326	0.19574158343708672	0.0039581221495190114
432000	-5066.657671113102	-4809.600287014027	-257.05738409907417	0.028539848657675254	0.06839972920253183	0.05789439461018935	0.11252536214112237	0.21060124220310802	0.0018356508738523113
433000	-5063.537143042656	-4815.7845601902745	-247.75258285238093	0.05571699995878389	0.1264830875896615	0.09766358461219893	0.12974404487406735	0.18849539508811422	0.00357092045623653
434000	-5066.178010895601	-4811.017610867206	-255.1604000283952	0.0378965334707845	0.10822577647206329	0.09244719112167664	0.0800083587719285	0.2536305487112548	0.0029605883528262267
435000	-5073.6223668609955	-4812.95261480341	-260.6697520575851	0.024598887532107868	0.14455598907477057	0.03938066607821593	0.11111027543388201	0.19842598737234732	0.002610496427157836
436000	-5065.599800883687	-4817.028900117697	-248.57090076598982	0.0761575537147335	0.10276251597432705	0.11495106790304092	0.08309214752090649	0.1987399187850992	0.004280065382281316
437000	-5067.161751212506	-4813.644236267059	-253.51751494544757	0.05261709818368046	0.12453098902593569	0.12609597143647044	0.059420283096576064	0.2084453978691576	0.0033534920673840957
438000	-5062.718630067452	-4813.131618892276	-249.58701117517649	0.062013994768691155	0.08888361836199447	0.07921894282756133	0.1443497748155749	0.21150329299726223	0.003460300183740695
439000	-5063.865198074912	-4811.957757156919	-251.9074409179929	0.06523944826468073	0.131586799360993	0.09407497490857801	0.14949771252496777	0.2478551624845919	0.0048623778633259335
440000	-5062.202404543207	-4813.980478502821	-248.2219260403864	0.07631584048064932	0.09922105261682317	0.10332202207387069	0.10428901565737642	0.2248580630270872	0.0038030759861391863
441000	-5063.93779530056	-4811.23379561667	-252.70399968388904	0.0588359033759331	0.11476603527648306	0.05965418039308578	0.10076100226514607	0.2354987314404813	0.0037792601523472073
442000	-5069.584472168715	-4811.573663942296	-258.01080822641984	0.09277178805042327	0.18098879484292063	0.08194686907260841	0.037263553347951506	0.2761223596727257	0.004118517825928887
443000	-5069.223553278221	-4812.093891773547	-257.12966150467406	0.05456714234757435	0.05495880165946283	0.035371779691654	0.1737540024065769	0.19073535102326444	0.002561303425719379
444000	-5066.138872487852	-4812.905667667813	-253.23320482003845	0.0543270033171809	0.09990249065278485	0.11844348233757124	0.047794372688478706	0.22586479455114236	0.0033060355740875532
445000	-5072.62919463245	-4824.575997164713	-248.05319746773702	0.07199063520163056	0.0748427332251058	0.07651226048776867	0.11318769002106688	0.19141358810511677	0.0032143467073828987
446000	-5067.953341534926	-4818.158171657763	-249.795169877163	0.055153460982011376	0.059811865930824624	0.13689220160386278	0.07658085964626928	0.1587299751856011	0.003051120793711556
447000	-5065.52066580323	-4814.870574678661	-250.65009112456963	0.04670522353001317	0.07079486998230108	0.1006189715311805	0.13424284674473516	0.21357808569502815	0.0024782411116213016
448000	-5067.499104248351	-4813.10708924281	-254.39201500554125	0.05664831452437399	0.059138676697055144	0.08289488892360707	0.14766712522620837	0.2713359505113031	0.0022375073688369984
449000	-5065.031710281002	-4813.492623196276	-251.53908708472557	0.07155026465614985	0.08063730387368206	0.10810215052861533	0.08614744302023951	0.2426573531700177	0.003473323528298103
450000	-5066.451941215895	-4811.029601219737	-255.42233999615806	0.05848954147016627	0.14264240107690887	0.05466351112960083	0.15720077924200754	0.2505141739606838	0.004334561727724563
451000	-5063.01653451596	-4811.940677657342	-251.0758568586184	0.052707485761091334	0.12495173400362404	0.09470012668015387	0.10581906333917049	0.23339359515942143	0.0032985269994327683
452000	-5067.45058827073	-4809.822137932829	-257.6284503379011	0.02732869732273233	0.09787740550516946	0.08937426516826401	0.11700697402555818	0.2595467632483523	0.0020667992509127053
453000	-5064.150250368678	-4814.012216650662	-250.1380337180162	0.10297775990438987	0.11473184129212409	0.11274578684130686	0.12535308354293453	0.2736820962452361	0.004732326109878288
454000	-5063.99918698326	-4810.314063505935	-253.68512347732485	0.05543078077339672	0.10773471006083392	0.08152883941951486	0.13041095933354935	0.28209523282138643	0.004243679867951437
455000	-5067.041900502555	-4810.249684795257	-256.792215707298	0.04098958873020332	0.08794778225685553	0.04805392237980026	0.06234745050155953	0.22186058734231912	0.002306908429160171
456000	-5064.120739519046	-4812.687135930091	-251.43360358895453	0.06058807475143122	0.12695478955754927	0.15390467024554927	0.0781666957433365	0.2409686664346589	0.0036882794657240783
457000	-5065.048805676998	-4815.78905893507	-249.25974674192804	0.05306498888953369	0.08070235497989421	0.09259578968091259	0.16644463797882425	0.18577554161609394	0.003442272248106873
458000	-5067.975948545727	-4813.508944500246	-254.46700404548125	0.05846529706961865	0.1641992589553273	0.08253512508552167	0.09231038929589877	0.225329575950872	0.0042197434269242865
459000	-5067.297024330803	-4816.890645176494	-250.40637915430844	0.06845255012546109	0.046874854262590124	0.09871047905425738	0.11362012274521822	0.1954690216446333	0.00402138344134898
460000	-5066.084249611841	-4812.921835405494	-253.16241420634768	0.05353913498770799	0.13219972308316794	0.11774107072408782	0.213170487286244	0.23143733068495007	0.004167554988114214
461000	-5065.2092360445695	-4813.970253691586	-251.23898235298375	0.0699396263253704	0.08065871825754398	0.05529073048266332	0.09317287560442397	0.20166578667209906	0.003183013375869676
462000	-5064.322046035009	-4814.200978465567	-250.1210675694426	0.0734504032210768	0.08797869021777448	0.11419483549565898	0.07182205649408445	0.23368807564896968	0.0038044865205073995
463000	-5065.309064698408	-4812.8953464941	-252.4137182043088	0.06260254170613724	0.07343970019221134	0.06344065784241548	0.08206645343955352	0.2223763190370042	0.0032469164296728952
464000	-5062.572593013285	-4815.194384361134	-247.37820865215076	0.08087479191213237	0.0998511736390485	0.11761985299187465	0.1354239231715073	0.21419853445579096	0.0044100435181833805
465000	-5069.61819369404	-4811.46811481544	-258.15007887860094	0.044293630127755494	0.1072920037412352	0.1100887274832013	0.11760672307575824	0.23881171344623356	0.003609298320335816
466000	-5063.575282349147	-4816.074095902671	-247.50118644647563	0.0711882451153102	0.09781806466084472	0.09694674951803858	0.08412142236966573	0.1983076528908912	0.003194350144388387
467000	-5067.834953862812	-4814.920952946393	-252.9140009164187	0.048298406491765006	0.11126189061487851	0.1271492260326226	0.07180952796747803	0.26424542177997906	0.002344531567168327
468000	-5063.285232876069	-4814.573747123184	-248.7114857528848	0.05834787221603724	0.07520039861692335	0.0903661038522434	0.10373848412128771	0.19594343938124936	0.002916243076378485
469000	-5068.329821854646	-4816.889469757045	-251.4403520976015	0.06463394817605296	0.07658685446867969	0.07996213895490609	0.11211402932137222	0.17225850158343983	0.0026927044672391503
470000	-5063.507913329412	-4812.928326533178	-250.57958679623454	0.0641646880582815	0.0960595263269615	0.06407211877637717	0.12641595840360112	0.21372804878484633	0.003328796674978994
471000	-5067.182326677326	-4814.873042245426	-252.30928443189958	0.04631693802189205	0.0728703124428962	0.09559662421910135	0.07206996742072654	0.17518929298048536	0.002818172166302606
472000	-5063.857952552481	-4814.151140638642	-249.70681191383957	0.05447140184254297	0.10905018614448589	0.07886810897144021	0.08001234971169736	0.1952516929503505	0.003779612656130034
473000	-5064.391578868148	-4811.813389955395	-252.57818891275267	0.057287773160367476	0.08536258928967899	0.09102310619598013	0.11505509239072215	0.2809718956071571	0.0027127779738472836
474000	-5065.987251273934	-4810.567124174318	-255.42012709961506	0.043947717306794455	0.07294638689108118	0.0754237516705999	0.1277187162377735	0.2514823779359201	0.003310642893044336
475000	-5067.084699960922	-4810.701652308808	-256.38304765211444	0.04409927534194248	0.08586163614515976	0.060213700535749884	0.0794894211335994	0.2599063853617274	0.002087432958244914
476000	-5066.310559892481	-4815.064549960077	-251.24600993240446	0.041531915246793165	0.13577272700960263	0.10700036960954083	0.11345128954199911	0.2318019576454164	0.002349122532263901
477000	-5067.135307734471	-4818.224075454132	-248.9112322803397	0.12995615003231567	0.11504308720630992	0.10654151773529957	0.10875651545945311	0.24445568956328617	0.006272867706658117
478000	-5065.784985970539	-4813.824599835025	-251.96038613551428	0.038048331038645855	0.11850174401664589	0.08805210254324096	0.12992465528888897	0.19432574697081478	0.0028157501218908
479000	-5065.319794863793	-4811.034638890136	-254.28515597365666	0.03743613530069385	0.09483812324265334	0.054186525239506386	0.14026355493675569	0.20560256640924138	0.002806107451484537
480000	-5066.6246421758915	-4814.316933144732	-252.3077090311601	0.07788138933287836	0.15145266951904557	0.08793936916641648	0.13352631528557007	0.25913386607686967	0.006460153375604654
481000	-5063.1332219192245	-4811.941032136896	-251.19218978232828	0.06740202178669594	0.14256909761435643	0.06917104502074092	0.11580442942283785	0.24065537022088948	0.00434091857268507
482000	-5064.590703569822	-4816.259341244332	-248.33136232549032	0.09143189106005552	0.08565693518224778	0.10923927942725062	0.14849082332207936	0.21885320613385592	0.0049798544674650655
483000	-5064.6591197499365	-4811.056416778951	-253.60270297098555	0.07661017555016639	0.15258591717254988	0.08266882869959265	0.125541475379871	0.2750002185769023	0.005405737848976004
484000	-5067.118385527265	-4820.1896273985685	-246.92875812869616	0.07997345821551548	0.1017999941749675	0.08422196947109961	0.07387029136687231	0.16025970730728928	0.004069696489862328
485000	-5067.603070940645	-4814.492155503367	-253.11091543727798	0.06315991451661764	0.06463880498808909	0.17930927519603798	0.13936053819905664	0.22815508107601928	0.0031892626605273494
486000	-5064.984058344031	-4816.595891596753	-248.38816674727815	0.06485763274876132	0.10134380971066002	0.07271458282228825	0.12018514072195045	0.19436884882689448	0.004385307127067816
487000	-5065.294290289779	-4814.784061919334	-250.51022837044576	0.05830449582403486	0.09749370663884689	0.07519589507308427	0.18791442211261397	0.21068435741924937	0.0026226130749034482
488000	-5065.042113827273	-4813.007670724927	-252.03444310234616	0.08303422425064738	0.10980943201016562	0.11354306069642832	0.06203167461997785	0.2613357328698868	0.004394663797698949
489000	-5064.945058817576	-4811.585496567965	-253.35956224961134	0.06993406528403989	0.11078140946721331	0.10894198266854101	0.0994216407374199	0.28403085554438046	0.00363561137250319
490000	-5064.279791575677	-4813.453723602703	-250.82606797297478	0.06305386490487899	0.12336925113288413	0.08505165747025285	0.12559943342251567	0.22729862637109685	0.003970261821324303
491000	-5066.416394093107	-4813.245722915803	-253.17067117730375	0.04412237812648628	0.061430978457003724	0.06411769184119497	0.07549365086384678	0.18225657208629623	0.0025161800134944523
492000	-5067.572973114216	-4811.4337944027575	-256.13917871145867	0.039154047443452626	0.04435351620814645	0.057479087518537884	0.11961386189816381	0.196146535384832	0.001884189994407987
493000	-5066.28704412525	-4808.628452478849	-257.658591646401	0.052685617479926235	0.11381262657058429	0.04505484341908807	0.07721386172853408	0.27746980419484873	0.0031266750808738504
494000	-5063.139790101074	-4811.378289756451	-251.7615003446232	0.068751432899559	0.14533157059983512	0.10641635776498852	0.09539515220682361	0.27084279313729465	0.00435777463704204
495000	-5064.317909943682	-4814.531679594112	-249.78623034956993	0.04712596012139275	0.08671614760176988	0.08265964734212662	0.11517574031138923	0.18449829925279956	0.003384246336313892
496000	-5064.76077743417	-4811.771092397243	-252.98968503692802	0.04205313838277624	0.10407300218279887	0.059460534954875376	0.09275999300649591	0.2062041848580317	0.003182646329635708
497000	-5064.3609490790495	-4812.740067086296	-251.6208819927529	0.05751162489126474	0.10359684801548126	0.0570203584969426	0.0849411149405195	0.21899526096615782	0.003439807256184536
498000	-5067.096850938258	-4814.528298607657	-252.56855233060148	0.04485442983059088	0.06236315663333566	0.06065201454138553	0.13017118240581585	0.1886957813761254	0.0022633692859863217
499000	-5069.791387074117	-4820.632317748286	-249.15906932583056	0.06407648057997666	0.04828416725096022	0.086756625724241	0.10416157459278208	0.16250132280479782	0.002280253225842633
500000	-5064.922186391158	-4809.073219164133	-255.8489672270256	0.0415156288022974	0.11930233987899233	0.05423963998812417	0.09520636816044648	0.2545393005657603	0.003180064905604597
