#
#model:
#
#<?xml version="1.0" encoding="UTF-8" standalone="no"?><input id="posterior" spec="beast.core.util.CompoundDistribution">
#    <distribution id="prior" spec="beast.core.util.CompoundDistribution">
#        <prior id="lambdaPrior.F1r1" name="distribution">
#            <parameter id="lambda" lower="0.0" name="x" spec="beast.core.parameter.RealParameter">0.01</parameter>
#            <Gamma id="Gamma.0" name="distr">
#                <parameter estimate="false" id="RealParameter.1" name="alpha" spec="beast.core.parameter.RealParameter">2.0</parameter>
#                <parameter estimate="false" id="RealParameter.2" name="beta" spec="beast.core.parameter.RealParameter">200.0</parameter>
#            </Gamma>
#        </prior>
#        <distribution id="snapprior.F1r1" lambda="@lambda" spec="snap.likelihood.SnAPPrior">
#            <parameter estimate="false" id="alpha" lower="0.0" name="alpha" spec="beast.core.parameter.RealParameter">11.75</parameter>
#            <parameter estimate="false" id="beta" lower="0.0" name="beta" spec="beast.core.parameter.RealParameter">109.73</parameter>
#            <parameter estimate="false" id="kappa" lower="0.0" name="kappa" spec="beast.core.parameter.RealParameter">1.0</parameter>
#            <parameter id="coalescenceRate" name="coalescenceRate" spec="beast.core.parameter.RealParameter">10.0</parameter>
#            <tree clusterType="upgma" id="Tree.F1r1" nodetype="snap.NodeData" spec="beast.util.ClusterTree">
#                <taxa dataType="integerdata" id="snap.F1r1" spec="snap.Data">
#                    <taxonset id="ant" spec="beast.evolution.alignment.TaxonSet">
#                        <taxon id="CarpaChavin_B72794.Huanuco.CarpaChavin" spec="beast.evolution.alignment.Taxon"/>
#                        <taxon id="CarpaChavin_B72802.Huanuco.CarpaChavin" spec="beast.evolution.alignment.Taxon"/>
#                        <taxon id="Carpish_B72762.Huanuco.Acomayo" spec="beast.evolution.alignment.Taxon"/>
#                        <taxon id="Carpish_B72773.Huanuco.Mitotambo" spec="beast.evolution.alignment.Taxon"/>
#                        <taxon id="Amotape_B67127.Tumbes.Amotape" spec="beast.evolution.alignment.Taxon"/>
#                        <taxon id="Amotape_B67201.Tumbes.Amotape" spec="beast.evolution.alignment.Taxon"/>
#                        <taxon id="Chavinillo_B72789.Huanuco.Chavinillo" spec="beast.evolution.alignment.Taxon"/>
#                        <taxon id="Chavinillo_B72792.Huanuco.Chavinillo" spec="beast.evolution.alignment.Taxon"/>
#                        <taxon id="Quichas_B72777.Lima.Quichas" spec="beast.evolution.alignment.Taxon"/>
#                        <taxon id="Quichas_B72785.Lima.Quichas" spec="beast.evolution.alignment.Taxon"/>
#                        <taxon id="Canchaque_B72874.Piura.Canchaque" spec="beast.evolution.alignment.Taxon"/>
#                        <taxon id="Canchaque_B72878.Piura.Canchaque" spec="beast.evolution.alignment.Taxon"/>
#                        <taxon id="Huamatanga_B72889.Lima.Huamatanga" spec="beast.evolution.alignment.Taxon"/>
#                        <taxon id="Huamatanga_B72892.Lima.Huamatanga" spec="beast.evolution.alignment.Taxon"/>
#                        <taxon id="Pacar_B72905.Ancash.Pacar" spec="beast.evolution.alignment.Taxon"/>
#                        <taxon id="Pacar_B72912.Ancash.Pacar" spec="beast.evolution.alignment.Taxon"/>
#                        <taxon id="LaQuinua_B72754.Pasco.LaQuinua" spec="beast.evolution.alignment.Taxon"/>
#                        <taxon id="LaQuinua_B72760.Pasco.LaQuinua" spec="beast.evolution.alignment.Taxon"/>
#                        <taxon id="Chinchan_B72895.Ancash.Chinchan" spec="beast.evolution.alignment.Taxon"/>
#                        <taxon id="Chinchan_NK_173896" spec="beast.evolution.alignment.Taxon"/>
#                    </taxonset>
#                    <taxonset id="cur" spec="beast.evolution.alignment.TaxonSet">
#                        <taxon id="curtata_cra.cur.B6032" spec="beast.evolution.alignment.Taxon"/>
#                        <taxon id="curtata_cra.cur.B8175" spec="beast.evolution.alignment.Taxon"/>
#                    </taxonset>
#                </taxa>
#                <parameter id="RealParameter.0" lower="0.0" name="clock.rate" spec="beast.core.parameter.RealParameter" upper="0.0">1.0</parameter>
#            </tree>
#        </distribution>
#    </distribution>
#    <distribution id="likelihood" spec="beast.core.util.CompoundDistribution">
#        <distribution data="@snap.F1r1" id="treeLikelihood.F1r1" non-polymorphic="false" pattern="coalescenceRate" spec="snap.likelihood.SnAPTreeLikelihood" tree="@Tree.F1r1">
#            <siteModel id="MutationSiteModel.F1r1" spec="beast.evolution.sitemodel.SiteModel">
#                <parameter estimate="false" id="mutationRate" name="mutationRate" spec="beast.core.parameter.RealParameter">1.0</parameter>
#                <parameter estimate="false" id="shape" name="shape" spec="beast.core.parameter.RealParameter">2.0</parameter>
#                <parameter estimate="false" id="proportionInvariant" name="proportionInvariant" spec="beast.core.parameter.RealParameter">0.0</parameter>
#                <substModel coalescenceRate="@coalescenceRate" id="MutationModel" spec="snap.likelihood.SnapSubstitutionModel">
#                    <parameter estimate="false" id="u" lower="0.0" name="mutationRateU" spec="beast.core.parameter.RealParameter">1.0</parameter>
#                    <parameter id="v" lower="0.0" name="mutationRateV" spec="beast.core.parameter.RealParameter">1.0</parameter>
#                </substModel>
#            </siteModel>
#        </distribution>
#    </distribution>
#</input>
#
Sample	posterior	likelihood	prior	theta0	theta1	theta2	TreeHeightLogger
0	-4108.161530222674	-3956.709497436682	-151.4520327859917	0.06882976586996933	0.08998249876117236	0.1517387104350792	0.0024600362817772084
1000	-4110.008715691171	-3954.709681383746	-155.2990343074253	0.044818161328485415	0.12659785538393806	0.19756032364744888	0.0013711946111030556
2000	-4110.017088971477	-3959.0380898739195	-150.97899909755805	0.09880376129473643	0.06722086657236027	0.13517257277685057	0.0024014857359264904
3000	-4110.066837628775	-3954.5937014961337	-155.47313613264123	0.07210155218868913	0.09716595647861653	0.21820048938111078	0.0016540464072614185
4000	-4107.88801602769	-3954.8721083109554	-153.01590771673511	0.06349603730833144	0.07275576544965545	0.16821398005990373	0.0019832608529668514
5000	-4108.766710406236	-3956.6216839791177	-152.14502642711793	0.056680337351198234	0.10256698720071379	0.16460744286796428	0.0010841466105755647
6000	-4108.327499608559	-3953.7383820086343	-154.58911759992537	0.09000316600656579	0.06778406751647015	0.2308176990594677	0.001854985076760101
7000	-4109.4947523947485	-3956.5888131146503	-152.90593928009858	0.0892387534490869	0.06294281022106754	0.17474497911376163	0.001407509743702627
8000	-4109.03448856724	-3957.2343343012726	-151.8001542659678	0.06413917495927722	0.10318250845615923	0.18153350303312984	9.721695737279663E-4
9000	-4108.211669131441	-3955.5639859183343	-152.64768321310697	0.10184025672146814	0.0797834370673271	0.1966940146013226	0.0020500140446670975
10000	-4108.630087396512	-3958.443661567811	-150.18642582870123	0.07259372114646974	0.11842332717529781	0.14307903213685277	0.001548205074948613
11000	-4108.256626183943	-3954.25538010064	-154.0012460833023	0.10174077147214955	0.09572762769956067	0.23601892794288584	0.002680626228834416
12000	-4108.18935763775	-3957.077728234788	-151.111629402962	0.0959658958103842	0.12202056713881265	0.17541950796930858	0.002768948950416766
13000	-4110.750954442737	-3956.31957226935	-154.4313821733866	0.12125269399441176	0.05642955744783936	0.18927487086120504	0.004338257540660154
14000	-4108.845236454568	-3956.151292818703	-152.6939436358657	0.08191052750942403	0.08119218275374582	0.16344923215485352	0.0024102298840217346
15000	-4108.206128775869	-3955.945903793927	-152.26022498194158	0.05727838683761184	0.1260606226197514	0.16616206873227493	0.0015764313725168538
16000	-4107.930465805264	-3955.8595647657894	-152.07090103947468	0.12154390677778833	0.08819583643928236	0.19931541624106416	0.0027938508216094
17000	-4108.69374960608	-3956.4749801045346	-152.21876950154567	0.10011390985442534	0.13145467400487276	0.20193910219888955	0.0036220762917189286
18000	-4108.901301177109	-3954.6336711475487	-154.267630029561	0.08036811284334082	0.08472144880628009	0.23693649977345724	0.0014696584041131975
19000	-4109.181530279271	-3953.6484724282573	-155.53305785101392	0.06822116827274916	0.06001566150301003	0.19665149315955974	0.0022556351236846
20000	-4111.319635638746	-3958.3157519371052	-153.00388370164063	0.06490609045088011	0.06927416550286546	0.11846343411176372	0.0021389805247324675
21000	-4110.805208850082	-3955.865375593622	-154.93983325645976	0.07365114758542979	0.047775587486301466	0.17341752575770666	0.001091124177187551
22000	-4116.728171394906	-3955.178109799088	-161.5500615958181	0.038347257670667205	0.1828282413687661	0.19204199797310026	9.686755602174588E-4
23000	-4109.802771153851	-3955.945931151655	-153.85684000219618	0.09898518585783943	0.1556408854026782	0.21894452288426292	0.0031107381785720734
24000	-4108.035102509616	-3957.2058620464513	-150.82924046316518	0.07758187140072309	0.08502617981190154	0.1504358148551891	0.00178174808974859
25000	-4108.926543377502	-3955.7230698350977	-153.2034735424044	0.05973053547265377	0.08219374641769307	0.15660449381811728	0.0021252593849581812
26000	-4107.572379946435	-3955.1810490444145	-152.39133090202057	0.06604495921398951	0.0858525222360461	0.17754990805088	0.0016373181550543732
27000	-4108.646845472917	-3954.291492908785	-154.3553525641325	0.05658314341978047	0.07638788929595249	0.1818474296007342	0.0016469582610673186
28000	-4112.774403985836	-3953.2827715900494	-159.49163239578667	0.1206736099443457	0.055586242173138775	0.2331155580970359	0.002478608540718991
29000	-4110.240400395553	-3954.8519565100996	-155.38844388545274	0.04755089884587818	0.07562882698827626	0.19761842260399573	9.082284129111783E-4
30000	-4111.2770194053	-3956.98554701826	-154.2914723870402	0.0585522542556427	0.055676333094581365	0.11988343966451129	0.0018534487901944799
31000	-4109.301838126821	-3954.514859808705	-154.78697831811587	0.04620806489272935	0.07624030362020053	0.16325743769126366	0.001428752060151147
32000	-4111.609522271081	-3960.066594643491	-151.54292762759033	0.0961888273238648	0.06697288996249623	0.1375759195012395	0.0013534865951295007
33000	-4107.304097505085	-3955.3144402216976	-151.9896572833874	0.08036067364671744	0.10634442624623458	0.1957685327700424	0.0021586237142684366
34000	-4109.304866194065	-3953.776056491898	-155.5288097021662	0.10051976775226656	0.054314179329555914	0.22854686273782365	0.001712522467528946
35000	-4111.855698140387	-3956.412828790906	-155.4428693494811	0.11864540580834815	0.04622147002822521	0.2120680106295544	0.001147046875640704
36000	-4110.223764925912	-3958.7504972440984	-151.47326768181378	0.05506719528347415	0.11012050805275868	0.14357514366753032	8.373445174693887E-4
37000	-4109.531864810304	-3958.434883415315	-151.09698139498838	0.11768130100122622	0.11339611365137904	0.1842963007922532	0.001826406286512915
38000	-4111.784170010814	-3954.179513197878	-157.60465681293556	0.04966235188618348	0.053259120755233834	0.16468279863611926	0.0018938622250105309
39000	-4109.091435652887	-3954.1531143527186	-154.93832130016915	0.08994148496238893	0.05270096964780656	0.20455105290597042	0.0016307766811179006
40000	-4108.601776615748	-3955.347615034081	-153.2541615816672	0.09506254007618996	0.08216843293443962	0.19454174238700558	0.002108434496338937
41000	-4111.617217875173	-3958.39878774549	-153.21843012968324	0.06993355180217822	0.05338200605574152	0.11568636277547187	0.0017293516754883181
42000	-4111.1859784928165	-3955.0055866438156	-156.18039184900096	0.09587614530485251	0.04750633099521056	0.19494117482762804	0.003639831344894453
43000	-4108.514779108479	-3955.1777651803604	-153.33701392811878	0.06614876984330792	0.08034592718848356	0.1720693112081652	0.0016924523354530277
44000	-4111.749008747652	-3953.2803956420503	-158.46861310560107	0.07490398598370526	0.06651579693935128	0.26888267573945757	0.0026536819057471697
45000	-4108.025187310909	-3955.0281580937094	-152.99702921720007	0.06527086185772552	0.07797744739720398	0.1698228712595366	0.0019287494162716393
46000	-4111.800103002003	-3956.1562203627673	-155.64388263923595	0.05206466221069395	0.1428619230755659	0.16986013993048446	0.0019642007625386365
47000	-4109.344685549563	-3955.7887970436445	-153.55588850591846	0.051116478784936074	0.12619077768471912	0.17611404505572362	0.0019534475487114947
48000	-4112.333460893055	-3959.9119999163954	-152.42146097665974	0.07676179879437901	0.05568811772528188	0.11128116164544287	0.0016288497149222945
49000	-4108.0510801935525	-3954.638454432927	-153.41262576062573	0.05980557080584916	0.07076257243004784	0.17154282311950758	0.001566219688162748
50000	-4110.61428604519	-3955.3364343649355	-155.2778516802548	0.057568751011936106	0.10301443818226454	0.18745005696232805	0.002196037162629785
51000	-4107.505138634481	-3955.3444525440564	-152.16068609042452	0.1042110701214289	0.07448156763417245	0.18844764781440954	0.002848231158484676
52000	-4108.909010697922	-3956.705990389204	-152.20302030871784	0.10292111407560758	0.1447536242624922	0.21305841630159875	0.001935297476230484
53000	-4108.828006915281	-3953.7825389031113	-155.04546801216932	0.08226941743498413	0.04808304841431634	0.18336071897760148	0.0023510891397747207
54000	-4108.111300019137	-3955.8235504906083	-152.28774952852854	0.07085119145388186	0.09170038224618668	0.1684594444722927	0.001824124160601466
55000	-4107.581987298446	-3955.0931800450508	-152.4888072533947	0.07951707066617743	0.06819451707156905	0.17695834491079168	0.0018688480380792197
56000	-4107.435844601119	-3956.269475370277	-151.16636923084226	0.08411065813361902	0.09896868317635862	0.18592755168457348	0.0016835977104126254
57000	-4109.913682902069	-3956.101667674919	-153.8120152271496	0.048731009445485966	0.06978532923696694	0.1276172998970002	0.0015305914912787375
58000	-4108.344272129692	-3956.5354620592434	-151.8088100704491	0.06259170527149309	0.0839971582128909	0.14223512069892524	0.0018991754435633088
59000	-4111.4203143044515	-3954.5756046129773	-156.84470969147424	0.06300802127535923	0.07173648166553795	0.19016036416527754	0.0023953955334811484
60000	-4107.464247625422	-3954.214187482352	-153.2500601430702	0.07483508087069952	0.0802328591044516	0.20332137518355253	0.0022016265312944355
61000	-4110.60462953988	-3957.4087092694267	-153.19592027045368	0.052770211638412015	0.07805145644151121	0.13300752499227933	0.0023273412068489947
62000	-4109.187777223397	-3953.4958166330016	-155.69196059039453	0.06387019850236393	0.05788314180563775	0.19824128587485718	0.0021732214178028357
63000	-4109.268395694733	-3956.038790848954	-153.22960484577936	0.05044812435831708	0.11653841303912772	0.1537031464339889	0.0013279752414352816
64000	-4110.165872608938	-3956.8784931509913	-153.28737945794686	0.05664836368512636	0.10588697145548909	0.15355922822505644	0.0023615872527534237
65000	-4107.557379944708	-3954.714468001372	-152.84291194333636	0.09032792402248607	0.08438455711502509	0.2100496341866214	0.0020366339712537974
66000	-4110.604817987337	-3956.279589062537	-154.32522892479957	0.05355568943541418	0.07045782398506253	0.1658361251554297	9.05416673332264E-4
67000	-4108.880304284775	-3954.3106028087395	-154.56970147603536	0.06452229156017635	0.1098111947180624	0.2330163688667078	0.0017457957444841656
68000	-4107.758115183315	-3955.4033605560403	-152.3547546272742	0.07504834213521883	0.11937290991722178	0.1962284889061854	0.0020964407194194175
69000	-4108.327191932029	-3955.222319890242	-153.10487204178634	0.06935529261381038	0.12660722223968413	0.2016212491232476	0.002027342756221788
70000	-4112.376549533503	-3960.1200724712025	-152.25647706230066	0.05697948568457049	0.07333393266476962	0.13759634569372045	6.298060648014653E-4
71000	-4110.640788404955	-3959.5124213727186	-151.1283670322368	0.09911317889070745	0.1298133506746892	0.16659201053820635	0.001459674670735883
72000	-4109.136682163223	-3957.1002797362307	-152.03640242699214	0.0728476575602627	0.0849509697205328	0.1647809696514473	0.0032149973140162564
73000	-4109.016595859252	-3957.4223643860064	-151.59423147324586	0.0776974812845973	0.11205672266942043	0.15346565042242785	0.0024912334930592955
74000	-4110.245586123713	-3957.545446493388	-152.7001396303249	0.04864827769443505	0.1344232713430237	0.12668275873013685	0.0013165745590806093
75000	-4112.887298543461	-3955.752248081286	-157.13505046217483	0.03069733060756204	0.16747140155226267	0.13695983839042786	8.567435483298764E-4
76000	-4108.664242907889	-3956.3956354517586	-152.26860745613112	0.07031743710788149	0.15155255706526416	0.18712893256808755	0.001575161316347358
77000	-4112.65701151976	-3952.795920428415	-159.8610910913453	0.0986051859100955	0.07376805499785449	0.29747888915540177	0.0027247751064399003
78000	-4111.261302240343	-3954.469941886293	-156.79136035405	0.11551693064558301	0.046903827169557884	0.20054298279680344	0.0034978372978024057
79000	-4112.724142447902	-3956.1061283291833	-156.61801411871798	0.03540583847183501	0.06252932769893199	0.13125504688966236	7.044718550665539E-4
80000	-4112.266054385195	-3955.553174471306	-156.71287991388922	0.05603364197865555	0.2028212760218905	0.20906709199020498	0.0017407158010287877
81000	-4114.037769911353	-3952.293937033576	-161.7438328777774	0.16512350100275533	0.040122128384397736	0.2715610961278797	0.0033711226808337885
82000	-4113.7310585365285	-3952.5842184550957	-161.14684008143288	0.051771782112610853	0.027147782272686192	0.15641352289308022	0.0012348096670517224
83000	-4108.699393015782	-3958.527807971715	-150.17158504406765	0.07418299211567272	0.10780506766237166	0.13576166957406746	0.0018760369189884433
84000	-4108.755077563207	-3956.442330806549	-152.31274675665787	0.05867227609521009	0.08935965495592302	0.16226178388987622	0.0011414937909481344
85000	-4107.119151566485	-3955.2786373160557	-151.84051425042958	0.09255152309218627	0.09531986614090525	0.19698488445231221	0.0026505804052979233
86000	-4110.489136985595	-3959.7610850001643	-150.728051985431	0.06843636137404108	0.1428601860793261	0.1256978734747719	0.0015616426363346597
87000	-4110.901341514631	-3955.561460547373	-155.33988096725784	0.03549532635561337	0.08442424678694602	0.12617933796236086	0.0011020249784308735
88000	-4112.645057055623	-3953.246225345029	-159.39883171059384	0.1626784684715829	0.04072726086308143	0.2414511642223208	0.0024381851048389815
89000	-4110.413411191632	-3954.946008794695	-155.4674023969373	0.04317299434231168	0.07608962005903486	0.16678540177997528	0.0017348064264417888
90000	-4108.963615299654	-3956.229481552112	-152.7341337475415	0.07102589170706901	0.08211155571107848	0.2006185282131787	0.0010729819728040283
91000	-4114.696566523703	-3955.500145700024	-159.19642082367884	0.025654819269150076	0.07629117377355266	0.16287959957553144	4.721203642208788E-4
92000	-4110.9543288046	-3955.79714912218	-155.1571796824198	0.12220076621990208	0.04831537641372326	0.20996613223960542	0.001403552201649637
93000	-4111.226965762146	-3952.522437701538	-158.7045280606082	0.06908540841455961	0.03800744729891668	0.19044403621671502	0.0018542013026528914
94000	-4108.820895207159	-3957.2146815753786	-151.60621363178083	0.06838946390759168	0.12120289516259133	0.15443566661059635	0.002469506721283484
95000	-4110.799803688518	-3955.788755614039	-155.01104807447888	0.07090502907178603	0.0479447104223388	0.15785180599625373	0.0012456807508476318
96000	-4108.772306913707	-3957.0479091185357	-151.72439779517205	0.0890376770498356	0.06818750088575753	0.16257433055630321	0.001578277419394266
97000	-4108.624695346638	-3956.056748583748	-152.5679467628905	0.07515485833382954	0.09336107191389971	0.17014529581996218	0.002621195208449445
98000	-4112.069724603113	-3961.312904686375	-150.75681991673815	0.06092551757719914	0.10378049690259157	0.14344138005579024	5.730640656311481E-4
99000	-4108.924541142915	-3955.9907617087265	-152.93377943418858	0.09770409184177554	0.13856748697312887	0.2185072858071393	0.0020682150774073787
100000	-4109.257426745992	-3954.592693580164	-154.6647331658283	0.09886220667055222	0.053654781944198496	0.1914541619283867	0.0032349741499540898
101000	-4109.3048331081145	-3957.8546876023397	-151.4501455057749	0.093260361451929	0.07076195479374617	0.17751179157195368	0.0011893610961185115
102000	-4109.2753816424865	-3955.824213796449	-153.45116784603718	0.08124828116893298	0.056507570254514264	0.15337221217205424	0.0022820249287718217
103000	-4108.5846932884915	-3956.734095337084	-151.85059795140785	0.1101546489084227	0.08502957624399868	0.17485509537642174	0.003019527356418309
104000	-4107.918803015429	-3956.6105488212334	-151.30825419419625	0.08159165326377656	0.10350926283087082	0.1731172248223733	0.003015627993892085
105000	-4110.033946353648	-3959.049199730803	-150.98474662284514	0.0778687753861558	0.11366236060550791	0.14351519227419204	0.0014530812217854435
106000	-4110.533324736665	-3957.8556583322024	-152.6776664044627	0.10229634531836983	0.08376246155265105	0.18752159442664196	0.00482968790240134
107000	-4109.2425895441975	-3953.804311245026	-155.43827829917157	0.07996766464208283	0.05223579677557901	0.18974761113001334	0.0018581475726628682
108000	-4111.2130405550215	-3956.0092457839764	-155.20379477104524	0.0369789267971839	0.0876638461985129	0.126001946656287	0.0013978530649022022
109000	-4110.248594227753	-3954.0426590741986	-156.2059351535536	0.0818784119051213	0.06523809747376519	0.23518408745792213	0.001456014808411357
110000	-4107.722371157741	-3955.7880708482294	-151.93430030951143	0.10101732425640741	0.11757988622461735	0.2044266780315198	0.0031144284931680873
111000	-4112.24428752712	-3963.3228103620168	-148.92147716510354	0.10807059236951483	0.09380160746254007	0.1287432694683695	0.0011701913151542164
112000	-4108.054850931469	-3956.5816238033585	-151.47322712811126	0.0950877047126357	0.09773782404959759	0.17658588620313045	0.003181851252848575
113000	-4109.188858927494	-3953.0293034884303	-156.15955543906347	0.12034589133188707	0.060698744730861225	0.2445698364095315	0.003203493127429799
114000	-4111.314446598186	-3955.2976830895254	-156.01676350866038	0.041148554461653844	0.06302827382217491	0.1360598007523311	0.0016063803344783256
115000	-4109.460346913717	-3956.4464445052627	-153.01390240845467	0.05012582252215368	0.11440464603388294	0.17340119628951808	9.212429029148658E-4
116000	-4108.2900461045265	-3955.7425447492324	-152.54750135529426	0.05400150783519309	0.08755120559729734	0.15413656723277855	0.0013512130450046432
117000	-4108.682672428715	-3957.447594112835	-151.23507831588023	0.09681076064752672	0.08585849995094438	0.1573428194195644	0.0027536220841975455
118000	-4107.858675474971	-3954.0116315397886	-153.84704393518257	0.07148523839452967	0.08424988756625447	0.21618654202005524	0.0019233356318677725
119000	-4107.74591115823	-3956.7059529003254	-151.039958257905	0.08274377304527161	0.07917365586124056	0.15635826613477177	0.0020430340409183473
120000	-4107.695002340439	-3955.932143919409	-151.76285842103	0.11816308819029422	0.09892358797257442	0.20028278269602642	0.0030298039339764385
121000	-4108.728503006567	-3956.2426465723656	-152.4858564342008	0.05203777667568273	0.0902845254760525	0.14796112744510043	0.0011965308711342213
122000	-4110.796650627589	-3956.3267947849827	-154.46985584260642	0.11074914656635995	0.10123289722767681	0.18974333165197008	0.002910982140358697
123000	-4107.868793515505	-3955.2837159783867	-152.58507753711785	0.0995254927737355	0.10862854490589444	0.21252751198206254	0.003128003348355527
124000	-4111.485301976804	-3958.679604490275	-152.80569748652985	0.08334392184826575	0.0567606921713448	0.13224011422361515	0.003174849590029621
125000	-4110.551487053522	-3954.106842803334	-156.44464425018725	0.04824789894145057	0.054122744701551186	0.1713558521368494	0.0010789803303887346
126000	-4109.96726907863	-3954.7387837271685	-155.22848535146116	0.05584856437071366	0.1190960059560405	0.20640366560677292	0.0017476903951746765
127000	-4110.011821102257	-3954.9926349460047	-155.01918615625212	0.07563798874886878	0.10487237676396413	0.24503968048154456	0.0029738095492717028
128000	-4111.549114370077	-3955.066892973402	-156.48222139667507	0.12645855918736093	0.03693642513611562	0.18323421580255886	0.0020703730717089625
129000	-4109.133039560921	-3953.9365219764463	-155.19651758447517	0.06008120347882321	0.06832728610781857	0.19370008991584153	0.0020440984150851354
130000	-4110.193228783146	-3954.9726751703215	-155.2205536128244	0.047779782920541254	0.0666549255306774	0.14560814444706313	0.0013833788613689735
131000	-4109.963085355406	-3952.967489297952	-156.9955960574545	0.06780465587546897	0.04244256542690259	0.18633676549776973	0.002064631415167215
132000	-4109.867312181371	-3958.3115037064535	-151.55580847491743	0.09179016757454418	0.11205598615050133	0.17382075322908075	0.004168458379586431
133000	-4107.805363436789	-3956.845572777181	-150.95979065960776	0.08987136953347521	0.13214532053512368	0.18250213541080662	0.0021293432205664923
134000	-4108.9427276948945	-3953.8011169729243	-155.14161072197058	0.0629421249974564	0.05433624025993526	0.1825224991427959	0.0015017318235538441
135000	-4109.541314256554	-3957.4269161740926	-152.1143980824612	0.06930774192404972	0.07945099665605646	0.1467751062996097	0.002892213084173331
136000	-4108.088271713589	-3954.5516003423536	-153.53667137123563	0.07838904105195453	0.07382318360182781	0.1966276652666649	0.00180021991676372
137000	-4111.5266330603645	-3954.615949299693	-156.91068376067184	0.08190504280652161	0.05307157133553435	0.235089070887292	0.0011211267472321378
138000	-4111.566385729717	-3957.216682961526	-154.34970276819047	0.05103565727598106	0.0813941337961607	0.12124745506258197	0.0017894137543146918
139000	-4110.239370738477	-3955.2987113479585	-154.94065939051828	0.092849919647537	0.06877892357610935	0.2127675469684556	0.0014675987355466302
140000	-4109.546215523058	-3956.8493824719517	-152.69683305110595	0.048458703884494636	0.12195026818414553	0.13340506794669743	0.0014548909593241708
141000	-4108.560278953407	-3954.8352255468562	-153.72505340655024	0.11627836707708043	0.0620283358145624	0.19652533643715447	0.0031408995981167644
142000	-4108.325782282406	-3956.2685147643233	-152.05726751808297	0.08495173139840066	0.08730401198704184	0.19344205924912986	0.00144479829895291
143000	-4108.894518487949	-3955.9610174452555	-152.9335010426942	0.10440329795296452	0.09143083839925964	0.18782579447025388	0.0027237124959226863
144000	-4108.738746926059	-3955.7498182163467	-152.98892870971258	0.08203936467388787	0.055353871047518946	0.15639962222385603	0.0019228214673091572
145000	-4109.278661811156	-3953.1497031879526	-156.1289586232029	0.12333983579737172	0.07179304165622775	0.2599235686388782	0.002893869969773061
146000	-4108.477131498294	-3954.413275995932	-154.06385550236195	0.0546623542422608	0.08944826047276504	0.19344591262280184	0.0018034370452849821
147000	-4112.442757455516	-3956.9053366336084	-155.53742082190752	0.05390601634723221	0.16299383405632864	0.19578589213455722	0.002412901996596529
148000	-4107.974573701471	-3954.2119849170044	-153.7625887844663	0.06952986365432161	0.08050159916409362	0.21194707876288343	0.0016113224246178761
149000	-4109.67968671503	-3956.1390053471405	-153.54068136788945	0.0671072055769293	0.05657246817818403	0.14040714039705465	0.002285707180427748
150000	-4112.084777231057	-3953.893578698074	-158.19119853298335	0.0388068277065066	0.0481262824092879	0.144410987344854	0.0013553043810157885
151000	-4109.541686671089	-3958.090433268083	-151.4512534030063	0.0830288036028705	0.08514586868231451	0.14227752789262954	0.002844232616178128
152000	-4109.082714853637	-3958.196491783756	-150.8862230698815	0.08017614682237077	0.08778219278129959	0.15017424305378696	0.0014447294466595822
153000	-4108.018288202402	-3955.381449842108	-152.63683836029423	0.07236560372371022	0.07433924967407207	0.17163693436718905	0.0025791028744481647
154000	-4109.517754238474	-3954.2083759499824	-155.3093782884914	0.05314911362252483	0.06095623699940492	0.1672743071256242	0.0018171656718838913
155000	-4114.7031903195375	-3954.500373840041	-160.20281647949645	0.04669826663666336	0.033919629269878654	0.12267983328311227	0.001425553525651548
156000	-4108.383883987037	-3953.7704890643604	-154.61339492267675	0.0750600899333111	0.08184548483060215	0.23044300173346055	0.002364355270505831
157000	-4109.7567407235365	-3955.8748821432237	-153.88185858031258	0.1332791707609824	0.11978996792039437	0.22155555143762912	0.004097907993426947
158000	-4108.250961297655	-3955.976298365699	-152.27466293195556	0.1262247007229793	0.09540335022232732	0.2031011712457832	0.003870559793899062
159000	-4108.384827152541	-3953.4954734574835	-154.88935369505748	0.0733898653774508	0.07266657966245109	0.22258903327286791	0.002118303968704386
160000	-4109.80815417441	-3959.396736607604	-150.41141756680676	0.1160244259455704	0.10584633645018929	0.15335167218598866	0.0029432032401453976
161000	-4111.768894793784	-3961.015371202595	-150.75352359118946	0.06508856921716925	0.09947691896660658	0.10951065086634652	0.0012135297223743848
162000	-4112.000091846949	-3955.0633626873787	-156.93672915956967	0.04504111507238383	0.05527996110229382	0.13132266821364152	0.001433936296686869
163000	-4110.987898263482	-3954.7158070806845	-156.27209118279706	0.06819772825273444	0.04808328723911982	0.17117839173879545	0.0013038221302101082
164000	-4109.845758325582	-3957.1119965650064	-152.73376176057542	0.09391190901167422	0.06333738624702183	0.15733779802787	0.001774202281336239
165000	-4111.467055378668	-3954.959944435109	-156.50711094355913	0.047111894879828024	0.10882988003467077	0.22053367803815993	9.420878489215975E-4
166000	-4108.905820790342	-3954.674188979398	-154.2316318109437	0.0702688946017097	0.07981041285577922	0.20439546288951532	0.0026773467984348757
167000	-4110.2756185234075	-3959.1362014391825	-151.13941708422473	0.09370058879310722	0.14749881543307106	0.1529258589413643	0.003170887811689314
168000	-4108.563478280117	-3956.4021397408414	-152.1613385392756	0.06942654727904826	0.08615856400855453	0.1603070255899904	0.002663056248269369
169000	-4110.4740047658825	-3953.341070001393	-157.13293476448968	0.04711866011656599	0.06210426893662364	0.2040077487775274	0.0015873826439070694
170000	-4107.3602618618415	-3955.494871124036	-151.86539073780528	0.08082832101386166	0.11570987095590285	0.19586211659282313	0.0022996456548100164
171000	-4107.746230787029	-3956.8438576599365	-150.90237312709286	0.08933579043069886	0.10228155370107268	0.18702017329063114	0.001591375754726064
172000	-4109.44954849928	-3955.2870197185684	-154.16252878071177	0.052032767817937774	0.11994808946463759	0.17535956197814714	0.0016021889597825573
173000	-4107.433343711411	-3955.7260683488666	-151.7072753625444	0.07653973740383993	0.08042756304890723	0.1742933915953837	0.0017043608571028174
174000	-4109.891730450972	-3955.08999438599	-154.80173606498215	0.04936867044116356	0.08121491405283432	0.17876604413103905	0.001037688819050488
175000	-4108.5154957270715	-3956.458895955071	-152.05659977200023	0.0680581069140526	0.11314052758671078	0.16951896447264467	0.002573571670781734
176000	-4109.2409710954125	-3957.604558399072	-151.6364126963399	0.06754098561564388	0.14645893501433746	0.15276469139039628	0.0024110029135623523
177000	-4110.748418340424	-3955.8964405208662	-154.85197781955756	0.10110481560391654	0.04333357466801812	0.17911586360482334	0.0013944843573340364
178000	-4109.750132313427	-3956.980167466711	-152.76996484671534	0.07996621022916983	0.05434143985191755	0.1467320820118929	0.0014720299457944908
179000	-4110.8336720392	-3953.359253492378	-157.47441854682242	0.05256837910708195	0.05331083701032321	0.18284622396531378	0.0013900953106659889
180000	-4107.725051621481	-3955.186265683004	-152.53878593847708	0.09676893527421622	0.08628978476980952	0.19937701945227448	0.003172676350237829
181000	-4108.520880380454	-3955.8603128063305	-152.66056757412414	0.12142131106707818	0.10567451650284929	0.2094244396643107	0.0028450866735009626
182000	-4109.084783552364	-3957.1155697957083	-151.9692137566555	0.12481523191485892	0.09959965308866925	0.187337596885392	0.0026746895061932584
183000	-4109.011262104805	-3953.6937970283534	-155.31746507645147	0.11155042564365736	0.05928182100332883	0.21888094271992647	0.0031983978394233815
184000	-4108.502308174428	-3957.1039670085324	-151.3983411658956	0.09101102212502464	0.12925189526300843	0.18298975890324282	0.0019033259401653845
185000	-4108.3825750822225	-3953.1742400161743	-155.208335066048	0.09471817101661886	0.06476507447696443	0.2328438330126363	0.002648171085205433
186000	-4111.7882169214045	-3952.8770985712076	-158.91111835019657	0.06466765948011181	0.04544547578896154	0.1959738094017455	0.0021028167620175007
187000	-4109.097689523477	-3957.4991936616643	-151.59849586181258	0.10067627028454579	0.07621915249713772	0.19122340752436387	0.0012841825228074926
188000	-4109.476384186024	-3953.900407275288	-155.5759769107356	0.049913540188492755	0.07222604072532442	0.18774854375105401	0.0015982715643552622
189000	-4110.564293450099	-3955.1413659073614	-155.42292754273782	0.05510801936233049	0.06342040163480975	0.18416254567698814	9.87108539968433E-4
190000	-4110.189339836341	-3958.028916914306	-152.16042292203505	0.0649305396337758	0.07496308375482066	0.12251636776731985	0.0018203373169863655
191000	-4109.998610968834	-3956.135170686149	-153.86344028268488	0.04561924791614414	0.08139889303691397	0.13027597346308442	0.0012683887170168216
192000	-4109.109829719139	-3959.062322093611	-150.04750762552848	0.07603852125101897	0.09578005093182941	0.13497723840580414	0.0014938717234948301
193000	-4115.323610494747	-3957.2816424693015	-158.0419680254459	0.035208550281326724	0.05537235830929511	0.09081070166908428	0.0012375386007621517
194000	-4108.579930354664	-3958.082947159097	-150.4969831955669	0.08494744607823143	0.12536950436738714	0.16905274791613475	0.0015139502962496134
195000	-4112.327124518782	-3956.8359278670096	-155.49119665177162	0.05899024371007028	0.07543270939325054	0.13183028312210698	0.0015955791512399173
196000	-4110.363010349354	-3954.714395651847	-155.64861469750724	0.06445348853114809	0.06980744026513953	0.18608576544289723	0.0024798757243354973
197000	-4108.44264613688	-3956.796145276328	-151.64650086055264	0.11042302727721627	0.10490831060022168	0.18282258436668555	0.0030979436660133882
198000	-4110.0548715668365	-3959.477960437734	-150.57691112910257	0.08606546152612733	0.08026464307618794	0.1616819874284675	9.79017463837625E-4
199000	-4108.344348716004	-3954.5692402833097	-153.77510843269425	0.0738457313548221	0.08800887403192638	0.20709311213306533	0.002551798344031206
200000	-4109.778297933555	-3957.36897440724	-152.409323526315	0.050324917258234396	0.09594627745853673	0.12453180867036479	0.0012799711848245044
201000	-4109.3888902066665	-3957.1072629234823	-152.28162728318406	0.061792841033251625	0.0973271155147615	0.13892533449911598	0.0020543191210714937
202000	-4109.4326833777095	-3956.4975967803457	-152.93508659736366	0.0876985369856524	0.1581472015915532	0.19415247643935896	0.0023060265491999716
203000	-4109.487294705495	-3954.513526531472	-154.97376817402264	0.07317843129812607	0.06214194408424081	0.1777758310118194	0.002414309917921988
204000	-4108.630316308999	-3954.6401838282172	-153.9901324807817	0.0736498799535782	0.10573176944791529	0.22725318592985988	0.0025448259360608422
205000	-4108.56740255713	-3954.3246350725794	-154.2427674845502	0.08634516192010049	0.09843237643250195	0.23285236047935653	0.00274158152782072
206000	-4112.33005573152	-3961.280518999979	-151.04953673154068	0.10338014037913454	0.07080594369920286	0.13221919542551777	0.0013677909736301034
207000	-4110.650110948093	-3958.7115786963163	-151.9385322517771	0.06463495333638955	0.11313052349815488	0.12842279600594192	0.001513250457629316
208000	-4109.020505615531	-3955.726176844001	-153.2943287715301	0.08140296316387333	0.05347264429481784	0.15682891132371196	0.0017930898960677472
209000	-4110.241209436719	-3955.608261711107	-154.6329477256126	0.10005218086088973	0.1316546078330963	0.2178826567634103	0.003149711177332328
210000	-4109.344811293077	-3954.724322631862	-154.62048866121526	0.08988911000404712	0.0839090119759429	0.20531424440021437	0.002952113911599387
211000	-4111.625118740015	-3956.8856309536795	-154.73948778633573	0.05053571568020316	0.07483383999792415	0.12261040821212368	0.0017761756176072792
212000	-4110.723167307967	-3960.7010571951623	-150.02211011280428	0.10364179937340923	0.1482859618855805	0.16819339524019522	0.0012173795358173438
213000	-4112.728340609905	-3954.965322297532	-157.76301831237242	0.03398465781751582	0.058645689878513575	0.12149921998172981	0.0010585839309645837
214000	-4108.904903139575	-3954.073510107343	-154.83139303223214	0.06637563378972362	0.061818478826779974	0.19333502799761246	0.0024299109606392465
215000	-4113.110990415091	-3958.6793952809626	-154.43159513412843	0.039011052851294796	0.10160237786470258	0.09539333962224145	0.0014601561934526781
216000	-4109.460735333464	-3955.5301222357984	-153.9306130976658	0.08485461954549546	0.08053715324922885	0.18375382883575828	0.003031262487171033
217000	-4109.384756244105	-3955.298724007971	-154.0860322361338	0.08185453054850815	0.048424131837621	0.1566546051275532	0.0019792657139932964
218000	-4107.821654688163	-3955.3730289743567	-152.44862571380668	0.06683152815817958	0.07200797633418494	0.16281703234977077	0.0016796716862393266
219000	-4109.07095713208	-3954.8073049730056	-154.26365215907438	0.08519489224886297	0.13242714936186448	0.24098415822446714	0.0024462132220599226
220000	-4109.824266021613	-3954.902566654467	-154.9216993671454	0.046663683894919025	0.07556044387177564	0.15553700142544763	0.0016330281980820032
221000	-4109.320349472688	-3953.7366563523806	-155.583693120307	0.09004896086999209	0.05697486326976779	0.21600527687115556	0.0031531783108795044
222000	-4108.680095819808	-3956.220329964872	-152.45976585493676	0.1098625352406443	0.10691127458931596	0.19932789205127882	0.002421051833865162
223000	-4110.861189318552	-3959.1922998733626	-151.66888944518945	0.11714012601074787	0.08744579863396434	0.18548987802403377	0.0012487672101653437
224000	-4107.454183580593	-3955.025183097111	-152.42900048348193	0.08783520471967214	0.06868422675224936	0.18339446426410783	0.002076646835411569
225000	-4107.228384966065	-3955.279283892576	-151.94910107348898	0.07822066309554745	0.0992373672728084	0.19024763303230993	0.0024319995798134948
226000	-4110.613401844374	-3957.0141690619193	-153.59923278245415	0.1530206771284338	0.06313620918620418	0.19930516041004775	0.001964789864423627
227000	-4110.366249835889	-3952.640431054122	-157.72581878176712	0.09004843324419158	0.04490242385210209	0.22609876101010348	0.0018226601802358228
228000	-4107.278127397353	-3955.1732036670505	-152.10492373030291	0.06920512844079978	0.0977298212582703	0.1863486977084493	0.0018065641548899967
229000	-4109.471949960262	-3954.8049720625468	-154.66697789771456	0.08135227046743983	0.060973049462787136	0.2087128971017429	0.0013470976952650866
230000	-4109.7678546550005	-3955.2723663409547	-154.49548831404593	0.10424708454803795	0.046973015398719516	0.1712327251017321	0.002318404685831194
231000	-4111.517692349324	-3954.209080426762	-157.3086119225617	0.06423097038152674	0.05960907255799308	0.1752397104201132	0.0016385879753368065
232000	-4108.081935642353	-3957.2283493113496	-150.85358633100287	0.10409837147544217	0.09371431749724368	0.16801156298883524	0.0027955001919322126
233000	-4110.637718293943	-3958.9746431502426	-151.66307514370098	0.13786912746698596	0.0897802953363392	0.17174081956974283	0.004983219934238664
234000	-4110.454977596972	-3954.1685974798565	-156.28638011711553	0.10301179899034799	0.05016249097896317	0.19750762353490658	0.0031612095179320045
235000	-4112.8032425401525	-3958.183801544138	-154.6194409960146	0.051068972604113555	0.06330753753401148	0.10377880825606868	0.0014567732279706074
236000	-4107.931368286828	-3955.5183752019534	-152.41299308487467	0.07831423451374107	0.10062056809791083	0.19733661102245653	0.002929301526414956
237000	-4107.5755006713025	-3955.8451607941206	-151.73033987718202	0.10327847063116266	0.11373309217614509	0.202440662217543	0.002646883043483667
238000	-4109.5890704866115	-3954.155073292736	-155.4339971938761	0.09694662290878676	0.09303453491390508	0.23839563057510682	0.0030201221928279984
239000	-4107.096134381308	-3955.004385890592	-152.09174849071545	0.08808181070503601	0.09581325337132812	0.20220232729306567	0.002382126911944751
240000	-4109.563982466086	-3957.659084699581	-151.90489776650455	0.0821815579732426	0.1670907995327984	0.18107475629424571	0.001584011287041045
241000	-4108.415735084817	-3955.416940652449	-152.99879443236858	0.1008286298612048	0.061829764694331275	0.18255889124625133	0.0020668188978730647
242000	-4109.99046732533	-3954.1044250827963	-155.88604224253447	0.055935169773840464	0.04692371155178969	0.15350948920134874	0.0015485005454348663
243000	-4109.663653906666	-3956.471758519689	-153.19189538697643	0.060858544589148536	0.1705761878694051	0.17787327716038726	0.0014125931260486767
244000	-4108.293785315229	-3954.1733646172715	-154.12042069795726	0.0813996390186987	0.08559026011851734	0.23499523290702617	0.0017478843175301832
245000	-4113.777203300977	-3953.081180637571	-160.69602266340559	0.05471032768889538	0.03695291683804791	0.20504902578422074	0.0022134345284552954
246000	-4108.6844950401155	-3956.775503210357	-151.90899182975892	0.12310459243285103	0.09498454048195988	0.18727140402261128	0.0028956696768302048
247000	-4109.681991232765	-3953.613172274935	-156.06881895782956	0.06814526425304664	0.0504584336940592	0.19329665814788907	0.0024573468932685668
248000	-4110.207718900945	-3956.1215995379507	-154.086119362994	0.0930668271596916	0.08537629264438142	0.19943270202399727	0.0039163573108550905
249000	-4109.330806600958	-3954.549283350768	-154.78152325018982	0.12294592516947946	0.11589766448180017	0.2559795739689519	0.0035941989494393347
250000	-4110.964157517371	-3954.2039117050103	-156.76024581236027	0.11164231745903155	0.05358602843245638	0.2103760124311688	0.0020234765061015922
251000	-4108.01734619429	-3955.4584350745845	-152.55891111970564	0.10614783316685862	0.07335482430437275	0.19148826249101414	0.00347440885083322
252000	-4107.487649865064	-3955.855363048805	-151.63228681625878	0.09431066636083081	0.11438267336956005	0.19557995908463746	0.002654550685329576
253000	-4107.412727760878	-3954.4891389814047	-152.923588779473	0.07300578918804605	0.08380677374696735	0.19698531592802274	0.002238936799830163
254000	-4108.048467122581	-3955.035620309626	-153.0128468129547	0.05463889342236759	0.10198007285540628	0.18017500977949466	0.0014323126103126535
255000	-4109.681651856281	-3956.1056389758355	-153.57601288044557	0.10093786039391846	0.05082172890529071	0.16234890487250522	0.0029821999680276065
256000	-4110.29655821518	-3960.5913197213954	-149.7052384937843	0.10900256045560586	0.08895682019021067	0.13577797322774834	0.00229892374237403
257000	-4111.082007603563	-3959.132885247698	-151.94912235586534	0.052465462823153966	0.10143806011804007	0.14905359165584453	6.712020623086769E-4
258000	-4108.303467878839	-3956.9476034102354	-151.35586446860324	0.0681076330924415	0.1044758111474714	0.1558153205387085	0.002573677947483049
259000	-4107.688992818375	-3955.441827995971	-152.24716482240342	0.07893212373038985	0.08419671924414356	0.17783193918961596	0.002042936755475646
260000	-4109.620748134842	-3956.504753867318	-153.11599426752363	0.05263219209869996	0.15855041142493337	0.15833147409382892	0.0013445248117560738
261000	-4108.739097651633	-3954.5590681877266	-154.18002946390607	0.0768663632717347	0.0675831472545061	0.1854106346859426	0.0025568499390346954
262000	-4108.793721398465	-3956.681742398506	-152.1119789999595	0.07824108580605381	0.07987686664836922	0.15678823200473194	0.0017731598887638959
263000	-4110.743176450165	-3956.5155905126067	-154.22758593755822	0.042164263993098805	0.1536993871930718	0.14472991612447708	0.0010226892295203383
264000	-4110.029377585124	-3954.09979441711	-155.92958316801415	0.08008066131360582	0.04351865014927572	0.17104434627406379	0.002328402044514761
265000	-4107.492134683585	-3954.2680790652284	-153.22405561835689	0.08679792232247795	0.07869277986904792	0.2072971822117416	0.002449199070346486
266000	-4111.0354398777745	-3954.967219914556	-156.06821996321838	0.03849968658390454	0.0732483640723869	0.15717754650425247	0.0015625977293014254
267000	-4109.654867411573	-3957.062964133413	-152.59190327816023	0.05226586775624079	0.13959775648339667	0.13886119157189886	0.0015275549298782718
268000	-4109.408347933372	-3956.2756326128883	-153.1327153204839	0.05873173490456493	0.0649368909288253	0.13951702307255903	0.0013520317021540702
269000	-4111.204207237182	-3958.6679727080386	-152.53623452914383	0.09366683207128929	0.05640310509290979	0.13096930800732617	0.0024057628622818766
270000	-4110.829705250935	-3955.93486913935	-154.8948361115846	0.05733491497011982	0.06273673661927406	0.13727093075443583	0.0015053328515765433
271000	-4111.225307689555	-3957.9804095133873	-153.24489817616754	0.04608596594164865	0.08901694587003278	0.1193123012148727	9.444951840042519E-4
272000	-4107.837882348314	-3957.0268208018824	-150.81106154643157	0.07314604795682485	0.10652328754692611	0.16540293262048514	0.001486631874621846
273000	-4109.374220173343	-3957.77907384954	-151.59514632380274	0.05893184069879389	0.11662094206924181	0.13678878043978107	0.002266908212145307
274000	-4110.678805257283	-3957.6499101300496	-153.0288951272336	0.05181019672395999	0.07275183445554281	0.11531880271833105	0.0013064705898591879
275000	-4109.269260749629	-3955.4996991786056	-153.76956157102353	0.052264936957545256	0.14167120025063495	0.18255033058034673	0.001755300162327896
276000	-4108.9872901953	-3954.415255975472	-154.5720342198279	0.06317041233598222	0.0833342420037107	0.19945783079061227	0.002198631312863253
277000	-4107.25774188572	-3956.176277670188	-151.08146421553198	0.09346012744934235	0.11086579279749105	0.18864604153484274	0.002301718707265102
278000	-4107.518445685004	-3954.9644551116307	-152.553990573373	0.06916477573970638	0.07823608260904209	0.175933708798075	0.0018759682489384033
279000	-4112.365348685086	-3955.5136762674642	-156.8516724176219	0.07081942126607875	0.0853412103089897	0.18243678715615116	0.0015082754996280636
280000	-4110.785321770071	-3959.137660112444	-151.6476616576275	0.07603791818506926	0.10475913186611348	0.13659986098448898	0.00307698030261205
281000	-4110.774486459667	-3954.18008382712	-156.59440263254663	0.054173169716086815	0.04614393304235406	0.16535078351684224	0.00114627159207927
282000	-4111.975455929658	-3955.7643603828215	-156.21109554683665	0.040837301524760096	0.07790647778966725	0.18640235897697116	6.77045313666836E-4
283000	-4110.0770489322485	-3953.0829652134444	-156.99408371880398	0.05133199751325233	0.05670632077278251	0.1997226570527095	0.0015999108853644352
284000	-4110.6680814907195	-3955.210214739922	-155.457866750798	0.04426334472321403	0.09427921092928156	0.1708179892070587	0.0010012056966271516
285000	-4110.394793773905	-3952.4072140332746	-157.98757974063028	0.09675835695174816	0.04115571697078951	0.22552834397506796	0.002001100642025679
286000	-4108.192462241067	-3956.252639133765	-151.9398231073018	0.07341410645999162	0.12119174874996837	0.1769144362743752	0.0018092938729120343
287000	-4108.229807082657	-3956.055761921378	-152.17404516127925	0.07438897089059925	0.08496490520360052	0.16275697288452748	0.0019289401643572959
288000	-4108.235424277833	-3956.3480060176144	-151.88741826021814	0.08577042031332191	0.12440055224812227	0.18296633484034353	0.00237009939477448
289000	-4109.805506525516	-3957.103150751781	-152.7023557737351	0.06397047644167318	0.11991220851318234	0.17405071261272367	0.002844502380117239
290000	-4108.522836388357	-3956.0370772378496	-152.48575915050722	0.10605353625086794	0.06617736010324705	0.1736437841326067	0.0025241157779672006
291000	-4107.709524879588	-3955.947019500627	-151.7625053789605	0.06718676953923554	0.08233402136601768	0.15545442416380606	0.00198285306206807
292000	-4110.378303296883	-3957.103386179623	-153.27491711726	0.0747253333275933	0.07090945569163652	0.1408357655114255	0.0024596828490364158
293000	-4111.569361731353	-3959.622804169445	-151.94655756190755	0.0866401690463844	0.08243168488320586	0.16265925776548154	0.004592874635982075
294000	-4111.704077367077	-3959.1785218551213	-152.5255555119553	0.11230660357637808	0.18389040782113605	0.17014129854910137	0.0035491608830354577
295000	-4108.083532578653	-3953.9280999796774	-154.15543259897564	0.06801248036454448	0.0731680784284551	0.20097409092492188	0.002076585421540727
296000	-4112.217346222796	-3955.4833242780114	-156.73402194478422	0.04613503545107098	0.09797906647376275	0.23727494636721902	7.408391861245357E-4
297000	-4111.216071232675	-3955.998111027079	-155.21796020559603	0.0503990975493771	0.08202605833441114	0.14008163569561558	0.0017943495573343124
298000	-4112.404762044645	-3956.0654000931663	-156.33936195147902	0.09592412049012691	0.08135612086392537	0.21387884946940242	0.004268171509171807
299000	-4108.687878394698	-3954.1746343834448	-154.51324401125322	0.10866946432054757	0.05201094535212602	0.19614893352312157	0.0026880768452800935
300000	-4108.344585827782	-3956.8463335315428	-151.49825229623906	0.07745552116203472	0.10181271060190075	0.1627679990152902	0.0018008675360929483
301000	-4108.867668369481	-3955.755421598157	-153.11224677132404	0.048414204481660464	0.10419715765532529	0.1496181784014243	0.001449510920286938
302000	-4108.5597063130435	-3954.361243539625	-154.1984627734191	0.0881367510389663	0.05900852535564525	0.20511711052496082	0.001648134422061898
303000	-4108.1597444805275	-3954.7287240788696	-153.43102040165758	0.05777310774165756	0.08586514841689366	0.19010712005376235	0.0013455501961529188
304000	-4108.7778041463625	-3955.867726005282	-152.9100781410807	0.08108729345848666	0.06112906639812403	0.15658923816518155	0.002038559682346142
305000	-4107.212035409002	-3955.0148153211994	-152.19722008780263	0.08646679145912618	0.10000517014278805	0.20658185427301767	0.002169911416474047
306000	-4111.243121334896	-3958.948374210288	-152.29474712460822	0.11622062094278181	0.052663759812790485	0.15211749470161107	0.0015139172919903525
307000	-4110.43749796859	-3955.589110538483	-154.84838743010718	0.08075193283736239	0.11556377431902186	0.23682201398764346	0.0033226427262573457
308000	-4108.453765488811	-3955.8555631807935	-152.59820230801702	0.07388941691752057	0.06227253318039628	0.15227145964406166	0.0018781526985795869
309000	-4109.044735873403	-3957.448586072086	-151.59614980131659	0.08520388645238945	0.07961739554033587	0.14818048467159997	0.002751168878266875
310000	-4107.858102652785	-3955.9619862377544	-151.89611641503086	0.11841241833078874	0.09700132566482902	0.2053472516382873	0.0024795582033091314
311000	-4112.971600491734	-3957.5063181809182	-155.4652823108155	0.03861665075821983	0.13345969249627698	0.12616387301198106	0.0016879156257548177
312000	-4110.476983548412	-3958.1925663395477	-152.2844172088645	0.1057587611664252	0.08948961921794472	0.20123710784976162	0.0011773197846982077
313000	-4107.993291024087	-3957.2509062402396	-150.7423847838474	0.1023240018236435	0.0854785803346635	0.1728648015951496	0.0019301952291830048
314000	-4108.850455010242	-3956.777004444197	-152.07345056604456	0.06704124451553925	0.15607129139949466	0.1728439885582935	0.001561025961168884
315000	-4108.146223736225	-3955.911270826254	-152.23495290997016	0.12461319401370513	0.09629702920104602	0.21080684510532582	0.002500190547164487
316000	-4107.2173626846015	-3954.9508194648115	-152.26654321978998	0.0876725884923137	0.07973496463890992	0.19621166397431514	0.002019740494645509
317000	-4109.400005797183	-3958.1296080214493	-151.27039777573415	0.10800306594902984	0.09611412103828282	0.16400486632032546	0.002241963803308765
318000	-4109.188302079618	-3956.0526289078634	-153.13567317175452	0.0903323081086413	0.13144141191896117	0.19633401872484196	0.002501036371702372
319000	-4108.898725371341	-3957.256993254553	-151.64173211678792	0.09770954038279037	0.07017323996948586	0.17783065944396687	0.001425959646136516
320000	-4108.818985469098	-3958.073255492933	-150.74572997616463	0.07715743498863743	0.13983402485903418	0.1639106067461733	0.0014584071287509228
321000	-4109.9493422955165	-3955.7291211922825	-154.2202211032343	0.05095648365146687	0.06855252993440651	0.13543142647731624	0.0016001083406285315
322000	-4108.982942989373	-3953.956379289366	-155.0265637000076	0.05826050303965993	0.06225216569882125	0.1772421036594708	0.0017064790763365032
323000	-4110.407675988743	-3954.0573755701043	-156.35030041863868	0.06553640149043756	0.05634848097666101	0.19362352986307874	0.0013428380564712863
324000	-4108.3424015695455	-3954.4017025177845	-153.94069905176084	0.05500481529250641	0.08077517685453257	0.1824781748291749	0.0015236229323281974
325000	-4109.175375382501	-3955.5837540459343	-153.59162133656702	0.07959626055266425	0.08142327569054701	0.18629379092744988	0.003079443898691575
326000	-4107.829451770454	-3955.4764897561217	-152.35296201433266	0.07142213406056122	0.11729527059274128	0.1918584424006628	0.0018475470594055694
327000	-4112.6680729994205	-3962.408859921403	-150.25921307801775	0.1291778439506424	0.08340402800189986	0.15059808542798822	0.001123755829470501
328000	-4109.341818721193	-3954.471047473618	-154.870771247575	0.05087822958710585	0.08197307559437311	0.18001161338873123	0.0017315425761528778
329000	-4113.680082437354	-3953.9665564064135	-159.71352603094056	0.047875561147929256	0.06399129131352949	0.2078111345217285	9.926281835024324E-4
330000	-4109.342399339468	-3958.792806386277	-150.5495929531911	0.07183841406509477	0.106488778778395	0.1310357149028178	0.0024865721034495825
331000	-4108.564808566332	-3957.720024655875	-150.84478391045732	0.080587097699991	0.09891940097508976	0.1735765990031786	0.0012607298145492134
332000	-4115.547758238897	-3957.429834886224	-158.11792335267305	0.03083624011233123	0.0869357695905755	0.10386876964441001	0.0013906231187355614
333000	-4109.145307373108	-3958.614688917057	-150.53061845605114	0.1280808140411852	0.11825207253338682	0.17723970342418038	0.002485883079658464
334000	-4111.815975071352	-3957.7651255734604	-154.0508494978918	0.05517528754086504	0.09324703143496023	0.1336252532388883	0.0011135773915631714
335000	-4107.92563560664	-3954.5645342937814	-153.36110131285804	0.0818028844060749	0.07235862711321026	0.19070333447187313	0.0021161214867325357
336000	-4109.733735491929	-3957.5747348433742	-152.1590006485546	0.05160830324679813	0.09544964948380817	0.12397586425525287	0.0012735630499966146
337000	-4110.215571346339	-3952.6299588517077	-157.5856124946316	0.06849814119876493	0.0464355666620587	0.2138193863735454	0.0022413126038788077
338000	-4110.051531192083	-3954.282251382532	-155.7692798095507	0.059027598797596316	0.04926247195282613	0.1639622425905973	0.0021703658981895666
339000	-4107.646815029327	-3955.8399004073367	-151.80691462199044	0.07734391495962199	0.11154028570298134	0.1846225485915039	0.0019491265718589608
340000	-4111.0384337370615	-3956.551415586413	-154.48701815064868	0.06332811223873692	0.09470306261540225	0.21472270721342349	0.0030829699755872274
341000	-4108.850631911595	-3956.4083867378104	-152.44224517378493	0.10365063903182124	0.06113504713812115	0.18058251290546495	0.001649145204319818
342000	-4108.5581562953475	-3955.8504295603316	-152.70772673501634	0.06015208236402911	0.10967343468342941	0.1684910581925196	0.0021122749042906557
343000	-4111.7707029960675	-3960.58904963369	-151.18165336237755	0.14613914225582228	0.0892926101751022	0.15266988744173937	0.00348843859664453
344000	-4107.369908546378	-3956.181479692967	-151.18842885341044	0.0796684323724953	0.08528155612987214	0.16549571186997805	0.001996912276004551
345000	-4109.403226448357	-3953.1778107897426	-156.22541565861428	0.08174050481174089	0.057043350437729255	0.21318929041714207	0.002080645894236349
346000	-4108.390995987144	-3953.789272301755	-154.60172368538966	0.12119407615863122	0.06835789664105085	0.2288357129736196	0.0031952191428168413
347000	-4111.144663121558	-3958.2076983519305	-152.93696476962688	0.1118932008160181	0.07797393159421204	0.186665531015508	0.005244309028627305
348000	-4110.220654846883	-3956.7128064107274	-153.5078484361553	0.06487702234236652	0.09288970532037283	0.15485685537363783	0.001413392149756672
349000	-4108.458843114158	-3955.204129090668	-153.25471402348967	0.07274367498455128	0.0631843863251993	0.1613299034136527	0.002041204394396069
350000	-4108.435950990915	-3958.0796863324176	-150.35626465849737	0.08274307690942746	0.08755663293999225	0.15033907769913957	0.0015788570129486904
351000	-4108.360768518303	-3956.1758523301523	-152.18491618815136	0.07959604483242572	0.13442871211586527	0.19097506144840265	0.001895843179175723
352000	-4110.8993340327925	-3954.1443716420526	-156.75496239073942	0.03575994911590121	0.08240263622283328	0.18059904527379733	9.390841080633786E-4
353000	-4110.103706407349	-3955.9328247302687	-154.17088167708005	0.04376970687009924	0.07593359978953527	0.143580226883635	9.45965162046527E-4
354000	-4112.1497255830145	-3953.7386169406936	-158.41110864232087	0.039815040256939264	0.06472271653391115	0.21516066096423797	8.71549675684173E-4
355000	-4108.772049745418	-3954.261575982522	-154.51047376289614	0.050240136002905916	0.09004028214036112	0.19384404296633953	0.0015607225137199137
356000	-4108.406154585547	-3957.2563851169684	-151.1497694685781	0.061762776834765803	0.1004239315580207	0.13952565104476183	0.00155949726734749
357000	-4110.743056084214	-3955.738549382712	-155.00450670150232	0.06341769460277726	0.06942173354815584	0.16024818997476534	0.0013522653209754154
358000	-4111.811338181018	-3956.8757645754113	-154.93557360560635	0.08006957315816904	0.06077742469365843	0.14407441328126647	0.0026670961495272737
359000	-4107.66423811477	-3954.9278709367018	-152.73636717806818	0.06846181277129258	0.08284752238815987	0.17971048355380553	0.0021566885550158323
360000	-4109.84090557335	-3954.7945635303995	-155.04634204295047	0.07006409845414922	0.04585678277728661	0.1531163560109512	0.002157610368977427
361000	-4109.6696797139475	-3954.777991306644	-154.89168840730377	0.13850706180854355	0.11926693947331285	0.25386211393738944	0.0037336878642067854
362000	-4108.505661641044	-3955.9092951632792	-152.59636647776492	0.08899566935758015	0.07543632559414407	0.17224399390172948	0.0021042998236881
363000	-4111.006186796465	-3956.9425228988794	-154.06366389758614	0.09357584198947806	0.05757080914955533	0.17136653999419454	0.0039338876918680364
364000	-4110.613557935839	-3954.0458806475995	-156.56767728823948	0.10943500228352139	0.03848411647734666	0.18772393734813145	0.002302577630731681
365000	-4111.91795545315	-3959.906092641368	-152.0118628117819	0.07027264441727604	0.10364097382315426	0.11896901147756227	0.0016268168892810844
366000	-4109.633533409847	-3956.1457399845017	-153.48779342534533	0.0538454372408886	0.0855159408653996	0.16770492288612673	0.0010084034763069513
367000	-4110.145082482728	-3953.907906204143	-156.2371762785852	0.057768732960363556	0.07638492512191777	0.23000459183303448	0.002105601371480232
368000	-4110.741705160955	-3960.8037636528534	-149.93794150810146	0.07314917976179693	0.09485930932025528	0.1309987750230516	9.683567756780491E-4
369000	-4111.42935393951	-3954.391335528626	-157.03801841088486	0.04391482755793752	0.05049682451274675	0.15908031381948143	9.482560169028595E-4
370000	-4110.06527120787	-3958.029726252309	-152.0355449555608	0.06121426000216536	0.11212089289331878	0.15677069695429394	0.002914286608851151
371000	-4108.095389623681	-3955.5901342898633	-152.5052553338173	0.11200214844412759	0.10340165722642905	0.20651099396198286	0.003000959829652638
372000	-4108.567714290275	-3954.870097519098	-153.69761677117677	0.08476587248561068	0.09363513375553069	0.20411954354129583	0.0021573125519229195
373000	-4110.895146558934	-3957.692659724692	-153.20248683424228	0.0670928070627688	0.1415440059869851	0.15734536057983278	0.002696612548837468
374000	-4111.491943880719	-3955.2711377423243	-156.22080613839518	0.06999155404528691	0.04608797958191382	0.16409476702172296	0.002816508901971413
375000	-4107.697778120608	-3954.8647099190475	-152.83306820156028	0.07811880543108184	0.09627087327963019	0.2015716061038449	0.0024946758802084005
376000	-4107.892993893258	-3955.519418616825	-152.3735752764331	0.10107491006978449	0.0821183737951337	0.19057539468597154	0.0024231380380315684
377000	-4109.447586380609	-3955.553095242186	-153.89449113842323	0.13060402191846066	0.1051456759715141	0.21785422927886755	0.0036844837674437606
378000	-4111.054164298776	-3953.9667876729495	-157.0873766258265	0.13070330612223116	0.03918985929538206	0.2048000070972852	0.002295688916439325
379000	-4109.86152632934	-3956.6089826788484	-153.25254365049196	0.07528680349670748	0.06611945176879232	0.14374887024387675	0.002190514220099198
380000	-4108.335415610369	-3954.397852428543	-153.93756318182585	0.07492271773743037	0.0578206216258347	0.18409327461945776	0.001628440413918998
381000	-4114.197654333176	-3957.5982095461222	-156.5994447870539	0.043918271515663417	0.06456147384827511	0.17353974363921498	0.0024610838711060633
382000	-4110.514631406616	-3954.8949594208425	-155.61967198577332	0.06559379765782881	0.15255504880036705	0.24278780339712733	0.0019485647047654763
383000	-4111.471667601787	-3960.473891393171	-150.9977762086156	0.08561471542760908	0.1654754826019609	0.13879875501137262	0.0016827541625756644
384000	-4110.657019663252	-3953.6138256139147	-157.04319404933736	0.05577279417568853	0.07780105189219545	0.23884816402403752	0.0018485290749656806
385000	-4108.1128066792235	-3955.467705734825	-152.64510094439837	0.08383511128170912	0.06938375396879114	0.1824080707567564	0.0016697998205795058
386000	-4109.321104576387	-3954.0781896540143	-155.2429149223731	0.08791578458261763	0.04595707793249284	0.18975103282270983	0.0016851305803322401
387000	-4109.109783501786	-3956.8244429552083	-152.2853405465783	0.1282154441543584	0.08255421802357812	0.21049086579749912	0.0017615327642817192
388000	-4109.081939300979	-3957.5828118810227	-151.499127419956	0.06438337611827667	0.10375701880802453	0.1450295880967794	0.0025837936615925867
389000	-4108.076067209372	-3954.64534272575	-153.43072448362153	0.06025322986843921	0.0756452187981213	0.17324098577320368	0.0017733006433673863
390000	-4109.200367590115	-3953.166753813772	-156.0336137763431	0.09987984871669921	0.06762291537785743	0.2579564757520273	0.002089788794252188
391000	-4109.101708378697	-3954.79188370838	-154.30982467031797	0.05260358462351761	0.07875345776532226	0.17316172813822625	0.0019230075775010349
392000	-4108.918237903035	-3955.679745470478	-153.23849243255728	0.13355808605365083	0.07907050997882596	0.2029613596507787	0.002949297605813142
393000	-4110.509204199893	-3953.199993887505	-157.30921031238847	0.07561539266699772	0.07612343669193375	0.2751030953526255	0.0018127871166448842
394000	-4110.956753886195	-3954.2819723940493	-156.67478149214574	0.038634213742608704	0.08937280219520737	0.1771538896970841	0.001123872465699052
395000	-4109.775762481939	-3954.188953002651	-155.58680947928767	0.05558976163304012	0.05342153532783189	0.16380855900353547	0.0019674185306751933
396000	-4109.311237850363	-3955.2919934661745	-154.01924438418837	0.04991815920768563	0.13642423037246718	0.18243212542880613	0.001611281710759822
397000	-4107.490036358386	-3954.382200802731	-153.10783555565493	0.08536578066917197	0.08912765091402353	0.21934000151884162	0.0020705855695174937
398000	-4109.101462864726	-3955.17731694099	-153.92414592373657	0.0714847035432927	0.05736821350436074	0.15768253182773515	0.002281973128320821
399000	-4112.762455085683	-3955.7676450381937	-156.99481004748895	0.1446785970494169	0.14410310643491606	0.26117063216304076	0.005376216121281703
400000	-4108.197472749852	-3956.208007302438	-151.98946544741366	0.09295691112696568	0.12830041443867493	0.20067154990975958	0.00207038218053707
401000	-4111.650492694897	-3957.3180792502444	-154.33241344465284	0.04187784546877374	0.1264937788210896	0.11822825257314541	0.001441393648567502
402000	-4111.302416977408	-3955.696938070305	-155.6054789071031	0.061430811883049156	0.06631370109308744	0.1503362840491714	0.0014742768111605355
403000	-4111.984299287462	-3953.659082343957	-158.32521694350524	0.05383723600335416	0.04191790847527787	0.19589578635964247	9.686574638209063E-4
404000	-4107.80888439995	-3955.9912922980393	-151.8175921019107	0.06726469210505277	0.0838551748806448	0.15618592013618998	0.0018562104926444093
405000	-4108.468227132379	-3957.7008945589832	-150.76733257339623	0.07010181553371958	0.09379770062028787	0.14255193201066804	0.00155825118660611
406000	-4107.341356972071	-3956.044710974082	-151.29664599798798	0.07946444026001173	0.09971264609683549	0.17401535579356797	0.0025340324042510075
407000	-4110.101070728184	-3956.7131023739507	-153.3879683542332	0.09348238406731285	0.11768459428965207	0.17854185469018866	0.002695151170423984
408000	-4108.127902308893	-3955.731769582683	-152.39613272621025	0.123525857522742	0.07518830937019555	0.19764310709366634	0.0025309914622122158
409000	-4112.037730402794	-3955.5106550404134	-156.52707536238088	0.03931083268009237	0.07192303385216976	0.1465718324606498	0.0016721877477547838
410000	-4111.297108405643	-3959.5301124917723	-151.76699591387052	0.1288925874973756	0.08727024359399943	0.18330055215797308	0.0013543897825675538
411000	-4107.598001152317	-3956.199753294238	-151.39824785807906	0.07468628845004399	0.09072586047147882	0.17160280820025603	0.0016118907389521273
412000	-4108.74992628587	-3956.211425641937	-152.53850064393322	0.09332176023319128	0.09377374284976193	0.19909663505850603	0.003850493291069029
413000	-4110.160420125994	-3954.3965125739737	-155.76390755202095	0.048908121776420684	0.10936126723164166	0.21186924008655553	0.0015345461121166522
414000	-4108.367945989487	-3954.8789902084327	-153.48895578105513	0.0673353364581877	0.10268077078378152	0.19776350626254308	0.0017756953953227575
415000	-4107.858490112369	-3957.2110372648613	-150.64745284750768	0.0930441439921575	0.0984026387205266	0.1639440146347263	0.0029637376780501427
416000	-4108.75221992057	-3954.5867328092945	-154.1654871112749	0.08593816705750447	0.06886655349015192	0.19708688666736207	0.001882001503433816
417000	-4107.840443048486	-3954.208414533876	-153.6320285146102	0.09557190783930085	0.0677648261455148	0.2140663223735274	0.0019926537631207533
418000	-4109.4166872706	-3959.138713342062	-150.27797392853776	0.07846630478909379	0.12554242276086597	0.1392256823718651	0.0017278093585628817
419000	-4110.174545076061	-3954.3858927599713	-155.7886523160896	0.05047936537652722	0.05578456546120993	0.15197346098320189	0.0014345487675513525
420000	-4108.025918756189	-3955.459126758995	-152.56679199719346	0.08241171474437714	0.12213085798908785	0.20273762570810425	0.0022229110362310847
421000	-4109.129896904765	-3956.1087297175704	-153.02116718719424	0.07643946065230468	0.14724584674583693	0.19555781370252417	0.0026347762727977936
422000	-4107.972455635379	-3956.5305441466217	-151.44191148875788	0.08901563690036593	0.0848835487338123	0.1674410281327623	0.0030045008262242897
423000	-4112.771208879332	-3962.701882482331	-150.0693263970011	0.10248734580380076	0.16025488011934938	0.1261029914188896	0.0024208653040020617
424000	-4109.273432095362	-3953.3580649116666	-155.91536718369565	0.07230830997012003	0.04480596307372151	0.18112051835940837	0.0019319577219075869
425000	-4113.586118236577	-3960.32886188608	-153.25725635049713	0.06690674772622816	0.07853731205784575	0.1920635010871229	4.633204102621081E-4
426000	-4108.4497814690885	-3957.02757225024	-151.42220921884822	0.09040542068371317	0.13553132461824674	0.17755703970687997	0.0023704419989965387
427000	-4108.507937536722	-3957.9451637686675	-150.56277376805468	0.11041156184903524	0.08033710665662933	0.16230542343773283	0.002183186266870674
428000	-4108.036514092658	-3955.871597987464	-152.16491610519358	0.12238300024350261	0.09015750351947081	0.19941516307910426	0.003632781181593507
429000	-4109.934590929115	-3953.398573307542	-156.53601762157356	0.07283154319740101	0.04126921219363242	0.17743012955127652	0.002169403861683039
430000	-4107.97460544795	-3955.69217155531	-152.2824338926404	0.05863492832132951	0.08874155024938589	0.15619713422743806	0.001892716176505975
431000	-4109.011728387477	-3955.3597655839776	-153.65196280349977	0.0951646428775114	0.07970206017437242	0.23290355808620405	0.0014381517774333605
432000	-4108.191433934421	-3955.4714636517565	-152.71997028266486	0.09392698479378037	0.06854739611371805	0.1790110098345282	0.002155284465416926
433000	-4108.785933825644	-3954.951075020076	-153.83485880556827	0.10804123940981405	0.08221810367373944	0.22096299363815408	0.003955740804362883
434000	-4107.619388489224	-3955.1863865008636	-152.43300198836025	0.09507162348850076	0.06828103654705367	0.18741260372408636	0.002060998113590928
435000	-4108.0056667001	-3957.492154201762	-150.51351249833775	0.08737038413249865	0.09658292941536273	0.15566014053507882	0.002852921684321463
436000	-4114.173968521777	-3955.022606994837	-159.15136152693972	0.05110945786038818	0.09856435302756374	0.2271503817772491	0.0020723723436855044
437000	-4109.980906401414	-3955.0769616528187	-154.90394474859605	0.05416160598535334	0.05598999556233239	0.14711947804149814	0.0019907935234020047
438000	-4110.300586284972	-3957.509929023603	-152.79065726136935	0.0964667420138884	0.05638122033909138	0.15157408076505544	0.0034193275515601845
439000	-4109.736129057926	-3955.0126367951057	-154.72349226281978	0.09718783931098478	0.06950341960881412	0.21324418917188132	0.0038470913835694626
440000	-4109.1518924117045	-3957.396620634518	-151.75527177718632	0.05727624362984015	0.1105361166356174	0.14844944361448495	0.0011361100066721082
441000	-4107.335132986956	-3955.7198617279655	-151.61527125898985	0.09627266017517094	0.08678329506358484	0.1843518188988772	0.0026302783016495285
442000	-4110.843422069397	-3957.891967169966	-152.9514548994308	0.06928321037873067	0.05749830555170068	0.12099039719205963	0.002090745449194688
443000	-4109.488560352777	-3955.039672633879	-154.44888771889805	0.07255952092667242	0.054068116011938054	0.1829107391441801	0.001266240314802549
444000	-4109.762177592708	-3953.38775213667	-156.37442545603807	0.08145112152152825	0.06713524189817091	0.23250932912882818	0.0018567019341736097
445000	-4110.492472880175	-3957.8772117217304	-152.61526115844518	0.08232722265501018	0.07193931652778054	0.19537981304873506	8.860520022366326E-4
446000	-4108.370043364402	-3955.919842998625	-152.4502003657771	0.0742233009315585	0.06282567932173344	0.1512636304702811	0.0019506084103256892
447000	-4112.515227766671	-3954.887598976699	-157.62762878997182	0.04214986331806419	0.09188497800889182	0.16023365667244827	0.0011807395154301281
448000	-4111.042200367279	-3956.070522260601	-154.97167810667807	0.0364463872587428	0.14273668887721572	0.1380476551467517	9.732625873484958E-4
449000	-4107.677278776845	-3954.1234596207014	-153.55381915614385	0.09981985007616226	0.07106624960210982	0.2168890520460066	0.0022474521162851005
450000	-4109.357485641201	-3955.714100109488	-153.6433855317126	0.08659599154690152	0.07698198424913397	0.22830758840248816	0.0012155731941680815
451000	-4109.707526703486	-3955.8056342045847	-153.90189249890133	0.157303613680513	0.07177555491718522	0.20722956559920536	0.003172218802117448
452000	-4110.137803431996	-3954.337228375498	-155.8005750564983	0.13093705760617144	0.08037829548716133	0.2371515828870683	0.0027235866729145735
453000	-4110.426186781544	-3956.270766118856	-154.15542066268748	0.0722118749658535	0.06019811118232473	0.16320133756619068	0.003091996661606715
454000	-4109.208149988127	-3955.105613775336	-154.10253621279105	0.06889619773205341	0.11978249985828243	0.23006957546114812	0.0014115055483796199
455000	-4110.03867846753	-3953.3449405363635	-156.6937379311663	0.06525350843685354	0.048493758302636296	0.18921346747871481	0.0022201533680508995
456000	-4109.658753013525	-3954.3241969510077	-155.33455606251712	0.05862570113420505	0.05962973591747151	0.17791714525502736	0.0013114258902104652
457000	-4111.665981646424	-3958.182941451516	-153.48304019490874	0.04786578725462543	0.15612761747747606	0.11864983133159496	0.0013827365909174932
458000	-4107.510377486095	-3956.330839033919	-151.17953845217653	0.09838231863224813	0.08318403160407613	0.17322978113508228	0.002584024505155539
459000	-4109.494187888082	-3953.6159825377886	-155.8782053502936	0.07884559933865436	0.07345196174275004	0.2235664191184248	0.0024434256250003674
460000	-4108.13665399294	-3956.2542046628887	-151.88244933005168	0.10323367721303674	0.08375972814827856	0.18568778192090046	0.0037159033084753325
461000	-4109.311917255241	-3957.8059598857117	-151.50595736952903	0.12306532114908907	0.07452818648783302	0.16382517333273847	0.0030005712599523744
462000	-4108.412491290398	-3956.0679804862834	-152.34451080411483	0.08164854848238566	0.10985551702123468	0.18988646653388483	0.003051522869572681
463000	-4108.805300397899	-3955.3915327524346	-153.413767645465	0.13629005822452228	0.09806470018291305	0.21967987838961786	0.003760399707362223
464000	-4111.303294147037	-3956.0652884494725	-155.23800569756474	0.0746272863543977	0.09729945477800739	0.17919533898419343	0.002870719257200676
465000	-4110.843430111332	-3958.6974292645136	-152.14600084681877	0.08244255119293649	0.08483462123556593	0.18606881640056214	8.756362416506453E-4
466000	-4108.6119037761055	-3955.615405409283	-152.99649836682255	0.05910078115208601	0.09395279602461604	0.16204843718833847	0.001609223629955802
467000	-4109.116417401721	-3956.596865682648	-152.51955171907358	0.0701551906515238	0.06095393101447528	0.14566264862935152	0.00144478755573879
468000	-4108.960454072561	-3954.389140653007	-154.57131341955443	0.11380238559578662	0.0742494616094434	0.22499621602265882	0.002309099623931562
469000	-4110.070552009597	-3958.1069832285966	-151.9635687810009	0.05752305111310239	0.07862943272750206	0.12047149699547369	0.0013168136069759172
470000	-4108.624256632372	-3957.2633627553423	-151.36089387702964	0.1349065497230239	0.0953356574396046	0.1863331490916723	0.003036954463188158
471000	-4110.202837502499	-3959.320391766244	-150.882445736255	0.12319280111441279	0.08007948799842142	0.1519432772750511	0.0025346104340124276
472000	-4109.721245615328	-3956.7378940194776	-152.98335159585085	0.12677543615977901	0.09962237669685015	0.19063335462861591	0.003610388178040186
473000	-4107.655055116183	-3955.2124701851144	-152.44258493106855	0.06724626431209503	0.07659112235038629	0.16660240934258605	0.00207354993028176
474000	-4107.759391386587	-3954.0173848614504	-153.7420065251364	0.08657756061260535	0.06289377601512236	0.2007163674741526	0.0020559568998836956
475000	-4109.599578301195	-3957.4822883201655	-152.1172899810298	0.09837650492078046	0.12602298872894843	0.173440483625035	0.002427351365768957
476000	-4108.382662098257	-3955.194324780121	-153.18833731813655	0.08330445979531141	0.06498639796750298	0.1835378701313323	0.001667934369455905
477000	-4110.544525220802	-3955.8643949517427	-154.68013026905905	0.05417184488522754	0.08069242045663658	0.20928945220550618	8.194722656953909E-4
478000	-4109.05858800944	-3956.416332591822	-152.642255417618	0.08039648362616353	0.08173286119670758	0.17764407154915435	0.003367021807492014
479000	-4110.011816864413	-3954.582526141935	-155.4292907224779	0.04003030691458153	0.1085637262364684	0.18721148614360264	0.0010539208422618211
480000	-4108.8115430241	-3956.2262249973046	-152.5853180267946	0.08567234731213709	0.09439725758720534	0.174025693605543	0.0028413206139683883
481000	-4109.694742651011	-3957.1346922630532	-152.5600503879582	0.05089325044774223	0.10134904395901656	0.135616551892457	0.0020482890903749515
482000	-4113.312664758207	-3955.5419745858053	-157.77069017240137	0.06065741205179778	0.11312585138503008	0.1817583033888684	0.0021644480011387625
483000	-4107.886705555678	-3955.5936590001056	-152.29304655557246	0.06486814034439173	0.08463082858180443	0.1629376524868668	0.0021423123069454525
484000	-4110.1454272455285	-3956.9340732268174	-153.21135401871112	0.11715129998078248	0.0631093802497877	0.2089367283608238	0.0012980435606049002
485000	-4108.989152255718	-3955.1352328515704	-153.8539194041479	0.12730899241903937	0.0915726376587989	0.21901349541275197	0.0038363320978885675
486000	-4109.145750771477	-3953.96488516065	-155.18086561082708	0.12385045257045406	0.08152123774453127	0.2578020469334604	0.0023948258484216044
487000	-4110.048662583211	-3958.1539718733725	-151.89469070983864	0.08501810873293279	0.0859816728991977	0.14267403179711355	0.0028318424815830783
488000	-4110.008874016735	-3957.495018220634	-152.5138557961009	0.11421374206356533	0.1480791157629043	0.20046018412804364	0.004439567985442876
489000	-4110.952104862352	-3954.647682084369	-156.30442277798284	0.07533423870918272	0.10885327298698533	0.22135590907102035	0.0019100962657601233
490000	-4109.802828916012	-3952.570573748459	-157.23225516755255	0.10134009816065162	0.042173370595277045	0.21993904731385114	0.0024349894300630614
491000	-4108.782772260687	-3956.5577175186772	-152.22505474200992	0.10012665566841196	0.1196166447194808	0.195200474013608	0.002129039026198212
492000	-4109.108152430672	-3957.826870588252	-151.28128184241984	0.061857786808711436	0.09432364955975726	0.12882048163892382	0.0016455255218491688
493000	-4107.947705063337	-3956.24923107251	-151.69847399082636	0.09863293349168832	0.08682881467297851	0.18274043512290108	0.00348758762854496
494000	-4108.135713371501	-3956.2873078132143	-151.848405558287	0.09336810528235978	0.07768697006499822	0.17484995908867662	0.0033684110182707876
495000	-4113.342823904492	-3954.4060863218897	-158.93673758260277	0.03760536235038757	0.09926100188993134	0.22954087591045272	8.22829638180974E-4
496000	-4114.42426153643	-3957.320530340149	-157.10373119628088	0.05087002925483616	0.11587735209643835	0.1400911819702997	0.0010806100364112075
497000	-4108.624100377387	-3954.347378987157	-154.27672139022997	0.053689044413317406	0.08934816459358545	0.19588424401982005	0.0017732146449422686
498000	-4111.588347839636	-3955.8264308301027	-155.7619170095338	0.03207343442693868	0.12421752960568874	0.12675620623866327	0.0010020777585396973
499000	-4112.686590018401	-3957.6913934610343	-154.99519655736728	0.09812842500135101	0.037267513058666206	0.13763980453093347	0.0016036285557452807
500000	-4111.959439050655	-3958.960711546892	-152.9987275037635	0.08180065450849014	0.07968048595765022	0.12999036460504743	0.002711656810480699
