#
#model:
#
#<?xml version="1.0" encoding="UTF-8" standalone="no"?><input id="posterior" spec="beast.core.util.CompoundDistribution">
#    <distribution id="prior" spec="beast.core.util.CompoundDistribution">
#        <prior id="lambdaPrior.bfd" name="distribution">
#            <parameter id="lambda" lower="0.0" name="x" spec="beast.core.parameter.RealParameter">0.01</parameter>
#            <Gamma id="Gamma.0" name="distr">
#                <parameter estimate="false" id="RealParameter.1" name="alpha" spec="beast.core.parameter.RealParameter">2.0</parameter>
#                <parameter estimate="false" id="RealParameter.2" name="beta" spec="beast.core.parameter.RealParameter">200.0</parameter>
#            </Gamma>
#        </prior>
#        <distribution id="snapprior.bfd" lambda="@lambda" spec="snap.likelihood.SnAPPrior">
#            <parameter estimate="false" id="alpha" lower="0.0" name="alpha" spec="beast.core.parameter.RealParameter">11.75</parameter>
#            <parameter estimate="false" id="beta" lower="0.0" name="beta" spec="beast.core.parameter.RealParameter">109.73</parameter>
#            <parameter estimate="false" id="kappa" lower="0.0" name="kappa" spec="beast.core.parameter.RealParameter">1.0</parameter>
#            <parameter id="coalescenceRate" name="coalescenceRate" spec="beast.core.parameter.RealParameter">10.0</parameter>
#            <tree clusterType="upgma" id="Tree.bfd" nodetype="snap.NodeData" spec="beast.util.ClusterTree">
#                <taxa dataType="integerdata" id="snap.bfd" spec="snap.Data">
#                    <taxonset id="ant" spec="beast.evolution.alignment.TaxonSet">
#                        <taxon id="Carpish_B72761.Huanuco.Acomayo" spec="beast.evolution.alignment.Taxon"/>
#                        <taxon id="Carpish_B72772.Huanuco.Mitotambo" spec="beast.evolution.alignment.Taxon"/>
#                        <taxon id="Amotape_B67243.Tumbes.Amotape" spec="beast.evolution.alignment.Taxon"/>
#                        <taxon id="Amotape_B67257.Tumbes.Amotape" spec="beast.evolution.alignment.Taxon"/>
#                        <taxon id="Quichas_B72777.Lima.Quichas" spec="beast.evolution.alignment.Taxon"/>
#                        <taxon id="Quichas_B72778.Lima.Quichas" spec="beast.evolution.alignment.Taxon"/>
#                        <taxon id="Canchaque_B72873.Piura.Canchaque" spec="beast.evolution.alignment.Taxon"/>
#                        <taxon id="Canchaque_B72878.Piura.Canchaque" spec="beast.evolution.alignment.Taxon"/>
#                        <taxon id="Huamatanga_B72889.Lima.Huamatanga" spec="beast.evolution.alignment.Taxon"/>
#                        <taxon id="Huamatanga_B72892.Lima.Huamatanga" spec="beast.evolution.alignment.Taxon"/>
#                        <taxon id="LaQuinua_B72753.Pasco.LaQuinua" spec="beast.evolution.alignment.Taxon"/>
#                        <taxon id="LaQuinua_B72756.Pasco.LaQuinua" spec="beast.evolution.alignment.Taxon"/>
#                    </taxonset>
#                    <taxonset id="cur" spec="beast.evolution.alignment.TaxonSet">
#                        <taxon id="curtata_cra.cur.B6032" spec="beast.evolution.alignment.Taxon"/>
#                        <taxon id="curtata_cra.cur.B8175" spec="beast.evolution.alignment.Taxon"/>
#                    </taxonset>
#                </taxa>
#                <parameter id="RealParameter.0" lower="0.0" name="clock.rate" spec="beast.core.parameter.RealParameter" upper="0.0">1.0</parameter>
#            </tree>
#        </distribution>
#    </distribution>
#    <distribution id="likelihood" spec="beast.core.util.CompoundDistribution">
#        <distribution data="@snap.bfd" id="treeLikelihood.bfd" non-polymorphic="false" pattern="coalescenceRate" spec="snap.likelihood.SnAPTreeLikelihood" tree="@Tree.bfd">
#            <siteModel id="MutationSiteModel.bfd" spec="beast.evolution.sitemodel.SiteModel">
#                <parameter estimate="false" id="mutationRate" name="mutationRate" spec="beast.core.parameter.RealParameter">1.0</parameter>
#                <parameter estimate="false" id="shape" name="shape" spec="beast.core.parameter.RealParameter">2.0</parameter>
#                <parameter estimate="false" id="proportionInvariant" name="proportionInvariant" spec="beast.core.parameter.RealParameter">0.0</parameter>
#                <substModel coalescenceRate="@coalescenceRate" id="MutationModel" spec="snap.likelihood.SnapSubstitutionModel">
#                    <parameter estimate="false" id="u" lower="0.0" name="mutationRateU" spec="beast.core.parameter.RealParameter">1.0</parameter>
#                    <parameter id="v" lower="0.0" name="mutationRateV" spec="beast.core.parameter.RealParameter">1.0</parameter>
#                </substModel>
#            </siteModel>
#        </distribution>
#    </distribution>
#</input>
#
Sample	posterior	likelihood	prior	theta0	theta1	theta2	TreeHeightLogger
0	-1369.8831022232632	-1218.9721502437385	-150.91095197952475	0.12561016027639013	0.06659473897671822	0.10927149515726259	0.0024237218974242692
1000	-1371.5480232251787	-1216.602735691799	-154.94528753337985	0.09856557173377256	0.04075978274825978	0.15553645536986566	0.00242371768365559
2000	-1372.5896081899743	-1218.487814486955	-154.10179370301935	0.11108866305946165	0.09251527935375996	0.1297730025955351	0.005404013575107394
3000	-1369.1730195378252	-1219.3369935880041	-149.8360259498211	0.08028330780674689	0.10809231453078391	0.11507379913262049	0.0020791911080547806
4000	-1371.7987571585759	-1221.556686672038	-150.24207048653773	0.1333362751791442	0.07304344987007859	0.16410979894229624	4.951661375945035E-4
5000	-1373.3205781613278	-1218.4919040296372	-154.8286741316905	0.04909729692835725	0.06207198686664249	0.14506852775142096	0.0017678555371674987
6000	-1369.260841362233	-1217.9749612567648	-151.28588010546818	0.10715906185978481	0.08109663581414416	0.13927522300540063	0.003813143843065774
7000	-1370.1946906844494	-1218.1258489615798	-152.06884172286965	0.10172045943971372	0.05784745169467848	0.1373779958343552	0.001957759750173668
8000	-1371.4887218838821	-1219.6870688043737	-151.80165307950844	0.11093540816432035	0.07762712735032806	0.08939924959387396	0.0064458251592635
9000	-1372.8409863293145	-1220.7814871857581	-152.0594991435564	0.1181095764491011	0.10742737493781267	0.11505999607849367	0.001337076741438384
10000	-1373.8841491736318	-1222.8748931135688	-151.00925606006314	0.16875510797410334	0.09717964400696347	0.12546449630033424	1.6283188524354944E-4
11000	-1369.8386116184258	-1218.627884396381	-151.21072722204488	0.09560550378341347	0.07342551195259611	0.09954030609303594	0.0035616142029303377
12000	-1372.7198662903174	-1220.4436768548385	-152.27618943547893	0.15862779112679923	0.17430057456969128	0.13883441952760966	0.002727536708582509
13000	-1369.2033153549053	-1219.1795019283988	-150.02381342650634	0.13747467329084986	0.09561214372768002	0.13564469166562834	0.0025898994160776503
14000	-1370.047161084731	-1219.2734877502612	-150.77367333446972	0.16638516000173093	0.11163481558492334	0.15493504069856048	0.002905429838439872
15000	-1373.6261780707703	-1218.3036525040102	-155.32252556676013	0.10498596862433138	0.06791551395646243	0.11625484979236696	0.005687943387606886
16000	-1370.6583245849542	-1218.8331270665497	-151.82519751840468	0.06356434618024005	0.07461052052729085	0.10429958386948492	0.0017098760440919815
17000	-1370.9027903072067	-1219.4721934827166	-151.43059682449004	0.07278546755477788	0.1004448703893103	0.09189822138536934	0.002725496780972208
18000	-1369.9031148133479	-1220.2050291867833	-149.69808562656453	0.11827298373428596	0.1136870243047648	0.11229439746715177	0.0020574298506871647
19000	-1370.6616791761094	-1218.0640465940733	-152.59763258203606	0.08816815249280244	0.057740480088875085	0.09987248771964836	0.003016985329855599
20000	-1369.619635377031	-1218.7025059199416	-150.91712945708952	0.1106081050531088	0.07072932443323944	0.11132832098832089	0.0025553250477532486
21000	-1371.3744533121262	-1219.3057273060836	-152.06872600604257	0.10281132828865999	0.13838497159012733	0.1313989914898487	0.004384595523147499
22000	-1369.693217718155	-1217.3588942631227	-152.33432345503223	0.11801170854871082	0.07149998349504574	0.17216354572269793	0.004758643599765315
23000	-1369.5389701811873	-1218.6908688012743	-150.84810137991295	0.07340156514434856	0.08356591804954204	0.11382883185619282	0.002387411070068896
24000	-1369.70298196896	-1219.2463164448716	-150.45666552408863	0.10775097705925185	0.10153612399826395	0.10599854136636185	0.005274479455828206
25000	-1370.451864308401	-1221.6425340821283	-148.80933022627252	0.11278220383015897	0.11774280092199141	0.15745178683757835	5.729045708833673E-4
26000	-1370.1335773377564	-1217.6064584930875	-152.52711884466873	0.08959047360644923	0.06345000953382345	0.14317775449515754	0.003706002679250754
27000	-1370.215074739454	-1220.1076961943036	-150.10737854515034	0.11101570597555814	0.0883233177315879	0.09925213512689803	0.0019381995528250048
28000	-1372.4564084932022	-1221.3582818522418	-151.09812664096037	0.06821921434742254	0.11109307213716113	0.08122093938404895	7.579237073349213E-4
29000	-1368.7713621291507	-1218.726781937954	-150.0445801911968	0.09321838095920808	0.10098874592922942	0.1473987560551432	0.0026156199777476272
30000	-1369.841992948967	-1219.011642763483	-150.83035018548378	0.10920030528253612	0.07781345134863164	0.10315323737266528	0.0028424473408713135
31000	-1371.5364837086988	-1219.9825041123381	-151.55397959636068	0.12280641181161689	0.08305481313722171	0.09593639784303151	0.008480493700311011
32000	-1371.3173115626053	-1220.1182610606952	-151.19905050191	0.0649573160285649	0.08635680189489	0.09550848582207795	0.0010226450405404596
33000	-1370.3077231362565	-1217.3015163728064	-153.00620676345017	0.14725376837368992	0.06663855278467379	0.13885692155414986	0.004955437476112282
34000	-1371.8218450290733	-1220.0550916855555	-151.76675334351788	0.06984042199900532	0.14602652593427234	0.1555405700024492	0.003331481029718504
35000	-1368.8154099573871	-1218.3785411847964	-150.43686877259066	0.11628674383839759	0.0850469775264128	0.13816009459019682	0.002980122922482864
36000	-1373.2729526862802	-1218.6515974633778	-154.62135522290242	0.09992798578591613	0.046405078984065755	0.10193930898978737	0.0016350790029651503
37000	-1370.2851117994828	-1218.9642220960768	-151.3208897034061	0.07905477996946135	0.08048316958771703	0.14714129095605694	0.0015597602020059817
38000	-1373.3395990575862	-1220.1948398378083	-153.1447592197779	0.2201599231620937	0.12349230307486549	0.12923853146740988	0.003866505140614468
39000	-1371.5815275979435	-1218.7024523626596	-152.87907523528372	0.11503874423573672	0.06640075097408098	0.12614017336915542	0.007609527818410524
40000	-1370.127887333617	-1219.7325687578807	-150.39531857573633	0.1303557980463893	0.10938543464043479	0.10522578379410417	0.003689574605213474
41000	-1372.035686176205	-1219.4841479811555	-152.5515381950495	0.06340101053409587	0.08080300272605927	0.09007111150508684	0.0033919236272689107
42000	-1369.7711004862817	-1219.7045548006895	-150.0665456855922	0.10362220525328694	0.1456067697647354	0.11296618252970804	0.003796483387279521
43000	-1377.2681913110487	-1216.7209477317358	-160.54724357931295	0.08235117782122786	0.03160922813775953	0.20144140752032907	0.003732825860666599
44000	-1369.6889870198765	-1219.1628785388143	-150.52610848106215	0.12983062343799376	0.12070621879057764	0.12662734955281627	0.003857739046058291
45000	-1373.142915721067	-1219.505503746268	-153.63741197479916	0.05856539314933653	0.09431964828054504	0.0934399770084559	0.002748609818469287
46000	-1373.438200797086	-1218.9883783384557	-154.4498224586302	0.0741253888753307	0.06173089284869325	0.10067460050973596	0.004526275487349179
47000	-1372.6775744838699	-1221.435970797365	-151.24160368650493	0.07158126225126044	0.11821386769717104	0.12908487082429157	4.930322617879043E-4
48000	-1371.6244852455206	-1218.728743604343	-152.89574164117755	0.1709262466137321	0.14060469638411097	0.1459216588165745	0.009046798510524433
49000	-1369.9470373560298	-1219.6549805940183	-150.29205676201155	0.11422423321935395	0.10884305185739995	0.09827000838078045	0.0049309373236153834
50000	-1373.194235213232	-1217.4834682210521	-155.71076699217997	0.17763824045841897	0.07945274048705087	0.185084168710681	0.0040023180377459795
51000	-1368.9252649050557	-1218.2219201814821	-150.70334472357348	0.12163625906771014	0.08508849301778965	0.16038547543485254	0.002907761664548468
52000	-1369.9129364809712	-1219.448993690246	-150.46394279072518	0.08824823693537898	0.07979638144021016	0.15141665358131373	0.0012922730688813518
53000	-1370.134105415943	-1217.7990744631968	-152.3350309527461	0.11302495324259632	0.0710173843502297	0.12896295735202065	0.005018644085191054
54000	-1371.2922301271092	-1218.638919379581	-152.65331074752825	0.1565371942708349	0.08306167704998764	0.1133849483009994	0.005506056371321566
55000	-1375.898349094693	-1217.9510514682734	-157.94729762641967	0.12201518748732013	0.029848211319767674	0.10610602779344201	0.0054337893704750765
56000	-1371.9263171927134	-1216.4856484003142	-155.44066879239932	0.10753370402380852	0.03925804409301773	0.12945954453530387	0.003137381389618824
57000	-1371.1723611072148	-1217.361465328984	-153.8108957782309	0.12567139944067887	0.0498104410819776	0.12465199443294131	0.002989746754620466
58000	-1378.3715350641692	-1219.1239014375415	-159.24763362662782	0.11463829972641287	0.0401347663419777	0.07525333602603006	0.0037448904487731
59000	-1370.8311668050014	-1220.0038852920625	-150.827281512939	0.09293579636955546	0.12985622340853836	0.1349254501230859	0.005740435471297702
60000	-1370.1836133907586	-1219.3168232045514	-150.8667901862072	0.07498584499943803	0.10642268938419747	0.10328974649292201	0.0029642375772719297
61000	-1369.5165369326562	-1219.180514937923	-150.33602199473324	0.07972341435982046	0.08782444997293506	0.11957204427609115	0.0017130460078038175
62000	-1369.0099885538962	-1219.259816885992	-149.7501716679042	0.12115941277460597	0.08006604122081436	0.12082508057145414	0.0021365071928410996
63000	-1369.1119766469908	-1217.8316914100928	-151.28028523689792	0.12908026402810885	0.07228704745006237	0.12426688492484612	0.004998134398788827
64000	-1371.6548707983004	-1219.3573059973435	-152.29756480095685	0.0641651350342964	0.07831659077210261	0.0821405142588214	0.001915870821743647
65000	-1377.6224132326176	-1218.8588172670084	-158.7635959656093	0.08013346503204026	0.03258393986400337	0.09254683622050378	0.005161685010720947
66000	-1371.3926827569856	-1219.0072909409032	-152.38539181608226	0.09075203332022042	0.1079298687574355	0.14892279115022064	0.002263735235474939
67000	-1369.0940027487086	-1217.9675441882425	-151.12645856046598	0.14984817196786293	0.09931556025992204	0.15260167059852645	0.0052962079533357895
68000	-1371.0537810523658	-1218.6056657372883	-152.44811531507747	0.18565965757878203	0.12621168270848626	0.13713955443140383	0.007936360367376102
69000	-1369.5761493307616	-1219.16133825707	-150.41481107369165	0.10256214251352819	0.08330793470272534	0.13873764261828875	0.0017679951859437448
70000	-1369.5351208562126	-1219.8400709445411	-149.69504991167148	0.10753145296640033	0.09072486310981309	0.15646357135904185	0.001338200120490178
71000	-1369.2823386402508	-1218.8531710416105	-150.42916759864033	0.08509097462340216	0.07537549257404534	0.12545007889643608	0.0017614549549109307
72000	-1371.6034011702855	-1218.971365140691	-152.63203602959453	0.10663871279591614	0.06580001491570951	0.1008419236724358	0.006422548384544652
73000	-1371.9751725544293	-1222.4644530621451	-149.5107194922841	0.08047337304336495	0.15991870460547486	0.12522370511859	2.352600982398896E-4
74000	-1369.9269703931207	-1217.681108498855	-152.24586189426563	0.0831263306856361	0.06296021869952759	0.13905213418241008	0.0032235087515563067
75000	-1372.4535967464917	-1219.15887099609	-153.29472575040182	0.11434638309740927	0.10824654648516538	0.11182203509592023	0.004118635940959472
76000	-1372.8930065070215	-1220.2448147912846	-152.6481917157368	0.12856563262885295	0.10714444667736726	0.09400258437608941	0.0036690315066285487
77000	-1371.7863142826861	-1221.8907186922722	-149.89559559041382	0.13566123228957233	0.0821153961233869	0.12027122124467142	5.433669637231349E-4
78000	-1369.4903440536227	-1219.4613753665521	-150.02896868707052	0.08275862627293401	0.0920358568454721	0.09931035786184764	0.0020358605095128213
79000	-1373.7143120743754	-1218.769706394874	-154.94460567950125	0.0537445338180697	0.06944777986722721	0.13115144862914804	0.002406063769892994
80000	-1368.7071193931347	-1218.629534919968	-150.07758447316675	0.10798460102904792	0.11113226033231625	0.15081807112994455	0.0035996343086546977
81000	-1369.5894151718	-1217.7997637092647	-151.78965146253543	0.11173233120309092	0.06917953741634127	0.12953995329891108	0.0034233366178138313
82000	-1369.126451513234	-1218.9066596567527	-150.21979185648144	0.1082369680648992	0.11201637866429527	0.12833824922643366	0.004976065076258993
83000	-1369.4207524750555	-1219.215327370368	-150.2054251046875	0.10614870492886072	0.10200873621284923	0.10939800677684264	0.0054608084485778825
84000	-1372.715940129773	-1218.962165522559	-153.753774607214	0.0841074311310351	0.05357193761701434	0.12205102749994387	0.0012314994632123073
85000	-1372.5453953791098	-1223.0768114915509	-149.4685838875589	0.10520747071906852	0.09290776857420732	0.07470194885835413	2.4384700289684872E-4
86000	-1370.4756377760127	-1218.7444469794873	-151.73119079652534	0.12808966055326174	0.08784391016314046	0.10983500056033645	0.00512644662230848
87000	-1371.0969875708086	-1218.5641803622148	-152.53280720859377	0.09727433527820316	0.06258461386431576	0.10937167171056607	0.005725588944761462
88000	-1369.2202114584595	-1218.7949140145313	-150.4252974439283	0.13594201692574753	0.09598678620463263	0.11887525216582359	0.004292630251340135
89000	-1372.4932601628248	-1221.8248995863512	-150.66836057647362	0.06761829486815094	0.12009478933127458	0.10944459982758506	3.9159525967823617E-4
90000	-1373.9054843255005	-1219.369265956756	-154.5362183687446	0.05051279935661942	0.10741481313372904	0.13943237860557214	0.0013196734952247487
91000	-1369.3194912809365	-1218.2644538699199	-151.0550374110166	0.09893794682039879	0.06575387684421463	0.11234726131785862	0.0026552425493386674
92000	-1368.8722803485875	-1218.8810642336402	-149.9912161149472	0.10499724077573278	0.11200191846973977	0.16054664099594806	0.0026714315914443875
93000	-1371.229720068891	-1219.6786603078167	-151.5510597610744	0.11184296269329122	0.11483826416553979	0.1193022113814635	0.0023855526555192435
94000	-1372.8738795569557	-1220.6117226498282	-152.26215690712743	0.08862175607493808	0.10995003980541347	0.17620397706945756	0.006143268823031899
95000	-1370.5577622050257	-1219.2462003011692	-151.31156190385659	0.08981301188914013	0.09386409354929662	0.14491085086907887	0.005335768237760206
96000	-1372.48939905828	-1217.6009983119695	-154.88840074631042	0.06370732095055001	0.04983168747800232	0.11539140320103904	0.0022907781399373398
97000	-1372.6363997189135	-1219.7217388896643	-152.91466082924913	0.050048019879250095	0.15479302482763857	0.12131193868700922	0.0014760550876291615
98000	-1372.8100339248108	-1219.686521757782	-153.12351216702876	0.14424810044220884	0.11002518502772184	0.18966158356201343	0.0018970205481775302
99000	-1369.8435592655928	-1218.375165914611	-151.46839335098184	0.07336493804864053	0.07043224709288806	0.11757429072337405	0.0021307440168448727
100000	-1372.3350095949786	-1223.1031526978436	-149.23185689713506	0.08659498263554737	0.0850640245176041	0.09059058001133534	8.77224603212797E-5
101000	-1371.5887087250187	-1218.2200578552079	-153.36865086981086	0.07264482362608542	0.05438410531159718	0.09495670721769867	0.0021107445141226714
102000	-1370.7400260238207	-1220.3935220261255	-150.3465039976952	0.08143443692964944	0.09052875384728126	0.08517009017616507	0.001452313164349138
103000	-1370.5915867407255	-1219.977930435397	-150.61365630532848	0.09120080444546372	0.16008961187955636	0.10718670345065918	0.003578715463840101
104000	-1370.8566163367834	-1217.3232804732093	-153.53333586357414	0.14945805940167675	0.05521722620973043	0.12419707925590776	0.004897925669501494
105000	-1374.9388228927294	-1216.5201964699354	-158.41862642279398	0.1013968967674905	0.03019888543425274	0.16046184010700867	0.004650531668024353
106000	-1370.3723477025176	-1219.5601715427179	-150.81217615979972	0.09768790431659027	0.10311616660545445	0.13978754767757617	0.00168630897583598
107000	-1369.5840805366613	-1217.9246679100554	-151.6594126266058	0.09799544814624878	0.07689511696660144	0.14538166531938793	0.0032909717831735505
108000	-1371.3839708406085	-1218.0510067967034	-153.33296404390504	0.13837672151412406	0.06446180686867564	0.11995529356667518	0.0035120250763055133
109000	-1371.473915584887	-1220.9733201850977	-150.50059539978935	0.12553651622325074	0.10163076919128344	0.08057896987725302	0.003907363956716257
110000	-1370.2919133466046	-1220.1909177142913	-150.10099563231333	0.14880202808794477	0.08973486225935891	0.15277226880629532	0.0014293925886176028
111000	-1370.696447005067	-1219.8249424613266	-150.8715045437405	0.07084158064667612	0.07872126355016765	0.10770044453295831	0.001089428160846814
112000	-1374.7793674018335	-1216.667598374115	-158.11176902771857	0.19582720516758362	0.041415094383054185	0.15516034870032624	0.006847097668072431
113000	-1370.2684444857687	-1218.2157929088178	-152.05265157695084	0.13765501405986738	0.11294588835871916	0.17276441452144387	0.0059563847316973185
114000	-1374.153017841304	-1218.3299886130994	-155.82302922820466	0.07940137851925	0.06886766591810674	0.2097169788255046	0.0022585018565627786
115000	-1373.484334686683	-1215.8030142169196	-157.68132046976342	0.09748363961433275	0.029829384316393592	0.14201621044958887	0.0030559114099433784
116000	-1369.8016788186744	-1217.5827032714762	-152.21897554719826	0.09195010767093366	0.060596367490095296	0.15265075991072258	0.0025235860304485607
117000	-1370.2040669651183	-1217.9938115044702	-152.21025546064823	0.12189302654181133	0.08320473601972887	0.14291067295536147	0.0059731225054168585
118000	-1369.5749785931519	-1218.8963289091719	-150.6786496839799	0.11930167242082969	0.1364677325522883	0.1657771933475659	0.003901975605947551
119000	-1372.0929584978865	-1218.1553813590904	-153.93757713879614	0.18801952642558364	0.0740666024590328	0.12827979868717743	0.004907861677279647
120000	-1370.1792450974515	-1217.5590768012419	-152.62016829620964	0.16046435842516513	0.06648015288749529	0.1286096076379715	0.005910959827498895
121000	-1369.0131687933826	-1218.7325088344617	-150.28065995892086	0.1318545526236397	0.0838169159526153	0.1376388312308844	0.0026397364564716454
122000	-1372.9174984176962	-1218.7132087968207	-154.2042896208755	0.05195667250789755	0.06617682613186986	0.09168637800275867	0.0016707128511392277
123000	-1371.2026349878936	-1220.8039832201564	-150.3986517677371	0.13705251169833355	0.16516272549262942	0.11024578151473508	0.002812412197355977
124000	-1369.6850378305298	-1220.0916001024957	-149.5934377280341	0.09969220342286211	0.14207745946520606	0.14974493893674157	0.001584658178545432
125000	-1368.9778371757736	-1218.1948897364148	-150.78294743935882	0.10913421470771259	0.07374317845193135	0.13801497905551563	0.0026223288078335723
126000	-1371.5420496429012	-1221.3635607271324	-150.1784889157688	0.11801213804050391	0.07203684283674124	0.11323582819071512	6.857961318740065E-4
127000	-1370.4179574479936	-1217.0850017668358	-153.3329556811578	0.10070352634032344	0.05289316184613118	0.1350378528643238	0.004084119495905241
128000	-1369.438563509392	-1218.8245728355166	-150.61399067387543	0.11585576049121449	0.10387791754130468	0.13353336869099022	0.006318144262684562
129000	-1370.2902819091762	-1220.34504852808	-149.9452333810962	0.08242027687680473	0.14458066414698817	0.11847139506563648	0.0013611691675964456
130000	-1370.916631198647	-1219.8134565072125	-151.1031746914346	0.08336358103673139	0.08782795616935565	0.10152345760273312	0.0015161268061208441
131000	-1370.548291390792	-1219.0042891347427	-151.54400225604917	0.1141379223212465	0.12122696183014207	0.12959987299424783	0.005165441004197569
132000	-1373.3762210586347	-1218.6925029429667	-154.683718115668	0.09747600884301547	0.0852203152675095	0.2423459721489682	0.0028207538022485875
133000	-1374.973236405067	-1223.5230218558554	-151.4502145492116	0.11336164983898031	0.19087047908316582	0.06795008870441498	1.8881269144817715E-4
134000	-1370.6780417912018	-1221.029910232031	-149.64813155917085	0.08688889195059983	0.08046395676447975	0.10093109634982983	7.716888271677428E-4
135000	-1371.2776985777014	-1218.703010897053	-152.5746876806483	0.1184256300199941	0.0642747537202791	0.09593399587316079	0.005340959042873441
136000	-1370.6199442681634	-1219.1218718532982	-151.49807241486522	0.09988519605827566	0.06555625291489696	0.09240544116278408	0.0023832515883623374
137000	-1372.4292191445513	-1220.744946376702	-151.6842727678492	0.13990945011728861	0.06368276707783117	0.08605003328123345	0.0017933420164152761
138000	-1368.9982820249782	-1218.6818782327607	-150.31640379221736	0.11993439155144743	0.09525859361986558	0.11689211657836897	0.0049304258957857516
139000	-1371.7941748554006	-1219.3433583802507	-152.4508164751499	0.1094166186988218	0.11771914656649576	0.16784564428690577	0.006426379282003938
140000	-1369.014221459241	-1218.0954774922093	-150.91874396703167	0.10303486619678948	0.07468123461900138	0.1260986999719521	0.003172688103049269
141000	-1368.8778997081251	-1218.5611896442479	-150.31671006387728	0.11112113439123102	0.08989140030035614	0.15256991504145156	0.002565069119372561
142000	-1372.0105849705808	-1220.6663758579114	-151.34420911266935	0.08292218312059237	0.11594420668150396	0.08443149509585106	0.005085011216035163
143000	-1371.4302716647667	-1219.8582562125212	-151.57201545224544	0.11050227460764966	0.05609801385295369	0.1320197535237233	0.0010112078117868832
144000	-1369.5662272850338	-1217.9822092924762	-151.58401799255756	0.09906022565435942	0.06352891007357177	0.12006759681128709	0.0027022529878568038
145000	-1370.5586574592592	-1218.5103798976602	-152.04827756159895	0.17125294829523732	0.11746611200084787	0.13883873452120749	0.006414630736958594
146000	-1368.6841426534277	-1218.9461041596833	-149.73803849374448	0.1117924269839306	0.1153168974617503	0.13825950227017805	0.0031507308817409364
147000	-1371.22400511503	-1218.8991517703207	-152.32485334470925	0.17428490513047395	0.06833884478005989	0.13566347078947943	0.0024628318887401452
148000	-1371.8785441009359	-1221.0817574399912	-150.79678666094478	0.10670255490771376	0.11166716676999447	0.08191978745485548	0.002244864649258414
149000	-1370.5831057996443	-1221.503841171007	-149.0792646286372	0.14541396604274065	0.13270487211829668	0.14127172718108655	9.492503785953105E-4
150000	-1370.7777092282336	-1218.392950102041	-152.38475912619268	0.07762104771870489	0.06968364295122581	0.10876120027070281	0.002393792154597928
151000	-1371.4247411948234	-1219.924895147569	-151.49984604725438	0.13723087336737	0.09763618538740226	0.12050479061058454	0.011042898359908973
152000	-1369.160456057119	-1218.4059986957282	-150.75445736139088	0.1194513883445633	0.06991632401108742	0.11299471989798239	0.0031644116071017606
153000	-1369.2419879044	-1217.940792539027	-151.30119536537308	0.15060693895210464	0.10244408031265123	0.1589024002708543	0.005474315549587339
154000	-1370.0520495685362	-1220.8704910709437	-149.18155849759248	0.08844207649464529	0.11048289268800995	0.10684545798048765	0.001009673355527196
155000	-1369.41091636175	-1220.0124103618361	-149.3985059999137	0.1252557907886039	0.08990704262328839	0.12221206153619564	0.0016917004290320924
156000	-1371.8780742761282	-1219.3321613230705	-152.54591295305764	0.1371548303422363	0.06916307000115628	0.09550667356920572	0.0034822563655886574
157000	-1371.1278946299221	-1218.1574148149011	-152.970479815021	0.08416889351242732	0.06280869587668468	0.15056885658887678	0.004509420068072967
158000	-1371.0741751192866	-1219.2389883891244	-151.83518673016223	0.07570737666966004	0.1173636050580597	0.16923482220557945	0.002016873838191193
159000	-1372.053006498832	-1218.406029776618	-153.6469767222141	0.11603095312496901	0.09294994355609812	0.16104155289096125	0.002896606137385568
160000	-1371.464205092104	-1219.8616007967557	-151.60260429534827	0.1341115471521655	0.15762102865655597	0.12857650802833387	0.003384741456956496
161000	-1372.189569163898	-1218.8436547180586	-153.3459144458396	0.17537174714536594	0.061887066456111216	0.10685997788423254	0.0040152893948592824
162000	-1369.7306086000087	-1218.9757271371982	-150.75488146281052	0.12424749392095018	0.14177551562865154	0.1514038566946273	0.005157103820114267
163000	-1371.633673729762	-1220.462985833527	-151.17068789623508	0.12894882114485434	0.13479129171194928	0.09650584986711971	0.00768896621465496
164000	-1372.9996301573854	-1219.7492283186846	-153.25040183870075	0.052786161426512684	0.14393950444288356	0.1621292466113059	0.0014827731920482984
165000	-1369.420060334781	-1220.03000712551	-149.3900532092709	0.11016654153477942	0.0818858088328958	0.12029703187663966	0.001388083941145733
166000	-1369.6345908657484	-1218.9156898007795	-150.71890106496875	0.09195128120208856	0.11383209815256698	0.13522600981425945	0.003390723002675271
167000	-1370.7226981944975	-1217.7619330129628	-152.96076518153467	0.13357446744731566	0.053696914143760106	0.15078336992039004	0.002274982130385137
168000	-1374.2560224452739	-1221.4322292617142	-152.8237931835598	0.042374995165868116	0.12347454218457636	0.11120798109671422	3.144219699419948E-4
169000	-1370.5298923219652	-1218.2863729710698	-152.24351935089533	0.14993746791360477	0.07615074013058128	0.11605624625919268	0.00664733497948728
170000	-1372.1387509897706	-1220.6972576135925	-151.4414933761782	0.07511666483039506	0.1077826232879477	0.11967599649116008	0.005381552498279211
171000	-1370.214146936803	-1218.8878035929013	-151.32634334390178	0.13844445938832614	0.11029462041447918	0.1252202099588355	0.004560171440852367
172000	-1370.9693027216458	-1219.3137576867903	-151.65554503485544	0.06673570102612189	0.10528658388072552	0.1484789722177029	0.0029432453593224587
173000	-1374.826655871343	-1216.0426139319911	-158.784041939352	0.10778835147231629	0.03025091676952893	0.13871012709757724	0.002414495724316853
174000	-1369.3492187051697	-1218.1664628260103	-151.18275587915937	0.13631972101882686	0.10536571515623734	0.15393991382115138	0.005862914581901124
175000	-1370.7395290453633	-1218.287683017372	-152.4518460279912	0.10201837297390914	0.07330476198209267	0.11037463568589748	0.0037465877506022496
176000	-1369.7776380682199	-1218.5337848428082	-151.24385322541153	0.08144012881342597	0.07276955094069201	0.14478082423138547	0.0018063947368896554
177000	-1370.0187679801188	-1219.8416720868297	-150.1770958932892	0.07445079019735434	0.0903046087138314	0.10858115364272736	0.0012515611906208338
178000	-1370.2718228155363	-1221.6449098544715	-148.62691296106487	0.1296042028002795	0.10978862302428193	0.102200575523239	0.0010695716363954882
179000	-1373.4408494167863	-1220.3198558411477	-153.12099357563852	0.048287382070408634	0.09739722984183243	0.11815224436338004	6.321233742622419E-4
180000	-1370.5735301653258	-1218.2399954349748	-152.333534730351	0.12621078056382193	0.08549105342108934	0.12469808307343769	0.0056574230693129425
181000	-1370.8568352055318	-1219.385301782875	-151.47153342265676	0.16548324793376612	0.1406603175130009	0.12447947380314281	0.006171233242795676
182000	-1371.138817832604	-1216.8549240697932	-154.28389376281083	0.1030572541769169	0.04635873576246597	0.12811138045484147	0.003293555186890326
183000	-1371.6154011712094	-1218.4032372160673	-153.21216395514222	0.10459244024419607	0.06031321883084472	0.10313268263851565	0.002667868244581667
184000	-1368.7112015218795	-1217.8363462627253	-150.8748552591542	0.11974544165461899	0.08181621389242141	0.14161186662293007	0.00470519616785563
185000	-1371.6377538101772	-1219.328739960635	-152.30901384954217	0.07293572770640468	0.08886967616744466	0.11558988729777307	0.004051899965654129
186000	-1369.4523963178995	-1217.5750876925226	-151.8773086253767	0.15724083645768125	0.08465929741143104	0.14795891190642407	0.006315316936083426
187000	-1371.157403676578	-1221.1999106215844	-149.9574930549937	0.14253676737385496	0.1480508752332552	0.10864835145646413	0.0020681506764052083
188000	-1373.1166779348835	-1220.1012787462075	-153.01539918867584	0.18934103493311227	0.12638422239220393	0.10297317371801101	0.010535637752698598
189000	-1370.815263336499	-1219.1062879026936	-151.70897543380528	0.10732143829792336	0.12428289435448735	0.12888404800599235	0.0035747820937679625
190000	-1369.5807769776727	-1217.6923945723602	-151.88838240531257	0.12140444759747827	0.06532079238634528	0.12449158353541524	0.005452132628400638
191000	-1370.057383736048	-1217.835386093999	-152.2219976420491	0.16811727275189073	0.07534723268450083	0.1533955911337462	0.003688213076411221
192000	-1370.053695567137	-1219.5542672795743	-150.49942828756278	0.10145303296563128	0.10118765633187839	0.09681070488791778	0.004931512091556318
193000	-1370.7215393213999	-1217.028630901148	-153.6929084202518	0.13252014588643576	0.04953485768236146	0.14446852819793612	0.0029643702073923928
194000	-1371.057414763135	-1218.09493379662	-152.96248096651507	0.09791070218202584	0.07152733090200168	0.11656484750308335	0.0040482277494343945
195000	-1369.8375038905756	-1221.0526949333616	-148.78480895721407	0.09500729270517225	0.10107738829553582	0.10657976427030703	9.287428214933223E-4
196000	-1370.5379650549223	-1218.506164223148	-152.0318008317742	0.1278354306042612	0.10648582377965474	0.14955336973204186	0.0066630298274236435
197000	-1372.6858710498166	-1218.1147805127316	-154.57109053708493	0.06187227383378518	0.056980222530666834	0.14652439701110503	0.0015973808744016984
198000	-1373.2258523841533	-1219.9840989726656	-153.2417534114877	0.09815113125848073	0.19499578513563745	0.1350072963044692	0.004425372850904312
199000	-1369.2609526331114	-1217.8018071060478	-151.45914552706364	0.10142271893955465	0.06662475223347177	0.1282136095626093	0.0030922605390225236
200000	-1371.0692807975554	-1218.5450765359828	-152.52420426157258	0.08072022071273026	0.0715213847631877	0.102167655818888	0.0035879831208405575
201000	-1370.5825374317342	-1220.782551248118	-149.79998618361617	0.09425530325649356	0.07200497129997405	0.11887517890662555	7.569121521867422E-4
202000	-1368.7814043656351	-1218.4218450632675	-150.3595593023676	0.0979511722078985	0.09214376242543602	0.13701848200130307	0.004176785993851758
203000	-1369.7147960209306	-1218.0723769914962	-151.6424190294344	0.07898021044458138	0.06854864107971322	0.12097690933036029	0.0028903493595536208
204000	-1371.1250471534331	-1219.9488863950364	-151.17616075839675	0.08179587651591266	0.11165051341790244	0.13358966226331598	0.0012907572280161077
205000	-1370.8994704470788	-1220.8465365824688	-150.05293386461	0.0844723562594605	0.09659154829531581	0.14294628497209314	7.173276557821759E-4
206000	-1372.7774756983524	-1219.0558633411856	-153.72161235716675	0.05666777123706298	0.07542880896112648	0.15141554589911285	0.0026213410393512615
207000	-1371.2723359692318	-1218.7584304439997	-152.51390552523213	0.09371530447226728	0.06381046939846524	0.09914055697382368	0.005286400233269517
208000	-1369.14594366079	-1219.0165220037381	-150.12942165705172	0.12160324223093191	0.1093257186287721	0.1162669093505139	0.005283942640133974
209000	-1370.5340706344575	-1220.1238587512794	-150.41021188317822	0.0982876823078155	0.1121599790484515	0.1188431185781863	0.001561642162042532
210000	-1370.4958874229972	-1220.282282029852	-150.2136053931451	0.11434478258687068	0.10194664979073381	0.09876326042217304	0.002190508975703223
211000	-1372.904324709793	-1218.4584640709581	-154.44586063883483	0.12402284442480659	0.045562146596332134	0.1186035841415297	0.0017212176642468881
212000	-1370.6932452445417	-1218.1216969734312	-152.5715482711106	0.11450820886994338	0.05440100111674113	0.10016025785900344	0.003381305667435856
213000	-1368.9223091928984	-1218.8697224149112	-150.0525867779873	0.125123448766607	0.08562788926464591	0.12097701940638605	0.0029272740521910606
214000	-1372.439630840417	-1219.7211484642628	-152.71848237615438	0.05288304817765291	0.11333203053643658	0.10596864932921489	0.002416634413561038
215000	-1370.7930015536172	-1218.1463755118798	-152.64662604173736	0.12819299322879973	0.09482902925725996	0.15017461197646473	0.006273390642297729
216000	-1369.9636912971232	-1217.2338392450051	-152.72985205211816	0.13507993539679247	0.06457232104870302	0.14943385840014645	0.006252909220205911
217000	-1369.0313233153468	-1219.189901209461	-149.8414221058858	0.14008177358871016	0.11289772962203197	0.14136550045352686	0.0029972509436898094
218000	-1374.6587066403572	-1216.4661102655857	-158.19259637477137	0.13356547829885668	0.03458620703286104	0.1581574318745052	0.00227872116416857
219000	-1369.0622856740981	-1217.6943184047782	-151.36796726931985	0.13528528532877945	0.07009818940753666	0.14153674640303365	0.003549552415378475
220000	-1374.3723941744593	-1216.8799448956945	-157.49244927876487	0.06986207833197335	0.033980108450807595	0.14032253758089286	0.0015968362783405651
221000	-1375.0273985966242	-1217.7116611590607	-157.3157374375634	0.09143840702939789	0.03781099034815968	0.0859367740715567	0.002907289592726707
222000	-1370.7644666237502	-1219.0190736192424	-151.74539300450778	0.15658290422331386	0.07111382421994206	0.15278335148359928	0.001994654421314349
223000	-1369.6885052814591	-1218.635915967644	-151.05258931381522	0.10764483775801943	0.08196617770421394	0.1153416923057541	0.005693737837772685
224000	-1373.1304303499796	-1220.4261403933308	-152.70428995664878	0.1033481476579351	0.15627523431516058	0.13136736731018245	0.006852980367501857
225000	-1371.7626989630576	-1216.8319430551473	-154.93075590791028	0.10944411363681672	0.04205097460224459	0.11797865981796958	0.0036756158092137153
226000	-1370.2531327536378	-1220.6775549850872	-149.5755777685507	0.07997211060659562	0.11613727949817296	0.14535712469027517	8.300970469149301E-4
227000	-1375.6683743501426	-1222.860064015969	-152.80831033417348	0.0814577325598965	0.1250155785680071	0.077299052305043	2.701632144218204E-4
228000	-1372.7587776310197	-1220.0130614813565	-152.74571614966305	0.12612795045551536	0.07041405795966466	0.1299979679202294	0.010682151135234838
229000	-1371.3615443019787	-1219.4520373839819	-151.90950691799677	0.17444491772870466	0.12045642386886171	0.1807396799938571	0.002608951640990411
230000	-1371.3145080022173	-1218.0793966964607	-153.2351113057567	0.1411669711429535	0.08720444507633013	0.16980681104147127	0.008240204633592759
231000	-1369.7563744470347	-1219.6168263641528	-150.13954808288193	0.08666384929679327	0.12518208125917885	0.10725595965331888	0.002578906856364963
232000	-1369.8722025349339	-1219.5018425870132	-150.37035994792058	0.10817062806379636	0.15367049810273462	0.1283521001996371	0.0037809280006023595
233000	-1370.3694612098602	-1217.876360434315	-152.49310077554506	0.1590270584324776	0.08836640030934138	0.15597316697168256	0.008895508695645005
234000	-1374.2449978947043	-1218.885179207733	-155.35981868697124	0.08113413235734694	0.04359255937639555	0.10943280466516495	0.0056024573985320025
235000	-1370.599021495864	-1219.2837546752758	-151.3152668205883	0.12604364876750573	0.14282225733365922	0.13103917787898348	0.005954416927434743
236000	-1369.9550257650576	-1221.2552164752867	-148.69980928977094	0.12343565653701799	0.10226033311054723	0.11060387077708969	0.0010696049533243292
237000	-1369.2828706117211	-1218.6860620867164	-150.59680852500458	0.08040935625553033	0.0824950070461892	0.11225176704463936	0.0024765606281011337
238000	-1369.1324722752224	-1218.7172016108166	-150.41527066440582	0.09295008456617493	0.09627732901950643	0.14380821131901642	0.0024666885638013293
239000	-1369.4940644523967	-1217.5356296834293	-151.95843476896752	0.11936215391298374	0.07579887052693206	0.15499549474295155	0.0042955073811905605
240000	-1371.6439971933614	-1217.681679815689	-153.96231737767243	0.20796807386432278	0.10740354717150119	0.16224056276406645	0.007401481258263362
241000	-1370.0577354088207	-1218.142259816449	-151.91547559237156	0.1472629147432403	0.07622620518225896	0.11993403046010684	0.0066487084937200775
242000	-1372.943359221019	-1216.143340185447	-156.80001903557203	0.17862402219795295	0.04531778411354571	0.1808141187167163	0.0038419855244392646
243000	-1372.304917732208	-1219.5162527534776	-152.7886649787303	0.08586516537385767	0.05788592865693625	0.08827815513849144	0.0014807635270425088
244000	-1372.5054952753196	-1219.8481151903306	-152.657380084989	0.06121910791435459	0.14390235017836156	0.11125805056505403	0.0014516315885589634
245000	-1368.8294892370259	-1218.6849956934916	-150.14449354353428	0.11187536631456005	0.08184276384447203	0.14954880026961262	0.0021929855964216245
246000	-1370.0178240416863	-1218.5087707965067	-151.5090532451795	0.0881781924644108	0.060897825581064505	0.11188322357550688	0.0019006351790273753
247000	-1371.7431741184248	-1217.710431493853	-154.03274262457165	0.07959059986326354	0.046362432931211846	0.11848107836617924	0.0017983310498167241
248000	-1371.395634943548	-1218.426511634278	-152.96912330926997	0.16261397864284896	0.1370871704086063	0.16540022676185395	0.0067484736348218
249000	-1372.0885509369355	-1217.8007790029437	-154.28777193399168	0.09668723598887873	0.059749087772961146	0.11570930511733386	0.002932422717679718
250000	-1369.280619334882	-1219.431562508626	-149.84905682625592	0.10895170514151871	0.098494704911151	0.10416657050037569	0.003005664021178877
251000	-1369.8720735972643	-1219.9201420596314	-149.9519315376328	0.0941224509549892	0.09566256078570118	0.1635350670312419	0.0012078605017906217
252000	-1370.7107953695868	-1218.2198963588703	-152.49089901071636	0.10397947650790794	0.06385882180688963	0.13003590509987745	0.0022214915431881276
253000	-1374.158597063039	-1219.9631337143014	-154.19546334873758	0.05488911970559177	0.09773125546945306	0.14018270604803967	0.002910621652073474
254000	-1369.6192488864215	-1219.011456972814	-150.60779191360749	0.0764138390034963	0.10005057004017956	0.12142396760770895	0.003315481980818892
255000	-1369.1295597690903	-1219.0434313106718	-150.08612845841841	0.113636861814391	0.11388119451755851	0.11960961196307819	0.0049942749681542616
256000	-1370.2820476193026	-1218.2398866437513	-152.04216097555118	0.14436731310226564	0.07705237753855237	0.1322526031155967	0.008454925788843054
257000	-1369.9238199047668	-1219.0994048827279	-150.82441502203898	0.08641377182192628	0.06952109172128138	0.10337961414287207	0.0017728495339341909
258000	-1369.3519615822436	-1218.893337312023	-150.45862427022055	0.11637294769322835	0.09464559198264907	0.11607074813266688	0.006218245214809803
259000	-1369.988430830576	-1218.396841935939	-151.59158889463697	0.1522145510541249	0.11933396054393745	0.15303982942530966	0.00760306559422989
260000	-1369.09669898254	-1217.976692429969	-151.12000655257094	0.12196652457441119	0.07613482270816174	0.14887662898209184	0.0030407318965557733
261000	-1370.0824595693584	-1219.8018196694663	-150.28063989989204	0.09109747309209862	0.11210083612047587	0.09315835592846448	0.004043363167923644
262000	-1372.3341012937228	-1221.9553959936075	-150.37870530011537	0.0655977509753422	0.11138557475083688	0.0863703069112404	4.227035105086143E-4
263000	-1369.665080316005	-1218.5555793454937	-151.10950097051145	0.10776372207013485	0.08625050779449657	0.14616194177231584	0.00614698939066785
264000	-1374.4296192073016	-1219.462464596093	-154.9671546112086	0.09126147202508415	0.1010861641120709	0.17483356072389467	0.0015523325584607247
265000	-1370.6865646900935	-1217.6767052924247	-153.00985939766875	0.11621666608134724	0.07822123120148992	0.1511077513555123	0.0041953372733109
266000	-1372.1938626653214	-1217.5698556933057	-154.6240069720156	0.1375613182564965	0.04793962748920771	0.1192839519032526	0.0029592216029174245
267000	-1372.1932016968938	-1222.0416320602899	-150.15156963660394	0.07593525390149213	0.11662209608729612	0.08091779969229615	5.527067323077826E-4
268000	-1372.3845274005455	-1217.7851602375886	-154.59936716295695	0.10605999501802253	0.05286990418355694	0.1074639024807514	0.002990412979057871
269000	-1375.012339081192	-1220.0505513005783	-154.9617877806138	0.06679756039920885	0.14296705797112574	0.09271263449102946	0.0027380866194590793
270000	-1369.8462473193958	-1218.2866176032453	-151.5596297161505	0.13530597914778147	0.06832197492475288	0.10867357883111003	0.00481656878499801
271000	-1371.7630312547954	-1218.0666238011183	-153.69640745367707	0.08704626640649811	0.06243965261817242	0.10591663393038575	0.003066809562232727
272000	-1370.4138665924465	-1218.0326963922666	-152.38117020018	0.1038781910133784	0.06329353900005846	0.13540126792497498	0.005882455313016292
273000	-1371.0087188834123	-1222.184139894995	-148.8245789884171	0.1429176794102435	0.10407078429203936	0.1349092227754832	4.4516862186409095E-4
274000	-1372.7895312228866	-1219.6390411537434	-153.15049006914316	0.08150521643444333	0.1610444803561736	0.1298409160144581	0.002923024788632596
275000	-1372.093150172629	-1216.8532672779534	-155.2398828946757	0.09025889029641555	0.03940024313629939	0.11303323412580474	0.0034911869820112977
276000	-1374.981285723256	-1221.6866936910722	-153.2945920321838	0.07693947458258198	0.09336716906611836	0.1518780003489303	3.6301503082394616E-4
277000	-1371.478016872658	-1219.2431031157785	-152.23491375687937	0.1749584849072475	0.07452856204922169	0.1399209529403853	0.0022492737363944914
278000	-1369.9704599763054	-1217.3334833732033	-152.63697660310206	0.14708184186615297	0.05829943064876085	0.1494637184324922	0.0032177877243489642
279000	-1368.8400230227096	-1217.916696116615	-150.9233269060947	0.09707707559634628	0.07246930000315807	0.1391824546072089	0.0029530060365389778
280000	-1370.5387463340192	-1219.17733755488	-151.36140877913903	0.07422114338847915	0.11313083022953901	0.1524527838416687	0.0029954865220266054
281000	-1373.608748824822	-1219.903002813867	-153.7057460109549	0.04781978991626946	0.1281448080658255	0.0812597046136195	0.0015903733921494932
282000	-1371.2717421504008	-1219.3808758285768	-151.890866321824	0.095426157278925	0.10776071303510935	0.18300194227811095	0.0017646614142569179
283000	-1370.1379269275278	-1217.8390039846524	-152.29892294287546	0.11342667557875698	0.08011931705758339	0.18900712880215156	0.0033018300380428817
284000	-1370.510903233011	-1219.18210468175	-151.32879855126103	0.10848418520205616	0.1075848290158789	0.1333231683942014	0.006405351779211041
285000	-1370.4245782375015	-1218.0453980027528	-152.3791802347486	0.10361952995057107	0.06314262891293121	0.12183060349048579	0.005555812978913418
286000	-1370.462032539829	-1218.1346552372886	-152.3273773025403	0.10036191544659391	0.05118309511823987	0.11740100284669058	0.001936841890216985
287000	-1372.1196072235077	-1217.7376263259957	-154.38198089751208	0.10304809587947307	0.03918004015455458	0.13893673862297926	0.0015332292580655259
288000	-1373.0604094944465	-1219.5613830903144	-153.49902640413202	0.07028877251101621	0.13044231242916055	0.10941256875250165	0.0026242701502425456
289000	-1370.6280329818576	-1220.530337475329	-150.09769550652868	0.09503371539807708	0.0912739296414244	0.08471623213505693	0.0017699962539825637
290000	-1369.2864805706722	-1218.7614601083176	-150.52502046235475	0.11328827049038036	0.09323840792145828	0.1748053504427556	0.0022889206605797613
291000	-1370.7242440867744	-1218.7667658577361	-151.95747822903826	0.07416236237100833	0.08228149047713944	0.13328405935759507	0.0018109274097788898
292000	-1369.5561933947938	-1219.2594287741038	-150.2967646206901	0.0910370273329736	0.07289519882696416	0.12130768244012945	0.0015135699543691345
293000	-1373.1975470814423	-1219.4287285892062	-153.7688184922361	0.06529636679326337	0.10329539596589091	0.2033867804115506	0.0017970774535171516
294000	-1370.335021243194	-1219.5238696644985	-150.8111515786955	0.08048678683509833	0.09876412492455178	0.09168454777427092	0.0026973060914806646
295000	-1371.0542484430607	-1222.755015864546	-148.29923257851465	0.12611000441768644	0.12146120448328991	0.14494708708838883	1.5463318006437183E-4
296000	-1370.272228824795	-1218.3329212499173	-151.93930757487786	0.07302839906839592	0.07113707596420717	0.14486688186120175	0.0019397883194893263
297000	-1371.561380229834	-1219.6306709318387	-151.93070929799532	0.07872514792223094	0.08361747121693255	0.1378302462891968	0.001175726654328896
298000	-1369.4602208189701	-1218.531095857694	-150.92912496127613	0.13249842168877693	0.09585119511645605	0.17565308433092433	0.0028181758175673476
299000	-1368.869676491258	-1218.6062208989724	-150.26345559228557	0.1189081857262938	0.08983625100165085	0.12626586917611446	0.003273051305811698
300000	-1375.271791008567	-1219.6059227346586	-155.66586827390853	0.1966662789083172	0.06497021239638763	0.12749352560360397	0.002058740426141326
301000	-1373.7247984392247	-1219.8172546669048	-153.90754377232008	0.0635318667770298	0.08219285042809406	0.07454015963345074	0.0030463950043206774
302000	-1370.9458436705715	-1221.145638434975	-149.80020523559665	0.11655354020850235	0.10514296869307554	0.1365209564626506	8.596085737076955E-4
303000	-1369.832995105978	-1219.81132895378	-150.0216661521978	0.12193693570391938	0.14179272095439038	0.11077995214481676	0.0042582149883868175
304000	-1368.965140393123	-1218.0106461797536	-150.95449421336934	0.09101850678507205	0.07573894763991837	0.13842342485551798	0.0031598691444641915
305000	-1369.9705162585803	-1219.3186197776758	-150.65189648090458	0.11682742921030126	0.1458049867973677	0.1659196562737228	0.0028499451539407156
306000	-1372.4155551271592	-1216.7955759177175	-155.61997920944162	0.07941318789718198	0.037764840068313245	0.1174498187058685	0.002304769170603916
307000	-1370.1260942550261	-1219.3556351532345	-150.77045910179172	0.07736079610704537	0.07219011691899134	0.11045890240056547	0.0013561714596517342
308000	-1371.6268825100847	-1220.5551190388958	-151.071763471189	0.11067003241361806	0.19391021978311454	0.11701795705243483	0.0023374983635837134
309000	-1371.309292027818	-1220.9378445804055	-150.37144744741244	0.11795490608965199	0.10384739364482044	0.08107045497378677	0.0032312236610628296
310000	-1369.2542907935685	-1219.7345063290218	-149.5197844645469	0.13249963182932115	0.10699586547143175	0.13551354946384842	0.0021336312888108693
311000	-1371.4859536712597	-1220.1684167133535	-151.3175369579061	0.09163952613917982	0.14734041782588211	0.18980981374980546	0.0014030952663430182
312000	-1369.2474841423434	-1219.0807649573378	-150.1667191850056	0.1346062019434476	0.09694750771078296	0.1605273576509568	0.0023071265421796814
313000	-1370.0055721131716	-1218.3041333379374	-151.7014387752342	0.10027786863852373	0.0756327540669166	0.14932201523964372	0.0023084062017534124
314000	-1370.0178459105555	-1217.9512374686033	-152.06660844195216	0.0833476171529665	0.06340668628610004	0.11718214242088808	0.003624852626807117
315000	-1369.7003183714041	-1218.8544870855962	-150.84583128580778	0.1133643291900472	0.08526349016196716	0.11601856662807665	0.006564993254111314
316000	-1369.1309532992202	-1218.9361976168407	-150.19475568237948	0.11030250165796547	0.08828913818421004	0.15423969429459658	0.002046029750671735
317000	-1373.811936562019	-1220.1215471208463	-153.6903894411725	0.21325946470887674	0.08930937023960962	0.1026051663085418	0.006324246130014061
318000	-1372.8814067002916	-1220.4703854627373	-152.41102123755425	0.10323511424462914	0.08750957684827688	0.09264126920061297	0.0016181184855577262
319000	-1370.6010873457699	-1220.688474522612	-149.9126128231578	0.09801074070998214	0.10923209327290677	0.08784607948867558	0.0018906689890891546
320000	-1368.9739431989974	-1218.9261593006083	-150.04778389838918	0.13053009300548993	0.08217383008149524	0.12115081248955782	0.0027934653807053624
321000	-1372.332638547555	-1217.1358314966863	-155.19680705086876	0.09218672675633756	0.053252931402192324	0.19025094918808488	0.0033323725556209543
322000	-1370.911324684345	-1218.260192085775	-152.6511325985698	0.13173893811819293	0.09289379629911748	0.18352016295898896	0.007354853036425414
323000	-1371.1140144033566	-1219.8023616510377	-151.31165275231885	0.11149066394899487	0.05564829824419311	0.1127930856139718	0.0011768882421774839
324000	-1369.747538420202	-1220.1636001234947	-149.58393829670734	0.10452360254198795	0.08687988085423874	0.0991178486978183	0.0017021143877123865
325000	-1370.5192433509958	-1218.6536780259653	-151.86556532503053	0.1306399151523908	0.05445552614115617	0.11946797122059728	0.0019913966496162326
326000	-1369.6502694154506	-1219.9582566569172	-149.69201275853322	0.07912847079800615	0.13509237762147247	0.12669522838104597	0.0014882498940932709
327000	-1371.2390003968085	-1219.738144284142	-151.5008561126665	0.14387180452492654	0.07413682891935675	0.12317339658084805	0.0017968468849838158
328000	-1370.2059658018843	-1219.1075600881509	-151.0984057137333	0.12784916753196646	0.10216157881796027	0.15728968846453553	0.002355706395552096
329000	-1370.5498432594327	-1218.939488572732	-151.6103546867008	0.06320770372726302	0.09344629136475155	0.1419789388981635	0.001806014680046127
330000	-1370.623822844862	-1221.5635060837674	-149.0603167610945	0.09630664899161351	0.08984391558014822	0.1137938715655811	5.782220872515824E-4
331000	-1372.7131501286403	-1222.4504638398648	-150.26268628877548	0.07328758391850296	0.08861708709689618	0.08471787315171043	2.781358857738119E-4
332000	-1372.1861036161013	-1222.2391064570063	-149.94699715909488	0.15833199052409447	0.07902379053527248	0.10769804123043157	5.149495085511119E-4
333000	-1371.8535361858726	-1222.7823027787613	-149.0712334071113	0.13382940025716852	0.15694075293010756	0.10504283089003447	3.737485144150043E-4
334000	-1370.2509781418785	-1217.8054623558023	-152.44551578607621	0.11892758575723625	0.06247680754641706	0.13269988625770812	0.002839011482678127
335000	-1371.7443556904957	-1217.7089733822224	-154.03538230827334	0.08634525755059563	0.04423433671263303	0.10616375068414428	0.002004937254922053
336000	-1368.4746772250178	-1218.747500022183	-149.72717720283484	0.09691231153024854	0.09830077497075972	0.13329380021313325	0.002743034589697566
337000	-1371.6867093339295	-1219.8307184479754	-151.855990885954	0.05826324449781704	0.1078611766741587	0.10225514205901083	0.002973213739904631
338000	-1371.0153307385544	-1219.5837807228977	-151.43155001565665	0.06801958120470515	0.11884095000700702	0.15428219951470193	0.0030557128556222275
339000	-1370.4982332045386	-1219.2629412529075	-151.23529195163115	0.10978452530972943	0.08120048603517126	0.10685989384682892	0.006969844152111011
340000	-1372.139453300203	-1216.8415972919947	-155.2978560082084	0.1735735094014795	0.06579765226561811	0.1586772593123945	0.006769906400268953
341000	-1373.461173216813	-1220.3493450055075	-153.11182821130552	0.06028775076997776	0.11219728787147495	0.08050949947107185	0.0032111061283351156
342000	-1370.089846203754	-1219.8589635630328	-150.2308826407211	0.10048635661742088	0.11270828979990001	0.09364806455219246	0.0045092386519056445
343000	-1369.5839775527295	-1218.656635273875	-150.92734227885438	0.12407694741402464	0.10409420726444017	0.12659951958352003	0.005632800834452023
344000	-1370.4731548204131	-1219.933244333428	-150.53991048698495	0.12059858747796517	0.07089512018109399	0.11235556424885829	0.001503171958349345
345000	-1368.6535920096921	-1218.8123834755074	-149.84120853418483	0.12323493997374194	0.09822141289948962	0.1238121063198855	0.003533273156971254
346000	-1374.8766638271256	-1218.1808353486854	-156.69582847844026	0.14341126705625398	0.09301179113675612	0.26153325608070616	0.005983113165320823
347000	-1370.19787692089	-1219.3719089547017	-150.82596796618833	0.08344637443509426	0.13599773077800598	0.13666035916141825	0.002406377559561471
348000	-1369.2828798149499	-1217.7270188447171	-151.55586097023271	0.11281362819909384	0.07939458017309309	0.17026431636529835	0.003645239346887274
349000	-1370.586040311495	-1218.4497067433022	-152.13633356819295	0.08318112994445932	0.06947773834827847	0.14231992980332783	0.004543771816283048
350000	-1371.8217911289005	-1219.919926339282	-151.9018647896185	0.10025890777380762	0.1866737180993275	0.15745814304483255	0.0021955157170540527
351000	-1369.4323307846162	-1218.1270977318318	-151.30523305278436	0.10666733894559342	0.08467566140913066	0.14335497787600873	0.004885328653129502
352000	-1371.5545499243035	-1216.9420807141048	-154.61246921019867	0.08513492251076414	0.04566828395367564	0.14693086948423945	0.0036387022077308214
353000	-1369.9856938451799	-1218.3144888057836	-151.67120503939628	0.1039795995305018	0.08449293184962321	0.13125651927090262	0.0031616812530248575
354000	-1369.7557885000595	-1218.9391040032601	-150.81668449679938	0.07755149278345232	0.08381757602614845	0.10615185672696065	0.0021694911014365865
355000	-1370.494275859005	-1218.961292680145	-151.53298317886004	0.07761960865853637	0.09324436569157821	0.10739444811149512	0.002772680954035812
356000	-1370.319359543829	-1217.4346292524615	-152.88473029136756	0.10381336805446967	0.05062884931346934	0.1303924878307399	0.0024395262418310756
357000	-1370.4951271579494	-1219.4672801772595	-151.02784698068982	0.07455027900280248	0.10119636524013004	0.10922214710817216	0.0038844173744764683
358000	-1369.245320942519	-1219.1623686221296	-150.08295232038915	0.1081975090701801	0.10991925508152263	0.11700020202815788	0.00546780677438873
359000	-1372.6651453073225	-1221.7464873105546	-150.91865799676793	0.13329050689815786	0.1410370147653211	0.08671712745863112	0.002632140491951551
360000	-1371.4657317210153	-1218.6917879216771	-152.7739437993381	0.16571803708370317	0.05633251582522312	0.12072408752590953	0.0024688220964118935
361000	-1369.069375756552	-1218.6115745692832	-150.4578011872688	0.1170753079543794	0.08012302610222394	0.11006094059038657	0.003740522854512589
362000	-1370.9434710076475	-1219.7565914097418	-151.18687959790577	0.1258394358369657	0.1502779756911733	0.11465165006130337	0.005659939198809383
363000	-1368.6181686543976	-1218.255526682081	-150.3626419723166	0.09612171980294279	0.08280003863149409	0.13316761836082686	0.003084966910833004
364000	-1371.2811964153434	-1221.0585029603583	-150.22269345498518	0.1652509615118297	0.09475974798516623	0.15145086344881406	0.0010229730256730968
365000	-1371.2602142129235	-1217.1708171129874	-154.08939709993624	0.10795892511546036	0.05934066574486909	0.16566720172427246	0.0031235206148261885
366000	-1368.9303423787376	-1219.5490141639739	-149.3813282147636	0.09228215534690351	0.12597028049217152	0.12776364181789446	0.002130938173482755
367000	-1368.610519881701	-1218.9946732565818	-149.61584662511925	0.09761923448360553	0.09445484963472153	0.12892957798807111	0.002265158991720822
368000	-1369.9038517353724	-1219.6610297917496	-150.24282194362274	0.09461495295592051	0.1562701492253598	0.12553143545097328	0.002803608106527526
369000	-1369.6417283805465	-1217.2112135374923	-152.43051484305425	0.13100227148698537	0.0709197833333654	0.17816267021709972	0.004043055412118069
370000	-1369.4505287670077	-1219.116083941357	-150.33444482565082	0.13705631329076984	0.1272711186077257	0.1247104835945931	0.005323448944496109
371000	-1372.508758842384	-1218.8649850510699	-153.64377379131417	0.06117547016176383	0.0658069343109754	0.08975671833379388	0.0029531467455972205
372000	-1372.725132680996	-1220.1216511105974	-152.60348157039846	0.062144660092873255	0.14443827709375656	0.08828603376978907	0.001751831745294881
373000	-1375.091190992581	-1222.9833595793857	-152.1078314131952	0.1046017358688381	0.07611267098884468	0.21788220419280294	3.564948423702684E-5
374000	-1369.3206426373167	-1218.1821736783886	-151.13846895892823	0.12049690002549783	0.06999182702165141	0.1536045814250414	0.0023900335762747906
375000	-1372.0350050699449	-1221.9350983500703	-150.0999067198746	0.09825765237863135	0.14063707479759838	0.09471201357178101	7.781611346972638E-4
376000	-1372.7429550189445	-1223.0584027755551	-149.68455224338936	0.14607682796710117	0.1687640450364284	0.09464832127227849	3.5571267580079504E-4
377000	-1369.9570926678316	-1217.527479832001	-152.42961283583062	0.08900828812671867	0.06111156635995154	0.13877654676424064	0.0035761456144969258
378000	-1369.9982276170917	-1218.7742755434947	-151.22395207359708	0.14789199549089221	0.13908194145868813	0.16226892197362686	0.00461237099745904
379000	-1368.5900570991628	-1218.2254893982727	-150.36456770089018	0.11710703165589421	0.08321144250213279	0.12607878459461633	0.0038784270591296754
380000	-1371.717535561701	-1219.515920594301	-152.20161496740002	0.17218803780107908	0.09961047700834333	0.14030610719065698	0.0026808358289445214
381000	-1373.2742432804944	-1222.2731389897492	-151.0011042907451	0.0863972814625082	0.10486978958595304	0.06639842393682018	9.036744605936133E-4
382000	-1375.1376498179043	-1217.467449703667	-157.6702001142373	0.10078744478346693	0.05999662018855883	0.13152194679448495	0.004403835063583706
383000	-1371.5780058370567	-1219.8546179018765	-151.7233879351801	0.05448240965562953	0.10507331287362927	0.09358499618175431	0.0011482448576505344
384000	-1372.7669291241846	-1223.0937111872133	-149.6732179369713	0.09424972820975801	0.07276497255973281	0.09542076263976283	7.69310113316562E-5
385000	-1370.8800059238872	-1218.7265262546389	-152.15347966924824	0.09398023270060865	0.06600472749699997	0.11270839791641733	0.0019528911757328471
386000	-1371.7438761443304	-1219.9031296486883	-151.84074649564212	0.13948635013661914	0.07539062475817791	0.0883273822691924	0.004164918594301156
387000	-1370.4100148789837	-1220.3294817351655	-150.08053314381831	0.12128680544499995	0.08242868537795976	0.1011551075392893	0.001717001371721522
388000	-1373.233916080077	-1219.606692976463	-153.62722310361406	0.1003957687310273	0.11434693922237432	0.11997578277463182	0.002179396888001507
389000	-1372.406651721694	-1219.0740247890212	-153.33262693267275	0.10393042923791478	0.13539911872443086	0.15232572830240657	0.004154699978933502
390000	-1370.241485560773	-1218.5496671016049	-151.69181845916827	0.09675775549331735	0.07191155944880123	0.10319927604293162	0.0030636032799505565
391000	-1371.3043489682836	-1218.7942884465122	-152.51006052177158	0.08658685145295035	0.08171588842385932	0.11413696779991254	0.004511348060854623
392000	-1369.2614633256326	-1218.9324728768938	-150.32899044873878	0.140182760238299	0.11047239669982221	0.11968841057421487	0.00563022365872051
393000	-1372.3605459343814	-1222.8558550285866	-149.50469090579477	0.12451253593497795	0.10342617002058085	0.07339266971590618	7.408787482102481E-4
394000	-1371.6745669505037	-1216.899623023262	-154.77494392724185	0.08851523454665203	0.046482643635914894	0.13554584957329724	0.0034795068524356896
395000	-1369.7167927723235	-1220.4545999172528	-149.2621928550707	0.10756529302861872	0.13828426706398375	0.13231065183500482	0.0014941167130199443
396000	-1371.9630557612097	-1218.4440635549533	-153.51899220625634	0.1255971430925383	0.06544898810062358	0.15900814180488285	0.008426803872329197
397000	-1369.141900553696	-1218.6546190556246	-150.48728149807135	0.09104087898189679	0.08398629416310113	0.13004655646631783	0.002278450312493324
398000	-1370.482162990723	-1218.5582939302674	-151.92386906045564	0.12174353186189588	0.09030427344454546	0.1389180356738578	0.007122344429023758
399000	-1372.3315513046086	-1220.5528409847925	-151.7787103198161	0.13703917409645705	0.10732589132501151	0.10127693944073766	0.010980843801114321
400000	-1370.2160855921704	-1219.1592847570932	-151.0568008350772	0.12756838810840337	0.14505277197088412	0.17599890054193384	0.0032209056899469768
401000	-1371.2933034488965	-1219.6906575365597	-151.60264591233678	0.09908923213243064	0.11538346289929673	0.09839012997649155	0.003627741876939969
402000	-1370.4254904471966	-1218.371436113972	-152.05405433322454	0.1332073324951255	0.0615900695976863	0.1647175293077076	0.0019586272858729435
403000	-1371.742675993582	-1220.368698070923	-151.37397792265895	0.1415845160091101	0.1178016041268163	0.1006438875292228	0.010238827289320959
404000	-1369.0273087461037	-1219.5084433040256	-149.51886544207798	0.1011410858326203	0.09681256751307409	0.10739212716501018	0.0023229006606324465
405000	-1370.4310302667252	-1218.142544780263	-152.28848548646215	0.09637302302883158	0.0516510473596677	0.1218782655168365	0.0018282097264464916
406000	-1370.417509867617	-1219.176124896275	-151.24138497134177	0.08066244093249156	0.0664732127574425	0.10211714545497887	0.0015438070898985488
407000	-1370.9754963150297	-1220.260222173138	-150.71527414189174	0.1693034159064283	0.10622360489126455	0.12376338697070388	0.0024142517605971665
408000	-1371.33532142793	-1221.3356159987813	-149.99970542914866	0.07247358607499209	0.11993290776171442	0.12835922670457822	5.405237883004785E-4
409000	-1370.32723672495	-1219.4014867346957	-150.9257499902541	0.10025342666425094	0.13511819909198147	0.15964141416764333	0.005017826411890436
410000	-1375.2019683168273	-1221.3871134552485	-153.81485486157882	0.057676035847229815	0.18821283747397494	0.13160712330804125	0.0034508036657470106
411000	-1372.3439762181993	-1221.46813757583	-150.87583864236927	0.13683353474508958	0.09405027082534967	0.10238783526605465	0.0011228779553923113
412000	-1371.9352397663442	-1219.3196135448675	-152.61562622147687	0.17276419290706269	0.06690517120403196	0.11102742623593091	0.002887425240326608
413000	-1372.972662517396	-1219.82218382449	-153.15047869290615	0.08303585303624651	0.15621430245596768	0.1218600303996069	0.002104247657582471
414000	-1369.0412592319049	-1219.187228681349	-149.85403055055588	0.09190145314593973	0.08988634032867329	0.12626871332468295	0.0018666462794804607
415000	-1372.9601491710278	-1220.2920342704176	-152.66811490061008	0.10658068128280011	0.10902554052959303	0.13947445206723816	0.0012992976299979052
416000	-1374.6243653998113	-1222.375394355543	-152.2489710442684	0.08755301019337294	0.10419832427272424	0.1312582671236529	0.008595895251807853
417000	-1370.174837575842	-1217.1034571618625	-153.07138041397957	0.13128125914045385	0.056973262432184105	0.13952446203208962	0.005749279727743037
418000	-1370.9898050274116	-1218.654732612139	-152.33507241527263	0.06180140362874688	0.07046334999367318	0.13962092870329568	0.0014736996263010756
419000	-1373.0306487307264	-1218.7632710254873	-154.26737770523914	0.14856624206331356	0.1517544580370154	0.18303842405408746	0.006572919932558152
420000	-1370.2485094883239	-1218.9065217673096	-151.3419877210142	0.07532513885254548	0.06959884088288336	0.1428448317530552	0.0013767567409241827
421000	-1370.2828082152564	-1221.4623846668928	-148.8204235483636	0.099619527835677	0.13578856394325398	0.12654482325349595	7.441536485492864E-4
422000	-1368.9570669124275	-1217.7029579505831	-151.25410896184434	0.13212655429484463	0.08255799883804173	0.14588119650332215	0.005268164278499215
423000	-1370.183699721088	-1219.3764288998295	-150.80727082125838	0.08781622488208456	0.10732575411162422	0.10201334463790983	0.0030922527670967327
424000	-1371.1175306693747	-1219.667254451108	-151.4502762182667	0.07470879280654052	0.09497185692478208	0.08445334457752457	0.0031413199959301995
425000	-1370.3611180807927	-1218.1292951538635	-152.2318229269293	0.15038715234769448	0.07403030519907335	0.17586883408404486	0.0026695454270872594
426000	-1369.2208493303447	-1219.1814729893474	-150.03937634099717	0.08759679171813728	0.1069135395588566	0.14784958266904705	0.0019478066367132627
427000	-1371.7362001795993	-1218.0059620392778	-153.73023814032146	0.08813304892952414	0.05720607194113811	0.10642948555428007	0.002538353074625183
428000	-1370.844507784919	-1219.895545906275	-150.9489618786441	0.12280644400845768	0.14482201824707142	0.1200504204859747	0.007537381772637048
429000	-1369.8217930973685	-1217.0709883024633	-152.75080479490524	0.13485945267855334	0.0556782162902506	0.13281800389316686	0.00439650983662619
430000	-1368.6491871861117	-1219.1627914465535	-149.48639573955822	0.10119215490060247	0.10179591293667684	0.13164050363302496	0.002248196142566961
431000	-1369.6641634779533	-1220.3843299810503	-149.27983349690302	0.08113331245088427	0.11290778606709473	0.12195766727001324	0.0010796571688846477
432000	-1369.0123595597265	-1219.727517260196	-149.28484229953062	0.12824920051646901	0.10212149676688814	0.12929444117060693	0.0021030246268149634
433000	-1373.4148295479276	-1221.8031306311655	-151.6116989167621	0.12952131092108163	0.16086048518765328	0.08376475199310042	0.003705919049494071
434000	-1369.5365964302325	-1218.5272545252465	-151.0093419049861	0.1499094240308629	0.11571191527990833	0.15626919133471778	0.004237104702905818
435000	-1371.5220665463955	-1222.8345800912775	-148.687486455118	0.1224254193777022	0.08600767173329538	0.09465818357721256	2.3577949256055447E-4
436000	-1370.3860514111107	-1217.8771825981125	-152.508868812998	0.0982179679761386	0.05149376304551596	0.12881588369994695	0.0019756145777537273
437000	-1370.2498222010463	-1220.5866653382363	-149.66315686280996	0.13371416089539756	0.13050686390736577	0.12431646253372561	0.0018412704885383854
438000	-1368.6451180443714	-1218.7274630809297	-149.9176549634418	0.1119851585615278	0.10337428234108718	0.13581835312763005	0.00320631586013753
439000	-1369.9126132365623	-1219.988475885539	-149.9241373510234	0.11814811812898192	0.09871272320719247	0.16254567263003575	0.0013960653343206867
440000	-1371.4928900738796	-1220.4093236300073	-151.0835664438722	0.11232013240937658	0.06589260314330112	0.08581548774049813	0.0016256574113661171
441000	-1374.1567829809667	-1220.827958670297	-153.32882431066972	0.06139578286535289	0.20086358942491142	0.09052744187395387	0.0010833218034468717
442000	-1370.2599109685336	-1220.2479068854711	-150.01200408306255	0.141683783766969	0.07394399326214655	0.12416315617983684	0.0013740159027259488
443000	-1369.850264783915	-1219.5423581851294	-150.3079065987857	0.07355127229573018	0.13823575161476975	0.13154866584002475	0.0019216640034171557
444000	-1373.2461027759155	-1217.6330111563916	-155.6130916195238	0.06458251702433515	0.04888643123292201	0.14821783736732888	0.002825009888919735
445000	-1372.669899385862	-1217.7228483923768	-154.94705099348513	0.1270012382157712	0.04265081142094514	0.10012567253631081	0.0034659845856376314
446000	-1369.5979955362602	-1219.700411822576	-149.89758371368436	0.14605839102764015	0.12254892740310092	0.12233967293445729	0.0033756229763529165
447000	-1371.3010990441321	-1220.3947261775027	-150.9063728666295	0.09896851998013795	0.10034107755545124	0.10245506901934819	0.007370867056509495
448000	-1370.6315682755699	-1219.0266163005708	-151.60495197499915	0.09124604004942367	0.08657428255665958	0.1800630496575686	0.0017015228709561336
449000	-1369.363228561073	-1217.7377376419263	-151.62549091914656	0.13895639656801223	0.073830614383868	0.13332470108022842	0.0044072588912631135
450000	-1371.360971561941	-1218.4996412058356	-152.86133035610536	0.09356173974027117	0.052602092662483245	0.1026940225636094	0.0018858034427548778
451000	-1370.005966964464	-1218.6672371439788	-151.33872982048527	0.12880362675455959	0.07456950524711337	0.10344031629632292	0.005431732337898577
452000	-1371.634644326246	-1218.1528139093516	-153.48183041689435	0.14909032828634697	0.0553960925035828	0.10877369197298681	0.003773840713934898
453000	-1372.2566882095148	-1217.1715271507665	-155.08516105874838	0.09544606009625212	0.05250570163937215	0.18644785230695854	0.004134759389770978
454000	-1370.3846407853298	-1218.8385154412936	-151.54612534403617	0.06566460403790693	0.07387917720336079	0.11862194470673426	0.001521248713088884
455000	-1369.2872078574046	-1219.6958712490189	-149.59133660838575	0.11385909652745903	0.09889659006939035	0.11869342855520601	0.0020634597689782055
456000	-1370.5317315343057	-1217.500574381368	-153.03115715293754	0.13929211728433433	0.08334357983756677	0.19461568406100616	0.004296277684372997
457000	-1369.9126808436076	-1217.712956123365	-152.19972472024244	0.14747004714841358	0.06739770150513395	0.1263981695720027	0.00459464549410857
458000	-1371.6553000073427	-1219.283449192265	-152.3718508150777	0.12980415815420607	0.09052480757245099	0.10983720247733418	0.00817409907442817
459000	-1370.2439386144556	-1218.5275634815696	-151.7163751328859	0.13062829197555537	0.12404009243557691	0.16403399431370858	0.005198670502633808
460000	-1369.3511479315198	-1217.5352233017552	-151.81592462976465	0.09564696696199312	0.06369430076583693	0.13637081168126527	0.003649116181115392
461000	-1368.8807709644177	-1218.221608365333	-150.65916259908482	0.11233741576698265	0.07337238040686603	0.11630889296926132	0.003508912001258408
462000	-1369.4328889354674	-1217.9966293228165	-151.43625961265087	0.0885957088474379	0.0639396989105126	0.13341270176476624	0.0022584378151678085
463000	-1372.262551747057	-1218.539233851661	-153.72331789539584	0.11442097011027513	0.06831492561229469	0.10354843901662782	0.003378051791338854
464000	-1373.1633645764016	-1215.826701396887	-157.33666317951446	0.09904369814451405	0.031056644203399413	0.153171374529464	0.002660645299387795
465000	-1370.9684415412835	-1218.435403183591	-152.5330383576925	0.11114393820929258	0.04919052746198677	0.14083636347437875	0.0015225646059985826
466000	-1371.6819891518237	-1220.2146247825222	-151.46736436930158	0.08077856704740946	0.1659146493600055	0.1306225028398436	0.004245975783400488
467000	-1373.0357987088762	-1220.8454623226744	-152.1903363862019	0.06124707827666055	0.1265811229822079	0.1796876340012896	6.181480182736998E-4
468000	-1370.9825122923417	-1219.6177662921166	-151.36474600022513	0.10914535946334177	0.11421877819869375	0.12719919861502302	0.007065530399234331
469000	-1371.9456544515483	-1217.3126874563488	-154.6329669951995	0.09780510847149024	0.060470527044382945	0.14873425314958633	0.003294870992594854
470000	-1370.5632287066683	-1217.4846453573261	-153.07858334934204	0.11952920728221153	0.07348841161392028	0.192702487547183	0.005086775390858746
471000	-1371.0848874357405	-1217.1866524057732	-153.89823502996737	0.07982808316107198	0.05045234184321361	0.14727940610989906	0.002612122559098046
472000	-1375.2155586725178	-1223.1918388781942	-152.02371979432365	0.06530217336834122	0.13962987706113808	0.07573855608783514	9.63385137049831E-5
473000	-1369.9208290424094	-1217.924161412293	-151.99666763011652	0.12037989158442385	0.06551795733688263	0.12412160020357357	0.006217952140626478
474000	-1371.921879915666	-1219.8095608676285	-152.1123190480375	0.07947418279368787	0.07158791554387657	0.07965169920006601	0.0017920610630764967
475000	-1370.0467142566572	-1220.9586819815795	-149.08803227507772	0.08437240908476303	0.1354550599941129	0.11748533284634875	9.252348410314674E-4
476000	-1370.6736875992096	-1219.984480110188	-150.6892074890215	0.0845975309951825	0.12369172995301371	0.09287347160967131	0.003841052378882216
477000	-1369.456382113809	-1218.6783073141034	-150.77807479970548	0.10939762586607152	0.07442472894063773	0.10480778955470725	0.003237144098231693
478000	-1370.1136132861548	-1218.9807719482515	-151.13284133790327	0.10698305801871175	0.06688485594214535	0.09643282721339426	0.0026501458603004004
479000	-1370.2070608610522	-1219.3290674942702	-150.8779933667819	0.08372542144926949	0.12900683887192807	0.1721809919543938	0.0021502302479916636
480000	-1374.5213817389367	-1218.1169106579712	-156.40447108096555	0.12701700796515838	0.052247777458778365	0.10633067090427803	0.002953925584545484
481000	-1369.6941360049937	-1221.23423020289	-148.45990580210363	0.09860415352785433	0.11041704704809722	0.11783079589017303	8.170534750928447E-4
482000	-1370.5795235590863	-1219.8786515243733	-150.7008720347131	0.08945230092468541	0.09839060289696437	0.11563620636384303	0.0014916799513213497
483000	-1373.635773953084	-1222.112186272869	-151.523587680215	0.06832790112101332	0.0939825821851391	0.08122219218889674	3.899160718256242E-4
484000	-1371.1148442887245	-1217.0744971297702	-154.0403471589544	0.10064247974164411	0.0530529899626142	0.14034961433840945	0.004243773814786025
485000	-1370.5855754917786	-1219.4488391534787	-151.1367363382999	0.08157269726540724	0.10597369742506833	0.17811320778389172	0.001549825217892565
486000	-1371.4447439488738	-1219.147539596644	-152.2972043522297	0.05650024159920961	0.091370415940823	0.13689935207883255	0.0023610251785631895
487000	-1370.23082393462	-1218.7422256263808	-151.48859830823926	0.10830338999122723	0.0737416478089724	0.11920969499704107	0.006696611065966089
488000	-1368.5643353272085	-1219.0319093753878	-149.53242595182067	0.11450779358199524	0.10797492383461088	0.1468411353213815	0.0025593335003515215
489000	-1372.205462188345	-1218.548045868928	-153.65741631941705	0.05315528501525326	0.06803675243222196	0.1333574532090298	0.0015250505941002475
490000	-1370.5125896033028	-1220.035267588264	-150.4773220150387	0.095979965035277	0.07268277362052969	0.09078366712748026	0.0015879553732801393
491000	-1371.9736807544352	-1220.9493832641992	-151.02429749023608	0.09648256182170516	0.1478876163698736	0.08650279996245576	0.002318572826807447
492000	-1369.9992141507535	-1218.4032598097447	-151.5959543410087	0.07560646958824359	0.07860500189974715	0.1461972735986229	0.003166308321882058
493000	-1370.5826919530455	-1218.8879786519403	-151.69471330110525	0.08656735245933704	0.06085446441777372	0.10606365770656448	0.0016531737435869476
494000	-1373.9914136272805	-1218.3839037451983	-155.60750988208233	0.11582209003117654	0.04369829919709311	0.1379879696565943	0.001436596857229406
495000	-1369.7091623991132	-1219.9491327651638	-149.76002963394944	0.09355775067739175	0.07787826386643242	0.11246543748857536	0.0012728146647764318
496000	-1369.333184295332	-1220.2149896251967	-149.1181946701355	0.09309713722257976	0.12485419077275736	0.14006937328654992	0.0013160883324086648
497000	-1371.0707960418904	-1221.5287673963674	-149.54202864552298	0.11954394659917512	0.10192731980289253	0.084799978508703	0.0015712343793119336
498000	-1372.1873582306373	-1220.2122432058563	-151.975115024781	0.07124634702033816	0.11468517499142437	0.1798493066449536	9.689145870764923E-4
499000	-1370.4479418828676	-1220.3565978825786	-150.091344000289	0.10533218190422264	0.1008619421795814	0.10023937571538223	0.0017614486118093672
500000	-1370.3124682550051	-1216.950898952793	-153.36156930221208	0.10695555899213378	0.05025474491627894	0.1318984130377968	0.004174218265402236
