pbsworkdir
/home/lmoreira/nas3/bfd/runs/F5
./:/home/lmoreira/programs/miniconda3/condabin:/home/lmoreira/perl5/perlbrew/bin:/home/lmoreira/perl5/perlbrew/perls/perl-5.28.0/bin:/home/lmoreira/nas3/programs/eems/runeems_snps/src:/home/lmoreira/programs/H-scan:/home/lmoreira/programs/parallel-20201222/bin:/home/lmoreira/programs/psmc:/home/lmoreira/programs/AGAT/bin:/home/lmoreira/programs/Bio-MUST-Apps-HmmCleaner-0.180750/bin:/home/lmoreira/programs/discoal:/home/lmoreira/programs/diploSHIC:/home/lmoreira/programs/samblaster:/home/lmoreira/nas3/programs/lumpy-sv/bin:/home/lmoreira/nas3/programs/boost_1_57_0:/home/lmoreira/nas3/programs/pandoc/bin:/home/lmoreira/nas3/programs/easySFS:/home/lmoreira/nas3/programs/SNPGenie:/home/lmoreira/nas3/programs/bedops/bin:/home/lmoreira/nas3/programs/gffread:/home/lmoreira/nas3/programs/gmap-2020-03-12/bin:/home/lmoreira/nas3/programs/LDhat:/home/lmoreira/nas3/programs/LDhelmet_v1.10:/home/lmoreira/nas3/programs/gm_et_linux_64:/home/lmoreira/nas3/programs/BRAKER/scripts:/home/lmoreira/nas3/programs/ngsLD:/home/lmoreira/nas3/programs/fastq-pair/build:/home/lmoreira/nas3/programs/fastq_screen_v0.14.0:/home/lmoreira/nas3/programs/iqtree-1.6.8-Linux/bin:/home/lmoreira/nas3/programs/satsuma-code:/home/lmoreira/nas3/programs/bcftools:/home/lmoreira/nas3/programs/mapping-iterative-assembler/bin:/home/lmoreira/nas3/programs/vcf2phylip:/home/lmoreira/nas3/programs/LFMM_CL_v1.5/bin:/home/lmoreira/ANGSD_pipeline/PCAngsd/pcangsd:/home/lmoreira/nas3/programs/angsd/misc:/home/lmoreira/nas3/programs/angsd:/home/lmoreira/nas3/programs/bamUtil/bin:/home/lmoreira/nas2/PopSizeABC/comp_stat/ms:/home/lmoreira/nas3/programs/bioawk:/home/lmoreira/nas3/programs/seqkit:/home/lmoreira/nas3/programs/G-PhoCS/bin:/home/lmoreira/nas3/programs/treemix-1.13/bin:/home/lmoreira/nas3/programs/fastx_toolkit_0.0.13/bin:/home/lmoreira/nas3/programs/PopLDdecay/bin:/home/lmoreira/nas3/programs/plink1.9:/home/lmoreira/nas3/programs/htslib-1.9/bin:/home/lmoreira/nas3/programs/seqtk:/home/lmoreira/nas3/programs/vcftools/bin:/home/lmoreira/nas3/programs/qualimap_v2.2.1:/home/lmoreira/nas3/programs/gatk-4.0.3.0:/home/lmoreira/nas3/programs/fsc26_linux64:/bin:/usr/bin:/usr/local/sbin:/usr/sbin:/opt/pbs/bin:/home/lmoreira/programs/mugsy_x86-64-v1r2.2/:/home/lmoreira/programs/mugsy_x86-64-v1r2.2//mapping:/home/lmoreira/programs/JustOrthologs:/home/lmoreira/programs/beast/bin/:/home/lmoreira/.local/bin:/home/lmoreira/bin
Sun Dec  5 16:54:54 EST 2021

real	0m0.000s
user	0m0.000s
sys	0m0.000s

                        BEAST v2.6.6, 2002-2021
             Bayesian Evolutionary Analysis Sampling Trees
                       Designed and developed by
 Remco Bouckaert, Alexei J. Drummond, Andrew Rambaut & Marc A. Suchard
                                    
                   Centre for Computational Evolution
                         University of Auckland
                       r.bouckaert@auckland.ac.nz
                        alexei@cs.auckland.ac.nz
                                    
                   Institute of Evolutionary Biology
                        University of Edinburgh
                           a.rambaut@ed.ac.uk
                                    
                    David Geffen School of Medicine
                 University of California, Los Angeles
                           msuchard@ucla.edu
                                    
                      Downloads, Help & Resources:
                           http://beast2.org/
                                    
  Source code distributed under the GNU Lesser General Public License:
                   http://github.com/CompEvol/beast2
                                    
                           BEAST developers:
   Alex Alekseyenko, Trevor Bedford, Erik Bloomquist, Joseph Heled, 
 Sebastian Hoehna, Denise Kuehnert, Philippe Lemey, Wai Lok Sibon Li, 
Gerton Lunter, Sidney Markowitz, Vladimir Minin, Michael Defoin Platel, 
          Oliver Pybus, Tim Vaughan, Chieh-Hsi Wu, Walter Xie
                                    
                               Thanks to:
          Roald Forsberg, Beth Shapiro and Korbinian Strimmer

Random number seed: 1638741295136

File: F5.EXT_v23_2sp.r1.xml seed: 1638741295136 threads: 8
Loading package BEAST v2.6.6
Loading package BEASTLabs v1.9.7
Loading package MODEL_SELECTION v1.5.3
Loading package SNAPP v1.5.2
Loading package BEAST v2.6.6
Alignment(bfd)
  40 taxa
  100 sites
  100 patterns

ant: 100 9
bar: 100 33
cur: 100 5
Data(snap.bfd)
  3 taxa
  100 sites
  67 patterns

Seq: seq_Amotape_B67243.Tumbes.Amotape
Seq: seq_Amotape_B67257.Tumbes.Amotape4
Seq: seq_Canchaque_B72873.Piura.Canchaque4
Seq: seq_Canchaque_B72878.Piura.Canchaque7
Seq: seq_CarpaChavin_B72793.Huanuco.CarpaChavin
Seq: seq_CarpaChavin_B72795.Huanuco.CarpaChavin1
Seq: seq_Carpish_B72761.Huanuco.Acomayo3
Seq: seq_Carpish_B72772.Huanuco.Mitotambo2
Seq: seq_Chavinillo_B72789.Huanuco.Chavinillo3
Seq: seq_Chavinillo_B72792.Huanuco.Chavinillo4
Seq: seq_Quichas_B72777.Lima.Quichas2
Seq: seq_Quichas_B72778.Lima.Quichas
Seq: seq_Huamatanga_B72889.Lima.Huamatanga7
Seq: seq_Huamatanga_B72892.Lima.Huamatanga7
Seq: seq_Pacar_B72907.Ancash.Pacar1
Seq: seq_Pacar_B72909.Ancash.Pacar3
Seq: seq_LaQuinua_B72753.Pasco.LaQuinua1
Seq: seq_LaQuinua_B72756.Pasco.LaQuinua3
Seq: seq_Chinchan_B72900.Ancash.Chinchan2
Seq: seq_Chinchan_NK_1738961
Seq: seq_curtata_cra.cur.B60322
Seq: seq_curtata_cra.cur.B81753
ant: 100 9
bar: 100 33
cur: 100 5
3 taxa
100 sites
69 patterns
Rate prior = gamma
Log Likelihood Correction = -1219.814940436066
===============================================================================
Citations for this model:

Bouckaert, Remco, Timothy G. Vaughan, Jo?lle Barido-Sottani, Sebasti?n Duch?ne, Mathieu Fourment, 
Alexandra Gavryushkina, Joseph Heled, Graham Jones, Denise K?hnert, Nicola De Maio, Michael Matschiner, 
F?bio K. Mendes, Nicola F. M?ller, Huw A. Ogilvie, Louis du Plessis, Alex Popinga, Andrew Rambaut, 
David Rasmussen, Igor Siveroni, Marc A. Suchard, Chieh-Hsi Wu, Dong Xie, Chi Zhang, Tanja Stadler, 
Alexei J. Drummond 
  BEAST 2.5: An advanced software platform for Bayesian evolutionary analysis. 
  PLoS computational biology 15, no. 4 (2019): e1006650.

David Bryant, Remco Bouckaert, Joseph Felsenstein, Noah Rosenberg, Arindam RoyChoudhury. Inferring Species Trees Directly from Biallelic Genetic Markers: Bypassing Gene Trees in a Full Coalescent Analysis. Mol. Biol. Evol. 29(8):1917-1932, 2012

===============================================================================
Starting step 2
Starting step 0
Starting step 1
Starting step 3
Starting step 4
Starting step 5
Starting step 6
Starting step 7
Finished step 7
Finished step 6
Finished step 1
Finished step 2
Finished step 5
Finished step 4
Finished step 3
Finished step 0
Starting step 8
Starting step 9
Starting step 10
Starting step 11
Starting step 12
Starting step 13
Starting step 14
Starting step 15
Finished step 8
Finished step 15
Finished step 14
Finished step 13
Finished step 11
Finished step 10
Finished step 12
Finished step 9
Starting step 16
Starting step 17
Starting step 18
Starting step 19
Starting step 20
Starting step 21
Starting step 22
Starting step 23
Finished step 17
Finished step 21
Finished step 20
Finished step 18
Finished step 19
Finished step 16
Finished step 23
Finished step 22

Loading /home/lmoreira/nas3/bfd/runs/F5/F5.EXT_v23_2sp.r1/step0/likelihood.log, burnin 20%, skipping 200 log lines

|---------|---------|---------|---------|---------|---------|---------|---------|
*********************************************************************************

Calculating statistics

|---------|---------|---------|---------|---------|---------|---------|---------|
********************************************************************************

marginalLs[0 ] = -1813.2804550279102

Loading /home/lmoreira/nas3/bfd/runs/F5/F5.EXT_v23_2sp.r1/step1/likelihood.log, burnin 20%, skipping 200 log lines

|---------|---------|---------|---------|---------|---------|---------|---------|
*********************************************************************************

Calculating statistics

|---------|---------|---------|---------|---------|---------|---------|---------|
********************************************************************************

marginalLs[1 ] = -1813.5961144087717

Loading /home/lmoreira/nas3/bfd/runs/F5/F5.EXT_v23_2sp.r1/step2/likelihood.log, burnin 20%, skipping 200 log lines

|---------|---------|---------|---------|---------|---------|---------|---------|
*********************************************************************************

Calculating statistics

|---------|---------|---------|---------|---------|---------|---------|---------|
********************************************************************************

marginalLs[2 ] = -1814.1483295305788

Loading /home/lmoreira/nas3/bfd/runs/F5/F5.EXT_v23_2sp.r1/step3/likelihood.log, burnin 20%, skipping 200 log lines

|---------|---------|---------|---------|---------|---------|---------|---------|
*********************************************************************************

Calculating statistics

|---------|---------|---------|---------|---------|---------|---------|---------|
********************************************************************************

marginalLs[3 ] = -1814.6472798521147

Loading /home/lmoreira/nas3/bfd/runs/F5/F5.EXT_v23_2sp.r1/step4/likelihood.log, burnin 20%, skipping 200 log lines

|---------|---------|---------|---------|---------|---------|---------|---------|
*********************************************************************************

Calculating statistics

|---------|---------|---------|---------|---------|---------|---------|---------|
********************************************************************************

marginalLs[4 ] = -1815.1936703244153

Loading /home/lmoreira/nas3/bfd/runs/F5/F5.EXT_v23_2sp.r1/step5/likelihood.log, burnin 20%, skipping 200 log lines

|---------|---------|---------|---------|---------|---------|---------|---------|
*********************************************************************************

Calculating statistics

|---------|---------|---------|---------|---------|---------|---------|---------|
********************************************************************************

marginalLs[5 ] = -1815.7941232843502

Loading /home/lmoreira/nas3/bfd/runs/F5/F5.EXT_v23_2sp.r1/step6/likelihood.log, burnin 20%, skipping 200 log lines

|---------|---------|---------|---------|---------|---------|---------|---------|
*********************************************************************************

Calculating statistics

|---------|---------|---------|---------|---------|---------|---------|---------|
********************************************************************************

marginalLs[6 ] = -1816.4355572126337

Loading /home/lmoreira/nas3/bfd/runs/F5/F5.EXT_v23_2sp.r1/step7/likelihood.log, burnin 20%, skipping 200 log lines

|---------|---------|---------|---------|---------|---------|---------|---------|
*********************************************************************************

Calculating statistics

|---------|---------|---------|---------|---------|---------|---------|---------|
********************************************************************************

marginalLs[7 ] = -1817.3038983338415

Loading /home/lmoreira/nas3/bfd/runs/F5/F5.EXT_v23_2sp.r1/step8/likelihood.log, burnin 20%, skipping 200 log lines

|---------|---------|---------|---------|---------|---------|---------|---------|
*********************************************************************************

Calculating statistics

|---------|---------|---------|---------|---------|---------|---------|---------|
********************************************************************************

marginalLs[8 ] = -1818.2162222614045

Loading /home/lmoreira/nas3/bfd/runs/F5/F5.EXT_v23_2sp.r1/step9/likelihood.log, burnin 20%, skipping 200 log lines

|---------|---------|---------|---------|---------|---------|---------|---------|
*********************************************************************************

Calculating statistics

|---------|---------|---------|---------|---------|---------|---------|---------|
********************************************************************************

marginalLs[9 ] = -1819.639358698549

Loading /home/lmoreira/nas3/bfd/runs/F5/F5.EXT_v23_2sp.r1/step10/likelihood.log, burnin 20%, skipping 200 log lines

|---------|---------|---------|---------|---------|---------|---------|---------|
*********************************************************************************

Calculating statistics

|---------|---------|---------|---------|---------|---------|---------|---------|
********************************************************************************

marginalLs[10 ] = -1820.5944458190068

Loading /home/lmoreira/nas3/bfd/runs/F5/F5.EXT_v23_2sp.r1/step11/likelihood.log, burnin 20%, skipping 200 log lines

|---------|---------|---------|---------|---------|---------|---------|---------|
*********************************************************************************

Calculating statistics

|---------|---------|---------|---------|---------|---------|---------|---------|
********************************************************************************

marginalLs[11 ] = -1821.4416104582483

Loading /home/lmoreira/nas3/bfd/runs/F5/F5.EXT_v23_2sp.r1/step12/likelihood.log, burnin 20%, skipping 200 log lines

|---------|---------|---------|---------|---------|---------|---------|---------|
*********************************************************************************

Calculating statistics

|---------|---------|---------|---------|---------|---------|---------|---------|
********************************************************************************

marginalLs[12 ] = -1822.8842538074714

Loading /home/lmoreira/nas3/bfd/runs/F5/F5.EXT_v23_2sp.r1/step13/likelihood.log, burnin 20%, skipping 200 log lines

|---------|---------|---------|---------|---------|---------|---------|---------|
*********************************************************************************

Calculating statistics

|---------|---------|---------|---------|---------|---------|---------|---------|
********************************************************************************

marginalLs[13 ] = -1823.9328350351343

Loading /home/lmoreira/nas3/bfd/runs/F5/F5.EXT_v23_2sp.r1/step14/likelihood.log, burnin 20%, skipping 200 log lines

|---------|---------|---------|---------|---------|---------|---------|---------|
*********************************************************************************

Calculating statistics

|---------|---------|---------|---------|---------|---------|---------|---------|
********************************************************************************

marginalLs[14 ] = -1824.3402203062994

Loading /home/lmoreira/nas3/bfd/runs/F5/F5.EXT_v23_2sp.r1/step15/likelihood.log, burnin 20%, skipping 200 log lines

|---------|---------|---------|---------|---------|---------|---------|---------|
*********************************************************************************

Calculating statistics

|---------|---------|---------|---------|---------|---------|---------|---------|
********************************************************************************

marginalLs[15 ] = -1825.4982661269294

Loading /home/lmoreira/nas3/bfd/runs/F5/F5.EXT_v23_2sp.r1/step16/likelihood.log, burnin 20%, skipping 200 log lines

|---------|---------|---------|---------|---------|---------|---------|---------|
*********************************************************************************

Calculating statistics

|---------|---------|---------|---------|---------|---------|---------|---------|
********************************************************************************

marginalLs[16 ] = -1826.4319306248728

Loading /home/lmoreira/nas3/bfd/runs/F5/F5.EXT_v23_2sp.r1/step17/likelihood.log, burnin 20%, skipping 200 log lines

|---------|---------|---------|---------|---------|---------|---------|---------|
*********************************************************************************

Calculating statistics

|---------|---------|---------|---------|---------|---------|---------|---------|
********************************************************************************

marginalLs[17 ] = -1827.2093185189574

Loading /home/lmoreira/nas3/bfd/runs/F5/F5.EXT_v23_2sp.r1/step18/likelihood.log, burnin 20%, skipping 200 log lines

|---------|---------|---------|---------|---------|---------|---------|---------|
*********************************************************************************

Calculating statistics

|---------|---------|---------|---------|---------|---------|---------|---------|
********************************************************************************

marginalLs[18 ] = -1827.1217247546358

Loading /home/lmoreira/nas3/bfd/runs/F5/F5.EXT_v23_2sp.r1/step19/likelihood.log, burnin 20%, skipping 200 log lines

|---------|---------|---------|---------|---------|---------|---------|---------|
*********************************************************************************

Calculating statistics

|---------|---------|---------|---------|---------|---------|---------|---------|
********************************************************************************

marginalLs[19 ] = -1827.4849195819131

Loading /home/lmoreira/nas3/bfd/runs/F5/F5.EXT_v23_2sp.r1/step20/likelihood.log, burnin 20%, skipping 200 log lines

|---------|---------|---------|---------|---------|---------|---------|---------|
*********************************************************************************

Calculating statistics

|---------|---------|---------|---------|---------|---------|---------|---------|
********************************************************************************

marginalLs[20 ] = -1828.3457142529137

Loading /home/lmoreira/nas3/bfd/runs/F5/F5.EXT_v23_2sp.r1/step21/likelihood.log, burnin 20%, skipping 200 log lines

|---------|---------|---------|---------|---------|---------|---------|---------|
*********************************************************************************

Calculating statistics

|---------|---------|---------|---------|---------|---------|---------|---------|
********************************************************************************

marginalLs[21 ] = -1827.754858244673

Loading /home/lmoreira/nas3/bfd/runs/F5/F5.EXT_v23_2sp.r1/step22/likelihood.log, burnin 20%, skipping 200 log lines

|---------|---------|---------|---------|---------|---------|---------|---------|
*********************************************************************************

Calculating statistics

|---------|---------|---------|---------|---------|---------|---------|---------|
********************************************************************************

marginalLs[22 ] = -1827.1583616238624

Loading /home/lmoreira/nas3/bfd/runs/F5/F5.EXT_v23_2sp.r1/step23/likelihood.log, burnin 20%, skipping 200 log lines

|---------|---------|---------|---------|---------|---------|---------|---------|
*********************************************************************************

Calculating statistics

|---------|---------|---------|---------|---------|---------|---------|---------|
********************************************************************************

marginalLs[23 ] = -1827.211812543175

Step        theta         likelihood   contribution ESS
0            1            -1813.2805   0            706.5799     
1            0.8623       -1813.5961   -249.7362    801          
2            0.7384       -1814.1483   -224.6689    764.1573     
3            0.6276       -1814.6473   -201.0969    801          
4            0.529        -1815.1937   -179.0025    801          
5            0.4417       -1815.7941   -158.3691    801          
6            0.3651       -1816.4356   -139.1608    744.5567     
7            0.2983       -1817.3039   -121.3677    676.5581     
8            0.2406       -1818.2162   -104.9513    747.8739     
9            0.1911       -1819.6394   -89.8997     801          
10           0.1493       -1820.5944   -76.1405     801          
11           0.1143       -1821.4416   -63.6619     801          
12           0.0855       -1822.8843   -52.4565     659.9282     
13           0.0623       -1823.9328   -42.4565     709.3788     
14           0.0438       -1824.3402   -33.6331     677.9552     
15           0.0296       -1825.4983   -25.972      652.0956     
16           0.019        -1826.4319   -19.4145     686.6909     
17           0.0113       -1827.2093   -13.9199     749.5158     
18           0.0062       -1827.1217   -9.438       785.913      
19           0.0029       -1827.4849   -5.923       629.6656     
20           0.0011       -1828.3457   -3.3104      365.8756     
21           0.0003       -1827.7549   -1.5245      571.2651     
22           0            -1827.1584   -0.4794      673.0725     
23           0            -1827.2118   -0.0528      801          
sum(ESS) = 17209.0822  

marginal L estimate = -1816.6360956685935


Total wall time: 128901 seconds
Done

real	2148m23.815s
user	17473m5.297s
sys	256m35.780s
