#
#model:
#
#<?xml version="1.0" encoding="UTF-8" standalone="no"?><input id="posterior" spec="beast.core.util.CompoundDistribution">
#    <distribution id="prior" spec="beast.core.util.CompoundDistribution">
#        <prior id="lambdaPrior.bfd" name="distribution">
#            <parameter id="lambda" lower="0.0" name="x" spec="beast.core.parameter.RealParameter">0.01</parameter>
#            <Gamma id="Gamma.0" name="distr">
#                <parameter estimate="false" id="RealParameter.1" name="alpha" spec="beast.core.parameter.RealParameter">2.0</parameter>
#                <parameter estimate="false" id="RealParameter.2" name="beta" spec="beast.core.parameter.RealParameter">200.0</parameter>
#            </Gamma>
#        </prior>
#        <distribution id="snapprior.bfd" lambda="@lambda" spec="snap.likelihood.SnAPPrior">
#            <parameter estimate="false" id="alpha" lower="0.0" name="alpha" spec="beast.core.parameter.RealParameter">11.75</parameter>
#            <parameter estimate="false" id="beta" lower="0.0" name="beta" spec="beast.core.parameter.RealParameter">109.73</parameter>
#            <parameter estimate="false" id="kappa" lower="0.0" name="kappa" spec="beast.core.parameter.RealParameter">1.0</parameter>
#            <parameter id="coalescenceRate" name="coalescenceRate" spec="beast.core.parameter.RealParameter">10.0</parameter>
#            <tree clusterType="upgma" id="Tree.bfd" nodetype="snap.NodeData" spec="beast.util.ClusterTree">
#                <taxa dataType="integerdata" id="snap.bfd" spec="snap.Data">
#                    <taxonset id="ant" spec="beast.evolution.alignment.TaxonSet">
#                        <taxon id="Amotape_B67243.Tumbes.Amotape" spec="beast.evolution.alignment.Taxon"/>
#                        <taxon id="Amotape_B67257.Tumbes.Amotape" spec="beast.evolution.alignment.Taxon"/>
#                        <taxon id="Canchaque_B72873.Piura.Canchaque" spec="beast.evolution.alignment.Taxon"/>
#                        <taxon id="Canchaque_B72878.Piura.Canchaque" spec="beast.evolution.alignment.Taxon"/>
#                        <taxon id="Porculla_B72863.Piura.Porculla" spec="beast.evolution.alignment.Taxon"/>
#                        <taxon id="Porculla_B72866.Piura.Porculla" spec="beast.evolution.alignment.Taxon"/>
#                    </taxonset>
#                    <taxonset id="bar" spec="beast.evolution.alignment.TaxonSet">
#                        <taxon id="CarpaChavin_B72793.Huanuco.CarpaChavin" spec="beast.evolution.alignment.Taxon"/>
#                        <taxon id="CarpaChavin_B72795.Huanuco.CarpaChavin" spec="beast.evolution.alignment.Taxon"/>
#                        <taxon id="Carpish_B72761.Huanuco.Acomayo" spec="beast.evolution.alignment.Taxon"/>
#                        <taxon id="Carpish_B72772.Huanuco.Mitotambo" spec="beast.evolution.alignment.Taxon"/>
#                        <taxon id="Chavinillo_B72789.Huanuco.Chavinillo" spec="beast.evolution.alignment.Taxon"/>
#                        <taxon id="Chavinillo_B72792.Huanuco.Chavinillo" spec="beast.evolution.alignment.Taxon"/>
#                        <taxon id="Macate_B72807.Ancash.Macate" spec="beast.evolution.alignment.Taxon"/>
#                        <taxon id="Macate_B72814.Ancash.Macate" spec="beast.evolution.alignment.Taxon"/>
#                        <taxon id="Quichas_B72777.Lima.Quichas" spec="beast.evolution.alignment.Taxon"/>
#                        <taxon id="Quichas_B72778.Lima.Quichas" spec="beast.evolution.alignment.Taxon"/>
#                        <taxon id="CorBlanca_NK_171703" spec="beast.evolution.alignment.Taxon"/>
#                        <taxon id="CorBlanca_FMNH_391888" spec="beast.evolution.alignment.Taxon"/>
#                        <taxon id="Huamatanga_B72889.Lima.Huamatanga" spec="beast.evolution.alignment.Taxon"/>
#                        <taxon id="Huamatanga_B72892.Lima.Huamatanga" spec="beast.evolution.alignment.Taxon"/>
#                        <taxon id="Pacar_B72907.Ancash.Pacar" spec="beast.evolution.alignment.Taxon"/>
#                        <taxon id="Pacar_B72909.Ancash.Pacar" spec="beast.evolution.alignment.Taxon"/>
#                        <taxon id="LaQuinua_B72753.Pasco.LaQuinua" spec="beast.evolution.alignment.Taxon"/>
#                        <taxon id="LaQuinua_B72756.Pasco.LaQuinua" spec="beast.evolution.alignment.Taxon"/>
#                        <taxon id="Chinchan_B72900.Ancash.Chinchan" spec="beast.evolution.alignment.Taxon"/>
#                        <taxon id="Chinchan_NK_173896" spec="beast.evolution.alignment.Taxon"/>
#                    </taxonset>
#                    <taxonset id="cur" spec="beast.evolution.alignment.TaxonSet">
#                        <taxon id="curtata_cra.cur.B6032" spec="beast.evolution.alignment.Taxon"/>
#                        <taxon id="curtata_cra.cur.B8175" spec="beast.evolution.alignment.Taxon"/>
#                    </taxonset>
#                </taxa>
#                <parameter id="RealParameter.0" lower="0.0" name="clock.rate" spec="beast.core.parameter.RealParameter" upper="0.0">1.0</parameter>
#            </tree>
#        </distribution>
#    </distribution>
#    <distribution id="likelihood" spec="beast.core.util.CompoundDistribution">
#        <distribution data="@snap.bfd" id="treeLikelihood.bfd" non-polymorphic="false" pattern="coalescenceRate" spec="snap.likelihood.SnAPTreeLikelihood" tree="@Tree.bfd">
#            <siteModel id="MutationSiteModel.bfd" spec="beast.evolution.sitemodel.SiteModel">
#                <parameter estimate="false" id="mutationRate" name="mutationRate" spec="beast.core.parameter.RealParameter">1.0</parameter>
#                <parameter estimate="false" id="shape" name="shape" spec="beast.core.parameter.RealParameter">2.0</parameter>
#                <parameter estimate="false" id="proportionInvariant" name="proportionInvariant" spec="beast.core.parameter.RealParameter">0.0</parameter>
#                <substModel coalescenceRate="@coalescenceRate" id="MutationModel" spec="snap.likelihood.SnapSubstitutionModel">
#                    <parameter estimate="false" id="u" lower="0.0" name="mutationRateU" spec="beast.core.parameter.RealParameter">1.0</parameter>
#                    <parameter id="v" lower="0.0" name="mutationRateV" spec="beast.core.parameter.RealParameter">1.0</parameter>
#                </substModel>
#            </siteModel>
#        </distribution>
#    </distribution>
#</input>
#
Sample	posterior	likelihood	prior	theta0	theta1	theta2	theta3	theta4	TreeHeightLogger
0	-2548.2369618937837	-2296.6724604640144	-251.56450142976908	0.04744760113546558	0.05361343876900607	0.09037176162267058	0.05811659428039639	0.1195945389751007	0.001515160443779705
1000	-2549.2750177125963	-2295.7050279523264	-253.56998976026966	0.14324346952218614	0.060832737530810595	0.03417565249858322	0.11316288786703306	0.18073009517578106	0.004038551245223321
2000	-2540.904289167819	-2292.7270592104196	-248.17722995739965	0.07132928066879735	0.11325655436187036	0.07152633402864918	0.10824001570903195	0.1994843969750138	0.004324506621830862
3000	-2541.639651324214	-2295.711003235437	-245.92864808877658	0.06944554421801079	0.10550631729016828	0.11890426089834251	0.12629041289203655	0.16281220152027792	0.004863194628258397
4000	-2541.3630256818087	-2292.830375171926	-248.5326505098828	0.09377201481411382	0.1586405483448844	0.070356819044523	0.09425646571363991	0.19922638435298254	0.005014268461627725
5000	-2540.0978459309304	-2293.6517315144692	-246.44611441646097	0.08888638383149618	0.09654340194683965	0.11910874752343958	0.10770066831770586	0.19397119361838472	0.004741329838692038
6000	-2541.172954026544	-2294.2647726629098	-246.90818136363436	0.08358796627242916	0.1086954686308276	0.08140713779453917	0.13200965489217778	0.18007147329344805	0.005898873565146024
7000	-2543.3045277357105	-2295.788826557938	-247.51570117777234	0.0552335709460533	0.0790258461430613	0.10215977160120149	0.09254050638435467	0.14068237364272015	0.004303180440388474
8000	-2545.689980459744	-2294.5614657969663	-251.1285146627777	0.08062371957243401	0.10313271938716537	0.10594297745364004	0.049339256324319646	0.1608221181877135	0.003789779792140354
9000	-2543.315998535607	-2296.4736081750993	-246.84239036050764	0.09370445448653071	0.07232634444349194	0.09458384838310277	0.13263397225657375	0.1694315572761075	0.006421307827277157
10000	-2541.3408148867015	-2294.112220071494	-247.22859481520734	0.09671470816922581	0.12174141199474411	0.05830027262297394	0.08517711493904	0.15434660239709094	0.004453175133332451
11000	-2545.844922042473	-2294.0624668377604	-251.78245520471262	0.11308661352394209	0.14674185135697917	0.03887954903195352	0.09254370544435787	0.1644857119690064	0.003491098387234913
12000	-2542.230874821424	-2295.5344780892433	-246.69639673218094	0.1428839922402867	0.08565694377720388	0.14349118020663004	0.1417657074932095	0.17428062726079876	0.004392874943101049
13000	-2539.9353585503122	-2293.498474318749	-246.4368842315635	0.08515954143749917	0.09434546257010629	0.11257943139800003	0.08471138158286125	0.19288014205475487	0.004041470652220004
14000	-2541.1168927917606	-2296.6122904016192	-244.50460239014137	0.11286000981220712	0.1114313664382603	0.08019805140529664	0.11808328387921396	0.15031125018437003	0.003289571332843094
15000	-2549.5753405948335	-2300.0178009954993	-249.5575395993341	0.06442998731904159	0.10726344184593571	0.06416055461330891	0.07291831606592353	0.09468524948096818	0.003762418773037959
16000	-2544.538526611753	-2293.9829403969616	-250.55558621479105	0.04825350784239783	0.1315555472671454	0.10805028042491942	0.13976884350718158	0.21772587645496982	0.002615586111162395
17000	-2541.0214374044203	-2296.0606353701896	-244.96080203423077	0.11809146425619386	0.08004577041334648	0.07863652223606706	0.1204847220206276	0.13822511378991695	0.004172033776958128
18000	-2539.768818141265	-2294.492458257014	-245.2763598842513	0.09805964279731803	0.07954880039826048	0.09462951032640725	0.0819118985781094	0.17193759035387732	0.003006901288099426
19000	-2549.576113619649	-2298.960911681107	-250.61520193854187	0.0826726287055599	0.14338447516450456	0.066170405666264	0.10824155060690173	0.18030156564651206	0.010183412456743372
20000	-2540.7459479315157	-2295.612062212365	-245.13388571915095	0.07523204280241835	0.09897144963303282	0.07580942227986458	0.10660009562676105	0.15582509362578584	0.002518247821748919
21000	-2543.06998191669	-2295.798837592973	-247.27114432371656	0.10207258063160725	0.11815858121540954	0.1177115816578738	0.13375406846631308	0.16814957743630293	0.004838095956737161
22000	-2542.578505521839	-2298.6561517088335	-243.92235381300537	0.07587541587309397	0.11092469980922774	0.11318761796355775	0.10668354164075505	0.12790603462456326	0.0027404986456719886
23000	-2541.0572086248	-2295.71330560414	-245.34390302066	0.09342105522005373	0.11129488776471243	0.07535165024288455	0.1074933882341244	0.1407704838431689	0.004159368533812732
24000	-2542.744361582303	-2298.6306283215135	-244.11373326078964	0.06744786213886077	0.13719841972825758	0.12507860214271752	0.10565938207217276	0.12633408309041796	0.0031740209817784867
25000	-2539.8744104925445	-2295.5070867396544	-244.36732375288994	0.0986857084055532	0.13741076696722362	0.10978880325383845	0.13754248695559165	0.16369384675692727	0.004122371643713143
26000	-2545.6053132091965	-2292.8572643870457	-252.74804882215105	0.06915507700539893	0.1411718376661496	0.07375927841416867	0.0859457911502661	0.2561191915468963	0.00269734790907611
27000	-2542.680541205571	-2295.3107193634764	-247.36982184209475	0.05542332347093695	0.09895700478633229	0.12945486032970677	0.13154576597411552	0.15537689086048692	0.005579627256365146
28000	-2543.435270086017	-2299.9089600720094	-243.52631001400766	0.07245774340337374	0.10371916160160102	0.10319697458711106	0.12663449515160585	0.14418331550554533	0.0018407302046890338
29000	-2542.886851450801	-2294.3229364965005	-248.56391495430051	0.09938271435875326	0.1542503956540961	0.13485608778384625	0.08849207749402097	0.20352028300791455	0.0059191372012048025
30000	-2543.5678370137875	-2295.2813782865796	-248.28645872720807	0.11892841980725354	0.0846091730384491	0.10579713963202676	0.15346530329961702	0.21074306777776175	0.008203521331978186
31000	-2542.6897540478712	-2297.980258163815	-244.709495884056	0.0894061539006231	0.10303946575709436	0.10654832493116774	0.06495733408779666	0.1186424827069945	0.0026961342938695634
32000	-2541.980970782252	-2298.0583070713283	-243.9226637109235	0.10201747414112616	0.11632738400777108	0.09497231014289244	0.08265751727526971	0.15251019344269387	0.0026419428389534783
33000	-2542.709168560103	-2290.747428128406	-251.96174043169677	0.11530369587337425	0.14953822164253416	0.05788994118542613	0.13182729595133813	0.24458291094102613	0.00601757485879973
34000	-2545.118911996983	-2294.2694897239653	-250.84942227301804	0.12469134930731945	0.14248666007950903	0.045101877830809045	0.06745130466822348	0.1842772747578393	0.004907271001514511
35000	-2546.0220404123	-2300.830195782726	-245.19184462957384	0.08976217100310564	0.14204893307912225	0.09479555838793098	0.08736115675950178	0.14895822584495957	0.002900288295100146
36000	-2543.006381635695	-2296.263140514678	-246.7432411210168	0.12440744487561434	0.10808681964110045	0.09998570487216708	0.06562329062836379	0.16891235950678374	0.005198177604408399
37000	-2540.4272028185314	-2292.6948932690193	-247.7323095495122	0.12568487249811608	0.11736384168811942	0.08069656142619373	0.09184155959890605	0.22859165464670614	0.0039980071971411355
38000	-2544.8957013833665	-2295.4900039998997	-249.40569738346696	0.08184516642296827	0.07524289455373467	0.10318947675158852	0.0639783394055505	0.13449317981817097	0.003198529438981866
39000	-2543.7047582738396	-2292.731343711478	-250.97341456236163	0.04934940601245479	0.14759033468954139	0.06670852349904005	0.08557010018303615	0.20497069501191284	0.0027313779749795863
40000	-2541.8807612224055	-2295.6120876370414	-246.26867358536393	0.10983142196178776	0.1290369114568915	0.14895575375861203	0.1792027989715315	0.16693697811280148	0.00522820669499512
41000	-2547.278631540833	-2294.441353474499	-252.83727806633405	0.10775185480653643	0.05968003150354786	0.06966416246715373	0.039265552405341485	0.17427337487962707	0.0021519003683160534
42000	-2540.4048696341665	-2295.1993764338795	-245.20549320028695	0.08890667706699149	0.11402051520700415	0.09433633681336595	0.07100645204478369	0.14765293145822617	0.003246480884995636
43000	-2542.3065005770372	-2295.5739811569147	-246.73251942012237	0.1000091052212332	0.08693643423178353	0.1112429815375599	0.08660911705838001	0.14954988270419636	0.004207292642131467
44000	-2544.0273904767305	-2294.628320700067	-249.3990697766633	0.08064719433815491	0.07560894729385295	0.06174093771839663	0.16529453939709873	0.16031692498306704	0.0061266819911313455
45000	-2540.5271186671866	-2295.674181338827	-244.85293732835967	0.1073551360714652	0.0983619298407099	0.09499266877508335	0.08771691502794363	0.14846254208301263	0.00486563213182108
46000	-2545.8333801875865	-2293.8641150646918	-251.96926512289485	0.03817070099159393	0.08556076168120576	0.09546507850611861	0.19132690294950971	0.18654735780614	0.0020018834594760317
47000	-2544.836814396605	-2290.4566531203377	-254.38016127626744	0.13305982430118896	0.14446801686177993	0.04181349756787276	0.1074136621902859	0.24639209818571922	0.00632299551347249
48000	-2540.4158288358076	-2294.9357190207243	-245.48010981508313	0.09851184310469709	0.10601889308421651	0.07099044130473238	0.09418881843130346	0.14977857768052671	0.004263383811167378
49000	-2542.409272574319	-2292.737203219535	-249.67206935478424	0.07372840656036901	0.09102795557915468	0.04904451778472766	0.09791323712044159	0.18234716831708142	0.0033260735167569408
50000	-2544.4486629518105	-2294.7782453015534	-249.67041765025718	0.07599312259341653	0.10677049047618434	0.17063500153707556	0.08493933039881332	0.21681674120272101	0.004647684542802533
51000	-2542.7477899765067	-2294.0206193254485	-248.72717065105806	0.07371676758652201	0.08726683075575953	0.05315807844101679	0.09862743711249504	0.1557000554613571	0.004478333461949766
52000	-2543.7037152381236	-2297.892499602682	-245.8112156354414	0.07888047000205221	0.0817143177033234	0.07122267528880602	0.13739267818273154	0.11886777839226163	0.003033989591438564
53000	-2544.1427795534473	-2294.8193885365913	-249.3233910168562	0.037872657810693044	0.10303484242856642	0.1124050666455052	0.11708111929063744	0.17996049287171798	0.0026579562807603624
54000	-2541.519240426804	-2297.5942226204043	-243.92501780639998	0.11380391503062881	0.0848268074684772	0.0847919176891925	0.12696731374719172	0.12328707006192831	0.0036268429775648675
55000	-2541.065485494484	-2292.660018103101	-248.40546739138335	0.107470500875996	0.141428615500423	0.06043893110764955	0.11491527731688976	0.1929864891252938	0.004926404187207879
56000	-2541.735466117878	-2295.523786173928	-246.2116799439501	0.08971540732538648	0.0575703890310929	0.13354073590369075	0.09482955695425155	0.157330706335433	0.0034498954401130572
57000	-2539.4511340401427	-2292.6117950307525	-246.83933900939	0.09906565187539314	0.12382969176543568	0.06820055724241632	0.11258602962214473	0.19102930557981537	0.004375410889925729
58000	-2545.607390436306	-2295.6073835659454	-250.00000687036086	0.07241085574911753	0.09598410716100184	0.09661953986216129	0.09662037409827505	0.14213822688125513	0.0031319964887141583
59000	-2541.378958684192	-2294.512193760901	-246.86676492329104	0.09656757222834597	0.13234581786212773	0.07618806510889214	0.0774677210347277	0.18439865675118822	0.004234603020526169
60000	-2544.7626774370633	-2290.5710034125086	-254.19167402455454	0.06710505867075542	0.1303364922671123	0.040028493490627544	0.09850119141208798	0.24224322227482473	0.0032635283560768498
61000	-2540.647400039229	-2294.4818010785852	-246.1655989606439	0.11927060374395934	0.10543911926294586	0.10275010721999354	0.08602965017934065	0.18701614414000242	0.004820392535284024
62000	-2541.2345009629325	-2296.9319649776417	-244.30253598529092	0.07729578292750243	0.10116516590596746	0.12355607998573112	0.1201279877191583	0.13315029136172524	0.004481931821171227
63000	-2544.852705402995	-2294.153577480632	-250.6991279223631	0.07620937679603447	0.11979440402050562	0.05424434199854732	0.057762621550535756	0.18870486432204303	0.00271128372298984
64000	-2539.681064390083	-2293.533059795385	-246.1480045946981	0.09964792545947503	0.0951142091868171	0.07560662190864802	0.11410719437927676	0.19040577650549614	0.004225725763828469
65000	-2547.3193431988916	-2296.124619632328	-251.1947235665634	0.074754330825297	0.056421756023625556	0.23577407055245128	0.1377839904314024	0.15075047961979332	0.0035550537267911102
66000	-2544.1952402876773	-2296.108577008628	-248.08666327904925	0.0713499060765292	0.11442150534372969	0.08723163680538457	0.052227730384386134	0.13628581257105843	0.003991515895039598
67000	-2541.6612260025363	-2296.3718860642957	-245.2893399382405	0.09439759279564285	0.08829986918063719	0.08982244774425487	0.10316398097020492	0.15598271437910263	0.005293108351208481
68000	-2542.7148460225435	-2293.798846217979	-248.9159998045643	0.10198099823209633	0.09508705263619861	0.04149154335384184	0.12067380832887166	0.16127278648442803	0.0032372955024565545
69000	-2540.8711263079676	-2293.077647489081	-247.79347881888694	0.08898931768827831	0.14755845669868412	0.0692700456148884	0.09075943102636819	0.18424089032705374	0.00517659959923927
70000	-2542.470695413957	-2293.6442241302866	-248.8264712836705	0.06859550129904646	0.09329772713476814	0.12942633232391207	0.11047511753074059	0.23136409680986883	0.0036845613976705864
71000	-2540.0818172624495	-2293.528349119039	-246.55346814341038	0.12509103332472446	0.0829405558407596	0.07819047042482564	0.09348541268354787	0.19447337189327496	0.0037112257215958133
72000	-2543.10955475257	-2295.5231110393925	-247.58644371317772	0.0739272018431536	0.06282469233626278	0.15209888423884485	0.1167073735015681	0.16700236386120937	0.0032131572728695593
73000	-2543.8822569988656	-2293.4516722213784	-250.430584777487	0.06462980355899714	0.055057335252309006	0.13889616495300725	0.09798063323878729	0.201026018381694	0.0026490138574835243
74000	-2543.8722593195234	-2298.3108794446193	-245.56137987490433	0.08815614339711098	0.08535201631921796	0.09961200261219942	0.057135404131379304	0.13262494536257177	0.001788219113060875
75000	-2541.9778953906803	-2292.2350440894534	-249.74285130122698	0.12437515557486231	0.10581602193979074	0.04782750223642424	0.12194240486917236	0.2005576907206077	0.005740903354300879
76000	-2542.7153780508147	-2297.089179048621	-245.6261990021937	0.08623969888392324	0.08996068892416009	0.11172525589476058	0.10494487674698041	0.13710095414794224	0.004749181271419312
77000	-2546.2218102204984	-2292.3257461115536	-253.89606410894459	0.0775602907022706	0.09901016416904967	0.034467175609404724	0.08334087741163211	0.194390673351114	0.0031258397350331863
78000	-2541.246471700505	-2294.231581494725	-247.01489020577972	0.13793528274148828	0.10132708107691993	0.1249678034084566	0.08435877299343794	0.20755961742535164	0.003835961300949528
79000	-2543.0787214954894	-2297.004175700373	-246.07454579511648	0.10403554345755624	0.09563428844890905	0.05520421448281925	0.12447196709020802	0.12265825944889239	0.0037759447915106147
80000	-2541.28948605962	-2297.789480046279	-243.50000601334085	0.1073412421621281	0.09965205365331006	0.09061862116458501	0.09125401508538988	0.12899878830313735	0.002963970085314813
81000	-2546.4494360276894	-2297.513882000533	-248.93555402715626	0.042511672954124925	0.11540850815504357	0.0847344418390444	0.12017450582556834	0.1496374621225747	0.0039710560651959464
82000	-2541.7824297878033	-2296.036089618553	-245.74634016925032	0.1203928428193995	0.07258684039015192	0.12056608091024716	0.07402240796476071	0.1442536000875877	0.003481239460889085
83000	-2541.2664465531893	-2294.5810779644185	-246.68536858877096	0.13206243156276934	0.14648902456371446	0.07628849496127782	0.08735090002115115	0.16462078410200923	0.00585581120541731
84000	-2545.2027120209063	-2292.8195790814934	-252.3831329394131	0.05214472466758249	0.09033715538807134	0.06514502173992058	0.052207324403866176	0.17096854595157643	0.0024405957323367683
85000	-2540.5953223644105	-2296.6687668423865	-243.92655552202396	0.08633798254863619	0.12245489764859648	0.09978791886487894	0.10330032063162047	0.1328053313617098	0.004086452719396698
86000	-2541.806332554318	-2293.0690729638973	-248.73725959042082	0.05933286408332842	0.09138077573154382	0.12714355718791798	0.06578942502914349	0.19637184075691858	0.0027832357919239533
87000	-2543.538408985349	-2295.4015503128867	-248.13685867246247	0.060133963683916214	0.1360212249471114	0.11663135348401833	0.11075544700402251	0.20877124348288356	0.0023487754186240165
88000	-2540.636569544948	-2293.115532165778	-247.52103737917008	0.07123704834938283	0.06824010406382723	0.10681613032410166	0.11131062510661477	0.1948477282724731	0.0035197702295056534
89000	-2542.24148091981	-2296.0730432450496	-246.16843767476047	0.09798900667562162	0.1353423624354842	0.1718420974603494	0.08798176924240826	0.18256310320810779	0.0033220743895563047
90000	-2540.4670187046486	-2295.3052345893248	-245.16178411532405	0.09085267861784972	0.10646335147167171	0.09012812341694705	0.1341860654738449	0.16436086580679313	0.004275318467874517
91000	-2541.3394146674045	-2296.2317447970504	-245.10766987035424	0.08473518750940309	0.08564918633956159	0.11349312913774072	0.07425345405030849	0.12884647325767729	0.003177789950820714
92000	-2543.6540714832345	-2296.9042680372727	-246.74980344596196	0.15519305831640387	0.08669778649218547	0.06878865682717576	0.0785050620935877	0.17521854557584737	0.0027429392053230552
93000	-2544.1503807752083	-2294.954401970367	-249.19597880484127	0.1068914349943802	0.06578340584869989	0.14167972962964756	0.0640237351118668	0.19676253704867017	0.002982086129577322
94000	-2542.2454330626	-2292.3221423672608	-249.92329069533932	0.07403968651327002	0.12909437276464888	0.11847038217787041	0.06316972298936487	0.23419947513309086	0.0035143843942495186
95000	-2545.87158377008	-2294.598880542415	-251.27270322766515	0.0461096772101662	0.06938500493337818	0.11349081523369811	0.058510758062791886	0.15747847398793055	0.0023563452541971765
96000	-2542.551003201593	-2292.9789343909206	-249.57206881067253	0.07785582961059119	0.1053904861044927	0.05476527594117407	0.14271873165058044	0.1840978763970405	0.0031525469654258664
97000	-2541.585353570021	-2294.222366289071	-247.36298728095014	0.0628197946512233	0.0897950209649205	0.07892392691780127	0.11203636121888114	0.19125646094955454	0.0024725106703833376
98000	-2542.334473104994	-2294.98995973496	-247.3445133700336	0.06981744553226656	0.11390284204787922	0.08209104909233099	0.10121819351782979	0.18764506391348001	0.005109967172990635
99000	-2546.3199911394395	-2299.9235289304197	-246.39646220901977	0.17725807766493432	0.10007441354395821	0.12537523389340216	0.051228268620853536	0.1440256212882653	0.0018680744314193696
100000	-2540.2351600036463	-2293.70211941046	-246.5330405931862	0.09717905337570845	0.12188269624844042	0.07581646072547694	0.07841415440309432	0.18256008412125682	0.003846484732627215
101000	-2541.6157514868974	-2293.4411210406174	-248.17463044628002	0.08471049211239713	0.053928759187995993	0.09651515773956935	0.09283467461113089	0.18909355004563633	0.0032075118787621044
102000	-2541.87018944826	-2296.9126208705893	-244.95756857767063	0.10411349712054432	0.07517201336058776	0.11934209853316151	0.12219441242403216	0.13736588611998993	0.003318080153638899
103000	-2539.7145481927378	-2294.17009899579	-245.544449196948	0.09416302498211973	0.10556195305603089	0.08931305814105017	0.1155895659830622	0.17739611513488457	0.005232638308260645
104000	-2541.7750214501107	-2297.3322532539178	-244.4427681961928	0.0855969622997128	0.109989397276503	0.10266926692693665	0.11353768548477937	0.13478732584214276	0.004575101772378898
105000	-2540.5676031984076	-2294.747746626839	-245.8198565715686	0.11034956221196011	0.09137173669548723	0.14409879609899579	0.10325974174873857	0.1920233127735087	0.003407825560775353
106000	-2545.4790036494896	-2296.014735613876	-249.46426803561363	0.07810247150272277	0.06108934063804081	0.08898586904026293	0.05221806374494236	0.15632566287821506	0.00214872094450614
107000	-2540.2260713995856	-2295.451735752224	-244.77433564736134	0.12636982861119256	0.09191301995488971	0.10885978231797158	0.09794777553046292	0.15913708629231735	0.005158159045228488
108000	-2543.420913725697	-2292.424948679365	-250.99596504633197	0.07858986812589809	0.08370325710681559	0.10091625772061698	0.08514240273804694	0.2651223112608344	0.0031019156278779716
109000	-2543.498695827259	-2293.0552019115607	-250.44349391569799	0.13899624048335302	0.14789836864413716	0.05360501666511701	0.12754191609027038	0.20138800062584725	0.007186349920526977
110000	-2541.459790491253	-2294.9200597647973	-246.5397307264555	0.13120545507734904	0.08818920259037046	0.15678229630550639	0.11309437084540411	0.19543427165302205	0.005101732402257417
111000	-2541.975072931729	-2294.683137900088	-247.29193503164126	0.09334069786820878	0.08293244429130059	0.11976597551185442	0.1014632968113916	0.18923683830714763	0.005323645846922161
112000	-2541.9418721635357	-2294.3919341195956	-247.5499380439399	0.07022509354892313	0.06142370841849359	0.13963420389441203	0.14496816069023277	0.16630398391239434	0.0034102259983319126
113000	-2542.7815772661647	-2294.141524999487	-248.6400522666776	0.06311206271479564	0.07479942475073248	0.07911547599081593	0.062262239265211954	0.1510399027089364	0.002298175033406766
114000	-2541.1655915235533	-2293.384766342732	-247.7808251808217	0.07697306930386055	0.09046928831977903	0.10351423618594614	0.07873610137719572	0.21350264790680368	0.0038153634819289494
115000	-2545.2726665772225	-2297.033659146984	-248.23900743023825	0.10773345154000938	0.11993468015088556	0.1529959269881958	0.1078524769177785	0.20553886976820615	0.007911713925869306
116000	-2542.7220398216364	-2294.501968907183	-248.2200709144535	0.0769043217155684	0.12712763222293783	0.07664069546421526	0.09252721300278727	0.180471446677872	0.005463629194935782
117000	-2540.597742356166	-2295.092705998554	-245.50503635761214	0.0738987802459747	0.09671449649293222	0.13386929540209389	0.08514798283300931	0.16777473193778392	0.0027105485299313103
118000	-2541.123702045907	-2292.5854123676163	-248.53828967829094	0.07552551718111727	0.10363979150751303	0.08043204017701627	0.09168082670478658	0.20546613782732873	0.004134873460213264
119000	-2542.5881515056935	-2294.357096081409	-248.2310554242844	0.048198609729754954	0.11223841104547103	0.06995123819226497	0.11813418836885013	0.16246992792546022	0.002449241201008009
120000	-2542.2994355065907	-2295.3155260536023	-246.98390945298829	0.09104317492425085	0.09459240645354652	0.11308749314283494	0.19732091996979445	0.15848539705084877	0.004422229912379174
121000	-2542.0977397750394	-2294.517344050933	-247.58039572410664	0.09391012347100507	0.13173930918246932	0.07101914861841617	0.0729890371507157	0.1661811812322763	0.005309353173933125
122000	-2540.6672861532993	-2293.2894787795617	-247.37780737373777	0.15702499498785374	0.11772634020065867	0.08477086491224946	0.12211206948467977	0.20193932215884647	0.005922447652235997
123000	-2543.997159481361	-2294.2220604042222	-249.7750990771389	0.06168948297556233	0.07861279486063695	0.059773148784920516	0.10106576575666411	0.1549396752642446	0.004439728414367261
124000	-2541.7043408702393	-2293.3239659685983	-248.3803749016412	0.10883156601303434	0.12400318182472696	0.07406624035799202	0.10920670051212733	0.19008927008818383	0.004216606167356977
125000	-2546.582628451811	-2293.879857542005	-252.70277090980625	0.032963216559741174	0.08923019478135814	0.10117743167322045	0.16655429461707197	0.16890366542441038	0.005019383294904181
126000	-2540.4038325755	-2293.9130684307006	-246.49076414479958	0.0876594866072423	0.08436448631157874	0.10358851040317556	0.09346645832243365	0.18735465456008663	0.0030273253590381985
127000	-2540.8963419540178	-2295.0244241045166	-245.87191784950116	0.08383443882929698	0.06386074956874677	0.12276596529355681	0.10910036284010578	0.15479082521602397	0.004101038126147602
128000	-2540.763074316394	-2294.9881763809526	-245.77489793544134	0.06671639327094779	0.10378471219094258	0.07108704523741613	0.10241221193811531	0.1455404048931802	0.00278476922703764
129000	-2540.536929877229	-2297.0006556223007	-243.53627425492826	0.09819513922106214	0.10036662940973272	0.11308195874273194	0.09721963193912612	0.13892904050473143	0.003325466839463931
130000	-2544.4204294316496	-2294.4511203882703	-249.96930904337916	0.0853109202311639	0.1872883907307532	0.13475284341204907	0.07741778648337509	0.2075436087760227	0.0031753491420263855
131000	-2541.060724784848	-2295.6582349902405	-245.40248979460756	0.09034053821044254	0.10410018793222442	0.10830130524763512	0.06702076469248078	0.15972394308697052	0.003642808140805113
132000	-2542.591390110668	-2297.892837639063	-244.69855247160447	0.07827309742567223	0.12615182728763202	0.14715613294717061	0.11281689830700745	0.15472675845727873	0.0033532833933477488
133000	-2544.9468211979424	-2299.993125005703	-244.95369619223928	0.08026039178454616	0.11444460988262314	0.12232853195699561	0.15911601153362334	0.12313055942962614	0.0025128585942679727
134000	-2542.984533119051	-2294.254659293068	-248.7298738259828	0.057970898224590894	0.10668498231254751	0.1525509568064317	0.15355569233617053	0.1944091978420729	0.00382829897261742
135000	-2542.00465258925	-2294.4969895045483	-247.5076630847014	0.1058683298018824	0.15390873615417613	0.1372993249571531	0.15038847154892226	0.18473611466156487	0.0056645088384046135
136000	-2540.8203633975127	-2295.9940187692932	-244.82634462821932	0.11714564472999957	0.09027798169621065	0.10996666557709169	0.10883422986328038	0.17372178860194432	0.004057104916045089
137000	-2540.4271934472767	-2293.652791357694	-246.774402089583	0.12009855076839986	0.1358043117572966	0.07395183276975067	0.13955644017250807	0.18947825440398783	0.004416459052459837
138000	-2542.737168586848	-2297.871819707859	-244.86534887898904	0.06080774242443053	0.09990132170842944	0.10142653329242297	0.14079950662883023	0.13776608916883412	0.00205144124086164
139000	-2544.372679503673	-2295.50126074434	-248.871418759333	0.05686824497956251	0.0755131497018562	0.09313972029243163	0.11495534733103344	0.15906824834621552	0.003953495134286022
140000	-2542.588829869392	-2295.496362126221	-247.09246774317128	0.07841768093742267	0.08108650541420434	0.1216377186556545	0.06215206146780203	0.16919376685249815	0.002577193839371488
141000	-2547.000109785555	-2291.6170275389813	-255.38308224657396	0.07507291604165964	0.15738984908729495	0.039564131902730705	0.06521749999795044	0.23563776646583615	0.003051196661025689
142000	-2542.641986596101	-2297.485087372261	-245.1568992238397	0.057579206985523275	0.11345601334928077	0.10624991573787605	0.09268983403487467	0.11748077600556035	0.0028396438742339016
143000	-2543.5104436597744	-2296.497171301814	-247.01327235796055	0.05141178656688003	0.09378590619727303	0.09492484993923646	0.11246345560009492	0.14803193919764998	0.003382263637075676
144000	-2542.580400756808	-2296.2887199259085	-246.2916808308997	0.062377082990711805	0.09295260873766874	0.0925543595209176	0.1470937269102435	0.1295978378497936	0.003559794094512463
145000	-2542.078422861991	-2294.2485534208595	-247.82986944113142	0.07245148273581568	0.06680403139972221	0.08084376961177966	0.1201500809394084	0.15926908498723474	0.003831414296035972
146000	-2541.11798280665	-2296.6036320301882	-244.5143507764619	0.10792895207061498	0.10076156897581995	0.1491081204067657	0.07759225322054808	0.13907988358840406	0.0037702048719693224
147000	-2541.0156198878512	-2295.4074990386284	-245.608120849223	0.08416295886167441	0.10231821917599558	0.07062807249736223	0.10373070664219866	0.14251094547799859	0.0038817871391430324
148000	-2540.168196991779	-2295.3656857090855	-244.80251128269347	0.13767373126634772	0.08840147110664534	0.08483141541730059	0.10535369368360287	0.15505183129656605	0.004313217891287553
149000	-2543.198196472475	-2294.363513813851	-248.83468265862413	0.08235730521121103	0.08724104990619688	0.05033011145273901	0.12198178504931782	0.17412919406947158	0.002960216885209965
150000	-2543.3965445824992	-2293.184594927285	-250.21194965521408	0.05939516838267566	0.12168240770240521	0.06242481377017461	0.12140876596374992	0.18438922029512397	0.0033109087983741784
151000	-2543.3819563398483	-2292.8556693749397	-250.52628696490842	0.10539454857485753	0.08492163705043347	0.059587650782571736	0.07641675859451581	0.1984427978894517	0.0032037198818884918
152000	-2544.645814243485	-2291.8922590093634	-252.75355523412156	0.11569414918940923	0.0868969081209447	0.03948123187844639	0.08164758048836962	0.19275053766028463	0.003958908087656206
153000	-2541.7219032863054	-2297.01763885302	-244.70426443328563	0.11715641481178175	0.13239965627559128	0.16141241613526244	0.09124938777346314	0.14540612556508462	0.0047989747026015855
154000	-2539.99290380543	-2294.282165173617	-245.7107386318131	0.13109363949076155	0.10051492906238903	0.10317328577330018	0.1287837729574263	0.19088356628118483	0.004948532996335296
155000	-2542.375771575869	-2293.827924700775	-248.54784687509388	0.07627268051577306	0.0797508830024724	0.04945636098202562	0.09296797318542675	0.14965018128388785	0.0028787049716956004
156000	-2542.233718418893	-2295.5743173161827	-246.65940110271063	0.10171788331275546	0.06857197676830928	0.0990644701922686	0.07483094019974984	0.1412329855949758	0.002977155913451954
157000	-2546.341713503875	-2294.1252711884677	-252.21644231540702	0.041651446629506664	0.060022833135215156	0.07238396525633256	0.09629440315380312	0.15535429281586108	0.004319555909080866
158000	-2544.2544781355878	-2295.709265926844	-248.54521220874352	0.05960958338748234	0.0942590859317606	0.05649599264721619	0.11690314526679131	0.12535962568694495	0.004065335267880203
159000	-2542.4203576311515	-2292.5812820201027	-249.83907561104897	0.05682561959860279	0.07801690537548382	0.07402855349324028	0.11699671903161743	0.2021496967113284	0.0026377462904351974
160000	-2541.5459197251507	-2295.9247171815077	-245.62120254364308	0.1355390591366651	0.13258955021851307	0.1286552155096173	0.10452891414987488	0.170165910998913	0.006934191321290296
161000	-2542.922189281671	-2293.266455025775	-249.65573425589585	0.07477257241874118	0.05837062615683962	0.059374521285262216	0.10924754835777223	0.18517085425779775	0.00251052836197031
162000	-2543.1326246359295	-2292.9467810341275	-250.18584360180174	0.08868986604561589	0.074138276905554	0.05488119001459281	0.07692523307602883	0.17936634015676964	0.003228086021268945
163000	-2543.7532726705012	-2295.5330335705785	-248.22023909992285	0.12193416557770678	0.09891995857419993	0.10000923564687576	0.06315468593501403	0.1784169859375262	0.005376500076571966
164000	-2546.133811802815	-2299.082867911705	-247.0509438911106	0.06515529425277007	0.07314567186049016	0.07680818726298415	0.13657241345551233	0.1065612421199472	0.002244538569418426
165000	-2543.282163667488	-2297.561452704546	-245.7207109629421	0.12260337956182732	0.07908843820769716	0.16594066049608097	0.13838667109275676	0.16953857120960977	0.0028449819943250835
166000	-2547.235351176558	-2296.390018168371	-250.84533300818717	0.18540965366649526	0.07314130634967281	0.09278673653216707	0.11959118572135366	0.18279099975523777	0.007313609802411275
167000	-2540.282348853599	-2296.723197130382	-243.55915172321733	0.12193224313003788	0.10946515989747735	0.11856523910850114	0.12971636014138566	0.14629136678025206	0.00419703233558842
168000	-2539.8860129388427	-2292.4363113154914	-247.44970162335144	0.07862279522821439	0.09308626205237244	0.07495467168090163	0.10016305468004294	0.19869673989080602	0.003682348771488954
169000	-2541.719170456883	-2294.3406869275486	-247.3784835293345	0.08121451813724755	0.09802761036377455	0.10035537080909186	0.09333132793210527	0.18405574087082852	0.003143703208116168
170000	-2541.7529460302044	-2296.929798757663	-244.82314727254143	0.09148549580573538	0.07234946339287673	0.1430299074758641	0.08133287116307349	0.15218840429604738	0.0023429572137488707
171000	-2543.2021664733015	-2292.338064655334	-250.86410181796717	0.10126464644130666	0.1348566157591613	0.05800031461314911	0.17493355972017155	0.21452354983901595	0.005823883075321402
172000	-2540.1430362357582	-2295.2928185496194	-244.8502176861389	0.09520144830135484	0.13209986922662972	0.10202264770663091	0.13340085753310862	0.15763565172036922	0.005292437170042682
173000	-2543.7827046605303	-2297.450722653373	-246.33198200715736	0.06600358634625678	0.08387715981684925	0.15476237155928393	0.08053930426484106	0.11632348878621138	0.003392280057859955
174000	-2542.5203195193967	-2296.1288862866877	-246.391433232709	0.08727103289140846	0.15991627165646646	0.09706574719279351	0.06521424501276991	0.15476925746947243	0.00368538243411963
175000	-2545.6879667227595	-2296.871541351242	-248.81642537151754	0.05923478530829351	0.12184725016717299	0.0804796758947508	0.09365522114404518	0.13248072444328948	0.002565442077239212
176000	-2541.9237596350245	-2294.8123052734154	-247.1114543616092	0.1308853666573942	0.09559024478395002	0.05801235566206715	0.13076532813026534	0.15258252479309592	0.005988907159037105
177000	-2546.157092562752	-2298.5511098325615	-247.6059827301906	0.072166824565499	0.049143455382579374	0.07978304410227223	0.10824334531541152	0.1143947863083524	0.0020107653081781773
178000	-2540.5477751998405	-2295.2853457266574	-245.262429473183	0.1169487554880323	0.07734288719240533	0.132150983082464	0.10488362653344979	0.1712780849713636	0.0037106395178021358
179000	-2541.380878309312	-2295.398111583867	-245.98276672544495	0.0838757160578601	0.11343585459002486	0.11348095355551192	0.08003238385632877	0.1494316961102013	0.0032461537994442815
180000	-2542.93487427967	-2296.6285085045006	-246.3063657751694	0.18181839254589965	0.14621307919578286	0.11054091209555546	0.10628979864542767	0.15295716030175532	0.005994044460944254
181000	-2544.767355522899	-2297.5047744451595	-247.26258107773947	0.11087633807376208	0.07711187754603595	0.08651833131963449	0.08446625777368048	0.12358306609752451	0.003801354259057261
182000	-2549.44140379483	-2300.8700098151207	-248.5713939797091	0.06104624069335669	0.06786010974490907	0.11102116334006171	0.07722910832574802	0.10371640102821642	0.0063121390659565185
183000	-2545.104652377833	-2294.799415643266	-250.30523673456722	0.117298049134106	0.13270340511824782	0.047245795587892984	0.15770757044095038	0.17163039626920024	0.005998818746400916
184000	-2543.1906023773054	-2293.288900025709	-249.901702351596	0.0873782364565665	0.15112346766406667	0.12747710114149793	0.061229962534569825	0.22581206170411186	0.004220066389208332
185000	-2544.233052133374	-2298.5006029021597	-245.73244923121416	0.11527402016937408	0.12210911423744089	0.058701310645357635	0.13640469172127903	0.12359902872627666	0.003487449327541169
186000	-2541.2661957531764	-2294.333719073674	-246.93247667950243	0.107782768478055	0.1349154139573013	0.0719755462875743	0.14035721895944306	0.1631340991346798	0.005156781181581744
187000	-2540.619707068603	-2293.1191702231986	-247.50053684540435	0.07390203059992419	0.08816035435702481	0.07380082839932076	0.07720976364767786	0.17031864426899404	0.00342401928684707
188000	-2547.5469497527324	-2299.5486905174953	-247.99825923523693	0.0559013336005783	0.06971438522234129	0.12318733260925152	0.1541266752898131	0.095873918902913	0.003564496040731306
189000	-2547.031800174107	-2291.888623748209	-255.14317642589808	0.09227940527138467	0.1104493594511928	0.040740632206063464	0.07600167181971274	0.1907000739081382	0.004724664031817774
190000	-2543.4456375144878	-2295.006493534096	-248.43914398039163	0.06440392161264391	0.10557448007485663	0.06938808428322894	0.06608215946141859	0.14267204996778163	0.0033731845728012795
191000	-2542.840968063075	-2298.159772666535	-244.68119539653992	0.12997036849829396	0.09545654334839407	0.08643235249339143	0.07096598697819645	0.14026638815595696	0.0024581291946095436
192000	-2543.187478405627	-2293.3143241360754	-249.87315426955186	0.06457905419563117	0.08596802208178829	0.0646765984976388	0.0893757082357356	0.1920926162290308	0.004295268082933037
193000	-2541.448787552347	-2293.816309775254	-247.63247777709276	0.11351969355186428	0.11924873288130591	0.06350291136780836	0.123276829965583	0.18175345737450055	0.0066246068857022606
194000	-2541.8132508443205	-2292.401747948503	-249.4115028958177	0.1038871816683265	0.147026867848812	0.10097177108393522	0.12906019914184488	0.2373448295874943	0.005744493480366949
195000	-2542.2639731969434	-2298.2214762678113	-244.04249692913197	0.10261357206757257	0.11523200749482955	0.09276799552983238	0.10041752778444506	0.12315331207864601	0.004800261164460964
196000	-2542.7191183366886	-2294.695139911837	-248.02397842485166	0.07470056510945272	0.0648950511201083	0.1050881786334207	0.12211474908338217	0.20354662617180594	0.00280967283442865
197000	-2543.406851055914	-2296.619213140011	-246.787637915903	0.14830164230110304	0.06855762202992643	0.1000813454500764	0.12138571340793335	0.1731412654851366	0.00516058012856931
198000	-2543.3289340310353	-2298.0495591886684	-245.2793748423669	0.10079486911244054	0.13354400876813513	0.06707178795207379	0.10267824831074936	0.14179101217927453	0.0027968720854325575
199000	-2539.9253925750772	-2293.358022212398	-246.56737036267933	0.07993969484890187	0.11267299608268416	0.1214758953877428	0.11919806601291551	0.20261575560455733	0.0041900529602786705
200000	-2541.8871673913945	-2295.933140742174	-245.95402664922025	0.10315401145174027	0.12828929355216162	0.0948311965832745	0.11613024772717313	0.20107155207021218	0.00568229303382077
201000	-2544.2437820566956	-2296.9352852401566	-247.30849681653902	0.06969612274753428	0.11089299839711834	0.09510537541144107	0.15275419598326317	0.13344747875675508	0.006133704765231682
202000	-2542.827650256234	-2293.0632947428912	-249.76435551334257	0.05602495492500772	0.12362144145121823	0.05767563532057137	0.0962130166930921	0.18493733396698672	0.0026207788652780717
203000	-2541.9861685587857	-2294.842393916759	-247.1437746420263	0.05284279684889243	0.08438766368626743	0.13574612837789268	0.11292393334071352	0.17519284222113246	0.002184241470257118
204000	-2548.42139061329	-2298.1313082115303	-250.2900824017597	0.06939616391654002	0.09649445555672012	0.22404900363869945	0.10489695420272355	0.12274219337060523	0.002986634345701053
205000	-2542.564641589335	-2297.0720838719053	-245.49255771742978	0.07705836215524751	0.06568320052577468	0.1239277671743608	0.08364360603572434	0.11612578230473232	0.002658683189334798
206000	-2543.617901329825	-2295.466068834741	-248.1518324950845	0.16323086545571558	0.100422303247249	0.05200692614781935	0.11807332787769122	0.14385643860834335	0.00560262419012071
207000	-2540.386162428134	-2293.168933799929	-247.21722862820462	0.12817382911538874	0.13609447278110437	0.10683327290052107	0.14487794527812492	0.20874602422116942	0.006118293584743474
208000	-2541.6839848405975	-2294.4765738900273	-247.2074109505701	0.060208222601507384	0.07749427746632195	0.13092448193790335	0.08735164609468078	0.17646378838449295	0.002580122004419072
209000	-2540.6316653628114	-2293.203322004484	-247.4283433583273	0.11307945618767198	0.1261689689197328	0.09141431716874987	0.07602650033646621	0.1969504331756546	0.005015932528933967
210000	-2544.0024202608447	-2297.2102412490335	-246.792179011811	0.06847661845414305	0.11250923120454658	0.12620770714868498	0.13619904470273492	0.168612982986863	0.002780695120745169
211000	-2543.732470529272	-2293.9662250505367	-249.76624547873553	0.1429677086851933	0.10201311325794195	0.058654911595917826	0.19458793921755266	0.17111247915723604	0.005760025290319931
212000	-2540.938622814252	-2294.2032624291783	-246.73536038507376	0.09924918123325119	0.11967237640932907	0.09045556982820836	0.12635429800260298	0.20191788405962227	0.005506109220154907
213000	-2542.812571115366	-2294.9021183607097	-247.91045275465635	0.07979970502460394	0.1047963657987655	0.06802994148570828	0.10423372918569974	0.1456790555813539	0.004167885045923653
214000	-2546.1763329802443	-2295.1758791737398	-251.00045380650477	0.08253643027722721	0.10657254389484215	0.07026639009174214	0.06180058516718542	0.1428748508535379	0.002631929341389251
215000	-2543.4213847418305	-2298.6408643562845	-244.78052038554594	0.12145592677443749	0.1277188424853638	0.08858929386682211	0.09000342781975355	0.12598335851743808	0.006248904447147284
216000	-2540.4139434491867	-2293.1565732481877	-247.25737020099925	0.11162546064514403	0.12901415649970377	0.06890098563456792	0.09590924062481486	0.19806391409826252	0.003939042843220347
217000	-2542.3686140397417	-2293.7625798773843	-248.6060341623574	0.08541173313309064	0.08603578822197101	0.08055891182404498	0.13009139538922906	0.1806436795543055	0.004739216037450534
218000	-2543.5005290811323	-2295.6551064653618	-247.84542261577047	0.12726159420010127	0.12583967932833523	0.09297085258490113	0.09263180517372632	0.19311082151415232	0.0035894720501755835
219000	-2543.319610915972	-2296.556271891857	-246.7633390241155	0.055535700422925785	0.07916032035527513	0.14522173062723637	0.08745360006094399	0.1369034141951958	0.0020542028578385586
220000	-2546.3398619560585	-2298.774799799694	-247.56506215636466	0.05373284760460761	0.09959857017980157	0.12100295826728914	0.07849298082036052	0.1188519199703867	0.002912372227243884
221000	-2541.634446465821	-2293.6835787073305	-247.9508677584902	0.08889181967329088	0.13329329444917556	0.11704962872329575	0.10960689482036093	0.228161251264064	0.0033280139367912825
222000	-2543.864652624178	-2294.7426773779116	-249.12197524626598	0.08976293771085776	0.05268584055354667	0.11023234825399936	0.1588923587374516	0.15915152368201965	0.003949527104883531
223000	-2542.225772623313	-2295.5700584870056	-246.65571413630738	0.058338788965002525	0.09325024728500172	0.14029635525460799	0.07863479692990909	0.1415404753788401	0.0031982282272161114
224000	-2541.1511333276294	-2293.149744997308	-248.0013883303212	0.07081558072452702	0.07657182444207271	0.1008179262675281	0.14354049582656753	0.19873139597550932	0.0036137913344695717
225000	-2541.72638578202	-2292.651645927542	-249.0747398544778	0.09819666234891707	0.11795649617447784	0.06347437533938395	0.07248734586793833	0.18223827810849344	0.004037224388373805
226000	-2547.6690522072918	-2292.083629769474	-255.5854224378177	0.050598075396055556	0.10061056177511829	0.06784314423732239	0.08456255425983843	0.25088417655728745	0.0024404843903322523
227000	-2542.21971212392	-2294.8106695634783	-247.40904256044163	0.1336560651652457	0.13554762863824546	0.07912707045596662	0.11671917880093399	0.21732678651392956	0.004436295312080979
228000	-2546.0792692946707	-2292.6202913871803	-253.4589779074906	0.09264524027453076	0.05374224974623912	0.06624577807193896	0.16704816466483272	0.23544578350165984	0.005375833524465054
229000	-2546.07190417491	-2300.1884236142128	-245.88348056069722	0.07952724769170413	0.09827884084690071	0.09032161214812146	0.13053204838801946	0.14064068871493857	0.006543857989736563
230000	-2540.425669099262	-2296.7120158807184	-243.71365321854353	0.08798758036779451	0.08273910530731868	0.12609978143794143	0.11756207581102213	0.14093475943429892	0.0028773153102124036
231000	-2544.676239784409	-2294.3443637272294	-250.33187605717956	0.04475462149763767	0.06846286649144633	0.09608158621904764	0.07747185667124167	0.16469542211050386	0.002758770058298951
232000	-2543.8496101615697	-2294.266847367923	-249.58276279364657	0.06738112520496166	0.1654324498723491	0.14375204555935442	0.07498229966519582	0.19845678962459984	0.003871655770557291
233000	-2542.7676365958005	-2294.7076525662887	-248.05998402951167	0.05009265933189835	0.11760770392354646	0.08222533468832036	0.13237439819123342	0.1811208766444386	0.0022049808014926045
234000	-2543.0374755636294	-2295.080345933332	-247.95712963029737	0.1263550508623365	0.13267457953402254	0.07442477496377219	0.09478484188801539	0.22450735319260218	0.005032036696548417
235000	-2550.830001712165	-2294.9186982656147	-255.91130344655022	0.05456422949077491	0.0841503889518387	0.04726573123619321	0.1485604512854126	0.23314361497521763	0.0030530399617785934
236000	-2542.6203943642313	-2296.7266007581848	-245.89379360604664	0.14680795055745766	0.11586550965492477	0.08204586411212457	0.1445948435499061	0.14162815078366775	0.0069097329432161025
237000	-2541.940689759495	-2293.6392071628093	-248.30148259668576	0.07042032105610589	0.06992664481652566	0.0650398220493915	0.1461350149924222	0.16782119127271544	0.002785587249108709
238000	-2541.5607723000403	-2295.164819994065	-246.39595230597507	0.13339209078174905	0.08334481352755665	0.11223006271365066	0.10746098085534128	0.1939812695057011	0.004767802552847517
239000	-2540.4741685815534	-2294.673748227169	-245.80042035438402	0.0964799097053213	0.08569999836197323	0.0803053538076367	0.15777305307761624	0.1627454866532894	0.0041301156341685945
240000	-2543.2993229957897	-2296.207304389005	-247.0920186067845	0.15517553627771732	0.0986884371132899	0.07202458354861899	0.09366049295695576	0.1615841292679567	0.0067173741229439475
241000	-2542.6244247685345	-2294.1185395955827	-248.50588517295162	0.10306755523475843	0.055505962925296415	0.0618272447455808	0.10108950367111934	0.16047210607168305	0.003827719517156419
242000	-2542.8331006039566	-2295.105432476545	-247.72766812741148	0.06268581965186242	0.07403976392213153	0.06571787130691183	0.09204492541659208	0.12608920679413763	0.0030855602085916615
243000	-2541.2742663164986	-2295.1617135733704	-246.11255274312808	0.05620012953216539	0.08829680469169335	0.1068098340902011	0.11144453259469546	0.14411317981590627	0.0029515119080304334
244000	-2546.759602709991	-2293.5090720099065	-253.25053070008454	0.06380400473667193	0.11757690350467584	0.0384975230627545	0.06704721721584588	0.19083982182033507	0.0025460140393845677
245000	-2540.86173648389	-2293.573849556852	-247.28788692703824	0.09256213624398822	0.10887716290309606	0.14005005799465126	0.1304282183555933	0.21894838410356574	0.0037065240424826638
246000	-2542.6215478642202	-2297.2701389276053	-245.35140893661475	0.09955652993049839	0.15570385537518702	0.09120948339261166	0.11557672951951754	0.15130771954841638	0.00529352181497403
247000	-2541.5276301508106	-2294.0783646524105	-247.4492654984003	0.08166865786945672	0.09328341811286645	0.09526117971988299	0.07735241620190567	0.19755258063162015	0.003199650987342515
248000	-2545.9118965613125	-2297.2185663503756	-248.69333021093703	0.10624645871351106	0.08719539043982287	0.08403580264138234	0.08468582469355924	0.18615617257976	0.005736065491419979
249000	-2543.649471550985	-2292.617956915396	-251.03151463558868	0.09591933121514128	0.10976482063145986	0.07723530483750159	0.05332437552153912	0.2319244090244428	0.002920391248544239
250000	-2540.480075027066	-2295.0880464056827	-245.39202862138336	0.07839883002811433	0.08917730125447813	0.11220300575729439	0.06890326559436842	0.14645255613349503	0.003099969508696979
251000	-2541.082060118138	-2295.5678166404773	-245.51424347766098	0.10179165834392638	0.11240491238989361	0.07957600786058545	0.07282263086193635	0.179431707659404	0.0026239560000479666
252000	-2542.306942647711	-2294.4532358563424	-247.85370679136832	0.07641344022329018	0.08046767866318662	0.07008163996204911	0.14251559934630023	0.1913972632728751	0.002723058312317439
253000	-2539.390567994798	-2294.1377313644634	-245.2528366303346	0.0938124839830648	0.1140419840982334	0.09513367985578314	0.12372613348494214	0.19417661989924992	0.0035473599144655458
254000	-2544.4817769224824	-2298.9225743436077	-245.55920257887485	0.11115780189240185	0.05376003670220837	0.0921553796212651	0.08577544834187248	0.1303932735101108	0.002068084181669263
255000	-2543.819098432464	-2294.3271762998784	-249.49192213258576	0.07813697006833802	0.07631339850844068	0.08795191862257967	0.08308427195309237	0.21227457050477544	0.0026570279723340195
256000	-2542.5873735946034	-2294.4663954617495	-248.12097813285376	0.1222040178096323	0.09969381789005599	0.08375313322379202	0.08514376394629042	0.21256573046621724	0.004067001702422181
257000	-2539.853437233367	-2293.952123828826	-245.9013134045409	0.11251988498954224	0.09814082788299633	0.08598909545992689	0.08989846275445873	0.1717619250178046	0.0043608594502744895
258000	-2539.836010181091	-2296.1737942511986	-243.66221592989206	0.08426494318331766	0.11289846334532672	0.10628223063655284	0.11023557507881161	0.1461380192248667	0.0038740644737952465
259000	-2543.4211411615233	-2295.3740272245977	-248.04711393692546	0.08293344214117569	0.10590015256963063	0.0727092987042545	0.14895000881558895	0.1765539864840256	0.00571835256697216
260000	-2541.46185632617	-2296.6295859788606	-244.83227034730967	0.09047299760627318	0.0877171311824929	0.09861126101141807	0.0848282120202359	0.12678943427039818	0.0037051122153804543
261000	-2549.5260356563917	-2296.981398854442	-252.54463680194988	0.0432890170364003	0.08939525311560183	0.07301510401707384	0.14743624549078516	0.19811612138927082	0.003957572728484817
262000	-2541.8439642744356	-2296.751921490672	-245.09204278376382	0.08186050629184233	0.10275492923076761	0.09601699284162717	0.0670416683261882	0.1252151693036057	0.0028143415212968856
263000	-2544.0449032782344	-2295.417640032806	-248.62726324542854	0.037976232024982556	0.08690426330965162	0.09538886973181424	0.12232586530106539	0.14598758735963832	0.0023298735129014168
264000	-2541.6497290056564	-2294.1353245364953	-247.51440446916112	0.09573003974169098	0.08725752620740035	0.07138663716593473	0.12724138424851975	0.17803919555389652	0.005407584516079719
265000	-2543.930571783085	-2297.0650297999086	-246.865541983176	0.08978297977232673	0.11663143291915311	0.07979183919102693	0.17598030375382887	0.13187067332396618	0.006140521925061859
266000	-2540.73193468902	-2294.2531175925637	-246.4788170964561	0.0709902084113097	0.09749418080255891	0.08999373736880047	0.10889105008145161	0.1752015389131672	0.003352342490545601
267000	-2540.0986059299453	-2295.436306274414	-244.66229965553117	0.14387055912128155	0.11382758388903665	0.1318334514278524	0.10702642772144316	0.1665868628036115	0.0048859650452067775
268000	-2543.851735091497	-2297.2115049922	-246.6402300992974	0.11431728024289677	0.11449718374685729	0.06930516908990532	0.0863880175163913	0.13651658909725276	0.004728117820891442
269000	-2540.544229764311	-2293.4920228110773	-247.05220695323365	0.08895880666943665	0.115715974746317	0.1062467248952111	0.0660503818438551	0.18782898147412	0.004277427744351013
270000	-2544.418884263613	-2293.6126505196125	-250.80623374400042	0.07515803519720365	0.2123450791934908	0.09821431820739644	0.07452139055377562	0.2106182111239155	0.0034511968087936316
271000	-2544.4799486258894	-2292.4139248855968	-252.06602374029242	0.12248654990005056	0.09466073823034546	0.05393425582416089	0.17590658025102748	0.2200643705364383	0.004179799702312216
272000	-2547.8259838411614	-2291.1947042582315	-256.6312795829301	0.08772994469689353	0.10583006942305088	0.06795942772329844	0.12698571849457413	0.2839232723008056	0.0039893257654259676
273000	-2542.0820487180085	-2293.0398219181866	-249.04222679982215	0.06741673479381902	0.07839169848218124	0.06797437992270064	0.09733650603061454	0.1856597143800336	0.003809043580123848
274000	-2545.6871446814466	-2291.58537487633	-254.10176980511636	0.1202865259816395	0.08384889137618075	0.034893712132403	0.09053309624354564	0.22197559714025353	0.005219187042957966
275000	-2541.2284382043276	-2296.0558631788226	-245.17257502550513	0.08611155317001395	0.06699972109844317	0.14796484659387438	0.11180473710556298	0.13660855006537087	0.003437717274142586
276000	-2540.9808541760294	-2294.412563291657	-246.56829088437226	0.09297434117902552	0.10215635058622302	0.08141035659462677	0.06530454152536266	0.1743753429627689	0.0031689761503002393
277000	-2544.0987635483784	-2296.3650217058776	-247.73374184250088	0.07863159699498098	0.09301906679391338	0.08616786501999421	0.1264579169411614	0.18548380774637852	0.006557690813539586
278000	-2539.938089611512	-2294.0257303602607	-245.91235925125156	0.10635445248896896	0.15117868337808055	0.10486366523380526	0.08349914186056373	0.18993066053229743	0.0038533647061563467
279000	-2540.082673553065	-2296.110978428536	-243.971695124529	0.07659235224266184	0.10574201443168126	0.11543155229429256	0.09879775723457591	0.1603515311765119	0.0025736440988258034
280000	-2547.7823890927307	-2296.028302088079	-251.75408700465167	0.05904452254110041	0.055691349526476565	0.2209697480185857	0.1462398846700278	0.15278528353033152	0.0029787352834454678
281000	-2542.6843593724134	-2295.733205263662	-246.95115410875147	0.07483799947615188	0.08544946417225242	0.07954939401457774	0.06349316867076839	0.1282195386957747	0.002778133040770607
282000	-2543.321576490197	-2295.2022353703633	-248.11934111983356	0.04381896595026006	0.08008748732589305	0.11713208368081306	0.08393058660371507	0.15393601449773575	0.0022478779815019337
283000	-2542.994405037557	-2296.4815920712454	-246.51281296631186	0.07491403264346708	0.07287548527736536	0.11701636604092557	0.07275617701215917	0.1392314341969431	0.004070016205327377
284000	-2543.1462688004162	-2293.7656285693415	-249.38064023107464	0.18142658654563099	0.10966005654828902	0.07880135022631038	0.09889115710391853	0.21180169752669328	0.006634303052540844
285000	-2541.1857313814376	-2295.1849921812327	-246.00073920020498	0.06531740216851395	0.12480516210302267	0.10108516634157602	0.12005136343712232	0.15871417252208625	0.003624213499009007
286000	-2541.1767744899794	-2293.7519549783256	-247.42481951165385	0.07357031479828814	0.1420755926708841	0.07923343083123255	0.14317551011375867	0.18669356335268233	0.0034959765696999704
287000	-2544.7653126863647	-2296.0864018278644	-248.67891085850027	0.12615567142126782	0.12015247599890798	0.08601845169280477	0.08794333943408184	0.16517056693564713	0.006836507469874815
288000	-2543.2046863314736	-2293.7822889379136	-249.42239739356012	0.10442942713069135	0.1096320569832808	0.06366962488549303	0.16759843245323594	0.18235692288685237	0.006803058324477184
289000	-2546.446458384012	-2291.133089762782	-255.31336862122984	0.0533214832153378	0.08797195062107521	0.04740681241868667	0.06552726676132732	0.23174940269558356	0.002436378009806613
290000	-2543.513347219576	-2295.714250807196	-247.79909641238004	0.08051632987794438	0.0860370710475506	0.12385979714200862	0.18641768286796137	0.1767885085844008	0.0059939424767819875
291000	-2540.84345380891	-2294.1745411086813	-246.6689127002286	0.13552036440849233	0.1030260139936982	0.05970947576700336	0.12273480573394234	0.16555731735334345	0.005055043916525815
292000	-2545.853354944457	-2294.7330706098355	-251.12028433462137	0.1051571450269113	0.04245116143998626	0.09162886893361563	0.10587400709211298	0.1849029844129463	0.0031594316013059966
293000	-2539.880089918348	-2294.111822446768	-245.7682674715796	0.09071678380945733	0.10088765467836869	0.07280086484640547	0.09445856795087229	0.15683859559024715	0.004166661309904704
294000	-2542.2578990136094	-2296.642255390564	-245.61564362304532	0.11595954832529701	0.07440087942895844	0.09788301381844507	0.09598039850477105	0.13651797441985533	0.0045071846977703936
295000	-2546.6020078128836	-2293.0486122496177	-253.553395563266	0.06182412542778998	0.059453033394912515	0.0387961765746513	0.07297120402584335	0.14759070914032105	0.002426715702964775
296000	-2544.9637898678984	-2295.750808134668	-249.21298173323018	0.07689996753132669	0.2118883824937	0.08406658422851546	0.12609772632906338	0.17270274446142445	0.0041664738760425766
297000	-2544.930156743478	-2295.3346709046164	-249.5954858388618	0.06324750322227637	0.08759228724252661	0.1078261706266821	0.1530446060641396	0.14681257027355799	0.0048373591465849216
298000	-2542.9744310569113	-2292.749167490839	-250.22526356607193	0.07567822229877635	0.14141493669607677	0.07642486023164853	0.17874973778807113	0.21408680068866046	0.005383758357065008
299000	-2542.029281219232	-2294.605723174501	-247.42355804473112	0.08661406654899266	0.06832311092129295	0.06267335575283661	0.08033142915212321	0.15917769473246404	0.002418641042865649
300000	-2542.3657967675263	-2293.7743475981847	-248.59144916934153	0.054168029077706153	0.10999284164263964	0.07931557032839606	0.11288858988463261	0.19354580651620718	0.002389183480018271
301000	-2541.824015819282	-2296.4185550573156	-245.4054607619662	0.11871377237033463	0.08914370301711298	0.08607072832726748	0.12220016347605608	0.17551173089994362	0.004232310361900886
302000	-2546.213960308889	-2295.1727901699887	-251.04117013890038	0.059585942479379726	0.07583677693072395	0.051993023138421454	0.18271849205780594	0.14312048336961827	0.0026147556569707043
303000	-2544.787456021222	-2293.4402255239465	-251.3472304972755	0.10890505661450346	0.11294389975832529	0.06195208715384619	0.054982691353751764	0.18399732658445647	0.004451568559077119
304000	-2539.3706828982426	-2293.9172435455366	-245.45343935270583	0.1154656100898689	0.13207885193949034	0.08898792151431788	0.10306622396479831	0.17801184104392917	0.005352557539108426
305000	-2543.0655187713874	-2292.820199450204	-250.2453193211834	0.062133983051735155	0.13842808937566756	0.05500818651815325	0.14016915236234606	0.18232497187136662	0.004794306247436522
306000	-2543.6355672580007	-2294.7381033048696	-248.89746395313105	0.12227796132713079	0.11897005234625546	0.05248153610947867	0.06999716872042347	0.19781197879240342	0.0027062536323246462
307000	-2540.6610450515814	-2294.632836241117	-246.0282088104645	0.07119708757227293	0.10679957385796957	0.11249588233848101	0.11960070871426721	0.17387951541748048	0.003988296272948021
308000	-2546.01796877242	-2299.263146471392	-246.75482230102813	0.1268585466930735	0.08540604116747343	0.05900160839754233	0.13748080258222145	0.12390630803809162	0.004417462257101932
309000	-2552.783454649725	-2295.669477730071	-257.1139769196543	0.034587231903331433	0.06766856831278086	0.04399245034505201	0.0511836197701811	0.11840474055099316	0.0012893594777744549
310000	-2543.693627452047	-2297.199476696608	-246.49415075543897	0.12447067324206197	0.11936613946910324	0.12436689692668809	0.0621006307539404	0.15110853584625908	0.005617077673884187
311000	-2540.6802199579756	-2294.850221068163	-245.82999888981232	0.09745319249200855	0.08532677859629594	0.09439035425807424	0.09116405617686059	0.1586263909649227	0.004020486305167181
312000	-2544.1723564381587	-2293.0287062198513	-251.14365021830722	0.05295166200005535	0.10957813324755304	0.04654285258489034	0.11217892027334254	0.16986709903328714	0.00371902223656628
313000	-2542.220139984287	-2294.486873243209	-247.73326674107776	0.05963210098437234	0.11708554560669863	0.10307400280799486	0.08048441284921817	0.16829643544399073	0.003660159381605239
314000	-2540.8707243854515	-2292.218989646769	-248.65173473868262	0.11122914822737034	0.14499481172873452	0.09024147083066181	0.09039589792282095	0.24119465045707697	0.004350944630694778
315000	-2540.178337406657	-2293.921829671476	-246.25650773518083	0.14029470863233903	0.11580521811667317	0.07270914699896386	0.12310491776537326	0.17270600267066064	0.005498089040740097
316000	-2544.13533563774	-2296.731756361929	-247.4035792758107	0.08732123107586057	0.05807087922743328	0.09153494864473588	0.12742115943754254	0.18663467164095185	0.0019682497211753972
317000	-2543.690858215234	-2294.264399096005	-249.4264591192291	0.072243433900376	0.11720070196511234	0.07016230674689025	0.10135038659980629	0.2294127121932135	0.003121636442561658
318000	-2541.6177025328043	-2293.8762958853044	-247.74140664750004	0.14055892021224314	0.07048340276996884	0.08044899373743367	0.09984070657122986	0.20630346361455335	0.003646102590571439
319000	-2544.076359119316	-2295.076439235364	-248.99991988395206	0.06129633442298651	0.10061320946404198	0.04932532523449267	0.1118626785568516	0.16654449111076347	0.002796653517609191
320000	-2544.8218346463186	-2299.2806145579266	-245.54122008839212	0.14958901962923507	0.12961721364050327	0.10826251590041684	0.10254793764467972	0.1977631561497565	0.0029969849174468527
321000	-2544.236725743095	-2297.4345360005514	-246.8021897425439	0.07141247026619761	0.07070578350566631	0.13605995675971128	0.07014807029137105	0.15058579344600612	0.0018582721964625019
322000	-2543.9460650513447	-2294.121429508615	-249.8246355427295	0.08324836331019236	0.10685778994845471	0.06854096040840335	0.05982714516573165	0.20665197036512092	0.0041515243516223365
323000	-2541.4461018422853	-2295.8519118722547	-245.59418997003044	0.09684086664893178	0.1155269940818656	0.1332040365179176	0.10652529878553257	0.176508648637091	0.005926671543251137
324000	-2540.697190469417	-2295.549273817812	-245.14791665160527	0.06963593587037903	0.1060160720457077	0.0918212642697825	0.12626734122209293	0.14256775737641333	0.003335681203797017
325000	-2542.926952745066	-2293.9482444800137	-248.97870826505252	0.06159830202555609	0.08513731584210131	0.08239031237759636	0.06294982653787469	0.16293062670971972	0.0028142466567758293
326000	-2542.20051143844	-2295.871873821933	-246.32863761650674	0.1605154211599484	0.09630491645671486	0.08017930237346016	0.09665443343496344	0.15018353311859686	0.004680086511543646
327000	-2541.423603700181	-2296.5537357961825	-244.86986790399874	0.07256708205887995	0.09638916698447746	0.11520810166451573	0.1277372960858061	0.13342720148163698	0.004021608495048127
328000	-2542.69374226143	-2295.7944237584425	-246.89931850298743	0.10131930071369073	0.05786337541603907	0.12560187952151314	0.10307715636565844	0.15688142019508639	0.004940057160734503
329000	-2545.32057214904	-2300.565576502604	-244.75499564643576	0.1267477524743473	0.07431985218673402	0.08933577731632232	0.15485927998891802	0.14902274462165713	0.003130298393706555
330000	-2540.788493720817	-2294.4487533171614	-246.3397404036553	0.06142348165120769	0.08949420304401079	0.09236837184859313	0.10559287977349428	0.15695348907815446	0.0031015969661161995
331000	-2545.2442162107204	-2293.9706077873993	-251.27360842332092	0.18053077604884527	0.11540147955312713	0.06830509540206259	0.10467657321476552	0.21927371857143932	0.004338103475839033
332000	-2543.82019375894	-2299.594820606675	-244.2253731522651	0.09770910668278723	0.11881833266811606	0.11867691827328657	0.07873301636286706	0.10736475370471643	0.00416070785107397
333000	-2541.8034715830086	-2295.6366621670413	-246.16680941596744	0.06389039261069812	0.07920492981537819	0.10547489233857252	0.09746125345965448	0.18370431029845288	0.0022932603934806358
334000	-2540.886910920725	-2293.017117958753	-247.86979296197205	0.0875262440719661	0.08061885262811709	0.09356067746143057	0.10277615900864756	0.19553759517862865	0.0037878500175743102
335000	-2541.5560755032247	-2294.8202461279498	-246.7358293752751	0.1238647257407158	0.08631153486200992	0.08784375356708042	0.07373716261654296	0.17117988718417257	0.003572467891965551
336000	-2540.722014844159	-2296.8188153608207	-243.90319948333803	0.08970439196549335	0.12164721091733426	0.09213727975180906	0.12877120508335108	0.13810839156834342	0.003597679203769817
337000	-2541.3573386844655	-2296.05104676767	-245.30629191679574	0.07900227321855212	0.09159526305980616	0.15271696758796804	0.14080186977884915	0.153619812490708	0.0035545465578971057
338000	-2541.1366512864142	-2294.0275637130703	-247.10908757334383	0.10875315104404835	0.07577059907166986	0.15351057640735125	0.13475927131233822	0.19511877726436136	0.005030167794783271
339000	-2542.6038952715444	-2297.8852753828714	-244.71861988867312	0.13054131047188228	0.11945873046732958	0.14736934415636502	0.1236539373066798	0.14416087624900822	0.005800496937169046
340000	-2540.1598041263715	-2295.671004777921	-244.48879934845027	0.0927226814496663	0.07585333919351908	0.1014469069687902	0.08897578636696998	0.13756243626803524	0.0032888146198986235
341000	-2539.604238743201	-2294.665812807952	-244.93842593524911	0.08274727747191944	0.1121181099558189	0.09655783865033979	0.0909036901505023	0.1703812769986919	0.0034955938615761567
342000	-2540.3416859800086	-2294.7364405957383	-245.60524538427046	0.13523843002857402	0.11154574265258471	0.11390091593885178	0.12934870257494196	0.17592968559915764	0.006228547826336344
343000	-2540.3374459417932	-2295.4669625771803	-244.8704833646128	0.08968243965165824	0.10567239566793524	0.14711901537191346	0.11386851662167242	0.1861713181996401	0.002937003383088542
344000	-2542.9238057998255	-2295.961350972701	-246.9624548271243	0.10592129134835851	0.07597712385323806	0.05367509059322108	0.11433373127949717	0.1410215968791887	0.003309014336218334
345000	-2543.980376467024	-2298.669075893405	-245.31130057361915	0.08202729288814552	0.07799551621802578	0.0865333682292391	0.08830928422568493	0.1316703688526723	0.004416908060822104
346000	-2542.2226258747705	-2295.8458398705916	-246.37678600417914	0.09875922261496564	0.07785173002558464	0.1005567305411532	0.15951745877156795	0.16183961691786444	0.005851917728250889
347000	-2541.213150221989	-2295.8983937972935	-245.31475642469564	0.11764636399524238	0.09125362449813539	0.17737036492434355	0.10300906541382515	0.1642912337153014	0.0042118917014639275
348000	-2544.1461516189074	-2295.5901802995595	-248.555971319348	0.09288329626505501	0.1047039735481683	0.08545310223988983	0.16698547345950765	0.19197400710380294	0.00730475819076041
349000	-2542.5521221286103	-2295.399414376426	-247.1527077521841	0.10272105129623887	0.11447438347382637	0.09023687625146401	0.07293637363919045	0.16980166343417852	0.0036743983966115628
350000	-2540.903121159176	-2296.253543925225	-244.6495772339509	0.07691143026882634	0.08335652686453504	0.09308501442493201	0.09815223857955416	0.12599355314127111	0.0032516655875774545
351000	-2546.07167249428	-2296.0770698119795	-249.99460268230055	0.06289277395767419	0.07598151555409428	0.13585832985940588	0.14016231288817527	0.20846933380266963	0.0036567991932729836
352000	-2548.4149254879608	-2297.3668812197075	-251.04804426825314	0.12082411069729694	0.13141939755832752	0.09210791696051478	0.0710591826350388	0.2399750380020583	0.006932491065824791
353000	-2544.1076791455343	-2297.5470873769714	-246.56059176856306	0.054691518284911464	0.14970339196255045	0.1412195542803232	0.10807048545659784	0.14360210668544904	0.003829459379156757
354000	-2541.3159848152713	-2292.863444966172	-248.45253984909925	0.0891241656703716	0.10329817247526239	0.06514728883574976	0.07157492023863109	0.19203867773379665	0.0042398286908634855
355000	-2545.048442416434	-2302.5305724948525	-242.51786992158173	0.09261053735863911	0.11222040178678008	0.14724504097589813	0.10818461178938574	0.1081477108957181	0.002381018373637212
356000	-2547.3626207929924	-2299.392242768983	-247.97037802400945	0.10287286853252191	0.07593531275491074	0.09529306781240184	0.06772628526809729	0.16711777427269012	0.006073375852351434
357000	-2542.5282128391455	-2295.2083889615355	-247.31982387761	0.0871169899828156	0.06363639027728865	0.08503243497467058	0.07583630250294095	0.14367758171737874	0.00382311165640624
358000	-2544.4926715000656	-2293.760757805611	-250.7319136944549	0.1005142117127203	0.11343973596947128	0.07127762947951082	0.07777590721848814	0.1711232746236278	0.004697857193542301
359000	-2543.0260019436773	-2295.1763003041715	-247.84970163950598	0.06197128656898855	0.08344627353748979	0.10319767618246345	0.14018166916377273	0.18219560033420487	0.005196146235680429
360000	-2540.6712519802763	-2294.75492417268	-245.91632780759625	0.0914822909104383	0.078573205348003	0.09834216682138966	0.14258205682571498	0.1584193858608088	0.0037098190299009767
361000	-2540.7502104120103	-2295.09718607791	-245.6530243341003	0.11287556642973272	0.10441296196228192	0.07762149277405533	0.08273869152612101	0.1810032696649208	0.00369475471424293
362000	-2541.791565652063	-2294.0265960833303	-247.76496956873277	0.12491423894785808	0.08025276151052817	0.05743609485007742	0.12681391570566947	0.1686097516573249	0.005527744537121923
363000	-2544.0661834470297	-2296.4014041112814	-247.66477933574816	0.05940751756456493	0.07633750878015004	0.14070901518204323	0.11536574667720452	0.16231869792382825	0.004500155737660967
364000	-2544.342250650022	-2293.586326987454	-250.75592366256802	0.07447586355241533	0.10298662763440615	0.04456448056515341	0.06422162869013731	0.18225467003713824	0.0025685799436627466
365000	-2544.77138977424	-2296.279879073186	-248.49151070105447	0.09502357519140521	0.10961304155934477	0.0445588098570115	0.14172825132731512	0.1309023953415284	0.0046012575207598425
366000	-2542.977069146762	-2296.999134464042	-245.97793468271993	0.056111500193289705	0.11899492739519761	0.09712039924429788	0.08572120297939645	0.12786588698837612	0.0024636541954511705
367000	-2541.0816824805192	-2295.8321761143397	-245.2495063661793	0.11983316400230404	0.1171958340180589	0.12419340602905404	0.15022001486348255	0.17860344240591053	0.003779391497639209
368000	-2542.565282320581	-2295.2635516601276	-247.30173066045313	0.12855988708536875	0.14909254415237125	0.08965612164596184	0.07780208555783488	0.1995164214179865	0.00432477534506749
369000	-2540.8810378244693	-2293.6839292422405	-247.19710858222885	0.07042617990172853	0.11952696415708043	0.09010221885720561	0.0980337866389507	0.20474482130678948	0.0028430975294870195
370000	-2543.560233401268	-2297.9882902871627	-245.57194311410532	0.0941881334642738	0.08022184635576236	0.08162673365254236	0.1818537437679093	0.13861191680811316	0.002542811726619953
371000	-2540.5040909354866	-2293.673047698937	-246.83104323654968	0.06325514778384125	0.08721402745093818	0.1405334334167888	0.10742050537282098	0.18629695986105912	0.003114991657457205
372000	-2548.2656497992857	-2296.9514027352698	-251.3142470640159	0.18668295037749694	0.1624215166634861	0.07172829366978957	0.07651334611604858	0.1736882822137156	0.009734070665368931
373000	-2541.591613908145	-2295.2115348232146	-246.3800790849306	0.07028849618466317	0.1682895957422963	0.08617508897080395	0.11415130787785932	0.16052582433426887	0.0036382427384653794
374000	-2543.3330851711758	-2293.443666286406	-249.8894188847699	0.08516978661287232	0.07744706511122113	0.04135669768150365	0.09426973460622191	0.16010135577016407	0.002681860722142178
375000	-2545.7398098116187	-2301.22994875772	-244.50986105389867	0.12096828583589865	0.12623915049196183	0.07520034375019939	0.07628225119182087	0.13206707425800884	0.002122088382294187
376000	-2543.3970892450984	-2295.3036552122503	-248.093434032848	0.08921769908221139	0.11967946399911175	0.05750710073616658	0.1067738553645675	0.15339744296890798	0.005644638960577986
377000	-2541.7013127930236	-2294.00716538584	-247.69414740718355	0.07442091459016244	0.1291350689227043	0.12470106158829111	0.12178235945499889	0.21002589644289524	0.004560783475519657
378000	-2545.032905497939	-2293.702596958699	-251.33030853923972	0.06505748132402718	0.08023006367248442	0.09174243840690216	0.20629229292842768	0.20000419038125988	0.004117466646032689
379000	-2544.0574126534575	-2294.2473626555857	-249.81004999787206	0.13469634419855972	0.07872921606726664	0.05712045466282602	0.07584156267553406	0.20004344251251696	0.004511916590775395
380000	-2541.64696582714	-2296.0512465032275	-245.5957193239125	0.07875259004921745	0.081873571900888	0.09826237222040188	0.08283964884179855	0.14817636331403872	0.0034027558511523365
381000	-2542.672928893323	-2296.740014996941	-245.93291389638162	0.12644945203238128	0.10645738476373917	0.08088444689695963	0.16611504713434333	0.13515518208572821	0.0053048248830679795
382000	-2547.5549760113245	-2298.711265876731	-248.84371013459335	0.12207793583597767	0.10932254576278752	0.06717106160971184	0.07689931431928408	0.21725792991290246	0.001982098695707043
383000	-2544.7819786264517	-2293.8743646324165	-250.90761399403527	0.07303681128383556	0.13709818223148537	0.04495277765400227	0.0946994791907525	0.2059815211770614	0.0027332084537698234
384000	-2544.034249356955	-2292.4287332305803	-251.60551612637477	0.10005490287423459	0.10387038005545501	0.05260937228992869	0.1267555897710076	0.23281667744439696	0.003389630920452969
385000	-2543.251858730488	-2296.142226989147	-247.10963174134142	0.06318046828396484	0.10430759920251412	0.1179491595368598	0.14999745914214843	0.1720295701626728	0.004957031841776664
386000	-2542.806820557756	-2293.549883596997	-249.25693696075902	0.06772990856360381	0.09444119030282576	0.08457533558759985	0.058837729156062765	0.1678716420144407	0.002788374292771832
387000	-2545.687640130775	-2297.87896220397	-247.8086779268053	0.08269728192354042	0.06083857806332319	0.07370958378737154	0.07628864803807837	0.11720985179280619	0.003716145819479858
388000	-2542.2006413257104	-2294.890789669897	-247.30985165581365	0.08628882212873959	0.07536827082404512	0.08983837496983706	0.08214382990591279	0.1827332582648269	0.004073860858850773
389000	-2539.8327601449582	-2294.224845147892	-245.60791499706588	0.10252435107030605	0.08360923649622391	0.08431145176795479	0.11010580503270759	0.16608738735362505	0.0036908018891945744
390000	-2541.8070203429843	-2294.4027920189637	-247.4042283240204	0.1650936735591287	0.13946787697800356	0.1032222121992538	0.12347990614599219	0.19335739580215042	0.0076151385310924274
391000	-2545.3236814024135	-2299.301027762838	-246.02265363957548	0.120353806221364	0.06715423488466833	0.08539040476865886	0.09207049819013732	0.12457555574667399	0.0042188976837882405
392000	-2545.2432589593245	-2292.947705009036	-252.29555395028856	0.07020477204166445	0.07705338639540578	0.053775971631638116	0.1932701944201287	0.20169274602415307	0.0035406931680098666
393000	-2542.3828008849764	-2295.615287341505	-246.76751354347152	0.09970429693172944	0.07264997899232783	0.08443417285620873	0.10233443293785603	0.1771869173981405	0.003973076769543075
394000	-2546.2645989955686	-2293.7773170938876	-252.4872819016809	0.19719569675548845	0.1543575881094051	0.06126455062238596	0.0859144464793085	0.20567053514299236	0.006870625714954004
395000	-2546.839336737487	-2299.3041487326386	-247.5351880048483	0.059658806833489564	0.11172476770365083	0.081036173569053	0.07260822207505874	0.11138636338786882	0.004116992031602504
396000	-2541.5977874923115	-2295.974856682917	-245.62293080939446	0.06895199390040099	0.1333424717935976	0.09194275525299724	0.10815234229747833	0.18291102924305438	0.0033341164127849376
397000	-2539.0871096488104	-2294.4933487050034	-244.5937609438069	0.10718105204819618	0.11438560749215086	0.09031861048724507	0.13148809432953248	0.1721200924140559	0.004427437979917442
398000	-2542.8289431524963	-2295.869866927977	-246.95907622451938	0.1746264891374412	0.09769828028095465	0.09248797001707103	0.11912462990567615	0.16465241946737524	0.006995584980765462
399000	-2542.322962430166	-2293.823347820012	-248.49961461015448	0.11317232773500557	0.09715210055073635	0.05365818855285977	0.1390895478358572	0.18615999010373807	0.004119680889434626
400000	-2542.0834234935032	-2295.479133001382	-246.60429049212152	0.08674353731289822	0.06571912442777376	0.10851340853380154	0.08169081471028888	0.18755710018768387	0.002820808669882556
401000	-2540.307525799233	-2293.886776455615	-246.42074934361835	0.11489260325630371	0.10087084347084722	0.12436334923403697	0.07756900312625781	0.1995715555538409	0.003966880999413579
402000	-2545.8818537555976	-2296.2663189539744	-249.61553480162326	0.053261199224738154	0.08026386398018567	0.10971402379507912	0.0907861580181902	0.1589677900513403	0.005758557638996504
403000	-2543.937236174463	-2293.322748885778	-250.61448728868535	0.04367100312231885	0.09591627983741484	0.0769370309193637	0.11066184179602968	0.21414946361313408	0.002403520222040402
404000	-2545.327593716954	-2292.899282894168	-252.42831082278605	0.16603827548937583	0.10302177117199754	0.05234159863832816	0.10291636263586844	0.1924368151501986	0.005584457536117701
405000	-2543.783278956957	-2297.375908528073	-246.40737042888395	0.11490374397719859	0.08065984081882255	0.10360036680598013	0.07112443500860388	0.14864767264904719	0.005195314540752683
406000	-2540.20971509426	-2295.1132677630603	-245.09644733119956	0.08798270429257822	0.12225479230847137	0.07531990399266308	0.10358741480632132	0.15463343288204653	0.0033264091877750054
407000	-2543.0083100696224	-2293.6242418720312	-249.38406819759118	0.10763293434195297	0.08994116393442568	0.07235008165937676	0.07835587551672639	0.21251503981154307	0.005248349818020606
408000	-2542.984880957356	-2295.844394916402	-247.1404860409541	0.07401134740252553	0.06238229803817686	0.14412438475278935	0.1355193252156556	0.1474769358403808	0.004360124371638984
409000	-2540.2976325215577	-2293.9018064531247	-246.3958260684332	0.09032226680928936	0.0728368818810507	0.08512777949311455	0.13708409354910978	0.1776891988112492	0.0036048697397178964
410000	-2542.428585885725	-2293.9917476526325	-248.4368382330925	0.07505707711790557	0.09598329680581044	0.06376330675878576	0.0680029327959817	0.15302456208624288	0.003934706577871741
411000	-2545.2685702801955	-2295.0177484456863	-250.2508218345091	0.0872688221243575	0.07242775855639179	0.04830925274468957	0.09613111984058788	0.1373054534358758	0.00412288721909413
412000	-2540.4403483237743	-2296.33020756701	-244.11014075676448	0.09341926652332931	0.10698652526744482	0.12315469971985217	0.13547595651156935	0.14786695015520498	0.004307598938713455
413000	-2544.071014085002	-2294.5408787022657	-249.5301353827362	0.09294561115227509	0.1384680525359427	0.07720158647906883	0.13629804451958094	0.19760110102279918	0.005447263942116526
414000	-2543.6810995385	-2296.737300976346	-246.94379856215394	0.11870705017777711	0.18282868557030488	0.09584902928520332	0.12015804113325981	0.1510119807361701	0.004662659386361933
415000	-2544.2101246253505	-2294.316574421001	-249.89355020434937	0.08515115024986641	0.09286332418107472	0.08909887552673286	0.15623172638506755	0.20922414489721658	0.006466569820981949
416000	-2543.477264907923	-2293.2965772364187	-250.1806876715047	0.07049686942071456	0.056473316193034195	0.1352521506473879	0.10610703394228228	0.21043060413488357	0.00285507500290467
417000	-2544.5662803534897	-2294.0499921901737	-250.5162881633159	0.06593560906522797	0.07197478880352615	0.05186369038961482	0.1586025979293477	0.14895911898045297	0.004002915289932278
418000	-2540.2173830770967	-2295.4041606679184	-244.81322240917845	0.07896679875013274	0.08909596408492886	0.10328851092375464	0.13428440678471815	0.15001080097142658	0.003649052881194571
419000	-2544.956447039742	-2294.8917829201373	-250.06466411960503	0.06378279709506517	0.11481182087816509	0.11332028710548199	0.04499792614407108	0.1660654700912438	0.0035850454029049085
420000	-2540.953435389491	-2293.1647344710796	-247.7887009184113	0.10700750188744945	0.1332810477006045	0.10026197635582526	0.06513551146611034	0.19853153109738733	0.004695557834610282
421000	-2544.3407204958985	-2298.349893316462	-245.99082717943648	0.10327177203199375	0.1001281026729166	0.14998794985539285	0.1397882670958078	0.14400589750259912	0.004710632374445695
422000	-2542.456407150843	-2299.0617932487958	-243.394613902047	0.10699108820559174	0.13948995629150976	0.1040284558027273	0.11895334883685246	0.14881722863984181	0.0029736973012859124
423000	-2544.475744744171	-2296.0431642894064	-248.43258045476458	0.09682147536615988	0.0649313442285256	0.07765328014878706	0.17126652174815493	0.14678657811086937	0.0031022751648946347
424000	-2542.8370919216068	-2294.5238699456295	-248.3132219759775	0.13062680448268335	0.0855408297036694	0.07917515449493956	0.11979445729325379	0.21103470336586438	0.007257787862933284
425000	-2541.3293015278555	-2296.606453689007	-244.7228478388484	0.06300389239159113	0.0928704596185203	0.10512032365698977	0.10373775735417684	0.1321892205521407	0.0030730743056680814
426000	-2543.480607874916	-2298.3177414716392	-245.1628664032768	0.10792713304252129	0.07760355202816412	0.09993707281171874	0.12403783860190773	0.12344971417300502	0.003187919524812771
427000	-2542.813694625294	-2296.1466641145093	-246.66703051078474	0.08580421781639581	0.07651282808342086	0.09912620250225021	0.15274913109132518	0.15484097824003598	0.0034101135940228515
428000	-2540.1710527549144	-2293.903563959024	-246.2674887958906	0.07333014148013346	0.12069955764526226	0.07424804515209339	0.09280122916107794	0.16611273645389502	0.003926726825909875
429000	-2544.5100913976266	-2293.326509245051	-251.1835821525758	0.07521677056139774	0.13764031617612071	0.04586209871001397	0.06357367359673946	0.18350513804442597	0.0028934218282158477
430000	-2543.481644442093	-2293.30467003049	-250.17697441160317	0.06407886346251304	0.16941631708027202	0.10664617166616144	0.08607270573092073	0.24039960553818393	0.002896446552477586
431000	-2542.970836859119	-2296.7788598117186	-246.19197704740063	0.07689241110200787	0.15715817974428614	0.10063994685901377	0.10719351201653263	0.15681106516944593	0.005754240456523502
432000	-2544.391443020894	-2295.962562153107	-248.42888086778714	0.07198297045143583	0.08817921573368062	0.08383511381896493	0.07151329320296848	0.15797090266540564	0.004378291433314803
433000	-2541.7614561260334	-2297.496980772047	-244.26447535398603	0.0988448206543937	0.0937392327311416	0.10119148679978614	0.10250227156248637	0.1488624754417395	0.004501599728781112
434000	-2541.151035128939	-2294.9609832406995	-246.19005188823942	0.11263477812783515	0.07703631579311895	0.11416277599757298	0.06955140160122734	0.18844513074094912	0.0027959029587515368
435000	-2541.595066745629	-2296.137040404766	-245.4580263408631	0.06924718635708389	0.11362723545262263	0.08645418829557748	0.10601045472007159	0.16904133035307467	0.0026726775141025236
436000	-2543.0104168175894	-2295.1615847031608	-247.8488321144287	0.0656526603762231	0.10604917094181222	0.14355524069674866	0.06896853960052537	0.1736593195196414	0.004043640017537442
437000	-2543.8890308936584	-2297.6160047193216	-246.2730261743366	0.10998427859496	0.08146202378704082	0.13473953634609778	0.062124750326944964	0.12224656909950839	0.002947534994803537
438000	-2547.072742761743	-2300.555541339703	-246.51720142204013	0.05008400422450938	0.09476101757244489	0.09604392927186783	0.10298052305076494	0.09145274170148576	0.0026898671611533245
439000	-2541.9572183270466	-2295.1089164640475	-246.8483018629989	0.08413405202164045	0.07606616276657624	0.08367690430354705	0.06995155976320865	0.1606218900542973	0.0023540450996712395
440000	-2545.8818200664045	-2295.9881165600664	-249.8937035063382	0.10701602397865718	0.12683346247878835	0.0649606254809238	0.20982230792443707	0.15234347366262604	0.008112409134638093
441000	-2541.9354123787402	-2296.5775958502645	-245.35781652847567	0.09175660392595807	0.07713353871915404	0.07437824396189359	0.10573799490162751	0.1544293641255116	0.0033303604863658895
442000	-2543.8898988915953	-2293.6351266979427	-250.25477219365246	0.09155891368111713	0.14846415811252472	0.04324531226449062	0.12291015717285282	0.16850851122085053	0.005874056570472459
443000	-2542.2784660097323	-2293.4181323630773	-248.8603336466551	0.09866841899157584	0.09685685208922307	0.12482887375865767	0.059810249967220536	0.22146610974302547	0.0030281927477302695
444000	-2541.8050353883673	-2297.1898993428276	-244.61513604553966	0.06553070461762303	0.08577771062917473	0.10383499122711849	0.09889908143660453	0.13814568274692215	0.002093453374143392
445000	-2541.4203441795016	-2294.9862344497387	-246.43410972976275	0.07893742513239597	0.09280806089477898	0.09045186846062554	0.11655124269277421	0.1500066615973458	0.00432592434962876
446000	-2544.165112785504	-2293.937997140531	-250.22711564497303	0.039229924141341944	0.10167355214020335	0.10336614917379033	0.10552256660400292	0.17198645991632328	0.0028431328428632266
447000	-2541.974426356982	-2296.4294842814606	-245.5449420755211	0.06787040211728128	0.12083522094156021	0.10284498936344114	0.0967340963102742	0.1416528569212385	0.004414895444915584
448000	-2542.8413503759944	-2293.3365296268194	-249.5048207491752	0.057419954625228906	0.06409673792133948	0.06670946850618674	0.1297941804464246	0.1654978817907493	0.002844214283772033
449000	-2547.616450208791	-2300.3378031158427	-247.27864709294815	0.09080817366480566	0.08458662036196934	0.05562345512965934	0.06624095323221357	0.13696399376207388	0.0018654655121028286
450000	-2547.5921799338903	-2295.324421993572	-252.2677579403187	0.08935939937719387	0.07288128387413358	0.05327629698854478	0.055771132862837344	0.17071360710010716	0.004480475728728374
451000	-2543.279672884945	-2296.5445633068693	-246.73510957807545	0.1336437896561492	0.0805621702837307	0.11288543666461631	0.13229034655687336	0.1949084172139471	0.0036344575418349014
452000	-2542.1036297320393	-2294.469363951633	-247.63426578040608	0.07503092960727778	0.07952244203469269	0.10293424534751229	0.07515037136349917	0.17174866816327064	0.0032079168700949456
453000	-2544.6813645002376	-2298.2290208863333	-246.45234361390425	0.056550237830313745	0.10338729234645619	0.13854116781138354	0.11424564773789922	0.1171863580576571	0.003574907689601418
454000	-2545.413871073928	-2296.6147766845434	-248.79909438938452	0.0816005676874899	0.093430992395106	0.12373501587447439	0.03721713639487569	0.13193240659214553	0.0018541425377515662
455000	-2542.499997597367	-2294.8322781583497	-247.66771943901713	0.08446896177765434	0.1670124912139026	0.06108514484997292	0.10169535216177725	0.16893413968713156	0.0044001827198545075
456000	-2542.532797449898	-2293.150528845902	-249.38226860399615	0.1181865934291679	0.1669164484625879	0.07481768375324847	0.10429477147462264	0.21065944107759135	0.007179068596931799
457000	-2543.1888058427207	-2293.1249177277873	-250.0638881149335	0.10430121767449667	0.10438324812655642	0.03635143971510597	0.11792397635884165	0.15594411538199082	0.004487515493864738
458000	-2540.1355230508993	-2295.4181092117597	-244.71741383913982	0.09355508748227835	0.08166743768069558	0.117033203185299	0.10739819708177804	0.1620945857596138	0.0029751929942902545
459000	-2543.357987301557	-2297.706915487981	-245.6510718135759	0.1312755194169606	0.09525655857996727	0.1284121419449655	0.058964682006123564	0.14565015465397707	0.00281786741385141
460000	-2545.873732876743	-2293.690189789796	-252.1835430869469	0.06952743357345911	0.08335899521009643	0.03557410701249438	0.12274942393989519	0.13800541220467838	0.003833965903841643
461000	-2539.5455161721343	-2293.7112749127286	-245.83424125940553	0.08739904875666567	0.08288428208036337	0.09132283192630294	0.08516197711833487	0.17190403802505888	0.0035447971365454726
462000	-2539.8810070698432	-2294.5567740084834	-245.3242330613599	0.08500200590306231	0.10062206237385082	0.07744447110806092	0.08478572431217261	0.15600282178119426	0.0031281690598195023
463000	-2542.159856064541	-2292.02645081995	-250.13340524459116	0.09151075690279409	0.12396467933046945	0.055389862286226936	0.1144798717656733	0.21472086866609905	0.005176059159257431
464000	-2540.5268225081954	-2294.695440585686	-245.83138192250968	0.11805271209487254	0.08082212882475598	0.11887169547044683	0.08746083246005353	0.19820098462614477	0.0030999778461689807
465000	-2545.9382672889055	-2294.404677399802	-251.5335898891035	0.05065189509350363	0.0856887251265456	0.09398193630596548	0.12333296379546556	0.22993539508146585	0.0049493445055593475
466000	-2541.123545239629	-2295.035603406992	-246.08794183263737	0.06904125765993224	0.11539938731254581	0.16334247009257694	0.0953231704589579	0.1713399521492446	0.0035467633559791265
467000	-2541.396381201444	-2297.207022115248	-244.1893590861959	0.11627277191323158	0.08146018604200023	0.1265298319935769	0.09060517888172381	0.16444525701602872	0.00346191589155371
468000	-2541.909756863928	-2296.470387937332	-245.43936892659613	0.13994092623642518	0.10067363093041397	0.10149182844744796	0.08934593360986871	0.15693644531671866	0.0033653626275474448
469000	-2540.0858703536483	-2295.0177656226915	-245.06810473095695	0.07543613121338104	0.10171616380884313	0.08206307937517658	0.11108326805202223	0.16143061820746707	0.0034783923357304923
470000	-2544.549572809486	-2293.4030205320646	-251.14655227742142	0.08282876636677661	0.07763132321123309	0.07430663230987469	0.1811871722843361	0.2008105884716287	0.004318419768310819
471000	-2546.378971142106	-2297.1332879438905	-249.24568319821552	0.09503686822653937	0.12217024953560188	0.050259932451177124	0.0824237288893111	0.12483991679865622	0.002830257755167888
472000	-2545.0603459811828	-2294.396562982178	-250.66378299900475	0.04647743092984205	0.10075871130393592	0.06938073888200062	0.055617696362312896	0.16369751089799464	0.0017782690768982866
473000	-2542.598088310885	-2296.020177942675	-246.57791036820996	0.10228958406511075	0.08356072155753667	0.08185480922110101	0.1666094091896767	0.1925583929175983	0.0026793149488032394
474000	-2541.152041086643	-2295.8722652224724	-245.27977586417052	0.11482466345431816	0.1261837224707579	0.11687569281324721	0.06921300648409548	0.15372886797300442	0.004794525411249015
475000	-2545.0737718980804	-2294.7080204198182	-250.36575147826204	0.07289239633099505	0.04638187114548585	0.06849768651161492	0.07690152815981029	0.14915589994680528	0.0027074508692447844
476000	-2542.477048104809	-2295.7762238773853	-246.70082422742382	0.06705970741015355	0.07521434227405321	0.11957451550341308	0.1600292648667555	0.17811670506090066	0.0021447191940423024
477000	-2543.6926189246306	-2298.5146179187714	-245.17800100585933	0.17157128968073354	0.08085818362755785	0.10844828282843078	0.08312186806750416	0.13976704653977715	0.0036680692155901507
478000	-2541.931527702743	-2297.6165264103947	-244.31500129234846	0.08961687115996518	0.08757977495172108	0.1514238515487622	0.11103782752402505	0.12442004501244099	0.004312320753825734
479000	-2542.659256593277	-2297.2684876692456	-245.3907689240313	0.10098891734180136	0.15145240303386634	0.14273668465239073	0.08765440059851266	0.1504656838848451	0.003474745690837338
480000	-2545.1971899621203	-2296.244125634158	-248.95306432796224	0.08443639963300607	0.07050387127173023	0.050771775603556814	0.07223482449924151	0.13832101070219638	0.002256624935760706
481000	-2540.683723789454	-2294.3286024011572	-246.3551213882966	0.08681853305230003	0.09686715877519374	0.07680458445903798	0.13525914437035094	0.1663577683256633	0.003366132126386341
482000	-2541.097792584986	-2296.4332491528744	-244.6645434321116	0.0800312502501942	0.08367727905842944	0.11409088763387036	0.09162823385524656	0.15044907850515782	0.002392492787736353
483000	-2543.202949429098	-2293.33201437298	-249.87093505611796	0.07123712962979906	0.0630981716832195	0.08210887689335522	0.07772410800630675	0.19140362378828382	0.003345064651693379
484000	-2545.0469550627527	-2293.319411194653	-251.72754386809927	0.16536964903020918	0.15814735280723388	0.053904942380639295	0.06449292507780376	0.19906752594173266	0.004686483904427909
485000	-2541.650250266734	-2292.579521534184	-249.07072873255	0.11801227478565918	0.15961090288410348	0.07198265231715878	0.0690008167326743	0.19953314599914748	0.004941421567324061
486000	-2539.432826038147	-2295.1681820589756	-244.26464397917167	0.09852134158054301	0.11896652125586281	0.12166673554909611	0.11357242848907864	0.16778760376696053	0.004039679609077699
487000	-2543.5224024472427	-2294.26185294898	-249.26054949826258	0.12563687250273858	0.0949466000063553	0.09939066156412679	0.06430459504325266	0.20145812872172617	0.004938933340135122
488000	-2544.329616890748	-2295.998465452031	-248.3311514387174	0.06221656798236568	0.07618211714727256	0.09306278344173646	0.06379600103618518	0.14431638383649426	0.0028269956048765626
489000	-2545.631481321839	-2293.161516663517	-252.46996465832237	0.06987829865607398	0.1461737802173616	0.03950954766550821	0.0881853030155475	0.17342972902038695	0.004931130669057536
490000	-2543.138883256222	-2296.788203673599	-246.3506795826231	0.12360540214014162	0.08841111195149569	0.11967151864273998	0.13998080076806968	0.15251701575302884	0.004147337812107599
491000	-2543.1755625623355	-2293.9002401622547	-249.27532240008077	0.05723594862075674	0.1351647406484078	0.06815560622647854	0.0966750130458796	0.18827193354970406	0.004267433795022917
492000	-2543.0114702066076	-2292.97363722746	-250.03783297914762	0.09731850935136065	0.15422411743962322	0.08159459107728427	0.10739077665621216	0.24517871336649721	0.005713886328589622
493000	-2545.749950621427	-2291.3780944276514	-254.3718561937756	0.0716330100828238	0.1133388578122817	0.03286753256380606	0.06529518079520083	0.17734918453188833	0.003043343376182918
494000	-2545.472401571695	-2293.613948233378	-251.85845333831725	0.09181685346130919	0.0954818686990815	0.032324902560456406	0.07127799720713958	0.1483237682519658	0.0027133745308112445
495000	-2545.643821308199	-2297.3211439877455	-248.32267732045395	0.09623674150495676	0.061185113636858135	0.06403725267657512	0.0881039992474876	0.14790467978863636	0.005352823708087611
496000	-2544.262272994756	-2294.1295649975814	-250.13270799717463	0.04594150248220163	0.12159329917351182	0.056576980935539034	0.1031222571678427	0.15558907649444054	0.0030042431827019445
497000	-2540.8236527760437	-2295.796424595112	-245.0272281809315	0.1290217792945225	0.0988496777969966	0.10029985839483088	0.07589835159510301	0.18383809111247956	0.002980151868175039
498000	-2543.3488046934017	-2296.5758995384067	-246.77290515499487	0.06099025512500726	0.10418347800115507	0.06506900090987025	0.12743161102190603	0.12055016219438987	0.0030099295224747715
499000	-2543.2872682109582	-2296.735918549161	-246.5513496617971	0.05655614743342608	0.10173944140922325	0.14096634374327352	0.07997370987184096	0.14708735196118208	0.0034886410618137054
500000	-2546.13134594605	-2292.539363481862	-253.5919824641879	0.09490255859782602	0.13929087893598782	0.1183326714721272	0.06711427810335048	0.2621550455272197	0.00358010572751335
