#
#model:
#
#<?xml version="1.0" encoding="UTF-8" standalone="no"?><input id="posterior" spec="beast.core.util.CompoundDistribution">
#    <distribution id="prior" spec="beast.core.util.CompoundDistribution">
#        <prior id="lambdaPrior.F1r1" name="distribution">
#            <parameter id="lambda" lower="0.0" name="x" spec="beast.core.parameter.RealParameter">0.01</parameter>
#            <Gamma id="Gamma.0" name="distr">
#                <parameter estimate="false" id="RealParameter.1" name="alpha" spec="beast.core.parameter.RealParameter">2.0</parameter>
#                <parameter estimate="false" id="RealParameter.2" name="beta" spec="beast.core.parameter.RealParameter">200.0</parameter>
#            </Gamma>
#        </prior>
#        <distribution id="snapprior.F1r1" lambda="@lambda" spec="snap.likelihood.SnAPPrior">
#            <parameter estimate="false" id="alpha" lower="0.0" name="alpha" spec="beast.core.parameter.RealParameter">11.75</parameter>
#            <parameter estimate="false" id="beta" lower="0.0" name="beta" spec="beast.core.parameter.RealParameter">109.73</parameter>
#            <parameter estimate="false" id="kappa" lower="0.0" name="kappa" spec="beast.core.parameter.RealParameter">1.0</parameter>
#            <parameter id="coalescenceRate" name="coalescenceRate" spec="beast.core.parameter.RealParameter">10.0</parameter>
#            <tree clusterType="upgma" id="Tree.F1r1" nodetype="snap.NodeData" spec="beast.util.ClusterTree">
#                <taxa dataType="integerdata" id="snap.F1r1" spec="snap.Data">
#                    <taxonset id="ant" spec="beast.evolution.alignment.TaxonSet">
#                        <taxon id="Amotape_B67127.Tumbes.Amotape" spec="beast.evolution.alignment.Taxon"/>
#                        <taxon id="Amotape_B67201.Tumbes.Amotape" spec="beast.evolution.alignment.Taxon"/>
#                        <taxon id="Canchaque_B72874.Piura.Canchaque" spec="beast.evolution.alignment.Taxon"/>
#                        <taxon id="Canchaque_B72878.Piura.Canchaque" spec="beast.evolution.alignment.Taxon"/>
#                    </taxonset>
#                    <taxonset id="bar" spec="beast.evolution.alignment.TaxonSet">
#                        <taxon id="CarpaChavin_B72794.Huanuco.CarpaChavin" spec="beast.evolution.alignment.Taxon"/>
#                        <taxon id="CarpaChavin_B72802.Huanuco.CarpaChavin" spec="beast.evolution.alignment.Taxon"/>
#                        <taxon id="Carpish_B72762.Huanuco.Acomayo" spec="beast.evolution.alignment.Taxon"/>
#                        <taxon id="Carpish_B72773.Huanuco.Mitotambo" spec="beast.evolution.alignment.Taxon"/>
#                        <taxon id="Chavinillo_B72789.Huanuco.Chavinillo" spec="beast.evolution.alignment.Taxon"/>
#                        <taxon id="Chavinillo_B72792.Huanuco.Chavinillo" spec="beast.evolution.alignment.Taxon"/>
#                        <taxon id="Quichas_B72777.Lima.Quichas" spec="beast.evolution.alignment.Taxon"/>
#                        <taxon id="Quichas_B72785.Lima.Quichas" spec="beast.evolution.alignment.Taxon"/>
#                        <taxon id="Huamatanga_B72889.Lima.Huamatanga" spec="beast.evolution.alignment.Taxon"/>
#                        <taxon id="Huamatanga_B72892.Lima.Huamatanga" spec="beast.evolution.alignment.Taxon"/>
#                        <taxon id="Pacar_B72905.Ancash.Pacar" spec="beast.evolution.alignment.Taxon"/>
#                        <taxon id="Pacar_B72912.Ancash.Pacar" spec="beast.evolution.alignment.Taxon"/>
#                        <taxon id="LaQuinua_B72754.Pasco.LaQuinua" spec="beast.evolution.alignment.Taxon"/>
#                        <taxon id="LaQuinua_B72760.Pasco.LaQuinua" spec="beast.evolution.alignment.Taxon"/>
#                        <taxon id="Chinchan_B72895.Ancash.Chinchan" spec="beast.evolution.alignment.Taxon"/>
#                        <taxon id="Chinchan_NK_173896" spec="beast.evolution.alignment.Taxon"/>
#                    </taxonset>
#                    <taxonset id="cur" spec="beast.evolution.alignment.TaxonSet">
#                        <taxon id="curtata_cra.cur.B6032" spec="beast.evolution.alignment.Taxon"/>
#                        <taxon id="curtata_cra.cur.B8175" spec="beast.evolution.alignment.Taxon"/>
#                    </taxonset>
#                </taxa>
#                <parameter id="RealParameter.0" lower="0.0" name="clock.rate" spec="beast.core.parameter.RealParameter" upper="0.0">1.0</parameter>
#            </tree>
#        </distribution>
#    </distribution>
#    <distribution id="likelihood" spec="beast.core.util.CompoundDistribution">
#        <distribution data="@snap.F1r1" id="treeLikelihood.F1r1" non-polymorphic="false" pattern="coalescenceRate" spec="snap.likelihood.SnAPTreeLikelihood" tree="@Tree.F1r1">
#            <siteModel id="MutationSiteModel.F1r1" spec="beast.evolution.sitemodel.SiteModel">
#                <parameter estimate="false" id="mutationRate" name="mutationRate" spec="beast.core.parameter.RealParameter">1.0</parameter>
#                <parameter estimate="false" id="shape" name="shape" spec="beast.core.parameter.RealParameter">2.0</parameter>
#                <parameter estimate="false" id="proportionInvariant" name="proportionInvariant" spec="beast.core.parameter.RealParameter">0.0</parameter>
#                <substModel coalescenceRate="@coalescenceRate" id="MutationModel" spec="snap.likelihood.SnapSubstitutionModel">
#                    <parameter estimate="false" id="u" lower="0.0" name="mutationRateU" spec="beast.core.parameter.RealParameter">1.0</parameter>
#                    <parameter id="v" lower="0.0" name="mutationRateV" spec="beast.core.parameter.RealParameter">1.0</parameter>
#                </substModel>
#            </siteModel>
#        </distribution>
#    </distribution>
#</input>
#
Sample	posterior	likelihood	prior	theta0	theta1	theta2	theta3	theta4	TreeHeightLogger
0	-4145.783154470232	-3896.216305788088	-249.56684868214387	0.059811085361864746	0.10019883529274465	0.06278228657977811	0.08611712651580021	0.16307401809497726	0.0037620909540179233
1000	-4145.097296723405	-3894.199458808187	-250.89783791521737	0.10395211119059113	0.08734501988115827	0.12454361557442337	0.17637250332330182	0.23837838396182745	0.006620468218684091
2000	-4143.3709409531475	-3893.7768785512644	-249.5940624018829	0.05106789572238369	0.09168274781050893	0.09995097569275332	0.11630662287700635	0.21219205195094404	0.003679381979685151
3000	-4143.559152235655	-3895.5993121172864	-247.95984011836876	0.06770110790934958	0.10626746904951456	0.10157280184088666	0.12058825961835809	0.18788101150677247	0.005225684629191462
4000	-4145.079308098154	-3898.807001251498	-246.27230684665574	0.07575817142192845	0.13472800846721905	0.13383548535304693	0.13607028613449848	0.1697373216346633	0.005775681008883417
5000	-4146.879698706181	-3894.197550287346	-252.6821484188355	0.03980641079445132	0.05638023808327203	0.10111355167782791	0.11613869474966167	0.16862205525785992	0.002406104858819427
6000	-4143.997650615912	-3895.7052199443597	-248.29243067155255	0.08755802818987747	0.1152541230804499	0.07570716981083038	0.13303284424965273	0.19686342139493587	0.007363301438549803
7000	-4150.967346114038	-3900.2004055794614	-250.76694053457663	0.07955691357382365	0.1394029209380761	0.04634980406650118	0.16218761812742702	0.17603134407575932	0.005570378770418322
8000	-4145.9212038779715	-3896.6904913404155	-249.23071253755552	0.05643972719365518	0.0596057377723057	0.0927692524554402	0.09636238227019255	0.16609005929251097	0.0028982552407759983
9000	-4146.585595394693	-3892.8554326449857	-253.73016274970684	0.03337635297371101	0.06970920744228748	0.10587236521245455	0.07751459453382416	0.1865581495624908	0.002818894949883997
10000	-4145.951570421779	-3891.6501357256743	-254.30143469610454	0.0565740690452203	0.14847047339028538	0.11204543336785094	0.13191711800198408	0.24736698904185073	0.006318178387391549
11000	-4143.70503321221	-3893.13555551862	-250.56947769358982	0.04608404749043551	0.10632498414907372	0.09999224457126138	0.14728116733482713	0.1989088541026854	0.004393936332012727
12000	-4143.820812858614	-3890.840313087107	-252.98049977150703	0.06735939542165158	0.08662490444115982	0.07786886003194056	0.1273357723240455	0.27199580962430664	0.005392313633043386
13000	-4149.040059488399	-3894.130725066524	-254.90933442187466	0.041336372125429996	0.07542612636096917	0.07323825143380516	0.13378380860740133	0.1677057571683542	0.003053014863919263
14000	-4143.727708928002	-3892.046556969191	-251.6811519588111	0.06385076008653062	0.11798644019927347	0.07551334784647594	0.07279588119687697	0.2180370713414709	0.004864432976927507
15000	-4145.402349932094	-3893.1613399020835	-252.24101003001027	0.06637383381900581	0.08131645752063958	0.08931297004327184	0.06692411495589526	0.24219627205312516	0.004455775458997004
16000	-4144.0880378424745	-3895.40459698239	-248.68344086008443	0.1072894273885133	0.09093533954471829	0.07026601200345037	0.1113838052029575	0.2199530014933356	0.005076613538633241
17000	-4147.496418693814	-3893.1493701077047	-254.34704858610928	0.058282913712083204	0.09175257995764324	0.1886797805197768	0.09585143938672777	0.23612131806569203	0.004527443402163829
18000	-4145.548268684561	-3894.254249530228	-251.29401915433294	0.07123133887993303	0.06622873286260038	0.05847463045867251	0.1308413516447546	0.18387821663707307	0.0037190472027780813
19000	-4146.546702034186	-3891.8995870774856	-254.6471149567005	0.05918695320360293	0.11902400237394231	0.05683409824946915	0.061499163743555754	0.21358760792041448	0.004867347088261088
20000	-4143.968867282432	-3891.498201836862	-252.47066544557083	0.06619577383320041	0.1272439235179298	0.08362020244407456	0.0751120681134771	0.26038557985250843	0.004893911509945565
21000	-4143.641309709374	-3894.424077428391	-249.217232280983	0.07777023448081193	0.07351657172659472	0.10344126401368489	0.1560276398477769	0.19741409671023127	0.005368103943357809
22000	-4147.442315962293	-3890.3226872728906	-257.11962868940213	0.03356541090028926	0.09673775388474158	0.0684593568169236	0.1526023219324602	0.22276531666231147	0.003625096641370843
23000	-4144.219793872423	-3890.838109756965	-253.3816841154582	0.08221329476249069	0.1396697742111762	0.06483198242716265	0.12358190814498374	0.27753775949250964	0.005901903718401405
24000	-4144.50170830629	-3892.6172895155314	-251.884418790759	0.06350535104794786	0.0684446554501181	0.0712561690223905	0.08398334670150776	0.22360529807392263	0.004257433408901211
25000	-4149.35723840289	-3894.289471987824	-255.06776641506642	0.04260714884771914	0.09800685730542143	0.05812410304485972	0.10459916032409179	0.2280459913524777	0.003066744777715367
26000	-4145.7380074807415	-3891.8065436685647	-253.93146381217662	0.05636460885069284	0.0928748167953523	0.06200359964341702	0.1627040258962086	0.23336878811160341	0.00410280029458821
27000	-4143.29831136261	-3891.3471546610276	-251.95115670158182	0.05649661700648875	0.12327338165825205	0.08295377680270365	0.10109925812958032	0.23687324260615436	0.005490219896806628
28000	-4144.145115201052	-3890.398932501729	-253.74618269932338	0.05191675558803017	0.1092148315630876	0.06114382343740681	0.0829923358889544	0.24336603452014988	0.004244100558719334
29000	-4145.636310772978	-3897.636180422596	-248.00013035038177	0.04982619485170539	0.07302868144292204	0.11142992150047512	0.09308284142745603	0.1394168450797447	0.003585918744677602
30000	-4145.637871459318	-3892.0124408780885	-253.62543058123032	0.061546156291075495	0.10087254335160961	0.0665648867911739	0.11901598666636075	0.26971111187994223	0.004560858212471538
31000	-4145.497751821053	-3896.8610093150573	-248.63674250599496	0.07713496598389247	0.09738176247812143	0.09103994348068538	0.19143607742271573	0.18205178457596335	0.004311573010631038
32000	-4150.446391398777	-3893.1014816355673	-257.34490976321024	0.0946711469038066	0.10721734183847198	0.0647028397518478	0.14612591829576402	0.23103276772504422	0.006415307728806062
33000	-4145.268924097137	-3893.669872780344	-251.59905131679253	0.06514829084870927	0.09207757207533993	0.07009909865313331	0.08236954956305956	0.2158026876486264	0.003519138842236752
34000	-4144.935540224959	-3893.4084083062285	-251.52713191873116	0.05781292284767653	0.13094144401946617	0.12343795896228202	0.13670912992395817	0.23989178053243584	0.006910223360405961
35000	-4144.133705961217	-3891.9097185973824	-252.22398736383482	0.05439850807627457	0.10873754090538926	0.07506516178103614	0.07056063983611709	0.2193458286680469	0.004973521380368484
36000	-4147.069384422658	-3893.865714408268	-253.20367001439018	0.03859816001473896	0.04806525455502688	0.10106029174768172	0.09939143972784006	0.175019013479739	0.002715970340855667
37000	-4142.8661667825445	-3893.2774814249333	-249.588685357611	0.06733310780966234	0.09828848953914718	0.06421444525540008	0.10466821039569339	0.2093137033913647	0.004711697851223729
38000	-4146.954248808785	-3897.7239261698205	-249.2303226389652	0.047807518036750055	0.10461799240562057	0.1174778542813221	0.09804633747501133	0.17459195917105816	0.0054339124496219655
39000	-4144.62817410615	-3898.380359582358	-246.24781452379264	0.0641775107381326	0.12249003133605073	0.12592468737744825	0.134166927853024	0.16921806810976026	0.0040872843501986444
40000	-4142.71267151318	-3893.5350059600914	-249.17766555308862	0.07253127513510402	0.09165981865035032	0.07518693248422811	0.11426202801392636	0.21974374353047954	0.004089118148600878
41000	-4144.198315630269	-3893.285879298255	-250.91243633201304	0.06574344437548674	0.09725951548012446	0.12491645372061254	0.10014955911613477	0.2376887883697382	0.00511431929892298
42000	-4152.742901194673	-3904.044817965386	-248.69808322928705	0.06071948290796798	0.05238095019926081	0.1303597296915582	0.07826790549682422	0.12833667781220853	0.0033398238555382514
43000	-4142.606690063224	-3893.807727395967	-248.79896266725703	0.07371064163601912	0.08967806874649016	0.09091532072808248	0.11645582952374565	0.22389161337337465	0.004340001132996717
44000	-4147.422110589418	-3890.553964585176	-256.86814600424196	0.049494842287452684	0.12070666155594655	0.06035315892938689	0.07501084309052103	0.25311413444719283	0.005392374079253052
45000	-4145.341863760327	-3893.4935642256623	-251.84829953466448	0.0711588799328862	0.0882310928220857	0.07642037735448846	0.06422835721160824	0.22716766358245413	0.004279089077469569
46000	-4150.778540164067	-3897.259996468455	-253.51854369561187	0.05249835037998898	0.1112638113585577	0.2365371528623287	0.08623060728654983	0.18638585148745382	0.005509717138535122
47000	-4147.851956036406	-3894.766594648042	-253.08536138836362	0.05089163103334402	0.12172399386850351	0.0432642982004278	0.12521352176820416	0.1817250063421136	0.0038534048255824934
48000	-4145.342709790527	-3890.831179282091	-254.51153050843592	0.06342697933249927	0.13274009862736522	0.0647137321080421	0.07315008122887535	0.23782880713262158	0.005156341053828742
49000	-4144.126349938342	-3893.5463174441384	-250.58003249420344	0.06849999412559359	0.07270311786403699	0.11756737664421615	0.14574067570465135	0.2314500851710783	0.005275212798315762
50000	-4144.203571342284	-3894.4889816948635	-249.7145896474206	0.052159453406393615	0.11888213801901568	0.09331494693692605	0.1202554859714619	0.1864106509644375	0.005077370495840418
51000	-4145.774534540851	-3896.587254423083	-249.18728011776852	0.044538367598757185	0.07438615309161413	0.10951118983983026	0.08152722386997298	0.14495854842953218	0.0030695557273111404
52000	-4144.417859050454	-3890.953693515456	-253.46416553499796	0.06459663703224457	0.0671427816110548	0.06546819843070822	0.12107216544270727	0.2508962755150776	0.004290344135520983
53000	-4143.293265061822	-3891.860768932126	-251.43249612969595	0.04682657365592153	0.104087018956547	0.08448688468955334	0.11050567088084749	0.22587702212221314	0.0037016767492762163
54000	-4142.761249582615	-3893.513183582607	-249.24806600000844	0.06344999649997723	0.13258493300033672	0.09866125063524485	0.13768800967087289	0.20754117202424938	0.005733531045983617
55000	-4146.542183557036	-3894.0389767490656	-252.50320680797006	0.03938274182746209	0.09123897739648137	0.14287265780831168	0.08842532795872186	0.21872599377456226	0.003928069647411568
56000	-4146.009896181437	-3894.6786663027965	-251.33122987864073	0.036358530018668664	0.07618295983397141	0.1150140332407879	0.11776884266959259	0.16552362610675134	0.002765417925067141
57000	-4145.606113707578	-3893.0361418826337	-252.56997182494416	0.05232093467134432	0.07859944503761346	0.05777588827871002	0.07622177130007962	0.2090315731558533	0.0027137004212184845
58000	-4150.3225420930485	-3894.7171255374997	-255.60541655554903	0.02941755640581503	0.06094233848522366	0.08421945056248661	0.17953109257506525	0.14434973859073724	0.004028262485682247
59000	-4144.675080215636	-3894.6611042780764	-250.01397593755962	0.05647306601545126	0.08335676736804666	0.10576891018292896	0.120576645721575	0.18906000592554245	0.0042003170388546715
60000	-4144.736172771004	-3894.816787917853	-249.91938485315112	0.07656066602858422	0.06955027139969922	0.0851167372355589	0.18239478779230744	0.19392641896098764	0.004354066793995898
61000	-4147.680993928341	-3891.35633665018	-256.324657278161	0.045847690433116976	0.06056977631143121	0.0760926813553357	0.10445272251697618	0.27592746346192093	0.0026482042772282745
62000	-4148.576157482762	-3891.1284762025853	-257.44768128017677	0.034871216503931074	0.06146343089878965	0.05929037954320457	0.11488000601686686	0.21408024913661328	0.003330715291296551
63000	-4146.678257841415	-3896.2663637210458	-250.41189412036945	0.09936018890308033	0.1051264888990235	0.07264469903490031	0.06633165540308973	0.2384245687045819	0.0038429121345695833
64000	-4145.0021724699	-3897.9300423670707	-247.07213010282925	0.06516928342580225	0.10169787369973736	0.11617431920393155	0.10953424180726364	0.18730283417248988	0.005548105627325325
65000	-4145.331885852572	-3892.272903584544	-253.0589822680277	0.05388029966101728	0.091047243170601	0.10380293397090008	0.10930223185996726	0.2432853979318156	0.0037950222517513874
66000	-4145.535188683643	-3896.755660348069	-248.77952833557453	0.0537568401196766	0.12832597787175015	0.07315893344571685	0.10201498349313193	0.17400613437350057	0.004721702173565923
67000	-4142.83115714548	-3894.6188691265784	-248.21228801890123	0.06563130761736721	0.08507732378269418	0.06874167866235771	0.12981134793174715	0.1738040947361551	0.004134506499446645
68000	-4143.543393282966	-3892.125954477481	-251.417438805484	0.04169493173613117	0.09331342204386439	0.09613062162985232	0.09956557586507796	0.2181545079183602	0.003139130145039716
69000	-4146.6500430846645	-3892.700030733313	-253.95001235135152	0.030964800867140308	0.12172987965048827	0.07517628985455926	0.11671405915987497	0.20082207230050023	0.00371413655808297
70000	-4143.554267665543	-3893.635629122036	-249.91863854350734	0.05430210628380049	0.09206787756530066	0.07115439940919766	0.09062717419836055	0.1993389397361062	0.003574540731059256
71000	-4148.2703793117535	-3892.9250462838872	-255.3453330278659	0.0798619611018589	0.1172724293314569	0.05119663768126119	0.1280319168898515	0.28040730001470404	0.007008721477723024
72000	-4143.0092508703165	-3891.965754128176	-251.04349674214058	0.05673161996359834	0.14775079276469977	0.09629520237386761	0.12471164364996741	0.2355471310357299	0.005540642980774396
73000	-4147.30495601245	-3893.646087387223	-253.65886862522726	0.044498926592389194	0.07929636264440948	0.09628953874972819	0.06350553549529375	0.2217898121579195	0.004140193889801795
74000	-4141.953154637859	-3893.7791209880725	-248.17403364978648	0.07283055277322979	0.11807462913484283	0.07585277678845948	0.10630602577124121	0.20582520507451602	0.004834094146305461
75000	-4146.838017094956	-3896.5257498359415	-250.31226725901405	0.05918962197746244	0.17337339609764976	0.16146862364060374	0.1153399088773912	0.19454368536291844	0.005655235695466961
76000	-4146.628245008118	-3896.2647595948965	-250.36348541322195	0.07381104909733557	0.1012079776341366	0.1166173726878871	0.1425472060424192	0.17757814494270646	0.00554577681566857
77000	-4151.268021686147	-3894.2824499095077	-256.9855717766394	0.05324714682786391	0.1147376432438024	0.030608948115004014	0.13979057141753637	0.20438711657216252	0.005243635403220766
78000	-4147.30052780286	-3896.3890325956554	-250.91149520720506	0.050487919327623046	0.1025523015552056	0.07718263741442431	0.08201267991038996	0.2176529494174654	0.0035450963315064314
79000	-4146.25905116828	-3891.3742591282435	-254.8847920400364	0.04504880811668018	0.08911399702606743	0.12596829711642665	0.11165840142549668	0.2563280822728933	0.004289637626769462
80000	-4144.792698977515	-3895.945839873314	-248.84685910420083	0.06735654548382274	0.09640175532259537	0.058153300544269114	0.0926325498046878	0.18259990569734932	0.0032969775684955223
81000	-4145.054906202842	-3890.0238364799347	-255.0310697229072	0.054009248686681444	0.08903412545270341	0.07683440752231514	0.10041006534519246	0.28427416045493503	0.004197977737621882
82000	-4148.83392290762	-3890.890782114676	-257.9431407929441	0.07611413005470682	0.12726033438973514	0.05794568740960653	0.08855591947487668	0.2577643001849116	0.004837122892745523
83000	-4147.461122046013	-3896.6433024595854	-250.81781958642765	0.056039090147055756	0.08781121252540582	0.05483616558290385	0.16151481815147387	0.155663859116981	0.004452771464090524
84000	-4143.349061217101	-3891.0773613458723	-252.2716998712283	0.056080743709233244	0.09723043842543146	0.07174950750252052	0.15107041227804385	0.23121002854987235	0.004301812765743949
85000	-4144.375110015324	-3896.722678210661	-247.65243180466308	0.09660509493914476	0.10786760416613439	0.09063621838311114	0.13031808166960557	0.19119442276466117	0.005070813307242689
86000	-4144.651793825501	-3896.4489697766185	-248.2028240488826	0.05984776202443871	0.12093388037052168	0.1252407743333391	0.07506363055105941	0.18037503860248114	0.004533728407813768
87000	-4147.262707998867	-3891.188537174995	-256.0741708238718	0.039481073109893905	0.0641693540840916	0.049598586584749985	0.12966187158535444	0.20233355924066887	0.003857201124746659
88000	-4144.782558673397	-3894.72431235993	-250.05824631346704	0.05119416474248773	0.07055669022312851	0.07877444026445107	0.15016687313762103	0.17371193901343673	0.0032893753774730482
89000	-4143.151237018785	-3895.2159002491703	-247.93533676961414	0.07151506789892698	0.08498178717685473	0.13268052160214375	0.11663444421691518	0.206653121112939	0.004013566059345205
90000	-4144.176091928945	-3890.4834397588747	-253.69265217007046	0.05902384668857347	0.17652722940416185	0.08298394879263235	0.09971748877006122	0.25620838614014063	0.006109667652319721
91000	-4146.283886543337	-3892.163078167943	-254.12080837539446	0.05160115646787341	0.07930468348442703	0.06177865451273205	0.1654488262559614	0.19631102135844042	0.003953217760419724
92000	-4145.014132820101	-3897.9449000121876	-247.06923280791295	0.08984356278582711	0.10316998176131854	0.1276333213971879	0.17395311311686912	0.17585179537426837	0.006573679698623968
93000	-4148.656184535063	-3891.481629530505	-257.1745550045588	0.03345242311752764	0.1344735235213414	0.09066766770026206	0.07399194011710564	0.22080676242638125	0.004193045097742357
94000	-4144.570595449099	-3892.8159083689625	-251.7546870801363	0.051605014845883694	0.12790776591617126	0.05446328865328692	0.09958923842594115	0.19793939899181381	0.00422352355876402
95000	-4144.342607434006	-3891.212764651731	-253.12984278227512	0.05375979218129444	0.10621773074943222	0.05497412293765893	0.09044724159677907	0.21885178429781926	0.003991199988955189
96000	-4146.18634697934	-3892.1867353263224	-253.99961165301772	0.04803513608500447	0.0952502958636147	0.10235478523037457	0.05157188399694648	0.2044444042602141	0.0038287520771064744
97000	-4146.1014245081915	-3896.246722297602	-249.85470221058944	0.10211094842744714	0.12519522431720695	0.10335715864026054	0.1530519806409965	0.2170965530044227	0.007326878525823819
98000	-4144.702780340032	-3894.5029683624366	-250.19981197759606	0.06764651311883735	0.0923617613479006	0.11498435291385994	0.07343981246108759	0.2377205052129604	0.0036937706869619403
99000	-4142.422665853092	-3891.455559868608	-250.9671059844843	0.07317996478683715	0.12305360171329006	0.09503327810221354	0.09026360487500772	0.2544646877625718	0.005081231041378183
100000	-4143.771365798153	-3892.321160820004	-251.4502049781491	0.04429462700825908	0.11487340706692166	0.07212489989752364	0.10636264319123509	0.20939334761493567	0.004084186044151014
101000	-4143.334596678475	-3895.1602874098244	-248.1743092686505	0.05627885259584304	0.11144488921293079	0.08567820325399597	0.12227683706927764	0.18160121655215383	0.0041612293756314485
102000	-4143.200878234489	-3893.7624370475423	-249.43844118694668	0.049051080771602966	0.09585331877843516	0.08268544148583254	0.09201799191588167	0.179987667484632	0.0042780965150664915
103000	-4151.276680892648	-3890.441357904057	-260.83532298859086	0.02764429357986804	0.07552171378326673	0.12443700939641993	0.08127399475888808	0.26219317081846577	0.003293019385123422
104000	-4151.001970191555	-3893.6925249675733	-257.3094452239819	0.03889987138994725	0.11701948145439815	0.05960408314579251	0.09012605342928355	0.18875672356967518	0.0045018330897273464
105000	-4144.246130118642	-3890.942515116486	-253.30361500215656	0.06302419636132488	0.10458727754067619	0.06701336590249228	0.16644806042715588	0.2457521807284749	0.006256611717490412
106000	-4144.602818609155	-3897.2636617646795	-247.3391568444757	0.10385087690565	0.13683349023516422	0.08721042980763936	0.09432169968670329	0.189112507543974	0.006444292158416331
107000	-4144.151024721862	-3894.824368584458	-249.3266561374038	0.10626830583733703	0.13299638928930999	0.0971482325233368	0.18568712995565784	0.22099692054830689	0.0060395612082349065
108000	-4143.575946895736	-3895.924175922134	-247.65177097360146	0.0814081848541678	0.09968785763873315	0.10689007585635846	0.10366303997398595	0.19600345966638502	0.0055026943432357235
109000	-4148.721763884057	-3896.3689810742735	-252.35278280978275	0.037800119386708284	0.07658479213157149	0.062489304855473694	0.07790045334505087	0.15977766907382718	0.0021262386642290636
110000	-4145.559381625452	-3896.3362751037894	-249.22310652166323	0.075422969872157	0.09469171824262819	0.12180290329658251	0.058279425656882725	0.198909916065172	0.0038875124254037045
111000	-4146.89834479115	-3896.1037599842693	-250.7945848068799	0.06752314870602867	0.04670666498224681	0.06569395311878538	0.10318298988152391	0.1640394504633743	0.0032297147640596856
112000	-4143.476022665671	-3892.214865535845	-251.2611571298262	0.08198912169799058	0.13380830573674415	0.07640859687876997	0.0746674917175584	0.24027706184910141	0.005766277932202181
113000	-4144.531437170601	-3893.4299661624195	-251.1014710081813	0.053951715163898926	0.10832720810745516	0.12498141595007099	0.08745440033553903	0.20694014788306617	0.004687841938875567
114000	-4149.752945893735	-3895.412345563601	-254.34060033013398	0.0630499509978267	0.07398219063159843	0.03146796383294814	0.10355621139644305	0.15339220322371533	0.0049260127132754955
115000	-4142.616415554627	-3891.568917752895	-251.04749780173202	0.0730571097404575	0.13332501387704207	0.10867935805506539	0.10702629395156754	0.2550487069331841	0.005818676736769763
116000	-4147.494389904326	-3896.035759633321	-251.4586302710051	0.08998010250945922	0.1492367147115729	0.09939371913022194	0.05677366220615573	0.24335675326588288	0.0043867311760453975
117000	-4145.474379839001	-3893.6189143916217	-251.8554654473795	0.04538428090641249	0.11485989966769931	0.07613203853577054	0.11060896240325152	0.19827335524777667	0.005279382075466991
118000	-4145.350666640561	-3893.4048214610148	-251.94584517954587	0.06955277479828142	0.10031807299925685	0.06845513931262474	0.06788904844153704	0.21041359834019563	0.004804376256311235
119000	-4150.511493389362	-3893.3700223868245	-257.1414710025376	0.027639175329962445	0.09383774801924778	0.1653082204767268	0.10699883593243986	0.2346266471405085	0.004230997412933247
120000	-4147.7383226674965	-3896.965319427897	-250.77300323959892	0.0804606096503125	0.10392951291481324	0.08987840413219177	0.16426022915647967	0.22379461868969514	0.007768055126444975
121000	-4141.795628307913	-3894.481906677148	-247.31372163076477	0.08652973598745517	0.10490971513159925	0.08563295180620578	0.13198056835234512	0.20846549364914793	0.0048755055194465245
122000	-4148.958401635282	-3896.9328016941136	-252.02559994116814	0.07627794847353637	0.14681007843177446	0.07354780140295863	0.05848369715751308	0.18591254459972387	0.004389054381135416
123000	-4144.737094481312	-3898.8252773460276	-245.911817135284	0.10759650003953204	0.10081173700209724	0.09274076169511777	0.11893866998402888	0.19170496603546497	0.0043354631195875225
124000	-4144.226462842202	-3894.9193873820414	-249.30707546016032	0.08172106004969794	0.1413753959191325	0.06550456023407175	0.08555616476030964	0.19659157842122385	0.005467572394746949
125000	-4150.731694322449	-3898.286152869675	-252.44554145277385	0.07464529506331487	0.09565524693735875	0.09443898854007815	0.03902217284387365	0.17332957532137191	0.005492295641166733
126000	-4143.783257370102	-3892.625410605755	-251.15784676434643	0.08086938390332671	0.15153125284110716	0.0744952544721205	0.07526285708570901	0.23439788915788382	0.005336029547526536
127000	-4146.625242064678	-3892.6768800781147	-253.94836198656358	0.040940289859638136	0.11406885762535372	0.06608159758931693	0.08667091693005716	0.2143634203763635	0.0050581038843313985
128000	-4144.024835589328	-3896.3862144551545	-247.63862113417377	0.054917173837055695	0.10082124209766889	0.08278297976069132	0.10249021281704226	0.17671714720488313	0.0034162461953249294
129000	-4147.174017247038	-3895.944983168727	-251.22903407831075	0.09399370352655965	0.13065293856652702	0.09035877119609047	0.13067798183835552	0.2605168646154177	0.00852178919688343
130000	-4142.984232677676	-3892.4979398883715	-250.4862927893042	0.055796213354978134	0.10436491899802725	0.061678536528375065	0.09615820984597609	0.19228067447688396	0.0042297779833095
131000	-4148.64505220048	-3897.1256004723577	-251.5194517281223	0.08762183196427631	0.06385230797965931	0.118533723068926	0.07680750734572661	0.2577763861033335	0.004106634979600702
132000	-4147.590984618579	-3893.9834660987244	-253.60751851985452	0.0922959103097951	0.0832439414503124	0.08409458776824312	0.07241004651533645	0.2906346269704237	0.004434493500450501
133000	-4145.046464290907	-3889.45899096048	-255.587473330427	0.04580269293017465	0.1043356196464092	0.07415685922642598	0.14385908222135574	0.2655427706645087	0.003894011008555494
134000	-4145.715748823959	-3892.313549321353	-253.40219950260618	0.04305005733229807	0.12196239779656569	0.0993687934179523	0.12226292158106404	0.23816668601645288	0.004483873635484759
135000	-4145.72208385488	-3896.8048527490987	-248.91723110578135	0.08092443221248635	0.09406201995473482	0.12160077523959792	0.10068855375441844	0.2507149843732987	0.004091485009639826
136000	-4146.222485115169	-3891.6675548530475	-254.5549302621211	0.05749507082495886	0.0759771496489227	0.06597103563277192	0.12764299115609662	0.2550779463698386	0.004933698116453669
137000	-4146.408129390461	-3889.227329654037	-257.1807997364237	0.042437173227272654	0.0695540092734982	0.0380564240956706	0.11322397768282205	0.20812165032362132	0.0033449855762261384
138000	-4142.416089777026	-3893.130271552128	-249.2858182248986	0.06012575649732221	0.08636160496624128	0.11383347556108496	0.11538101472676714	0.20879619351438386	0.004547623949940759
139000	-4144.769835843128	-3893.3167742908236	-251.45306155230418	0.05492476769519178	0.10918755949106432	0.10135041249646405	0.06330921525625857	0.20380379144602	0.00385906316080302
140000	-4142.930387746189	-3894.119825045907	-248.81056270028176	0.07614827833672318	0.1118422480880183	0.06805641373075007	0.1408542464285855	0.19588901196643116	0.005855634961772026
141000	-4145.5284003884935	-3891.9993973583387	-253.52900303015502	0.06777836453889642	0.07832262808065031	0.06289473875709371	0.0957656057674831	0.2212231316353404	0.004182709367417966
142000	-4146.610798047155	-3888.8342937554635	-257.77650429169154	0.03814223114936183	0.11602387413564819	0.053700004175223144	0.10276143285043216	0.260881211747601	0.0037595369698594657
143000	-4143.348107257011	-3893.456836047132	-249.89127120987902	0.06880401623115442	0.0979055495397154	0.06420812133734359	0.15843809718678142	0.19234229389461632	0.005641470530142889
144000	-4145.786967663339	-3891.2195199786665	-254.56744768467289	0.036935309046737363	0.15133307776015492	0.11207266924125994	0.08647522184908127	0.23960387026609825	0.0045566309768107
145000	-4144.363030110256	-3893.0250713423784	-251.3379587678775	0.053765334111352196	0.12892462872125993	0.1335634230912579	0.07926332418444484	0.21573607497626154	0.0052881698577085775
146000	-4144.199305861376	-3895.8206432985953	-248.37866256278113	0.06571437415773602	0.0804623813652801	0.08852989054674193	0.14359292565950274	0.16857469255101032	0.005448581010641234
147000	-4144.566041750824	-3891.5633681640074	-253.00267358681697	0.037779936449060525	0.07698687628620608	0.06352474872189827	0.09828413005625995	0.18944790074818105	0.003011849657364452
148000	-4145.644315299169	-3892.210751420128	-253.43356387904063	0.05550402396814892	0.07844011054948255	0.0408562781153625	0.1276882547408253	0.1792199605307603	0.004472188135218548
149000	-4148.648965183302	-3892.3872715749085	-256.26169360839276	0.04319873759687195	0.08388594459546576	0.07151227539541634	0.08315289797656075	0.23187888870291778	0.003265801705692695
150000	-4150.094173664084	-3903.775582748602	-246.31859091548264	0.09613659739716349	0.11297716163229447	0.1049110091039369	0.10838078344238007	0.18997316040302603	0.008202518122007615
151000	-4145.254799639296	-3893.461468346156	-251.79333129314	0.04899187814155657	0.09037750964372115	0.061139179400118496	0.17020598853168223	0.18616932795543278	0.002986305349854675
152000	-4145.269267447694	-3892.5310005815986	-252.73826686609556	0.06390783801765368	0.0811086984164244	0.10349446407935503	0.07798275748030765	0.2704093678522004	0.0036046949826138803
153000	-4146.897401997079	-3895.6552834162026	-251.2421185808763	0.05616214390052162	0.05114923768303805	0.08991401163336626	0.14234927074735668	0.17018796188903432	0.0029246331784759678
154000	-4143.806519291974	-3893.512505835328	-250.2940134566465	0.051068452950557265	0.09296976129425324	0.12428764822154748	0.11920739765276539	0.2153119378533282	0.004359029502203676
155000	-4147.500634563366	-3898.0454906937193	-249.4551438696458	0.05076879449404399	0.07355621760192642	0.07578704460505133	0.12680743976692724	0.15407692934322598	0.004275203722621015
156000	-4152.50744331862	-3895.08748156394	-257.4199617546803	0.06530582158580908	0.06461640220354971	0.027998994569226547	0.1502104500190757	0.14503362436898293	0.004460026416500253
157000	-4142.811445004273	-3891.843870912541	-250.96757409173154	0.051443509052525996	0.11293591988838612	0.10150220132918372	0.09596963652596138	0.2293621232536833	0.003894732051111813
158000	-4142.727027720158	-3893.060187248271	-249.66684047188633	0.052192942947432555	0.09909638358996996	0.10315532483153102	0.12464886254102797	0.20109183401384534	0.004362026041060779
159000	-4148.538277118291	-3893.9761970495274	-254.56208006876398	0.07727716419939797	0.15107411378493116	0.03876680488455395	0.15373905329933743	0.21314978221945263	0.0070782871437314685
160000	-4144.335090882076	-3892.870961123219	-251.46412975885664	0.04539611116894724	0.10355804919971433	0.08020702901327431	0.07443443958407943	0.18780330511391474	0.0035766897883099938
161000	-4154.202364889147	-3899.874358195478	-254.32800669366927	0.03664957200327628	0.15313037527405413	0.06851735079549845	0.11987758136477604	0.14409231210732837	0.004090522650565134
162000	-4144.764922147362	-3895.2852125976287	-249.47970954973334	0.06827508382083845	0.086846367964178	0.05233367383183471	0.11261538487100857	0.1617312444789137	0.004551171559460859
163000	-4142.7498806047015	-3893.1646889816466	-249.58519162305484	0.08327276902911815	0.14689867713024155	0.07474797856214134	0.11039126735347855	0.2200939461148505	0.0061766100902215315
164000	-4145.580286101597	-3893.3216646185842	-252.25862148301346	0.032957518725467504	0.08495742743876653	0.11094644908296752	0.08152296121559409	0.17821293802927657	0.003308898495244054
165000	-4147.787841887584	-3897.297732914356	-250.4901089732284	0.06501931441769394	0.049004410836938087	0.13893225017090866	0.11271256396522071	0.15559806993578246	0.003868206709688247
166000	-4144.138846339233	-3891.989264730829	-252.14958160840402	0.04291744234322674	0.11519407729122395	0.10487625977465682	0.07946549870897668	0.2186405703753253	0.004289350550913098
167000	-4147.427543200318	-3897.859351981585	-249.56819121873266	0.0441144520522602	0.07945074428131603	0.09154599476436287	0.08230232779293793	0.15566933467125424	0.0037624812605631824
168000	-4143.466525524923	-3892.6348052537533	-250.83172027116973	0.05298226872788226	0.08112561599512627	0.08253454011962627	0.09196336404983102	0.20887420526049014	0.003981936353886559
169000	-4142.707785963466	-3893.5437338779	-249.16405208556657	0.07494580127349479	0.13222519768409252	0.09796900489805409	0.12626578010600145	0.23434085781172545	0.005720076594390507
170000	-4147.139987065952	-3892.148145017629	-254.99184204832238	0.04425878372751319	0.09117338997343072	0.04625307011249231	0.15428883321957645	0.18959066792582369	0.004530995180883503
171000	-4146.840360795592	-3892.189240222341	-254.6511205732503	0.049476059121858006	0.1316867453105207	0.08581633797640818	0.08533845199584002	0.2753398893446261	0.0035616190281368676
172000	-4142.728674492564	-3894.0596290639896	-248.66904542857475	0.06744436662336697	0.0973104764153878	0.12386432915023897	0.10523361335210499	0.21547273838427622	0.0055453528100688695
173000	-4143.994223603143	-3893.383754894515	-250.61046870862776	0.06632817398260858	0.06993404410904382	0.09891299978003001	0.10207619053900402	0.22895034279255425	0.0038227928377319964
174000	-4149.663201290616	-3900.2810225365643	-249.3821787540514	0.04272447572255811	0.0838307076932996	0.08855177543252524	0.1422527780122975	0.16735226581406726	0.003446782212927615
175000	-4146.883717922778	-3891.4698971972666	-255.41382072551062	0.039967179449671375	0.07323027370691451	0.04513346901957238	0.0833619929761567	0.18758302339255806	0.002509530827410806
176000	-4142.098985292979	-3894.069959337716	-248.02902595526245	0.07452501776941294	0.12235492273170293	0.09082315952707312	0.10872132294513698	0.21547308996287742	0.004698791403669696
177000	-4146.003176233866	-3891.837295810814	-254.16588042305216	0.06214429022266511	0.05705982655366528	0.05855822019546385	0.1484163011795943	0.21707551829415672	0.003973583297049526
178000	-4146.348220532947	-3896.351163815687	-249.9970567172605	0.08061266433394558	0.09233394880910942	0.08272604710827117	0.21238885713933975	0.18121853934004525	0.004537099539206418
179000	-4145.735509321148	-3894.2927434070043	-251.4427659141439	0.11353699725072688	0.15730982765685717	0.060659859665513134	0.14335861089027363	0.23206119771410902	0.006552151740771859
180000	-4144.185930299168	-3893.7069452299365	-250.47898506923121	0.054728225000121235	0.08535272643850605	0.06428712463450471	0.0994195513847529	0.18103207725203957	0.003813785412122287
181000	-4143.083968683642	-3892.8887625445136	-250.19520613912832	0.05853875845987753	0.10839582112203455	0.13466625619369976	0.11938642029272412	0.22527515804548578	0.005282830214341622
182000	-4146.195921263289	-3893.0555265610774	-253.14039470221147	0.044221582454569086	0.12834183190229928	0.06521713725873554	0.14304292245636546	0.2112859832275641	0.005706439533206187
183000	-4151.923618206681	-3890.9668389116914	-260.95677929498896	0.01889279822879764	0.08852321708315769	0.10067727614869325	0.0691631145400815	0.20403550561527778	0.0027673609467759965
184000	-4142.787731886478	-3891.138491970459	-251.6492399160183	0.053875301453712936	0.07792048722001775	0.09358914307251913	0.09975577507038111	0.2424556513824373	0.0037218374179796712
185000	-4143.234588474117	-3893.8686254578624	-249.3659630162549	0.06851966134346381	0.08916581413015173	0.10137365842426507	0.08632712245919237	0.22815772543282456	0.004478529461143011
186000	-4142.290921873673	-3894.7385221219265	-247.55239975174646	0.08380876346262624	0.09202721130307592	0.07664953437433018	0.10828374933994976	0.19985500469205902	0.004670967307192211
187000	-4142.240172596884	-3893.706269174715	-248.53390342216895	0.07649892177260369	0.08484091865694608	0.09087736628141238	0.1608252562659787	0.20303472983601317	0.005370536934296422
188000	-4145.711015545062	-3893.7691583409674	-251.9418572040944	0.05218416581153045	0.07493874998616233	0.07644510753394729	0.09524256362359705	0.2198878897444758	0.004420731295037823
189000	-4143.325197301867	-3891.903575862349	-251.42162143951785	0.062083944778478145	0.16647295606064272	0.08268379788757046	0.10844327687731746	0.234255880131871	0.0052801306816683295
190000	-4148.627145996727	-3895.7084423149136	-252.91870368181375	0.03573337475527936	0.09956299053534505	0.08800668664716847	0.17103354421411163	0.20658876350538913	0.0029868939554241816
191000	-4146.545893189296	-3893.1419116005445	-253.40398158875155	0.05663236511896267	0.15486231747349102	0.06716399015355923	0.18756189389497643	0.21280888327659692	0.005854361883156469
192000	-4142.990112832644	-3893.5929586916595	-249.39715414098393	0.0814513895221319	0.1413156031238871	0.10231455738865074	0.1383330486910543	0.24143332783587812	0.0056638992129684086
193000	-4143.671400776076	-3894.181376961411	-249.4900238146644	0.08230080236558372	0.06466953392550248	0.09560215859985333	0.15849675145699468	0.21297124800323916	0.004750068057175004
194000	-4144.946689901146	-3893.1350363868496	-251.81165351429658	0.10669316798189016	0.10523777888752216	0.10584949459104726	0.13884817844615108	0.288800663303677	0.006531886162096259
195000	-4144.459058597281	-3895.9953299781737	-248.46372861910723	0.06790287449517049	0.08600526667457709	0.11132558876271484	0.18175493036826093	0.1789015690021743	0.004061046949792638
196000	-4146.479442430139	-3894.009493942639	-252.46994848749986	0.03567333271294076	0.08232556486221632	0.06458647393138424	0.14361783105210807	0.1656031107921004	0.0030504635834405222
197000	-4145.621903477694	-3892.3546055966867	-253.26729788100707	0.09244942000019482	0.11523981797859596	0.049608898109022484	0.0853392982003512	0.25162878510221837	0.005431366017355434
198000	-4144.37314394987	-3896.1249718399495	-248.2481721099204	0.07556251331142265	0.09438464710406888	0.1459751431049972	0.1435900930286049	0.20293404497303955	0.005954340893445517
199000	-4149.475976845354	-3895.1937810073214	-254.28219583803246	0.045224743528347454	0.04968405504373969	0.10957221993752098	0.0592711109274266	0.1646513220601257	0.003033596942125033
200000	-4144.694996835968	-3894.693337224758	-250.00165961120965	0.07391373146997636	0.1308349319282529	0.09554772477198487	0.09284157843706838	0.19972241480322964	0.005869572781343602
201000	-4144.415040386917	-3894.174051549272	-250.2409888376452	0.0445255852027081	0.09988239414844155	0.11811389690549856	0.12509289953993524	0.18744228092761708	0.004634681050947911
202000	-4146.618045137738	-3897.167898642553	-249.4501464951844	0.04758307092668284	0.10664806436381714	0.09335555759055301	0.07383989784878751	0.15031785345377818	0.0038054528721429403
203000	-4146.60882117684	-3894.229127469578	-252.37969370726205	0.0715768117736253	0.11665369270601161	0.11942074245068936	0.054836759970060586	0.20639216338968847	0.005210430259296602
204000	-4144.63199505892	-3892.5073506198505	-252.12464443906975	0.06905178935827767	0.06923092074396173	0.06372269431544375	0.11597028592578856	0.24070578283227628	0.003548721277774178
205000	-4145.234049955283	-3897.726685120335	-247.5073648349484	0.0765023883872451	0.08087980061563603	0.07578179727518358	0.08196516640690478	0.17345122189324885	0.0032678157161505233
206000	-4144.257222115919	-3894.491598637739	-249.76562347817952	0.07927213153620968	0.11119763843989804	0.09110824965019228	0.1644536698330972	0.1952675288550386	0.005936470847550461
207000	-4148.058068270708	-3894.6430851365117	-253.41498313419575	0.0543571287055409	0.07931458518007074	0.048253621254290245	0.10691839028428854	0.2143680390558793	0.0033750738493108267
208000	-4147.6176993475065	-3897.323289784246	-250.2944095632608	0.061617359927062416	0.07663577154406144	0.1205815609231609	0.09219276111187862	0.21425724916138167	0.004744507819972611
209000	-4142.903885818897	-3893.552068466771	-249.35181735212598	0.07746963690623662	0.07895874461437843	0.07335962599429614	0.13002952782281235	0.21174822738510657	0.005645327711148918
210000	-4141.8743845515555	-3893.785592172543	-248.08879237901257	0.07256572047703445	0.12912468273735556	0.10078778024570921	0.12474139586063966	0.2080852577220081	0.005453747212889616
211000	-4147.845535070696	-3893.3386000651844	-254.50693500551176	0.07490977617848849	0.04675974082321749	0.05804490177711523	0.12372383608353678	0.2066994711493286	0.004255382917542376
212000	-4149.6377633186075	-3899.3693679860007	-250.26839533260642	0.05737964467436279	0.0785340450544644	0.05484076408217898	0.10836910128598456	0.16200801727005007	0.003141221417067129
213000	-4145.2167165472065	-3896.4953981498184	-248.7213183973882	0.07551523993078699	0.06996417755255303	0.1294025835822531	0.08441437815372085	0.18786515527529946	0.004094695522183748
214000	-4143.5587535696	-3894.692018314873	-248.86673525472722	0.06971895393187348	0.13773596023688606	0.09496995423245633	0.10920546580597647	0.22921042979377385	0.004473535105950603
215000	-4145.803049639127	-3891.2608150841106	-254.5422345550156	0.08068185826706423	0.1426557360781186	0.05592591822973277	0.09280358171695187	0.27201740869147883	0.005007597477717862
216000	-4143.1250949651085	-3893.419760397199	-249.70533456790932	0.05120233334242273	0.09623195989960394	0.09551974772749967	0.10076832944592663	0.2064102936226626	0.004388188950434246
217000	-4146.817341322159	-3891.0718980994316	-255.74544322272732	0.03448460000348785	0.0763290549005032	0.08282174775613986	0.0629866555442774	0.2016189395339833	0.002927110927830633
218000	-4146.666446415957	-3889.7954828052434	-256.8709636107132	0.03384422231056886	0.09475227265222293	0.06515563014143885	0.15539128562044674	0.24326809979519848	0.0027327286004905954
219000	-4143.836549020009	-3891.5046309038275	-252.3319181161823	0.0592982439833996	0.08831179338888683	0.06648180884528566	0.0979496026832387	0.22220628466197986	0.00456190176981568
220000	-4143.612146908612	-3894.9894494973514	-248.6226974112601	0.08657755478916775	0.12939963413556163	0.08788214772052301	0.11406210137650066	0.2106377271452528	0.005585412853220131
221000	-4143.0607258867285	-3895.8616427531642	-247.19908313356459	0.08005760487847643	0.10206069435691069	0.10598165249893486	0.09953380391948483	0.1997320053374837	0.005128342165445888
222000	-4146.658440506775	-3893.088220858499	-253.57021964827646	0.12846977863934314	0.15552713908264545	0.08053897423362782	0.11357448845630308	0.2896331041341434	0.007514707796610995
223000	-4143.811714659178	-3894.8843960944964	-248.92731856468143	0.055860446846316775	0.07319404202593216	0.07317923369164868	0.09735640632082439	0.16137796468277016	0.0036516727367846276
224000	-4145.311801437993	-3897.413766857619	-247.89803458037403	0.05672537953702083	0.0987053333791595	0.11945454798885705	0.08469237945781548	0.16655003095655996	0.00393183879587553
225000	-4144.43896592229	-3893.1088932213397	-251.33007270094976	0.051069692427232964	0.07206947647811328	0.06441833336095186	0.14079776877802935	0.17682418943081413	0.004124987723087383
226000	-4143.263795676436	-3892.093286762689	-251.1705089137463	0.061600532112720624	0.09916942230526947	0.08994909582901205	0.1426198220778458	0.24698060813014977	0.003950721935921223
227000	-4142.906098768173	-3891.8696299717676	-251.03646879640584	0.06796753728716168	0.10188309923886271	0.07298571753754311	0.10767017870859344	0.2507410392443243	0.004656546787266495
228000	-4146.470028283121	-3899.7329119153464	-246.7371163677748	0.08059820326778311	0.12042850337625256	0.11663821569482405	0.09523118687469763	0.17109873143330595	0.0067773190596167624
229000	-4146.02496244118	-3891.674773548432	-254.35018889274812	0.06205170010308565	0.07455919364165697	0.09786315389957727	0.19156919193714536	0.25560024400085046	0.005097784300001046
230000	-4145.649755631616	-3895.3867529757053	-250.26300265591092	0.06624970753878491	0.049890090848169526	0.08281873551537461	0.10322425427775617	0.1841560574979989	0.003132544977896553
231000	-4148.4130903751	-3897.4573941971494	-250.9556961779509	0.05701457680531387	0.07100394268871016	0.15837322869912823	0.06702305224859136	0.16805433043344534	0.003574362916730322
232000	-4148.446666370739	-3897.079263119357	-251.36740325138226	0.11197032767944888	0.0882978933586084	0.07086882470276477	0.06692300589229358	0.2162738356169695	0.004564736032449057
233000	-4145.580349976979	-3893.7748173283203	-251.80553264865858	0.09121933649519823	0.11532515983153406	0.06307333779294737	0.1348409652885363	0.25567301514019225	0.006164809255123716
234000	-4146.563247865929	-3896.4565883146524	-250.10665955127644	0.10662117429084085	0.10102667203146863	0.04853038174762947	0.11444181001697805	0.20171125385484898	0.004609913621189333
235000	-4144.044732008449	-3892.170497961969	-251.87423404647933	0.0581323548992137	0.1090533674947803	0.07204123535738442	0.08094038609620237	0.22919856326462332	0.004076482738866941
236000	-4142.48903876793	-3891.295659186153	-251.1933795817766	0.08169463866886398	0.14276224955920747	0.10372597490850714	0.11414655532019216	0.26606607732245524	0.006234251250460103
237000	-4150.5806983991115	-3890.798137934443	-259.7825604646682	0.09071900779518262	0.08273333021810732	0.04324679383096338	0.12938789534775363	0.33418463656155506	0.005779956326293896
238000	-4145.059431305024	-3895.4290010316236	-249.63043027340052	0.06515131673967783	0.052573123826159564	0.0892218053357167	0.1204835092134171	0.17139625900250582	0.004523370133484159
239000	-4145.359354066109	-3896.5180922920836	-248.84126177402482	0.06356228399557731	0.05811623158228401	0.11752118866271083	0.09869398973601683	0.1771300456548824	0.003393876508036313
240000	-4144.790751370579	-3893.450020332595	-251.3407310379836	0.0813105560629671	0.06654642829557804	0.07505381840875347	0.17244766001037848	0.22527328075669018	0.004139185782125666
241000	-4146.181895812277	-3895.0030119987296	-251.1788838135474	0.07767754486374961	0.10483293948570666	0.05879658718377854	0.10450178166752845	0.21819112876908808	0.006589828619848875
242000	-4144.629992897586	-3891.690918329089	-252.9390745684966	0.04277016523424231	0.08588040659669484	0.09133825962686247	0.08267896937243202	0.20935862214614623	0.003780503830654462
243000	-4143.631366963099	-3891.3629177099747	-252.26844925312452	0.06291327446735007	0.0764535893200672	0.074809658629756	0.10233716036234225	0.2488632996177968	0.004307216274425667
244000	-4143.622253187261	-3890.441040993139	-253.18121219412214	0.07899646832389495	0.14168418409837566	0.0950867230657695	0.0971672172844054	0.2888475987869492	0.006318550772450645
245000	-4144.9871639450175	-3895.0157776121687	-249.97138633284865	0.07765702234355903	0.07448670391613821	0.06832303834760285	0.12511153310027842	0.18333595902566657	0.004176215474655166
246000	-4146.693628562795	-3900.0736126014795	-246.6200159613156	0.06742679324697809	0.07038161940180754	0.10027476088988665	0.1118590430698523	0.13624411615687324	0.004015694856603572
247000	-4145.962551058766	-3896.4735602226883	-249.48899083607736	0.057522206480929323	0.09887090816235583	0.08098141180189511	0.0787523534719536	0.1777124253603947	0.005543504791795984
248000	-4147.152046195252	-3892.3019160877425	-254.85013010750995	0.08471944923369043	0.09321978416016564	0.04830242583073414	0.16146603508739343	0.22916879417783742	0.006649891788185919
249000	-4145.2764336751015	-3891.4312781248636	-253.8451555502375	0.06079235599516917	0.10763194868325747	0.045247313366838765	0.09360026651703603	0.22656206839490403	0.004444220413566327
250000	-4144.314726624046	-3896.0138089728953	-248.30091765115012	0.050138956532755415	0.08479572441993313	0.09954871998352523	0.0978671783953472	0.1583987985208762	0.0034481400665124138
251000	-4143.318790047477	-3891.5196119694347	-251.79917807804193	0.05362821096781044	0.13632047978236153	0.09339623075155067	0.13573755961381226	0.23221771060368115	0.004451164246959282
252000	-4144.306728402521	-3891.7943222452195	-252.51240615730174	0.05031615903588975	0.08458745402249673	0.105960970336959	0.12589039416219147	0.2380788972315366	0.004425923392126086
253000	-4146.474739793064	-3890.5803864396757	-255.89435335338817	0.03988993086089052	0.07411896820001461	0.05965454976114937	0.10016750115324138	0.2472361213722692	0.0030452123106316847
254000	-4147.122873891361	-3900.338371110919	-246.78450278044215	0.09420208768958868	0.10818929424774971	0.09792336719234143	0.08848877150982705	0.17799554271380896	0.006836470011450289
255000	-4144.2504694284835	-3894.1873557619265	-250.06311366655743	0.07496187947779291	0.17785453619775232	0.08760637647385607	0.1378515678399923	0.211325567321008	0.006514269225210556
256000	-4147.253283930997	-3895.1954479765254	-252.05783595447178	0.04401915054134831	0.1488701404508151	0.0915391201933847	0.13184194765721827	0.1900432748271171	0.005290602327539357
257000	-4147.262858963744	-3896.1813627918327	-251.08149617191128	0.05618645676741204	0.11070839425644179	0.06224539668176072	0.1756009921948497	0.17155755144992715	0.006098949536436087
258000	-4145.928806558562	-3893.492488370604	-252.4363181879586	0.05495998638432803	0.07376887024446811	0.05604176068316763	0.15049547453153128	0.19145688277447626	0.00375365297509848
259000	-4143.280956739401	-3889.493092671153	-253.7878640682475	0.05783056248792595	0.11685016789110828	0.05928513832170971	0.11140777980597405	0.2627561706691239	0.004175560896632357
260000	-4144.489793829101	-3893.305925322141	-251.18386850695993	0.04470004212176055	0.09483824553899071	0.14640315755316588	0.10071709735272893	0.20865829295598126	0.004261547458606239
261000	-4151.218265031373	-3904.9220304071614	-246.2962346242116	0.07423699676759445	0.07957195733823545	0.1349130636017096	0.10054108005434692	0.13630929562992247	0.005543921259002008
262000	-4146.316395640467	-3892.5276492616067	-253.7887463788606	0.03738647763246556	0.09175887619113589	0.05477894968718026	0.08739386338310744	0.17698742731131714	0.0036074839383222405
263000	-4145.264303310836	-3893.140704870977	-252.1235984398587	0.08468722349741202	0.1188073430867666	0.04925474649969576	0.10802031480451277	0.24041249852079116	0.0047566469551747195
264000	-4145.846263388637	-3890.1985870625012	-255.6476763261361	0.04384229543197633	0.08409942385578895	0.06560636082945326	0.11275607089931294	0.25938868804261206	0.002950555668975468
265000	-4143.73675399668	-3893.605438077205	-250.13131591947493	0.07853276099884522	0.08673033052830915	0.12182373649960959	0.17306614128717748	0.23704581703207644	0.004554037661841072
266000	-4142.706502249688	-3894.8521985131156	-247.85430373657277	0.06001176810972238	0.11044971421037661	0.09775626113207382	0.1168546342476145	0.18736810007232277	0.00545627746294052
267000	-4146.393367249958	-3895.6136747244063	-250.779692525552	0.0678492685755015	0.09694273934027159	0.1229837079364625	0.1914803265334376	0.23289713094808107	0.0037774907284284713
268000	-4147.167932950193	-3895.353978910351	-251.81395403984163	0.07000302551826224	0.10661665958021362	0.05768604896619169	0.06767794626326325	0.19521224342400215	0.0035032372268021905
269000	-4142.814940440104	-3892.496584958316	-250.31835548178776	0.08211869812827681	0.10151146197753896	0.07769248747633165	0.14294309094753616	0.22718402503240961	0.005538573655219482
270000	-4146.942290570288	-3891.851792136278	-255.09049843400928	0.0355994571812839	0.0931120144618776	0.08750281529117969	0.1092983958673792	0.21934417147098526	0.002636147140455458
271000	-4144.353528773063	-3895.3388925866975	-249.0146361863658	0.05422096473547899	0.1217269820980731	0.09963951676994239	0.08212798102073648	0.18917293551756514	0.005058738711125468
272000	-4147.379121499048	-3891.4859971205296	-255.89312437851794	0.061048608821072235	0.11072821986630899	0.06150989657483216	0.08375259312313968	0.2385897408516573	0.004986554322383938
273000	-4147.618362278817	-3890.383366578459	-257.2349957003574	0.044134048478170075	0.08040145627947912	0.07175902035608976	0.08204032761910389	0.27175103240408843	0.004130330235339681
274000	-4145.7680970809415	-3895.7843056987126	-249.98379138222862	0.06844763861292186	0.12666311284985435	0.073140070697984	0.09139667132889584	0.19123771000976522	0.0064552239591619005
275000	-4148.60672109449	-3891.3101724961543	-257.29654859833573	0.03343383895041238	0.08595708943790813	0.07359453550957841	0.05481572871380747	0.21535110920228162	0.003633129977963589
276000	-4146.104573723131	-3890.877511074865	-255.22706264826544	0.0344209687377611	0.14903492298470086	0.08681358438302009	0.09001891439705782	0.23681414450453542	0.003935260627976012
277000	-4143.4731710545775	-3894.9894917187066	-248.4836793358706	0.07679442607615453	0.14754502349342913	0.08077900843380911	0.09414193028775843	0.1978799560511874	0.005385415224212624
278000	-4148.729289124355	-3894.179165756989	-254.55012336736667	0.02630155950354849	0.11276592679614142	0.09021937059895757	0.1239954013230261	0.19879442546561352	0.0036238996632332425
279000	-4143.40387650216	-3892.7314378916244	-250.67243861053495	0.05736672731132187	0.11624166988366437	0.10386537681045117	0.12080594125287569	0.2436002386968207	0.004720776367652613
280000	-4146.218688659573	-3896.2160125533537	-250.0026761062193	0.09024489838576766	0.1102942520574597	0.1438792256408336	0.07640059496160462	0.231939676414339	0.0059092178178240945
281000	-4145.93127889573	-3893.8735847850667	-252.05769411066413	0.11110416132342592	0.14902019143157777	0.06466369343584821	0.12888005059881763	0.2401214035926894	0.006429862660238341
282000	-4142.913377051958	-3892.8032731973594	-250.11010385459878	0.05839071538630471	0.13286538059051753	0.08438200611076276	0.10917796375298078	0.20887841144589347	0.005318526646062826
283000	-4146.029024630677	-3893.204454614588	-252.82457001608833	0.06536816581940338	0.05934790972980714	0.056098208172256976	0.13396657517148156	0.1917519058776934	0.0043029767265460655
284000	-4145.867121967975	-3894.4389982435446	-251.4281237244309	0.051017319135753886	0.08387050284612864	0.09578553303797643	0.1132670488719509	0.20220714878004326	0.004350162585337676
285000	-4145.834007905621	-3889.9227242697625	-255.91128363585827	0.032264527436164966	0.09945100051699486	0.06802494076847213	0.09671214353101328	0.22462640482134577	0.0037530714149309457
286000	-4142.307374692169	-3893.325491783611	-248.98188290855833	0.061377901594595746	0.08765577791526799	0.10407850850430427	0.11138057842831706	0.20801770167786754	0.004852435808720024
287000	-4145.426977118188	-3891.429669517165	-253.99730760102247	0.04579174771752944	0.11748329165815172	0.07693300411254744	0.06295578307933584	0.22483523100171846	0.003409329966278428
288000	-4144.566369180077	-3894.241400886521	-250.32496829355642	0.07181923329685426	0.09174308807564505	0.04878320242253205	0.11752996564000465	0.177675283034038	0.0052567650226295
289000	-4143.129282142686	-3892.4447280240292	-250.68455411865673	0.060404433175307	0.1088886276330873	0.09896906004201036	0.1291040854005812	0.2219859158264876	0.004111803872114742
290000	-4149.66731281529	-3894.7709795422847	-254.896333273005	0.032649870742766415	0.0449396244182578	0.1453098548171612	0.09342690905399505	0.1557545158376503	0.001969550552244629
291000	-4150.576954991137	-3892.2828880140296	-258.2940669771075	0.024810320868320607	0.042098855771843295	0.07386837002377765	0.10144863082089853	0.15038564558136133	0.002259201506165356
292000	-4146.924503004713	-3890.2589224398557	-256.6655805648572	0.0260735665609299	0.09545644313459638	0.06893453620178973	0.1056413542730755	0.2122986746284429	0.002857586917238106
293000	-4153.268804549035	-3902.1366303688956	-251.13217418013963	0.08152592877522584	0.04921206637425758	0.06397445052308202	0.1437651230996405	0.1196971847274439	0.003332635651071206
294000	-4143.529214064973	-3890.1961021306643	-253.33311193430876	0.055892562659120126	0.09746688733931784	0.07080172335305043	0.07631146022248594	0.2471862265553636	0.004271256410037985
295000	-4142.234306136134	-3892.051957649943	-250.18234848619133	0.07531161179172066	0.1127867145874759	0.07085035966759408	0.11437210159240019	0.2340808121631722	0.005229621069193013
296000	-4142.971831988293	-3895.8464337104974	-247.1253982777961	0.058011351681640816	0.09872693801506846	0.11841161322279227	0.1124131976024623	0.1806338296552105	0.004068037403324884
297000	-4144.555795370174	-3892.272625260901	-252.28317010927276	0.06114110960746745	0.0987836584957111	0.07190514740190333	0.09827239417098418	0.2353086039083498	0.005330479566898364
298000	-4144.869643147432	-3892.124561847548	-252.74508129988374	0.041147199122494996	0.09998124550163107	0.16093730941997975	0.10584330281628702	0.22655965146217125	0.003967848191849246
299000	-4146.531102555722	-3895.6676192481063	-250.86348330761547	0.06429466358424402	0.16532477522049713	0.12073537563048774	0.12935839012231154	0.21263196581735558	0.007660266195371456
300000	-4142.5409313626815	-3893.120830875195	-249.42010048748597	0.05947204045901158	0.10214042250129995	0.09915367569420512	0.1572324307789001	0.20809958994398062	0.004814519056149342
301000	-4142.6315649841545	-3893.167771793362	-249.46379319079193	0.07757635554171226	0.08806872466913258	0.06574185422338064	0.1227020972205528	0.2034967070731803	0.0051207830403473984
302000	-4146.444931534774	-3894.2799254695283	-252.1650060652455	0.037024034288699596	0.0692314664318713	0.07457858699394317	0.0823138375946417	0.15071034006386802	0.0028972139007165812
303000	-4146.9288017741055	-3892.9496128432666	-253.97918893083857	0.062455849450449595	0.1561345010898514	0.10184589638598582	0.09085663497786028	0.2374943315650288	0.005287285348632291
304000	-4146.617971734943	-3895.4599725502885	-251.15799918465478	0.04609730538794132	0.14540860058408434	0.12129335589939871	0.09694535625662502	0.18331783795052464	0.004548308836462182
305000	-4144.5987143442935	-3896.753299821862	-247.84541452243155	0.05099782372061482	0.12204483954896661	0.10668276473421379	0.10535497892084823	0.16762409088144542	0.004759447311038018
306000	-4146.635566401461	-3891.696354482869	-254.93921191859164	0.04556522289477565	0.12033811745748738	0.06659285723848832	0.08512657143772213	0.23003108739276742	0.004925012273256202
307000	-4144.001367857507	-3891.9496511190086	-252.05171673849836	0.043193536840809364	0.0814215979374236	0.1128071453498682	0.08933723304918563	0.21706185020979704	0.003521069233800236
308000	-4143.979902683728	-3891.4808801393037	-252.49902254442435	0.05299321976904471	0.11651603953118515	0.06549908177378037	0.12243005323072728	0.2389801305710293	0.004339356543061322
309000	-4143.93927093489	-3894.8246089004892	-249.11466203440074	0.0817019488545208	0.06931203745517983	0.10049237096291709	0.11565178214796634	0.2056741889420803	0.004714672605440194
310000	-4144.444715464851	-3894.0635113567805	-250.38120410807034	0.08910456289201722	0.16424876929927643	0.09594586482809056	0.09914250888251666	0.24271883424756607	0.005887324174373365
311000	-4146.5961369030465	-3900.733120913428	-245.8630159896181	0.11165398456572317	0.09432402173238137	0.09301299116311998	0.11424978394417644	0.1582376201604293	0.005233714071044891
312000	-4147.514251103733	-3894.6925549795483	-252.8216961241845	0.03295119906697188	0.08680881746038432	0.11439783549550975	0.1745576373962057	0.1664002952906331	0.004580073187232089
313000	-4145.341153189885	-3896.617158790242	-248.723994399643	0.07728110419303547	0.10842646712337947	0.07896886576174651	0.06914183219098155	0.1820158044362585	0.005577079619118783
314000	-4142.360320410787	-3895.425205764556	-246.93511464623126	0.07761143035303344	0.11082498087065201	0.11818784434556504	0.10627282630549537	0.19347216494344532	0.005336319168508107
315000	-4144.545585808819	-3892.649902823019	-251.89568298580025	0.05189176193973164	0.1127546186931799	0.12449478688279095	0.07702107154327902	0.24094795205438319	0.004240487584672105
316000	-4145.119203752373	-3895.197621097638	-249.92158265473498	0.05622516832959425	0.06785564066085178	0.09688316111342865	0.10486329015039418	0.19066280667540142	0.003819144667147243
317000	-4144.085801996406	-3895.0031842897965	-249.08261770660945	0.08208359544845403	0.113657778136013	0.07129051308370621	0.15525721487847308	0.19872735203636235	0.007514635693456033
318000	-4149.43638810483	-3902.324500870125	-247.111887234705	0.13272360447769047	0.13622550963876762	0.08653248214560874	0.15178353118695934	0.17755761286528796	0.005104726374712824
319000	-4146.499188471961	-3893.1317956249522	-253.36739284700863	0.05800034422953021	0.11109925664521597	0.04629959665892077	0.07250701004399109	0.1853848479406758	0.00418257328846011
320000	-4144.337256201116	-3895.1447511552087	-249.19250504590798	0.07938111076804841	0.10960097656661774	0.09693045711348747	0.1824555340812636	0.22411538794998134	0.004036937655542652
321000	-4143.2490619880655	-3892.2939508286836	-250.9551111593822	0.08806165373085799	0.12508053553208867	0.09134696637439889	0.17487721748377014	0.2365653072217997	0.006272782168961218
322000	-4145.732364714118	-3893.348981904184	-252.38338280993432	0.0652965105102545	0.11258753908543638	0.13087725121886784	0.05499764438349763	0.23496208907483204	0.004292766532652558
323000	-4144.843526256347	-3894.8701812003537	-249.9733450559931	0.05634545904879345	0.06623549074004516	0.11649709782089344	0.17420599905140646	0.17602188935314558	0.004368090912245638
324000	-4145.644931480346	-3898.261142402644	-247.38378907770135	0.06925450902980892	0.09183847801678154	0.07349909788833688	0.1367867511238747	0.1577433487190958	0.004526345200167874
325000	-4144.385654047258	-3893.888039552332	-250.49761449492635	0.06256690552817844	0.0968088196501651	0.1207409180665468	0.06614108315931246	0.21345377544679225	0.0049242930396316545
326000	-4146.061349124376	-3893.639185283788	-252.42216384058813	0.04948976862679052	0.07580925811844921	0.10555515620286547	0.1268754394196455	0.2525926227098009	0.003348540726508456
327000	-4144.259751478009	-3897.5801829708835	-246.67956850712594	0.09111187595568555	0.07279845889151182	0.08578525081306725	0.1003761296245016	0.17481649656010687	0.004189756667226003
328000	-4147.835538840202	-3896.6353244927486	-251.20021434745394	0.05454638946986234	0.051747096709749675	0.10087583638365116	0.10461667079306053	0.1934612210068346	0.003246762303369903
329000	-4150.5348173969205	-3896.9306056698338	-253.604211727087	0.0699436157537801	0.12822694590492975	0.04983941453879668	0.05555019100145565	0.17473175894871973	0.005276920156064194
330000	-4143.68194026778	-3892.0209266528864	-251.6610136148942	0.053155146128357554	0.11670043806639621	0.1512322945981958	0.10915789712909024	0.24206337526347038	0.004795975388641554
331000	-4144.692786151663	-3894.046431336384	-250.64635481527955	0.05653846093834246	0.10839117826492212	0.07444074227622553	0.1537772759620748	0.2038813408706464	0.00555529283778152
332000	-4145.368551037298	-3894.1732777518096	-251.1952732854887	0.03659994251313331	0.09841514182153464	0.11634424390831402	0.09535757008811209	0.18627161350140065	0.0037889383821066358
333000	-4152.148809513297	-3902.0279147061856	-250.12089480711145	0.06383931038734436	0.06367813792140584	0.09921244237312749	0.15140240390400836	0.12929708984868002	0.006063934441438348
334000	-4145.911794772251	-3890.9258131054903	-254.9859816667603	0.049978462094420965	0.07676253960853242	0.08491481001754926	0.21657955563774794	0.23155258920954108	0.0034687673368295627
335000	-4146.653132043696	-3899.3433663163014	-247.3097657273951	0.07499195870705487	0.07277804245563223	0.09027947946849979	0.07424964661430664	0.14403502276895302	0.0036416825448434224
336000	-4146.414910358457	-3890.3495432736763	-256.06536708478075	0.042125807892354816	0.10100110629783897	0.09159245874527316	0.07855999945456557	0.27109554503162087	0.004725523429332912
337000	-4148.4092870583945	-3896.1681594978922	-252.24112756050243	0.05124444145508799	0.05693956682528423	0.06040508925152761	0.07938967965109399	0.1443878527241077	0.0038348848393510355
338000	-4143.99955956126	-3892.669055996786	-251.33050356447433	0.07811488525052056	0.0912496199079679	0.07401765832968973	0.1347594810962078	0.23792227416639364	0.004185764235873658
339000	-4143.524436962749	-3893.1106879664812	-250.41374899626788	0.06426396475960168	0.09687241058668726	0.1220310325567102	0.08775205435629861	0.23112617591242862	0.004131496642853953
340000	-4144.610899516004	-3891.128465247156	-253.4824342688482	0.03555170077890823	0.08158429249421173	0.11059694744289256	0.10877329232454927	0.23483211674265936	0.0026962011557606033
341000	-4144.050154316571	-3894.465087768019	-249.58506654855188	0.0632392381627475	0.09044676874074219	0.12225077949096766	0.10872147352921185	0.21848461899762767	0.004724274433100232
342000	-4145.677198573568	-3892.648509855977	-253.02868871759054	0.07610816314061125	0.08146220992977064	0.049348808399399036	0.10947606187200126	0.21706494481128408	0.004852442593667646
343000	-4143.763803618695	-3891.8726835670627	-251.8911200516325	0.06565587607188096	0.1019127100456225	0.08087684799341999	0.10674889685169175	0.2670449690859852	0.004371514655722398
344000	-4145.538199203285	-3893.910248876079	-251.62795032720646	0.04376424762493236	0.10795640055159669	0.07955026412265859	0.12409352192332403	0.19537186048225857	0.0037818709713611483
345000	-4143.1104918020355	-3893.828875484108	-249.28161631792813	0.055547467014779514	0.0952208031715815	0.13557159578078412	0.12626603372009973	0.20406526716489565	0.004972488779762654
346000	-4150.749979898644	-3900.3269285779525	-250.42305132069114	0.054552164998611014	0.06941215604182686	0.07694200702103864	0.0704528067461848	0.12800905462135176	0.002929804604728312
347000	-4144.824156341245	-3892.806691257517	-252.017465083728	0.03982597319344036	0.07178229995791287	0.07988337507030592	0.1604395599995683	0.18441599423888894	0.0027510196344520074
348000	-4143.538437359968	-3893.9208185663933	-249.61761879357508	0.05392265779139216	0.06991161428986514	0.09301135709799914	0.08831069110981439	0.1937225585146658	0.0029967672656498324
349000	-4143.309002442161	-3892.1628173672016	-251.1461850749594	0.05478484945930571	0.07121393983467936	0.08347732661017401	0.09480250614019486	0.20918150410909567	0.0038737471637766046
350000	-4145.213620092786	-3894.467707039457	-250.74591305332925	0.0773234380532339	0.07972799739484315	0.12025341202945103	0.10039730321457227	0.22548351454586413	0.004944342764411294
351000	-4145.332935763914	-3891.3917968622072	-253.9411389017072	0.06901475417933556	0.11349672929240519	0.04490577587435878	0.16562814427246636	0.23436523306807927	0.004797424081814304
352000	-4144.995663811642	-3894.756656148915	-250.2390076627271	0.05851695795742664	0.07021338111401203	0.06563901841789664	0.15788347282855214	0.16826996932256616	0.00386656323427278
353000	-4147.869971246153	-3893.5226393515973	-254.3473318945557	0.05843329722317426	0.0647873492397426	0.03838882704572959	0.15992778748769593	0.16358309089770093	0.003641577415477105
354000	-4153.909431514037	-3902.943992323707	-250.96543919033007	0.09403557843266884	0.15223995987868694	0.09327890489438954	0.04662170191958883	0.1478988969500437	0.006152535843236954
355000	-4142.271660969741	-3894.12403335981	-248.14762760993102	0.0729310655965305	0.11667485452218719	0.10634908010024777	0.1302403046952104	0.20720227006423347	0.004941528084605683
356000	-4144.78019005557	-3893.24072925122	-251.53946080435026	0.08639165942840377	0.153273912321574	0.06037581985219997	0.11108658866099011	0.23166859565590558	0.006012057018849825
357000	-4144.968493685391	-3892.929698556944	-252.03879512844685	0.06442237670593565	0.09003023178407624	0.08562820663117944	0.062406538991680145	0.23452510970066412	0.0043011399814648675
358000	-4142.770286456971	-3894.875929364741	-247.89435709223022	0.06511135718471268	0.07540959301840941	0.10806198492566173	0.13520355315672328	0.18833306384653387	0.0046578816897405225
359000	-4144.833766483935	-3891.2801343634783	-253.55363212045611	0.06392372650786647	0.15189049940419141	0.1024306643184737	0.12599512402352478	0.27430393580275797	0.004580873642693371
360000	-4143.887718142249	-3892.2265389899485	-251.66117915229987	0.04902255417782611	0.07289340166746185	0.08124774990889633	0.1625761583982063	0.20930609757854202	0.003280238107549597
361000	-4144.030588070291	-3891.222676052641	-252.80791201765004	0.08901175791773103	0.13392685179705108	0.08384334964515412	0.12738870096455773	0.29302182038997926	0.005735387188758742
362000	-4143.0703363368475	-3894.934943289718	-248.1353930471293	0.07865925026017945	0.10224950720181665	0.0948135299043726	0.10982068008779734	0.19660082090496453	0.00576087650130419
363000	-4143.284354744902	-3893.548354969321	-249.73599977558152	0.06468713663877208	0.0878741623552955	0.07791983662788565	0.1250859979578464	0.19667591995729472	0.005386025746289335
364000	-4145.107482369458	-3890.5845189958936	-254.52296337356407	0.037307542275278424	0.09929506581800247	0.058591261994824964	0.10579000470794613	0.2044686402618271	0.003423432983553902
365000	-4147.694099010766	-3893.770133062328	-253.92396594843748	0.03299246255610616	0.10760337549352803	0.10352839685624399	0.16790339625789658	0.21248753170309792	0.003980500877533236
366000	-4145.047516278303	-3893.2978333819	-251.74968289640273	0.05767317679185258	0.07897248447048966	0.10246696323939114	0.08769654382831531	0.2154043776324221	0.003445761146915552
367000	-4144.001479151355	-3892.321046894866	-251.68043225648904	0.054192222932796935	0.0559007099526429	0.08053084394523216	0.11026207426154212	0.20718062228403913	0.0034058326063515685
368000	-4145.646803258356	-3895.2568348099303	-250.38996844842566	0.06406260026571785	0.07509344333242314	0.0923655018852299	0.09527525055911498	0.2313724966097712	0.002791957347748044
369000	-4145.003317053914	-3895.8263916398673	-249.17692541404637	0.06691995479478673	0.058819194860976795	0.07951597112150213	0.13311635075751926	0.16464668049875295	0.0051016005684293595
370000	-4142.051140110798	-3891.664033373945	-250.38710673685236	0.05920846532763974	0.08598927378351562	0.09141721337732027	0.11538580549986763	0.22901587292352102	0.004559983043991712
371000	-4153.7527550020595	-3901.537511667019	-252.21524333504058	0.08189965785428281	0.06637616226891253	0.04239029490097449	0.18201843128746006	0.1799278728894896	0.002248797937737049
372000	-4147.989007401491	-3899.475040687101	-248.5139667143901	0.05808439177698007	0.10646761357235464	0.1183823223439987	0.08361491122258592	0.17708203934971348	0.00498604959385563
373000	-4145.55292203382	-3892.7818289393626	-252.7710930944577	0.05164267793128863	0.13748352598656335	0.0980426792691163	0.0790648342545887	0.24683178174737677	0.005062800750701361
374000	-4143.854313955702	-3895.372522987197	-248.48179096850484	0.10278717520703481	0.1165571810640461	0.10598894147356264	0.13845218451137595	0.22768562437550757	0.007155833315022324
375000	-4144.961114019182	-3891.747213071566	-253.21390094761568	0.04346567896984455	0.09967800103400565	0.05303552841899796	0.15731100816639182	0.1952071124869856	0.003150681670160385
376000	-4146.101169160688	-3896.161457045959	-249.9397121147289	0.0757706932343025	0.1495743746958685	0.15320020838373352	0.09785732063024237	0.23793567011205044	0.004623273269096882
377000	-4144.9347612813535	-3889.097464295014	-255.83729698633903	0.0349851957456565	0.0919825291325212	0.06882078940609364	0.09383022973501715	0.24188180039783208	0.0031669401801936396
378000	-4146.300309045049	-3898.207809939876	-248.09249910517372	0.07298814287095354	0.16300691038505113	0.1008674772416181	0.09601268682278576	0.20427774375906427	0.003983011921307542
379000	-4145.525235733249	-3890.9702611806692	-254.5549745525804	0.04620717705524055	0.10301423340468074	0.06585110561753042	0.1758389512734601	0.23468103407311336	0.0046899810289729475
380000	-4142.993712139541	-3894.9049293074427	-248.08878283209805	0.0655962950591759	0.09914587949901446	0.08582420718373794	0.08767044461558976	0.1799603865144462	0.004589046867191491
381000	-4144.734682036599	-3892.881471325054	-251.85321071154527	0.05396479109274659	0.11653473629450055	0.14817367207290968	0.08477730078131898	0.23490511243802353	0.005328007315129694
382000	-4144.331171839133	-3891.9490551028694	-252.38211673626398	0.0857904706404435	0.14182306088819846	0.10794171641629116	0.1083399393141952	0.2872137206965031	0.007123619268819924
383000	-4146.31546022926	-3899.975627630446	-246.33983259881333	0.0757071559627281	0.13167261894026583	0.11593793619817867	0.1047366920747458	0.1644023150428446	0.004782889235549581
384000	-4145.129874575084	-3894.638852293614	-250.4910222814694	0.051545575111322656	0.10967029672403857	0.08067722277415933	0.13819083828288065	0.19787623164641893	0.00586721050627421
385000	-4144.263264345293	-3893.2449573469435	-251.01830699834912	0.0733501826686337	0.14730436912037764	0.15676931743422573	0.09690409363693449	0.236260116485358	0.005517113650323182
386000	-4144.149992978659	-3894.652454394164	-249.49753858449427	0.05410699410710006	0.08963955718092473	0.07416217315053318	0.12662562484138654	0.18779783376406187	0.0043082328421955324
387000	-4144.073426627747	-3893.5686963199696	-250.5047303077768	0.0580922754246812	0.11953794623710712	0.1011129019614438	0.0958331917969204	0.22354883816045923	0.005955418613506502
388000	-4144.35149652465	-3891.8450254206614	-252.50647110398899	0.04805707858215669	0.06532437433634593	0.06644255687426048	0.09745368018632412	0.1910565978730727	0.003324571942543925
389000	-4144.556383509046	-3891.632902362715	-252.92348114633108	0.08665655543827781	0.15120996860469732	0.08568241551521406	0.17645070948691344	0.2678998294998478	0.0054797640083008815
390000	-4143.609138253997	-3891.1453482141555	-252.46379003984129	0.05483766650672897	0.12742155710017816	0.09057694573334404	0.10028649921997425	0.2617690254289219	0.004429162800949546
391000	-4144.3818389247	-3898.2949220727724	-246.08691685192736	0.07435530986995782	0.08764182978825588	0.10757661136514819	0.10317189942407108	0.15995510432827778	0.004198771708255937
392000	-4145.2208648486185	-3898.27072197291	-246.95014287570845	0.0841478201904937	0.06038365893322716	0.10998606863516101	0.12064405437659174	0.16481242088848005	0.0045648439161217825
393000	-4142.557665261348	-3894.811476040686	-247.74618922066202	0.08372468516062682	0.12279769073733184	0.09199039323227644	0.13046675196772498	0.22082004797378435	0.00513889601293115
394000	-4146.46988982851	-3888.931041089356	-257.53884873915405	0.06016630251794442	0.11670383413529893	0.04069227776576181	0.11628295295858061	0.2774669607638014	0.005057893489847844
395000	-4142.820009407315	-3892.9900770565578	-249.82993235075807	0.060698038925240505	0.08951001331841738	0.08822725722425188	0.12253044749275276	0.21619497223669568	0.005555382424154753
396000	-4145.719778252715	-3896.502377828982	-249.21740042373267	0.06226621955439265	0.12336157988374778	0.15720286333409758	0.11505516486104857	0.22590791225905252	0.0035612379908673145
397000	-4144.290047997057	-3892.312503272655	-251.97754472440184	0.043961134634261385	0.07664547551283313	0.056984869067013	0.11678789192015922	0.1761623770360664	0.0030650973390368786
398000	-4142.526791406723	-3892.0472961128016	-250.47949529392088	0.05022177161536103	0.09551840455746	0.1262294698300723	0.11524002437910458	0.22844555813228484	0.0038461026191460557
399000	-4143.453722838315	-3893.1107964571556	-250.34292638115988	0.09403950187251903	0.13540839695328882	0.07421568882235774	0.10932892377048879	0.23898711254426352	0.00700262004588635
400000	-4149.32871102314	-3901.414448349463	-247.91426267367737	0.06541922492561296	0.09559164477241806	0.1411644477469916	0.16142599044495237	0.14587029883874678	0.003878087042790341
401000	-4142.650793000866	-3895.8769286690026	-246.77386433186302	0.08989599432074002	0.10315475233084495	0.12140130984099148	0.12001984197294689	0.1996069568637066	0.0056431372332338
402000	-4144.988256909016	-3893.1079198660996	-251.8803370429162	0.04975629330702875	0.09305767014283016	0.11209076947924135	0.06074313793568612	0.1967959741810498	0.003767262438888623
403000	-4144.843749213362	-3897.2521882128804	-247.5915610004814	0.10924491752603985	0.09978995010474215	0.09682437222444754	0.09355136496657919	0.21466056746497503	0.006377971892663177
404000	-4147.459508437757	-3891.5452645837695	-255.91424385398778	0.033364435917163725	0.08872648117809682	0.052410602037027194	0.08205405859118545	0.18434908439681102	0.003381157815795048
405000	-4144.265389553427	-3890.34403800612	-253.9213515473066	0.04312592024268066	0.07621716323632242	0.06345772908479766	0.11974521965630974	0.22161018529056176	0.004018663840351448
406000	-4146.528735336314	-3899.291171007333	-247.23756432898045	0.09467631154758074	0.14739898350061043	0.08452723512074134	0.08392567542520091	0.1762318768874904	0.0063289987787197195
407000	-4145.75382776497	-3896.4420030659307	-249.3118246990393	0.04870675200965536	0.10868344037620722	0.12759403136033745	0.08140720117879707	0.1700108408178548	0.004790289330762514
408000	-4143.5120374244725	-3890.770254642628	-252.74178278184402	0.05107606191200488	0.07149564404824442	0.07965254566172085	0.13477690868159187	0.23460150067173097	0.0034856470924889077
409000	-4145.3102132109425	-3894.7086937423474	-250.60151946859523	0.059504962127099076	0.08272270362147467	0.11656606229243495	0.08356944378343768	0.22317826969857393	0.003760561093147422
410000	-4143.976325402182	-3894.616035936293	-249.36028946588848	0.058947118812787545	0.10569965105482762	0.07809287479932016	0.09288089674917727	0.21133365352696126	0.004266906052153955
411000	-4147.923468721255	-3899.6370535904807	-248.2864151307737	0.1269225015213919	0.1101676140978875	0.07768667310230408	0.14108271908083295	0.19835797931131754	0.008103896456007878
412000	-4144.356064195777	-3895.0881406505705	-249.2679235452073	0.07565872291116243	0.1189421390905544	0.07391590898745733	0.09645572533596057	0.23046704827936226	0.003905008920460164
413000	-4143.235735451217	-3894.346032304459	-248.88970314675763	0.07078207882012169	0.11902529569511684	0.08911953931001686	0.08329289690846771	0.2021702173523986	0.004426803210898632
414000	-4142.465676842464	-3893.9787685492083	-248.48690829325548	0.081590707088732	0.11596157643755964	0.07684275972915666	0.14533131090032514	0.2081228925191688	0.005114252665403667
415000	-4144.919816364449	-3895.6456152785504	-249.27420108589834	0.10070047681190984	0.14202674555750985	0.14603756679723057	0.1417157132147664	0.2318552685358252	0.0068096592327527555
416000	-4147.076139479301	-3897.055968573585	-250.02017090571582	0.07351729713073857	0.1676324899760382	0.10786387670129746	0.06646174947167172	0.18221734545113222	0.005718025778850213
417000	-4145.173670516148	-3894.008822514574	-251.16484800157446	0.06326047552250845	0.09521623279628541	0.08414062286180639	0.06228980920472143	0.21092157642736264	0.003707604679444468
418000	-4147.928774108925	-3899.089978402079	-248.83879570684533	0.0788942484712502	0.07686331509943038	0.1141817955383802	0.14670301923405774	0.15494121739462352	0.005532847541106637
419000	-4146.846636656103	-3893.578749626251	-253.26788702985246	0.04498485855806346	0.07448277493145848	0.06333590328680559	0.09479178258688847	0.197948340408795	0.004751052479408045
420000	-4145.084721224432	-3892.461224321187	-252.6234969032446	0.05969922486509753	0.1203274230419941	0.06165806913645006	0.06623008499113922	0.2126827074826863	0.0038336725456249846
421000	-4143.849900331486	-3893.955293711337	-249.8946066201491	0.07426788192384846	0.061463243201131994	0.086162364193328	0.10218411197371075	0.21639616597877273	0.004196129199265034
422000	-4143.269068518219	-3892.053159186259	-251.21590933196012	0.054167978179125394	0.09027395558665868	0.09582864584844555	0.08546965903144314	0.22322635549546493	0.004286358691003335
423000	-4143.982521627992	-3894.787279126517	-249.1952425014751	0.08925340602502724	0.11124387936001408	0.12064592807860801	0.11082482807459483	0.247388942448316	0.004941997756132965
424000	-4153.175952599245	-3891.0354280768383	-262.1405245224062	0.0582846702686205	0.03911676175744343	0.03423895716929496	0.18192655752421344	0.21702151842399633	0.003067381059283372
425000	-4143.358429921264	-3894.093240678334	-249.2651892429299	0.0756241595035784	0.06347115872357084	0.07370954334985258	0.12214858089522496	0.1984610847735761	0.004121174774643816
426000	-4148.111257761056	-3896.2116183570356	-251.89963940401998	0.06442016649683832	0.12817442685377858	0.07557985404695057	0.1171485215435336	0.20659141072073903	0.007369396537114282
427000	-4142.98727494408	-3895.008173647433	-247.97910129664666	0.05921668502069497	0.08896304678791071	0.12943660936993315	0.10114053825928065	0.18993937917388112	0.0038494844067275182
428000	-4146.133960054174	-3888.683334969238	-257.45062508493595	0.043437090074554076	0.1428742253941461	0.07708560776668387	0.10859800138091694	0.2932404802158429	0.005289336871379355
429000	-4147.808667506737	-3891.0073842128336	-256.8012832939038	0.045015522935130274	0.05597908204797076	0.06766377530776335	0.15662585764727022	0.24526528214621068	0.003940303608028349
430000	-4143.815509180437	-3897.3954599405815	-246.4200492398561	0.06712916926206973	0.10847354343943916	0.10430361602379841	0.09847344797393685	0.17035730281548236	0.004073256648158138
431000	-4144.026182440917	-3891.59607227123	-252.43011016968728	0.06401291774438836	0.09299403224227788	0.09025514882616661	0.06545812800047461	0.25011850301169625	0.0040579772458928486
432000	-4147.623906539577	-3894.960624783119	-252.6632817564581	0.050683156536385984	0.060994056840732246	0.09560024983061942	0.06462259480597407	0.1972360484022277	0.003465719164751314
433000	-4145.694898385353	-3896.8900714516876	-248.8048269336654	0.0793727103930652	0.11646042065371816	0.06186684850816858	0.1284503687983977	0.16999150443811548	0.005516697055520228
434000	-4142.942447227425	-3894.631579704038	-248.31086752338732	0.060557872567807494	0.10235260808058105	0.08642933354338567	0.09706735542467833	0.18845428869824427	0.004516673153282737
435000	-4142.911840352273	-3894.8668624572097	-248.04497789506385	0.07045750496585898	0.1016996768989397	0.07643270516580383	0.09656187260175252	0.18940079914662736	0.005222265050524458
436000	-4144.846651040199	-3889.978300652728	-254.86835038747012	0.05868308686155577	0.13163952733380052	0.09297619925154271	0.062203602367079	0.26100627145140487	0.004787467405614326
437000	-4146.105696614	-3895.103793525982	-251.00190308801828	0.08320129853992055	0.09715695220719467	0.1150288776713978	0.19738508783802453	0.2430995566908359	0.004475884365742759
438000	-4148.300844357106	-3890.388046903065	-257.9127974540407	0.06466946114134167	0.08940399128543776	0.07791920623160123	0.17521757117073092	0.2734500908494818	0.005781468052191426
439000	-4147.397663723528	-3898.571959395984	-248.8257043275442	0.07214837517713509	0.05880410782166329	0.08708566765357388	0.08563075835357137	0.1802054068753384	0.0040065081818709825
440000	-4143.310642381973	-3894.0711772844825	-249.2394650974905	0.04894599453785109	0.09659293873385727	0.09186206467416917	0.1027222342342588	0.18551615332194243	0.004418690894062686
441000	-4146.1400870877205	-3895.785013217269	-250.3550738704515	0.044724055973985176	0.11671584027256376	0.10675513499039091	0.09496180949436393	0.17909479712497678	0.0032906692391123133
442000	-4142.275392607821	-3894.119567458477	-248.15582514934414	0.08123996392735933	0.12627735080901348	0.09865953983644146	0.13126544618027852	0.216607019133452	0.005157725399432937
443000	-4143.607716508918	-3891.628732096222	-251.97898441269587	0.08823580498212771	0.16246631292635705	0.07732128755420668	0.12023834319752448	0.2551433177133475	0.00696378824015376
444000	-4145.211233877976	-3890.675793208606	-254.53544066937036	0.056908193387301007	0.08461425915618863	0.09317544945637486	0.11852326071467562	0.2579403202305454	0.004293062660819146
445000	-4145.610198582938	-3897.938864194287	-247.67133438865145	0.07402472977757645	0.1347846376145663	0.09109925025929032	0.15649009576620576	0.1694116637479869	0.006549934560575707
446000	-4143.913598541842	-3892.9044737902313	-251.00912475160982	0.07897829476043687	0.07939098972737095	0.10642802896478895	0.15408805655020433	0.248672110452633	0.004801986334720686
447000	-4146.134236017811	-3896.755786208004	-249.3784498098071	0.04557449201403634	0.08637950724457351	0.07254899558122925	0.10820495031978718	0.14739977530490683	0.003960561627191695
448000	-4148.454370453694	-3897.533069686786	-250.92130076690816	0.06201154104028487	0.05668237785492219	0.08834231075151375	0.06984225714747805	0.19169812890663174	0.003590702305981223
449000	-4148.379086545923	-3894.432621057831	-253.9464654880921	0.04390102252076633	0.08943842373400393	0.059826836368042036	0.05549979799441139	0.15636750273982236	0.003119587203730122
450000	-4142.925259144809	-3891.392584981228	-251.53267416358148	0.0521451537725323	0.1310867703646031	0.07937352005278885	0.12537476889441046	0.2393851847811608	0.003976247139326483
451000	-4147.416227461407	-3894.9459286781125	-252.47029878329477	0.03162704181187828	0.07062461593591664	0.12398716660775298	0.08808630877414382	0.15894221324327998	0.002605859536154213
452000	-4144.141966055493	-3892.71284000824	-251.42912604725296	0.07568398235179603	0.09211712784267785	0.09202486945676722	0.19719659030463998	0.22567117205125792	0.0069019574342220275
453000	-4143.333923588484	-3890.680426438731	-252.6534971497528	0.057304444448332964	0.15038239763641326	0.07570829364772062	0.10492629421232708	0.24917768943463064	0.004583980520531754
454000	-4147.077718049423	-3896.406778865973	-250.67093918345057	0.09082566968330298	0.06881634060484479	0.07934800182980643	0.21006855325608223	0.17097382588884552	0.005814958967798087
455000	-4144.107285096491	-3892.759840345445	-251.34744475104628	0.09180733269657629	0.1482921197482597	0.0688232967479073	0.10018201375699469	0.2353691431192927	0.006266667719246203
456000	-4145.0521058727745	-3895.0581133494807	-249.99399252329388	0.08157827655396672	0.07134258161928958	0.0670362151712796	0.11624405487666438	0.20182440749488836	0.006023733247567194
457000	-4142.7271305546155	-3891.4688883970744	-251.2582421575415	0.06453777141624449	0.11821466932235465	0.10380581641752043	0.09484610668236527	0.24432326606494037	0.004993720029100565
458000	-4145.245179390608	-3894.031891307665	-251.21328808294356	0.06721920469860183	0.06922339578185469	0.08646042334364702	0.11850007366392848	0.23941571366888198	0.003795695425369207
459000	-4146.794415960985	-3891.100370323339	-255.69404563764618	0.061558921320123035	0.08940217583442071	0.05406359266696005	0.14160365198268532	0.21707758064303442	0.004144001133819526
460000	-4148.138073569793	-3894.674090147602	-253.46398342219123	0.04145227812677572	0.07174470154727243	0.05597837857894629	0.13355844011606335	0.15687282991601992	0.003977309282491059
461000	-4151.804394964697	-3899.627745418286	-252.17664954641083	0.09773254029123209	0.1104086509961317	0.08448107348826556	0.0384738710516021	0.16707214922685032	0.0054699272761692865
462000	-4143.614973712854	-3895.963598242353	-247.65137547050145	0.07701380815393526	0.088186549245118	0.07569256119291985	0.11616156956771498	0.18113522442317082	0.0052788368390972685
463000	-4143.63786489644	-3889.1737638475797	-254.46410104886004	0.048679291590204996	0.10202611742546029	0.06909688789956478	0.09998538947599696	0.26526984869520465	0.004052139595875724
464000	-4151.787550102093	-3893.4742060788476	-258.3133440232446	0.03998696044564093	0.09487540266240428	0.05484076235842202	0.10711105367316814	0.2874734310710589	0.003261315813826042
465000	-4148.4221907015935	-3896.826821602522	-251.59536909907158	0.04205572357802202	0.11502285861975836	0.06455580316888967	0.10494075631340596	0.15568974728312981	0.004766237057765395
466000	-4148.245914322327	-3890.5147081252358	-257.73120619709096	0.05982373257996279	0.12205157758291167	0.05312053308952335	0.07878225680879725	0.30639255144335	0.0035374750835717233
467000	-4146.6090620016685	-3893.5388765085627	-253.07018549310538	0.045730814917746755	0.08465370345598183	0.10769758604440718	0.05116169500479656	0.1931196418741479	0.003566777989383068
468000	-4148.643094222217	-3889.962812956661	-258.6802812655564	0.04915138955461889	0.0933745763609663	0.07857421348763008	0.037842926289510886	0.2556732197839264	0.0037882895007103796
469000	-4143.934908131954	-3891.9526462115973	-251.98226192035648	0.06351964015914525	0.07607471694355906	0.0771776052371414	0.10887023326097171	0.2371101686474717	0.0036750583494265677
470000	-4143.896749791563	-3891.745373728826	-252.15137606273686	0.07267833376074638	0.11023124146688647	0.0512240435600787	0.10509403692493412	0.2403671026096657	0.004078773461672015
471000	-4145.04358662292	-3889.5052264466785	-255.53836017624175	0.0509055820797349	0.08804406164473319	0.04062547516496637	0.13303963498303054	0.22272091218855866	0.004246831349600085
472000	-4151.670296552244	-3893.535616159284	-258.13468039295924	0.058990276098793246	0.11346197160557012	0.10977193748561115	0.16292409479138942	0.2941096630818456	0.004857512383602597
473000	-4144.778668027324	-3892.427195446213	-252.35147258111073	0.04709332830920241	0.09535994556677906	0.06842546123017651	0.12884634784400564	0.187948379282036	0.003781159986881719
474000	-4145.467962387929	-3895.440539618625	-250.02742276930428	0.05110645205692068	0.11522321223546818	0.06538898130386654	0.08763240118851948	0.16457064125503432	0.004354534001856858
475000	-4146.215547979548	-3893.2173204247406	-252.99822755480798	0.051112078429223516	0.08771258512568554	0.07274846191269844	0.12799030813726092	0.2093450250623145	0.004939560899369564
476000	-4149.164654785706	-3897.263906822831	-251.90074796287504	0.035409365108501505	0.10740229706943594	0.10463149197334956	0.05722640165820743	0.146518112776015	0.003148086762741873
477000	-4149.39882937799	-3894.506259811583	-254.8925695664072	0.10982489679060464	0.12844841821039893	0.03829478326303133	0.11343195617839187	0.2472113865848316	0.005541094706778674
478000	-4143.516568149761	-3893.6658500046933	-249.85071814506782	0.043794459681003726	0.09197469548013965	0.1134633488442309	0.1013894792317964	0.18744893354072503	0.0032912735250631314
479000	-4144.686077152514	-3895.1931429664924	-249.4929341860219	0.040992437387411165	0.09358315206552878	0.09538177754540779	0.09018115653474232	0.16380115011486104	0.003444788480038281
480000	-4147.512313206316	-3897.01184151509	-250.50047169122595	0.10603809499363248	0.16020352974311042	0.06499997800746675	0.07944296840967627	0.2277487855065123	0.004724923780193478
481000	-4142.922721330765	-3891.926880465068	-250.99584086569715	0.051956660765048374	0.07496569726288185	0.08716310633690534	0.08631393307498432	0.21129927864974507	0.00362239647515002
482000	-4146.2385251852265	-3894.201224477262	-252.03730070796487	0.043130132056086734	0.07921137704475445	0.06648161954139935	0.08440973759050524	0.18838801750954698	0.003321559052569722
483000	-4146.595410988607	-3892.237988529632	-254.35742245897518	0.06475580041903461	0.11126114472245534	0.06111002978236091	0.15357065799493833	0.21490977763746674	0.00569382028130685
484000	-4143.997816845176	-3894.4793204621446	-249.51849638303176	0.052822576783414794	0.0731602401125633	0.11634760268679822	0.1302364943717791	0.198615000366244	0.0030645715461988915
485000	-4146.3934358627685	-3895.399701115421	-250.99373474734784	0.08135451669208733	0.1085678951457102	0.055041588069964884	0.16885625522322859	0.1791123121704441	0.005687653311628705
486000	-4145.002707282858	-3893.6097631512553	-251.39294413160238	0.09120134496062668	0.13811486858159877	0.09648604144124912	0.07426623907806001	0.2645771570895767	0.0047552234126862
487000	-4146.253341108732	-3893.3889418578224	-252.86439925090963	0.047541188854390105	0.05826812668687998	0.08724872752222294	0.13849593016054473	0.18157899392045612	0.0033085133046752077
488000	-4147.022480811267	-3892.075646154227	-254.94683465703991	0.05107292734578456	0.09268398351552676	0.04814875147549528	0.14437819587477219	0.21915953684088021	0.003001406398834743
489000	-4146.715391205299	-3894.655900922213	-252.05949028308623	0.04667562239685188	0.07647385553427212	0.09756629898251612	0.10163171680747267	0.17955262406527475	0.0042505083953438974
490000	-4144.713419818564	-3893.5198126705027	-251.19360714806166	0.03720840237578967	0.08138355553044638	0.11053988015860865	0.13129037573300464	0.18071203315470663	0.00404664762414823
491000	-4142.355733588304	-3892.978761650823	-249.37697193748178	0.0666177796410939	0.10401222576875022	0.10484205032009995	0.10430520810447108	0.21584870610643284	0.004599504304817484
492000	-4142.26212796812	-3891.602598278573	-250.65952968954684	0.06020466831496944	0.10605949313482434	0.07117556503106305	0.1413166770614883	0.2218487071976498	0.004176378802135807
493000	-4149.809546327068	-3890.502021345373	-259.3075249816952	0.025294553938282543	0.05661748657357295	0.12460299569894343	0.09396345077310206	0.24632446776038128	0.0024021241930588405
494000	-4143.823284765551	-3891.6269352772615	-252.1963494882892	0.09599898958704643	0.10482957258476436	0.06724530040025958	0.18317857598097403	0.2482071493993534	0.006781952427359478
495000	-4142.777406090533	-3893.3840876856766	-249.39331840485607	0.07323697826137958	0.07610759940951609	0.0800231093943117	0.09463491327464393	0.2171632192578354	0.004093584772388405
496000	-4147.914667456032	-3898.16362724435	-249.75104021168153	0.037708244021879854	0.1081981917127362	0.11114697746747275	0.11227713979199042	0.1495504958904231	0.00456934468635797
497000	-4144.705449869624	-3896.3808907060984	-248.3245591635259	0.05233853001482774	0.10284361596175942	0.0861117911734211	0.1062501302183163	0.1843837679895236	0.003702616542591459
498000	-4147.4448659723	-3893.27035927164	-254.1745067006605	0.047220110203089756	0.14785262105406702	0.10906512881547521	0.11337843330543211	0.2614978680109527	0.004088924966889634
499000	-4147.256450478586	-3891.9015286572085	-255.35492182137727	0.08685636983360409	0.15751659106528193	0.09902454581789831	0.0746447593352514	0.27945952914889166	0.007802698533115725
500000	-4144.711670479519	-3895.7540975094407	-248.95757297007827	0.07870068584554049	0.08508919814943872	0.05373803752156351	0.12542612431317768	0.16809050060063285	0.004385720246490299
