pbsworkdir
/home/gseeholzer/nas3/bfd/runs/F1r1
./:/bin:/usr/bin:/usr/local/sbin:/usr/sbin:/opt/pbs/bin:/home/gseeholzer/programs/bamUtil/bin:/home/gseeholzer/programs/samtools-1.10/bin:/home/gseeholzer/programs/angsd:/home/gseeholzer/programs/angsd/misc:/home/gseeholzer/programs/satsuma2-master/bin:/home/gseeholzer/programs/pcangsd:/home/gseeholzer/programs/evalAdmix:/home/gseeholzer/programs/htslib-1.10.2/bin:/home/gseeholzer/programs/ngsRelate:/home/gseeholzer/programs/vcftools_0.1.13/bin:/home/gseeholzer/programs/bcftools-1.10.2/bin:/home/gseeholzer/programs/gsl/bin:/home/gseeholzer/programs/ngsTools/ngsDist:/home/gseeholzer/programs/ngsTools/ngsF:/home/gseeholzer/programs/ngsTools/ngsF-HMM:/home/gseeholzer/programs/ngsTools/ngsLD:/home/gseeholzer/programs/ngsTools/ngsPopGen:/home/gseeholzer/programs/ngsTools/ngsSim:/home/gseeholzer/programs/ngsTools/ngsUtils:/home/gseeholzer/programs/fastme-2.1.6.1/src:/home/gseeholzer/programs/beast/bin:/home/gseeholzer/.local/bin:/home/gseeholzer/bin
Mon Jun  1 16:07:08 EDT 2020

real	0m0.000s
user	0m0.000s
sys	0m0.000s

                        BEAST v2.6.2, 2002-2020
             Bayesian Evolutionary Analysis Sampling Trees
                       Designed and developed by
 Remco Bouckaert, Alexei J. Drummond, Andrew Rambaut & Marc A. Suchard
                                    
                   Centre for Computational Evolution
                         University of Auckland
                       r.bouckaert@auckland.ac.nz
                        alexei@cs.auckland.ac.nz
                                    
                   Institute of Evolutionary Biology
                        University of Edinburgh
                           a.rambaut@ed.ac.uk
                                    
                    David Geffen School of Medicine
                 University of California, Los Angeles
                           msuchard@ucla.edu
                                    
                      Downloads, Help & Resources:
                           http://beast2.org/
                                    
  Source code distributed under the GNU Lesser General Public License:
                   http://github.com/CompEvol/beast2
                                    
                           BEAST developers:
   Alex Alekseyenko, Trevor Bedford, Erik Bloomquist, Joseph Heled, 
 Sebastian Hoehna, Denise Kuehnert, Philippe Lemey, Wai Lok Sibon Li, 
Gerton Lunter, Sidney Markowitz, Vladimir Minin, Michael Defoin Platel, 
          Oliver Pybus, Tim Vaughan, Chieh-Hsi Wu, Walter Xie
                                    
                               Thanks to:
          Roald Forsberg, Beth Shapiro and Korbinian Strimmer

Random number seed: 1591042028236

File: F1r1.SBE3_v1_1sp.r1.xml seed: 1591042028236 threads: 16
Loading package BEAST v2.6.2
Loading package BEASTLabs v1.9.2
Loading package MODEL_SELECTION v1.5.2
Loading package SNAPP v1.5.0
Loading package BEAST v2.6.2
Alignment(F1r1)
  40 taxa
  200 sites
  200 patterns

ant: 200 41
cur: 200 5
Data(snap.F1r1)
  2 taxa
  200 sites
  70 patterns

Seq: seq_CarpaChavin_B72794.Huanuco.CarpaChavin
Seq: seq_CarpaChavin_B72802.Huanuco.CarpaChavin
Seq: seq_Carpish_B72762.Huanuco.Acomayo
Seq: seq_Carpish_B72773.Huanuco.Mitotambo
Seq: seq_Amotape_B67127.Tumbes.Amotape
Seq: seq_Amotape_B67201.Tumbes.Amotape
Seq: seq_Chavinillo_B72789.Huanuco.Chavinillo
Seq: seq_Chavinillo_B72792.Huanuco.Chavinillo
Seq: seq_Quichas_B72777.Lima.Quichas
Seq: seq_Quichas_B72785.Lima.Quichas
Seq: seq_Canchaque_B72874.Piura.Canchaque
Seq: seq_Canchaque_B72878.Piura.Canchaque
Seq: seq_Huamatanga_B72889.Lima.Huamatanga
Seq: seq_Huamatanga_B72892.Lima.Huamatanga
Seq: seq_Pacar_B72905.Ancash.Pacar
Seq: seq_Pacar_B72912.Ancash.Pacar
Seq: seq_LaQuinua_B72754.Pasco.LaQuinua
Seq: seq_LaQuinua_B72760.Pasco.LaQuinua
Seq: seq_Chinchan_B72895.Ancash.Chinchan
Seq: seq_Chinchan_NK_173896
Seq: seq_curtata_cra.cur.B6032
Seq: seq_curtata_cra.cur.B8175
ant: 198 41
cur: 198 5
2 taxa
198 sites with weight 200
71 patterns
Rate prior = gamma
Log Likelihood Correction = -3031.6879187967725
===============================================================================
Citations for this model:

Bouckaert, Remco, Timothy G. Vaughan, Jo?lle Barido-Sottani, Sebasti?n Duch?ne, 
  Mathieu Fourment, Alexandra Gavryushkina, Joseph Heled et al. 
  BEAST 2.5: An advanced software platform for Bayesian evolutionary analysis. 
  PLoS computational biology 15, no. 4 (2019): e1006650.

David Bryant, Remco Bouckaert, Joseph Felsenstein, Noah Rosenberg, Arindam RoyChoudhury. Inferring Species Trees Directly from Biallelic Genetic Markers: Bypassing Gene Trees in a Full Coalescent Analysis. Mol. Biol. Evol. 29(8):1917-1932, 2012

===============================================================================
Starting step 0
Starting step 1
Starting step 2
Starting step 3
Starting step 4
Starting step 5
Starting step 6
Starting step 7
Starting step 8
Starting step 10
Starting step 9
Starting step 11
Starting step 12
Starting step 14
Starting step 13
Starting step 15
Finished step 12
Finished step 1
Finished step 10
Finished step 7
Finished step 2
Finished step 14
Finished step 5
Finished step 13
Finished step 6
Finished step 3
Finished step 11
Finished step 15
Finished step 4
Finished step 8
Finished step 9
Finished step 0
Starting step 16
Starting step 18
Starting step 21
Starting step 20
Starting step 17
Starting step 22
Starting step 19
Starting step 23
Finished step 19
Finished step 17
Finished step 20
Finished step 21
Finished step 18
Finished step 23
Finished step 22
Finished step 16

Loading /home/gseeholzer/nas3/bfd/runs/F1r1/F1r1.SBE3_v1_1sp.r1/step0/likelihood.log, burnin 20%, skipping 200 log lines

|---------|---------|---------|---------|---------|---------|---------|---------|
*********************************************************************************

Calculating statistics

|---------|---------|---------|---------|---------|---------|---------|---------|
********************************************************************************

marginalLs[0 ] = -3956.0190024059425

Loading /home/gseeholzer/nas3/bfd/runs/F1r1/F1r1.SBE3_v1_1sp.r1/step1/likelihood.log, burnin 20%, skipping 200 log lines

|---------|---------|---------|---------|---------|---------|---------|---------|
*********************************************************************************

Calculating statistics

|---------|---------|---------|---------|---------|---------|---------|---------|
********************************************************************************

marginalLs[1 ] = -3956.526962672717

Loading /home/gseeholzer/nas3/bfd/runs/F1r1/F1r1.SBE3_v1_1sp.r1/step2/likelihood.log, burnin 20%, skipping 200 log lines

|---------|---------|---------|---------|---------|---------|---------|---------|
*********************************************************************************

Calculating statistics

|---------|---------|---------|---------|---------|---------|---------|---------|
********************************************************************************

marginalLs[2 ] = -3956.985212512857

Loading /home/gseeholzer/nas3/bfd/runs/F1r1/F1r1.SBE3_v1_1sp.r1/step3/likelihood.log, burnin 20%, skipping 200 log lines

|---------|---------|---------|---------|---------|---------|---------|---------|
*********************************************************************************

Calculating statistics

|---------|---------|---------|---------|---------|---------|---------|---------|
********************************************************************************

marginalLs[3 ] = -3957.8189632681388

Loading /home/gseeholzer/nas3/bfd/runs/F1r1/F1r1.SBE3_v1_1sp.r1/step4/likelihood.log, burnin 20%, skipping 200 log lines

|---------|---------|---------|---------|---------|---------|---------|---------|
*********************************************************************************

Calculating statistics

|---------|---------|---------|---------|---------|---------|---------|---------|
********************************************************************************

marginalLs[4 ] = -3958.456794958547

Loading /home/gseeholzer/nas3/bfd/runs/F1r1/F1r1.SBE3_v1_1sp.r1/step5/likelihood.log, burnin 20%, skipping 200 log lines

|---------|---------|---------|---------|---------|---------|---------|---------|
*********************************************************************************

Calculating statistics

|---------|---------|---------|---------|---------|---------|---------|---------|
********************************************************************************

marginalLs[5 ] = -3959.420930848875

Loading /home/gseeholzer/nas3/bfd/runs/F1r1/F1r1.SBE3_v1_1sp.r1/step6/likelihood.log, burnin 20%, skipping 200 log lines

|---------|---------|---------|---------|---------|---------|---------|---------|
*********************************************************************************

Calculating statistics

|---------|---------|---------|---------|---------|---------|---------|---------|
********************************************************************************

marginalLs[6 ] = -3960.4556547068464

Loading /home/gseeholzer/nas3/bfd/runs/F1r1/F1r1.SBE3_v1_1sp.r1/step7/likelihood.log, burnin 20%, skipping 200 log lines

|---------|---------|---------|---------|---------|---------|---------|---------|
*********************************************************************************

Calculating statistics

|---------|---------|---------|---------|---------|---------|---------|---------|
********************************************************************************

marginalLs[7 ] = -3961.3861144165567

Loading /home/gseeholzer/nas3/bfd/runs/F1r1/F1r1.SBE3_v1_1sp.r1/step8/likelihood.log, burnin 20%, skipping 200 log lines

|---------|---------|---------|---------|---------|---------|---------|---------|
*********************************************************************************

Calculating statistics

|---------|---------|---------|---------|---------|---------|---------|---------|
********************************************************************************

marginalLs[8 ] = -3962.5681464602985

Loading /home/gseeholzer/nas3/bfd/runs/F1r1/F1r1.SBE3_v1_1sp.r1/step9/likelihood.log, burnin 20%, skipping 200 log lines

|---------|---------|---------|---------|---------|---------|---------|---------|
*********************************************************************************

Calculating statistics

|---------|---------|---------|---------|---------|---------|---------|---------|
********************************************************************************

marginalLs[9 ] = -3963.336534044355

Loading /home/gseeholzer/nas3/bfd/runs/F1r1/F1r1.SBE3_v1_1sp.r1/step10/likelihood.log, burnin 20%, skipping 200 log lines

|---------|---------|---------|---------|---------|---------|---------|---------|
*********************************************************************************

Calculating statistics

|---------|---------|---------|---------|---------|---------|---------|---------|
********************************************************************************

marginalLs[10 ] = -3964.147635997833

Loading /home/gseeholzer/nas3/bfd/runs/F1r1/F1r1.SBE3_v1_1sp.r1/step11/likelihood.log, burnin 20%, skipping 200 log lines

|---------|---------|---------|---------|---------|---------|---------|---------|
*********************************************************************************

Calculating statistics

|---------|---------|---------|---------|---------|---------|---------|---------|
********************************************************************************

marginalLs[11 ] = -3965.1931187843943

Loading /home/gseeholzer/nas3/bfd/runs/F1r1/F1r1.SBE3_v1_1sp.r1/step12/likelihood.log, burnin 20%, skipping 200 log lines

|---------|---------|---------|---------|---------|---------|---------|---------|
*********************************************************************************

Calculating statistics

|---------|---------|---------|---------|---------|---------|---------|---------|
********************************************************************************

marginalLs[12 ] = -3965.8530602039555

Loading /home/gseeholzer/nas3/bfd/runs/F1r1/F1r1.SBE3_v1_1sp.r1/step13/likelihood.log, burnin 20%, skipping 200 log lines

|---------|---------|---------|---------|---------|---------|---------|---------|
*********************************************************************************

Calculating statistics

|---------|---------|---------|---------|---------|---------|---------|---------|
********************************************************************************

marginalLs[13 ] = -3966.5948262264883

Loading /home/gseeholzer/nas3/bfd/runs/F1r1/F1r1.SBE3_v1_1sp.r1/step14/likelihood.log, burnin 20%, skipping 200 log lines

|---------|---------|---------|---------|---------|---------|---------|---------|
*********************************************************************************

Calculating statistics

|---------|---------|---------|---------|---------|---------|---------|---------|
********************************************************************************

marginalLs[14 ] = -3967.692583659919

Loading /home/gseeholzer/nas3/bfd/runs/F1r1/F1r1.SBE3_v1_1sp.r1/step15/likelihood.log, burnin 20%, skipping 200 log lines

|---------|---------|---------|---------|---------|---------|---------|---------|
*********************************************************************************

Calculating statistics

|---------|---------|---------|---------|---------|---------|---------|---------|
********************************************************************************

marginalLs[15 ] = -3967.9255175565763

Loading /home/gseeholzer/nas3/bfd/runs/F1r1/F1r1.SBE3_v1_1sp.r1/step16/likelihood.log, burnin 20%, skipping 200 log lines

|---------|---------|---------|---------|---------|---------|---------|---------|
*********************************************************************************

Calculating statistics

|---------|---------|---------|---------|---------|---------|---------|---------|
********************************************************************************

marginalLs[16 ] = -3969.0962381345753

Loading /home/gseeholzer/nas3/bfd/runs/F1r1/F1r1.SBE3_v1_1sp.r1/step17/likelihood.log, burnin 20%, skipping 200 log lines

|---------|---------|---------|---------|---------|---------|---------|---------|
*********************************************************************************

Calculating statistics

|---------|---------|---------|---------|---------|---------|---------|---------|
********************************************************************************

marginalLs[17 ] = -3969.423947170864

Loading /home/gseeholzer/nas3/bfd/runs/F1r1/F1r1.SBE3_v1_1sp.r1/step18/likelihood.log, burnin 20%, skipping 200 log lines

|---------|---------|---------|---------|---------|---------|---------|---------|
*********************************************************************************

Calculating statistics

|---------|---------|---------|---------|---------|---------|---------|---------|
********************************************************************************

marginalLs[18 ] = -3969.3669882912427

Loading /home/gseeholzer/nas3/bfd/runs/F1r1/F1r1.SBE3_v1_1sp.r1/step19/likelihood.log, burnin 20%, skipping 200 log lines

|---------|---------|---------|---------|---------|---------|---------|---------|
*********************************************************************************

Calculating statistics

|---------|---------|---------|---------|---------|---------|---------|---------|
********************************************************************************

marginalLs[19 ] = -3970.000882006376

Loading /home/gseeholzer/nas3/bfd/runs/F1r1/F1r1.SBE3_v1_1sp.r1/step20/likelihood.log, burnin 20%, skipping 200 log lines

|---------|---------|---------|---------|---------|---------|---------|---------|
*********************************************************************************

Calculating statistics

|---------|---------|---------|---------|---------|---------|---------|---------|
********************************************************************************

marginalLs[20 ] = -3970.3517252316883

Loading /home/gseeholzer/nas3/bfd/runs/F1r1/F1r1.SBE3_v1_1sp.r1/step21/likelihood.log, burnin 20%, skipping 200 log lines

|---------|---------|---------|---------|---------|---------|---------|---------|
*********************************************************************************

Calculating statistics

|---------|---------|---------|---------|---------|---------|---------|---------|
********************************************************************************

marginalLs[21 ] = -3970.7382145032575

Loading /home/gseeholzer/nas3/bfd/runs/F1r1/F1r1.SBE3_v1_1sp.r1/step22/likelihood.log, burnin 20%, skipping 200 log lines

|---------|---------|---------|---------|---------|---------|---------|---------|
*********************************************************************************

Calculating statistics

|---------|---------|---------|---------|---------|---------|---------|---------|
********************************************************************************

marginalLs[22 ] = -3969.769028996167

Loading /home/gseeholzer/nas3/bfd/runs/F1r1/F1r1.SBE3_v1_1sp.r1/step23/likelihood.log, burnin 20%, skipping 200 log lines

|---------|---------|---------|---------|---------|---------|---------|---------|
*********************************************************************************

Calculating statistics

|---------|---------|---------|---------|---------|---------|---------|---------|
********************************************************************************

marginalLs[23 ] = -3969.728520211465

Step        theta         likelihood   contribution ESS
0            1            -3956.019    0            801          
1            0.8623       -3956.527    -544.8504    764.0786     
2            0.7384       -3956.9852   -490.0748    786.1554     
3            0.6276       -3957.819    -438.6225    801          
4            0.529        -3958.4568   -390.3886    473.6152     
5            0.4417       -3959.4209   -345.3559    578.6463     
6            0.3651       -3960.4557   -303.4449    640.9675     
7            0.2983       -3961.3861   -264.5941    801          
8            0.2406       -3962.5681   -228.7605    801          
9            0.1911       -3963.3365   -195.8488    801          
10           0.1493       -3964.1476   -165.8208    775.4108     
11           0.1143       -3965.1931   -138.619     675.4111     
12           0.0855       -3965.8531   -114.1486    712.2146     
13           0.0623       -3966.5948   -92.3526     801          
14           0.0438       -3967.6926   -73.1589     635.8249     
15           0.0296       -3967.9255   -56.4587     486.4056     
16           0.019        -3969.0962   -42.1929     727.1714     
17           0.0113       -3969.4239   -30.2414     660.8194     
18           0.0062       -3969.367    -20.5049     694.6359     
19           0.0029       -3970.0009   -12.8675     594.7135     
20           0.0011       -3970.3517   -7.1888      485.0599     
21           0.0003       -3970.7382   -3.312       404.1315     
22           0            -3969.769    -1.0417      634.8919     
23           0            -3969.7285   -0.1147      422.7844     
sum(ESS) = 15958.9377  

marginal L estimate = -3959.9629579540815


Total wall time: 57232 seconds
Done

real	953m54.507s
user	12037m57.788s
sys	188m43.818s
