#
#model:
#
#<?xml version="1.0" encoding="UTF-8" standalone="no"?><input id="posterior" spec="beast.core.util.CompoundDistribution">
#    <distribution id="prior" spec="beast.core.util.CompoundDistribution">
#        <prior id="lambdaPrior.bfd" name="distribution">
#            <parameter id="lambda" lower="0.0" name="x" spec="beast.core.parameter.RealParameter">0.01</parameter>
#            <Gamma id="Gamma.0" name="distr">
#                <parameter estimate="false" id="RealParameter.1" name="alpha" spec="beast.core.parameter.RealParameter">2.0</parameter>
#                <parameter estimate="false" id="RealParameter.2" name="beta" spec="beast.core.parameter.RealParameter">200.0</parameter>
#            </Gamma>
#        </prior>
#        <distribution id="snapprior.bfd" lambda="@lambda" spec="snap.likelihood.SnAPPrior">
#            <parameter estimate="false" id="alpha" lower="0.0" name="alpha" spec="beast.core.parameter.RealParameter">11.75</parameter>
#            <parameter estimate="false" id="beta" lower="0.0" name="beta" spec="beast.core.parameter.RealParameter">109.73</parameter>
#            <parameter estimate="false" id="kappa" lower="0.0" name="kappa" spec="beast.core.parameter.RealParameter">1.0</parameter>
#            <parameter id="coalescenceRate" name="coalescenceRate" spec="beast.core.parameter.RealParameter">10.0</parameter>
#            <tree clusterType="upgma" id="Tree.bfd" nodetype="snap.NodeData" spec="beast.util.ClusterTree">
#                <taxa dataType="integerdata" id="snap.bfd" spec="snap.Data">
#                    <taxonset id="ant" spec="beast.evolution.alignment.TaxonSet">
#                        <taxon id="Carpish_B72761.Huanuco.Acomayo" spec="beast.evolution.alignment.Taxon"/>
#                        <taxon id="Carpish_B72772.Huanuco.Mitotambo" spec="beast.evolution.alignment.Taxon"/>
#                        <taxon id="Amotape_B67243.Tumbes.Amotape" spec="beast.evolution.alignment.Taxon"/>
#                        <taxon id="Amotape_B67257.Tumbes.Amotape" spec="beast.evolution.alignment.Taxon"/>
#                        <taxon id="Chavinillo_B72789.Huanuco.Chavinillo" spec="beast.evolution.alignment.Taxon"/>
#                        <taxon id="Chavinillo_B72792.Huanuco.Chavinillo" spec="beast.evolution.alignment.Taxon"/>
#                        <taxon id="Quichas_B72777.Lima.Quichas" spec="beast.evolution.alignment.Taxon"/>
#                        <taxon id="Quichas_B72778.Lima.Quichas" spec="beast.evolution.alignment.Taxon"/>
#                        <taxon id="Canchaque_B72873.Piura.Canchaque" spec="beast.evolution.alignment.Taxon"/>
#                        <taxon id="Canchaque_B72878.Piura.Canchaque" spec="beast.evolution.alignment.Taxon"/>
#                        <taxon id="Huamatanga_B72889.Lima.Huamatanga" spec="beast.evolution.alignment.Taxon"/>
#                        <taxon id="Huamatanga_B72892.Lima.Huamatanga" spec="beast.evolution.alignment.Taxon"/>
#                        <taxon id="Porculla_B72863.Piura.Porculla" spec="beast.evolution.alignment.Taxon"/>
#                        <taxon id="Porculla_B72866.Piura.Porculla" spec="beast.evolution.alignment.Taxon"/>
#                        <taxon id="LaQuinua_B72753.Pasco.LaQuinua" spec="beast.evolution.alignment.Taxon"/>
#                        <taxon id="LaQuinua_B72756.Pasco.LaQuinua" spec="beast.evolution.alignment.Taxon"/>
#                    </taxonset>
#                    <taxonset id="cur" spec="beast.evolution.alignment.TaxonSet">
#                        <taxon id="curtata_cra.cur.B6032" spec="beast.evolution.alignment.Taxon"/>
#                        <taxon id="curtata_cra.cur.B8175" spec="beast.evolution.alignment.Taxon"/>
#                    </taxonset>
#                </taxa>
#                <parameter id="RealParameter.0" lower="0.0" name="clock.rate" spec="beast.core.parameter.RealParameter" upper="0.0">1.0</parameter>
#            </tree>
#        </distribution>
#    </distribution>
#    <distribution id="likelihood" spec="beast.core.util.CompoundDistribution">
#        <distribution data="@snap.bfd" id="treeLikelihood.bfd" non-polymorphic="false" pattern="coalescenceRate" spec="snap.likelihood.SnAPTreeLikelihood" tree="@Tree.bfd">
#            <siteModel id="MutationSiteModel.bfd" spec="beast.evolution.sitemodel.SiteModel">
#                <parameter estimate="false" id="mutationRate" name="mutationRate" spec="beast.core.parameter.RealParameter">1.0</parameter>
#                <parameter estimate="false" id="shape" name="shape" spec="beast.core.parameter.RealParameter">2.0</parameter>
#                <parameter estimate="false" id="proportionInvariant" name="proportionInvariant" spec="beast.core.parameter.RealParameter">0.0</parameter>
#                <substModel coalescenceRate="@coalescenceRate" id="MutationModel" spec="snap.likelihood.SnapSubstitutionModel">
#                    <parameter estimate="false" id="u" lower="0.0" name="mutationRateU" spec="beast.core.parameter.RealParameter">1.0</parameter>
#                    <parameter id="v" lower="0.0" name="mutationRateV" spec="beast.core.parameter.RealParameter">1.0</parameter>
#                </substModel>
#            </siteModel>
#        </distribution>
#    </distribution>
#</input>
#
Sample	posterior	likelihood	prior	theta0	theta1	theta2	TreeHeightLogger
0	-1711.3880754116126	-1559.6773009975248	-151.71077441408772	0.16162964529304283	0.08073745077207747	0.12653300576282792	0.005904178883981295
1000	-1710.3697618643605	-1560.3333932757243	-150.0363685886361	0.09187837311839399	0.07682192230279675	0.11328746518549891	0.0015165099248576825
2000	-1710.5889343277152	-1559.6543796827018	-150.93455464501338	0.07146727075267631	0.08592267070067497	0.13116432321245203	0.0018183470459483238
3000	-1711.6984615632612	-1559.131186773112	-152.56727479014918	0.10254167297715021	0.07344106096436928	0.14279819711959155	0.002375090607972222
4000	-1713.9688614815886	-1558.5809532497308	-155.38790823185795	0.17067557712666098	0.06341983141558229	0.18910480973011248	0.002587523722678064
5000	-1711.3518357527862	-1561.1828424850244	-150.16899326776192	0.08773384574470518	0.09318591422649056	0.12822437606786424	8.955028572246833E-4
6000	-1710.5383388644873	-1559.3440641238358	-151.1942747406514	0.10694553762094895	0.09919688680809266	0.17879148020985897	0.003204392220831559
7000	-1712.3372293824814	-1561.1149687865427	-151.22226059593865	0.10198462346873868	0.1413594193391657	0.14639456657040148	0.005495579151258668
8000	-1712.8176673780897	-1558.7330188576598	-154.08464852042994	0.06560073875967806	0.05211336729290202	0.1471163181685978	0.0015275519459216284
9000	-1710.539588373313	-1561.1234715008472	-149.41611687246595	0.12999369751868553	0.1387215696074655	0.13493595390093885	0.001963142974123626
10000	-1714.2314312311446	-1560.8110970457094	-153.42033418543528	0.04721646323477529	0.15558636908287876	0.09339113653218682	0.001419952852640244
11000	-1713.2491711458415	-1560.7885932455447	-152.46057790029673	0.11827406270489192	0.10725541783167905	0.11035185148408182	0.00525947602167135
12000	-1712.5174812975283	-1560.0018799302604	-152.51560136726798	0.08241111021591066	0.08891069701386796	0.11034599293874507	0.0029454394246818424
13000	-1713.2699438323912	-1563.546675293121	-149.72326853927004	0.09990933796183932	0.09852745587106843	0.07970283195621022	4.034428819020819E-4
14000	-1711.4055555007249	-1562.7139805981164	-148.69157490260832	0.1123680864665328	0.09888904651619618	0.09698740257400673	7.288067454897655E-4
15000	-1710.4575054062823	-1560.8490918781924	-149.6084135280898	0.10932598569894186	0.11731492309846528	0.1501552721856983	0.0013800758855137404
16000	-1714.1371147843804	-1560.34132863014	-153.79578615424043	0.045134397659981874	0.10701851791736951	0.13630253082111624	0.0015252146720971197
17000	-1709.7945349339082	-1560.427185023371	-149.36734991053714	0.11694965465525495	0.09217159435422224	0.11631458641605187	0.0023870935531814146
18000	-1711.5886430367952	-1562.2959788148705	-149.29266422192475	0.0943096232732769	0.08079532429627385	0.10537488732850506	5.589768081307106E-4
19000	-1710.4821763145978	-1559.1182727873365	-151.3639035272612	0.1032294378148073	0.060210835252420845	0.12562528050587893	0.0021710076592248695
20000	-1710.9200928894932	-1560.5991988714668	-150.32089401802637	0.12262105879187048	0.0864069316650823	0.10504544297850384	0.003135026703374318
21000	-1710.140518422237	-1559.8610920593815	-150.27942636285553	0.0836030825303129	0.11048180692739006	0.1508727649613025	0.0026268613655646175
22000	-1709.8493835321196	-1560.285888058626	-149.5634954734938	0.09660850801658592	0.12936877498704932	0.13424102008960026	0.0024628124385547316
23000	-1711.2250109817035	-1561.315683329064	-149.90932765263943	0.10460514328459562	0.14123063119292537	0.10343782516920288	0.003590414385543822
24000	-1713.1370221959635	-1563.446320329645	-149.69070186631845	0.07864305244209938	0.09477428966157542	0.13599218428669918	6.729854627306413E-5
25000	-1710.4366242914587	-1560.4481063728763	-149.98851791858232	0.0760206151598599	0.11219829435297955	0.10818733390482597	0.0020122268607474427
26000	-1711.9872229932187	-1558.2352799399073	-153.75194305331144	0.08566667045138944	0.049044667504753565	0.13468285163087973	0.002941563287218733
27000	-1711.0705526634347	-1561.1636919630957	-149.90686070033905	0.14143034651081252	0.08469825493394265	0.10836613095828443	0.002212263414489913
28000	-1713.6280156554262	-1560.5474447858658	-153.08057086956043	0.04738611227056815	0.13527106091550015	0.10144162259158873	0.001232802478123363
29000	-1710.6417398873864	-1561.4274719932846	-149.21426789410182	0.09674158544060615	0.09956321259535769	0.13765998052114586	8.337725837612813E-4
30000	-1716.6538400619932	-1562.2829401907263	-154.37089987126683	0.05209519790050059	0.11292133997372776	0.06089663462621057	0.002253754314806054
31000	-1709.910102954707	-1559.1185537576143	-150.79154919709282	0.11243476810700415	0.07418834070894745	0.13237164384636352	0.0032218190364217084
32000	-1712.0804829807178	-1559.6841942837668	-152.396288696951	0.12645598927778376	0.07232870265955195	0.11625476349407764	0.005020788701678894
33000	-1710.8396869524497	-1561.1813371509643	-149.65834980148549	0.1376625130557266	0.08265522005561306	0.1331746563975322	0.001232228038424431
34000	-1711.8649316018893	-1560.0193957246302	-151.84553587725912	0.10669722591570871	0.10116618425452444	0.12318939728883578	0.0039490738819292345
35000	-1713.5832571823132	-1561.986489442303	-151.5967677400102	0.08549019952314721	0.08343212834291368	0.07163231917036804	0.0024512891199763736
36000	-1714.0541503562565	-1559.8603181836975	-154.19383217255896	0.1468621614432204	0.04337529403362933	0.11382167131789309	0.001658818348542099
37000	-1712.8035815889289	-1559.4489292711664	-153.35465231776254	0.07107856538891184	0.06357273048673014	0.10446018613992868	0.0026223796699280763
38000	-1713.1582607378007	-1559.5838729191469	-153.57438781865372	0.05755431957757604	0.06680745005384313	0.16683057467108978	0.0011313153227016962
39000	-1711.5684383757637	-1561.1400981093889	-150.42834026637473	0.07944982968796017	0.09998528864564202	0.08883212389086888	0.0017349077627325925
40000	-1712.5061183839407	-1559.234204490735	-153.27191389320578	0.07783902042726881	0.0581708013857906	0.11488210058136898	0.0033510726825070193
41000	-1711.5163865901254	-1559.3148595216871	-152.20152706843825	0.07667146523907468	0.062197805952738106	0.10594352186802367	0.002403010185457523
42000	-1710.9655124631954	-1559.840686421196	-151.1248260419993	0.13432823532838822	0.09667166806889406	0.18838832144329798	0.0020182173591281748
43000	-1711.1630748107202	-1560.6954919722307	-150.46758283848948	0.14371984431300966	0.09149593341618323	0.1376240032825865	0.0017848060997474747
44000	-1710.4578203387089	-1559.904870318133	-150.55295002057602	0.07573005286939077	0.10577578499515247	0.14160815781154484	0.002475891583800865
45000	-1713.6885288781625	-1562.839509680159	-150.84901919800365	0.10520042263274372	0.07014474899201037	0.11638810453350272	2.9783763783868786E-4
46000	-1712.2046944086576	-1560.4624973857165	-151.74219702294116	0.0661250475885284	0.07236789798956836	0.09572664609597964	0.0011551167943467016
47000	-1714.0659763789588	-1559.5509583427754	-154.5150180361834	0.06912591174962468	0.0762792077606285	0.1333630566413555	0.002672116825765411
48000	-1711.8979044062644	-1561.161600080443	-150.73630432582144	0.15646631178440634	0.07981559224812326	0.1437858793664138	0.0012131944055654021
49000	-1715.9933234472794	-1564.558944929693	-151.43437851758628	0.09732641039159888	0.1330418257096164	0.05651409154039029	7.8897706593462E-6
50000	-1711.5044231645184	-1562.6851496931147	-148.81927347140373	0.11200766438986258	0.10711807039808288	0.1260130109944176	4.4156783097682324E-4
51000	-1712.124652488058	-1559.4193012599958	-152.7053512280621	0.06957585683117579	0.06636529836109109	0.12562631477875533	0.002908379602882075
52000	-1710.3546338003036	-1560.6792804904876	-149.67535330981607	0.12086608519021251	0.11485653133598889	0.14721442088923115	0.0017007511631990907
53000	-1710.7207543296138	-1559.915732308186	-150.8050220214277	0.09536906656951111	0.12341445026982735	0.17956241365473863	0.0025680845954867337
54000	-1711.862245231116	-1561.3775334256213	-150.48471180549473	0.12242362621281101	0.13423080494371306	0.1217183844265144	0.0018394355245945602
55000	-1713.8315271020165	-1563.7574871720747	-150.07403992994185	0.1136316199162514	0.19353167799626014	0.09852932780288354	2.181243868372678E-4
56000	-1710.5896013953059	-1559.7532159640543	-150.83638543125159	0.11638795897315515	0.07126760611325433	0.10993607341160602	0.0035043170216044073
57000	-1710.7773763390524	-1561.5177889960908	-149.25958734296148	0.11098962296602506	0.12977124282264219	0.10317373862233208	0.0022944412680635452
58000	-1711.2296504286614	-1559.6131101004858	-151.61654032817563	0.10731600203694952	0.07745208666910527	0.11873269573832457	0.004211186766500048
59000	-1711.834868593484	-1558.0509145422996	-153.7839540511846	0.0920558638798745	0.049908499074969026	0.14866630536763534	0.0029094351725844295
60000	-1710.0287815880058	-1559.8770993667833	-150.15168222122242	0.0842710727416307	0.10525746823409016	0.13972973069252922	0.002943197305193812
61000	-1712.3285292121648	-1559.9929067938156	-152.33562241834915	0.051129927439338106	0.08627766776865743	0.1196909419619593	0.0011028117910085917
62000	-1714.6807029662964	-1558.4598971507091	-156.22080581558734	0.14463939827143402	0.038897567555940336	0.13628659858657058	0.005521997603577189
63000	-1710.5617673228421	-1559.5843719313496	-150.97739539149268	0.07433115322428588	0.087382491157507	0.1354049304526207	0.0023842771115918696
64000	-1710.6428784823688	-1560.8221316805148	-149.82074680185403	0.1535470352676153	0.10047370589516393	0.1406467358300685	0.001906002342230055
65000	-1710.5558236643728	-1559.9472962770199	-150.60852738735295	0.08026739857267323	0.07464850852345194	0.134062921622574	0.0012980884453409412
66000	-1712.9633153039367	-1559.9759777656782	-152.98733753825866	0.049892582390981974	0.08857734677458211	0.10872555741605754	0.0015577868286884566
67000	-1714.083020960821	-1561.8399939905491	-152.24302697027176	0.06407093010546519	0.09520993322145538	0.11179216134405345	0.00403748385280431
68000	-1710.9679869999927	-1560.0231931197768	-150.94479388021588	0.15732904387109556	0.0808700289311996	0.1396764159737382	0.002403445285803544
69000	-1715.1680057391616	-1560.1471096678333	-155.02089607132828	0.06816696592408679	0.042016455222223165	0.14724728570283216	6.361342310759352E-4
70000	-1712.6012096581553	-1558.3148984531617	-154.2863112049935	0.07415286290596536	0.04736825353227458	0.12804248162881446	0.0024128871726198206
71000	-1711.5749374300517	-1561.3145533768388	-150.26038405321285	0.11964656614206216	0.0874346192846713	0.0928324741710981	0.0031446731181784334
72000	-1710.3425179224644	-1559.7559355212215	-150.5865824012428	0.09290441813219034	0.09277457204144922	0.12774331158410912	0.002474529043252307
73000	-1715.1118343529122	-1563.1735878383006	-151.93824651461168	0.06041909788666289	0.06419477228509662	0.10710222535789665	1.2719095950605518E-4
74000	-1710.7269859671542	-1561.6991682071553	-149.027817759999	0.10870339650009811	0.11897916743402778	0.099134248921301	0.0019001939921697631
75000	-1713.3980520077384	-1560.803785805748	-152.59426620199054	0.04465530324708024	0.10674738423412136	0.10889605805340424	6.643555452895538E-4
76000	-1711.793987346685	-1559.9739175895324	-151.8200697571526	0.13016056189987368	0.06147253478547435	0.10324697497497522	0.0035866986644121734
77000	-1710.8875307664882	-1559.5794453369567	-151.30808542953147	0.11681567237001239	0.11241828105632266	0.1629962913188444	0.0034110637915864945
78000	-1713.635420039573	-1561.1597228141875	-152.4756972253855	0.09299648926934896	0.07547850506974317	0.09116352152315157	0.005014639560012787
79000	-1712.2058365339858	-1559.0609903854902	-153.14484614849562	0.09728598495038357	0.07745846078207086	0.20785322780594886	0.0029120626156268017
80000	-1713.29085412578	-1561.4712384533564	-151.81961567242374	0.05192126640672742	0.1216338039241734	0.09322248750711964	6.547836726201661E-4
81000	-1710.4142849994441	-1559.0076345480197	-151.4066504514245	0.0992311657607879	0.069494976819862	0.13497997827835448	0.002600188336241839
82000	-1710.2999499168195	-1558.7082267974392	-151.59172311938036	0.11313367484660708	0.07479163484766976	0.15966662810865687	0.0035238793884097316
83000	-1710.2193850084702	-1560.9181890774448	-149.30119593102546	0.09270090931233031	0.09152908974199497	0.11663213028293863	0.0012355212385687818
84000	-1710.150523693091	-1560.3819660250385	-149.7685576680524	0.08648278855373391	0.11919891623180912	0.1471368462780045	0.0015368139221413157
85000	-1711.1765730844854	-1560.601668069672	-150.57490501481325	0.12599640754653593	0.07648029940833262	0.15418487490446953	0.0012097187179877062
86000	-1712.3454543732637	-1559.8685711645926	-152.476883208671	0.08241983555029918	0.07297241100458574	0.10152940896906414	0.0023046307924999435
87000	-1715.4560903244244	-1563.2158176727544	-152.24027265166993	0.09521107672766121	0.0797779854202176	0.0650975923597686	0.0015093716558381442
88000	-1711.6517896421808	-1561.0687036125137	-150.5830860296672	0.1294433306247238	0.12227872085724663	0.11569900171841746	0.006512307157250252
89000	-1713.0230407108813	-1558.3842632072858	-154.63877750359558	0.10622381773535014	0.03996092369813218	0.15537269097831868	0.0015258521892223408
90000	-1710.5780881546625	-1559.7486103721462	-150.82947778251616	0.08518736456097813	0.07308195254197203	0.10623740659197796	0.002330448960099595
91000	-1712.2537068263696	-1560.6473758508444	-151.60633097552534	0.05822944879320473	0.10714044431641213	0.16354327763211884	8.191398642067018E-4
92000	-1712.812213165486	-1561.4952982629577	-151.3169149025281	0.07678671979455712	0.1204469958707596	0.08329365597537414	0.0024542179017070288
93000	-1709.8575373866593	-1559.334444906845	-150.5230924798142	0.1254139057598003	0.07618703122286548	0.13760335395749432	0.00273053999060088
94000	-1711.9443385964887	-1562.466591039649	-149.47774755683966	0.1428624044590822	0.08880635242697567	0.158263668774542	4.3539670391984597E-4
95000	-1712.0115452945593	-1559.4767467836284	-152.5347985109308	0.0663752617843487	0.07676575479065222	0.15626489533409918	0.0015492438034669484
96000	-1712.5802298247172	-1560.8943171366695	-151.68591268804758	0.17897823760808776	0.09981129106309655	0.11906128969850847	0.004173368843595648
97000	-1714.572925933465	-1563.1957155172674	-151.37721041619756	0.10719425637859217	0.18864904744288472	0.09293266674031124	8.231724107001305E-4
98000	-1710.6508419321915	-1559.2916779661196	-151.35916396607186	0.08084741771586822	0.0707152857008033	0.12096783796998975	0.0028322466069879712
99000	-1712.5963515301269	-1560.9620680929615	-151.63428343716527	0.08289146974636356	0.17682480094820335	0.16846100510177206	0.0012248222903582602
100000	-1710.849207802987	-1560.3372666815717	-150.51194112141533	0.070972504776165	0.09026980527275709	0.13469698847323466	0.0011028112266677386
101000	-1713.6995814385969	-1560.2380619197752	-153.46151951882172	0.07633869882793208	0.06279880245773144	0.1887123719979401	8.463352520216178E-4
102000	-1711.038526986936	-1559.3185378309759	-151.71998915596012	0.1388161508742406	0.0763521331891964	0.13001820878679257	0.0052823162662356425
103000	-1711.36875609117	-1558.2964556908478	-153.07230040032235	0.0898049460519609	0.056100069748219294	0.16387553815803935	0.0025900150100714335
104000	-1710.0773051969954	-1559.9582109209564	-150.119094276039	0.10633850819075767	0.09226268217426958	0.13319965374053855	0.002132908884971633
105000	-1710.5131048346339	-1559.5372289827433	-150.9758758518905	0.14320904313959903	0.09616425936484989	0.13871475633821817	0.004533746821244537
106000	-1712.8647840526642	-1560.8422054209918	-152.02257863167222	0.056321540563279385	0.11108418415702939	0.09050292157066957	0.002216534461644389
107000	-1713.7332765086915	-1561.1854522504586	-152.54782425823285	0.11923189629007575	0.10829352785581803	0.1451025207126595	0.0011990286011791687
108000	-1711.9360688799477	-1561.3565720658846	-150.57949681406302	0.15068007403509243	0.08909905629372168	0.10126210917069897	0.0037391258058516595
109000	-1710.3197445194521	-1560.1979429216224	-150.12180159782966	0.09494569388552875	0.07476969265682494	0.140236750492276	0.001258899599485854
110000	-1710.7500725811951	-1561.4793679367133	-149.27070464448173	0.1099119347391363	0.08128270535720056	0.112410759498141	0.0010483281329082318
111000	-1714.1490218934111	-1558.275652213985	-155.87336967942602	0.07839583554935362	0.048485453126185164	0.19446465006926192	0.0023074465583115596
112000	-1710.009243724389	-1559.8525443284595	-150.15669939592954	0.08711087344183692	0.11204900509053611	0.15101622964296463	0.002429727655905687
113000	-1713.5240901456348	-1562.7529029377117	-150.77118720792302	0.06792435890124224	0.07870361655794672	0.11116560981858556	2.4091506300949922E-4
114000	-1713.6969723442264	-1559.7783765680297	-153.91859577619672	0.04641960165768112	0.07523480894952854	0.10914045722372753	0.001160415112603115
115000	-1711.1979395361732	-1560.7824340181955	-150.41550551797775	0.14491471827504915	0.10087604117409732	0.1111895322012836	0.004474745119883196
116000	-1710.423695386103	-1559.7639639629406	-150.65973142316247	0.07664837065049922	0.08247494030305524	0.14236817907137067	0.0014840498832588568
117000	-1711.9766134262636	-1560.485262478597	-151.49135094766658	0.06896159030883388	0.07102348897780988	0.12451575081462357	8.741266819827725E-4
118000	-1709.5889274049432	-1560.4078250899554	-149.18110231498773	0.10170573811569125	0.11412491970209283	0.1313786340841636	0.0019855162243677337
119000	-1713.1939769730245	-1559.2062843142298	-153.98769265879474	0.17601585394235764	0.0647385876392761	0.1344773988863632	0.003667579616626204
120000	-1710.2907047715726	-1560.1533545344191	-150.13735023715336	0.12264591921443772	0.13635869524294508	0.1611088979447382	0.002699051633527566
121000	-1711.4193619279276	-1559.7144438089294	-151.7049181189982	0.08584047137741833	0.09458322707992192	0.19461252584511887	0.0018896845336762763
122000	-1711.73466485847	-1558.5057239302257	-153.22894092824433	0.11265318581226656	0.06965060819158418	0.20325934318066202	0.0031872948532813772
123000	-1710.8163742374927	-1560.7269368261225	-150.08943741137023	0.10469418870351374	0.09328430325473668	0.15684317007132154	0.0011409158226440448
124000	-1715.3555004911118	-1562.334603112452	-153.02089737865973	0.05930664590491887	0.15597564564459448	0.16176396606937535	2.874586201636311E-4
125000	-1710.3906678255323	-1559.9006253186706	-150.49004250686173	0.09092405339829387	0.11344874838574252	0.15147877671731944	0.0022671981227606755
126000	-1710.4056704696839	-1558.5813697646129	-151.824300705071	0.13403423454820873	0.0733498622907106	0.1671259196267021	0.003300058320671226
127000	-1710.6988226331637	-1559.9846937998916	-150.71412883327218	0.08599132943137065	0.11274340541937225	0.17867642836138112	0.0018451216465787388
128000	-1709.7998548164853	-1560.2129828096013	-149.58687200688414	0.11020035450227433	0.10910586304053739	0.12115133384607618	0.0036093083188450266
129000	-1710.7539451181685	-1560.6953097273624	-150.0586353908062	0.09374226178858025	0.09185494353203043	0.0968131866278269	0.00252464583726457
130000	-1714.3620563590616	-1561.8627337611028	-152.49932259795875	0.07131503580867045	0.07258804708486209	0.06884889371168448	0.0011982724161620217
131000	-1711.3821569782879	-1562.3165961392306	-149.06556083905733	0.1318490456394033	0.09312619138793263	0.12910121841026162	6.423236452837771E-4
132000	-1713.7975741417572	-1560.758323905687	-153.0392502360704	0.08114695510008242	0.11795556480254521	0.10121273785761468	0.002320277567545524
133000	-1712.4394998684072	-1561.8684383969141	-150.57106147149304	0.11215300220949613	0.08704210886336142	0.16082995702401587	5.710373272384329E-4
134000	-1710.514362812704	-1559.351322750576	-151.1630400621279	0.11680591748153431	0.09752185072989508	0.15288866110975652	0.0037906715865136916
135000	-1712.8176441934363	-1560.4674998981047	-152.35014429533152	0.08683116082367724	0.053572937147955926	0.13669029374927233	8.025612999280551E-4
136000	-1711.50439996636	-1561.0706593328432	-150.4337406335168	0.08464358605556165	0.15583454689584972	0.10599187755417835	0.00246607519444884
137000	-1713.7462249635967	-1560.7893794710776	-152.95684549251897	0.10134865584516378	0.1001607016165708	0.09973628617289397	0.0031148409373002173
138000	-1711.0556872932407	-1559.1960639032025	-151.85962339003825	0.10402114562487969	0.06511548369642686	0.17590581899501131	0.0016762943685587873
139000	-1711.3529849764577	-1561.6446624933646	-149.708322483093	0.1440478618054728	0.0776533281372665	0.13562159951908614	8.949436477352573E-4
140000	-1711.6686446288354	-1560.6941627424976	-150.97448188633774	0.07802655678901936	0.08883292295392291	0.08895084983518094	0.0026078929363269913
141000	-1711.590778555299	-1561.7135560352467	-149.8772225200524	0.09077886549746834	0.13381322995156725	0.17411631401756922	6.582290915428874E-4
142000	-1709.8422365882739	-1560.483320837067	-149.35891575120698	0.10410382455291574	0.10113424360092063	0.13170128283082944	0.0016819567220534275
143000	-1711.2587336485417	-1559.8337988073463	-151.42493484119535	0.11422458187890343	0.06970710352818922	0.11106527756527236	0.004944992126225303
144000	-1711.771058733522	-1559.5647972230406	-152.20626151048154	0.09260031695026649	0.06638363821414482	0.18474164125207732	0.0013476700497767587
145000	-1711.6149946438827	-1560.6559676063864	-150.95902703749638	0.11632833756271427	0.09381968536491696	0.10387073234591968	0.004267326732926679
146000	-1712.9499855916577	-1557.669277651024	-155.28070794063362	0.13950588036119937	0.04974556403693756	0.15948324169540468	0.00411684108102398
147000	-1710.715498086403	-1561.21014667982	-149.50535140658306	0.09006447758545139	0.09304426113629949	0.09687640870439582	0.0014615370979159388
148000	-1710.694498636147	-1558.79914120805	-151.89535742809693	0.13285396702727145	0.06061017098537916	0.12928513921157855	0.003592351480296797
149000	-1710.1260242904314	-1559.275387908961	-150.85063638147034	0.08330249660415628	0.07844403002439822	0.13615082136582468	0.002545784084686649
150000	-1712.9972383285735	-1561.8997482129994	-151.09749011557423	0.11294580445678233	0.154918459776833	0.0986442336508184	0.0030799100527632807
151000	-1713.0368194295434	-1562.0813065190732	-150.95551291047025	0.13385901330587827	0.05807567254272887	0.10707807889643581	6.977317298947356E-4
152000	-1709.8558171612167	-1560.2323308582409	-149.62348630297586	0.08794290934720321	0.10222583648454503	0.1132670340383016	0.0024005392275089957
153000	-1713.0817039898652	-1559.848240243979	-153.23346374588613	0.052051692476080415	0.06991789236069451	0.1428736528873379	9.31081058040055E-4
154000	-1713.6244513881627	-1562.1882242825093	-151.43622710565344	0.0843768054529226	0.08412250467212028	0.07115528901927468	0.001695879027539494
155000	-1712.841831651966	-1561.652596641064	-151.18923501090205	0.11043256214043953	0.08116096384603519	0.0834916860827455	0.00411684330525408
156000	-1711.1226549563155	-1560.21426415404	-150.90839080227562	0.07257712238708879	0.10005566093792675	0.11163116765084041	0.0017803247559287977
157000	-1714.9601750083775	-1557.9996644780067	-156.9605105303707	0.1445103852643769	0.046405216811103475	0.13870908169295373	0.0037628588376801765
158000	-1709.697695124822	-1559.8964510094197	-149.80124411540234	0.12046527060827167	0.08538596598806843	0.13185126313288614	0.002332971935144033
159000	-1712.520041442598	-1560.662806593381	-151.85723484921706	0.1699315889508961	0.062453956843780266	0.12537950642348727	0.0016729676027676702
160000	-1712.304172849927	-1560.7641540952905	-151.54001875463646	0.0642484155255876	0.07567337601407893	0.15037109664359447	6.74193597439718E-4
161000	-1711.1442169324732	-1559.4859532407893	-151.6582636916839	0.10286807444432484	0.08525969006216585	0.13008325444950572	0.0037245910986717598
162000	-1711.3491252155457	-1561.020870376432	-150.32825483911373	0.10857102398052355	0.11700430920471544	0.10383277874003087	0.003171959637317471
163000	-1709.8816008728738	-1560.1167906081332	-149.76481026474056	0.09233224860874892	0.09524303719162965	0.11208321663314551	0.00278708304652538
164000	-1713.8799877587485	-1562.0257885265287	-151.85419923221983	0.0805369251276451	0.09184024222083427	0.07664796071797213	0.004055512934195864
165000	-1712.8500378208116	-1562.179968161196	-150.67006965961554	0.12728348829692707	0.09592827475752894	0.12100586988635838	7.939761105403152E-4
166000	-1709.9033349468853	-1559.3474299480692	-150.55590499881595	0.13325858277409444	0.1014374440722386	0.16266751807886745	0.0034427626864641024
167000	-1711.4891187465419	-1559.625240039476	-151.86387870706585	0.11643592779649346	0.05781017048641668	0.1288417885668404	0.0016790845938370945
168000	-1712.5562603873504	-1559.2156152373457	-153.34064515000483	0.0587678005279815	0.06343336021054782	0.1332404438234388	0.002028849011625175
169000	-1711.7952237285228	-1563.2907713330987	-148.504452395424	0.1196080962877973	0.13736579218392372	0.09768656350352015	5.600597098432438E-4
170000	-1711.9065396043459	-1559.5081735370381	-152.39836606730782	0.08818350800118974	0.05632089114088482	0.1173897299531553	0.00152856264795114
171000	-1710.563008538898	-1558.9441642864197	-151.61884425247834	0.13363407048482026	0.0779782232964028	0.17804660318456492	0.0026390357822285047
172000	-1712.7796307582257	-1560.3770254347353	-152.4026053234905	0.15361663624880642	0.09009551701440421	0.18844017869674626	0.0015522114591370675
173000	-1713.5882843223744	-1560.0315672116249	-153.55671711074945	0.09981727102797879	0.0753784310658639	0.1989218008252806	0.005253633143907124
174000	-1711.0548954320018	-1560.7655812758805	-150.2893141561213	0.06902960511083381	0.0991697419097997	0.10076862037417343	0.0012506889418738684
175000	-1709.8525884649425	-1559.5095306438113	-150.34305782113123	0.11161460110852837	0.08712503325285018	0.13304588260441008	0.004349037641797815
176000	-1715.2410107124133	-1563.4315929189627	-151.80941779345073	0.06948136482140925	0.10584128013603669	0.10249917173457225	0.00550747395113664
177000	-1718.1137937080052	-1559.4292032963097	-158.68459041169547	0.052612657359011605	0.043260024876843155	0.1940290407689191	0.002174439854866052
178000	-1710.482697855799	-1560.8997579354645	-149.5829399203345	0.07486100340367148	0.10957288411041269	0.1291466851103009	9.906426203625542E-4
179000	-1710.8452811345783	-1559.6740234314261	-151.17125770315224	0.09098365853904358	0.07380561706773334	0.1550710064953809	0.0014708361145951883
180000	-1713.7378011162637	-1564.0471709357191	-149.69063018054456	0.15859456946314496	0.08992744952349363	0.08347309002568923	1.9845252539733136E-4
181000	-1710.5270747345296	-1560.957983800857	-149.56909093367258	0.07491989367297308	0.10800623433457301	0.11317546896576022	0.0011007929656601727
182000	-1713.6742176586006	-1559.9533215487152	-153.7208961098854	0.1634274955229887	0.12566881449503933	0.15609359175968304	0.003895819058962688
183000	-1710.6397563205826	-1560.2839559204558	-150.3558004001268	0.08966913577963383	0.07014618668831245	0.1218746709193135	0.0012475244652074224
184000	-1710.18938226224	-1560.355169652794	-149.83421260944604	0.09881499577196068	0.12549022816980518	0.12892712199331866	0.003782244275874296
185000	-1710.4602881613391	-1559.1347829010929	-151.32550526024636	0.12619289631432695	0.06835187983012263	0.1249445136217042	0.0041776080099137185
186000	-1712.4779913803584	-1562.1029377142372	-150.37505366612123	0.14996852875534233	0.15127779322196916	0.13923224011984103	0.001185971244661454
187000	-1710.480003138428	-1560.1512629388803	-150.3287401995477	0.07685809545623222	0.11325039034333374	0.134649228416125	0.0017367658440146632
188000	-1711.123155243803	-1560.135804968534	-150.98735027526882	0.07317216913137237	0.08877296946427646	0.16462247199870841	0.0011548306543032784
189000	-1713.9954715455322	-1561.3367523854827	-152.6587191600494	0.0742592929386354	0.11320427409380505	0.09602561449227498	0.0011658818869833448
190000	-1711.0290884470219	-1561.721802464605	-149.30728598241697	0.09927942639936148	0.1302607286884485	0.12252953303353532	9.93539304111602E-4
191000	-1712.450092587404	-1559.7478301089732	-152.70226247843095	0.08228518480623975	0.09186108745830651	0.1857630591493939	0.001687900838454704
192000	-1716.604257370546	-1562.8475108870116	-153.7567464835345	0.050816200508848657	0.1684863001640626	0.07052725923547068	4.0690380226700117E-4
193000	-1713.7152501248274	-1559.6947604713048	-154.02048965352273	0.06930203267628589	0.05985728773682583	0.11536242834800829	0.0012188416085558826
194000	-1713.8652201988946	-1558.8056256819634	-155.0595945169312	0.08122926938668823	0.06223084168669145	0.18233206889758263	0.0019860970558266524
195000	-1711.3877843145365	-1561.6201868724456	-149.76759744209076	0.06756820106384051	0.11440797317561677	0.11348156346295932	6.565475116032186E-4
196000	-1710.1883458180027	-1559.7130736264692	-150.47527219153363	0.09433340818052921	0.08062720297538119	0.11592504593902857	0.0025976684657413322
197000	-1711.3793859504917	-1559.8843965175176	-151.4949894329742	0.10231805342635825	0.06717624592737034	0.1011101861522952	0.002998835638891125
198000	-1713.8697277195977	-1563.7746151200122	-150.0951125995855	0.08484236710884752	0.11938272526551796	0.10960465933410377	5.0215043637938694E-5
199000	-1716.9939198975417	-1560.8040371981294	-156.18988269941224	0.10613712096460914	0.055839846331800475	0.13258854206915285	0.007270782157512015
200000	-1710.2074416559794	-1560.054966025143	-150.15247563083656	0.13969854314297486	0.11538739046736063	0.1342953056895663	0.004542869216896196
201000	-1712.957748516925	-1561.1510843434774	-151.80666417344773	0.07996133761290784	0.19526143641446525	0.13189417268014206	0.0013113746609558395
202000	-1709.80470579558	-1559.0062513792839	-150.79845441629607	0.13187179639368976	0.08151296242624753	0.14592621380639648	0.003971540249813614
203000	-1716.1845820387791	-1563.3590440992434	-152.82553793953574	0.0764469780908533	0.13678484892642906	0.06466610081907066	0.0010483355512583214
204000	-1711.9410316693159	-1559.3086821186132	-152.6323495507027	0.14768900771021057	0.07504168956122007	0.13007123337493892	0.0041713183997752765
205000	-1711.1650032979417	-1559.4487681307985	-151.7162351671431	0.07509193458880054	0.06333288237992003	0.11595427814523289	0.0016112841940182086
206000	-1711.1391557246143	-1560.1861167205307	-150.95303900408356	0.06900245989696097	0.12757063718177392	0.15129814307453446	0.001892031232804867
207000	-1710.031456283401	-1560.244440532691	-149.78701575071008	0.08542894845119765	0.10160579554142805	0.12540127131760678	0.001712607727047249
208000	-1711.0465229509327	-1560.4154150583033	-150.63110789262936	0.06423501895816836	0.10680511014335284	0.14140137162279362	0.0010686024925364588
209000	-1710.7286592439912	-1559.1501385847896	-151.5785206592015	0.1252118740809407	0.08030271933521069	0.13982461188644152	0.004780518029653802
210000	-1712.8440205117165	-1560.8225331114068	-152.02148740030978	0.09893821574929876	0.08286064013549319	0.1446059625358344	0.006298545232968654
211000	-1713.4039979427805	-1563.5809388483312	-149.82305909444932	0.11424121564739537	0.1304776905581995	0.10710747519484781	1.904064277422131E-4
212000	-1712.4704630361025	-1559.189847483115	-153.28061555298748	0.18542282757952092	0.06303035621543868	0.14967690089770352	0.0027546154859187846
213000	-1710.6775854102052	-1560.7596387055005	-149.91794670470478	0.08357596486997138	0.09688813374164594	0.10191751168618995	0.0016329742348936218
214000	-1711.7140690980998	-1559.5946023531687	-152.1194667449311	0.146216587908318	0.057064227168514205	0.11793691959092688	0.0026484034169903764
215000	-1715.292579241587	-1559.5923603579502	-155.70021888363686	0.11661782561190567	0.0701650162439567	0.12116749727514733	0.0024994513999384697
216000	-1712.3633561269664	-1560.4270286566102	-151.9363274703563	0.08450411485565582	0.07362180319152999	0.16916452384245095	9.241032991408734E-4
217000	-1712.5276899800026	-1560.862280209041	-151.66540977096153	0.09116846102898678	0.16311052263037673	0.12291525165483268	0.0021301469328998835
218000	-1712.4114137119632	-1560.745418612579	-151.6659950993843	0.10908922724898704	0.09937766769883745	0.10778889954666426	0.0023937074621183463
219000	-1711.317063827688	-1560.5187019800128	-150.79836184767515	0.07666952236476715	0.12052546468113759	0.11657955226234515	0.0016830501834793144
220000	-1711.5134575479167	-1559.6313486630565	-151.8821088848602	0.11057874708268815	0.077679088527702	0.13044559255886706	0.005242875404758471
221000	-1713.477354079631	-1561.5162387037944	-151.96111537583658	0.06010361980912511	0.11562612221617401	0.09380793425540532	0.0030999742856314535
222000	-1710.9005409814356	-1559.0292749625687	-151.87126601886692	0.10202562338529021	0.05735073330939639	0.11399263085981089	0.002802147140420424
223000	-1710.4444498583448	-1560.83829850493	-149.60615135341487	0.09515329865199913	0.09767321083372042	0.09855692132892312	0.0022882918150753107
224000	-1711.1313275585665	-1560.7070543547763	-150.42427320379014	0.09757644167369087	0.07233900291958928	0.09604198851606754	0.0017871271119495693
225000	-1710.077398971118	-1559.310902968828	-150.76649600229013	0.0979047707529565	0.07836614030263123	0.13022313781464107	0.00353872334431857
226000	-1710.4533460629052	-1560.013868286885	-150.43947777602003	0.12509255467377098	0.09579727402241567	0.12239230191970439	0.004896444142175072
227000	-1711.6612864667018	-1561.4748000424024	-150.18648642429926	0.12348393912471477	0.12778724411559184	0.12299566449547092	0.0016035809658141223
228000	-1712.9151522442387	-1562.6240200603158	-150.2911321839228	0.11165024710922028	0.14129064230275235	0.10801538612417094	7.990026573480735E-4
229000	-1711.9506631741808	-1561.6841296001421	-150.26653357403876	0.15913476783692795	0.10624513902593326	0.1129769905465756	0.0023207970478573265
230000	-1711.105638675596	-1560.2281316353683	-150.87750704022778	0.08914804506225658	0.0900074558119979	0.10509879508044107	0.002523548815326225
231000	-1712.6937961166245	-1561.6516768898503	-151.04211922677433	0.15968483944259348	0.11355556048555934	0.1627198418044325	0.001076255641095682
232000	-1712.023967111468	-1560.3554584499227	-151.66850866154527	0.07196634790755234	0.09442365758138947	0.18562540779389028	0.0010595623089874064
233000	-1710.9037010302789	-1559.5607966389362	-151.34290439134267	0.0991508242844186	0.07426660514492525	0.13133369147751786	0.004666847638493116
234000	-1711.1883638603288	-1560.2666868792312	-150.92167698109753	0.11837074822281592	0.10172982710064944	0.18533755888429848	0.0015771197706478468
235000	-1710.2097205370897	-1560.0168372072656	-150.19288332982404	0.12006785855702419	0.08357511155708004	0.11270544429124141	0.0037359478387241777
236000	-1713.4924799441178	-1560.89066494571	-152.60181499840792	0.07575932640197637	0.15287639762846508	0.11871464123186619	0.002983444875740633
237000	-1710.6240238015555	-1560.5073218518642	-150.1167019496913	0.07824985149837642	0.10940981867404008	0.16044620342048604	0.00114581288272928
238000	-1710.620517864488	-1558.7096973124771	-151.91082055201082	0.09910688767318042	0.06405247566915177	0.13724435658851447	0.0033669187663964207
239000	-1710.7289121739182	-1561.44631616223	-149.28259601168807	0.10109336807407651	0.12327257424305353	0.09948218612925212	0.002074514726524888
240000	-1711.7880180106015	-1560.8470841746687	-150.94093383593275	0.07141443195415347	0.0933881610033125	0.09365222035590787	0.0013692139561254715
241000	-1710.6453429407939	-1559.0149723560608	-151.63037058473301	0.11830975047137565	0.08511208770287071	0.1585009779771711	0.004282146435724833
242000	-1709.8418762469555	-1559.8244706197813	-150.01740562717418	0.088840649716829	0.10622819324908686	0.14002462763858287	0.0028984263815131045
243000	-1712.8197231422582	-1561.1621538156196	-151.65756932663857	0.14191979866575996	0.1536540045979204	0.1329344003064942	0.0026015120511413635
244000	-1710.9779886947747	-1559.6362710597014	-151.34171763507325	0.09613294235814364	0.09975312766952425	0.16080383238868343	0.0022455851779772094
245000	-1711.1723924537234	-1559.7456052359526	-151.42678721777082	0.14140975109246484	0.060796743276896034	0.13635342261998593	0.0018357847025018458
246000	-1710.2429507562845	-1561.8093973917407	-148.43355336454368	0.10668688387132667	0.11679990176667272	0.11965791495273231	9.920880044565182E-4
247000	-1712.8329635454338	-1559.325037627405	-153.5079259180289	0.06745556165380392	0.07401839297097243	0.15139541551809163	0.0021953374690545204
248000	-1709.8591539320614	-1559.189376809223	-150.66977712283835	0.11012904037520264	0.08227542361223279	0.14093004011540058	0.003939069683502863
249000	-1714.1482325357472	-1558.8174619309907	-155.33077060475642	0.07005988580689218	0.04005028533166015	0.10335807487402854	0.001416477501031879
250000	-1712.5713288276947	-1563.254967006123	-149.31636182157172	0.08482815082607083	0.08160135370584351	0.14007369203414163	1.0473546275232964E-4
251000	-1709.8900398968622	-1560.3299661149385	-149.5600737819237	0.10762911171455286	0.09428920539423381	0.11063153512477882	0.002873149629918529
252000	-1710.8999287036127	-1561.613012118628	-149.28691658498485	0.12306452291358186	0.13093028550622454	0.10725327777523073	0.0023316496325269183
253000	-1711.0936915469192	-1559.03407778376	-152.05961376315926	0.14004239979661612	0.05923744391489417	0.12743897310942398	0.0030555615425648507
254000	-1712.2237971486143	-1559.1453686405907	-153.07842850802356	0.12915275682653865	0.06988608928456207	0.16821864497151123	0.0066150671690485665
255000	-1711.108624139292	-1558.2425890259783	-152.8660351133138	0.1096968884762324	0.04988971842734231	0.13975169465515574	0.0024932613012006934
256000	-1710.5951788178734	-1561.6629427829644	-148.93223603490904	0.10835789139024277	0.11127902601009287	0.11085464469824773	0.0012630934382687785
257000	-1711.9965561018244	-1558.5165707882372	-153.47998531358724	0.11568354835286747	0.04965930289743264	0.157392603448128	0.0019001117972340766
258000	-1710.8927142935624	-1559.6935259170905	-151.19918837647194	0.11285200818273944	0.060066392163922615	0.13171569566383198	0.001600929948065021
259000	-1714.7565352463203	-1558.7699001240499	-155.9866351222705	0.11235551692460878	0.05789233558030995	0.22252995842019893	0.004921431733274989
260000	-1712.648080445064	-1559.848331313714	-152.79974913135004	0.12157634609059018	0.06724774123770258	0.15811666330341542	0.00724746425233181
261000	-1711.5682981493949	-1561.7772752376864	-149.79102291170852	0.1503487768121559	0.1483841631634968	0.12824398579176635	0.001889497526640527
262000	-1714.0449018679358	-1558.5759447155854	-155.4689571523505	0.11225167863437746	0.048044633449109454	0.14119552023130705	0.005123988763553779
263000	-1710.2809241738926	-1559.646118288298	-150.63480588559443	0.09252828548659997	0.10171597061384398	0.1746803583160987	0.002227936808227223
264000	-1712.6657330569803	-1561.699062945986	-150.96667011099433	0.09443750499433283	0.13580121423458338	0.10649056301213503	0.005179808183531477
265000	-1710.5223694698243	-1559.5544548800349	-150.96791458978936	0.0922932950190826	0.09377670298610787	0.1400855155248926	0.002713042206295773
266000	-1711.045488617517	-1560.064802956036	-150.98068566148117	0.07069846672108829	0.08920394765112152	0.10960320140219978	0.001719131629195461
267000	-1710.1292309397825	-1559.7472097382072	-150.38202120157538	0.11153220738334768	0.07365248570178805	0.11446837121633464	0.0027317558320719307
268000	-1709.495159673347	-1559.389168997845	-150.10599067550197	0.10208960774059413	0.09142408190402469	0.14566373898767251	0.0029872607774875212
269000	-1712.8585611237331	-1561.7841313896406	-151.07442973409255	0.0785658080493722	0.14631092265708995	0.09693053138811085	0.003910138400766386
270000	-1712.0345365019061	-1559.1509047966913	-152.8836317052148	0.16866982066042271	0.09015631618572573	0.1638104664396646	0.008065951561186146
271000	-1713.790603053717	-1557.7530651267375	-156.03753792697944	0.10537910488451052	0.04547352472306615	0.16615948951648066	0.003853650170172949
272000	-1711.8862731098495	-1561.2731247016818	-150.6131484081678	0.058696863588969174	0.10985513808117602	0.11298414505955595	6.75515789559665E-4
273000	-1709.677920469717	-1559.8581987271957	-149.81972174252132	0.09038872881594402	0.09157234802867435	0.13670680307129254	0.0018655187528961214
274000	-1713.3326717928837	-1563.5373011316558	-149.795370661228	0.1629288649444673	0.15682024093876565	0.11827037837859548	3.035272682732471E-4
275000	-1711.907954739205	-1560.961771464884	-150.94618327432116	0.07999813336949638	0.10157864190620809	0.09660330220652419	0.0015767426995854184
276000	-1714.7956137633741	-1563.2490467946882	-151.546566968686	0.08003368608176338	0.11306777871078828	0.09033740248974442	0.0060346233999460114
277000	-1711.0252159034335	-1559.3389868003255	-151.68622910310805	0.08894466123544202	0.061107475098124545	0.1081261892879078	0.002347169133602069
278000	-1712.4162383080866	-1560.3041638890231	-152.11207441906348	0.0641820396786031	0.08044287883997876	0.12967997648050125	0.003105707921785432
279000	-1710.2076440349422	-1561.1865280827626	-149.0211159521796	0.09657993252555894	0.09534359247053968	0.1085441632480223	0.0013085682620727684
280000	-1713.845660146251	-1559.601384655413	-154.24427549083796	0.06748765483185268	0.06118517372123055	0.16636352908085414	0.003059119688066659
281000	-1710.540681564101	-1561.4056882084585	-149.1349933556425	0.0810239481448793	0.11849118357300002	0.11313459851214175	9.816203593281895E-4
282000	-1711.6431355760149	-1559.7092597785113	-151.9338757975036	0.10682273793891617	0.0998847100417421	0.1491473763306559	0.0024215390284003813
283000	-1710.5523927731465	-1560.9550610743468	-149.59733169879968	0.12239794074576839	0.12790881582982522	0.12593300852585185	0.002180254934031668
284000	-1714.6914612665335	-1561.391030103642	-153.3004311628915	0.08880174951840275	0.06841632193209185	0.12122529507433742	0.006278867543859685
285000	-1714.6690719055	-1558.974234978878	-155.6948369266219	0.16957128838574928	0.052011888644911894	0.12681706924592892	0.005446731129062355
286000	-1710.7885377619696	-1559.207548441666	-151.58098932030373	0.09202877724162006	0.07478527220828017	0.14718675998716482	0.0037557333443497547
287000	-1712.0467811077006	-1562.6629126398464	-149.38386846785411	0.09274291134290512	0.1636348384672962	0.11508837360990626	5.314623979877674E-4
288000	-1710.6275003589546	-1561.2553282405368	-149.3721721184178	0.1093998912308133	0.09230006032872352	0.14221768661218026	9.534410192712556E-4
289000	-1711.4397326135268	-1561.9365909497678	-149.50314166375898	0.15848723745963214	0.09171034530921342	0.13147351679531916	0.0010065825309390737
290000	-1713.9745624678499	-1558.4415377678172	-155.53302470003263	0.11037978721388184	0.03687434187925505	0.10834152545354471	0.0035036883384410886
291000	-1716.7065200326394	-1562.4857906508248	-154.2207293818147	0.10669269145352908	0.06215675163306478	0.09812468021547048	5.10674197275757E-4
292000	-1713.079247408165	-1560.6537052011454	-152.42554220701953	0.045740337134597374	0.11492351153305724	0.11043908094205854	7.805429732334378E-4
293000	-1709.8433105143235	-1559.643477933036	-150.19983258128755	0.10329674218487624	0.07974806675899798	0.118014631212169	0.0029450915463149017
294000	-1710.0964288979796	-1558.7150516760128	-151.3813772219668	0.10340156711283928	0.06769508487678033	0.14769744684640385	0.002828649111765101
295000	-1711.120000157321	-1561.9923847310913	-149.12761542622988	0.10819580416162553	0.10437282459470816	0.10008343384135994	0.0012114015180433708
296000	-1712.6554610417147	-1563.1237786466907	-149.531682395024	0.08383670153787083	0.0778451508377688	0.13796880527747077	1.3430229216213914E-4
297000	-1712.0673839146536	-1558.2844709879537	-153.78291292669988	0.12274976982045055	0.045304699052223334	0.14851610870068419	0.002072781813371178
298000	-1710.7050428097486	-1559.4815861146626	-151.2234566950861	0.1546097632530101	0.074795212992317	0.1424183403808135	0.002768975964689137
299000	-1713.3447172206593	-1562.146914585787	-151.19780263487235	0.11375706727988359	0.06885553777413633	0.10207040030358062	7.266027371271324E-4
300000	-1712.7034745884157	-1560.3199406132721	-152.38353397514356	0.09739800160084344	0.12460358150738512	0.1563065776239681	0.00424521184944582
301000	-1710.2824212603791	-1559.4638940936604	-150.8185271667187	0.08975426131520722	0.07986814166341547	0.12574306647660466	0.003266290425217585
302000	-1711.7669033685193	-1560.0775207768215	-151.6893825916977	0.10691975258115116	0.06480526120246116	0.09751482551259058	0.003883940144724852
303000	-1713.290626706694	-1560.7839955985137	-152.5066311081802	0.12481051033395126	0.07151576684516338	0.19141164838223865	9.224704409183231E-4
304000	-1710.0053338390114	-1559.9318566055897	-150.0734772334218	0.13242446429290539	0.1204745983320526	0.15717202842664107	0.0029704362390320198
305000	-1711.0456654821262	-1560.1991059198153	-150.84655956231094	0.09459304146510834	0.09028726760696605	0.12641376149932776	0.004689202901061461
306000	-1711.5815064842286	-1559.467314184182	-152.11419230004665	0.08242937821084718	0.07066977798161589	0.15233596955831302	0.003749521281370881
307000	-1710.9078284567227	-1558.3524671256478	-152.55536133107486	0.12425181183650559	0.05872980352544941	0.14426134316795258	0.0044109454616331895
308000	-1710.383838447596	-1561.1160184345235	-149.2678200130724	0.10428966437995889	0.10817342198885779	0.10086603745066529	0.0023629286378802753
309000	-1711.2585088097946	-1559.4677417373778	-151.79076707241686	0.10920188627056285	0.06542699454771542	0.1160079202895884	0.00465708054536202
310000	-1712.5852891089007	-1559.0919736317749	-153.49331547712583	0.09897600241280596	0.07979652260801381	0.20136917854042122	0.0025153303154346928
311000	-1711.4342379656568	-1561.6708180242877	-149.76341994136914	0.12912772079275658	0.09271631756872166	0.1108044513841024	0.0013804314522150478
312000	-1710.4883440022452	-1561.3430358943192	-149.14530810792607	0.08884552037813331	0.10890494079741402	0.12811895380048421	9.197941071083816E-4
313000	-1713.870004778839	-1560.0086645962276	-153.86134018261149	0.08457847176888365	0.09264202873818511	0.11291051336061965	0.0024600211096947296
314000	-1713.05341635742	-1561.6769630128397	-151.3764533445804	0.11056025566519168	0.09711027171278475	0.08800446745697518	0.0030067576323017237
315000	-1711.4243062619848	-1560.5376319118932	-150.8866743500917	0.11181025785282213	0.07473367679344915	0.11636376395422621	0.0015856870897658568
316000	-1710.8680406453082	-1560.4214307922387	-150.4466098530695	0.07282555892705429	0.11312660114168324	0.13400662331571234	0.0013058007014621299
317000	-1710.5259966375722	-1559.9641159495789	-150.56188068799344	0.09483283030034108	0.08679953717873913	0.11637556470766426	0.0022957115038818067
318000	-1710.7192193213289	-1560.20503495127	-150.514184370059	0.1028925129812222	0.08097160780593142	0.15925612387364987	0.00130274528416936
319000	-1710.3046629948708	-1559.0652452599197	-151.2394177349511	0.13103013008518963	0.06989374018628873	0.1304197270326719	0.003691135585708688
320000	-1710.9524456377635	-1559.9843162598522	-150.96812937791128	0.11508022123587802	0.11681792530534549	0.1477553815451449	0.0048216262786111245
321000	-1711.1624897628042	-1558.7602980824684	-152.40219168033587	0.1458267501395655	0.06932497654302104	0.14060917860072017	0.0043840757502201086
322000	-1711.001403922948	-1559.7644972535759	-151.23690666937205	0.09775287658214327	0.06400000251896899	0.1465336621618651	0.001331377639870675
323000	-1712.446741601666	-1561.5860150308154	-150.8607265708505	0.10431449588098729	0.1627959732391175	0.10281025100387868	0.0036216756677948394
324000	-1710.9411127660283	-1560.864608397802	-150.07650436822632	0.0708529800025988	0.1039433482875463	0.10132345142753149	0.0012554939695213932
325000	-1710.7073691995008	-1560.8778445696407	-149.82952462986017	0.11235162135608119	0.10811238584490007	0.11719532522228877	0.0019631288765910074
326000	-1712.085367545219	-1559.5064649098995	-152.57890263531948	0.05763447367247193	0.06963328933671328	0.1166661245775449	0.0014584160247991965
327000	-1711.1306824037426	-1560.646633109745	-150.48404929399777	0.09009971875225331	0.11195483174603355	0.14255676417768567	0.004581526362403923
328000	-1709.819146430203	-1559.8527160424735	-149.9664303877296	0.11596398995300733	0.08369984348024105	0.12756699059122412	0.002402787177918821
329000	-1711.1783432067145	-1560.6107285285211	-150.56761467819342	0.0914368627281689	0.07070702289672075	0.1030167645608216	0.001398080791243981
330000	-1710.5747598639098	-1560.1302153859178	-150.4445444779919	0.11712689770262012	0.12009693922565971	0.13281221647600397	0.003983709341596385
331000	-1712.2918130940454	-1562.394468827134	-149.8973442669115	0.17896806291477416	0.11683504293893526	0.1296441078170132	0.0010962715117160187
332000	-1709.5221456430045	-1559.9916132097733	-149.53053243323131	0.117741349488145	0.11238366876442837	0.13674930551488199	0.0031073393219640567
333000	-1711.740519791142	-1559.8841785403447	-151.8563412507973	0.07209113986113919	0.07291316178654521	0.10340381033630702	0.0029532759697986077
334000	-1715.28628753411	-1559.7012049451678	-155.58508258894224	0.04405926814275346	0.06875004713920066	0.10147880264512102	0.0011544756746032741
335000	-1712.3820099247487	-1560.5025185477718	-151.8794913769768	0.06009949089247448	0.09075665885457716	0.08909151273820431	0.0015140637412783076
336000	-1710.3919941952804	-1559.2983859755936	-151.09360821968673	0.10732258038580889	0.0730235694981398	0.12411189759926682	0.0029874910917702486
337000	-1710.2930135983288	-1560.5101924967908	-149.78282110153796	0.124587915314139	0.14240420326223724	0.14338202961832183	0.002678093923942668
338000	-1709.9322245454364	-1560.1148110664776	-149.81741347895885	0.0962717142303457	0.12658959991940005	0.1508505462274729	0.0022598790877465754
339000	-1711.2640464981139	-1559.173142633509	-152.0909038646048	0.13108351152864245	0.07319284490541654	0.12907331542671888	0.0043992025268591185
340000	-1711.8281764694748	-1559.9375317515537	-151.890644717921	0.11619232386455361	0.06940928072583488	0.11602644169815404	0.005766552548143722
341000	-1709.9845094342165	-1560.1136656479566	-149.87084378625997	0.09626397991453978	0.11247130501202605	0.13196020737838415	0.003734716450126934
342000	-1711.7690744542579	-1559.2053250523743	-152.56374940188368	0.08287351294134448	0.05250535243691324	0.12957151470485653	0.0014038896172950434
343000	-1712.005282887003	-1561.9377896108135	-150.06749327618957	0.0829616721078855	0.0918435216295702	0.08391837863987146	0.001081501848801996
344000	-1710.0379383200273	-1559.208817777669	-150.8291205423581	0.12925619604107988	0.07017386871140652	0.1397383288560091	0.002595168208373399
345000	-1710.7223495842613	-1560.9859036941182	-149.7364458901431	0.0958941920885147	0.07607781120815803	0.13384365044756166	8.983171178803373E-4
346000	-1711.17237648505	-1560.1552320481799	-151.0171444368703	0.0687117777027804	0.10681988241618068	0.1449597014072623	0.002585445269996506
347000	-1717.6721663831177	-1558.5860903443495	-159.08607603876806	0.24742264243549697	0.08516806093015657	0.19546136310262457	0.01210568430664581
348000	-1712.4228745433395	-1560.2929701736389	-152.12990436970065	0.1281309989523236	0.17168913211473136	0.1711698963404004	0.004281721364770795
349000	-1709.6467409454133	-1560.595070991679	-149.0516699537342	0.10376933427870973	0.11881075387127087	0.1263169257491465	0.0020145994062609265
350000	-1713.3138181437814	-1559.5425628495022	-153.77125529427914	0.0646880704814128	0.06790305658697808	0.12485788188099431	0.0013511482967142716
351000	-1710.8845215491694	-1560.50991910534	-150.37460244382945	0.108488604920206	0.12412608550714478	0.1392674421160707	0.0052304747486713815
352000	-1711.5915864412077	-1561.374280240835	-150.2173062003727	0.10768637169258295	0.12688254296178966	0.10915258749397173	0.005596068159642385
353000	-1710.3967053557217	-1560.9659551399136	-149.4307502158081	0.1148890642130283	0.1183534900099268	0.11268505022861885	0.0024757650020134883
354000	-1713.316138919623	-1559.9951744005868	-153.3209645190362	0.09028623102354594	0.05881704169766636	0.0936478513589976	0.0038464864647802786
355000	-1710.178533219127	-1559.2575256274508	-150.9210075916763	0.10401036153705051	0.07931079634190413	0.1320035020864041	0.0034797727381021175
356000	-1710.6627663961729	-1558.896058583624	-151.766707812549	0.15091893498017775	0.09563550985930137	0.1778295988524139	0.004226125286281509
357000	-1710.5928948699263	-1560.155962155035	-150.43693271489136	0.10630042821837142	0.07539154322363927	0.1624268621210387	0.00126823337577644
358000	-1712.425775643413	-1558.2937718734943	-154.1320037699187	0.09001454713951114	0.04176598722188469	0.12404132261068251	0.001901445859483777
359000	-1711.4273072499216	-1561.0253455908528	-150.40196165906872	0.12301228354493907	0.06663890052523129	0.14687017159973	8.896355683449631E-4
360000	-1711.6377061185044	-1562.3055954741449	-149.3321106443595	0.11153999019634973	0.08648642208673049	0.11219472300920143	6.447428894270586E-4
361000	-1710.8366948955902	-1561.0779208244994	-149.7587740710908	0.09040367524749551	0.1312802083729142	0.15820901885066624	0.0010372223409888116
362000	-1710.3332405381764	-1560.0999724496924	-150.23326808848395	0.10620510782174032	0.07255155964979837	0.10956733146652922	0.002136189497465481
363000	-1718.1686660726634	-1556.4747662323216	-161.69389984034186	0.15309179813580084	0.021278505361140534	0.16871481048615222	0.0020881244658730817
364000	-1714.4344485764932	-1561.0136587353277	-153.4207898411655	0.11892567425519342	0.06395739945240421	0.08908669195359048	0.004907266802587234
365000	-1711.5609767999968	-1558.8601318029716	-152.70084499702503	0.12783593241062435	0.05846010563356953	0.16361686115381233	0.002000851546625305
366000	-1712.0692012930615	-1559.2841123958192	-152.78508889724228	0.13431595955293316	0.08404286869038069	0.13730305329623252	0.005010373156867447
367000	-1713.479972844033	-1559.3798360228711	-154.10013682116198	0.10675847887778274	0.049082156491841444	0.10680002324802125	0.004667790414806592
368000	-1713.064545925119	-1560.2254660717908	-152.83907985332831	0.10095720997161005	0.0511719593871769	0.11335520023918814	0.0011642635800715039
369000	-1710.5631790651496	-1559.8530930794534	-150.71008598569614	0.08675223173774972	0.08585864359932684	0.11877098840658927	0.003493382206963565
370000	-1712.2444566490897	-1560.3874786516249	-151.85697799746475	0.10287230301150048	0.06888298939323897	0.10882674765333375	0.005632492751483676
371000	-1711.12779428465	-1560.8204236602485	-150.30737062440164	0.07810374468156372	0.09585971340494728	0.1281458823213109	9.964059770228868E-4
372000	-1714.3813610076168	-1560.5781452982721	-153.80321570934467	0.09359817501057272	0.06304472702210388	0.09979411896229638	0.005217251084897723
373000	-1711.5632584928283	-1560.7969653907842	-150.76629310204407	0.10367297330767311	0.13988433541198536	0.1493312429131254	0.005132677531709465
374000	-1712.4650659995511	-1560.9199291205678	-151.5451368789833	0.12677691146303027	0.09260245870324804	0.11444031862708096	0.007298663032496395
375000	-1718.2185348040086	-1560.1438769809495	-158.07465782305923	0.032148968257075125	0.05846941995119056	0.11281333301349722	5.084123732762257E-4
376000	-1714.0240576498547	-1560.7074264117523	-153.31663123810245	0.07037547861834366	0.17432495508769855	0.15393742556738593	0.0013405647727835006
377000	-1709.9473283212153	-1559.6885510200434	-150.25877730117182	0.1262897275837557	0.09820932422916709	0.13441386003062528	0.004650185551939293
378000	-1711.1188182957226	-1561.9960647422831	-149.1227535534394	0.0951196491091301	0.13941970128435677	0.11010134521801172	9.743292109768469E-4
379000	-1711.5126459048438	-1561.6290333994102	-149.88361250543352	0.09351466372209444	0.12219386893529376	0.14523903944568095	7.665697409641821E-4
380000	-1712.2832373612164	-1557.677933081654	-154.6053042795624	0.14483278465024754	0.05554093934771461	0.17555985676824853	0.004273617257582646
381000	-1710.2902948847714	-1560.3547281291137	-149.9355667556577	0.10174699049803856	0.0860969559748059	0.10362919644830171	0.002756219204824171
382000	-1710.4421544590116	-1560.615721076721	-149.82643338229065	0.13360892943850405	0.10979039479372718	0.16368260454753686	0.0016473562035612007
383000	-1710.5921191047144	-1560.4763649090853	-150.11575419562914	0.11342498960354942	0.09110147626687809	0.10514247695611495	0.0038001051321748373
384000	-1713.1519245432207	-1558.700037517237	-154.45188702598378	0.06924963841937874	0.04686699229626937	0.10710943900718352	0.0019107174127503024
385000	-1715.5007707117022	-1561.79708549759	-153.70368521411226	0.10895097390386561	0.136352902413068	0.1037264867439473	0.005850215014152654
386000	-1711.3174266730648	-1560.4993935848659	-150.81803308819892	0.06579424554549967	0.1301547609628524	0.14906813861521467	0.0011824888448991669
387000	-1712.3286095904223	-1560.996296015982	-151.33231357444038	0.06755304193202873	0.11827218485683708	0.08966707920708672	0.001714075899509359
388000	-1710.098992971033	-1560.2698728899195	-149.82912008111356	0.07794301009349383	0.1216527700181837	0.13533758808386895	0.001718534879323929
389000	-1716.6079728938814	-1563.2434985377672	-153.3644743561142	0.0941871510407837	0.09746672108314561	0.06830688626296884	0.0013721929063387147
390000	-1711.6887450599525	-1561.3932182080175	-150.29552685193505	0.1180782760444849	0.0630529576926468	0.11681188062939983	8.820265220369113E-4
391000	-1711.8378660995752	-1559.4136019859625	-152.42426411361274	0.062340835241606815	0.07006380402029769	0.11825398378029398	0.0020783467775734627
392000	-1709.98181782043	-1560.8145395169704	-149.16727830345965	0.10540838021642623	0.10723603502658056	0.1135101137993931	0.0019963698132886244
393000	-1715.43842156781	-1560.9102448571564	-154.52817671065375	0.05152733185491295	0.13504028979265098	0.08958015674595116	0.0017927070281511875
394000	-1714.3606353797927	-1563.1148334029283	-151.24580197686447	0.15704697710535678	0.07323367231115384	0.0825120010960023	0.0017277022831128583
395000	-1711.1320779092948	-1561.8894820978985	-149.2425958113963	0.12604647637570726	0.14805366781446783	0.12054083521761326	0.0014824061760468652
396000	-1710.0367770939658	-1559.1993631451694	-150.83741394879644	0.12354456107432708	0.08833222476935958	0.14574873526781715	0.003964159026583915
397000	-1710.368023773675	-1561.3064037206077	-149.06162005306734	0.11632591145836917	0.11545676210509175	0.1208957966655514	0.001539809355047048
398000	-1715.1113079629804	-1561.9487793303879	-153.16252863259243	0.13448660062991008	0.08284682184400956	0.1550257886802553	0.011089694919908825
399000	-1710.1196522277057	-1560.4191225835705	-149.70052964413517	0.12970329206415784	0.08405720909693096	0.1373321459517806	0.0017069678064229206
400000	-1711.3549135926783	-1561.877206771867	-149.47770682081148	0.08868085765263871	0.1098225679214704	0.13016445255857154	6.414002585517313E-4
401000	-1713.5564703063117	-1559.1386674603216	-154.41780284599002	0.10705766583747052	0.0638798168268934	0.11834875762628182	0.003825474624578852
402000	-1710.2598778958454	-1560.242520831121	-150.01735706472434	0.1011152397259843	0.0781474014526571	0.14864672957185085	0.0012829171766959068
403000	-1711.3513199356485	-1560.9662380811108	-150.38508185453776	0.06819277373773852	0.1003767511574106	0.09558804042787768	0.0011907659548647212
404000	-1711.5342012575134	-1559.7890466447418	-151.74515461277147	0.0707907115084201	0.08755715481585677	0.17682026707382908	0.001460399072475759
405000	-1713.0776751792223	-1560.5572798328458	-152.52039534637657	0.04725522242426137	0.1265238142513929	0.1205725519070067	8.772552957360898E-4
406000	-1712.3078479711066	-1560.3053882825795	-152.00245968852713	0.11039371692596109	0.13867618130290849	0.1610321876217175	0.004662372241204348
407000	-1709.7633971886273	-1559.425122181452	-150.33827500717524	0.08885327876271987	0.07969014931584545	0.13683260526169003	0.002103477444588761
408000	-1713.1856432072009	-1562.3542804791923	-150.83136272800857	0.1647774962200639	0.15475212288529386	0.11048820531264066	0.003129696739859707
409000	-1711.9535015460363	-1560.192597259425	-151.76090428661126	0.07170619575292024	0.09690253592373121	0.15642952501834373	0.001200826943700074
410000	-1711.323018438924	-1562.1267080251894	-149.19631041373452	0.10595939878884497	0.13420719616623686	0.09594662151618279	0.0016136970385508297
411000	-1715.2822846796598	-1559.270868964044	-156.01141571561587	0.04859713209887171	0.04716472960234012	0.11766658549297258	9.205721951295294E-4
412000	-1712.0598971660859	-1558.1741875642183	-153.88570960186755	0.10033629509905283	0.043839441578320086	0.12978578100826052	0.0022371291493444535
413000	-1710.7536681946506	-1560.8678080647874	-149.88586012986323	0.08406076595344648	0.08004460354504506	0.11346456359597218	0.0010496142515928413
414000	-1710.6579925999772	-1558.894049807774	-151.76394279220307	0.0960884225176191	0.058513334568946376	0.12147300226705057	0.00249435296678654
415000	-1713.6631961621968	-1557.923898240892	-155.7392979213048	0.08933896528743356	0.04256474871889815	0.16103839010696167	0.0019048937100682567
416000	-1710.7296347710878	-1559.9779432680252	-150.7516915030627	0.07379443450161366	0.09303854925854706	0.12439815723333392	0.0029054658305419615
417000	-1713.9316224556044	-1558.77293707778	-155.15868537782438	0.06487094686647565	0.05637129965679129	0.1423721857450748	0.002003890923877469
418000	-1710.139679573382	-1559.247827296345	-150.8918522770371	0.1328318982969799	0.08366613088880656	0.13856239982615437	0.004991632729926294
419000	-1710.0764133861333	-1559.2963228485692	-150.78009053756406	0.10130165636736001	0.0917023650576474	0.1643739216040827	0.0027446722241733076
420000	-1713.6820656038815	-1560.5782330053933	-153.10383259848825	0.061625173894258464	0.08613411878005615	0.08397668855530192	0.0021187078700629545
421000	-1711.7284092072612	-1560.149520341362	-151.57888886589916	0.08675833694431516	0.07145868566534253	0.09499222138364272	0.003293291305260341
422000	-1714.6188452527022	-1563.051813730339	-151.5670315223631	0.12335939848095709	0.09082264828137696	0.08183484404801458	0.007515062419760921
423000	-1716.5563868826391	-1562.1949935999428	-154.36139328269635	0.08655110116913174	0.048380463568247156	0.06743438092698698	9.008992031381603E-4
424000	-1710.7295296178916	-1560.247484074033	-150.4820455438584	0.11890932526072713	0.07165080167412137	0.157388269878637	0.0012785871512534701
425000	-1712.5470186994703	-1559.1630629213996	-153.38395577807074	0.17336595214256653	0.06245634320793734	0.1283807517535819	0.0050319563348766696
426000	-1710.9222263347015	-1558.3533927693716	-152.56883356532984	0.14485549904233058	0.06871789966634995	0.16052692547717254	0.005085097278730044
427000	-1710.2370525128367	-1561.3342087206615	-148.90284379217513	0.11116104462062379	0.1264535222619851	0.11459558789323786	0.0017621160886912145
428000	-1710.239277973713	-1559.326701060783	-150.91257691292984	0.09387198234392236	0.07083450509104668	0.150382713079723	0.0017733152535512513
429000	-1710.2091470978742	-1559.1348531791743	-151.07429391869988	0.10814340725223573	0.0637557076450366	0.12490733717675692	0.0025104028898052487
430000	-1710.0895149130847	-1560.189520380498	-149.89999453258673	0.1157368012059583	0.08391089298294509	0.11060258088672777	0.0029586237248590843
431000	-1710.7091365375072	-1560.5579540462097	-150.15118249129742	0.08843836863483845	0.1385160425899495	0.12737898210221812	0.0033444220246841337
432000	-1709.7622703174707	-1559.182432602171	-150.57983771529967	0.11632005259315696	0.07400627471780336	0.1474064526735648	0.002399957578439501
433000	-1710.1992019140907	-1560.089953515496	-150.10924839859476	0.10594763324270799	0.07607283625184473	0.1205228907653402	0.001833158241419095
434000	-1712.2082579969158	-1560.7697203815887	-151.4385376153271	0.15252315033090375	0.06200981317574001	0.1122078475066899	0.0018038396663236905
435000	-1712.1019576083131	-1559.9503639489822	-152.15159365933084	0.060582196587407766	0.09109223098634815	0.12817642765762732	0.0022063155480279047
436000	-1711.2711344683594	-1559.1399411091436	-152.13119335921576	0.1116441987681612	0.07162486325764579	0.15197486020784076	0.0051940189927989515
437000	-1710.0011879529031	-1560.3882577776744	-149.61293017522866	0.12153124593427227	0.10602992967375927	0.13035806445835577	0.0023398521779017215
438000	-1713.2026415246883	-1558.0284024812886	-155.1742390433997	0.10001805784516529	0.04148306783818497	0.1290709551883549	0.003682591181898744
439000	-1714.7874942725514	-1560.4533179763769	-154.33417629617446	0.04839745108586554	0.12497063992938426	0.10458726617478134	0.0014694181535117022
440000	-1710.6834911834956	-1559.1422222350707	-151.54126894842483	0.1246164718484821	0.09556839291197448	0.17233196951680432	0.004568840411721188
441000	-1714.0850212806463	-1559.3200383606081	-154.76498292003808	0.1143786764972109	0.09211167243421262	0.1897769112637347	0.0024758331128830564
442000	-1712.3824955751038	-1559.6093945414036	-152.77310103370016	0.18394304693584906	0.12285683556885986	0.1785316826595978	0.003979834039629152
443000	-1709.7867386881671	-1560.690672790302	-149.09606589786506	0.09106385401463522	0.10548984456247115	0.13152937782925436	0.001329255665261939
444000	-1713.5087864393893	-1558.3858313204466	-155.12295511894263	0.10090851235753888	0.047621637437189786	0.1215039372371671	0.0034873463288733805
445000	-1713.114755142801	-1561.7357500588357	-151.37900508396524	0.17152892925919844	0.09078630280690403	0.12076874683702342	0.0015747592611412178
446000	-1711.7873158201198	-1559.3102909199965	-152.47702490012324	0.07219936210030126	0.0755323871795358	0.15469551165394635	0.0024432117855178455
447000	-1713.4049253780686	-1559.9594234263907	-153.44550195167798	0.05993994651368086	0.06049154287733888	0.14992409995981118	8.356739061066813E-4
448000	-1711.4924298627996	-1561.00226450848	-150.49016535431954	0.08401692291120508	0.13920928549698486	0.1129155454169096	0.0036238308049410736
449000	-1710.314119356327	-1559.8103520586105	-150.50376729771637	0.10887316636208463	0.11436165458834183	0.1475053330312992	0.0037669714932264376
450000	-1710.0448243140088	-1560.376721700498	-149.66810261351094	0.0859473493020636	0.12036486798738613	0.11812995153247918	0.0024275464124565733
451000	-1712.6771367452127	-1562.1079629093767	-150.56917383583604	0.13951873041533366	0.07277912046320884	0.10012670195386386	0.0011288012078937506
452000	-1710.223676240682	-1559.7915979060447	-150.43207833463723	0.13340194655162035	0.07693224044362637	0.12255091005368635	0.0029672535355348946
453000	-1710.6528830518757	-1559.692724514267	-150.96015853760883	0.14964174142925912	0.07426502072214701	0.12666318931169598	0.0031873026667782406
454000	-1711.7767161164354	-1560.1936513660323	-151.58306475040314	0.05718441276210153	0.11124839509936339	0.13584256653047508	0.0018884282174557183
455000	-1713.0212979740122	-1563.8254552398216	-149.1958427341906	0.14995164830694213	0.15403014323183445	0.09713406764898504	3.3744769383105814E-4
456000	-1711.337047739774	-1560.2573429767353	-151.07970476303885	0.08377469069718153	0.1220301949616878	0.14908146729590588	0.0016755831105912853
457000	-1711.615850616877	-1561.6841452501571	-149.93170536671983	0.10208286622221831	0.0984638907130407	0.18045132875781184	6.137470445200031E-4
458000	-1710.1849989469788	-1561.5680406424062	-148.61695830457256	0.10062604277028059	0.11771902063555705	0.1147938212615875	0.0011714006301490332
459000	-1713.1086110383446	-1561.5530086787803	-151.55560235956435	0.08946795549907868	0.06154331962154466	0.08383943137500018	0.0010510285681047172
460000	-1712.4823734028296	-1560.4091879143311	-152.07318548849835	0.05339297626361284	0.11700539394630369	0.10409486396312903	0.0016429026944619401
461000	-1712.5798373962314	-1559.7707059287961	-152.80913146743532	0.052295715234664905	0.08517950871937645	0.13165860569560153	0.0014418802474035145
462000	-1715.5936866073996	-1558.8519729868055	-156.74171362059408	0.05356640503024721	0.04348350611367437	0.10509204122826385	0.0021695472683104524
463000	-1714.5715111868394	-1560.7782104172688	-153.79330076957058	0.04843608400746272	0.09822133754306339	0.12658396970915478	0.0021659741138297947
464000	-1710.4693849667412	-1560.4757487069223	-149.9936362598189	0.07972790770005272	0.10029957921395981	0.1019360815786164	0.0021125694344874876
465000	-1713.7941305516963	-1563.4694638978835	-150.3246666538128	0.06468988861811677	0.10544372308160756	0.15128202672946686	3.692136170179314E-5
466000	-1712.5925880267655	-1558.9888590124965	-153.603729014269	0.06680518312194965	0.05615314059354587	0.11969265805863111	0.002542560168499165
467000	-1710.7816139710449	-1559.2910115745663	-151.49060239647858	0.08488775577356655	0.07402554550803343	0.13961835811615278	0.0034067577464906855
468000	-1710.6627599608994	-1561.9903220382246	-148.67243792267487	0.10959092763574119	0.11033356519842633	0.14603119261415431	6.53803701673598E-4
469000	-1711.1311365870367	-1559.9854048468892	-151.14573174014762	0.07135283010448942	0.10967155999732849	0.1665592495779039	0.001730956313452112
470000	-1710.2242349922267	-1559.4717346243815	-150.7525003678451	0.0782997994116527	0.08021305339571544	0.12678370793388283	0.0022485531844710746
471000	-1710.339093270842	-1559.0109448070075	-151.32814846383465	0.11450880834691601	0.06151206044127587	0.13560640078277386	0.002289409915752907
472000	-1712.6677057686838	-1560.8542396912376	-151.8134660774463	0.056030407332002145	0.13462343697431564	0.15953369773277482	7.86732785370011E-4
473000	-1711.501773490466	-1562.8384279579232	-148.66334553254282	0.10701053351490376	0.1330129124188028	0.13897338148786434	3.4099996454754945E-4
474000	-1711.3292883069353	-1560.5237402271632	-150.80554807977205	0.09663282780045886	0.14863318564670575	0.15950027852581006	0.0017944281512226375
475000	-1710.4390436651329	-1559.8409928413166	-150.59805082381615	0.07557179826815735	0.10442807764937566	0.14386689286888443	0.0021953571531887453
476000	-1712.21573565334	-1562.564873277539	-149.65086237580104	0.11011468486408732	0.06807742126459407	0.12905279042485984	3.4109725722722954E-4
477000	-1710.8297905828963	-1559.2455631387302	-151.58422744416606	0.10914434613586312	0.05949136228165176	0.11253613427678534	0.002844604906443676
478000	-1710.315622938854	-1559.5748444415847	-150.74077849726922	0.07452587020397695	0.0809123377248309	0.1270848252925214	0.0018863174738461544
479000	-1712.1416337486771	-1558.7634486088518	-153.37818513982523	0.08108338982667712	0.05766287502632137	0.12394975841730634	0.002451116523371678
480000	-1710.8219897010124	-1560.3185263935338	-150.50346330747863	0.07235390228235175	0.0845427143933886	0.1423567432802169	0.0010392291633871077
481000	-1714.911625565117	-1560.7411295704683	-154.1704959946487	0.12199494521408229	0.11080020979527262	0.21876468255628942	0.006706982249491459
482000	-1711.3457559682872	-1559.8590166525053	-151.48673931578188	0.11421075088900376	0.08241095952385026	0.1409143905824606	0.006032486477039785
483000	-1711.0703969714461	-1560.5391358172737	-150.5312611541723	0.07360657738082922	0.10661542222927249	0.10911689942915946	0.0030742634934651978
484000	-1709.8976389722616	-1560.1968564415236	-149.70078253073808	0.09254636913616425	0.0891824491675159	0.13478804916618833	0.0015097101070775994
485000	-1712.1426035755999	-1558.561220385955	-153.58138318964495	0.1750375223039942	0.07262607476957607	0.1719395043322135	0.0035428237967172708
486000	-1711.525627671274	-1559.4037651678386	-152.1218625034354	0.08390180830558458	0.08513720578875977	0.17601771370573838	0.002050495933150809
487000	-1711.132239655315	-1560.597230493458	-150.53500916185692	0.09306247948108315	0.09003325882179236	0.11082664186776278	0.004767700268667185
488000	-1709.9808165640438	-1559.633635132359	-150.34718143168504	0.09514193380182112	0.10144771179337404	0.1460298544002953	0.0029255071456520195
489000	-1710.2779642814457	-1559.8589132042237	-150.41905107722215	0.11887222112536779	0.09833797729042597	0.13213773290957817	0.005009519240687287
490000	-1712.0835213089642	-1559.7290858312813	-152.35443547768293	0.07939942653470516	0.06392017860031828	0.10030007136260365	0.003285404310990686
491000	-1715.7145874681416	-1557.7348658937349	-157.97972157440685	0.07912723641847777	0.03598405445517539	0.12135677647707266	0.002277425765110152
492000	-1711.9685402755458	-1560.418995631492	-151.5495446440538	0.10082468802418867	0.07542614346356981	0.13808600693932463	0.006129342562867087
493000	-1713.080743121514	-1560.6302689067534	-152.4504742147606	0.09318178832914557	0.08081781632737801	0.09173284715107037	0.002872335453809003
494000	-1711.8156563769212	-1559.322414737503	-152.49324163941807	0.09780493878957414	0.055733820930192496	0.10328513821294105	0.0034272444066341164
495000	-1712.3540320332972	-1559.8169741626161	-152.53705787068102	0.1566108865836471	0.09103417762483401	0.13758615648396572	0.0033750539828707976
496000	-1711.6832470307033	-1558.5707083298641	-153.1125387008392	0.11754517877923344	0.06198967358397786	0.13780152433631973	0.0034020062991461184
497000	-1711.3054623476642	-1559.989117367033	-151.31634498063116	0.07271536785496394	0.08038245437103121	0.10057759190898202	0.002201088398279147
498000	-1712.1169126631373	-1559.9811314587314	-152.13578120440593	0.1226754671881878	0.08597904805815915	0.14455067102850008	0.006784124622001698
499000	-1709.9125814059778	-1559.80379042525	-150.10879098072766	0.11259987807207916	0.08484065132173511	0.1587291266237967	0.001791947214890285
500000	-1712.1541886067575	-1560.34602636798	-151.80816223877767	0.07497715685174329	0.07875097250789642	0.10039000670046674	0.0034675911238324676
