pbsworkdir
/home/gseeholzer/nas3/bfd/runs/F3
./:/bin:/usr/bin:/usr/local/sbin:/usr/sbin:/opt/pbs/bin:/home/gseeholzer/programs/bamUtil/bin:/home/gseeholzer/programs/samtools-1.10/bin:/home/gseeholzer/programs/angsd:/home/gseeholzer/programs/angsd/misc:/home/gseeholzer/programs/satsuma2-master/bin:/home/gseeholzer/programs/pcangsd:/home/gseeholzer/programs/evalAdmix:/home/gseeholzer/programs/htslib-1.10.2/bin:/home/gseeholzer/programs/ngsRelate:/home/gseeholzer/programs/vcftools_0.1.13/bin:/home/gseeholzer/programs/bcftools-1.10.2/bin:/home/gseeholzer/programs/gsl/bin:/home/gseeholzer/programs/ngsTools/ngsDist:/home/gseeholzer/programs/ngsTools/ngsF:/home/gseeholzer/programs/ngsTools/ngsF-HMM:/home/gseeholzer/programs/ngsTools/ngsLD:/home/gseeholzer/programs/ngsTools/ngsPopGen:/home/gseeholzer/programs/ngsTools/ngsSim:/home/gseeholzer/programs/ngsTools/ngsUtils:/home/gseeholzer/programs/fastme-2.1.6.1/src:/home/gseeholzer/programs/beast/bin:/home/gseeholzer/.local/bin:/home/gseeholzer/bin
Tue Jul  7 09:17:21 EDT 2020

real	0m0.000s
user	0m0.000s
sys	0m0.000s

                        BEAST v2.6.2, 2002-2020
             Bayesian Evolutionary Analysis Sampling Trees
                       Designed and developed by
 Remco Bouckaert, Alexei J. Drummond, Andrew Rambaut & Marc A. Suchard
                                    
                   Centre for Computational Evolution
                         University of Auckland
                       r.bouckaert@auckland.ac.nz
                        alexei@cs.auckland.ac.nz
                                    
                   Institute of Evolutionary Biology
                        University of Edinburgh
                           a.rambaut@ed.ac.uk
                                    
                    David Geffen School of Medicine
                 University of California, Los Angeles
                           msuchard@ucla.edu
                                    
                      Downloads, Help & Resources:
                           http://beast2.org/
                                    
  Source code distributed under the GNU Lesser General Public License:
                   http://github.com/CompEvol/beast2
                                    
                           BEAST developers:
   Alex Alekseyenko, Trevor Bedford, Erik Bloomquist, Joseph Heled, 
 Sebastian Hoehna, Denise Kuehnert, Philippe Lemey, Wai Lok Sibon Li, 
Gerton Lunter, Sidney Markowitz, Vladimir Minin, Michael Defoin Platel, 
          Oliver Pybus, Tim Vaughan, Chieh-Hsi Wu, Walter Xie
                                    
                               Thanks to:
          Roald Forsberg, Beth Shapiro and Korbinian Strimmer

Random number seed: 1594127841659

File: F3.SBE3_v2_2sp.r2.xml seed: 1594127841659 threads: 8
Loading package BEAST v2.6.2
Loading package BEASTLabs v1.9.2
Loading package MODEL_SELECTION v1.5.2
Loading package SNAPP v1.5.0
Loading package BEAST v2.6.2
Alignment(bfd)
  40 taxa
  100 sites
  100 patterns

ant: 100 13
bar: 100 21
cur: 100 5
Data(snap.bfd)
  3 taxa
  100 sites
  73 patterns

Seq: seq_Amotape_B67243.Tumbes.Amotape
Seq: seq_Amotape_B67257.Tumbes.Amotape4
Seq: seq_Canchaque_B72873.Piura.Canchaque4
Seq: seq_Canchaque_B72878.Piura.Canchaque7
Seq: seq_Porculla_B72863.Piura.Porculla
Seq: seq_Porculla_B72866.Piura.Porculla4
Seq: seq_Carpish_B72761.Huanuco.Acomayo3
Seq: seq_Carpish_B72772.Huanuco.Mitotambo2
Seq: seq_Chavinillo_B72789.Huanuco.Chavinillo3
Seq: seq_Chavinillo_B72792.Huanuco.Chavinillo4
Seq: seq_Quichas_B72777.Lima.Quichas2
Seq: seq_Quichas_B72778.Lima.Quichas
Seq: seq_Huamatanga_B72889.Lima.Huamatanga7
Seq: seq_Huamatanga_B72892.Lima.Huamatanga7
Seq: seq_LaQuinua_B72753.Pasco.LaQuinua1
Seq: seq_LaQuinua_B72756.Pasco.LaQuinua3
Seq: seq_curtata_cra.cur.B60322
Seq: seq_curtata_cra.cur.B81753
ant: 98 13
bar: 98 21
cur: 98 5
3 taxa
98 sites with weight 100
74 patterns
Rate prior = gamma
Log Likelihood Correction = -949.0266254619074
===============================================================================
Citations for this model:

Bouckaert, Remco, Timothy G. Vaughan, Jo?lle Barido-Sottani, Sebasti?n Duch?ne, 
  Mathieu Fourment, Alexandra Gavryushkina, Joseph Heled et al. 
  BEAST 2.5: An advanced software platform for Bayesian evolutionary analysis. 
  PLoS computational biology 15, no. 4 (2019): e1006650.

David Bryant, Remco Bouckaert, Joseph Felsenstein, Noah Rosenberg, Arindam RoyChoudhury. Inferring Species Trees Directly from Biallelic Genetic Markers: Bypassing Gene Trees in a Full Coalescent Analysis. Mol. Biol. Evol. 29(8):1917-1932, 2012

===============================================================================
Starting step 1
Starting step 2
Starting step 3
Starting step 0
Starting step 4
Starting step 7
Starting step 6
Starting step 5
Finished step 0
Finished step 4
Finished step 7
Finished step 1
Finished step 6
Finished step 5
Finished step 3
Finished step 2
Starting step 9
Starting step 10
Starting step 8
Starting step 11
Starting step 14
Starting step 12
Starting step 13
Starting step 15
Finished step 13
Finished step 14
Finished step 11
Finished step 12
Finished step 9
Finished step 8
Finished step 15
Finished step 10
Starting step 16
Starting step 17
Starting step 18
Starting step 19
Starting step 21
Starting step 20
Starting step 22
Starting step 23
Finished step 23
Finished step 21
Finished step 16
Finished step 18
Finished step 20
Finished step 22
Finished step 17
Finished step 19

Loading /home/gseeholzer/nas3/bfd/runs/F3/F3.SBE3_v2_2sp.r2/step0/likelihood.log, burnin 20%, skipping 200 log lines

|---------|---------|---------|---------|---------|---------|---------|---------|
*********************************************************************************

Calculating statistics

|---------|---------|---------|---------|---------|---------|---------|---------|
********************************************************************************

marginalLs[0 ] = -1524.069682518607

Loading /home/gseeholzer/nas3/bfd/runs/F3/F3.SBE3_v2_2sp.r2/step1/likelihood.log, burnin 20%, skipping 200 log lines

|---------|---------|---------|---------|---------|---------|---------|---------|
*********************************************************************************

Calculating statistics

|---------|---------|---------|---------|---------|---------|---------|---------|
********************************************************************************

marginalLs[1 ] = -1524.5130986892586

Loading /home/gseeholzer/nas3/bfd/runs/F3/F3.SBE3_v2_2sp.r2/step2/likelihood.log, burnin 20%, skipping 200 log lines

|---------|---------|---------|---------|---------|---------|---------|---------|
*********************************************************************************

Calculating statistics

|---------|---------|---------|---------|---------|---------|---------|---------|
********************************************************************************

marginalLs[2 ] = -1524.9241035045052

Loading /home/gseeholzer/nas3/bfd/runs/F3/F3.SBE3_v2_2sp.r2/step3/likelihood.log, burnin 20%, skipping 200 log lines

|---------|---------|---------|---------|---------|---------|---------|---------|
*********************************************************************************

Calculating statistics

|---------|---------|---------|---------|---------|---------|---------|---------|
********************************************************************************

marginalLs[3 ] = -1525.5899850020883

Loading /home/gseeholzer/nas3/bfd/runs/F3/F3.SBE3_v2_2sp.r2/step4/likelihood.log, burnin 20%, skipping 200 log lines

|---------|---------|---------|---------|---------|---------|---------|---------|
*********************************************************************************

Calculating statistics

|---------|---------|---------|---------|---------|---------|---------|---------|
********************************************************************************

marginalLs[4 ] = -1526.1926355112757

Loading /home/gseeholzer/nas3/bfd/runs/F3/F3.SBE3_v2_2sp.r2/step5/likelihood.log, burnin 20%, skipping 200 log lines

|---------|---------|---------|---------|---------|---------|---------|---------|
*********************************************************************************

Calculating statistics

|---------|---------|---------|---------|---------|---------|---------|---------|
********************************************************************************

marginalLs[5 ] = -1526.622435815962

Loading /home/gseeholzer/nas3/bfd/runs/F3/F3.SBE3_v2_2sp.r2/step6/likelihood.log, burnin 20%, skipping 200 log lines

|---------|---------|---------|---------|---------|---------|---------|---------|
*********************************************************************************

Calculating statistics

|---------|---------|---------|---------|---------|---------|---------|---------|
********************************************************************************

marginalLs[6 ] = -1527.6868505919824

Loading /home/gseeholzer/nas3/bfd/runs/F3/F3.SBE3_v2_2sp.r2/step7/likelihood.log, burnin 20%, skipping 200 log lines

|---------|---------|---------|---------|---------|---------|---------|---------|
*********************************************************************************

Calculating statistics

|---------|---------|---------|---------|---------|---------|---------|---------|
********************************************************************************

marginalLs[7 ] = -1528.3146443672902

Loading /home/gseeholzer/nas3/bfd/runs/F3/F3.SBE3_v2_2sp.r2/step8/likelihood.log, burnin 20%, skipping 200 log lines

|---------|---------|---------|---------|---------|---------|---------|---------|
*********************************************************************************

Calculating statistics

|---------|---------|---------|---------|---------|---------|---------|---------|
********************************************************************************

marginalLs[8 ] = -1529.3499180471438

Loading /home/gseeholzer/nas3/bfd/runs/F3/F3.SBE3_v2_2sp.r2/step9/likelihood.log, burnin 20%, skipping 200 log lines

|---------|---------|---------|---------|---------|---------|---------|---------|
*********************************************************************************

Calculating statistics

|---------|---------|---------|---------|---------|---------|---------|---------|
********************************************************************************

marginalLs[9 ] = -1530.8456189500134

Loading /home/gseeholzer/nas3/bfd/runs/F3/F3.SBE3_v2_2sp.r2/step10/likelihood.log, burnin 20%, skipping 200 log lines

|---------|---------|---------|---------|---------|---------|---------|---------|
*********************************************************************************

Calculating statistics

|---------|---------|---------|---------|---------|---------|---------|---------|
********************************************************************************

marginalLs[10 ] = -1532.0173965873787

Loading /home/gseeholzer/nas3/bfd/runs/F3/F3.SBE3_v2_2sp.r2/step11/likelihood.log, burnin 20%, skipping 200 log lines

|---------|---------|---------|---------|---------|---------|---------|---------|
*********************************************************************************

Calculating statistics

|---------|---------|---------|---------|---------|---------|---------|---------|
********************************************************************************

marginalLs[11 ] = -1534.0251665659905

Loading /home/gseeholzer/nas3/bfd/runs/F3/F3.SBE3_v2_2sp.r2/step12/likelihood.log, burnin 20%, skipping 200 log lines

|---------|---------|---------|---------|---------|---------|---------|---------|
*********************************************************************************

Calculating statistics

|---------|---------|---------|---------|---------|---------|---------|---------|
********************************************************************************

marginalLs[12 ] = -1535.1926476595488

Loading /home/gseeholzer/nas3/bfd/runs/F3/F3.SBE3_v2_2sp.r2/step13/likelihood.log, burnin 20%, skipping 67 log lines

|---------|---------|---------|---------|---------|---------|---------|---------|
*********************************************************************************

Calculating statistics

|---------|---------|---------|---------|---------|---------|---------|---------|
********************************************************************************

marginalLs[13 ] = -1537.1595707563556

Loading /home/gseeholzer/nas3/bfd/runs/F3/F3.SBE3_v2_2sp.r2/step14/likelihood.log, burnin 20%, skipping 65 log lines

|---------|---------|---------|---------|---------|---------|---------|---------|
*********************************************************************************

Calculating statistics

|---------|---------|---------|---------|---------|---------|---------|---------|
********************************************************************************

marginalLs[14 ] = -1540.2226932439514

Loading /home/gseeholzer/nas3/bfd/runs/F3/F3.SBE3_v2_2sp.r2/step15/likelihood.log, burnin 20%, skipping 200 log lines

|---------|---------|---------|---------|---------|---------|---------|---------|
*********************************************************************************

Calculating statistics

|---------|---------|---------|---------|---------|---------|---------|---------|
********************************************************************************

marginalLs[15 ] = -1540.399975959771

Loading /home/gseeholzer/nas3/bfd/runs/F3/F3.SBE3_v2_2sp.r2/step16/likelihood.log, burnin 20%, skipping 200 log lines

|---------|---------|---------|---------|---------|---------|---------|---------|
*********************************************************************************

Calculating statistics

|---------|---------|---------|---------|---------|---------|---------|---------|
********************************************************************************

marginalLs[16 ] = -1541.7159994963542

Loading /home/gseeholzer/nas3/bfd/runs/F3/F3.SBE3_v2_2sp.r2/step17/likelihood.log, burnin 20%, skipping 200 log lines

|---------|---------|---------|---------|---------|---------|---------|---------|
*********************************************************************************

Calculating statistics

|---------|---------|---------|---------|---------|---------|---------|---------|
********************************************************************************

marginalLs[17 ] = -1542.605349584863

Loading /home/gseeholzer/nas3/bfd/runs/F3/F3.SBE3_v2_2sp.r2/step18/likelihood.log, burnin 20%, skipping 200 log lines

|---------|---------|---------|---------|---------|---------|---------|---------|
*********************************************************************************

Calculating statistics

|---------|---------|---------|---------|---------|---------|---------|---------|
********************************************************************************

marginalLs[18 ] = -1543.045300181602

Loading /home/gseeholzer/nas3/bfd/runs/F3/F3.SBE3_v2_2sp.r2/step19/likelihood.log, burnin 20%, skipping 200 log lines

|---------|---------|---------|---------|---------|---------|---------|---------|
*********************************************************************************

Calculating statistics

|---------|---------|---------|---------|---------|---------|---------|---------|
********************************************************************************

marginalLs[19 ] = -1543.620255841387

Loading /home/gseeholzer/nas3/bfd/runs/F3/F3.SBE3_v2_2sp.r2/step20/likelihood.log, burnin 20%, skipping 200 log lines

|---------|---------|---------|---------|---------|---------|---------|---------|
*********************************************************************************

Calculating statistics

|---------|---------|---------|---------|---------|---------|---------|---------|
********************************************************************************

marginalLs[20 ] = -1544.6216309331294

Loading /home/gseeholzer/nas3/bfd/runs/F3/F3.SBE3_v2_2sp.r2/step21/likelihood.log, burnin 20%, skipping 200 log lines

|---------|---------|---------|---------|---------|---------|---------|---------|
*********************************************************************************

Calculating statistics

|---------|---------|---------|---------|---------|---------|---------|---------|
********************************************************************************

marginalLs[21 ] = -1543.8351327311157

Loading /home/gseeholzer/nas3/bfd/runs/F3/F3.SBE3_v2_2sp.r2/step22/likelihood.log, burnin 20%, skipping 200 log lines

|---------|---------|---------|---------|---------|---------|---------|---------|
*********************************************************************************

Calculating statistics

|---------|---------|---------|---------|---------|---------|---------|---------|
********************************************************************************

marginalLs[22 ] = -1543.6920761527176

Loading /home/gseeholzer/nas3/bfd/runs/F3/F3.SBE3_v2_2sp.r2/step23/likelihood.log, burnin 20%, skipping 200 log lines

|---------|---------|---------|---------|---------|---------|---------|---------|
*********************************************************************************

Calculating statistics

|---------|---------|---------|---------|---------|---------|---------|---------|
********************************************************************************

marginalLs[23 ] = -1543.6601906863007

Step        theta         likelihood   contribution ESS
0            1            -1524.0697   0            801          
1            0.8623       -1524.5131   -209.9216    801          
2            0.7384       -1524.9241   -188.846     723.4905     
3            0.6276       -1525.59     -169.0561    769.5421     
4            0.529        -1526.1926   -150.5022    682.7675     
5            0.4417       -1526.6224   -133.1429    640.105      
6            0.3651       -1527.6869   -117.0325    744.5674     
7            0.2983       -1528.3146   -102.0642    801          
8            0.2406       -1529.3499   -88.2702     801          
9            0.1911       -1530.8456   -75.6211     696.6981     
10           0.1493       -1532.0174   -64.0567     801          
11           0.1143       -1534.0252   -53.6019     801          
12           0.0855       -1535.1926   -44.1658     719.0247     
13           0.0623       -1537.1596   -35.7701     189.1886     
14           0.0438       -1540.2227   -28.3842     263          
15           0.0296       -1540.4      -21.91       585.7637     
16           0.019        -1541.716    -16.3849     699.5546     
17           0.0113       -1542.6053   -11.7505     618.8014     
18           0.0062       -1543.0453   -7.9698      583.4304     
19           0.0029       -1543.6203   -5.0027      666.7019     
20           0.0011       -1544.6216   -2.7966      375.988      
21           0.0003       -1543.8351   -1.2877      801          
22           0            -1543.6921   -0.4051      498.6906     
23           0            -1543.6602   -0.0446      670.5206     
sum(ESS) = 15734.8349  

marginal L estimate = -1527.9873715118088


Total wall time: 72292 seconds
Done

real	1204m54.539s
user	9435m42.931s
sys	141m57.051s
