pbsworkdir
/home/gseeholzer/nas3/bfd/runs/F3
./:/bin:/usr/bin:/usr/local/sbin:/usr/sbin:/opt/pbs/bin:/home/gseeholzer/programs/bamUtil/bin:/home/gseeholzer/programs/samtools-1.10/bin:/home/gseeholzer/programs/angsd:/home/gseeholzer/programs/angsd/misc:/home/gseeholzer/programs/satsuma2-master/bin:/home/gseeholzer/programs/pcangsd:/home/gseeholzer/programs/evalAdmix:/home/gseeholzer/programs/htslib-1.10.2/bin:/home/gseeholzer/programs/ngsRelate:/home/gseeholzer/programs/vcftools_0.1.13/bin:/home/gseeholzer/programs/bcftools-1.10.2/bin:/home/gseeholzer/programs/gsl/bin:/home/gseeholzer/programs/ngsTools/ngsDist:/home/gseeholzer/programs/ngsTools/ngsF:/home/gseeholzer/programs/ngsTools/ngsF-HMM:/home/gseeholzer/programs/ngsTools/ngsLD:/home/gseeholzer/programs/ngsTools/ngsPopGen:/home/gseeholzer/programs/ngsTools/ngsSim:/home/gseeholzer/programs/ngsTools/ngsUtils:/home/gseeholzer/programs/fastme-2.1.6.1/src:/home/gseeholzer/programs/beast/bin:/home/gseeholzer/.local/bin:/home/gseeholzer/bin
Tue Jul  7 09:17:21 EDT 2020

real	0m0.000s
user	0m0.000s
sys	0m0.000s

                        BEAST v2.6.2, 2002-2020
             Bayesian Evolutionary Analysis Sampling Trees
                       Designed and developed by
 Remco Bouckaert, Alexei J. Drummond, Andrew Rambaut & Marc A. Suchard
                                    
                   Centre for Computational Evolution
                         University of Auckland
                       r.bouckaert@auckland.ac.nz
                        alexei@cs.auckland.ac.nz
                                    
                   Institute of Evolutionary Biology
                        University of Edinburgh
                           a.rambaut@ed.ac.uk
                                    
                    David Geffen School of Medicine
                 University of California, Los Angeles
                           msuchard@ucla.edu
                                    
                      Downloads, Help & Resources:
                           http://beast2.org/
                                    
  Source code distributed under the GNU Lesser General Public License:
                   http://github.com/CompEvol/beast2
                                    
                           BEAST developers:
   Alex Alekseyenko, Trevor Bedford, Erik Bloomquist, Joseph Heled, 
 Sebastian Hoehna, Denise Kuehnert, Philippe Lemey, Wai Lok Sibon Li, 
Gerton Lunter, Sidney Markowitz, Vladimir Minin, Michael Defoin Platel, 
          Oliver Pybus, Tim Vaughan, Chieh-Hsi Wu, Walter Xie
                                    
                               Thanks to:
          Roald Forsberg, Beth Shapiro and Korbinian Strimmer

Random number seed: 1594127841613

File: F3.SBE3_v2_1sp.r1.xml seed: 1594127841613 threads: 8
Loading package BEAST v2.6.2
Loading package BEASTLabs v1.9.2
Loading package MODEL_SELECTION v1.5.2
Loading package SNAPP v1.5.0
Loading package BEAST v2.6.2
Alignment(bfd)
  40 taxa
  100 sites
  100 patterns

ant: 100 33
cur: 100 5
Data(snap.bfd)
  2 taxa
  100 sites
  42 patterns

Seq: seq_Carpish_B72761.Huanuco.Acomayo3
Seq: seq_Carpish_B72772.Huanuco.Mitotambo2
Seq: seq_Amotape_B67243.Tumbes.Amotape
Seq: seq_Amotape_B67257.Tumbes.Amotape4
Seq: seq_Chavinillo_B72789.Huanuco.Chavinillo3
Seq: seq_Chavinillo_B72792.Huanuco.Chavinillo4
Seq: seq_Quichas_B72777.Lima.Quichas2
Seq: seq_Quichas_B72778.Lima.Quichas
Seq: seq_Canchaque_B72873.Piura.Canchaque4
Seq: seq_Canchaque_B72878.Piura.Canchaque7
Seq: seq_Huamatanga_B72889.Lima.Huamatanga7
Seq: seq_Huamatanga_B72892.Lima.Huamatanga7
Seq: seq_Porculla_B72863.Piura.Porculla
Seq: seq_Porculla_B72866.Piura.Porculla4
Seq: seq_LaQuinua_B72753.Pasco.LaQuinua1
Seq: seq_LaQuinua_B72756.Pasco.LaQuinua3
Seq: seq_curtata_cra.cur.B60322
Seq: seq_curtata_cra.cur.B81753
ant: 98 33
cur: 98 5
2 taxa
98 sites with weight 100
43 patterns
Rate prior = gamma
Log Likelihood Correction = -1139.868169588039
===============================================================================
Citations for this model:

Bouckaert, Remco, Timothy G. Vaughan, Jo?lle Barido-Sottani, Sebasti?n Duch?ne, 
  Mathieu Fourment, Alexandra Gavryushkina, Joseph Heled et al. 
  BEAST 2.5: An advanced software platform for Bayesian evolutionary analysis. 
  PLoS computational biology 15, no. 4 (2019): e1006650.

David Bryant, Remco Bouckaert, Joseph Felsenstein, Noah Rosenberg, Arindam RoyChoudhury. Inferring Species Trees Directly from Biallelic Genetic Markers: Bypassing Gene Trees in a Full Coalescent Analysis. Mol. Biol. Evol. 29(8):1917-1932, 2012

===============================================================================
Starting step 0
Starting step 1
Starting step 2
Starting step 4
Starting step 3
Starting step 5
Starting step 6
Starting step 7
Finished step 3
Finished step 1
Finished step 0
Finished step 7
Finished step 2
Finished step 4
Finished step 6
Finished step 5
Starting step 8
Starting step 10
Starting step 11
Starting step 9
Starting step 13
Starting step 12
Starting step 14
Starting step 15
Finished step 13
Finished step 9
Finished step 14
Finished step 10
Finished step 11
Finished step 15
Finished step 8
Finished step 12
Starting step 17
Starting step 16
Starting step 18
Starting step 19
Starting step 20
Starting step 21
Starting step 22
Starting step 23
Finished step 16
Finished step 17
Finished step 23
Finished step 20
Finished step 18
Finished step 22
Finished step 19
Finished step 21

Loading /home/gseeholzer/nas3/bfd/runs/F3/F3.SBE3_v2_1sp.r1/step0/likelihood.log, burnin 20%, skipping 200 log lines

|---------|---------|---------|---------|---------|---------|---------|---------|
*********************************************************************************

Calculating statistics

|---------|---------|---------|---------|---------|---------|---------|---------|
********************************************************************************

marginalLs[0 ] = -1560.3124331911586

Loading /home/gseeholzer/nas3/bfd/runs/F3/F3.SBE3_v2_1sp.r1/step1/likelihood.log, burnin 20%, skipping 200 log lines

|---------|---------|---------|---------|---------|---------|---------|---------|
*********************************************************************************

Calculating statistics

|---------|---------|---------|---------|---------|---------|---------|---------|
********************************************************************************

marginalLs[1 ] = -1560.5926684607277

Loading /home/gseeholzer/nas3/bfd/runs/F3/F3.SBE3_v2_1sp.r1/step2/likelihood.log, burnin 20%, skipping 200 log lines

|---------|---------|---------|---------|---------|---------|---------|---------|
*********************************************************************************

Calculating statistics

|---------|---------|---------|---------|---------|---------|---------|---------|
********************************************************************************

marginalLs[2 ] = -1560.8244114161807

Loading /home/gseeholzer/nas3/bfd/runs/F3/F3.SBE3_v2_1sp.r1/step3/likelihood.log, burnin 20%, skipping 200 log lines

|---------|---------|---------|---------|---------|---------|---------|---------|
*********************************************************************************

Calculating statistics

|---------|---------|---------|---------|---------|---------|---------|---------|
********************************************************************************

marginalLs[3 ] = -1561.079237728602

Loading /home/gseeholzer/nas3/bfd/runs/F3/F3.SBE3_v2_1sp.r1/step4/likelihood.log, burnin 20%, skipping 200 log lines

|---------|---------|---------|---------|---------|---------|---------|---------|
*********************************************************************************

Calculating statistics

|---------|---------|---------|---------|---------|---------|---------|---------|
********************************************************************************

marginalLs[4 ] = -1561.3196833950194

Loading /home/gseeholzer/nas3/bfd/runs/F3/F3.SBE3_v2_1sp.r1/step5/likelihood.log, burnin 20%, skipping 200 log lines

|---------|---------|---------|---------|---------|---------|---------|---------|
*********************************************************************************

Calculating statistics

|---------|---------|---------|---------|---------|---------|---------|---------|
********************************************************************************

marginalLs[5 ] = -1561.4397218459144

Loading /home/gseeholzer/nas3/bfd/runs/F3/F3.SBE3_v2_1sp.r1/step6/likelihood.log, burnin 20%, skipping 200 log lines

|---------|---------|---------|---------|---------|---------|---------|---------|
*********************************************************************************

Calculating statistics

|---------|---------|---------|---------|---------|---------|---------|---------|
********************************************************************************

marginalLs[6 ] = -1561.5770492690378

Loading /home/gseeholzer/nas3/bfd/runs/F3/F3.SBE3_v2_1sp.r1/step7/likelihood.log, burnin 20%, skipping 200 log lines

|---------|---------|---------|---------|---------|---------|---------|---------|
*********************************************************************************

Calculating statistics

|---------|---------|---------|---------|---------|---------|---------|---------|
********************************************************************************

marginalLs[7 ] = -1561.8602074592452

Loading /home/gseeholzer/nas3/bfd/runs/F3/F3.SBE3_v2_1sp.r1/step8/likelihood.log, burnin 20%, skipping 200 log lines

|---------|---------|---------|---------|---------|---------|---------|---------|
*********************************************************************************

Calculating statistics

|---------|---------|---------|---------|---------|---------|---------|---------|
********************************************************************************

marginalLs[8 ] = -1561.9024150013647

Loading /home/gseeholzer/nas3/bfd/runs/F3/F3.SBE3_v2_1sp.r1/step9/likelihood.log, burnin 20%, skipping 200 log lines

|---------|---------|---------|---------|---------|---------|---------|---------|
*********************************************************************************

Calculating statistics

|---------|---------|---------|---------|---------|---------|---------|---------|
********************************************************************************

marginalLs[9 ] = -1562.117752449961

Loading /home/gseeholzer/nas3/bfd/runs/F3/F3.SBE3_v2_1sp.r1/step10/likelihood.log, burnin 20%, skipping 200 log lines

|---------|---------|---------|---------|---------|---------|---------|---------|
*********************************************************************************

Calculating statistics

|---------|---------|---------|---------|---------|---------|---------|---------|
********************************************************************************

marginalLs[10 ] = -1562.2088160579526

Loading /home/gseeholzer/nas3/bfd/runs/F3/F3.SBE3_v2_1sp.r1/step11/likelihood.log, burnin 20%, skipping 200 log lines

|---------|---------|---------|---------|---------|---------|---------|---------|
*********************************************************************************

Calculating statistics

|---------|---------|---------|---------|---------|---------|---------|---------|
********************************************************************************

marginalLs[11 ] = -1562.2560255698381

Loading /home/gseeholzer/nas3/bfd/runs/F3/F3.SBE3_v2_1sp.r1/step12/likelihood.log, burnin 20%, skipping 200 log lines

|---------|---------|---------|---------|---------|---------|---------|---------|
*********************************************************************************

Calculating statistics

|---------|---------|---------|---------|---------|---------|---------|---------|
********************************************************************************

marginalLs[12 ] = -1562.4382542995736

Loading /home/gseeholzer/nas3/bfd/runs/F3/F3.SBE3_v2_1sp.r1/step13/likelihood.log, burnin 20%, skipping 200 log lines

|---------|---------|---------|---------|---------|---------|---------|---------|
*********************************************************************************

Calculating statistics

|---------|---------|---------|---------|---------|---------|---------|---------|
********************************************************************************

marginalLs[13 ] = -1562.5126009791634

Loading /home/gseeholzer/nas3/bfd/runs/F3/F3.SBE3_v2_1sp.r1/step14/likelihood.log, burnin 20%, skipping 200 log lines

|---------|---------|---------|---------|---------|---------|---------|---------|
*********************************************************************************

Calculating statistics

|---------|---------|---------|---------|---------|---------|---------|---------|
********************************************************************************

marginalLs[14 ] = -1562.7003725195154

Loading /home/gseeholzer/nas3/bfd/runs/F3/F3.SBE3_v2_1sp.r1/step15/likelihood.log, burnin 20%, skipping 200 log lines

|---------|---------|---------|---------|---------|---------|---------|---------|
*********************************************************************************

Calculating statistics

|---------|---------|---------|---------|---------|---------|---------|---------|
********************************************************************************

marginalLs[15 ] = -1562.5538855933492

Loading /home/gseeholzer/nas3/bfd/runs/F3/F3.SBE3_v2_1sp.r1/step16/likelihood.log, burnin 20%, skipping 200 log lines

|---------|---------|---------|---------|---------|---------|---------|---------|
*********************************************************************************

Calculating statistics

|---------|---------|---------|---------|---------|---------|---------|---------|
********************************************************************************

marginalLs[16 ] = -1562.6042517365972

Loading /home/gseeholzer/nas3/bfd/runs/F3/F3.SBE3_v2_1sp.r1/step17/likelihood.log, burnin 20%, skipping 200 log lines

|---------|---------|---------|---------|---------|---------|---------|---------|
*********************************************************************************

Calculating statistics

|---------|---------|---------|---------|---------|---------|---------|---------|
********************************************************************************

marginalLs[17 ] = -1562.7911750434087

Loading /home/gseeholzer/nas3/bfd/runs/F3/F3.SBE3_v2_1sp.r1/step18/likelihood.log, burnin 20%, skipping 200 log lines

|---------|---------|---------|---------|---------|---------|---------|---------|
*********************************************************************************

Calculating statistics

|---------|---------|---------|---------|---------|---------|---------|---------|
********************************************************************************

marginalLs[18 ] = -1562.966690159319

Loading /home/gseeholzer/nas3/bfd/runs/F3/F3.SBE3_v2_1sp.r1/step19/likelihood.log, burnin 20%, skipping 200 log lines

|---------|---------|---------|---------|---------|---------|---------|---------|
*********************************************************************************

Calculating statistics

|---------|---------|---------|---------|---------|---------|---------|---------|
********************************************************************************

marginalLs[19 ] = -1562.9914759326923

Loading /home/gseeholzer/nas3/bfd/runs/F3/F3.SBE3_v2_1sp.r1/step20/likelihood.log, burnin 20%, skipping 200 log lines

|---------|---------|---------|---------|---------|---------|---------|---------|
*********************************************************************************

Calculating statistics

|---------|---------|---------|---------|---------|---------|---------|---------|
********************************************************************************

marginalLs[20 ] = -1563.0762266367103

Loading /home/gseeholzer/nas3/bfd/runs/F3/F3.SBE3_v2_1sp.r1/step21/likelihood.log, burnin 20%, skipping 200 log lines

|---------|---------|---------|---------|---------|---------|---------|---------|
*********************************************************************************

Calculating statistics

|---------|---------|---------|---------|---------|---------|---------|---------|
********************************************************************************

marginalLs[21 ] = -1562.8716204814023

Loading /home/gseeholzer/nas3/bfd/runs/F3/F3.SBE3_v2_1sp.r1/step22/likelihood.log, burnin 20%, skipping 200 log lines

|---------|---------|---------|---------|---------|---------|---------|---------|
*********************************************************************************

Calculating statistics

|---------|---------|---------|---------|---------|---------|---------|---------|
********************************************************************************

marginalLs[22 ] = -1563.1553380069167

Loading /home/gseeholzer/nas3/bfd/runs/F3/F3.SBE3_v2_1sp.r1/step23/likelihood.log, burnin 20%, skipping 200 log lines

|---------|---------|---------|---------|---------|---------|---------|---------|
*********************************************************************************

Calculating statistics

|---------|---------|---------|---------|---------|---------|---------|---------|
********************************************************************************

marginalLs[23 ] = -1562.9348695455685

Step        theta         likelihood   contribution ESS
0            1            -1560.3124   0            801          
1            0.8623       -1560.5927   -214.9048    801          
2            0.7384       -1560.8244   -193.309     801          
3            0.6276       -1561.0792   -173.0111    425.5306     
4            0.529        -1561.3197   -153.9846    679.7831     
5            0.4417       -1561.4397   -136.2015    505.5264     
6            0.3651       -1561.577    -119.655     702.7247     
7            0.2983       -1561.8602   -104.3299    692.1754     
8            0.2406       -1561.9024   -90.1768     734.2675     
9            0.1911       -1562.1178   -77.1979     771.5939     
10           0.1493       -1562.2088   -65.3523     736.9305     
11           0.1143       -1562.256    -54.6187     656.7618     
12           0.0855       -1562.4383   -44.974      762.2606     
13           0.0623       -1562.5126   -36.3816     541.5953     
14           0.0438       -1562.7004   -28.8154     801          
15           0.0296       -1562.5539   -22.2349     801          
16           0.019        -1562.6043   -16.6124     610.1788     
17           0.0113       -1562.7912   -11.9072     801          
18           0.0062       -1562.9667   -8.0742      711.2554     
19           0.0029       -1562.9915   -5.0661      801          
20           0.0011       -1563.0762   -2.8302      510.7489     
21           0.0003       -1562.8716   -1.3036      801          
22           0            -1563.1553   -0.4102      412.2378     
23           0            -1562.9349   -0.0452      623.0456     
sum(ESS) = 16484.6162  

marginal L estimate = -1561.3966793590653


Total wall time: 41270 seconds
Done

real	687m52.991s
user	5536m44.658s
sys	77m15.431s
