#
#model:
#
#<?xml version="1.0" encoding="UTF-8" standalone="no"?><input id="posterior" spec="beast.core.util.CompoundDistribution">
#    <distribution id="prior" spec="beast.core.util.CompoundDistribution">
#        <prior id="lambdaPrior.bfd" name="distribution">
#            <parameter id="lambda" lower="0.0" name="x" spec="beast.core.parameter.RealParameter">0.01</parameter>
#            <Gamma id="Gamma.0" name="distr">
#                <parameter estimate="false" id="RealParameter.1" name="alpha" spec="beast.core.parameter.RealParameter">2.0</parameter>
#                <parameter estimate="false" id="RealParameter.2" name="beta" spec="beast.core.parameter.RealParameter">200.0</parameter>
#            </Gamma>
#        </prior>
#        <distribution id="snapprior.bfd" lambda="@lambda" spec="snap.likelihood.SnAPPrior">
#            <parameter estimate="false" id="alpha" lower="0.0" name="alpha" spec="beast.core.parameter.RealParameter">11.75</parameter>
#            <parameter estimate="false" id="beta" lower="0.0" name="beta" spec="beast.core.parameter.RealParameter">109.73</parameter>
#            <parameter estimate="false" id="kappa" lower="0.0" name="kappa" spec="beast.core.parameter.RealParameter">1.0</parameter>
#            <parameter id="coalescenceRate" name="coalescenceRate" spec="beast.core.parameter.RealParameter">10.0</parameter>
#            <tree clusterType="upgma" id="Tree.bfd" nodetype="snap.NodeData" spec="beast.util.ClusterTree">
#                <taxa dataType="integerdata" id="snap.bfd" spec="snap.Data">
#                    <taxonset id="ant" spec="beast.evolution.alignment.TaxonSet">
#                        <taxon id="CarpaChavin_B72793.Huanuco.CarpaChavin" spec="beast.evolution.alignment.Taxon"/>
#                        <taxon id="CarpaChavin_B72795.Huanuco.CarpaChavin" spec="beast.evolution.alignment.Taxon"/>
#                        <taxon id="Carpish_B72761.Huanuco.Acomayo" spec="beast.evolution.alignment.Taxon"/>
#                        <taxon id="Carpish_B72772.Huanuco.Mitotambo" spec="beast.evolution.alignment.Taxon"/>
#                        <taxon id="Amotape_B67243.Tumbes.Amotape" spec="beast.evolution.alignment.Taxon"/>
#                        <taxon id="Amotape_B67257.Tumbes.Amotape" spec="beast.evolution.alignment.Taxon"/>
#                        <taxon id="Chavinillo_B72789.Huanuco.Chavinillo" spec="beast.evolution.alignment.Taxon"/>
#                        <taxon id="Chavinillo_B72792.Huanuco.Chavinillo" spec="beast.evolution.alignment.Taxon"/>
#                        <taxon id="Macate_B72807.Ancash.Macate" spec="beast.evolution.alignment.Taxon"/>
#                        <taxon id="Macate_B72814.Ancash.Macate" spec="beast.evolution.alignment.Taxon"/>
#                        <taxon id="Quichas_B72777.Lima.Quichas" spec="beast.evolution.alignment.Taxon"/>
#                        <taxon id="Quichas_B72778.Lima.Quichas" spec="beast.evolution.alignment.Taxon"/>
#                        <taxon id="Canchaque_B72873.Piura.Canchaque" spec="beast.evolution.alignment.Taxon"/>
#                        <taxon id="Canchaque_B72878.Piura.Canchaque" spec="beast.evolution.alignment.Taxon"/>
#                        <taxon id="CorBlanca_NK_171703" spec="beast.evolution.alignment.Taxon"/>
#                        <taxon id="CorBlanca_FMNH_391888" spec="beast.evolution.alignment.Taxon"/>
#                        <taxon id="Huamatanga_B72889.Lima.Huamatanga" spec="beast.evolution.alignment.Taxon"/>
#                        <taxon id="Huamatanga_B72892.Lima.Huamatanga" spec="beast.evolution.alignment.Taxon"/>
#                        <taxon id="Pacar_B72907.Ancash.Pacar" spec="beast.evolution.alignment.Taxon"/>
#                        <taxon id="Pacar_B72909.Ancash.Pacar" spec="beast.evolution.alignment.Taxon"/>
#                        <taxon id="Porculla_B72863.Piura.Porculla" spec="beast.evolution.alignment.Taxon"/>
#                        <taxon id="Porculla_B72866.Piura.Porculla" spec="beast.evolution.alignment.Taxon"/>
#                        <taxon id="LaQuinua_B72753.Pasco.LaQuinua" spec="beast.evolution.alignment.Taxon"/>
#                        <taxon id="LaQuinua_B72756.Pasco.LaQuinua" spec="beast.evolution.alignment.Taxon"/>
#                        <taxon id="Chinchan_B72900.Ancash.Chinchan" spec="beast.evolution.alignment.Taxon"/>
#                        <taxon id="Chinchan_NK_173896" spec="beast.evolution.alignment.Taxon"/>
#                    </taxonset>
#                    <taxonset id="cur" spec="beast.evolution.alignment.TaxonSet">
#                        <taxon id="curtata_cra.cur.B6032" spec="beast.evolution.alignment.Taxon"/>
#                        <taxon id="curtata_cra.cur.B8175" spec="beast.evolution.alignment.Taxon"/>
#                    </taxonset>
#                </taxa>
#                <parameter id="RealParameter.0" lower="0.0" name="clock.rate" spec="beast.core.parameter.RealParameter" upper="0.0">1.0</parameter>
#            </tree>
#        </distribution>
#    </distribution>
#    <distribution id="likelihood" spec="beast.core.util.CompoundDistribution">
#        <distribution data="@snap.bfd" id="treeLikelihood.bfd" non-polymorphic="false" pattern="coalescenceRate" spec="snap.likelihood.SnAPTreeLikelihood" tree="@Tree.bfd">
#            <siteModel id="MutationSiteModel.bfd" spec="beast.evolution.sitemodel.SiteModel">
#                <parameter estimate="false" id="mutationRate" name="mutationRate" spec="beast.core.parameter.RealParameter">1.0</parameter>
#                <parameter estimate="false" id="shape" name="shape" spec="beast.core.parameter.RealParameter">2.0</parameter>
#                <parameter estimate="false" id="proportionInvariant" name="proportionInvariant" spec="beast.core.parameter.RealParameter">0.0</parameter>
#                <substModel coalescenceRate="@coalescenceRate" id="MutationModel" spec="snap.likelihood.SnapSubstitutionModel">
#                    <parameter estimate="false" id="u" lower="0.0" name="mutationRateU" spec="beast.core.parameter.RealParameter">1.0</parameter>
#                    <parameter id="v" lower="0.0" name="mutationRateV" spec="beast.core.parameter.RealParameter">1.0</parameter>
#                </substModel>
#            </siteModel>
#        </distribution>
#    </distribution>
#</input>
#
Sample	posterior	likelihood	prior	theta0	theta1	theta2	TreeHeightLogger
0	-2482.1275313883093	-2327.4822773780315	-154.64525401027794	0.09480286951439436	0.04257019845339181	0.12401536682461886	0.0033793202216741863
1000	-2479.268860523063	-2329.0397254446884	-150.22913507837444	0.0661044087751746	0.11303858020537766	0.10713320219464477	0.0011434338209837475
2000	-2479.386451914009	-2327.6429014887067	-151.74355042530235	0.06765115215777892	0.11727358387218684	0.17375692697443107	0.0021356758235211515
3000	-2478.953565966703	-2327.707653841487	-151.24591212521585	0.05781315309754623	0.11390183626255077	0.13712582246657573	0.0012491617852418361
4000	-2478.210197862178	-2328.2239168058113	-149.986281056367	0.08565351947034046	0.10084701450006091	0.1639834551314801	0.0011378136781385138
5000	-2478.2420035820473	-2327.9976757766053	-150.24432780544203	0.09134904194697317	0.08424959387749974	0.13480761086920234	0.0019958153376645063
6000	-2478.8409227963184	-2328.455877961659	-150.38504483465914	0.06887996757843563	0.1173887016225854	0.1163866213023518	0.0018184569100000985
7000	-2480.7388894269047	-2326.5595284036935	-154.17936102321102	0.08619457938100943	0.06379151868652669	0.1737573866220373	0.0023613714141605146
8000	-2480.360139685818	-2330.2369604588725	-150.12317922694547	0.07942119743136923	0.07923019218739175	0.10763950051691616	7.065344415223979E-4
9000	-2478.5569695540757	-2327.8672358902622	-150.68973366381334	0.08760716884363458	0.08726505520079057	0.1352172412646842	0.0024192645065165986
10000	-2480.0654164899042	-2330.3895668314344	-149.67584965846962	0.11682356098399539	0.13422044999310298	0.12704258600096774	0.0013099563026844595
11000	-2479.7461768638223	-2328.4687209822873	-151.27745588153513	0.07590602402174025	0.09708463728806244	0.1318168295126908	0.0011694697949360786
12000	-2479.7142300291953	-2329.483902375555	-150.23032765364024	0.1374132525805395	0.09107670147165337	0.1287589244408561	0.002765861556759402
13000	-2478.379298099243	-2328.3401829887434	-150.0391151104995	0.08111922919323576	0.09789326189507817	0.12364944892617745	0.0025115170182616014
14000	-2481.045988433604	-2331.0253696983214	-150.0206187352829	0.10929819548050403	0.08305930591615865	0.0945816721432265	0.0023094750260319657
15000	-2482.046497343315	-2328.9567924094426	-153.08970493387233	0.05339170388649291	0.1656277198199536	0.10825567105175327	8.46383974978723E-4
16000	-2478.7091406274267	-2327.0380163617983	-151.6711242656284	0.09584379959260499	0.08777190899162284	0.18925197449371062	0.002706905356012992
17000	-2478.7486424884473	-2328.510682977663	-150.23795951078452	0.08833088067743738	0.09312748924818984	0.12283692908184295	0.0028728836447074173
18000	-2480.805086437983	-2330.7403366853578	-150.06474975262498	0.10361201561136023	0.14331473348014065	0.10372192417131547	0.003002024858376598
19000	-2480.108151276951	-2326.843088717818	-153.26506255913299	0.08357207288096413	0.06065973523582209	0.1583845759014752	0.0028487673852561936
20000	-2481.3470627506736	-2327.9644889682863	-153.38257378238728	0.04976773516116226	0.09670818766227483	0.11396623842517983	0.0017429577530148857
21000	-2478.870963434684	-2328.234037453942	-150.6369259807421	0.12394192045491438	0.0861292097578112	0.1435566403310624	0.0039040544493329572
22000	-2477.927004311981	-2328.5252678975107	-149.40173641447018	0.09308082206368595	0.10924655460621652	0.13271271274890012	0.0019899309706920562
23000	-2479.1003464878054	-2326.6480792668026	-152.45226722100267	0.09714601560140647	0.06491297319355348	0.18350493219030053	0.001969440085884126
24000	-2478.4354618688935	-2328.4209224327265	-150.0145394361671	0.07696454989254106	0.11148663785728521	0.12244795344745	0.002171458353492947
25000	-2480.0037770624936	-2327.3124728629386	-152.69130419955474	0.11127391625367894	0.051986349945606844	0.13797538189910685	0.0024819631749099444
26000	-2479.5418522084815	-2328.0159295894778	-151.5259226190036	0.14342234406941903	0.09491529340365738	0.18780864304525055	0.0019879368827063655
27000	-2478.4405520516307	-2328.2513883982024	-150.18916365342847	0.0804292000216158	0.11510919730387817	0.13677255010332415	0.0026900539287861417
28000	-2478.4778602969095	-2328.740525186559	-149.73733511035073	0.10288385159601234	0.08525377015553391	0.1274424517236007	0.001892011515024525
29000	-2479.6050483807044	-2327.3095074108337	-152.29554096987056	0.08362755597011873	0.07681085980876914	0.14593016188993913	0.0023264583141013487
30000	-2482.5457875777383	-2331.2811897918364	-151.2645977859021	0.1708705011854471	0.08121169811896868	0.11453805421232688	0.0032110263832683035
31000	-2481.869939749542	-2329.2634815034603	-152.60645824608162	0.09564397527698122	0.19615766712435417	0.170517924143988	9.840810064277946E-4
32000	-2480.684618212721	-2329.328282391187	-151.356335821534	0.061767201279633185	0.12619676874961322	0.10329119102694782	0.0025285718086584235
33000	-2478.9640320899266	-2329.0766605796316	-149.887371510295	0.08372377933977546	0.10890723681233541	0.12956904805694833	0.0011198131452575175
34000	-2481.4108910590194	-2332.218174373587	-149.1927166854326	0.10240268643550832	0.16189091291963262	0.10568509198209654	4.5573170716221455E-4
35000	-2482.1588465354243	-2329.789208356463	-152.36963817896122	0.16893731108035523	0.10101012069009244	0.14341748518908606	0.00805116926483235
36000	-2480.7844348679523	-2327.434585502119	-153.34984936583362	0.05243956243131257	0.1150213203772293	0.14946609523989005	0.0012487657263598303
37000	-2479.340868231785	-2330.3411042658795	-148.99976396590563	0.11049901931454581	0.13593091446621597	0.11628182577129981	0.0017994295988612177
38000	-2481.859217977842	-2326.6148313582526	-155.24438661958942	0.13566971266322927	0.04687029558178878	0.16118959231192978	0.003161236106482556
39000	-2480.5293102146547	-2329.034116530909	-151.49519368374567	0.08065056694098555	0.12845535974734998	0.15536456891290287	0.0037639931622517977
40000	-2481.047828006631	-2328.835633538364	-152.21219446826663	0.07575111631796602	0.05570309462648106	0.11199184181368413	9.356033492153E-4
41000	-2478.6404660722787	-2328.453103133005	-150.18736293927395	0.06921625060685688	0.12757347579325143	0.13119391518669915	0.0011916408319022054
42000	-2485.3906779409576	-2332.854975882114	-152.53570205884333	0.09824951646984623	0.08234083373908847	0.09651148475293429	0.007143481039287719
43000	-2479.7742055135864	-2328.32928405958	-151.44492145400645	0.08915795524809911	0.12196142083684444	0.18166550847461338	0.003656826275253776
44000	-2478.5389979250945	-2327.7468055304776	-150.79219239461682	0.07859609140678626	0.1259223457213639	0.1599730254272865	0.0019076947257919555
45000	-2479.786130143146	-2330.2875546462765	-149.49857549686953	0.11777725390080855	0.10424256540088435	0.17786871141640373	5.015536937993842E-4
46000	-2479.9534215998783	-2328.6150355234504	-151.3383860764281	0.1005931601674928	0.13633465854207225	0.16052937350378563	0.0014861509526555307
47000	-2482.0773813136416	-2333.126815224502	-148.95056608913947	0.08413975643579107	0.08998024951065976	0.10024247603198796	4.832004618771904E-5
48000	-2479.6966893301383	-2328.348497563703	-151.3481917664352	0.08230053068045821	0.13581743957891015	0.17002661724570067	0.001131441301439811
49000	-2479.0256797396496	-2328.168975669765	-150.85670406988444	0.06635646798415117	0.10225833551795745	0.1258796575384539	0.0023542630002353427
50000	-2480.3601329862813	-2327.360890049964	-152.9992429363175	0.07734429843026372	0.06367502024933466	0.12802495644170922	0.0022373698459857393
51000	-2481.3735568229963	-2326.1020544913204	-155.27150233167598	0.12116225737429358	0.046905569371073146	0.20369499518127243	0.0019282969545208692
52000	-2479.451640021104	-2327.5462174304394	-151.90542259066464	0.11330433726218563	0.12039137992832188	0.19957975577218734	0.0033019610753069876
53000	-2479.6351420119904	-2328.9632314823602	-150.67191052963034	0.14115353036828107	0.14792155239314964	0.1661764349419398	0.0023076645633609513
54000	-2478.715628768323	-2327.00865328533	-151.7069754829928	0.07856733213313859	0.07265477753743767	0.15481393008151573	0.0022349163313916047
55000	-2479.522280716881	-2327.4927098804	-152.02957083648118	0.07010125861785202	0.06548514157872838	0.14644267308567907	0.001100702493864096
56000	-2482.867195811892	-2329.547895461731	-153.31930035016111	0.07071239946002182	0.08489215747167594	0.20159540104317486	3.585939156242123E-4
57000	-2479.216781926986	-2327.86802320969	-151.34875871729616	0.10229471552727121	0.10194761788493625	0.174501764571573	0.003910865747025098
58000	-2480.008651450925	-2331.2316277645077	-148.77702368641698	0.12039564007344969	0.09408485829881069	0.1179045776160444	7.75033251184596E-4
59000	-2482.1191346282667	-2329.020318634779	-153.0988159934876	0.05417937181105337	0.08913070519762605	0.0962624437971197	0.002325712050040497
60000	-2478.9786678643623	-2327.4532966251127	-151.5253712392495	0.08036121813906015	0.06618182576571763	0.14753415983501394	0.0013512767815404493
61000	-2481.386204232148	-2330.205987776384	-151.18021645576368	0.08627769941275601	0.08851796568389655	0.09859299799671647	0.0012571448546254997
62000	-2479.239485836386	-2328.632673465043	-150.60681237134315	0.10079046142113449	0.07478046944863642	0.11846958254828505	0.0025310969924426615
63000	-2478.0499953723365	-2328.1745053406903	-149.87549003164625	0.09649583647348164	0.09880422397361122	0.13803627515734782	0.0029074271830245883
64000	-2478.4450181954985	-2329.234150702022	-149.21086749347668	0.08414759166388552	0.12394987016889414	0.1396319463387433	9.48071831934319E-4
65000	-2481.091587006035	-2327.1284276855026	-153.96315932053216	0.07776116692141168	0.05459919432541567	0.18412185468614203	0.001018570464955794
66000	-2480.738820788797	-2329.208106927785	-151.53071386101175	0.10271373194055558	0.06127254822126838	0.10995728173244503	0.0017253939152675468
67000	-2483.651959101032	-2331.5282965506035	-152.12366255042852	0.12463132525318583	0.07377858336714234	0.16413394774778708	1.653250336833039E-4
68000	-2481.7800897840034	-2328.750871937601	-153.02921784640228	0.05848354294442863	0.14697541014174864	0.1415162484193656	7.026985668984175E-4
69000	-2480.375864039799	-2329.352916505317	-151.02294753448214	0.10528573324593365	0.08731671140843765	0.13369407797304664	0.005331940204703479
70000	-2479.0304125280877	-2330.382236977933	-148.64817555015443	0.10990531432387347	0.11413043714575657	0.12334498327244735	0.0011099086536293832
71000	-2482.178331101884	-2326.951587262639	-155.22674383924502	0.09110519223344318	0.0438441992181737	0.13054504715885695	0.00288504873297292
72000	-2482.0280797393943	-2329.5099051716543	-152.51817456774006	0.06923692392031257	0.08558747415393153	0.1811319336978937	3.937858384365941E-4
73000	-2479.293453884883	-2328.7823031694534	-150.51115071542984	0.07304166657701143	0.13167047088099135	0.11528040206323631	0.0020763451120493163
74000	-2481.7849277615387	-2328.7479011509668	-153.037026610572	0.15468357877646757	0.15221196848861177	0.1706362245820736	0.0034039028672624137
75000	-2479.257104110781	-2329.4584064534297	-149.79869765735114	0.09940776351607811	0.12061955292164285	0.11919277826437194	0.003478187436407211
76000	-2482.1463823462773	-2329.0642368028666	-153.08214554341075	0.15264163274669915	0.05745759734398663	0.12714690103980414	0.004455616630734525
77000	-2484.5547191435576	-2326.7645210960764	-157.79019804748114	0.07273275725893392	0.03019978059769005	0.10835350523851918	0.0015360701745530457
78000	-2479.486387263727	-2327.845220368153	-151.64116689557395	0.11704158531811437	0.11516870359747917	0.17174759766871345	0.002685647785686746
79000	-2480.6027626242653	-2326.782544417506	-153.82021820675917	0.07842860152362367	0.04678802696397283	0.12909976016055622	0.0019861726416527756
80000	-2481.238235507741	-2328.54791282104	-152.69032268670108	0.06455421551254996	0.06138771703621648	0.12452901645227071	7.365970282382826E-4
81000	-2479.0442307727476	-2327.3898579298484	-151.6543728428993	0.08435372113264238	0.0666404505701931	0.14240568459287553	0.0016496803799322284
82000	-2482.578970035281	-2330.721276213685	-151.85769382159597	0.17345577620190358	0.17762130904827342	0.1475859104810096	0.002157274390303808
83000	-2479.3549459582923	-2327.5615043265148	-151.79344163177774	0.09982751629467566	0.0937737573684654	0.16674672199909088	0.0033395684350628263
84000	-2478.8825573760705	-2327.4340264621583	-151.4485309139121	0.07079944408923648	0.07821367800941839	0.13636944232551487	0.0016177800959203087
85000	-2480.460810090908	-2331.39767283469	-149.06313725621817	0.1315673894762968	0.11047156686918665	0.10745732879793407	0.002040972193162669
86000	-2479.472171051644	-2328.3004939969314	-151.1716770547126	0.07352848867031318	0.12173585193487779	0.14491797277852259	0.002768268810647622
87000	-2478.305138736662	-2327.981397702362	-150.3237410342999	0.08273844979443068	0.10019904368609253	0.16998901054321222	0.0011740601190199061
88000	-2478.951652941656	-2327.951818964533	-150.99983397712305	0.08614419262324724	0.11201062066450344	0.1845356176504225	0.00123308517634766
89000	-2481.216954306679	-2329.078500791551	-152.13845351512762	0.09323513532726278	0.07771130408629803	0.11883638178802518	0.004135339100335308
90000	-2479.1533442101368	-2329.2625507768394	-149.89079343329755	0.14048451533032677	0.1092297051435024	0.13830565404537334	0.0031413877370600517
91000	-2479.4544540401034	-2328.5423768314295	-150.912077208674	0.1079336161006884	0.08834677355779633	0.16392225303520586	0.001227945198827533
92000	-2478.5156219584114	-2327.685316860978	-150.83030509743313	0.07889368626182128	0.08059981134793724	0.15833519750452818	0.001221643862771097
93000	-2479.3585736677605	-2328.5872700841123	-150.7713035836482	0.10944675209889494	0.12590096270727155	0.16534822561251028	0.004571029434208248
94000	-2483.079828097804	-2331.667613933577	-151.412214164227	0.10817658423293913	0.0576802627748239	0.09936041305057448	5.538618147098332E-4
95000	-2482.1743969212844	-2329.6798226594633	-152.49457426182104	0.11201843020540857	0.048049776369727036	0.12857722446873823	7.769437452050626E-4
96000	-2481.8304897961543	-2329.1558846332327	-152.67460516292164	0.054032202291214144	0.17285927597386158	0.10071240481159045	9.278079957394126E-4
97000	-2479.2483556088523	-2328.462632947125	-150.78572266172762	0.11285423904906862	0.15338264630421758	0.16085565278731	0.0025937591509499224
98000	-2480.299677131237	-2331.752542435324	-148.54713469591303	0.10214726433491107	0.14451960217058427	0.11339147359621365	5.068961922881927E-4
99000	-2478.7962515786403	-2327.791800329547	-151.004451249093	0.10539109426693816	0.07910790185716585	0.1479927216122687	0.0037494820305375522
100000	-2479.94506307083	-2329.4151918187613	-150.529871252069	0.07368388183971238	0.11756271365591726	0.1043079038411565	0.002728060633491059
101000	-2481.195885688548	-2327.654018066492	-153.54186762205595	0.154489142105893	0.051288667140031406	0.14902773177627726	0.0028620913730562736
102000	-2479.5149454381767	-2327.247526244508	-152.26741919366833	0.14327666430696656	0.09004182420803018	0.20066440255422469	0.00266177516841774
103000	-2479.1798546248606	-2326.8257816619443	-152.35407296291606	0.08992152216121742	0.05770985587711424	0.15576384669968155	0.0018228128116441727
104000	-2485.412517661075	-2329.408459026882	-156.004058634193	0.07986611941727087	0.09650689902150511	0.2757522631331707	4.1912559960983434E-4
105000	-2479.3936354395096	-2328.105987794151	-151.2876476453585	0.0846516374488009	0.06826787789269874	0.11720420544888312	0.0026631718853856656
106000	-2479.5537051070255	-2327.756773934611	-151.79693117241453	0.062421487173972105	0.09964062668272186	0.16406309591172685	9.51249291412708E-4
107000	-2479.64718622116	-2326.3744673577407	-153.27271886341958	0.09963168315175769	0.06172805798147402	0.1888277470425824	0.0027827293022387495
108000	-2480.3668295025573	-2328.819403439699	-151.54742606285825	0.062135049270414	0.09950682639359329	0.11230996116310471	0.002627038294426104
109000	-2482.352101428766	-2333.3774845880716	-148.97461684069444	0.15012217264590075	0.1494564390230251	0.09877464827060155	2.583669723051484E-4
110000	-2478.5700193784332	-2327.310718319922	-151.25930105851117	0.0740443108141523	0.09024158808767407	0.17300857682066656	0.0014027981043986755
111000	-2482.246825188152	-2328.332544057433	-153.914281130719	0.10579088899563034	0.04403562879792356	0.11045639306388362	0.0028976370343453735
112000	-2481.614361914298	-2328.8984994559705	-152.71586245832776	0.09888726663437841	0.18665890616304842	0.1681065258319035	0.0013173047339209358
113000	-2482.9712999746034	-2325.8629201342483	-157.10837984035507	0.10091377800812905	0.035701618922183424	0.18265131830813153	0.0015575648431731344
114000	-2482.4596092479414	-2330.188354898742	-152.27125434919935	0.14721904960204077	0.06257757985794264	0.11332860265342484	0.004561985044691891
115000	-2482.688478708934	-2327.1733717820657	-155.51510692686816	0.1921365177198687	0.07982611748277327	0.22722380666137784	0.0026094702648726134
116000	-2482.399118352488	-2328.2848264366844	-154.11429191580382	0.12321638183950206	0.10266903374433169	0.23522947976757416	0.0011878268820602596
117000	-2483.6786598116178	-2330.835908172234	-152.84275163938335	0.1332102363837208	0.05535715427452253	0.14871329699523012	3.962655484133776E-4
118000	-2481.3819396517347	-2328.344865127794	-153.0370745239407	0.08369385068016237	0.05024446955437687	0.10272073494894078	0.0019074512161425005
119000	-2481.9984612115127	-2328.8168089830046	-153.18165222850786	0.045480815473547875	0.11162110859727487	0.1027927560059034	0.0019493490137664712
120000	-2484.633829641709	-2331.382544152646	-153.25128548906298	0.12241744241735027	0.04173079453987168	0.13572913478233525	2.3906987776200578E-4
121000	-2481.093926186572	-2326.3505560552094	-154.74337013136244	0.06713377116203688	0.054900521005370295	0.1751443378592376	0.0019910419056996015
122000	-2489.8030265680995	-2327.144824951971	-162.6582016161289	0.03369784480241702	0.044914884544518065	0.21850878850627095	0.0010901345380389164
123000	-2479.20388029017	-2327.2477039230134	-151.95617636715676	0.09340163752629267	0.09640958518074497	0.18048435375716562	0.0025515085542664262
124000	-2480.0267591843135	-2328.799935123196	-151.22682406111736	0.0688873546381651	0.16316372376095825	0.12802530092377457	0.0011324995135117168
125000	-2480.2990352580655	-2331.4827557414783	-148.81627951658717	0.09662646062940897	0.1307477404642433	0.1268911361140961	3.70385943462226E-4
126000	-2479.229730085045	-2327.5951537566166	-151.63457632842852	0.06925373378585678	0.12890082344023376	0.16837992048104944	0.0017521788771705917
127000	-2479.331178865343	-2326.924219156308	-152.40695970903508	0.09823094962704502	0.06354430130435369	0.15844341456438138	0.002176013939941879
128000	-2479.4298067160685	-2329.166069481505	-150.2637372345634	0.07202284223125728	0.12848642758089765	0.12974654603335883	8.703293323568383E-4
129000	-2479.8753010045384	-2328.461900648095	-151.41340035644362	0.06854971197940814	0.14530325363664262	0.12343220570684886	0.0018849086644403038
130000	-2479.140680650622	-2329.3451266660118	-149.79555398461034	0.08195880009849843	0.09945771077219827	0.11423912364833808	0.001208510239983821
131000	-2482.0176956781434	-2327.362647455374	-154.65504822276924	0.05315169782528834	0.09620907857468869	0.13925872837876987	0.001257989467713881
132000	-2480.0876530589026	-2329.4363844938985	-150.6512685650039	0.08002859645399303	0.10904158451798256	0.10633830548726546	0.0029592654409277487
133000	-2479.062464520077	-2328.7432698028983	-150.31919471717836	0.11412780571966133	0.0805258539458222	0.12532717587236697	0.00344088070621107
134000	-2480.6006203076586	-2328.4061862801245	-152.19443402753382	0.12031117559509875	0.05848973520369149	0.1234796354741389	0.0031627012593281895
135000	-2480.944090641128	-2327.18340375345	-153.7606868876777	0.11997149586601454	0.06630553749174622	0.15823501578357826	0.0036124990357806787
136000	-2478.2692716129072	-2328.0913167897015	-150.17795482320574	0.10870108469318361	0.09629057186656652	0.14497128576346874	0.0028807684700188738
137000	-2479.397904991095	-2329.243881714814	-150.15402327628075	0.10888530022367507	0.08631177604717997	0.1175003345856661	0.003681654776800809
138000	-2478.5853075233595	-2328.027814065709	-150.55749345765037	0.06678818562235349	0.11565200266383843	0.13105167518693359	0.0014590777022860703
139000	-2480.1393568830713	-2327.4349495263336	-152.7044073567376	0.08714457143225628	0.08165041691877471	0.16070526699158508	0.0016213723942888466
140000	-2480.6642077177503	-2327.0820259287693	-153.58218178898116	0.08188828042609751	0.0657892457268555	0.1758480983413343	0.0031164112052008627
141000	-2483.6826727140756	-2325.962499821747	-157.72017289232872	0.06853536782913622	0.03805915332248763	0.14351510586570224	0.0020647496020744023
142000	-2479.9981624512006	-2327.5824496818122	-152.4157127693884	0.05066170957656606	0.10229993901434953	0.13809706853022213	0.0016433423241813546
143000	-2478.4956641393906	-2327.754404427578	-150.74125971181255	0.1001902946671702	0.10259227103161325	0.16407564394974486	0.003337583674041146
144000	-2479.556047093024	-2328.363714018014	-151.19233307500988	0.05534316267395367	0.1188808617917721	0.12598046875368077	8.531082893567809E-4
145000	-2478.8455096509415	-2328.4288783356974	-150.41663131524422	0.11881038239939987	0.09044474330982553	0.17231400275263117	0.0013853519243734243
146000	-2478.590139450425	-2329.4039880081264	-149.18615144229838	0.09551773527417863	0.12645350438716516	0.12035653893929837	0.0018343471696074946
147000	-2480.3152420444812	-2327.274068294903	-153.04117374957835	0.07324613981334419	0.06737609741151271	0.1411383806495719	0.0025684187590726353
148000	-2486.814507903933	-2327.5249916191815	-159.2895162847516	0.08096667112266666	0.03182648256842962	0.1094112409343852	0.003003594199401298
149000	-2479.728349170652	-2326.773541913979	-152.9548072566729	0.06422547496688664	0.06762899954995931	0.1563209132903284	0.001653150545922029
150000	-2481.7842419745243	-2327.745927153047	-154.03831482147734	0.12425739844863466	0.08092231593276515	0.16970791586834102	0.002004402329038591
151000	-2479.8476555200227	-2328.960677584585	-150.8869779354379	0.06812804484959954	0.08965836160463267	0.09759137984437921	0.0016915048070306078
152000	-2480.0199473840958	-2327.4999546767667	-152.51999270732895	0.14163744757255345	0.06965689740633008	0.1582230284064738	0.003872562565319467
153000	-2480.675323345249	-2329.2234249566745	-151.45189838857436	0.1120562296043688	0.059546721992830606	0.15371133055098923	7.964668079234048E-4
154000	-2479.153515682517	-2328.879163813092	-150.27435186942517	0.11422401794433179	0.12382499093032028	0.18391203974480047	0.0011453056419340787
155000	-2480.6921239079916	-2326.954346840605	-153.73777706738647	0.0927775896672412	0.08515436854162792	0.2107726954752599	0.0018977275410201283
156000	-2478.9971746127217	-2328.8248169458107	-150.17235766691098	0.13983140334614985	0.12145039577525396	0.15729277779168502	0.002507315302263627
157000	-2478.626078918291	-2328.138071736282	-150.48800718200883	0.08085313391360337	0.08588449221215444	0.1252692022381162	0.002702951977879262
158000	-2482.614092782467	-2326.8530656262647	-155.76102715620257	0.06822102333146515	0.044729669291874004	0.161610192536529	9.705775414194718E-4
159000	-2479.5401815558293	-2329.3468274659717	-150.1933540898577	0.09713287408563488	0.07211771511572786	0.11131342903758394	0.0015369372070040195
160000	-2479.001424941675	-2328.9954813943923	-150.00594354728256	0.10421794838233149	0.09168411595292979	0.11982251251490253	0.0029164445922672203
161000	-2478.858720112639	-2328.4535386877333	-150.40518142490544	0.1375933002142437	0.08222377753682483	0.14523645418843462	0.0027312746984231705
162000	-2482.743908344718	-2327.4560183558774	-155.2878899888405	0.03698399808512439	0.08562370924451744	0.14421927340907026	5.958200242086268E-4
163000	-2478.890523912962	-2327.170455852111	-151.720068060851	0.07016488782511088	0.08605386165986399	0.1588730630508947	0.001941565946048966
164000	-2482.966330576516	-2330.5557732918583	-152.4105572846578	0.062202481166584535	0.09912713242827134	0.13440119730336078	0.0038848168095635995
165000	-2479.771059913235	-2328.1188502713067	-151.65220964192858	0.09264796619283018	0.11079132155243254	0.15090548516399305	0.0032347376347483495
166000	-2479.010585643895	-2328.025213817977	-150.9853718259176	0.06705993344710948	0.13257781293710916	0.13852135697649148	0.001993759621183855
167000	-2479.4898946125286	-2328.349184749183	-151.14070986334536	0.09245966138082869	0.13949737956231026	0.18077308586578952	0.001258553857805547
168000	-2480.9354214684827	-2331.4693011815957	-149.46612028688685	0.11705257064157985	0.12042748504444589	0.09974064309821538	0.0024852821388659245
169000	-2479.688139616176	-2326.9811921389473	-152.70694747722902	0.09072044311025138	0.08680219779497314	0.19800545163240432	0.002542160923978491
170000	-2478.8339795186052	-2328.5865151215703	-150.24746439703483	0.08488047384171118	0.09135351316022357	0.11923459975281699	0.002888823584095182
171000	-2478.1844516404976	-2327.956125227211	-150.22832641328677	0.07762831631259849	0.09631956031330029	0.14344060413033935	0.0013877985875043546
172000	-2480.046087329845	-2330.5904663014967	-149.4556210283483	0.11359159752974173	0.08674483669855701	0.10417325202321132	0.0019050949225533193
173000	-2482.1930814462435	-2329.6683070806416	-152.52477436560193	0.07597170212000091	0.18933221562996133	0.1094462220116202	0.0014296511441453674
174000	-2478.2809211462763	-2327.9619425734204	-150.31897857285588	0.08424603815087037	0.09847040162771842	0.1410979665299277	0.0027925101052445685
175000	-2479.111562974051	-2327.1808424739065	-151.93072050014473	0.1256626233542918	0.08173737830648939	0.1908556586693064	0.002296364121879637
176000	-2481.576143774736	-2332.000617757075	-149.5755260176611	0.08908014072044947	0.09474255277216982	0.08393272001791166	8.576964991570643E-4
177000	-2480.074982580202	-2328.230543828777	-151.84443875142452	0.1450462838120942	0.13225759486542663	0.1834336829306817	0.0027328743538232465
178000	-2483.1714606650394	-2327.2431400543974	-155.9283206106418	0.03324533934616876	0.0835445645377197	0.10809615901894289	9.662617709690479E-4
179000	-2478.561189602056	-2327.743231081612	-150.81795852044368	0.115631009986186	0.08413257525176772	0.15452144465068374	0.0038110828761303505
180000	-2478.6501119847703	-2329.3260595373836	-149.32405244738666	0.10300319220189386	0.09662220189826351	0.12405713792170339	0.001601052451660029
181000	-2479.051572775075	-2329.1775271601614	-149.87404561491357	0.11256510446276258	0.12603047114075092	0.14006078221938875	0.001818241460643098
182000	-2478.649090879923	-2328.754194932537	-149.89489594738578	0.09530740084917466	0.11776718107069448	0.1360510205575296	0.003587059909009188
183000	-2481.0672567701836	-2329.9140213919454	-151.15323537823818	0.07670043268592355	0.08156207740375043	0.08792309398452176	0.0020210086778100146
184000	-2482.1777114439465	-2327.224757166132	-154.95295427781448	0.11753238243198948	0.04558502953325419	0.1621109371826593	0.0047872123006989726
185000	-2479.919517235272	-2327.0787868596453	-152.84073037562652	0.10383514708619013	0.08861086378899413	0.19154405283806458	0.0030981415424197866
186000	-2480.5493378184065	-2328.5822593052358	-151.9670785131709	0.07003754094234474	0.1646633496172527	0.1478317550077008	0.0010176853494265755
187000	-2480.3162895150763	-2328.548919950798	-151.7673695642786	0.0850264623736008	0.06670630711269322	0.10940240258265237	0.002913600212894908
188000	-2481.828797278534	-2332.8533303083677	-148.97546697016608	0.08518510673165866	0.14919713467180784	0.10138502179027457	1.2525943773685928E-4
189000	-2482.0880613129834	-2329.790165084863	-152.2978962281203	0.11449496896720092	0.05547145028598234	0.10152957703795273	0.0025823869122791002
190000	-2478.485961389968	-2327.6907777247798	-150.79518366518846	0.08705690898668376	0.11133294894350641	0.16719799142341404	0.0027466836752419723
191000	-2479.8527234727117	-2327.7951925315547	-152.057530941157	0.05903703329124122	0.07175161887329548	0.1264890898238198	9.735971655245415E-4
192000	-2481.810912121443	-2328.265412401428	-153.54549972001493	0.08410633155711014	0.044394285960430456	0.11301509449971946	0.0011904367655070623
193000	-2482.528015426067	-2326.185163480528	-156.342851945539	0.0620016837331436	0.05056628673466235	0.1948918043222154	0.0016995822165813306
194000	-2482.0965508009767	-2326.7671117473337	-155.32943905364314	0.05466995248113212	0.05506365351417992	0.1403076723495437	0.0011068562589966531
195000	-2478.2117260861064	-2328.295630680133	-149.9160954059734	0.08176564098956125	0.11128711537094489	0.1296087318104627	0.0021026843046068697
196000	-2478.954669181672	-2327.6253358671406	-151.32933331453143	0.085425229394876	0.08013098534493651	0.14683079123428802	0.003056990919728409
197000	-2478.847263664286	-2328.624394930436	-150.2228687338497	0.06747641259735035	0.09534949735405394	0.12055264045845746	0.0010245515722285448
198000	-2480.1298074070382	-2328.405560549381	-151.72424685765753	0.07411243961178751	0.17887106709565528	0.1393135081826161	0.001737976240882017
199000	-2481.801843776629	-2328.7409559525013	-153.06088782412786	0.1569289470316827	0.15065331364141424	0.16855598486248244	0.00478612860869135
200000	-2480.1935345334896	-2326.6996771642325	-153.49385736925706	0.12044530654817506	0.06713002270377197	0.1902079941124054	0.003967480414096122
201000	-2479.2836573646046	-2329.3534095609766	-149.93024780362788	0.10758214512553221	0.11742293195261476	0.12799171171186488	0.0042013326445331485
202000	-2483.0552744860856	-2325.682495157811	-157.37277932827456	0.10535781091434335	0.0462894604228696	0.21423921672246937	0.002219828770033845
203000	-2478.9479388169434	-2328.082914705932	-150.8650241110113	0.08672037883788045	0.06670500234572319	0.1320297470278117	0.0013669296879264031
204000	-2478.76740182973	-2329.0715729537314	-149.6958288759985	0.1207039323737641	0.13856299788569099	0.1536406232198794	0.0018207885649163123
205000	-2478.9264885984485	-2328.5236921900864	-150.40279640836195	0.10926455225914901	0.11692882256986807	0.14566939263319503	0.0037211001442259478
206000	-2479.4287193861146	-2329.095797029269	-150.33292235684587	0.09335885078117118	0.10084539122196497	0.1533562345593385	9.164231279199397E-4
207000	-2481.7451880138697	-2332.495053337729	-149.2501346761407	0.12712294056351453	0.07683504865221598	0.12725964382741844	9.559165006081143E-5
208000	-2479.287573934929	-2328.6565645675164	-150.63100936741222	0.11895385580876491	0.09885557340047053	0.13753649554664402	0.002793730538081642
209000	-2481.1962730026685	-2327.8771825253225	-153.3190904773461	0.05132569115004057	0.09271581919405505	0.14799665519161073	0.002002198928043116
210000	-2480.2081156314975	-2328.6898407843178	-151.51827484717973	0.10916092882032617	0.11513011807163334	0.21761697173126202	9.555188230290013E-4
211000	-2478.8952742435554	-2328.162096116289	-150.73317812726657	0.06407755957675373	0.09689350912914975	0.11484404478536898	0.001508289361720197
212000	-2478.310467623934	-2327.7922226052824	-150.51824501865184	0.0827702816677583	0.08063145016125514	0.14593676186616944	0.001417847298240447
213000	-2479.8351871830464	-2329.9808168682175	-149.85437031482866	0.15318905627173574	0.10739938124925573	0.15527669371262356	0.0012949786640425052
214000	-2482.095367025785	-2327.6223172751465	-154.47304975063844	0.065944316297877	0.06609368205509843	0.14938304909091116	9.400892407603501E-4
215000	-2482.2207189337337	-2326.9273597556826	-155.29335917805125	0.06065015140292974	0.04650481056598855	0.12694543799717414	0.0023067258251337915
216000	-2479.098575498411	-2327.999687128375	-151.09888837003544	0.08826755583602476	0.14676839663256402	0.16379659592923498	0.0022957363957614952
217000	-2480.214864808345	-2330.209518669594	-150.00534613875038	0.1088333661323125	0.0831909686753541	0.10342569973825283	0.0022941928084896927
218000	-2480.4726714740445	-2328.6192665319004	-151.85340494214398	0.11968184605003834	0.0652714828177427	0.18081084250870136	9.398529625222089E-4
219000	-2479.881497402882	-2327.673701135379	-152.20779626750294	0.1411390311437997	0.08421823071713977	0.1735280217791962	0.0025734649005742806
220000	-2478.729447354297	-2328.4462241108467	-150.2832232434502	0.0702557168735375	0.13926286826290363	0.12733632500523143	0.0014615371696413471
221000	-2482.592220492646	-2329.2026388153486	-153.38958167729737	0.044383289821266846	0.11810565291184541	0.08763282364085467	6.75710272195346E-4
222000	-2480.742742147308	-2328.8693729598563	-151.87336918745189	0.12339966305175222	0.054224154247071006	0.1383370726871875	0.0012357046014070136
223000	-2481.4467994560846	-2328.0235289694974	-153.42327048658706	0.042463948089017024	0.11244626792017512	0.09900641002287645	0.0012300926602157043
224000	-2483.7146688571006	-2333.3019134513443	-150.4127554057565	0.13059532925883685	0.10359570928603762	0.08744005589346496	0.004112954543650387
225000	-2480.9250642969782	-2330.0509977285374	-150.8740665684409	0.07393081310947654	0.1261062429524126	0.10898085686976974	8.239743324583287E-4
226000	-2480.3912191866793	-2327.9566906556674	-152.4345285310117	0.06557386917409135	0.10365207076802121	0.13039784615667127	0.002161776025617688
227000	-2483.724939754484	-2325.966889376341	-157.75805037814277	0.07628234983653925	0.03093279000346429	0.13008470803069738	0.0021233244549845164
228000	-2479.42941847377	-2328.6457996404606	-150.78361883330933	0.08414570241961919	0.16236245438064256	0.1388766419481595	0.0026378643459650463
229000	-2478.5103975216502	-2327.902275058592	-150.60812246305858	0.1128761793962871	0.09228357214998141	0.15713635555574007	0.004002954606800371
230000	-2479.177041048463	-2327.190891663832	-151.98614938463078	0.06326813790704142	0.08682042907525683	0.15288040939041012	0.0015209059791642747
231000	-2478.9721135362065	-2328.210768203365	-150.76134533284116	0.09925842748720722	0.10036857650642435	0.14449337551846342	0.0019595664543372556
232000	-2479.375915735975	-2327.7300097379907	-151.64590599798427	0.05835291113624242	0.10403367595168683	0.13374185300024366	0.001856797346719321
233000	-2479.7583290857833	-2328.2301467980988	-151.52818228768436	0.09991576006737662	0.17305810926247794	0.17162572081991212	0.0022689462191698906
234000	-2482.513206424809	-2329.1453302884697	-153.36787613633942	0.05661394866712107	0.10408047864963255	0.0909501115938512	0.0020174658582885184
235000	-2480.204773768818	-2328.560437985487	-151.64433578333092	0.1101716493705927	0.06184062767430582	0.12227723340754164	0.002050469708927651
236000	-2479.7930390667098	-2331.328512775296	-148.4645262914139	0.11956411672249764	0.1336059495441769	0.12250900689007937	7.775616339614049E-4
237000	-2479.3943456951756	-2329.2658739269473	-150.12847176822822	0.13355347612101084	0.09946400942228856	0.1525319322373626	0.0015217640582837573
238000	-2482.288415870186	-2329.954279050375	-152.33413681981085	0.054813916932421686	0.11475462248301216	0.07676214733252167	0.0012521447440291527
239000	-2482.8030423089176	-2330.4446763229435	-152.35836598597427	0.09464412859152961	0.11741982007077698	0.10432795528659625	0.0014364452364000564
240000	-2478.4790704624306	-2328.066172901555	-150.41289756087534	0.10439511145825847	0.07816424319307468	0.13349083029593692	0.002779209231959467
241000	-2484.116499385087	-2329.131445638169	-154.9850537469177	0.0722603948523007	0.1015733233377819	0.10652588733154499	0.0027928198137834163
242000	-2480.666396050085	-2328.6325008423387	-152.03389520774633	0.06567892486428006	0.09562878792668732	0.13051023149767685	0.0029457863951405515
243000	-2481.4313714997297	-2330.5049038325997	-150.92646766713008	0.08282153753947989	0.1062970117287393	0.13639640828304594	0.0051547953869408945
244000	-2479.4858550488216	-2327.588879653738	-151.8969753950838	0.13773694218697324	0.07230862835899504	0.16073834657788175	0.002789226055128223
245000	-2482.2246308766917	-2332.4082450100395	-149.81638586665193	0.13280436718907493	0.08104488013587073	0.09667815834299873	9.720604700904739E-4
246000	-2479.220335840334	-2327.80557790366	-151.4147579366739	0.09140184322658376	0.07336644444895236	0.13971886316030438	0.0034421996385507565
247000	-2480.106528036545	-2327.6629213477145	-152.44360668883053	0.0870153408057841	0.0795839140252314	0.13896792532791294	0.0019763479551528386
248000	-2478.4307019679586	-2328.053133457699	-150.37756851025944	0.07969659934867258	0.08877040299109012	0.14749340845141257	0.001214752221728841
249000	-2479.6920790236504	-2327.068209198381	-152.62386982526962	0.14012376437930488	0.07238239596526987	0.18554707385163674	0.0025968223486206154
250000	-2480.0569995764668	-2326.9071324410647	-153.14986713540182	0.07617017593668116	0.08072272418188542	0.18141920797673916	0.001960255992318405
251000	-2478.127104517435	-2328.494014968608	-149.63308954882697	0.09725448116669866	0.09925128659192019	0.129455691457668	0.002807561614874614
252000	-2478.9110523438626	-2328.771569748382	-150.13948259548067	0.09448147519168805	0.07160326120488295	0.12845443814351687	0.0012597962113757124
253000	-2479.8710135472197	-2328.431031305654	-151.43998224156562	0.09351878031131847	0.12170034558714128	0.13736385991466504	0.00251428935541131
254000	-2480.7603703898626	-2329.120033860456	-151.6403365294069	0.10962473577520904	0.05981799725526054	0.13448896430100407	0.0010597778433106629
255000	-2480.9674801291976	-2330.756173216513	-150.21130691268425	0.09207545070928888	0.09169161687261383	0.10871132139242463	7.56514660649269E-4
256000	-2478.2009807882064	-2329.0419318364734	-149.15904895173307	0.10208048497226524	0.12652544029332483	0.1407037800796685	0.0015508365934594041
257000	-2478.9057250008163	-2327.46391918224	-151.44180581857665	0.06198920815906833	0.08281426774954094	0.13163935520753867	0.001429290084583281
258000	-2480.2930965925093	-2329.073049955577	-151.2200466369323	0.06139939543523375	0.1538526104527087	0.11496189140930707	9.169690031649779E-4
259000	-2479.725681725293	-2329.3785564111777	-150.34712531411523	0.08917189916477028	0.16240523089096323	0.12489158692336391	0.0015797870489358576
260000	-2480.738306489061	-2329.0310499647976	-151.70725652426358	0.13130277403750296	0.05502379297876196	0.12770969358016934	0.0016616860080802909
261000	-2480.9589940531196	-2329.771970433437	-151.1870236196825	0.17526745887040487	0.11204101112211122	0.17948950993647605	0.0012559184775946203
262000	-2480.2624043521355	-2328.871103106104	-151.39130124603165	0.053816352345920304	0.11390320604763489	0.10196506147512052	8.851384355106814E-4
263000	-2481.439867086672	-2329.5869319664457	-151.85293512022628	0.05739202858335917	0.08805458949501219	0.10864729272876379	5.646989827175216E-4
264000	-2478.051649388423	-2328.365467743059	-149.68618164536386	0.11918406606809709	0.10579856122998568	0.14893118349258305	0.0026586085510993656
265000	-2479.8724053840165	-2327.215338516687	-152.65706686732918	0.10772700019289295	0.0846082187632413	0.21470692745998476	0.0017036409078760764
266000	-2480.8901462197773	-2329.9220689098597	-150.9680773099178	0.06906761191924335	0.14708474190485415	0.11926789491643872	6.664842661195894E-4
267000	-2480.7213838887665	-2327.7260890621556	-152.9952948266107	0.07842965962947684	0.07585765448355543	0.19929864818957574	9.268216359420577E-4
268000	-2481.2637507720556	-2330.475554608841	-150.78819616321488	0.13157087430159173	0.09091275214125066	0.11595737183948075	0.005853938882237524
269000	-2481.0001244377763	-2329.4538187718726	-151.54630566590353	0.1524264111720694	0.11740010878056588	0.14229483508491225	0.0032432015697504276
270000	-2481.1153324421603	-2329.960776270373	-151.15455617178708	0.13645051109210857	0.15843780813679548	0.13849332308523973	0.002378564663893531
271000	-2483.5438828718497	-2330.42822458733	-153.11565828451972	0.057127190777166555	0.08760306323693538	0.0702525838248961	0.0013174614875620582
272000	-2480.7744295608304	-2328.8146068461056	-151.959822714725	0.07851088274150252	0.1271792560030032	0.13643320284353125	0.003241844302609705
273000	-2478.4477816405906	-2328.642625039052	-149.80515660153887	0.12540181722763766	0.09763093641246452	0.16562578083762966	0.0015426078703234764
274000	-2479.9782418824975	-2328.276689023263	-151.7015528592345	0.07027153630443592	0.17318052871230055	0.15007337419562988	0.0012734811102675138
275000	-2478.5641084770323	-2327.1203665737467	-151.44374190328574	0.0876975098391494	0.07334141893444575	0.1718104912391921	0.0016033137165151947
276000	-2481.8477689177635	-2328.843171770253	-153.0045971475107	0.07101675017095653	0.06004716661411835	0.09728401418057955	0.0028678881901280746
277000	-2478.5802622051183	-2329.345161908653	-149.23510029646496	0.09539566717149713	0.0963441790302546	0.13325509818785833	0.0010765182037868917
278000	-2481.260898123365	-2327.633927964055	-153.62697015931002	0.051233614093167554	0.15400683981710256	0.1761456834638589	0.0010030743526606796
279000	-2481.1013671761552	-2331.626302112906	-149.47506506324896	0.10680001488662065	0.09838839380473971	0.10263546999107731	7.820835828750344E-4
280000	-2480.0132617433483	-2328.6335696242054	-151.37969211914282	0.09583532741091713	0.07718314422313548	0.17209577668701984	8.654233533836954E-4
281000	-2480.1280925590254	-2329.1075218908913	-151.02057066813418	0.0860064977922369	0.10101044300199777	0.1555054140712063	0.004422513090427509
282000	-2482.573210902524	-2326.5765204916324	-155.9966904108913	0.047638416951362374	0.05295063609378599	0.15886621434408021	9.296071316134866E-4
283000	-2479.486052152394	-2328.524556860788	-150.9614952916062	0.12435351112107752	0.10635200587933824	0.16624759197655528	0.0017355609087877596
284000	-2482.107750353482	-2329.6613029540295	-152.44644739945252	0.0841379292437856	0.0981852076114402	0.1634191385719414	5.367173859069265E-4
285000	-2482.9836098762194	-2331.7531473623894	-151.2304625138298	0.07694673532398824	0.12427455521678117	0.09468052896416979	0.004642048141521916
286000	-2478.7518173811427	-2328.0052323041077	-150.7465850770348	0.1279033701082187	0.08579599473135813	0.14986898419098063	0.0035740030525595956
287000	-2479.7208248953016	-2329.1102180819244	-150.61060681337736	0.08393056443617648	0.1050157115776729	0.1233105063288291	0.003640506759413127
288000	-2483.017157290605	-2328.4231846975877	-154.59397259301764	0.05383230122458774	0.07322772643508732	0.12023028728899397	6.862959030314767E-4
289000	-2481.5777595819886	-2328.433711879164	-153.1440477028247	0.088393449474355	0.05250740927572171	0.11521420100337633	0.0037644574371714077
290000	-2478.660404571809	-2328.161767718118	-150.49863685369107	0.06837910637594737	0.09181101067664431	0.12556829561576707	0.0012341698223232564
291000	-2482.0884047279405	-2326.9549473444017	-155.13345738353863	0.09637689152178171	0.08834904411218208	0.20106273931354304	0.00243203345270099
292000	-2480.679315797182	-2327.0204801887617	-153.65883560842033	0.05067758762245746	0.07083539766043873	0.13982004448440963	0.0010949263142583834
293000	-2479.463930417013	-2326.688858857247	-152.7750715597665	0.11644989146741858	0.054914916786960824	0.16222104470512438	0.002620409656424148
294000	-2479.145447535506	-2329.098110704096	-150.04733683140978	0.08602572945357664	0.11999884280592524	0.11513922654420596	0.002314300370502642
295000	-2480.9788529092457	-2327.764737420252	-153.21411548899374	0.044327507179143855	0.09219727747078549	0.1326664492214305	7.021001757756041E-4
296000	-2481.277881850198	-2328.358132545222	-152.919749304976	0.17507305978572796	0.08167923503640354	0.1995404177400474	0.001654575347620853
297000	-2479.771977837084	-2327.0684847154885	-152.70349312159544	0.06024495894018268	0.07832981016359382	0.1590485655362452	0.0018491250489428253
298000	-2484.3538218720437	-2326.383800499412	-157.97002137263175	0.06678385348287039	0.03576569874363313	0.12335966603201802	0.001433873574741169
299000	-2478.270833615119	-2328.3669099520366	-149.9039236630826	0.07799124303127812	0.10188621991000978	0.1331283193450805	0.0013288300768571368
300000	-2482.3131767104624	-2329.986166540563	-152.32701016989964	0.08006024380908126	0.05910983800867207	0.17160285116040547	3.233537444512098E-4
301000	-2479.5765651344423	-2328.5225681127686	-151.05399702167355	0.073261926051922	0.10367929269263601	0.11415681414597793	0.0019674333579676475
302000	-2478.962266105343	-2327.43400701604	-151.5282590893028	0.09230655053549991	0.06467979302875954	0.1350168056252714	0.0026350948081315427
303000	-2479.2908853820454	-2328.635320292943	-150.65556508910208	0.09772524348655587	0.13213898562565038	0.15967099469329288	0.0013771513744218306
304000	-2483.273496126329	-2327.6763118613712	-155.5971842649577	0.049969380539408574	0.10912908487325025	0.16159865543765878	0.001694443897642864
305000	-2479.690289183146	-2330.175367743449	-149.5149214396969	0.08029235858498263	0.12791845408582933	0.12719109336293283	6.398788985280545E-4
306000	-2478.6822814482	-2327.956590508708	-150.72569093949184	0.08271824316153313	0.08384952803473295	0.1352584436496988	0.003004483824137411
307000	-2481.206830757645	-2328.26422155499	-152.9426092026552	0.061284895912459746	0.05898525361878778	0.11200700178373571	8.872046918209904E-4
308000	-2480.0041976822977	-2328.2487065856476	-151.75549109665016	0.08007606441180726	0.13010577806091372	0.18293070790772378	0.0030869827085627933
309000	-2480.180623488856	-2328.623884978789	-151.55673851006654	0.055110220656967066	0.09048027011811186	0.10521364950108875	8.890839856499634E-4
310000	-2483.2363098588494	-2330.7914004337595	-152.4449094250901	0.08451397304822096	0.08372037010056756	0.13404642150914864	3.670441260575393E-4
311000	-2480.084005412865	-2328.497312584518	-151.58669282834683	0.07281582395721821	0.1079311100976142	0.16798664093326768	0.0032150527060058227
312000	-2484.3015765571963	-2326.387416082111	-157.91416047508548	0.1022942571597875	0.030646848852889094	0.13427833872729628	0.002639953600404516
313000	-2482.5852910263247	-2332.6327221858296	-149.95256884049508	0.06752916898750759	0.09080820581501081	0.1042170906968579	9.236686480881525E-5
314000	-2480.3095009151248	-2326.851494793774	-153.4580061213511	0.08013689309048894	0.04817875460524886	0.14091093729972698	0.001497160966401244
315000	-2479.875360694752	-2330.1788158886557	-149.69654480609657	0.09692759564575422	0.07792007615022392	0.11810637310558218	8.354124792003222E-4
316000	-2480.0925745198633	-2329.3337626043067	-150.75881191555672	0.06748650204445528	0.10153243936781677	0.09629066088722099	0.0013513599985281871
317000	-2479.6259851027135	-2327.787418531836	-151.8385665708773	0.06288238079422581	0.1285976342664526	0.1654522444219445	0.002018393059625932
318000	-2478.1297419705593	-2328.3265396378897	-149.80320233266949	0.09813286936605219	0.09953467838866446	0.1345786584418126	0.0024735085539337523
319000	-2480.2792652068974	-2329.4443618293276	-150.83490337756984	0.061030258863801055	0.1326746191311121	0.09916401005397503	9.822914604760784E-4
320000	-2477.9765837175783	-2327.706814426194	-150.26976929138445	0.07772410184535744	0.10123120644132445	0.15027062812185676	0.0016049604927887672
321000	-2478.426022900329	-2328.739776382966	-149.68624651736295	0.09562055616014567	0.12294395903243427	0.14952993431738	0.001365208782048427
322000	-2479.666992222329	-2328.219769548913	-151.44722267341587	0.06719667759399388	0.09396051066646295	0.11454864906835238	0.0020522950311961164
323000	-2480.1489431503383	-2327.8803841785584	-152.26855897178004	0.09310997500340537	0.0953962190490029	0.21911922157168004	0.0011145949032109637
324000	-2480.8265481565054	-2328.043808301938	-152.78273985456727	0.0574613921506797	0.08665157223396355	0.12796285504854868	0.0023022701898793305
325000	-2478.5641867625804	-2327.1536228817895	-151.41056388079082	0.08306120213388496	0.07134662815184561	0.14679249922318482	0.0021758505785754345
326000	-2479.346339479358	-2327.6440673526618	-151.70227212669616	0.06641300370724443	0.13588962132349866	0.1761761810752897	0.0013390391346715415
327000	-2480.0325003742773	-2328.442435562581	-151.59006481169612	0.05873905477733883	0.09707269431011181	0.10253766958539827	0.0018114613513148586
328000	-2479.1341846649984	-2329.3685912764554	-149.76559338854318	0.13697137568091053	0.10883579474562956	0.16483617771615075	0.0013081559072808417
329000	-2478.706039789451	-2327.1787461916633	-151.52729359778772	0.1260232435279898	0.08898530940081718	0.19242793259626234	0.0025977596584820625
330000	-2481.019006817287	-2328.0555089019736	-152.96349791531344	0.05692782064163387	0.06917588268589496	0.09914926258107057	0.0013926388579919586
331000	-2481.0490107467376	-2328.0040211186274	-153.04498962811036	0.0754479316078307	0.186535043119538	0.18443558828750556	0.0014221095073014896
332000	-2478.3423715972476	-2328.7651603049553	-149.5772112922921	0.09237417843664877	0.12608221872587258	0.1388585133060684	0.00154992585688844
333000	-2479.6522130000603	-2327.9537694454593	-151.69844355460097	0.06183198280508978	0.0839374359296695	0.1127370922506919	0.0018576403847624851
334000	-2481.408627465253	-2332.430772374837	-148.9778550904161	0.09571951114652184	0.14424395403613957	0.11166625370492063	2.055659355854098E-4
335000	-2480.837195090095	-2327.6945668464105	-153.1426282436847	0.048236718558456515	0.0941267907614937	0.15226392698244437	7.313965613291034E-4
336000	-2480.1004093202987	-2328.1240729714596	-151.976336348839	0.05913216853912831	0.1482293185937087	0.15359365203593395	9.220596195613211E-4
337000	-2478.275327299302	-2328.5046224695475	-149.77070482975435	0.09182688660887105	0.12428317847758616	0.14048530252648106	0.001789489751866818
338000	-2478.9833878117965	-2328.3729981872752	-150.61038962452122	0.08477721542800432	0.10012574260654558	0.12887201280500377	0.001763197708817183
339000	-2479.598977695681	-2327.9873638157387	-151.61161387994196	0.06730276210006127	0.10344444392095223	0.16180400895152183	0.0026160543387009926
340000	-2479.161238255074	-2327.38895427891	-151.7722839761635	0.0698858031944201	0.10663177938586899	0.17266834450178634	0.0014951093377896596
341000	-2481.2232780851864	-2328.6311167905064	-152.59216129467976	0.061982719002168035	0.12319069925671618	0.10687783881810348	0.0015643044900146845
342000	-2478.3430283065836	-2328.571698050079	-149.77133025650485	0.08650632138206207	0.12136203649649782	0.128494034769197	0.002190108708707668
343000	-2480.5941866514686	-2329.56382443827	-151.03036221319883	0.06611404316043999	0.10685046598923513	0.09579574683093817	0.0011218231570191831
344000	-2479.5925322698404	-2327.8307703634223	-151.76176190641795	0.08564485003307254	0.06328185471624179	0.12208070049253344	0.0028318095741872848
345000	-2480.957309905914	-2328.074386541415	-152.88292336449882	0.11024540875140808	0.10100225069641566	0.2088498372705667	0.004781176002015382
346000	-2482.456480197181	-2327.5620593803915	-154.89442081678942	0.09571036121260157	0.04593975281245617	0.11977457746111632	0.002869457902093048
347000	-2479.212324599403	-2329.4081406984105	-149.8041839009925	0.07647808947685837	0.14484834707385183	0.12896129637760115	9.082803101145043E-4
348000	-2481.128394546649	-2326.71370634257	-154.4146882040789	0.06977410259142039	0.057236468095406765	0.17832333863780622	0.002487412158498183
349000	-2480.821486428822	-2328.59893512318	-152.22255130564184	0.06795873945544782	0.17441353563277692	0.1330859674178716	0.001201118717180406
350000	-2479.438412184235	-2329.359545821247	-150.07886636298758	0.08017524162644679	0.1119773019093096	0.1048211543873434	0.001962907476432177
351000	-2477.879907187738	-2328.053495349648	-149.82641183808968	0.08292419421910423	0.11079695296896827	0.13906950552787609	0.0020101109987594365
352000	-2480.4771848941664	-2327.2424463948864	-153.23473849928013	0.05378851295092793	0.07524184327796278	0.1276264325329954	0.0015818096156061424
353000	-2480.378221491177	-2329.1585336632243	-151.2196878279527	0.12264270542663498	0.07044702376079945	0.1604934791689204	9.576784742121781E-4
354000	-2483.2168025088463	-2325.8738342728043	-157.34296823604205	0.05600257790726406	0.03787502036007134	0.14736767898903438	0.0012963037095568887
355000	-2482.8795299119924	-2332.7978407690243	-150.08168914296817	0.10645559195408437	0.12413849181942031	0.08343196905112106	0.003255465316656356
356000	-2482.9190399219324	-2330.429483318944	-152.48955660298836	0.08999355778801112	0.07325349137108807	0.1606319980937047	0.006113385472366195
357000	-2483.655673367729	-2328.7708959859933	-154.88477738173555	0.04341151262506837	0.105618337474354	0.09123326344704044	7.188159239220854E-4
358000	-2479.1807533094498	-2327.303621989381	-151.87713132006883	0.06790604540479439	0.09256410059697504	0.16985077912952706	0.0021158175014013565
359000	-2477.9717196618176	-2327.659184977609	-150.31253468420863	0.07678661097932517	0.0946462314120399	0.14275322997463652	0.001778161179875693
360000	-2483.6599528456363	-2328.3738330319125	-155.28611981372387	0.08900281732423815	0.1078128599348255	0.2411794474613447	0.003577388534410113
361000	-2479.798465843271	-2328.4506633601363	-151.34780248313453	0.15548479563969883	0.102375993570783	0.18264976655843887	0.0020031374310030144
362000	-2480.4401762448033	-2331.3092157870933	-149.13096045771016	0.13592266870534628	0.10784515455171269	0.16203881676054652	3.178184380521779E-4
363000	-2478.5893408950565	-2328.246099726131	-150.3432411689255	0.09446954602194277	0.0975762981541654	0.134083885992478	0.0028375629493354137
364000	-2478.9919262878316	-2328.2872746796047	-150.7046516082267	0.10557161525576068	0.07655070655982739	0.13616072436366441	0.0018836849712694258
365000	-2479.993447461355	-2328.7514436169195	-151.2420038444355	0.06915100501073394	0.15062256098642804	0.17105803160842337	7.333822808443862E-4
366000	-2478.7990888916843	-2327.2506229031455	-151.5484659885388	0.06603032125854101	0.09857227807212288	0.16736822428514816	0.0016332378015951497
367000	-2480.330802006107	-2328.479579796603	-151.8512222095043	0.134876701675683	0.05868831522008721	0.13281297522430038	0.0023567159613465845
368000	-2479.3095348854886	-2328.6057209193004	-150.7038139661882	0.06564401644134692	0.0878994868752801	0.1187234501929027	9.672141362253799E-4
369000	-2478.4559177261476	-2327.4493633292163	-151.0065543969314	0.06564731650351707	0.09366523220626553	0.14415006615358422	0.0015299241227780711
370000	-2480.709218526629	-2328.7251263530393	-151.9840921735896	0.1534621209758866	0.13981839285378478	0.1661627094296148	0.005311559086500163
371000	-2480.276221687035	-2327.218973927724	-153.05724775931102	0.08829307038559808	0.07560598293365316	0.15153380466230026	0.002491870405855362
372000	-2481.482055295619	-2331.2551483019524	-150.2269069936666	0.08765780505675587	0.08602373211374009	0.10950102489258239	4.6733743855846386E-4
373000	-2478.9487280901635	-2329.379521146755	-149.56920694340872	0.11584986032248584	0.08326656519888814	0.13678327292452755	0.0012802837083421823
374000	-2479.1825947346388	-2327.564741309079	-151.61785342555982	0.08518127336256502	0.0831173424608172	0.17867871830516505	0.0012654659680775625
375000	-2480.6441727154106	-2328.9950808063377	-151.64909190907284	0.13677036295274214	0.08427607425005823	0.14967150488297015	0.006626099248368329
376000	-2478.214760169346	-2327.941383086386	-150.27337708296017	0.10089637825971672	0.09187044005980687	0.14350362913064596	0.002950780316203741
377000	-2478.4488681830644	-2327.4280302404986	-151.0208379425658	0.06739469394398714	0.09257245183242467	0.14425673158524716	0.0018206367662512279
378000	-2483.0787504407513	-2330.9514162687165	-152.1273341720348	0.16458517559982183	0.08842185210799627	0.12050729841640234	0.007396925584570028
379000	-2482.6998856556615	-2331.985149545407	-150.71473611025473	0.07783226581106387	0.14360977130452438	0.07708714620518964	0.001267087335305364
380000	-2484.483592022724	-2331.715208898426	-152.7683831242982	0.16584115763795815	0.08617911684134649	0.1094588320671983	0.005789888908418311
381000	-2478.4711432846257	-2328.1980683851	-150.27307489952548	0.10635957660498697	0.0816728030079922	0.15281568436074502	0.001551726233753964
382000	-2480.6622084703517	-2326.8161812534468	-153.84602721690493	0.09815051323482406	0.04885799116734226	0.1545293828151357	0.0017029839988721535
383000	-2482.2666820024815	-2333.5807160193062	-148.68596598317515	0.09337650587092827	0.12203966736572144	0.08812609127896019	2.0286934879330707E-5
384000	-2480.940000589929	-2327.5484844511548	-153.39151613877402	0.1046034243577488	0.05580413488863284	0.16392966284234606	0.0013204562495393206
385000	-2480.4395808502522	-2329.4426989530584	-150.99688189719396	0.06339120692046162	0.1360698270860775	0.10612362589852112	9.082644223132579E-4
386000	-2482.952966107084	-2330.765103247612	-152.18786285947235	0.06252352393583947	0.11446451132288295	0.07403551657386158	0.0018526683911894931
387000	-2479.5754383477592	-2328.6732134981658	-150.90222484959355	0.0832550687718333	0.09620071403841231	0.11663461884978955	0.0026486822851750445
388000	-2480.0663202124815	-2328.381730004898	-151.68459020758317	0.07484904236974492	0.0759957685103086	0.17336569443004968	7.236723973960299E-4
389000	-2480.0456102566313	-2328.6842917686513	-151.36131848797996	0.11561260247242906	0.05966105242032447	0.11985732314688252	0.002305063684282192
390000	-2478.917233769633	-2329.1456337991567	-149.77159997047642	0.07254958856312166	0.10532405469288589	0.11540091918455496	0.0010397463793130773
391000	-2479.7302027723713	-2326.973831034996	-152.75637173737536	0.06411157381081968	0.06799900536398401	0.14145486832166182	0.001615957545986155
392000	-2478.6054391566813	-2327.24303721859	-151.36240193809112	0.12083876982621168	0.07612730854086841	0.16522821545835792	0.0034929681139821036
393000	-2485.1959749734683	-2331.334321290773	-153.8616536826953	0.22261028362380292	0.09358202788063898	0.19865329852288083	2.245897831225208E-4
394000	-2479.427065560078	-2328.2078386458747	-151.2192269142035	0.09886973187283343	0.07039275536959037	0.15436158494691604	0.001204114512251871
395000	-2480.095092899653	-2329.3285409618175	-150.76655193783566	0.0709069400310026	0.12216302615076954	0.12291520085400999	0.0032866835843763814
396000	-2479.7293065919303	-2328.3008559351315	-151.42845065679873	0.11445572893707538	0.07224183967324536	0.13220162760581175	0.0024570261858782956
397000	-2480.766539392316	-2329.981104018567	-150.7854353737495	0.07340092153798107	0.09863330685746366	0.17803324997686018	3.435434107952527E-4
398000	-2479.476959139216	-2329.622300519419	-149.85465861979696	0.10794432602719567	0.08826125733749046	0.11090413759542467	0.0027062200200715734
399000	-2480.9270173868545	-2330.2429875508014	-150.68402983605282	0.07788804289829777	0.09948159442162136	0.08909184679244035	0.0025568786018142406
400000	-2478.567316942212	-2327.816871448792	-150.75044549342002	0.08035709059857496	0.07734169891032693	0.13346508937717663	0.001577023078276165
401000	-2479.828811837874	-2331.3999565371864	-148.42885530068762	0.10534647659478467	0.13567532020097806	0.12372175018352015	5.222472907582897E-4
402000	-2479.286838796264	-2328.6400559888907	-150.64678280737314	0.1083092275039718	0.06439371546916607	0.13302082262752685	0.0014425601913552709
403000	-2483.624894119364	-2327.054124714232	-156.57076940513218	0.031917237126419196	0.08719403798049127	0.153825849127921	8.683924300948363E-4
404000	-2478.915886404049	-2327.4008462332176	-151.51504017083144	0.08098031511810791	0.06792646682738604	0.13405285207093298	0.0019233313815221723
405000	-2479.929158829596	-2328.447103413769	-151.48205541582678	0.08087487113481981	0.07793605293606874	0.15795821906798746	8.58148423993039E-4
406000	-2478.588434055517	-2328.057866181622	-150.5305678738952	0.07486015083115222	0.1334161733974681	0.1419818624018203	0.0018428333551980117
407000	-2479.571650894337	-2327.4880363398565	-152.0836145544804	0.0732257049153553	0.061764070201037094	0.12204375231322875	0.001695136575495354
408000	-2481.5665573109436	-2330.5118891919715	-151.05466811897196	0.088315383490229	0.08368672344640389	0.1133848099436936	6.746295393507123E-4
409000	-2478.348161908704	-2327.486489262408	-150.86167264629555	0.0965039033238319	0.09010672813265581	0.16296827503532602	0.0031204355630552565
410000	-2482.912149501405	-2327.972846322468	-154.93930317893708	0.05878596689120636	0.050774082530295424	0.10178129352806935	0.002429899903717281
411000	-2481.562872512755	-2332.3588408735445	-149.20403163921046	0.09588652683923611	0.1607283928753267	0.10861462623349273	2.749387406070453E-4
412000	-2479.057263550968	-2329.4002491236092	-149.6570144273587	0.07987500862942018	0.10335062358141894	0.10976047525956348	0.0012846393105037607
413000	-2478.351857528196	-2327.772781068833	-150.5790764593631	0.09474356269492301	0.08286473554520202	0.14122724306034393	0.0029737028227009524
414000	-2479.9775148003155	-2329.9660904642806	-150.0114243360348	0.06709572439774501	0.12081692403089404	0.14402676837240747	4.326337751946041E-4
415000	-2478.908961447921	-2327.8207868130526	-151.08817463486807	0.10281925090664056	0.08436569949316433	0.1600900353848807	0.004065594571710067
416000	-2481.707133490205	-2328.594734157698	-153.11239933250658	0.08403869675907696	0.18508957220122643	0.17138263841457546	0.0011603186093677262
417000	-2481.6174911192047	-2327.614681000933	-154.00281011827133	0.04140131519783316	0.08047912693742532	0.12856271510246461	6.70107914284613E-4
418000	-2483.1820078334877	-2327.8785207592737	-155.30348707421405	0.04804104805404647	0.1045258668389166	0.17877224000711156	0.0017275545427344798
419000	-2482.847281028206	-2331.2029671637756	-151.64431386443027	0.08247370908846584	0.06311826002799113	0.0829641913123856	8.720064324090639E-4
420000	-2480.166717548538	-2329.258313648851	-150.90840389968687	0.08195756613140762	0.069304833284693	0.10044776901417533	0.0014851280410918414
421000	-2479.1853380364455	-2327.5889575487226	-151.59638048772285	0.10661158595944842	0.08576161031720744	0.16671414432620105	0.0019474438920409627
422000	-2483.0661669653255	-2328.7149334994974	-154.35123346582822	0.15136712310278963	0.1488057512866725	0.1670192774201029	0.003823200171823967
423000	-2478.4910636895147	-2328.1273527806243	-150.36371090889028	0.08787792639800401	0.08337272455966428	0.127283029905087	0.0028068760416046007
424000	-2478.847553389995	-2327.7013357828077	-151.14621760718725	0.11763564118020542	0.07245860269281082	0.14561963289192476	0.002968473783784665
425000	-2480.9048863957364	-2326.84837980043	-154.0565065953064	0.04862202387557471	0.07079289331455135	0.15386798092646925	0.0011017196784877498
426000	-2479.7838646216537	-2328.427951099511	-151.35591352214246	0.0726491599826835	0.0921066038743119	0.1730384362255749	7.507898136058941E-4
427000	-2479.2227544812495	-2327.7067962102005	-151.51595827104902	0.1191326253057949	0.06599838899072459	0.14214520034883388	0.0035936711893800556
428000	-2481.809277441503	-2331.4907710211796	-150.31850642032362	0.1142216415804061	0.11198050703978388	0.11344617266219785	7.389603915897438E-4
429000	-2478.9616705415892	-2329.280741859664	-149.68092868192505	0.0845373490927405	0.08632250431343987	0.1224401792763082	0.0010108280084021373
430000	-2480.3848725885596	-2326.856249718424	-153.52862287013576	0.1104159507747993	0.05406716714100483	0.15839200506697235	0.0037210228094047937
431000	-2487.621643722393	-2328.734848040595	-158.88679568179822	0.08809422388111832	0.1463932022975641	0.2229116552719412	8.164820828859125E-4
432000	-2480.0206424883872	-2327.6379857426828	-152.38265674570454	0.12563734609095728	0.09197991627826654	0.1904161836807788	0.004993242618501369
433000	-2479.273752719925	-2328.9112809826315	-150.36247173729367	0.06967681158458472	0.11594946539792406	0.11545000303339485	0.0011584095629645975
434000	-2479.88822513445	-2328.40863461469	-151.4795905197597	0.08583213056067826	0.06629806335636723	0.11250379724010304	0.0018522680702830333
435000	-2478.5410974079905	-2329.3174500899927	-149.22364731799757	0.12342823315974295	0.1043636530905248	0.13359869957256887	0.002122275022071821
436000	-2478.4113491406324	-2327.70447294638	-150.70687619425246	0.08065600665015904	0.09333601028514012	0.1476545601273007	0.002688603535000623
437000	-2481.709343482047	-2327.514945685214	-154.19439779683313	0.09346592774566315	0.07373771756414878	0.186912266204249	0.003922150760815101
438000	-2478.7106515118826	-2328.7810358185243	-149.92961569335824	0.10202621923430577	0.10154398138176132	0.1263738660080938	0.0029591196285963734
439000	-2479.396192067257	-2329.379804224713	-150.0163878425438	0.08048088966034106	0.09115152213385132	0.12504504361687344	8.669772922658975E-4
440000	-2479.8373132180113	-2327.905745976312	-151.93156724169918	0.09259617545653993	0.061419204275893834	0.16869984493697276	0.0010196318526074324
441000	-2482.066507655223	-2326.853756464267	-155.21275119095637	0.048035036243000304	0.07181684961071799	0.18822050868142104	0.0010448972276911734
442000	-2481.5734330630808	-2330.682975499029	-150.89045756405196	0.15723653095719492	0.14253859724416815	0.158986132589538	9.436947928224365E-4
443000	-2480.1007412506788	-2330.1870133973516	-149.91372785332703	0.09155351320862716	0.12873819276689144	0.1401690656833792	6.528608773457591E-4
444000	-2479.1266884287693	-2327.501543795651	-151.62514463311848	0.08232699124014832	0.07291531793931937	0.1419849120429969	0.0016407455593861766
445000	-2479.4198483124865	-2328.3331250705564	-151.08672324192983	0.13414214100044936	0.09679393305470868	0.15383197824778358	0.0048301715769311915
446000	-2482.953785483306	-2327.26234819378	-155.69143728952633	0.05626634635369609	0.08622282508655363	0.23082606316512833	0.0013564306611926105
447000	-2481.6422154787583	-2330.4609091112584	-151.18130636749996	0.12604237845697264	0.10120987343726127	0.1235066073640747	0.0013603311695037838
448000	-2480.9011806289886	-2330.5055671587	-150.39561347028854	0.1203241414429081	0.11671383745207257	0.11895915129911735	0.005725448538547713
449000	-2481.148295469527	-2328.105122119962	-153.04317334956525	0.04934393508842994	0.11000158342527033	0.10422075383131431	0.00129847132293712
450000	-2481.826451866977	-2328.730318415627	-153.09613345134974	0.13313236197125003	0.053952496014063524	0.12995973395886506	0.005118625309354578
451000	-2478.173611467787	-2327.348796023386	-150.82481544440108	0.09637347784672524	0.07910422590367046	0.1646847286541251	0.0018418061528444444
452000	-2479.583795360434	-2327.3196799164357	-152.26411544399826	0.08068430567053293	0.058002206901603626	0.12597552004475424	0.002162482628894901
453000	-2480.103295096147	-2327.6421398672014	-152.46115522894561	0.09549901012018443	0.055003554373232476	0.12585393970320624	0.003094479392691827
454000	-2479.0130340429023	-2327.581785741444	-151.43124830145808	0.06467612600467341	0.08246092507730363	0.1261486160010879	0.0016921844490878112
455000	-2480.529154145077	-2329.336289525879	-151.1928646191984	0.07580676042473801	0.08707798799018063	0.12309217967966915	0.003899388722171244
456000	-2481.0893243046908	-2327.899097992584	-153.19022631210697	0.07602651642718858	0.060512407057886075	0.144124692381018	0.003524490503635539
457000	-2480.5161995395006	-2330.233679630283	-150.28251990921783	0.1292187187286744	0.13234752718445617	0.12134588978090059	0.003591457648756296
458000	-2480.8556592587965	-2327.102187492442	-153.75347176635427	0.07264906874535772	0.0779362071411988	0.17925593331509998	0.0013244843086056347
459000	-2478.528444054969	-2328.478692822979	-150.04975123198966	0.09281179215719798	0.09597212620869885	0.13135529931140977	0.0033839602822253556
460000	-2483.6838396560306	-2327.7064369365617	-155.97740271946893	0.04772622768765715	0.18114341950934823	0.19259046694953413	9.535677794508642E-4
461000	-2478.854007026676	-2327.9536096761126	-150.90039735056325	0.07877507664243989	0.08681965384166218	0.13977479798500275	0.0013792006736224036
462000	-2484.3418779438657	-2327.840815261138	-156.50106268272776	0.04394222439184551	0.05498431319966037	0.13274078829230734	0.0020267571627997317
463000	-2481.4102048922027	-2331.636745650374	-149.77345924182862	0.07464425821554987	0.14557413413871384	0.0950061254341664	4.842443074316615E-4
464000	-2480.106759011072	-2327.3853847053415	-152.72137430573036	0.055170553137010726	0.07423287918192914	0.12150556027213401	0.0013111759575519138
465000	-2478.8858124368653	-2327.6454779929445	-151.2403344439206	0.08709383670433675	0.09510195987614008	0.17087242688284562	0.003172051011272308
466000	-2484.6966973585227	-2332.1857280428635	-152.51096931565934	0.07820075461489716	0.07786390863446539	0.07189755686099422	0.003437153184872355
467000	-2480.023002407523	-2331.338314282298	-148.68468812522497	0.13215564538854493	0.13614338934098455	0.14171651865877777	5.436720369913668E-4
468000	-2483.4960033160737	-2328.936154887577	-154.5598484284971	0.14776352004772972	0.05076988932570982	0.12425528009702111	0.0027005713482841443
469000	-2478.0106603535155	-2328.7404829650804	-149.27017738843506	0.10049010187389415	0.11159643138913303	0.15387273806066712	0.001311344437804978
470000	-2478.7652933322424	-2328.463915648873	-150.30137768336934	0.08310265320989017	0.14462556070384638	0.1388013917284114	0.0025455220465927836
471000	-2480.7604845963197	-2329.161684487537	-151.59880010878237	0.05869662560942781	0.12439965785844424	0.09259584626971883	0.001526157863508748
472000	-2481.40081008056	-2329.797817341476	-151.60299273908407	0.06683606219666374	0.08920812108760372	0.10508525675972574	0.0034663688350789076
473000	-2481.441212483335	-2327.136027534121	-154.3051849492142	0.04971135783319818	0.0744207132769971	0.12893884075316006	0.0012002187590128457
474000	-2481.7139044509117	-2331.1583965133495	-150.555507937562	0.07772159916903662	0.10184068334302138	0.08149707596206975	0.001303996547387864
475000	-2484.1186113773724	-2327.6024619797067	-156.51614939766552	0.08269451843245632	0.03868798613897886	0.11415408931449084	0.003150769363585283
476000	-2480.092160500902	-2329.22408817317	-150.868072327732	0.10388922569583095	0.17053405850254286	0.15821104433777694	0.0012720684031792698
477000	-2478.7693665268926	-2329.533119971825	-149.23624655506777	0.08424488098263333	0.10767953854114189	0.1124956770696495	0.001284990825440415
478000	-2479.849212017123	-2327.9030982912327	-151.9461137258906	0.09064274162811789	0.09037324716890437	0.18078365153341153	0.003804407672075099
479000	-2479.3957332404443	-2329.150672224002	-150.24506101644215	0.07896993261545059	0.08093806131628778	0.15156038133622765	6.497062502534404E-4
480000	-2482.2105953949226	-2328.243390003331	-153.96720539159145	0.061843132536211445	0.07085767938918872	0.09921968312648045	0.0016386873614150043
481000	-2478.7940015805407	-2327.0230647448884	-151.77093683565218	0.1062087782067312	0.0644530070318255	0.15572788033429227	0.0026126991859780433
482000	-2478.4799347686426	-2329.067651950859	-149.41228281778396	0.12226298600966706	0.09135403568192496	0.13486357870149174	0.0020167082217540863
483000	-2483.774152094442	-2331.382226867362	-152.39192522707995	0.062441608995622	0.1336121787925262	0.10234734268115503	0.003895559853029852
484000	-2482.2250828951132	-2328.440676872202	-153.7844060229111	0.039989400188159455	0.12167533758873801	0.15173006089020388	4.3837362214597014E-4
485000	-2478.6950151354754	-2329.212036788966	-149.48297834650913	0.11493031928110709	0.10877970200989218	0.12706501036755458	0.002798374535596279
486000	-2481.6548297888603	-2326.5010000893967	-155.15382969946344	0.06561211379255324	0.05174930770492778	0.1715115679442266	0.0022760016357574126
487000	-2480.1444154805686	-2327.5135575498043	-152.63085793076436	0.14692132988371162	0.11820947663146497	0.20506372229506176	0.003367360851754889
488000	-2479.22001110761	-2328.0966362213735	-151.12337488623632	0.07733255645066614	0.08275880958452073	0.15912870201469	9.770242193045846E-4
489000	-2479.312277116267	-2329.0246331068493	-150.28764400941765	0.09241682173728097	0.15543877007232346	0.1617829326708293	0.001060067738403138
490000	-2479.932326135307	-2329.7037428700596	-150.22858326524727	0.07008869810941726	0.0945699834693146	0.10812430671221021	7.912988939775988E-4
491000	-2481.384858119554	-2330.7205277971116	-150.66433032244242	0.1320859023900855	0.062261262405884435	0.11385578388772309	0.0010957747612940967
492000	-2481.3137378309066	-2327.812441126832	-153.5012967040747	0.08678996698018471	0.13579505608934192	0.208924673258075	0.0026933654277873868
493000	-2479.6388712948283	-2328.411314874545	-151.2275564202832	0.12554127296075315	0.07427414065636073	0.18067287181439273	0.0011964607402613588
494000	-2482.5251992175886	-2327.7300024571477	-154.79519676044086	0.05862484189745483	0.057055949571355756	0.10501025823955246	0.0021199629285313373
495000	-2482.3876117891964	-2326.89497837739	-155.4926334118064	0.0696477272048264	0.04662471411428856	0.18692060597265708	9.080642001443207E-4
496000	-2482.1021850600105	-2326.673603161688	-155.4285818983224	0.08875114830357483	0.05501319477038967	0.1829829574950255	0.001444023289937065
497000	-2479.671268609325	-2326.6014149536577	-153.06985365566737	0.12982354063878698	0.06281554958339541	0.18102356106675208	0.0036561084843052634
498000	-2478.2431974687925	-2328.369279679124	-149.8739177896686	0.11269711027807053	0.10531937190729733	0.14416807111499597	0.003474018064239816
499000	-2480.3311741266502	-2328.674681612166	-151.6564925144845	0.08915515877717804	0.07513933813707381	0.11275441119076873	0.002009925736290941
500000	-2480.427348381125	-2329.471048659275	-150.95629972184977	0.0833795139100079	0.18262934911786016	0.11753045156057824	0.0017217666309973035
