#
#model:
#
#<?xml version="1.0" encoding="UTF-8" standalone="no"?><input id="posterior" spec="beast.core.util.CompoundDistribution">
#    <distribution id="prior" spec="beast.core.util.CompoundDistribution">
#        <prior id="lambdaPrior.bfd" name="distribution">
#            <parameter id="lambda" lower="0.0" name="x" spec="beast.core.parameter.RealParameter">0.01</parameter>
#            <Gamma id="Gamma.0" name="distr">
#                <parameter estimate="false" id="RealParameter.1" name="alpha" spec="beast.core.parameter.RealParameter">2.0</parameter>
#                <parameter estimate="false" id="RealParameter.2" name="beta" spec="beast.core.parameter.RealParameter">200.0</parameter>
#            </Gamma>
#        </prior>
#        <distribution id="snapprior.bfd" lambda="@lambda" spec="snap.likelihood.SnAPPrior">
#            <parameter estimate="false" id="alpha" lower="0.0" name="alpha" spec="beast.core.parameter.RealParameter">11.75</parameter>
#            <parameter estimate="false" id="beta" lower="0.0" name="beta" spec="beast.core.parameter.RealParameter">109.73</parameter>
#            <parameter estimate="false" id="kappa" lower="0.0" name="kappa" spec="beast.core.parameter.RealParameter">1.0</parameter>
#            <parameter id="coalescenceRate" name="coalescenceRate" spec="beast.core.parameter.RealParameter">10.0</parameter>
#            <tree clusterType="upgma" id="Tree.bfd" nodetype="snap.NodeData" spec="beast.util.ClusterTree">
#                <taxa dataType="integerdata" id="snap.bfd" spec="snap.Data">
#                    <taxonset id="ant" spec="beast.evolution.alignment.TaxonSet">
#                        <taxon id="Carpish_B72761.Huanuco.Acomayo" spec="beast.evolution.alignment.Taxon"/>
#                        <taxon id="Carpish_B72772.Huanuco.Mitotambo" spec="beast.evolution.alignment.Taxon"/>
#                        <taxon id="Amotape_B67243.Tumbes.Amotape" spec="beast.evolution.alignment.Taxon"/>
#                        <taxon id="Amotape_B67257.Tumbes.Amotape" spec="beast.evolution.alignment.Taxon"/>
#                        <taxon id="Chavinillo_B72789.Huanuco.Chavinillo" spec="beast.evolution.alignment.Taxon"/>
#                        <taxon id="Chavinillo_B72792.Huanuco.Chavinillo" spec="beast.evolution.alignment.Taxon"/>
#                        <taxon id="Quichas_B72777.Lima.Quichas" spec="beast.evolution.alignment.Taxon"/>
#                        <taxon id="Quichas_B72778.Lima.Quichas" spec="beast.evolution.alignment.Taxon"/>
#                        <taxon id="Canchaque_B72873.Piura.Canchaque" spec="beast.evolution.alignment.Taxon"/>
#                        <taxon id="Canchaque_B72878.Piura.Canchaque" spec="beast.evolution.alignment.Taxon"/>
#                        <taxon id="Huamatanga_B72889.Lima.Huamatanga" spec="beast.evolution.alignment.Taxon"/>
#                        <taxon id="Huamatanga_B72892.Lima.Huamatanga" spec="beast.evolution.alignment.Taxon"/>
#                        <taxon id="Porculla_B72863.Piura.Porculla" spec="beast.evolution.alignment.Taxon"/>
#                        <taxon id="Porculla_B72866.Piura.Porculla" spec="beast.evolution.alignment.Taxon"/>
#                        <taxon id="LaQuinua_B72753.Pasco.LaQuinua" spec="beast.evolution.alignment.Taxon"/>
#                        <taxon id="LaQuinua_B72756.Pasco.LaQuinua" spec="beast.evolution.alignment.Taxon"/>
#                    </taxonset>
#                    <taxonset id="cur" spec="beast.evolution.alignment.TaxonSet">
#                        <taxon id="curtata_cra.cur.B6032" spec="beast.evolution.alignment.Taxon"/>
#                        <taxon id="curtata_cra.cur.B8175" spec="beast.evolution.alignment.Taxon"/>
#                    </taxonset>
#                </taxa>
#                <parameter id="RealParameter.0" lower="0.0" name="clock.rate" spec="beast.core.parameter.RealParameter" upper="0.0">1.0</parameter>
#            </tree>
#        </distribution>
#    </distribution>
#    <distribution id="likelihood" spec="beast.core.util.CompoundDistribution">
#        <distribution data="@snap.bfd" id="treeLikelihood.bfd" non-polymorphic="false" pattern="coalescenceRate" spec="snap.likelihood.SnAPTreeLikelihood" tree="@Tree.bfd">
#            <siteModel id="MutationSiteModel.bfd" spec="beast.evolution.sitemodel.SiteModel">
#                <parameter estimate="false" id="mutationRate" name="mutationRate" spec="beast.core.parameter.RealParameter">1.0</parameter>
#                <parameter estimate="false" id="shape" name="shape" spec="beast.core.parameter.RealParameter">2.0</parameter>
#                <parameter estimate="false" id="proportionInvariant" name="proportionInvariant" spec="beast.core.parameter.RealParameter">0.0</parameter>
#                <substModel coalescenceRate="@coalescenceRate" id="MutationModel" spec="snap.likelihood.SnapSubstitutionModel">
#                    <parameter estimate="false" id="u" lower="0.0" name="mutationRateU" spec="beast.core.parameter.RealParameter">1.0</parameter>
#                    <parameter id="v" lower="0.0" name="mutationRateV" spec="beast.core.parameter.RealParameter">1.0</parameter>
#                </substModel>
#            </siteModel>
#        </distribution>
#    </distribution>
#</input>
#
Sample	posterior	likelihood	prior	theta0	theta1	theta2	TreeHeightLogger
0	-1717.0698336529379	-1560.3413896328486	-156.72844402008928	0.09578919391866372	0.06965254526072528	0.0953197499869205	0.004120184607681543
1000	-1711.1018101399654	-1561.760748644183	-149.34106149578247	0.10105617556898946	0.07764138994495855	0.10946124031169069	7.979318304374163E-4
2000	-1714.3429112321712	-1559.4987773800447	-154.8441338521266	0.10296228673213687	0.03758012024764307	0.13354776839812676	0.0010089191873947055
3000	-1710.9133246431988	-1560.839914264848	-150.073410378351	0.12340025590671186	0.1385134179218425	0.12807377411162818	0.002590137299045178
4000	-1711.4631228199507	-1560.3707421513818	-151.09238066856884	0.07399024770013389	0.09441321930533043	0.10057483036414754	0.001900909421081588
5000	-1714.2376471443038	-1559.3830165590127	-154.85463058529106	0.0638394416088848	0.05025918369994636	0.13560448007843823	0.0031485809632957906
6000	-1711.8545242714758	-1561.4831757808179	-150.3713484906579	0.1059155996587708	0.07190087036961713	0.09859961979128688	0.0011509259629461182
7000	-1710.8629350375213	-1559.7517631900132	-151.11117184750807	0.06770403785917738	0.0819226600128001	0.11316486359317496	0.00188863888874288
8000	-1710.6445960692297	-1560.2388275650192	-150.4057685042105	0.10372552167654564	0.1111342318470092	0.14856913956472728	0.00495835390911498
9000	-1712.0380011767638	-1559.5680679407428	-152.4699332360211	0.0651724251616031	0.08097712021875317	0.17219199373952113	0.001791025335715762
10000	-1711.5575129127521	-1560.2000631237468	-151.35744978900544	0.0797187486997439	0.06380071687444472	0.1343375086980189	9.897970774558607E-4
11000	-1715.1166092548851	-1561.1777051623246	-153.93890409256056	0.07792114128561943	0.09012097768236546	0.0806703780234361	0.0023656406567453343
12000	-1712.4699026398096	-1560.0948849865065	-152.37501765330302	0.04867069723846222	0.09804072993473854	0.11269294760085785	0.0012295529897079233
13000	-1711.2303557657688	-1559.4739214453634	-151.75643432040528	0.1133841915791277	0.09859332413839907	0.15537125386898465	0.004414577841198565
14000	-1712.3323240510977	-1558.5719424065937	-153.76038164450404	0.10709006365871748	0.06250818179459629	0.14502466215878754	0.0039999543736367205
15000	-1713.080620757255	-1560.5005100710623	-152.58011068619263	0.052875464065671056	0.10784858172296372	0.1584283690316048	8.489833677611099E-4
16000	-1713.6346683901243	-1561.8773430776491	-151.75732531247502	0.1488409961070923	0.12365686167825773	0.152770357248383	9.998655000177101E-4
17000	-1710.2716747013465	-1560.7718894841532	-149.49978521719333	0.11550084056644337	0.13273531746421183	0.14931164540059302	0.0017220409863146558
18000	-1711.5913986542073	-1558.7220351215772	-152.86936353263005	0.14861761960881922	0.06623851424187445	0.14765770704663278	0.006163924230976531
19000	-1710.904724167171	-1560.4506245685182	-150.45409959865293	0.07827898663200811	0.10209159298177556	0.11671089683644639	0.0014920025055530236
20000	-1712.6561401028123	-1561.8684717995511	-150.78766830326109	0.09591893130771488	0.08664486227320281	0.07878071887349017	0.002226183070132455
21000	-1710.9959972278457	-1562.320062659373	-148.6759345684728	0.11244597236707649	0.08556526202161618	0.12316782470289142	5.447150631224217E-4
22000	-1713.604955483868	-1559.7117018958982	-153.89325358796978	0.13472187881017325	0.058393315277971806	0.12870966148315244	0.007134267226949818
23000	-1716.4079104736272	-1561.6911624413688	-154.71674803225855	0.041273193407225066	0.15435256040407416	0.07521881886941635	5.737456007825511E-4
24000	-1711.2184427675288	-1560.2628943544103	-150.9555484131186	0.09504594332831208	0.07972217894442579	0.10432279550130388	0.004236767652676635
25000	-1710.5069316312868	-1560.4038175475914	-150.10311408369537	0.0733637949081292	0.10896496084855221	0.11849362699281259	0.0014969493507948272
26000	-1711.392288766278	-1559.9716409040636	-151.42064786221425	0.07230386541325726	0.08529867282214924	0.11650354077524983	0.0015830172752485966
27000	-1712.8150726673678	-1558.8343931965092	-153.9806794708587	0.09428775352545576	0.04684921478088697	0.11649882614135004	0.0018784456764234189
28000	-1711.434702884578	-1560.4131798465587	-151.02152303801924	0.07086703188672867	0.10711557418202823	0.10668766473016764	0.002579217505089898
29000	-1711.9331530007087	-1561.23123385321	-150.70191914749878	0.06604036518155632	0.11211027517164313	0.11199963973615022	8.175563567953562E-4
30000	-1709.769339057984	-1560.2465165321519	-149.52282252583223	0.11786813073043313	0.1236887102525272	0.13529087300334425	0.0029749409513633524
31000	-1712.2081777300057	-1561.7693878148107	-150.438789915195	0.1396695700327755	0.08971710941784325	0.09308647308448173	0.003695853245907123
32000	-1712.7229339354762	-1562.5842918599074	-150.13864207556898	0.14870498401173587	0.12253291004815278	0.10098889036866683	0.0019004642334559908
33000	-1714.8061815210438	-1557.6981258446772	-157.10805567636658	0.1294925126751891	0.04293678196363634	0.14591387196548006	0.0041571014364840024
34000	-1714.148145466003	-1563.607304452906	-150.54084101309704	0.19556985627549836	0.11927741851740252	0.11827549067895676	2.366523777085481E-4
35000	-1716.3376557259803	-1560.080965027525	-156.25669069845523	0.039066163514269295	0.06894125300881665	0.0816891127922146	0.0014212255037144457
36000	-1713.672253068305	-1564.2457853179399	-149.4264677503651	0.11323920209537493	0.15846799859288688	0.08015441324666799	5.720793970216537E-6
37000	-1710.8144062757412	-1559.6658920261796	-151.1485142495616	0.08657566604483458	0.07700586499359251	0.13096199012991674	0.003936824085042007
38000	-1712.3662967928121	-1560.1949518218826	-152.17134497092957	0.1422069336536783	0.0718923523631233	0.19179928638094948	0.0013138398605701963
39000	-1710.8641831309208	-1560.1999140814376	-150.66426904948324	0.11629768309146019	0.0944596715948496	0.13185861872971183	0.0021068817551142347
40000	-1710.6137752576115	-1559.746110870231	-150.86766438738061	0.09425131630179795	0.08653700696650493	0.14456847813669188	0.0043212007826678
41000	-1712.0427105256422	-1560.0512785398387	-151.9914319858034	0.13550676416719634	0.08738742381264511	0.11763836731244386	0.004047344483339741
42000	-1710.787521551537	-1560.7642040533879	-150.02331749814928	0.1418721355737451	0.13446277576264273	0.15996126966947544	0.001990561440007447
43000	-1711.249792006766	-1560.1629127711772	-151.0868792355888	0.09312350625180355	0.07863869227802922	0.15383314930192768	0.001234127435551889
44000	-1710.8608629396538	-1560.021345897828	-150.8395170418258	0.08897688136330496	0.080506052101767	0.10777894586270104	0.0036761148918878902
45000	-1711.513256527036	-1559.0810761185903	-152.43218040844562	0.164618540385065	0.10599634097499137	0.1801330640918875	0.004362504769936733
46000	-1712.9197999601122	-1559.7446553934124	-153.17514456669988	0.10363761263801136	0.052372757114639054	0.1017614292559181	0.004716831057918406
47000	-1714.1192499982358	-1561.595115147878	-152.52413485035777	0.11037699558109075	0.06517293622642925	0.07965320000771511	0.004250360279871555
48000	-1715.7011594072953	-1564.3312251304326	-151.36993427686284	0.18363830159599365	0.16326172786960497	0.08088017943448264	1.550094886015055E-4
49000	-1710.8516035808852	-1559.3525943473269	-151.49900923355835	0.14911054620792064	0.1126157223457153	0.16798641368369654	0.005588127886756072
50000	-1710.1852416082845	-1559.3101775858368	-150.87506402244784	0.09154688754676994	0.08747030616525255	0.15982121577083588	0.003062413843735699
51000	-1709.876454221055	-1559.6018243765138	-150.27462984454115	0.10097462388159037	0.09655499757480884	0.14857504090120827	0.0024447546216153
52000	-1718.0109731068915	-1562.6062067151356	-155.4047663917558	0.0394277200902033	0.09525725062472672	0.1068266632206719	1.7239542270198061E-4
53000	-1711.5442330462467	-1560.6615508717996	-150.88268217444718	0.07730545559434404	0.08830883474557318	0.08921419872516341	0.002289935467987396
54000	-1711.6748446060521	-1560.1329855677673	-151.54185903828483	0.13410654130796018	0.11044723244173502	0.20544996612531372	0.00192778835336109
55000	-1710.7268352386789	-1559.8000475129627	-150.92678772571622	0.10341901911819247	0.08744225272908537	0.17484631552629473	0.0016652002238793913
56000	-1711.4058190621554	-1560.0555034890804	-151.350315573075	0.062300244332389426	0.1115462422997236	0.14638980428527465	0.0017421696587854216
57000	-1711.2465324710731	-1562.2172386465613	-149.02929382451174	0.11873406923420048	0.08887501335551275	0.09797794756242917	0.001076891209912914
58000	-1711.123806838299	-1558.5550945945422	-152.56871224375675	0.13342954349401184	0.05509112458062602	0.13042529246700887	0.003553562497769853
59000	-1710.1930518450697	-1559.185434942086	-151.0076169029837	0.13277132490800111	0.07318164314954423	0.15712341311920866	0.002375670608429908
60000	-1709.9355814037679	-1560.2549680530474	-149.6806133507204	0.09410817474297437	0.09899351311111572	0.13016858178887977	0.0017318271539801075
61000	-1713.5496758565846	-1560.5986815770902	-152.95099427949435	0.05702122733688407	0.07518167664989037	0.09642456405563693	9.028655890996808E-4
62000	-1710.5331180947444	-1559.278647416883	-151.2544706778614	0.14824451303426348	0.10308222894696226	0.16453059544913753	0.003922408079516375
63000	-1711.2388420853863	-1560.0384481069188	-151.20039397846733	0.07184659940270836	0.09100754165889878	0.13246874594594915	0.003041985234075056
64000	-1713.3667290310434	-1564.2708841331746	-149.0958448978688	0.1081966253943141	0.13895335963262395	0.07497180005834315	4.750342417894079E-5
65000	-1712.0193780460168	-1558.0940990666763	-153.92527897934036	0.09934319581917926	0.048393592041897804	0.1462488972319573	0.0023443944437028384
66000	-1714.4093553290809	-1560.7450756112078	-153.66427971787303	0.05437155101770659	0.16764715677598502	0.17146612457056015	0.0010142963134667081
67000	-1711.7650622672609	-1559.6841391172566	-152.08092315000442	0.0581459615008192	0.07955898164414914	0.12486080024127683	0.001425346852451101
68000	-1709.7134087624454	-1559.7477082773144	-149.96570048513115	0.11416512665920021	0.10839649122867744	0.14190561563601792	0.003476937541776121
69000	-1710.392869009983	-1559.211441661338	-151.18142734864495	0.10783099750228148	0.07733157619026446	0.13126163650337494	0.003663326844597138
70000	-1710.4367715623202	-1560.9300753583564	-149.50669620396397	0.08443964262005516	0.09074839180432008	0.10969344382098566	0.0011906930821526615
71000	-1711.3294082623952	-1560.021566960546	-151.30784130184932	0.10429702192997785	0.08521725785010797	0.11303088605827713	0.004241277460405948
72000	-1712.9373225388124	-1561.4650662616095	-151.47225627720286	0.10771141649296392	0.05510860843997448	0.1226094362288299	6.497839760765782E-4
73000	-1710.1886237034153	-1559.8682218232625	-150.32040188015284	0.09743849340864179	0.0767544108916459	0.15373991243671686	0.0014505290167878167
74000	-1712.4762402456308	-1562.5098166489552	-149.96642359667555	0.07714838066914011	0.15439171093839926	0.149466795715551	3.3488587212427394E-4
75000	-1713.506776934538	-1561.416670318241	-152.09010661629722	0.08926570555958804	0.0972288488122871	0.08513635462473529	0.0021932537491128968
76000	-1712.2276366857695	-1558.8056122305848	-153.42202445518478	0.14221894997994564	0.054631981416165896	0.14148370829380313	0.0024291003171475227
77000	-1710.9379614760628	-1562.2802393011757	-148.657722174887	0.08725366146389732	0.12040748328765867	0.11299491097009108	5.952897849285001E-4
78000	-1712.339802569133	-1559.715808103262	-152.62399446587116	0.11894270975791946	0.08253829308415	0.1372876669727879	0.0022803766923868442
79000	-1712.9812514694231	-1560.4664857032565	-152.51476576616668	0.0512602565780645	0.12299150396216904	0.1115022739640034	0.0011134567793243857
80000	-1711.6723992508373	-1561.3687983839868	-150.30360086685045	0.16258096452451498	0.08149554999706264	0.1172224956432595	0.0017651268926948665
81000	-1711.3453990355629	-1561.2839891501965	-150.06140988536643	0.13984313305784427	0.08328430505261213	0.1570032920660994	9.658435134753321E-4
82000	-1714.445100940276	-1562.1311130335757	-152.3139879067004	0.06599803391203006	0.07392356850189212	0.07717831871795017	6.221003899016248E-4
83000	-1714.1292971056744	-1561.721135782967	-152.4081613227074	0.07065679630829678	0.08730826360691032	0.08095153329742083	0.0038980221158654866
84000	-1710.7476692004773	-1560.8291810784312	-149.91848812204597	0.14350170228572898	0.08031757223436656	0.12362390605029037	0.0017636615650635833
85000	-1710.4175995425053	-1559.1294535717575	-151.28814597074785	0.12053395676730216	0.0874946845169811	0.16084755904690662	0.0030185100124011047
86000	-1710.7422233602342	-1559.2228698874303	-151.5193534728038	0.1332724865076361	0.06264353344723665	0.137741884582167	0.002313231113687901
87000	-1711.110937107155	-1559.0847489535747	-152.02618815358025	0.1324696255618021	0.09362463606254529	0.16040571368335496	0.0042107552197232345
88000	-1711.1294561780921	-1562.3846435187595	-148.74481265933258	0.10727105279756477	0.10827649851146438	0.09465823696882418	0.0010688620843246812
89000	-1711.7439958997334	-1561.8066500209552	-149.9373458787782	0.1213820626781595	0.07500147494365848	0.11908659903584713	8.061971764407504E-4
90000	-1712.3864589683503	-1558.9609444648745	-153.42551450347588	0.1173641202138104	0.06923805908298263	0.14997654106787592	0.005262564564819832
91000	-1710.2224500080495	-1558.8073676321021	-151.41508237594738	0.1363524385331362	0.07846377858245232	0.1549619836981387	0.0036778999907183317
92000	-1710.6890035099555	-1560.3000634066725	-150.38894010328298	0.07782684690291208	0.0922174189202307	0.11485174352855611	0.001514013707747397
93000	-1711.9753417503239	-1560.1562545524364	-151.8190871978875	0.05233586202591803	0.1051021538222385	0.13245278859488985	0.001146624487011787
94000	-1712.2280129921078	-1558.9282771345152	-153.29973585759274	0.10400189793942873	0.0642699911288296	0.13738924380819656	0.004407549648777603
95000	-1712.8045410763273	-1559.6595743392936	-153.14496673703366	0.0739393894886449	0.07896078755216641	0.16302167655487612	0.0014083485457597185
96000	-1714.806637951064	-1560.6229618238488	-154.18367612721528	0.09343959459745015	0.0668791169605979	0.08883182070552226	0.0020531256398171045
97000	-1711.566590253403	-1559.747768556508	-151.8188216968951	0.12136342636546743	0.06851814780862077	0.120097598320664	0.002334292670687621
98000	-1711.4101711934882	-1561.662476426332	-149.74769476715628	0.07174360435699952	0.12265027536985046	0.11524827595667535	7.021773041053806E-4
99000	-1710.9977698070488	-1559.4901888620002	-151.50758094504874	0.09631128320661034	0.08033156596840212	0.14670739935359148	0.004308050951606718
100000	-1711.5286914014023	-1559.8017037295976	-151.72698767180464	0.07195830838090304	0.06363198290060945	0.1315488811204669	0.0011268428923851147
101000	-1711.5495282324523	-1559.8891817581994	-151.66034647425295	0.08697873553213581	0.0819393496578539	0.11056748175812559	0.0023077224127480813
102000	-1711.1427473141687	-1560.427805757412	-150.71494155675677	0.09887082680232684	0.06200209055011043	0.12419571679780779	0.0011128799795985815
103000	-1710.5067316556988	-1560.3640493678506	-150.14268228784823	0.11469402994791074	0.1371696952920689	0.13576321744147238	0.0031455931885037073
104000	-1714.2815122721267	-1560.2614168361692	-154.02009543595753	0.043934712932263906	0.08635466407580718	0.12005389376800255	0.0017112823119813428
105000	-1712.404792755493	-1563.5297621100553	-148.87503064543756	0.1110925087674159	0.16377004961253916	0.10306704100417387	2.826024787073312E-4
106000	-1709.8026601053868	-1559.6899271434722	-150.11273296191453	0.10534115004364487	0.09535850269171949	0.1326316605047364	0.0029393151080697203
107000	-1711.1081718952903	-1560.5047395689344	-150.60343232635594	0.07665124924689695	0.1178269349000875	0.1152449206440479	0.0029861682848820507
108000	-1709.943542211392	-1560.3698590586278	-149.57368315276418	0.08835007121998933	0.10108499559339307	0.11905015648960622	0.0017707369218966484
109000	-1711.9090500841414	-1560.3317514711202	-151.57729861302118	0.05708655701548019	0.1216864744077386	0.1148437038693624	0.0015476489219338062
110000	-1710.740831607106	-1561.328969000202	-149.41186260690395	0.09601620936988815	0.12613548278740574	0.09854356797818432	0.0022307051853381996
111000	-1710.7686372604965	-1560.2552895594686	-150.51334770102795	0.08567682215358222	0.12279666264625103	0.1472677697168846	0.0017443189457379059
112000	-1710.5884226649343	-1560.4973290476762	-150.09109361725814	0.0760476823166352	0.12477023424025392	0.11193780005291624	0.002304201296640387
113000	-1710.6634990235211	-1559.507889146032	-151.15560987748907	0.15794191814289407	0.09666418658347815	0.14827695694153462	0.0038524964374091327
114000	-1711.0993549726898	-1560.9206000199008	-150.17875495278895	0.14170004439274395	0.11247710394925359	0.12345971281654967	0.002562449606550911
115000	-1710.6235650999258	-1560.2292811485554	-150.3942839513704	0.08972906888366176	0.08334108639626998	0.1001866398177146	0.002863338204816125
116000	-1712.3087186255543	-1559.5064102441709	-152.80230838138348	0.14406338717245856	0.05549878977408178	0.11220643768736617	0.0033401236854119424
117000	-1712.0391733539489	-1560.2741158180006	-151.7650575359482	0.058107962538461115	0.11321158239644358	0.11320815069608839	0.0018133431464511358
118000	-1712.6115133370931	-1559.8499966070526	-152.7615167300404	0.06714322417382662	0.07974904338968895	0.1189460178945208	0.0014359613212227822
119000	-1715.8154780301347	-1559.4861924695983	-156.3292855605364	0.06482970453743186	0.04298870480776253	0.07848916856085851	0.002298229867753704
120000	-1710.6333712797032	-1560.1384877372245	-150.49488354247856	0.0903429879397477	0.09301908858873141	0.11668873470803587	0.0038543960810893665
121000	-1712.635907562451	-1558.6910765344098	-153.9448310280411	0.10221206013529949	0.046092943497163794	0.1093560524124782	0.003348989401176032
122000	-1713.4345225496065	-1560.923647832615	-152.5108747169916	0.1476544990656224	0.10043005497783404	0.16621489064055167	0.010491550653837134
123000	-1713.5003219940563	-1559.8992128800282	-153.601109114028	0.06379481346059689	0.06084266414879247	0.09887781120335973	0.002993659462950712
124000	-1711.5722009719887	-1561.5722013239015	-149.99999964808723	0.09524669889746147	0.09634348085498798	0.13674395901828681	7.393973179143176E-4
125000	-1712.530398527218	-1558.237083553805	-154.293314973413	0.12217730431960414	0.041441472192330873	0.12363307388704478	0.002644323129780816
126000	-1710.3727312690253	-1560.6426812064933	-149.73005006253194	0.08813912432020769	0.12672444274325131	0.11100069662370377	0.002796549259993203
127000	-1711.6786520494038	-1562.8406891602913	-148.83796288911253	0.12130036242052128	0.08315714452447089	0.1275305764747636	3.30961138345306E-4
128000	-1710.597955437564	-1559.989740371632	-150.60821506593192	0.0969979541905418	0.0885607732521742	0.1782655213116765	0.0014567744124036198
129000	-1711.3623679262614	-1562.6201028072587	-148.74226511900264	0.11932006178941444	0.09603608594545293	0.1058165352736588	6.739799230652974E-4
130000	-1711.0865058144152	-1560.8405243120142	-150.24598150240104	0.06542552361032897	0.10962003321636177	0.10925361391055931	0.0010537871145127858
131000	-1712.420705339346	-1559.103177912585	-153.31752742676096	0.10017767325804348	0.05622792523543685	0.1261674693329788	0.0019179169107166336
132000	-1709.9070499835202	-1559.8307928826825	-150.07625710083772	0.11199826733729772	0.10080583098513962	0.13471719735678056	0.004536071800575926
133000	-1713.3981561430417	-1560.7393510699123	-152.65880507312937	0.10308001695580292	0.046822684115271775	0.10400713225223167	9.63164280264243E-4
134000	-1710.6622167594016	-1561.6815036511107	-148.9807131082909	0.11410917676874043	0.0992879850057728	0.1014043139820533	0.0015483627259517923
135000	-1709.8784016319119	-1560.2756842450337	-149.6027173868781	0.09820608270990479	0.10135681932557615	0.15241281540797647	0.0015269798623504523
136000	-1710.9620018664198	-1559.9295701207834	-151.03243174563627	0.07544352532860021	0.09628593417416784	0.12031789869338023	0.002521878145902106
137000	-1711.0972695665068	-1559.6013437683853	-151.49592579812148	0.07673436521671048	0.09061302928704038	0.15077226569554772	0.0025847650146740312
138000	-1711.3500584181224	-1558.2323804184362	-153.1176779996864	0.10177193744813885	0.05895789104894435	0.17978556775263602	0.0028209413850578935
139000	-1716.7096235705808	-1561.6278307841092	-155.08179278647168	0.040428575374436566	0.10200716982259032	0.08812033179621162	0.0021347619314668505
140000	-1710.9582018996225	-1561.4250732626294	-149.53312863699313	0.12104677611357591	0.11782389885181815	0.12015322613169609	0.0015639255936363184
141000	-1712.421408107537	-1562.1331086753196	-150.2882994322174	0.08627361721666406	0.1321785630296453	0.08213772656058371	0.0017964278178404982
142000	-1711.4912117369565	-1561.7303237328856	-149.7608880040709	0.11440661697088376	0.09356649916986907	0.09103822376560218	0.0021917040121933887
143000	-1711.2008371185052	-1561.1050855467174	-150.09575157178773	0.10787472196877418	0.15838538456244658	0.12671908465249704	0.001985418059289868
144000	-1713.3257289585579	-1560.2502991369188	-153.07542982163918	0.06514474370790976	0.0616516973158809	0.12254171971182448	8.525171712823289E-4
145000	-1712.2576538259136	-1561.9885211891544	-150.26913263675917	0.12089240638324049	0.09102866470061155	0.08752355580877795	0.002532652615321142
146000	-1711.4843146348173	-1559.8208556000468	-151.66345903477063	0.07257001943439245	0.07017151044934973	0.098228737863478	0.0020248413561992063
147000	-1710.9270077452468	-1558.9025598803428	-152.02444786490392	0.0938865027218985	0.0686252689053316	0.13607108603868548	0.0029722001903420216
148000	-1711.2173975739888	-1561.2369715716982	-149.98042600229059	0.09340366742126056	0.15446549117342695	0.15766067192314728	0.0010726290113665493
149000	-1713.749167120026	-1563.8826386865792	-149.86652843344666	0.1426784657786074	0.09318396059529081	0.08181796632359402	4.0866177661657985E-4
150000	-1710.851494094578	-1559.8838214241646	-150.9676726704133	0.06626882229011073	0.08655735080543875	0.11785620165951378	0.0015801605418113674
151000	-1710.800795706716	-1560.2735005346035	-150.52729517211236	0.07055947066008769	0.10496229905838218	0.11209251506923291	0.0017214296091888348
152000	-1713.5584318329065	-1560.3774888247688	-153.18094300813783	0.06880625986215651	0.10325005254073762	0.18760037626492054	0.0011089917108794937
153000	-1712.6560651523075	-1560.8431826514175	-151.81288250089	0.08300564378322219	0.1785727736629473	0.1271402917412822	0.0019039965175282096
154000	-1710.2061009542713	-1559.7833471116028	-150.42275384266858	0.09819262314315767	0.11028379566430327	0.1577036411245275	0.00356683700816372
155000	-1715.2415212657688	-1558.5888927412147	-156.65262852455402	0.20362597319651077	0.10063436401402595	0.23412379836833644	0.004677759867185778
156000	-1710.7262449814123	-1560.3762803112552	-150.3499646701571	0.08194377410298294	0.13652284701375852	0.15568767463056993	0.0016414887619289342
157000	-1713.304442654202	-1561.3816611425832	-151.92278151161867	0.0723966673746437	0.10182609247192892	0.10362311691085631	0.004077443171107328
158000	-1711.3584158993629	-1558.052275683995	-153.3061402153679	0.15679167363135904	0.061442111827613374	0.16791098283998915	0.0037580384934103395
159000	-1711.4893223234517	-1561.0271915615876	-150.46213076186402	0.12435893807015844	0.10536002345731747	0.1197222123493276	0.0019085120377635215
160000	-1712.8947530826354	-1562.9243325269476	-149.9704205556877	0.10237979129315244	0.09424178201924492	0.08015675974815109	9.147533932589909E-4
161000	-1712.6738362907838	-1558.9375843228709	-153.736251967913	0.06105947496180312	0.058714127559144305	0.1410140682892814	0.0018655776037723787
162000	-1710.7743118712071	-1560.3011419249817	-150.47316994622548	0.09579148034465257	0.08872676367036131	0.175092303558255	0.0012257569211223374
163000	-1710.8071526063643	-1559.7067101435007	-151.10044246286358	0.07754185110049365	0.06838681771529492	0.12261421138390004	0.0014408724070752246
164000	-1712.032409647364	-1558.3697101324583	-153.66269951490563	0.13347963177088437	0.05187171407236682	0.13575289117720027	0.00479339969682885
165000	-1710.6664283216026	-1560.5093252401198	-150.15710308148283	0.07738702089935745	0.10483039856031519	0.11475880151728049	0.0014905573314247563
166000	-1712.156936326662	-1561.030345905138	-151.12659042152407	0.1235400331517286	0.05740076158424261	0.12641285043786019	9.166445197390813E-4
167000	-1714.32653477514	-1560.3032734924855	-154.02326128265466	0.18355062963987506	0.050294064548580784	0.11893553816743167	0.0018843657098562066
168000	-1713.2180274847476	-1558.7226955167853	-154.49533196796233	0.15470230798407353	0.09027193428469876	0.1908095731554721	0.003917467082686234
169000	-1711.9065114250393	-1559.870516705609	-152.03599471943033	0.1189367602667087	0.10346587037298535	0.17656934009116343	0.002064214994159153
170000	-1710.852960458526	-1561.1471065402752	-149.70585391825074	0.09722026826003966	0.10906554127685601	0.10300120077188235	0.0018079153717597298
171000	-1719.9401447646046	-1562.2594564918186	-157.680688272786	0.10912309051210706	0.027096161360109516	0.14463283481765032	1.882905324101081E-4
172000	-1715.1691231537022	-1563.3756428201339	-151.7934803335684	0.09639575832709882	0.051030401337309184	0.12314487545064319	8.876083310808913E-5
173000	-1711.0777167756426	-1562.298480433618	-148.77923634202466	0.10871999483099029	0.1009450242890409	0.10473235306089258	8.256826285933741E-4
174000	-1711.8763949194476	-1559.389835929463	-152.4865589899847	0.09832054751173001	0.05095341007092001	0.12877393489286648	0.001422224236873496
175000	-1714.8973254385317	-1562.2740340738922	-152.62329136463944	0.06991757750782857	0.06836403992616379	0.07156897385129114	6.916360404520892E-4
176000	-1711.7684882435856	-1558.7647038660502	-153.0037843775353	0.10977606443626581	0.0656380334076964	0.1350172188993843	0.0032590768864695203
177000	-1710.7179499597028	-1559.3158938791764	-151.40205608052642	0.13971427045018725	0.09662694055012756	0.16895220974576447	0.003080629977253354
178000	-1710.841135413829	-1560.6111675597094	-150.2299678541197	0.09889170273842618	0.0793091242353952	0.09770218644907765	0.0021637438688605387
179000	-1709.8853261290812	-1559.5434532257032	-150.34187290337815	0.0990887038345399	0.09204271514776349	0.1645257567860833	0.0021111666711264177
180000	-1710.662314545426	-1559.5997306107538	-151.06258393467215	0.094670650176024	0.08126721269184883	0.1257476321712092	0.003866742844204042
181000	-1709.515190710556	-1559.897547188075	-149.61764352248102	0.11309207346659311	0.09652981162427295	0.12589395142420964	0.003097416964508767
182000	-1710.7662098991923	-1559.4080361955948	-151.35817370359752	0.08099259354344028	0.08582527798724743	0.15613726465808775	0.0026454588956140584
183000	-1711.8934561512642	-1559.873555951234	-152.01990020003026	0.12783989273086419	0.052222287761508675	0.13253897374155782	0.001397506198510202
184000	-1713.6436596096441	-1559.7964293891985	-153.84723022044557	0.08101391337753275	0.07366463972962871	0.10373806781422136	0.002298154001761844
185000	-1710.6128839492433	-1559.7957903086392	-150.81709364060413	0.10314449648343747	0.06911590931628021	0.10875446142916566	0.0024335380286293366
186000	-1711.9297105261717	-1560.1051243118752	-151.82458621429652	0.12724028107078386	0.08273016309967163	0.11878622165468547	0.006062247593541765
187000	-1712.3873015886863	-1560.2007534918428	-152.1865480968435	0.09863536853302976	0.14305283243145014	0.19990642067086603	0.0026516125850575482
188000	-1712.5315492979835	-1560.2197588157296	-152.31179048225394	0.10322796945716116	0.11282883509352161	0.12261004253710392	0.0031101247511309657
189000	-1711.483708773254	-1560.7468391155096	-150.73686965774436	0.0731693904872215	0.07874544375956169	0.14892947818404692	7.74203142943665E-4
190000	-1712.1722581227546	-1561.2272470481394	-150.94501107461517	0.11133213994010024	0.1318219306347146	0.11154254985037407	0.0022342724545505923
191000	-1710.8701114891448	-1562.0826927762323	-148.78741871291254	0.13543855878764013	0.1040822138841548	0.13356426440550037	8.264434973110404E-4
192000	-1713.2480565880014	-1561.6715340196845	-151.57652256831682	0.06971270109494478	0.14888451094214766	0.1013698351021534	0.0034844002816140384
193000	-1710.2830995133238	-1560.7277319467385	-149.55536756658526	0.09345342894587808	0.11421045158643894	0.15755646786973837	0.0012074910769761579
194000	-1710.7870261562439	-1559.9044949338045	-150.88253122243933	0.08499069998193104	0.1144053391251897	0.1497523573382044	0.0024576750185132407
195000	-1714.2436482121711	-1560.3752400285234	-153.8684081836476	0.09169979504066589	0.09200829552442163	0.1321515370451858	0.004812998188656692
196000	-1713.484577995769	-1560.3338892761258	-153.15068871964326	0.09952173509758981	0.05761459341343614	0.10389632413753636	0.005508851843053504
197000	-1710.9427858005809	-1558.8732975617218	-152.0694882388591	0.12381304811465377	0.0715743414265579	0.1838212276097355	0.0023401762178257013
198000	-1711.4720280878669	-1560.2333589468835	-151.2386691409833	0.09366032583347543	0.10699801533934146	0.12001102605083246	0.0023562522068711115
199000	-1713.4216535179567	-1560.6936788859657	-152.7279746319909	0.13072050649169806	0.09447919168343082	0.11372147707143938	0.0066556996440236766
200000	-1711.4932249667925	-1560.6622804936858	-150.8309444731067	0.06221664046019806	0.1366771325943597	0.13026319235304082	0.001100941291723923
201000	-1713.5715967049305	-1561.3095367469077	-152.2620599580227	0.08757279562678795	0.08420015914779883	0.08083233217666723	0.0024900934887651604
202000	-1712.999630659872	-1560.1157122295117	-152.88391843036032	0.08457485934410122	0.07600477702016668	0.1437882785131841	0.0011929108215440513
203000	-1711.679353754634	-1558.3260835912715	-153.35327016336242	0.10431546568966057	0.05602766939107162	0.1683569727407815	0.0022879021682046708
204000	-1710.8973872770464	-1558.488972721176	-152.4084145558704	0.10258018063285036	0.06631630427893356	0.17714271180548533	0.0029724754269235564
205000	-1712.2942410462404	-1559.932902201474	-152.36133884476635	0.08582230979169453	0.05079665889156487	0.1169651593179003	0.001100651572513073
206000	-1709.5474654916468	-1559.7379052630372	-149.80956022860963	0.10570687240304337	0.08729425851087978	0.12277794736837919	0.002907282238326363
207000	-1712.546654385116	-1562.4714824624014	-150.07517192271467	0.13345370276075924	0.1349862588121118	0.09366063551395581	0.0033979799420302634
208000	-1711.5285773784788	-1559.0025461214432	-152.52603125703564	0.09091496279439926	0.07421280933837726	0.1744535839638835	0.002263929408198447
209000	-1711.4711186123143	-1559.3742168870267	-152.09690172528755	0.12643684197286484	0.10097655530089954	0.18333790213850565	0.0028371562742511
210000	-1712.845830295952	-1559.8972575084756	-152.94857278747642	0.15735192737383974	0.053440263828819015	0.15579496827922237	0.0013715187203724825
211000	-1715.4175698904496	-1560.2754227056919	-155.14214718475773	0.1318567142804338	0.05601011712089659	0.2114279537125724	9.728072838800078E-4
212000	-1712.0658429001433	-1560.674476989469	-151.3913659106742	0.08245396249909069	0.07553382121656671	0.10432833243176584	0.001229458949745396
213000	-1711.6226610699352	-1561.4721920055777	-150.15046906435757	0.12039989575477046	0.1100278060720949	0.09795350568165602	0.005135579816794456
214000	-1710.3643564416068	-1559.43938048303	-150.92497595857677	0.113031949347981	0.08801271957271153	0.1428937165735518	0.004707682072247227
215000	-1712.9278971349584	-1559.1312294381855	-153.79666769677286	0.07886365584844664	0.05195120362215906	0.10632641328753076	0.0033007739321326735
216000	-1711.5344820204327	-1559.418067239875	-152.11641478055782	0.09831806357622261	0.0821470064234885	0.13995473455761048	0.004056092401507071
217000	-1709.4896751734616	-1559.4886861244127	-150.00098904904888	0.1088051372083804	0.08512673391246381	0.14016540849056364	0.0024902123273885363
218000	-1712.539321005775	-1561.3793793898978	-151.15994161587724	0.09010106274780927	0.12191603765643791	0.11722246926347116	0.001120496516508023
219000	-1709.9795218117567	-1559.2403415489075	-150.7391802628493	0.1274495988664944	0.09859229673845415	0.15999406583348894	0.004340408387471835
220000	-1714.9320117198786	-1559.3660181203204	-155.5659935995582	0.1109222324789199	0.07491573953354834	0.12278855362587068	0.00394792079948664
221000	-1711.904727880663	-1560.078268149148	-151.82645973151483	0.1041325044980726	0.06175216220952507	0.09665000988422448	0.002502650655489366
222000	-1711.561716666448	-1561.192692606071	-150.36902406037703	0.07900409915213677	0.16809663794514296	0.12658041862381642	0.001186519609494138
223000	-1714.9588082159205	-1560.0974415630608	-154.86136665285963	0.1258047314461939	0.03862051200682385	0.08981656199810359	0.002029790400810965
224000	-1714.31301917368	-1562.7671883490825	-151.54583082459754	0.13816634920081966	0.14561196795573808	0.10254913030973102	0.009678286137421145
225000	-1711.4157036203026	-1560.1175534143779	-151.29815020592477	0.0746280757259407	0.12174473919468104	0.1755061759813686	0.002079061428001087
226000	-1712.1881578990292	-1558.9470907784907	-153.2410671205384	0.07852798793235183	0.04891284635889297	0.11505165466518988	0.0016250318451557606
227000	-1710.8911192706423	-1560.2101839975799	-150.68093527306254	0.08193893510922715	0.088682952143997	0.10194904144200491	0.0026604839233564945
228000	-1712.4046231622372	-1558.2406205140192	-154.16400264821792	0.10050440653776746	0.040812554989172606	0.13022844601517747	0.001909085917111422
229000	-1709.9058080216791	-1560.1475724681015	-149.75823555357763	0.1147762192301535	0.10895669571878643	0.13486843606817803	0.002511809472955265
230000	-1710.3224676756558	-1559.0441845757673	-151.27828309988863	0.09978535260613602	0.07734534761739922	0.1678114344699644	0.002351165023484092
231000	-1711.7441125432058	-1562.2838818735586	-149.46023066964716	0.09070201571990147	0.07777419260125944	0.12692282652172632	4.0731996851875116E-4
232000	-1713.0885684649593	-1560.5780814920163	-152.51048697294289	0.11596588467606968	0.06745752470943715	0.09948155031235438	0.0021713993030480867
233000	-1711.92098961385	-1560.5389678677623	-151.3820217460878	0.07668239654214937	0.1108250120144164	0.11644940885437935	0.0014914558334117908
234000	-1714.226697397879	-1559.5634499413586	-154.66324745652025	0.1507251587459813	0.049017863027764695	0.12946425732603736	0.00723851269066592
235000	-1710.1761457851721	-1560.607102542391	-149.56904324278105	0.091732067279392	0.12688429988505684	0.11388270041277274	0.0026161215898030713
236000	-1711.0534369398872	-1560.5328615301962	-150.52057540969102	0.08250407653239149	0.08988342661039221	0.0949445148999138	0.0023701339729825027
237000	-1711.5689640262183	-1560.9043362204243	-150.664627805794	0.13454477770387413	0.06390968610489967	0.12441276203157083	0.0012025195686429491
238000	-1711.448343543318	-1559.6628520664383	-151.7854914768798	0.10709503487293358	0.06338412724224621	0.1670182870035696	0.0013544850266865452
239000	-1715.882708508969	-1559.1675061466215	-156.71520236234764	0.12778553105633572	0.06028651089527153	0.19761828156613273	0.006806842381994475
240000	-1709.8890066352303	-1560.0135881403044	-149.875418494926	0.09172486908383086	0.10954406487842089	0.1302224568123926	0.0031901972573194987
241000	-1715.3570655763797	-1559.630082625266	-155.7269829511138	0.04254480243185687	0.06927259086807805	0.11079147142012635	0.001206902623057612
242000	-1710.966716657924	-1558.378691037289	-152.58802562063516	0.13277627824059976	0.06794095570166157	0.1625760141027251	0.0048247300025853574
243000	-1712.3504246733871	-1561.7712079590933	-150.57921671429375	0.0763524599343557	0.08976988518537574	0.09347740224847846	7.987450326983407E-4
244000	-1711.6709238853828	-1560.998852632874	-150.67207125250854	0.06276194767721716	0.11167504126075173	0.12473155049898985	8.006412399063214E-4
245000	-1714.395600247226	-1557.3836229319784	-157.0119773152475	0.0969870087111353	0.037297430714383344	0.15027268113575043	0.0024269532097927174
246000	-1710.3181357021579	-1559.404958939503	-150.91317676265476	0.09443240178671	0.0880394666523024	0.1739982920193404	0.00213497054283531
247000	-1716.858832041539	-1558.1829470493965	-158.67588499214253	0.0783523838617834	0.03209408123001632	0.153636083711709	0.001163308209753641
248000	-1712.1801308519189	-1560.1809190612548	-151.99921179066394	0.09971455488951582	0.08056679546301854	0.10520071603366964	0.002509054834113135
249000	-1709.7456794933555	-1559.139608762861	-150.60607073049448	0.10025709561325277	0.07328645364093718	0.1324792665471522	0.0027269066599031272
250000	-1712.3104779477953	-1560.7219010240624	-151.58857692373294	0.0864085625190186	0.06985957902672543	0.14316341737764582	8.395239873407448E-4
251000	-1710.0658305671807	-1559.5234078814017	-150.54242268577894	0.11256257376550036	0.09810037692891688	0.17290563712729717	0.0024069787063872045
252000	-1712.0773154272033	-1559.3644646692744	-152.71285075792892	0.10541202410173872	0.04970759365207561	0.11209344951894247	0.0018265114726859373
253000	-1711.6395294790907	-1559.0545050838693	-152.5850243952214	0.1396318542909403	0.05491573803217519	0.13754419012336766	0.002219525342739581
254000	-1709.936467328149	-1559.6990749577672	-150.237392370382	0.08494061339507808	0.09974971275406347	0.14862154033980027	0.0022070906564078136
255000	-1711.624328437467	-1557.7936159725068	-153.83071246496016	0.11648898452811439	0.04736168204536318	0.15205506453150178	0.0029013039210391066
256000	-1713.1250021376798	-1558.212979061913	-154.91202307576677	0.09401361220266716	0.04559174541718221	0.1710694804504424	0.0017602716781764023
257000	-1709.896522528295	-1559.9753090778197	-149.92121345047534	0.10395263779636281	0.11668746070320465	0.13977409715090175	0.003664858047835876
258000	-1715.2614543214877	-1559.2906738425952	-155.9707804788926	0.12147584073222502	0.04532776434276833	0.1051136928478616	0.0024235766712255268
259000	-1710.392264448957	-1561.272972368436	-149.1192920805208	0.09715462558678785	0.12333248093293278	0.10432499940997676	0.0018309051067432283
260000	-1710.3689236927128	-1559.7838053491378	-150.58511834357506	0.09629744598723272	0.10840683537202611	0.1574074926106916	0.003546541282133032
261000	-1712.3580289572367	-1560.7859919908667	-151.57203696636992	0.17160650434502547	0.08160313417976829	0.11438207492630031	0.0033545643989235947
262000	-1710.8059960241612	-1560.517302428083	-150.28869359607822	0.07652873546919292	0.1272037520773698	0.15288336878905653	0.0012898486572977476
263000	-1714.613677886153	-1562.2221736235576	-152.39150426259542	0.1490866688389847	0.05339179315577468	0.08766891244545792	0.0011549061099850066
264000	-1715.8598459563657	-1558.2151749677053	-157.6446709886605	0.09153352359040472	0.05167716909485485	0.15205213584704205	0.0022960127585755045
265000	-1712.1615614585169	-1560.2113419514224	-151.95021950709452	0.0780249772968081	0.10830077044222416	0.15186503893008593	0.0014184970081729874
266000	-1711.6474667787738	-1560.201668890897	-151.44579788787678	0.08545095668402466	0.06976168287709067	0.09701483120494388	0.0018767503184569296
267000	-1711.392102456624	-1559.8640112215703	-151.5280912350537	0.10871833008014187	0.07411461123703066	0.16989649767674192	0.00142638494279227
268000	-1715.5603911789917	-1561.9549042172607	-153.6054869617311	0.07852888169672506	0.20515945141202896	0.08867781755544131	0.002196669911461995
269000	-1710.1193754828796	-1559.8577267949688	-150.26164868791088	0.1331323453062573	0.11254744798869729	0.1436092656785236	0.0035477244965865305
270000	-1710.0195246864396	-1559.1813270313407	-150.8381976550989	0.09443286419532342	0.0732848603423279	0.12796439381008007	0.0028904822663762962
271000	-1710.4425101673132	-1561.2823436675326	-149.16016649978073	0.12837601655333145	0.11669774831199384	0.15530372053118113	0.0011962782729804393
272000	-1711.1268177331622	-1560.2428233117166	-150.88399442144566	0.11960021570420289	0.10404927756443914	0.1249872239566384	0.005386271215466705
273000	-1711.5999541923768	-1559.8768298476357	-151.72312434474105	0.10209666771065014	0.08791598584262857	0.14231006621100137	0.005017972653555884
274000	-1712.1118912469403	-1560.0744716452596	-152.03741960168068	0.18836814445085578	0.08912786871086206	0.1368808406243422	0.0036076256443015485
275000	-1713.92172232935	-1561.5820604756068	-152.33966185374308	0.1965904785837122	0.07965464524971562	0.11073224286117166	0.002731653949996383
276000	-1710.190401910706	-1559.605370756125	-150.58503115458106	0.09024895354942697	0.07354721167909914	0.11324840580726256	0.002380204353137704
277000	-1712.417341134978	-1563.358157091436	-149.05918404354213	0.12185450288176715	0.14100568561219248	0.11016711325343231	3.354741174779294E-4
278000	-1710.1200632506689	-1560.987362578099	-149.13270067256974	0.09942308700577294	0.09886635756675603	0.10566889541217779	0.0017407866148044918
279000	-1711.8738834862945	-1561.01473146529	-150.85915202100452	0.0747649194826622	0.08319179693811016	0.08607578558013172	0.0014401756145998648
280000	-1711.83250627116	-1561.4049028071126	-150.4276034640472	0.13825365680919877	0.09048998614651994	0.09791069222972425	0.0035074605383139776
281000	-1711.1615500541488	-1560.9923719193769	-150.16917813477198	0.10298155096045218	0.08913228380763143	0.09653458750139843	0.002206226173211698
282000	-1709.9695011152912	-1560.2771697481908	-149.69233136710056	0.0964568257570895	0.09218907863570952	0.15517765973795475	0.0013613891705243038
283000	-1712.0953361014242	-1561.283589692963	-150.81174640846118	0.10741743187797806	0.13226961091132428	0.13096462361314745	0.00623725292704842
284000	-1711.5716569837011	-1560.7427235640353	-150.82893341966587	0.0861115538753094	0.10134784190885994	0.18985909858991684	9.82806508898301E-4
285000	-1709.969461446467	-1559.5292920978818	-150.44016934858507	0.10014759544334095	0.07754540835780445	0.11809808955793205	0.0032815365379198747
286000	-1714.1969803651068	-1559.8682890195798	-154.32869134552703	0.11255761265847031	0.04619523171083272	0.09102242644528126	0.002735033773966826
287000	-1711.2259116831158	-1559.2088920548083	-152.01701962830748	0.0818263217918473	0.06428092209938047	0.11601571028248164	0.003038502396387907
288000	-1711.6776559256762	-1562.0571308972847	-149.62052502839157	0.11524488723255628	0.14517827745462739	0.1352794718771305	8.723215083068294E-4
289000	-1711.2337417236677	-1558.4131923713373	-152.82054935233043	0.11352485293777262	0.06720875225493984	0.17810745611855833	0.003968069757711676
290000	-1710.0510214849987	-1560.3490854253203	-149.7019360596786	0.08364316851185834	0.09110856180039659	0.13702981896025476	0.0012624282354570938
291000	-1713.856831653712	-1560.185335587234	-153.6714960664781	0.1542173360338951	0.08646871787518849	0.22249599845909768	0.001582608229412706
292000	-1711.93394464566	-1559.7347720373937	-152.19917260826628	0.06018351098740129	0.08260570876104398	0.11632536085827684	0.0018618815104515527
293000	-1712.4815773445137	-1560.4590154150458	-152.0225619294678	0.15763917585114387	0.06853889364379764	0.1360343415486174	0.0016449400249704438
294000	-1714.293984289434	-1562.0832811407238	-152.21070314871037	0.1091147436592521	0.08142432832336448	0.22356353900737302	4.2164125489770656E-4
295000	-1710.7113609697576	-1560.4711086631028	-150.24025230665475	0.1379902241642273	0.08258549640713657	0.1220429993543284	0.002217399565517677
296000	-1711.2684119971805	-1559.5937465218794	-151.674665475301	0.13386363925714254	0.12198690349120941	0.16834197622374686	0.004548781038009856
297000	-1710.976417476688	-1560.0052116637155	-150.97120581297258	0.1082699924738009	0.0778810076385344	0.10676890805419963	0.003773113393022966
298000	-1713.392510762147	-1560.1193110900938	-153.27319967205318	0.05405474455016726	0.07488765106140062	0.09203638639439732	0.0021080615118883087
299000	-1711.712377637006	-1562.410008471458	-149.30236916554801	0.0893392651941187	0.09157671630972607	0.155713104265215	3.2489177976377623E-4
300000	-1715.5060646282736	-1559.8892720360095	-155.61679259226418	0.06719768609619174	0.051683792573199897	0.1007385838463884	0.0035445970083392685
301000	-1710.3055654658606	-1560.1801150334843	-150.1254504323763	0.07763219480012504	0.11545025422315995	0.12393036208780446	0.00217302060634418
302000	-1712.9790940680662	-1561.291496881865	-151.6875971862011	0.07700165846732557	0.0904875602865756	0.1068197446789816	0.004585121954291927
303000	-1712.0349768012045	-1558.9011808021964	-153.13379599900802	0.16304973068395506	0.07334787479634065	0.1469120857432167	0.006642664076148235
304000	-1710.8029727830565	-1559.2808639964978	-151.52210878655868	0.1291437737731985	0.07129316094666155	0.17607772960285442	0.001958687640242824
305000	-1715.8901742038643	-1559.6816891015064	-156.20848510235783	0.06269296988551858	0.04471272553952509	0.11711613660535575	0.0034676195545439606
306000	-1710.304759842465	-1559.3927476561284	-150.9120121863366	0.11860734016997063	0.10205184182872556	0.16125282669271257	0.0033307242320039666
307000	-1710.8467994412213	-1560.4277717447214	-150.4190276964999	0.13064646324362456	0.10368619044194874	0.11627907294757818	0.004868771493479459
308000	-1716.5608680462542	-1562.1378865707793	-154.4229814754749	0.15737866487756172	0.051947417062136333	0.08408134394904151	0.00514631183919065
309000	-1712.0065311403682	-1559.6468478698193	-152.359683270549	0.07791586555309632	0.0679192275378519	0.11471126809532733	0.0034873478591480947
310000	-1710.8812139234963	-1559.3257594605102	-151.55545446298606	0.11189267728821242	0.05683392647704629	0.1246864926386281	0.001941524709061735
311000	-1710.7711697471436	-1562.131714550113	-148.63945519703066	0.11181133843356286	0.09571001832218762	0.10602208802841719	9.08993059124172E-4
312000	-1710.3756685105757	-1559.6560798083733	-150.71958870220232	0.11865594008338522	0.08085652018712855	0.11954590959306667	0.003957980664164824
313000	-1710.878250626802	-1560.4714159226692	-150.4068347041328	0.09040060661535884	0.13147089897942282	0.1256174774766488	0.003349405109803025
314000	-1712.4872372137108	-1561.893679588124	-150.5935576255868	0.06989875133783335	0.10811204488173448	0.1484193383903772	4.4276797971750347E-4
315000	-1711.50573658456	-1559.4478657162576	-152.05787086830242	0.1450837782605624	0.0677548157802263	0.1214194099798796	0.005378447889920438
316000	-1711.022250956625	-1559.3512034286534	-151.67104752797155	0.09387114436378624	0.07015402495034137	0.14118308195622345	0.004356062637746647
317000	-1710.3703590258858	-1558.958304198074	-151.41205482781177	0.10745306199721374	0.06296488324034731	0.12251296784418078	0.0032781471520712704
318000	-1715.5957756910914	-1560.725314508336	-154.87046118275546	0.10831054296226547	0.12990454129707965	0.2367619174405939	0.0045019070859579615
319000	-1710.9523142680302	-1558.3050013690756	-152.64731289895468	0.09571797310262951	0.05758134549845449	0.1556366825698134	0.0027971134776820145
320000	-1713.4676184074196	-1560.1718209219334	-153.2957974854863	0.06554223298079712	0.06241876847024027	0.1204365058772056	0.003540985473962264
321000	-1709.5436843847685	-1559.5267073617817	-150.0169770229868	0.1259564759447187	0.09623739052975747	0.1521589694764437	0.002878900644567603
322000	-1714.2511959429046	-1560.205324316803	-154.04587162610161	0.12831081961253835	0.06221131680889196	0.130850436244662	0.0077401923603011916
323000	-1711.0102684888789	-1559.5438338515962	-151.46643463728256	0.09810230455739778	0.07597032963521207	0.179430757621883	0.0016047559624234797
324000	-1710.054242923978	-1560.7880153991807	-149.2662275247973	0.10826941457375269	0.08309698574879724	0.12306913228442777	0.0013460305703662265
325000	-1710.5186909603149	-1559.5893427319845	-150.9293482283304	0.07212551294527943	0.08703511119801612	0.13556333389461014	0.002253913223268029
326000	-1709.8108025538986	-1559.9598148796272	-149.8509876742714	0.08749069106438116	0.10153069643964538	0.13950973722546472	0.0018847301366208481
327000	-1710.2467014454164	-1560.1345036092023	-150.11219783621405	0.10816220285569383	0.1333557417615076	0.14691868300186375	0.0038062675355365074
328000	-1710.6751721743071	-1560.2040355426893	-150.47113663161778	0.07885783939676715	0.134280710478383	0.15047458304570116	0.002314590434799995
329000	-1712.7337642234681	-1561.3820541643572	-151.35171005911087	0.1254344835712264	0.10109075225267372	0.09700487213545403	0.003849624841678687
330000	-1712.425335062867	-1561.0840557633928	-151.3412792994741	0.10752852142436742	0.12657935605626955	0.1257889740366076	0.005893499034935208
331000	-1712.9114713686577	-1559.3382945261942	-153.57317684246337	0.13737423108118021	0.05147369914943104	0.1253144262491024	0.0020653141683046952
332000	-1710.1274306760351	-1559.3984390738683	-150.72899160216693	0.10956121852272245	0.08029628746379015	0.12667320815039393	0.0036724743413999723
333000	-1711.5185857257154	-1561.0870165218248	-150.43156920389055	0.07843689350635845	0.08637462524017614	0.09476240481023056	0.0012172144916934864
334000	-1711.7875938338807	-1559.587837351598	-152.19975648228282	0.15499561836787878	0.12334147503354519	0.1746026640753915	0.0038639984099626784
335000	-1710.567745838808	-1561.5707104859237	-148.9970353528843	0.12398154676414916	0.09640385470365898	0.14929138366110103	8.696664054513597E-4
336000	-1714.8153794910354	-1557.7103816743875	-157.104997816648	0.10047443627362179	0.03493852152606072	0.12797939542659553	0.00348337886334925
337000	-1712.5619986382655	-1561.9319087853696	-150.63008985289588	0.09613796944462083	0.09191742252084048	0.09578117046897044	0.001008023770163065
338000	-1711.4811616647723	-1560.0504998899307	-151.4306617748417	0.10516421523969681	0.07809032882362117	0.10910693490013783	0.0025330319018601367
339000	-1712.6339012979404	-1559.9584418287259	-152.6754594692145	0.1437391168234804	0.06261908940505698	0.16070641622692777	0.0014361157409507068
340000	-1715.0950409487632	-1563.157679479088	-151.93736146967524	0.12101368920854211	0.08210112317662015	0.07353720233020232	0.0022856205138186573
341000	-1712.413113491633	-1561.4013632351257	-151.01175025650738	0.08692686211180674	0.12793239143420088	0.1521817304191645	0.004911158071319789
342000	-1710.1441628227324	-1559.9993170564337	-150.14484576629866	0.11808597745056613	0.08534548522185276	0.11398574880330868	0.0035986029173879094
343000	-1713.1937269476746	-1558.2934869942792	-154.90023995339533	0.09913607083547601	0.04562541457699634	0.12030206572478284	0.0027360398655240773
344000	-1712.58571141069	-1560.8070735099734	-151.77863790071666	0.06932651284342423	0.166152334311474	0.153862838034657	0.0011493362573685043
345000	-1712.8235350253099	-1559.644903276279	-153.17863174903096	0.1766295469758504	0.12310093068164561	0.16551244931505252	0.004470598404490116
346000	-1714.3951448510734	-1559.689853791903	-154.7052910591703	0.0841219599247581	0.09151204553056232	0.12771619980710047	0.002516229012117388
347000	-1709.4978176082896	-1560.4550513615804	-149.04276624670914	0.10782977526571114	0.10949624794858971	0.1274039946063463	0.002086753991611696
348000	-1715.1145202136831	-1561.2614762323185	-153.85304398136452	0.05533287193544337	0.1385177827775097	0.19325406693345526	6.133922591897632E-4
349000	-1715.6135920571521	-1562.730729785033	-152.88286227211913	0.08364235907188645	0.06307438730020606	0.14975714856315778	1.8619219935824512E-4
350000	-1711.9904707381957	-1560.643882122316	-151.34658861587974	0.10052105875886282	0.059743327576998746	0.09612546580660372	0.0015029337478615736
351000	-1714.5412893733587	-1563.8229664063801	-150.71832296697852	0.15341935007713894	0.11343292911761518	0.10179972545182572	1.5183038546777306E-4
352000	-1713.2513144159623	-1559.5804022905545	-153.67091212540785	0.08218539846617277	0.0641767416248544	0.10166158361667811	0.003008230273281596
353000	-1710.2191893546421	-1559.1307954139616	-151.08839394068062	0.08619762565468364	0.07375703070233496	0.13505071472047142	0.002664791708289807
354000	-1711.3882034489638	-1560.9281904077002	-150.46001304126358	0.11591551155460306	0.0744461916998224	0.10768522603145568	0.0015619596731999148
355000	-1711.9093626995095	-1559.7151548491188	-152.19420785039068	0.06196737716863151	0.08504341169447834	0.15088317891659028	0.0014322814819006855
356000	-1715.0904642309906	-1560.8920015849458	-154.19846264604493	0.07268561422019958	0.18573342916786997	0.14535434193572908	0.0012600508912942094
357000	-1710.3606906554135	-1560.697417633529	-149.6632730218843	0.10379367569328596	0.0825640752203453	0.1065264310478011	0.0017808215599800761
358000	-1709.930939642615	-1559.3293652310545	-150.60157441156053	0.13294467593052092	0.0753558982393842	0.1410099834815823	0.0027012141724136727
359000	-1712.4214334769435	-1559.0463980802913	-153.37503539665227	0.09085150503409439	0.07006693384274719	0.19686687934748082	0.0033381226018938098
360000	-1711.8032356756808	-1561.2018978701133	-150.60133780556737	0.11276068819789217	0.13619720862630832	0.11812739927160547	0.00576832105201032
361000	-1710.2818558817394	-1559.828190117093	-150.45366576464627	0.1009332779922021	0.08989449600359237	0.13485127903978245	0.0045997816733976925
362000	-1715.4651433907022	-1558.4113260335616	-157.0538173571406	0.11611706477519397	0.03621224059162241	0.13185507478287567	0.0016508469232402294
363000	-1712.9721059128683	-1558.9814384857657	-153.99066742710252	0.10657267288089786	0.049890448984198796	0.10757574307827848	0.0035560558243395795
364000	-1712.9152290155344	-1562.9482521557154	-149.966976859819	0.07938562349839105	0.08734067925742085	0.09850404927818532	3.012352845989518E-4
365000	-1710.8919471019208	-1561.1234136020967	-149.7685334998241	0.14127382359847	0.1409723466415167	0.13330976148049828	0.0023532694165351027
366000	-1709.940278313824	-1559.9709019355068	-149.96937637831712	0.08331174850887056	0.08984919205102049	0.13848423717695232	0.0015497274570931711
367000	-1710.8508133241717	-1561.7283689804744	-149.12244434369714	0.11950918869733627	0.10732699692648037	0.09892445723455155	0.0020528646739451845
368000	-1711.0885082126895	-1559.7753950213946	-151.3131131912948	0.09589287367857074	0.11340850181243868	0.18859464433186524	0.0027554945300632193
369000	-1713.1854529735112	-1561.8806196701428	-151.30483330336847	0.07741649706275719	0.10807007335149328	0.08790988582566495	0.004280773207749501
370000	-1711.1835049938823	-1561.1318219096124	-150.05168308426994	0.1351218401252159	0.09388329089066946	0.1552079437785218	0.001146321949516873
371000	-1711.996727848984	-1559.9650811965125	-152.03164665247135	0.0634460279635248	0.08581543109467472	0.1508189961775918	0.0025111641943160313
372000	-1712.9551349013054	-1562.031959236444	-150.92317566486133	0.08368115201279279	0.17863971777697188	0.09791600071316851	0.0011766116056243974
373000	-1714.9634245977563	-1563.7442482366082	-151.21917636114816	0.08542126738516746	0.05494808815500919	0.10494528551425168	4.741599056201739E-5
374000	-1713.4269694100037	-1560.5121763576801	-152.91479305232357	0.05981862965320508	0.07992042943702572	0.08148065499031382	0.0016950400190959855
375000	-1713.4836009536266	-1561.7182158849446	-151.76538506868192	0.09653630361754523	0.08590031086458451	0.19358732857617625	5.226997904672609E-4
376000	-1710.5711497103746	-1559.6845832993647	-150.8865664110098	0.12267285425701638	0.10042932691455748	0.1427081379778325	0.0030721319522442033
377000	-1712.5382183338165	-1559.5694841401908	-152.9687341936258	0.1484716398558946	0.06014555952363156	0.12115633685582355	0.006437618366297179
378000	-1713.939237376502	-1561.7577616071906	-152.1814757693114	0.05568341757707802	0.10342859744711702	0.1401769311423513	3.9612658010726567E-4
379000	-1712.2992760476195	-1558.9404001640903	-153.35887588352912	0.17562360237954164	0.09198753951498316	0.1624459677474375	0.0048337830992194976
380000	-1713.4335777673673	-1560.1058194750922	-153.32775829227512	0.08112311013445402	0.046191680907916616	0.1320762176703641	8.162367423459146E-4
381000	-1712.783374432674	-1559.2179407019441	-153.56543373072998	0.1497716647302985	0.08756322800534569	0.19642373702868351	0.002597422882543435
382000	-1714.4890498164996	-1560.6346122971006	-153.85443751939897	0.0475243617960447	0.08933293673428887	0.08096603164859208	0.001049032475985217
383000	-1710.4724561590112	-1560.2976599554727	-150.1747962035385	0.0928660327965182	0.10800550297888557	0.1145317780435334	0.003138170157633224
384000	-1714.0109636014226	-1557.9358204126054	-156.07514318881732	0.1423093088344216	0.04137223079136686	0.1603584068757122	0.005569988595252639
385000	-1714.7751442314407	-1560.522999140499	-154.2521450909416	0.05152409105139561	0.14924025352645084	0.13488448855403448	0.001557568816136279
386000	-1712.255463176738	-1561.6970348743046	-150.55842830243336	0.06826856326735029	0.09868605904863659	0.15549735510035964	4.65225876901036E-4
387000	-1712.8311377757523	-1560.0222577431573	-152.80888003259494	0.07674373825194934	0.07292568921093236	0.09557025594549508	0.0027691833415437787
388000	-1711.9276838293626	-1561.3180735425208	-150.60961028684187	0.06895981111500539	0.1291064239257392	0.0999398083654205	0.0010623531614977083
389000	-1711.3956463962008	-1561.6599544665312	-149.73569192966977	0.11995900415753535	0.147194865591862	0.12839204208554003	0.0013879819854441648
390000	-1713.218110763643	-1562.2178386993055	-151.00027206433745	0.10177718054626189	0.09285497010016744	0.1904505554528177	3.8717971685547366E-4
391000	-1709.6419742878752	-1560.2942387219068	-149.34773556596835	0.10836224679449245	0.0994942654424109	0.11764260762642566	0.0025894106471485087
392000	-1714.6108765370245	-1561.1793652119939	-153.43151132503056	0.046789408317197176	0.11753076847979857	0.08402777534140307	7.671524998503371E-4
393000	-1713.4850578587384	-1559.9027163152864	-153.58234154345197	0.13935418892823717	0.08989048294255922	0.1286967226329266	0.0032794953926631753
394000	-1709.8472394976154	-1559.7349793886212	-150.1122601089942	0.12792649016147645	0.08373790340427881	0.14907595460329276	0.0021590408887086606
395000	-1712.010515330232	-1561.8253969224543	-150.18511840777768	0.0739674367329477	0.11139059829117334	0.08869860589530011	9.581129026668681E-4
396000	-1711.9991619900832	-1558.5019495877966	-153.49721240228655	0.09934289814895632	0.04927869075418481	0.16125211889937693	0.0017425694862590337
397000	-1710.5387376286762	-1560.1200772060959	-150.41866042258047	0.14891950041564325	0.10405639809466105	0.12700882398145572	0.004775872572717847
398000	-1715.8964232726942	-1558.2185548992875	-157.6778683734067	0.09373770274944965	0.028268880871229713	0.09847189896246246	0.0018399578747269462
399000	-1719.1536947637555	-1560.4265016393872	-158.72719312436834	0.0667426312661282	0.03721048716785647	0.08100354009020898	8.139787773718567E-4
400000	-1711.8262206369072	-1559.1360370662746	-152.69018357063254	0.10149663403603701	0.05348160627231051	0.11168332810598736	0.002277885156455334
401000	-1710.5270709634651	-1559.8263894190618	-150.7006815444033	0.13583257194736237	0.1316504373282457	0.1609615372789947	0.004096827821130456
402000	-1712.052167149466	-1558.8445341230363	-153.2076330264296	0.0989878360972622	0.06614859048250359	0.14479966454453577	0.002378451113965831
403000	-1711.5345204231116	-1559.3899116504963	-152.14460877261524	0.0964074080555708	0.07965254998133982	0.1718153973039145	0.004187460125672471
404000	-1711.8273225655666	-1558.6304389889617	-153.19688357660496	0.09342370541387904	0.05826361833227517	0.1318401406724699	0.003321549697026822
405000	-1717.229780458225	-1558.4211610753166	-158.8086193829082	0.2067229434544597	0.07197816236352168	0.16851713466183182	0.008090774000381051
406000	-1710.3117662196837	-1560.336672111172	-149.97509410851174	0.09184877283275072	0.10172774698672403	0.15818455169499487	0.001365349210072857
407000	-1713.5135594257674	-1557.7370768790283	-155.77648254673903	0.0920299308916938	0.04266944111649942	0.1886913650540059	0.0021602546138376573
408000	-1710.2604839288172	-1559.749288325853	-150.51119560296405	0.0783924872112809	0.10013009088402364	0.1427990191652604	0.0023191142963310263
409000	-1709.7615099806262	-1559.0431705896515	-150.71833939097465	0.11590649369102515	0.08351856749793632	0.15011302420167832	0.0038751138571061286
410000	-1714.2950150295624	-1557.7239411349153	-156.57107389464704	0.09197200420668351	0.0352071532960875	0.13711641875767638	0.0018385887680715792
411000	-1711.2205293929483	-1559.5710165315018	-151.64951286144645	0.10428703069127689	0.0935876735135619	0.13629849748101577	0.0029852338680178684
412000	-1711.0217644905663	-1560.6132972797745	-150.40846721079177	0.12744371385269831	0.1003739323310754	0.11848156838137937	0.0025869441470236345
413000	-1711.0217017945588	-1560.8023544213356	-150.21934737322314	0.09379804683713104	0.10319029586247448	0.10173191333189567	0.003963678709153468
414000	-1712.1031691768274	-1560.1869667621736	-151.91620241465384	0.11837983777263036	0.11304134615924213	0.2083839042678675	0.0018125701556424608
415000	-1709.6803655721146	-1559.8683669769073	-149.81199859520726	0.09629410278433964	0.0998470963699852	0.1269346723934063	0.0032899358233105737
416000	-1711.0630849620165	-1558.2898859539373	-152.77319900807936	0.12400026257163882	0.055893958264328865	0.16533407800839445	0.0024750306127658667
417000	-1711.2420915159862	-1560.1382652910595	-151.10382622492665	0.07158703354951922	0.11692076629351301	0.16036868836932197	0.00155491333612246
418000	-1711.4587888582735	-1560.9657735456171	-150.4930153126563	0.07372000404186567	0.12343041912451297	0.16558855114386203	8.761601992525569E-4
419000	-1712.1111640586007	-1558.7958651071267	-153.315298951474	0.12336925752498745	0.05804640729512815	0.17374669499901624	0.0019312640952204062
420000	-1711.6756252143603	-1558.7664063307536	-152.90921888360668	0.08258552862077019	0.05803353863347605	0.13998088199736936	0.003291330440819783
421000	-1712.8751670088857	-1562.2605101440079	-150.61465686487784	0.13319729128119576	0.12972331528923045	0.09552941901121187	0.0033024339086887553
422000	-1712.1020975158715	-1559.186294727873	-152.91580278799847	0.09198772081554252	0.04850132768367992	0.14459328462175794	0.0012854506446518682
423000	-1709.9550653677813	-1559.4603374716348	-150.49472789614657	0.09860785717715337	0.07417940330400198	0.11837775747957044	0.0027870555441610644
424000	-1710.3170799866127	-1560.4749792957948	-149.8421006908179	0.09036149040462794	0.1411918218671533	0.13947856393230385	0.0019340268479231773
425000	-1710.1464882272608	-1559.3410560958005	-150.80543213146035	0.08481723268632829	0.0803636926701309	0.13570503350624136	0.0023919170298206155
426000	-1710.8396611796393	-1558.7854782527174	-152.05418292692173	0.14900590681662387	0.08910037506243829	0.17629260905051555	0.0039958018654707265
427000	-1710.7464034416846	-1560.3786558078828	-150.3677476338019	0.07898097919486045	0.08548742669262305	0.13234275142524915	0.0011500666352429582
428000	-1710.8646737549025	-1560.9992356197968	-149.86543813510568	0.08313320971701489	0.10352663620778138	0.1559057002283937	8.725495372091447E-4
429000	-1713.207019808906	-1563.0445860263271	-150.16243378257866	0.07445316410140364	0.0948816971643079	0.0825584487806779	3.738411800976193E-4
430000	-1710.8078658579889	-1560.4119275137527	-150.39593834423604	0.11259721837701056	0.12937284585248665	0.1733895396212431	0.0018069865742352008
431000	-1711.541332443131	-1561.1473756417372	-150.39395680139387	0.10297380326152536	0.15571539825902064	0.11274169807125767	0.002601457740899147
432000	-1712.6644042103976	-1559.285015783958	-153.3793884264395	0.17114291265365697	0.07813813782784615	0.1500438196031129	0.003281058592033989
433000	-1712.7254654715894	-1559.2791391629003	-153.44632630868904	0.09459051226753987	0.0504147809349882	0.09815094874942462	0.002725967069704748
434000	-1711.688691374633	-1562.6492286864022	-149.03946268823086	0.09002061228556335	0.14441010734233714	0.1096261914980779	5.286028287827677E-4
435000	-1711.2076599231914	-1561.091408902978	-150.11625102021344	0.16556880378781277	0.10347459157413065	0.12625859702995418	0.002442518649661544
436000	-1712.2199462189496	-1559.484996461108	-152.73494975784158	0.17165712079112386	0.12748307997374497	0.190271548624027	0.004101483495494448
437000	-1711.504998799098	-1558.6962144551344	-152.80878434396374	0.1069118405617098	0.06985141726122437	0.15112396972608386	0.0036840829105405947
438000	-1710.4915766371719	-1560.54256973974	-149.9490068974319	0.08638196105813119	0.11248507604956819	0.1556480662658896	0.0012581522173394715
439000	-1710.9429928468576	-1561.014018938426	-149.92897390843143	0.10038603262914501	0.130759072870425	0.13615638334869273	0.0013905891955351569
440000	-1709.7007343383834	-1560.1075419371	-149.59319240128355	0.10693183934309511	0.11649879855974693	0.1309036681221245	0.003153534612325766
441000	-1711.993678551368	-1561.7393363340213	-150.25434221734673	0.14146712608534864	0.10038345586483886	0.10095504407360122	0.002645835478381891
442000	-1712.6198273363736	-1559.9491651439944	-152.6706621923793	0.07431235691973267	0.06447250003684861	0.17553208280785562	9.80365368631337E-4
443000	-1713.1378048213267	-1561.5956164303834	-151.54218839094324	0.07612247659436051	0.0890014283750112	0.08008140335076312	0.0013040138471326812
444000	-1710.932545723561	-1558.817287509841	-152.1152582137198	0.10851765953512381	0.0646456552893955	0.1419019020541746	0.00449991435338347
445000	-1710.3457721689565	-1558.7894551050108	-151.5563170639458	0.11207375585978012	0.07445216624545	0.15319171220154482	0.003926432004683497
446000	-1711.0006127206107	-1560.287100514082	-150.71351220652855	0.10057449696992433	0.08923504330487589	0.10569278227326713	0.0029482660357555267
447000	-1712.079047070085	-1559.791947680874	-152.28709938921085	0.08545345581473036	0.07183576063596557	0.10361015422866536	0.002369133337368804
448000	-1712.132094251748	-1560.206150414243	-151.92594383750492	0.0568269715350509	0.09500576745995432	0.10733751470125952	0.0012889850706044141
449000	-1711.4065854491098	-1559.0482569085934	-152.3583285405164	0.07684536956345227	0.059868932704050415	0.1501367688249423	0.0015445005383280292
450000	-1712.0301764639607	-1561.150421535509	-150.87975492845172	0.11417098596249138	0.13346334112251335	0.2001584176329233	0.001123623205923556
451000	-1710.8681659519816	-1559.5341478056257	-151.334018146356	0.09479416989536432	0.08479109130597155	0.14966811485595513	0.004080755602035455
452000	-1711.406740504006	-1560.085681919838	-151.32105858416807	0.09455912868425645	0.10002129938142398	0.11699230117000567	0.002902193849136545
453000	-1715.6737042234106	-1561.7077460928026	-153.96595813060807	0.04664886284914333	0.07163153300825575	0.14772111853269354	2.95540652832313E-4
454000	-1712.7127630609207	-1561.259233283943	-151.4535297769775	0.1160387115821157	0.10959434132859026	0.1048748302483105	0.005878118924735319
455000	-1710.7802970039156	-1561.3839424558537	-149.39635454806205	0.123012762793204	0.11919378950684276	0.13433116383291777	0.00132881874973884
456000	-1710.89502635686	-1559.3055981763007	-151.58942818055925	0.1513322901179596	0.071913895247941	0.14789798090711156	0.0026324803035719254
457000	-1709.7738435529404	-1560.4010500799732	-149.37279347296732	0.08847278292554345	0.10598488512111733	0.11722214274415158	0.0019095423186522428
458000	-1713.1192899002842	-1562.506974349514	-150.61231555077026	0.10527268888782287	0.061081364980329435	0.09803456769072011	4.8733527267136567E-4
459000	-1710.6799873780506	-1560.4942830341097	-150.18570434394078	0.1502228435823033	0.10041449070987392	0.14102962563199203	0.0022402770821412284
460000	-1710.3653175457357	-1559.7189757478218	-150.64634179791386	0.10041202350328922	0.06705639354028477	0.12468061309680809	0.0017350539247639625
461000	-1713.0762071828967	-1560.392492103658	-152.68371507923877	0.13131098001985475	0.11545541711705413	0.18890769133875618	0.0017496307731079707
462000	-1712.3604953978277	-1562.6271101805635	-149.7333852172642	0.08508154539457709	0.12098586505771135	0.08149817893946926	9.294251814649419E-4
463000	-1711.9324507787346	-1560.6947687764684	-151.23768200226607	0.0659264566079482	0.07483990761511784	0.10217704798414233	9.438605695771857E-4
464000	-1714.1636734975584	-1563.1142088297236	-151.04946466783485	0.07094686467945449	0.15526972288619031	0.08256185724622085	4.1900923493731133E-4
465000	-1712.3366261532144	-1559.454912809484	-152.88171334373027	0.059508475826043065	0.0646684733453807	0.13938415642810062	0.0012063561178500262
466000	-1711.0539531950628	-1560.662097338382	-150.39185585668085	0.08411780248203772	0.09872256361272416	0.09626073036607018	0.00278167783027643
467000	-1711.0517703807304	-1561.598736396781	-149.4530339839494	0.09281870624518179	0.0923456439028949	0.14526673633532616	6.543243383540672E-4
468000	-1710.889461399061	-1560.5910087936695	-150.2984526053915	0.1160475878906627	0.0762216826482593	0.13419525164355856	0.0013109482440436604
469000	-1711.1517456723411	-1559.5048922486385	-151.64685342370262	0.15016155053279057	0.08771751649357305	0.1553816062169276	0.002811579231753001
470000	-1712.2456382734517	-1561.0722214723164	-151.17341680113543	0.132154582160586	0.10028374941297336	0.1072020688582464	0.006543591595940797
471000	-1711.0834849806367	-1561.889053624045	-149.19443135659193	0.11427001828476367	0.13924040300937054	0.11075106883578802	0.0014709250559408746
472000	-1709.866089386991	-1560.4473384474022	-149.41875093958882	0.1053866222034977	0.10466560678591613	0.11166079877394988	0.0029890678574182043
473000	-1713.4431095218526	-1561.0369432191894	-152.40616630266328	0.0733418821724964	0.08110865947519592	0.13113808305242172	7.288725792377134E-4
474000	-1712.0279979972738	-1558.555392379172	-153.47260561810174	0.08046119792614001	0.05798084520751351	0.16612062791470616	0.0026370539026028717
475000	-1711.230757305355	-1559.3125046961054	-151.91825260924955	0.14038686452051563	0.06371419662899111	0.11914956405067086	0.004335487529625994
476000	-1712.4075935872909	-1559.7353427162896	-152.67225087100127	0.05930631213680094	0.08794992498274053	0.13421453662614233	0.0016729626527703198
477000	-1710.8512563327456	-1558.5154653992295	-152.33579093351617	0.10356630687786032	0.06505758714339527	0.1551519051806667	0.003023756103291075
478000	-1712.9126218498832	-1563.6985530287498	-149.21406882113342	0.11760750576140457	0.08536391993160673	0.1291901606939258	2.9902477976531943E-5
479000	-1710.1157147085983	-1560.0078036890036	-150.10791101959464	0.10394238780906692	0.09253995627446875	0.11560591657118052	0.003305125213529325
480000	-1711.5466583084738	-1559.8099857081938	-151.73667260027986	0.12536496015709447	0.08567039898184363	0.2026302462767127	0.0017278299073940882
481000	-1710.7704351187583	-1560.9521591431344	-149.81827597562383	0.10331470740757605	0.13175232483453106	0.11364318616000924	0.0023074802013443112
482000	-1716.4232175846523	-1559.3295344140347	-157.0936831706175	0.10476383051094779	0.0643373753348119	0.2427090331722191	0.004453531669787933
483000	-1710.3784263402172	-1561.4719733023296	-148.90645303788762	0.08585238992073832	0.11385735705451133	0.11380017600515636	9.818175138075849E-4
484000	-1712.790374578055	-1561.1581623806915	-151.63221219736354	0.08054445180729788	0.12711509868196869	0.09876734449531716	0.0033700886208522453
485000	-1709.6779894257309	-1559.8075811976585	-149.87040822807236	0.09416738360290007	0.08904154600676334	0.12039404562407371	0.0025888697972076234
486000	-1713.3368582487612	-1560.7341301024958	-152.60272814626546	0.04972237911205552	0.1252899765495908	0.16233567725170509	7.493389864172232E-4
487000	-1711.4850962032779	-1558.277721785446	-153.20737441783191	0.11023504403005527	0.055974776254165144	0.14170572264388945	0.0031985972085230366
488000	-1711.9724691206725	-1559.1835077827259	-152.78896133794652	0.10894412985852445	0.08837394925206796	0.2133982303755591	0.0032344609009950097
489000	-1712.006223298514	-1561.4285864467163	-150.57763685179776	0.11419273482659001	0.07074837077170769	0.08923525397664855	0.0018705022995076715
490000	-1713.0107680864428	-1559.7735784286554	-153.2371896577874	0.17907372868520458	0.10632122432203399	0.14023945012980565	0.006705450525525483
491000	-1711.249719241821	-1559.3999458662452	-151.8497733755757	0.10093690407160114	0.08443547598929788	0.1349804793139771	0.0027825282499944954
492000	-1711.36462010377	-1559.354751619184	-152.00986848458595	0.10826098070746963	0.08215024915767086	0.1357235678335188	0.004270328962495809
493000	-1711.2368325482626	-1559.1193955383546	-152.1174370099079	0.15293201660237613	0.10517740741294647	0.1708804958261287	0.005371553851047646
494000	-1712.4179996629368	-1563.2383366876616	-149.17966297527522	0.09085168245499585	0.0882046702704526	0.0918913149149536	3.019568344488473E-4
495000	-1709.5832932801827	-1559.8499381634592	-149.73335511672346	0.12963102548259545	0.10369512328067518	0.14270346063983336	0.0029688118960442458
496000	-1718.3115975369124	-1557.9943782511418	-160.31721928577056	0.1570787601150615	0.03996915650514803	0.20183379469822113	0.0018535966884619588
497000	-1709.7788333295255	-1560.1937430464109	-149.58509028311465	0.12592488254618864	0.09511633763809661	0.1286557303568386	0.002492102852012601
498000	-1711.2075875460966	-1559.491112668463	-151.71647487763352	0.16278577887176418	0.07257190352007038	0.1394324747320052	0.0029293064350939843
499000	-1710.550361553402	-1559.2117445234458	-151.33861702995614	0.09339113861166161	0.06171358105498898	0.1382835457606028	0.001717497219510232
500000	-1710.5902972676113	-1559.790046570167	-150.80025069744408	0.08227526139893475	0.09023215681922239	0.13350101263672726	0.001843096174221167
