#
#model:
#
#<?xml version="1.0" encoding="UTF-8" standalone="no"?><input id="posterior" spec="beast.core.util.CompoundDistribution">
#    <distribution id="prior" spec="beast.core.util.CompoundDistribution">
#        <prior id="lambdaPrior.bfd" name="distribution">
#            <parameter id="lambda" lower="0.0" name="x" spec="beast.core.parameter.RealParameter">0.01</parameter>
#            <Gamma id="Gamma.0" name="distr">
#                <parameter estimate="false" id="RealParameter.1" name="alpha" spec="beast.core.parameter.RealParameter">2.0</parameter>
#                <parameter estimate="false" id="RealParameter.2" name="beta" spec="beast.core.parameter.RealParameter">200.0</parameter>
#            </Gamma>
#        </prior>
#        <distribution id="snapprior.bfd" lambda="@lambda" spec="snap.likelihood.SnAPPrior">
#            <parameter estimate="false" id="alpha" lower="0.0" name="alpha" spec="beast.core.parameter.RealParameter">11.75</parameter>
#            <parameter estimate="false" id="beta" lower="0.0" name="beta" spec="beast.core.parameter.RealParameter">109.73</parameter>
#            <parameter estimate="false" id="kappa" lower="0.0" name="kappa" spec="beast.core.parameter.RealParameter">1.0</parameter>
#            <parameter id="coalescenceRate" name="coalescenceRate" spec="beast.core.parameter.RealParameter">10.0</parameter>
#            <tree clusterType="upgma" id="Tree.bfd" nodetype="snap.NodeData" spec="beast.util.ClusterTree">
#                <taxa dataType="integerdata" id="snap.bfd" spec="snap.Data">
#                    <taxonset id="ant" spec="beast.evolution.alignment.TaxonSet">
#                        <taxon id="CarpaChavin_B72793.Huanuco.CarpaChavin" spec="beast.evolution.alignment.Taxon"/>
#                        <taxon id="CarpaChavin_B72795.Huanuco.CarpaChavin" spec="beast.evolution.alignment.Taxon"/>
#                        <taxon id="Carpish_B72761.Huanuco.Acomayo" spec="beast.evolution.alignment.Taxon"/>
#                        <taxon id="Carpish_B72772.Huanuco.Mitotambo" spec="beast.evolution.alignment.Taxon"/>
#                        <taxon id="Amotape_B67243.Tumbes.Amotape" spec="beast.evolution.alignment.Taxon"/>
#                        <taxon id="Amotape_B67257.Tumbes.Amotape" spec="beast.evolution.alignment.Taxon"/>
#                        <taxon id="Chavinillo_B72789.Huanuco.Chavinillo" spec="beast.evolution.alignment.Taxon"/>
#                        <taxon id="Chavinillo_B72792.Huanuco.Chavinillo" spec="beast.evolution.alignment.Taxon"/>
#                        <taxon id="Quichas_B72777.Lima.Quichas" spec="beast.evolution.alignment.Taxon"/>
#                        <taxon id="Quichas_B72778.Lima.Quichas" spec="beast.evolution.alignment.Taxon"/>
#                        <taxon id="Canchaque_B72873.Piura.Canchaque" spec="beast.evolution.alignment.Taxon"/>
#                        <taxon id="Canchaque_B72878.Piura.Canchaque" spec="beast.evolution.alignment.Taxon"/>
#                        <taxon id="Huamatanga_B72889.Lima.Huamatanga" spec="beast.evolution.alignment.Taxon"/>
#                        <taxon id="Huamatanga_B72892.Lima.Huamatanga" spec="beast.evolution.alignment.Taxon"/>
#                        <taxon id="Pacar_B72907.Ancash.Pacar" spec="beast.evolution.alignment.Taxon"/>
#                        <taxon id="Pacar_B72909.Ancash.Pacar" spec="beast.evolution.alignment.Taxon"/>
#                        <taxon id="LaQuinua_B72753.Pasco.LaQuinua" spec="beast.evolution.alignment.Taxon"/>
#                        <taxon id="LaQuinua_B72756.Pasco.LaQuinua" spec="beast.evolution.alignment.Taxon"/>
#                        <taxon id="Chinchan_B72900.Ancash.Chinchan" spec="beast.evolution.alignment.Taxon"/>
#                        <taxon id="Chinchan_NK_173896" spec="beast.evolution.alignment.Taxon"/>
#                    </taxonset>
#                    <taxonset id="cur" spec="beast.evolution.alignment.TaxonSet">
#                        <taxon id="curtata_cra.cur.B6032" spec="beast.evolution.alignment.Taxon"/>
#                        <taxon id="curtata_cra.cur.B8175" spec="beast.evolution.alignment.Taxon"/>
#                    </taxonset>
#                </taxa>
#                <parameter id="RealParameter.0" lower="0.0" name="clock.rate" spec="beast.core.parameter.RealParameter" upper="0.0">1.0</parameter>
#            </tree>
#        </distribution>
#    </distribution>
#    <distribution id="likelihood" spec="beast.core.util.CompoundDistribution">
#        <distribution data="@snap.bfd" id="treeLikelihood.bfd" non-polymorphic="false" pattern="coalescenceRate" spec="snap.likelihood.SnAPTreeLikelihood" tree="@Tree.bfd">
#            <siteModel id="MutationSiteModel.bfd" spec="beast.evolution.sitemodel.SiteModel">
#                <parameter estimate="false" id="mutationRate" name="mutationRate" spec="beast.core.parameter.RealParameter">1.0</parameter>
#                <parameter estimate="false" id="shape" name="shape" spec="beast.core.parameter.RealParameter">2.0</parameter>
#                <parameter estimate="false" id="proportionInvariant" name="proportionInvariant" spec="beast.core.parameter.RealParameter">0.0</parameter>
#                <substModel coalescenceRate="@coalescenceRate" id="MutationModel" spec="snap.likelihood.SnapSubstitutionModel">
#                    <parameter estimate="false" id="u" lower="0.0" name="mutationRateU" spec="beast.core.parameter.RealParameter">1.0</parameter>
#                    <parameter id="v" lower="0.0" name="mutationRateV" spec="beast.core.parameter.RealParameter">1.0</parameter>
#                </substModel>
#            </siteModel>
#        </distribution>
#    </distribution>
#</input>
#
Sample	posterior	likelihood	prior	theta0	theta1	theta2	TreeHeightLogger
0	-1990.0987844597705	-1835.8214502097135	-154.27733425005707	0.056986996107448604	0.08482810861255706	0.07706276308759341	0.002244170742895961
1000	-1985.8763275757515	-1836.7784214165895	-149.09790615916194	0.0944658069461894	0.12883655801271665	0.11117745152551045	0.0014610802808537196
2000	-1986.6571278306476	-1835.4944183851817	-151.16270944546588	0.08984999419897054	0.13118342256134732	0.16151798347316235	0.0027584291531471032
3000	-1985.9275826412747	-1835.479809399918	-150.44777324135686	0.10837747102668706	0.09374555135299663	0.1272771662502233	0.005516293141109833
4000	-1989.4321382301505	-1835.2066481988945	-154.22549003125584	0.06777164466015864	0.057018026128306705	0.08061931135151978	0.00271006463905426
5000	-1988.7493559737204	-1836.4717949990948	-152.2775609746256	0.09852608592270559	0.06386543386121434	0.08612315689879484	0.0017626049164563525
6000	-1987.504884695189	-1834.2110723888552	-153.29381230633385	0.12570044710560838	0.06221525740840329	0.1680641953568368	0.005551969399498387
7000	-1985.36096882425	-1834.5140385350592	-150.84693028919077	0.1165764210422701	0.082334174648984	0.14409007126819018	0.0038414329946997424
8000	-1990.5302342425948	-1838.7903655806092	-151.7398686619856	0.07913765804081135	0.09934797111628664	0.10168447664390319	0.0068997617412999345
9000	-1988.7143977108028	-1837.4790389808577	-151.23535872994512	0.08095366454076088	0.1263130090907185	0.0728198785565525	0.0024169958899134475
10000	-1986.9998320567192	-1835.6424615461208	-151.35737051059854	0.06779769508639513	0.1209281481766936	0.16538428647556275	0.0019806845370976055
11000	-1986.6264346502323	-1836.309864200968	-150.3165704492645	0.11486226203309209	0.16308461850246728	0.11729998350080977	0.003559386848835986
12000	-1985.2205989183474	-1835.8112847196517	-149.40931419869574	0.09626845497200276	0.08823296900871265	0.11795930772655644	0.001714795741598596
13000	-1990.687951831885	-1835.0206122091017	-155.66733962278315	0.11103406840304739	0.04486971846026331	0.09525001109385713	0.0026154839393961325
14000	-1990.6670094470605	-1837.5881475872009	-153.07886185985978	0.06996684592193954	0.12068552147840934	0.06496551102313204	0.002130907981679886
15000	-1987.080681421694	-1834.2028294253798	-152.87785199631404	0.09316832737772637	0.06651316014369353	0.15822745494890625	0.0030846670402983854
16000	-1990.0874228298417	-1837.5530828790988	-152.53433995074272	0.049348673021772274	0.0942934785212329	0.08869987057756439	4.356037913008464E-4
17000	-1987.4671256825447	-1836.498374598447	-150.9687510840977	0.08819007597956	0.0823769504684569	0.1110593434883098	0.0011289585474770325
18000	-1987.3786479733778	-1836.374959152658	-151.00368882071982	0.0990142957042462	0.07064172652232838	0.10156044541001381	0.0014106772227095148
19000	-1986.5701768714587	-1836.243356700699	-150.32682017075965	0.11742744914260096	0.1275451526504267	0.1522865176955055	0.0017893707126538819
20000	-1986.0929700093864	-1837.4170397277035	-148.67593028168298	0.12451708694388978	0.10441444095766499	0.13292679697258225	0.0010546812572787508
21000	-1986.8234813168976	-1834.4098152376505	-152.41366607924724	0.09460794182287394	0.059509117691547285	0.11796643068822346	0.00381662488483655
22000	-1986.07654353824	-1836.988537566298	-149.08800597194207	0.11767161713079347	0.11906172017274703	0.10633361534317505	0.0020047655792870592
23000	-1989.4790451411084	-1835.5866761931895	-153.8923689479189	0.10069860562744755	0.060878542012267604	0.16475088702498383	0.0011960480911765007
24000	-1987.7097788486167	-1836.0344055434193	-151.67537330519744	0.069479228958309	0.09605146759691821	0.15062580840230097	0.003376145890949783
25000	-1986.5038172716286	-1834.9131467449922	-151.59067052663636	0.1357851704588302	0.11098428040483972	0.1899756855130909	0.0037889981273855036
26000	-1987.1506477915782	-1834.00202348052	-153.14862431105826	0.07529422174640002	0.053173878926630724	0.13170637549399328	0.0020872190753832517
27000	-1985.9506621719406	-1835.3110032728985	-150.63965889904208	0.08739645246819934	0.07132342804560117	0.10681988077393414	0.0018656593138119168
28000	-1988.0482731550646	-1835.7070702594929	-152.34120289557185	0.12767798653107704	0.14594552777561023	0.2069719763118969	0.003016722991450953
29000	-1986.786762530915	-1835.1446805889962	-151.64208194191895	0.08061553018440262	0.07479394783775271	0.13775783867948532	0.0038613252583916363
30000	-1985.9744119738864	-1835.0794409820091	-150.89497099187727	0.07355955128341185	0.08994875379364561	0.13577802946350598	0.002748972003851284
31000	-1988.1672649162178	-1834.1939811166899	-153.97328379952796	0.17780517620221187	0.07062299152501798	0.1634456784711896	0.007259504388560905
32000	-1986.6399676110684	-1835.5324025693421	-151.10756504172633	0.06727203028571918	0.09130522075466922	0.1284939713034154	0.0012781861617407312
33000	-1986.8003354652965	-1834.5677926582841	-152.23254280701244	0.10328173843675971	0.059207443260359226	0.1142196649845305	0.004242657504445141
34000	-1985.9405357499604	-1835.3427150451432	-150.59782070481714	0.08377262526156577	0.10325329744784394	0.11736220529367677	0.0030968791129816833
35000	-1988.4298918778259	-1834.9098626806467	-153.52002919717907	0.06425934027038074	0.06070271923594399	0.08777909489199344	0.002285746760393385
36000	-1986.7718340039025	-1835.1806177012766	-151.59121630262592	0.08475672774155486	0.06980926722077643	0.09533562010838474	0.002766784672609442
37000	-1991.5286902257815	-1837.4002579092332	-154.12843231654833	0.08718277420789707	0.05978923165943466	0.12435359324998982	5.569990461408347E-4
38000	-1985.9253522937568	-1834.2654402367807	-151.65991205697605	0.13351437424032464	0.06569563758238861	0.13651952090369904	0.003797429959676878
39000	-1986.903016046755	-1835.5898604786396	-151.31315556811558	0.11135521016719896	0.07483674595180337	0.17078126716689865	0.0014817770893660318
40000	-1987.9635557685763	-1835.3749186573864	-152.58863711118997	0.06804634698448121	0.09086944967966414	0.131241602752352	0.0014038820804911888
41000	-1986.3719566867037	-1835.5008849708902	-150.87107171581357	0.14236070533378434	0.11901665845424036	0.16203183914706784	0.0029114182022789165
42000	-1986.9085528687815	-1834.8122542995534	-152.09629856922805	0.09372304363164673	0.05678484702017314	0.10538314267352365	0.002178246372136783
43000	-1985.650056067312	-1834.8628622536999	-150.78719381361213	0.13655953619765873	0.07747130863037081	0.14393058042836449	0.002839341243604509
44000	-1991.7776924758625	-1835.5426327085484	-156.23505976731408	0.04373374008816894	0.09094091347256102	0.09174934752603055	9.714729708355834E-4
45000	-1990.0635775038695	-1835.0164877958637	-155.04708970800573	0.06704723466415861	0.04886320005813016	0.08508006936122454	0.0014886500050977271
46000	-1986.4376786123714	-1835.2945516614393	-151.14312695093219	0.12432880263737472	0.11572872104636985	0.14825503992154024	0.005493393981599441
47000	-1985.5175107536281	-1835.637377363914	-149.8801333897141	0.13404465195865228	0.12254207834033999	0.12953618847060855	0.004051367712521788
48000	-1991.7723389872222	-1838.352357602052	-153.41998138517016	0.12050946309216953	0.08144872140121094	0.15314474734445344	4.55398737931615E-4
49000	-1990.1698775670766	-1840.1216662743614	-150.0482112927151	0.13492668374306105	0.1551161379682717	0.08239142628066898	5.030858061189427E-4
50000	-1986.31053175313	-1837.08917440711	-149.22135734601977	0.13215137673767824	0.11697514561037946	0.10621925391433464	0.0024136009296207286
51000	-1987.8048825998162	-1837.2187010073424	-150.5861815924739	0.09971646428344731	0.11698765004008947	0.08214731693289973	0.0038619143775258254
52000	-1988.7364589551698	-1837.045533593381	-151.69092536178897	0.12653692721933818	0.11016979591640187	0.1435174140506405	0.009478345561112213
53000	-1989.9281768963956	-1834.618378476531	-155.30979841986456	0.20551716025663933	0.058132523949352304	0.13948194712213877	0.005725400377858302
54000	-1985.557661260144	-1835.029840292772	-150.52782096737198	0.11290971307369073	0.07019737119287088	0.11781094155983735	0.0025979372269172222
55000	-1987.6296028200009	-1838.6583620061215	-148.9712408138794	0.09702980786563561	0.09758778779419987	0.09781361272322431	5.265986207036629E-4
56000	-1987.0777611789981	-1836.0195537026675	-151.0582074763306	0.07024635697393129	0.1576595650625299	0.10609897218236342	0.002039235049838656
57000	-1985.2767370556712	-1834.9425282353445	-150.3342088203268	0.13392409210387343	0.08415932978428366	0.14605305405602922	0.002877206851405939
58000	-1988.499707616399	-1834.9090836835533	-153.59062393284572	0.13831032895707518	0.04922140748922982	0.15524649721593092	0.0016619061993614224
59000	-1987.7003345623302	-1837.427794522448	-150.27254003988227	0.12144197109668509	0.0696314127209247	0.09531195975783298	0.0013012774454275351
60000	-1985.4804419754614	-1835.5423452112282	-149.9380967642332	0.08866690989437274	0.10244875533792826	0.10718849434070554	0.0028439077593774937
61000	-1985.8807862796511	-1834.5926752040907	-151.28811107556032	0.08884151203953515	0.07123923929745772	0.12515974755312334	0.0024385552331523245
62000	-1986.849869946477	-1835.7292137584236	-151.12065618805323	0.07481383878969158	0.1476414078999383	0.12839793038890607	0.002344722297038038
63000	-1989.3433049925047	-1836.316067885496	-153.0272371070086	0.08684290156603777	0.1920271039747769	0.18456119750589922	0.0017696773728449933
64000	-1987.3713380885067	-1835.3218626295072	-152.04947545899958	0.11160501883923948	0.07044977000981405	0.14872953856583737	0.0063554685001258136
65000	-1990.7583047933595	-1835.4151252538259	-155.34317953953348	0.07731619183345141	0.05461083148769571	0.19111686519871476	0.003776790476262267
66000	-1985.715666709309	-1836.6383081044685	-149.07735860484058	0.11982957508931304	0.13261794900077598	0.1264805623917315	0.0019088345519937832
67000	-1986.7405510333488	-1834.9047514112642	-151.83579962208444	0.07352432480695675	0.07991021765701538	0.11323003881005954	0.0023074199535702547
68000	-1991.850629259445	-1834.365557659607	-157.4850715998379	0.10343147629007524	0.03732028820751457	0.1327597448596001	0.0049595418029450365
69000	-1987.4754084944207	-1835.1052367761724	-152.37017171824817	0.06849458072666874	0.05906478381160081	0.12375873238899776	0.0011663726344265026
70000	-1986.641513146984	-1834.9207640602751	-151.72074908670868	0.10077152024135623	0.07532117970708045	0.11300040603479396	0.003099861865227153
71000	-1988.4800875911224	-1835.2840253224115	-153.19606226871076	0.07999458372730023	0.0510570417632228	0.10956327071304289	0.0012136559687789372
72000	-1986.3054671251714	-1834.9401764660022	-151.36529065916915	0.10848979963960469	0.10137930667078406	0.1648069223603488	0.003983496865326892
73000	-1986.542626091243	-1836.4019328864813	-150.14069320476156	0.11792151742500244	0.11692650801913639	0.10226844322419683	0.0052480387259744255
74000	-1987.3685312734883	-1834.152449418606	-153.2160818548824	0.08515732140550236	0.053661152262168194	0.11978522520007093	0.003348676494439156
75000	-1989.14750787239	-1834.1460179021	-155.00148997028987	0.07351303745057	0.051307220415257725	0.10809871208181197	0.0022118355757046017
76000	-1986.6753727838066	-1836.8090781980775	-149.86629458572912	0.0747000626969714	0.11845782628546225	0.15081530318521127	8.246301132767476E-4
77000	-1986.7501692932503	-1835.2840701511611	-151.46609914208912	0.13358039911336128	0.12880966764694893	0.1686844335912316	0.003481953350784553
78000	-1986.4650601949427	-1835.1867779759991	-151.27828221894364	0.07970150092328536	0.08064338505373093	0.11831004459748683	0.003631144050812787
79000	-1985.334052749592	-1834.8848211092763	-150.4492316403158	0.0913409486868075	0.0882488569824581	0.1294270294894478	0.002776287181032443
80000	-1990.3681114650549	-1835.53700652298	-154.8311049420749	0.05657338252055992	0.09163621961812117	0.10066747183050229	0.0023864112917800916
81000	-1990.298170711555	-1838.3613375533441	-151.93683315821096	0.08884831971101147	0.2144984485463583	0.1326441469898437	5.434601650192569E-4
82000	-1985.3280857428913	-1835.361440515088	-149.96664522780333	0.11721648215778911	0.10360358954380376	0.1239484297440615	0.004779864402445977
83000	-1990.2987070655113	-1833.9418641460961	-156.35684291941516	0.08438848536505125	0.03343101219237124	0.12909632000434101	0.0013346272920445501
84000	-1987.5159614913337	-1837.9718714215874	-149.54409006974637	0.11731129667629984	0.12946430715062732	0.09181625986935538	0.0018473259199035593
85000	-1988.8331175987635	-1835.4924040361318	-153.34071356263175	0.13740899327875686	0.057400775643678646	0.10988334858782757	0.0025549396827221037
86000	-1990.9991832772375	-1839.1284181932103	-151.87076508402708	0.10713794933951615	0.10566786325720692	0.06595318872091742	0.004774681633972337
87000	-1986.2826821518408	-1835.5876909171502	-150.6949912346907	0.11648206458885584	0.09086996735029916	0.11711784002744133	0.005832782953509973
88000	-1988.7340532673093	-1834.510186756254	-154.22386651105543	0.08785404139679105	0.04931525093196873	0.13706436328897512	0.0014991422754994
89000	-1987.0992295308747	-1835.8385581753614	-151.26067135551327	0.07414933284462494	0.13524448138143702	0.11750242427966118	0.0029176810892323295
90000	-1989.4975013071137	-1834.1556527320918	-155.34184857502186	0.1677230749410526	0.0470078016350864	0.13337550274165266	0.004046959938079687
91000	-1985.3385968298676	-1835.5819255595895	-149.75667127027793	0.10910902631354963	0.10233576833164902	0.11192940158353147	0.003754059880877122
92000	-1990.8251222306208	-1833.5907283384222	-157.23439389219845	0.11061872531708339	0.035487008177863974	0.1437684673863448	0.0018626635519147614
93000	-1985.6223897163113	-1836.1553619013148	-149.46702781499658	0.10155998983634162	0.09100505521599707	0.1323897006052609	0.0013998360556053962
94000	-1986.6645273530917	-1834.7715264551491	-151.89300089794264	0.094834762503645	0.05564776136999616	0.13911417173771434	0.001569739045863853
95000	-1985.0774410544186	-1835.126676740781	-149.95076431363748	0.08732514788802508	0.09988757550256226	0.12905882007260838	0.0026034897635956317
96000	-1986.8558648076398	-1835.3085047432785	-151.54736006436127	0.08671051242039944	0.0742781194940741	0.14364983470501594	0.0014506611263822283
97000	-1992.1504572815988	-1838.039022014029	-154.11143526757007	0.12574516180868114	0.07216289444104483	0.07528042644649942	0.0038364735987136984
98000	-1991.3065285323291	-1840.7567486734824	-150.5497798588468	0.17059214747306145	0.11259611023670053	0.06697789874856737	2.3032211650678834E-5
99000	-1985.8387002939076	-1836.1028117588646	-149.73588853504293	0.13041185291810087	0.11660529589717668	0.11340717089638823	0.003835372438617856
100000	-1987.2164550091768	-1836.110873231413	-151.1055817777637	0.07976880519663118	0.09594984489056606	0.11360663371301274	0.004436764346240398
101000	-1987.5245715967897	-1839.3918015386046	-148.1327700581851	0.1126600874783872	0.13426551845926069	0.10996754093409279	3.2460431093278325E-4
102000	-1985.1444348602656	-1835.6931578561253	-149.4512770041403	0.09386902337486663	0.11679774753785267	0.12057974769277371	0.002300596483123683
103000	-1988.0873721018368	-1836.682272282906	-151.40509981893075	0.0623418970089468	0.10264284191880256	0.10541394260367926	7.976499023299666E-4
104000	-1986.2138784863562	-1835.6259560001693	-150.58792248618695	0.11808844311835125	0.07454954897064084	0.14730576579449442	0.0016195566457817142
105000	-1986.0049889970437	-1835.454698612094	-150.5502903849497	0.0772714063894069	0.08982498959606412	0.14861685820411935	0.0014276121833958868
106000	-1987.360444181239	-1836.384210732044	-150.97623344919492	0.059005060963938975	0.10167765832749809	0.0985203026370978	9.03094340372846E-4
107000	-1985.8744001471648	-1835.3780811454417	-150.4963190017231	0.09364311846665593	0.09323027339088234	0.10833945155600136	0.00312942105880841
108000	-1985.4446244627543	-1835.4891725082891	-149.95545195446513	0.11773990671671078	0.10535211919972197	0.15423952682890674	0.002254927955337717
109000	-1988.6366346907826	-1836.4808273348303	-152.15580735595228	0.06257921502672621	0.17641760767734005	0.09665033002660252	0.0012931594198051816
110000	-1987.0922795831	-1837.021924917283	-150.07035466581698	0.12984743484075367	0.0924499013812574	0.09295329502636135	0.0032418052754443465
111000	-1985.9921760346724	-1835.8480076339224	-150.1441684007499	0.10865393438888667	0.10774230271222802	0.11108829848542166	0.004954635410884575
112000	-1985.999849646816	-1835.9989137358775	-150.00093591093858	0.098493622205107	0.07751473083757679	0.11372747966889618	0.0015175044965759787
113000	-1985.8279138841872	-1835.649937724948	-150.1779761592392	0.10946292362502427	0.1310680498877898	0.131769011972059	0.003006608228808501
114000	-1987.5167955874895	-1836.2864191669441	-151.23037642054535	0.10048709372588638	0.08828812165506346	0.1206701677388991	0.001398197873567547
115000	-1986.423980476842	-1836.1250191973368	-150.29896127950525	0.08592007728073862	0.11692901935414295	0.09523968407719056	0.0028151483280879144
116000	-1988.161343088976	-1835.4455148450945	-152.71582824388162	0.15821939313928315	0.06583497674398257	0.11359917665273851	0.005962004920629072
117000	-1987.4420327207204	-1835.2584313130474	-152.18360140767305	0.053788548883648965	0.09307810880967898	0.11368726978278472	0.0013867108903122276
118000	-1987.0565178325842	-1835.7325745369367	-151.3239432956476	0.11906423130995489	0.14237860467802785	0.17793737983250477	0.0025238806138220063
119000	-1987.426893287147	-1834.1137163115106	-153.3131769756364	0.12034893619190747	0.05538806197908894	0.12554981561514814	0.003734305000773578
120000	-1986.6423761897763	-1837.693681835699	-148.94869435407728	0.10309246317028395	0.09628352825743816	0.09699958304993699	0.0010693565103883909
121000	-1986.1084588457195	-1835.3525472111455	-150.75591163457395	0.06677754267989319	0.10276865772108904	0.11189773851787621	0.002281400887174118
122000	-1987.2853897980435	-1834.919907635712	-152.36548216233166	0.0988554287657588	0.08048082990129218	0.16795173078719214	0.004329974232797847
123000	-1988.8947338451871	-1835.4574667649736	-153.43726708021347	0.0874704333981622	0.08146114151459735	0.17592295354407897	0.001450433940084386
124000	-1988.949743311649	-1835.6484947045656	-153.30124860708344	0.041747484646583385	0.10352177060866738	0.12393311511638744	8.493477858159571E-4
125000	-1986.6414032467205	-1836.2025882367186	-150.4388150100018	0.12730785179147813	0.11002761730139161	0.11026618643665355	0.006480284162343938
126000	-1986.590877821443	-1835.057118556506	-151.53375926493698	0.08127975198778578	0.06493221285915866	0.10412550144820866	0.001843176203784057
127000	-1985.9547038479034	-1835.1103856509449	-150.84431819695854	0.08292126348421118	0.08074300137264939	0.13452102105804897	0.0017231254253052184
128000	-1985.3343401624027	-1835.3333253390078	-150.00101482339485	0.08876026190860481	0.09832768840506449	0.11504105100161875	0.0025554498233999515
129000	-1986.8309366808296	-1836.5457463136631	-150.28519036716654	0.150286921379199	0.09488143801980349	0.12714235508919786	0.00208124059604843
130000	-1987.7596265426193	-1837.0506089429498	-150.70901759966952	0.08678274416298888	0.12314790915810168	0.11262399942071356	0.005577413951932794
131000	-1988.9925050153984	-1833.4623417978933	-155.530163217505	0.10978053141553976	0.03889093198350691	0.167031383741653	0.0020166107620226198
132000	-1989.6581892768493	-1834.3197841042258	-155.3384051726235	0.09887806776966077	0.03982438335124768	0.1028068794455652	0.003846885083752826
133000	-1986.280499550185	-1835.1501907379359	-151.130308812249	0.11933093847755935	0.06916739296212403	0.11537202722013457	0.002714516599859406
134000	-1985.9286555727488	-1835.9499840248704	-149.9786715478784	0.08679184414923292	0.09913122156131883	0.12892655509428863	0.0014114570008788023
135000	-1986.6183886035212	-1835.8718096072162	-150.74657899630503	0.13797503943979153	0.11704351020397617	0.11894710512292274	0.0059000056131905156
136000	-1988.4210150844888	-1835.5110762947588	-152.90993878972986	0.04902057080569444	0.08979180612545237	0.1503570822017194	0.0010469532349260445
137000	-1986.8047570289048	-1837.7176271313276	-149.0871298975772	0.13300009864569748	0.11014804659094199	0.1237884430069767	0.0011126632166323334
138000	-1988.2217828338898	-1835.5124231236027	-152.70935971028712	0.0617240043598201	0.09825758393198436	0.16014556807413885	0.0021019846979559286
139000	-1987.2675642827617	-1836.1753218249291	-151.09224245783255	0.06359702031170708	0.14637292087862214	0.14657269381570748	0.0011008625572238348
140000	-1986.0594839481091	-1836.2077766401767	-149.85170730793251	0.10639805303074708	0.14412751530897325	0.11115337500296571	0.0033172486995087713
141000	-1986.2477003807353	-1834.1621760588323	-152.08552432190308	0.10260595940119503	0.06319035724363119	0.1347373795229507	0.0029679694058721735
142000	-1989.4273333677218	-1835.5141173677341	-153.9132159999876	0.05423231666983946	0.05727498314255435	0.1000598822299013	8.661315927122034E-4
143000	-1986.8064982877934	-1834.2463391939184	-152.56015909387503	0.08376159392934124	0.05863061156977251	0.11693846071191426	0.0027692127534399763
144000	-1985.8240077748003	-1834.7771739255388	-151.04683384926147	0.09570101509656526	0.08061860781886138	0.13221166763663467	0.0025195151746881046
145000	-1985.8594876635125	-1835.3965510315477	-150.4629366319648	0.06871699055869354	0.10469299733304585	0.13849627195204428	0.0015984773046553912
146000	-1986.2580403683417	-1836.2066434327767	-150.05139693556504	0.1494161122987389	0.0933037293749825	0.1521520250254889	0.00183566466691167
147000	-1987.2221806467196	-1835.5499428381595	-151.6722378085602	0.07186266342093493	0.08480987247904986	0.1492108331414577	0.0033203520613852263
148000	-1985.5108343871093	-1835.3974536031938	-150.11338078391546	0.07694775472935812	0.11336349277306261	0.12432624839302595	0.0021991055521508648
149000	-1985.2464876425224	-1834.7572876259765	-150.48920001654596	0.11580875954429876	0.0760047759546291	0.14381543997976223	0.0025060281977539647
150000	-1988.3925485217337	-1836.4647302920182	-151.92781822971563	0.1361700633655244	0.07920436823234045	0.11356925254685143	0.0019805267220328565
151000	-1987.0408260942872	-1836.22820586291	-150.8126202313772	0.07910287042948597	0.1389348375916297	0.13040870385938036	0.0037896506125960055
152000	-1987.4193718689103	-1836.9900203861966	-150.42935148271357	0.10114100003516044	0.14393520622999056	0.10056381643889126	0.002002692106141272
153000	-1987.345830228551	-1836.7395377451342	-150.60629248341678	0.06956710969800156	0.12655248786382495	0.11242929807004814	9.330078361853818E-4
154000	-1988.739964726943	-1836.859033029932	-151.88093169701088	0.07755304511977695	0.16207402524475847	0.15445599333652865	0.0038865469117730696
155000	-1986.3515099746933	-1834.8650678428758	-151.48644213181757	0.14570443635354502	0.07338860237277947	0.12644123580969827	0.004093435756512228
156000	-1986.0601017666133	-1834.4863243148725	-151.5737774517408	0.10388502820417293	0.06503541992096772	0.1237200451838458	0.0042044417799526525
157000	-1985.6108941535185	-1836.5534502760079	-149.0574438775106	0.09242115490223332	0.12017617355910223	0.11327471818127106	0.0014787360844361413
158000	-1986.5223836142063	-1836.5755439169504	-149.94683969725597	0.09150096979126285	0.11696551453510143	0.13186564056937225	0.0012037492733299464
159000	-1992.537514729155	-1836.0131812653963	-156.5243334637587	0.16437270971610507	0.07571675908131391	0.1886415269292524	0.01087281239237991
160000	-1986.761991248112	-1837.8098978413475	-148.95209340676453	0.08060505931033311	0.11606531782361086	0.11499265078020308	6.154477140563487E-4
161000	-1992.217343925971	-1838.2545193026162	-153.96282462335455	0.09480264826084388	0.07646396069742947	0.08402583906570676	0.007539703608703523
162000	-1987.895491657075	-1835.2031034634501	-152.69238819362477	0.08645334994079344	0.06829604871950604	0.0944713861639535	0.0031523583492446437
163000	-1985.650510822763	-1835.5938718893974	-150.05663893336566	0.08961035120940711	0.08989976966267868	0.1065688425276399	0.002138532396883827
164000	-1987.4516038940758	-1835.400231043069	-152.0513728510069	0.07362524090051004	0.06485954722683884	0.09241206929174052	0.0016120794563633826
165000	-1987.4491871922094	-1835.5747586494886	-151.87442854272072	0.08063983694751221	0.0649839442001023	0.10252920603174905	0.0014185562542461208
166000	-1989.9975555456733	-1837.455339373878	-152.54221617179542	0.2031527408435122	0.1557451524348506	0.1324579272768934	0.0032691455825618787
167000	-1988.420228620793	-1835.6674058804642	-152.75282274032892	0.09660552373565716	0.062254001212906564	0.08716207254978262	0.003756692298736009
168000	-1985.228192589394	-1834.499426915067	-150.72876567432698	0.11876802828102444	0.08529327242623064	0.15994357639704143	0.0034417590878375523
169000	-1987.8748156667975	-1838.4895229863705	-149.3852926804271	0.08363028813620613	0.10787698932144926	0.11985864619856047	3.9848147807345377E-4
170000	-1986.5889885859137	-1836.1198652320822	-150.46912335383155	0.10209951932404812	0.07208809449191413	0.15685390530381035	0.0011081559868659997
171000	-1985.9109858320833	-1835.3747558521004	-150.5362299799828	0.06959307548625208	0.09925726070742873	0.109276120951455	0.0019137312311571307
172000	-1988.6226603579553	-1835.4240661750537	-153.19859418290162	0.12118332071992573	0.05621717153108715	0.0990376341031514	0.0029412853694335867
173000	-1985.8334538136703	-1835.59506766796	-150.23838614571028	0.15292619291919046	0.10930519460669763	0.13612181521369612	0.0036749696160923296
174000	-1987.2549060689294	-1835.5230273517816	-151.73187871714788	0.08195399888365054	0.10501606671928097	0.17923781048709234	0.0017574930699361384
175000	-1985.4960909619274	-1835.323067794308	-150.1730231676195	0.09209132912695663	0.09747624979137466	0.1201749502084214	0.0038764302538639973
176000	-1986.9872821581416	-1837.8928085553935	-149.09447360274825	0.11136838182188885	0.10550375983500708	0.0939196751471238	0.0012860298105377855
177000	-1990.2343683186737	-1836.0792602528493	-154.15510806582438	0.04138435306846144	0.140232720382008	0.14094995429106724	0.0013784611615523502
178000	-1985.2153893182717	-1835.2994390068204	-149.91595031145127	0.11539917308206375	0.08483307058370158	0.12281526792056635	0.002639726533843076
179000	-1987.2945296740907	-1834.6206890463627	-152.67384062772788	0.06359280546188077	0.068389759513815	0.1325890671972751	0.0017642390717085015
180000	-1986.7407042278373	-1835.750089031636	-150.99061519620145	0.10678540154017602	0.11342986363309195	0.11178904843111451	0.0038428277421199432
181000	-1985.9490468810297	-1835.3378433985724	-150.61120348245734	0.10337580375773327	0.12670295140981433	0.15322287995296713	0.0031418590990413098
182000	-1987.1500561461505	-1835.6528119166014	-151.49724422954912	0.08311830642672904	0.109587876781891	0.1077041050262031	0.003259505667397361
183000	-1989.8186683797662	-1835.188660191439	-154.6300081883272	0.05455750968442582	0.06909116929093628	0.15595887896544516	0.0011024190545124576
184000	-1993.7405867271113	-1839.0526308489357	-154.68795587817573	0.19503884908407373	0.05521904386142215	0.11048608888764454	4.395585808866012E-4
185000	-1985.2601914677857	-1835.136990465516	-150.12320100226987	0.11399704806682824	0.09382519847703398	0.12674526428339314	0.0032196788464484228
186000	-1990.6018690243768	-1837.2637914181014	-153.33807760627553	0.10441604387198634	0.06034538867402165	0.12126428552988917	7.17984647369134E-4
187000	-1988.526721493169	-1836.364794670184	-152.1619268229849	0.07451932003150888	0.10425348008698807	0.08142127285387553	0.002930638930418036
188000	-1986.7952989325036	-1835.614375432584	-151.18092349991966	0.14014533911978871	0.07546474978307452	0.10788146434393359	0.004746169317715972
189000	-1987.7467038368645	-1836.2200473236876	-151.52665651317702	0.07717841317233891	0.16993212434986324	0.16590315829116328	0.0014524461477674483
190000	-1987.1526807934956	-1835.1512942144507	-152.00138657904503	0.10136409681214596	0.06740150157713873	0.1272339668137383	0.0017984726270116695
191000	-1986.4639721182944	-1835.794688999516	-150.6692831187783	0.07408321309475215	0.10877718430794756	0.16610190823984242	0.0013476383255325698
192000	-1985.171586060675	-1834.9986136121938	-150.17297244848118	0.08977980124690281	0.09826213279411991	0.14395144431176057	0.003030853855946716
193000	-1986.6247495337923	-1835.743734405659	-150.88101512813324	0.10478968249481402	0.0874665762147917	0.11105449763847126	0.0054867260427667
194000	-1990.0050727530438	-1838.3698497163805	-151.63522303666332	0.15350980488443994	0.1012551423399285	0.20645514336269905	5.768573619276956E-4
195000	-1985.6168303003371	-1835.5648003716121	-150.0520299287251	0.08875665143778469	0.10625745761416172	0.11761090403154283	0.003862241348225703
196000	-1985.1437740046586	-1835.4766529107608	-149.66712109389783	0.09636117614995643	0.1263818749185075	0.14288857735431748	0.0025265574327563317
197000	-1986.2357454212531	-1835.6264225019952	-150.6093229192579	0.08247257299402297	0.09418572013142387	0.1010960632664014	0.0034987684815917567
198000	-1987.1205157210015	-1836.5486946620058	-150.57182105899582	0.0905345734884896	0.1066298635438018	0.08642007272009446	0.003757286717577269
199000	-1989.176891156229	-1836.9541014713213	-152.22278968490767	0.056207816304305214	0.13347410434678428	0.13560788333405938	0.0028796116175861
200000	-1985.2695014338774	-1834.985780853025	-150.28372058085242	0.12963845746471614	0.09760591755396635	0.1358956283941907	0.00417864412090524
201000	-1993.992035260465	-1836.2535802677912	-157.73845499267364	0.06195594360591539	0.06379008819610034	0.07770415638783666	0.001042556541887848
202000	-1985.575566009135	-1834.39979725578	-151.175768753355	0.11594272727625936	0.06957433759829079	0.15073718305865633	0.0026623457169137107
203000	-1990.0988379583664	-1833.9086769555272	-156.19016100283912	0.11996731147587186	0.03881548537112519	0.16058061137927554	0.005159513438257944
204000	-1990.943231723187	-1835.4499553030405	-155.49327642014643	0.06426336050220638	0.05595846892955677	0.08291389528787119	0.0032382433052434573
205000	-1987.1693718023566	-1835.4286822726576	-151.74068952969913	0.08600277311666818	0.07748272406267734	0.1480774084615676	0.004442025429046202
206000	-1986.9391350912456	-1834.4137241667731	-152.52541092447254	0.10614140977443684	0.06266849058577481	0.15771524359055905	0.0021271145856356535
207000	-1986.4755470333419	-1835.2952539355322	-151.18029309780974	0.08869958057269639	0.0999260284136878	0.12534068707575505	0.003663760899992004
208000	-1986.9863498724321	-1835.7430484288852	-151.24330144354678	0.07213882571815555	0.09364833482344004	0.13396220452525948	0.0035049920689560056
209000	-1986.6679333679192	-1835.2876792900252	-151.38025407789405	0.09952057970348847	0.11799644228627879	0.17022634930485972	0.0027329752395093367
210000	-1989.6700157054415	-1834.2457744825388	-155.42424122290282	0.12973703060472166	0.040085031577290015	0.11232314951317456	0.0036543072561026836
211000	-1987.605934450426	-1835.4280842145013	-152.17785023592467	0.1011499016710582	0.06137436661832928	0.09163165173498973	0.003456055736020563
212000	-1986.8865250858266	-1834.253904763782	-152.6326203220447	0.11708231556350185	0.07582309770883801	0.1657243471104553	0.00336774135189107
213000	-1987.030930997015	-1835.624357934868	-151.40657306214712	0.07614128959664332	0.08971370226369117	0.16910494617793503	0.0013090376828875027
214000	-1989.4073312197352	-1835.2850649931474	-154.1222662265878	0.052673124916103396	0.08726728859881416	0.0995679463261905	0.0019405692742256622
215000	-1987.159796930903	-1836.1305128569027	-151.02928407400034	0.09488571216516305	0.09594865765883251	0.09223827750542338	0.002941379232455618
216000	-1989.1276823871212	-1834.739451235204	-154.38823115191735	0.06287232311161045	0.05608580698933411	0.14381814218106445	0.001216458187649045
217000	-1990.4762120005967	-1832.994011010769	-157.48220098982756	0.08677207798715486	0.03260074447678852	0.12857871671408172	0.0025217505016032894
218000	-1987.8964050621144	-1838.5989489132257	-149.29745614888853	0.08718073174706473	0.08361036519509542	0.12570551277966033	3.319630249319223E-4
219000	-1989.8287253709873	-1836.3359388064855	-153.49278656450176	0.08517873348811365	0.0623422979401092	0.15164835673349766	0.00555228159407815
220000	-1988.9299670337127	-1836.0752441332675	-152.8547229004452	0.08654005476352425	0.07407795670111164	0.08166754510771378	0.0027046244251339325
221000	-1986.9955398114228	-1836.0836848539122	-150.91185495751049	0.09715638767279478	0.09541345976749314	0.11051259612154606	0.001783278782178354
222000	-1989.4898991894108	-1839.3087081158565	-150.1811910735543	0.10598574671738817	0.13873881614351954	0.11814756932342695	2.9399359790373226E-4
223000	-1985.1761470308975	-1834.9813903751958	-150.19475665570172	0.11858415423057737	0.07928548614905756	0.1227748391191854	0.0031688643254681893
224000	-1989.0551331494287	-1835.3612027202523	-153.69393042917636	0.059758039750336216	0.06786321635657819	0.08053939185913066	0.0023480808550730395
225000	-1987.7167536349773	-1834.873186357999	-152.84356727697826	0.1840020654375035	0.07264776645330652	0.13546646963025516	0.004957306370141113
226000	-1987.6077080351306	-1835.7359194112955	-151.87178862383516	0.05633815475681244	0.1329837867019909	0.1192349603828665	0.0013091088932053287
227000	-1987.2983568790876	-1836.4867401349932	-150.81161674409435	0.06463537325723265	0.11387382440627639	0.1530254146023691	8.308924486228623E-4
228000	-1989.1903866103835	-1836.41870884209	-152.77167776829359	0.059767918411131424	0.10918914472830218	0.08402911520318077	0.002947911984569192
229000	-1987.55261443628	-1835.3765982965808	-152.17601613969913	0.05179534272570209	0.10440558701670183	0.12737059574910162	0.0014309085930858444
230000	-1988.1408754769504	-1837.9027620730594	-150.2381134038911	0.10609966301626084	0.15559383930837523	0.1341050434974762	8.139885573969132E-4
231000	-1987.6856450971702	-1836.8152610207444	-150.87038407642575	0.10021465217741632	0.11148072417264693	0.09214376880058826	0.002283523102886488
232000	-1985.6273474488598	-1834.625268991859	-151.00207845700095	0.10091815261653633	0.07505562274622968	0.12425225886068239	0.0033645500168309225
233000	-1985.2744104517471	-1835.501271921105	-149.77313853064229	0.10632630246128724	0.128583409982978	0.1330233757833477	0.0035251630389053997
234000	-1985.0620405496786	-1835.3152489458885	-149.74679160379023	0.10453685573195272	0.10793202984944412	0.15368177897364013	0.0023361270952096196
235000	-1986.5447355638366	-1836.2048806414791	-150.3398549223576	0.07767131038745138	0.09569202913097533	0.12365255271477404	0.0011115778297037273
236000	-1985.9710186127907	-1836.2912260244016	-149.67979258838906	0.1247620247015599	0.13956388854350965	0.11694970563957223	0.0033730022586780954
237000	-1987.5876335413823	-1834.9601188373906	-152.62751470399164	0.12688226976492867	0.06402378394399542	0.1392792678785169	0.006708487457532712
238000	-1986.1464900681867	-1835.460588075961	-150.6859019922258	0.10718147952772858	0.11191965702587596	0.13654859000508085	0.004860694437546788
239000	-1987.5347432646993	-1836.4862318639257	-151.04851140077358	0.06350865824878552	0.1312305018523099	0.10999014609007984	9.752001826714112E-4
240000	-1987.2264877731038	-1835.2783995043412	-151.94808826876263	0.06619037634103499	0.09829986574383877	0.1534823641916675	0.0017411170433081218
241000	-1988.2796107032416	-1837.6512894776838	-150.6283212255577	0.08350575948820985	0.06946409660484057	0.09072823167761512	7.042424506012439E-4
242000	-1985.5367513203576	-1835.6871166589754	-149.84963466138225	0.075648447093037	0.11397183143531138	0.12449585493805122	0.0016121847650230965
243000	-1987.6575184552246	-1835.5054208376537	-152.15209761757094	0.05475093033059498	0.10812662352174707	0.09945740036447419	0.0016235708696834778
244000	-1986.5131751338888	-1836.557499745456	-149.95567538843287	0.09327903899642696	0.08371134029128635	0.09677985750612392	0.0014840001671194594
245000	-1988.4773707607842	-1838.084764083762	-150.39260667702234	0.14940448765101327	0.10004015402936813	0.17473102636231763	6.853920647614698E-4
246000	-1989.1665241335754	-1834.5195082722316	-154.64701586134382	0.10053471426186468	0.057151275411769	0.10930921533108894	0.0037255268699319713
247000	-1986.6412726044148	-1835.45856867341	-151.1827039310049	0.0625605376736943	0.10300924226332489	0.10254877542578311	0.00215039420118201
248000	-1985.9320984845053	-1835.2429142398923	-150.6891842446129	0.07545025978476216	0.0927648743015477	0.11488825181631689	0.0029510736493823324
249000	-1986.8664519570466	-1836.5542806728395	-150.3121712842071	0.09977208547625663	0.11292090073959787	0.0987484345865071	0.005328237490346175
250000	-1994.7078711143358	-1837.056350134438	-157.65152097989795	0.034858183321998935	0.07766397418038043	0.1873701019066688	0.001389327779601346
251000	-1990.6413185772976	-1835.5709836103088	-155.07033496698892	0.10519595017754083	0.05534631838356403	0.22045411465576686	0.0012341632654615873
252000	-1986.6640092613977	-1835.8754945613052	-150.78851470009255	0.12846195806070196	0.0854957600968421	0.12344876752977164	0.002221373031052608
253000	-1987.1801962756365	-1835.8883469901	-151.29184928553644	0.07300050161863575	0.07898400182768486	0.09161892266250776	0.0014832167774662273
254000	-1987.7141410852146	-1835.6963984396284	-152.0177426455861	0.07719341906380213	0.11848751230972286	0.17890602579868464	0.0025519077355439447
255000	-1989.3876806675717	-1837.3764002218993	-152.01128044567236	0.08429407259530174	0.20031561456140873	0.12127931645019763	9.816114017750246E-4
256000	-1988.069006269502	-1834.221379473495	-153.84762679600715	0.09066388340406521	0.051143092439796506	0.11916826882208888	0.0038528703102063337
257000	-1988.4063990960565	-1837.1516322624734	-151.25476683358312	0.05948343856700427	0.08968386688331034	0.11698926883012901	5.397580549536686E-4
258000	-1985.9918488782341	-1834.8826624443427	-151.10918643389144	0.13495177533125402	0.0674649828523885	0.13352676164975721	0.0026584342372986364
259000	-1985.557970374391	-1834.77531282035	-150.78265755404104	0.09552433978520097	0.08879490984673576	0.1586699550817373	0.003322863995085321
260000	-1986.1960101613456	-1837.712716375499	-148.48329378584657	0.1052377906711469	0.11379020542697227	0.12006681683614907	8.650418318617342E-4
261000	-1986.0360869230349	-1836.7269977432234	-149.3090891798116	0.13548282387611268	0.12220215863787497	0.13115346564908098	0.0019263545313270563
262000	-1986.873520613085	-1835.559856972831	-151.31366364025402	0.0742351135869328	0.12161557229298699	0.16542092096397504	0.0021020594710895847
263000	-1987.0162132184557	-1835.6839096933234	-151.33230352513246	0.11521304200078857	0.08032820709242604	0.10611868621271864	0.005549444879900904
264000	-1985.7827497141193	-1835.7108898947376	-150.07185981938153	0.08054611926895881	0.09263643410685235	0.09997267549313008	0.0019599499303433535
265000	-1986.0841660119486	-1836.059011370945	-150.0251546410037	0.09211423469569538	0.09222993906428914	0.13813433757310808	0.001294656816163912
266000	-1985.9851027037053	-1834.810083462221	-151.17501924148436	0.09857861475653616	0.08927723854470788	0.16620181321226846	0.003576214842179618
267000	-1988.434551017547	-1834.9539721174747	-153.48057890007226	0.06070189453515797	0.07764015151222697	0.11922717974759518	0.0022393047740675667
268000	-1985.5477547051705	-1835.4107324880163	-150.13702221715414	0.11227366742647608	0.07708488415860996	0.14878402992229423	0.001737118835360291
269000	-1986.9950352212713	-1836.467967859233	-150.52706736203814	0.10147009786295699	0.10187207474385555	0.11230041214560374	0.006259524902491443
270000	-1987.0704428923066	-1833.573648893745	-153.4967939985616	0.12308101367327264	0.050731466595489494	0.16242624031180197	0.0028801769484289195
271000	-1985.5988666659186	-1835.6669485946304	-149.9319180712882	0.08825287445334809	0.1287935439260615	0.11989354222000331	0.0026157990959526155
272000	-1987.2410780183554	-1835.5848722639223	-151.65620575443307	0.09840669691311238	0.07640870493991007	0.11352480235502084	0.0018371731256552842
273000	-1987.2661084866456	-1836.200073387528	-151.0660350991176	0.14098971863419346	0.16386887764242897	0.12858081690941278	0.004519727032012111
274000	-1988.60165874405	-1835.144194929302	-153.45746381474788	0.11628488941179123	0.0450419766406191	0.11655395145996596	0.001595716539516872
275000	-1986.7921402522395	-1835.4470974858232	-151.34504276641624	0.09707911032648348	0.11429720380186502	0.17991099760522136	0.003628800297774242
276000	-1986.1920973877764	-1836.2585220953865	-149.93357529238972	0.0844145959324999	0.09398065409255162	0.11748192966423227	0.001230281572531296
277000	-1987.8479809608061	-1833.802045702442	-154.04593525836424	0.08467700518660999	0.05093051624915685	0.16730707697900296	0.0024490431318987473
278000	-1988.3769325652365	-1835.3360019098532	-153.0409306553834	0.1363448750821671	0.06255112957463631	0.10659872811556628	0.004886408856359292
279000	-1985.7115181404356	-1835.5828095138531	-150.12870862658247	0.14375765434779664	0.09955033204316971	0.15053518107246847	0.0025361924989698663
280000	-1988.201105758739	-1834.4645363056493	-153.73656945308966	0.15690688740821562	0.0783177228980078	0.2022436218103989	0.0031123380541876844
281000	-1986.8767932566523	-1836.2960403933614	-150.5807528632908	0.10671252989926314	0.11431135497450355	0.1815847623890565	0.0014108763536407028
282000	-1986.928718999327	-1837.543136710014	-149.3855822893128	0.12207994699874164	0.12408319939274653	0.09805690955361485	0.0020727940580035644
283000	-1987.834532244394	-1834.598478795678	-153.23605344871618	0.06735727838362929	0.06076860565156591	0.14242413223840852	0.0027075148570027637
284000	-1986.5491429142226	-1835.0844620460675	-151.46468086815497	0.11524209408104583	0.07725372893683728	0.121229979436002	0.00276228279172733
285000	-1987.853015563805	-1835.6212222051413	-152.2317933586637	0.06241739139718396	0.09125511003430359	0.09881630882281503	0.0013845879306432808
286000	-1987.2852611104072	-1835.037199008876	-152.24806210153108	0.08350996567165779	0.07579569354071788	0.11717339487616599	0.003758976278375602
287000	-1986.4359265811281	-1836.7884260399057	-149.64750054122246	0.08796701469717268	0.0821600165392829	0.10346583738751162	0.001070605803485609
288000	-1986.3305546338445	-1837.6230441509695	-148.70751048287502	0.09742440554122686	0.10354117582422695	0.13477688022821663	7.074189741117696E-4
289000	-1989.0566572727566	-1837.1614859945366	-151.89517127822	0.0947644860641956	0.056414733293619596	0.085924588549218	0.0010130233056840623
290000	-1988.535017551418	-1837.7538955389375	-150.7811220124804	0.06651204352151152	0.13604924896249662	0.08290414765686105	7.590068161772038E-4
291000	-1985.4529806711662	-1835.4269940606216	-150.0259866105445	0.12102554207401627	0.13023743754236536	0.14100901613425088	0.004008950849917381
292000	-1986.2759055474883	-1835.1164041050117	-151.15950144247645	0.12602803764894385	0.08792666201804333	0.12647223353656112	0.005543960482738156
293000	-1988.1822461647614	-1836.5781676001272	-151.6040785646342	0.15830584202061865	0.07623550188324228	0.10307606895542011	0.0035891242249943786
294000	-1988.5009227012993	-1837.0001541988008	-151.50076850249837	0.06372367337145406	0.08996666427465941	0.07842897753544002	9.370298053238644E-4
295000	-1986.3782648648973	-1835.0370220449638	-151.3412428199335	0.10812615670195484	0.05832222820017481	0.12847873303080895	0.001748466454525774
296000	-1987.9213888965626	-1834.2687080037713	-153.6526808927913	0.157050324064095	0.06034181872312581	0.15633569058193797	0.002974582650255029
297000	-1986.6175250515598	-1834.6316980740046	-151.98582697755523	0.07655917895058513	0.06487453772704695	0.10771004362929236	0.0022834163393193425
298000	-1985.1067232044215	-1835.0519413679715	-150.05478183645013	0.10915133240176174	0.09798817552208125	0.13867537063706648	0.0029106904616066557
299000	-1985.0930663374484	-1835.673328972298	-149.41973736515038	0.08709351220523488	0.09974213326939695	0.12925324451090736	0.0016427233852817362
300000	-1987.9585635168382	-1834.3964049572905	-153.56215855954767	0.1510845277495319	0.053488526833387166	0.12868773922180715	0.005355743025221602
301000	-1987.6566957166976	-1834.138882387182	-153.51781332951555	0.14602350002353018	0.07150300522206121	0.15875959088929256	0.003799803918022621
302000	-1986.086778021474	-1834.9314422017933	-151.15533581968077	0.12486795934440122	0.10599687027059998	0.1596498576737196	0.0034933122031899745
303000	-1987.2227959639201	-1835.9357752661904	-151.28702069772982	0.07816279986793968	0.07505072754911798	0.1076251555295555	0.0012192787402608922
304000	-1985.7424004990935	-1835.3797909219443	-150.36260957714916	0.10967687209435935	0.08266011737858797	0.12945611830691242	0.002092475064738034
305000	-1987.8917946157153	-1835.0246677660273	-152.86712684968796	0.0866402951379683	0.05781131742831946	0.09356431151643321	0.003534468159785728
306000	-1986.1880604666808	-1835.2296305511172	-150.95842991556367	0.09631851712711034	0.08350887719129516	0.10786426428325949	0.0036562492880843215
307000	-1986.0015391230875	-1835.1689756054766	-150.8325635176109	0.10228198539686724	0.09928011429456424	0.13264164249677782	0.004258838240660075
308000	-1988.548233561306	-1834.4033884603	-154.14484510100593	0.12182252018503388	0.05472145756874594	0.1174148034598939	0.0042947004894935735
309000	-1986.8125691794776	-1834.6535428635643	-152.1590263159132	0.07115935875002449	0.06494204641949161	0.10474607253236035	0.002240103929172523
310000	-1986.0155215487298	-1835.0472035818786	-150.9683179668511	0.1309067709603152	0.07123380994808902	0.1388247079180903	0.0023577293850311713
311000	-1986.2428034544491	-1836.008351468012	-150.2344519864371	0.08216617421203781	0.13296671157904705	0.11104036839587512	0.0019488270334983668
312000	-1986.2009748501569	-1837.1591169427675	-149.04185790738936	0.08646846171405827	0.12770763748250477	0.1122630460686956	0.0010214683887382928
313000	-1985.47081022533	-1835.086078125736	-150.38473209959392	0.08150938831942958	0.10022732246125794	0.1448962543253506	0.002477738839214666
314000	-1987.1356682066933	-1837.97408231401	-149.16158589268318	0.0919676292219874	0.15469967144033547	0.12847260275868805	6.731502684561152E-4
315000	-1986.9644417659117	-1836.0285416671877	-150.935900098724	0.12232575374036665	0.07264510396015951	0.1520995331857553	0.0013553028721112865
316000	-1986.3197313030605	-1836.5650879443112	-149.75464335874932	0.1352434925301738	0.07927599032943727	0.12744297426361026	0.001511872835572722
317000	-1993.5128563299886	-1832.675057901317	-160.83779842867176	0.10100077482157899	0.029086127884735604	0.16304926450397847	0.002238133068728608
318000	-1987.3921250970316	-1835.3485154492103	-152.04360964782126	0.09055728192145386	0.07697610631132444	0.10037153408145345	0.003802554267828907
319000	-1986.0273388485484	-1835.8436563252894	-150.18368252325894	0.09407881437426519	0.14714208429785414	0.12598543291097578	0.003564440279195342
320000	-1985.4928982014203	-1834.8968349478555	-150.59606325356486	0.11162136607814632	0.06930535148034822	0.12066887585153296	0.002593628171919947
321000	-1990.4010266333119	-1837.9658516929317	-152.43517494038025	0.0749054119832642	0.0955321771723086	0.07439612391030719	8.737891039345873E-4
322000	-1987.692753005035	-1834.8364803036516	-152.85627270138338	0.07781553898507279	0.06005532537655443	0.1177159144444228	0.0037693124992770263
323000	-1985.955789570137	-1834.7221601879344	-151.23362938220265	0.12980289458769506	0.06423435009871101	0.12717471443363992	0.002882678699566387
324000	-1986.2492211568704	-1834.756865683043	-151.4923554738272	0.15771883702707787	0.10707336712414188	0.1638957163830961	0.00481920108679193
325000	-1985.7100634595638	-1835.512352404814	-150.19771105474976	0.09999763060366604	0.12314045981046001	0.14438913712451465	0.004159044001340346
326000	-1987.8080853927013	-1836.731185506385	-151.07689988631645	0.12950970946378088	0.13338223893012424	0.18894728208645034	0.0014658780616369045
327000	-1987.3811641600305	-1836.5188737211834	-150.86229043884723	0.07579729933331737	0.11199915730298639	0.14317374113983689	9.489730755820225E-4
328000	-1987.9834614404492	-1835.7903849166057	-152.19307652384356	0.06034061325587366	0.09978768933015933	0.12588486991324455	0.0010670481212661897
329000	-1986.9514916937667	-1835.2015573250428	-151.7499343687239	0.07358290068166769	0.07849927173392549	0.11103011723356797	0.003292992189650972
330000	-1985.9917452130524	-1834.352401575516	-151.63934363753623	0.09185718946594733	0.0709507713480065	0.1486631750207691	0.003151152438846178
331000	-1987.8444509260303	-1833.9298984931377	-153.91455243289266	0.09637480284957539	0.044279851212412936	0.11053462295184022	0.0029579406387991733
332000	-1985.8900487433039	-1836.6541994939796	-149.23584924932433	0.1001544737563696	0.11266075735347622	0.1566865171000815	0.001135127483027358
333000	-1989.4628960011637	-1835.2212616906584	-154.24163431050545	0.05347475895005659	0.079363994438211	0.13821997867678731	0.001958519619962761
334000	-1989.499146584409	-1834.3680709253044	-155.1310756591045	0.10663616190691474	0.0373213495089883	0.1494412937056671	0.001365249954076704
335000	-1987.946844608828	-1836.9425813931257	-151.00426321570234	0.11578992854248332	0.133217320433666	0.11723863385452549	0.007579480631995395
336000	-1990.6929587856123	-1835.0141562667338	-155.67880251887846	0.07982145936234089	0.05570958458974366	0.09282965319347221	0.0019369639415379005
337000	-1989.7387822795604	-1837.12500194746	-152.6137803321004	0.11013170552828688	0.1048958331023138	0.09252414252283271	0.006624437538007874
338000	-1986.5479215562693	-1835.9599235012477	-150.58799805502176	0.08951017205460274	0.0687049952066884	0.11384999851524816	0.0012496677577655826
339000	-1987.1721718741614	-1834.1088431938124	-153.06332868034912	0.08632124523526194	0.049750417478706524	0.1326699589695855	0.001845759402872996
340000	-1988.1318793796586	-1838.9516061892723	-149.18027319038617	0.09600950957699046	0.15989342748863647	0.10790777218333986	4.4569839450623883E-4
341000	-1993.920563181503	-1839.5985002558227	-154.32206292568026	0.12290904265965373	0.10310993892121983	0.06934153337119789	0.0028255376707201026
342000	-1985.0691122462342	-1835.0790821460737	-149.99003010016057	0.10091754747901084	0.08548833297861995	0.14805276450311927	0.0020676542710059338
343000	-1985.564064054537	-1834.6524513115892	-150.91161274294782	0.09464987392800324	0.07243694305665262	0.11955766668658234	0.0028967053374257036
344000	-1987.1285510724092	-1837.1657876849076	-149.96276338750158	0.0756594893908325	0.11934475281966786	0.12265937556954354	7.656553624600959E-4
345000	-1989.1343769053829	-1836.7015683630161	-152.43280854236664	0.11277925358358272	0.07727360931419695	0.20085056499892753	9.665062035266375E-4
346000	-1986.9473902198838	-1836.5479282720598	-150.39946194782385	0.13460148286395843	0.06829395007690645	0.14020552588881388	0.0012029191545051548
347000	-1986.2653626131232	-1835.1462979042758	-151.11906470884733	0.11495416569735825	0.10733249201815379	0.15069066954453522	0.004862533790920314
348000	-1985.9698234776513	-1836.0135997259833	-149.95622375166798	0.10600812324389439	0.08765310734572826	0.12107352326877983	0.0016859083485455297
349000	-1985.5685676027108	-1836.0266602716279	-149.54190733108297	0.11796523032277478	0.1293867464241455	0.11868672176000777	0.003176682567631471
350000	-1987.773943199877	-1836.4115474772686	-151.36239572260848	0.0701744358305909	0.08659796322359335	0.07927769679102338	0.001515163522185492
351000	-1987.598120189448	-1838.2745638779795	-149.3235563114686	0.08315066284517707	0.09018817381293852	0.0979297376645704	5.209542570853319E-4
352000	-1987.1537340341147	-1835.8271393841246	-151.32659464998994	0.06821267181088514	0.1608703057913195	0.129643659143937	0.0020876974376346875
353000	-1986.3873106490623	-1837.0646302420287	-149.32268040703354	0.1117119909993172	0.14299073679569188	0.1355702392278884	0.0013165961886130579
354000	-1988.0386829650154	-1837.4018945889115	-150.63678837610388	0.11396515873466544	0.09835140323020491	0.08187514489970533	0.003935940020651676
355000	-1985.2530018223497	-1835.7643124128485	-149.48868940950126	0.1023296119049155	0.13331818989302555	0.12469075347373029	0.002827396560606692
356000	-1987.4819221277326	-1835.7650173027603	-151.71690482497223	0.13928036904195515	0.09945697539478066	0.1156008680850743	0.004325900057443402
357000	-1987.587173194594	-1834.863469598331	-152.72370359626296	0.07013583167473877	0.06600780668464275	0.10687272687355881	0.003006426850678869
358000	-1987.6582737204483	-1835.6132335496695	-152.04504017077875	0.09129289311630266	0.05290107745007119	0.10546539020803039	0.0013141378176806037
359000	-1988.2484192301768	-1835.440240272178	-152.80817895799865	0.061929153185582834	0.07280412497354798	0.08700001296467251	0.0015253527178988094
360000	-1988.7197374737807	-1835.8278374387924	-152.89190003498825	0.19197014731948242	0.09763266701518827	0.15727471197633924	0.0028632873178155876
361000	-1985.603763503958	-1835.2831919183536	-150.3205715856044	0.08321649804328762	0.08704856934889518	0.10528815628404148	0.0024883844365094225
362000	-1987.4328455219277	-1836.1679301515005	-151.26491537042716	0.12801410264523494	0.0571832184890528	0.13386811228732895	0.0012205214753056152
363000	-1987.0549794515498	-1834.5469530938162	-152.50802635773363	0.0929372882668644	0.06404865263699425	0.1154751543060826	0.0036345316577341556
364000	-1991.1559841212706	-1840.1484328881882	-151.00755123308247	0.11447186583120915	0.13844941115779466	0.07559275143341825	3.755969600126735E-4
365000	-1986.3619427448784	-1835.8988502683687	-150.46309247650973	0.06743467577300265	0.12240896065108803	0.10212052426869453	0.0016143653493570283
366000	-1986.2186686266361	-1834.883882985294	-151.33478564134228	0.119287131870839	0.06623358546452252	0.154694047795151	0.0019652441219433934
367000	-1989.4107838143455	-1836.3733034176244	-153.0374803967212	0.1544548752605684	0.18217882111409178	0.13000533855221902	0.005631056015764671
368000	-1988.6296772604744	-1837.2813360576176	-151.34834120285674	0.12042526498052722	0.13866313338819033	0.0946831662731833	0.0034541886897818883
369000	-1986.1111851112873	-1834.9043762845317	-151.2068088267556	0.09236511307432434	0.09188534688170684	0.14242418494002382	0.0034010859066153725
370000	-1985.8974399054314	-1835.7672453194655	-150.13019458596597	0.09095556312736922	0.11376537549733876	0.10944690996902129	0.0037503723534039993
371000	-1989.9607412919017	-1838.4279393918212	-151.53280190008067	0.08746440027023689	0.08028417907968907	0.1983069915893482	3.289569826365867E-4
372000	-1986.2123542422719	-1836.5174217690624	-149.6949324732096	0.11283538697330826	0.14023348288434956	0.1056136597709221	0.0032965373497549776
373000	-1985.459893290226	-1835.412034214325	-150.04785907590102	0.08610733132808776	0.09702273633061269	0.11875745227453403	0.00205411719640007
374000	-1986.470436095016	-1835.6332360907904	-150.83720000422568	0.11501196201325031	0.07776084713995224	0.10108176276599622	0.004514199394124374
375000	-1987.9500141479082	-1835.0963975416782	-152.85361660622996	0.06276050863882673	0.08983474619283627	0.11923920163130107	0.0020749496933534796
376000	-1986.8925876513058	-1835.1409782039404	-151.7516094473653	0.0749750984157684	0.0743327640027509	0.10522258301443728	0.003296921846070145
377000	-1986.51030551102	-1836.7220765594789	-149.7882289515412	0.1522834135454025	0.12328803203228221	0.12460307364628098	0.002649571188960016
378000	-1987.0399169586706	-1835.2713994279516	-151.76851753071892	0.06859831998417065	0.07762656291379197	0.126493211866342	0.001328200434002058
379000	-1988.1639097341988	-1836.501778463764	-151.66213127043488	0.050965729500927	0.11968161106701877	0.11472912631757386	6.935052484179293E-4
380000	-1988.2632340665557	-1835.2509957215157	-153.01223834503995	0.15355786258074086	0.1184122278812377	0.20470927187385293	0.0032590452347492885
381000	-1985.6101424641095	-1834.6829614804553	-150.92718098365415	0.08264767321686368	0.07981656927452456	0.1392814666827829	0.0028164514948953614
382000	-1987.5430410115894	-1835.8076210474455	-151.7354199641438	0.075004283466501	0.11757982927764622	0.10784069598697225	0.0018149747165214377
383000	-1985.1287979061906	-1835.382103669459	-149.74669423673166	0.09245414348182829	0.08462682706346782	0.12087825545608046	0.001912600422751986
384000	-1987.416214556277	-1835.8675159369	-151.54869861937706	0.059263164738974555	0.13742188274690648	0.12044714516134089	0.002252639935677228
385000	-1985.7706567042917	-1834.5552385268559	-151.2154181774358	0.14738138491367067	0.09403641315867536	0.1642581694142429	0.004238126101091335
386000	-1987.8621063613175	-1838.5640586468865	-149.29804771443114	0.09867240719096469	0.07511672014314662	0.13222153463945024	3.4891812332600976E-4
387000	-1988.2283835247804	-1835.6092981713234	-152.619085353457	0.051743107290109024	0.09376677354785189	0.13730337545842405	9.89939977846006E-4
388000	-1986.2370713993903	-1835.0621794694712	-151.17489192991906	0.0849465947589983	0.07745577723374752	0.1264845985972568	0.0018194742934748342
389000	-1986.6502578249717	-1835.8706947001956	-150.77956312477613	0.07471434241204074	0.11456227283086166	0.10297531937732961	0.0031717344192039405
390000	-1988.3837265320346	-1834.9269811664556	-153.45674536557914	0.05082317524078495	0.07248418515305541	0.13246557599760356	0.0013338619208867488
391000	-1988.741984577078	-1836.1018635165751	-152.64012106050282	0.06142053941701209	0.12089681275638442	0.10398800244777888	0.0011625827802024804
392000	-1986.7336671469054	-1834.4498099391576	-152.28385720774781	0.10893040745258391	0.07449462840513671	0.1663451912787544	0.004384831484921659
393000	-1988.0953353149791	-1835.3782099054847	-152.71712540949446	0.09714938548308312	0.06184533965395787	0.1036142265277169	0.001901782638377356
394000	-1986.530317843023	-1834.4957974122856	-152.03452043073764	0.1517782099460166	0.08427726441102651	0.15314642240710116	0.006159042218152469
395000	-1987.8557276360543	-1835.5864781887444	-152.26924944730982	0.07475868088869515	0.08968282390906303	0.09546768717700556	0.0020580593229455506
396000	-1988.4912512882863	-1836.6514678723106	-151.83978341597577	0.0587765627126896	0.13711605227576484	0.10721871079770279	8.376049212409689E-4
397000	-1985.9863517351455	-1836.0923882595189	-149.8939634756267	0.08689035933565939	0.11356453586600108	0.09735161246389396	0.0024343682721470385
398000	-1989.6008119853147	-1833.9823042230264	-155.6185077622883	0.0749877517937349	0.040536894068770486	0.10443174194074384	0.0030701158897543488
399000	-1987.0683184647041	-1836.3352494633746	-150.73306900132957	0.0819887000619975	0.1003285944112397	0.10182190262947612	0.004591004753937486
400000	-1986.4946822429872	-1835.365031242967	-151.1296510000202	0.08273063265065307	0.10291117920193861	0.16952963053824582	0.0030137333841669255
401000	-1985.0795658913921	-1835.3448115672836	-149.73475432410842	0.13118060742828447	0.09745234636987159	0.13310127478086387	0.003114652886273708
402000	-1986.5026762471346	-1835.6686930856204	-150.83398316151423	0.07346112542312536	0.10097261027575559	0.13438125396336092	0.003356580142367985
403000	-1987.7560043024134	-1833.58131971235	-154.17468459006332	0.10035257029736945	0.04380795577979293	0.125857780842799	0.002873157078262121
404000	-1985.8994863243415	-1835.7550206726605	-150.14446565168112	0.10697939156984984	0.07002104037645461	0.1281976489414348	0.0014907030152127186
405000	-1985.6764308557292	-1835.8001177650913	-149.87631309063786	0.09185982346548362	0.1009020581477868	0.10088412614228275	0.0027224142053958724
406000	-1988.7523293283816	-1837.3437218044712	-151.40860752391032	0.08618205387707303	0.08690796440721368	0.1346015842195993	0.006311616112969312
407000	-1985.8755182413393	-1835.4802453856296	-150.3952728557097	0.08572837311010811	0.07928687121404637	0.1410496949373898	0.0014063251540651202
408000	-1985.5669151002749	-1835.57008048117	-149.99683461910502	0.09994179734084754	0.08574040514356839	0.10373547354410904	0.002744046635348664
409000	-1985.4384656901398	-1835.6911282606388	-149.74733742950082	0.10919198973394023	0.11081098142600986	0.11446832217654808	0.003342873259434394
410000	-1988.2224763548927	-1837.1434529508567	-151.079023404036	0.10925119402073946	0.10864518113005371	0.08545748626620822	0.0036014732093660835
411000	-1985.3871223742294	-1835.8273822080316	-149.55974016619774	0.11460426855288357	0.11203322952164439	0.11458770587114474	0.0032284022334680474
412000	-1987.4028007948916	-1833.571151403839	-153.83164939105262	0.11751680194968189	0.054118936854829054	0.18172162176973938	0.003334659348326754
413000	-1987.4994466747987	-1836.2141763259046	-151.285270348894	0.08158407733541072	0.10421267182974354	0.11764443413752887	0.004539570305553434
414000	-1990.6176375078862	-1834.8615758294668	-155.75606167841931	0.10514660509575106	0.054445250606669264	0.10951172811481198	0.0021867238950882863
415000	-1992.7442916879331	-1836.0573824623227	-156.68690922561044	0.042142147565038805	0.1446057771490394	0.0875412776475707	8.86061164539493E-4
416000	-1987.7999929555479	-1835.420881522858	-152.3791114326897	0.1097123778768188	0.06002299372358381	0.10099982757706112	0.005183983369979795
417000	-1986.3176585907133	-1836.8562575769631	-149.4614010137502	0.09648999587959613	0.0875674386617908	0.11206519575682901	0.0011050365025547717
418000	-1987.1246843003207	-1834.9577670294834	-152.16691727083727	0.08568566360078507	0.060836665460322924	0.0946561312272666	0.0027793228469959793
419000	-1990.0684954735289	-1834.992399731489	-155.07609574203974	0.040493726160879505	0.06967595015356992	0.12257075693554337	0.001222064987768001
420000	-1985.0592334465882	-1835.3196706664621	-149.73956278012605	0.08498202889149205	0.10485985202340892	0.12339905882156113	0.0023356070628390785
421000	-1990.7689908843818	-1838.7545280895229	-152.01446279485882	0.10241380731552387	0.061844433673277285	0.07343909870585304	7.29375485992388E-4
422000	-1986.2506470753608	-1835.3597251382655	-150.89092193709524	0.11990340141619114	0.11781194385445229	0.13519948183232974	0.0036864415773582454
423000	-1989.0578603858212	-1833.7393646752998	-155.3184957105213	0.10868234753073794	0.05117201189180266	0.1556160873653796	0.0024945210044009787
424000	-1985.5763783497955	-1835.4746016102763	-150.1017767395192	0.090809685839736	0.08961563972199674	0.10880902224342849	0.0022719463152491913
425000	-1987.806415608068	-1834.1039622260334	-153.70245338203443	0.12553494937911522	0.06737432692270615	0.1775469950166169	0.002966914457762872
426000	-1989.4239520781844	-1834.8868106399495	-154.53714143823476	0.11760572576291367	0.10013359967513674	0.15121572608936604	0.0033769253637961905
427000	-1986.2478831172004	-1834.6168776091959	-151.6310055080046	0.10564092809607493	0.08257779968094699	0.1445860049856595	0.002961775432605335
428000	-1985.3250637138792	-1835.2342530399183	-150.09081067396102	0.08365057122657729	0.10913950717091637	0.13536314350333947	0.0025642471176857483
429000	-1987.849004488992	-1835.6387502563616	-152.21025423263035	0.12634893993363258	0.08980179354574808	0.1774056185206868	0.0072410577307532135
430000	-1986.929473981555	-1836.6747949855062	-150.2546789960488	0.13494901954296706	0.07547666809199313	0.1102143758350101	0.0017845761711018963
431000	-1988.936644831696	-1835.9666314980695	-152.97001333362653	0.05210131009863052	0.14133268348108288	0.11403063906496015	0.0010435190424747684
432000	-1986.768937804872	-1836.869583356593	-149.899354448279	0.12093824660677197	0.08623762793855588	0.11302653466131193	0.0014651012474896105
433000	-1985.3398401171696	-1836.1405507432219	-149.19928937394775	0.09119807140870997	0.10570131918418224	0.10903566036430969	0.0017541267533951628
434000	-1986.3327949070574	-1835.8574560251727	-150.47533888188468	0.11396714958487002	0.11195264055856985	0.14015099073498571	0.006262690586393483
435000	-1988.229055733819	-1834.2791017569366	-153.9499539768823	0.13913331509621535	0.052683910937951606	0.16512543581149466	0.0022013688200538304
436000	-1987.4918082757802	-1836.9839241259542	-150.50788414982597	0.10427202258471344	0.18346624952428542	0.13930960265250122	0.0014036701901321857
437000	-1986.4006961319744	-1835.437737374266	-150.9629587577085	0.07204723953661603	0.11166401164712027	0.11511038101437282	0.002199886687946079
438000	-1986.1905763234772	-1834.158564472865	-152.0320118506121	0.09344456418913928	0.06261175992915168	0.14266641450994488	0.003470762399248116
439000	-1990.2257483173832	-1836.1214665317652	-154.10428178561804	0.0891425747925702	0.06127776664839536	0.08582154455200482	0.004810677481129694
440000	-1987.6567684215033	-1836.5722849617687	-151.08448345973474	0.09138020188927277	0.16114067050155456	0.0995444598513827	0.0035654190369635978
441000	-1985.868186188767	-1834.5933724636764	-151.2748137250905	0.09428681396423826	0.06612696112569338	0.12469477884782261	0.0022821426753127446
442000	-1987.4451431373705	-1838.195131644534	-149.25001149283636	0.08120520219931256	0.08883960723982579	0.1199469795019349	4.2878481134201514E-4
443000	-1987.2995961705626	-1834.6022227800274	-152.69737339053518	0.07888228079844131	0.06287722036281741	0.11773992885273264	0.001909735061937614
444000	-1987.2393679811414	-1835.4815210719603	-151.75784690918115	0.10851173778597618	0.07256038895180723	0.13777798920431206	0.006309014724049004
445000	-1985.637900735808	-1834.3263255167144	-151.31157521909353	0.12291646591100215	0.07922088735144725	0.15522903164670282	0.004268195233567256
446000	-1988.742560033905	-1836.6252347733666	-152.11732526053834	0.07179129305847916	0.08527379961934488	0.07644151220732844	0.0015185056979487666
447000	-1985.582451612334	-1835.995305060258	-149.5871465520758	0.10293745186488944	0.09763120504380207	0.1138048022168838	0.0019868139026516522
448000	-1986.8730632960846	-1834.1011811497497	-152.77188214633495	0.11937855652894387	0.06811314068001638	0.15228657529181958	0.0033588707336525293
449000	-1986.6798977942549	-1836.041751204293	-150.63814658996202	0.08106288004732004	0.0944861312976399	0.09621918010671703	0.0017536665737172621
450000	-1986.548252764803	-1834.3240733812636	-152.2241793835395	0.10025861908690732	0.07060701773184423	0.15670030797107723	0.0037540206043093862
451000	-1986.648911418298	-1834.8235451679595	-151.8253662503384	0.07068560791297836	0.07004572633432345	0.12252405941282278	0.0016439657281770352
452000	-1987.492372774012	-1836.421501640913	-151.07087113309908	0.07763516261939614	0.10891085097314004	0.0860881407846927	0.0035168732031487858
453000	-1988.9880791299038	-1835.8514806990731	-153.1365984308306	0.07675012882574665	0.09875273644403161	0.09557180076212445	0.0033460620442451842
454000	-1984.93904539745	-1834.6879725619322	-150.25107283551785	0.10532729798384048	0.08420402945069526	0.13510478145094038	0.003411566400825668
455000	-1985.973127417114	-1836.062760549434	-149.91036686768012	0.1078307863878399	0.10900407330281849	0.10244843903948211	0.004242508385598519
456000	-1988.177188067799	-1838.077980034725	-150.09920803307404	0.09882587387968077	0.1035202304959021	0.07729914281004005	0.0016373345723591874
457000	-1986.9961510462108	-1835.5163801042145	-151.47977094199626	0.05966243269732624	0.11108514723787001	0.12188463424956776	0.0014109623148177211
458000	-1990.3110196443602	-1837.784610962094	-152.52640868226618	0.1437450334604652	0.13667331682429765	0.12623044940251144	0.0013625979889001125
459000	-1988.5095565986242	-1838.831972994613	-149.6775836040113	0.15716340301983284	0.1296529916791758	0.14267670092372914	5.739606957591532E-4
460000	-1987.3996878857608	-1835.115295458189	-152.28439242757187	0.14785081716260146	0.06085921476061901	0.11339465161663465	0.004194527418912457
461000	-1986.167779847524	-1834.2081812713557	-151.9595985761682	0.11583514111766145	0.06865801903059146	0.1579320114529215	0.0028863294041781913
462000	-1986.3850269757854	-1835.3372845316371	-151.04774244414827	0.10584499152727994	0.07933129801402176	0.10609247291563907	0.0031419238885572512
463000	-1988.2339963882368	-1836.4469416307938	-151.78705475744312	0.09475966216019896	0.09950386391282649	0.09100583104653938	0.004621278300169688
464000	-1986.202280759285	-1834.714068024033	-151.4882127352521	0.08925691751762076	0.06962591924532512	0.12530674616933996	0.0038917671808101585
465000	-1987.4726435341843	-1835.6683558317525	-151.80428770243182	0.07564388564114945	0.08427959201325191	0.09488847894528325	0.0018137434556186856
466000	-1987.716864396225	-1836.717593214218	-150.99927118200702	0.08614225046448365	0.12882110801118232	0.13235357001338985	0.0010989203719125192
467000	-1986.3908154668745	-1835.5480631719158	-150.84275229495861	0.1225307009355265	0.06938880274339636	0.1071157922816683	0.0027654894721629115
468000	-1988.2108706759893	-1834.9924716008222	-153.21839907516716	0.10202357659700122	0.06786354806810435	0.1867643624943178	0.004850148187518181
469000	-1986.9044051580827	-1835.1685562503212	-151.7358489077614	0.1317119010478378	0.07851979159245595	0.12647190751458184	0.006456879294889903
470000	-1989.6548668030457	-1836.8553488154312	-152.79951798761462	0.08074286042669176	0.08053995875625126	0.07281415596847696	0.0037837524522482324
471000	-1985.8327959036708	-1835.6211873831387	-150.21160852053217	0.1036488381332277	0.14345079641170974	0.14975293004007087	0.002733106367654315
472000	-1985.4488143372926	-1834.9707992239803	-150.47801511331218	0.09725816939327953	0.10036962915030213	0.1495237752924438	0.0032883628324231746
473000	-1986.1187023525606	-1836.2241468395237	-149.89455551303686	0.0961739431494405	0.11123016475019602	0.09731487632271402	0.002732247252698624
474000	-1986.446970719217	-1837.1768654324123	-149.2701052868046	0.08326156362206814	0.1094363745667681	0.09847329783917542	0.0010473176044066322
475000	-1985.8741100549967	-1835.1155406051992	-150.75856944979748	0.07392860696505262	0.08863267886385175	0.11462440406673158	0.0027295378104297626
476000	-1985.2815198217886	-1835.1580753614373	-150.12344446035115	0.09214326449469566	0.09771029401451545	0.13072142275019838	0.0036965075032062847
477000	-1986.4935343778318	-1835.705502662262	-150.7880317155698	0.08357598130651685	0.11103944638466298	0.11599073007480959	0.0037104993592305597
478000	-1986.1432874641603	-1834.8269333288622	-151.31635413529804	0.08394169526460314	0.06890911982391265	0.11154056239655082	0.002162266059769985
479000	-1987.2725761774445	-1835.7855160455488	-151.48706013189587	0.055602538812980974	0.10539287972343854	0.13369866881844902	0.0010149618793210615
480000	-1986.4725757816043	-1834.5833522874511	-151.88922349415324	0.10614073867362014	0.07316775710542502	0.1629297885772009	0.0023015766682519564
481000	-1986.4917459393637	-1836.0976571622834	-150.39408877708033	0.09559095439395915	0.12371752677236092	0.13834243234269133	0.004999359504190366
482000	-1985.9336588373085	-1835.7276134947247	-150.20604534258382	0.09643416077517168	0.13088895604106032	0.12009373485816362	0.002943107323973556
483000	-1987.4757223559945	-1838.1925493530207	-149.28317300297394	0.08707176286950054	0.09155857592610202	0.09281376104729443	6.361584840490428E-4
484000	-1986.8158907876395	-1834.3866243446537	-152.42926644298592	0.12224177277523775	0.08260486635559759	0.1582185444046175	0.0039490781228349705
485000	-1987.3159416387157	-1835.9296426517494	-151.38629898696618	0.09105098660910681	0.16427021811148393	0.15478113558302856	0.003392302923368937
486000	-1987.0579633044442	-1834.0891618673627	-152.96880143708157	0.11470430874486702	0.052178289730956715	0.12461995965148157	0.004251072039755801
487000	-1986.5197974889336	-1836.5386574957804	-149.98113999315325	0.1271406874230519	0.10813122578046805	0.1453603137554566	0.0015560805973676988
488000	-1986.7739232717772	-1834.9354206181033	-151.83850265367383	0.12046745745046089	0.08869976524762475	0.14532381479058845	0.0028021605568291515
489000	-1986.7908050995916	-1836.2328719028667	-150.5579331967248	0.15382854501194995	0.09755280416546336	0.11183665411565767	0.004203558166902308
490000	-1986.8304214837692	-1835.343795382002	-151.4866261017671	0.09410517751825068	0.09521402018634502	0.1908470873979426	0.001961811821124298
491000	-1985.996205483661	-1836.0714368616566	-149.92476862200454	0.12243575521405294	0.12169947772431738	0.11141598287734533	0.004199560425549668
492000	-1987.6442402719765	-1838.3219722137799	-149.32226805819664	0.15444032783887116	0.09237780558228563	0.11134522995400183	0.0010163617014232727
493000	-1989.5162230268143	-1837.50695504042	-152.00926798639432	0.1266923376021474	0.17969102357464142	0.09962408892138032	0.006699255918890575
494000	-1988.190761618361	-1835.7051078914026	-152.48565372695833	0.17356069583064343	0.08295643204925521	0.12541788196025952	0.0038238724703405984
495000	-1986.7847249205822	-1834.6090513455474	-152.1756735750349	0.1610074122889981	0.06572966018317375	0.14144439275742773	0.0033778228713444835
496000	-1986.1976397307694	-1834.4102057518885	-151.78743397888096	0.10421887597208795	0.0754844015574052	0.17300385474583677	0.0028144839200149076
497000	-1986.684641005942	-1835.7777397022871	-150.9069013036549	0.11941107847744985	0.1315501043395572	0.13776170592180106	0.005744110784868251
498000	-1985.4914004601458	-1836.2931538309965	-149.19824662914934	0.10475353718674499	0.12662283962329646	0.13034129209594938	0.001756452348642133
499000	-1986.8163148602698	-1837.7404369365197	-149.07587792375023	0.12379871603205174	0.12165838965715896	0.09765214034752635	0.0018641371041175179
500000	-1985.9504950719395	-1835.4962347595406	-150.454260312399	0.11162351671701647	0.07261474061947899	0.1270162743667793	0.0018254583756226583
