#
#model:
#
#<?xml version="1.0" encoding="UTF-8" standalone="no"?><input id="posterior" spec="beast.core.util.CompoundDistribution">
#    <distribution id="prior" spec="beast.core.util.CompoundDistribution">
#        <prior id="lambdaPrior.bfd" name="distribution">
#            <parameter id="lambda" lower="0.0" name="x" spec="beast.core.parameter.RealParameter">0.01</parameter>
#            <Gamma id="Gamma.0" name="distr">
#                <parameter estimate="false" id="RealParameter.1" name="alpha" spec="beast.core.parameter.RealParameter">2.0</parameter>
#                <parameter estimate="false" id="RealParameter.2" name="beta" spec="beast.core.parameter.RealParameter">200.0</parameter>
#            </Gamma>
#        </prior>
#        <distribution id="snapprior.bfd" lambda="@lambda" spec="snap.likelihood.SnAPPrior">
#            <parameter estimate="false" id="alpha" lower="0.0" name="alpha" spec="beast.core.parameter.RealParameter">11.75</parameter>
#            <parameter estimate="false" id="beta" lower="0.0" name="beta" spec="beast.core.parameter.RealParameter">109.73</parameter>
#            <parameter estimate="false" id="kappa" lower="0.0" name="kappa" spec="beast.core.parameter.RealParameter">1.0</parameter>
#            <parameter id="coalescenceRate" name="coalescenceRate" spec="beast.core.parameter.RealParameter">10.0</parameter>
#            <tree clusterType="upgma" id="Tree.bfd" nodetype="snap.NodeData" spec="beast.util.ClusterTree">
#                <taxa dataType="integerdata" id="snap.bfd" spec="snap.Data">
#                    <taxonset id="ant" spec="beast.evolution.alignment.TaxonSet">
#                        <taxon id="Amotape_B67243.Tumbes.Amotape" spec="beast.evolution.alignment.Taxon"/>
#                        <taxon id="Amotape_B67257.Tumbes.Amotape" spec="beast.evolution.alignment.Taxon"/>
#                        <taxon id="Canchaque_B72873.Piura.Canchaque" spec="beast.evolution.alignment.Taxon"/>
#                        <taxon id="Canchaque_B72878.Piura.Canchaque" spec="beast.evolution.alignment.Taxon"/>
#                        <taxon id="Porculla_B72863.Piura.Porculla" spec="beast.evolution.alignment.Taxon"/>
#                        <taxon id="Porculla_B72866.Piura.Porculla" spec="beast.evolution.alignment.Taxon"/>
#                    </taxonset>
#                    <taxonset id="bar" spec="beast.evolution.alignment.TaxonSet">
#                        <taxon id="Carpish_B72761.Huanuco.Acomayo" spec="beast.evolution.alignment.Taxon"/>
#                        <taxon id="Carpish_B72772.Huanuco.Mitotambo" spec="beast.evolution.alignment.Taxon"/>
#                        <taxon id="Chavinillo_B72789.Huanuco.Chavinillo" spec="beast.evolution.alignment.Taxon"/>
#                        <taxon id="Chavinillo_B72792.Huanuco.Chavinillo" spec="beast.evolution.alignment.Taxon"/>
#                        <taxon id="Quichas_B72777.Lima.Quichas" spec="beast.evolution.alignment.Taxon"/>
#                        <taxon id="Quichas_B72778.Lima.Quichas" spec="beast.evolution.alignment.Taxon"/>
#                        <taxon id="Huamatanga_B72889.Lima.Huamatanga" spec="beast.evolution.alignment.Taxon"/>
#                        <taxon id="Huamatanga_B72892.Lima.Huamatanga" spec="beast.evolution.alignment.Taxon"/>
#                        <taxon id="LaQuinua_B72753.Pasco.LaQuinua" spec="beast.evolution.alignment.Taxon"/>
#                        <taxon id="LaQuinua_B72756.Pasco.LaQuinua" spec="beast.evolution.alignment.Taxon"/>
#                    </taxonset>
#                    <taxonset id="cur" spec="beast.evolution.alignment.TaxonSet">
#                        <taxon id="curtata_cra.cur.B6032" spec="beast.evolution.alignment.Taxon"/>
#                        <taxon id="curtata_cra.cur.B8175" spec="beast.evolution.alignment.Taxon"/>
#                    </taxonset>
#                </taxa>
#                <parameter id="RealParameter.0" lower="0.0" name="clock.rate" spec="beast.core.parameter.RealParameter" upper="0.0">1.0</parameter>
#            </tree>
#        </distribution>
#    </distribution>
#    <distribution id="likelihood" spec="beast.core.util.CompoundDistribution">
#        <distribution data="@snap.bfd" id="treeLikelihood.bfd" non-polymorphic="false" pattern="coalescenceRate" spec="snap.likelihood.SnAPTreeLikelihood" tree="@Tree.bfd">
#            <siteModel id="MutationSiteModel.bfd" spec="beast.evolution.sitemodel.SiteModel">
#                <parameter estimate="false" id="mutationRate" name="mutationRate" spec="beast.core.parameter.RealParameter">1.0</parameter>
#                <parameter estimate="false" id="shape" name="shape" spec="beast.core.parameter.RealParameter">2.0</parameter>
#                <parameter estimate="false" id="proportionInvariant" name="proportionInvariant" spec="beast.core.parameter.RealParameter">0.0</parameter>
#                <substModel coalescenceRate="@coalescenceRate" id="MutationModel" spec="snap.likelihood.SnapSubstitutionModel">
#                    <parameter estimate="false" id="u" lower="0.0" name="mutationRateU" spec="beast.core.parameter.RealParameter">1.0</parameter>
#                    <parameter id="v" lower="0.0" name="mutationRateV" spec="beast.core.parameter.RealParameter">1.0</parameter>
#                </substModel>
#            </siteModel>
#        </distribution>
#    </distribution>
#</input>
#
Sample	posterior	likelihood	prior	theta0	theta1	theta2	theta3	theta4	TreeHeightLogger
0	-1773.2913961962288	-1523.536375749539	-249.75502044668966	0.1287922786041535	0.16301288470855776	0.06526123614733138	0.10176591279376368	0.2102103027340924	0.004719879319739467
1000	-1776.8426260301587	-1526.4309745287183	-250.41165150144045	0.13302482591878878	0.07187004105474969	0.129842812431343	0.10050331681037283	0.19732537644546805	0.004322948473594466
2000	-1774.958360557665	-1526.7788148345417	-248.17954572312323	0.1051492912099232	0.1287198614040788	0.08209171747103607	0.1355465115733901	0.14312437437779763	0.013366672053984832
3000	-1774.0348212243853	-1525.472523937091	-248.56229728729437	0.06688360609397825	0.055777536364922206	0.08724432527793015	0.08842693821633105	0.11888140927798532	0.004142373613642559
4000	-1780.2691623290177	-1524.9749969484324	-255.2941653805853	0.04196576898800121	0.11367605028169277	0.10546235946548635	0.047140679806943364	0.16481146768685062	0.004432832768948683
5000	-1774.9156462686014	-1524.5885831815722	-250.32706308702916	0.06482070022293761	0.07281858390787437	0.18790773626202045	0.060683764506678076	0.14983276526853562	0.0028047268215804664
6000	-1775.9321441133548	-1523.594130947004	-252.3380131663506	0.07115196639690821	0.10385817330280211	0.05614110068346848	0.043802825534649155	0.1387632711717761	0.002914665719273746
7000	-1772.744798200419	-1528.2793392591316	-244.4654589412873	0.12479483931417397	0.13398180303856583	0.09971226589955474	0.1417874975715912	0.10353006036637816	0.006585302441887748
8000	-1770.337187785771	-1523.1589335703802	-247.17825421539078	0.1278589535170172	0.1050950119206117	0.05605044398761204	0.1149399342812583	0.12766504464015407	0.007405974121280496
9000	-1772.0417281316559	-1524.4105501580289	-247.63117797362705	0.15289600363581954	0.11451049789701703	0.09785165383715416	0.10002669110182585	0.13629341375552886	0.006345077438192401
10000	-1770.5075878155812	-1524.2307576965777	-246.2768301190035	0.09050499985594272	0.16074582055133213	0.11996823080720716	0.1358146254703829	0.16585167747883942	0.005929108592797484
11000	-1774.2047101167545	-1525.091107922135	-249.11360219461955	0.057615568169865836	0.07037133663374374	0.08930231601886768	0.09503806779937482	0.13798069792456155	0.004995617484338733
12000	-1768.8641024575845	-1521.366642633816	-247.4974598237685	0.12337509491325681	0.09631184116232944	0.07409366698176874	0.10004440287505056	0.19349762880683707	0.006830243183232632
13000	-1769.3839684684685	-1522.4046392285404	-246.97932923992806	0.09206858245362089	0.09116234837537959	0.10604770114327301	0.14096658542327858	0.1883010524629183	0.006784907018200583
14000	-1775.9522286640106	-1527.752900345523	-248.1993283184876	0.09662572240264442	0.10264435339470589	0.10366475800603797	0.11464900819724781	0.11341378175351671	0.008673306400279121
15000	-1769.271096487486	-1524.5858990149495	-244.68519747253634	0.10698129081203897	0.10379800466715304	0.09087243723285254	0.092210039935935	0.12167701990193786	0.005827885049091212
16000	-1776.0826726715745	-1523.0854950022776	-252.9971776692969	0.23142405506941605	0.1311256286837886	0.08673108593790285	0.10417425382739066	0.1758440687578484	0.007661983553953476
17000	-1772.681522496761	-1525.949778137492	-246.73174435926907	0.08189104385632381	0.0786708177442321	0.07566230995321904	0.06568748680197009	0.15037147359655806	0.0028652009977639115
18000	-1773.4495709316386	-1524.4208333687725	-249.02873756286604	0.09565060000467099	0.09582246190603824	0.050408082230541336	0.06941730865739458	0.1504645622778513	0.0031893520037916913
19000	-1771.2410349075544	-1523.5865299315842	-247.65450497597033	0.09867855950637107	0.07101949323274147	0.12016688292767812	0.07657027899683033	0.1536507732248201	0.005789951860295715
20000	-1768.7930216056482	-1521.940432288345	-246.8525893173033	0.1396006845595011	0.11310463663930204	0.08288766389233018	0.10893687581542395	0.1788065182506116	0.006874655420460678
21000	-1770.2281219177598	-1524.9727769756228	-245.25534494213719	0.10410508952897392	0.11947720904419368	0.07852252538221464	0.0917315657195662	0.13763925720061232	0.006868473105297723
22000	-1770.1693789766227	-1522.8224278527905	-247.34695112383213	0.1004849232920782	0.10072655231286438	0.15654375892715416	0.11906949001167295	0.20835857599329075	0.005484047838119153
23000	-1771.2417817616138	-1524.2670584015855	-246.97472336002835	0.06683719205933347	0.0712771581459321	0.0934814248529027	0.15963936189526046	0.1392418369964968	0.0035897411260170254
24000	-1770.0784016391954	-1525.143838119328	-244.9345635198673	0.108085848444519	0.10241460290969732	0.06719813891383901	0.09286188627009413	0.13370788012122797	0.00400001776918903
25000	-1769.1143414425476	-1523.9300389024277	-245.18430254012	0.10551796112402496	0.0801845408496644	0.08525189893255324	0.1246679626705925	0.1412199700949206	0.0049375146966340626
26000	-1771.337381976633	-1522.3293572421082	-249.00802473452484	0.15111523810412011	0.10273292213908818	0.06731927144117536	0.11209236346495555	0.19214310602733325	0.010143102220010696
27000	-1774.432288923864	-1526.0680909281618	-248.36419799570223	0.06942898346908083	0.13245210536574606	0.06130372720823352	0.12152812441639904	0.12144130041954221	0.007820765196456827
28000	-1770.9930809171155	-1524.0627873280027	-246.93029358911284	0.08931124219046523	0.13923926108921295	0.07482250340474572	0.12343886006316906	0.1470629975132834	0.00725056183398063
29000	-1769.6152684334106	-1523.6752238923261	-245.9400445410846	0.07948323500333385	0.09999962587742756	0.13946698775621244	0.08308737280874733	0.16817578091066948	0.003926705174517131
30000	-1768.1964327751891	-1523.0422869082372	-245.1541458669519	0.11514808442432739	0.10855801968094306	0.12312592583509302	0.08681540497567587	0.16033531463222536	0.006178628872688382
31000	-1772.5587141927856	-1524.5233544233508	-248.03535976943485	0.08768298836759349	0.04838387806130723	0.11518833773495449	0.09337448097137514	0.12123679259357538	0.005072843191835357
32000	-1768.1540017419381	-1522.3429192963565	-245.81108244558163	0.10282890203007848	0.10500342260807027	0.07490298200722749	0.10431881639461243	0.15011911497293187	0.0058645302701196165
33000	-1773.7170192938547	-1526.738298160748	-246.97872113310675	0.07441217431654469	0.14031913662310694	0.12095307586346588	0.07051611353648791	0.15723398285695886	0.005221234732242371
34000	-1771.75589739305	-1525.421275405241	-246.3346219878089	0.12006667817295807	0.12288488690522646	0.15850971341079315	0.16248899063319394	0.15180578425971614	0.005696185156967639
35000	-1773.8635090828998	-1524.0296250911902	-249.8338839917096	0.09033380496719479	0.07456706756859942	0.06609282336351836	0.046188741039774356	0.13779565239416286	0.0030522792813423966
36000	-1768.5695620188026	-1522.4160122722365	-246.15354974656617	0.08541075803704318	0.12144087340085957	0.07226642452196193	0.09058744168584743	0.15556081623357304	0.00479544529355822
37000	-1769.1105639449263	-1523.6457600982958	-245.46480384663045	0.09632911916915236	0.12126338872709548	0.08313202289566855	0.07223302044811253	0.13395648613650804	0.004826873951928197
38000	-1771.434816122059	-1525.6155597267305	-245.81925639532855	0.08117965462938298	0.09272472068504167	0.1025907567801772	0.08387305809212112	0.16751741139841142	0.00368429852290556
39000	-1773.1596031157876	-1525.0551378726886	-248.10446524309893	0.07781379732720094	0.11326144467375032	0.06602856329006744	0.16792418686686592	0.12032870126323143	0.008158724517614967
40000	-1772.0592857663273	-1521.4761290365905	-250.5831567297368	0.07694987504170837	0.09077936863416146	0.05488577420595752	0.06700184367207179	0.1713745385063768	0.005177287628758057
41000	-1769.7980724077202	-1525.3808556361669	-244.4172167715533	0.10415488359665764	0.09757616523576883	0.09053104475282522	0.10870614087175992	0.13733084565913245	0.004077407136941641
42000	-1772.9445991845064	-1524.0774226987094	-248.8671764857971	0.14854994474717922	0.1389225272086938	0.06268063816361043	0.08257902860407018	0.137451828978035	0.006281891255446847
43000	-1771.7163031378468	-1522.9033961658556	-248.8129069719911	0.16572906195344186	0.1332148672195928	0.08240762070109983	0.12364460388945124	0.1602796775399728	0.007975168999994313
44000	-1771.846168137995	-1521.2187251126072	-250.6274430253876	0.18386242949201956	0.12190295099143172	0.06682481843799554	0.10583266636804092	0.2064865911573754	0.008363163610259936
45000	-1769.6711700682426	-1522.1495356359073	-247.52163443233525	0.12254650551218083	0.08247973875342653	0.06732630572181768	0.11298790142108212	0.16349747225776196	0.006766844960401527
46000	-1768.8644674868124	-1521.551055365551	-247.31341212126134	0.1117160720282314	0.0970074805708514	0.06857045436170928	0.09963874497064076	0.17109445793583672	0.005998932224990682
47000	-1775.6820494864169	-1525.35073321734	-250.3313162690771	0.03563784422731986	0.10092403517766783	0.0716456025481438	0.11055938883773672	0.11164079214651516	0.003191404752644335
48000	-1768.92229221779	-1521.4278609860096	-247.49443123178045	0.10320576232586745	0.08815541417985782	0.07404850194496886	0.1211538155312845	0.19083227948721254	0.006543847919821211
49000	-1769.4440613897661	-1523.4742254400728	-245.9698359496933	0.09752215337083987	0.11395452970593818	0.11109939611452734	0.09647376676411282	0.14367441055134755	0.0062150560018030855
50000	-1770.0006373915107	-1522.3233556773853	-247.67728171412537	0.10825771674003783	0.09127524109510624	0.06525967472726972	0.16146892956475417	0.1493300675930373	0.00660139054037202
51000	-1773.3872077300725	-1526.3439749441272	-247.04323278594518	0.08088219155539908	0.14537651164809898	0.05425142559912297	0.0992489196585258	0.1409328204026648	0.00317056522687057
52000	-1768.4268470945792	-1523.0489224167284	-245.37792467785084	0.10038275463548356	0.10077093628836999	0.11192245428888684	0.10277355720103278	0.1601767150995146	0.0058551590069898475
53000	-1770.7105983368808	-1524.099220772062	-246.61137756481884	0.15343329342134934	0.07873546121583368	0.07606786566150914	0.1347411401711185	0.12755843149387078	0.007218636839082054
54000	-1777.196736423147	-1522.340407577186	-254.85632884596114	0.0768577913587647	0.11714778816737076	0.029422818672852343	0.07519628718783537	0.14982075135319112	0.006193158519215645
55000	-1769.4781652812344	-1525.1292004615236	-244.3489648197108	0.1027793632855929	0.13846479211940327	0.12344568263709899	0.10772275119782886	0.13301782150703126	0.006858953091107198
56000	-1771.6120869684848	-1523.820152913821	-247.79193405466387	0.11686641244254549	0.07653169256004512	0.09676149190766976	0.09669302887619484	0.20331315847761333	0.005191065773866471
57000	-1773.4053880837419	-1525.7980294575163	-247.60735862622556	0.06208989674760078	0.05365703817250429	0.10402372212857057	0.11619773059636562	0.14068901342734763	0.0028704755608817325
58000	-1772.5761591793992	-1526.5720148029961	-246.00414437640296	0.18642089625627994	0.09933950602240799	0.1334403398487762	0.10106393037851594	0.13553805192008475	0.005511427071971555
59000	-1771.9003424549182	-1524.3456621574517	-247.55468029746663	0.05914916973525221	0.09126607427918937	0.11499631585885176	0.06547515938887012	0.1198718675799499	0.003336980841141856
60000	-1771.5850163038394	-1522.8832152125556	-248.7018010912839	0.1039742473567419	0.09444947641866139	0.05877993395520756	0.09995667869624864	0.1369978977773969	0.004766855609714623
61000	-1772.9297411295565	-1524.2886161642614	-248.64112496529518	0.049713187860832835	0.07623218092712798	0.1278801157593895	0.06750621643095127	0.11797079043828379	0.003213039834969714
62000	-1771.8320471730399	-1522.849025007678	-248.98302216536197	0.12733954919780582	0.15298001832566543	0.05981189307411758	0.17329131943847118	0.16907103023941633	0.005959165939651923
63000	-1780.3226127901576	-1524.0884200800951	-256.2341927100623	0.06656981999373283	0.04604738264001885	0.11487200886748526	0.22032217079709554	0.22527446098356657	0.0034800910250847366
64000	-1770.8333078220244	-1524.358068572758	-246.47523924926637	0.08175521350533765	0.07215956690995629	0.13599401500273595	0.09361873510247569	0.18535851616498697	0.003365605114225119
65000	-1770.1472987590016	-1523.5506544532846	-246.596644305717	0.08690849318423609	0.061391776551713934	0.09074681950068611	0.13151555091218517	0.13147064056051622	0.005187778578166365
66000	-1772.0645087703492	-1523.5928753422104	-248.4716334281388	0.06313306759141118	0.09498115220997867	0.13650254744441742	0.0654165149197407	0.14702570908903184	0.004615650546002347
67000	-1773.2360767413827	-1522.7747762913846	-250.46130044999808	0.10402718530006626	0.09446681790194009	0.0761684747966429	0.24472350792895767	0.16378051694856766	0.005598339632952408
68000	-1771.2730609223431	-1522.7893237126136	-248.48373720972938	0.07774837621328769	0.07925454097430257	0.05263070911711241	0.09023808112448702	0.12180299272485223	0.004359548591258177
69000	-1773.9471716414755	-1522.3440565619994	-251.60311507947605	0.05734435536647642	0.05903424969277007	0.09597436340075369	0.05715442216773248	0.17756383738707582	0.003084919462828631
70000	-1769.7754685521268	-1522.9599474374422	-246.81552111468446	0.1009739635078181	0.08828604087768835	0.09296499585037557	0.12878941988636894	0.206361059574414	0.005425385218187964
71000	-1773.8762532255105	-1525.5051098495126	-248.37114337599792	0.06899146964040499	0.05956471265670532	0.1271866960151716	0.08392426904253597	0.17312280080867798	0.0030448480120504502
72000	-1770.2025395466496	-1523.2647968168067	-246.93774272984297	0.10745552778985464	0.08533852536634981	0.12347411860969558	0.14467940671907295	0.16269059112281195	0.005813034806929087
73000	-1774.3574220853639	-1524.4877578849673	-249.86966420039664	0.1036509635379348	0.10469253800983275	0.04971837426823146	0.18421375556012873	0.11355554108121176	0.005147211660131844
74000	-1773.6578838075438	-1525.7714973866243	-247.88638642091962	0.06085568105420708	0.1361026646852784	0.08389273542746789	0.1365617617978581	0.12053919768474862	0.0076091027052180215
75000	-1776.7575250259858	-1522.2137241126425	-254.54380091334343	0.0837631854980137	0.12047892464860642	0.04327003185086993	0.07274830449566441	0.24166608912471463	0.003593910161656876
76000	-1772.9119236330894	-1525.841132420462	-247.07079121262746	0.0677719325341595	0.09312178717233585	0.09204266661696672	0.1443570209480059	0.10449002119395238	0.005848028046711069
77000	-1770.677630851551	-1524.4788888058906	-246.1987420456602	0.10748548866619079	0.07930779980588916	0.08529500004384391	0.10451865504177106	0.12611923231236177	0.0067937945760495515
78000	-1772.5881606672128	-1525.606369411093	-246.98179125611978	0.08127109164359889	0.18235174625468903	0.1061410117911008	0.10470987893064647	0.12454545152628418	0.005323368416674164
79000	-1770.403165596982	-1524.0845650143563	-246.31860058262566	0.11046559479198333	0.14555457318969794	0.1035536986745343	0.09376249883838292	0.18064755716833814	0.006161162467610652
80000	-1771.7733933349778	-1524.0411785363729	-247.73221479860493	0.06325209145667693	0.08478950920649317	0.09056530458659591	0.14814878096485712	0.15130810260430624	0.004329005578788705
81000	-1773.5181464868554	-1521.8835934150688	-251.63455307178646	0.11425528070774331	0.12178360894140677	0.0547542307032071	0.06772896299495113	0.20243991893134533	0.008616664755163882
82000	-1772.733851144182	-1522.1404189087866	-250.59343223539523	0.12713566400355608	0.11387293895169782	0.03594385108102127	0.09911251543893239	0.1375322536147008	0.005485183369162708
83000	-1772.1322918111148	-1523.9585124104449	-248.17377940066993	0.1326984043684599	0.0852173096716842	0.07138863665516888	0.18677750641485985	0.13432609385053076	0.006070003370612672
84000	-1773.5819443038495	-1525.52082980233	-248.0611145015196	0.08474341345745277	0.10480492802369994	0.08898937336293489	0.10147251603852048	0.10382904264216233	0.0054280714062325194
85000	-1769.820069296461	-1522.2876342081265	-247.53243508833452	0.08929946596826237	0.10452171022379615	0.11888055813687849	0.08307667403698492	0.18782481939688705	0.005705098609549267
86000	-1770.151751793453	-1523.1861478637352	-246.965603929718	0.098761922800181	0.09889388309616406	0.06553118171066306	0.13771573340670168	0.16399201424629697	0.0046004112660112395
87000	-1770.9813130212342	-1524.177058689263	-246.80425433197115	0.06605485501155119	0.12743265064378703	0.14291541604032493	0.08299385123143241	0.16576594511079093	0.0041206034105989945
88000	-1775.788591832823	-1523.3865732792592	-252.40201855356378	0.13226349327605263	0.08713090314695791	0.04032452381114831	0.0905566223103467	0.15892115768852358	0.006492307173442154
89000	-1771.1701517199654	-1521.999455834888	-249.1706958850772	0.13958389978197877	0.10306298240154649	0.06702241095631369	0.09437861389960048	0.20030952183834852	0.008086149760922505
90000	-1771.0196867732548	-1523.291632038387	-247.7280547348678	0.09230140989083169	0.07466802961213682	0.09132587961203653	0.05988886047166249	0.16489321838303633	0.0034538578187094616
91000	-1774.2935824084866	-1525.236019991448	-249.05756241703864	0.05306076235002331	0.13852723509202203	0.0780889437272976	0.09539641363912482	0.1802261305594073	0.003643466596784421
92000	-1772.4159007622975	-1526.9548931201648	-245.46100764213278	0.0947217675862887	0.09285822911016328	0.14995680167736758	0.09619327635529558	0.1189230654482783	0.006358134851752503
93000	-1776.8544047808264	-1523.5794529037971	-253.27495187702914	0.059472292865880676	0.06027839208202846	0.06175130235430091	0.04910102499266787	0.15375832270700185	0.003292359017987362
94000	-1772.428723546623	-1527.4282676689795	-245.00045587764347	0.09052549336730563	0.12485331532062924	0.14646158836189177	0.11182357451088991	0.10076342978303685	0.005436480575799628
95000	-1770.6798131466262	-1523.6255985643456	-247.05421458228068	0.14791631135197186	0.10454118245172203	0.08727533548328488	0.08845886407383577	0.16461079395299424	0.005978771645490339
96000	-1775.2792455100594	-1521.8853442609034	-253.39390124915602	0.05451310153270005	0.0927929400150696	0.03470839408098884	0.09306661536786223	0.14301412634313002	0.003384161711845682
97000	-1770.399469542457	-1522.8540404597416	-247.54542908271534	0.0855607619892887	0.08975705753213187	0.0865130000817652	0.10473008603433809	0.18895226009009936	0.007097751274794632
98000	-1772.060180460688	-1527.2548661549254	-244.80531430576258	0.06522441499789307	0.08876819051244808	0.09991301124016792	0.08936174323488943	0.11562056171180628	0.002603934487837289
99000	-1770.1625990055368	-1524.8437652522334	-245.31883375330347	0.07759763291647512	0.08614219210812946	0.09943456899711071	0.0964945475150039	0.12732420304919442	0.0045567568630018
100000	-1768.3592079545508	-1522.569092501074	-245.7901154534768	0.10801056543859505	0.0982409873080173	0.11705003656779396	0.13084276432728043	0.17754945098735955	0.007057199782654943
101000	-1770.2001797255352	-1525.145327988264	-245.05485173727118	0.09328934260492702	0.10156148630970845	0.07456234803274638	0.10390276455272254	0.10783457308560727	0.005073799665743265
102000	-1772.8986653565048	-1521.6745169090877	-251.2241484474171	0.07819109805629718	0.11686305352969105	0.06584764751505914	0.06414163964525356	0.17680433308869842	0.0059218848731648795
103000	-1775.2133395391313	-1523.2356909156188	-251.97764862351247	0.06861355316463928	0.05211047625313975	0.04733266415818392	0.07518990509783997	0.115507069434142	0.0028459919019239764
104000	-1768.8869182297522	-1521.5181868511058	-247.3687313786463	0.10003955941983045	0.09510637622615598	0.08141648245524556	0.08515185578497744	0.19206697551352261	0.005838155252341744
105000	-1769.0933710474098	-1522.3465551644638	-246.746815882946	0.12436618534357026	0.11543806959021352	0.12824707439017616	0.10673093515089276	0.19574398686962688	0.006549870901592584
106000	-1771.5290254206923	-1524.4311036054664	-247.09792181522587	0.11530346556410802	0.05993236021173003	0.17179921536270504	0.12451915707686348	0.15420844115695878	0.004829912114901179
107000	-1771.8734515903423	-1522.0803675575753	-249.79308403276687	0.06576460237419107	0.09905423953729937	0.05205843748733644	0.08423010377709941	0.16363627452841872	0.003500462660642659
108000	-1774.9342203723381	-1524.8514075854027	-250.08281278693534	0.060035093801724886	0.09509072784090102	0.12047531012637644	0.12102140951094736	0.207211282591957	0.004304140257362684
109000	-1773.0022444449885	-1527.4575117828686	-245.54473266211986	0.09576353006663504	0.07129268651906277	0.12257200993668949	0.09259618644717323	0.13144354862541535	0.0038356810668484283
110000	-1770.502880538857	-1523.506870322838	-246.99601021601904	0.11283939804640905	0.1101948330892413	0.10347638489105676	0.06493928985394948	0.141281133192999	0.006199504930690836
111000	-1770.4876035515601	-1525.7195162406392	-244.76808731092098	0.09201565132037084	0.08290149081140608	0.08586687559438558	0.0963101438221584	0.11302668057654609	0.004979408029179425
112000	-1770.9057008419138	-1522.0541258523767	-248.85157498953703	0.08749937083571646	0.14140138757166434	0.07873107357349605	0.09991452020554072	0.18943480375716273	0.007592854581931535
113000	-1771.8744777521715	-1523.0430422259915	-248.83143552618006	0.09693321049966117	0.10362024875536914	0.09027359923590034	0.19481551028387054	0.20387994435523937	0.0065688640726812965
114000	-1771.4825535470013	-1521.4002564229768	-250.08229712402442	0.12748970426833697	0.11326922259970555	0.06873525565052929	0.10377145272966967	0.20592320914254159	0.007255225538311667
115000	-1769.479984113078	-1522.9714518325447	-246.50853228053316	0.07525130247249952	0.1121836936203557	0.07267192582211243	0.1266343199542375	0.13982981587923687	0.005155517623542785
116000	-1774.675512763462	-1524.20652415831	-250.46898860515185	0.08161851646170297	0.12890531173777925	0.1231806147819017	0.11300226569945038	0.17459277434302692	0.005786587140264845
117000	-1769.3043262225065	-1524.5144607637544	-244.7898654587521	0.11705297356882495	0.09445711595003027	0.09304574734635189	0.10798031547905519	0.1505194061543761	0.006778378360518568
118000	-1772.1281615767552	-1526.8852145056553	-245.24294707110005	0.08404000337745053	0.13742917209863964	0.09970498577716819	0.13593915792798295	0.14749713266878564	0.006001487245050719
119000	-1769.270860330811	-1523.0701130531957	-246.2007472776154	0.08501244309409103	0.10430926144393148	0.08186650730555066	0.08036187369627448	0.17767830463036213	0.003820516023239593
120000	-1776.365818551643	-1522.6908643355089	-253.67495421613427	0.11318639302380974	0.1255109137614442	0.029082332558313634	0.06289962027509657	0.12251207000907163	0.00437674657842206
121000	-1772.5294464179099	-1524.865429013914	-247.66401740399573	0.1106120666185488	0.09066870458779085	0.061370013650764804	0.07271344228963102	0.12391633234400787	0.005411723931147905
122000	-1773.6674567569264	-1523.5761348852539	-250.09132187167265	0.15646614052899296	0.06743578964925766	0.05750619299434065	0.07714847308609293	0.13910583978847957	0.005941807428896631
123000	-1770.2308770223103	-1521.5212203297378	-248.70965669257254	0.102090226419598	0.11659543216603185	0.06109690616222524	0.103389115295202	0.180599743635608	0.005706030254786481
124000	-1772.8013692057534	-1523.7349044013035	-249.06646480444996	0.09035937287405664	0.13637517989504688	0.12207544261452151	0.05463898799382123	0.1751115412385909	0.0053201675736134135
125000	-1771.4576510249963	-1523.3843440581054	-248.07330696689078	0.10519415694355401	0.057944622087831174	0.07332697016422987	0.10239159763703926	0.1802754456797045	0.004091344687563548
126000	-1772.6858627056924	-1524.987376368646	-247.6984863370465	0.08729681791412157	0.06145777823382063	0.10700138948343008	0.05895180605884023	0.11858622640958098	0.0032995796013618496
127000	-1773.8582627030607	-1525.3742965168917	-248.48396618616908	0.05512211885614425	0.06009072562763135	0.10047684408789548	0.08748376167082954	0.1385220805613934	0.002575512644798782
128000	-1768.846840324278	-1524.0080681495597	-244.83877217471826	0.13508639330236813	0.12697134035176352	0.1316163055486909	0.09878756028676279	0.1499515289971281	0.006850022813530433
129000	-1771.2285623441558	-1521.9168493903323	-249.31171295382347	0.15376593866496452	0.10095668237706974	0.059294525516801935	0.08847525739982562	0.18182518164302866	0.005834675281964381
130000	-1770.8174880060458	-1524.5531533674925	-246.26433463855324	0.06509632222861893	0.07397256151285336	0.12768239670125967	0.11199228204368633	0.12168316110130702	0.004654404573453445
131000	-1773.6041576512323	-1525.039122071246	-248.56503557998624	0.06277192939868553	0.09163613358863563	0.07094340765126383	0.10050617922529238	0.1621424558502452	0.003486276469493851
132000	-1770.1606401610857	-1522.0721319613292	-248.08850819975643	0.10354623367431362	0.08070105763094872	0.06640900103458562	0.10802696263214116	0.17969311444794614	0.00612259972835359
133000	-1769.7266246544182	-1523.390353931556	-246.33627072286217	0.09384422961134016	0.12086288079412887	0.1174436742839558	0.10765202249740667	0.17361710239368972	0.0048081634424552685
134000	-1776.005694951355	-1525.7144642899182	-250.291230661437	0.1074004165016816	0.06871122261914951	0.11106664555567537	0.1001206012836055	0.1267456732025047	0.007119236618457952
135000	-1768.9701159712595	-1521.9957090623068	-246.97440690895266	0.10528764264178811	0.09507398203317236	0.0680408974185856	0.11923136328252197	0.16471420990792357	0.006180231990725365
136000	-1772.4928705808513	-1524.3933107308414	-248.09955985000988	0.0722313116594151	0.15037973773375254	0.08404273168575506	0.1341967367013737	0.1538249132763901	0.00875223731085176
137000	-1771.9730443544868	-1523.641319528847	-248.33172482563978	0.05691236988229115	0.07333259603003824	0.1376544613349104	0.07319974741672776	0.1569080176939648	0.0037086641989839595
138000	-1769.8303019001796	-1521.822066678872	-248.00823522130747	0.0872808331139846	0.1616514051999937	0.06698744643600565	0.09917562057102723	0.17571984430522272	0.005963466497347476
139000	-1771.0329340248713	-1523.3576024828235	-247.6753315420479	0.1218234350803823	0.0657834744615965	0.1228003484037284	0.11440745169102914	0.161082920568813	0.005653727561120833
140000	-1770.8307338085874	-1521.4653725221578	-249.3653612864296	0.13071828758468532	0.08058056652461217	0.05009879057674036	0.09748294520182495	0.1676246371459473	0.006207601837583687
141000	-1771.1757965851348	-1522.6703265113133	-248.5054700738215	0.09931130831430153	0.08316230664255148	0.08655141323364096	0.08341426702722611	0.16391431886593466	0.004924980514541441
142000	-1773.2342125995347	-1520.3807111936542	-252.8535014058806	0.11269715091735667	0.12113584700650326	0.048136116112013086	0.07077168154410533	0.22784777604230563	0.005972641828709952
143000	-1770.3234370155428	-1522.9707924745371	-247.35264454100565	0.13505189274925095	0.1658901400046579	0.09734908617738941	0.07119887482931528	0.15870741909569455	0.006872552244228751
144000	-1770.0035674978449	-1524.7131140215765	-245.29045347626823	0.11791247668094311	0.07253498470556273	0.1036459760781057	0.08275195598887226	0.12060501488850121	0.00511175008747067
145000	-1776.1801418055904	-1526.6196649126703	-249.56047689292012	0.08063723639672976	0.06887740954855869	0.11563110636328738	0.06665290477962836	0.11231648999645054	0.0032164860742671065
146000	-1768.8381175974084	-1524.5231686864322	-244.31494891097626	0.11107586073417063	0.1144473472478146	0.12943322672453328	0.11478727367071945	0.14170146177745446	0.00533885721803192
147000	-1773.9243358653707	-1521.8148785934238	-252.10945727194698	0.09034925286282046	0.09881730074381226	0.0387814950794214	0.06150343245338917	0.13623644548773906	0.0056785667973549055
148000	-1768.9118168858515	-1524.2257181792381	-244.68609870661345	0.09677724164149876	0.13352645659992052	0.09410176620216688	0.11804244253462848	0.13084209875411965	0.006078444831011155
149000	-1771.5130448250645	-1522.494431843671	-249.0186129813936	0.07876920668829963	0.09497325075798269	0.06216829227187052	0.07668865687037657	0.13653116516051156	0.005182103992750593
150000	-1770.3987450553948	-1520.649444618892	-249.7493004365028	0.14780256520584847	0.13724324669074636	0.057463690993864475	0.10084752375760765	0.1945825255017961	0.007507690184600333
151000	-1771.9366595025422	-1521.8897793886624	-250.04688011387964	0.09884025861574743	0.13329983770118603	0.061693294087914914	0.0704286782392748	0.1820459690685937	0.007304699960120024
152000	-1772.1596552878389	-1524.9489343759967	-247.21072091184212	0.06623227533281965	0.08004221705488196	0.09478752374138384	0.07630951340324235	0.11111631062853289	0.00496762224756084
153000	-1770.9874499752477	-1525.207958495591	-245.77949147965683	0.1396378838705331	0.08627396243948812	0.09695318580751013	0.08591472813032806	0.14641150035024203	0.004197760792513775
154000	-1773.0152397035033	-1525.3994306811337	-247.61580902236963	0.07038195853215043	0.07259351723132385	0.0810926047394508	0.1344865135993431	0.10220103068208061	0.004888065913481575
155000	-1771.1088377324868	-1525.2684557200623	-245.84038201242444	0.07202169657466607	0.10422767977635848	0.12036947725687554	0.10672498746941989	0.12567853584472632	0.005724042194132029
156000	-1769.360296947187	-1521.627048093776	-247.73324885341094	0.0896128341827819	0.1026928052959413	0.07018432990676318	0.09749800292228321	0.19069038375351996	0.0050150377858686115
157000	-1775.197661439613	-1523.982821720167	-251.214839719446	0.11690735217224475	0.12211404343982779	0.1314843800733444	0.1450265559967056	0.23431531783028528	0.009370061221200841
158000	-1771.947229615179	-1525.1841090166108	-246.763120598568	0.06870573571465623	0.09934795501063337	0.14758634137184257	0.07379349141915124	0.17885030683992567	0.00349787551572495
159000	-1773.7170655810642	-1528.503367986882	-245.21369759418204	0.13642908458231068	0.10755466863048796	0.13355912656098076	0.08545864154518852	0.10460053888498543	0.008300632713416007
160000	-1771.600353442477	-1525.112571931711	-246.48778151076587	0.12640429095430952	0.06302920589266443	0.0775111654387899	0.11638610835559822	0.10867602852893542	0.005812809642014804
161000	-1770.2118606184467	-1526.3885371273027	-243.82332349114415	0.12059268991084006	0.09964550924814551	0.10430020895844398	0.12567843768302156	0.11203467516610827	0.0061221811638820746
162000	-1770.1285251605857	-1522.9687720993948	-247.15975306119088	0.10518588984562564	0.13660993035581467	0.11229267820878457	0.17462890869350148	0.1764990361672906	0.00835557295722267
163000	-1769.4752108335315	-1523.2139369756817	-246.26127385784991	0.07575931983462844	0.11155479861765441	0.07240484240898332	0.08236444967556615	0.1380382072458928	0.0040802536545640825
164000	-1770.6490489114262	-1521.9191471928277	-248.72990171859846	0.09158690532052077	0.07641210617603916	0.06566240207424848	0.10998724545017147	0.16169325790447878	0.004915619636266999
165000	-1768.8663052312017	-1521.7108442896874	-247.15546094151438	0.10566472821508117	0.09477357370460161	0.08428960539895154	0.09431921101408677	0.19100742434145493	0.005883234484494169
166000	-1772.5094995814914	-1524.6712621320548	-247.83823744943652	0.08098593545074466	0.07561798017281475	0.06618622387170604	0.1287673032447485	0.13680886778316548	0.00528779860518848
167000	-1768.930694215202	-1524.5084654976922	-244.42222871750977	0.11688022426588338	0.0942501434724803	0.08048731916664882	0.11473491083689927	0.1349263261014764	0.005254396090418657
168000	-1774.95523015465	-1524.1622489159408	-250.79298123870922	0.07726615844728806	0.08841554937513312	0.06607700716120028	0.039869751896103096	0.13860911696077294	0.0029215166159396577
169000	-1769.2227652622405	-1523.1759139988153	-246.04685126342522	0.1310247040480613	0.0996023858171908	0.1018310701547169	0.09688819639293193	0.16700429314183318	0.006856807467847327
170000	-1770.470282740757	-1524.1882182660788	-246.28206447467832	0.07567629754786737	0.08858881096130762	0.10208176781235417	0.07798911199492191	0.14487345503067153	0.0056295921801489
171000	-1772.1765265540412	-1521.64500258755	-250.53152396649114	0.15832135863750119	0.11672119103492347	0.06258752871974953	0.17143281196924923	0.17995624089453982	0.011413858383108743
172000	-1769.2415886470476	-1522.8600357010992	-246.38155294594833	0.12417430130153682	0.10681350273813042	0.06700673195973388	0.13865700391886007	0.13870720125900324	0.006936147000455518
173000	-1772.5909498896967	-1521.2953732674432	-251.29557662225358	0.1279680167645398	0.16815885830949798	0.04296360591072796	0.085548320140977	0.17006969167482233	0.0059155521586729265
174000	-1771.1792306623322	-1523.621372883802	-247.55785777853018	0.15967189630821083	0.1307394379767311	0.17068216884760729	0.10217933145822712	0.1766076871289489	0.006960206051262598
175000	-1769.439915207544	-1524.511428047605	-244.92848715993895	0.11858744799993395	0.09113756914298353	0.14434858128498115	0.10012900709924967	0.13419544409673342	0.0066634717770430365
176000	-1775.359227191811	-1525.3891218112587	-249.97010538055227	0.04855308003035522	0.0709532166259344	0.07086283555338818	0.11512425835257727	0.10344994504145846	0.0025312687843037245
177000	-1770.3712679365588	-1523.9765098064831	-246.39475813007553	0.06524822255096306	0.0911144889055108	0.09535504444704553	0.10058234224926492	0.16410371851000843	0.004107171370715265
178000	-1775.7914888722319	-1524.501884308577	-251.2896045636548	0.0745889235556177	0.05798952545204757	0.052008043746655686	0.07806683462797523	0.1430353365305804	0.004243137241430746
179000	-1770.399217703099	-1520.9981911803964	-249.40102652270284	0.13518103783888905	0.1173902406581238	0.08394758658914021	0.11505315730794469	0.23617381350902678	0.008001345363442063
180000	-1769.1545077156284	-1524.37576777723	-244.7787399383984	0.08179046342237162	0.11509616944993963	0.10413054455929831	0.1198970359353967	0.1545264728473104	0.004366162357619019
181000	-1772.203627408157	-1523.4998942309326	-248.7037331772243	0.12756995881004266	0.0806283248638273	0.07511929969396651	0.06162605667453289	0.1708274452826612	0.0039193251076858815
182000	-1774.0029403272151	-1526.6715376025636	-247.33140272465147	0.14608953852007572	0.10559631931756366	0.17450229938934508	0.05602808373863173	0.14943516662112885	0.0038337688921787306
183000	-1770.55540223321	-1522.5085392118967	-248.04686302131338	0.11784369574993869	0.14654772813589367	0.07495579798602207	0.12762067591817547	0.18467812033142034	0.006713254365075409
184000	-1770.6887583583766	-1524.8051910685726	-245.88356728980392	0.09380304190797957	0.115106282686158	0.1303688350929739	0.07234948201808696	0.17808847234901384	0.004854878060901473
185000	-1771.7256535960996	-1525.0529230629331	-246.6727305331664	0.17211355455176308	0.11100734000710087	0.10142903664107503	0.06621850245633477	0.13468344517833847	0.005324224414414422
186000	-1770.207619926576	-1521.6090681323917	-248.59855179418415	0.1457306360998992	0.15017773852627586	0.07650356549346082	0.15499819535089157	0.18156401781679957	0.009127934986736606
187000	-1772.2739204814955	-1521.7508852474775	-250.5230352340179	0.13653683185153884	0.1729949601800336	0.056842474008608534	0.10520860321641431	0.18808441836242976	0.007088084922174914
188000	-1770.703230769404	-1525.9913176109721	-244.71191315843188	0.09173517441041294	0.09613993428167697	0.14189560788957728	0.10516029988353665	0.1511044736049844	0.004055043737798455
189000	-1771.100161034009	-1525.6630382968688	-245.43712273714033	0.08516876982440516	0.15750183581156146	0.11735271143986997	0.08517212105783002	0.12754522367022078	0.004384120000892692
190000	-1775.5339741950127	-1524.9898520786014	-250.54412211641116	0.043075752322988894	0.08183306044934789	0.17647554351438466	0.0921472881453418	0.1476400187056503	0.00266295910279511
191000	-1768.8756307913761	-1522.8382938544728	-246.03733693690327	0.10038683553565544	0.08177081160142037	0.1029050862506284	0.10299259147888326	0.171873173231983	0.0047232195518873005
192000	-1773.22636567656	-1522.9233589190385	-250.30300675752136	0.09873702073353753	0.09167092222211091	0.1299188649639098	0.15036566347515437	0.20980838076913352	0.008065687812836297
193000	-1770.8844653775986	-1523.5488914104142	-247.33557396718456	0.11402395846615819	0.1010902236433916	0.07830157922732468	0.16903831860140955	0.163817692423498	0.007303805317176662
194000	-1773.3666683938595	-1524.6353505210668	-248.73131787279277	0.09302960901891749	0.13407608594492607	0.06250863296180138	0.07215492849451795	0.110735166832041	0.006340994603355361
195000	-1773.4925906182214	-1525.7641717555555	-247.72841886266585	0.0860039747228591	0.09470633212310886	0.217395171999714	0.1110513219232839	0.14394023457608124	0.0038396642193301513
196000	-1774.6515058397094	-1524.266002653163	-250.38550318654643	0.08292301816854238	0.05775818313869219	0.05548022887695441	0.1153152614145518	0.12954275062541057	0.006198766491056696
197000	-1769.091546696643	-1525.1127086019271	-243.97883809471585	0.11051787415991397	0.10009004832725288	0.08914449201524341	0.09522249669030834	0.12915081470271841	0.005067711470650014
198000	-1772.4695649316782	-1522.42441213016	-250.0451528015183	0.13427131766988784	0.18659604066806265	0.10827919337011642	0.068732757328389	0.17827251981732625	0.00953907178616275
199000	-1769.584763757435	-1522.1079923513205	-247.4767714061145	0.15603661738471286	0.11793782744469276	0.07834240654878263	0.10907417788604676	0.17095232257175885	0.00863252868546946
200000	-1770.853635421515	-1523.1008862166211	-247.75274920489383	0.07761113431273815	0.11342683404616653	0.11770994903728922	0.0899192001468858	0.18682375531068854	0.006582376285827417
201000	-1770.34524635993	-1523.428702056537	-246.91654430339273	0.06612266888024446	0.10744546361756475	0.09365731477422987	0.07877802585250449	0.14382608092381444	0.003975819073587071
202000	-1774.8368595783113	-1522.2419645811428	-252.59489499716838	0.06079709605050553	0.05875533596587413	0.08050323789628154	0.04957737800865654	0.17114672307549117	0.003594557765223501
203000	-1773.3796686844585	-1524.1785961172482	-249.20107256721033	0.13808540487082482	0.11111939931110791	0.04609775474720748	0.07409864195016395	0.12142535557148827	0.006510731102010366
204000	-1770.8810427181909	-1525.4192264758	-245.4618162423907	0.06896317142844127	0.08625900620049688	0.11880723816237314	0.10465230635718437	0.12739561016267356	0.004224417849737535
205000	-1769.9260996124965	-1523.4129758867816	-246.5131237257148	0.0903189499005863	0.12257870428358739	0.07584617833801081	0.07712698918952036	0.12798266394858054	0.005289220656078065
206000	-1770.7430525748734	-1523.306294683524	-247.4367578913495	0.12246878073953402	0.10961337922835473	0.09829239277667967	0.13558373926925904	0.1571724921164859	0.007031014183147088
207000	-1774.642658418009	-1522.7169005835299	-251.92575783447904	0.046588067645291414	0.08045738108805346	0.06855217367723061	0.08892289297499506	0.18968558085364226	0.003996737015428607
208000	-1771.2771558900745	-1524.653600009856	-246.6235558802183	0.10530687168889201	0.08308240451030519	0.08785965429245955	0.1459558005710316	0.198783211457232	0.0037793015568998115
209000	-1772.331499638633	-1523.7172490822195	-248.61425055641354	0.0723832031350809	0.09052352570303775	0.11033933476127918	0.1609193743980159	0.20385442282566124	0.005082167683549737
210000	-1770.5183655629683	-1521.7678090739887	-248.75055648897958	0.1139216769012857	0.07775249806212635	0.07339247842492816	0.09902608752076208	0.180424776442748	0.005694966238272486
211000	-1773.667961267978	-1524.6875895638086	-248.98037170416936	0.09320431565774112	0.06623445186881051	0.052872151580386745	0.08466308845365139	0.113926166105201	0.005044350467775456
212000	-1777.350469810748	-1522.71751487426	-254.6329549364882	0.14911334521112243	0.0943568386172143	0.05369758054231584	0.06796666535668812	0.1427011468311384	0.005639293111367452
213000	-1772.7970123037503	-1525.83945098243	-246.9575613213202	0.07063849114325249	0.06061855350537186	0.10659455407641277	0.08404692572982214	0.15432491875839371	0.0032206293595888444
214000	-1771.9357195851405	-1522.2977959706868	-249.63792361445363	0.10040882764847654	0.08267040088064122	0.04629926067213385	0.11253455295077734	0.1336000910437407	0.006373902612966093
215000	-1772.8570039643294	-1524.7449822741303	-248.11202169019907	0.09870402175020522	0.10698412974678552	0.11623051568580108	0.12860058291779516	0.14732609538395564	0.008687251115838533
216000	-1772.4213789539865	-1526.2354823829019	-246.18589657108458	0.11351583028879864	0.1303435464003296	0.06823777676119834	0.09842815093363595	0.1564407334066795	0.004934287903700227
217000	-1772.8170752754095	-1526.7208759044838	-246.09619937092563	0.1185651131859151	0.119709140775617	0.0830779684349441	0.0887068154756508	0.11839886952002301	0.008069358694265972
218000	-1775.5018491165813	-1524.8627482542186	-250.63910086236265	0.20151754085595125	0.047763470943271776	0.1132155949680804	0.14018490678056494	0.15113157348325024	0.006852183754011129
219000	-1768.196368020031	-1522.5000314693448	-245.69633655068637	0.08641274825435026	0.09337524373631438	0.07936130888816713	0.11149233104179355	0.14907094208710567	0.005594970855376691
220000	-1771.5522431870554	-1526.6244431057453	-244.9278000813101	0.10501072586495624	0.10055619474200203	0.1272336655931458	0.08981786604464842	0.10150532746134566	0.00518754719993615
221000	-1769.8309911360986	-1524.3626624326666	-245.4683287034321	0.13132287364286155	0.09229716331431913	0.12437973423889974	0.07682921266740621	0.16520604032287486	0.004521034724050004
222000	-1772.1727057759358	-1522.5651373355356	-249.60756844040029	0.08172491944386451	0.11561754776956225	0.047022555384170585	0.11122449463737544	0.15819201161603602	0.007382548423187367
223000	-1770.4473922283332	-1523.8859857083953	-246.56140651993786	0.09750708958464807	0.10900255765852847	0.0963259654655741	0.08268680516204824	0.14745489522874097	0.004303930822358964
224000	-1776.1983864267477	-1527.4355653092457	-248.76282111750209	0.055352297226946394	0.06590815762683855	0.10544331258800373	0.16700437667291215	0.08408852972973727	0.0031716456501679705
225000	-1769.706430656199	-1523.6212179491358	-246.08521270706328	0.12090485682986016	0.0954109772861123	0.11111458649147775	0.11513776699508343	0.15901380641566962	0.00822957155135057
226000	-1770.9518078062779	-1523.644940166354	-247.30686763992398	0.1361317908809116	0.11475201195541761	0.07746862616621722	0.10433308849282787	0.14988155325572644	0.006174668259799593
227000	-1771.843762458133	-1524.1768921490234	-247.66687030910964	0.0868658650904371	0.07605811035036693	0.07596752855639549	0.10940028485589971	0.11407768303383521	0.005052858287285158
228000	-1773.0432763190865	-1524.0997639227273	-248.9435123963593	0.15427537202963626	0.056939984596234776	0.0929423356839717	0.07913972490053647	0.1502259223890185	0.004924912627505298
229000	-1769.9853167241554	-1522.4410957344567	-247.54422098969883	0.07766373704876053	0.11160765184830543	0.0662036791040315	0.07483588836738418	0.15259794696891782	0.004407636041647076
230000	-1769.8953751427905	-1524.199180222441	-245.69619492034946	0.09315975030374248	0.07757725059615085	0.09274938792846904	0.10300635727568905	0.13477764730302697	0.00414237924368909
231000	-1774.5626444603006	-1523.541319627138	-251.0213248331626	0.09693763287736178	0.06886178909562402	0.10583714372718188	0.23800206766045745	0.16144609878710905	0.007816999308473436
232000	-1771.5018681729139	-1523.8401913914836	-247.66167678143034	0.08087096784239445	0.07033821089017434	0.12447832279081558	0.08952213003767054	0.1401406359094397	0.00434520026394178
233000	-1770.985158491872	-1521.9418759491514	-249.0432825427206	0.10609998245253612	0.10641817202437061	0.05451292261218003	0.10163076794435394	0.17267886164285634	0.004792423206716824
234000	-1771.8264820479073	-1526.4849765491085	-245.34150549879877	0.10321699809631732	0.07686788820349534	0.14129973284558775	0.13585500369945502	0.13268934134313848	0.005496325490683107
235000	-1772.7331290938678	-1521.4008318771594	-251.33229721670835	0.1338707735889686	0.07791223058736312	0.05007858545106291	0.1194367192256061	0.20463395422426756	0.005259218498738844
236000	-1772.6989439666163	-1523.3963562045572	-249.30258776205912	0.13844215162776705	0.11890482008751552	0.10728655463472787	0.08769028231971798	0.21600075461541757	0.008960647713381726
237000	-1771.9996507273113	-1526.5255987683365	-245.47405195897474	0.09849858542647646	0.06346865898712768	0.1004727744517997	0.1493131599299475	0.1386677899370534	0.0039025077447851783
238000	-1771.3005937080854	-1523.9036442332567	-247.3969494748287	0.15655238744989836	0.06634863762909941	0.103859990708877	0.15105251561547112	0.14483112343393872	0.0080410023488231
239000	-1775.1402952800522	-1527.901875938598	-247.238419341454	0.08752960844730368	0.12187685041303742	0.061523421818250344	0.06992002010599943	0.0829978517197957	0.0037132594361134964
240000	-1771.4333702696235	-1524.5142797612507	-246.9190905083728	0.08278623640534312	0.07309304584697411	0.08950191008489805	0.1300567271731187	0.1650077299188255	0.005492245894606732
241000	-1771.7648703067327	-1524.562397178459	-247.2024731282739	0.10965950380151017	0.13247582579017578	0.06299329602514595	0.1345925840392144	0.16254293064637698	0.00769748583885146
242000	-1770.6563666655352	-1523.9354804141026	-246.72088625143266	0.1515860576107088	0.10725156330993557	0.16104599876571027	0.08091939232494512	0.17031471310786972	0.005717830075775294
243000	-1774.7801938805376	-1526.3722681146119	-248.40792576592577	0.06833390404309166	0.09941077019915097	0.057225981997873196	0.09247430694766112	0.13173987054308622	0.006821955896725266
244000	-1773.9224622085067	-1522.4083747260302	-251.5140874824764	0.07455534075774738	0.135221910670303	0.05128584356580911	0.060829225678897696	0.1785756099869608	0.0038151321331279567
245000	-1774.2032547741267	-1527.0379005109917	-247.165354263135	0.0641879909493057	0.0807058997573777	0.1447017050018017	0.09591861673697757	0.12999092532301315	0.003701692594387085
246000	-1770.295488825166	-1524.6085570953514	-245.68693172981455	0.09422034339015814	0.11849360040013716	0.11135435789824974	0.11310399323294086	0.17405738806412785	0.0064912760563438894
247000	-1770.3082283959013	-1523.2256054027794	-247.082622993122	0.10174823526245332	0.13450839165280262	0.10844191153753516	0.07891957732164846	0.1771502596094249	0.008178741152532344
248000	-1770.6277799982145	-1522.900336978525	-247.7274430196894	0.10192848242658879	0.11784200047048905	0.119766131150808	0.15472900911574186	0.2032299740131846	0.007557292046933459
249000	-1769.433193368154	-1523.925412147021	-245.507781221133	0.10963830923239044	0.11125440707384589	0.0967788647785615	0.13490192859488376	0.14041376743575237	0.005684768121101276
250000	-1774.803097064487	-1524.8902459914684	-249.91285107301866	0.10929699585028912	0.08169041706796674	0.0736956517257292	0.04791443585824995	0.14789018948100405	0.004660034716199985
251000	-1774.2963435846386	-1524.5925244619116	-249.70381912272697	0.05190259079494628	0.06651949509314264	0.12515807667981718	0.0627061797215774	0.10730897565127714	0.003560868088505655
252000	-1769.8632421563093	-1523.7978523018917	-246.06538985441762	0.08260793278033608	0.11459057250117784	0.1305438310828144	0.10343565607855422	0.15719795766521186	0.006329528334604492
253000	-1768.8867606748072	-1522.3681791515496	-246.5185815232575	0.13596378045756213	0.10053556179133889	0.08098235667039062	0.0941098257828891	0.1648818209226929	0.007109269233290663
254000	-1770.1661687981007	-1521.7171940315084	-248.44897476659222	0.12311591701364738	0.07214641402879701	0.05597275638198052	0.1129779635246789	0.16530747155006129	0.0056673428659085485
255000	-1770.24420677662	-1522.9130893144586	-247.33111746216147	0.1356460213455641	0.08595512455168776	0.067067024354472	0.08771978824720623	0.1556360522369899	0.005679899629250184
256000	-1770.1285889057776	-1523.2899181853113	-246.83867072046644	0.08449712918271973	0.09350912350498299	0.09186853194657714	0.09649640167943006	0.15213516643343084	0.004459049936292383
257000	-1774.6669619378893	-1526.2696943272977	-248.3972676105916	0.08015470111298498	0.05167967641454309	0.0897077591426747	0.13416669260355008	0.10696486510000755	0.005743777481636917
258000	-1770.3810230908612	-1523.4792476892922	-246.901775401569	0.12141684659927192	0.11586897738518617	0.07329506693850747	0.08118959586717851	0.1575906686766916	0.006578665660148535
259000	-1768.9910071296465	-1523.2861376374058	-245.7048694922408	0.10050993613667042	0.07325749495477316	0.09758348966280192	0.10087776447873323	0.17396919239213382	0.004232192375948229
260000	-1770.7687583759516	-1522.7283450212663	-248.04041335468546	0.11096332711581917	0.06372621151802237	0.07988287558653182	0.0944978717527906	0.16331641131782654	0.006066592266516306
261000	-1769.20448672399	-1523.4850426339067	-245.71944409008321	0.14252694734476617	0.11547403888332158	0.09611292719719643	0.12596561216890834	0.15023903161056235	0.009239013515929664
262000	-1772.3556063462931	-1523.5311638381477	-248.82444250814547	0.05959549139653719	0.13507827229185632	0.07546461722050751	0.13698086914038862	0.14989252380205306	0.004861975680461431
263000	-1770.0779027574886	-1523.1321573908974	-246.94574536659107	0.0730207545823461	0.08829787793636198	0.10921816891843684	0.11258602018523417	0.17465236177060237	0.005883320161743593
264000	-1773.6420805968758	-1524.8395828107537	-248.80249778612202	0.16668438848844497	0.0699890155511587	0.06916758957144051	0.16578449117528113	0.14752624968334577	0.005443745951963952
265000	-1771.9420667559116	-1524.3005502623173	-247.64151649359417	0.07604175378387923	0.11100043975298801	0.061149714953694104	0.14537425903309512	0.15884180937639414	0.004916850934711028
266000	-1770.5759240773812	-1526.6698413208742	-243.9060827565069	0.11183614182588451	0.10827036367066847	0.12422299154569587	0.11284035747305876	0.11105411129160586	0.005108016006591598
267000	-1773.2380316565389	-1524.355072119366	-248.88295953717284	0.0609121449620221	0.1045880998302853	0.06879804812467928	0.07377914439495631	0.1186500108690813	0.004853359688977187
268000	-1774.4427615526329	-1522.4922025650214	-251.95055898761152	0.058021552625572646	0.08020553105202749	0.04865489805475288	0.06548307427812732	0.13773146157508626	0.003656276621910463
269000	-1774.547161093823	-1524.8506349002905	-249.6965261935324	0.05856767429165053	0.0638258137097276	0.09729658859179818	0.05935993613084419	0.10263649186722897	0.002913470663322549
270000	-1768.6874719051732	-1524.1724233193759	-244.51504858579727	0.10832782423733765	0.11381839499032408	0.08977132155385016	0.08306786623913155	0.13680138942798548	0.004619936147786285
271000	-1768.5119339962655	-1522.9542797672589	-245.55765422900672	0.08072730145689247	0.10793204742177938	0.11046755215413392	0.08131447529899324	0.16081341983713202	0.004585602034653591
272000	-1774.36520926732	-1522.177460004616	-252.18774926270413	0.13478077270749247	0.05775548375820359	0.04436786705510332	0.12928877706688008	0.14388546632606267	0.006535883884327938
273000	-1770.2774448071664	-1525.609823641564	-244.66762116560253	0.09340561952832134	0.09303161212942893	0.10375253119466564	0.09148280980044256	0.14512025469232073	0.004348207783885129
274000	-1775.16187330747	-1525.0866111588384	-250.07526214863142	0.06752799845605163	0.06269407512675129	0.07207353299936524	0.0717479535635713	0.113212988154283	0.00456621824851911
275000	-1769.1866817987775	-1522.7236925538868	-246.4629892448907	0.10186754034103115	0.10074348411006152	0.1169071622250919	0.10237152758862979	0.16847749449268418	0.0064103927068390795
276000	-1772.0447375412612	-1522.3480643781686	-249.6966731630926	0.07219876350238895	0.07684551002213372	0.0646828600336693	0.05761176986242646	0.13665065441749832	0.003877844901857591
277000	-1772.6794140647005	-1525.1358405048677	-247.5435735598327	0.12743418707787463	0.1489802645495683	0.06621236072253511	0.13737074988587483	0.15047158444697087	0.006675448847861715
278000	-1770.5713446488046	-1522.767851754153	-247.80349289465153	0.08742751316433735	0.09405100371403967	0.06059876239473705	0.10530250786352925	0.16598169773796467	0.0051567300822846895
279000	-1770.4728581679292	-1523.598851216284	-246.87400695164516	0.0961006000198748	0.07785365659750312	0.07924225369310439	0.07530362293799796	0.14503322338119665	0.003910444857422225
280000	-1770.6891640138697	-1524.827950180937	-245.8612138329327	0.09094876145318054	0.12663131705376757	0.09181986756380524	0.11391273999099559	0.1427759293778602	0.004782840308174946
281000	-1773.7717025271725	-1524.0904520254098	-249.6812505017627	0.09036693164772483	0.08415200662047544	0.15953817809081272	0.1676216728239561	0.18183444092481765	0.006008791400468757
282000	-1775.1525318029503	-1523.0422475815444	-252.11028422140595	0.11849283385605794	0.11794161343455398	0.030109445999508145	0.11260537013723115	0.1416880729804399	0.005183101923491012
283000	-1770.652713693714	-1522.9667796960143	-247.68593399769978	0.09248402443292743	0.05947485659361275	0.08452199215445243	0.08231762992636397	0.14280964376761354	0.004398962344052728
284000	-1770.8838860352253	-1523.9738477005585	-246.91003833466684	0.07105978349937217	0.07644313205764951	0.10394870360406469	0.1016986130734242	0.14609858752930932	0.005339374153376946
285000	-1770.1087000253285	-1521.7236741205966	-248.38502590473198	0.1222067090132636	0.0825547613908275	0.07305733027574773	0.08963793049558197	0.193289344437705	0.005534940236383878
286000	-1771.5353481165498	-1524.2008055380552	-247.33454257849465	0.11649811188170135	0.08031491980907714	0.1548894519473824	0.07374892155851803	0.14636412019737102	0.00595547578950847
287000	-1771.48058091215	-1523.356555081595	-248.1240258305549	0.10431063490705822	0.1314632696955172	0.05161069048336837	0.08729974159955346	0.12345460562833016	0.006476162955319403
288000	-1770.3025238681619	-1522.5587747098677	-247.7437491582941	0.14781344512920774	0.14688837452257913	0.08557480494811477	0.06868212000859626	0.17003957080672158	0.006101396495015331
289000	-1774.3833526865558	-1524.5983983461797	-249.784954340376	0.04861469329562907	0.15603587442682323	0.06747427759521837	0.086141592522169	0.13829942588576905	0.003394749003661502
290000	-1773.8604482995352	-1521.0602877626745	-252.80016053686055	0.0844388247905293	0.12814439521187115	0.031473311360833776	0.11240104397092515	0.1732521235219023	0.004986769140207978
291000	-1772.9016547121873	-1520.422197665537	-252.47945704665028	0.13142687922486188	0.09475559363372923	0.05301381922016245	0.13190751286293176	0.22324349033869836	0.00768680052402272
292000	-1772.724158603649	-1526.3711698716115	-246.35298873203743	0.06910743139819849	0.08754198375091647	0.08772187601231338	0.12264035367405629	0.10278411624540072	0.004623699464633669
293000	-1770.5839840875226	-1524.4885507524912	-246.09543333503146	0.10925352795286906	0.15146272861705368	0.08658904016197368	0.079623245776106	0.13546595964877722	0.00737966509580035
294000	-1769.836083632455	-1524.4371271023933	-245.3989565300617	0.11366948078024221	0.07983796187277044	0.13629211809647274	0.13559350388264466	0.1616716254613415	0.005970436091315778
295000	-1772.8721647613386	-1520.875880242398	-251.9962845189406	0.14827093036799652	0.10713459145298651	0.04539099876635624	0.10250116636457896	0.19253497269305694	0.008526764973039514
296000	-1779.9914094047476	-1526.1513261276577	-253.84008327709	0.0713465924443264	0.03447728304656628	0.12190830363996132	0.07844388523680226	0.11029331062100532	0.002403926643627212
297000	-1770.5927904305495	-1521.7911709865862	-248.80161944396326	0.10981530049504981	0.12595864149001101	0.10208330669268068	0.09220165927829237	0.2070169087000992	0.007271376485529441
298000	-1770.781724569114	-1522.2175780452349	-248.56414652387903	0.0902944149119571	0.1076673339912666	0.08774278655578506	0.05867392972437238	0.19904258239162234	0.004412110496378848
299000	-1768.9113907867572	-1524.969006023945	-243.9423847628122	0.1092369842065268	0.10984734461793082	0.11495563407170137	0.1188927700824403	0.127171333699507	0.006690961420754683
300000	-1772.19110892777	-1524.153294232024	-248.03781469574605	0.07348752833580219	0.12191386897736928	0.1231653965171152	0.05093996419484762	0.14837745665203692	0.003778915812494076
301000	-1770.475616697494	-1524.4547809280716	-246.02083576942223	0.07519470411462172	0.09150257720896196	0.14826256124457066	0.09371856558815814	0.14248909947486277	0.005850977621727245
302000	-1771.2801823135603	-1523.7617202634956	-247.51846205006476	0.07363654603024561	0.08174232857815589	0.07356338168383902	0.06789793255155034	0.14253646155395858	0.004038803119603317
303000	-1769.917219158503	-1522.991935854128	-246.92528330437494	0.09563981323636786	0.12124735036837161	0.06594153688809352	0.09350432621000447	0.14389565463908474	0.007480409697795114
304000	-1771.89103452269	-1525.7879364855025	-246.1030980371874	0.08645914461740367	0.08126128420099737	0.07753469563270558	0.15017832473620074	0.1470505678150968	0.0040024057635200064
305000	-1772.964607616788	-1522.97423046938	-249.990377147408	0.0753249834650735	0.06904267945257679	0.09450215309688428	0.04769558485125657	0.15158885021071633	0.0031554770792877277
306000	-1770.114325805613	-1524.265388201185	-245.84893760442785	0.07113134545876086	0.09781379766131637	0.12605646882364221	0.07275366560724543	0.1246534622098826	0.004277973913130357
307000	-1771.6814913340324	-1522.6300614043444	-249.0514299296881	0.056160309489530325	0.07540294136471833	0.06987067861249119	0.09384874162834388	0.16462820907373324	0.0032185020928315843
308000	-1769.9847034900622	-1524.3413883755804	-245.64331511448188	0.13213450351521563	0.08498876537129599	0.10120539409180355	0.10240546621442681	0.13552447063211695	0.007702662472682266
309000	-1774.5346564075385	-1525.3729174753553	-249.1617389321831	0.08238640546085876	0.1618407424487154	0.13667707115128186	0.06831001252873184	0.14444990414790249	0.004724760341181999
310000	-1769.8073156269656	-1522.3927169940011	-247.41459863296444	0.11652988070081581	0.1501363720069906	0.06792073271157445	0.07684569202198327	0.15010129879287892	0.006200251401384287
311000	-1769.1272200852918	-1522.5476088777873	-246.57961120750443	0.11834902977019059	0.13027792194312482	0.07690714770193376	0.10095877224538496	0.18018573475664884	0.005790619343884548
312000	-1771.055044383208	-1524.247302385754	-246.80774199745395	0.10477536292778539	0.14006788529719663	0.07601490544230895	0.08523466052684112	0.12209231423203862	0.005561380766795004
313000	-1770.6439764528816	-1522.585214489954	-248.05876196292743	0.07743095169950832	0.0826693659245676	0.05929552579107755	0.08996308171480925	0.13028595816370525	0.004988180036683
314000	-1769.8187901236188	-1523.7108679091002	-246.10792221451845	0.08375519943334844	0.14896998438765788	0.12883842279746568	0.09415585973886224	0.1704056730878678	0.0057493866462260765
315000	-1770.913631657612	-1521.654196459338	-249.25943519827402	0.13635379069456993	0.0904932712178227	0.05231346367511179	0.13788121454342633	0.18364206363192698	0.005749003168459471
316000	-1769.9681533168055	-1524.0409925324261	-245.92716078437942	0.10319407067420233	0.09262116455929856	0.07037062293751253	0.08192556618324881	0.15268177956162188	0.003699816086732633
317000	-1769.3913616138543	-1522.2983813440715	-247.09298026978294	0.0966729538749304	0.08455404791547357	0.0846612129643828	0.1661627450301925	0.1674095439714061	0.006327546765825162
318000	-1774.1725767578105	-1524.4305215896134	-249.74205516819706	0.07035775650891801	0.1261106852523753	0.0535493923633564	0.08235859213056283	0.12470160112792943	0.0036578690213174645
319000	-1770.5935742900283	-1524.7498900216679	-245.84368426836036	0.13860936098937227	0.11074837280014163	0.07382013463001542	0.10725727099126697	0.1305658568625199	0.006416558553799961
320000	-1774.9303540341252	-1528.2001460518056	-246.73020798231968	0.06611722919937342	0.11884576041306268	0.09978427909399631	0.1125973023718052	0.09769003645859047	0.009176545032870211
321000	-1771.590926567658	-1524.1744494035456	-247.41647716411245	0.10268030035395603	0.1093120461953232	0.11946769209847131	0.07678062588056331	0.1918302190025917	0.007845720978366763
322000	-1770.9570666277466	-1525.050465199069	-245.90660142867748	0.06344224523127127	0.09308919552801018	0.08400429220798475	0.09048299068352982	0.1079167453653346	0.003699261028604432
323000	-1771.7348626248215	-1524.301424373481	-247.43343825134042	0.15693863387462145	0.14410115270783705	0.08041110934357051	0.16715764774113953	0.13965650044125283	0.00721299325490033
324000	-1770.408201559677	-1525.3193968987669	-245.08880466091023	0.09634774409293434	0.08419971875226523	0.08675105342379141	0.12158096292070113	0.15028987548912492	0.004920482487371622
325000	-1775.2452902477853	-1525.0692190550935	-250.17607119269175	0.08962671472085376	0.05606787150719692	0.06311337367474483	0.1551137406295075	0.17329315906828668	0.004352363310393823
326000	-1773.775855132666	-1523.3123274814143	-250.46352765125175	0.09925952081952986	0.12024683914421384	0.07790642014151382	0.05142016766725055	0.15052892135557225	0.007096919427766697
327000	-1770.2216493922276	-1522.3114194659388	-247.91022992628882	0.10220390701412427	0.08180690844280783	0.0864840916744817	0.12209194800826445	0.18253450720665465	0.00728624669511721
328000	-1770.5105800739013	-1524.5250063566496	-245.98557371725178	0.09840558548879078	0.11901692531024231	0.06718446048817489	0.09634800196711675	0.1222207628580455	0.004932450447496465
329000	-1768.645277880158	-1523.8002416986228	-244.8450361815351	0.09516443903680612	0.145139450280879	0.08783757485994226	0.1098038046086381	0.1409800449579446	0.005543535094647412
330000	-1771.7664452988959	-1525.2302219364524	-246.5362233624434	0.07245490957304337	0.07704891924704746	0.09537375845886222	0.10708438901187821	0.1322437767364205	0.006065594580774046
331000	-1772.8515139420201	-1521.867489392265	-250.98402454975496	0.19249007056136738	0.11107780848933468	0.11439625137376555	0.17432021238994239	0.2180373871874354	0.00927056658796947
332000	-1770.0120548094378	-1521.908578106071	-248.1034767033667	0.11001174835754061	0.08782085553969009	0.09182390740455247	0.09404214748641851	0.2158379010501913	0.005277924442022127
333000	-1769.751372183913	-1524.0497748910082	-245.70159729290478	0.0849138945962465	0.08582072658168591	0.11126080073245352	0.15102176254151795	0.16903611827648293	0.004794854318277151
334000	-1771.2761884697593	-1522.0548473478734	-249.22134112188587	0.09144035120042862	0.09147254648661494	0.0454632219064737	0.08823218601187134	0.14806017988092232	0.004655318703631152
335000	-1768.9043215958686	-1523.3426553334184	-245.56166626245013	0.09225688755534171	0.09265437149651629	0.06789346988826216	0.10274783254696933	0.1288624088922502	0.004840045546741998
336000	-1770.3178266974298	-1524.4948224707791	-245.8230042266508	0.10258139059313619	0.07502973207163022	0.11008232324908475	0.08023160441434525	0.1313020364914432	0.0048679889601703505
337000	-1770.9367818799544	-1524.864073477378	-246.0727084025763	0.10971151132012506	0.08077700401023721	0.11577908693882477	0.07844897590349828	0.13084009076446496	0.004964069193892565
338000	-1777.1325513513457	-1523.0800914452684	-254.05245990607736	0.12452015259102302	0.14641749032281107	0.030815800293981337	0.07600440890613303	0.15200957104708754	0.004964628599185884
339000	-1770.8945465136985	-1522.4193424862096	-248.47520402748876	0.10953938264308617	0.06709074775634673	0.07645240689575478	0.16921894427131948	0.16509653745379643	0.007214921029872545
340000	-1772.1151260799397	-1524.2449999562918	-247.8701261236478	0.05781697336402566	0.11627253595465704	0.06017374651149793	0.08494309080912053	0.1405320539638415	0.0030589139100831828
341000	-1769.0960778788785	-1521.5391371978787	-247.55694068099987	0.08040598968356097	0.0958316615287893	0.07749906125692005	0.10724019154824428	0.19174971614954986	0.005501295562090192
342000	-1769.5169413564415	-1522.9755750569552	-246.54136629948624	0.13060623556049603	0.0988649771027193	0.08936656708176012	0.10864856532283547	0.19682247519102625	0.005192078086638756
343000	-1771.2986231740767	-1524.1245910097746	-247.17403216430225	0.07668674888504978	0.10389663572196402	0.09996582965476325	0.05967958600523634	0.15417605747673058	0.0043751158436099715
344000	-1776.748875729028	-1523.9864567299244	-252.76241899910357	0.22422237549435456	0.09389553193253794	0.04759649816255031	0.11189347523953624	0.14576068973505832	0.005851110598967299
345000	-1772.2769065557718	-1524.397770465575	-247.879136090197	0.07293263283697385	0.12733044141403022	0.08768334860642886	0.11625703834828077	0.18207059190145128	0.005876631309657017
346000	-1773.2789716011316	-1522.4195403394538	-250.85943126167794	0.06984270166559037	0.08918947005981884	0.040160437197832397	0.10596070012464125	0.12296930843846977	0.005286326951863197
347000	-1772.9903224403774	-1525.0010071812428	-247.98931525913474	0.09987195952907098	0.10072487042281451	0.08487008471589275	0.1605448761639181	0.1937337482072948	0.008912852674549053
348000	-1769.0182570035602	-1522.7151738152224	-246.30308318833772	0.1000987745396273	0.14311546729280003	0.09428528757359314	0.13349794221984804	0.1699634987026075	0.006707262207601374
349000	-1774.7355365541125	-1524.6510137086245	-250.08452284548787	0.04800391356980214	0.05698961199900582	0.11030225581361272	0.13322325713048605	0.14572387197634834	0.0036117886402561306
350000	-1769.0932406527868	-1524.1118644501662	-244.98137620262054	0.1299007878756187	0.09807037702261076	0.10256514989070518	0.14063824041283104	0.13331264368027754	0.007143456181796852
351000	-1770.2268370344418	-1522.6575492616134	-247.56928777282835	0.06776965211919593	0.0940695223042316	0.06211919287350845	0.09059696070514921	0.14245022283637634	0.004308937863370071
352000	-1773.3143711762866	-1524.7971757110363	-248.51719546525035	0.058113364866543026	0.14801113468317983	0.09041807552309239	0.05631586601317766	0.12078180089627442	0.0032614093305888513
353000	-1770.988659154181	-1521.8153780883088	-249.17328106587223	0.08248680774905909	0.10853264661147954	0.05173650661502289	0.07985942982901933	0.1625185298382906	0.004309596813648198
354000	-1770.3583863504903	-1523.5196943900858	-246.83869196040453	0.07874348466013724	0.07875294928831163	0.0812304208131494	0.14961465366535173	0.1486394078787939	0.0047187626337509125
355000	-1773.5834688419852	-1523.2148722912561	-250.36859655072902	0.15766959126883703	0.06854386521151967	0.070954283500843	0.11900673909661108	0.1880220010524968	0.005026596277783097
356000	-1769.8773103821677	-1522.6708584459248	-247.206451936243	0.09584125984488709	0.0635243592637022	0.09271154152228797	0.1449070983669675	0.1695409212606688	0.00506953388617531
357000	-1774.0218724749802	-1525.1592622503654	-248.86261022461485	0.09712880474686113	0.11946245456854426	0.08551649627217701	0.1508513168140577	0.14859110962908595	0.011096403325626857
358000	-1774.182459170562	-1529.4139232349298	-244.76853593563223	0.11271474176130071	0.14581992995820003	0.07592263616282728	0.10633894456374587	0.1447036458196896	0.0036557596922866466
359000	-1769.1819560604513	-1523.5202205315782	-245.66173552887307	0.11631569092092964	0.1272066240385586	0.10539815512934164	0.10882383836300333	0.1525452212321805	0.00729144155349467
360000	-1770.3825431959976	-1521.2195399349393	-249.16300326105826	0.10458078164714688	0.07956880451445006	0.05011008300237915	0.11519300138825628	0.17098065088101602	0.0051189831823521175
361000	-1774.7211851166671	-1525.8054540800063	-248.91573103666087	0.09753298235918331	0.09457572274829629	0.05189227519177651	0.10661220507260533	0.18165805035162255	0.002916415690027199
362000	-1771.1511926620208	-1522.800653658784	-248.3505390032366	0.07513011587664281	0.15539929222809049	0.1014417939893538	0.07335126960219206	0.17741625881856135	0.006009150713216512
363000	-1769.4842634656288	-1523.9154055064853	-245.56885795914354	0.08806734423760956	0.13081924012494603	0.09892954611672239	0.0860808241411145	0.13995422744704952	0.005996479881266484
364000	-1772.049220923988	-1523.00022114884	-249.04899977514816	0.06548470521450857	0.11559711840474382	0.06827766726470057	0.1388926494637829	0.20295806994927484	0.004761348067982271
365000	-1768.9316064932646	-1524.6709375406567	-244.26066895260774	0.11973374786900756	0.11431607125926337	0.0977537429377754	0.10540413233753057	0.1324336396442043	0.005206755983525966
366000	-1769.8710628425297	-1522.0792846752197	-247.79177816730996	0.09954540561823913	0.09084184665998699	0.0730399418570712	0.16927117099350142	0.16528370664491904	0.007141566504824747
367000	-1772.402347010899	-1523.5093859013687	-248.89296110953026	0.06574398813888824	0.12899440921428876	0.11862752542639551	0.1134837999039634	0.20209402619394742	0.004783295956863812
368000	-1768.5149099963687	-1523.2790538887316	-245.23585610763723	0.0853903437820519	0.08685629634280286	0.0859514048944932	0.11521969040334451	0.13463014057978864	0.005238833870399491
369000	-1771.436049456998	-1520.9578952211696	-250.47815423582847	0.10465797787752978	0.1284365932968089	0.04381401885789509	0.10119919095697531	0.1611107514106946	0.006119321249190624
370000	-1769.4920135591965	-1524.0036264209377	-245.48838713825864	0.09727026478967196	0.07666962463437436	0.09006385450574993	0.13106241842963548	0.13086346966416335	0.005422280657314009
371000	-1773.7462329188938	-1522.1863788028363	-251.5598541160576	0.08669852383073262	0.07926629736395356	0.0885737947538922	0.08029447331578227	0.185616253223751	0.005010427115832064
372000	-1774.5353757048047	-1523.360131301199	-251.1752444036055	0.14923059864318636	0.1097841688662997	0.04755642707332048	0.14353547520187082	0.1868942920287145	0.007744915412059247
373000	-1771.5574670598091	-1524.0525199779295	-247.5049470818796	0.07194341154108627	0.13883636067624106	0.1481963786969086	0.08940021737758692	0.15803130957104392	0.00517011539721696
374000	-1769.9672706770937	-1522.7177704743635	-247.24950020273008	0.13622021723053443	0.10085408329262602	0.07304736114652938	0.12668631973480227	0.16396083460678534	0.006325808420337576
375000	-1772.0633026676535	-1525.2464007857698	-246.81690188188364	0.05978148284214153	0.16229378421999094	0.11727222146674306	0.07939420380411003	0.12830966797188764	0.004127168629933875
376000	-1774.8908121143725	-1527.6837404763733	-247.20707163799915	0.1380743164382586	0.1768532309766807	0.06150696677076961	0.10648877871361423	0.11817856558694857	0.006212167947202695
377000	-1772.7865867228943	-1524.59457565326	-248.19201106963416	0.07329867916844894	0.13381823015900673	0.12546249955242458	0.0531116734923897	0.1239261766582709	0.004270555109338306
378000	-1769.8741651735043	-1521.7797860895596	-248.09437908394457	0.08826571870796139	0.09891141495549557	0.05335488639278997	0.10955645863162637	0.15821509904067818	0.005309084648862451
379000	-1769.780163775858	-1522.6431691677062	-247.1369946081518	0.07046890390060905	0.11554704047259708	0.0933043109582478	0.09822552223888567	0.17845740858162645	0.005216414564484739
380000	-1769.9653621044843	-1523.1520068841492	-246.813355220335	0.12264031214653934	0.127184396436918	0.07763855073350119	0.13441184896026712	0.16555783209816263	0.006726290662953952
381000	-1768.7229799989088	-1524.2412820820987	-244.48169791681022	0.1158776252254722	0.11674843459536148	0.1015813918161204	0.11500292493634313	0.1345264484740805	0.006007072184365232
382000	-1768.6176306559457	-1522.0114131644805	-246.6062174914653	0.09551134771556487	0.12075477756266434	0.08091837485964043	0.09936730120057527	0.1876997444508422	0.005615919701712736
383000	-1769.7486339940347	-1523.1073685402166	-246.64126545381805	0.09267227312062565	0.10480086204787516	0.07714681754794186	0.07808468498047279	0.1787855219322744	0.0038355972492856542
384000	-1769.7225408065274	-1525.2423507623548	-244.4801900441725	0.10362567629342864	0.0786179611736796	0.10511086762489943	0.10415128313549366	0.11562869654126746	0.004482888240899928
385000	-1771.5622331917427	-1521.1434430959453	-250.4187900957974	0.11107137696430812	0.09456703996067554	0.04282461706374013	0.1275832404631528	0.1639237718574293	0.005428237719843374
386000	-1770.6254790527069	-1524.3538028363396	-246.2716762163673	0.0907972181234492	0.1081537066705465	0.05954833865349229	0.09504705356098775	0.13192216734415999	0.00398399491412707
387000	-1772.6435904351606	-1525.5364320519107	-247.10715838324995	0.09917723766371091	0.1037447613501199	0.057999709411744975	0.07043279491691973	0.14742188012590593	0.0036868829212427044
388000	-1770.5674791082386	-1523.5037896843814	-247.06368942385706	0.08155468395494692	0.07043918681644944	0.07984036054147678	0.08943275667484335	0.14550154300072796	0.003634091364047432
389000	-1772.1656764341913	-1525.7576078926204	-246.40806854157077	0.08239501120525837	0.09475943987293607	0.1179204419962399	0.07884093601613969	0.1121138446988436	0.0036895241126559545
390000	-1769.1976810014812	-1523.4810556681928	-245.7166253332884	0.10684132577307436	0.08538342707512668	0.13593982496237497	0.14452539036974624	0.16175074998027095	0.0058382404521408506
391000	-1772.8650294276977	-1524.7190462677956	-248.145983159902	0.11833638835072534	0.15119462961366587	0.1317759984310714	0.08711704238086086	0.15377277526156566	0.008445285153048793
392000	-1774.895539578272	-1520.8524417477556	-254.04309783051642	0.13568603479599475	0.15242855395667607	0.06270227602876806	0.18609597502703012	0.25484057210818567	0.007345196998333806
393000	-1777.9886886208756	-1526.2373522460434	-251.75133637483222	0.056844038872068466	0.16540785819617293	0.06750731276368238	0.051520652266180224	0.11518988192528089	0.003532209331811132
394000	-1770.4760750123069	-1523.1569653106712	-247.31910970163574	0.08244705608621582	0.13835214857381845	0.09224822666788138	0.0748240639032349	0.18464427761648808	0.005028802705884182
395000	-1771.8624322685182	-1525.6684686107546	-246.19396365776367	0.06369849421900359	0.08469795548433583	0.10538124337321232	0.08944905749177527	0.09974693214839139	0.004019760322175609
396000	-1771.11056568363	-1523.1421757840417	-247.9683898995883	0.11235030406710281	0.10418567284000894	0.0712512507648016	0.15075665884249453	0.14907966931524844	0.005666575961395293
397000	-1769.8484058230117	-1521.8500179740113	-247.9983878490005	0.1059920275650401	0.11354544677741339	0.058484038346818694	0.1357158399039449	0.16112635869120687	0.007813311360295437
398000	-1770.2206458267212	-1523.2959859864422	-246.92465984027896	0.08909130491516756	0.07923142645748822	0.11584034953803596	0.08763313966338127	0.14983067272328143	0.00442408107952921
399000	-1773.0968567977866	-1520.7307649843979	-252.36609181338878	0.11392262220711295	0.09906968375493302	0.05413921761903463	0.10913886264064575	0.25994379007199847	0.0054934901578757595
400000	-1773.9933821199916	-1523.213090196051	-250.78029192394035	0.06292159971652897	0.10475705445194869	0.07789586173918915	0.06412564956892292	0.1767198604709203	0.00486238291902322
401000	-1773.1223156279702	-1525.2098198757908	-247.91249575217955	0.10135169899774722	0.09326239344316382	0.07990992064492233	0.05014739361359524	0.10693415489833037	0.004750153382507073
402000	-1768.3866082399823	-1521.714632859404	-246.67197538057837	0.08932486074752294	0.11318984738541815	0.08807776965897048	0.08973054039099233	0.1846259800205228	0.00577014282930173
403000	-1770.9362989785632	-1524.0634869226576	-246.87281205590568	0.07588556155981917	0.15224328966244136	0.12169884264321894	0.1091476837800411	0.18812537600086365	0.005532655231916685
404000	-1773.5235200518673	-1523.9292709018173	-249.5942491500501	0.07136157032058811	0.1301368783372442	0.08148617502394612	0.09723909984262717	0.1329938959740215	0.004367004794469183
405000	-1772.9182636464066	-1526.4574289665265	-246.4608346798799	0.06950667823103124	0.0833619156462482	0.07109554204940507	0.1267111636245306	0.09894636278225967	0.003279446825631719
406000	-1774.1669128973697	-1520.939694221698	-253.22721867567176	0.09814889389158937	0.15581861853442547	0.05502175148199171	0.08008656604274589	0.18371049531942824	0.005923191349712766
407000	-1770.4009946533836	-1524.2837930995474	-246.11720155383622	0.14922584040769984	0.16179861302803344	0.12100259326447675	0.11924736475067477	0.14282731417601074	0.00889436859801709
408000	-1770.6359024826354	-1523.8661983975114	-246.769704085124	0.11532984258795069	0.07080596379761067	0.07986472191789962	0.07329691017908999	0.12634517349001276	0.005361583415403298
409000	-1772.8735489367207	-1523.0207988365814	-249.85275010013925	0.10558241820596206	0.11028141175813361	0.08000251203764229	0.14333468476980424	0.21976683908738537	0.006661591374688529
410000	-1770.9383719463065	-1523.0781879983238	-247.86018394798276	0.05985442352288609	0.110677628781673	0.0772548253460616	0.08509326117747107	0.16197926902287418	0.004112970548397441
411000	-1770.3976877166954	-1522.8048683653187	-247.59281935137656	0.12423186531941038	0.08763042632846309	0.08649723492485326	0.17517487444662558	0.18751542523446715	0.006275279196146372
412000	-1768.7754731553196	-1523.1852388909829	-245.5902342643367	0.11116318995190148	0.11603079540931648	0.07650046761293157	0.08431493951261748	0.14744082365310635	0.005004911554093589
413000	-1771.831196103433	-1523.9097110770135	-247.92148502641962	0.1189688670868473	0.07366527068909623	0.05294697124125228	0.08707456605193713	0.11935575982292748	0.004371215300119347
414000	-1774.145707190682	-1524.9418358022365	-249.20387138844563	0.07180899137466629	0.09913124198903657	0.12259469443432962	0.072231646759757	0.2194217190563712	0.004348744050593949
415000	-1774.3329681116243	-1521.149178182944	-253.18378992868028	0.11358743512747453	0.16880907037049017	0.059506892725606	0.12377286759579537	0.2341692877341455	0.006832474492737243
416000	-1769.9718932521666	-1523.7767317450603	-246.19516150710635	0.09796176627922107	0.12097836247377354	0.07694276811850649	0.11163721059550824	0.1371149041918376	0.007710505215271049
417000	-1768.7231829422458	-1523.0694095804488	-245.6537733617969	0.08343210938017871	0.10664721294581321	0.10582326105821269	0.08740897729391905	0.1567294303496182	0.00610898651132253
418000	-1772.217881518576	-1526.5154375218976	-245.7024439966783	0.08895205855052404	0.09399023688368105	0.07154685845467545	0.13258152668240544	0.11308121449579375	0.006541668922400792
419000	-1774.0068990956056	-1524.4088792914854	-249.59801980412018	0.10103731192760282	0.11660502445166573	0.04087653005045435	0.11025598349863241	0.15392927180160978	0.005714186707543666
420000	-1775.1022043025632	-1525.5560610901261	-249.5461432124371	0.09147681790994767	0.11605090047830582	0.1222278719431549	0.044213243509882656	0.1880845396876752	0.003460059190665238
421000	-1772.2243964817287	-1523.858791875145	-248.3656046065838	0.11702073024653058	0.09290422683957021	0.06361152040108516	0.06167864751676657	0.15621842453861418	0.004387119598297562
422000	-1772.6288544198485	-1525.5117666588185	-247.11708776103006	0.06376644168435983	0.08620403444171196	0.11821198537816618	0.07980322086320116	0.1231157717189284	0.005416709673713327
423000	-1772.4399629031316	-1522.8597009362386	-249.580261966893	0.0725167914136491	0.1380503480136247	0.051044062467294725	0.15639050157921042	0.16144879371981125	0.004527873900333995
424000	-1771.6026874447925	-1523.544901783898	-248.05778566089464	0.09443157911057157	0.05540934026792404	0.08685408887619604	0.09114454198587311	0.1582878737822358	0.005247627402067692
425000	-1774.9012364537168	-1523.2014976082075	-251.69973884550927	0.05219096716096169	0.052572162740256285	0.06991282475555434	0.125031080799536	0.17925997185207498	0.0029835899569740413
426000	-1777.8768347565947	-1524.0057449439257	-253.871089812669	0.08133989902919912	0.08333397405525401	0.04373972342720097	0.04226887882652916	0.09722498577811295	0.0035190935848164857
427000	-1777.75559664243	-1530.9611094902307	-246.79448715219928	0.16249326866642935	0.14207090735945524	0.13013178189119576	0.06541710462312919	0.12303055276762223	0.0047730045551465355
428000	-1773.8280680369874	-1523.8165359484547	-250.01153208853262	0.08864785232909969	0.07525024275869772	0.10307384574762327	0.09367303111999682	0.16935350997216883	0.006927841389836786
429000	-1770.667216157664	-1524.735853702252	-245.93136245541197	0.12093203520207275	0.10784079784326037	0.10484564814045923	0.15056133187976045	0.1298443251360974	0.008252067712171206
430000	-1772.1983110941028	-1526.0297106571302	-246.1686004369727	0.14112130503626663	0.08277416969737203	0.12201745298397634	0.15588748090725715	0.1708452619369377	0.004303730650275692
431000	-1778.120963450043	-1522.2049191837327	-255.91604426631028	0.07669163738699551	0.21845259857914157	0.0466108097122062	0.1111001230991456	0.19743465615667885	0.007767677352641715
432000	-1776.8495548648882	-1525.1814160377676	-251.66813882712063	0.0974354468368751	0.05283659201753872	0.05506654207887249	0.08189615988312753	0.1589334273496117	0.00743822682208573
433000	-1770.336504901275	-1522.49120555435	-247.84529934692506	0.08829729860003503	0.12915697065661144	0.06664867082842489	0.06757434846507006	0.1750944208003619	0.00405582905157946
434000	-1777.2027010614493	-1529.281402359261	-247.9212987021883	0.12257261493065126	0.10605250656799856	0.06594123141829751	0.10496502653276973	0.18073417002750294	0.006684854328695817
435000	-1771.6194443801478	-1523.7745434039498	-247.84490097619792	0.06695213514475787	0.10340963648985023	0.07108621371115777	0.10640499690292043	0.17175676807308057	0.004717721762845574
436000	-1771.0501877611973	-1522.7550383708144	-248.29514939038302	0.05631202440643269	0.09540020412484068	0.07530903496490106	0.13820356279374976	0.16489392552892868	0.0038034971146772645
437000	-1769.4144538575752	-1524.2783788037739	-245.13607505380122	0.09105689196236295	0.10494627712132627	0.1066510888320432	0.12325886287891019	0.12985019359357391	0.005350733000262642
438000	-1770.8370869553291	-1524.76474985993	-246.07233709539912	0.0854586643034245	0.11478952528624624	0.0719649825245793	0.12200747320206734	0.12336319165318146	0.00750210288978905
439000	-1770.377794847178	-1522.9166534244584	-247.4611414227194	0.08839789873222877	0.08205456234794481	0.10277012442396634	0.10623238778678933	0.18887977609513304	0.0068658090886829426
440000	-1771.4261927712073	-1524.63338312974	-246.79280964146727	0.11292710231567703	0.1521952204704768	0.10262302243780248	0.06614309029228638	0.125027846504109	0.006246543273986804
441000	-1773.2994134987696	-1523.9878919860405	-249.31152151272903	0.05801338933928106	0.1372611214813511	0.09496818322145428	0.06802499257402063	0.18945440892511836	0.003946353408207382
442000	-1773.7756583605026	-1525.8806665022203	-247.89499185828225	0.0452932044675925	0.11124770875930741	0.0850267222270344	0.08609199517057146	0.10220430945532952	0.0030789890428671706
443000	-1771.4638494577637	-1525.6012115152307	-245.86263794253296	0.1457123687566839	0.1241403828013663	0.17033242862184536	0.09438812107037939	0.13371819145638894	0.006177618552609081
444000	-1772.3584402336594	-1525.0460883457913	-247.31235188786806	0.0999595066253143	0.14866078422998114	0.15679263292934925	0.16745640285802676	0.14213514706326047	0.0072370598214130015
445000	-1772.8000050529597	-1523.2981170627513	-249.50188799020836	0.10367798758308293	0.14597201979574245	0.11491716515243286	0.05638831398310762	0.16353745249569535	0.005162886952596573
446000	-1770.323311868595	-1524.284777101831	-246.0385347667641	0.1339685947025496	0.09007949300090512	0.11861371597018838	0.105065533626654	0.1396891707463258	0.006308762749370793
447000	-1773.0177834833014	-1525.3801190069498	-247.63766447635152	0.06449283496030121	0.05932137630690309	0.0894316757535139	0.11358724768384539	0.1317061606249617	0.0034813233478284905
448000	-1771.1897869096051	-1524.4416754319502	-246.74811147765487	0.07333186206960211	0.12225392033435961	0.07121868510307157	0.1092969516912202	0.1530793544857538	0.004833548212934519
449000	-1771.8873692536638	-1524.405943968222	-247.48142528544182	0.0574306216715891	0.11150032291436848	0.10031658281806835	0.07771040523053768	0.15972236804792503	0.005032637298247653
450000	-1772.3912580425151	-1522.0491843553314	-250.34207368718378	0.163960517499409	0.10095834770105593	0.04570700355157759	0.1443171635918327	0.16178161916000364	0.006465803979862301
451000	-1771.7872317346928	-1522.373535107511	-249.41369662718168	0.08772449197743197	0.08344293092960245	0.06554193703467852	0.14348794263327566	0.2200019072614668	0.004039645091091916
452000	-1771.5497463725956	-1526.5094334175287	-245.04031295506692	0.08763356188294226	0.09781740618414615	0.13182196074918792	0.0903384598159389	0.11730796263260776	0.004561366281340986
453000	-1771.1272878152022	-1522.8216620640064	-248.3056257511958	0.0603909186599466	0.10309907431147405	0.11363924648099757	0.06244992166378572	0.16325092417099402	0.004302215124908205
454000	-1774.0725233613105	-1527.9656659080376	-246.1068574532728	0.10533415476242325	0.08769333848623524	0.15014157203226988	0.07402389676255074	0.09003538721836835	0.0054110024630748075
455000	-1769.8149031168225	-1524.57819035603	-245.23671276079241	0.09051076742731892	0.09053212173463242	0.0926838969622426	0.12057299955606408	0.1353656201013289	0.005857394817346353
456000	-1774.6122760530045	-1528.29474560562	-246.3175304473846	0.10641092056832811	0.06128818814123308	0.089402952583798	0.0991909935742092	0.1304769966037811	0.0029329884916054517
457000	-1771.862476573091	-1527.2622360635776	-244.60024050951338	0.09688251938576799	0.08366528011657692	0.09954529973978267	0.12547133119611634	0.10168346615661956	0.005311003213515633
458000	-1774.3168264292158	-1523.2608778114923	-251.05594861772363	0.122163132079909	0.08524971985897305	0.13106985422470188	0.0741378568553345	0.2527615547638695	0.007095461266025301
459000	-1773.4792249454274	-1525.3648287279254	-248.11439621750188	0.06804832539278895	0.07852982585931606	0.12838870461148938	0.0908059524130835	0.17722460051068625	0.005276862512957419
460000	-1770.3332135170144	-1523.0885571041028	-247.24465641291152	0.10542990843889843	0.09179785936695799	0.05282218498300167	0.10711036921531707	0.12467429522961501	0.005095111612161974
461000	-1773.4714925181397	-1526.0091457057042	-247.46234681243544	0.11271047731921434	0.12099834370235803	0.1373017533161307	0.15493424338692907	0.19753422484180042	0.00717170981529366
462000	-1773.2804588229544	-1523.6014288512247	-249.67902997172973	0.07345109134023108	0.129791460855228	0.1275841269052552	0.06146544742123954	0.14525398273995943	0.005034551185474689
463000	-1772.8682345937361	-1525.4637074877298	-247.40452710600638	0.08019109898382565	0.14298025601914122	0.14659914106055258	0.15051483050639242	0.18184046160956488	0.005504943161480123
464000	-1768.3958465278897	-1523.347390433862	-245.04845609402764	0.08884237949910662	0.12141938576447497	0.08831375922824317	0.09934003829213384	0.16136134378430902	0.004427429623484961
465000	-1774.7611604087285	-1525.3032902225614	-249.45787018616724	0.0581659943924385	0.0886896349719351	0.15162090567776262	0.06688631340574505	0.1771751033426154	0.004373523318888128
466000	-1775.9644943864357	-1527.7744321946084	-248.19006219182728	0.10325632830808272	0.12814386502506656	0.11361260674311915	0.13604805256400176	0.12104157410912418	0.009338586737593614
467000	-1772.2908560274568	-1523.1705145970607	-249.12034143039602	0.08016573536281765	0.13017946136352085	0.100063886932244	0.11599307468363822	0.22227318020737907	0.007956704722355924
468000	-1771.6407243094447	-1521.293580772542	-250.3471435369026	0.08815755906972074	0.07744070232332982	0.06919238985004378	0.1362319459761528	0.22894849389488928	0.005913799862250682
469000	-1769.7977575375419	-1524.5143275045252	-245.28343003301657	0.06993912597179781	0.13360318923674505	0.11126729056315328	0.1183138975808091	0.16346572287021818	0.004045050920412598
470000	-1769.9983269788818	-1524.4665580412616	-245.5317689376202	0.10703497976845704	0.10824992286771966	0.12441416909599719	0.12408871791950679	0.1568555117429588	0.009196343826234464
471000	-1769.1558747978165	-1523.090105150383	-246.0657696474335	0.1014226901059308	0.09435505055604826	0.07306169728860092	0.12882551565688927	0.15295044450204795	0.006051524147925738
472000	-1774.9935873009017	-1525.22856923568	-249.76501806522177	0.05117942122243637	0.11897373806031351	0.061981785655433407	0.09917742449548372	0.14145199423374616	0.0038968644724081455
473000	-1780.7399663649994	-1525.0396744578675	-255.70029190713186	0.08182631414077458	0.033125935623648926	0.04997781928943688	0.05767980310752128	0.12501526159087822	0.0021610892879982365
474000	-1770.2999532029748	-1522.6277166768016	-247.67223652617326	0.09323399617769387	0.09182622167757444	0.05615913122500262	0.08313351965887678	0.135425446778268	0.00541305226303892
475000	-1770.377024915915	-1525.8275945122691	-244.5494304036458	0.09540863342324345	0.07398666958834049	0.11523512253842112	0.10248978286895612	0.12009015133827702	0.00472011875354182
476000	-1777.1540574026924	-1523.066303342806	-254.08775405988652	0.1248547945786503	0.08409517791970944	0.043946810209430656	0.04289448258013202	0.15759809588722917	0.0047963903744268005
477000	-1775.450614098011	-1525.756560514002	-249.69405358400894	0.10572840717620366	0.11441407274526856	0.05627223046091626	0.08286551020793069	0.18339665599240382	0.008469967486877438
478000	-1769.4908844133117	-1523.967021526706	-245.52386288660566	0.09669043642789149	0.08951340947072269	0.11366154902720359	0.10198013041600444	0.14694461782976925	0.006841914729107133
479000	-1769.221600140983	-1521.698660267164	-247.52293987381893	0.11224331413273823	0.15258227899571344	0.08301503702005367	0.11465717898274685	0.1816121910332265	0.007717359091131788
480000	-1770.2652999750217	-1524.1277801279343	-246.1375198470873	0.07753192773258484	0.07511771967444839	0.0891534211108692	0.12428020223343708	0.15162415255076261	0.003584650811358234
481000	-1770.073404825852	-1522.5992675110933	-247.4741373147587	0.08821644099719558	0.0975313070468385	0.07899278774183881	0.09882190219142825	0.19327574347179824	0.006753873574181302
482000	-1769.8755186511191	-1523.0405345536788	-246.83498409744044	0.07182900063254206	0.12279429213153384	0.07058398330416113	0.10471983108057417	0.1402196604017055	0.005134041716271602
483000	-1778.55340589515	-1526.2838225158243	-252.2695833793256	0.04026497075983401	0.08601828949143146	0.08587654334084346	0.13832946141647642	0.0982417030695612	0.008423679958828397
484000	-1768.8467889937724	-1522.767402675811	-246.0793863179616	0.1122585929107285	0.11362780835062496	0.07217230978809681	0.0958214161887318	0.14376084776470338	0.0073088255660174566
485000	-1770.7185616439913	-1525.1067698826616	-245.6117917613296	0.06731152760751623	0.10259539132522706	0.12679102331910738	0.13136995251857653	0.1603010126609035	0.0034169428778480417
486000	-1771.0474385247007	-1522.4146543120619	-248.6327842126388	0.15548668704003815	0.135780414270413	0.09559054052378535	0.1595804679551753	0.1846677627509896	0.00844456065548743
487000	-1781.766243870735	-1524.5169153043275	-257.24932856640754	0.05403021801738862	0.11259881161248572	0.09325035213168312	0.14855448265672044	0.18375648853687346	0.005568967051907107
488000	-1769.0246793218607	-1523.9863953626336	-245.03828395922713	0.11398514961506612	0.105674517221374	0.10002921124153306	0.10171531055136813	0.16397356845554753	0.007270278926329149
489000	-1771.2994659124133	-1523.999543023634	-247.29992288877935	0.10198765437075073	0.10722617734516879	0.07521612599604038	0.07156098626785236	0.1556646815207411	0.006357271630237458
490000	-1772.1973329697335	-1521.1418876170833	-251.05544535265025	0.1330647887048643	0.18744522949042922	0.08500599144449782	0.1129702261915581	0.20499286414600654	0.008158084390336266
491000	-1771.1540671195448	-1525.178742493771	-245.9753246257737	0.10621008216441609	0.056865640732314746	0.08654909498108632	0.11198891201357271	0.13674159059541513	0.003846569136191413
492000	-1770.3190563583025	-1523.7869057319422	-246.5321506263604	0.13929842520922056	0.10936401882154383	0.0679307803478073	0.10513569787341312	0.152627582761819	0.006075810792278668
493000	-1776.4446226089874	-1524.7102400956414	-251.73438251334588	0.1094360023313794	0.07918209370232862	0.09809395262090174	0.1964065547570153	0.15230142983821568	0.006447949785545042
494000	-1770.782430354817	-1524.038489572544	-246.743940782273	0.11852882886260298	0.128051371639383	0.11873294809912492	0.15697179694875177	0.14449560610221138	0.008350831258903383
495000	-1771.6387471982987	-1523.4689173955453	-248.16982980275336	0.07113519957151078	0.10256227552653496	0.06244384452029138	0.13130891100747805	0.12809181456592889	0.004255444523201939
496000	-1771.7422026965826	-1522.830682312679	-248.91152038390356	0.15254194721570336	0.10728249862315696	0.11668141170367248	0.07396404863287348	0.20354474163181016	0.007949488491136003
497000	-1770.987717428473	-1524.6390552126313	-246.34866221584164	0.11762567625450067	0.0963454894632547	0.06515925252464913	0.09470746591461655	0.14308075651301708	0.005475988032384467
498000	-1768.1554021465054	-1522.5099457371052	-245.64545640940014	0.10723747605036575	0.098661581051045	0.08484946664865334	0.09072825392715203	0.15729010455330553	0.0058918651196739474
499000	-1771.7970710605891	-1522.8831486194986	-248.91392244109062	0.1275441449438026	0.19626262298758362	0.12350163047929294	0.07402666168060416	0.18398955473250242	0.0063093706478841195
500000	-1772.874687074199	-1523.5883096509258	-249.28637742327325	0.06491775909898746	0.09168666082932601	0.10040250913572081	0.17862891169439182	0.18864331538990237	0.0061788810583010105
