#
#model:
#
#<?xml version="1.0" encoding="UTF-8" standalone="no"?><input id="posterior" spec="beast.core.util.CompoundDistribution">
#    <distribution id="prior" spec="beast.core.util.CompoundDistribution">
#        <prior id="lambdaPrior.bfd" name="distribution">
#            <parameter id="lambda" lower="0.0" name="x" spec="beast.core.parameter.RealParameter">0.01</parameter>
#            <Gamma id="Gamma.0" name="distr">
#                <parameter estimate="false" id="RealParameter.1" name="alpha" spec="beast.core.parameter.RealParameter">2.0</parameter>
#                <parameter estimate="false" id="RealParameter.2" name="beta" spec="beast.core.parameter.RealParameter">200.0</parameter>
#            </Gamma>
#        </prior>
#        <distribution id="snapprior.bfd" lambda="@lambda" spec="snap.likelihood.SnAPPrior">
#            <parameter estimate="false" id="alpha" lower="0.0" name="alpha" spec="beast.core.parameter.RealParameter">11.75</parameter>
#            <parameter estimate="false" id="beta" lower="0.0" name="beta" spec="beast.core.parameter.RealParameter">109.73</parameter>
#            <parameter estimate="false" id="kappa" lower="0.0" name="kappa" spec="beast.core.parameter.RealParameter">1.0</parameter>
#            <parameter id="coalescenceRate" name="coalescenceRate" spec="beast.core.parameter.RealParameter">10.0</parameter>
#            <tree clusterType="upgma" id="Tree.bfd" nodetype="snap.NodeData" spec="beast.util.ClusterTree">
#                <taxa dataType="integerdata" id="snap.bfd" spec="snap.Data">
#                    <taxonset id="ant" spec="beast.evolution.alignment.TaxonSet">
#                        <taxon id="Amotape_B67243.Tumbes.Amotape" spec="beast.evolution.alignment.Taxon"/>
#                        <taxon id="Amotape_B67257.Tumbes.Amotape" spec="beast.evolution.alignment.Taxon"/>
#                        <taxon id="Canchaque_B72873.Piura.Canchaque" spec="beast.evolution.alignment.Taxon"/>
#                        <taxon id="Canchaque_B72878.Piura.Canchaque" spec="beast.evolution.alignment.Taxon"/>
#                        <taxon id="Porculla_B72863.Piura.Porculla" spec="beast.evolution.alignment.Taxon"/>
#                        <taxon id="Porculla_B72866.Piura.Porculla" spec="beast.evolution.alignment.Taxon"/>
#                    </taxonset>
#                    <taxonset id="bar" spec="beast.evolution.alignment.TaxonSet">
#                        <taxon id="Carpish_B72761.Huanuco.Acomayo" spec="beast.evolution.alignment.Taxon"/>
#                        <taxon id="Carpish_B72772.Huanuco.Mitotambo" spec="beast.evolution.alignment.Taxon"/>
#                        <taxon id="Chavinillo_B72789.Huanuco.Chavinillo" spec="beast.evolution.alignment.Taxon"/>
#                        <taxon id="Chavinillo_B72792.Huanuco.Chavinillo" spec="beast.evolution.alignment.Taxon"/>
#                        <taxon id="Quichas_B72777.Lima.Quichas" spec="beast.evolution.alignment.Taxon"/>
#                        <taxon id="Quichas_B72778.Lima.Quichas" spec="beast.evolution.alignment.Taxon"/>
#                        <taxon id="Huamatanga_B72889.Lima.Huamatanga" spec="beast.evolution.alignment.Taxon"/>
#                        <taxon id="Huamatanga_B72892.Lima.Huamatanga" spec="beast.evolution.alignment.Taxon"/>
#                        <taxon id="LaQuinua_B72753.Pasco.LaQuinua" spec="beast.evolution.alignment.Taxon"/>
#                        <taxon id="LaQuinua_B72756.Pasco.LaQuinua" spec="beast.evolution.alignment.Taxon"/>
#                    </taxonset>
#                    <taxonset id="cur" spec="beast.evolution.alignment.TaxonSet">
#                        <taxon id="curtata_cra.cur.B6032" spec="beast.evolution.alignment.Taxon"/>
#                        <taxon id="curtata_cra.cur.B8175" spec="beast.evolution.alignment.Taxon"/>
#                    </taxonset>
#                </taxa>
#                <parameter id="RealParameter.0" lower="0.0" name="clock.rate" spec="beast.core.parameter.RealParameter" upper="0.0">1.0</parameter>
#            </tree>
#        </distribution>
#    </distribution>
#    <distribution id="likelihood" spec="beast.core.util.CompoundDistribution">
#        <distribution data="@snap.bfd" id="treeLikelihood.bfd" non-polymorphic="false" pattern="coalescenceRate" spec="snap.likelihood.SnAPTreeLikelihood" tree="@Tree.bfd">
#            <siteModel id="MutationSiteModel.bfd" spec="beast.evolution.sitemodel.SiteModel">
#                <parameter estimate="false" id="mutationRate" name="mutationRate" spec="beast.core.parameter.RealParameter">1.0</parameter>
#                <parameter estimate="false" id="shape" name="shape" spec="beast.core.parameter.RealParameter">2.0</parameter>
#                <parameter estimate="false" id="proportionInvariant" name="proportionInvariant" spec="beast.core.parameter.RealParameter">0.0</parameter>
#                <substModel coalescenceRate="@coalescenceRate" id="MutationModel" spec="snap.likelihood.SnapSubstitutionModel">
#                    <parameter estimate="false" id="u" lower="0.0" name="mutationRateU" spec="beast.core.parameter.RealParameter">1.0</parameter>
#                    <parameter id="v" lower="0.0" name="mutationRateV" spec="beast.core.parameter.RealParameter">1.0</parameter>
#                </substModel>
#            </siteModel>
#        </distribution>
#    </distribution>
#</input>
#
Sample	posterior	likelihood	prior	theta0	theta1	theta2	theta3	theta4	TreeHeightLogger
0	-1773.1289312664476	-1526.4826522471994	-246.64627901924814	0.0769716552352364	0.16686097538541583	0.1236912211811038	0.09899824213829446	0.13237728445385438	0.0038601919595535102
1000	-1769.504081130763	-1521.5668255317867	-247.93725559897644	0.10845006074887895	0.10510851149994159	0.06670261047029494	0.15958917965001565	0.17702534643900625	0.006477783331076266
2000	-1768.587417323967	-1522.3424122803754	-246.24500504359153	0.13249518357167628	0.11090298314926453	0.08629386622150483	0.080620256396017	0.16637196283813854	0.006165885532887357
3000	-1769.5650577625843	-1522.794653530164	-246.77040423242022	0.09803872450665502	0.08337586228651789	0.0693066358365465	0.1385780524643294	0.16649795019781616	0.004823273336638304
4000	-1773.6784836110508	-1524.4178874662998	-249.2605961447509	0.13320308901672764	0.12708884606904447	0.1716239867771432	0.057278740943328924	0.17373550156570125	0.006225532670938877
5000	-1775.418686468118	-1528.0238434404575	-247.39484302766044	0.08811657671597159	0.12796892876306787	0.11826557040534254	0.15712764294268203	0.13352547010122037	0.014499047192232096
6000	-1770.7222654220461	-1526.3749177325572	-244.34734768948903	0.08314856819812785	0.12627612441949662	0.1245844996377295	0.09417377025882219	0.12122163820136064	0.004300532633825043
7000	-1770.4247359676078	-1523.6986761190417	-246.72605984856608	0.13255066607838775	0.10556085347353747	0.0559903043842217	0.09462811730500556	0.14158629382072932	0.004698512320240834
8000	-1771.3846618468663	-1523.7311271080398	-247.65353473882638	0.10518127801151794	0.08285703608252536	0.07395089356069603	0.07605289300487843	0.1842048802014278	0.0036939424244215114
9000	-1775.5896716256077	-1523.2781451306964	-252.3115264949113	0.08494352452900117	0.11691832107839048	0.03812258942642856	0.05684859861035008	0.12082683398218148	0.004362102121040013
10000	-1770.7552717716992	-1525.1947024400847	-245.5605693316145	0.10030353219710603	0.08611799829792639	0.10830805452569292	0.14819282694070343	0.1598177910905705	0.007175991340068164
11000	-1772.3388715953088	-1521.3519477131626	-250.98692388214621	0.08750083703252373	0.06519304103598016	0.057588962916754714	0.12999779218826923	0.20766309819136722	0.005817890898733618
12000	-1774.0164735678923	-1527.755117552073	-246.26135601581936	0.14378269073872135	0.1329351891178998	0.10049738387647947	0.08537135611085381	0.09759062311525886	0.006919784918439061
13000	-1772.3498904067121	-1522.3385322450722	-250.01135816163998	0.0755003029527118	0.0991434298013311	0.07858585435282842	0.07455017762217747	0.1605888008226727	0.005519478644007697
14000	-1774.1436127239303	-1522.9705742694478	-251.1730384544827	0.1545553989162192	0.0828574100114232	0.05138621708750291	0.056867406134257704	0.16543763164432734	0.004232690434084985
15000	-1769.9773437686385	-1522.5988506042577	-247.37849316438093	0.08366728734746677	0.0915915181267876	0.07030684172618021	0.13257385692014098	0.14405113616075094	0.00512616124952305
16000	-1770.2420366414833	-1524.9993850947428	-245.24265154674043	0.07776766382517004	0.12250419456507611	0.09747120572904147	0.0709133736169382	0.14618039097134683	0.0032450661273769003
17000	-1770.106276103625	-1524.6759426898725	-245.4303334137527	0.12487375525984483	0.1649216152098494	0.11942566348597108	0.13838136699810838	0.14776382704382207	0.0064722490281771405
18000	-1771.173548662456	-1525.330340940926	-245.84320772153004	0.06830786737182316	0.09675124087787966	0.09560682054306567	0.10569779550240556	0.12285334042094495	0.006263848548172709
19000	-1773.9859852360623	-1529.3380903610218	-244.6478948750404	0.13579309078295337	0.17460966649009918	0.12649934365569931	0.08784091280432622	0.1071785380487265	0.004273489967084277
20000	-1768.812754020706	-1523.817753748758	-244.9950002719482	0.1126368570666246	0.10980207407111438	0.09943405991269204	0.0807249031474023	0.1554275817649479	0.005555439690207499
21000	-1770.719992325097	-1523.9462057545802	-246.77378657051688	0.10179783045468378	0.09166101320690664	0.1386199953071188	0.1670612126745963	0.15139828765925428	0.00578859922561881
22000	-1768.8779039006647	-1522.5470472207126	-246.33085667995212	0.10930190177713617	0.10404925163386013	0.07140831948987295	0.08562563731321465	0.15126789909888844	0.006620068804174781
23000	-1769.7807509064146	-1524.0071631861547	-245.77358772025983	0.07553056437914166	0.13405940968773983	0.10573247685989251	0.08989667712003732	0.17973375275374415	0.004218795940371853
24000	-1770.162986148629	-1526.8325380404121	-243.33044810821676	0.12897940945573014	0.10448344693390768	0.11682744655946513	0.1042487817692755	0.11894941407457088	0.004987878072912553
25000	-1772.5637697051645	-1524.8966555380555	-247.66711416710902	0.08219465851348451	0.07891263423281215	0.0864592640948401	0.18411176638011667	0.13112872297084208	0.005807440851978949
26000	-1768.1839684654112	-1522.7861256499968	-245.39784281541435	0.10866187345981235	0.10404346923747969	0.11474446973716187	0.11205390353328855	0.16895060470106305	0.006987721794210595
27000	-1771.238188149698	-1524.0412536482427	-247.19693450145544	0.12220963814380324	0.08260610147735165	0.10995590411088633	0.13578002747428455	0.206715954625187	0.004524377403761257
28000	-1774.0061513617043	-1524.2265402044873	-249.7796111572169	0.07315072130295584	0.13323364360221931	0.048245452588734423	0.11133970121961545	0.15075920592137698	0.007854665287949977
29000	-1769.6139239371544	-1524.5381741027923	-245.07574983436206	0.07439490349371758	0.09571932170731329	0.07897921962265837	0.09997414450905219	0.13009313688706747	0.003967912675967132
30000	-1768.5904916787422	-1523.8089138436376	-244.7815778351046	0.09600790552876062	0.11271516579772459	0.12674650891741057	0.11024743111446796	0.17062218720201822	0.004646588506436273
31000	-1772.2210016772624	-1522.0003422168484	-250.22065946041394	0.10149805343183768	0.12521611552069095	0.04181283782755522	0.14970067329747874	0.14756296300829985	0.005694199759517909
32000	-1769.0002549216451	-1522.7797550443133	-246.22049987733186	0.13031349939565356	0.09318731304265009	0.0878121288866219	0.12226303460098144	0.17650494188098545	0.006168858191217258
33000	-1771.730347466543	-1523.0413613949167	-248.68898607162626	0.0988795741216347	0.11649373084094272	0.08982780409342211	0.055216531806824384	0.17179851719617442	0.006911863369379406
34000	-1773.6504688295304	-1525.08320216335	-248.56726666618027	0.05044811924556869	0.11732131779675253	0.1199908093558122	0.10643535147187352	0.16860777994106635	0.005995792967390086
35000	-1771.0362918694411	-1523.5806228987512	-247.45566897068989	0.11913238851465784	0.10338862768241881	0.14979889745473737	0.12511693494744475	0.17589518552214195	0.007214427037963896
36000	-1772.3217314541619	-1524.9155020468754	-247.40622940728636	0.12991215455906288	0.08867509368406933	0.07617283456769076	0.05658726937303424	0.1623979046273311	0.003665304485424954
37000	-1771.1921040040938	-1524.093171165886	-247.09893283820804	0.1367023051248113	0.07896704314382623	0.09737391250625331	0.11983276092749078	0.15579982189369937	0.006715979565880174
38000	-1770.4899861178687	-1523.2001905743066	-247.2897955435621	0.13959230900466602	0.06316942772919922	0.08435134154188575	0.09684980462862669	0.15446425213229706	0.005895878128861176
39000	-1776.031192338277	-1523.245957074759	-252.78523526351788	0.08383679864211409	0.11172900547036875	0.05196185246727213	0.055419519513963296	0.16139484509090243	0.00711783757575983
40000	-1777.7626041190736	-1529.296660361622	-248.46594375745173	0.18903966885672407	0.10769441396709818	0.062132824724985034	0.11565866901855734	0.1567413227653651	0.004318346243934883
41000	-1774.6560952408981	-1525.6686108070867	-248.98748443381135	0.13079709818476645	0.06577394069824224	0.06015514037743281	0.1770443370928579	0.1460362287040893	0.00427250010303197
42000	-1775.9057293442795	-1522.3753958188731	-253.53033352540638	0.14913504369525515	0.15998311048543598	0.050553155935416094	0.07283634913401717	0.20058915778375389	0.010557494174817939
43000	-1773.5020033210344	-1520.5880549757426	-252.91394834529183	0.0773359725709548	0.10118643452702449	0.03488709629346849	0.0889588235434383	0.17657925764707352	0.00542314562979066
44000	-1769.376338509112	-1523.633413686326	-245.74292482278588	0.0681775318806468	0.1138115301191054	0.08046744703359247	0.10452315562655323	0.14223742506155285	0.0039699616329824374
45000	-1772.163233787481	-1525.2698000604505	-246.8934337270305	0.07901522231199123	0.10407980438157854	0.05290849963748618	0.09497040260914871	0.12012044662651157	0.003231170803022831
46000	-1769.4841664570267	-1523.1035694782183	-246.3805969788085	0.12203205820114273	0.08048384909531028	0.14585566567106126	0.10073083236714174	0.17662047544822573	0.00629717838464318
47000	-1769.0477572332707	-1524.033999037339	-245.0137581959317	0.08398097013966413	0.10956270753102035	0.11259562169447	0.08378591707732076	0.16513515552850327	0.003834354114244618
48000	-1775.678537112696	-1521.8916175047516	-253.78691960794438	0.0510510985073387	0.10089409023937702	0.05343705932130033	0.11203380604344423	0.2006492829125453	0.0045326490343982236
49000	-1773.257758503015	-1521.6715302696543	-251.58622823336069	0.08747970965549934	0.10390614269325081	0.04370689682254092	0.14917964667151368	0.1532292520797055	0.005687849836487723
50000	-1769.6602046607202	-1523.54170399541	-246.11850066531028	0.11467807184310476	0.11537538315579271	0.08917464760745158	0.08762557702940742	0.14995272532615217	0.008186004998050042
51000	-1771.2190002576854	-1522.8579842175081	-248.36101604017716	0.08654141371093296	0.07494872259799254	0.09686767268274786	0.0704418492433083	0.16753529928868105	0.005511941591565355
52000	-1775.648335284041	-1526.04052617752	-249.60780910652093	0.0911141154955018	0.11211389932893014	0.0365061402692144	0.09668945768820561	0.12213290851338265	0.0033594618215402714
53000	-1771.192880729937	-1523.030665698931	-248.162215031006	0.05965243804306718	0.07786175034908616	0.08019902546296573	0.13766895562075626	0.17280537617777905	0.003358280718733806
54000	-1770.3648898689396	-1524.2221188209132	-246.14277104802633	0.13090312534649204	0.11246539946283322	0.056890221264483114	0.10762185182629495	0.13627678974710072	0.0049664671757847535
55000	-1771.8515526533643	-1524.0079738614604	-247.84357879190375	0.09112446433086448	0.09657717338116546	0.10028713038927461	0.10727801506931119	0.18232922062592727	0.007311747348478502
56000	-1772.3780564486008	-1523.6231993800357	-248.7548570685652	0.11464164135454481	0.07409942371668585	0.06031581762857051	0.0766560845674494	0.15630774889271945	0.003685881617562513
57000	-1772.4169169879679	-1520.3131913686852	-252.10372561928273	0.08078717012590944	0.10430691002313111	0.041364334131724335	0.07394909488905012	0.17841118197290806	0.005250480643908871
58000	-1771.599282896365	-1522.3625759676695	-249.2367069286954	0.07011601926710262	0.16539349205422404	0.07309067325483255	0.0874138207643992	0.19765507843506513	0.004671671485477458
59000	-1773.853224401951	-1523.4762185406357	-250.3770058613152	0.07155468746077363	0.11831149048414913	0.043987317129484366	0.1360279759966656	0.13882262790026	0.006686592094337175
60000	-1771.075581470628	-1524.2428209569362	-246.83276051369188	0.1216155912783483	0.13250014324155637	0.06713709584307469	0.10542150227039493	0.173327793317115	0.004608773762424001
61000	-1774.6095293238031	-1526.5655058111172	-248.04402351268604	0.20216937967727097	0.11671082549024332	0.0832071858891877	0.13118619686618252	0.13495503644559076	0.01105814073864653
62000	-1775.20264363798	-1526.427025477833	-248.77561816014696	0.09797988090507574	0.07171594219007765	0.06255121005315747	0.09011699627984124	0.11843546765135013	0.00642072613819347
63000	-1774.8110662596641	-1523.4037857719159	-251.40728048774835	0.04967488757686318	0.060064849224172746	0.07403723067085856	0.05910541400543799	0.13792746656113913	0.0026519389751216782
64000	-1773.1989556323797	-1525.0892768372864	-248.10967879509326	0.1087265617125837	0.16513259970322902	0.11801033507338653	0.10502213702264328	0.1631073402552676	0.01118450605932903
65000	-1769.8328887845325	-1523.621698346175	-246.21119043835753	0.09729627035868638	0.12547271577974686	0.0970011865603069	0.07097345298176388	0.16766102528279825	0.0058169783274446725
66000	-1769.1882287987148	-1522.1459594699395	-247.04226932877538	0.13701715057292718	0.1402525194033019	0.11701021519322763	0.13368651200029563	0.18749762916786367	0.008343604852048723
67000	-1773.0615840713208	-1523.4937208922179	-249.5678631791029	0.1405085793482157	0.13810621802442316	0.050888146612744205	0.08909738868718851	0.19023462645297828	0.00460874839150616
68000	-1771.7882952510943	-1524.1675348901667	-247.6207603609276	0.08225151824893694	0.09551241658828502	0.06451331878773721	0.07229937192668792	0.12217185257335426	0.005873858636062275
69000	-1769.6445147836923	-1522.0334736312207	-247.61104115247173	0.09101049114838815	0.13005934954776258	0.07087280247835162	0.131603902176063	0.17697758810809178	0.007776801300595522
70000	-1770.780125196964	-1522.3851795859973	-248.39494561096663	0.13289718323507518	0.10857927438473312	0.04886042781226623	0.10829293554664955	0.16319843602478698	0.005302185468509712
71000	-1772.0490093733501	-1525.3866250326412	-246.66238434070894	0.09243360454129067	0.16427495675490617	0.06178907672456154	0.09767335331655919	0.12167253500035742	0.005340515132992308
72000	-1771.1494276308226	-1521.8987226125996	-249.25070501822293	0.10690202762220703	0.12557039027310035	0.052912280436619	0.08709313861774665	0.15244844953265388	0.007027293630742777
73000	-1769.8731078576839	-1523.0630705101169	-246.810037347567	0.07742673441479903	0.14935040830983243	0.07478254928848502	0.08755697337890347	0.1429603204589449	0.00557968369816046
74000	-1774.541551008019	-1527.9010755476236	-246.64047546039546	0.0828123587871876	0.0961993816705723	0.14646727690923897	0.14944832505806596	0.118045887657033	0.007342160757186787
75000	-1772.6116632073545	-1524.5022165380424	-248.10944666931215	0.10438793743669679	0.049068595375856755	0.06811724296700865	0.10362580652857427	0.12259221215324456	0.0038369716664247025
76000	-1773.636923301099	-1522.5734106031045	-251.06351269799438	0.06237701218929882	0.08397885135742496	0.04301434495566322	0.14502407232163467	0.12071634833567879	0.0041286356165251906
77000	-1772.6888631222075	-1525.1343618391475	-247.55450128306012	0.16476702019144487	0.09394564326101544	0.19514724083356	0.09505960479421753	0.14680005784941524	0.005908360166606408
78000	-1771.5454701655349	-1523.3837662367005	-248.1617039288343	0.06208461419480788	0.12302944635086173	0.05451499004912861	0.1196194476502308	0.13992181729956224	0.0038850217413072888
79000	-1772.5236139962688	-1524.9949062035553	-247.52870779271342	0.11435465023406648	0.10007284302317762	0.054124221765527725	0.06833754347191358	0.13631120939684213	0.004099191280038533
80000	-1771.6599762557355	-1522.9510579490602	-248.70891830667523	0.06334102212955472	0.06663854345990604	0.12685572915753804	0.06932404404943966	0.1568763145135197	0.0036111817643957418
81000	-1770.463953904592	-1522.500835257541	-247.96311864705092	0.09034809439466734	0.10374421443837306	0.07194141297748749	0.06713181003974959	0.18122667316613225	0.0046021490630274425
82000	-1774.3734371862456	-1525.161870252025	-249.21156693422057	0.08106251874637484	0.11551452429985275	0.042030194449976375	0.11130304479123396	0.11174528103264453	0.004952551920307867
83000	-1778.2342740043498	-1524.0935537345786	-254.1407202697713	0.078342869827946	0.052310091971407915	0.06536999144785555	0.045903487992838436	0.1640018755470735	0.0036187151238305415
84000	-1771.4506993081711	-1525.1706556065574	-246.2800437016137	0.10448731419372795	0.14787913711679468	0.13014600466584528	0.15473801570244375	0.1659463184680818	0.008085722614494426
85000	-1773.4543664284477	-1522.7440691190423	-250.71029730940543	0.15443935584934063	0.13854683495834844	0.08384322974768543	0.05206764216994818	0.16081873149145234	0.006797129858183684
86000	-1769.640403691425	-1522.9175917287541	-246.72281196267082	0.1018755218620839	0.15020942156107203	0.07038030309900836	0.09736146994024229	0.168419891763436	0.006119545744739527
87000	-1771.3033427947328	-1524.8219792711566	-246.48136352357614	0.14603011130021562	0.06977045877043489	0.10747227114585094	0.09070153740799787	0.1337997875837689	0.004902502796562475
88000	-1770.9230884847063	-1523.405016940685	-247.51807154402135	0.07359066758537401	0.1274781706775564	0.13282916094370903	0.11042276383055928	0.17449451112956424	0.006064000518974913
89000	-1771.8135525225634	-1523.9932675026566	-247.82028501990672	0.10482038468306536	0.0563462604295753	0.0693407573238007	0.09958999832132281	0.11695329904242605	0.00456597839295299
90000	-1769.817107756595	-1522.843224554803	-246.97388320179203	0.11729859006110467	0.15299085376049013	0.08480896402102057	0.08940998685896429	0.14891921237459677	0.007306492969627782
91000	-1772.6524358911156	-1524.4776967453581	-248.17473914575737	0.08637189607651227	0.09588077806940826	0.05139580657781348	0.08072274596515912	0.10281233138193291	0.004647777200608949
92000	-1769.4275557589522	-1522.8526341296938	-246.57492162925848	0.096201777429165	0.07630498919493973	0.09498024860861883	0.06990511097563994	0.15830746952762045	0.004240989308160147
93000	-1769.8208324406394	-1523.221534576608	-246.59929786403129	0.11320427332731434	0.08512500628372009	0.08082036169836969	0.10117882284558866	0.1501337880547364	0.004857768570573257
94000	-1774.1289600216764	-1525.8073962303326	-248.3215637913439	0.06451732907662207	0.051562350007677185	0.1367150218926927	0.126641960748376	0.13397566255296353	0.00393563120821672
95000	-1769.3115347213147	-1521.5535799192808	-247.75795480203405	0.09005366241959639	0.08620922569951409	0.0763278695715513	0.10818148663330097	0.19194162750845767	0.0057953005714650365
96000	-1770.7058971626993	-1524.0639678977286	-246.6419292649708	0.06974817332409622	0.11791586622482175	0.08848644289970697	0.10423174442862887	0.14811944727830426	0.006772491817140904
97000	-1769.86759981488	-1523.975402412051	-245.892197402829	0.08301059739142273	0.13082506992281775	0.08421029228149696	0.12955126651172075	0.1379655925288577	0.007159998429416404
98000	-1770.390441142759	-1522.7653683330132	-247.62507280974592	0.07914391087816382	0.13222435525345527	0.08457394318940992	0.14530412812606647	0.17562101831508103	0.006708013370847968
99000	-1770.6822274676356	-1523.3408646223616	-247.34136284527415	0.07765545554211835	0.09253536088406474	0.06942728744490405	0.11337671134785024	0.13393939570970212	0.0042148139703068
100000	-1773.3581190225193	-1524.2008922627642	-249.15722675975505	0.07851970778048162	0.08250386606296381	0.06037852586708545	0.10046846018199292	0.14329275720050616	0.005661608004946474
101000	-1771.1081576898496	-1521.5021108941396	-249.60604679570994	0.10649973777430304	0.18799689775761572	0.0978514170770725	0.11800103367514843	0.21480922697005964	0.008248418115595412
102000	-1770.2159483220078	-1521.4813903557188	-248.7345579662891	0.13683780945497478	0.14745620829012376	0.06201657534110715	0.13778326965670737	0.1712905338216361	0.009510860816974413
103000	-1775.5636892900925	-1523.6723247841164	-251.8913645059761	0.061492182220120865	0.12869551618369937	0.053919286251507506	0.09095158282760021	0.15137323684074563	0.005839015168176751
104000	-1775.0373067813705	-1525.1519721550524	-249.88533462631813	0.10370906072208537	0.10977514222834367	0.10893083568360191	0.05793918415262102	0.17633472585373958	0.004808591792999256
105000	-1768.6424585558632	-1523.901087646072	-244.74137090979116	0.07792545982012648	0.11037353779739947	0.12497611425765992	0.09719157913880455	0.14965580105609647	0.004752866143293254
106000	-1771.797692032114	-1525.2911636246336	-246.50652840748037	0.08234902745979215	0.10882155593829991	0.09118493483501004	0.060617392516006424	0.10720700169195775	0.004058104882226743
107000	-1771.0188888411162	-1523.2065425058122	-247.812346335304	0.10987532748426858	0.07707550352534517	0.0619779558689071	0.10121179436906894	0.16635890687848942	0.004969546740045154
108000	-1771.900488685319	-1523.0451660195558	-248.85532266576328	0.10528630778976758	0.0836332927225471	0.0452982139076124	0.11250835131924855	0.11948840622428139	0.0065556366305794395
109000	-1769.6945283561786	-1522.66593510838	-247.0285932477987	0.09288320571644647	0.1584229865309446	0.10758195427335407	0.12029332138321183	0.1949023120219952	0.005688025079330391
110000	-1769.5431458203832	-1524.765692074051	-244.77745374633227	0.09110412812412047	0.10115444218903274	0.07454053500419566	0.10611316265041022	0.12666094797096053	0.003969784863035375
111000	-1769.567695528595	-1524.8900777924696	-244.67761773612557	0.07764183800904947	0.1157395752774212	0.1215859558751426	0.10731416177836071	0.139068949098345	0.0044817240426083226
112000	-1770.8916862361823	-1522.1807122518235	-248.71097398435887	0.0972987284836766	0.10165463773197222	0.04401390586842829	0.1291315412245794	0.14479461195196486	0.005465528707642306
113000	-1771.7811430718277	-1524.708223440705	-247.07291963112263	0.1493234242342302	0.10282997571406378	0.1122257442119633	0.10341167567440429	0.16007059522149883	0.00527659838970905
114000	-1772.5100796691288	-1522.583058058172	-249.92702161095684	0.13719952221040094	0.08343310882537293	0.12832365494394207	0.13376735736232254	0.20270909376205729	0.00748179190043333
115000	-1768.630636098611	-1523.4552582999802	-245.17537779863065	0.12041777470740743	0.12779619989979144	0.11057071893526653	0.12899702894998155	0.15449351708788298	0.007946803966425353
116000	-1769.5391327419527	-1522.686714501234	-246.8524182407186	0.12086637621668338	0.13699455386040452	0.09614069787678559	0.1290897197866572	0.16145253449794855	0.0075907783181629555
117000	-1771.7409568416397	-1524.3721244427697	-247.36883239886987	0.07620111247559194	0.07408245042363991	0.07760678446287916	0.15088210111998168	0.11381313880727045	0.005351237248420457
118000	-1771.9356055204125	-1525.4674134854258	-246.46819203498683	0.12394604195046222	0.06625410446745554	0.13396384092497046	0.14416788821572935	0.16885863915741586	0.004179187730230585
119000	-1772.0442045958541	-1526.4749496974778	-245.5692548983764	0.10536145264091207	0.09673609598078246	0.14150213210216045	0.12678727307873516	0.1404938500698651	0.00811664232513632
120000	-1770.0286654506344	-1525.4173693738157	-244.6112960768186	0.11971646696213968	0.1139908662417485	0.0771597811948832	0.09746294050890499	0.1490553540776618	0.004863936543965724
121000	-1770.375030858892	-1521.423138094564	-248.9518927643281	0.14192961358300935	0.10922282237303359	0.05007084235266458	0.1050109715586704	0.17340753460690178	0.006044458338899836
122000	-1772.7623412935282	-1524.2028542237044	-248.55948706982372	0.14243486939148142	0.11227136317480996	0.1089503214157908	0.08558841990783507	0.18917866546746967	0.009311724624978436
123000	-1772.2511836540696	-1523.8717980740607	-248.37938558000877	0.056184689219481845	0.09604160504537247	0.06510804939468928	0.1389378738146953	0.12041978273180189	0.004971475771564627
124000	-1769.0536806275672	-1522.893953635069	-246.1597269924983	0.0853083920419694	0.11704416227328594	0.08399379138452934	0.07443295282439281	0.15032386085251476	0.004604059907544252
125000	-1771.4996409737444	-1523.3667599269415	-248.13288104680285	0.1581899507920582	0.06655653486661474	0.06516871702928458	0.10654303799886748	0.14492308281443234	0.005834201654534858
126000	-1773.2556295340867	-1522.954947281913	-250.30068225217357	0.11089916137552937	0.12567403221411544	0.10459280357339391	0.14522022416116892	0.2417355788388086	0.006406545476427432
127000	-1772.6680206903382	-1525.3454428504701	-247.32257783986802	0.10544035563474875	0.04864549845027543	0.12796855382939562	0.11085077727321817	0.11788622891188587	0.004961477574524065
128000	-1771.0215234537159	-1521.2295799450312	-249.79194350868457	0.09897107945474629	0.08865711682656825	0.06599530584025445	0.1650322440327914	0.2053876232008176	0.007305871844330583
129000	-1773.7247523432131	-1524.4164915763035	-249.30826076690963	0.08220604987371559	0.0697682005273698	0.04776242814632031	0.08287288410980326	0.14094513612366064	0.002779856879422331
130000	-1772.099821158661	-1524.4748878293549	-247.62493332930597	0.08821941642901107	0.07649190424004217	0.09510842876655497	0.12535998362497489	0.14788305883671804	0.0062897758570960435
131000	-1768.4935917311648	-1523.1240220780094	-245.3695696531553	0.09133536841177228	0.13611139411342082	0.08487992251642502	0.11728452592278638	0.1543636180438267	0.0052387569324499
132000	-1771.4366874082216	-1522.9590769470865	-248.47761046113513	0.05786888274332561	0.07832052933503007	0.07937775569089794	0.08648121788894392	0.1464539940290551	0.0036949088847601534
133000	-1771.1745297160378	-1524.2765795037433	-246.89795021229446	0.09092046669244395	0.13809372894363472	0.18131245152916448	0.08766620479481627	0.15375913515498166	0.005097066105371189
134000	-1769.6179438703466	-1524.7779518173465	-244.839992053	0.10607738780707916	0.08294782844036144	0.11237326254687517	0.099526840002193	0.14577994593201965	0.006620752869692684
135000	-1772.7001015984588	-1523.0970905827774	-249.6030110156815	0.06512624706918568	0.05691823256079875	0.08510238756358529	0.09208021716093723	0.13809212054562867	0.003810507152390162
136000	-1769.7708985695394	-1524.5661048518655	-245.20479371767394	0.09483887706686564	0.08514397977805235	0.16039858293837553	0.0981693587402563	0.14234783163304096	0.004295044494675425
137000	-1777.3050908482792	-1527.7227459359344	-249.58234491234487	0.0406655995747772	0.11594440921208507	0.10021606425621014	0.06649084116901995	0.0835331695549514	0.0023477850109360375
138000	-1769.2816831637954	-1523.1834257701125	-246.09825739368293	0.07077127693712103	0.09627261634487352	0.08770602486704311	0.08292181319918095	0.14389243784352015	0.0038987200146496817
139000	-1771.6637185123568	-1524.9665988142683	-246.69711969808847	0.06675076045416402	0.12122444940891981	0.13184869308493752	0.0827477652269753	0.1541830447458961	0.003298454447591542
140000	-1771.427235479762	-1524.6125043113686	-246.81473116839337	0.09039115504003425	0.0684456208116336	0.11223068795168795	0.15789919890287052	0.1247851553079617	0.005037407375836814
141000	-1773.5808500912262	-1530.5225610761963	-243.05828901502997	0.11040715293107733	0.12050094823034159	0.11922363257673985	0.11853998797052999	0.14104463786184843	0.0029988655645292834
142000	-1773.3265254376727	-1521.0429355048022	-252.28358993287043	0.08570998673920988	0.1006010843808706	0.030403233842807267	0.09251356424198785	0.1438789102716639	0.005256086235926359
143000	-1770.951260429265	-1523.270218851711	-247.68104157755403	0.12835670843881972	0.14496786629123876	0.06034349559516153	0.0838045342231183	0.1387320590745985	0.006822130131986204
144000	-1770.9838903507602	-1523.6393549750483	-247.344535375712	0.06900426392058992	0.0858384138116719	0.0671416960618889	0.11715620755611061	0.17407279569602674	0.0035223937249311992
145000	-1772.961521733464	-1526.8414713575826	-246.12005037588136	0.0806400859555822	0.1510435028995113	0.08659782135056315	0.07773062200863479	0.10032058082257045	0.004217493523851892
146000	-1773.7545952406465	-1523.814022169696	-249.94057307095048	0.1251049424586884	0.12221738403757551	0.08418535892576091	0.07425340313043596	0.1500698003252466	0.00875191557677422
147000	-1772.3641960595473	-1524.4520881511041	-247.9121079084432	0.06709529653036846	0.09403042417409295	0.06927067783926188	0.1296669939724344	0.1526752316499757	0.005915914984231668
148000	-1773.0378997146092	-1524.8140688544104	-248.2238308601988	0.12214480665706588	0.08560301977228106	0.08104164027426135	0.08879334664740586	0.18887381893786626	0.007689920016998572
149000	-1773.038852497064	-1523.9848546656926	-249.0539978313714	0.08793502139333446	0.08719565528115948	0.08718667034231471	0.08932641270605572	0.20632776790713758	0.006973634361135881
150000	-1772.6873424271312	-1523.3615820116866	-249.32576041544453	0.10730615212288132	0.07083711514731224	0.06642676720412233	0.05964299339222519	0.15155880711075748	0.0035622464149121136
151000	-1772.7933091314326	-1524.727487697664	-248.06582143376855	0.09214458568610677	0.13809044646655405	0.08149912738871945	0.06755793847202948	0.14265989217948094	0.0037639184384525956
152000	-1773.8933510535257	-1522.072223230953	-251.8211278225726	0.11161100278830303	0.11162028190547578	0.03590239426102977	0.10896231830915994	0.14931460434776628	0.00678333586021343
153000	-1776.305947968427	-1530.252070014294	-246.0538779541329	0.06461193061265845	0.07059540518432104	0.08665292083970876	0.11719394445051036	0.12044601139285219	0.003114783689008797
154000	-1769.0250514474485	-1523.4517801039856	-245.573271343463	0.11195985092207295	0.08621831801202855	0.07811198565797789	0.11140520640073376	0.17081988065138898	0.004292175944903392
155000	-1770.945420384334	-1522.7589170993867	-248.1865032849473	0.07463012344456608	0.10857316429943722	0.05872220759841849	0.11635453966504541	0.15551141348115072	0.006303264118015042
156000	-1771.7272261745904	-1526.0294294279788	-245.69779674661166	0.12422865879295678	0.1164083475627773	0.12260196685836373	0.1349321565725713	0.11598978889318887	0.00856315382107428
157000	-1772.3457474161514	-1527.1950024467737	-245.1507449693778	0.08071230287697732	0.10012300805631	0.09974374024974043	0.06763740945844024	0.10004415782687688	0.0030441455695401974
158000	-1769.7470230077527	-1523.2443622834223	-246.50266072433024	0.09824206080658067	0.09561371796874783	0.09249425332490918	0.12234512983293475	0.20403867273310208	0.004807233073558386
159000	-1773.1126593988254	-1522.054567385992	-251.05809201283338	0.07721934710805098	0.10534622596265951	0.039559164973197905	0.11434178522022768	0.1666716332233266	0.005691296642578699
160000	-1775.0238260396693	-1523.5723750738393	-251.45145096583005	0.07374373831635608	0.09055318623393994	0.043199927304602634	0.07116595584210264	0.12674805456165242	0.005267126570435413
161000	-1770.3626399709508	-1522.5548231108633	-247.8078168600876	0.12116890015233756	0.07727744545943195	0.11637503293838167	0.17194662990380005	0.18743030724941323	0.007080591980180181
162000	-1772.6003059604238	-1523.0610485822358	-249.5392573781881	0.1009167379956304	0.14730164713867203	0.10197318647818075	0.0592203691820156	0.20760360205782422	0.004356856745051093
163000	-1770.0363542784053	-1523.9235429359337	-246.11281134247162	0.09531674247140039	0.10179786147574384	0.12350580166037191	0.1160134234484235	0.1757641052597373	0.005937580159041287
164000	-1774.7399591805588	-1523.8047368504865	-250.93522233007226	0.0782993998107155	0.08018820445555974	0.03746941504599944	0.0971578499562883	0.11953218551370239	0.003862613496881864
165000	-1775.635782012969	-1528.628041787626	-247.0077402253431	0.11708411919448605	0.06295967909441152	0.07572080220537337	0.10614888089539577	0.10621839285600689	0.0054680285763613655
166000	-1769.0306124629526	-1523.3268593440405	-245.70375311891215	0.1240364303514161	0.10056014249654653	0.09929507236390686	0.0831608982149266	0.14847477675453835	0.006745800800433065
167000	-1771.5159355757603	-1522.4169036437079	-249.09903193205238	0.11577469618503805	0.10498801956309611	0.06329208976880618	0.0662488233964124	0.16735891083262183	0.007109590912268988
168000	-1771.3042098333403	-1526.5841847472493	-244.72002508609103	0.09242365190655477	0.1175173275254362	0.08478849222217748	0.09169421408996284	0.118144958159703	0.003602707871781029
169000	-1770.6616828187723	-1523.3514007536844	-247.3102820650879	0.10295633355170306	0.07254025924747542	0.06775365078753502	0.07033064580898009	0.13002153394177882	0.004301594440927531
170000	-1770.4095397742688	-1523.342319898506	-247.06721987576262	0.08522303761843913	0.09068270165557642	0.061249174993075486	0.13761325903401944	0.12168449353259639	0.00527165596198265
171000	-1769.9028756649884	-1524.5726566758312	-245.33021898915726	0.10752352856671091	0.1013636125510065	0.12223274858058669	0.08860324466802813	0.16366502816102776	0.004628575101957233
172000	-1772.8415648159325	-1525.3954889988968	-247.4460758170357	0.08791262721863578	0.06777053893496926	0.086434433110591	0.08677379093657415	0.12689069608348943	0.004412713215819958
173000	-1774.1502638055506	-1524.4937402995843	-249.65652350596636	0.059845841554982675	0.11380181896625144	0.05647164123349434	0.09666158390246156	0.12119117462207303	0.0035384013970320947
174000	-1774.0421841116868	-1524.7448308420521	-249.29735326963464	0.06753102991251442	0.07808169888192358	0.0568051295295101	0.12500584326149528	0.11452021867014248	0.005904539341041623
175000	-1773.2859078426277	-1524.4219212954822	-248.86398654714537	0.0965204356088254	0.1445952653045317	0.15109195456452404	0.1620333036810705	0.16703454300528828	0.008819121697795902
176000	-1771.9273321677356	-1522.0200197143868	-249.90731245334882	0.13552378229437229	0.09630090053190336	0.11467388004926116	0.15389893469309285	0.2242527574586947	0.008993005615034704
177000	-1772.0865821333118	-1524.6493143038479	-247.43726782946385	0.10999983135084716	0.058615466156770726	0.14378223992331116	0.08848795382496552	0.15410632391221707	0.004182873692575313
178000	-1771.5550587876567	-1524.6230478209752	-246.93201096668145	0.06146064133906958	0.08389539798862627	0.13418371860263553	0.07249321377337883	0.12098146986801404	0.004166146359930793
179000	-1772.0514018848455	-1524.7760712539484	-247.275330630897	0.17580434421534913	0.09770635657439014	0.1508040476024176	0.08769859485556802	0.16236572701826352	0.007544226147467116
180000	-1769.4070429735891	-1522.255206729985	-247.15183624360404	0.15298255912175449	0.13108832563321135	0.1083757939442473	0.1095049858739813	0.18204468457702797	0.007705089385264499
181000	-1777.1843370001698	-1527.1227913507337	-250.06154564943606	0.11499904728072302	0.10363615108062071	0.09600714496024387	0.19182083928634644	0.1967600229012259	0.004315917338073899
182000	-1770.137003446605	-1524.9767725189472	-245.16023092765764	0.08303920681607173	0.09902922437994666	0.1402331486268384	0.1357092017578224	0.15090205682141525	0.004029946388696056
183000	-1773.77944647676	-1525.243979468426	-248.535467008334	0.06789183525462063	0.05589263738614603	0.12380615551750014	0.08651114312709408	0.15483844697767862	0.005482174558273181
184000	-1770.0621217295377	-1522.7378468123534	-247.32427491718428	0.09319274911784432	0.11218738311019348	0.06753046428362558	0.07906916517673908	0.14573541982248256	0.006745965915543333
185000	-1778.3032387486055	-1524.2821240004646	-254.02111474814103	0.06900850851647534	0.06484954218742012	0.0658688951181841	0.053920348141565114	0.16723813623798994	0.005007569743818195
186000	-1770.9146184226863	-1524.086772510117	-246.8278459125692	0.06788493151401258	0.12454059010478269	0.11847816660328041	0.07335384865347687	0.14379527848972776	0.005369223992581859
187000	-1770.3645349750445	-1523.9246151520629	-246.43991982298166	0.06697648868104987	0.11515403578992528	0.07642755649780064	0.14702257108249098	0.13216840026687993	0.004895505336097474
188000	-1770.6974485248986	-1525.0815778650626	-245.615870659836	0.10922913324896462	0.0854141820814726	0.11939067484681921	0.09121529504333441	0.15261359968276322	0.004142336854663382
189000	-1773.2010554048377	-1526.8970090056184	-246.30404639921923	0.061368945191399814	0.0883575428976927	0.126316451697312	0.11702300698107246	0.18300326958232405	0.0029183973095955125
190000	-1774.888577118994	-1524.505734545561	-250.3828425734329	0.10742567372122151	0.10760762212729195	0.05766457155362272	0.08583566815914641	0.13978051001145303	0.008009066848404406
191000	-1770.9656252208179	-1523.2064782169468	-247.75914700387113	0.06473488647435019	0.09561143036614513	0.07217589278465812	0.09733216916654	0.1724003211237569	0.003336114334328025
192000	-1769.3353161918637	-1523.0947994453893	-246.24051674647436	0.14569892016321034	0.11433637043005833	0.09449330264264355	0.10390814186085638	0.15699604546994883	0.008254011143068115
193000	-1769.8044496532361	-1522.9277798769137	-246.87666977632244	0.11869973718503915	0.1446705489190276	0.07528073273433714	0.10192017583181905	0.16872419016141954	0.008468689437589466
194000	-1773.2651764943682	-1523.0698071905717	-250.19536930379653	0.05938503119343154	0.05394087082615388	0.0994301191123773	0.0847511553897711	0.145104241110339	0.0033519061748079546
195000	-1771.9066601093552	-1522.2894894061415	-249.61717070321373	0.07519893985244536	0.09795137536224763	0.08119485799288018	0.08793567868125747	0.20208468056395273	0.006036954045120337
196000	-1774.2561331906363	-1525.096846568792	-249.15928662184427	0.07145823665558175	0.0962211579820691	0.07583326378795995	0.0480149264900758	0.10800141571882434	0.004196462627752115
197000	-1767.9073350705287	-1523.0518712568219	-244.85546381370685	0.10745713252681947	0.10716225696669596	0.07852321283802999	0.10970461671156659	0.14600343675840347	0.005600235024927419
198000	-1772.597512690673	-1524.7007143047044	-247.89679838596868	0.14025668525030585	0.08224100653142273	0.05607817609125521	0.0854440588721254	0.11359163106859063	0.006451015044031374
199000	-1771.8061564758805	-1523.1078287588566	-248.69832771702397	0.07319237154841379	0.07109654680444097	0.06727130745802491	0.10640280466681308	0.13911703175336831	0.005630188368615348
200000	-1769.6276049573196	-1524.056304261203	-245.57130069611665	0.10934865663474408	0.10172222803184637	0.0717579922922594	0.112899023268979	0.11942411491345711	0.005742966163032296
201000	-1772.2768299078966	-1525.5992330396111	-246.67759686828538	0.11442392094208675	0.19031984428916632	0.1167653891800268	0.10822797171598973	0.1383655077612316	0.005754790023548785
202000	-1770.1557793559662	-1522.2188838888774	-247.9368954670887	0.1108150832524786	0.08889713329907518	0.05848192677140592	0.09444772150885634	0.14825525369591255	0.006763359611699714
203000	-1771.782675558068	-1522.6919128004124	-249.09076275765545	0.09973083840112021	0.08901711999881391	0.11089495823362401	0.05372692673970732	0.1946586242822058	0.004811828824870596
204000	-1771.137265804883	-1521.9556545295818	-249.1816112753014	0.1010433471225119	0.080304711342153	0.0862598493221063	0.10361670464350817	0.19087568216695866	0.006234299628205195
205000	-1771.7510990463356	-1522.7125259478337	-249.03857309850198	0.12443442217273341	0.07342674079324978	0.05834248284680449	0.10038764718634609	0.13763040397306833	0.0061484324565900805
206000	-1769.3040098886804	-1524.1790433581177	-245.1249665305628	0.08858315090432371	0.09812135191007289	0.09412254760764033	0.09648780951018376	0.14428906777595502	0.004321867231561929
207000	-1770.2899545290545	-1524.132372227894	-246.15758230116057	0.13520001860871012	0.13946353483246068	0.06975557527204515	0.09522201428816685	0.13282936837676462	0.007154783445955902
208000	-1771.2184289617421	-1523.1331144599521	-248.08531450179007	0.16461016230972925	0.14045847136645176	0.07245617124366813	0.09295013873722491	0.1504264871913059	0.008293410850829755
209000	-1769.4156773220548	-1522.3054666803946	-247.11021064166013	0.1135123345586774	0.08416092429411648	0.11066141256841877	0.10655537573747091	0.2081347016161144	0.006132235999818901
210000	-1769.0407240003995	-1524.170953862062	-244.86977013833732	0.08946511541672457	0.11722276081083423	0.13195467625733223	0.10849162439390923	0.15581795852574326	0.005125490701599776
211000	-1771.1892216819745	-1525.4319842747536	-245.7572374072208	0.09819800343521881	0.13268773913159967	0.08557002153453432	0.08181826323772474	0.11695935502917501	0.005050992663091294
212000	-1774.0770903553275	-1527.0512321322976	-247.02585822302996	0.11067109285817636	0.09431992212303586	0.17717696164434138	0.13328198605198763	0.15388248042314853	0.010766447954334502
213000	-1774.1459217737874	-1527.2908742099294	-246.8550475638582	0.07955774694818371	0.10078807478386254	0.06871133779735719	0.0680550110242588	0.14876375187228338	0.0029197501816547017
214000	-1770.3917393114134	-1524.1359749191142	-246.25576439229917	0.1272311254229312	0.08673744827479513	0.10307754526851963	0.09802493406151781	0.14948128859574392	0.007673875559640411
215000	-1773.0629171566657	-1523.2178481091873	-249.84506904747843	0.05605250948691995	0.09851215552959962	0.05109446488768308	0.10158131561936307	0.14998150640422875	0.004829053274663891
216000	-1773.4915165190037	-1524.8565415134838	-248.63497500551995	0.059915128158019346	0.06576874361015858	0.12967821157950302	0.15862839401393966	0.14249375501113887	0.003722070650073749
217000	-1771.6781952409226	-1523.71048429337	-247.9677109475527	0.08683315251677218	0.07875788830490506	0.08611342892317267	0.13409710993783114	0.14143237842339498	0.004493161586346202
218000	-1772.6939169678203	-1521.70610981748	-250.98780715034025	0.061967904334926834	0.10605425996209451	0.06277987945817785	0.09651925094368341	0.17969423519197547	0.0047448680949052436
219000	-1773.9907851624678	-1524.621440828072	-249.36934433439575	0.041494764089638904	0.08171110249717983	0.1107442760084115	0.13584220361023222	0.12756103508001332	0.0044156026495197325
220000	-1769.159200347321	-1522.7967567249498	-246.36244362237142	0.0861289413056858	0.07934606497677113	0.06972028377768019	0.12007063098144939	0.13791140447701278	0.004775333550755783
221000	-1771.456937136216	-1524.5577993953248	-246.89913774089126	0.06177834755667267	0.0819785595272996	0.08175345725290932	0.13377454063871627	0.11708059357102676	0.0038547516506712374
222000	-1773.8990984330585	-1519.9326718450545	-253.96642658800397	0.12368660224772894	0.10016973316714818	0.03368780684874607	0.10452223009472375	0.2118887270787674	0.0069063966012408995
223000	-1771.9195782722486	-1523.8599294095557	-248.05964886269294	0.14302583866789473	0.11296124142726548	0.05626742216213008	0.10082786820517889	0.16116186477038946	0.005029131356976243
224000	-1769.3292225820062	-1524.0358839804157	-245.2933386015905	0.08771088911348333	0.0778264174209681	0.08228171275234823	0.09466539745998022	0.12026915979389508	0.004253820109569094
225000	-1771.8245268222531	-1526.8489011859142	-244.975625636339	0.06829931138589945	0.11745579942630244	0.1442262242569727	0.10948893489062367	0.1282021839188991	0.005179430106122604
226000	-1771.6793566608255	-1525.7585471230213	-245.92080953780425	0.11769274771630919	0.12513399434090922	0.1307509558682319	0.10660681818093964	0.1471519411146088	0.010302154674289826
227000	-1771.9560373686422	-1523.6043889152302	-248.35164845341217	0.08268307102966294	0.04755072390763367	0.098926080365224	0.09283745873506564	0.14578559540892644	0.0038331910225310097
228000	-1773.982236451791	-1524.522810598115	-249.45942585367607	0.05578258948006296	0.09275180141644308	0.07434979479175798	0.07641688402774065	0.15527044776484983	0.004155881546656159
229000	-1771.2842014533635	-1524.8998294692115	-246.38437198415198	0.06974875342384944	0.1437025429568499	0.08891809787634125	0.10462999612975216	0.13686905991833218	0.005291595714383474
230000	-1770.6876800512232	-1524.5480239047065	-246.13965614651678	0.06814595563665235	0.06924118206903922	0.13036548880065202	0.12614676220145976	0.12382969215219139	0.003950065838825319
231000	-1772.2297161287906	-1524.1323334299614	-248.09738269882936	0.08625958242678888	0.07115607885836339	0.058010044083424056	0.0781845644219854	0.13800373420561649	0.004123707398246452
232000	-1770.2956735340113	-1522.8460630425066	-247.4496104915046	0.09299758267984573	0.08106445249237823	0.08244956171880692	0.07733556146169862	0.14409462394409936	0.00450152723862045
233000	-1771.4945658165814	-1523.2001067566384	-248.29445905994288	0.15849947592151567	0.09317792259708575	0.10672534029061691	0.1259952178528272	0.1645014711339613	0.00903403475775406
234000	-1769.7726300578602	-1522.5552867880147	-247.2173432698455	0.0996872247317012	0.0752212329698279	0.10572635458156443	0.08687911691687467	0.17520479809986114	0.005215000888147218
235000	-1770.5210107115317	-1521.796929104772	-248.7240816067596	0.07554916802563112	0.14219705647190067	0.054916883871343636	0.09769067687818825	0.15774916706529404	0.0052481906806434945
236000	-1771.1036317687494	-1522.6033104391786	-248.5003213295709	0.08054333606183553	0.10992242258279447	0.0651460677951769	0.056384974324214236	0.15163619585777613	0.003649502302582259
237000	-1773.6088802774257	-1522.9425976039724	-250.6662826734531	0.12542351999933385	0.10891926322225665	0.05264928648382648	0.21159361927574113	0.13256556816594117	0.008616774926009924
238000	-1773.8175231833789	-1522.3446158718048	-251.47290731157418	0.07725797828556574	0.07577115340631535	0.04798110584124	0.059020219874985194	0.13388070574183197	0.004868860956451306
239000	-1768.8746694749796	-1522.6948547557818	-246.17981471919785	0.08138235345730271	0.09594315933232814	0.08638109426847489	0.13581995627639024	0.17622444597039283	0.004605502348476668
240000	-1769.01639072755	-1522.4309823976157	-246.58540832993438	0.0976203093022192	0.12064023103541864	0.06515493265862408	0.1124486318444961	0.14362225163847675	0.006635865196359958
241000	-1772.8249177231137	-1521.6054781162875	-251.2194396068262	0.17070979171996545	0.179413134524759	0.08430557111688197	0.10341148697393512	0.1964523895508947	0.01180093007008936
242000	-1770.9054028699875	-1524.0614332882094	-246.84396958177814	0.11343808263734632	0.11161157733125292	0.10068146476536002	0.05456986956721078	0.1502041323908669	0.004071503074702399
243000	-1772.0193329594556	-1526.6353396088884	-245.38399335056718	0.10706830542276217	0.13593849455578447	0.07986660557923216	0.12847578395089482	0.12182854852334503	0.006817440922768578
244000	-1771.1851358176068	-1523.6555462941828	-247.52958952342385	0.08137389547224695	0.12530600096221875	0.08287764423302367	0.09310576554873859	0.16947395394521758	0.007474856027265269
245000	-1774.2739005275491	-1526.497333781359	-247.77656674619018	0.045643640115612005	0.1245336974595045	0.07985953751392945	0.09429787637635606	0.13245674098726293	0.0028195719287055993
246000	-1772.425894580434	-1523.2327497616432	-249.1931448187909	0.07557460272490561	0.058344218174252366	0.06410235562663748	0.12301180449574098	0.12087709432249942	0.0046526564882014435
247000	-1771.8001995716277	-1527.1867791679147	-244.61342040371306	0.10773367662327794	0.08003579858146875	0.14645946004358126	0.10582553378874639	0.15562404367227833	0.0033185360403639626
248000	-1774.2511010882936	-1523.0559381021972	-251.19516298609645	0.07535168235635938	0.08091576720396318	0.0911446174191013	0.051835878994174696	0.14294365918786658	0.004683582580791227
249000	-1769.3772777673244	-1523.3588284971543	-246.01844927017007	0.10013931863531811	0.12664523226004695	0.07996932923479956	0.09982775287682231	0.14431387849201827	0.006995101386935874
250000	-1773.33444029325	-1524.0865105971961	-249.2479296960539	0.09259038033213185	0.10920827673831471	0.12215211769463662	0.11024765360850187	0.19368678103001843	0.004783809415316644
251000	-1768.8394459609297	-1522.7293273588098	-246.11011860211985	0.08484426896653474	0.09960146469987424	0.07915974853772648	0.13417327946903465	0.14665859588755392	0.0057184996775114655
252000	-1771.710814419698	-1524.1590500444013	-247.55176437529667	0.09092026675407117	0.09335784487911016	0.11215983016476253	0.0653021243923469	0.13684919096103917	0.0060867459028263945
253000	-1774.42585899557	-1525.8104628667465	-248.6153961288234	0.054971089761030524	0.0870644278427924	0.08786749878521889	0.14284176366267395	0.10559345969566691	0.0048087460519784875
254000	-1770.6992974572502	-1523.2356315872557	-247.46366586999451	0.145413731199267	0.10235008100730034	0.08641526598014414	0.11860163936647702	0.162213288924601	0.007778516700441508
255000	-1772.1689527834214	-1522.5228142133187	-249.64613857010278	0.17191615265328175	0.08926474672490854	0.052646077254289325	0.11494669438441624	0.1649717882319355	0.007699762779037006
256000	-1769.8960877397894	-1523.6742009141171	-246.22188682567227	0.08708096123376666	0.09682015777402879	0.10043325123989237	0.09272449876674428	0.14237499705772869	0.005381131874368219
257000	-1770.4190997397327	-1522.9776349238423	-247.44146481589036	0.10457062723806991	0.07227455434464444	0.07315554139721143	0.15263840644579504	0.14905616680186293	0.005892967017765163
258000	-1776.2092738779654	-1521.623554845733	-254.5857190322325	0.09780503247981757	0.08969558852651123	0.025755908811596118	0.16435533501230448	0.1294060484272042	0.006463612533198374
259000	-1776.3120311178695	-1522.2445527233194	-254.06747839455008	0.10099754480989864	0.1144026689082353	0.04510880887877048	0.07217028423222811	0.13048544117182778	0.005945937901520657
260000	-1770.300994845506	-1526.1984332706897	-244.10256157481632	0.13588525876365254	0.09835332369968096	0.11240408234777571	0.13012565652060842	0.12313911874764098	0.005277163198807481
261000	-1769.3962660258992	-1523.094983875664	-246.30128215023518	0.10142924230676321	0.1177027376246554	0.07681269631088132	0.09661560440166432	0.16958005890829772	0.007270656087539056
262000	-1770.2613160020787	-1523.9488822436815	-246.31243375839713	0.11289363045859634	0.08263259032340946	0.09555132620170201	0.10415710183761878	0.1307667545257784	0.005319378933770122
263000	-1769.9914995827733	-1524.7972242250955	-245.19427535767772	0.07846958474283444	0.10509443963285006	0.07911058054729388	0.10448304054225989	0.1481534888907386	0.0034406881954166394
264000	-1770.4743544585083	-1523.3003365769573	-247.17401788155104	0.08116641429209845	0.08796294328579113	0.0578123955213708	0.1020666960739295	0.14198490880607356	0.004206138721517533
265000	-1771.4791502096316	-1523.4917142816912	-247.9874359279403	0.10395608496816211	0.1013002782865506	0.05791231620381132	0.15788928296887736	0.14151146041630802	0.006879690293176476
266000	-1773.0395045150458	-1525.6430965023806	-247.39640801266523	0.07156820943446852	0.08293233231605182	0.0829851061506432	0.10388110601639217	0.13060511917323614	0.008165122304906751
267000	-1769.9949350175782	-1523.8190626099486	-246.17587240762973	0.09786418809868838	0.1290770828231922	0.09734006776393053	0.08550894244151	0.15241824154262829	0.007922519313254104
268000	-1770.5562806832409	-1523.401515675464	-247.15476500777697	0.12050158572242034	0.0676075496741459	0.14671818029520398	0.11120756827613162	0.18341648080953293	0.005180687714031506
269000	-1772.3245278350234	-1525.6277873928962	-246.69674044212738	0.17456104855435622	0.11042599774761085	0.08249268574249433	0.08966700216011714	0.1327295313760659	0.00600794466906039
270000	-1772.6091638126134	-1524.520837277038	-248.0883265355753	0.12509660482451165	0.135663788719689	0.0633138648274177	0.07082289420222099	0.119867091613107	0.0072989355116972335
271000	-1774.2263463860554	-1523.019653008983	-251.20669337707253	0.07476978424939057	0.07075357261618843	0.10575935462429514	0.11265588375197029	0.24936038849225534	0.005768349562980519
272000	-1770.558335236149	-1523.4098959048579	-247.14843933129114	0.07991570925363316	0.11182993780876761	0.09355545621362284	0.06520727368922104	0.18525573350126973	0.003470577950402716
273000	-1771.390396447062	-1522.5803100607513	-248.81008638631062	0.08348382269643807	0.0570450032705404	0.06895508612335804	0.07890081221643579	0.15745454319403598	0.0035794671213520983
274000	-1771.58895259699	-1522.0954784696146	-249.4934741273756	0.08737599423473107	0.09142639458476923	0.10702565014501125	0.1402835199791972	0.23602044297582084	0.006339255502995012
275000	-1771.4018415999922	-1524.7109746523745	-246.69086694761768	0.10021601392159551	0.07571756693104138	0.07357278687067685	0.10737421378481833	0.10811213282404968	0.005933420192592711
276000	-1771.2232041978664	-1525.4353593338888	-245.7878448639776	0.0766829967297279	0.0700925501823161	0.12347881921292742	0.11467932553424441	0.1052684749462202	0.004750899500514329
277000	-1774.795958454969	-1531.3830369053312	-243.41292154963767	0.11894768384005842	0.11856947817841973	0.1117676543751811	0.08701545982849752	0.1437168500398313	0.002532369617622532
278000	-1769.312308068771	-1523.1912231854355	-246.12108488333547	0.10074411263674597	0.0817410472638296	0.11308829924547792	0.1229553307164929	0.18803604514155886	0.004587484919859416
279000	-1769.3263467235834	-1523.164993745852	-246.16135297773147	0.08752872802919759	0.0930003593371894	0.08121706123468966	0.11374779151139575	0.18086617443719488	0.0040875929510439755
280000	-1773.1688308594853	-1524.8301913736418	-248.3386394858434	0.07653979834728865	0.0436460115873022	0.12952541294354036	0.09104396591911156	0.11852227896664524	0.0031543728151339975
281000	-1769.5996311271217	-1522.8725635257242	-246.72706760139752	0.11113868883129333	0.15773052991117686	0.09438551359589333	0.08183478099768707	0.18483121388033355	0.005095044084775039
282000	-1772.414014064274	-1526.1540560230915	-246.25995804118253	0.06033563434087895	0.08444597031776346	0.11371403282753091	0.1339668043807557	0.11007317186821414	0.004095465461617433
283000	-1769.1384524532966	-1522.2681086192076	-246.870343834089	0.1068504986648653	0.1368933899708659	0.08469586799517832	0.10940309765473882	0.19733978664033883	0.007007662934665607
284000	-1770.6676071636186	-1523.8731661169918	-246.7944410466269	0.14011356267621544	0.10464908011513012	0.13580464496372147	0.06759882894596327	0.15613025149780477	0.005957083138179933
285000	-1772.614304577332	-1523.159466405305	-249.45483817202694	0.1124571656146465	0.16764672846213088	0.10391305940998466	0.11423850193996808	0.2162107584637183	0.0067169908995413285
286000	-1769.4283276161386	-1523.3396811313964	-246.08864648474216	0.08030188078403505	0.09503938052881677	0.08973781950688414	0.11982217846275059	0.18678113723269507	0.004112922291094856
287000	-1771.0079375815144	-1521.853947158971	-249.1539904225432	0.09451062805990955	0.16247224252319048	0.07339266191318568	0.1647660944766387	0.19471141713152093	0.006129528744032933
288000	-1770.3414101172507	-1523.326838174412	-247.01457194283873	0.07493229539386269	0.06911537813336908	0.13399733916108683	0.08695114735401976	0.1605330583536789	0.004839731341646544
289000	-1770.5014384282526	-1522.5524647231277	-247.94897370512479	0.0638107641130763	0.10584819944999246	0.06560389973261163	0.12587673594111748	0.15664332581455734	0.0053803059051429295
290000	-1773.014013606412	-1524.6601512048737	-248.35386240153824	0.08375542173305726	0.08805511247460492	0.12125109223284848	0.08064371748746918	0.19490072035598008	0.007190474491141633
291000	-1775.354768453197	-1527.547542399156	-247.80722605404102	0.1370241168352603	0.08252447868706847	0.06511344062097867	0.06748688437436183	0.14143839024510133	0.004588800089829532
292000	-1771.6883983570376	-1523.6151445901464	-248.07325376689124	0.08005686259521048	0.0646068384989704	0.06989997381509519	0.12068796815496886	0.1378475728702935	0.006298169546898396
293000	-1768.3793556509183	-1521.866565734146	-246.51278991677233	0.10010635095295137	0.09817883286626115	0.08956379328963074	0.12865159417068775	0.18613078459923854	0.006493903790716127
294000	-1769.4829782493837	-1522.8662175708412	-246.61676067854242	0.07382901258267337	0.13650122089220348	0.08566440248234437	0.11193616047715076	0.16441468318706695	0.005943732547721575
295000	-1775.402274452172	-1523.306867033008	-252.09540741916376	0.04635091860025513	0.11054441513029599	0.09280086682230852	0.06701558385211841	0.17398893382220376	0.003980164776243703
296000	-1774.7424596682579	-1527.606190107702	-247.13626956055586	0.12571055171990686	0.14635159549858243	0.06022525833711703	0.1280712985516303	0.11938591633056067	0.007416291007093265
297000	-1770.6790090060872	-1523.3255958740633	-247.35341313202383	0.1565225642837365	0.07548762627836063	0.07357901225602105	0.09123457631402959	0.15829051298704996	0.005298305041269966
298000	-1769.6547411755425	-1524.3948490034736	-245.259892172069	0.10074817399462838	0.14603013059612008	0.08390854708410939	0.0876531314619184	0.1251852360256443	0.005382155926963654
299000	-1769.9573973718798	-1522.9046814948197	-247.05271587706002	0.09668470896423378	0.07039558818663995	0.0736803512702099	0.12024599261153239	0.16984024739959258	0.0043012096573507835
300000	-1775.0067088290573	-1526.7313944779175	-248.2753143511398	0.0644786605603935	0.1871423851557954	0.08127821256509195	0.09604029350729698	0.10635079590392485	0.005259249236136996
301000	-1773.0541049820092	-1523.2059953993576	-249.8481095826516	0.1258531178248604	0.07635581592304448	0.07519116503791015	0.09197238391396867	0.1739803429077476	0.00665370216764896
302000	-1773.35460271179	-1524.495996724269	-248.85860598752106	0.09076285369154675	0.06233580393667433	0.182217380108987	0.1285776045158386	0.1513131967581846	0.0042269674356750706
303000	-1768.294161784721	-1523.106538378704	-245.18762340601683	0.11430857565305015	0.11642139155521011	0.09379198204175702	0.1339453704955318	0.1562730383793285	0.00590080976976924
304000	-1769.5699561810245	-1522.362201473074	-247.20775470795047	0.12379806304111031	0.11088377779732102	0.09475775161449404	0.07997920268190906	0.16814864310111766	0.00656048464314332
305000	-1773.012014120569	-1524.9044609577736	-248.1075531627952	0.10300962088092748	0.11897728830707238	0.05324962946633334	0.07874968056919936	0.10749295423059069	0.006630820126540927
306000	-1769.0497096883735	-1522.6333052400691	-246.4164044483044	0.07980461210893224	0.09387769785188653	0.1028579603594738	0.07322631777151299	0.15686285186790888	0.004583497002645463
307000	-1772.7238501451372	-1521.411037549035	-251.31281259610222	0.07884437398934979	0.08839813390674772	0.05161787512490862	0.12154957246879834	0.17164230665323674	0.0045592756641829255
308000	-1769.3797963559634	-1520.9265525190615	-248.45324383690198	0.12202640750880889	0.10282038288585854	0.06151973998071009	0.10318836743238007	0.198061403001914	0.00610002196580171
309000	-1768.7627377845874	-1521.6549707018994	-247.10776708268799	0.11097106613189835	0.1285827446968961	0.08178641212402576	0.12475387304896159	0.19358788346780795	0.006195372558148952
310000	-1771.2483267675602	-1521.754390639025	-249.49393612853527	0.08369771432330059	0.07618493517304001	0.06267114763698906	0.11447263700368607	0.2129525352863974	0.0041854065436729955
311000	-1771.4419275293053	-1524.041038227578	-247.40088930172732	0.10240676226535735	0.06094731251096615	0.0774118304511269	0.13540467683903445	0.12879651699808262	0.004959795591372096
312000	-1772.1801366123457	-1524.2222124919542	-247.9579241203914	0.08986302436604142	0.0878248436403494	0.08069235335331247	0.11869283012564812	0.1723528918575071	0.0036387363635632004
313000	-1768.8226995094558	-1523.8015686202093	-245.02113088924648	0.10043648677941992	0.08487703119439685	0.09557124269790357	0.14214827421007303	0.13206140949021852	0.005750851996698847
314000	-1773.531335232131	-1524.3666600058646	-249.16467522626633	0.06616891329099031	0.059609533805978575	0.08999516077595496	0.06765593892324458	0.12988474923245186	0.004681665369366196
315000	-1771.0726628522023	-1525.063837303736	-246.00882554846643	0.12471381210158755	0.06993262288300202	0.07447607331435528	0.10106351906441839	0.12038019066252738	0.004362761880289714
316000	-1770.5127363370523	-1523.1943053885668	-247.3184309484854	0.1391456334771138	0.08031308131090213	0.09960957557187816	0.07481033337091314	0.1830846207765609	0.0059425170015282025
317000	-1773.4292247577202	-1526.8970347367758	-246.53219002094443	0.08307360047018858	0.11307966624518723	0.09884050892584054	0.050626885114102814	0.09773040187770468	0.0029436339235780215
318000	-1769.8447016232637	-1521.6020500030972	-248.24265162016647	0.09748923213307309	0.08934507770150324	0.05517710297369583	0.08735871080488028	0.15639198296237677	0.00564516602928853
319000	-1771.162127241793	-1525.8464278929218	-245.31569934887125	0.11964679694716515	0.12539070675920524	0.11371714436042239	0.06118010092608754	0.14131071548761318	0.0037353958533473458
320000	-1774.6966050214232	-1524.9982495637055	-249.6983554577178	0.08497177774350632	0.0803047032827279	0.09825809438666552	0.16645896235443366	0.17597978691735347	0.004051125922618021
321000	-1770.9016001349771	-1523.9828410692144	-246.91875906576283	0.07724479614585268	0.12035245649785425	0.06652015386463121	0.08259690109124343	0.12227946378423614	0.005830374821835954
322000	-1769.5716052562505	-1525.2962944378255	-244.27531081842486	0.09746934368404615	0.10944024828600148	0.1135274035405041	0.11976035559523614	0.12483090993724937	0.007325990704136521
323000	-1769.5344164230316	-1522.5380262334734	-246.99639018955833	0.07846222387383563	0.0780468941775587	0.10220329226277046	0.0879951813720591	0.1778289873634403	0.004900703412238463
324000	-1772.8653466638236	-1525.9946324480557	-246.8707142157679	0.1458532413236194	0.1484353253850594	0.11451311831598297	0.10934623360032537	0.13601823324745915	0.006567263002619433
325000	-1772.9728704848046	-1523.1842486880369	-249.78862179676776	0.06457041525363656	0.08556223056086283	0.078739072302946	0.17051691391848287	0.17197042913556562	0.008166526261809212
326000	-1770.2843634750784	-1521.399855708392	-248.8845077666864	0.07939168597573493	0.12343071354420881	0.06880000745308909	0.13805372923032444	0.20242298080249577	0.005868509173166983
327000	-1774.339851663527	-1527.8395056783456	-246.50034598518144	0.05628382116860342	0.09087795147769034	0.14515941948278663	0.09520009152491393	0.09523511347319413	0.0029875691648745097
328000	-1770.0455896311823	-1522.0061454669467	-248.03944416423565	0.07247441611631955	0.08179968891191489	0.06443875944319928	0.09622103956148079	0.15776991098863197	0.004618146795952113
329000	-1774.2444018256394	-1525.662237097915	-248.58216472772435	0.04492325755831641	0.06626778306091143	0.08930238709178234	0.10625793274754235	0.11840613730125665	0.002316067137745773
330000	-1771.966586872864	-1521.858189038895	-250.10839783396875	0.06287080132490007	0.08912006286029366	0.05634253438922468	0.09941883419273367	0.15551095224303463	0.004521195647278564
331000	-1773.159152568555	-1521.77300078574	-251.3861517828153	0.1327939157768439	0.13546988414539846	0.07635927021550448	0.07318342641976834	0.2580476795305343	0.005342218380421438
332000	-1770.168179723953	-1525.3803100965072	-244.78786962744596	0.10292142808881358	0.08289605963893898	0.14113592244753312	0.1260337479155019	0.16653526548732334	0.003834145920091929
333000	-1771.7495377546607	-1521.2322976853425	-250.5172400693183	0.11967975206407484	0.12690001068945453	0.05084074315059307	0.06234237241364964	0.16961671992847754	0.006607404278344436
334000	-1770.0106129909957	-1522.143970452301	-247.86664253869472	0.09217868495226476	0.08066406504936433	0.06237084151408117	0.08997308050820693	0.16565077375766404	0.004907314180689131
335000	-1772.7730930933499	-1526.8703150325991	-245.90277806075073	0.10565001067675363	0.08231924658237079	0.0989813575585901	0.0858437194088934	0.09595071062640909	0.00636804571224365
336000	-1776.0857083372496	-1525.9311879802917	-250.15452035695782	0.09815656094791084	0.07805460193178823	0.08088718116354209	0.1496369702944631	0.15924066760104866	0.007902344641520976
337000	-1772.218999745682	-1526.350301955937	-245.86869778974483	0.0974100153669587	0.1263030504830173	0.12406804358431765	0.05127991420072899	0.12756949248307994	0.003013833246239703
338000	-1770.8908308042303	-1526.916195254158	-243.97463555007215	0.11744818260445708	0.09881508930785429	0.11568430943081554	0.10254319743101142	0.14320808551919453	0.0056705977011966046
339000	-1774.4006438053214	-1526.1871330675153	-248.21351073780593	0.11974723448726281	0.12983255236239158	0.08986088309525765	0.21967326952029018	0.15555615979209195	0.004510967941146459
340000	-1775.7143090373909	-1530.2664140786837	-245.44789495870722	0.09386257342650642	0.08662127646812459	0.11048556753680754	0.09103223427127184	0.07942499065865953	0.006190874714381955
341000	-1768.5829795417937	-1524.1445382369486	-244.4384413048451	0.1162767220801214	0.11239872916405351	0.11051211335529328	0.08439510811399267	0.13303012796071853	0.005635161457329736
342000	-1772.8568485332132	-1525.4046201325468	-247.45222840066634	0.09372053939914977	0.12041570992207035	0.05445577844863393	0.13330135514481473	0.1763757454464044	0.0037086414524517947
343000	-1773.886703742034	-1523.257970857659	-250.62873288437487	0.11201991051826438	0.10470257614431094	0.09997026430933531	0.17596824451282964	0.23714290971536056	0.00874038526056185
344000	-1769.5648666100435	-1522.4704901316932	-247.09437647835026	0.12535978750544524	0.12103746153692492	0.060901974419533836	0.10015425591728824	0.16782763808704182	0.005200338083742349
345000	-1770.5806407195773	-1522.29263313017	-248.28800758940736	0.08501230636465425	0.09993880054804984	0.06615492309074239	0.07535960383662574	0.16370479758226583	0.005833721754652301
346000	-1773.349251330968	-1527.5109257106722	-245.8383256202958	0.11405934635144815	0.09098144957041679	0.0863923317451217	0.10684077162049699	0.11092560812176487	0.004267419206862675
347000	-1770.5201515200717	-1522.829826542713	-247.6903249773589	0.07147570444415313	0.06808396159044429	0.09546245528340114	0.09123546069470634	0.16521143662169363	0.004990646709497164
348000	-1770.0482048609383	-1522.3873307179254	-247.660874143013	0.1250344414179218	0.11162066598612307	0.0529364683739822	0.11241272784396283	0.17402694556472098	0.004970533528798011
349000	-1772.5425457350705	-1522.4032577016692	-250.13928803340121	0.06185987209597852	0.06877395324706147	0.08096975309432747	0.10684519645631096	0.20917429631035392	0.003724911931369383
350000	-1769.567398661581	-1523.0797425400665	-246.48765612151442	0.11205116393413243	0.07120377188104318	0.08820482416562592	0.10275032862892335	0.17541728164583878	0.004775433469225891
351000	-1769.1525940452311	-1524.1882562663868	-244.96433777884425	0.08833188110766077	0.07302870556447515	0.10315646730417899	0.11215482954613713	0.12312699215994981	0.004694947536658263
352000	-1770.2927023962511	-1523.271141767305	-247.02156062894608	0.07109293308794151	0.08624399782489113	0.09453819628449324	0.11870320286568184	0.1812824783399962	0.004431866194206159
353000	-1771.895015767421	-1526.8745633142019	-245.0204524532192	0.10394319446460883	0.10154536066256327	0.1070697054158081	0.11861233766570323	0.13062135172060785	0.009020768953965795
354000	-1771.873484451322	-1524.2026569341874	-247.67082751713454	0.0924230943547616	0.07291898725162713	0.14278820080020574	0.07444336258170256	0.17963443026524994	0.004266560993767366
355000	-1771.4052170690597	-1521.7891641815434	-249.61605288751633	0.06978918296904442	0.0940056431802846	0.07425068749629224	0.12048347790668128	0.21682867406415868	0.004493807333336108
356000	-1768.1192397956936	-1522.55284193217	-245.5663978635236	0.11638030330051616	0.09186030653826374	0.0787514908815986	0.09806033530314176	0.15640478707904584	0.0053875261883425275
357000	-1769.1887567507893	-1523.8632641214385	-245.3254926293506	0.10010580877846467	0.07608421823634025	0.11000273746328325	0.08729594411205317	0.1394705729800291	0.004375394061782121
358000	-1772.0079861107115	-1525.5609119534424	-246.44707415726907	0.07027711620134636	0.1052383829366761	0.10056264146717439	0.07172461250664533	0.11374841219788899	0.00477509491004663
359000	-1774.948548976531	-1525.7651049180433	-249.1834440584876	0.07496411413851217	0.043413172762295275	0.1039331949003584	0.09903226528889673	0.10025607339744472	0.004657270942795517
360000	-1771.5105620521317	-1525.102107790863	-246.4084542612687	0.07570348082387848	0.09233631143853499	0.08335120740370135	0.1677806989636357	0.11524837405562872	0.004217338972859398
361000	-1770.5651354754953	-1522.584728796041	-247.98040667945426	0.06879797495794189	0.08926661282904688	0.08629549617426058	0.15358836453746935	0.19315848234772262	0.004225742443183602
362000	-1771.0105727613047	-1523.258456865617	-247.75211589568764	0.06932917731645334	0.12141313401070304	0.06870851149844133	0.13525134478237721	0.13644261079187914	0.005085463467863944
363000	-1769.537652884434	-1523.335411958696	-246.20224092573784	0.11406289717478388	0.08457544338763436	0.08946656962743865	0.08818598863413094	0.15710816197794936	0.004531411546564236
364000	-1771.322394409001	-1525.2701425104583	-246.05225189854264	0.08015419337555263	0.07406640018018777	0.11629771113501888	0.08836102989940292	0.10661342205240813	0.005094882589531898
365000	-1768.73481570677	-1523.856498606008	-244.878317100762	0.099678979777917	0.12716240839177068	0.08475279895576472	0.10490047093326571	0.16346517821888018	0.004610208762039185
366000	-1772.4546589358397	-1522.4422456466464	-250.01241328919326	0.09134924250052447	0.07380632355359994	0.06143770256741858	0.06556201461331376	0.16731276865980885	0.005284789343941089
367000	-1769.0626869471548	-1522.6264892700751	-246.43619767707972	0.07859934663564717	0.10403647493021238	0.0772282733723322	0.1293828296654818	0.16588043774880568	0.005669079969559915
368000	-1772.1646921587342	-1522.6407322376729	-249.52395992106128	0.08090844080731693	0.15222432930094382	0.09906833202581158	0.08383690487433024	0.21348410142868743	0.007318438642994253
369000	-1772.3457787953248	-1523.7490445470885	-248.59673424823623	0.09703879174397183	0.12336586400661871	0.07044252544459359	0.15520872451626774	0.13164825861135995	0.005534247218132178
370000	-1772.6256466874338	-1525.3708067487828	-247.2548399386509	0.060396508462739855	0.1478095252273486	0.10601732077442148	0.09523341165971809	0.1390115304281616	0.006148958577483877
371000	-1769.8328059111514	-1523.8036166652273	-246.02918924592404	0.12002943655526499	0.14153440915618273	0.08901462544193423	0.09531605633897748	0.18506094344575644	0.0059581436209691155
372000	-1776.8119538281044	-1526.623489672559	-250.18846415554538	0.15318392032796832	0.09133023474569422	0.0444869891134625	0.13656513899962075	0.10961895516023326	0.008900144553946714
373000	-1770.8757736972789	-1524.3979390977706	-246.47783459950816	0.13626609533092698	0.10318317392856792	0.09318592239200274	0.1069234604361395	0.16105991407613432	0.006770295299597905
374000	-1772.407484466802	-1527.505728163898	-244.9017563029041	0.0686685452272963	0.1246456905661618	0.13388530748542357	0.13742551092578323	0.14870154262978474	0.0033466086969113924
375000	-1771.1327645503686	-1521.8589255114912	-249.27383903887747	0.14805002022723326	0.08409799150432046	0.05172258559157539	0.13617258393260365	0.15336228529075605	0.007361617885425381
376000	-1769.9401678515876	-1521.7324528351432	-248.2077150164444	0.14995182807996085	0.12801937156906712	0.06823082870641521	0.09935569618172783	0.19650200738991228	0.00635688198404205
377000	-1770.6026506799594	-1524.5645243256808	-246.03812635427863	0.08460864327118582	0.11273118157998155	0.09374457742117936	0.14406330715788648	0.13817393529251934	0.004677042654783976
378000	-1772.1838372699333	-1527.877237248522	-244.3066000214112	0.09039099599280548	0.08613568405671847	0.07917808843366982	0.11281958013710446	0.11746510427572562	0.002868412183461568
379000	-1769.481915402006	-1524.5158599015112	-244.96605550049492	0.08977340796895547	0.07650142507556583	0.1186686537912618	0.09522117563731484	0.12197506457544383	0.00538898883012378
380000	-1772.936256094398	-1522.5848824006898	-250.3513736937081	0.11914617504208885	0.11958778471409133	0.043599620534727934	0.07492429306471664	0.15302630146612214	0.004367453377723001
381000	-1774.575363847181	-1525.6369690983738	-248.93839474880735	0.1870442081907582	0.0702295728584793	0.07119275012828732	0.0743842763187647	0.11626096394977031	0.0050102178102880415
382000	-1776.3761987687792	-1525.7955371122107	-250.5806616565685	0.08894464836896267	0.0448969145368321	0.12782090334963148	0.11357704925857688	0.17605993242743864	0.002752480485071654
383000	-1769.3688120108302	-1523.4469034737685	-245.92190853706165	0.09951788609886927	0.08627871918902524	0.11218496442899137	0.10437205986044651	0.16717514770816638	0.007309651230783193
384000	-1771.1090091143888	-1523.5384198477739	-247.5705892666148	0.09604055322951592	0.11387878370255956	0.06547799507121115	0.10965114908128508	0.1549638211042887	0.005073473897935181
385000	-1776.6063954969563	-1525.3722628054775	-251.2341326914788	0.19799769679135273	0.08262307832344509	0.21959938235502083	0.1355134380394736	0.16129680647096	0.00644772588766632
386000	-1773.4255246674766	-1526.30379755767	-247.12172710980659	0.1278916308695062	0.10419298104059377	0.1008104249866333	0.06287843214866504	0.11265837187305862	0.007187808664263844
387000	-1769.2155016971265	-1523.5268412829632	-245.68866041416317	0.10815079285795881	0.12028070937717955	0.11285533898494617	0.1314594521359975	0.17801355690139903	0.006127168715999278
388000	-1770.420019652383	-1522.9422459371413	-247.47777371524182	0.0765668033478105	0.10225838641454467	0.0706866443998777	0.11899082408783529	0.16425312198647998	0.005490048297426964
389000	-1772.0745715095986	-1523.4314432631888	-248.64312824640984	0.17608454223717546	0.08009412581790762	0.07643417221876045	0.07819996012277598	0.16201714558239452	0.005411581887928833
390000	-1777.2777770466068	-1525.1118523351406	-252.16592471146632	0.10652118230690089	0.14860191542440038	0.0708570263140801	0.17328479304326785	0.1816125476016271	0.00917199053036321
391000	-1773.216537668489	-1525.516212615757	-247.7003250527321	0.13549427230117342	0.07897467297690444	0.1002808901594343	0.04781500354960931	0.12429154915302192	0.0035869053888303863
392000	-1774.1829537619503	-1526.0677205078714	-248.115233254079	0.12722812595652355	0.08261147013956249	0.0862691773548387	0.10929280485890838	0.1378464551428031	0.004997420947466327
393000	-1771.068867989033	-1522.831554240277	-248.23731374875598	0.05183920137733766	0.08850760839805087	0.0813478212322103	0.10545234702028529	0.17152437635392206	0.003451578583084941
394000	-1769.7081042991351	-1523.3566176988334	-246.35148660030168	0.08110217802414431	0.096592685444873	0.06600206809711712	0.12006068225259126	0.1339888139690004	0.0043416500546140015
395000	-1770.6760569545177	-1523.2526195999287	-247.42343735458905	0.07439217564538052	0.09435112128007149	0.07985396515553969	0.07243674758634569	0.13648121879724187	0.005532976577676457
396000	-1770.0603180122534	-1524.7406291937737	-245.31968881847982	0.07529464444425776	0.10616606012143046	0.1328550085558711	0.1464865921172676	0.13251483265472344	0.0051370966791307125
397000	-1771.9460601940311	-1524.10136393258	-247.8446962614511	0.07684729341218807	0.058231972932111256	0.14166660236380563	0.12839946584148318	0.15512904177867973	0.0037320946354950538
398000	-1770.4788674931679	-1525.1458659141995	-245.3330015789685	0.10481858243023658	0.09804959871576195	0.1260427327245459	0.12383179699555874	0.17313354638311731	0.004005941602304097
399000	-1770.492282064074	-1524.0893848689848	-246.40289719508934	0.09168824673495711	0.1171340636080437	0.15167183143591814	0.11918685602677476	0.19801112634214163	0.004555935044227572
400000	-1771.188416782999	-1523.0136817763619	-248.17473500663718	0.06188583753361646	0.0935922791642607	0.07708763285181572	0.14700684292689586	0.16976933781812778	0.004570883117266869
401000	-1774.8146227481197	-1524.9058223084462	-249.9088004396736	0.13802800474877908	0.22583412877843123	0.1208101045903909	0.1173295203787802	0.15938904369672333	0.010565933443128256
402000	-1772.0145089742566	-1524.0793720527167	-247.93513692153994	0.1219894091897156	0.1197037482487321	0.16104174856628148	0.09193240999297386	0.17981924935539514	0.0050863078828684415
403000	-1770.1025128136687	-1523.91823043889	-246.18428237477866	0.09011012250374999	0.13650029718035334	0.09606489967421687	0.1137004446813115	0.18191681194724346	0.005111074386261125
404000	-1772.569171826236	-1523.7242625407798	-248.8449092854562	0.0912842644862459	0.09212772488780412	0.10793789766105233	0.07225577675118638	0.1868233790333887	0.005097145517566755
405000	-1769.6052551043902	-1524.3421027048273	-245.26315239956278	0.07667805485751271	0.1227262059122969	0.11262377263396318	0.09790208041594567	0.13510181965913687	0.005936586534792093
406000	-1770.196481625881	-1524.1519734088592	-246.04450821702184	0.08560830938033291	0.10773261635106478	0.06563864312022408	0.08452232633027497	0.11528828920621371	0.004430947740767466
407000	-1771.0789765489594	-1524.1463385822929	-246.93263796666665	0.07812667361718914	0.08193025852514156	0.09393772084944536	0.14073993276170113	0.1450099767944981	0.004179773817498413
408000	-1779.2080486855737	-1527.02047587226	-252.1875728133137	0.061926158050282024	0.0596994741350369	0.11107743554760066	0.0499306750315607	0.19511967513661907	0.002050549533491847
409000	-1771.9408445286701	-1523.5107763700746	-248.4300681585955	0.09692163842222097	0.10129573700588987	0.06874051530435614	0.13114726188074005	0.16462248064321444	0.004350998103893504
410000	-1770.004632806379	-1524.4624464482556	-245.54218635812353	0.0905257643149653	0.10639905356309073	0.1267218816263908	0.11351411231817224	0.17627765758118216	0.004657233019836059
411000	-1772.7942806758767	-1522.9090180803196	-249.88526259555712	0.1781878005303538	0.1372918686120906	0.05838797763595334	0.07488064530415008	0.14826152598889997	0.00655906705881957
412000	-1772.4385123837694	-1527.819843305645	-244.6186690781245	0.10409534130169136	0.1481660262400936	0.13729844921048873	0.11351860197660131	0.16491343337601103	0.003639489404128388
413000	-1775.0651364327587	-1525.8012456157749	-249.2638908169839	0.10303380611044309	0.11748818199067501	0.08874840658525085	0.10302222682581243	0.12711383617271424	0.0046829724803054106
414000	-1773.4471191290163	-1524.438544726398	-249.00857440261828	0.10087002472429049	0.10360289808526818	0.09160233774550487	0.12083344761255488	0.19272598031349586	0.009931227079384857
415000	-1770.9212500341487	-1521.5861414768056	-249.33510855734323	0.09669198661998521	0.0786171868606959	0.045506663713824995	0.09176719092490396	0.14451724126313437	0.005406874747649756
416000	-1770.5158461963226	-1524.357637445262	-246.15820875106064	0.11618901585486234	0.12942210574501656	0.09368821232115868	0.0849102713761329	0.1544531504074259	0.009011625175285086
417000	-1771.5063307166179	-1524.4268835166502	-247.0794471999676	0.09024051866116062	0.07659233532458193	0.08508874694862187	0.16744021905387405	0.16124116555822426	0.003792654741280047
418000	-1774.7512055421244	-1527.0480298464076	-247.70317569571662	0.15513184274081204	0.10678254342390484	0.1529588518767313	0.15778740893413096	0.13937797605209049	0.014270518205093797
419000	-1773.307600546755	-1523.4813031270069	-249.82629741974824	0.05488099315461678	0.11552475833999166	0.07149344497972027	0.1534046713694048	0.15470882758610194	0.003917975319396924
420000	-1772.023843359405	-1522.1174482807123	-249.90639507869255	0.1202959935203931	0.08462410398325136	0.10108998363776937	0.1086537639723496	0.25631572040754214	0.006682524498489075
421000	-1770.4459963455918	-1523.0516929419914	-247.39430340360045	0.07315642075037632	0.08665961150344079	0.0981403717084354	0.07086315179334213	0.13834023424681974	0.004346863367067845
422000	-1773.5148744355513	-1524.987388694119	-248.52748574143212	0.09542572501710388	0.10468269177226859	0.0931036383738005	0.15218774675108449	0.12868053281120986	0.00646843127759261
423000	-1769.1077836872719	-1524.5618477217286	-244.54593596554335	0.10931420684995126	0.13920810835537345	0.09712714839711073	0.09531880694538893	0.14137692326544632	0.005569915611572045
424000	-1775.971415501136	-1526.5995654659682	-249.37185003516788	0.17788843548116295	0.08626109624637479	0.05206840871401611	0.10398053443688839	0.18207634062052663	0.0040274085443244
425000	-1769.419041932275	-1523.7774246345352	-245.6416172977397	0.08525654922394516	0.0878684330843395	0.06920585258186401	0.12715671870061826	0.13925149209313628	0.004050910522228566
426000	-1770.5322540315565	-1525.8899359828374	-244.64231804871903	0.10351246615910505	0.12599455745317648	0.10597149409157902	0.10709137367647335	0.11045783338364346	0.006542326439949931
427000	-1771.0768530508526	-1523.888470237087	-247.18838281376557	0.08592684236082182	0.07137026226533309	0.0881769803874538	0.1067628401317525	0.16645185181640676	0.004247717320614569
428000	-1769.0694197766318	-1521.7384543586295	-247.3309654180022	0.0926380588032576	0.1021524112583551	0.07003762447742151	0.1446517687951836	0.17838253370085538	0.0064760645021686904
429000	-1768.9531533311651	-1523.3723580465498	-245.5807952846154	0.07795008034538277	0.08984185017699944	0.07992325512584758	0.11323255894188522	0.13523893763597727	0.004379749845763913
430000	-1771.6418152535268	-1522.885608206534	-248.75620704699276	0.060193156741085906	0.07546857262777903	0.07454477142602665	0.08758662358806345	0.17168294593314926	0.003257352131332361
431000	-1770.5605247307058	-1524.8079911518262	-245.75253357887962	0.10521315363191658	0.11161741066203157	0.06429888719859532	0.13327386312118455	0.14173488716325117	0.004643974189518783
432000	-1770.571870776211	-1524.0385588495487	-246.53331192666215	0.09250663972373338	0.05980519403188817	0.08089142307230472	0.10945256285487823	0.13812178025299748	0.004832862906073214
433000	-1774.6146049681943	-1522.686594512205	-251.92801045598938	0.09577665996009227	0.037829983552943494	0.06865804996742007	0.11719582240731596	0.16852093689460484	0.004819724174857371
434000	-1772.4398783635095	-1521.336633277188	-251.10324508632155	0.08735554548819381	0.125318068888344	0.04993241758116659	0.11564331386377259	0.16864299555807785	0.0069836485035720515
435000	-1768.9868910951932	-1523.9538276398528	-245.03306345534054	0.11160415771672638	0.11972476591035774	0.13262440078335025	0.095622590790655	0.14818455330708077	0.005838893140215104
436000	-1777.2273192018072	-1528.333915582807	-248.8934036190001	0.11896469541982278	0.10631833551949027	0.04472006586481595	0.0938804290595884	0.09713933276817409	0.0075060634920998655
437000	-1771.450300823144	-1525.1220874249252	-246.32821339821894	0.05183288304776376	0.08974232872687458	0.11007490372378718	0.1175965752096161	0.12301651927873551	0.0030809526302199115
438000	-1771.7784266092985	-1526.0332025669195	-245.74522404237916	0.07255080582248744	0.10459352426578686	0.16969055630195312	0.1267147376607495	0.1200716075111006	0.0048426257118945985
439000	-1773.0622153854597	-1527.7081156762774	-245.35409970918224	0.08797309021115661	0.14933079575609923	0.07513662810956312	0.13969689537721378	0.12431162950869866	0.003914546758858573
440000	-1770.2038921067629	-1523.651190636781	-246.55270146998186	0.10883567492029134	0.09385671162111962	0.07839773984180191	0.11057355919242932	0.1818036567841187	0.007452580049257645
441000	-1776.8493704432642	-1523.1295867609883	-253.7197836822759	0.08848885410402711	0.03446650454747465	0.0499508589975839	0.1216775009528917	0.138475445569406	0.004265900211651473
442000	-1774.4090197738135	-1525.76308242752	-248.64593734629355	0.0994885783121067	0.08772956541799184	0.04795719636758952	0.08339568364833476	0.14675425939458558	0.002983115744106638
443000	-1773.765850750577	-1522.856794933074	-250.90905581750306	0.13624025976792117	0.08070400434548856	0.04266970033446337	0.09848926919052436	0.14393886700448683	0.007619593331569178
444000	-1770.0794262971726	-1523.6937807034446	-246.38564559372807	0.06950254283537312	0.10768170615989862	0.06996433798052878	0.1265167936709921	0.13656659572772398	0.003978248762296344
445000	-1769.3182154172648	-1523.620086644525	-245.69812877273995	0.128274266193223	0.1090235612458099	0.11675689374845555	0.08829304841293205	0.15307687291371505	0.005730737579045147
446000	-1774.4053270291604	-1524.3190732688972	-250.08625376026308	0.060420191928963314	0.09396857241376934	0.054975818996559796	0.15514910885465072	0.12040015842698149	0.005027042869143208
447000	-1771.4160508993346	-1523.174984433201	-248.24106646613356	0.08767334115031605	0.07860294519219362	0.05891846145769958	0.08791669401162942	0.150124861187603	0.006220257022280994
448000	-1770.2076593581062	-1522.3624091948777	-247.84525016322843	0.12695178263621065	0.06625332804869846	0.08225595740884344	0.1140477921954955	0.18344676937776383	0.0057042699277164224
449000	-1774.6381906112338	-1524.490570691979	-250.1476199192547	0.07690629183485015	0.1570755934777525	0.045887611400575616	0.1282511094068696	0.11976358312016991	0.006812938404480374
450000	-1771.394457955909	-1524.2425474434701	-247.15191051243897	0.07280069626578346	0.08457247174899574	0.062132109972343405	0.08918447095408619	0.11875426688229321	0.0035013998453085502
451000	-1774.856498475616	-1525.399721492591	-249.45677698302504	0.09960320614126142	0.11507235791936637	0.06832944706451553	0.07091434444429771	0.1981774270674807	0.007523660449171318
452000	-1773.0393955108918	-1523.693633466033	-249.34576204485896	0.07468923904413198	0.15780171406195673	0.11992708501242433	0.07463944468277939	0.15460205608061095	0.004923185285823301
453000	-1772.9807353049357	-1524.8739604600219	-248.10677484491393	0.09296893090592565	0.07389559631340871	0.05299515126191511	0.0857785246084052	0.11342969326852324	0.004972948200433797
454000	-1772.9654533823236	-1526.2258355502058	-246.73961783211791	0.08072922072099409	0.059477961412307635	0.12102325910716207	0.1430272647647624	0.12334954880040468	0.0043775265178752736
455000	-1771.8203125909329	-1523.168770203462	-248.65154238747095	0.06475913586789815	0.09786251447714268	0.10189304717115161	0.08405820768707982	0.18293353376886148	0.004427274439543932
456000	-1772.3451437589624	-1521.7157401300767	-250.62940362888563	0.0989692039077397	0.14191069504136206	0.03748486216472124	0.09042283833835567	0.1499345593472814	0.005141719563699577
457000	-1772.1591810370903	-1521.3904558257354	-250.76872521135482	0.08730718093111436	0.10282593059661341	0.0733373507398801	0.13726240304823484	0.2471189979577594	0.005277154464003445
458000	-1770.4730207189566	-1524.2568970003772	-246.21612371857938	0.0812705324805774	0.10728412294712997	0.07902289846926183	0.11527405231444653	0.12106252421031669	0.004649149048258293
459000	-1770.6810758750034	-1523.6323494058538	-247.04872646914959	0.11379029431822854	0.1430319485869076	0.05929695332457795	0.09985549838375189	0.12429494807739251	0.006277508147957016
460000	-1771.7563807339918	-1524.5846877166068	-247.17169301738505	0.05116393050886299	0.09770491220213737	0.13328611959118966	0.1050200370049537	0.1413723771335578	0.0037033748274366137
461000	-1771.5116466944066	-1526.3842854820614	-245.12736121234533	0.10130975785620559	0.15950266440525493	0.07693105851331718	0.0970064735262912	0.119843243001147	0.00490352254498254
462000	-1769.3341935809874	-1522.5728957776487	-246.76129780333872	0.07173201146265054	0.10054081578113978	0.10479209416698936	0.07375689187938243	0.1733518232411153	0.004301100628749331
463000	-1770.971828748712	-1523.807011416599	-247.16481733211302	0.12334270019708463	0.11134580142279826	0.0786538468737471	0.1129090583927544	0.18222564120855272	0.005844156910857885
464000	-1771.6583532311056	-1525.9479544107953	-245.7103988203103	0.11512047697930251	0.12490961228662609	0.11379549227799066	0.147261372614002	0.13938447523963646	0.005476985903777157
465000	-1770.311036275301	-1523.6429005682785	-246.66813570702232	0.07906407610284491	0.09369035765442148	0.08925284479690984	0.06390349847329849	0.1640496672723041	0.0033612645777885723
466000	-1773.337781216176	-1524.1184374787385	-249.21934373743738	0.06259611367608096	0.09646274766331006	0.06617710242463021	0.12139212916638221	0.15357458790421888	0.004558258005928947
467000	-1770.865959055968	-1521.1818122090458	-249.68414684692223	0.11672811276864077	0.10934450052597725	0.06014284636086758	0.17969716317611523	0.1780804520194922	0.007334531092624117
468000	-1767.9208227462505	-1522.891962074778	-245.0288606714725	0.09066613342640568	0.1120420548788246	0.10325837357447279	0.10757005685525	0.15966681952382095	0.00626920777654112
469000	-1773.0476454590148	-1524.04204653641	-249.00559892260483	0.08293383248727641	0.17292944009044728	0.09005058430276551	0.08227004888202182	0.18847793241010855	0.005161243712067717
470000	-1774.2656622875877	-1521.5766886097017	-252.6889736778859	0.09594662086401311	0.11133437271299537	0.08484105908856288	0.08296441831677552	0.2214657032025476	0.006664504498322839
471000	-1770.191493203571	-1524.382249753612	-245.80924344995893	0.12668269942738664	0.07800989041043609	0.12120066048341088	0.07238808837815472	0.14900535598536274	0.004313436478495808
472000	-1771.2722149797758	-1523.5704233601487	-247.70179161962704	0.0686342750328656	0.13348322299210846	0.10661901513268737	0.10129237709519293	0.15337148393571406	0.005523113277878714
473000	-1769.6283607100133	-1523.5682898264922	-246.06007088352115	0.08924852775118972	0.10753967662935111	0.0651247940249449	0.11587336439983228	0.1424765093346637	0.004571146336267507
474000	-1768.3667147535225	-1523.3291640519979	-245.03755070152474	0.12245757888337482	0.10736698454797557	0.12664984267390128	0.10666597454150299	0.1589795843684916	0.00619753868241336
475000	-1773.9146544010061	-1525.054274806846	-248.86037959416018	0.11698330942374158	0.10716686835022839	0.061434690686623585	0.10872400146478509	0.1633723657108093	0.009897402198337124
476000	-1773.4750312187798	-1525.9559478218466	-247.5190833969332	0.13329828589897005	0.07326854635241616	0.05863359392112362	0.11322681039843062	0.12771206267545693	0.005513978140194246
477000	-1773.8127034712277	-1524.673548638892	-249.13915483233555	0.07396059092339227	0.059718237445823094	0.09010725043941722	0.1621524873892043	0.1418491530992123	0.007668415011686332
478000	-1770.5961138397377	-1524.1147823631657	-246.48133147657208	0.07971025039467013	0.08388945539006756	0.09557891106589166	0.17738202380549511	0.15459317297995787	0.004013838100607659
479000	-1769.1390322444345	-1523.261614282663	-245.87741796177139	0.09306430149365338	0.1032874583532496	0.09046995439867805	0.09674438038809403	0.14193880101528095	0.006512932467669926
480000	-1771.171187187402	-1522.5445900860682	-248.62659710133389	0.07752799005663792	0.10170761121208187	0.04499854686972055	0.12663090840843186	0.13439030440473154	0.0042529547374657506
481000	-1772.0463112878808	-1524.4065335048872	-247.63977778299372	0.07098007267914909	0.11925210914614427	0.06357050142124904	0.11334577396927698	0.13164712562655317	0.006528873068873454
482000	-1773.047192578369	-1524.2270159624804	-248.82017661588873	0.0916152346162487	0.14831851592836762	0.05107956386623488	0.0911878551693772	0.13794145869220015	0.005772240297030087
483000	-1768.3645278330164	-1523.3460058987755	-245.01852193424097	0.12885444407033342	0.11502725880218699	0.0872197839068825	0.1288389138230098	0.14550783118914357	0.00686631837312665
484000	-1769.9878138449149	-1522.3660430954	-247.62177074951475	0.0892187308453392	0.06456166056533567	0.08034847249058955	0.10192724114861462	0.17976267048170907	0.00492993359016972
485000	-1770.1633760218117	-1524.562685559189	-245.60069046262257	0.10837446474344704	0.09349658115860138	0.14130325641564262	0.13483369129559605	0.14792576224041906	0.008321779333612816
486000	-1770.5328558028173	-1524.9949639655995	-245.53789183721776	0.09650837087641892	0.08739286411036222	0.10489982665766412	0.08967685271476257	0.16399260591053744	0.0036635901836128467
487000	-1777.509986497772	-1521.508760890973	-256.0012256067988	0.0443954602900511	0.0755482640600209	0.04861145419647693	0.1702915006565919	0.20462233896923365	0.004444845610922496
488000	-1770.8618762849173	-1524.3087546544152	-246.5531216305022	0.11851725631390027	0.10984708558896035	0.09224397838970158	0.06680529312879503	0.1693339006512624	0.0038596537055451156
489000	-1773.4276993417172	-1523.8861536403338	-249.54154570138354	0.08174206799543997	0.05711046313504691	0.09505693838307153	0.18053621795757266	0.19009786179714241	0.003998840212981905
490000	-1773.5093549513595	-1528.9564507318808	-244.5529042194786	0.08965878951996684	0.09442775887725649	0.16351682953894098	0.07965942418624762	0.11204309383467549	0.0028023762082025135
491000	-1776.412263060099	-1523.367955395327	-253.04430766477182	0.09407548095327149	0.08178904222233674	0.06279211500168691	0.04869072299328672	0.16788872759702295	0.006373603665064595
492000	-1771.2858322630655	-1523.633903572921	-247.65192869014444	0.11720721289388875	0.05998882309142902	0.07865351836428656	0.1517423354706559	0.1478538709280059	0.006613013330095506
493000	-1772.2585249613837	-1523.3073464896274	-248.9511784717563	0.05867834825983596	0.06804207954782705	0.09806416579586967	0.10692116030626118	0.14074283017767675	0.0038862398997149567
494000	-1774.6336387552656	-1524.228846818798	-250.40479193646746	0.09102776862331745	0.0654150074621973	0.0538004427559468	0.06159784441652333	0.11711832400041693	0.003233160426946499
495000	-1771.3499438071258	-1522.5298807698603	-248.82006303726544	0.1670030375039367	0.12146700186868875	0.05925106523302668	0.12685964605069067	0.17240978981555743	0.008775788780730405
496000	-1773.1789321658575	-1523.8989234097166	-249.2800087561408	0.10308006411328026	0.09706765761927792	0.0499780132686627	0.07836860397165862	0.1152520663480961	0.005685325546483959
497000	-1773.8318321819315	-1524.824967440415	-249.00686474151635	0.1319659811317863	0.044032858858464655	0.10053973009360481	0.07891571564753065	0.15130027456900969	0.004089692980921397
498000	-1774.1828733337647	-1524.696736526494	-249.48613680727073	0.06276931998117598	0.08627945007403084	0.06476133527201637	0.17072508054035065	0.1312530636146724	0.0063514354700772505
499000	-1771.8390892576176	-1525.8148137428466	-246.02427551477092	0.13449526105403747	0.1249157146530237	0.10078408824783057	0.10301335526751788	0.20136076983633533	0.005616240035755528
500000	-1770.7324256127558	-1523.8626969178417	-246.8697286949142	0.07856462626632658	0.08133407633939013	0.0892256399452755	0.13545021138174734	0.15644608137692806	0.0051592256411936875
